2023-01-27 15:08:41,144 : kivy : Factory: 186 symbols loaded
2023-01-27 15:08:41,247 : kivy : ImageLoaderFFPy: Using ffpyplayer 4.3.2
2023-01-27 15:08:41,248 : kivy : Image: Providers: img_tex, img_dds, img_sdl2, img_pil, img_ffpyplayer 
2023-01-27 15:08:41,281 : kivy : VideoGstplayer: Using Gstreamer 1.18.0.0
2023-01-27 15:08:41,281 : kivy : Video: Provider: gstplayer
2023-01-27 15:08:41,417 : kivy : Loading MPF-MC controller
2023-01-27 15:08:41,730 : ConfigProcessor : Config spec file cache created: C:\Users\student\AppData\Local\Temp\config_spec.mpf_cache
2023-01-27 15:08:41,745 : YamlMultifileConfigLoader : Machine config file #1: config
2023-01-27 15:08:41,745 : ConfigProcessor : Loading config from file c:\users\student\mpfenv\lib\site-packages\mpfmc\mcconfig.yaml.
2023-01-27 15:08:41,774 : ConfigProcessor : Loading config: c:\users\student\mpfenv\lib\site-packages\mpfmc\mcconfig.yaml
2023-01-27 15:08:41,774 : ConfigProcessor : Loading config from file C:\Users\student\pinball\test2\config\config.
2023-01-27 15:08:41,789 : ConfigProcessor : Loading config: C:\Users\student\pinball\test2\config\config
2023-01-27 15:08:41,790 : ConfigProcessor : Config file cache created: C:\Users\student\AppData\Local\Temp\d5bf1cd80b532283679f164b35c8605d.mpf_cache
2023-01-27 15:08:41,790 : ConfigProcessor : Loading config from file c:\users\student\mpfenv\lib\site-packages\mpf\modes\attract\config\attract.yaml.
2023-01-27 15:08:41,791 : ConfigProcessor : Loading config: c:\users\student\mpfenv\lib\site-packages\mpf\modes\attract\config\attract.yaml
2023-01-27 15:08:41,792 : ConfigProcessor : Config file cache created: C:\Users\student\AppData\Local\Temp\7315f14db5aa651883463bde45465327.mpf_cache
2023-01-27 15:08:41,792 : ConfigProcessor : Loading config from file c:\users\student\mpfenv\lib\site-packages\mpf\modes\game\config\game.yaml.
2023-01-27 15:08:41,793 : ConfigProcessor : Loading config: c:\users\student\mpfenv\lib\site-packages\mpf\modes\game\config\game.yaml
2023-01-27 15:08:41,793 : ConfigProcessor : Config file cache created: C:\Users\student\AppData\Local\Temp\8696bd5a5a040ff67990be11cb4d3c0c.mpf_cache
2023-01-27 15:08:41,794 : mpfmc : Mission Pinball Framework Media Controller v0.55.0
2023-01-27 15:08:41,794 : mpfmc : Mission Pinball Framework Game Engine v0.55.0
2023-01-27 15:08:41,794 : mpfmc : Machine path: C:\Users\student\pinball\test2
2023-01-27 15:08:41,794 : mpfmc : Starting clock at 60.0Hz
2023-01-27 15:08:41,808 : kivy : Text: Provider: sdl2
2023-01-27 15:08:41,845 : kivy : Window: Provider: sdl2
2023-01-27 15:08:42,139 : kivy : GL: Using the "OpenGL" graphics system
2023-01-27 15:08:42,140 : kivy : GL: GLEW initialization succeeded
2023-01-27 15:08:42,141 : kivy : GL: Backend used <glew>
2023-01-27 15:08:42,142 : kivy : GL: OpenGL version <b'4.6.13543 Compatibility Profile Context 25.20.15006.9'>
2023-01-27 15:08:42,142 : kivy : GL: OpenGL vendor <b'ATI Technologies Inc.'>
2023-01-27 15:08:42,142 : kivy : GL: OpenGL renderer <b'Radeon RX Vega M GL Graphics'>
2023-01-27 15:08:42,142 : kivy : GL: OpenGL parsed version: 4, 6
2023-01-27 15:08:42,142 : kivy : GL: Shading version <b'4.60'>
2023-01-27 15:08:42,142 : kivy : GL: Texture max size <16384>
2023-01-27 15:08:42,142 : kivy : GL: Texture max units <32>
2023-01-27 15:08:42,158 : kivy : Window: auto add sdl2 input provider
2023-01-27 15:08:42,159 : kivy : Window: virtual keyboard not allowed, single mode, not docked
2023-01-27 15:08:42,167 : SoundSystem : SoundSystem: Using default 'sound_system' settings
2023-01-27 15:08:42,364 : AudioInterface : Initialized
2023-01-27 15:08:42,364 : AudioInterface : Loaded SDL 2.0.12
2023-01-27 15:08:42,364 : AudioInterface : Loaded SDL_Mixer 2.0.4
2023-01-27 15:08:42,364 : AudioInterface : Loaded GStreamer 1.18.0.0
2023-01-27 15:08:42,364 : AudioInterface : Loaded GLib 2.62.6
2023-01-27 15:08:42,364 : AudioInterface : Settings requested - rate: 44100, channels: 1, buffer: 2048 samples
2023-01-27 15:08:42,364 : AudioInterface : Settings in use - rate: 44100, channels: 1, buffer: 2048 samples (4096 bytes @ 2 bytes per sample)
2023-01-27 15:08:42,364 : SoundSystem : No audio tracks are specified in your machine config file. a track named 'default' has been created.
2023-01-27 15:08:42,365 : SoundSystem : Setting master volume to 0.0
2023-01-27 15:08:42,365 : SoundSystem : master_volume in sound_system is deprecated and will be removed in the future.
2023-01-27 15:08:42,365 : AudioInterface : Enabling audio playback
2023-01-27 15:08:42,367 : kivy : Base: Start application main loop
2023-01-27 15:08:42,367 : EventManager : Event: ======'display_window_initialized'====== Args={}
2023-01-27 15:08:42,387 : mpfmc : Display: Setting 'window' as default display
2023-01-27 15:08:42,392 : EventManager : Event: ======'displays_initialized'====== Args={}
2023-01-27 15:08:42,393 : EventManager : Event: ======'slide_window_blank_created'====== Args={}
2023-01-27 15:08:42,393 : EventManager : Event: ======'display_window_ready'====== Args={}
2023-01-27 15:08:42,402 : EventManager : Event: ======'init_phase_1'====== Args={}
2023-01-27 15:08:42,405 : EventManager : Event: ======'mc_ready'====== Args={}
2023-01-27 15:08:42,405 : EventManager : Event: ======'init_phase_2'====== Args={}
2023-01-27 15:08:42,406 : EventManager : Event: ======'init_phase_3'====== Args={}
2023-01-27 15:08:42,406 : EventManager : Event: ======'init_phase_4'====== Args={}
2023-01-27 15:08:42,406 : EventManager : Event: ======'init_phase_5'====== Args={}
2023-01-27 15:08:42,406 : EventManager : Event: ======'init_done'====== Args={}
2023-01-27 15:08:42,406 : MPF-MC BCP Server : Starting up on localhost port 5050
2023-01-27 15:08:42,411 : MPF-MC BCP Server : Waiting for a connection...
2023-01-27 15:08:42,411 : mpfmc : SlidePlayer: Play called with settings={'slides': {welcome_slide-None-None: {'priority': None, 'target': None, 'background_color': [0.0, 0.0, 0.0, 1.0], 'show': True, 'force': False, 'expire': None, 'slide': None, 'tokens': {}, 'action': 'play', 'transition': None, 'transition_out': None}}}
2023-01-27 15:08:42,415 : kivy : GL: NPOT texture support is available
2023-01-27 15:08:42,416 : EventManager : Event: ======'slide_welcome_slide_created'====== Args={}
2023-01-27 15:08:42,418 : EventManager : Event: ======'slide_welcome_slide_active'====== Args={}
2023-01-27 15:08:42,428 : EventManager : Event: ======'client_disconnected'====== Args={'host': '127.0.0.1', 'port': 5050}
2023-01-27 15:08:43,640 : MPF-MC BCP Server : Received connection from: 127.0.0.1:64211
2023-01-27 15:08:43,644 : EventManager : Event: ======'client_connected'====== Args={'host': '127.0.0.1', 'port': 64211}
2023-01-27 15:08:43,657 : EventManager : Event: ======'machine_var_credits_string'====== Args={'value': 'FREE PLAY', 'prev_value': None, 'change': True}
2023-01-27 15:08:43,657 : EventManager : Event: ======'machine_var_master_volume'====== Args={'value': 0.5, 'prev_value': None, 'change': True}
2023-01-27 15:08:43,657 : EventManager : Event: ======'machine_var_mpf_version'====== Args={'value': 'MPF v0.55.0', 'prev_value': None, 'change': True}
2023-01-27 15:08:43,657 : EventManager : Event: ======'machine_var_mpf_extended_version'====== Args={'value': 'MPF v0.55.0, Config version:5, Show version: 5, BCP version:1.1', 'prev_value': None, 'change': True}
2023-01-27 15:08:43,657 : EventManager : Event: ======'machine_var_python_version'====== Args={'value': '3.7.8', 'prev_value': None, 'change': True}
2023-01-27 15:08:43,657 : EventManager : Event: ======'machine_var_platform'====== Args={'value': 'Windows-10-10.0.19041-SP0', 'prev_value': None, 'change': True}
2023-01-27 15:08:43,657 : EventManager : Event: ======'machine_var_platform_system'====== Args={'value': 'Windows', 'prev_value': None, 'change': True}
2023-01-27 15:08:43,657 : EventManager : Event: ======'machine_var_platform_release'====== Args={'value': '10', 'prev_value': None, 'change': True}
2023-01-27 15:08:43,657 : EventManager : Event: ======'machine_var_platform_version'====== Args={'value': '10.0.19041', 'prev_value': None, 'change': True}
2023-01-27 15:08:43,657 : EventManager : Event: ======'machine_var_platform_machine'====== Args={'value': 'AMD64', 'prev_value': None, 'change': True}
2023-01-27 15:08:43,657 : EventManager : Event: ======'machine_var_mc_version'====== Args={'value': 'MPF-MC v0.55.0', 'prev_value': None, 'change': True}
2023-01-27 15:08:43,658 : EventManager : Event: ======'machine_var_mc_extended_version'====== Args={'value': 'MPF-MC v0.55.0 (config_version=5, BCP v1.1, Requires MPF v0.55.0-dev.49)', 'prev_value': None, 'change': True}
2023-01-27 15:08:43,658 : SoundSystem : Setting master volume to 0.5
2023-01-27 15:08:43,720 : EventManager : Event: ======'machine_var_audits_events_game_ended'====== Args={'value': 0, 'prev_value': None, 'change': True}
2023-01-27 15:08:43,720 : EventManager : Event: ======'machine_var_audits_events_game_started'====== Args={'value': 0, 'prev_value': None, 'change': True}
2023-01-27 15:08:43,720 : EventManager : Event: ======'machine_var_audits_player_score'====== Args={'value': {'average': 0, 'top': [], 'total': 0}, 'prev_value': None, 'change': True}
2023-01-27 15:08:43,732 : EventManager : Event: ======'machine_var_audits_switches_s_left_flipper'====== Args={'value': 0, 'prev_value': None, 'change': True}
2023-01-27 15:08:43,732 : EventManager : Event: ======'machine_var_audits_switches_s_plunger'====== Args={'value': 2, 'prev_value': None, 'change': True}
2023-01-27 15:08:43,732 : EventManager : Event: ======'machine_var_audits_switches_s_right_flipper'====== Args={'value': 0, 'prev_value': None, 'change': True}
2023-01-27 15:08:43,732 : EventManager : Event: ======'machine_var_audits_switches_s_right_inlane'====== Args={'value': 0, 'prev_value': None, 'change': True}
2023-01-27 15:08:43,732 : EventManager : Event: ======'machine_var_audits_switches_s_start'====== Args={'value': 0, 'prev_value': None, 'change': True}
2023-01-27 15:08:43,732 : EventManager : Event: ======'machine_var_audits_switches_s_trough1'====== Args={'value': 1, 'prev_value': None, 'change': True}
2023-01-27 15:08:43,732 : EventManager : Event: ======'machine_var_audits_switches_s_trough2'====== Args={'value': 0, 'prev_value': None, 'change': True}
2023-01-27 15:08:43,732 : EventManager : Event: ======'machine_var_audits_switches_s_trough3'====== Args={'value': 0, 'prev_value': None, 'change': True}
2023-01-27 15:08:43,732 : EventManager : Event: ======'machine_var_audits_switches_s_trough4'====== Args={'value': 0, 'prev_value': None, 'change': True}
2023-01-27 15:08:43,732 : EventManager : Event: ======'machine_var_audits_switches_s_trough5'====== Args={'value': 0, 'prev_value': None, 'change': True}
2023-01-27 15:08:43,732 : EventManager : Event: ======'machine_var_audits_switches_s_trough6'====== Args={'value': 0, 'prev_value': None, 'change': True}
2023-01-27 15:08:43,732 : EventManager : Event: ======'machine_var_audits_switches_s_trough_jam'====== Args={'value': 0, 'prev_value': None, 'change': True}
2023-01-27 15:08:43,745 : EventManager : Event: ======'slides_play'====== Args={'settings': {'welcome_slide': {'target': None, 'background_color': [0.0, 0.0, 0.0, 1.0], 'priority': None, 'show': True, 'force': False, 'expire': None, 'slide': None, 'tokens': {}, 'action': 'play'}}, 'context': '_global', 'calling_context': 'init_done', 'priority': 0}
2023-01-27 15:08:43,745 : EventManager : Event: ======'mc_reset_phase_1'====== Args={}
2023-01-27 15:08:43,745 : mpfmc : SlidePlayer: Play called with settings={'welcome_slide': {'target': None, 'background_color': [0.0, 0.0, 0.0, 1.0], 'priority': None, 'show': True, 'force': False, 'expire': None, 'slide': None, 'tokens': {}, 'action': 'play'}}
2023-01-27 15:08:43,745 : EventManager : Event: ======'slide_welcome_slide_removed'====== Args={}
2023-01-27 15:08:43,748 : EventManager : Event: ======'slide_welcome_slide_created'====== Args={}
2023-01-27 15:08:43,749 : EventManager : Event: ======'mc_reset_phase_2'====== Args={}
2023-01-27 15:08:43,749 : EventManager : Event: ======'mc_reset_phase_3'====== Args={}
2023-01-27 15:08:43,749 : EventManager : Event: ======'mc_reset_complete'====== Args={}
2023-01-27 15:08:43,750 : EventManager : Event: ======'slide_welcome_slide_active'====== Args={}
2023-01-27 15:08:43,754 : EventManager : Event: ======'slides_play'====== Args={'settings': {'attract_started': {'target': None, 'background_color': [0.0, 0.0, 0.0, 1.0], 'priority': None, 'show': True, 'force': False, 'expire': None, 'slide': None, 'tokens': {}, 'action': 'play'}}, 'context': '_global', 'calling_context': 'mode_attract_started', 'priority': 0}
2023-01-27 15:08:43,754 : mpfmc : SlidePlayer: Play called with settings={'attract_started': {'target': None, 'background_color': [0.0, 0.0, 0.0, 1.0], 'priority': None, 'show': True, 'force': False, 'expire': None, 'slide': None, 'tokens': {}, 'action': 'play'}}
2023-01-27 15:08:43,757 : EventManager : Event: ======'slide_attract_started_created'====== Args={}
2023-01-27 15:08:43,758 : EventManager : Event: ======'slide_attract_started_active'====== Args={}
2023-01-27 15:08:47,037 : EventManager : Event: ======'game_started'====== Args={}
2023-01-27 15:08:47,037 : EventManager : Event: ======'player_added'====== Args={'player': <Player 1>, 'num': 1}
2023-01-27 15:08:47,037 : EventManager : Event: ======'player_index'====== Args={'value': 0, 'prev_value': 0, 'change': 0, 'player_num': 1}
2023-01-27 15:08:47,037 : EventManager : Event: ======'player_number'====== Args={'value': 1, 'prev_value': 1, 'change': 0, 'player_num': 1}
2023-01-27 15:08:47,037 : EventManager : Event: ======'player_score'====== Args={'value': 0, 'prev_value': 0, 'change': 0, 'player_num': 1}
2023-01-27 15:08:47,049 : EventManager : Event: ======'player_ball'====== Args={'value': 1, 'prev_value': 0, 'change': 1, 'player_num': 1}
2023-01-27 15:08:47,049 : EventManager : Event: ======'player_turn_start'====== Args={'number': 1, 'player': <Player 1>}
2023-01-27 15:08:47,051 : mpfmc : Stopping...
2023-01-27 15:08:47,051 : EventManager : Event: ======'shutdown'====== Args={}
2023-01-27 15:08:47,052 : AudioInterface : Disabling audio playback
2023-01-27 15:08:47,183 : mpfmc : Loop rate 79.3 Hz
2023-01-27 15:08:47,183 : kivy : Base: Leaving application in progress...
2023-01-27 15:08:47,183 : kivy : Base: Leaving application in progress...
2023-01-27 15:08:47,183 : mpfmc : Stopping...
2023-01-27 15:08:47,183 : EventManager : Event: ======'shutdown'====== Args={}
2023-01-27 15:08:47,184 : mpfmc : Loop rate 79.29 Hz
2023-01-27 15:08:47,184 : kivy : MC run loop ended.
2023-01-27 15:08:47,184 : kivy : Stopping child threads... (2 remaining)
2023-01-27 15:08:48,025 : MPF-MC BCP Server : Stopping BCP sending thread
2023-01-27 15:08:48,086 : kivy : All child threads stopped.
