2023-02-16 18:17:07,317 : INFO : root : Loading config.
2023-02-16 18:17:07,635 : INFO : ConfigProcessor : Config spec file cache created: C:\Users\student\AppData\Local\Temp\config_spec.mpf_cache
2023-02-16 18:17:07,635 : INFO : YamlMultifileConfigLoader : Machine config file #1: config.yaml
2023-02-16 18:17:07,635 : INFO : ConfigProcessor : Loading config from file c:\users\student\mpfenv\lib\site-packages\mpf\mpfconfig.yaml.
2023-02-16 18:17:07,696 : INFO : ConfigProcessor : Loading config: c:\users\student\mpfenv\lib\site-packages\mpf\mpfconfig.yaml
2023-02-16 18:17:07,697 : INFO : ConfigProcessor : Loading config from file C:\Users\student\pinball\cobraPinTest1\config\config.yaml.
2023-02-16 18:17:07,728 : INFO : ConfigProcessor : Loading config: C:\Users\student\pinball\cobraPinTest1\config\config.yaml
2023-02-16 18:17:07,730 : INFO : ConfigProcessor : Config file cache created: C:\Users\student\AppData\Local\Temp\f1427cd4cbc9163bc2263f349f0fb463.mpf_cache
2023-02-16 18:17:07,799 : INFO : ConfigProcessor : Loading config from file c:\users\student\mpfenv\lib\site-packages\mpf\modes\attract\config\attract.yaml.
2023-02-16 18:17:07,801 : INFO : ConfigProcessor : Loading config: c:\users\student\mpfenv\lib\site-packages\mpf\modes\attract\config\attract.yaml
2023-02-16 18:17:07,801 : INFO : ConfigProcessor : Loading config from file C:\Users\student\pinball\cobraPinTest1\modes\attract\config\attract.yaml.
2023-02-16 18:17:07,803 : INFO : ConfigProcessor : Loading config: C:\Users\student\pinball\cobraPinTest1\modes\attract\config\attract.yaml
2023-02-16 18:17:07,804 : INFO : ConfigProcessor : Config file cache created: C:\Users\student\AppData\Local\Temp\32ed7ad340ce8029344f8b9ff63edc80.mpf_cache
2023-02-16 18:17:07,804 : INFO : ConfigProcessor : Loading config from file c:\users\student\mpfenv\lib\site-packages\mpf\modes\game\config\game.yaml.
2023-02-16 18:17:07,806 : INFO : ConfigProcessor : Loading config: c:\users\student\mpfenv\lib\site-packages\mpf\modes\game\config\game.yaml
2023-02-16 18:17:07,806 : INFO : ConfigProcessor : Config file cache created: C:\Users\student\AppData\Local\Temp\8696bd5a5a040ff67990be11cb4d3c0c.mpf_cache
2023-02-16 18:17:07,807 : INFO : ConfigProcessor : Loading config from file C:\Users\student\pinball\cobraPinTest1\modes\base\config\base.yaml.
2023-02-16 18:17:07,813 : INFO : ConfigProcessor : Loading config: C:\Users\student\pinball\cobraPinTest1\modes\base\config\base.yaml
2023-02-16 18:17:07,814 : INFO : ConfigProcessor : Config file cache created: C:\Users\student\AppData\Local\Temp\4675a535c8328a9c278c807d999ed109.mpf_cache
2023-02-16 18:17:07,814 : INFO : ConfigProcessor : Loading config from file C:\Users\student\pinball\cobraPinTest1\modes\reentry\config\reentry.yaml.
2023-02-16 18:17:07,825 : INFO : ConfigProcessor : Loading config: C:\Users\student\pinball\cobraPinTest1\modes\reentry\config\reentry.yaml
2023-02-16 18:17:07,825 : INFO : ConfigProcessor : Config file cache created: C:\Users\student\AppData\Local\Temp\0c8438cab3480347c0c749fa494946a2.mpf_cache
2023-02-16 18:17:07,826 : INFO : ConfigProcessor : Loading config from file C:\Users\student\pinball\cobraPinTest1\modes\attract\shows\.\attract_display_loop.yaml.
2023-02-16 18:17:07,835 : INFO : ConfigProcessor : Loading config: C:\Users\student\pinball\cobraPinTest1\modes\attract\shows\.\attract_display_loop.yaml
2023-02-16 18:17:07,835 : INFO : ConfigProcessor : Config file cache created: C:\Users\student\AppData\Local\Temp\f8d2c2cf3ea01f085365ea23fa51a701.mpf_cache
2023-02-16 18:17:07,836 : INFO : ConfigProcessor : Loading config from file C:\Users\student\pinball\cobraPinTest1\modes\attract\shows\.\attract_light_show.yaml.
2023-02-16 18:17:07,840 : INFO : ConfigProcessor : Loading config: C:\Users\student\pinball\cobraPinTest1\modes\attract\shows\.\attract_light_show.yaml
2023-02-16 18:17:07,841 : INFO : ConfigProcessor : Config file cache created: C:\Users\student\AppData\Local\Temp\30bd992f4b62a9b099207aebeb59554c.mpf_cache
2023-02-16 18:17:07,841 : INFO : Machine : Mission Pinball Framework Core Engine v0.55.0
2023-02-16 18:17:07,841 : INFO : Machine : Command line arguments: {'no_load_cache': True, 'create_config_cache': True, 'bcp': True, 'configfile': ['config.yaml'], 'force_assets_load': False, 'jsonlogging': False, 'logfile': 'logs\\2023-02-16-18-17-07-mpf-DESKTOP-0JH7ARL.log', 'pause': False, 'production': False, 'text_ui': True, 'loglevel': 15, 'consoleloglevel': 20, 'force_platform': None, 'syslog_address': None, 'mc_file_name': None, 'no_sound': False}
2023-02-16 18:17:07,842 : INFO : Machine : MPF path: c:\users\student\mpfenv\lib\site-packages\mpf
2023-02-16 18:17:07,842 : INFO : Machine : Machine path: C:\Users\student\pinball\cobraPinTest1
2023-02-16 18:17:07,842 : INFO : Machine : Platform: win32
2023-02-16 18:17:07,842 : INFO : Machine : Python executable location: c:\users\student\mpfenv\scripts\python.exe
2023-02-16 18:17:07,842 : INFO : Machine : Python version: 3.7.8 (64-bit)
2023-02-16 18:17:07,843 : INFO : Machine : Initialise MPF.
2023-02-16 18:17:08,012 : INFO : EventManager : Event: ======'machine_var_credits_string'====== Args={'value': 'FREE PLAY', 'prev_value': None, 'change': True}
2023-02-16 18:17:08,051 : INFO : EventManager : Event: ======'machine_var_master_volume'====== Args={'value': 0.5, 'prev_value': None, 'change': True}
2023-02-16 18:17:08,051 : INFO : EventManager : Event: ======'machine_var_player1_score'====== Args={'value': 1500, 'prev_value': None, 'change': True}
2023-02-16 18:17:08,051 : INFO : EventManager : Event: ======'machine_var_mpf_version'====== Args={'value': 'MPF v0.55.0', 'prev_value': None, 'change': True}
2023-02-16 18:17:08,051 : INFO : EventManager : Event: ======'machine_var_mpf_extended_version'====== Args={'value': 'MPF v0.55.0, Config version:5, Show version: 5, BCP version:1.1', 'prev_value': None, 'change': True}
2023-02-16 18:17:08,051 : INFO : EventManager : Event: ======'machine_var_python_version'====== Args={'value': '3.7.8', 'prev_value': None, 'change': True}
2023-02-16 18:17:08,051 : INFO : EventManager : Event: ======'machine_var_platform'====== Args={'value': 'Windows-10-10.0.19041-SP0', 'prev_value': None, 'change': True}
2023-02-16 18:17:08,052 : INFO : EventManager : Event: ======'machine_var_platform_system'====== Args={'value': 'Windows', 'prev_value': None, 'change': True}
2023-02-16 18:17:08,052 : INFO : EventManager : Event: ======'machine_var_platform_release'====== Args={'value': '10', 'prev_value': None, 'change': True}
2023-02-16 18:17:08,052 : INFO : EventManager : Event: ======'machine_var_platform_version'====== Args={'value': '10.0.19041', 'prev_value': None, 'change': True}
2023-02-16 18:17:08,052 : INFO : EventManager : Event: ======'machine_var_platform_machine'====== Args={'value': 'AMD64', 'prev_value': None, 'change': True}
2023-02-16 18:17:08,052 : INFO : EventManager : Event: ======'init_phase_1'====== Args={}
2023-02-16 18:17:08,067 : INFO : EventManager : Event: ======'logicblock_reentry_switch_counter_updated'====== Args={'value': 0, 'enabled': True}
2023-02-16 18:17:08,067 : INFO : EventManager : Event: ======'logicblock_reentry_switch_counter_updated'====== Args={'value': 0, 'enabled': True}
2023-02-16 18:17:08,067 : INFO : EventManager : Event: ======'init_phase_2'====== Args={}
2023-02-16 18:17:08,067 : INFO : SwitchController : Found active switch: ('0-0-8', <Platform.Virtual>) <switch.s_trough1>
2023-02-16 18:17:08,070 : INFO : EventManager : Event: ======'bcp_connection_attempt'====== Args={'name': 'local_display', 'host': 'localhost', 'port': 5050}
2023-02-16 18:17:08,071 : INFO : BCPClientSocket : Connecting BCP to 'local_display' at localhost:5050...
2023-02-16 18:17:10,117 : INFO : BCPClientSocket : Connected BCP to 'local_display' localhost:5050
2023-02-16 18:17:10,119 : INFO : EventManager : Event: ======'bcp_clients_connected'====== Args={}
2023-02-16 18:17:10,137 : INFO : ball_device.bd_trough : BCH: Initial count: 1
2023-02-16 18:17:10,138 : INFO : EventManager : Event: ======'machine_var_mc_version'====== Args={'value': 'MPF-MC v0.55.0', 'prev_value': None, 'change': True}
2023-02-16 18:17:10,138 : INFO : EventManager : Event: ======'machine_var_mc_extended_version'====== Args={'value': 'MPF-MC v0.55.0 (config_version=5, BCP v1.1, Requires MPF v0.55.0-dev.49)', 'prev_value': None, 'change': True}
2023-02-16 18:17:10,139 : INFO : ball_device.bd_trough : State: idle
2023-02-16 18:17:10,151 : INFO : ball_device.bd_plunger : BCH: Initial count: 0
2023-02-16 18:17:10,151 : INFO : ball_device.bd_plunger : State: idle
2023-02-16 18:17:10,212 : INFO : EventManager : Event: ======'init_phase_3'====== Args={}
2023-02-16 18:17:10,216 : INFO : EventManager : Event: ======'init_phase_4'====== Args={}
2023-02-16 18:17:10,216 : INFO : BallController : Initial balls found: 1
2023-02-16 18:17:10,217 : INFO : EventManager : Event: ======'machine_var_audits_events_game_ended'====== Args={'value': 0, 'prev_value': None, 'change': True}
2023-02-16 18:17:10,217 : INFO : EventManager : Event: ======'machine_var_audits_events_game_started'====== Args={'value': 0, 'prev_value': None, 'change': True}
2023-02-16 18:17:10,217 : INFO : EventManager : Event: ======'machine_var_audits_player_score'====== Args={'value': {'average': 1800.0, 'top': [2000, 1900, 1500], 'total': 3}, 'prev_value': None, 'change': True}
2023-02-16 18:17:10,218 : INFO : EventManager : Event: ======'machine_var_audits_shots_my_first_shot'====== Args={'value': 119, 'prev_value': None, 'change': True}
2023-02-16 18:17:10,218 : INFO : EventManager : Event: ======'machine_var_audits_shots_my_first_shot_mode2'====== Args={'value': 72, 'prev_value': None, 'change': True}
2023-02-16 18:17:10,219 : INFO : EventManager : Event: ======'machine_var_audits_shots_reentryL_shot'====== Args={'value': 123, 'prev_value': None, 'change': True}
2023-02-16 18:17:10,219 : INFO : EventManager : Event: ======'machine_var_audits_shots_reentryM_shot'====== Args={'value': 122, 'prev_value': None, 'change': True}
2023-02-16 18:17:10,219 : INFO : EventManager : Event: ======'machine_var_audits_shots_reentryR_shot'====== Args={'value': 103, 'prev_value': None, 'change': True}
2023-02-16 18:17:10,219 : INFO : EventManager : Event: ======'machine_var_audits_shots_reentry_shot'====== Args={'value': 9, 'prev_value': None, 'change': True}
2023-02-16 18:17:10,220 : INFO : EventManager : Event: ======'machine_var_audits_shots_top_lane_A'====== Args={'value': 12, 'prev_value': None, 'change': True}
2023-02-16 18:17:10,220 : INFO : EventManager : Event: ======'machine_var_audits_shots_top_lane_J'====== Args={'value': 12, 'prev_value': None, 'change': True}
2023-02-16 18:17:10,220 : INFO : EventManager : Event: ======'machine_var_audits_shots_top_lane_M'====== Args={'value': 9, 'prev_value': None, 'change': True}
2023-02-16 18:17:10,220 : INFO : EventManager : Event: ======'machine_var_audits_switches_s_blackhole_kicker'====== Args={'value': 0, 'prev_value': None, 'change': True}
2023-02-16 18:17:10,221 : INFO : EventManager : Event: ======'machine_var_audits_switches_s_bonus_lane'====== Args={'value': 0, 'prev_value': None, 'change': True}
2023-02-16 18:17:10,221 : INFO : EventManager : Event: ======'machine_var_audits_switches_s_booster_drop_target_1'====== Args={'value': 0, 'prev_value': None, 'change': True}
2023-02-16 18:17:10,221 : INFO : EventManager : Event: ======'machine_var_audits_switches_s_booster_drop_target_2'====== Args={'value': 0, 'prev_value': None, 'change': True}
2023-02-16 18:17:10,221 : INFO : EventManager : Event: ======'machine_var_audits_switches_s_booster_drop_target_3'====== Args={'value': 0, 'prev_value': None, 'change': True}
2023-02-16 18:17:10,221 : INFO : EventManager : Event: ======'machine_var_audits_switches_s_comet_spot_1'====== Args={'value': 0, 'prev_value': None, 'change': True}
2023-02-16 18:17:10,222 : INFO : EventManager : Event: ======'machine_var_audits_switches_s_comet_spot_2'====== Args={'value': 0, 'prev_value': None, 'change': True}
2023-02-16 18:17:10,222 : INFO : EventManager : Event: ======'machine_var_audits_switches_s_comet_spot_3'====== Args={'value': 0, 'prev_value': None, 'change': True}
2023-02-16 18:17:10,222 : INFO : EventManager : Event: ======'machine_var_audits_switches_s_engine_bumper_1'====== Args={'value': 0, 'prev_value': None, 'change': True}
2023-02-16 18:17:10,222 : INFO : EventManager : Event: ======'machine_var_audits_switches_s_engine_bumper_2'====== Args={'value': 0, 'prev_value': None, 'change': True}
2023-02-16 18:17:10,223 : INFO : EventManager : Event: ======'machine_var_audits_switches_s_engine_bumper_3'====== Args={'value': 0, 'prev_value': None, 'change': True}
2023-02-16 18:17:10,223 : INFO : EventManager : Event: ======'machine_var_audits_switches_s_fuel_chute_1'====== Args={'value': 0, 'prev_value': None, 'change': True}
2023-02-16 18:17:10,223 : INFO : EventManager : Event: ======'machine_var_audits_switches_s_fuel_chute_2'====== Args={'value': 0, 'prev_value': None, 'change': True}
2023-02-16 18:17:10,223 : INFO : EventManager : Event: ======'machine_var_audits_switches_s_fuel_chute_3'====== Args={'value': 0, 'prev_value': None, 'change': True}
2023-02-16 18:17:10,224 : INFO : EventManager : Event: ======'machine_var_audits_switches_s_fuel_chute_4'====== Args={'value': 0, 'prev_value': None, 'change': True}
2023-02-16 18:17:10,224 : INFO : EventManager : Event: ======'machine_var_audits_switches_s_fuel_chute_5'====== Args={'value': 0, 'prev_value': None, 'change': True}
2023-02-16 18:17:10,224 : INFO : EventManager : Event: ======'machine_var_audits_switches_s_fuel_chute_6'====== Args={'value': 0, 'prev_value': None, 'change': True}
2023-02-16 18:17:10,224 : INFO : EventManager : Event: ======'machine_var_audits_switches_s_fuel_flag'====== Args={'value': 0, 'prev_value': None, 'change': True}
2023-02-16 18:17:10,224 : INFO : EventManager : Event: ======'machine_var_audits_switches_s_fuel_spot_1'====== Args={'value': 0, 'prev_value': None, 'change': True}
2023-02-16 18:17:10,225 : INFO : EventManager : Event: ======'machine_var_audits_switches_s_fuel_spot_2'====== Args={'value': 0, 'prev_value': None, 'change': True}
2023-02-16 18:17:10,225 : INFO : EventManager : Event: ======'machine_var_audits_switches_s_fuel_spot_3'====== Args={'value': 0, 'prev_value': None, 'change': True}
2023-02-16 18:17:10,225 : INFO : EventManager : Event: ======'machine_var_audits_switches_s_green_wormhole'====== Args={'value': 0, 'prev_value': None, 'change': True}
2023-02-16 18:17:10,225 : INFO : EventManager : Event: ======'machine_var_audits_switches_s_hyperspace_flag'====== Args={'value': 0, 'prev_value': None, 'change': True}
2023-02-16 18:17:10,226 : INFO : EventManager : Event: ======'machine_var_audits_switches_s_hyperspacekicker'====== Args={'value': 0, 'prev_value': None, 'change': True}
2023-02-16 18:17:10,227 : INFO : EventManager : Event: ======'machine_var_audits_switches_s_launch_lane_1'====== Args={'value': 0, 'prev_value': None, 'change': True}
2023-02-16 18:17:10,228 : INFO : EventManager : Event: ======'machine_var_audits_switches_s_launch_lane_2'====== Args={'value': 0, 'prev_value': None, 'change': True}
2023-02-16 18:17:10,228 : INFO : EventManager : Event: ======'machine_var_audits_switches_s_launch_lane_3'====== Args={'value': 0, 'prev_value': None, 'change': True}
2023-02-16 18:17:10,229 : INFO : EventManager : Event: ======'machine_var_audits_switches_s_launch_ramp'====== Args={'value': 0, 'prev_value': None, 'change': True}
2023-02-16 18:17:10,229 : INFO : EventManager : Event: ======'machine_var_audits_switches_s_left_attack_bumper'====== Args={'value': 0, 'prev_value': None, 'change': True}
2023-02-16 18:17:10,229 : INFO : EventManager : Event: ======'machine_var_audits_switches_s_left_flipper'====== Args={'value': 455, 'prev_value': None, 'change': True}
2023-02-16 18:17:10,230 : INFO : EventManager : Event: ======'machine_var_audits_switches_s_left_out_lane'====== Args={'value': 0, 'prev_value': None, 'change': True}
2023-02-16 18:17:10,230 : INFO : EventManager : Event: ======'machine_var_audits_switches_s_left_out_lane_kicker'====== Args={'value': 0, 'prev_value': None, 'change': True}
2023-02-16 18:17:10,230 : INFO : EventManager : Event: ======'machine_var_audits_switches_s_left_return_lane'====== Args={'value': 0, 'prev_value': None, 'change': True}
2023-02-16 18:17:10,231 : INFO : EventManager : Event: ======'machine_var_audits_switches_s_lower_attack_bumper'====== Args={'value': 0, 'prev_value': None, 'change': True}
2023-02-16 18:17:10,231 : INFO : EventManager : Event: ======'machine_var_audits_switches_s_lower_left_rebound'====== Args={'value': 0, 'prev_value': None, 'change': True}
2023-02-16 18:17:10,232 : INFO : EventManager : Event: ======'machine_var_audits_switches_s_lower_left_slingshot'====== Args={'value': 0, 'prev_value': None, 'change': True}
2023-02-16 18:17:10,233 : INFO : EventManager : Event: ======'machine_var_audits_switches_s_lower_right_rebound'====== Args={'value': 0, 'prev_value': None, 'change': True}
2023-02-16 18:17:10,233 : INFO : EventManager : Event: ======'machine_var_audits_switches_s_lower_right_slingshot'====== Args={'value': 0, 'prev_value': None, 'change': True}
2023-02-16 18:17:10,234 : INFO : EventManager : Event: ======'machine_var_audits_switches_s_medal_drop_left'====== Args={'value': 0, 'prev_value': None, 'change': True}
2023-02-16 18:17:10,234 : INFO : EventManager : Event: ======'machine_var_audits_switches_s_medal_drop_middle'====== Args={'value': 0, 'prev_value': None, 'change': True}
2023-02-16 18:17:10,235 : INFO : EventManager : Event: ======'machine_var_audits_switches_s_medal_drop_right'====== Args={'value': 0, 'prev_value': None, 'change': True}
2023-02-16 18:17:10,235 : INFO : EventManager : Event: ======'machine_var_audits_switches_s_mission_spot_1'====== Args={'value': 0, 'prev_value': None, 'change': True}
2023-02-16 18:17:10,236 : INFO : EventManager : Event: ======'machine_var_audits_switches_s_mission_spot_2'====== Args={'value': 0, 'prev_value': None, 'change': True}
2023-02-16 18:17:10,236 : INFO : EventManager : Event: ======'machine_var_audits_switches_s_mission_spot_3'====== Args={'value': 0, 'prev_value': None, 'change': True}
2023-02-16 18:17:10,236 : INFO : EventManager : Event: ======'machine_var_audits_switches_s_multiplier_left'====== Args={'value': 0, 'prev_value': None, 'change': True}
2023-02-16 18:17:10,237 : INFO : EventManager : Event: ======'machine_var_audits_switches_s_multiplier_middle'====== Args={'value': 0, 'prev_value': None, 'change': True}
2023-02-16 18:17:10,238 : INFO : EventManager : Event: ======'machine_var_audits_switches_s_multiplier_right'====== Args={'value': 0, 'prev_value': None, 'change': True}
2023-02-16 18:17:10,238 : INFO : EventManager : Event: ======'machine_var_audits_switches_s_plunger'====== Args={'value': 74, 'prev_value': None, 'change': True}
2023-02-16 18:17:10,239 : INFO : EventManager : Event: ======'machine_var_audits_switches_s_radiationspot_1'====== Args={'value': 0, 'prev_value': None, 'change': True}
2023-02-16 18:17:10,239 : INFO : EventManager : Event: ======'machine_var_audits_switches_s_radiationspot_2'====== Args={'value': 0, 'prev_value': None, 'change': True}
2023-02-16 18:17:10,240 : INFO : EventManager : Event: ======'machine_var_audits_switches_s_radiationspot_3'====== Args={'value': 0, 'prev_value': None, 'change': True}
2023-02-16 18:17:10,240 : INFO : EventManager : Event: ======'machine_var_audits_switches_s_red_wormhole'====== Args={'value': 0, 'prev_value': None, 'change': True}
2023-02-16 18:17:10,241 : INFO : EventManager : Event: ======'machine_var_audits_switches_s_reentry_left'====== Args={'value': 478, 'prev_value': None, 'change': True}
2023-02-16 18:17:10,241 : INFO : EventManager : Event: ======'machine_var_audits_switches_s_reentry_middle'====== Args={'value': 196, 'prev_value': None, 'change': True}
2023-02-16 18:17:10,242 : INFO : EventManager : Event: ======'machine_var_audits_switches_s_reentry_right'====== Args={'value': 161, 'prev_value': None, 'change': True}
2023-02-16 18:17:10,242 : INFO : EventManager : Event: ======'machine_var_audits_switches_s_right_flipper'====== Args={'value': 183, 'prev_value': None, 'change': True}
2023-02-16 18:17:10,243 : INFO : EventManager : Event: ======'machine_var_audits_switches_s_right_inlane'====== Args={'value': 0, 'prev_value': None, 'change': True}
2023-02-16 18:17:10,243 : INFO : EventManager : Event: ======'machine_var_audits_switches_s_right_out_lane'====== Args={'value': 0, 'prev_value': None, 'change': True}
2023-02-16 18:17:10,244 : INFO : EventManager : Event: ======'machine_var_audits_switches_s_right_out_lane_kicker'====== Args={'value': 0, 'prev_value': None, 'change': True}
2023-02-16 18:17:10,244 : INFO : EventManager : Event: ======'machine_var_audits_switches_s_right_return_lane'====== Args={'value': 0, 'prev_value': None, 'change': True}
2023-02-16 18:17:10,244 : INFO : EventManager : Event: ======'machine_var_audits_switches_s_satellite_bumper'====== Args={'value': 0, 'prev_value': None, 'change': True}
2023-02-16 18:17:10,245 : INFO : EventManager : Event: ======'machine_var_audits_switches_s_secondary_outlane_kicker'====== Args={'value': 0, 'prev_value': None, 'change': True}
2023-02-16 18:17:10,245 : INFO : EventManager : Event: ======'machine_var_audits_switches_s_skill_shot_1'====== Args={'value': 0, 'prev_value': None, 'change': True}
2023-02-16 18:17:10,245 : INFO : EventManager : Event: ======'machine_var_audits_switches_s_skill_shot_2'====== Args={'value': 0, 'prev_value': None, 'change': True}
2023-02-16 18:17:10,245 : INFO : EventManager : Event: ======'machine_var_audits_switches_s_skill_shot_3'====== Args={'value': 0, 'prev_value': None, 'change': True}
2023-02-16 18:17:10,246 : INFO : EventManager : Event: ======'machine_var_audits_switches_s_skill_shot_4'====== Args={'value': 0, 'prev_value': None, 'change': True}
2023-02-16 18:17:10,246 : INFO : EventManager : Event: ======'machine_var_audits_switches_s_skill_shot_5'====== Args={'value': 0, 'prev_value': None, 'change': True}
2023-02-16 18:17:10,247 : INFO : EventManager : Event: ======'machine_var_audits_switches_s_skill_shot_6'====== Args={'value': 0, 'prev_value': None, 'change': True}
2023-02-16 18:17:10,247 : INFO : EventManager : Event: ======'machine_var_audits_switches_s_skill_shot_lane'====== Args={'value': 0, 'prev_value': None, 'change': True}
2023-02-16 18:17:10,247 : INFO : EventManager : Event: ======'machine_var_audits_switches_s_spacewarp_rollover'====== Args={'value': 0, 'prev_value': None, 'change': True}
2023-02-16 18:17:10,247 : INFO : EventManager : Event: ======'machine_var_audits_switches_s_start'====== Args={'value': 3, 'prev_value': None, 'change': True}
2023-02-16 18:17:10,248 : INFO : EventManager : Event: ======'machine_var_audits_switches_s_trough1'====== Args={'value': 28, 'prev_value': None, 'change': True}
2023-02-16 18:17:10,248 : INFO : EventManager : Event: ======'machine_var_audits_switches_s_trough2'====== Args={'value': 0, 'prev_value': None, 'change': True}
2023-02-16 18:17:10,248 : INFO : EventManager : Event: ======'machine_var_audits_switches_s_trough3'====== Args={'value': 0, 'prev_value': None, 'change': True}
2023-02-16 18:17:10,249 : INFO : EventManager : Event: ======'machine_var_audits_switches_s_trough4'====== Args={'value': 0, 'prev_value': None, 'change': True}
2023-02-16 18:17:10,249 : INFO : EventManager : Event: ======'machine_var_audits_switches_s_trough5'====== Args={'value': 0, 'prev_value': None, 'change': True}
2023-02-16 18:17:10,249 : INFO : EventManager : Event: ======'machine_var_audits_switches_s_trough6'====== Args={'value': 0, 'prev_value': None, 'change': True}
2023-02-16 18:17:10,250 : INFO : EventManager : Event: ======'machine_var_audits_switches_s_trough_jam'====== Args={'value': 0, 'prev_value': None, 'change': True}
2023-02-16 18:17:10,250 : INFO : EventManager : Event: ======'machine_var_audits_switches_s_upper_attack_bumper'====== Args={'value': 0, 'prev_value': None, 'change': True}
2023-02-16 18:17:10,251 : INFO : EventManager : Event: ======'machine_var_audits_switches_s_upper_left_rebound'====== Args={'value': 0, 'prev_value': None, 'change': True}
2023-02-16 18:17:10,252 : INFO : EventManager : Event: ======'machine_var_audits_switches_s_upper_right_rebound'====== Args={'value': 0, 'prev_value': None, 'change': True}
2023-02-16 18:17:10,253 : INFO : EventManager : Event: ======'machine_var_audits_switches_s_wormhole_target'====== Args={'value': 0, 'prev_value': None, 'change': True}
2023-02-16 18:17:10,253 : INFO : EventManager : Event: ======'machine_var_audits_switches_s_yellow_wormhole'====== Args={'value': 0, 'prev_value': None, 'change': True}
2023-02-16 18:17:10,254 : INFO : EventManager : Event: ======'init_phase_5'====== Args={}
2023-02-16 18:17:10,266 : INFO : EventManager : Event: ======'init_done'====== Args={}
2023-02-16 18:17:10,266 : INFO : EventManager : Event: ======'machine_reset_phase_1'====== Args={}
2023-02-16 18:17:10,275 : INFO : EventManager : Event: ======'slide_welcome_slide_removed'====== Args={'_from_bcp': True}
2023-02-16 18:17:10,277 : INFO : EventManager : Event: ======'slide_welcome_slide_created'====== Args={'_from_bcp': True}
2023-02-16 18:17:10,278 : INFO : EventManager : Event: ======'slide_welcome_slide_active'====== Args={'_from_bcp': True}
2023-02-16 18:17:10,278 : INFO : EventManager : Event: ======'machine_reset_phase_2'====== Args={}
2023-02-16 18:17:10,278 : INFO : EventManager : Event: ======'machine_reset_phase_3'====== Args={}
2023-02-16 18:17:10,279 : INFO : EventManager : Event: ======'reset_complete'====== Args={}
2023-02-16 18:17:10,279 : INFO : EventManager : Event: ======'mode_attract_will_start'====== Args={}
2023-02-16 18:17:10,279 : INFO : EventManager : Event: ======'mode_attract_starting'====== Args={}
2023-02-16 18:17:10,279 : INFO : Mode.attract : Started. Priority: 10
2023-02-16 18:17:10,280 : INFO : EventManager : Event: ======'modes_active_modes_changed'====== Args={}
2023-02-16 18:17:10,280 : INFO : EventManager : Event: ======'mode_attract_started'====== Args={}
2023-02-16 18:17:10,280 : INFO : EventManager : Event: ======'collecting_balls_complete'====== Args={}
2023-02-16 18:17:10,300 : INFO : EventManager : Event: ======'slide_awesome_slide_created'====== Args={'_from_bcp': True}
2023-02-16 18:17:10,300 : INFO : EventManager : Event: ======'slide_awesome_slide_active'====== Args={'_from_bcp': True}
2023-02-16 18:17:10,301 : INFO : Machine : Starting the main run loop.
2023-02-16 18:17:10,481 : INFO : BcpServer : New client connected.
2023-02-16 18:17:13,303 : INFO : EventManager : Event: ======'slide_press_start_created'====== Args={'_from_bcp': True}
2023-02-16 18:17:13,303 : INFO : EventManager : Event: ======'slide_press_start_active'====== Args={'_from_bcp': True}
2023-02-16 18:17:15,662 : INFO : SwitchController : <<<<<<< 's_start' active >>>>>>>
2023-02-16 18:17:15,858 : INFO : SwitchController : <<<<<<< 's_start' inactive >>>>>>>
2023-02-16 18:17:15,859 : INFO : EventManager : Event: ======'request_to_start_game'====== Args={}
2023-02-16 18:17:15,860 : INFO : EventManager : Event: ======'game_start'====== Args={'buttons': [], 'hold_time': 0.1880000000091968}
2023-02-16 18:17:15,861 : INFO : EventManager : Event: ======'mode_game_will_start'====== Args={'buttons': [], 'hold_time': 0.1880000000091968}
2023-02-16 18:17:15,864 : INFO : EventManager : Event: ======'mode_game_starting'====== Args={'buttons': [], 'hold_time': 0.1880000000091968}
2023-02-16 18:17:15,865 : INFO : EventManager : Event: ======'mode_attract_will_stop'====== Args={}
2023-02-16 18:17:15,866 : INFO : EventManager : Event: ======'mode_attract_stopping'====== Args={}
2023-02-16 18:17:15,868 : INFO : Mode.attract : Stopped.
2023-02-16 18:17:15,869 : INFO : EventManager : Event: ======'modes_active_modes_changed'====== Args={}
2023-02-16 18:17:15,871 : INFO : EventManager : Event: ======'mode_attract_stopped'====== Args={}
2023-02-16 18:17:15,871 : INFO : EventManager : Event: ======'clear'====== Args={'key': 'attract'}
2023-02-16 18:17:15,872 : INFO : Mode.game : Started. Priority: 20
2023-02-16 18:17:15,872 : INFO : EventManager : Event: ======'modes_active_modes_changed'====== Args={}
2023-02-16 18:17:15,872 : INFO : EventManager : Event: ======'mode_game_started'====== Args={'buttons': [], 'hold_time': 0.1880000000091968}
2023-02-16 18:17:15,877 : INFO : EventManager : Event: ======'game_will_start'====== Args={}
2023-02-16 18:17:15,877 : INFO : EventManager : Event: ======'game_starting'====== Args={'game': <Mode.game>}
2023-02-16 18:17:15,878 : INFO : EventManager : Event: ======'player_add_request'====== Args={}
2023-02-16 18:17:15,878 : INFO : EventManager : Event: ======'player_will_add'====== Args={'number': 1}
2023-02-16 18:17:15,878 : INFO : EventManager : Event: ======'player_adding'====== Args={'player': <Player 1>, 'number': 1}
2023-02-16 18:17:15,879 : INFO : EventManager : Event: ======'player_added'====== Args={'player': <Player 1>, 'num': 1}
2023-02-16 18:17:15,879 : INFO : Mode.game : Player added successfully. Total players: 1
2023-02-16 18:17:15,879 : INFO : EventManager : Event: ======'player_index'====== Args={'value': 0, 'prev_value': 0, 'change': 0, 'player_num': 1}
2023-02-16 18:17:15,879 : INFO : EventManager : Event: ======'player_number'====== Args={'value': 1, 'prev_value': 1, 'change': 0, 'player_num': 1}
2023-02-16 18:17:15,880 : INFO : EventManager : Event: ======'player_score'====== Args={'value': 0, 'prev_value': 0, 'change': 0, 'player_num': 1}
2023-02-16 18:17:15,880 : INFO : EventManager : Event: ======'game_started'====== Args={}
2023-02-16 18:17:15,886 : INFO : EventManager : Event: ======'player_turn_will_start'====== Args={'player': <Player 1>, 'number': 1}
2023-02-16 18:17:15,895 : INFO : EventManager : Event: ======'slide_awesome_slide_removed'====== Args={'_from_bcp': True}
2023-02-16 18:17:15,896 : INFO : EventManager : Event: ======'slide_press_start_removed'====== Args={'_from_bcp': True}
2023-02-16 18:17:15,896 : INFO : EventManager : Event: ======'slide_welcome_slide_active'====== Args={'_from_bcp': True}
2023-02-16 18:17:15,901 : INFO : EventManager : Event: ======'player_turn_starting'====== Args={'player': <Player 1>, 'number': 1}
2023-02-16 18:17:15,901 : INFO : EventManager : Event: ======'player_ball'====== Args={'value': 1, 'prev_value': 0, 'change': 1, 'player_num': 1}
2023-02-16 18:17:15,901 : INFO : EventManager : Event: ======'player_turn_started'====== Args={'player': <Player 1>, 'number': 1}
2023-02-16 18:17:15,902 : INFO : EventManager : Event: ======'ball_will_start'====== Args={'player': 1, 'ball': 1, 'balls_remaining': 2, 'is_extra_ball': False}
2023-02-16 18:17:15,905 : INFO : EventManager : Event: ======'ball_starting'====== Args={'player': 1, 'ball': 1, 'balls_remaining': 2, 'is_extra_ball': False}
2023-02-16 18:17:15,905 : INFO : EventManager : Event: ======'mode_base_will_start'====== Args={'queue': <QueuedEvent>, 'player': 1, 'ball': 1, 'balls_remaining': 2, 'is_extra_ball': False}
2023-02-16 18:17:15,906 : INFO : EventManager : Event: ======'mode_base_starting'====== Args={'queue': <QueuedEvent>, 'player': 1, 'ball': 1, 'balls_remaining': 2, 'is_extra_ball': False}
2023-02-16 18:17:15,906 : INFO : Mode.base : Started. Priority: 100
2023-02-16 18:17:15,906 : INFO : EventManager : Event: ======'modes_active_modes_changed'====== Args={}
2023-02-16 18:17:15,906 : INFO : EventManager : Event: ======'mode_base_started'====== Args={'queue': <QueuedEvent>, 'player': 1, 'ball': 1, 'balls_remaining': 2, 'is_extra_ball': False}
2023-02-16 18:17:15,907 : INFO : EventManager : Event: ======'balls_in_play'====== Args={'balls': 1}
2023-02-16 18:17:15,907 : INFO : EventManager : Event: ======'ball_started'====== Args={'player': 1, 'ball': 1, 'balls_remaining': 2, 'is_extra_ball': False}
2023-02-16 18:17:15,907 : INFO : EventManager : Event: ======'mode_reentry_will_start'====== Args={'player': 1, 'ball': 1, 'balls_remaining': 2, 'is_extra_ball': False}
2023-02-16 18:17:15,908 : INFO : EventManager : Event: ======'player_shot_reentryL_shot_enabled'====== Args={'value': True, 'prev_value': 0, 'change': 1, 'player_num': 1}
2023-02-16 18:17:15,909 : INFO : EventManager : Event: ======'player_shot_reentryM_shot_enabled'====== Args={'value': True, 'prev_value': 0, 'change': 1, 'player_num': 1}
2023-02-16 18:17:15,910 : INFO : EventManager : Event: ======'player_shot_reentryR_shot_enabled'====== Args={'value': True, 'prev_value': 0, 'change': 1, 'player_num': 1}
2023-02-16 18:17:15,910 : INFO : EventManager : Event: ======'reentry_shot_complete'====== Args={'state': 'unlit'}
2023-02-16 18:17:15,910 : INFO : EventManager : Event: ======'reentry_shot_unlit_complete'====== Args={}
2023-02-16 18:17:15,912 : INFO : EventManager : Event: ======'mode_reentry_starting'====== Args={'player': 1, 'ball': 1, 'balls_remaining': 2, 'is_extra_ball': False}
2023-02-16 18:17:15,913 : INFO : Mode.reentry : Started. Priority: 200
2023-02-16 18:17:15,913 : INFO : EventManager : Event: ======'modes_active_modes_changed'====== Args={}
2023-02-16 18:17:15,913 : INFO : EventManager : Event: ======'mode_reentry_started'====== Args={'player': 1, 'ball': 1, 'balls_remaining': 2, 'is_extra_ball': False}
2023-02-16 18:17:15,931 : INFO : EventManager : Event: ======'single_player_ball_started'====== Args={}
2023-02-16 18:17:15,932 : INFO : EventManager : Event: ======'slide_base.slide_player-mode_base_started_created'====== Args={'_from_bcp': True}
2023-02-16 18:17:15,932 : INFO : EventManager : Event: ======'slide_base.slide_player-mode_base_started_active'====== Args={'_from_bcp': True}
2023-02-16 18:17:15,933 : INFO : EventManager : Event: ======'slide__global.slide_player-ball_started_created'====== Args={'_from_bcp': True}
2023-02-16 18:17:15,933 : INFO : EventManager : Event: ======'ball_start_target'====== Args={'target': 'playfield'}
2023-02-16 18:17:15,933 : INFO : ball_device.bd_plunger : Setting up player-controlled eject. Balls: 1, Target: <playfield.playfield>, player_controlled_eject_event: None
2023-02-16 18:17:15,934 : INFO : EventManager : Event: ======'balldevice_balls_available'====== Args={}
2023-02-16 18:17:15,934 : INFO : ball_device.bd_trough : State: waiting_for_target_ready
2023-02-16 18:17:15,935 : INFO : EventManager : Event: ======'balldevice_bd_trough_ball_eject_attempt'====== Args={'balls': 1, 'target': <ball_device.bd_plunger>, 'source': <ball_device.bd_trough>, 'mechanical_eject': True, 'num_attempts': 0}
2023-02-16 18:17:15,935 : INFO : ball_device.bd_plunger : State: waiting_for_ball
2023-02-16 18:17:15,935 : INFO : ball_device.bd_trough : State: ejecting
2023-02-16 18:17:15,936 : INFO : ball_device.bd_trough : Ejecting ball to <ball_device.bd_plunger>
2023-02-16 18:17:15,936 : INFO : EventManager : Event: ======'balldevice_bd_trough_ejecting_ball'====== Args={'balls': 1, 'target': <ball_device.bd_plunger>, 'source': <ball_device.bd_trough>, 'mechanical_eject': True, 'num_attempts': 0}
2023-02-16 18:17:15,936 : INFO : ball_device.bd_trough : Wait for ball to leave device
2023-02-16 18:17:15,937 : INFO : coil.c_trough_eject : Pulsing Driver for 10ms (1.0 pulse_power)
2023-02-16 18:17:23,174 : INFO : SwitchController : <<<<<<< 's_reentry_left' active >>>>>>>
2023-02-16 18:17:23,175 : INFO : EventManager : Event: ======'playfield_active'====== Args={}
2023-02-16 18:17:23,175 : INFO : EventManager : Event: ======'unexpected_ball_on_playfield'====== Args={}
2023-02-16 18:17:23,176 : INFO : EventManager : Event: ======'s_reentry_left_active'====== Args={}
2023-02-16 18:17:23,177 : INFO : EventManager : Event: ======'sw_playfield_active'====== Args={}
2023-02-16 18:17:23,177 : INFO : EventManager : Event: ======'machine_var_audits_switches_s_reentry_left'====== Args={'value': 479, 'prev_value': 478, 'change': 1}
2023-02-16 18:17:23,179 : INFO : EventManager : Event: ======'player_shot_reentryL_shot'====== Args={'value': 1, 'prev_value': 0, 'change': 1, 'player_num': 1}
2023-02-16 18:17:23,180 : INFO : EventManager : Event: ======'machine_var_audits_shots_reentryL_shot'====== Args={'value': 124, 'prev_value': 123, 'change': 1}
2023-02-16 18:17:23,180 : INFO : EventManager : Event: ======'reentryL_shot_hit'====== Args={'profile': 'default', 'state': 'unlit', 'advancing': True}
2023-02-16 18:17:23,180 : INFO : EventManager : Event: ======'reentryL_shot_default_hit'====== Args={'profile': 'default', 'state': 'unlit', 'advancing': True}
2023-02-16 18:17:23,181 : INFO : EventManager : Event: ======'reentryL_shot_default_unlit_hit'====== Args={'profile': 'default', 'state': 'unlit', 'advancing': True}
2023-02-16 18:17:23,181 : INFO : EventManager : Event: ======'reentryL_shot_unlit_hit'====== Args={'profile': 'default', 'state': 'unlit', 'advancing': True}
2023-02-16 18:17:23,181 : INFO : EventManager : Event: ======'logicblock_reentry_switch_counter_updated'====== Args={'value': 1, 'enabled': True}
2023-02-16 18:17:23,181 : INFO : EventManager : Event: ======'reentry_sound_active'====== Args={'count': 1}
2023-02-16 18:17:23,181 : INFO : EventManager : Event: ======'reentry_shot_hit'====== Args={}
2023-02-16 18:17:23,181 : INFO : EventManager : Event: ======'reentry_shot_unlit_hit'====== Args={}
2023-02-16 18:17:23,182 : INFO : EventManager : Event: ======'playfield_active'====== Args={}
2023-02-16 18:17:23,182 : INFO : EventManager : Event: ======'unexpected_ball_on_playfield'====== Args={}
2023-02-16 18:17:23,373 : INFO : SwitchController : <<<<<<< 's_reentry_left' inactive >>>>>>>
2023-02-16 18:17:24,228 : INFO : SwitchController : <<<<<<< 's_reentry_middle' active >>>>>>>
2023-02-16 18:17:24,228 : INFO : EventManager : Event: ======'playfield_active'====== Args={}
2023-02-16 18:17:24,229 : INFO : EventManager : Event: ======'unexpected_ball_on_playfield'====== Args={}
2023-02-16 18:17:24,229 : INFO : EventManager : Event: ======'s_reentry_middle_active'====== Args={}
2023-02-16 18:17:24,229 : INFO : EventManager : Event: ======'sw_playfield_active'====== Args={}
2023-02-16 18:17:24,229 : INFO : EventManager : Event: ======'machine_var_audits_switches_s_reentry_middle'====== Args={'value': 197, 'prev_value': 196, 'change': 1}
2023-02-16 18:17:24,230 : INFO : EventManager : Event: ======'player_shot_reentryM_shot'====== Args={'value': 1, 'prev_value': 0, 'change': 1, 'player_num': 1}
2023-02-16 18:17:24,230 : INFO : EventManager : Event: ======'machine_var_audits_shots_reentryM_shot'====== Args={'value': 123, 'prev_value': 122, 'change': 1}
2023-02-16 18:17:24,231 : INFO : EventManager : Event: ======'reentryM_shot_hit'====== Args={'profile': 'default', 'state': 'unlit', 'advancing': True}
2023-02-16 18:17:24,231 : INFO : EventManager : Event: ======'reentryM_shot_default_hit'====== Args={'profile': 'default', 'state': 'unlit', 'advancing': True}
2023-02-16 18:17:24,231 : INFO : EventManager : Event: ======'reentryM_shot_default_unlit_hit'====== Args={'profile': 'default', 'state': 'unlit', 'advancing': True}
2023-02-16 18:17:24,232 : INFO : EventManager : Event: ======'reentryM_shot_unlit_hit'====== Args={'profile': 'default', 'state': 'unlit', 'advancing': True}
2023-02-16 18:17:24,232 : INFO : EventManager : Event: ======'reentry_shot_hit'====== Args={}
2023-02-16 18:17:24,232 : INFO : EventManager : Event: ======'reentry_shot_unlit_hit'====== Args={}
2023-02-16 18:17:24,232 : INFO : EventManager : Event: ======'playfield_active'====== Args={}
2023-02-16 18:17:24,240 : INFO : EventManager : Event: ======'unexpected_ball_on_playfield'====== Args={}
2023-02-16 18:17:24,432 : INFO : SwitchController : <<<<<<< 's_reentry_middle' inactive >>>>>>>
2023-02-16 18:17:25,085 : INFO : SwitchController : <<<<<<< 's_reentry_right' active >>>>>>>
2023-02-16 18:17:25,086 : INFO : EventManager : Event: ======'playfield_active'====== Args={}
2023-02-16 18:17:25,086 : INFO : EventManager : Event: ======'unexpected_ball_on_playfield'====== Args={}
2023-02-16 18:17:25,087 : INFO : EventManager : Event: ======'s_reentry_right_active'====== Args={}
2023-02-16 18:17:25,088 : INFO : EventManager : Event: ======'machine_var_audits_switches_s_reentry_right'====== Args={'value': 162, 'prev_value': 161, 'change': 1}
2023-02-16 18:17:25,090 : INFO : EventManager : Event: ======'player_shot_reentryR_shot'====== Args={'value': 1, 'prev_value': 0, 'change': 1, 'player_num': 1}
2023-02-16 18:17:25,090 : INFO : EventManager : Event: ======'machine_var_audits_shots_reentryR_shot'====== Args={'value': 104, 'prev_value': 103, 'change': 1}
2023-02-16 18:17:25,091 : INFO : EventManager : Event: ======'reentryR_shot_hit'====== Args={'profile': 'default', 'state': 'unlit', 'advancing': True}
2023-02-16 18:17:25,091 : INFO : EventManager : Event: ======'reentryR_shot_default_hit'====== Args={'profile': 'default', 'state': 'unlit', 'advancing': True}
2023-02-16 18:17:25,091 : INFO : EventManager : Event: ======'reentryR_shot_default_unlit_hit'====== Args={'profile': 'default', 'state': 'unlit', 'advancing': True}
2023-02-16 18:17:25,091 : INFO : EventManager : Event: ======'reentryR_shot_unlit_hit'====== Args={'profile': 'default', 'state': 'unlit', 'advancing': True}
2023-02-16 18:17:25,092 : INFO : EventManager : Event: ======'reentry_shot_complete'====== Args={'state': 'lit'}
2023-02-16 18:17:25,092 : INFO : EventManager : Event: ======'reentry_shot_lit_complete'====== Args={}
2023-02-16 18:17:25,092 : INFO : EventManager : Event: ======'reentry_shot_hit'====== Args={}
2023-02-16 18:17:25,092 : INFO : EventManager : Event: ======'reentry_shot_unlit_hit'====== Args={}
2023-02-16 18:17:25,092 : INFO : EventManager : Event: ======'player_score'====== Args={'value': 5000, 'prev_value': 0, 'change': 5000, 'player_num': 1}
2023-02-16 18:17:25,239 : INFO : SwitchController : <<<<<<< 's_reentry_right' inactive >>>>>>>
2023-02-16 18:17:25,940 : INFO : EventManager : Event: ======'balldevice_bd_trough_ball_eject_failed'====== Args={'target': <ball_device.bd_plunger>, 'balls': 1, 'retry': True, 'num_attempts': 1}
2023-02-16 18:17:25,941 : INFO : ball_device.bd_trough : State: waiting_for_target_ready
2023-02-16 18:17:25,942 : INFO : EventManager : Event: ======'balldevice_bd_trough_ball_eject_attempt'====== Args={'balls': 1, 'target': <ball_device.bd_plunger>, 'source': <ball_device.bd_trough>, 'mechanical_eject': True, 'num_attempts': 1}
2023-02-16 18:17:25,942 : INFO : ball_device.bd_trough : State: ejecting
2023-02-16 18:17:25,942 : INFO : ball_device.bd_trough : Ejecting ball to <ball_device.bd_plunger>
2023-02-16 18:17:25,943 : INFO : EventManager : Event: ======'balldevice_bd_trough_ejecting_ball'====== Args={'balls': 1, 'target': <ball_device.bd_plunger>, 'source': <ball_device.bd_trough>, 'mechanical_eject': True, 'num_attempts': 1}
2023-02-16 18:17:25,943 : INFO : ball_device.bd_trough : Wait for ball to leave device
2023-02-16 18:17:25,944 : INFO : coil.c_trough_eject : Pulsing Driver for 10ms (1.0 pulse_power)
2023-02-16 18:17:30,096 : INFO : EventManager : Event: ======'player_shot_reentryL_shot'====== Args={'value': 0, 'prev_value': 1, 'change': -1, 'player_num': 1}
2023-02-16 18:17:30,099 : INFO : EventManager : Event: ======'player_shot_reentryM_shot'====== Args={'value': 0, 'prev_value': 1, 'change': -1, 'player_num': 1}
2023-02-16 18:17:30,101 : INFO : EventManager : Event: ======'player_shot_reentryR_shot'====== Args={'value': 0, 'prev_value': 1, 'change': -1, 'player_num': 1}
2023-02-16 18:17:32,327 : INFO : SwitchController : <<<<<<< 's_reentry_left' active >>>>>>>
2023-02-16 18:17:32,327 : INFO : EventManager : Event: ======'playfield_active'====== Args={}
2023-02-16 18:17:32,329 : INFO : EventManager : Event: ======'unexpected_ball_on_playfield'====== Args={}
2023-02-16 18:17:32,330 : INFO : EventManager : Event: ======'s_reentry_left_active'====== Args={}
2023-02-16 18:17:32,332 : INFO : EventManager : Event: ======'sw_playfield_active'====== Args={}
2023-02-16 18:17:32,333 : INFO : EventManager : Event: ======'machine_var_audits_switches_s_reentry_left'====== Args={'value': 480, 'prev_value': 479, 'change': 1}
2023-02-16 18:17:32,352 : INFO : EventManager : Event: ======'player_shot_reentryL_shot'====== Args={'value': 1, 'prev_value': 0, 'change': 1, 'player_num': 1}
2023-02-16 18:17:32,362 : INFO : EventManager : Event: ======'machine_var_audits_shots_reentryL_shot'====== Args={'value': 125, 'prev_value': 124, 'change': 1}
2023-02-16 18:17:32,364 : INFO : EventManager : Event: ======'reentryL_shot_hit'====== Args={'profile': 'default', 'state': 'unlit', 'advancing': True}
2023-02-16 18:17:32,364 : INFO : EventManager : Event: ======'reentryL_shot_default_hit'====== Args={'profile': 'default', 'state': 'unlit', 'advancing': True}
2023-02-16 18:17:32,365 : INFO : EventManager : Event: ======'reentryL_shot_default_unlit_hit'====== Args={'profile': 'default', 'state': 'unlit', 'advancing': True}
2023-02-16 18:17:32,365 : INFO : EventManager : Event: ======'reentryL_shot_unlit_hit'====== Args={'profile': 'default', 'state': 'unlit', 'advancing': True}
2023-02-16 18:17:32,365 : INFO : EventManager : Event: ======'logicblock_reentry_switch_counter_updated'====== Args={'value': 2, 'enabled': True}
2023-02-16 18:17:32,365 : INFO : EventManager : Event: ======'reentry_sound_active'====== Args={'count': 2}
2023-02-16 18:17:32,366 : INFO : EventManager : Event: ======'reentry_shot_hit'====== Args={}
2023-02-16 18:17:32,366 : INFO : EventManager : Event: ======'reentry_shot_unlit_hit'====== Args={}
2023-02-16 18:17:32,366 : INFO : EventManager : Event: ======'playfield_active'====== Args={}
2023-02-16 18:17:32,366 : INFO : EventManager : Event: ======'unexpected_ball_on_playfield'====== Args={}
2023-02-16 18:17:32,400 : INFO : SwitchController : <<<<<<< 's_reentry_middle' active >>>>>>>
2023-02-16 18:17:32,400 : INFO : EventManager : Event: ======'playfield_active'====== Args={}
2023-02-16 18:17:32,400 : INFO : EventManager : Event: ======'unexpected_ball_on_playfield'====== Args={}
2023-02-16 18:17:32,400 : INFO : EventManager : Event: ======'s_reentry_middle_active'====== Args={}
2023-02-16 18:17:32,401 : INFO : EventManager : Event: ======'sw_playfield_active'====== Args={}
2023-02-16 18:17:32,401 : INFO : EventManager : Event: ======'machine_var_audits_switches_s_reentry_middle'====== Args={'value': 198, 'prev_value': 197, 'change': 1}
2023-02-16 18:17:32,402 : INFO : EventManager : Event: ======'player_shot_reentryM_shot'====== Args={'value': 1, 'prev_value': 0, 'change': 1, 'player_num': 1}
2023-02-16 18:17:32,402 : INFO : EventManager : Event: ======'machine_var_audits_shots_reentryM_shot'====== Args={'value': 124, 'prev_value': 123, 'change': 1}
2023-02-16 18:17:32,403 : INFO : EventManager : Event: ======'reentryM_shot_hit'====== Args={'profile': 'default', 'state': 'unlit', 'advancing': True}
2023-02-16 18:17:32,403 : INFO : EventManager : Event: ======'reentryM_shot_default_hit'====== Args={'profile': 'default', 'state': 'unlit', 'advancing': True}
2023-02-16 18:17:32,403 : INFO : EventManager : Event: ======'reentryM_shot_default_unlit_hit'====== Args={'profile': 'default', 'state': 'unlit', 'advancing': True}
2023-02-16 18:17:32,403 : INFO : EventManager : Event: ======'reentryM_shot_unlit_hit'====== Args={'profile': 'default', 'state': 'unlit', 'advancing': True}
2023-02-16 18:17:32,404 : INFO : EventManager : Event: ======'reentry_shot_hit'====== Args={}
2023-02-16 18:17:32,404 : INFO : EventManager : Event: ======'reentry_shot_unlit_hit'====== Args={}
2023-02-16 18:17:32,404 : INFO : EventManager : Event: ======'playfield_active'====== Args={}
2023-02-16 18:17:32,404 : INFO : EventManager : Event: ======'unexpected_ball_on_playfield'====== Args={}
2023-02-16 18:17:32,488 : INFO : SwitchController : <<<<<<< 's_reentry_left' inactive >>>>>>>
2023-02-16 18:17:32,514 : INFO : SwitchController : <<<<<<< 's_reentry_right' active >>>>>>>
2023-02-16 18:17:32,514 : INFO : EventManager : Event: ======'playfield_active'====== Args={}
2023-02-16 18:17:32,514 : INFO : EventManager : Event: ======'unexpected_ball_on_playfield'====== Args={}
2023-02-16 18:17:32,514 : INFO : EventManager : Event: ======'s_reentry_right_active'====== Args={}
2023-02-16 18:17:32,514 : INFO : EventManager : Event: ======'machine_var_audits_switches_s_reentry_right'====== Args={'value': 163, 'prev_value': 162, 'change': 1}
2023-02-16 18:17:32,515 : INFO : EventManager : Event: ======'player_shot_reentryR_shot'====== Args={'value': 1, 'prev_value': 0, 'change': 1, 'player_num': 1}
2023-02-16 18:17:32,515 : INFO : EventManager : Event: ======'machine_var_audits_shots_reentryR_shot'====== Args={'value': 105, 'prev_value': 104, 'change': 1}
2023-02-16 18:17:32,516 : INFO : EventManager : Event: ======'reentryR_shot_hit'====== Args={'profile': 'default', 'state': 'unlit', 'advancing': True}
2023-02-16 18:17:32,516 : INFO : EventManager : Event: ======'reentryR_shot_default_hit'====== Args={'profile': 'default', 'state': 'unlit', 'advancing': True}
2023-02-16 18:17:32,516 : INFO : EventManager : Event: ======'reentryR_shot_default_unlit_hit'====== Args={'profile': 'default', 'state': 'unlit', 'advancing': True}
2023-02-16 18:17:32,516 : INFO : EventManager : Event: ======'reentryR_shot_unlit_hit'====== Args={'profile': 'default', 'state': 'unlit', 'advancing': True}
2023-02-16 18:17:32,516 : INFO : EventManager : Event: ======'reentry_shot_complete'====== Args={'state': 'lit'}
2023-02-16 18:17:32,517 : INFO : EventManager : Event: ======'reentry_shot_lit_complete'====== Args={}
2023-02-16 18:17:32,517 : INFO : EventManager : Event: ======'reentry_shot_hit'====== Args={}
2023-02-16 18:17:32,517 : INFO : EventManager : Event: ======'reentry_shot_unlit_hit'====== Args={}
2023-02-16 18:17:32,517 : INFO : EventManager : Event: ======'player_score'====== Args={'value': 10000, 'prev_value': 5000, 'change': 5000, 'player_num': 1}
2023-02-16 18:17:32,578 : INFO : SwitchController : <<<<<<< 's_reentry_middle' inactive >>>>>>>
2023-02-16 18:17:32,692 : INFO : SwitchController : <<<<<<< 's_reentry_right' inactive >>>>>>>
2023-02-16 18:17:35,951 : INFO : EventManager : Event: ======'balldevice_bd_trough_ball_eject_failed'====== Args={'target': <ball_device.bd_plunger>, 'balls': 1, 'retry': True, 'num_attempts': 2}
2023-02-16 18:17:35,953 : INFO : ball_device.bd_trough : State: waiting_for_target_ready
2023-02-16 18:17:35,953 : INFO : EventManager : Event: ======'balldevice_bd_trough_ball_eject_attempt'====== Args={'balls': 1, 'target': <ball_device.bd_plunger>, 'source': <ball_device.bd_trough>, 'mechanical_eject': True, 'num_attempts': 2}
2023-02-16 18:17:35,954 : INFO : ball_device.bd_trough : State: ejecting
2023-02-16 18:17:35,955 : INFO : ball_device.bd_trough : Ejecting ball to <ball_device.bd_plunger>
2023-02-16 18:17:35,955 : INFO : EventManager : Event: ======'balldevice_bd_trough_ejecting_ball'====== Args={'balls': 1, 'target': <ball_device.bd_plunger>, 'source': <ball_device.bd_trough>, 'mechanical_eject': True, 'num_attempts': 2}
2023-02-16 18:17:35,956 : INFO : ball_device.bd_trough : Wait for ball to leave device
2023-02-16 18:17:35,956 : INFO : coil.c_trough_eject : Pulsing Driver for 10ms (1.0 pulse_power)
2023-02-16 18:17:37,535 : INFO : EventManager : Event: ======'player_shot_reentryL_shot'====== Args={'value': 0, 'prev_value': 1, 'change': -1, 'player_num': 1}
2023-02-16 18:17:37,538 : INFO : EventManager : Event: ======'player_shot_reentryM_shot'====== Args={'value': 0, 'prev_value': 1, 'change': -1, 'player_num': 1}
2023-02-16 18:17:37,541 : INFO : EventManager : Event: ======'player_shot_reentryR_shot'====== Args={'value': 0, 'prev_value': 1, 'change': -1, 'player_num': 1}
2023-02-16 18:17:38,414 : INFO : SwitchController : <<<<<<< 's_reentry_left' active >>>>>>>
2023-02-16 18:17:38,415 : INFO : EventManager : Event: ======'playfield_active'====== Args={}
2023-02-16 18:17:38,416 : INFO : EventManager : Event: ======'unexpected_ball_on_playfield'====== Args={}
2023-02-16 18:17:38,416 : INFO : EventManager : Event: ======'s_reentry_left_active'====== Args={}
2023-02-16 18:17:38,418 : INFO : EventManager : Event: ======'sw_playfield_active'====== Args={}
2023-02-16 18:17:38,420 : INFO : EventManager : Event: ======'machine_var_audits_switches_s_reentry_left'====== Args={'value': 481, 'prev_value': 480, 'change': 1}
2023-02-16 18:17:38,423 : INFO : EventManager : Event: ======'player_shot_reentryL_shot'====== Args={'value': 1, 'prev_value': 0, 'change': 1, 'player_num': 1}
2023-02-16 18:17:38,436 : INFO : EventManager : Event: ======'machine_var_audits_shots_reentryL_shot'====== Args={'value': 126, 'prev_value': 125, 'change': 1}
2023-02-16 18:17:38,437 : INFO : EventManager : Event: ======'reentryL_shot_hit'====== Args={'profile': 'default', 'state': 'unlit', 'advancing': True}
2023-02-16 18:17:38,437 : INFO : EventManager : Event: ======'reentryL_shot_default_hit'====== Args={'profile': 'default', 'state': 'unlit', 'advancing': True}
2023-02-16 18:17:38,437 : INFO : EventManager : Event: ======'reentryL_shot_default_unlit_hit'====== Args={'profile': 'default', 'state': 'unlit', 'advancing': True}
2023-02-16 18:17:38,437 : INFO : EventManager : Event: ======'reentryL_shot_unlit_hit'====== Args={'profile': 'default', 'state': 'unlit', 'advancing': True}
2023-02-16 18:17:38,438 : INFO : EventManager : Event: ======'logicblock_reentry_switch_counter_updated'====== Args={'value': 3, 'enabled': True}
2023-02-16 18:17:38,438 : INFO : EventManager : Event: ======'reentry_sound_active'====== Args={'count': 3}
2023-02-16 18:17:38,438 : INFO : EventManager : Event: ======'reentry_shot_hit'====== Args={}
2023-02-16 18:17:38,438 : INFO : EventManager : Event: ======'reentry_shot_unlit_hit'====== Args={}
2023-02-16 18:17:38,439 : INFO : EventManager : Event: ======'playfield_active'====== Args={}
2023-02-16 18:17:38,439 : INFO : EventManager : Event: ======'unexpected_ball_on_playfield'====== Args={}
2023-02-16 18:17:38,514 : INFO : SwitchController : <<<<<<< 's_reentry_left' inactive >>>>>>>
2023-02-16 18:17:39,109 : INFO : SwitchController : <<<<<<< 's_reentry_middle' active >>>>>>>
2023-02-16 18:17:39,109 : INFO : EventManager : Event: ======'playfield_active'====== Args={}
2023-02-16 18:17:39,110 : INFO : EventManager : Event: ======'unexpected_ball_on_playfield'====== Args={}
2023-02-16 18:17:39,112 : INFO : EventManager : Event: ======'s_reentry_middle_active'====== Args={}
2023-02-16 18:17:39,113 : INFO : EventManager : Event: ======'sw_playfield_active'====== Args={}
2023-02-16 18:17:39,115 : INFO : EventManager : Event: ======'machine_var_audits_switches_s_reentry_middle'====== Args={'value': 199, 'prev_value': 198, 'change': 1}
2023-02-16 18:17:39,118 : INFO : EventManager : Event: ======'player_shot_reentryM_shot'====== Args={'value': 1, 'prev_value': 0, 'change': 1, 'player_num': 1}
2023-02-16 18:17:39,120 : INFO : EventManager : Event: ======'machine_var_audits_shots_reentryM_shot'====== Args={'value': 125, 'prev_value': 124, 'change': 1}
2023-02-16 18:17:39,123 : INFO : EventManager : Event: ======'reentryM_shot_hit'====== Args={'profile': 'default', 'state': 'unlit', 'advancing': True}
2023-02-16 18:17:39,125 : INFO : EventManager : Event: ======'reentryM_shot_default_hit'====== Args={'profile': 'default', 'state': 'unlit', 'advancing': True}
2023-02-16 18:17:39,126 : INFO : EventManager : Event: ======'reentryM_shot_default_unlit_hit'====== Args={'profile': 'default', 'state': 'unlit', 'advancing': True}
2023-02-16 18:17:39,127 : INFO : EventManager : Event: ======'reentryM_shot_unlit_hit'====== Args={'profile': 'default', 'state': 'unlit', 'advancing': True}
2023-02-16 18:17:39,129 : INFO : EventManager : Event: ======'reentry_shot_hit'====== Args={}
2023-02-16 18:17:39,130 : INFO : EventManager : Event: ======'reentry_shot_unlit_hit'====== Args={}
2023-02-16 18:17:39,132 : INFO : EventManager : Event: ======'playfield_active'====== Args={}
2023-02-16 18:17:39,132 : INFO : EventManager : Event: ======'unexpected_ball_on_playfield'====== Args={}
2023-02-16 18:17:39,263 : INFO : SwitchController : <<<<<<< 's_reentry_middle' inactive >>>>>>>
2023-02-16 18:17:40,050 : INFO : SwitchController : <<<<<<< 's_reentry_right' active >>>>>>>
2023-02-16 18:17:40,050 : INFO : EventManager : Event: ======'playfield_active'====== Args={}
2023-02-16 18:17:40,050 : INFO : EventManager : Event: ======'unexpected_ball_on_playfield'====== Args={}
2023-02-16 18:17:40,050 : INFO : EventManager : Event: ======'s_reentry_right_active'====== Args={}
2023-02-16 18:17:40,050 : INFO : EventManager : Event: ======'machine_var_audits_switches_s_reentry_right'====== Args={'value': 164, 'prev_value': 163, 'change': 1}
2023-02-16 18:17:40,051 : INFO : EventManager : Event: ======'player_shot_reentryR_shot'====== Args={'value': 1, 'prev_value': 0, 'change': 1, 'player_num': 1}
2023-02-16 18:17:40,051 : INFO : EventManager : Event: ======'machine_var_audits_shots_reentryR_shot'====== Args={'value': 106, 'prev_value': 105, 'change': 1}
2023-02-16 18:17:40,052 : INFO : EventManager : Event: ======'reentryR_shot_hit'====== Args={'profile': 'default', 'state': 'unlit', 'advancing': True}
2023-02-16 18:17:40,052 : INFO : EventManager : Event: ======'reentryR_shot_default_hit'====== Args={'profile': 'default', 'state': 'unlit', 'advancing': True}
2023-02-16 18:17:40,052 : INFO : EventManager : Event: ======'reentryR_shot_default_unlit_hit'====== Args={'profile': 'default', 'state': 'unlit', 'advancing': True}
2023-02-16 18:17:40,053 : INFO : EventManager : Event: ======'reentryR_shot_unlit_hit'====== Args={'profile': 'default', 'state': 'unlit', 'advancing': True}
2023-02-16 18:17:40,053 : INFO : EventManager : Event: ======'reentry_shot_complete'====== Args={'state': 'lit'}
2023-02-16 18:17:40,053 : INFO : EventManager : Event: ======'reentry_shot_lit_complete'====== Args={}
2023-02-16 18:17:40,053 : INFO : EventManager : Event: ======'reentry_shot_hit'====== Args={}
2023-02-16 18:17:40,053 : INFO : EventManager : Event: ======'reentry_shot_unlit_hit'====== Args={}
2023-02-16 18:17:40,054 : INFO : EventManager : Event: ======'player_score'====== Args={'value': 15000, 'prev_value': 10000, 'change': 5000, 'player_num': 1}
2023-02-16 18:17:40,226 : INFO : SwitchController : <<<<<<< 's_reentry_right' inactive >>>>>>>
2023-02-16 18:17:45,076 : INFO : EventManager : Event: ======'player_shot_reentryL_shot'====== Args={'value': 0, 'prev_value': 1, 'change': -1, 'player_num': 1}
2023-02-16 18:17:45,078 : INFO : EventManager : Event: ======'player_shot_reentryM_shot'====== Args={'value': 0, 'prev_value': 1, 'change': -1, 'player_num': 1}
2023-02-16 18:17:45,079 : INFO : EventManager : Event: ======'player_shot_reentryR_shot'====== Args={'value': 0, 'prev_value': 1, 'change': -1, 'player_num': 1}
2023-02-16 18:17:45,961 : INFO : EventManager : Event: ======'balldevice_bd_trough_ball_eject_failed'====== Args={'target': <ball_device.bd_plunger>, 'balls': 1, 'retry': True, 'num_attempts': 3}
2023-02-16 18:17:45,964 : INFO : ball_device.bd_trough : State: waiting_for_target_ready
2023-02-16 18:17:45,965 : INFO : EventManager : Event: ======'balldevice_bd_trough_ball_eject_attempt'====== Args={'balls': 1, 'target': <ball_device.bd_plunger>, 'source': <ball_device.bd_trough>, 'mechanical_eject': True, 'num_attempts': 3}
2023-02-16 18:17:45,967 : INFO : ball_device.bd_trough : State: ejecting
2023-02-16 18:17:45,968 : INFO : ball_device.bd_trough : Ejecting ball to <ball_device.bd_plunger>
2023-02-16 18:17:45,968 : INFO : EventManager : Event: ======'balldevice_bd_trough_ejecting_ball'====== Args={'balls': 1, 'target': <ball_device.bd_plunger>, 'source': <ball_device.bd_trough>, 'mechanical_eject': True, 'num_attempts': 3}
2023-02-16 18:17:45,971 : INFO : ball_device.bd_trough : Wait for ball to leave device
2023-02-16 18:17:45,972 : INFO : coil.c_trough_eject : Pulsing Driver for 10ms (1.0 pulse_power)
2023-02-16 18:17:55,953 : INFO : EventManager : Event: ======'balldevice_bd_trough_ball_eject_failed'====== Args={'target': <ball_device.bd_plunger>, 'balls': 1, 'retry': True, 'num_attempts': 4}
2023-02-16 18:17:55,956 : INFO : ball_device.bd_trough : State: waiting_for_target_ready
2023-02-16 18:17:55,957 : INFO : EventManager : Event: ======'balldevice_bd_trough_ball_eject_attempt'====== Args={'balls': 1, 'target': <ball_device.bd_plunger>, 'source': <ball_device.bd_trough>, 'mechanical_eject': True, 'num_attempts': 4}
2023-02-16 18:17:55,959 : INFO : ball_device.bd_trough : State: ejecting
2023-02-16 18:17:55,960 : INFO : ball_device.bd_trough : Ejecting ball to <ball_device.bd_plunger>
2023-02-16 18:17:55,960 : INFO : EventManager : Event: ======'balldevice_bd_trough_ejecting_ball'====== Args={'balls': 1, 'target': <ball_device.bd_plunger>, 'source': <ball_device.bd_trough>, 'mechanical_eject': True, 'num_attempts': 4}
2023-02-16 18:17:55,963 : INFO : ball_device.bd_trough : Wait for ball to leave device
2023-02-16 18:17:55,964 : INFO : coil.c_trough_eject : Pulsing Driver for 10ms (1.0 pulse_power)
2023-02-16 18:18:05,970 : INFO : EventManager : Event: ======'balldevice_bd_trough_ball_eject_failed'====== Args={'target': <ball_device.bd_plunger>, 'balls': 1, 'retry': True, 'num_attempts': 5}
2023-02-16 18:18:05,973 : INFO : ball_device.bd_trough : State: waiting_for_target_ready
2023-02-16 18:18:05,974 : INFO : EventManager : Event: ======'balldevice_bd_trough_ball_eject_attempt'====== Args={'balls': 1, 'target': <ball_device.bd_plunger>, 'source': <ball_device.bd_trough>, 'mechanical_eject': True, 'num_attempts': 5}
2023-02-16 18:18:05,976 : INFO : ball_device.bd_trough : State: ejecting
2023-02-16 18:18:05,978 : INFO : ball_device.bd_trough : Ejecting ball to <ball_device.bd_plunger>
2023-02-16 18:18:05,978 : INFO : EventManager : Event: ======'balldevice_bd_trough_ejecting_ball'====== Args={'balls': 1, 'target': <ball_device.bd_plunger>, 'source': <ball_device.bd_trough>, 'mechanical_eject': True, 'num_attempts': 5}
2023-02-16 18:18:05,980 : INFO : ball_device.bd_trough : Wait for ball to leave device
2023-02-16 18:18:05,981 : INFO : coil.c_trough_eject : Pulsing Driver for 10ms (1.0 pulse_power)
2023-02-16 18:18:15,987 : INFO : EventManager : Event: ======'balldevice_bd_trough_ball_eject_failed'====== Args={'target': <ball_device.bd_plunger>, 'balls': 1, 'retry': True, 'num_attempts': 6}
2023-02-16 18:18:15,989 : INFO : ball_device.bd_trough : State: waiting_for_target_ready
2023-02-16 18:18:15,990 : INFO : EventManager : Event: ======'balldevice_bd_trough_ball_eject_attempt'====== Args={'balls': 1, 'target': <ball_device.bd_plunger>, 'source': <ball_device.bd_trough>, 'mechanical_eject': True, 'num_attempts': 6}
2023-02-16 18:18:15,992 : INFO : ball_device.bd_trough : State: ejecting
2023-02-16 18:18:15,994 : INFO : ball_device.bd_trough : Ejecting ball to <ball_device.bd_plunger>
2023-02-16 18:18:15,994 : INFO : EventManager : Event: ======'balldevice_bd_trough_ejecting_ball'====== Args={'balls': 1, 'target': <ball_device.bd_plunger>, 'source': <ball_device.bd_trough>, 'mechanical_eject': True, 'num_attempts': 6}
2023-02-16 18:18:15,996 : INFO : ball_device.bd_trough : Wait for ball to leave device
2023-02-16 18:18:15,997 : INFO : coil.c_trough_eject : Pulsing Driver for 10ms (1.0 pulse_power)
2023-02-16 18:18:25,977 : INFO : EventManager : Event: ======'balldevice_bd_trough_ball_eject_failed'====== Args={'target': <ball_device.bd_plunger>, 'balls': 1, 'retry': True, 'num_attempts': 7}
2023-02-16 18:18:25,979 : INFO : ball_device.bd_trough : State: waiting_for_target_ready
2023-02-16 18:18:25,980 : INFO : EventManager : Event: ======'balldevice_bd_trough_ball_eject_attempt'====== Args={'balls': 1, 'target': <ball_device.bd_plunger>, 'source': <ball_device.bd_trough>, 'mechanical_eject': True, 'num_attempts': 7}
2023-02-16 18:18:25,982 : INFO : ball_device.bd_trough : State: ejecting
2023-02-16 18:18:25,983 : INFO : ball_device.bd_trough : Ejecting ball to <ball_device.bd_plunger>
2023-02-16 18:18:25,984 : INFO : EventManager : Event: ======'balldevice_bd_trough_ejecting_ball'====== Args={'balls': 1, 'target': <ball_device.bd_plunger>, 'source': <ball_device.bd_trough>, 'mechanical_eject': True, 'num_attempts': 7}
2023-02-16 18:18:25,985 : INFO : ball_device.bd_trough : Wait for ball to leave device
2023-02-16 18:18:25,986 : INFO : coil.c_trough_eject : Pulsing Driver for 10ms (1.0 pulse_power)
2023-02-16 18:18:35,993 : INFO : EventManager : Event: ======'balldevice_bd_trough_ball_eject_failed'====== Args={'target': <ball_device.bd_plunger>, 'balls': 1, 'retry': True, 'num_attempts': 8}
2023-02-16 18:18:35,996 : INFO : ball_device.bd_trough : State: waiting_for_target_ready
2023-02-16 18:18:35,998 : INFO : EventManager : Event: ======'balldevice_bd_trough_ball_eject_attempt'====== Args={'balls': 1, 'target': <ball_device.bd_plunger>, 'source': <ball_device.bd_trough>, 'mechanical_eject': True, 'num_attempts': 8}
2023-02-16 18:18:35,999 : INFO : ball_device.bd_trough : State: ejecting
2023-02-16 18:18:36,000 : INFO : ball_device.bd_trough : Ejecting ball to <ball_device.bd_plunger>
2023-02-16 18:18:36,000 : INFO : EventManager : Event: ======'balldevice_bd_trough_ejecting_ball'====== Args={'balls': 1, 'target': <ball_device.bd_plunger>, 'source': <ball_device.bd_trough>, 'mechanical_eject': True, 'num_attempts': 8}
2023-02-16 18:18:36,002 : INFO : ball_device.bd_trough : Wait for ball to leave device
2023-02-16 18:18:36,003 : INFO : coil.c_trough_eject : Pulsing Driver for 10ms (1.0 pulse_power)
2023-02-16 18:18:45,995 : INFO : EventManager : Event: ======'balldevice_bd_trough_ball_eject_failed'====== Args={'target': <ball_device.bd_plunger>, 'balls': 1, 'retry': True, 'num_attempts': 9}
2023-02-16 18:18:45,998 : INFO : ball_device.bd_trough : State: waiting_for_target_ready
2023-02-16 18:18:46,000 : INFO : EventManager : Event: ======'balldevice_bd_trough_ball_eject_attempt'====== Args={'balls': 1, 'target': <ball_device.bd_plunger>, 'source': <ball_device.bd_trough>, 'mechanical_eject': True, 'num_attempts': 9}
2023-02-16 18:18:46,001 : INFO : ball_device.bd_trough : State: ejecting
2023-02-16 18:18:46,003 : INFO : ball_device.bd_trough : Ejecting ball to <ball_device.bd_plunger>
2023-02-16 18:18:46,003 : INFO : EventManager : Event: ======'balldevice_bd_trough_ejecting_ball'====== Args={'balls': 1, 'target': <ball_device.bd_plunger>, 'source': <ball_device.bd_trough>, 'mechanical_eject': True, 'num_attempts': 9}
2023-02-16 18:18:46,006 : INFO : ball_device.bd_trough : Wait for ball to leave device
2023-02-16 18:18:46,007 : INFO : coil.c_trough_eject : Pulsing Driver for 10ms (1.0 pulse_power)
2023-02-16 18:18:56,027 : INFO : EventManager : Event: ======'balldevice_bd_trough_ball_eject_failed'====== Args={'target': <ball_device.bd_plunger>, 'balls': 1, 'retry': True, 'num_attempts': 10}
2023-02-16 18:18:56,030 : INFO : ball_device.bd_trough : State: waiting_for_target_ready
2023-02-16 18:18:56,032 : INFO : EventManager : Event: ======'balldevice_bd_trough_ball_eject_attempt'====== Args={'balls': 1, 'target': <ball_device.bd_plunger>, 'source': <ball_device.bd_trough>, 'mechanical_eject': True, 'num_attempts': 10}
2023-02-16 18:18:56,033 : INFO : ball_device.bd_trough : State: ejecting
2023-02-16 18:18:56,035 : INFO : ball_device.bd_trough : Ejecting ball to <ball_device.bd_plunger>
2023-02-16 18:18:56,035 : INFO : EventManager : Event: ======'balldevice_bd_trough_ejecting_ball'====== Args={'balls': 1, 'target': <ball_device.bd_plunger>, 'source': <ball_device.bd_trough>, 'mechanical_eject': True, 'num_attempts': 10}
2023-02-16 18:18:56,038 : INFO : ball_device.bd_trough : Wait for ball to leave device
2023-02-16 18:18:56,038 : INFO : coil.c_trough_eject : Pulsing Driver for 10ms (1.0 pulse_power)
2023-02-16 18:19:06,045 : INFO : EventManager : Event: ======'balldevice_bd_trough_ball_eject_failed'====== Args={'target': <ball_device.bd_plunger>, 'balls': 1, 'retry': True, 'num_attempts': 11}
2023-02-16 18:19:06,047 : INFO : ball_device.bd_trough : State: waiting_for_target_ready
2023-02-16 18:19:06,048 : INFO : EventManager : Event: ======'balldevice_bd_trough_ball_eject_attempt'====== Args={'balls': 1, 'target': <ball_device.bd_plunger>, 'source': <ball_device.bd_trough>, 'mechanical_eject': True, 'num_attempts': 11}
2023-02-16 18:19:06,050 : INFO : ball_device.bd_trough : State: ejecting
2023-02-16 18:19:06,052 : INFO : ball_device.bd_trough : Ejecting ball to <ball_device.bd_plunger>
2023-02-16 18:19:06,052 : INFO : EventManager : Event: ======'balldevice_bd_trough_ejecting_ball'====== Args={'balls': 1, 'target': <ball_device.bd_plunger>, 'source': <ball_device.bd_trough>, 'mechanical_eject': True, 'num_attempts': 11}
2023-02-16 18:19:06,054 : INFO : ball_device.bd_trough : Wait for ball to leave device
2023-02-16 18:19:06,055 : INFO : coil.c_trough_eject : Pulsing Driver for 10ms (1.0 pulse_power)
2023-02-16 18:19:16,060 : INFO : EventManager : Event: ======'balldevice_bd_trough_ball_eject_failed'====== Args={'target': <ball_device.bd_plunger>, 'balls': 1, 'retry': True, 'num_attempts': 12}
2023-02-16 18:19:16,061 : INFO : ball_device.bd_trough : State: waiting_for_target_ready
2023-02-16 18:19:16,061 : INFO : EventManager : Event: ======'balldevice_bd_trough_ball_eject_attempt'====== Args={'balls': 1, 'target': <ball_device.bd_plunger>, 'source': <ball_device.bd_trough>, 'mechanical_eject': True, 'num_attempts': 12}
2023-02-16 18:19:16,062 : INFO : ball_device.bd_trough : State: ejecting
2023-02-16 18:19:16,062 : INFO : ball_device.bd_trough : Ejecting ball to <ball_device.bd_plunger>
2023-02-16 18:19:16,062 : INFO : EventManager : Event: ======'balldevice_bd_trough_ejecting_ball'====== Args={'balls': 1, 'target': <ball_device.bd_plunger>, 'source': <ball_device.bd_trough>, 'mechanical_eject': True, 'num_attempts': 12}
2023-02-16 18:19:16,063 : INFO : ball_device.bd_trough : Wait for ball to leave device
2023-02-16 18:19:16,063 : INFO : coil.c_trough_eject : Pulsing Driver for 10ms (1.0 pulse_power)
2023-02-16 18:19:26,065 : INFO : EventManager : Event: ======'balldevice_bd_trough_ball_eject_failed'====== Args={'target': <ball_device.bd_plunger>, 'balls': 1, 'retry': True, 'num_attempts': 13}
2023-02-16 18:19:26,066 : INFO : ball_device.bd_trough : State: waiting_for_target_ready
2023-02-16 18:19:26,066 : INFO : EventManager : Event: ======'balldevice_bd_trough_ball_eject_attempt'====== Args={'balls': 1, 'target': <ball_device.bd_plunger>, 'source': <ball_device.bd_trough>, 'mechanical_eject': True, 'num_attempts': 13}
2023-02-16 18:19:26,067 : INFO : ball_device.bd_trough : State: ejecting
2023-02-16 18:19:26,067 : INFO : ball_device.bd_trough : Ejecting ball to <ball_device.bd_plunger>
2023-02-16 18:19:26,067 : INFO : EventManager : Event: ======'balldevice_bd_trough_ejecting_ball'====== Args={'balls': 1, 'target': <ball_device.bd_plunger>, 'source': <ball_device.bd_trough>, 'mechanical_eject': True, 'num_attempts': 13}
2023-02-16 18:19:26,068 : INFO : ball_device.bd_trough : Wait for ball to leave device
2023-02-16 18:19:26,068 : INFO : coil.c_trough_eject : Pulsing Driver for 10ms (1.0 pulse_power)
2023-02-16 18:19:29,450 : INFO : Machine : Shutting down...
2023-02-16 18:19:29,450 : INFO : EventManager : Event: ======'shutdown'====== Args={}
2023-02-16 18:19:29,460 : INFO : root : MPF run loop ended.
