2023-12-06 19:56:32,964 : INFO : root : Loading config.
2023-12-06 19:56:32,964 : INFO : YamlMultifileConfigLoader : Machine config file #1: config.yaml
2023-12-06 19:56:32,964 : INFO : ConfigProcessor : Loading config from cache: C:\Users\student\AppData\Local\Temp\f1427cd4cbc9163bc2263f349f0fb463.mpf_cache
2023-12-06 19:56:33,027 : INFO : ConfigProcessor : Loading config from cache: C:\Users\student\AppData\Local\Temp\32ed7ad340ce8029344f8b9ff63edc80.mpf_cache
2023-12-06 19:56:33,027 : INFO : ConfigProcessor : Loading config from cache: C:\Users\student\AppData\Local\Temp\8696bd5a5a040ff67990be11cb4d3c0c.mpf_cache
2023-12-06 19:56:33,027 : INFO : ConfigProcessor : Loading config from cache: C:\Users\student\AppData\Local\Temp\4675a535c8328a9c278c807d999ed109.mpf_cache
2023-12-06 19:56:33,027 : INFO : ConfigProcessor : Loading config from cache: C:\Users\student\AppData\Local\Temp\0c8438cab3480347c0c749fa494946a2.mpf_cache
2023-12-06 19:56:33,027 : WARNING : ConfigProcessor : Config file in cache changed: C:\Users\student\pinball\cobraPinTest1\modes\medal\config\medal.yaml
2023-12-06 19:56:33,027 : INFO : ConfigProcessor : Loading config from file C:\Users\student\pinball\cobraPinTest1\modes\medal\config\medal.yaml.
2023-12-06 19:56:33,058 : INFO : ConfigProcessor : Loading config: C:\Users\student\pinball\cobraPinTest1\modes\medal\config\medal.yaml
2023-12-06 19:56:33,058 : INFO : ConfigProcessor : Config file cache created: C:\Users\student\AppData\Local\Temp\edae2e0e7aeda847f5007d89f37fc8de.mpf_cache
2023-12-06 19:56:33,058 : INFO : ConfigProcessor : Loading config from cache: C:\Users\student\AppData\Local\Temp\f8d2c2cf3ea01f085365ea23fa51a701.mpf_cache
2023-12-06 19:56:33,058 : INFO : ConfigProcessor : Loading config from cache: C:\Users\student\AppData\Local\Temp\30bd992f4b62a9b099207aebeb59554c.mpf_cache
2023-12-06 19:56:33,065 : INFO : Machine : Mission Pinball Framework Core Engine v0.55.0
2023-12-06 19:56:33,065 : INFO : Machine : Command line arguments: {'no_load_cache': False, 'create_config_cache': True, 'bcp': True, 'configfile': ['config.yaml'], 'force_assets_load': False, 'jsonlogging': False, 'logfile': 'logs\\2023-12-06-19-56-32-mpf-DESKTOP-0JH7ARL.log', 'pause': False, 'production': False, 'text_ui': True, 'loglevel': 15, 'consoleloglevel': 20, 'force_platform': None, 'syslog_address': None, 'mc_file_name': None, 'no_sound': False}
2023-12-06 19:56:33,065 : INFO : Machine : MPF path: c:\users\student\mpfenv\lib\site-packages\mpf
2023-12-06 19:56:33,065 : INFO : Machine : Machine path: C:\Users\student\pinball\cobraPinTest1
2023-12-06 19:56:33,065 : INFO : Machine : Platform: win32
2023-12-06 19:56:33,065 : INFO : Machine : Python executable location: c:\users\student\mpfenv\scripts\python.exe
2023-12-06 19:56:33,065 : INFO : Machine : Python version: 3.7.8 (64-bit)
2023-12-06 19:56:33,065 : INFO : Machine : Initialise MPF.
2023-12-06 19:56:33,619 : INFO : EventManager : Event: ======'machine_var_credits_string'====== Args={'value': 'FREE PLAY', 'prev_value': None, 'change': True}
2023-12-06 19:56:33,663 : INFO : EventManager : Event: ======'machine_var_master_volume'====== Args={'value': 0.5, 'prev_value': None, 'change': True}
2023-12-06 19:56:33,663 : INFO : EventManager : Event: ======'machine_var_player1_score'====== Args={'value': 1500, 'prev_value': None, 'change': True}
2023-12-06 19:56:33,663 : INFO : EventManager : Event: ======'machine_var_mpf_version'====== Args={'value': 'MPF v0.55.0', 'prev_value': None, 'change': True}
2023-12-06 19:56:33,663 : INFO : EventManager : Event: ======'machine_var_mpf_extended_version'====== Args={'value': 'MPF v0.55.0, Config version:5, Show version: 5, BCP version:1.1', 'prev_value': None, 'change': True}
2023-12-06 19:56:33,663 : INFO : EventManager : Event: ======'machine_var_python_version'====== Args={'value': '3.7.8', 'prev_value': None, 'change': True}
2023-12-06 19:56:33,664 : INFO : EventManager : Event: ======'machine_var_platform'====== Args={'value': 'Windows-10-10.0.19041-SP0', 'prev_value': None, 'change': True}
2023-12-06 19:56:33,664 : INFO : EventManager : Event: ======'machine_var_platform_system'====== Args={'value': 'Windows', 'prev_value': None, 'change': True}
2023-12-06 19:56:33,664 : INFO : EventManager : Event: ======'machine_var_platform_release'====== Args={'value': '10', 'prev_value': None, 'change': True}
2023-12-06 19:56:33,664 : INFO : EventManager : Event: ======'machine_var_platform_version'====== Args={'value': '10.0.19041', 'prev_value': None, 'change': True}
2023-12-06 19:56:33,664 : INFO : EventManager : Event: ======'machine_var_platform_machine'====== Args={'value': 'AMD64', 'prev_value': None, 'change': True}
2023-12-06 19:56:33,664 : INFO : EventManager : Event: ======'init_phase_1'====== Args={}
2023-12-06 19:56:33,682 : INFO : EventManager : Event: ======'init_phase_2'====== Args={}
2023-12-06 19:56:33,683 : INFO : SwitchController : Found active switch: ('0-0-8', <Platform.Virtual>) <switch.s_trough1>
2023-12-06 19:56:33,686 : INFO : EventManager : Event: ======'bcp_connection_attempt'====== Args={'name': 'local_display', 'host': 'localhost', 'port': 5050}
2023-12-06 19:56:33,688 : INFO : BCPClientSocket : Connecting BCP to 'local_display' at localhost:5050...
2023-12-06 19:56:35,731 : INFO : BCPClientSocket : Connected BCP to 'local_display' localhost:5050
2023-12-06 19:56:35,733 : INFO : EventManager : Event: ======'bcp_clients_connected'====== Args={}
2023-12-06 19:56:35,744 : INFO : ball_device.bd_trough : BCH: Initial count: 1
2023-12-06 19:56:35,745 : INFO : EventManager : Event: ======'machine_var_mc_version'====== Args={'value': 'MPF-MC v0.55.0', 'prev_value': None, 'change': True}
2023-12-06 19:56:35,745 : INFO : EventManager : Event: ======'machine_var_mc_extended_version'====== Args={'value': 'MPF-MC v0.55.0 (config_version=5, BCP v1.1, Requires MPF v0.55.0-dev.49)', 'prev_value': None, 'change': True}
2023-12-06 19:56:35,747 : INFO : ball_device.bd_trough : State: idle
2023-12-06 19:56:35,770 : INFO : ball_device.bd_plunger : BCH: Initial count: 0
2023-12-06 19:56:35,770 : INFO : ball_device.bd_plunger : State: idle
2023-12-06 19:56:35,832 : INFO : EventManager : Event: ======'init_phase_3'====== Args={}
2023-12-06 19:56:35,837 : INFO : EventManager : Event: ======'init_phase_4'====== Args={}
2023-12-06 19:56:35,837 : INFO : BallController : Initial balls found: 1
2023-12-06 19:56:35,838 : INFO : EventManager : Event: ======'machine_var_audits_events_game_ended'====== Args={'value': 0, 'prev_value': None, 'change': True}
2023-12-06 19:56:35,839 : INFO : EventManager : Event: ======'machine_var_audits_events_game_started'====== Args={'value': 0, 'prev_value': None, 'change': True}
2023-12-06 19:56:35,839 : INFO : EventManager : Event: ======'machine_var_audits_player_score'====== Args={'value': {'average': 1800.0, 'top': [2000, 1900, 1500], 'total': 3}, 'prev_value': None, 'change': True}
2023-12-06 19:56:35,839 : INFO : EventManager : Event: ======'machine_var_audits_shots_medalL_shot'====== Args={'value': 98, 'prev_value': None, 'change': True}
2023-12-06 19:56:35,839 : INFO : EventManager : Event: ======'machine_var_audits_shots_medalM_shot'====== Args={'value': 95, 'prev_value': None, 'change': True}
2023-12-06 19:56:35,839 : INFO : EventManager : Event: ======'machine_var_audits_shots_medalR_shot'====== Args={'value': 96, 'prev_value': None, 'change': True}
2023-12-06 19:56:35,840 : INFO : EventManager : Event: ======'machine_var_audits_shots_my_first_shot'====== Args={'value': 119, 'prev_value': None, 'change': True}
2023-12-06 19:56:35,840 : INFO : EventManager : Event: ======'machine_var_audits_shots_my_first_shot_mode2'====== Args={'value': 72, 'prev_value': None, 'change': True}
2023-12-06 19:56:35,840 : INFO : EventManager : Event: ======'machine_var_audits_shots_reentryL_shot'====== Args={'value': 397, 'prev_value': None, 'change': True}
2023-12-06 19:56:35,840 : INFO : EventManager : Event: ======'machine_var_audits_shots_reentryM_shot'====== Args={'value': 373, 'prev_value': None, 'change': True}
2023-12-06 19:56:35,840 : INFO : EventManager : Event: ======'machine_var_audits_shots_reentryR_shot'====== Args={'value': 341, 'prev_value': None, 'change': True}
2023-12-06 19:56:35,841 : INFO : EventManager : Event: ======'machine_var_audits_shots_reentry_shot'====== Args={'value': 9, 'prev_value': None, 'change': True}
2023-12-06 19:56:35,841 : INFO : EventManager : Event: ======'machine_var_audits_shots_top_lane_A'====== Args={'value': 12, 'prev_value': None, 'change': True}
2023-12-06 19:56:35,841 : INFO : EventManager : Event: ======'machine_var_audits_shots_top_lane_J'====== Args={'value': 12, 'prev_value': None, 'change': True}
2023-12-06 19:56:35,841 : INFO : EventManager : Event: ======'machine_var_audits_shots_top_lane_M'====== Args={'value': 9, 'prev_value': None, 'change': True}
2023-12-06 19:56:35,841 : INFO : EventManager : Event: ======'machine_var_audits_switches_s_blackhole_kicker'====== Args={'value': 0, 'prev_value': None, 'change': True}
2023-12-06 19:56:35,842 : INFO : EventManager : Event: ======'machine_var_audits_switches_s_bonus_lane'====== Args={'value': 0, 'prev_value': None, 'change': True}
2023-12-06 19:56:35,842 : INFO : EventManager : Event: ======'machine_var_audits_switches_s_booster_drop_target_1'====== Args={'value': 0, 'prev_value': None, 'change': True}
2023-12-06 19:56:35,842 : INFO : EventManager : Event: ======'machine_var_audits_switches_s_booster_drop_target_2'====== Args={'value': 0, 'prev_value': None, 'change': True}
2023-12-06 19:56:35,842 : INFO : EventManager : Event: ======'machine_var_audits_switches_s_booster_drop_target_3'====== Args={'value': 0, 'prev_value': None, 'change': True}
2023-12-06 19:56:35,843 : INFO : EventManager : Event: ======'machine_var_audits_switches_s_comet_spot_1'====== Args={'value': 0, 'prev_value': None, 'change': True}
2023-12-06 19:56:35,844 : INFO : EventManager : Event: ======'machine_var_audits_switches_s_comet_spot_2'====== Args={'value': 0, 'prev_value': None, 'change': True}
2023-12-06 19:56:35,845 : INFO : EventManager : Event: ======'machine_var_audits_switches_s_comet_spot_3'====== Args={'value': 0, 'prev_value': None, 'change': True}
2023-12-06 19:56:35,845 : INFO : EventManager : Event: ======'machine_var_audits_switches_s_engine_bumper_1'====== Args={'value': 0, 'prev_value': None, 'change': True}
2023-12-06 19:56:35,845 : INFO : EventManager : Event: ======'machine_var_audits_switches_s_engine_bumper_2'====== Args={'value': 0, 'prev_value': None, 'change': True}
2023-12-06 19:56:35,846 : INFO : EventManager : Event: ======'machine_var_audits_switches_s_engine_bumper_3'====== Args={'value': 0, 'prev_value': None, 'change': True}
2023-12-06 19:56:35,846 : INFO : EventManager : Event: ======'machine_var_audits_switches_s_fuel_chute_1'====== Args={'value': 0, 'prev_value': None, 'change': True}
2023-12-06 19:56:35,847 : INFO : EventManager : Event: ======'machine_var_audits_switches_s_fuel_chute_2'====== Args={'value': 0, 'prev_value': None, 'change': True}
2023-12-06 19:56:35,847 : INFO : EventManager : Event: ======'machine_var_audits_switches_s_fuel_chute_3'====== Args={'value': 0, 'prev_value': None, 'change': True}
2023-12-06 19:56:35,847 : INFO : EventManager : Event: ======'machine_var_audits_switches_s_fuel_chute_4'====== Args={'value': 0, 'prev_value': None, 'change': True}
2023-12-06 19:56:35,848 : INFO : EventManager : Event: ======'machine_var_audits_switches_s_fuel_chute_5'====== Args={'value': 0, 'prev_value': None, 'change': True}
2023-12-06 19:56:35,848 : INFO : EventManager : Event: ======'machine_var_audits_switches_s_fuel_chute_6'====== Args={'value': 0, 'prev_value': None, 'change': True}
2023-12-06 19:56:35,848 : INFO : EventManager : Event: ======'machine_var_audits_switches_s_fuel_flag'====== Args={'value': 0, 'prev_value': None, 'change': True}
2023-12-06 19:56:35,849 : INFO : EventManager : Event: ======'machine_var_audits_switches_s_fuel_spot_1'====== Args={'value': 0, 'prev_value': None, 'change': True}
2023-12-06 19:56:35,849 : INFO : EventManager : Event: ======'machine_var_audits_switches_s_fuel_spot_2'====== Args={'value': 0, 'prev_value': None, 'change': True}
2023-12-06 19:56:35,850 : INFO : EventManager : Event: ======'machine_var_audits_switches_s_fuel_spot_3'====== Args={'value': 0, 'prev_value': None, 'change': True}
2023-12-06 19:56:35,850 : INFO : EventManager : Event: ======'machine_var_audits_switches_s_green_wormhole'====== Args={'value': 0, 'prev_value': None, 'change': True}
2023-12-06 19:56:35,851 : INFO : EventManager : Event: ======'machine_var_audits_switches_s_hyperspace_flag'====== Args={'value': 0, 'prev_value': None, 'change': True}
2023-12-06 19:56:35,851 : INFO : EventManager : Event: ======'machine_var_audits_switches_s_hyperspacekicker'====== Args={'value': 0, 'prev_value': None, 'change': True}
2023-12-06 19:56:35,851 : INFO : EventManager : Event: ======'machine_var_audits_switches_s_launch_lane_1'====== Args={'value': 0, 'prev_value': None, 'change': True}
2023-12-06 19:56:35,852 : INFO : EventManager : Event: ======'machine_var_audits_switches_s_launch_lane_2'====== Args={'value': 0, 'prev_value': None, 'change': True}
2023-12-06 19:56:35,852 : INFO : EventManager : Event: ======'machine_var_audits_switches_s_launch_lane_3'====== Args={'value': 0, 'prev_value': None, 'change': True}
2023-12-06 19:56:35,853 : INFO : EventManager : Event: ======'machine_var_audits_switches_s_launch_ramp'====== Args={'value': 0, 'prev_value': None, 'change': True}
2023-12-06 19:56:35,853 : INFO : EventManager : Event: ======'machine_var_audits_switches_s_left_attack_bumper'====== Args={'value': 0, 'prev_value': None, 'change': True}
2023-12-06 19:56:35,854 : INFO : EventManager : Event: ======'machine_var_audits_switches_s_left_flipper'====== Args={'value': 467, 'prev_value': None, 'change': True}
2023-12-06 19:56:35,854 : INFO : EventManager : Event: ======'machine_var_audits_switches_s_left_out_lane'====== Args={'value': 0, 'prev_value': None, 'change': True}
2023-12-06 19:56:35,854 : INFO : EventManager : Event: ======'machine_var_audits_switches_s_left_out_lane_kicker'====== Args={'value': 0, 'prev_value': None, 'change': True}
2023-12-06 19:56:35,855 : INFO : EventManager : Event: ======'machine_var_audits_switches_s_left_return_lane'====== Args={'value': 0, 'prev_value': None, 'change': True}
2023-12-06 19:56:35,855 : INFO : EventManager : Event: ======'machine_var_audits_switches_s_lower_attack_bumper'====== Args={'value': 0, 'prev_value': None, 'change': True}
2023-12-06 19:56:35,855 : INFO : EventManager : Event: ======'machine_var_audits_switches_s_lower_left_rebound'====== Args={'value': 0, 'prev_value': None, 'change': True}
2023-12-06 19:56:35,856 : INFO : EventManager : Event: ======'machine_var_audits_switches_s_lower_left_slingshot'====== Args={'value': 0, 'prev_value': None, 'change': True}
2023-12-06 19:56:35,856 : INFO : EventManager : Event: ======'machine_var_audits_switches_s_lower_right_rebound'====== Args={'value': 0, 'prev_value': None, 'change': True}
2023-12-06 19:56:35,857 : INFO : EventManager : Event: ======'machine_var_audits_switches_s_lower_right_slingshot'====== Args={'value': 0, 'prev_value': None, 'change': True}
2023-12-06 19:56:35,857 : INFO : EventManager : Event: ======'machine_var_audits_switches_s_medal_drop_left'====== Args={'value': 112, 'prev_value': None, 'change': True}
2023-12-06 19:56:35,858 : INFO : EventManager : Event: ======'machine_var_audits_switches_s_medal_drop_middle'====== Args={'value': 109, 'prev_value': None, 'change': True}
2023-12-06 19:56:35,859 : INFO : EventManager : Event: ======'machine_var_audits_switches_s_medal_drop_right'====== Args={'value': 110, 'prev_value': None, 'change': True}
2023-12-06 19:56:35,859 : INFO : EventManager : Event: ======'machine_var_audits_switches_s_mission_spot_1'====== Args={'value': 0, 'prev_value': None, 'change': True}
2023-12-06 19:56:35,859 : INFO : EventManager : Event: ======'machine_var_audits_switches_s_mission_spot_2'====== Args={'value': 0, 'prev_value': None, 'change': True}
2023-12-06 19:56:35,860 : INFO : EventManager : Event: ======'machine_var_audits_switches_s_mission_spot_3'====== Args={'value': 0, 'prev_value': None, 'change': True}
2023-12-06 19:56:35,860 : INFO : EventManager : Event: ======'machine_var_audits_switches_s_multiplier_left'====== Args={'value': 0, 'prev_value': None, 'change': True}
2023-12-06 19:56:35,861 : INFO : EventManager : Event: ======'machine_var_audits_switches_s_multiplier_middle'====== Args={'value': 0, 'prev_value': None, 'change': True}
2023-12-06 19:56:35,861 : INFO : EventManager : Event: ======'machine_var_audits_switches_s_multiplier_right'====== Args={'value': 0, 'prev_value': None, 'change': True}
2023-12-06 19:56:35,861 : INFO : EventManager : Event: ======'machine_var_audits_switches_s_plunger'====== Args={'value': 130, 'prev_value': None, 'change': True}
2023-12-06 19:56:35,861 : INFO : EventManager : Event: ======'machine_var_audits_switches_s_radiationspot_1'====== Args={'value': 0, 'prev_value': None, 'change': True}
2023-12-06 19:56:35,862 : INFO : EventManager : Event: ======'machine_var_audits_switches_s_radiationspot_2'====== Args={'value': 0, 'prev_value': None, 'change': True}
2023-12-06 19:56:35,862 : INFO : EventManager : Event: ======'machine_var_audits_switches_s_radiationspot_3'====== Args={'value': 0, 'prev_value': None, 'change': True}
2023-12-06 19:56:35,862 : INFO : EventManager : Event: ======'machine_var_audits_switches_s_red_wormhole'====== Args={'value': 0, 'prev_value': None, 'change': True}
2023-12-06 19:56:35,863 : INFO : EventManager : Event: ======'machine_var_audits_switches_s_reentry_left'====== Args={'value': 752, 'prev_value': None, 'change': True}
2023-12-06 19:56:35,863 : INFO : EventManager : Event: ======'machine_var_audits_switches_s_reentry_middle'====== Args={'value': 447, 'prev_value': None, 'change': True}
2023-12-06 19:56:35,863 : INFO : EventManager : Event: ======'machine_var_audits_switches_s_reentry_right'====== Args={'value': 400, 'prev_value': None, 'change': True}
2023-12-06 19:56:35,864 : INFO : EventManager : Event: ======'machine_var_audits_switches_s_right_flipper'====== Args={'value': 191, 'prev_value': None, 'change': True}
2023-12-06 19:56:35,864 : INFO : EventManager : Event: ======'machine_var_audits_switches_s_right_inlane'====== Args={'value': 0, 'prev_value': None, 'change': True}
2023-12-06 19:56:35,864 : INFO : EventManager : Event: ======'machine_var_audits_switches_s_right_out_lane'====== Args={'value': 0, 'prev_value': None, 'change': True}
2023-12-06 19:56:35,865 : INFO : EventManager : Event: ======'machine_var_audits_switches_s_right_out_lane_kicker'====== Args={'value': 0, 'prev_value': None, 'change': True}
2023-12-06 19:56:35,865 : INFO : EventManager : Event: ======'machine_var_audits_switches_s_right_return_lane'====== Args={'value': 0, 'prev_value': None, 'change': True}
2023-12-06 19:56:35,865 : INFO : EventManager : Event: ======'machine_var_audits_switches_s_satellite_bumper'====== Args={'value': 0, 'prev_value': None, 'change': True}
2023-12-06 19:56:35,865 : INFO : EventManager : Event: ======'machine_var_audits_switches_s_secondary_outlane_kicker'====== Args={'value': 0, 'prev_value': None, 'change': True}
2023-12-06 19:56:35,866 : INFO : EventManager : Event: ======'machine_var_audits_switches_s_skill_shot_1'====== Args={'value': 0, 'prev_value': None, 'change': True}
2023-12-06 19:56:35,866 : INFO : EventManager : Event: ======'machine_var_audits_switches_s_skill_shot_2'====== Args={'value': 0, 'prev_value': None, 'change': True}
2023-12-06 19:56:35,866 : INFO : EventManager : Event: ======'machine_var_audits_switches_s_skill_shot_3'====== Args={'value': 0, 'prev_value': None, 'change': True}
2023-12-06 19:56:35,867 : INFO : EventManager : Event: ======'machine_var_audits_switches_s_skill_shot_4'====== Args={'value': 0, 'prev_value': None, 'change': True}
2023-12-06 19:56:35,867 : INFO : EventManager : Event: ======'machine_var_audits_switches_s_skill_shot_5'====== Args={'value': 0, 'prev_value': None, 'change': True}
2023-12-06 19:56:35,868 : INFO : EventManager : Event: ======'machine_var_audits_switches_s_skill_shot_6'====== Args={'value': 0, 'prev_value': None, 'change': True}
2023-12-06 19:56:35,868 : INFO : EventManager : Event: ======'machine_var_audits_switches_s_skill_shot_lane'====== Args={'value': 0, 'prev_value': None, 'change': True}
2023-12-06 19:56:35,869 : INFO : EventManager : Event: ======'machine_var_audits_switches_s_spacewarp_rollover'====== Args={'value': 0, 'prev_value': None, 'change': True}
2023-12-06 19:56:35,870 : INFO : EventManager : Event: ======'machine_var_audits_switches_s_start'====== Args={'value': 6, 'prev_value': None, 'change': True}
2023-12-06 19:56:35,870 : INFO : EventManager : Event: ======'machine_var_audits_switches_s_trough1'====== Args={'value': 30, 'prev_value': None, 'change': True}
2023-12-06 19:56:35,870 : INFO : EventManager : Event: ======'machine_var_audits_switches_s_trough2'====== Args={'value': 0, 'prev_value': None, 'change': True}
2023-12-06 19:56:35,871 : INFO : EventManager : Event: ======'machine_var_audits_switches_s_trough3'====== Args={'value': 0, 'prev_value': None, 'change': True}
2023-12-06 19:56:35,871 : INFO : EventManager : Event: ======'machine_var_audits_switches_s_trough4'====== Args={'value': 0, 'prev_value': None, 'change': True}
2023-12-06 19:56:35,871 : INFO : EventManager : Event: ======'machine_var_audits_switches_s_trough5'====== Args={'value': 0, 'prev_value': None, 'change': True}
2023-12-06 19:56:35,872 : INFO : EventManager : Event: ======'machine_var_audits_switches_s_trough6'====== Args={'value': 0, 'prev_value': None, 'change': True}
2023-12-06 19:56:35,872 : INFO : EventManager : Event: ======'machine_var_audits_switches_s_trough_jam'====== Args={'value': 0, 'prev_value': None, 'change': True}
2023-12-06 19:56:35,873 : INFO : EventManager : Event: ======'machine_var_audits_switches_s_upper_attack_bumper'====== Args={'value': 0, 'prev_value': None, 'change': True}
2023-12-06 19:56:35,873 : INFO : EventManager : Event: ======'machine_var_audits_switches_s_upper_left_rebound'====== Args={'value': 0, 'prev_value': None, 'change': True}
2023-12-06 19:56:35,873 : INFO : EventManager : Event: ======'machine_var_audits_switches_s_upper_right_rebound'====== Args={'value': 0, 'prev_value': None, 'change': True}
2023-12-06 19:56:35,874 : INFO : EventManager : Event: ======'machine_var_audits_switches_s_wormhole_target'====== Args={'value': 0, 'prev_value': None, 'change': True}
2023-12-06 19:56:35,874 : INFO : EventManager : Event: ======'machine_var_audits_switches_s_yellow_wormhole'====== Args={'value': 0, 'prev_value': None, 'change': True}
2023-12-06 19:56:35,875 : INFO : EventManager : Event: ======'init_phase_5'====== Args={}
2023-12-06 19:56:35,940 : INFO : EventManager : Event: ======'init_done'====== Args={}
2023-12-06 19:56:35,940 : INFO : EventManager : Event: ======'machine_reset_phase_1'====== Args={}
2023-12-06 19:56:35,947 : INFO : EventManager : Event: ======'slide_welcome_slide_removed'====== Args={'_from_bcp': True}
2023-12-06 19:56:35,947 : INFO : EventManager : Event: ======'slide_welcome_slide_created'====== Args={'_from_bcp': True}
2023-12-06 19:56:35,949 : INFO : EventManager : Event: ======'slide_welcome_slide_active'====== Args={'_from_bcp': True}
2023-12-06 19:56:35,949 : INFO : EventManager : Event: ======'machine_reset_phase_2'====== Args={}
2023-12-06 19:56:35,949 : INFO : EventManager : Event: ======'machine_reset_phase_3'====== Args={}
2023-12-06 19:56:35,950 : INFO : EventManager : Event: ======'reset_complete'====== Args={}
2023-12-06 19:56:35,950 : INFO : EventManager : Event: ======'mode_attract_will_start'====== Args={}
2023-12-06 19:56:35,951 : INFO : EventManager : Event: ======'mode_attract_starting'====== Args={}
2023-12-06 19:56:35,951 : INFO : Mode.attract : Started. Priority: 10
2023-12-06 19:56:35,951 : INFO : EventManager : Event: ======'modes_active_modes_changed'====== Args={}
2023-12-06 19:56:35,951 : INFO : EventManager : Event: ======'mode_attract_started'====== Args={}
2023-12-06 19:56:35,951 : INFO : EventManager : Event: ======'collecting_balls_complete'====== Args={}
2023-12-06 19:56:36,011 : INFO : EventManager : Event: ======'slide_awesome_slide_created'====== Args={'_from_bcp': True}
2023-12-06 19:56:36,011 : INFO : EventManager : Event: ======'slide_awesome_slide_active'====== Args={'_from_bcp': True}
2023-12-06 19:56:36,011 : INFO : Machine : Starting the main run loop.
2023-12-06 19:56:36,189 : INFO : BcpServer : New client connected.
2023-12-06 19:56:38,318 : INFO : SwitchController : <<<<<<< 's_start' active >>>>>>>
2023-12-06 19:56:38,327 : INFO : SwitchController : <<<<<<< 's_start' inactive >>>>>>>
2023-12-06 19:56:38,328 : INFO : EventManager : Event: ======'request_to_start_game'====== Args={}
2023-12-06 19:56:38,328 : INFO : EventManager : Event: ======'game_start'====== Args={'buttons': [], 'hold_time': 0.015999999828636646}
2023-12-06 19:56:38,328 : INFO : EventManager : Event: ======'mode_game_will_start'====== Args={'buttons': [], 'hold_time': 0.015999999828636646}
2023-12-06 19:56:38,329 : INFO : EventManager : Event: ======'mode_game_starting'====== Args={'buttons': [], 'hold_time': 0.015999999828636646}
2023-12-06 19:56:38,329 : INFO : EventManager : Event: ======'mode_attract_will_stop'====== Args={}
2023-12-06 19:56:38,329 : INFO : EventManager : Event: ======'mode_attract_stopping'====== Args={}
2023-12-06 19:56:38,329 : INFO : Mode.attract : Stopped.
2023-12-06 19:56:38,330 : INFO : EventManager : Event: ======'modes_active_modes_changed'====== Args={}
2023-12-06 19:56:38,330 : INFO : EventManager : Event: ======'mode_attract_stopped'====== Args={}
2023-12-06 19:56:38,330 : INFO : EventManager : Event: ======'clear'====== Args={'key': 'attract'}
2023-12-06 19:56:38,331 : INFO : Mode.game : Started. Priority: 20
2023-12-06 19:56:38,331 : INFO : EventManager : Event: ======'modes_active_modes_changed'====== Args={}
2023-12-06 19:56:38,331 : INFO : EventManager : Event: ======'mode_game_started'====== Args={'buttons': [], 'hold_time': 0.015999999828636646}
2023-12-06 19:56:38,339 : INFO : EventManager : Event: ======'game_will_start'====== Args={}
2023-12-06 19:56:38,339 : INFO : EventManager : Event: ======'game_starting'====== Args={'game': <Mode.game>}
2023-12-06 19:56:38,340 : INFO : EventManager : Event: ======'slide_awesome_slide_removed'====== Args={'_from_bcp': True}
2023-12-06 19:56:38,340 : INFO : EventManager : Event: ======'slide_welcome_slide_active'====== Args={'_from_bcp': True}
2023-12-06 19:56:38,340 : INFO : EventManager : Event: ======'player_add_request'====== Args={}
2023-12-06 19:56:38,341 : INFO : EventManager : Event: ======'player_will_add'====== Args={'number': 1}
2023-12-06 19:56:38,341 : INFO : EventManager : Event: ======'player_adding'====== Args={'player': <Player 1>, 'number': 1}
2023-12-06 19:56:38,341 : INFO : EventManager : Event: ======'player_added'====== Args={'player': <Player 1>, 'num': 1}
2023-12-06 19:56:38,341 : INFO : Mode.game : Player added successfully. Total players: 1
2023-12-06 19:56:38,342 : INFO : EventManager : Event: ======'player_index'====== Args={'value': 0, 'prev_value': 0, 'change': 0, 'player_num': 1}
2023-12-06 19:56:38,342 : INFO : EventManager : Event: ======'player_number'====== Args={'value': 1, 'prev_value': 1, 'change': 0, 'player_num': 1}
2023-12-06 19:56:38,342 : INFO : EventManager : Event: ======'player_score'====== Args={'value': 0, 'prev_value': 0, 'change': 0, 'player_num': 1}
2023-12-06 19:56:38,343 : INFO : EventManager : Event: ======'game_started'====== Args={}
2023-12-06 19:56:38,363 : INFO : EventManager : Event: ======'player_turn_will_start'====== Args={'player': <Player 1>, 'number': 1}
2023-12-06 19:56:38,364 : INFO : EventManager : Event: ======'player_turn_starting'====== Args={'player': <Player 1>, 'number': 1}
2023-12-06 19:56:38,365 : INFO : EventManager : Event: ======'player_ball'====== Args={'value': 1, 'prev_value': 0, 'change': 1, 'player_num': 1}
2023-12-06 19:56:38,365 : INFO : EventManager : Event: ======'player_turn_started'====== Args={'player': <Player 1>, 'number': 1}
2023-12-06 19:56:38,366 : INFO : EventManager : Event: ======'ball_will_start'====== Args={'player': 1, 'ball': 1, 'balls_remaining': 2, 'is_extra_ball': False}
2023-12-06 19:56:38,370 : INFO : EventManager : Event: ======'ball_starting'====== Args={'player': 1, 'ball': 1, 'balls_remaining': 2, 'is_extra_ball': False}
2023-12-06 19:56:38,371 : INFO : EventManager : Event: ======'mode_base_will_start'====== Args={'queue': <QueuedEvent>, 'player': 1, 'ball': 1, 'balls_remaining': 2, 'is_extra_ball': False}
2023-12-06 19:56:38,371 : INFO : EventManager : Event: ======'mode_base_starting'====== Args={'queue': <QueuedEvent>, 'player': 1, 'ball': 1, 'balls_remaining': 2, 'is_extra_ball': False}
2023-12-06 19:56:38,372 : INFO : Mode.base : Started. Priority: 100
2023-12-06 19:56:38,372 : INFO : EventManager : Event: ======'modes_active_modes_changed'====== Args={}
2023-12-06 19:56:38,372 : INFO : EventManager : Event: ======'mode_base_started'====== Args={'queue': <QueuedEvent>, 'player': 1, 'ball': 1, 'balls_remaining': 2, 'is_extra_ball': False}
2023-12-06 19:56:38,373 : INFO : EventManager : Event: ======'balls_in_play'====== Args={'balls': 1}
2023-12-06 19:56:38,373 : INFO : EventManager : Event: ======'ball_started'====== Args={'player': 1, 'ball': 1, 'balls_remaining': 2, 'is_extra_ball': False}
2023-12-06 19:56:38,373 : INFO : EventManager : Event: ======'mode_medal_will_start'====== Args={'player': 1, 'ball': 1, 'balls_remaining': 2, 'is_extra_ball': False}
2023-12-06 19:56:38,374 : INFO : EventManager : Event: ======'player_shot_medalL_shot_enabled'====== Args={'value': True, 'prev_value': 0, 'change': 1, 'player_num': 1}
2023-12-06 19:56:38,374 : INFO : EventManager : Event: ======'player_shot_medalM_shot_enabled'====== Args={'value': True, 'prev_value': 0, 'change': 1, 'player_num': 1}
2023-12-06 19:56:38,375 : INFO : EventManager : Event: ======'player_shot_medalR_shot_enabled'====== Args={'value': True, 'prev_value': 0, 'change': 1, 'player_num': 1}
2023-12-06 19:56:38,375 : INFO : EventManager : Event: ======'medal_shot_complete'====== Args={'state': 'unlit'}
2023-12-06 19:56:38,376 : INFO : EventManager : Event: ======'medal_shot_unlit_complete'====== Args={}
2023-12-06 19:56:38,378 : INFO : EventManager : Event: ======'mode_medal_starting'====== Args={'player': 1, 'ball': 1, 'balls_remaining': 2, 'is_extra_ball': False}
2023-12-06 19:56:38,378 : INFO : EventManager : Event: ======'mode_reentry_will_start'====== Args={'player': 1, 'ball': 1, 'balls_remaining': 2, 'is_extra_ball': False}
2023-12-06 19:56:38,379 : INFO : EventManager : Event: ======'player_shot_reentryL_shot_enabled'====== Args={'value': True, 'prev_value': 0, 'change': 1, 'player_num': 1}
2023-12-06 19:56:38,380 : INFO : EventManager : Event: ======'player_shot_reentryM_shot_enabled'====== Args={'value': True, 'prev_value': 0, 'change': 1, 'player_num': 1}
2023-12-06 19:56:38,380 : INFO : EventManager : Event: ======'player_shot_reentryR_shot_enabled'====== Args={'value': True, 'prev_value': 0, 'change': 1, 'player_num': 1}
2023-12-06 19:56:38,381 : INFO : EventManager : Event: ======'reentry_shot_complete'====== Args={'state': 'off'}
2023-12-06 19:56:38,381 : INFO : EventManager : Event: ======'reentry_shot_off_complete'====== Args={}
2023-12-06 19:56:38,383 : INFO : EventManager : Event: ======'mode_reentry_starting'====== Args={'player': 1, 'ball': 1, 'balls_remaining': 2, 'is_extra_ball': False}
2023-12-06 19:56:38,433 : INFO : EventManager : Event: ======'logicblock_medal_shot_complete_count_updated'====== Args={'value': 1, 'enabled': True}
2023-12-06 19:56:38,433 : INFO : EventManager : Event: ======'logicblock_medal_shot_complete_count_updated'====== Args={'value': 1, 'enabled': True}
2023-12-06 19:56:38,433 : INFO : Mode.medal : Started. Priority: 200
2023-12-06 19:56:38,434 : INFO : EventManager : Event: ======'modes_active_modes_changed'====== Args={}
2023-12-06 19:56:38,434 : INFO : EventManager : Event: ======'mode_medal_started'====== Args={'player': 1, 'ball': 1, 'balls_remaining': 2, 'is_extra_ball': False}
2023-12-06 19:56:38,435 : INFO : EventManager : Event: ======'logicblock_reentry_shot_complete_count_updated'====== Args={'value': 1, 'enabled': True}
2023-12-06 19:56:38,435 : INFO : EventManager : Event: ======'logicblock_reentry_shot_complete_count_updated'====== Args={'value': 1, 'enabled': True}
2023-12-06 19:56:38,435 : INFO : Mode.reentry : Started. Priority: 200
2023-12-06 19:56:38,435 : INFO : EventManager : Event: ======'modes_active_modes_changed'====== Args={}
2023-12-06 19:56:38,436 : INFO : EventManager : Event: ======'mode_reentry_started'====== Args={'player': 1, 'ball': 1, 'balls_remaining': 2, 'is_extra_ball': False}
2023-12-06 19:56:38,436 : INFO : EventManager : Event: ======'single_player_ball_started'====== Args={}
2023-12-06 19:56:38,437 : INFO : EventManager : Event: ======'player_attack_bumper_count'====== Args={'value': 1, 'prev_value': 0, 'change': 1, 'player_num': 1}
2023-12-06 19:56:38,438 : INFO : EventManager : Event: ======'slide_base.slide_player-mode_base_started_created'====== Args={'_from_bcp': True}
2023-12-06 19:56:38,438 : INFO : EventManager : Event: ======'slide_base.slide_player-mode_base_started_active'====== Args={'_from_bcp': True}
2023-12-06 19:56:38,439 : INFO : EventManager : Event: ======'slide__global.slide_player-ball_started_created'====== Args={'_from_bcp': True}
2023-12-06 19:56:38,439 : INFO : EventManager : Event: ======'ball_start_target'====== Args={'target': 'playfield'}
2023-12-06 19:56:38,498 : INFO : ball_device.bd_plunger : Setting up player-controlled eject. Balls: 1, Target: <playfield.playfield>, player_controlled_eject_event: None
2023-12-06 19:56:38,498 : INFO : EventManager : Event: ======'balldevice_balls_available'====== Args={}
2023-12-06 19:56:38,499 : INFO : ball_device.bd_trough : State: waiting_for_target_ready
2023-12-06 19:56:38,499 : INFO : EventManager : Event: ======'balldevice_bd_trough_ball_eject_attempt'====== Args={'balls': 1, 'target': <ball_device.bd_plunger>, 'source': <ball_device.bd_trough>, 'mechanical_eject': True, 'num_attempts': 0}
2023-12-06 19:56:38,499 : INFO : ball_device.bd_plunger : State: waiting_for_ball
2023-12-06 19:56:38,500 : INFO : ball_device.bd_trough : State: ejecting
2023-12-06 19:56:38,500 : INFO : ball_device.bd_trough : Ejecting ball to <ball_device.bd_plunger>
2023-12-06 19:56:38,500 : INFO : EventManager : Event: ======'balldevice_bd_trough_ejecting_ball'====== Args={'balls': 1, 'target': <ball_device.bd_plunger>, 'source': <ball_device.bd_trough>, 'mechanical_eject': True, 'num_attempts': 0}
2023-12-06 19:56:38,501 : INFO : ball_device.bd_trough : Wait for ball to leave device
2023-12-06 19:56:38,501 : INFO : coil.c_trough_eject : Pulsing Driver for 10ms (1.0 pulse_power)
2023-12-06 19:56:43,854 : INFO : SwitchController : <<<<<<< 's_trough1' inactive >>>>>>>
2023-12-06 19:56:43,864 : INFO : ball_device.bd_trough : State: ball_left
2023-12-06 19:56:43,864 : INFO : ball_device.bd_trough : Ball left
2023-12-06 19:56:43,864 : INFO : ball_device.bd_trough : Wait for confirm with timeout 10.0
2023-12-06 19:56:50,850 : INFO : SwitchController : <<<<<<< 's_plunger' active >>>>>>>
2023-12-06 19:56:50,851 : INFO : EventManager : Event: ======'machine_var_audits_switches_s_plunger'====== Args={'value': 131, 'prev_value': 130, 'change': 1}
2023-12-06 19:56:51,344 : INFO : ball_device.bd_plunger : Received ball from <ball_device.bd_trough>
2023-12-06 19:56:51,344 : INFO : EventManager : Event: ======'balldevice_bd_plunger_ball_enter'====== Args={'new_balls': 1, 'unclaimed_balls': 0, 'new_available_balls': 0, 'device': <ball_device.bd_plunger>}
2023-12-06 19:56:51,346 : INFO : EventManager : Event: ======'balldevice_bd_plunger_ball_entered'====== Args={'new_balls': 0, 'device': <ball_device.bd_plunger>}
2023-12-06 19:56:51,348 : INFO : EventManager : Event: ======'balldevice_bd_plunger_ball_count_changed'====== Args={'balls': 1}
2023-12-06 19:56:51,349 : INFO : ball_device.bd_trough : Got eject confirm
2023-12-06 19:56:51,349 : INFO : ball_device.bd_trough : Eject successful
2023-12-06 19:56:51,350 : INFO : EventManager : Event: ======'balldevice_bd_trough_ball_eject_success'====== Args={'balls': 1, 'target': <ball_device.bd_plunger>}
2023-12-06 19:56:51,352 : INFO : EventManager : Event: ======'balldevice_bd_trough_ball_count_changed'====== Args={'balls': 0}
2023-12-06 19:56:51,353 : INFO : ball_device.bd_trough : State: idle
2023-12-06 19:56:51,354 : INFO : ball_device.bd_plunger : State: waiting_for_target_ready
2023-12-06 19:56:51,355 : INFO : EventManager : Event: ======'balldevice_bd_plunger_ball_eject_attempt'====== Args={'balls': 1, 'target': <playfield.playfield>, 'source': <ball_device.bd_plunger>, 'mechanical_eject': True, 'num_attempts': 0}
2023-12-06 19:56:51,357 : INFO : ball_device.bd_plunger : State: ejecting
2023-12-06 19:56:51,359 : INFO : ball_device.bd_plunger : Ejecting ball to <playfield.playfield>
2023-12-06 19:56:51,359 : INFO : EventManager : Event: ======'balldevice_bd_plunger_ejecting_ball'====== Args={'balls': 1, 'target': <playfield.playfield>, 'source': <ball_device.bd_plunger>, 'mechanical_eject': True, 'num_attempts': 0}
2023-12-06 19:56:51,362 : INFO : ball_device.bd_plunger : Wait for ball to leave device
2023-12-06 19:56:54,134 : INFO : SwitchController : <<<<<<< 's_plunger' inactive >>>>>>>
2023-12-06 19:56:54,141 : INFO : ball_device.bd_plunger : State: ball_left
2023-12-06 19:56:54,141 : INFO : ball_device.bd_plunger : Ball left
2023-12-06 19:56:54,141 : INFO : ball_device.bd_plunger : Wait for confirm with timeout 10.0
2023-12-06 19:56:57,800 : INFO : SwitchController : <<<<<<< 's_medal_drop_left' active >>>>>>>
2023-12-06 19:56:57,801 : INFO : EventManager : Event: ======'playfield_active'====== Args={}
2023-12-06 19:56:57,801 : INFO : EventManager : Event: ======'s_medal_drop_left_active'====== Args={}
2023-12-06 19:56:57,803 : INFO : EventManager : Event: ======'sw_playfield_active'====== Args={}
2023-12-06 19:56:57,804 : INFO : EventManager : Event: ======'machine_var_audits_switches_s_medal_drop_left'====== Args={'value': 113, 'prev_value': 112, 'change': 1}
2023-12-06 19:56:57,808 : INFO : EventManager : Event: ======'player_shot_medalL_shot'====== Args={'value': 1, 'prev_value': 0, 'change': 1, 'player_num': 1}
2023-12-06 19:56:57,832 : INFO : EventManager : Event: ======'machine_var_audits_shots_medalL_shot'====== Args={'value': 99, 'prev_value': 98, 'change': 1}
2023-12-06 19:56:57,833 : INFO : EventManager : Event: ======'medalL_shot_hit'====== Args={'profile': 'default', 'state': 'unlit', 'advancing': True}
2023-12-06 19:56:57,833 : INFO : EventManager : Event: ======'medalL_shot_default_hit'====== Args={'profile': 'default', 'state': 'unlit', 'advancing': True}
2023-12-06 19:56:57,833 : INFO : EventManager : Event: ======'medalL_shot_default_unlit_hit'====== Args={'profile': 'default', 'state': 'unlit', 'advancing': True}
2023-12-06 19:56:57,834 : INFO : EventManager : Event: ======'medalL_shot_unlit_hit'====== Args={'profile': 'default', 'state': 'unlit', 'advancing': True}
2023-12-06 19:56:57,834 : INFO : EventManager : Event: ======'medal_shot_hit'====== Args={}
2023-12-06 19:56:57,834 : INFO : EventManager : Event: ======'medal_shot_unlit_hit'====== Args={}
2023-12-06 19:56:57,834 : INFO : EventManager : Event: ======'player_score'====== Args={'value': 1500, 'prev_value': 0, 'change': 1500, 'player_num': 1}
2023-12-06 19:56:57,834 : INFO : EventManager : Event: ======'playfield_active'====== Args={}
2023-12-06 19:56:57,855 : INFO : ball_device.bd_plunger : Got eject confirm
2023-12-06 19:56:57,855 : INFO : ball_device.bd_plunger : Eject successful
2023-12-06 19:56:57,855 : INFO : EventManager : Event: ======'balldevice_bd_plunger_ball_eject_success'====== Args={'balls': 1, 'target': <playfield.playfield>}
2023-12-06 19:56:57,855 : INFO : EventManager : Event: ======'balldevice_playfield_ball_enter'====== Args={'new_balls': 1, 'unclaimed_balls': 1, 'device': <playfield.playfield>}
2023-12-06 19:56:57,855 : INFO : EventManager : Event: ======'playfield_ball_count_change'====== Args={'balls': 1, 'change': 1}
2023-12-06 19:56:57,856 : INFO : EventManager : Event: ======'balldevice_bd_plunger_ball_count_changed'====== Args={'balls': 0}
2023-12-06 19:56:57,857 : INFO : ball_device.bd_plunger : State: idle
2023-12-06 19:56:57,878 : INFO : SwitchController : <<<<<<< 's_medal_drop_left' inactive >>>>>>>
2023-12-06 19:56:59,753 : INFO : SwitchController : <<<<<<< 's_medal_drop_middle' active >>>>>>>
2023-12-06 19:56:59,754 : INFO : EventManager : Event: ======'s_medal_drop_middle_active'====== Args={}
2023-12-06 19:56:59,755 : INFO : EventManager : Event: ======'sw_playfield_active'====== Args={}
2023-12-06 19:56:59,756 : INFO : EventManager : Event: ======'machine_var_audits_switches_s_medal_drop_middle'====== Args={'value': 110, 'prev_value': 109, 'change': 1}
2023-12-06 19:56:59,760 : INFO : EventManager : Event: ======'player_shot_medalM_shot'====== Args={'value': 1, 'prev_value': 0, 'change': 1, 'player_num': 1}
2023-12-06 19:56:59,762 : INFO : EventManager : Event: ======'machine_var_audits_shots_medalM_shot'====== Args={'value': 96, 'prev_value': 95, 'change': 1}
2023-12-06 19:56:59,765 : INFO : EventManager : Event: ======'medalM_shot_hit'====== Args={'profile': 'default', 'state': 'unlit', 'advancing': True}
2023-12-06 19:56:59,766 : INFO : EventManager : Event: ======'medalM_shot_default_hit'====== Args={'profile': 'default', 'state': 'unlit', 'advancing': True}
2023-12-06 19:56:59,768 : INFO : EventManager : Event: ======'medalM_shot_default_unlit_hit'====== Args={'profile': 'default', 'state': 'unlit', 'advancing': True}
2023-12-06 19:56:59,769 : INFO : EventManager : Event: ======'medalM_shot_unlit_hit'====== Args={'profile': 'default', 'state': 'unlit', 'advancing': True}
2023-12-06 19:56:59,771 : INFO : EventManager : Event: ======'medal_shot_hit'====== Args={}
2023-12-06 19:56:59,772 : INFO : EventManager : Event: ======'medal_shot_unlit_hit'====== Args={}
2023-12-06 19:56:59,773 : INFO : EventManager : Event: ======'player_score'====== Args={'value': 3000, 'prev_value': 1500, 'change': 1500, 'player_num': 1}
2023-12-06 19:56:59,931 : INFO : SwitchController : <<<<<<< 's_medal_drop_middle' inactive >>>>>>>
2023-12-06 19:57:01,612 : INFO : SwitchController : <<<<<<< 's_medal_drop_right' active >>>>>>>
2023-12-06 19:57:01,612 : INFO : EventManager : Event: ======'s_medal_drop_right_active'====== Args={}
2023-12-06 19:57:01,614 : INFO : EventManager : Event: ======'sw_playfield_active'====== Args={}
2023-12-06 19:57:01,616 : INFO : EventManager : Event: ======'machine_var_audits_switches_s_medal_drop_right'====== Args={'value': 111, 'prev_value': 110, 'change': 1}
2023-12-06 19:57:01,619 : INFO : EventManager : Event: ======'player_shot_medalR_shot'====== Args={'value': 1, 'prev_value': 0, 'change': 1, 'player_num': 1}
2023-12-06 19:57:01,630 : INFO : EventManager : Event: ======'machine_var_audits_shots_medalR_shot'====== Args={'value': 97, 'prev_value': 96, 'change': 1}
2023-12-06 19:57:01,630 : INFO : EventManager : Event: ======'medalR_shot_hit'====== Args={'profile': 'default', 'state': 'unlit', 'advancing': True}
2023-12-06 19:57:01,630 : INFO : EventManager : Event: ======'medalR_shot_default_hit'====== Args={'profile': 'default', 'state': 'unlit', 'advancing': True}
2023-12-06 19:57:01,630 : INFO : EventManager : Event: ======'medalR_shot_default_unlit_hit'====== Args={'profile': 'default', 'state': 'unlit', 'advancing': True}
2023-12-06 19:57:01,631 : INFO : EventManager : Event: ======'medalR_shot_unlit_hit'====== Args={'profile': 'default', 'state': 'unlit', 'advancing': True}
2023-12-06 19:57:01,631 : INFO : EventManager : Event: ======'medal_shot_complete'====== Args={'state': 'lit'}
2023-12-06 19:57:01,632 : INFO : EventManager : Event: ======'medal_shot_lit_complete'====== Args={}
2023-12-06 19:57:01,632 : INFO : EventManager : Event: ======'medal_shot_hit'====== Args={}
2023-12-06 19:57:01,632 : INFO : EventManager : Event: ======'medal_shot_unlit_hit'====== Args={}
2023-12-06 19:57:01,632 : INFO : EventManager : Event: ======'player_shot_medalL_shot'====== Args={'value': 0, 'prev_value': 1, 'change': -1, 'player_num': 1}
2023-12-06 19:57:01,633 : INFO : EventManager : Event: ======'player_shot_medalM_shot'====== Args={'value': 0, 'prev_value': 1, 'change': -1, 'player_num': 1}
2023-12-06 19:57:01,634 : INFO : EventManager : Event: ======'player_shot_medalR_shot'====== Args={'value': 0, 'prev_value': 1, 'change': -1, 'player_num': 1}
2023-12-06 19:57:01,635 : INFO : EventManager : Event: ======'logicblock_medal_shot_complete_count_updated'====== Args={'value': 2, 'enabled': True}
2023-12-06 19:57:01,635 : INFO : EventManager : Event: ======'medal_shot_done'====== Args={'count': 2}
2023-12-06 19:57:01,636 : INFO : Timer.medal_countdown_timer : Starting Timer.
2023-12-06 19:57:01,636 : INFO : EventManager : Event: ======'timer_medal_countdown_timer_started'====== Args={'ticks': 5, 'ticks_remaining': 5}
2023-12-06 19:57:01,636 : INFO : EventManager : Event: ======'timer_medal_countdown_timer_tick'====== Args={'ticks': 5, 'ticks_remaining': 5}
2023-12-06 19:57:01,637 : INFO : EventManager : Event: ======'player_score'====== Args={'value': 13000, 'prev_value': 3000, 'change': 10000, 'player_num': 1}
2023-12-06 19:57:01,637 : INFO : EventManager : Event: ======'player_score'====== Args={'value': 14500, 'prev_value': 13000, 'change': 1500, 'player_num': 1}
2023-12-06 19:57:01,746 : INFO : SwitchController : <<<<<<< 's_medal_drop_right' inactive >>>>>>>
2023-12-06 19:57:02,652 : INFO : EventManager : Event: ======'player_medal_medal_countdown_timer_tick'====== Args={'value': 4, 'prev_value': 0, 'change': 4, 'player_num': 1}
2023-12-06 19:57:02,653 : INFO : EventManager : Event: ======'timer_medal_countdown_timer_tick'====== Args={'ticks': 4, 'ticks_remaining': 4}
2023-12-06 19:57:03,640 : INFO : EventManager : Event: ======'player_medal_medal_countdown_timer_tick'====== Args={'value': 3, 'prev_value': 4, 'change': -1, 'player_num': 1}
2023-12-06 19:57:03,641 : INFO : EventManager : Event: ======'timer_medal_countdown_timer_tick'====== Args={'ticks': 3, 'ticks_remaining': 3}
2023-12-06 19:57:04,651 : INFO : EventManager : Event: ======'player_medal_medal_countdown_timer_tick'====== Args={'value': 2, 'prev_value': 3, 'change': -1, 'player_num': 1}
2023-12-06 19:57:04,653 : INFO : EventManager : Event: ======'timer_medal_countdown_timer_tick'====== Args={'ticks': 2, 'ticks_remaining': 2}
2023-12-06 19:57:05,630 : INFO : EventManager : Event: ======'player_medal_medal_countdown_timer_tick'====== Args={'value': 1, 'prev_value': 2, 'change': -1, 'player_num': 1}
2023-12-06 19:57:05,632 : INFO : EventManager : Event: ======'timer_medal_countdown_timer_tick'====== Args={'ticks': 1, 'ticks_remaining': 1}
2023-12-06 19:57:06,640 : INFO : EventManager : Event: ======'player_medal_medal_countdown_timer_tick'====== Args={'value': 0, 'prev_value': 1, 'change': -1, 'player_num': 1}
2023-12-06 19:57:06,642 : INFO : Timer.medal_countdown_timer : Timer Complete
2023-12-06 19:57:06,643 : INFO : Timer.medal_countdown_timer : Stopping Timer
2023-12-06 19:57:06,644 : INFO : EventManager : Event: ======'timer_medal_countdown_timer_stopped'====== Args={'ticks': 0, 'ticks_remaining': 1}
2023-12-06 19:57:06,645 : INFO : EventManager : Event: ======'timer_medal_countdown_timer_complete'====== Args={'ticks': 0, 'ticks_remaining': 1}
2023-12-06 19:57:06,647 : INFO : EventManager : Event: ======'player_logicblock_medal_shot_complete_count'====== Args={'value': 1, 'prev_value': 0, 'change': 1, 'player_num': 1}
2023-12-06 19:57:06,649 : INFO : EventManager : Event: ======'player_l_medal_spot_3'====== Args={'value': 0, 'prev_value': 0, 'change': 0, 'player_num': 1}
2023-12-06 19:57:51,082 : INFO : Machine : Shutting down...
2023-12-06 19:57:51,082 : INFO : EventManager : Event: ======'shutdown'====== Args={}
2023-12-06 19:57:51,112 : INFO : root : MPF run loop ended.
