2023-02-16 18:32:22,098 : INFO : root : Loading config.
2023-02-16 18:32:22,429 : INFO : ConfigProcessor : Config spec file cache created: C:\Users\student\AppData\Local\Temp\config_spec.mpf_cache
2023-02-16 18:32:22,430 : INFO : YamlMultifileConfigLoader : Machine config file #1: config.yaml
2023-02-16 18:32:22,430 : INFO : ConfigProcessor : Loading config from file c:\users\student\mpfenv\lib\site-packages\mpf\mpfconfig.yaml.
2023-02-16 18:32:22,512 : INFO : ConfigProcessor : Loading config: c:\users\student\mpfenv\lib\site-packages\mpf\mpfconfig.yaml
2023-02-16 18:32:22,513 : INFO : ConfigProcessor : Loading config from file C:\Users\student\pinball\cobraPinTest1\config\config.yaml.
2023-02-16 18:32:22,546 : INFO : ConfigProcessor : Loading config: C:\Users\student\pinball\cobraPinTest1\config\config.yaml
2023-02-16 18:32:22,548 : INFO : ConfigProcessor : Config file cache created: C:\Users\student\AppData\Local\Temp\f1427cd4cbc9163bc2263f349f0fb463.mpf_cache
2023-02-16 18:32:22,623 : INFO : ConfigProcessor : Loading config from file c:\users\student\mpfenv\lib\site-packages\mpf\modes\attract\config\attract.yaml.
2023-02-16 18:32:22,625 : INFO : ConfigProcessor : Loading config: c:\users\student\mpfenv\lib\site-packages\mpf\modes\attract\config\attract.yaml
2023-02-16 18:32:22,625 : INFO : ConfigProcessor : Loading config from file C:\Users\student\pinball\cobraPinTest1\modes\attract\config\attract.yaml.
2023-02-16 18:32:22,626 : INFO : ConfigProcessor : Loading config: C:\Users\student\pinball\cobraPinTest1\modes\attract\config\attract.yaml
2023-02-16 18:32:22,627 : INFO : ConfigProcessor : Config file cache created: C:\Users\student\AppData\Local\Temp\32ed7ad340ce8029344f8b9ff63edc80.mpf_cache
2023-02-16 18:32:22,627 : INFO : ConfigProcessor : Loading config from file c:\users\student\mpfenv\lib\site-packages\mpf\modes\game\config\game.yaml.
2023-02-16 18:32:22,629 : INFO : ConfigProcessor : Loading config: c:\users\student\mpfenv\lib\site-packages\mpf\modes\game\config\game.yaml
2023-02-16 18:32:22,629 : INFO : ConfigProcessor : Config file cache created: C:\Users\student\AppData\Local\Temp\8696bd5a5a040ff67990be11cb4d3c0c.mpf_cache
2023-02-16 18:32:22,630 : INFO : ConfigProcessor : Loading config from file C:\Users\student\pinball\cobraPinTest1\modes\base\config\base.yaml.
2023-02-16 18:32:22,634 : INFO : ConfigProcessor : Loading config: C:\Users\student\pinball\cobraPinTest1\modes\base\config\base.yaml
2023-02-16 18:32:22,634 : INFO : ConfigProcessor : Config file cache created: C:\Users\student\AppData\Local\Temp\4675a535c8328a9c278c807d999ed109.mpf_cache
2023-02-16 18:32:22,635 : INFO : ConfigProcessor : Loading config from file C:\Users\student\pinball\cobraPinTest1\modes\reentry\config\reentry.yaml.
2023-02-16 18:32:22,645 : INFO : ConfigProcessor : Loading config: C:\Users\student\pinball\cobraPinTest1\modes\reentry\config\reentry.yaml
2023-02-16 18:32:22,645 : INFO : ConfigProcessor : Config file cache created: C:\Users\student\AppData\Local\Temp\0c8438cab3480347c0c749fa494946a2.mpf_cache
2023-02-16 18:32:22,646 : INFO : ConfigProcessor : Loading config from file C:\Users\student\pinball\cobraPinTest1\modes\attract\shows\.\attract_display_loop.yaml.
2023-02-16 18:32:22,655 : INFO : ConfigProcessor : Loading config: C:\Users\student\pinball\cobraPinTest1\modes\attract\shows\.\attract_display_loop.yaml
2023-02-16 18:32:22,655 : INFO : ConfigProcessor : Config file cache created: C:\Users\student\AppData\Local\Temp\f8d2c2cf3ea01f085365ea23fa51a701.mpf_cache
2023-02-16 18:32:22,655 : INFO : ConfigProcessor : Loading config from file C:\Users\student\pinball\cobraPinTest1\modes\attract\shows\.\attract_light_show.yaml.
2023-02-16 18:32:22,659 : INFO : ConfigProcessor : Loading config: C:\Users\student\pinball\cobraPinTest1\modes\attract\shows\.\attract_light_show.yaml
2023-02-16 18:32:22,659 : INFO : ConfigProcessor : Config file cache created: C:\Users\student\AppData\Local\Temp\30bd992f4b62a9b099207aebeb59554c.mpf_cache
2023-02-16 18:32:22,660 : INFO : Machine : Mission Pinball Framework Core Engine v0.55.0
2023-02-16 18:32:22,660 : INFO : Machine : Command line arguments: {'no_load_cache': True, 'create_config_cache': True, 'bcp': True, 'configfile': ['config.yaml'], 'force_assets_load': False, 'jsonlogging': False, 'logfile': 'logs\\2023-02-16-18-32-22-mpf-DESKTOP-0JH7ARL.log', 'pause': False, 'production': False, 'text_ui': True, 'loglevel': 15, 'consoleloglevel': 20, 'force_platform': None, 'syslog_address': None, 'mc_file_name': None, 'no_sound': False}
2023-02-16 18:32:22,660 : INFO : Machine : MPF path: c:\users\student\mpfenv\lib\site-packages\mpf
2023-02-16 18:32:22,660 : INFO : Machine : Machine path: C:\Users\student\pinball\cobraPinTest1
2023-02-16 18:32:22,660 : INFO : Machine : Platform: win32
2023-02-16 18:32:22,660 : INFO : Machine : Python executable location: c:\users\student\mpfenv\scripts\python.exe
2023-02-16 18:32:22,660 : INFO : Machine : Python version: 3.7.8 (64-bit)
2023-02-16 18:32:22,662 : INFO : Machine : Initialise MPF.
2023-02-16 18:32:22,832 : INFO : EventManager : Event: ======'machine_var_credits_string'====== Args={'value': 'FREE PLAY', 'prev_value': None, 'change': True}
2023-02-16 18:32:22,876 : INFO : EventManager : Event: ======'machine_var_master_volume'====== Args={'value': 0.5, 'prev_value': None, 'change': True}
2023-02-16 18:32:22,876 : INFO : EventManager : Event: ======'machine_var_player1_score'====== Args={'value': 1500, 'prev_value': None, 'change': True}
2023-02-16 18:32:22,876 : INFO : EventManager : Event: ======'machine_var_mpf_version'====== Args={'value': 'MPF v0.55.0', 'prev_value': None, 'change': True}
2023-02-16 18:32:22,876 : INFO : EventManager : Event: ======'machine_var_mpf_extended_version'====== Args={'value': 'MPF v0.55.0, Config version:5, Show version: 5, BCP version:1.1', 'prev_value': None, 'change': True}
2023-02-16 18:32:22,876 : INFO : EventManager : Event: ======'machine_var_python_version'====== Args={'value': '3.7.8', 'prev_value': None, 'change': True}
2023-02-16 18:32:22,877 : INFO : EventManager : Event: ======'machine_var_platform'====== Args={'value': 'Windows-10-10.0.19041-SP0', 'prev_value': None, 'change': True}
2023-02-16 18:32:22,877 : INFO : EventManager : Event: ======'machine_var_platform_system'====== Args={'value': 'Windows', 'prev_value': None, 'change': True}
2023-02-16 18:32:22,877 : INFO : EventManager : Event: ======'machine_var_platform_release'====== Args={'value': '10', 'prev_value': None, 'change': True}
2023-02-16 18:32:22,877 : INFO : EventManager : Event: ======'machine_var_platform_version'====== Args={'value': '10.0.19041', 'prev_value': None, 'change': True}
2023-02-16 18:32:22,877 : INFO : EventManager : Event: ======'machine_var_platform_machine'====== Args={'value': 'AMD64', 'prev_value': None, 'change': True}
2023-02-16 18:32:22,877 : INFO : EventManager : Event: ======'init_phase_1'====== Args={}
2023-02-16 18:32:22,892 : INFO : EventManager : Event: ======'logicblock_reentry_switch_counter_updated'====== Args={'value': 0, 'enabled': True}
2023-02-16 18:32:22,892 : INFO : EventManager : Event: ======'logicblock_reentry_switch_counter_updated'====== Args={'value': 0, 'enabled': True}
2023-02-16 18:32:22,892 : INFO : EventManager : Event: ======'init_phase_2'====== Args={}
2023-02-16 18:32:22,893 : INFO : SwitchController : Found active switch: ('0-0-8', <Platform.Virtual>) <switch.s_trough1>
2023-02-16 18:32:22,895 : INFO : EventManager : Event: ======'bcp_connection_attempt'====== Args={'name': 'local_display', 'host': 'localhost', 'port': 5050}
2023-02-16 18:32:22,897 : INFO : BCPClientSocket : Connecting BCP to 'local_display' at localhost:5050...
2023-02-16 18:32:24,939 : INFO : BCPClientSocket : Connected BCP to 'local_display' localhost:5050
2023-02-16 18:32:24,939 : INFO : EventManager : Event: ======'bcp_clients_connected'====== Args={}
2023-02-16 18:32:24,945 : INFO : ball_device.bd_trough : BCH: Initial count: 1
2023-02-16 18:32:24,945 : INFO : ball_device.bd_trough : State: idle
2023-02-16 18:32:24,946 : INFO : ball_device.bd_plunger : BCH: Initial count: 0
2023-02-16 18:32:24,946 : INFO : ball_device.bd_plunger : State: idle
2023-02-16 18:32:25,006 : INFO : EventManager : Event: ======'init_phase_3'====== Args={}
2023-02-16 18:32:25,010 : INFO : EventManager : Event: ======'machine_var_mc_version'====== Args={'value': 'MPF-MC v0.55.0', 'prev_value': None, 'change': True}
2023-02-16 18:32:25,010 : INFO : EventManager : Event: ======'machine_var_mc_extended_version'====== Args={'value': 'MPF-MC v0.55.0 (config_version=5, BCP v1.1, Requires MPF v0.55.0-dev.49)', 'prev_value': None, 'change': True}
2023-02-16 18:32:25,012 : INFO : EventManager : Event: ======'init_phase_4'====== Args={}
2023-02-16 18:32:25,025 : INFO : BallController : Initial balls found: 1
2023-02-16 18:32:25,026 : INFO : EventManager : Event: ======'machine_var_audits_events_game_ended'====== Args={'value': 0, 'prev_value': None, 'change': True}
2023-02-16 18:32:25,026 : INFO : EventManager : Event: ======'machine_var_audits_events_game_started'====== Args={'value': 0, 'prev_value': None, 'change': True}
2023-02-16 18:32:25,026 : INFO : EventManager : Event: ======'machine_var_audits_player_score'====== Args={'value': {'average': 1800.0, 'top': [2000, 1900, 1500], 'total': 3}, 'prev_value': None, 'change': True}
2023-02-16 18:32:25,026 : INFO : EventManager : Event: ======'machine_var_audits_shots_my_first_shot'====== Args={'value': 119, 'prev_value': None, 'change': True}
2023-02-16 18:32:25,027 : INFO : EventManager : Event: ======'machine_var_audits_shots_my_first_shot_mode2'====== Args={'value': 72, 'prev_value': None, 'change': True}
2023-02-16 18:32:25,027 : INFO : EventManager : Event: ======'machine_var_audits_shots_reentryL_shot'====== Args={'value': 146, 'prev_value': None, 'change': True}
2023-02-16 18:32:25,027 : INFO : EventManager : Event: ======'machine_var_audits_shots_reentryM_shot'====== Args={'value': 145, 'prev_value': None, 'change': True}
2023-02-16 18:32:25,028 : INFO : EventManager : Event: ======'machine_var_audits_shots_reentryR_shot'====== Args={'value': 126, 'prev_value': None, 'change': True}
2023-02-16 18:32:25,028 : INFO : EventManager : Event: ======'machine_var_audits_shots_reentry_shot'====== Args={'value': 9, 'prev_value': None, 'change': True}
2023-02-16 18:32:25,028 : INFO : EventManager : Event: ======'machine_var_audits_shots_top_lane_A'====== Args={'value': 12, 'prev_value': None, 'change': True}
2023-02-16 18:32:25,029 : INFO : EventManager : Event: ======'machine_var_audits_shots_top_lane_J'====== Args={'value': 12, 'prev_value': None, 'change': True}
2023-02-16 18:32:25,029 : INFO : EventManager : Event: ======'machine_var_audits_shots_top_lane_M'====== Args={'value': 9, 'prev_value': None, 'change': True}
2023-02-16 18:32:25,029 : INFO : EventManager : Event: ======'machine_var_audits_switches_s_blackhole_kicker'====== Args={'value': 0, 'prev_value': None, 'change': True}
2023-02-16 18:32:25,029 : INFO : EventManager : Event: ======'machine_var_audits_switches_s_bonus_lane'====== Args={'value': 0, 'prev_value': None, 'change': True}
2023-02-16 18:32:25,030 : INFO : EventManager : Event: ======'machine_var_audits_switches_s_booster_drop_target_1'====== Args={'value': 0, 'prev_value': None, 'change': True}
2023-02-16 18:32:25,030 : INFO : EventManager : Event: ======'machine_var_audits_switches_s_booster_drop_target_2'====== Args={'value': 0, 'prev_value': None, 'change': True}
2023-02-16 18:32:25,030 : INFO : EventManager : Event: ======'machine_var_audits_switches_s_booster_drop_target_3'====== Args={'value': 0, 'prev_value': None, 'change': True}
2023-02-16 18:32:25,031 : INFO : EventManager : Event: ======'machine_var_audits_switches_s_comet_spot_1'====== Args={'value': 0, 'prev_value': None, 'change': True}
2023-02-16 18:32:25,031 : INFO : EventManager : Event: ======'machine_var_audits_switches_s_comet_spot_2'====== Args={'value': 0, 'prev_value': None, 'change': True}
2023-02-16 18:32:25,031 : INFO : EventManager : Event: ======'machine_var_audits_switches_s_comet_spot_3'====== Args={'value': 0, 'prev_value': None, 'change': True}
2023-02-16 18:32:25,032 : INFO : EventManager : Event: ======'machine_var_audits_switches_s_engine_bumper_1'====== Args={'value': 0, 'prev_value': None, 'change': True}
2023-02-16 18:32:25,032 : INFO : EventManager : Event: ======'machine_var_audits_switches_s_engine_bumper_2'====== Args={'value': 0, 'prev_value': None, 'change': True}
2023-02-16 18:32:25,032 : INFO : EventManager : Event: ======'machine_var_audits_switches_s_engine_bumper_3'====== Args={'value': 0, 'prev_value': None, 'change': True}
2023-02-16 18:32:25,033 : INFO : EventManager : Event: ======'machine_var_audits_switches_s_fuel_chute_1'====== Args={'value': 0, 'prev_value': None, 'change': True}
2023-02-16 18:32:25,033 : INFO : EventManager : Event: ======'machine_var_audits_switches_s_fuel_chute_2'====== Args={'value': 0, 'prev_value': None, 'change': True}
2023-02-16 18:32:25,033 : INFO : EventManager : Event: ======'machine_var_audits_switches_s_fuel_chute_3'====== Args={'value': 0, 'prev_value': None, 'change': True}
2023-02-16 18:32:25,034 : INFO : EventManager : Event: ======'machine_var_audits_switches_s_fuel_chute_4'====== Args={'value': 0, 'prev_value': None, 'change': True}
2023-02-16 18:32:25,034 : INFO : EventManager : Event: ======'machine_var_audits_switches_s_fuel_chute_5'====== Args={'value': 0, 'prev_value': None, 'change': True}
2023-02-16 18:32:25,034 : INFO : EventManager : Event: ======'machine_var_audits_switches_s_fuel_chute_6'====== Args={'value': 0, 'prev_value': None, 'change': True}
2023-02-16 18:32:25,035 : INFO : EventManager : Event: ======'machine_var_audits_switches_s_fuel_flag'====== Args={'value': 0, 'prev_value': None, 'change': True}
2023-02-16 18:32:25,035 : INFO : EventManager : Event: ======'machine_var_audits_switches_s_fuel_spot_1'====== Args={'value': 0, 'prev_value': None, 'change': True}
2023-02-16 18:32:25,035 : INFO : EventManager : Event: ======'machine_var_audits_switches_s_fuel_spot_2'====== Args={'value': 0, 'prev_value': None, 'change': True}
2023-02-16 18:32:25,036 : INFO : EventManager : Event: ======'machine_var_audits_switches_s_fuel_spot_3'====== Args={'value': 0, 'prev_value': None, 'change': True}
2023-02-16 18:32:25,036 : INFO : EventManager : Event: ======'machine_var_audits_switches_s_green_wormhole'====== Args={'value': 0, 'prev_value': None, 'change': True}
2023-02-16 18:32:25,036 : INFO : EventManager : Event: ======'machine_var_audits_switches_s_hyperspace_flag'====== Args={'value': 0, 'prev_value': None, 'change': True}
2023-02-16 18:32:25,037 : INFO : EventManager : Event: ======'machine_var_audits_switches_s_hyperspacekicker'====== Args={'value': 0, 'prev_value': None, 'change': True}
2023-02-16 18:32:25,037 : INFO : EventManager : Event: ======'machine_var_audits_switches_s_launch_lane_1'====== Args={'value': 0, 'prev_value': None, 'change': True}
2023-02-16 18:32:25,037 : INFO : EventManager : Event: ======'machine_var_audits_switches_s_launch_lane_2'====== Args={'value': 0, 'prev_value': None, 'change': True}
2023-02-16 18:32:25,038 : INFO : EventManager : Event: ======'machine_var_audits_switches_s_launch_lane_3'====== Args={'value': 0, 'prev_value': None, 'change': True}
2023-02-16 18:32:25,038 : INFO : EventManager : Event: ======'machine_var_audits_switches_s_launch_ramp'====== Args={'value': 0, 'prev_value': None, 'change': True}
2023-02-16 18:32:25,039 : INFO : EventManager : Event: ======'machine_var_audits_switches_s_left_attack_bumper'====== Args={'value': 0, 'prev_value': None, 'change': True}
2023-02-16 18:32:25,039 : INFO : EventManager : Event: ======'machine_var_audits_switches_s_left_flipper'====== Args={'value': 455, 'prev_value': None, 'change': True}
2023-02-16 18:32:25,039 : INFO : EventManager : Event: ======'machine_var_audits_switches_s_left_out_lane'====== Args={'value': 0, 'prev_value': None, 'change': True}
2023-02-16 18:32:25,040 : INFO : EventManager : Event: ======'machine_var_audits_switches_s_left_out_lane_kicker'====== Args={'value': 0, 'prev_value': None, 'change': True}
2023-02-16 18:32:25,040 : INFO : EventManager : Event: ======'machine_var_audits_switches_s_left_return_lane'====== Args={'value': 0, 'prev_value': None, 'change': True}
2023-02-16 18:32:25,041 : INFO : EventManager : Event: ======'machine_var_audits_switches_s_lower_attack_bumper'====== Args={'value': 0, 'prev_value': None, 'change': True}
2023-02-16 18:32:25,041 : INFO : EventManager : Event: ======'machine_var_audits_switches_s_lower_left_rebound'====== Args={'value': 0, 'prev_value': None, 'change': True}
2023-02-16 18:32:25,042 : INFO : EventManager : Event: ======'machine_var_audits_switches_s_lower_left_slingshot'====== Args={'value': 0, 'prev_value': None, 'change': True}
2023-02-16 18:32:25,042 : INFO : EventManager : Event: ======'machine_var_audits_switches_s_lower_right_rebound'====== Args={'value': 0, 'prev_value': None, 'change': True}
2023-02-16 18:32:25,043 : INFO : EventManager : Event: ======'machine_var_audits_switches_s_lower_right_slingshot'====== Args={'value': 0, 'prev_value': None, 'change': True}
2023-02-16 18:32:25,043 : INFO : EventManager : Event: ======'machine_var_audits_switches_s_medal_drop_left'====== Args={'value': 0, 'prev_value': None, 'change': True}
2023-02-16 18:32:25,043 : INFO : EventManager : Event: ======'machine_var_audits_switches_s_medal_drop_middle'====== Args={'value': 0, 'prev_value': None, 'change': True}
2023-02-16 18:32:25,044 : INFO : EventManager : Event: ======'machine_var_audits_switches_s_medal_drop_right'====== Args={'value': 0, 'prev_value': None, 'change': True}
2023-02-16 18:32:25,044 : INFO : EventManager : Event: ======'machine_var_audits_switches_s_mission_spot_1'====== Args={'value': 0, 'prev_value': None, 'change': True}
2023-02-16 18:32:25,045 : INFO : EventManager : Event: ======'machine_var_audits_switches_s_mission_spot_2'====== Args={'value': 0, 'prev_value': None, 'change': True}
2023-02-16 18:32:25,045 : INFO : EventManager : Event: ======'machine_var_audits_switches_s_mission_spot_3'====== Args={'value': 0, 'prev_value': None, 'change': True}
2023-02-16 18:32:25,045 : INFO : EventManager : Event: ======'machine_var_audits_switches_s_multiplier_left'====== Args={'value': 0, 'prev_value': None, 'change': True}
2023-02-16 18:32:25,046 : INFO : EventManager : Event: ======'machine_var_audits_switches_s_multiplier_middle'====== Args={'value': 0, 'prev_value': None, 'change': True}
2023-02-16 18:32:25,046 : INFO : EventManager : Event: ======'machine_var_audits_switches_s_multiplier_right'====== Args={'value': 0, 'prev_value': None, 'change': True}
2023-02-16 18:32:25,046 : INFO : EventManager : Event: ======'machine_var_audits_switches_s_plunger'====== Args={'value': 75, 'prev_value': None, 'change': True}
2023-02-16 18:32:25,047 : INFO : EventManager : Event: ======'machine_var_audits_switches_s_radiationspot_1'====== Args={'value': 0, 'prev_value': None, 'change': True}
2023-02-16 18:32:25,047 : INFO : EventManager : Event: ======'machine_var_audits_switches_s_radiationspot_2'====== Args={'value': 0, 'prev_value': None, 'change': True}
2023-02-16 18:32:25,047 : INFO : EventManager : Event: ======'machine_var_audits_switches_s_radiationspot_3'====== Args={'value': 0, 'prev_value': None, 'change': True}
2023-02-16 18:32:25,048 : INFO : EventManager : Event: ======'machine_var_audits_switches_s_red_wormhole'====== Args={'value': 0, 'prev_value': None, 'change': True}
2023-02-16 18:32:25,048 : INFO : EventManager : Event: ======'machine_var_audits_switches_s_reentry_left'====== Args={'value': 501, 'prev_value': None, 'change': True}
2023-02-16 18:32:25,048 : INFO : EventManager : Event: ======'machine_var_audits_switches_s_reentry_middle'====== Args={'value': 219, 'prev_value': None, 'change': True}
2023-02-16 18:32:25,049 : INFO : EventManager : Event: ======'machine_var_audits_switches_s_reentry_right'====== Args={'value': 184, 'prev_value': None, 'change': True}
2023-02-16 18:32:25,049 : INFO : EventManager : Event: ======'machine_var_audits_switches_s_right_flipper'====== Args={'value': 183, 'prev_value': None, 'change': True}
2023-02-16 18:32:25,049 : INFO : EventManager : Event: ======'machine_var_audits_switches_s_right_inlane'====== Args={'value': 0, 'prev_value': None, 'change': True}
2023-02-16 18:32:25,050 : INFO : EventManager : Event: ======'machine_var_audits_switches_s_right_out_lane'====== Args={'value': 0, 'prev_value': None, 'change': True}
2023-02-16 18:32:25,050 : INFO : EventManager : Event: ======'machine_var_audits_switches_s_right_out_lane_kicker'====== Args={'value': 0, 'prev_value': None, 'change': True}
2023-02-16 18:32:25,050 : INFO : EventManager : Event: ======'machine_var_audits_switches_s_right_return_lane'====== Args={'value': 0, 'prev_value': None, 'change': True}
2023-02-16 18:32:25,050 : INFO : EventManager : Event: ======'machine_var_audits_switches_s_satellite_bumper'====== Args={'value': 0, 'prev_value': None, 'change': True}
2023-02-16 18:32:25,051 : INFO : EventManager : Event: ======'machine_var_audits_switches_s_secondary_outlane_kicker'====== Args={'value': 0, 'prev_value': None, 'change': True}
2023-02-16 18:32:25,051 : INFO : EventManager : Event: ======'machine_var_audits_switches_s_skill_shot_1'====== Args={'value': 0, 'prev_value': None, 'change': True}
2023-02-16 18:32:25,052 : INFO : EventManager : Event: ======'machine_var_audits_switches_s_skill_shot_2'====== Args={'value': 0, 'prev_value': None, 'change': True}
2023-02-16 18:32:25,052 : INFO : EventManager : Event: ======'machine_var_audits_switches_s_skill_shot_3'====== Args={'value': 0, 'prev_value': None, 'change': True}
2023-02-16 18:32:25,053 : INFO : EventManager : Event: ======'machine_var_audits_switches_s_skill_shot_4'====== Args={'value': 0, 'prev_value': None, 'change': True}
2023-02-16 18:32:25,054 : INFO : EventManager : Event: ======'machine_var_audits_switches_s_skill_shot_5'====== Args={'value': 0, 'prev_value': None, 'change': True}
2023-02-16 18:32:25,054 : INFO : EventManager : Event: ======'machine_var_audits_switches_s_skill_shot_6'====== Args={'value': 0, 'prev_value': None, 'change': True}
2023-02-16 18:32:25,054 : INFO : EventManager : Event: ======'machine_var_audits_switches_s_skill_shot_lane'====== Args={'value': 0, 'prev_value': None, 'change': True}
2023-02-16 18:32:25,055 : INFO : EventManager : Event: ======'machine_var_audits_switches_s_spacewarp_rollover'====== Args={'value': 0, 'prev_value': None, 'change': True}
2023-02-16 18:32:25,055 : INFO : EventManager : Event: ======'machine_var_audits_switches_s_start'====== Args={'value': 3, 'prev_value': None, 'change': True}
2023-02-16 18:32:25,055 : INFO : EventManager : Event: ======'machine_var_audits_switches_s_trough1'====== Args={'value': 28, 'prev_value': None, 'change': True}
2023-02-16 18:32:25,056 : INFO : EventManager : Event: ======'machine_var_audits_switches_s_trough2'====== Args={'value': 0, 'prev_value': None, 'change': True}
2023-02-16 18:32:25,056 : INFO : EventManager : Event: ======'machine_var_audits_switches_s_trough3'====== Args={'value': 0, 'prev_value': None, 'change': True}
2023-02-16 18:32:25,056 : INFO : EventManager : Event: ======'machine_var_audits_switches_s_trough4'====== Args={'value': 0, 'prev_value': None, 'change': True}
2023-02-16 18:32:25,057 : INFO : EventManager : Event: ======'machine_var_audits_switches_s_trough5'====== Args={'value': 0, 'prev_value': None, 'change': True}
2023-02-16 18:32:25,057 : INFO : EventManager : Event: ======'machine_var_audits_switches_s_trough6'====== Args={'value': 0, 'prev_value': None, 'change': True}
2023-02-16 18:32:25,058 : INFO : EventManager : Event: ======'machine_var_audits_switches_s_trough_jam'====== Args={'value': 0, 'prev_value': None, 'change': True}
2023-02-16 18:32:25,058 : INFO : EventManager : Event: ======'machine_var_audits_switches_s_upper_attack_bumper'====== Args={'value': 0, 'prev_value': None, 'change': True}
2023-02-16 18:32:25,058 : INFO : EventManager : Event: ======'machine_var_audits_switches_s_upper_left_rebound'====== Args={'value': 0, 'prev_value': None, 'change': True}
2023-02-16 18:32:25,059 : INFO : EventManager : Event: ======'machine_var_audits_switches_s_upper_right_rebound'====== Args={'value': 0, 'prev_value': None, 'change': True}
2023-02-16 18:32:25,059 : INFO : EventManager : Event: ======'machine_var_audits_switches_s_wormhole_target'====== Args={'value': 0, 'prev_value': None, 'change': True}
2023-02-16 18:32:25,059 : INFO : EventManager : Event: ======'machine_var_audits_switches_s_yellow_wormhole'====== Args={'value': 0, 'prev_value': None, 'change': True}
2023-02-16 18:32:25,060 : INFO : EventManager : Event: ======'init_phase_5'====== Args={}
2023-02-16 18:32:25,072 : INFO : EventManager : Event: ======'init_done'====== Args={}
2023-02-16 18:32:25,073 : INFO : EventManager : Event: ======'machine_reset_phase_1'====== Args={}
2023-02-16 18:32:25,075 : INFO : EventManager : Event: ======'slide_welcome_slide_removed'====== Args={'_from_bcp': True}
2023-02-16 18:32:25,078 : INFO : EventManager : Event: ======'slide_welcome_slide_created'====== Args={'_from_bcp': True}
2023-02-16 18:32:25,078 : INFO : EventManager : Event: ======'slide_welcome_slide_active'====== Args={'_from_bcp': True}
2023-02-16 18:32:25,079 : INFO : EventManager : Event: ======'machine_reset_phase_2'====== Args={}
2023-02-16 18:32:25,079 : INFO : EventManager : Event: ======'machine_reset_phase_3'====== Args={}
2023-02-16 18:32:25,079 : INFO : EventManager : Event: ======'reset_complete'====== Args={}
2023-02-16 18:32:25,080 : INFO : EventManager : Event: ======'mode_attract_will_start'====== Args={}
2023-02-16 18:32:25,080 : INFO : EventManager : Event: ======'mode_attract_starting'====== Args={}
2023-02-16 18:32:25,080 : INFO : Mode.attract : Started. Priority: 10
2023-02-16 18:32:25,080 : INFO : EventManager : Event: ======'modes_active_modes_changed'====== Args={}
2023-02-16 18:32:25,080 : INFO : EventManager : Event: ======'mode_attract_started'====== Args={}
2023-02-16 18:32:25,081 : INFO : EventManager : Event: ======'collecting_balls_complete'====== Args={}
2023-02-16 18:32:25,101 : INFO : EventManager : Event: ======'slide_awesome_slide_created'====== Args={'_from_bcp': True}
2023-02-16 18:32:25,101 : INFO : EventManager : Event: ======'slide_awesome_slide_active'====== Args={'_from_bcp': True}
2023-02-16 18:32:25,102 : INFO : Machine : Starting the main run loop.
2023-02-16 18:32:25,192 : INFO : BcpServer : New client connected.
2023-02-16 18:32:28,101 : INFO : EventManager : Event: ======'slide_press_start_created'====== Args={'_from_bcp': True}
2023-02-16 18:32:28,102 : INFO : EventManager : Event: ======'slide_press_start_active'====== Args={'_from_bcp': True}
2023-02-16 18:32:28,296 : INFO : SwitchController : <<<<<<< 's_start' active >>>>>>>
2023-02-16 18:32:28,394 : INFO : SwitchController : <<<<<<< 's_start' inactive >>>>>>>
2023-02-16 18:32:28,394 : INFO : EventManager : Event: ======'request_to_start_game'====== Args={}
2023-02-16 18:32:28,395 : INFO : EventManager : Event: ======'game_start'====== Args={'buttons': [], 'hold_time': 0.09400000001187436}
2023-02-16 18:32:28,395 : INFO : EventManager : Event: ======'mode_game_will_start'====== Args={'buttons': [], 'hold_time': 0.09400000001187436}
2023-02-16 18:32:28,396 : INFO : EventManager : Event: ======'mode_game_starting'====== Args={'buttons': [], 'hold_time': 0.09400000001187436}
2023-02-16 18:32:28,396 : INFO : EventManager : Event: ======'mode_attract_will_stop'====== Args={}
2023-02-16 18:32:28,397 : INFO : EventManager : Event: ======'mode_attract_stopping'====== Args={}
2023-02-16 18:32:28,397 : INFO : Mode.attract : Stopped.
2023-02-16 18:32:28,397 : INFO : EventManager : Event: ======'modes_active_modes_changed'====== Args={}
2023-02-16 18:32:28,399 : INFO : EventManager : Event: ======'mode_attract_stopped'====== Args={}
2023-02-16 18:32:28,399 : INFO : EventManager : Event: ======'clear'====== Args={'key': 'attract'}
2023-02-16 18:32:28,400 : INFO : Mode.game : Started. Priority: 20
2023-02-16 18:32:28,400 : INFO : EventManager : Event: ======'modes_active_modes_changed'====== Args={}
2023-02-16 18:32:28,400 : INFO : EventManager : Event: ======'mode_game_started'====== Args={'buttons': [], 'hold_time': 0.09400000001187436}
2023-02-16 18:32:28,410 : INFO : EventManager : Event: ======'game_will_start'====== Args={}
2023-02-16 18:32:28,411 : INFO : EventManager : Event: ======'slide_awesome_slide_removed'====== Args={'_from_bcp': True}
2023-02-16 18:32:28,411 : INFO : EventManager : Event: ======'slide_press_start_removed'====== Args={'_from_bcp': True}
2023-02-16 18:32:28,411 : INFO : EventManager : Event: ======'slide_welcome_slide_active'====== Args={'_from_bcp': True}
2023-02-16 18:32:28,411 : INFO : EventManager : Event: ======'game_starting'====== Args={'game': <Mode.game>}
2023-02-16 18:32:28,412 : INFO : EventManager : Event: ======'player_add_request'====== Args={}
2023-02-16 18:32:28,412 : INFO : EventManager : Event: ======'player_will_add'====== Args={'number': 1}
2023-02-16 18:32:28,412 : INFO : EventManager : Event: ======'player_adding'====== Args={'player': <Player 1>, 'number': 1}
2023-02-16 18:32:28,412 : INFO : EventManager : Event: ======'player_added'====== Args={'player': <Player 1>, 'num': 1}
2023-02-16 18:32:28,413 : INFO : Mode.game : Player added successfully. Total players: 1
2023-02-16 18:32:28,413 : INFO : EventManager : Event: ======'player_index'====== Args={'value': 0, 'prev_value': 0, 'change': 0, 'player_num': 1}
2023-02-16 18:32:28,413 : INFO : EventManager : Event: ======'player_number'====== Args={'value': 1, 'prev_value': 1, 'change': 0, 'player_num': 1}
2023-02-16 18:32:28,414 : INFO : EventManager : Event: ======'player_score'====== Args={'value': 0, 'prev_value': 0, 'change': 0, 'player_num': 1}
2023-02-16 18:32:28,414 : INFO : EventManager : Event: ======'game_started'====== Args={}
2023-02-16 18:32:28,419 : INFO : EventManager : Event: ======'player_turn_will_start'====== Args={'player': <Player 1>, 'number': 1}
2023-02-16 18:32:28,428 : INFO : EventManager : Event: ======'player_turn_starting'====== Args={'player': <Player 1>, 'number': 1}
2023-02-16 18:32:28,429 : INFO : EventManager : Event: ======'player_ball'====== Args={'value': 1, 'prev_value': 0, 'change': 1, 'player_num': 1}
2023-02-16 18:32:28,429 : INFO : EventManager : Event: ======'player_turn_started'====== Args={'player': <Player 1>, 'number': 1}
2023-02-16 18:32:28,430 : INFO : EventManager : Event: ======'ball_will_start'====== Args={'player': 1, 'ball': 1, 'balls_remaining': 2, 'is_extra_ball': False}
2023-02-16 18:32:28,433 : INFO : EventManager : Event: ======'ball_starting'====== Args={'player': 1, 'ball': 1, 'balls_remaining': 2, 'is_extra_ball': False}
2023-02-16 18:32:28,433 : INFO : EventManager : Event: ======'mode_base_will_start'====== Args={'queue': <QueuedEvent>, 'player': 1, 'ball': 1, 'balls_remaining': 2, 'is_extra_ball': False}
2023-02-16 18:32:28,434 : INFO : EventManager : Event: ======'mode_base_starting'====== Args={'queue': <QueuedEvent>, 'player': 1, 'ball': 1, 'balls_remaining': 2, 'is_extra_ball': False}
2023-02-16 18:32:28,434 : INFO : Mode.base : Started. Priority: 100
2023-02-16 18:32:28,434 : INFO : EventManager : Event: ======'modes_active_modes_changed'====== Args={}
2023-02-16 18:32:28,434 : INFO : EventManager : Event: ======'mode_base_started'====== Args={'queue': <QueuedEvent>, 'player': 1, 'ball': 1, 'balls_remaining': 2, 'is_extra_ball': False}
2023-02-16 18:32:28,435 : INFO : EventManager : Event: ======'balls_in_play'====== Args={'balls': 1}
2023-02-16 18:32:28,436 : INFO : EventManager : Event: ======'ball_started'====== Args={'player': 1, 'ball': 1, 'balls_remaining': 2, 'is_extra_ball': False}
2023-02-16 18:32:28,437 : INFO : EventManager : Event: ======'mode_reentry_will_start'====== Args={'player': 1, 'ball': 1, 'balls_remaining': 2, 'is_extra_ball': False}
2023-02-16 18:32:28,437 : INFO : EventManager : Event: ======'player_shot_reentryL_shot_enabled'====== Args={'value': True, 'prev_value': 0, 'change': 1, 'player_num': 1}
2023-02-16 18:32:28,438 : INFO : EventManager : Event: ======'player_shot_reentryM_shot_enabled'====== Args={'value': True, 'prev_value': 0, 'change': 1, 'player_num': 1}
2023-02-16 18:32:28,439 : INFO : EventManager : Event: ======'player_shot_reentryR_shot_enabled'====== Args={'value': True, 'prev_value': 0, 'change': 1, 'player_num': 1}
2023-02-16 18:32:28,440 : INFO : EventManager : Event: ======'reentry_shot_complete'====== Args={'state': 'unlit'}
2023-02-16 18:32:28,440 : INFO : EventManager : Event: ======'reentry_shot_unlit_complete'====== Args={}
2023-02-16 18:32:28,441 : INFO : EventManager : Event: ======'mode_reentry_starting'====== Args={'player': 1, 'ball': 1, 'balls_remaining': 2, 'is_extra_ball': False}
2023-02-16 18:32:28,442 : INFO : Mode.reentry : Started. Priority: 200
2023-02-16 18:32:28,442 : INFO : EventManager : Event: ======'modes_active_modes_changed'====== Args={}
2023-02-16 18:32:28,443 : INFO : EventManager : Event: ======'mode_reentry_started'====== Args={'player': 1, 'ball': 1, 'balls_remaining': 2, 'is_extra_ball': False}
2023-02-16 18:32:28,465 : INFO : EventManager : Event: ======'single_player_ball_started'====== Args={}
2023-02-16 18:32:28,465 : INFO : EventManager : Event: ======'slide_base.slide_player-mode_base_started_created'====== Args={'_from_bcp': True}
2023-02-16 18:32:28,465 : INFO : EventManager : Event: ======'slide__global.slide_player-ball_started_created'====== Args={'_from_bcp': True}
2023-02-16 18:32:28,466 : INFO : EventManager : Event: ======'slide_base.slide_player-mode_base_started_active'====== Args={'_from_bcp': True}
2023-02-16 18:32:28,466 : INFO : EventManager : Event: ======'ball_start_target'====== Args={'target': 'playfield'}
2023-02-16 18:32:28,466 : INFO : ball_device.bd_plunger : Setting up player-controlled eject. Balls: 1, Target: <playfield.playfield>, player_controlled_eject_event: None
2023-02-16 18:32:28,467 : INFO : EventManager : Event: ======'balldevice_balls_available'====== Args={}
2023-02-16 18:32:28,467 : INFO : ball_device.bd_trough : State: waiting_for_target_ready
2023-02-16 18:32:28,468 : INFO : EventManager : Event: ======'balldevice_bd_trough_ball_eject_attempt'====== Args={'balls': 1, 'target': <ball_device.bd_plunger>, 'source': <ball_device.bd_trough>, 'mechanical_eject': True, 'num_attempts': 0}
2023-02-16 18:32:28,468 : INFO : ball_device.bd_plunger : State: waiting_for_ball
2023-02-16 18:32:28,468 : INFO : ball_device.bd_trough : State: ejecting
2023-02-16 18:32:28,468 : INFO : ball_device.bd_trough : Ejecting ball to <ball_device.bd_plunger>
2023-02-16 18:32:28,469 : INFO : EventManager : Event: ======'balldevice_bd_trough_ejecting_ball'====== Args={'balls': 1, 'target': <ball_device.bd_plunger>, 'source': <ball_device.bd_trough>, 'mechanical_eject': True, 'num_attempts': 0}
2023-02-16 18:32:28,469 : INFO : ball_device.bd_trough : Wait for ball to leave device
2023-02-16 18:32:28,470 : INFO : coil.c_trough_eject : Pulsing Driver for 10ms (1.0 pulse_power)
2023-02-16 18:32:34,640 : INFO : SwitchController : <<<<<<< 's_reentry_left' active >>>>>>>
2023-02-16 18:32:34,640 : INFO : EventManager : Event: ======'playfield_active'====== Args={}
2023-02-16 18:32:34,640 : INFO : EventManager : Event: ======'unexpected_ball_on_playfield'====== Args={}
2023-02-16 18:32:34,641 : INFO : EventManager : Event: ======'s_reentry_left_active'====== Args={}
2023-02-16 18:32:34,641 : INFO : EventManager : Event: ======'sw_playfield_active'====== Args={}
2023-02-16 18:32:34,641 : INFO : EventManager : Event: ======'machine_var_audits_switches_s_reentry_left'====== Args={'value': 502, 'prev_value': 501, 'change': 1}
2023-02-16 18:32:34,650 : INFO : EventManager : Event: ======'player_shot_reentryL_shot'====== Args={'value': 1, 'prev_value': 0, 'change': 1, 'player_num': 1}
2023-02-16 18:32:34,651 : INFO : EventManager : Event: ======'machine_var_audits_shots_reentryL_shot'====== Args={'value': 147, 'prev_value': 146, 'change': 1}
2023-02-16 18:32:34,652 : INFO : EventManager : Event: ======'reentryL_shot_hit'====== Args={'profile': 'default', 'state': 'unlit', 'advancing': True}
2023-02-16 18:32:34,652 : INFO : EventManager : Event: ======'reentryL_shot_default_hit'====== Args={'profile': 'default', 'state': 'unlit', 'advancing': True}
2023-02-16 18:32:34,652 : INFO : EventManager : Event: ======'reentryL_shot_default_unlit_hit'====== Args={'profile': 'default', 'state': 'unlit', 'advancing': True}
2023-02-16 18:32:34,653 : INFO : EventManager : Event: ======'reentryL_shot_unlit_hit'====== Args={'profile': 'default', 'state': 'unlit', 'advancing': True}
2023-02-16 18:32:34,653 : INFO : EventManager : Event: ======'logicblock_reentry_switch_counter_updated'====== Args={'value': 1, 'enabled': True}
2023-02-16 18:32:34,654 : INFO : EventManager : Event: ======'reentry_sound_active'====== Args={'count': 1}
2023-02-16 18:32:34,654 : INFO : EventManager : Event: ======'reentry_shot_hit'====== Args={}
2023-02-16 18:32:34,655 : INFO : EventManager : Event: ======'reentry_shot_unlit_hit'====== Args={}
2023-02-16 18:32:34,655 : INFO : EventManager : Event: ======'playfield_active'====== Args={}
2023-02-16 18:32:34,655 : INFO : EventManager : Event: ======'unexpected_ball_on_playfield'====== Args={}
2023-02-16 18:32:34,659 : INFO : SwitchController : <<<<<<< 's_reentry_left' inactive >>>>>>>
2023-02-16 18:32:35,195 : INFO : SwitchController : <<<<<<< 's_reentry_middle' active >>>>>>>
2023-02-16 18:32:35,196 : INFO : EventManager : Event: ======'playfield_active'====== Args={}
2023-02-16 18:32:35,196 : INFO : EventManager : Event: ======'unexpected_ball_on_playfield'====== Args={}
2023-02-16 18:32:35,196 : INFO : EventManager : Event: ======'s_reentry_middle_active'====== Args={}
2023-02-16 18:32:35,196 : INFO : EventManager : Event: ======'sw_playfield_active'====== Args={}
2023-02-16 18:32:35,196 : INFO : EventManager : Event: ======'machine_var_audits_switches_s_reentry_middle'====== Args={'value': 220, 'prev_value': 219, 'change': 1}
2023-02-16 18:32:35,197 : INFO : EventManager : Event: ======'player_shot_reentryM_shot'====== Args={'value': 1, 'prev_value': 0, 'change': 1, 'player_num': 1}
2023-02-16 18:32:35,198 : INFO : EventManager : Event: ======'machine_var_audits_shots_reentryM_shot'====== Args={'value': 146, 'prev_value': 145, 'change': 1}
2023-02-16 18:32:35,198 : INFO : EventManager : Event: ======'reentryM_shot_hit'====== Args={'profile': 'default', 'state': 'unlit', 'advancing': True}
2023-02-16 18:32:35,198 : INFO : EventManager : Event: ======'reentryM_shot_default_hit'====== Args={'profile': 'default', 'state': 'unlit', 'advancing': True}
2023-02-16 18:32:35,199 : INFO : EventManager : Event: ======'reentryM_shot_default_unlit_hit'====== Args={'profile': 'default', 'state': 'unlit', 'advancing': True}
2023-02-16 18:32:35,199 : INFO : EventManager : Event: ======'reentryM_shot_unlit_hit'====== Args={'profile': 'default', 'state': 'unlit', 'advancing': True}
2023-02-16 18:32:35,199 : INFO : EventManager : Event: ======'reentry_shot_hit'====== Args={}
2023-02-16 18:32:35,199 : INFO : EventManager : Event: ======'reentry_shot_unlit_hit'====== Args={}
2023-02-16 18:32:35,199 : INFO : EventManager : Event: ======'playfield_active'====== Args={}
2023-02-16 18:32:35,199 : INFO : EventManager : Event: ======'unexpected_ball_on_playfield'====== Args={}
2023-02-16 18:32:35,257 : INFO : SwitchController : <<<<<<< 's_reentry_middle' inactive >>>>>>>
2023-02-16 18:32:36,075 : INFO : SwitchController : <<<<<<< 's_reentry_right' active >>>>>>>
2023-02-16 18:32:36,076 : INFO : EventManager : Event: ======'playfield_active'====== Args={}
2023-02-16 18:32:36,077 : INFO : EventManager : Event: ======'unexpected_ball_on_playfield'====== Args={}
2023-02-16 18:32:36,079 : INFO : EventManager : Event: ======'s_reentry_right_active'====== Args={}
2023-02-16 18:32:36,080 : INFO : EventManager : Event: ======'machine_var_audits_switches_s_reentry_right'====== Args={'value': 185, 'prev_value': 184, 'change': 1}
2023-02-16 18:32:36,083 : INFO : EventManager : Event: ======'player_shot_reentryR_shot'====== Args={'value': 1, 'prev_value': 0, 'change': 1, 'player_num': 1}
2023-02-16 18:32:36,086 : INFO : EventManager : Event: ======'machine_var_audits_shots_reentryR_shot'====== Args={'value': 127, 'prev_value': 126, 'change': 1}
2023-02-16 18:32:36,087 : INFO : EventManager : Event: ======'reentryR_shot_hit'====== Args={'profile': 'default', 'state': 'unlit', 'advancing': True}
2023-02-16 18:32:36,087 : INFO : EventManager : Event: ======'reentryR_shot_default_hit'====== Args={'profile': 'default', 'state': 'unlit', 'advancing': True}
2023-02-16 18:32:36,087 : INFO : EventManager : Event: ======'reentryR_shot_default_unlit_hit'====== Args={'profile': 'default', 'state': 'unlit', 'advancing': True}
2023-02-16 18:32:36,087 : INFO : EventManager : Event: ======'reentryR_shot_unlit_hit'====== Args={'profile': 'default', 'state': 'unlit', 'advancing': True}
2023-02-16 18:32:36,087 : INFO : EventManager : Event: ======'reentry_shot_complete'====== Args={'state': 'lit'}
2023-02-16 18:32:36,088 : INFO : EventManager : Event: ======'reentry_shot_lit_complete'====== Args={}
2023-02-16 18:32:36,088 : INFO : EventManager : Event: ======'reentry_shot_hit'====== Args={}
2023-02-16 18:32:36,088 : INFO : EventManager : Event: ======'reentry_shot_unlit_hit'====== Args={}
2023-02-16 18:32:36,088 : INFO : EventManager : Event: ======'player_score'====== Args={'value': 5000, 'prev_value': 0, 'change': 5000, 'player_num': 1}
2023-02-16 18:32:36,188 : INFO : SwitchController : <<<<<<< 's_reentry_right' inactive >>>>>>>
2023-02-16 18:32:37,077 : INFO : EventManager : Event: ======'player_shot_reentryL_shot'====== Args={'value': 0, 'prev_value': 1, 'change': -1, 'player_num': 1}
2023-02-16 18:32:37,078 : INFO : EventManager : Event: ======'player_shot_reentryM_shot'====== Args={'value': 0, 'prev_value': 1, 'change': -1, 'player_num': 1}
2023-02-16 18:32:37,079 : INFO : EventManager : Event: ======'player_shot_reentryR_shot'====== Args={'value': 0, 'prev_value': 1, 'change': -1, 'player_num': 1}
2023-02-16 18:32:38,471 : INFO : EventManager : Event: ======'balldevice_bd_trough_ball_eject_failed'====== Args={'target': <ball_device.bd_plunger>, 'balls': 1, 'retry': True, 'num_attempts': 1}
2023-02-16 18:32:38,473 : INFO : ball_device.bd_trough : State: waiting_for_target_ready
2023-02-16 18:32:38,475 : INFO : EventManager : Event: ======'balldevice_bd_trough_ball_eject_attempt'====== Args={'balls': 1, 'target': <ball_device.bd_plunger>, 'source': <ball_device.bd_trough>, 'mechanical_eject': True, 'num_attempts': 1}
2023-02-16 18:32:38,476 : INFO : ball_device.bd_trough : State: ejecting
2023-02-16 18:32:38,478 : INFO : ball_device.bd_trough : Ejecting ball to <ball_device.bd_plunger>
2023-02-16 18:32:38,478 : INFO : EventManager : Event: ======'balldevice_bd_trough_ejecting_ball'====== Args={'balls': 1, 'target': <ball_device.bd_plunger>, 'source': <ball_device.bd_trough>, 'mechanical_eject': True, 'num_attempts': 1}
2023-02-16 18:32:38,481 : INFO : ball_device.bd_trough : Wait for ball to leave device
2023-02-16 18:32:38,482 : INFO : coil.c_trough_eject : Pulsing Driver for 10ms (1.0 pulse_power)
2023-02-16 18:32:45,441 : INFO : SwitchController : <<<<<<< 's_reentry_left' active >>>>>>>
2023-02-16 18:32:45,442 : INFO : EventManager : Event: ======'playfield_active'====== Args={}
2023-02-16 18:32:45,442 : INFO : EventManager : Event: ======'unexpected_ball_on_playfield'====== Args={}
2023-02-16 18:32:45,443 : INFO : EventManager : Event: ======'s_reentry_left_active'====== Args={}
2023-02-16 18:32:45,444 : INFO : EventManager : Event: ======'sw_playfield_active'====== Args={}
2023-02-16 18:32:45,446 : INFO : EventManager : Event: ======'machine_var_audits_switches_s_reentry_left'====== Args={'value': 503, 'prev_value': 502, 'change': 1}
2023-02-16 18:32:45,461 : INFO : EventManager : Event: ======'player_shot_reentryL_shot'====== Args={'value': 1, 'prev_value': 0, 'change': 1, 'player_num': 1}
2023-02-16 18:32:45,461 : INFO : EventManager : Event: ======'machine_var_audits_shots_reentryL_shot'====== Args={'value': 148, 'prev_value': 147, 'change': 1}
2023-02-16 18:32:45,462 : INFO : EventManager : Event: ======'reentryL_shot_hit'====== Args={'profile': 'default', 'state': 'unlit', 'advancing': True}
2023-02-16 18:32:45,462 : INFO : EventManager : Event: ======'reentryL_shot_default_hit'====== Args={'profile': 'default', 'state': 'unlit', 'advancing': True}
2023-02-16 18:32:45,462 : INFO : EventManager : Event: ======'reentryL_shot_default_unlit_hit'====== Args={'profile': 'default', 'state': 'unlit', 'advancing': True}
2023-02-16 18:32:45,462 : INFO : EventManager : Event: ======'reentryL_shot_unlit_hit'====== Args={'profile': 'default', 'state': 'unlit', 'advancing': True}
2023-02-16 18:32:45,463 : INFO : EventManager : Event: ======'logicblock_reentry_switch_counter_updated'====== Args={'value': 2, 'enabled': True}
2023-02-16 18:32:45,463 : INFO : EventManager : Event: ======'reentry_sound_active'====== Args={'count': 2}
2023-02-16 18:32:45,463 : INFO : EventManager : Event: ======'reentry_shot_hit'====== Args={}
2023-02-16 18:32:45,463 : INFO : EventManager : Event: ======'reentry_shot_unlit_hit'====== Args={}
2023-02-16 18:32:45,463 : INFO : EventManager : Event: ======'playfield_active'====== Args={}
2023-02-16 18:32:45,463 : INFO : EventManager : Event: ======'unexpected_ball_on_playfield'====== Args={}
2023-02-16 18:32:45,541 : INFO : SwitchController : <<<<<<< 's_reentry_left' inactive >>>>>>>
2023-02-16 18:32:45,862 : INFO : SwitchController : <<<<<<< 's_reentry_middle' active >>>>>>>
2023-02-16 18:32:45,863 : INFO : EventManager : Event: ======'playfield_active'====== Args={}
2023-02-16 18:32:45,863 : INFO : EventManager : Event: ======'unexpected_ball_on_playfield'====== Args={}
2023-02-16 18:32:45,864 : INFO : EventManager : Event: ======'s_reentry_middle_active'====== Args={}
2023-02-16 18:32:45,864 : INFO : EventManager : Event: ======'sw_playfield_active'====== Args={}
2023-02-16 18:32:45,865 : INFO : EventManager : Event: ======'machine_var_audits_switches_s_reentry_middle'====== Args={'value': 221, 'prev_value': 220, 'change': 1}
2023-02-16 18:32:45,867 : INFO : EventManager : Event: ======'player_shot_reentryM_shot'====== Args={'value': 1, 'prev_value': 0, 'change': 1, 'player_num': 1}
2023-02-16 18:32:45,867 : INFO : EventManager : Event: ======'machine_var_audits_shots_reentryM_shot'====== Args={'value': 147, 'prev_value': 146, 'change': 1}
2023-02-16 18:32:45,868 : INFO : EventManager : Event: ======'reentryM_shot_hit'====== Args={'profile': 'default', 'state': 'unlit', 'advancing': True}
2023-02-16 18:32:45,868 : INFO : EventManager : Event: ======'reentryM_shot_default_hit'====== Args={'profile': 'default', 'state': 'unlit', 'advancing': True}
2023-02-16 18:32:45,868 : INFO : EventManager : Event: ======'reentryM_shot_default_unlit_hit'====== Args={'profile': 'default', 'state': 'unlit', 'advancing': True}
2023-02-16 18:32:45,869 : INFO : EventManager : Event: ======'reentryM_shot_unlit_hit'====== Args={'profile': 'default', 'state': 'unlit', 'advancing': True}
2023-02-16 18:32:45,869 : INFO : EventManager : Event: ======'reentry_shot_hit'====== Args={}
2023-02-16 18:32:45,869 : INFO : EventManager : Event: ======'reentry_shot_unlit_hit'====== Args={}
2023-02-16 18:32:45,869 : INFO : EventManager : Event: ======'playfield_active'====== Args={}
2023-02-16 18:32:45,869 : INFO : EventManager : Event: ======'unexpected_ball_on_playfield'====== Args={}
2023-02-16 18:32:46,012 : INFO : SwitchController : <<<<<<< 's_reentry_middle' inactive >>>>>>>
2023-02-16 18:32:46,293 : INFO : SwitchController : <<<<<<< 's_reentry_right' active >>>>>>>
2023-02-16 18:32:46,294 : INFO : EventManager : Event: ======'playfield_active'====== Args={}
2023-02-16 18:32:46,295 : INFO : EventManager : Event: ======'unexpected_ball_on_playfield'====== Args={}
2023-02-16 18:32:46,296 : INFO : EventManager : Event: ======'s_reentry_right_active'====== Args={}
2023-02-16 18:32:46,298 : INFO : EventManager : Event: ======'machine_var_audits_switches_s_reentry_right'====== Args={'value': 186, 'prev_value': 185, 'change': 1}
2023-02-16 18:32:46,302 : INFO : EventManager : Event: ======'player_shot_reentryR_shot'====== Args={'value': 1, 'prev_value': 0, 'change': 1, 'player_num': 1}
2023-02-16 18:32:46,304 : INFO : EventManager : Event: ======'machine_var_audits_shots_reentryR_shot'====== Args={'value': 128, 'prev_value': 127, 'change': 1}
2023-02-16 18:32:46,307 : INFO : EventManager : Event: ======'reentryR_shot_hit'====== Args={'profile': 'default', 'state': 'unlit', 'advancing': True}
2023-02-16 18:32:46,307 : INFO : EventManager : Event: ======'reentryR_shot_default_hit'====== Args={'profile': 'default', 'state': 'unlit', 'advancing': True}
2023-02-16 18:32:46,308 : INFO : EventManager : Event: ======'reentryR_shot_default_unlit_hit'====== Args={'profile': 'default', 'state': 'unlit', 'advancing': True}
2023-02-16 18:32:46,308 : INFO : EventManager : Event: ======'reentryR_shot_unlit_hit'====== Args={'profile': 'default', 'state': 'unlit', 'advancing': True}
2023-02-16 18:32:46,309 : INFO : EventManager : Event: ======'reentry_shot_complete'====== Args={'state': 'lit'}
2023-02-16 18:32:46,311 : INFO : EventManager : Event: ======'reentry_shot_lit_complete'====== Args={}
2023-02-16 18:32:46,313 : INFO : EventManager : Event: ======'reentry_shot_hit'====== Args={}
2023-02-16 18:32:46,314 : INFO : EventManager : Event: ======'reentry_shot_unlit_hit'====== Args={}
2023-02-16 18:32:46,315 : INFO : EventManager : Event: ======'player_score'====== Args={'value': 10000, 'prev_value': 5000, 'change': 5000, 'player_num': 1}
2023-02-16 18:32:46,419 : INFO : SwitchController : <<<<<<< 's_reentry_right' inactive >>>>>>>
2023-02-16 18:32:47,308 : INFO : EventManager : Event: ======'player_shot_reentryL_shot'====== Args={'value': 0, 'prev_value': 1, 'change': -1, 'player_num': 1}
2023-02-16 18:32:47,311 : INFO : EventManager : Event: ======'player_shot_reentryM_shot'====== Args={'value': 0, 'prev_value': 1, 'change': -1, 'player_num': 1}
2023-02-16 18:32:47,313 : INFO : EventManager : Event: ======'player_shot_reentryR_shot'====== Args={'value': 0, 'prev_value': 1, 'change': -1, 'player_num': 1}
2023-02-16 18:32:48,483 : INFO : EventManager : Event: ======'balldevice_bd_trough_ball_eject_failed'====== Args={'target': <ball_device.bd_plunger>, 'balls': 1, 'retry': True, 'num_attempts': 2}
2023-02-16 18:32:48,486 : INFO : ball_device.bd_trough : State: waiting_for_target_ready
2023-02-16 18:32:48,488 : INFO : EventManager : Event: ======'balldevice_bd_trough_ball_eject_attempt'====== Args={'balls': 1, 'target': <ball_device.bd_plunger>, 'source': <ball_device.bd_trough>, 'mechanical_eject': True, 'num_attempts': 2}
2023-02-16 18:32:48,490 : INFO : ball_device.bd_trough : State: ejecting
2023-02-16 18:32:48,491 : INFO : ball_device.bd_trough : Ejecting ball to <ball_device.bd_plunger>
2023-02-16 18:32:48,491 : INFO : EventManager : Event: ======'balldevice_bd_trough_ejecting_ball'====== Args={'balls': 1, 'target': <ball_device.bd_plunger>, 'source': <ball_device.bd_trough>, 'mechanical_eject': True, 'num_attempts': 2}
2023-02-16 18:32:48,494 : INFO : ball_device.bd_trough : Wait for ball to leave device
2023-02-16 18:32:48,495 : INFO : coil.c_trough_eject : Pulsing Driver for 10ms (1.0 pulse_power)
2023-02-16 18:32:49,259 : INFO : Machine : Shutting down...
2023-02-16 18:32:49,259 : INFO : EventManager : Event: ======'shutdown'====== Args={}
2023-02-16 18:32:49,264 : INFO : root : MPF run loop ended.
