2023-12-12 21:07:57,030 : INFO : root : Loading config.
2023-12-12 21:07:57,358 : INFO : ConfigProcessor : Config spec file cache created: C:\Users\student\AppData\Local\Temp\config_spec.mpf_cache
2023-12-12 21:07:57,358 : INFO : YamlMultifileConfigLoader : Machine config file #1: config.yaml
2023-12-12 21:07:57,358 : INFO : ConfigProcessor : Loading config from file c:\users\student\mpfenv\lib\site-packages\mpf\mpfconfig.yaml.
2023-12-12 21:07:57,421 : INFO : ConfigProcessor : Loading config: c:\users\student\mpfenv\lib\site-packages\mpf\mpfconfig.yaml
2023-12-12 21:07:57,421 : INFO : ConfigProcessor : Loading config from file C:\Users\student\pinball\cobraPinTest1\config\config.yaml.
2023-12-12 21:07:57,467 : INFO : ConfigProcessor : Loading config: C:\Users\student\pinball\cobraPinTest1\config\config.yaml
2023-12-12 21:07:57,467 : INFO : ConfigProcessor : Config file cache created: C:\Users\student\AppData\Local\Temp\f1427cd4cbc9163bc2263f349f0fb463.mpf_cache
2023-12-12 21:07:57,546 : INFO : ConfigProcessor : Loading config from file c:\users\student\mpfenv\lib\site-packages\mpf\modes\attract\config\attract.yaml.
2023-12-12 21:07:57,561 : INFO : ConfigProcessor : Loading config: c:\users\student\mpfenv\lib\site-packages\mpf\modes\attract\config\attract.yaml
2023-12-12 21:07:57,561 : INFO : ConfigProcessor : Loading config from file C:\Users\student\pinball\cobraPinTest1\modes\attract\config\attract.yaml.
2023-12-12 21:07:57,561 : INFO : ConfigProcessor : Loading config: C:\Users\student\pinball\cobraPinTest1\modes\attract\config\attract.yaml
2023-12-12 21:07:57,561 : INFO : ConfigProcessor : Config file cache created: C:\Users\student\AppData\Local\Temp\32ed7ad340ce8029344f8b9ff63edc80.mpf_cache
2023-12-12 21:07:57,561 : INFO : ConfigProcessor : Loading config from file c:\users\student\mpfenv\lib\site-packages\mpf\modes\game\config\game.yaml.
2023-12-12 21:07:57,561 : INFO : ConfigProcessor : Loading config: c:\users\student\mpfenv\lib\site-packages\mpf\modes\game\config\game.yaml
2023-12-12 21:07:57,577 : INFO : ConfigProcessor : Config file cache created: C:\Users\student\AppData\Local\Temp\8696bd5a5a040ff67990be11cb4d3c0c.mpf_cache
2023-12-12 21:07:57,577 : INFO : ConfigProcessor : Loading config from file C:\Users\student\pinball\cobraPinTest1\modes\base\config\base.yaml.
2023-12-12 21:07:57,577 : INFO : ConfigProcessor : Loading config: C:\Users\student\pinball\cobraPinTest1\modes\base\config\base.yaml
2023-12-12 21:07:57,577 : INFO : ConfigProcessor : Config file cache created: C:\Users\student\AppData\Local\Temp\4675a535c8328a9c278c807d999ed109.mpf_cache
2023-12-12 21:07:57,577 : INFO : ConfigProcessor : Loading config from file C:\Users\student\pinball\cobraPinTest1\modes\reentry\config\reentry.yaml.
2023-12-12 21:07:57,608 : INFO : ConfigProcessor : Loading config: C:\Users\student\pinball\cobraPinTest1\modes\reentry\config\reentry.yaml
2023-12-12 21:07:57,608 : INFO : ConfigProcessor : Config file cache created: C:\Users\student\AppData\Local\Temp\0c8438cab3480347c0c749fa494946a2.mpf_cache
2023-12-12 21:07:57,608 : INFO : ConfigProcessor : Loading config from file C:\Users\student\pinball\cobraPinTest1\modes\medal\config\medal.yaml.
2023-12-12 21:07:57,624 : INFO : ConfigProcessor : Loading config: C:\Users\student\pinball\cobraPinTest1\modes\medal\config\medal.yaml
2023-12-12 21:07:57,624 : INFO : ConfigProcessor : Config file cache created: C:\Users\student\AppData\Local\Temp\edae2e0e7aeda847f5007d89f37fc8de.mpf_cache
2023-12-12 21:07:57,624 : INFO : ConfigProcessor : Loading config from file C:\Users\student\pinball\cobraPinTest1\modes\attract\shows\.\attract_display_loop.yaml.
2023-12-12 21:07:57,639 : INFO : ConfigProcessor : Loading config: C:\Users\student\pinball\cobraPinTest1\modes\attract\shows\.\attract_display_loop.yaml
2023-12-12 21:07:57,639 : INFO : ConfigProcessor : Config file cache created: C:\Users\student\AppData\Local\Temp\f8d2c2cf3ea01f085365ea23fa51a701.mpf_cache
2023-12-12 21:07:57,639 : INFO : ConfigProcessor : Loading config from file C:\Users\student\pinball\cobraPinTest1\modes\attract\shows\.\attract_light_show.yaml.
2023-12-12 21:07:57,655 : INFO : ConfigProcessor : Loading config: C:\Users\student\pinball\cobraPinTest1\modes\attract\shows\.\attract_light_show.yaml
2023-12-12 21:07:57,655 : INFO : ConfigProcessor : Config file cache created: C:\Users\student\AppData\Local\Temp\30bd992f4b62a9b099207aebeb59554c.mpf_cache
2023-12-12 21:07:57,655 : INFO : Machine : Mission Pinball Framework Core Engine v0.55.0
2023-12-12 21:07:57,655 : INFO : Machine : Command line arguments: {'no_load_cache': True, 'create_config_cache': True, 'bcp': True, 'configfile': ['config.yaml'], 'force_assets_load': False, 'jsonlogging': False, 'logfile': 'logs\\2023-12-12-21-07-57-mpf-DESKTOP-0JH7ARL.log', 'pause': False, 'production': False, 'text_ui': True, 'loglevel': 15, 'consoleloglevel': 20, 'force_platform': None, 'syslog_address': None, 'mc_file_name': None, 'no_sound': False}
2023-12-12 21:07:57,655 : INFO : Machine : MPF path: c:\users\student\mpfenv\lib\site-packages\mpf
2023-12-12 21:07:57,655 : INFO : Machine : Machine path: C:\Users\student\pinball\cobraPinTest1
2023-12-12 21:07:57,655 : INFO : Machine : Platform: win32
2023-12-12 21:07:57,655 : INFO : Machine : Python executable location: c:\users\student\mpfenv\scripts\python.exe
2023-12-12 21:07:57,655 : INFO : Machine : Python version: 3.7.8 (64-bit)
2023-12-12 21:07:57,655 : INFO : Machine : Initialise MPF.
2023-12-12 21:07:58,019 : INFO : EventManager : Event: ======'machine_var_credits_string'====== Args={'value': 'FREE PLAY', 'prev_value': None, 'change': True}
2023-12-12 21:07:58,075 : INFO : EventManager : Event: ======'machine_var_master_volume'====== Args={'value': 0.5, 'prev_value': None, 'change': True}
2023-12-12 21:07:58,075 : INFO : EventManager : Event: ======'machine_var_player1_score'====== Args={'value': 1500, 'prev_value': None, 'change': True}
2023-12-12 21:07:58,076 : INFO : EventManager : Event: ======'machine_var_mpf_version'====== Args={'value': 'MPF v0.55.0', 'prev_value': None, 'change': True}
2023-12-12 21:07:58,076 : INFO : EventManager : Event: ======'machine_var_mpf_extended_version'====== Args={'value': 'MPF v0.55.0, Config version:5, Show version: 5, BCP version:1.1', 'prev_value': None, 'change': True}
2023-12-12 21:07:58,076 : INFO : EventManager : Event: ======'machine_var_python_version'====== Args={'value': '3.7.8', 'prev_value': None, 'change': True}
2023-12-12 21:07:58,076 : INFO : EventManager : Event: ======'machine_var_platform'====== Args={'value': 'Windows-10-10.0.19041-SP0', 'prev_value': None, 'change': True}
2023-12-12 21:07:58,076 : INFO : EventManager : Event: ======'machine_var_platform_system'====== Args={'value': 'Windows', 'prev_value': None, 'change': True}
2023-12-12 21:07:58,076 : INFO : EventManager : Event: ======'machine_var_platform_release'====== Args={'value': '10', 'prev_value': None, 'change': True}
2023-12-12 21:07:58,076 : INFO : EventManager : Event: ======'machine_var_platform_version'====== Args={'value': '10.0.19041', 'prev_value': None, 'change': True}
2023-12-12 21:07:58,076 : INFO : EventManager : Event: ======'machine_var_platform_machine'====== Args={'value': 'AMD64', 'prev_value': None, 'change': True}
2023-12-12 21:07:58,076 : INFO : EventManager : Event: ======'init_phase_1'====== Args={}
2023-12-12 21:07:58,097 : INFO : EventManager : Event: ======'init_phase_2'====== Args={}
2023-12-12 21:07:58,097 : INFO : SwitchController : Found active switch: ('0-0-8', <Platform.Virtual>) <switch.s_trough1>
2023-12-12 21:07:58,101 : INFO : EventManager : Event: ======'bcp_connection_attempt'====== Args={'name': 'local_display', 'host': 'localhost', 'port': 5050}
2023-12-12 21:07:58,102 : INFO : BCPClientSocket : Connecting BCP to 'local_display' at localhost:5050...
2023-12-12 21:08:01,644 : INFO : BCPClientSocket : Connected BCP to 'local_display' localhost:5050
2023-12-12 21:08:01,644 : INFO : EventManager : Event: ======'bcp_clients_connected'====== Args={}
2023-12-12 21:08:01,652 : INFO : ball_device.bd_trough : BCH: Initial count: 1
2023-12-12 21:08:01,652 : INFO : ball_device.bd_trough : State: idle
2023-12-12 21:08:01,653 : INFO : ball_device.bd_plunger : BCH: Initial count: 0
2023-12-12 21:08:01,653 : INFO : ball_device.bd_plunger : State: idle
2023-12-12 21:08:01,742 : INFO : EventManager : Event: ======'init_phase_3'====== Args={}
2023-12-12 21:08:01,743 : INFO : EventManager : Event: ======'machine_var_mc_version'====== Args={'value': 'MPF-MC v0.55.0', 'prev_value': None, 'change': True}
2023-12-12 21:08:01,743 : INFO : EventManager : Event: ======'machine_var_mc_extended_version'====== Args={'value': 'MPF-MC v0.55.0 (config_version=5, BCP v1.1, Requires MPF v0.55.0-dev.49)', 'prev_value': None, 'change': True}
2023-12-12 21:08:01,763 : INFO : EventManager : Event: ======'init_phase_4'====== Args={}
2023-12-12 21:08:01,763 : INFO : BallController : Initial balls found: 1
2023-12-12 21:08:01,764 : INFO : EventManager : Event: ======'machine_var_audits_events_game_ended'====== Args={'value': 0, 'prev_value': None, 'change': True}
2023-12-12 21:08:01,764 : INFO : EventManager : Event: ======'machine_var_audits_events_game_started'====== Args={'value': 0, 'prev_value': None, 'change': True}
2023-12-12 21:08:01,765 : INFO : EventManager : Event: ======'machine_var_audits_player_score'====== Args={'value': {'average': 1800.0, 'top': [2000, 1900, 1500], 'total': 3}, 'prev_value': None, 'change': True}
2023-12-12 21:08:01,765 : INFO : EventManager : Event: ======'machine_var_audits_shots_medalL_shot'====== Args={'value': 156, 'prev_value': None, 'change': True}
2023-12-12 21:08:01,765 : INFO : EventManager : Event: ======'machine_var_audits_shots_medalM_shot'====== Args={'value': 152, 'prev_value': None, 'change': True}
2023-12-12 21:08:01,766 : INFO : EventManager : Event: ======'machine_var_audits_shots_medalR_shot'====== Args={'value': 153, 'prev_value': None, 'change': True}
2023-12-12 21:08:01,766 : INFO : EventManager : Event: ======'machine_var_audits_shots_my_first_shot'====== Args={'value': 119, 'prev_value': None, 'change': True}
2023-12-12 21:08:01,767 : INFO : EventManager : Event: ======'machine_var_audits_shots_my_first_shot_mode2'====== Args={'value': 72, 'prev_value': None, 'change': True}
2023-12-12 21:08:01,767 : INFO : EventManager : Event: ======'machine_var_audits_shots_reentryL_shot'====== Args={'value': 397, 'prev_value': None, 'change': True}
2023-12-12 21:08:01,767 : INFO : EventManager : Event: ======'machine_var_audits_shots_reentryM_shot'====== Args={'value': 373, 'prev_value': None, 'change': True}
2023-12-12 21:08:01,768 : INFO : EventManager : Event: ======'machine_var_audits_shots_reentryR_shot'====== Args={'value': 341, 'prev_value': None, 'change': True}
2023-12-12 21:08:01,768 : INFO : EventManager : Event: ======'machine_var_audits_shots_reentry_shot'====== Args={'value': 9, 'prev_value': None, 'change': True}
2023-12-12 21:08:01,768 : INFO : EventManager : Event: ======'machine_var_audits_shots_top_lane_A'====== Args={'value': 12, 'prev_value': None, 'change': True}
2023-12-12 21:08:01,769 : INFO : EventManager : Event: ======'machine_var_audits_shots_top_lane_J'====== Args={'value': 12, 'prev_value': None, 'change': True}
2023-12-12 21:08:01,769 : INFO : EventManager : Event: ======'machine_var_audits_shots_top_lane_M'====== Args={'value': 9, 'prev_value': None, 'change': True}
2023-12-12 21:08:01,769 : INFO : EventManager : Event: ======'machine_var_audits_switches_s_blackhole_kicker'====== Args={'value': 0, 'prev_value': None, 'change': True}
2023-12-12 21:08:01,770 : INFO : EventManager : Event: ======'machine_var_audits_switches_s_bonus_lane'====== Args={'value': 0, 'prev_value': None, 'change': True}
2023-12-12 21:08:01,770 : INFO : EventManager : Event: ======'machine_var_audits_switches_s_booster_drop_target_1'====== Args={'value': 0, 'prev_value': None, 'change': True}
2023-12-12 21:08:01,770 : INFO : EventManager : Event: ======'machine_var_audits_switches_s_booster_drop_target_2'====== Args={'value': 0, 'prev_value': None, 'change': True}
2023-12-12 21:08:01,771 : INFO : EventManager : Event: ======'machine_var_audits_switches_s_booster_drop_target_3'====== Args={'value': 0, 'prev_value': None, 'change': True}
2023-12-12 21:08:01,771 : INFO : EventManager : Event: ======'machine_var_audits_switches_s_comet_spot_1'====== Args={'value': 0, 'prev_value': None, 'change': True}
2023-12-12 21:08:01,771 : INFO : EventManager : Event: ======'machine_var_audits_switches_s_comet_spot_2'====== Args={'value': 0, 'prev_value': None, 'change': True}
2023-12-12 21:08:01,772 : INFO : EventManager : Event: ======'machine_var_audits_switches_s_comet_spot_3'====== Args={'value': 0, 'prev_value': None, 'change': True}
2023-12-12 21:08:01,772 : INFO : EventManager : Event: ======'machine_var_audits_switches_s_engine_bumper_1'====== Args={'value': 0, 'prev_value': None, 'change': True}
2023-12-12 21:08:01,772 : INFO : EventManager : Event: ======'machine_var_audits_switches_s_engine_bumper_2'====== Args={'value': 0, 'prev_value': None, 'change': True}
2023-12-12 21:08:01,773 : INFO : EventManager : Event: ======'machine_var_audits_switches_s_engine_bumper_3'====== Args={'value': 0, 'prev_value': None, 'change': True}
2023-12-12 21:08:01,773 : INFO : EventManager : Event: ======'machine_var_audits_switches_s_fuel_chute_1'====== Args={'value': 0, 'prev_value': None, 'change': True}
2023-12-12 21:08:01,774 : INFO : EventManager : Event: ======'machine_var_audits_switches_s_fuel_chute_2'====== Args={'value': 0, 'prev_value': None, 'change': True}
2023-12-12 21:08:01,774 : INFO : EventManager : Event: ======'machine_var_audits_switches_s_fuel_chute_3'====== Args={'value': 0, 'prev_value': None, 'change': True}
2023-12-12 21:08:01,774 : INFO : EventManager : Event: ======'machine_var_audits_switches_s_fuel_chute_4'====== Args={'value': 0, 'prev_value': None, 'change': True}
2023-12-12 21:08:01,775 : INFO : EventManager : Event: ======'machine_var_audits_switches_s_fuel_chute_5'====== Args={'value': 0, 'prev_value': None, 'change': True}
2023-12-12 21:08:01,776 : INFO : EventManager : Event: ======'machine_var_audits_switches_s_fuel_chute_6'====== Args={'value': 0, 'prev_value': None, 'change': True}
2023-12-12 21:08:01,776 : INFO : EventManager : Event: ======'machine_var_audits_switches_s_fuel_flag'====== Args={'value': 0, 'prev_value': None, 'change': True}
2023-12-12 21:08:01,776 : INFO : EventManager : Event: ======'machine_var_audits_switches_s_fuel_spot_1'====== Args={'value': 0, 'prev_value': None, 'change': True}
2023-12-12 21:08:01,777 : INFO : EventManager : Event: ======'machine_var_audits_switches_s_fuel_spot_2'====== Args={'value': 0, 'prev_value': None, 'change': True}
2023-12-12 21:08:01,777 : INFO : EventManager : Event: ======'machine_var_audits_switches_s_fuel_spot_3'====== Args={'value': 0, 'prev_value': None, 'change': True}
2023-12-12 21:08:01,778 : INFO : EventManager : Event: ======'machine_var_audits_switches_s_green_wormhole'====== Args={'value': 0, 'prev_value': None, 'change': True}
2023-12-12 21:08:01,778 : INFO : EventManager : Event: ======'machine_var_audits_switches_s_hyperspace_flag'====== Args={'value': 0, 'prev_value': None, 'change': True}
2023-12-12 21:08:01,778 : INFO : EventManager : Event: ======'machine_var_audits_switches_s_hyperspacekicker'====== Args={'value': 0, 'prev_value': None, 'change': True}
2023-12-12 21:08:01,779 : INFO : EventManager : Event: ======'machine_var_audits_switches_s_launch_lane_1'====== Args={'value': 0, 'prev_value': None, 'change': True}
2023-12-12 21:08:01,779 : INFO : EventManager : Event: ======'machine_var_audits_switches_s_launch_lane_2'====== Args={'value': 0, 'prev_value': None, 'change': True}
2023-12-12 21:08:01,779 : INFO : EventManager : Event: ======'machine_var_audits_switches_s_launch_lane_3'====== Args={'value': 0, 'prev_value': None, 'change': True}
2023-12-12 21:08:01,780 : INFO : EventManager : Event: ======'machine_var_audits_switches_s_launch_ramp'====== Args={'value': 0, 'prev_value': None, 'change': True}
2023-12-12 21:08:01,780 : INFO : EventManager : Event: ======'machine_var_audits_switches_s_left_attack_bumper'====== Args={'value': 0, 'prev_value': None, 'change': True}
2023-12-12 21:08:01,781 : INFO : EventManager : Event: ======'machine_var_audits_switches_s_left_flipper'====== Args={'value': 467, 'prev_value': None, 'change': True}
2023-12-12 21:08:01,781 : INFO : EventManager : Event: ======'machine_var_audits_switches_s_left_out_lane'====== Args={'value': 0, 'prev_value': None, 'change': True}
2023-12-12 21:08:01,781 : INFO : EventManager : Event: ======'machine_var_audits_switches_s_left_out_lane_kicker'====== Args={'value': 0, 'prev_value': None, 'change': True}
2023-12-12 21:08:01,782 : INFO : EventManager : Event: ======'machine_var_audits_switches_s_left_return_lane'====== Args={'value': 0, 'prev_value': None, 'change': True}
2023-12-12 21:08:01,782 : INFO : EventManager : Event: ======'machine_var_audits_switches_s_lower_attack_bumper'====== Args={'value': 0, 'prev_value': None, 'change': True}
2023-12-12 21:08:01,783 : INFO : EventManager : Event: ======'machine_var_audits_switches_s_lower_left_rebound'====== Args={'value': 0, 'prev_value': None, 'change': True}
2023-12-12 21:08:01,783 : INFO : EventManager : Event: ======'machine_var_audits_switches_s_lower_left_slingshot'====== Args={'value': 0, 'prev_value': None, 'change': True}
2023-12-12 21:08:01,783 : INFO : EventManager : Event: ======'machine_var_audits_switches_s_lower_right_rebound'====== Args={'value': 0, 'prev_value': None, 'change': True}
2023-12-12 21:08:01,784 : INFO : EventManager : Event: ======'machine_var_audits_switches_s_lower_right_slingshot'====== Args={'value': 0, 'prev_value': None, 'change': True}
2023-12-12 21:08:01,784 : INFO : EventManager : Event: ======'machine_var_audits_switches_s_medal_drop_left'====== Args={'value': 170, 'prev_value': None, 'change': True}
2023-12-12 21:08:01,785 : INFO : EventManager : Event: ======'machine_var_audits_switches_s_medal_drop_middle'====== Args={'value': 166, 'prev_value': None, 'change': True}
2023-12-12 21:08:01,785 : INFO : EventManager : Event: ======'machine_var_audits_switches_s_medal_drop_right'====== Args={'value': 167, 'prev_value': None, 'change': True}
2023-12-12 21:08:01,786 : INFO : EventManager : Event: ======'machine_var_audits_switches_s_mission_spot_1'====== Args={'value': 0, 'prev_value': None, 'change': True}
2023-12-12 21:08:01,786 : INFO : EventManager : Event: ======'machine_var_audits_switches_s_mission_spot_2'====== Args={'value': 0, 'prev_value': None, 'change': True}
2023-12-12 21:08:01,787 : INFO : EventManager : Event: ======'machine_var_audits_switches_s_mission_spot_3'====== Args={'value': 0, 'prev_value': None, 'change': True}
2023-12-12 21:08:01,787 : INFO : EventManager : Event: ======'machine_var_audits_switches_s_multiplier_left'====== Args={'value': 0, 'prev_value': None, 'change': True}
2023-12-12 21:08:01,788 : INFO : EventManager : Event: ======'machine_var_audits_switches_s_multiplier_middle'====== Args={'value': 0, 'prev_value': None, 'change': True}
2023-12-12 21:08:01,788 : INFO : EventManager : Event: ======'machine_var_audits_switches_s_multiplier_right'====== Args={'value': 0, 'prev_value': None, 'change': True}
2023-12-12 21:08:01,789 : INFO : EventManager : Event: ======'machine_var_audits_switches_s_plunger'====== Args={'value': 161, 'prev_value': None, 'change': True}
2023-12-12 21:08:01,789 : INFO : EventManager : Event: ======'machine_var_audits_switches_s_radiationspot_1'====== Args={'value': 0, 'prev_value': None, 'change': True}
2023-12-12 21:08:01,790 : INFO : EventManager : Event: ======'machine_var_audits_switches_s_radiationspot_2'====== Args={'value': 0, 'prev_value': None, 'change': True}
2023-12-12 21:08:01,791 : INFO : EventManager : Event: ======'machine_var_audits_switches_s_radiationspot_3'====== Args={'value': 0, 'prev_value': None, 'change': True}
2023-12-12 21:08:01,791 : INFO : EventManager : Event: ======'machine_var_audits_switches_s_red_wormhole'====== Args={'value': 0, 'prev_value': None, 'change': True}
2023-12-12 21:08:01,792 : INFO : EventManager : Event: ======'machine_var_audits_switches_s_reentry_left'====== Args={'value': 752, 'prev_value': None, 'change': True}
2023-12-12 21:08:01,792 : INFO : EventManager : Event: ======'machine_var_audits_switches_s_reentry_middle'====== Args={'value': 447, 'prev_value': None, 'change': True}
2023-12-12 21:08:01,793 : INFO : EventManager : Event: ======'machine_var_audits_switches_s_reentry_right'====== Args={'value': 400, 'prev_value': None, 'change': True}
2023-12-12 21:08:01,793 : INFO : EventManager : Event: ======'machine_var_audits_switches_s_right_flipper'====== Args={'value': 191, 'prev_value': None, 'change': True}
2023-12-12 21:08:01,794 : INFO : EventManager : Event: ======'machine_var_audits_switches_s_right_inlane'====== Args={'value': 0, 'prev_value': None, 'change': True}
2023-12-12 21:08:01,794 : INFO : EventManager : Event: ======'machine_var_audits_switches_s_right_out_lane'====== Args={'value': 0, 'prev_value': None, 'change': True}
2023-12-12 21:08:01,795 : INFO : EventManager : Event: ======'machine_var_audits_switches_s_right_out_lane_kicker'====== Args={'value': 0, 'prev_value': None, 'change': True}
2023-12-12 21:08:01,795 : INFO : EventManager : Event: ======'machine_var_audits_switches_s_right_return_lane'====== Args={'value': 0, 'prev_value': None, 'change': True}
2023-12-12 21:08:01,796 : INFO : EventManager : Event: ======'machine_var_audits_switches_s_satellite_bumper'====== Args={'value': 0, 'prev_value': None, 'change': True}
2023-12-12 21:08:01,796 : INFO : EventManager : Event: ======'machine_var_audits_switches_s_secondary_outlane_kicker'====== Args={'value': 0, 'prev_value': None, 'change': True}
2023-12-12 21:08:01,796 : INFO : EventManager : Event: ======'machine_var_audits_switches_s_skill_shot_1'====== Args={'value': 0, 'prev_value': None, 'change': True}
2023-12-12 21:08:01,797 : INFO : EventManager : Event: ======'machine_var_audits_switches_s_skill_shot_2'====== Args={'value': 0, 'prev_value': None, 'change': True}
2023-12-12 21:08:01,797 : INFO : EventManager : Event: ======'machine_var_audits_switches_s_skill_shot_3'====== Args={'value': 0, 'prev_value': None, 'change': True}
2023-12-12 21:08:01,798 : INFO : EventManager : Event: ======'machine_var_audits_switches_s_skill_shot_4'====== Args={'value': 0, 'prev_value': None, 'change': True}
2023-12-12 21:08:01,798 : INFO : EventManager : Event: ======'machine_var_audits_switches_s_skill_shot_5'====== Args={'value': 0, 'prev_value': None, 'change': True}
2023-12-12 21:08:01,799 : INFO : EventManager : Event: ======'machine_var_audits_switches_s_skill_shot_6'====== Args={'value': 0, 'prev_value': None, 'change': True}
2023-12-12 21:08:01,799 : INFO : EventManager : Event: ======'machine_var_audits_switches_s_skill_shot_lane'====== Args={'value': 0, 'prev_value': None, 'change': True}
2023-12-12 21:08:01,800 : INFO : EventManager : Event: ======'machine_var_audits_switches_s_spacewarp_rollover'====== Args={'value': 0, 'prev_value': None, 'change': True}
2023-12-12 21:08:01,801 : INFO : EventManager : Event: ======'machine_var_audits_switches_s_start'====== Args={'value': 6, 'prev_value': None, 'change': True}
2023-12-12 21:08:01,801 : INFO : EventManager : Event: ======'machine_var_audits_switches_s_trough1'====== Args={'value': 30, 'prev_value': None, 'change': True}
2023-12-12 21:08:01,802 : INFO : EventManager : Event: ======'machine_var_audits_switches_s_trough2'====== Args={'value': 0, 'prev_value': None, 'change': True}
2023-12-12 21:08:01,802 : INFO : EventManager : Event: ======'machine_var_audits_switches_s_trough3'====== Args={'value': 0, 'prev_value': None, 'change': True}
2023-12-12 21:08:01,803 : INFO : EventManager : Event: ======'machine_var_audits_switches_s_trough4'====== Args={'value': 0, 'prev_value': None, 'change': True}
2023-12-12 21:08:01,803 : INFO : EventManager : Event: ======'machine_var_audits_switches_s_trough5'====== Args={'value': 0, 'prev_value': None, 'change': True}
2023-12-12 21:08:01,804 : INFO : EventManager : Event: ======'machine_var_audits_switches_s_trough6'====== Args={'value': 0, 'prev_value': None, 'change': True}
2023-12-12 21:08:01,804 : INFO : EventManager : Event: ======'machine_var_audits_switches_s_trough_jam'====== Args={'value': 0, 'prev_value': None, 'change': True}
2023-12-12 21:08:01,805 : INFO : EventManager : Event: ======'machine_var_audits_switches_s_upper_attack_bumper'====== Args={'value': 0, 'prev_value': None, 'change': True}
2023-12-12 21:08:01,805 : INFO : EventManager : Event: ======'machine_var_audits_switches_s_upper_left_rebound'====== Args={'value': 0, 'prev_value': None, 'change': True}
2023-12-12 21:08:01,805 : INFO : EventManager : Event: ======'machine_var_audits_switches_s_upper_right_rebound'====== Args={'value': 0, 'prev_value': None, 'change': True}
2023-12-12 21:08:01,806 : INFO : EventManager : Event: ======'machine_var_audits_switches_s_wormhole_target'====== Args={'value': 0, 'prev_value': None, 'change': True}
2023-12-12 21:08:01,806 : INFO : EventManager : Event: ======'machine_var_audits_switches_s_yellow_wormhole'====== Args={'value': 0, 'prev_value': None, 'change': True}
2023-12-12 21:08:01,807 : INFO : EventManager : Event: ======'init_phase_5'====== Args={}
2023-12-12 21:08:01,843 : INFO : EventManager : Event: ======'init_done'====== Args={}
2023-12-12 21:08:01,849 : INFO : EventManager : Event: ======'machine_reset_phase_1'====== Args={}
2023-12-12 21:08:01,864 : INFO : EventManager : Event: ======'slide_welcome_slide_removed'====== Args={'_from_bcp': True}
2023-12-12 21:08:01,864 : INFO : EventManager : Event: ======'slide_welcome_slide_created'====== Args={'_from_bcp': True}
2023-12-12 21:08:01,865 : INFO : EventManager : Event: ======'slide_welcome_slide_active'====== Args={'_from_bcp': True}
2023-12-12 21:08:01,865 : INFO : EventManager : Event: ======'machine_reset_phase_2'====== Args={}
2023-12-12 21:08:01,866 : INFO : EventManager : Event: ======'machine_reset_phase_3'====== Args={}
2023-12-12 21:08:01,866 : INFO : EventManager : Event: ======'reset_complete'====== Args={}
2023-12-12 21:08:01,866 : INFO : EventManager : Event: ======'mode_attract_will_start'====== Args={}
2023-12-12 21:08:01,867 : INFO : EventManager : Event: ======'mode_attract_starting'====== Args={}
2023-12-12 21:08:01,867 : INFO : Mode.attract : Started. Priority: 10
2023-12-12 21:08:01,867 : INFO : EventManager : Event: ======'modes_active_modes_changed'====== Args={}
2023-12-12 21:08:01,867 : INFO : EventManager : Event: ======'mode_attract_started'====== Args={}
2023-12-12 21:08:01,868 : INFO : EventManager : Event: ======'collecting_balls_complete'====== Args={}
2023-12-12 21:08:01,897 : INFO : EventManager : Event: ======'slide_awesome_slide_created'====== Args={'_from_bcp': True}
2023-12-12 21:08:01,897 : INFO : EventManager : Event: ======'slide_awesome_slide_active'====== Args={'_from_bcp': True}
2023-12-12 21:08:01,898 : INFO : Machine : Starting the main run loop.
2023-12-12 21:08:01,977 : INFO : BcpServer : New client connected.
2023-12-12 21:08:02,917 : INFO : SwitchController : <<<<<<< 's_start' active >>>>>>>
2023-12-12 21:08:03,075 : INFO : SwitchController : <<<<<<< 's_start' inactive >>>>>>>
2023-12-12 21:08:03,076 : INFO : EventManager : Event: ======'request_to_start_game'====== Args={}
2023-12-12 21:08:03,077 : INFO : EventManager : Event: ======'game_start'====== Args={'buttons': [], 'hold_time': 0.15600000001722947}
2023-12-12 21:08:03,079 : INFO : EventManager : Event: ======'mode_game_will_start'====== Args={'buttons': [], 'hold_time': 0.15600000001722947}
2023-12-12 21:08:03,082 : INFO : EventManager : Event: ======'mode_game_starting'====== Args={'buttons': [], 'hold_time': 0.15600000001722947}
2023-12-12 21:08:03,083 : INFO : EventManager : Event: ======'mode_attract_will_stop'====== Args={}
2023-12-12 21:08:03,084 : INFO : EventManager : Event: ======'mode_attract_stopping'====== Args={}
2023-12-12 21:08:03,086 : INFO : Mode.attract : Stopped.
2023-12-12 21:08:03,086 : INFO : EventManager : Event: ======'modes_active_modes_changed'====== Args={}
2023-12-12 21:08:03,089 : INFO : EventManager : Event: ======'mode_attract_stopped'====== Args={}
2023-12-12 21:08:03,090 : INFO : EventManager : Event: ======'clear'====== Args={'key': 'attract'}
2023-12-12 21:08:03,090 : INFO : Mode.game : Started. Priority: 20
2023-12-12 21:08:03,091 : INFO : EventManager : Event: ======'modes_active_modes_changed'====== Args={}
2023-12-12 21:08:03,091 : INFO : EventManager : Event: ======'mode_game_started'====== Args={'buttons': [], 'hold_time': 0.15600000001722947}
2023-12-12 21:08:03,106 : INFO : EventManager : Event: ======'game_will_start'====== Args={}
2023-12-12 21:08:03,106 : INFO : EventManager : Event: ======'slide_awesome_slide_removed'====== Args={'_from_bcp': True}
2023-12-12 21:08:03,107 : INFO : EventManager : Event: ======'slide_welcome_slide_active'====== Args={'_from_bcp': True}
2023-12-12 21:08:03,108 : INFO : EventManager : Event: ======'game_starting'====== Args={'game': <Mode.game>}
2023-12-12 21:08:03,108 : INFO : EventManager : Event: ======'player_add_request'====== Args={}
2023-12-12 21:08:03,108 : INFO : EventManager : Event: ======'player_will_add'====== Args={'number': 1}
2023-12-12 21:08:03,109 : INFO : EventManager : Event: ======'player_adding'====== Args={'player': <Player 1>, 'number': 1}
2023-12-12 21:08:03,109 : INFO : EventManager : Event: ======'player_added'====== Args={'player': <Player 1>, 'num': 1}
2023-12-12 21:08:03,109 : INFO : Mode.game : Player added successfully. Total players: 1
2023-12-12 21:08:03,109 : INFO : EventManager : Event: ======'player_index'====== Args={'value': 0, 'prev_value': 0, 'change': 0, 'player_num': 1}
2023-12-12 21:08:03,110 : INFO : EventManager : Event: ======'player_number'====== Args={'value': 1, 'prev_value': 1, 'change': 0, 'player_num': 1}
2023-12-12 21:08:03,110 : INFO : EventManager : Event: ======'player_score'====== Args={'value': 0, 'prev_value': 0, 'change': 0, 'player_num': 1}
2023-12-12 21:08:03,110 : INFO : EventManager : Event: ======'game_started'====== Args={}
2023-12-12 21:08:03,130 : INFO : EventManager : Event: ======'player_turn_will_start'====== Args={'player': <Player 1>, 'number': 1}
2023-12-12 21:08:03,130 : INFO : EventManager : Event: ======'player_turn_starting'====== Args={'player': <Player 1>, 'number': 1}
2023-12-12 21:08:03,131 : INFO : EventManager : Event: ======'player_ball'====== Args={'value': 1, 'prev_value': 0, 'change': 1, 'player_num': 1}
2023-12-12 21:08:03,132 : INFO : EventManager : Event: ======'player_turn_started'====== Args={'player': <Player 1>, 'number': 1}
2023-12-12 21:08:03,133 : INFO : EventManager : Event: ======'ball_will_start'====== Args={'player': 1, 'ball': 1, 'balls_remaining': 2, 'is_extra_ball': False}
2023-12-12 21:08:03,136 : INFO : EventManager : Event: ======'ball_starting'====== Args={'player': 1, 'ball': 1, 'balls_remaining': 2, 'is_extra_ball': False}
2023-12-12 21:08:03,137 : INFO : EventManager : Event: ======'mode_base_will_start'====== Args={'queue': <QueuedEvent>, 'player': 1, 'ball': 1, 'balls_remaining': 2, 'is_extra_ball': False}
2023-12-12 21:08:03,138 : INFO : EventManager : Event: ======'mode_base_starting'====== Args={'queue': <QueuedEvent>, 'player': 1, 'ball': 1, 'balls_remaining': 2, 'is_extra_ball': False}
2023-12-12 21:08:03,138 : INFO : Mode.base : Started. Priority: 100
2023-12-12 21:08:03,138 : INFO : EventManager : Event: ======'modes_active_modes_changed'====== Args={}
2023-12-12 21:08:03,138 : INFO : EventManager : Event: ======'mode_base_started'====== Args={'queue': <QueuedEvent>, 'player': 1, 'ball': 1, 'balls_remaining': 2, 'is_extra_ball': False}
2023-12-12 21:08:03,139 : INFO : EventManager : Event: ======'balls_in_play'====== Args={'balls': 1}
2023-12-12 21:08:03,140 : INFO : EventManager : Event: ======'ball_started'====== Args={'player': 1, 'ball': 1, 'balls_remaining': 2, 'is_extra_ball': False}
2023-12-12 21:08:03,140 : INFO : EventManager : Event: ======'mode_medal_will_start'====== Args={'player': 1, 'ball': 1, 'balls_remaining': 2, 'is_extra_ball': False}
2023-12-12 21:08:03,140 : INFO : EventManager : Event: ======'player_shot_medalL_shot_enabled'====== Args={'value': True, 'prev_value': 0, 'change': 1, 'player_num': 1}
2023-12-12 21:08:03,141 : INFO : EventManager : Event: ======'player_shot_medalM_shot_enabled'====== Args={'value': True, 'prev_value': 0, 'change': 1, 'player_num': 1}
2023-12-12 21:08:03,141 : INFO : EventManager : Event: ======'player_shot_medalR_shot_enabled'====== Args={'value': True, 'prev_value': 0, 'change': 1, 'player_num': 1}
2023-12-12 21:08:03,142 : INFO : EventManager : Event: ======'medal_shot_complete'====== Args={'state': 'unlit'}
2023-12-12 21:08:03,142 : INFO : EventManager : Event: ======'medal_shot_unlit_complete'====== Args={}
2023-12-12 21:08:03,144 : INFO : EventManager : Event: ======'mode_medal_starting'====== Args={'player': 1, 'ball': 1, 'balls_remaining': 2, 'is_extra_ball': False}
2023-12-12 21:08:03,145 : INFO : EventManager : Event: ======'mode_reentry_will_start'====== Args={'player': 1, 'ball': 1, 'balls_remaining': 2, 'is_extra_ball': False}
2023-12-12 21:08:03,145 : INFO : EventManager : Event: ======'player_shot_reentryL_shot_enabled'====== Args={'value': True, 'prev_value': 0, 'change': 1, 'player_num': 1}
2023-12-12 21:08:03,146 : INFO : EventManager : Event: ======'player_shot_reentryM_shot_enabled'====== Args={'value': True, 'prev_value': 0, 'change': 1, 'player_num': 1}
2023-12-12 21:08:03,146 : INFO : EventManager : Event: ======'player_shot_reentryR_shot_enabled'====== Args={'value': True, 'prev_value': 0, 'change': 1, 'player_num': 1}
2023-12-12 21:08:03,147 : INFO : EventManager : Event: ======'reentry_shot_complete'====== Args={'state': 'off'}
2023-12-12 21:08:03,147 : INFO : EventManager : Event: ======'reentry_shot_off_complete'====== Args={}
2023-12-12 21:08:03,149 : INFO : EventManager : Event: ======'mode_reentry_starting'====== Args={'player': 1, 'ball': 1, 'balls_remaining': 2, 'is_extra_ball': False}
2023-12-12 21:08:03,173 : INFO : EventManager : Event: ======'logicblock_medal_shot_complete_count_updated'====== Args={'value': 1, 'enabled': True}
2023-12-12 21:08:03,174 : INFO : EventManager : Event: ======'logicblock_medal_shot_complete_count_updated'====== Args={'value': 1, 'enabled': True}
2023-12-12 21:08:03,174 : INFO : Mode.medal : Started. Priority: 200
2023-12-12 21:08:03,174 : INFO : EventManager : Event: ======'modes_active_modes_changed'====== Args={}
2023-12-12 21:08:03,174 : INFO : EventManager : Event: ======'mode_medal_started'====== Args={'player': 1, 'ball': 1, 'balls_remaining': 2, 'is_extra_ball': False}
2023-12-12 21:08:03,175 : INFO : EventManager : Event: ======'logicblock_reentry_shot_complete_count_updated'====== Args={'value': 1, 'enabled': True}
2023-12-12 21:08:03,175 : INFO : EventManager : Event: ======'logicblock_reentry_shot_complete_count_updated'====== Args={'value': 1, 'enabled': True}
2023-12-12 21:08:03,175 : INFO : Mode.reentry : Started. Priority: 200
2023-12-12 21:08:03,175 : INFO : EventManager : Event: ======'modes_active_modes_changed'====== Args={}
2023-12-12 21:08:03,175 : INFO : EventManager : Event: ======'mode_reentry_started'====== Args={'player': 1, 'ball': 1, 'balls_remaining': 2, 'is_extra_ball': False}
2023-12-12 21:08:03,176 : INFO : EventManager : Event: ======'single_player_ball_started'====== Args={}
2023-12-12 21:08:03,176 : INFO : EventManager : Event: ======'player_attack_bumper_count'====== Args={'value': 1, 'prev_value': 0, 'change': 1, 'player_num': 1}
2023-12-12 21:08:03,177 : INFO : EventManager : Event: ======'slide_base.slide_player-mode_base_started_created'====== Args={'_from_bcp': True}
2023-12-12 21:08:03,177 : INFO : EventManager : Event: ======'slide__global.slide_player-ball_started_created'====== Args={'_from_bcp': True}
2023-12-12 21:08:03,178 : INFO : EventManager : Event: ======'slide_base.slide_player-mode_base_started_active'====== Args={'_from_bcp': True}
2023-12-12 21:08:03,178 : INFO : EventManager : Event: ======'ball_start_target'====== Args={'target': 'playfield'}
2023-12-12 21:08:03,205 : INFO : ball_device.bd_plunger : Setting up player-controlled eject. Balls: 1, Target: <playfield.playfield>, player_controlled_eject_event: None
2023-12-12 21:08:03,205 : INFO : EventManager : Event: ======'balldevice_balls_available'====== Args={}
2023-12-12 21:08:03,206 : INFO : ball_device.bd_trough : State: waiting_for_target_ready
2023-12-12 21:08:03,206 : INFO : EventManager : Event: ======'balldevice_bd_trough_ball_eject_attempt'====== Args={'balls': 1, 'target': <ball_device.bd_plunger>, 'source': <ball_device.bd_trough>, 'mechanical_eject': True, 'num_attempts': 0}
2023-12-12 21:08:03,207 : INFO : ball_device.bd_plunger : State: waiting_for_ball
2023-12-12 21:08:03,207 : INFO : ball_device.bd_trough : State: ejecting
2023-12-12 21:08:03,207 : INFO : ball_device.bd_trough : Ejecting ball to <ball_device.bd_plunger>
2023-12-12 21:08:03,208 : INFO : EventManager : Event: ======'balldevice_bd_trough_ejecting_ball'====== Args={'balls': 1, 'target': <ball_device.bd_plunger>, 'source': <ball_device.bd_trough>, 'mechanical_eject': True, 'num_attempts': 0}
2023-12-12 21:08:03,208 : INFO : ball_device.bd_trough : Wait for ball to leave device
2023-12-12 21:08:03,208 : INFO : coil.c_trough_eject : Pulsing Driver for 10ms (1.0 pulse_power)
2023-12-12 21:08:03,678 : INFO : SwitchController : <<<<<<< 's_trough1' inactive >>>>>>>
2023-12-12 21:08:03,687 : INFO : ball_device.bd_trough : State: ball_left
2023-12-12 21:08:03,687 : INFO : ball_device.bd_trough : Ball left
2023-12-12 21:08:03,687 : INFO : ball_device.bd_trough : Wait for confirm with timeout 10.0
2023-12-12 21:08:05,213 : INFO : SwitchController : <<<<<<< 's_plunger' active >>>>>>>
2023-12-12 21:08:05,214 : INFO : EventManager : Event: ======'machine_var_audits_switches_s_plunger'====== Args={'value': 162, 'prev_value': 161, 'change': 1}
2023-12-12 21:08:05,375 : INFO : SwitchController : <<<<<<< 's_plunger' inactive >>>>>>>
2023-12-12 21:08:08,928 : INFO : SwitchController : <<<<<<< 's_medal_drop_left' active >>>>>>>
2023-12-12 21:08:08,929 : INFO : EventManager : Event: ======'playfield_active'====== Args={}
2023-12-12 21:08:08,930 : INFO : EventManager : Event: ======'unexpected_ball_on_playfield'====== Args={}
2023-12-12 21:08:08,931 : INFO : EventManager : Event: ======'s_medal_drop_left_active'====== Args={}
2023-12-12 21:08:08,933 : INFO : EventManager : Event: ======'sw_playfield_active'====== Args={}
2023-12-12 21:08:08,934 : INFO : EventManager : Event: ======'machine_var_audits_switches_s_medal_drop_left'====== Args={'value': 171, 'prev_value': 170, 'change': 1}
2023-12-12 21:08:08,950 : INFO : EventManager : Event: ======'player_shot_medalL_shot'====== Args={'value': 1, 'prev_value': 0, 'change': 1, 'player_num': 1}
2023-12-12 21:08:08,950 : INFO : EventManager : Event: ======'machine_var_audits_shots_medalL_shot'====== Args={'value': 157, 'prev_value': 156, 'change': 1}
2023-12-12 21:08:08,951 : INFO : EventManager : Event: ======'medalL_shot_hit'====== Args={'profile': 'default', 'state': 'unlit', 'advancing': True}
2023-12-12 21:08:08,951 : INFO : EventManager : Event: ======'medalL_shot_default_hit'====== Args={'profile': 'default', 'state': 'unlit', 'advancing': True}
2023-12-12 21:08:08,951 : INFO : EventManager : Event: ======'medalL_shot_default_unlit_hit'====== Args={'profile': 'default', 'state': 'unlit', 'advancing': True}
2023-12-12 21:08:08,951 : INFO : EventManager : Event: ======'medalL_shot_unlit_hit'====== Args={'profile': 'default', 'state': 'unlit', 'advancing': True}
2023-12-12 21:08:08,952 : INFO : EventManager : Event: ======'medal_shot_hit'====== Args={}
2023-12-12 21:08:08,952 : INFO : EventManager : Event: ======'medal_shot_unlit_hit'====== Args={}
2023-12-12 21:08:08,952 : INFO : EventManager : Event: ======'player_score'====== Args={'value': 1500, 'prev_value': 0, 'change': 1500, 'player_num': 1}
2023-12-12 21:08:08,952 : INFO : EventManager : Event: ======'playfield_active'====== Args={}
2023-12-12 21:08:08,952 : INFO : EventManager : Event: ======'unexpected_ball_on_playfield'====== Args={}
2023-12-12 21:08:09,127 : INFO : SwitchController : <<<<<<< 's_medal_drop_left' inactive >>>>>>>
2023-12-12 21:08:09,417 : INFO : SwitchController : <<<<<<< 's_medal_drop_middle' active >>>>>>>
2023-12-12 21:08:09,418 : INFO : EventManager : Event: ======'playfield_active'====== Args={}
2023-12-12 21:08:09,418 : INFO : EventManager : Event: ======'unexpected_ball_on_playfield'====== Args={}
2023-12-12 21:08:09,419 : INFO : EventManager : Event: ======'s_medal_drop_middle_active'====== Args={}
2023-12-12 21:08:09,420 : INFO : EventManager : Event: ======'sw_playfield_active'====== Args={}
2023-12-12 21:08:09,422 : INFO : EventManager : Event: ======'machine_var_audits_switches_s_medal_drop_middle'====== Args={'value': 167, 'prev_value': 166, 'change': 1}
2023-12-12 21:08:09,426 : INFO : EventManager : Event: ======'player_shot_medalM_shot'====== Args={'value': 1, 'prev_value': 0, 'change': 1, 'player_num': 1}
2023-12-12 21:08:09,428 : INFO : EventManager : Event: ======'machine_var_audits_shots_medalM_shot'====== Args={'value': 153, 'prev_value': 152, 'change': 1}
2023-12-12 21:08:09,431 : INFO : EventManager : Event: ======'medalM_shot_hit'====== Args={'profile': 'default', 'state': 'unlit', 'advancing': True}
2023-12-12 21:08:09,431 : INFO : EventManager : Event: ======'medalM_shot_default_hit'====== Args={'profile': 'default', 'state': 'unlit', 'advancing': True}
2023-12-12 21:08:09,432 : INFO : EventManager : Event: ======'medalM_shot_default_unlit_hit'====== Args={'profile': 'default', 'state': 'unlit', 'advancing': True}
2023-12-12 21:08:09,433 : INFO : EventManager : Event: ======'medalM_shot_unlit_hit'====== Args={'profile': 'default', 'state': 'unlit', 'advancing': True}
2023-12-12 21:08:09,433 : INFO : EventManager : Event: ======'medal_shot_hit'====== Args={}
2023-12-12 21:08:09,434 : INFO : EventManager : Event: ======'medal_shot_unlit_hit'====== Args={}
2023-12-12 21:08:09,435 : INFO : EventManager : Event: ======'player_score'====== Args={'value': 3000, 'prev_value': 1500, 'change': 1500, 'player_num': 1}
2023-12-12 21:08:09,436 : INFO : EventManager : Event: ======'playfield_active'====== Args={}
2023-12-12 21:08:09,437 : INFO : EventManager : Event: ======'unexpected_ball_on_playfield'====== Args={}
2023-12-12 21:08:09,579 : INFO : SwitchController : <<<<<<< 's_medal_drop_middle' inactive >>>>>>>
2023-12-12 21:08:09,939 : INFO : SwitchController : <<<<<<< 's_medal_drop_right' active >>>>>>>
2023-12-12 21:08:09,940 : INFO : EventManager : Event: ======'playfield_active'====== Args={}
2023-12-12 21:08:09,941 : INFO : EventManager : Event: ======'unexpected_ball_on_playfield'====== Args={}
2023-12-12 21:08:09,942 : INFO : EventManager : Event: ======'s_medal_drop_right_active'====== Args={}
2023-12-12 21:08:09,944 : INFO : EventManager : Event: ======'sw_playfield_active'====== Args={}
2023-12-12 21:08:09,945 : INFO : EventManager : Event: ======'machine_var_audits_switches_s_medal_drop_right'====== Args={'value': 168, 'prev_value': 167, 'change': 1}
2023-12-12 21:08:09,949 : INFO : EventManager : Event: ======'player_shot_medalR_shot'====== Args={'value': 1, 'prev_value': 0, 'change': 1, 'player_num': 1}
2023-12-12 21:08:09,952 : INFO : EventManager : Event: ======'machine_var_audits_shots_medalR_shot'====== Args={'value': 154, 'prev_value': 153, 'change': 1}
2023-12-12 21:08:09,955 : INFO : EventManager : Event: ======'medalR_shot_hit'====== Args={'profile': 'default', 'state': 'unlit', 'advancing': True}
2023-12-12 21:08:09,956 : INFO : EventManager : Event: ======'medalR_shot_default_hit'====== Args={'profile': 'default', 'state': 'unlit', 'advancing': True}
2023-12-12 21:08:09,956 : INFO : EventManager : Event: ======'medalR_shot_default_unlit_hit'====== Args={'profile': 'default', 'state': 'unlit', 'advancing': True}
2023-12-12 21:08:09,958 : INFO : EventManager : Event: ======'medalR_shot_unlit_hit'====== Args={'profile': 'default', 'state': 'unlit', 'advancing': True}
2023-12-12 21:08:09,960 : INFO : EventManager : Event: ======'medal_shot_complete'====== Args={'state': 'lit'}
2023-12-12 21:08:09,961 : INFO : EventManager : Event: ======'medal_shot_lit_complete'====== Args={}
2023-12-12 21:08:09,962 : INFO : EventManager : Event: ======'medal_shot_hit'====== Args={}
2023-12-12 21:08:09,963 : INFO : EventManager : Event: ======'medal_shot_unlit_hit'====== Args={}
2023-12-12 21:08:09,964 : INFO : EventManager : Event: ======'player_shot_medalL_shot'====== Args={'value': 0, 'prev_value': 1, 'change': -1, 'player_num': 1}
2023-12-12 21:08:09,965 : INFO : EventManager : Event: ======'player_shot_medalM_shot'====== Args={'value': 0, 'prev_value': 1, 'change': -1, 'player_num': 1}
2023-12-12 21:08:09,965 : INFO : EventManager : Event: ======'player_shot_medalR_shot'====== Args={'value': 0, 'prev_value': 1, 'change': -1, 'player_num': 1}
2023-12-12 21:08:09,966 : INFO : EventManager : Event: ======'logicblock_medal_shot_complete_count_updated'====== Args={'value': 2, 'enabled': True}
2023-12-12 21:08:09,966 : INFO : EventManager : Event: ======'medal_shot_done'====== Args={'count': 2}
2023-12-12 21:08:09,967 : INFO : EventManager : Event: ======'player_score'====== Args={'value': 13000, 'prev_value': 3000, 'change': 10000, 'player_num': 1}
2023-12-12 21:08:09,967 : INFO : Timer.medal_countdown_timer : Starting Timer.
2023-12-12 21:08:09,967 : INFO : EventManager : Event: ======'timer_medal_countdown_timer_started'====== Args={'ticks': 5, 'ticks_remaining': 5}
2023-12-12 21:08:09,967 : INFO : EventManager : Event: ======'timer_medal_countdown_timer_tick'====== Args={'ticks': 5, 'ticks_remaining': 5}
2023-12-12 21:08:09,968 : INFO : EventManager : Event: ======'player_score'====== Args={'value': 14500, 'prev_value': 13000, 'change': 1500, 'player_num': 1}
2023-12-12 21:08:09,968 : INFO : EventManager : Event: ======'playfield_active'====== Args={}
2023-12-12 21:08:09,968 : INFO : EventManager : Event: ======'unexpected_ball_on_playfield'====== Args={}
2023-12-12 21:08:10,079 : INFO : SwitchController : <<<<<<< 's_medal_drop_right' inactive >>>>>>>
2023-12-12 21:08:10,949 : INFO : EventManager : Event: ======'player_medal_medal_countdown_timer_tick'====== Args={'value': 4, 'prev_value': 0, 'change': 4, 'player_num': 1}
2023-12-12 21:08:10,952 : INFO : EventManager : Event: ======'timer_medal_countdown_timer_tick'====== Args={'ticks': 4, 'ticks_remaining': 4}
2023-12-12 21:08:11,950 : INFO : EventManager : Event: ======'player_medal_medal_countdown_timer_tick'====== Args={'value': 3, 'prev_value': 4, 'change': -1, 'player_num': 1}
2023-12-12 21:08:11,952 : INFO : EventManager : Event: ======'timer_medal_countdown_timer_tick'====== Args={'ticks': 3, 'ticks_remaining': 3}
2023-12-12 21:08:12,964 : INFO : EventManager : Event: ======'player_medal_medal_countdown_timer_tick'====== Args={'value': 2, 'prev_value': 3, 'change': -1, 'player_num': 1}
2023-12-12 21:08:12,966 : INFO : EventManager : Event: ======'timer_medal_countdown_timer_tick'====== Args={'ticks': 2, 'ticks_remaining': 2}
2023-12-12 21:08:13,694 : INFO : ball_device.bd_trough : State: failed_confirm
2023-12-12 21:08:13,696 : INFO : ball_device.bd_trough : Got timeout (10.0s) before confirm from <ball_device.bd_plunger>
2023-12-12 21:08:13,697 : INFO : ball_device.bd_plunger : Expecting incoming ball which may skip the device.
2023-12-12 21:08:13,698 : INFO : EventManager : Event: ======'balldevice_bd_plunger_ejecting_ball'====== Args={'balls': 1, 'target': <playfield.playfield>, 'source': <ball_device.bd_plunger>, 'mechanical_eject': False, 'num_attempts': 1}
2023-12-12 21:08:13,963 : INFO : EventManager : Event: ======'player_medal_medal_countdown_timer_tick'====== Args={'value': 1, 'prev_value': 2, 'change': -1, 'player_num': 1}
2023-12-12 21:08:13,965 : INFO : EventManager : Event: ======'timer_medal_countdown_timer_tick'====== Args={'ticks': 1, 'ticks_remaining': 1}
2023-12-12 21:08:14,947 : INFO : EventManager : Event: ======'player_medal_medal_countdown_timer_tick'====== Args={'value': 0, 'prev_value': 1, 'change': -1, 'player_num': 1}
2023-12-12 21:08:14,949 : INFO : Timer.medal_countdown_timer : Timer Complete
2023-12-12 21:08:14,949 : INFO : Timer.medal_countdown_timer : Stopping Timer
2023-12-12 21:08:14,950 : INFO : EventManager : Event: ======'timer_medal_countdown_timer_stopped'====== Args={'ticks': 0, 'ticks_remaining': 1}
2023-12-12 21:08:14,952 : INFO : EventManager : Event: ======'timer_medal_countdown_timer_complete'====== Args={'ticks': 0, 'ticks_remaining': 1}
2023-12-12 21:08:14,954 : INFO : EventManager : Event: ======'player_medal_medal_countdown_timer_tick'====== Args={'value': 5, 'prev_value': 0, 'change': 5, 'player_num': 1}
2023-12-12 21:08:16,512 : INFO : SwitchController : <<<<<<< 's_medal_drop_left' active >>>>>>>
2023-12-12 21:08:16,513 : INFO : EventManager : Event: ======'playfield_active'====== Args={}
2023-12-12 21:08:16,513 : INFO : EventManager : Event: ======'s_medal_drop_left_active'====== Args={}
2023-12-12 21:08:16,514 : INFO : EventManager : Event: ======'sw_playfield_active'====== Args={}
2023-12-12 21:08:16,515 : INFO : EventManager : Event: ======'machine_var_audits_switches_s_medal_drop_left'====== Args={'value': 172, 'prev_value': 171, 'change': 1}
2023-12-12 21:08:16,516 : INFO : EventManager : Event: ======'player_shot_medalL_shot'====== Args={'value': 1, 'prev_value': 0, 'change': 1, 'player_num': 1}
2023-12-12 21:08:16,517 : INFO : EventManager : Event: ======'machine_var_audits_shots_medalL_shot'====== Args={'value': 158, 'prev_value': 157, 'change': 1}
2023-12-12 21:08:16,526 : INFO : EventManager : Event: ======'medalL_shot_hit'====== Args={'profile': 'default', 'state': 'unlit', 'advancing': True}
2023-12-12 21:08:16,527 : INFO : EventManager : Event: ======'medalL_shot_default_hit'====== Args={'profile': 'default', 'state': 'unlit', 'advancing': True}
2023-12-12 21:08:16,527 : INFO : EventManager : Event: ======'medalL_shot_default_unlit_hit'====== Args={'profile': 'default', 'state': 'unlit', 'advancing': True}
2023-12-12 21:08:16,527 : INFO : EventManager : Event: ======'medalL_shot_unlit_hit'====== Args={'profile': 'default', 'state': 'unlit', 'advancing': True}
2023-12-12 21:08:16,527 : INFO : EventManager : Event: ======'medal_shot_hit'====== Args={}
2023-12-12 21:08:16,527 : INFO : EventManager : Event: ======'medal_shot_unlit_hit'====== Args={}
2023-12-12 21:08:16,528 : INFO : EventManager : Event: ======'player_score'====== Args={'value': 16000, 'prev_value': 14500, 'change': 1500, 'player_num': 1}
2023-12-12 21:08:16,528 : INFO : EventManager : Event: ======'playfield_active'====== Args={}
2023-12-12 21:08:16,535 : INFO : ball_device.bd_plunger : Got confirm for skipping ball.
2023-12-12 21:08:16,535 : INFO : ball_device.bd_plunger : Eject successful
2023-12-12 21:08:16,535 : INFO : EventManager : Event: ======'balldevice_bd_plunger_ball_eject_success'====== Args={'balls': 1, 'target': <playfield.playfield>}
2023-12-12 21:08:16,535 : INFO : EventManager : Event: ======'balldevice_playfield_ball_enter'====== Args={'new_balls': 1, 'unclaimed_balls': 1, 'device': <playfield.playfield>}
2023-12-12 21:08:16,536 : INFO : EventManager : Event: ======'playfield_ball_count_change'====== Args={'balls': 1, 'change': 1}
2023-12-12 21:08:16,536 : INFO : ball_device.bd_plunger : State: idle
2023-12-12 21:08:16,537 : INFO : ball_device.bd_trough : Eject successful
2023-12-12 21:08:16,537 : INFO : EventManager : Event: ======'balldevice_bd_trough_ball_eject_success'====== Args={'balls': 1, 'target': <ball_device.bd_plunger>}
2023-12-12 21:08:16,538 : INFO : EventManager : Event: ======'balldevice_bd_trough_ball_count_changed'====== Args={'balls': 0}
2023-12-12 21:08:16,538 : INFO : ball_device.bd_trough : State: idle
2023-12-12 21:08:16,639 : INFO : SwitchController : <<<<<<< 's_medal_drop_left' inactive >>>>>>>
2023-12-12 21:08:16,847 : INFO : SwitchController : <<<<<<< 's_medal_drop_middle' active >>>>>>>
2023-12-12 21:08:16,848 : INFO : EventManager : Event: ======'s_medal_drop_middle_active'====== Args={}
2023-12-12 21:08:16,848 : INFO : EventManager : Event: ======'sw_playfield_active'====== Args={}
2023-12-12 21:08:16,849 : INFO : EventManager : Event: ======'machine_var_audits_switches_s_medal_drop_middle'====== Args={'value': 168, 'prev_value': 167, 'change': 1}
2023-12-12 21:08:16,851 : INFO : EventManager : Event: ======'player_shot_medalM_shot'====== Args={'value': 1, 'prev_value': 0, 'change': 1, 'player_num': 1}
2023-12-12 21:08:16,854 : INFO : EventManager : Event: ======'machine_var_audits_shots_medalM_shot'====== Args={'value': 154, 'prev_value': 153, 'change': 1}
2023-12-12 21:08:16,857 : INFO : EventManager : Event: ======'medalM_shot_hit'====== Args={'profile': 'default', 'state': 'unlit', 'advancing': True}
2023-12-12 21:08:16,857 : INFO : EventManager : Event: ======'medalM_shot_default_hit'====== Args={'profile': 'default', 'state': 'unlit', 'advancing': True}
2023-12-12 21:08:16,858 : INFO : EventManager : Event: ======'medalM_shot_default_unlit_hit'====== Args={'profile': 'default', 'state': 'unlit', 'advancing': True}
2023-12-12 21:08:16,859 : INFO : EventManager : Event: ======'medalM_shot_unlit_hit'====== Args={'profile': 'default', 'state': 'unlit', 'advancing': True}
2023-12-12 21:08:16,859 : INFO : EventManager : Event: ======'medal_shot_hit'====== Args={}
2023-12-12 21:08:16,860 : INFO : EventManager : Event: ======'medal_shot_unlit_hit'====== Args={}
2023-12-12 21:08:16,861 : INFO : EventManager : Event: ======'player_score'====== Args={'value': 17500, 'prev_value': 16000, 'change': 1500, 'player_num': 1}
2023-12-12 21:08:17,071 : INFO : SwitchController : <<<<<<< 's_medal_drop_middle' inactive >>>>>>>
2023-12-12 21:08:17,183 : INFO : SwitchController : <<<<<<< 's_medal_drop_right' active >>>>>>>
2023-12-12 21:08:17,184 : INFO : EventManager : Event: ======'s_medal_drop_right_active'====== Args={}
2023-12-12 21:08:17,185 : INFO : EventManager : Event: ======'sw_playfield_active'====== Args={}
2023-12-12 21:08:17,187 : INFO : EventManager : Event: ======'machine_var_audits_switches_s_medal_drop_right'====== Args={'value': 169, 'prev_value': 168, 'change': 1}
2023-12-12 21:08:17,190 : INFO : EventManager : Event: ======'player_shot_medalR_shot'====== Args={'value': 1, 'prev_value': 0, 'change': 1, 'player_num': 1}
2023-12-12 21:08:17,193 : INFO : EventManager : Event: ======'machine_var_audits_shots_medalR_shot'====== Args={'value': 155, 'prev_value': 154, 'change': 1}
2023-12-12 21:08:17,195 : INFO : EventManager : Event: ======'medalR_shot_hit'====== Args={'profile': 'default', 'state': 'unlit', 'advancing': True}
2023-12-12 21:08:17,197 : INFO : EventManager : Event: ======'medalR_shot_default_hit'====== Args={'profile': 'default', 'state': 'unlit', 'advancing': True}
2023-12-12 21:08:17,198 : INFO : EventManager : Event: ======'medalR_shot_default_unlit_hit'====== Args={'profile': 'default', 'state': 'unlit', 'advancing': True}
2023-12-12 21:08:17,200 : INFO : EventManager : Event: ======'medalR_shot_unlit_hit'====== Args={'profile': 'default', 'state': 'unlit', 'advancing': True}
2023-12-12 21:08:17,201 : INFO : EventManager : Event: ======'medal_shot_complete'====== Args={'state': 'lit'}
2023-12-12 21:08:17,202 : INFO : EventManager : Event: ======'medal_shot_lit_complete'====== Args={}
2023-12-12 21:08:17,203 : INFO : EventManager : Event: ======'medal_shot_hit'====== Args={}
2023-12-12 21:08:17,203 : INFO : EventManager : Event: ======'medal_shot_unlit_hit'====== Args={}
2023-12-12 21:08:17,204 : INFO : EventManager : Event: ======'player_shot_medalL_shot'====== Args={'value': 0, 'prev_value': 1, 'change': -1, 'player_num': 1}
2023-12-12 21:08:17,206 : INFO : EventManager : Event: ======'player_shot_medalM_shot'====== Args={'value': 0, 'prev_value': 1, 'change': -1, 'player_num': 1}
2023-12-12 21:08:17,207 : INFO : EventManager : Event: ======'player_shot_medalR_shot'====== Args={'value': 0, 'prev_value': 1, 'change': -1, 'player_num': 1}
2023-12-12 21:08:17,209 : INFO : EventManager : Event: ======'logicblock_medal_shot_complete_count_updated'====== Args={'value': 2, 'enabled': True}
2023-12-12 21:08:17,209 : INFO : EventManager : Event: ======'medal_shot_done'====== Args={'count': 2}
2023-12-12 21:08:17,211 : INFO : EventManager : Event: ======'player_score'====== Args={'value': 27500, 'prev_value': 17500, 'change': 10000, 'player_num': 1}
2023-12-12 21:08:17,213 : INFO : Timer.medal_countdown_timer : Starting Timer.
2023-12-12 21:08:17,214 : INFO : EventManager : Event: ======'timer_medal_countdown_timer_started'====== Args={'ticks': 5, 'ticks_remaining': 5}
2023-12-12 21:08:17,214 : INFO : EventManager : Event: ======'timer_medal_countdown_timer_tick'====== Args={'ticks': 5, 'ticks_remaining': 5}
2023-12-12 21:08:17,215 : INFO : EventManager : Event: ======'player_score'====== Args={'value': 29000, 'prev_value': 27500, 'change': 1500, 'player_num': 1}
2023-12-12 21:08:17,370 : INFO : SwitchController : <<<<<<< 's_medal_drop_right' inactive >>>>>>>
2023-12-12 21:08:18,226 : INFO : EventManager : Event: ======'player_medal_medal_countdown_timer_tick'====== Args={'value': 4, 'prev_value': 5, 'change': -1, 'player_num': 1}
2023-12-12 21:08:18,228 : INFO : EventManager : Event: ======'timer_medal_countdown_timer_tick'====== Args={'ticks': 4, 'ticks_remaining': 4}
2023-12-12 21:08:19,208 : INFO : EventManager : Event: ======'player_medal_medal_countdown_timer_tick'====== Args={'value': 3, 'prev_value': 4, 'change': -1, 'player_num': 1}
2023-12-12 21:08:19,210 : INFO : EventManager : Event: ======'timer_medal_countdown_timer_tick'====== Args={'ticks': 3, 'ticks_remaining': 3}
2023-12-12 21:08:20,161 : INFO : SwitchController : <<<<<<< 's_medal_drop_left' active >>>>>>>
2023-12-12 21:08:20,161 : INFO : EventManager : Event: ======'s_medal_drop_left_active'====== Args={}
2023-12-12 21:08:20,162 : INFO : EventManager : Event: ======'sw_playfield_active'====== Args={}
2023-12-12 21:08:20,163 : INFO : EventManager : Event: ======'machine_var_audits_switches_s_medal_drop_left'====== Args={'value': 173, 'prev_value': 172, 'change': 1}
2023-12-12 21:08:20,167 : INFO : EventManager : Event: ======'player_shot_medalL_shot'====== Args={'value': 1, 'prev_value': 0, 'change': 1, 'player_num': 1}
2023-12-12 21:08:20,187 : INFO : EventManager : Event: ======'machine_var_audits_shots_medalL_shot'====== Args={'value': 159, 'prev_value': 158, 'change': 1}
2023-12-12 21:08:20,188 : INFO : EventManager : Event: ======'medalL_shot_hit'====== Args={'profile': 'default', 'state': 'unlit', 'advancing': True}
2023-12-12 21:08:20,188 : INFO : EventManager : Event: ======'medalL_shot_default_hit'====== Args={'profile': 'default', 'state': 'unlit', 'advancing': True}
2023-12-12 21:08:20,188 : INFO : EventManager : Event: ======'medalL_shot_default_unlit_hit'====== Args={'profile': 'default', 'state': 'unlit', 'advancing': True}
2023-12-12 21:08:20,188 : INFO : EventManager : Event: ======'medalL_shot_unlit_hit'====== Args={'profile': 'default', 'state': 'unlit', 'advancing': True}
2023-12-12 21:08:20,189 : INFO : EventManager : Event: ======'medal_shot_hit'====== Args={}
2023-12-12 21:08:20,189 : INFO : EventManager : Event: ======'medal_shot_unlit_hit'====== Args={}
2023-12-12 21:08:20,189 : INFO : EventManager : Event: ======'player_score'====== Args={'value': 30500, 'prev_value': 29000, 'change': 1500, 'player_num': 1}
2023-12-12 21:08:20,196 : INFO : EventManager : Event: ======'player_medal_medal_countdown_timer_tick'====== Args={'value': 2, 'prev_value': 3, 'change': -1, 'player_num': 1}
2023-12-12 21:08:20,197 : INFO : EventManager : Event: ======'timer_medal_countdown_timer_tick'====== Args={'ticks': 2, 'ticks_remaining': 2}
2023-12-12 21:08:20,312 : INFO : SwitchController : <<<<<<< 's_medal_drop_left' inactive >>>>>>>
2023-12-12 21:08:20,469 : INFO : SwitchController : <<<<<<< 's_medal_drop_middle' active >>>>>>>
2023-12-12 21:08:20,469 : INFO : EventManager : Event: ======'s_medal_drop_middle_active'====== Args={}
2023-12-12 21:08:20,469 : INFO : EventManager : Event: ======'sw_playfield_active'====== Args={}
2023-12-12 21:08:20,469 : INFO : EventManager : Event: ======'machine_var_audits_switches_s_medal_drop_middle'====== Args={'value': 169, 'prev_value': 168, 'change': 1}
2023-12-12 21:08:20,470 : INFO : EventManager : Event: ======'player_shot_medalM_shot'====== Args={'value': 1, 'prev_value': 0, 'change': 1, 'player_num': 1}
2023-12-12 21:08:20,471 : INFO : EventManager : Event: ======'machine_var_audits_shots_medalM_shot'====== Args={'value': 155, 'prev_value': 154, 'change': 1}
2023-12-12 21:08:20,471 : INFO : EventManager : Event: ======'medalM_shot_hit'====== Args={'profile': 'default', 'state': 'unlit', 'advancing': True}
2023-12-12 21:08:20,472 : INFO : EventManager : Event: ======'medalM_shot_default_hit'====== Args={'profile': 'default', 'state': 'unlit', 'advancing': True}
2023-12-12 21:08:20,472 : INFO : EventManager : Event: ======'medalM_shot_default_unlit_hit'====== Args={'profile': 'default', 'state': 'unlit', 'advancing': True}
2023-12-12 21:08:20,472 : INFO : EventManager : Event: ======'medalM_shot_unlit_hit'====== Args={'profile': 'default', 'state': 'unlit', 'advancing': True}
2023-12-12 21:08:20,472 : INFO : EventManager : Event: ======'medal_shot_hit'====== Args={}
2023-12-12 21:08:20,472 : INFO : EventManager : Event: ======'medal_shot_unlit_hit'====== Args={}
2023-12-12 21:08:20,472 : INFO : EventManager : Event: ======'player_score'====== Args={'value': 32000, 'prev_value': 30500, 'change': 1500, 'player_num': 1}
2023-12-12 21:08:20,718 : INFO : SwitchController : <<<<<<< 's_medal_drop_middle' inactive >>>>>>>
2023-12-12 21:08:20,892 : INFO : SwitchController : <<<<<<< 's_medal_drop_right' active >>>>>>>
2023-12-12 21:08:20,892 : INFO : EventManager : Event: ======'s_medal_drop_right_active'====== Args={}
2023-12-12 21:08:20,893 : INFO : EventManager : Event: ======'sw_playfield_active'====== Args={}
2023-12-12 21:08:20,895 : INFO : EventManager : Event: ======'machine_var_audits_switches_s_medal_drop_right'====== Args={'value': 170, 'prev_value': 169, 'change': 1}
2023-12-12 21:08:20,899 : INFO : EventManager : Event: ======'player_shot_medalR_shot'====== Args={'value': 1, 'prev_value': 0, 'change': 1, 'player_num': 1}
2023-12-12 21:08:20,902 : INFO : EventManager : Event: ======'machine_var_audits_shots_medalR_shot'====== Args={'value': 156, 'prev_value': 155, 'change': 1}
2023-12-12 21:08:20,904 : INFO : EventManager : Event: ======'medalR_shot_hit'====== Args={'profile': 'default', 'state': 'unlit', 'advancing': True}
2023-12-12 21:08:20,904 : INFO : EventManager : Event: ======'medalR_shot_default_hit'====== Args={'profile': 'default', 'state': 'unlit', 'advancing': True}
2023-12-12 21:08:20,906 : INFO : EventManager : Event: ======'medalR_shot_default_unlit_hit'====== Args={'profile': 'default', 'state': 'unlit', 'advancing': True}
2023-12-12 21:08:20,907 : INFO : EventManager : Event: ======'medalR_shot_unlit_hit'====== Args={'profile': 'default', 'state': 'unlit', 'advancing': True}
2023-12-12 21:08:20,909 : INFO : EventManager : Event: ======'medal_shot_complete'====== Args={'state': 'lit'}
2023-12-12 21:08:20,910 : INFO : EventManager : Event: ======'medal_shot_lit_complete'====== Args={}
2023-12-12 21:08:20,912 : INFO : EventManager : Event: ======'medal_shot_hit'====== Args={}
2023-12-12 21:08:20,913 : INFO : EventManager : Event: ======'medal_shot_unlit_hit'====== Args={}
2023-12-12 21:08:20,914 : INFO : EventManager : Event: ======'player_shot_medalL_shot'====== Args={'value': 0, 'prev_value': 1, 'change': -1, 'player_num': 1}
2023-12-12 21:08:20,917 : INFO : EventManager : Event: ======'player_shot_medalM_shot'====== Args={'value': 0, 'prev_value': 1, 'change': -1, 'player_num': 1}
2023-12-12 21:08:20,918 : INFO : EventManager : Event: ======'player_shot_medalR_shot'====== Args={'value': 0, 'prev_value': 1, 'change': -1, 'player_num': 1}
2023-12-12 21:08:20,919 : INFO : EventManager : Event: ======'logicblock_medal_shot_complete_count_updated'====== Args={'value': 3, 'enabled': True}
2023-12-12 21:08:20,919 : INFO : EventManager : Event: ======'medal_shot_done'====== Args={'count': 3}
2023-12-12 21:08:20,922 : INFO : EventManager : Event: ======'player_score'====== Args={'value': 82000, 'prev_value': 32000, 'change': 50000, 'player_num': 1}
2023-12-12 21:08:20,922 : INFO : EventManager : Event: ======'player_medal_medal_countdown_timer_tick'====== Args={'value': 5, 'prev_value': 2, 'change': 3, 'player_num': 1}
2023-12-12 21:08:20,923 : INFO : EventManager : Event: ======'player_score'====== Args={'value': 83500, 'prev_value': 82000, 'change': 1500, 'player_num': 1}
2023-12-12 21:08:21,080 : INFO : SwitchController : <<<<<<< 's_medal_drop_right' inactive >>>>>>>
2023-12-12 21:08:21,915 : INFO : EventManager : Event: ======'player_medal_medal_countdown_timer_tick'====== Args={'value': 4, 'prev_value': 5, 'change': -1, 'player_num': 1}
2023-12-12 21:08:21,917 : INFO : EventManager : Event: ======'timer_medal_countdown_timer_tick'====== Args={'ticks': 4, 'ticks_remaining': 4}
2023-12-12 21:08:22,929 : INFO : EventManager : Event: ======'player_medal_medal_countdown_timer_tick'====== Args={'value': 3, 'prev_value': 4, 'change': -1, 'player_num': 1}
2023-12-12 21:08:22,931 : INFO : EventManager : Event: ======'timer_medal_countdown_timer_tick'====== Args={'ticks': 3, 'ticks_remaining': 3}
2023-12-12 21:08:23,943 : INFO : EventManager : Event: ======'player_medal_medal_countdown_timer_tick'====== Args={'value': 2, 'prev_value': 3, 'change': -1, 'player_num': 1}
2023-12-12 21:08:23,944 : INFO : EventManager : Event: ======'timer_medal_countdown_timer_tick'====== Args={'ticks': 2, 'ticks_remaining': 2}
2023-12-12 21:08:24,927 : INFO : EventManager : Event: ======'player_medal_medal_countdown_timer_tick'====== Args={'value': 1, 'prev_value': 2, 'change': -1, 'player_num': 1}
2023-12-12 21:08:24,929 : INFO : EventManager : Event: ======'timer_medal_countdown_timer_tick'====== Args={'ticks': 1, 'ticks_remaining': 1}
2023-12-12 21:08:25,941 : INFO : EventManager : Event: ======'player_medal_medal_countdown_timer_tick'====== Args={'value': 0, 'prev_value': 1, 'change': -1, 'player_num': 1}
2023-12-12 21:08:25,943 : INFO : Timer.medal_countdown_timer : Timer Complete
2023-12-12 21:08:25,944 : INFO : Timer.medal_countdown_timer : Stopping Timer
2023-12-12 21:08:25,944 : INFO : EventManager : Event: ======'timer_medal_countdown_timer_stopped'====== Args={'ticks': 0, 'ticks_remaining': 1}
2023-12-12 21:08:25,945 : INFO : EventManager : Event: ======'timer_medal_countdown_timer_complete'====== Args={'ticks': 0, 'ticks_remaining': 1}
2023-12-12 21:08:25,948 : INFO : EventManager : Event: ======'player_medal_medal_countdown_timer_tick'====== Args={'value': 5, 'prev_value': 0, 'change': 5, 'player_num': 1}
2023-12-12 21:08:25,951 : INFO : Timer.medal_countdown_timer : Starting Timer.
2023-12-12 21:08:25,951 : INFO : EventManager : Event: ======'timer_medal_countdown_timer_started'====== Args={'ticks': 5, 'ticks_remaining': 5}
2023-12-12 21:08:25,952 : INFO : EventManager : Event: ======'timer_medal_countdown_timer_tick'====== Args={'ticks': 5, 'ticks_remaining': 5}
2023-12-12 21:08:26,956 : INFO : EventManager : Event: ======'player_medal_medal_countdown_timer_tick'====== Args={'value': 4, 'prev_value': 5, 'change': -1, 'player_num': 1}
2023-12-12 21:08:26,958 : INFO : EventManager : Event: ======'timer_medal_countdown_timer_tick'====== Args={'ticks': 4, 'ticks_remaining': 4}
2023-12-12 21:08:27,968 : INFO : EventManager : Event: ======'player_medal_medal_countdown_timer_tick'====== Args={'value': 3, 'prev_value': 4, 'change': -1, 'player_num': 1}
2023-12-12 21:08:27,970 : INFO : EventManager : Event: ======'timer_medal_countdown_timer_tick'====== Args={'ticks': 3, 'ticks_remaining': 3}
2023-12-12 21:08:28,950 : INFO : EventManager : Event: ======'player_medal_medal_countdown_timer_tick'====== Args={'value': 2, 'prev_value': 3, 'change': -1, 'player_num': 1}
2023-12-12 21:08:28,952 : INFO : EventManager : Event: ======'timer_medal_countdown_timer_tick'====== Args={'ticks': 2, 'ticks_remaining': 2}
2023-12-12 21:08:29,950 : INFO : EventManager : Event: ======'player_medal_medal_countdown_timer_tick'====== Args={'value': 1, 'prev_value': 2, 'change': -1, 'player_num': 1}
2023-12-12 21:08:29,952 : INFO : EventManager : Event: ======'timer_medal_countdown_timer_tick'====== Args={'ticks': 1, 'ticks_remaining': 1}
2023-12-12 21:08:30,948 : INFO : EventManager : Event: ======'player_medal_medal_countdown_timer_tick'====== Args={'value': 0, 'prev_value': 1, 'change': -1, 'player_num': 1}
2023-12-12 21:08:30,950 : INFO : Timer.medal_countdown_timer : Timer Complete
2023-12-12 21:08:30,951 : INFO : Timer.medal_countdown_timer : Stopping Timer
2023-12-12 21:08:30,951 : INFO : EventManager : Event: ======'timer_medal_countdown_timer_stopped'====== Args={'ticks': 0, 'ticks_remaining': 1}
2023-12-12 21:08:30,952 : INFO : EventManager : Event: ======'timer_medal_countdown_timer_complete'====== Args={'ticks': 0, 'ticks_remaining': 1}
2023-12-12 21:08:30,955 : INFO : EventManager : Event: ======'player_medal_medal_countdown_timer_tick'====== Args={'value': 5, 'prev_value': 0, 'change': 5, 'player_num': 1}
2023-12-12 21:08:31,957 : INFO : SwitchController : <<<<<<< 's_medal_drop_left' active >>>>>>>
2023-12-12 21:08:31,958 : INFO : EventManager : Event: ======'s_medal_drop_left_active'====== Args={}
2023-12-12 21:08:31,959 : INFO : EventManager : Event: ======'sw_playfield_active'====== Args={}
2023-12-12 21:08:31,961 : INFO : EventManager : Event: ======'machine_var_audits_switches_s_medal_drop_left'====== Args={'value': 174, 'prev_value': 173, 'change': 1}
2023-12-12 21:08:31,965 : INFO : EventManager : Event: ======'player_shot_medalL_shot'====== Args={'value': 1, 'prev_value': 0, 'change': 1, 'player_num': 1}
2023-12-12 21:08:31,987 : INFO : EventManager : Event: ======'machine_var_audits_shots_medalL_shot'====== Args={'value': 160, 'prev_value': 159, 'change': 1}
2023-12-12 21:08:31,988 : INFO : EventManager : Event: ======'medalL_shot_hit'====== Args={'profile': 'default', 'state': 'unlit', 'advancing': True}
2023-12-12 21:08:31,988 : INFO : EventManager : Event: ======'medalL_shot_default_hit'====== Args={'profile': 'default', 'state': 'unlit', 'advancing': True}
2023-12-12 21:08:31,988 : INFO : EventManager : Event: ======'medalL_shot_default_unlit_hit'====== Args={'profile': 'default', 'state': 'unlit', 'advancing': True}
2023-12-12 21:08:31,988 : INFO : EventManager : Event: ======'medalL_shot_unlit_hit'====== Args={'profile': 'default', 'state': 'unlit', 'advancing': True}
2023-12-12 21:08:31,988 : INFO : EventManager : Event: ======'medal_shot_hit'====== Args={}
2023-12-12 21:08:31,988 : INFO : EventManager : Event: ======'medal_shot_unlit_hit'====== Args={}
2023-12-12 21:08:31,989 : INFO : EventManager : Event: ======'player_score'====== Args={'value': 85000, 'prev_value': 83500, 'change': 1500, 'player_num': 1}
2023-12-12 21:08:32,107 : INFO : SwitchController : <<<<<<< 's_medal_drop_left' inactive >>>>>>>
2023-12-12 21:08:32,169 : INFO : SwitchController : <<<<<<< 's_medal_drop_middle' active >>>>>>>
2023-12-12 21:08:32,170 : INFO : EventManager : Event: ======'s_medal_drop_middle_active'====== Args={}
2023-12-12 21:08:32,171 : INFO : EventManager : Event: ======'sw_playfield_active'====== Args={}
2023-12-12 21:08:32,173 : INFO : EventManager : Event: ======'machine_var_audits_switches_s_medal_drop_middle'====== Args={'value': 170, 'prev_value': 169, 'change': 1}
2023-12-12 21:08:32,176 : INFO : EventManager : Event: ======'player_shot_medalM_shot'====== Args={'value': 1, 'prev_value': 0, 'change': 1, 'player_num': 1}
2023-12-12 21:08:32,179 : INFO : EventManager : Event: ======'machine_var_audits_shots_medalM_shot'====== Args={'value': 156, 'prev_value': 155, 'change': 1}
2023-12-12 21:08:32,181 : INFO : EventManager : Event: ======'medalM_shot_hit'====== Args={'profile': 'default', 'state': 'unlit', 'advancing': True}
2023-12-12 21:08:32,183 : INFO : EventManager : Event: ======'medalM_shot_default_hit'====== Args={'profile': 'default', 'state': 'unlit', 'advancing': True}
2023-12-12 21:08:32,184 : INFO : EventManager : Event: ======'medalM_shot_default_unlit_hit'====== Args={'profile': 'default', 'state': 'unlit', 'advancing': True}
2023-12-12 21:08:32,185 : INFO : EventManager : Event: ======'medalM_shot_unlit_hit'====== Args={'profile': 'default', 'state': 'unlit', 'advancing': True}
2023-12-12 21:08:32,187 : INFO : EventManager : Event: ======'medal_shot_hit'====== Args={}
2023-12-12 21:08:32,188 : INFO : EventManager : Event: ======'medal_shot_unlit_hit'====== Args={}
2023-12-12 21:08:32,190 : INFO : EventManager : Event: ======'player_score'====== Args={'value': 86500, 'prev_value': 85000, 'change': 1500, 'player_num': 1}
2023-12-12 21:08:32,371 : INFO : SwitchController : <<<<<<< 's_medal_drop_right' active >>>>>>>
2023-12-12 21:08:32,372 : INFO : EventManager : Event: ======'s_medal_drop_right_active'====== Args={}
2023-12-12 21:08:32,373 : INFO : EventManager : Event: ======'sw_playfield_active'====== Args={}
2023-12-12 21:08:32,375 : INFO : EventManager : Event: ======'machine_var_audits_switches_s_medal_drop_right'====== Args={'value': 171, 'prev_value': 170, 'change': 1}
2023-12-12 21:08:32,378 : INFO : EventManager : Event: ======'player_shot_medalR_shot'====== Args={'value': 1, 'prev_value': 0, 'change': 1, 'player_num': 1}
2023-12-12 21:08:32,381 : INFO : EventManager : Event: ======'machine_var_audits_shots_medalR_shot'====== Args={'value': 157, 'prev_value': 156, 'change': 1}
2023-12-12 21:08:32,383 : INFO : EventManager : Event: ======'medalR_shot_hit'====== Args={'profile': 'default', 'state': 'unlit', 'advancing': True}
2023-12-12 21:08:32,385 : INFO : EventManager : Event: ======'medalR_shot_default_hit'====== Args={'profile': 'default', 'state': 'unlit', 'advancing': True}
2023-12-12 21:08:32,386 : INFO : EventManager : Event: ======'medalR_shot_default_unlit_hit'====== Args={'profile': 'default', 'state': 'unlit', 'advancing': True}
2023-12-12 21:08:32,387 : INFO : EventManager : Event: ======'medalR_shot_unlit_hit'====== Args={'profile': 'default', 'state': 'unlit', 'advancing': True}
2023-12-12 21:08:32,389 : INFO : EventManager : Event: ======'medal_shot_complete'====== Args={'state': 'lit'}
2023-12-12 21:08:32,390 : INFO : EventManager : Event: ======'medal_shot_lit_complete'====== Args={}
2023-12-12 21:08:32,391 : INFO : EventManager : Event: ======'medal_shot_hit'====== Args={}
2023-12-12 21:08:32,391 : INFO : EventManager : Event: ======'medal_shot_unlit_hit'====== Args={}
2023-12-12 21:08:32,392 : INFO : EventManager : Event: ======'player_shot_medalL_shot'====== Args={'value': 0, 'prev_value': 1, 'change': -1, 'player_num': 1}
2023-12-12 21:08:32,393 : INFO : EventManager : Event: ======'player_shot_medalM_shot'====== Args={'value': 0, 'prev_value': 1, 'change': -1, 'player_num': 1}
2023-12-12 21:08:32,395 : INFO : EventManager : Event: ======'player_shot_medalR_shot'====== Args={'value': 0, 'prev_value': 1, 'change': -1, 'player_num': 1}
2023-12-12 21:08:32,397 : INFO : EventManager : Event: ======'logicblock_medal_shot_complete_count_updated'====== Args={'value': 2, 'enabled': True}
2023-12-12 21:08:32,397 : INFO : EventManager : Event: ======'medal_shot_done'====== Args={'count': 2}
2023-12-12 21:08:32,399 : INFO : EventManager : Event: ======'player_score'====== Args={'value': 96500, 'prev_value': 86500, 'change': 10000, 'player_num': 1}
2023-12-12 21:08:32,399 : INFO : Timer.medal_countdown_timer : Starting Timer.
2023-12-12 21:08:32,400 : INFO : EventManager : Event: ======'timer_medal_countdown_timer_started'====== Args={'ticks': 5, 'ticks_remaining': 5}
2023-12-12 21:08:32,400 : INFO : EventManager : Event: ======'timer_medal_countdown_timer_tick'====== Args={'ticks': 5, 'ticks_remaining': 5}
2023-12-12 21:08:32,400 : INFO : EventManager : Event: ======'player_score'====== Args={'value': 98000, 'prev_value': 96500, 'change': 1500, 'player_num': 1}
2023-12-12 21:08:32,445 : INFO : SwitchController : <<<<<<< 's_medal_drop_middle' inactive >>>>>>>
2023-12-12 21:08:32,596 : INFO : SwitchController : <<<<<<< 's_medal_drop_right' inactive >>>>>>>
2023-12-12 21:08:33,402 : INFO : EventManager : Event: ======'player_medal_medal_countdown_timer_tick'====== Args={'value': 4, 'prev_value': 5, 'change': -1, 'player_num': 1}
2023-12-12 21:08:33,405 : INFO : EventManager : Event: ======'timer_medal_countdown_timer_tick'====== Args={'ticks': 4, 'ticks_remaining': 4}
2023-12-12 21:08:33,790 : INFO : SwitchController : <<<<<<< 's_medal_drop_left' active >>>>>>>
2023-12-12 21:08:33,791 : INFO : EventManager : Event: ======'s_medal_drop_left_active'====== Args={}
2023-12-12 21:08:33,792 : INFO : EventManager : Event: ======'sw_playfield_active'====== Args={}
2023-12-12 21:08:33,794 : INFO : EventManager : Event: ======'machine_var_audits_switches_s_medal_drop_left'====== Args={'value': 175, 'prev_value': 174, 'change': 1}
2023-12-12 21:08:33,798 : INFO : EventManager : Event: ======'player_shot_medalL_shot'====== Args={'value': 1, 'prev_value': 0, 'change': 1, 'player_num': 1}
2023-12-12 21:08:33,801 : INFO : EventManager : Event: ======'machine_var_audits_shots_medalL_shot'====== Args={'value': 161, 'prev_value': 160, 'change': 1}
2023-12-12 21:08:33,804 : INFO : EventManager : Event: ======'medalL_shot_hit'====== Args={'profile': 'default', 'state': 'unlit', 'advancing': True}
2023-12-12 21:08:33,805 : INFO : EventManager : Event: ======'medalL_shot_default_hit'====== Args={'profile': 'default', 'state': 'unlit', 'advancing': True}
2023-12-12 21:08:33,806 : INFO : EventManager : Event: ======'medalL_shot_default_unlit_hit'====== Args={'profile': 'default', 'state': 'unlit', 'advancing': True}
2023-12-12 21:08:33,806 : INFO : EventManager : Event: ======'medalL_shot_unlit_hit'====== Args={'profile': 'default', 'state': 'unlit', 'advancing': True}
2023-12-12 21:08:33,807 : INFO : EventManager : Event: ======'medal_shot_hit'====== Args={}
2023-12-12 21:08:33,808 : INFO : EventManager : Event: ======'medal_shot_unlit_hit'====== Args={}
2023-12-12 21:08:33,809 : INFO : EventManager : Event: ======'player_score'====== Args={'value': 99500, 'prev_value': 98000, 'change': 1500, 'player_num': 1}
2023-12-12 21:08:33,954 : INFO : SwitchController : <<<<<<< 's_medal_drop_middle' active >>>>>>>
2023-12-12 21:08:33,955 : INFO : EventManager : Event: ======'s_medal_drop_middle_active'====== Args={}
2023-12-12 21:08:33,956 : INFO : EventManager : Event: ======'sw_playfield_active'====== Args={}
2023-12-12 21:08:33,958 : INFO : EventManager : Event: ======'machine_var_audits_switches_s_medal_drop_middle'====== Args={'value': 171, 'prev_value': 170, 'change': 1}
2023-12-12 21:08:33,961 : INFO : EventManager : Event: ======'player_shot_medalM_shot'====== Args={'value': 1, 'prev_value': 0, 'change': 1, 'player_num': 1}
2023-12-12 21:08:33,964 : INFO : EventManager : Event: ======'machine_var_audits_shots_medalM_shot'====== Args={'value': 157, 'prev_value': 156, 'change': 1}
2023-12-12 21:08:33,966 : INFO : EventManager : Event: ======'medalM_shot_hit'====== Args={'profile': 'default', 'state': 'unlit', 'advancing': True}
2023-12-12 21:08:33,967 : INFO : EventManager : Event: ======'medalM_shot_default_hit'====== Args={'profile': 'default', 'state': 'unlit', 'advancing': True}
2023-12-12 21:08:33,969 : INFO : EventManager : Event: ======'medalM_shot_default_unlit_hit'====== Args={'profile': 'default', 'state': 'unlit', 'advancing': True}
2023-12-12 21:08:33,970 : INFO : EventManager : Event: ======'medalM_shot_unlit_hit'====== Args={'profile': 'default', 'state': 'unlit', 'advancing': True}
2023-12-12 21:08:33,972 : INFO : EventManager : Event: ======'medal_shot_hit'====== Args={}
2023-12-12 21:08:33,973 : INFO : EventManager : Event: ======'medal_shot_unlit_hit'====== Args={}
2023-12-12 21:08:33,975 : INFO : EventManager : Event: ======'player_score'====== Args={'value': 101000, 'prev_value': 99500, 'change': 1500, 'player_num': 1}
2023-12-12 21:08:34,040 : INFO : SwitchController : <<<<<<< 's_medal_drop_left' inactive >>>>>>>
2023-12-12 21:08:34,169 : INFO : SwitchController : <<<<<<< 's_medal_drop_right' active >>>>>>>
2023-12-12 21:08:34,170 : INFO : EventManager : Event: ======'s_medal_drop_right_active'====== Args={}
2023-12-12 21:08:34,171 : INFO : EventManager : Event: ======'sw_playfield_active'====== Args={}
2023-12-12 21:08:34,173 : INFO : EventManager : Event: ======'machine_var_audits_switches_s_medal_drop_right'====== Args={'value': 172, 'prev_value': 171, 'change': 1}
2023-12-12 21:08:34,176 : INFO : EventManager : Event: ======'player_shot_medalR_shot'====== Args={'value': 1, 'prev_value': 0, 'change': 1, 'player_num': 1}
2023-12-12 21:08:34,179 : INFO : EventManager : Event: ======'machine_var_audits_shots_medalR_shot'====== Args={'value': 158, 'prev_value': 157, 'change': 1}
2023-12-12 21:08:34,182 : INFO : EventManager : Event: ======'medalR_shot_hit'====== Args={'profile': 'default', 'state': 'unlit', 'advancing': True}
2023-12-12 21:08:34,183 : INFO : EventManager : Event: ======'medalR_shot_default_hit'====== Args={'profile': 'default', 'state': 'unlit', 'advancing': True}
2023-12-12 21:08:34,184 : INFO : EventManager : Event: ======'medalR_shot_default_unlit_hit'====== Args={'profile': 'default', 'state': 'unlit', 'advancing': True}
2023-12-12 21:08:34,184 : INFO : EventManager : Event: ======'medalR_shot_unlit_hit'====== Args={'profile': 'default', 'state': 'unlit', 'advancing': True}
2023-12-12 21:08:34,185 : INFO : EventManager : Event: ======'medal_shot_complete'====== Args={'state': 'lit'}
2023-12-12 21:08:34,186 : INFO : EventManager : Event: ======'medal_shot_lit_complete'====== Args={}
2023-12-12 21:08:34,186 : INFO : EventManager : Event: ======'medal_shot_hit'====== Args={}
2023-12-12 21:08:34,187 : INFO : EventManager : Event: ======'medal_shot_unlit_hit'====== Args={}
2023-12-12 21:08:34,189 : INFO : EventManager : Event: ======'player_shot_medalL_shot'====== Args={'value': 0, 'prev_value': 1, 'change': -1, 'player_num': 1}
2023-12-12 21:08:34,191 : INFO : EventManager : Event: ======'player_shot_medalM_shot'====== Args={'value': 0, 'prev_value': 1, 'change': -1, 'player_num': 1}
2023-12-12 21:08:34,193 : INFO : EventManager : Event: ======'player_shot_medalR_shot'====== Args={'value': 0, 'prev_value': 1, 'change': -1, 'player_num': 1}
2023-12-12 21:08:34,195 : INFO : EventManager : Event: ======'logicblock_medal_shot_complete_count_updated'====== Args={'value': 3, 'enabled': True}
2023-12-12 21:08:34,195 : INFO : EventManager : Event: ======'medal_shot_done'====== Args={'count': 3}
2023-12-12 21:08:34,198 : INFO : EventManager : Event: ======'player_score'====== Args={'value': 151000, 'prev_value': 101000, 'change': 50000, 'player_num': 1}
2023-12-12 21:08:34,199 : INFO : EventManager : Event: ======'player_medal_medal_countdown_timer_tick'====== Args={'value': 5, 'prev_value': 4, 'change': 1, 'player_num': 1}
2023-12-12 21:08:34,200 : INFO : EventManager : Event: ======'player_score'====== Args={'value': 152500, 'prev_value': 151000, 'change': 1500, 'player_num': 1}
2023-12-12 21:08:34,266 : INFO : SwitchController : <<<<<<< 's_medal_drop_middle' inactive >>>>>>>
2023-12-12 21:08:34,392 : INFO : SwitchController : <<<<<<< 's_medal_drop_right' inactive >>>>>>>
2023-12-12 21:08:35,220 : INFO : EventManager : Event: ======'player_medal_medal_countdown_timer_tick'====== Args={'value': 4, 'prev_value': 5, 'change': -1, 'player_num': 1}
2023-12-12 21:08:35,222 : INFO : EventManager : Event: ======'timer_medal_countdown_timer_tick'====== Args={'ticks': 4, 'ticks_remaining': 4}
2023-12-12 21:08:35,298 : INFO : SwitchController : <<<<<<< 's_medal_drop_left' active >>>>>>>
2023-12-12 21:08:35,298 : INFO : EventManager : Event: ======'s_medal_drop_left_active'====== Args={}
2023-12-12 21:08:35,298 : INFO : EventManager : Event: ======'sw_playfield_active'====== Args={}
2023-12-12 21:08:35,298 : INFO : EventManager : Event: ======'machine_var_audits_switches_s_medal_drop_left'====== Args={'value': 176, 'prev_value': 175, 'change': 1}
2023-12-12 21:08:35,299 : INFO : EventManager : Event: ======'player_shot_medalL_shot'====== Args={'value': 1, 'prev_value': 0, 'change': 1, 'player_num': 1}
2023-12-12 21:08:35,300 : INFO : EventManager : Event: ======'machine_var_audits_shots_medalL_shot'====== Args={'value': 162, 'prev_value': 161, 'change': 1}
2023-12-12 21:08:35,300 : INFO : EventManager : Event: ======'medalL_shot_hit'====== Args={'profile': 'default', 'state': 'unlit', 'advancing': True}
2023-12-12 21:08:35,301 : INFO : EventManager : Event: ======'medalL_shot_default_hit'====== Args={'profile': 'default', 'state': 'unlit', 'advancing': True}
2023-12-12 21:08:35,301 : INFO : EventManager : Event: ======'medalL_shot_default_unlit_hit'====== Args={'profile': 'default', 'state': 'unlit', 'advancing': True}
2023-12-12 21:08:35,301 : INFO : EventManager : Event: ======'medalL_shot_unlit_hit'====== Args={'profile': 'default', 'state': 'unlit', 'advancing': True}
2023-12-12 21:08:35,301 : INFO : EventManager : Event: ======'medal_shot_hit'====== Args={}
2023-12-12 21:08:35,301 : INFO : EventManager : Event: ======'medal_shot_unlit_hit'====== Args={}
2023-12-12 21:08:35,301 : INFO : EventManager : Event: ======'player_score'====== Args={'value': 154000, 'prev_value': 152500, 'change': 1500, 'player_num': 1}
2023-12-12 21:08:35,361 : INFO : SwitchController : <<<<<<< 's_medal_drop_left' inactive >>>>>>>
2023-12-12 21:08:35,901 : INFO : SwitchController : <<<<<<< 's_medal_drop_middle' active >>>>>>>
2023-12-12 21:08:35,901 : INFO : EventManager : Event: ======'s_medal_drop_middle_active'====== Args={}
2023-12-12 21:08:35,903 : INFO : EventManager : Event: ======'sw_playfield_active'====== Args={}
2023-12-12 21:08:35,905 : INFO : EventManager : Event: ======'machine_var_audits_switches_s_medal_drop_middle'====== Args={'value': 172, 'prev_value': 171, 'change': 1}
2023-12-12 21:08:35,908 : INFO : EventManager : Event: ======'player_shot_medalM_shot'====== Args={'value': 1, 'prev_value': 0, 'change': 1, 'player_num': 1}
2023-12-12 21:08:35,911 : INFO : EventManager : Event: ======'machine_var_audits_shots_medalM_shot'====== Args={'value': 158, 'prev_value': 157, 'change': 1}
2023-12-12 21:08:35,913 : INFO : EventManager : Event: ======'medalM_shot_hit'====== Args={'profile': 'default', 'state': 'unlit', 'advancing': True}
2023-12-12 21:08:35,915 : INFO : EventManager : Event: ======'medalM_shot_default_hit'====== Args={'profile': 'default', 'state': 'unlit', 'advancing': True}
2023-12-12 21:08:35,916 : INFO : EventManager : Event: ======'medalM_shot_default_unlit_hit'====== Args={'profile': 'default', 'state': 'unlit', 'advancing': True}
2023-12-12 21:08:35,917 : INFO : EventManager : Event: ======'medalM_shot_unlit_hit'====== Args={'profile': 'default', 'state': 'unlit', 'advancing': True}
2023-12-12 21:08:35,918 : INFO : EventManager : Event: ======'medal_shot_hit'====== Args={}
2023-12-12 21:08:35,919 : INFO : EventManager : Event: ======'medal_shot_unlit_hit'====== Args={}
2023-12-12 21:08:35,920 : INFO : EventManager : Event: ======'player_score'====== Args={'value': 155500, 'prev_value': 154000, 'change': 1500, 'player_num': 1}
2023-12-12 21:08:36,112 : INFO : SwitchController : <<<<<<< 's_medal_drop_middle' inactive >>>>>>>
2023-12-12 21:08:36,200 : INFO : EventManager : Event: ======'player_medal_medal_countdown_timer_tick'====== Args={'value': 3, 'prev_value': 4, 'change': -1, 'player_num': 1}
2023-12-12 21:08:36,202 : INFO : EventManager : Event: ======'timer_medal_countdown_timer_tick'====== Args={'ticks': 3, 'ticks_remaining': 3}
2023-12-12 21:08:36,316 : INFO : SwitchController : <<<<<<< 's_medal_drop_right' active >>>>>>>
2023-12-12 21:08:36,316 : INFO : EventManager : Event: ======'s_medal_drop_right_active'====== Args={}
2023-12-12 21:08:36,316 : INFO : EventManager : Event: ======'sw_playfield_active'====== Args={}
2023-12-12 21:08:36,316 : INFO : EventManager : Event: ======'machine_var_audits_switches_s_medal_drop_right'====== Args={'value': 173, 'prev_value': 172, 'change': 1}
2023-12-12 21:08:36,317 : INFO : EventManager : Event: ======'player_shot_medalR_shot'====== Args={'value': 1, 'prev_value': 0, 'change': 1, 'player_num': 1}
2023-12-12 21:08:36,317 : INFO : EventManager : Event: ======'machine_var_audits_shots_medalR_shot'====== Args={'value': 159, 'prev_value': 158, 'change': 1}
2023-12-12 21:08:36,318 : INFO : EventManager : Event: ======'medalR_shot_hit'====== Args={'profile': 'default', 'state': 'unlit', 'advancing': True}
2023-12-12 21:08:36,318 : INFO : EventManager : Event: ======'medalR_shot_default_hit'====== Args={'profile': 'default', 'state': 'unlit', 'advancing': True}
2023-12-12 21:08:36,318 : INFO : EventManager : Event: ======'medalR_shot_default_unlit_hit'====== Args={'profile': 'default', 'state': 'unlit', 'advancing': True}
2023-12-12 21:08:36,319 : INFO : EventManager : Event: ======'medalR_shot_unlit_hit'====== Args={'profile': 'default', 'state': 'unlit', 'advancing': True}
2023-12-12 21:08:36,319 : INFO : EventManager : Event: ======'medal_shot_complete'====== Args={'state': 'lit'}
2023-12-12 21:08:36,319 : INFO : EventManager : Event: ======'medal_shot_lit_complete'====== Args={}
2023-12-12 21:08:36,319 : INFO : EventManager : Event: ======'medal_shot_hit'====== Args={}
2023-12-12 21:08:36,319 : INFO : EventManager : Event: ======'medal_shot_unlit_hit'====== Args={}
2023-12-12 21:08:36,319 : INFO : EventManager : Event: ======'player_shot_medalL_shot'====== Args={'value': 0, 'prev_value': 1, 'change': -1, 'player_num': 1}
2023-12-12 21:08:36,320 : INFO : EventManager : Event: ======'player_shot_medalM_shot'====== Args={'value': 0, 'prev_value': 1, 'change': -1, 'player_num': 1}
2023-12-12 21:08:36,320 : INFO : EventManager : Event: ======'player_shot_medalR_shot'====== Args={'value': 0, 'prev_value': 1, 'change': -1, 'player_num': 1}
2023-12-12 21:08:36,321 : INFO : EventManager : Event: ======'logicblock_medal_shot_complete_count_updated'====== Args={'value': 4, 'enabled': True}
2023-12-12 21:08:36,321 : INFO : EventManager : Event: ======'medal_shot_done'====== Args={'count': 4}
2023-12-12 21:08:36,322 : INFO : EventManager : Event: ======'player_score'====== Args={'value': 255500, 'prev_value': 155500, 'change': 100000, 'player_num': 1}
2023-12-12 21:08:36,322 : INFO : EventManager : Event: ======'player_medal_medal_countdown_timer_tick'====== Args={'value': 5, 'prev_value': 3, 'change': 2, 'player_num': 1}
2023-12-12 21:08:36,323 : INFO : EventManager : Event: ======'player_score'====== Args={'value': 257000, 'prev_value': 255500, 'change': 1500, 'player_num': 1}
2023-12-12 21:08:36,440 : INFO : SwitchController : <<<<<<< 's_medal_drop_right' inactive >>>>>>>
2023-12-12 21:08:37,327 : INFO : EventManager : Event: ======'player_medal_medal_countdown_timer_tick'====== Args={'value': 4, 'prev_value': 5, 'change': -1, 'player_num': 1}
2023-12-12 21:08:37,329 : INFO : EventManager : Event: ======'timer_medal_countdown_timer_tick'====== Args={'ticks': 4, 'ticks_remaining': 4}
2023-12-12 21:08:38,339 : INFO : EventManager : Event: ======'player_medal_medal_countdown_timer_tick'====== Args={'value': 3, 'prev_value': 4, 'change': -1, 'player_num': 1}
2023-12-12 21:08:38,341 : INFO : EventManager : Event: ======'timer_medal_countdown_timer_tick'====== Args={'ticks': 3, 'ticks_remaining': 3}
2023-12-12 21:08:39,323 : INFO : EventManager : Event: ======'player_medal_medal_countdown_timer_tick'====== Args={'value': 2, 'prev_value': 3, 'change': -1, 'player_num': 1}
2023-12-12 21:08:39,325 : INFO : EventManager : Event: ======'timer_medal_countdown_timer_tick'====== Args={'ticks': 2, 'ticks_remaining': 2}
2023-12-12 21:08:40,323 : INFO : EventManager : Event: ======'player_medal_medal_countdown_timer_tick'====== Args={'value': 1, 'prev_value': 2, 'change': -1, 'player_num': 1}
2023-12-12 21:08:40,324 : INFO : EventManager : Event: ======'timer_medal_countdown_timer_tick'====== Args={'ticks': 1, 'ticks_remaining': 1}
2023-12-12 21:08:41,323 : INFO : EventManager : Event: ======'player_medal_medal_countdown_timer_tick'====== Args={'value': 0, 'prev_value': 1, 'change': -1, 'player_num': 1}
2023-12-12 21:08:41,325 : INFO : Timer.medal_countdown_timer : Timer Complete
2023-12-12 21:08:41,325 : INFO : Timer.medal_countdown_timer : Stopping Timer
2023-12-12 21:08:41,326 : INFO : EventManager : Event: ======'timer_medal_countdown_timer_stopped'====== Args={'ticks': 0, 'ticks_remaining': 1}
2023-12-12 21:08:41,326 : INFO : EventManager : Event: ======'timer_medal_countdown_timer_complete'====== Args={'ticks': 0, 'ticks_remaining': 1}
2023-12-12 21:08:41,329 : INFO : EventManager : Event: ======'player_medal_medal_countdown_timer_tick'====== Args={'value': 5, 'prev_value': 0, 'change': 5, 'player_num': 1}
2023-12-12 21:08:41,330 : INFO : Timer.medal_countdown_timer : Starting Timer.
2023-12-12 21:08:41,331 : INFO : EventManager : Event: ======'timer_medal_countdown_timer_started'====== Args={'ticks': 5, 'ticks_remaining': 5}
2023-12-12 21:08:41,331 : INFO : EventManager : Event: ======'timer_medal_countdown_timer_tick'====== Args={'ticks': 5, 'ticks_remaining': 5}
2023-12-12 21:08:42,348 : INFO : EventManager : Event: ======'player_medal_medal_countdown_timer_tick'====== Args={'value': 4, 'prev_value': 5, 'change': -1, 'player_num': 1}
2023-12-12 21:08:42,350 : INFO : EventManager : Event: ======'timer_medal_countdown_timer_tick'====== Args={'ticks': 4, 'ticks_remaining': 4}
2023-12-12 21:08:43,334 : INFO : EventManager : Event: ======'player_medal_medal_countdown_timer_tick'====== Args={'value': 3, 'prev_value': 4, 'change': -1, 'player_num': 1}
2023-12-12 21:08:43,336 : INFO : EventManager : Event: ======'timer_medal_countdown_timer_tick'====== Args={'ticks': 3, 'ticks_remaining': 3}
2023-12-12 21:08:44,348 : INFO : EventManager : Event: ======'player_medal_medal_countdown_timer_tick'====== Args={'value': 2, 'prev_value': 3, 'change': -1, 'player_num': 1}
2023-12-12 21:08:44,350 : INFO : EventManager : Event: ======'timer_medal_countdown_timer_tick'====== Args={'ticks': 2, 'ticks_remaining': 2}
2023-12-12 21:08:45,347 : INFO : EventManager : Event: ======'player_medal_medal_countdown_timer_tick'====== Args={'value': 1, 'prev_value': 2, 'change': -1, 'player_num': 1}
2023-12-12 21:08:45,349 : INFO : EventManager : Event: ======'timer_medal_countdown_timer_tick'====== Args={'ticks': 1, 'ticks_remaining': 1}
2023-12-12 21:08:46,330 : INFO : EventManager : Event: ======'player_medal_medal_countdown_timer_tick'====== Args={'value': 0, 'prev_value': 1, 'change': -1, 'player_num': 1}
2023-12-12 21:08:46,331 : INFO : Timer.medal_countdown_timer : Timer Complete
2023-12-12 21:08:46,332 : INFO : Timer.medal_countdown_timer : Stopping Timer
2023-12-12 21:08:46,332 : INFO : EventManager : Event: ======'timer_medal_countdown_timer_stopped'====== Args={'ticks': 0, 'ticks_remaining': 1}
2023-12-12 21:08:46,333 : INFO : EventManager : Event: ======'timer_medal_countdown_timer_complete'====== Args={'ticks': 0, 'ticks_remaining': 1}
2023-12-12 21:08:46,335 : INFO : EventManager : Event: ======'player_medal_medal_countdown_timer_tick'====== Args={'value': 5, 'prev_value': 0, 'change': 5, 'player_num': 1}
2023-12-12 21:08:46,336 : INFO : Timer.medal_countdown_timer : Starting Timer.
2023-12-12 21:08:46,336 : INFO : EventManager : Event: ======'timer_medal_countdown_timer_started'====== Args={'ticks': 5, 'ticks_remaining': 5}
2023-12-12 21:08:46,336 : INFO : EventManager : Event: ======'timer_medal_countdown_timer_tick'====== Args={'ticks': 5, 'ticks_remaining': 5}
2023-12-12 21:08:47,327 : INFO : EventManager : Event: ======'player_medal_medal_countdown_timer_tick'====== Args={'value': 4, 'prev_value': 5, 'change': -1, 'player_num': 1}
2023-12-12 21:08:47,329 : INFO : EventManager : Event: ======'timer_medal_countdown_timer_tick'====== Args={'ticks': 4, 'ticks_remaining': 4}
2023-12-12 21:08:48,342 : INFO : EventManager : Event: ======'player_medal_medal_countdown_timer_tick'====== Args={'value': 3, 'prev_value': 4, 'change': -1, 'player_num': 1}
2023-12-12 21:08:48,344 : INFO : EventManager : Event: ======'timer_medal_countdown_timer_tick'====== Args={'ticks': 3, 'ticks_remaining': 3}
2023-12-12 21:08:49,340 : INFO : EventManager : Event: ======'player_medal_medal_countdown_timer_tick'====== Args={'value': 2, 'prev_value': 3, 'change': -1, 'player_num': 1}
2023-12-12 21:08:49,342 : INFO : EventManager : Event: ======'timer_medal_countdown_timer_tick'====== Args={'ticks': 2, 'ticks_remaining': 2}
2023-12-12 21:08:50,340 : INFO : EventManager : Event: ======'player_medal_medal_countdown_timer_tick'====== Args={'value': 1, 'prev_value': 2, 'change': -1, 'player_num': 1}
2023-12-12 21:08:50,341 : INFO : EventManager : Event: ======'timer_medal_countdown_timer_tick'====== Args={'ticks': 1, 'ticks_remaining': 1}
2023-12-12 21:08:51,341 : INFO : EventManager : Event: ======'player_medal_medal_countdown_timer_tick'====== Args={'value': 0, 'prev_value': 1, 'change': -1, 'player_num': 1}
2023-12-12 21:08:51,343 : INFO : Timer.medal_countdown_timer : Timer Complete
2023-12-12 21:08:51,344 : INFO : Timer.medal_countdown_timer : Stopping Timer
2023-12-12 21:08:51,344 : INFO : EventManager : Event: ======'timer_medal_countdown_timer_stopped'====== Args={'ticks': 0, 'ticks_remaining': 1}
2023-12-12 21:08:51,345 : INFO : EventManager : Event: ======'timer_medal_countdown_timer_complete'====== Args={'ticks': 0, 'ticks_remaining': 1}
2023-12-12 21:08:51,347 : INFO : EventManager : Event: ======'player_medal_medal_countdown_timer_tick'====== Args={'value': 5, 'prev_value': 0, 'change': 5, 'player_num': 1}
2024-03-02 14:48:39,350 : INFO : Machine : Shutting down...
2024-03-02 14:48:39,350 : INFO : EventManager : Event: ======'shutdown'====== Args={}
