2023-02-16 22:04:13,117 : INFO : root : Loading config.
2023-02-16 22:04:13,449 : INFO : ConfigProcessor : Config spec file cache created: C:\Users\student\AppData\Local\Temp\config_spec.mpf_cache
2023-02-16 22:04:13,450 : INFO : YamlMultifileConfigLoader : Machine config file #1: config.yaml
2023-02-16 22:04:13,450 : INFO : ConfigProcessor : Loading config from file c:\users\student\mpfenv\lib\site-packages\mpf\mpfconfig.yaml.
2023-02-16 22:04:13,514 : INFO : ConfigProcessor : Loading config: c:\users\student\mpfenv\lib\site-packages\mpf\mpfconfig.yaml
2023-02-16 22:04:13,514 : INFO : ConfigProcessor : Loading config from file C:\Users\student\pinball\cobraPinTest1\config\config.yaml.
2023-02-16 22:04:13,547 : INFO : ConfigProcessor : Loading config: C:\Users\student\pinball\cobraPinTest1\config\config.yaml
2023-02-16 22:04:13,549 : INFO : ConfigProcessor : Config file cache created: C:\Users\student\AppData\Local\Temp\f1427cd4cbc9163bc2263f349f0fb463.mpf_cache
2023-02-16 22:04:13,618 : INFO : ConfigProcessor : Loading config from file c:\users\student\mpfenv\lib\site-packages\mpf\modes\attract\config\attract.yaml.
2023-02-16 22:04:13,620 : INFO : ConfigProcessor : Loading config: c:\users\student\mpfenv\lib\site-packages\mpf\modes\attract\config\attract.yaml
2023-02-16 22:04:13,620 : INFO : ConfigProcessor : Loading config from file C:\Users\student\pinball\cobraPinTest1\modes\attract\config\attract.yaml.
2023-02-16 22:04:13,621 : INFO : ConfigProcessor : Loading config: C:\Users\student\pinball\cobraPinTest1\modes\attract\config\attract.yaml
2023-02-16 22:04:13,622 : INFO : ConfigProcessor : Config file cache created: C:\Users\student\AppData\Local\Temp\32ed7ad340ce8029344f8b9ff63edc80.mpf_cache
2023-02-16 22:04:13,623 : INFO : ConfigProcessor : Loading config from file c:\users\student\mpfenv\lib\site-packages\mpf\modes\game\config\game.yaml.
2023-02-16 22:04:13,625 : INFO : ConfigProcessor : Loading config: c:\users\student\mpfenv\lib\site-packages\mpf\modes\game\config\game.yaml
2023-02-16 22:04:13,625 : INFO : ConfigProcessor : Config file cache created: C:\Users\student\AppData\Local\Temp\8696bd5a5a040ff67990be11cb4d3c0c.mpf_cache
2023-02-16 22:04:13,626 : INFO : ConfigProcessor : Loading config from file C:\Users\student\pinball\cobraPinTest1\modes\base\config\base.yaml.
2023-02-16 22:04:13,631 : INFO : ConfigProcessor : Loading config: C:\Users\student\pinball\cobraPinTest1\modes\base\config\base.yaml
2023-02-16 22:04:13,632 : INFO : ConfigProcessor : Config file cache created: C:\Users\student\AppData\Local\Temp\4675a535c8328a9c278c807d999ed109.mpf_cache
2023-02-16 22:04:13,633 : INFO : ConfigProcessor : Loading config from file C:\Users\student\pinball\cobraPinTest1\modes\reentry\config\reentry.yaml.
