2023-02-13 16:41:55,994 : INFO : root : Loading config.
2023-02-13 16:41:56,322 : INFO : ConfigProcessor : Config spec file cache created: C:\Users\student\AppData\Local\Temp\config_spec.mpf_cache
2023-02-13 16:41:56,322 : INFO : YamlMultifileConfigLoader : Machine config file #1: config.yaml
2023-02-13 16:41:56,322 : INFO : ConfigProcessor : Loading config from file c:\users\student\mpfenv\lib\site-packages\mpf\mpfconfig.yaml.
2023-02-13 16:41:56,401 : INFO : ConfigProcessor : Loading config: c:\users\student\mpfenv\lib\site-packages\mpf\mpfconfig.yaml
2023-02-13 16:41:56,401 : INFO : ConfigProcessor : Loading config from file C:\Users\student\pinball\cobraPinTest1\config\config.yaml.
2023-02-13 16:41:56,432 : INFO : ConfigProcessor : Loading config: C:\Users\student\pinball\cobraPinTest1\config\config.yaml
2023-02-13 16:41:56,432 : INFO : ConfigProcessor : Config file cache created: C:\Users\student\AppData\Local\Temp\f1427cd4cbc9163bc2263f349f0fb463.mpf_cache
2023-02-13 16:41:56,510 : INFO : ConfigProcessor : Loading config from file c:\users\student\mpfenv\lib\site-packages\mpf\modes\attract\config\attract.yaml.
2023-02-13 16:41:56,526 : INFO : ConfigProcessor : Loading config: c:\users\student\mpfenv\lib\site-packages\mpf\modes\attract\config\attract.yaml
2023-02-13 16:41:56,526 : INFO : ConfigProcessor : Loading config from file C:\Users\student\pinball\cobraPinTest1\modes\attract\config\attract.yaml.
2023-02-13 16:41:56,526 : INFO : ConfigProcessor : Loading config: C:\Users\student\pinball\cobraPinTest1\modes\attract\config\attract.yaml
2023-02-13 16:41:56,526 : INFO : ConfigProcessor : Config file cache created: C:\Users\student\AppData\Local\Temp\32ed7ad340ce8029344f8b9ff63edc80.mpf_cache
2023-02-13 16:41:56,526 : INFO : ConfigProcessor : Loading config from file c:\users\student\mpfenv\lib\site-packages\mpf\modes\game\config\game.yaml.
2023-02-13 16:41:56,526 : INFO : ConfigProcessor : Loading config: c:\users\student\mpfenv\lib\site-packages\mpf\modes\game\config\game.yaml
2023-02-13 16:41:56,526 : INFO : ConfigProcessor : Config file cache created: C:\Users\student\AppData\Local\Temp\8696bd5a5a040ff67990be11cb4d3c0c.mpf_cache
2023-02-13 16:41:56,526 : INFO : ConfigProcessor : Loading config from file C:\Users\student\pinball\cobraPinTest1\modes\base\config\base.yaml.
2023-02-13 16:41:56,541 : INFO : ConfigProcessor : Loading config: C:\Users\student\pinball\cobraPinTest1\modes\base\config\base.yaml
2023-02-13 16:41:56,541 : INFO : ConfigProcessor : Config file cache created: C:\Users\student\AppData\Local\Temp\4675a535c8328a9c278c807d999ed109.mpf_cache
2023-02-13 16:41:56,541 : INFO : ConfigProcessor : Loading config from file C:\Users\student\pinball\cobraPinTest1\modes\mode2\config\mode2.yaml.
2023-02-13 16:41:56,541 : INFO : ConfigProcessor : Loading config: C:\Users\student\pinball\cobraPinTest1\modes\mode2\config\mode2.yaml
2023-02-13 16:41:56,541 : INFO : ConfigProcessor : Config file cache created: C:\Users\student\AppData\Local\Temp\9525b8ae9fe847ba6c98fe60136d147b.mpf_cache
2023-02-13 16:41:56,541 : INFO : ConfigProcessor : Loading config from file C:\Users\student\pinball\cobraPinTest1\modes\attract\shows\.\attract_display_loop.yaml.
2023-02-13 16:41:56,557 : INFO : ConfigProcessor : Loading config: C:\Users\student\pinball\cobraPinTest1\modes\attract\shows\.\attract_display_loop.yaml
2023-02-13 16:41:56,557 : INFO : ConfigProcessor : Config file cache created: C:\Users\student\AppData\Local\Temp\f8d2c2cf3ea01f085365ea23fa51a701.mpf_cache
2023-02-13 16:41:56,557 : INFO : ConfigProcessor : Loading config from file C:\Users\student\pinball\cobraPinTest1\modes\attract\shows\.\attract_light_show.yaml.
2023-02-13 16:41:56,572 : INFO : ConfigProcessor : Loading config: C:\Users\student\pinball\cobraPinTest1\modes\attract\shows\.\attract_light_show.yaml
2023-02-13 16:41:56,572 : INFO : ConfigProcessor : Config file cache created: C:\Users\student\AppData\Local\Temp\30bd992f4b62a9b099207aebeb59554c.mpf_cache
2023-02-13 16:41:56,572 : INFO : Machine : Mission Pinball Framework Core Engine v0.55.0
2023-02-13 16:41:56,572 : INFO : Machine : Command line arguments: {'no_load_cache': True, 'create_config_cache': True, 'bcp': True, 'configfile': ['config.yaml'], 'force_assets_load': False, 'jsonlogging': False, 'logfile': 'logs\\2023-02-13-16-41-55-mpf-DESKTOP-0JH7ARL.log', 'pause': False, 'production': False, 'text_ui': True, 'loglevel': 15, 'consoleloglevel': 20, 'force_platform': None, 'syslog_address': None, 'mc_file_name': None, 'no_sound': False}
2023-02-13 16:41:56,572 : INFO : Machine : MPF path: c:\users\student\mpfenv\lib\site-packages\mpf
2023-02-13 16:41:56,572 : INFO : Machine : Machine path: C:\Users\student\pinball\cobraPinTest1
2023-02-13 16:41:56,572 : INFO : Machine : Platform: win32
2023-02-13 16:41:56,572 : INFO : Machine : Python executable location: c:\users\student\mpfenv\scripts\python.exe
2023-02-13 16:41:56,572 : INFO : Machine : Python version: 3.7.8 (64-bit)
2023-02-13 16:41:56,572 : INFO : Machine : Initialise MPF.
2023-02-13 16:41:56,875 : INFO : OPP : Connecting to com4 at 115200bps
2023-02-13 16:41:57,061 : INFO : OPP : Init of OPP board 0 done
2023-02-13 16:41:57,061 : INFO : OPP : Connecting to com5 at 115200bps
2023-02-13 16:41:57,171 : INFO : OPP : Init of OPP board 1 done
2023-02-13 16:41:57,171 : INFO : EventManager : Event: ======'machine_var_credits_string'====== Args={'value': 'FREE PLAY', 'prev_value': None, 'change': True}
2023-02-13 16:41:57,237 : INFO : EventManager : Event: ======'machine_var_master_volume'====== Args={'value': 0.5, 'prev_value': None, 'change': True}
2023-02-13 16:41:57,237 : INFO : EventManager : Event: ======'machine_var_player1_score'====== Args={'value': 1500, 'prev_value': None, 'change': True}
2023-02-13 16:41:57,237 : INFO : EventManager : Event: ======'machine_var_mpf_version'====== Args={'value': 'MPF v0.55.0', 'prev_value': None, 'change': True}
2023-02-13 16:41:57,237 : INFO : EventManager : Event: ======'machine_var_mpf_extended_version'====== Args={'value': 'MPF v0.55.0, Config version:5, Show version: 5, BCP version:1.1', 'prev_value': None, 'change': True}
2023-02-13 16:41:57,237 : INFO : EventManager : Event: ======'machine_var_python_version'====== Args={'value': '3.7.8', 'prev_value': None, 'change': True}
2023-02-13 16:41:57,238 : INFO : EventManager : Event: ======'machine_var_platform'====== Args={'value': 'Windows-10-10.0.19041-SP0', 'prev_value': None, 'change': True}
2023-02-13 16:41:57,238 : INFO : EventManager : Event: ======'machine_var_platform_system'====== Args={'value': 'Windows', 'prev_value': None, 'change': True}
2023-02-13 16:41:57,238 : INFO : EventManager : Event: ======'machine_var_platform_release'====== Args={'value': '10', 'prev_value': None, 'change': True}
2023-02-13 16:41:57,238 : INFO : EventManager : Event: ======'machine_var_platform_version'====== Args={'value': '10.0.19041', 'prev_value': None, 'change': True}
2023-02-13 16:41:57,238 : INFO : EventManager : Event: ======'machine_var_platform_machine'====== Args={'value': 'AMD64', 'prev_value': None, 'change': True}
2023-02-13 16:41:57,238 : INFO : EventManager : Event: ======'init_phase_1'====== Args={}
2023-02-13 16:41:57,252 : INFO : EventManager : Event: ======'logicblock_reentry_switch_counter_updated'====== Args={'value': 0, 'enabled': True}
2023-02-13 16:41:57,252 : INFO : EventManager : Event: ======'logicblock_reentry_switch_counter_updated'====== Args={'value': 0, 'enabled': True}
2023-02-13 16:41:57,258 : INFO : EventManager : Event: ======'init_phase_2'====== Args={}
2023-02-13 16:41:57,258 : INFO : SwitchController : Found active switch: ('0-0-8', <Platform.OPP>) <switch.s_trough1>
2023-02-13 16:41:57,261 : INFO : EventManager : Event: ======'bcp_connection_attempt'====== Args={'name': 'local_display', 'host': 'localhost', 'port': 5050}
2023-02-13 16:41:57,262 : INFO : BCPClientSocket : Connecting BCP to 'local_display' at localhost:5050...
2023-02-13 16:42:00,322 : INFO : BCPClientSocket : Connected BCP to 'local_display' localhost:5050
2023-02-13 16:42:00,323 : INFO : EventManager : Event: ======'bcp_clients_connected'====== Args={}
2023-02-13 16:42:00,331 : INFO : ball_device.bd_trough : BCH: Initial count: 1
2023-02-13 16:42:00,331 : INFO : EventManager : Event: ======'machine_var_mc_version'====== Args={'value': 'MPF-MC v0.55.0', 'prev_value': None, 'change': True}
2023-02-13 16:42:00,331 : INFO : EventManager : Event: ======'machine_var_mc_extended_version'====== Args={'value': 'MPF-MC v0.55.0 (config_version=5, BCP v1.1, Requires MPF v0.55.0-dev.49)', 'prev_value': None, 'change': True}
2023-02-13 16:42:00,333 : INFO : ball_device.bd_trough : State: idle
2023-02-13 16:42:00,346 : INFO : ball_device.bd_plunger : BCH: Initial count: 0
2023-02-13 16:42:00,347 : INFO : ball_device.bd_plunger : State: idle
2023-02-13 16:42:00,427 : INFO : EventManager : Event: ======'init_phase_3'====== Args={}
2023-02-13 16:42:00,430 : INFO : EventManager : Event: ======'init_phase_4'====== Args={}
2023-02-13 16:42:00,431 : INFO : BallController : Initial balls found: 1
2023-02-13 16:42:00,432 : INFO : EventManager : Event: ======'machine_var_audits_events_game_ended'====== Args={'value': 0, 'prev_value': None, 'change': True}
2023-02-13 16:42:00,433 : INFO : EventManager : Event: ======'machine_var_audits_events_game_started'====== Args={'value': 0, 'prev_value': None, 'change': True}
2023-02-13 16:42:00,433 : INFO : EventManager : Event: ======'machine_var_audits_player_score'====== Args={'value': {'average': 1800.0, 'top': [2000, 1900, 1500], 'total': 3}, 'prev_value': None, 'change': True}
2023-02-13 16:42:00,433 : INFO : EventManager : Event: ======'machine_var_audits_shots_my_first_shot'====== Args={'value': 88, 'prev_value': None, 'change': True}
2023-02-13 16:42:00,433 : INFO : EventManager : Event: ======'machine_var_audits_shots_my_first_shot_mode2'====== Args={'value': 62, 'prev_value': None, 'change': True}
2023-02-13 16:42:00,434 : INFO : EventManager : Event: ======'machine_var_audits_switches_s_blackhole_kicker'====== Args={'value': 0, 'prev_value': None, 'change': True}
2023-02-13 16:42:00,434 : INFO : EventManager : Event: ======'machine_var_audits_switches_s_bonus_lane'====== Args={'value': 0, 'prev_value': None, 'change': True}
2023-02-13 16:42:00,434 : INFO : EventManager : Event: ======'machine_var_audits_switches_s_booster_drop_target_1'====== Args={'value': 0, 'prev_value': None, 'change': True}
2023-02-13 16:42:00,434 : INFO : EventManager : Event: ======'machine_var_audits_switches_s_booster_drop_target_2'====== Args={'value': 0, 'prev_value': None, 'change': True}
2023-02-13 16:42:00,434 : INFO : EventManager : Event: ======'machine_var_audits_switches_s_booster_drop_target_3'====== Args={'value': 0, 'prev_value': None, 'change': True}
2023-02-13 16:42:00,435 : INFO : EventManager : Event: ======'machine_var_audits_switches_s_comet_spot_1'====== Args={'value': 0, 'prev_value': None, 'change': True}
2023-02-13 16:42:00,435 : INFO : EventManager : Event: ======'machine_var_audits_switches_s_comet_spot_2'====== Args={'value': 0, 'prev_value': None, 'change': True}
2023-02-13 16:42:00,435 : INFO : EventManager : Event: ======'machine_var_audits_switches_s_comet_spot_3'====== Args={'value': 0, 'prev_value': None, 'change': True}
2023-02-13 16:42:00,435 : INFO : EventManager : Event: ======'machine_var_audits_switches_s_engine_bumper_1'====== Args={'value': 0, 'prev_value': None, 'change': True}
2023-02-13 16:42:00,436 : INFO : EventManager : Event: ======'machine_var_audits_switches_s_engine_bumper_2'====== Args={'value': 0, 'prev_value': None, 'change': True}
2023-02-13 16:42:00,436 : INFO : EventManager : Event: ======'machine_var_audits_switches_s_engine_bumper_3'====== Args={'value': 0, 'prev_value': None, 'change': True}
2023-02-13 16:42:00,436 : INFO : EventManager : Event: ======'machine_var_audits_switches_s_fuel_chute_1'====== Args={'value': 0, 'prev_value': None, 'change': True}
2023-02-13 16:42:00,436 : INFO : EventManager : Event: ======'machine_var_audits_switches_s_fuel_chute_2'====== Args={'value': 0, 'prev_value': None, 'change': True}
2023-02-13 16:42:00,436 : INFO : EventManager : Event: ======'machine_var_audits_switches_s_fuel_chute_3'====== Args={'value': 0, 'prev_value': None, 'change': True}
2023-02-13 16:42:00,437 : INFO : EventManager : Event: ======'machine_var_audits_switches_s_fuel_chute_4'====== Args={'value': 0, 'prev_value': None, 'change': True}
2023-02-13 16:42:00,437 : INFO : EventManager : Event: ======'machine_var_audits_switches_s_fuel_chute_5'====== Args={'value': 0, 'prev_value': None, 'change': True}
2023-02-13 16:42:00,437 : INFO : EventManager : Event: ======'machine_var_audits_switches_s_fuel_chute_6'====== Args={'value': 0, 'prev_value': None, 'change': True}
2023-02-13 16:42:00,437 : INFO : EventManager : Event: ======'machine_var_audits_switches_s_fuel_flag'====== Args={'value': 0, 'prev_value': None, 'change': True}
2023-02-13 16:42:00,438 : INFO : EventManager : Event: ======'machine_var_audits_switches_s_fuel_spot_1'====== Args={'value': 0, 'prev_value': None, 'change': True}
2023-02-13 16:42:00,438 : INFO : EventManager : Event: ======'machine_var_audits_switches_s_fuel_spot_2'====== Args={'value': 0, 'prev_value': None, 'change': True}
2023-02-13 16:42:00,438 : INFO : EventManager : Event: ======'machine_var_audits_switches_s_fuel_spot_3'====== Args={'value': 0, 'prev_value': None, 'change': True}
2023-02-13 16:42:00,438 : INFO : EventManager : Event: ======'machine_var_audits_switches_s_green_wormhole'====== Args={'value': 0, 'prev_value': None, 'change': True}
2023-02-13 16:42:00,439 : INFO : EventManager : Event: ======'machine_var_audits_switches_s_hyperspace_flag'====== Args={'value': 0, 'prev_value': None, 'change': True}
2023-02-13 16:42:00,439 : INFO : EventManager : Event: ======'machine_var_audits_switches_s_hyperspacekicker'====== Args={'value': 0, 'prev_value': None, 'change': True}
2023-02-13 16:42:00,439 : INFO : EventManager : Event: ======'machine_var_audits_switches_s_launch_lane_1'====== Args={'value': 0, 'prev_value': None, 'change': True}
2023-02-13 16:42:00,439 : INFO : EventManager : Event: ======'machine_var_audits_switches_s_launch_lane_2'====== Args={'value': 0, 'prev_value': None, 'change': True}
2023-02-13 16:42:00,440 : INFO : EventManager : Event: ======'machine_var_audits_switches_s_launch_lane_3'====== Args={'value': 0, 'prev_value': None, 'change': True}
2023-02-13 16:42:00,440 : INFO : EventManager : Event: ======'machine_var_audits_switches_s_launch_ramp'====== Args={'value': 0, 'prev_value': None, 'change': True}
2023-02-13 16:42:00,440 : INFO : EventManager : Event: ======'machine_var_audits_switches_s_left_attack_bumper'====== Args={'value': 0, 'prev_value': None, 'change': True}
2023-02-13 16:42:00,441 : INFO : EventManager : Event: ======'machine_var_audits_switches_s_left_flipper'====== Args={'value': 442, 'prev_value': None, 'change': True}
2023-02-13 16:42:00,441 : INFO : EventManager : Event: ======'machine_var_audits_switches_s_left_out_lane'====== Args={'value': 0, 'prev_value': None, 'change': True}
2023-02-13 16:42:00,441 : INFO : EventManager : Event: ======'machine_var_audits_switches_s_left_out_lane_kicker'====== Args={'value': 0, 'prev_value': None, 'change': True}
2023-02-13 16:42:00,441 : INFO : EventManager : Event: ======'machine_var_audits_switches_s_left_return_lane'====== Args={'value': 0, 'prev_value': None, 'change': True}
2023-02-13 16:42:00,442 : INFO : EventManager : Event: ======'machine_var_audits_switches_s_lower_attack_bumper'====== Args={'value': 0, 'prev_value': None, 'change': True}
2023-02-13 16:42:00,442 : INFO : EventManager : Event: ======'machine_var_audits_switches_s_lower_left_rebound'====== Args={'value': 0, 'prev_value': None, 'change': True}
2023-02-13 16:42:00,442 : INFO : EventManager : Event: ======'machine_var_audits_switches_s_lower_left_slingshot'====== Args={'value': 0, 'prev_value': None, 'change': True}
2023-02-13 16:42:00,442 : INFO : EventManager : Event: ======'machine_var_audits_switches_s_lower_right_rebound'====== Args={'value': 0, 'prev_value': None, 'change': True}
2023-02-13 16:42:00,443 : INFO : EventManager : Event: ======'machine_var_audits_switches_s_lower_right_slingshot'====== Args={'value': 0, 'prev_value': None, 'change': True}
2023-02-13 16:42:00,443 : INFO : EventManager : Event: ======'machine_var_audits_switches_s_medal_drop_left'====== Args={'value': 0, 'prev_value': None, 'change': True}
2023-02-13 16:42:00,443 : INFO : EventManager : Event: ======'machine_var_audits_switches_s_medal_drop_middle'====== Args={'value': 0, 'prev_value': None, 'change': True}
2023-02-13 16:42:00,443 : INFO : EventManager : Event: ======'machine_var_audits_switches_s_medal_drop_right'====== Args={'value': 0, 'prev_value': None, 'change': True}
2023-02-13 16:42:00,444 : INFO : EventManager : Event: ======'machine_var_audits_switches_s_mission_spot_1'====== Args={'value': 0, 'prev_value': None, 'change': True}
2023-02-13 16:42:00,444 : INFO : EventManager : Event: ======'machine_var_audits_switches_s_mission_spot_2'====== Args={'value': 0, 'prev_value': None, 'change': True}
2023-02-13 16:42:00,445 : INFO : EventManager : Event: ======'machine_var_audits_switches_s_mission_spot_3'====== Args={'value': 0, 'prev_value': None, 'change': True}
2023-02-13 16:42:00,445 : INFO : EventManager : Event: ======'machine_var_audits_switches_s_multiplier_left'====== Args={'value': 0, 'prev_value': None, 'change': True}
2023-02-13 16:42:00,446 : INFO : EventManager : Event: ======'machine_var_audits_switches_s_multiplier_middle'====== Args={'value': 0, 'prev_value': None, 'change': True}
2023-02-13 16:42:00,446 : INFO : EventManager : Event: ======'machine_var_audits_switches_s_multiplier_right'====== Args={'value': 0, 'prev_value': None, 'change': True}
2023-02-13 16:42:00,447 : INFO : EventManager : Event: ======'machine_var_audits_switches_s_plunger'====== Args={'value': 59, 'prev_value': None, 'change': True}
2023-02-13 16:42:00,447 : INFO : EventManager : Event: ======'machine_var_audits_switches_s_radiationspot_1'====== Args={'value': 0, 'prev_value': None, 'change': True}
2023-02-13 16:42:00,448 : INFO : EventManager : Event: ======'machine_var_audits_switches_s_radiationspot_2'====== Args={'value': 0, 'prev_value': None, 'change': True}
2023-02-13 16:42:00,448 : INFO : EventManager : Event: ======'machine_var_audits_switches_s_radiationspot_3'====== Args={'value': 0, 'prev_value': None, 'change': True}
2023-02-13 16:42:00,448 : INFO : EventManager : Event: ======'machine_var_audits_switches_s_red_wormhole'====== Args={'value': 0, 'prev_value': None, 'change': True}
2023-02-13 16:42:00,449 : INFO : EventManager : Event: ======'machine_var_audits_switches_s_reentry_left'====== Args={'value': 297, 'prev_value': None, 'change': True}
2023-02-13 16:42:00,449 : INFO : EventManager : Event: ======'machine_var_audits_switches_s_reentry_middle'====== Args={'value': 50, 'prev_value': None, 'change': True}
2023-02-13 16:42:00,450 : INFO : EventManager : Event: ======'machine_var_audits_switches_s_reentry_right'====== Args={'value': 37, 'prev_value': None, 'change': True}
2023-02-13 16:42:00,450 : INFO : EventManager : Event: ======'machine_var_audits_switches_s_right_flipper'====== Args={'value': 167, 'prev_value': None, 'change': True}
2023-02-13 16:42:00,451 : INFO : EventManager : Event: ======'machine_var_audits_switches_s_right_inlane'====== Args={'value': 0, 'prev_value': None, 'change': True}
2023-02-13 16:42:00,451 : INFO : EventManager : Event: ======'machine_var_audits_switches_s_right_out_lane'====== Args={'value': 0, 'prev_value': None, 'change': True}
2023-02-13 16:42:00,452 : INFO : EventManager : Event: ======'machine_var_audits_switches_s_right_out_lane_kicker'====== Args={'value': 0, 'prev_value': None, 'change': True}
2023-02-13 16:42:00,452 : INFO : EventManager : Event: ======'machine_var_audits_switches_s_right_return_lane'====== Args={'value': 0, 'prev_value': None, 'change': True}
2023-02-13 16:42:00,453 : INFO : EventManager : Event: ======'machine_var_audits_switches_s_satellite_bumper'====== Args={'value': 0, 'prev_value': None, 'change': True}
2023-02-13 16:42:00,453 : INFO : EventManager : Event: ======'machine_var_audits_switches_s_secondary_outlane_kicker'====== Args={'value': 0, 'prev_value': None, 'change': True}
2023-02-13 16:42:00,453 : INFO : EventManager : Event: ======'machine_var_audits_switches_s_skill_shot_1'====== Args={'value': 0, 'prev_value': None, 'change': True}
2023-02-13 16:42:00,454 : INFO : EventManager : Event: ======'machine_var_audits_switches_s_skill_shot_2'====== Args={'value': 0, 'prev_value': None, 'change': True}
2023-02-13 16:42:00,454 : INFO : EventManager : Event: ======'machine_var_audits_switches_s_skill_shot_3'====== Args={'value': 0, 'prev_value': None, 'change': True}
2023-02-13 16:42:00,455 : INFO : EventManager : Event: ======'machine_var_audits_switches_s_skill_shot_4'====== Args={'value': 0, 'prev_value': None, 'change': True}
2023-02-13 16:42:00,455 : INFO : EventManager : Event: ======'machine_var_audits_switches_s_skill_shot_5'====== Args={'value': 0, 'prev_value': None, 'change': True}
2023-02-13 16:42:00,456 : INFO : EventManager : Event: ======'machine_var_audits_switches_s_skill_shot_6'====== Args={'value': 0, 'prev_value': None, 'change': True}
2023-02-13 16:42:00,456 : INFO : EventManager : Event: ======'machine_var_audits_switches_s_skill_shot_lane'====== Args={'value': 0, 'prev_value': None, 'change': True}
2023-02-13 16:42:00,457 : INFO : EventManager : Event: ======'machine_var_audits_switches_s_spacewarp_rollover'====== Args={'value': 0, 'prev_value': None, 'change': True}
2023-02-13 16:42:00,457 : INFO : EventManager : Event: ======'machine_var_audits_switches_s_start'====== Args={'value': 1, 'prev_value': None, 'change': True}
2023-02-13 16:42:00,457 : INFO : EventManager : Event: ======'machine_var_audits_switches_s_trough1'====== Args={'value': 27, 'prev_value': None, 'change': True}
2023-02-13 16:42:00,458 : INFO : EventManager : Event: ======'machine_var_audits_switches_s_trough2'====== Args={'value': 0, 'prev_value': None, 'change': True}
2023-02-13 16:42:00,458 : INFO : EventManager : Event: ======'machine_var_audits_switches_s_trough3'====== Args={'value': 0, 'prev_value': None, 'change': True}
2023-02-13 16:42:00,458 : INFO : EventManager : Event: ======'machine_var_audits_switches_s_trough4'====== Args={'value': 0, 'prev_value': None, 'change': True}
2023-02-13 16:42:00,459 : INFO : EventManager : Event: ======'machine_var_audits_switches_s_trough5'====== Args={'value': 0, 'prev_value': None, 'change': True}
2023-02-13 16:42:00,459 : INFO : EventManager : Event: ======'machine_var_audits_switches_s_trough6'====== Args={'value': 0, 'prev_value': None, 'change': True}
2023-02-13 16:42:00,459 : INFO : EventManager : Event: ======'machine_var_audits_switches_s_trough_jam'====== Args={'value': 0, 'prev_value': None, 'change': True}
2023-02-13 16:42:00,460 : INFO : EventManager : Event: ======'machine_var_audits_switches_s_upper_attack_bumper'====== Args={'value': 0, 'prev_value': None, 'change': True}
2023-02-13 16:42:00,460 : INFO : EventManager : Event: ======'machine_var_audits_switches_s_upper_left_rebound'====== Args={'value': 0, 'prev_value': None, 'change': True}
2023-02-13 16:42:00,460 : INFO : EventManager : Event: ======'machine_var_audits_switches_s_upper_right_rebound'====== Args={'value': 0, 'prev_value': None, 'change': True}
2023-02-13 16:42:00,461 : INFO : EventManager : Event: ======'machine_var_audits_switches_s_wormhole_target'====== Args={'value': 0, 'prev_value': None, 'change': True}
2023-02-13 16:42:00,461 : INFO : EventManager : Event: ======'machine_var_audits_switches_s_yellow_wormhole'====== Args={'value': 0, 'prev_value': None, 'change': True}
2023-02-13 16:42:00,462 : INFO : EventManager : Event: ======'init_phase_5'====== Args={}
2023-02-13 16:42:00,475 : INFO : EventManager : Event: ======'init_done'====== Args={}
2023-02-13 16:42:00,476 : INFO : EventManager : Event: ======'machine_reset_phase_1'====== Args={}
2023-02-13 16:42:00,489 : INFO : EventManager : Event: ======'slide_welcome_slide_removed'====== Args={'_from_bcp': True}
2023-02-13 16:42:00,493 : INFO : EventManager : Event: ======'slide_welcome_slide_created'====== Args={'_from_bcp': True}
2023-02-13 16:42:00,493 : INFO : EventManager : Event: ======'slide_welcome_slide_active'====== Args={'_from_bcp': True}
2023-02-13 16:42:00,494 : INFO : EventManager : Event: ======'machine_reset_phase_2'====== Args={}
2023-02-13 16:42:00,494 : INFO : EventManager : Event: ======'machine_reset_phase_3'====== Args={}
2023-02-13 16:42:00,495 : INFO : EventManager : Event: ======'reset_complete'====== Args={}
2023-02-13 16:42:00,496 : INFO : EventManager : Event: ======'mode_attract_will_start'====== Args={}
2023-02-13 16:42:00,496 : INFO : EventManager : Event: ======'mode_attract_starting'====== Args={}
2023-02-13 16:42:00,496 : INFO : Mode.attract : Started. Priority: 10
2023-02-13 16:42:00,496 : INFO : EventManager : Event: ======'modes_active_modes_changed'====== Args={}
2023-02-13 16:42:00,496 : INFO : EventManager : Event: ======'mode_attract_started'====== Args={}
2023-02-13 16:42:00,497 : INFO : EventManager : Event: ======'collecting_balls_complete'====== Args={}
2023-02-13 16:42:00,517 : INFO : EventManager : Event: ======'slide_awesome_slide_created'====== Args={'_from_bcp': True}
2023-02-13 16:42:00,517 : INFO : EventManager : Event: ======'slide_awesome_slide_active'====== Args={'_from_bcp': True}
2023-02-13 16:42:00,518 : INFO : Machine : Starting the main run loop.
2023-02-13 16:42:03,513 : INFO : EventManager : Event: ======'slide_press_start_created'====== Args={'_from_bcp': True}
2023-02-13 16:42:03,518 : INFO : EventManager : Event: ======'slide_press_start_active'====== Args={'_from_bcp': True}
2023-02-13 16:42:06,501 : INFO : EventManager : Event: ======'slide_mission_pinball_created'====== Args={'_from_bcp': True}
2023-02-13 16:42:06,504 : INFO : EventManager : Event: ======'slide_mission_pinball_active'====== Args={'_from_bcp': True}
2023-02-13 16:42:09,492 : INFO : EventManager : Event: ======'slide_last_game_score_slide_created'====== Args={'_from_bcp': True}
2023-02-13 16:42:09,492 : INFO : EventManager : Event: ======'slide_last_game_score_slide_active'====== Args={'_from_bcp': True}
2023-02-13 16:42:12,490 : INFO : EventManager : Event: ======'slide_awesome_slide_removed'====== Args={'_from_bcp': True}
2023-02-13 16:42:12,500 : INFO : EventManager : Event: ======'slide_awesome_slide_created'====== Args={'_from_bcp': True}
2023-02-13 16:42:12,500 : INFO : EventManager : Event: ======'slide_awesome_slide_active'====== Args={'_from_bcp': True}
2023-02-13 16:42:15,482 : INFO : EventManager : Event: ======'slide_press_start_removed'====== Args={'_from_bcp': True}
2023-02-13 16:42:15,484 : INFO : EventManager : Event: ======'slide_press_start_created'====== Args={'_from_bcp': True}
2023-02-13 16:42:15,489 : INFO : EventManager : Event: ======'slide_press_start_active'====== Args={'_from_bcp': True}
2023-02-13 16:42:17,962 : INFO : BcpServer : New client connected.
2023-02-13 16:42:18,495 : INFO : EventManager : Event: ======'slide_mission_pinball_removed'====== Args={'_from_bcp': True}
2023-02-13 16:42:18,500 : INFO : EventManager : Event: ======'slide_mission_pinball_created'====== Args={'_from_bcp': True}
2023-02-13 16:42:18,503 : INFO : EventManager : Event: ======'slide_mission_pinball_active'====== Args={'_from_bcp': True}
2023-02-13 16:42:21,486 : INFO : EventManager : Event: ======'slide_last_game_score_slide_removed'====== Args={'_from_bcp': True}
2023-02-13 16:42:21,494 : INFO : EventManager : Event: ======'slide_last_game_score_slide_created'====== Args={'_from_bcp': True}
2023-02-13 16:42:21,498 : INFO : EventManager : Event: ======'slide_last_game_score_slide_active'====== Args={'_from_bcp': True}
2023-02-13 16:42:24,483 : INFO : EventManager : Event: ======'slide_awesome_slide_removed'====== Args={'_from_bcp': True}
2023-02-13 16:42:24,485 : INFO : EventManager : Event: ======'slide_awesome_slide_created'====== Args={'_from_bcp': True}
2023-02-13 16:42:24,487 : INFO : EventManager : Event: ======'slide_awesome_slide_active'====== Args={'_from_bcp': True}
2023-02-13 16:42:27,479 : INFO : EventManager : Event: ======'slide_press_start_removed'====== Args={'_from_bcp': True}
2023-02-13 16:42:27,490 : INFO : EventManager : Event: ======'slide_press_start_created'====== Args={'_from_bcp': True}
2023-02-13 16:42:27,493 : INFO : EventManager : Event: ======'slide_press_start_active'====== Args={'_from_bcp': True}
2023-02-13 16:42:30,475 : INFO : EventManager : Event: ======'slide_mission_pinball_removed'====== Args={'_from_bcp': True}
2023-02-13 16:42:30,476 : INFO : EventManager : Event: ======'slide_mission_pinball_created'====== Args={'_from_bcp': True}
2023-02-13 16:42:30,479 : INFO : EventManager : Event: ======'slide_mission_pinball_active'====== Args={'_from_bcp': True}
2023-02-13 16:42:33,500 : INFO : EventManager : Event: ======'slide_last_game_score_slide_removed'====== Args={'_from_bcp': True}
2023-02-13 16:42:33,502 : INFO : EventManager : Event: ======'slide_last_game_score_slide_created'====== Args={'_from_bcp': True}
2023-02-13 16:42:33,503 : INFO : EventManager : Event: ======'slide_last_game_score_slide_active'====== Args={'_from_bcp': True}
2023-02-13 16:42:36,482 : INFO : EventManager : Event: ======'slide_awesome_slide_removed'====== Args={'_from_bcp': True}
2023-02-13 16:42:36,485 : INFO : EventManager : Event: ======'slide_awesome_slide_created'====== Args={'_from_bcp': True}
2023-02-13 16:42:36,485 : INFO : EventManager : Event: ======'slide_awesome_slide_active'====== Args={'_from_bcp': True}
2023-02-13 16:42:39,494 : INFO : EventManager : Event: ======'slide_press_start_removed'====== Args={'_from_bcp': True}
2023-02-13 16:42:39,499 : INFO : EventManager : Event: ======'slide_press_start_created'====== Args={'_from_bcp': True}
2023-02-13 16:42:39,500 : INFO : EventManager : Event: ======'slide_press_start_active'====== Args={'_from_bcp': True}
2023-02-13 16:42:42,487 : INFO : EventManager : Event: ======'slide_mission_pinball_removed'====== Args={'_from_bcp': True}
2023-02-13 16:42:42,489 : INFO : EventManager : Event: ======'slide_mission_pinball_created'====== Args={'_from_bcp': True}
2023-02-13 16:42:42,489 : INFO : EventManager : Event: ======'slide_mission_pinball_active'====== Args={'_from_bcp': True}
2023-02-13 16:42:45,484 : INFO : EventManager : Event: ======'slide_last_game_score_slide_removed'====== Args={'_from_bcp': True}
2023-02-13 16:42:45,488 : INFO : EventManager : Event: ======'slide_last_game_score_slide_created'====== Args={'_from_bcp': True}
2023-02-13 16:42:45,488 : INFO : EventManager : Event: ======'slide_last_game_score_slide_active'====== Args={'_from_bcp': True}
2023-02-13 16:42:48,597 : INFO : EventManager : Event: ======'slide_awesome_slide_removed'====== Args={'_from_bcp': True}
2023-02-13 16:42:48,598 : INFO : EventManager : Event: ======'slide_awesome_slide_created'====== Args={'_from_bcp': True}
2023-02-13 16:42:48,598 : INFO : EventManager : Event: ======'slide_awesome_slide_active'====== Args={'_from_bcp': True}
2023-02-13 16:42:51,490 : INFO : EventManager : Event: ======'slide_press_start_removed'====== Args={'_from_bcp': True}
2023-02-13 16:42:51,492 : INFO : EventManager : Event: ======'slide_press_start_created'====== Args={'_from_bcp': True}
2023-02-13 16:42:51,495 : INFO : EventManager : Event: ======'slide_press_start_active'====== Args={'_from_bcp': True}
2023-02-13 16:42:54,497 : INFO : EventManager : Event: ======'slide_mission_pinball_removed'====== Args={'_from_bcp': True}
2023-02-13 16:42:54,499 : INFO : EventManager : Event: ======'slide_mission_pinball_created'====== Args={'_from_bcp': True}
2023-02-13 16:42:54,500 : INFO : EventManager : Event: ======'slide_mission_pinball_active'====== Args={'_from_bcp': True}
2023-02-13 16:42:57,485 : INFO : EventManager : Event: ======'slide_last_game_score_slide_removed'====== Args={'_from_bcp': True}
2023-02-13 16:42:57,490 : INFO : EventManager : Event: ======'slide_last_game_score_slide_created'====== Args={'_from_bcp': True}
2023-02-13 16:42:57,491 : INFO : EventManager : Event: ======'slide_last_game_score_slide_active'====== Args={'_from_bcp': True}
2023-02-13 16:43:00,475 : INFO : EventManager : Event: ======'slide_awesome_slide_removed'====== Args={'_from_bcp': True}
2023-02-13 16:43:00,478 : INFO : EventManager : Event: ======'slide_awesome_slide_created'====== Args={'_from_bcp': True}
2023-02-13 16:43:00,478 : INFO : EventManager : Event: ======'slide_awesome_slide_active'====== Args={'_from_bcp': True}
2023-02-13 16:43:03,485 : INFO : EventManager : Event: ======'slide_press_start_removed'====== Args={'_from_bcp': True}
2023-02-13 16:43:03,490 : INFO : EventManager : Event: ======'slide_press_start_created'====== Args={'_from_bcp': True}
2023-02-13 16:43:03,494 : INFO : EventManager : Event: ======'slide_press_start_active'====== Args={'_from_bcp': True}
2023-02-13 16:43:06,477 : INFO : EventManager : Event: ======'slide_mission_pinball_removed'====== Args={'_from_bcp': True}
2023-02-13 16:43:06,478 : INFO : EventManager : Event: ======'slide_mission_pinball_created'====== Args={'_from_bcp': True}
2023-02-13 16:43:06,480 : INFO : EventManager : Event: ======'slide_mission_pinball_active'====== Args={'_from_bcp': True}
2023-02-13 16:43:09,478 : INFO : EventManager : Event: ======'slide_last_game_score_slide_removed'====== Args={'_from_bcp': True}
2023-02-13 16:43:09,481 : INFO : EventManager : Event: ======'slide_last_game_score_slide_created'====== Args={'_from_bcp': True}
2023-02-13 16:43:09,482 : INFO : EventManager : Event: ======'slide_last_game_score_slide_active'====== Args={'_from_bcp': True}
2023-02-13 16:43:12,482 : INFO : EventManager : Event: ======'slide_awesome_slide_removed'====== Args={'_from_bcp': True}
2023-02-13 16:43:12,485 : INFO : EventManager : Event: ======'slide_awesome_slide_created'====== Args={'_from_bcp': True}
2023-02-13 16:43:12,485 : INFO : EventManager : Event: ======'slide_awesome_slide_active'====== Args={'_from_bcp': True}
2023-02-13 16:43:15,475 : INFO : EventManager : Event: ======'slide_press_start_removed'====== Args={'_from_bcp': True}
2023-02-13 16:43:15,477 : INFO : EventManager : Event: ======'slide_press_start_created'====== Args={'_from_bcp': True}
2023-02-13 16:43:15,477 : INFO : EventManager : Event: ======'slide_press_start_active'====== Args={'_from_bcp': True}
2023-02-13 16:43:16,276 : INFO : SwitchController : <<<<<<< 's_start' active >>>>>>>
2023-02-13 16:43:16,452 : INFO : SwitchController : <<<<<<< 's_start' inactive >>>>>>>
2023-02-13 16:43:16,452 : INFO : EventManager : Event: ======'request_to_start_game'====== Args={}
2023-02-13 16:43:16,455 : INFO : EventManager : Event: ======'game_start'====== Args={'buttons': [], 'hold_time': 0.1869999999180436}
2023-02-13 16:43:16,456 : INFO : EventManager : Event: ======'mode_game_will_start'====== Args={'buttons': [], 'hold_time': 0.1869999999180436}
2023-02-13 16:43:16,459 : INFO : EventManager : Event: ======'mode_game_starting'====== Args={'buttons': [], 'hold_time': 0.1869999999180436}
2023-02-13 16:43:16,460 : INFO : EventManager : Event: ======'mode_attract_will_stop'====== Args={}
2023-02-13 16:43:16,461 : INFO : EventManager : Event: ======'mode_attract_stopping'====== Args={}
2023-02-13 16:43:16,463 : INFO : Mode.attract : Stopped.
2023-02-13 16:43:16,463 : INFO : EventManager : Event: ======'modes_active_modes_changed'====== Args={}
2023-02-13 16:43:16,465 : INFO : EventManager : Event: ======'mode_attract_stopped'====== Args={}
2023-02-13 16:43:16,466 : INFO : EventManager : Event: ======'clear'====== Args={'key': 'attract'}
2023-02-13 16:43:16,467 : INFO : Mode.game : Started. Priority: 20
2023-02-13 16:43:16,467 : INFO : EventManager : Event: ======'modes_active_modes_changed'====== Args={}
2023-02-13 16:43:16,468 : INFO : EventManager : Event: ======'mode_game_started'====== Args={'buttons': [], 'hold_time': 0.1869999999180436}
2023-02-13 16:43:16,480 : INFO : EventManager : Event: ======'game_will_start'====== Args={}
2023-02-13 16:43:16,481 : INFO : EventManager : Event: ======'slide_mission_pinball_removed'====== Args={'_from_bcp': True}
2023-02-13 16:43:16,481 : INFO : EventManager : Event: ======'slide_last_game_score_slide_removed'====== Args={'_from_bcp': True}
2023-02-13 16:43:16,482 : INFO : EventManager : Event: ======'slide_awesome_slide_removed'====== Args={'_from_bcp': True}
2023-02-13 16:43:16,482 : INFO : EventManager : Event: ======'slide_press_start_removed'====== Args={'_from_bcp': True}
2023-02-13 16:43:16,482 : INFO : EventManager : Event: ======'slide_welcome_slide_active'====== Args={'_from_bcp': True}
2023-02-13 16:43:16,482 : INFO : EventManager : Event: ======'game_starting'====== Args={'game': <Mode.game>}
2023-02-13 16:43:16,483 : INFO : EventManager : Event: ======'player_add_request'====== Args={}
2023-02-13 16:43:16,484 : INFO : EventManager : Event: ======'player_will_add'====== Args={'number': 1}
2023-02-13 16:43:16,484 : INFO : EventManager : Event: ======'player_adding'====== Args={'player': <Player 1>, 'number': 1}
2023-02-13 16:43:16,484 : INFO : EventManager : Event: ======'player_added'====== Args={'player': <Player 1>, 'num': 1}
2023-02-13 16:43:16,484 : INFO : Mode.game : Player added successfully. Total players: 1
2023-02-13 16:43:16,485 : INFO : EventManager : Event: ======'player_index'====== Args={'value': 0, 'prev_value': 0, 'change': 0, 'player_num': 1}
2023-02-13 16:43:16,485 : INFO : EventManager : Event: ======'player_number'====== Args={'value': 1, 'prev_value': 1, 'change': 0, 'player_num': 1}
2023-02-13 16:43:16,485 : INFO : EventManager : Event: ======'player_score'====== Args={'value': 0, 'prev_value': 0, 'change': 0, 'player_num': 1}
2023-02-13 16:43:16,486 : INFO : EventManager : Event: ======'game_started'====== Args={}
2023-02-13 16:43:16,501 : INFO : EventManager : Event: ======'player_turn_will_start'====== Args={'player': <Player 1>, 'number': 1}
2023-02-13 16:43:16,503 : INFO : EventManager : Event: ======'player_turn_starting'====== Args={'player': <Player 1>, 'number': 1}
2023-02-13 16:43:16,504 : INFO : EventManager : Event: ======'player_ball'====== Args={'value': 1, 'prev_value': 0, 'change': 1, 'player_num': 1}
2023-02-13 16:43:16,504 : INFO : EventManager : Event: ======'player_turn_started'====== Args={'player': <Player 1>, 'number': 1}
2023-02-13 16:43:16,505 : INFO : EventManager : Event: ======'ball_will_start'====== Args={'player': 1, 'ball': 1, 'balls_remaining': 2, 'is_extra_ball': False}
2023-02-13 16:43:16,508 : INFO : EventManager : Event: ======'ball_starting'====== Args={'player': 1, 'ball': 1, 'balls_remaining': 2, 'is_extra_ball': False}
2023-02-13 16:43:16,509 : INFO : EventManager : Event: ======'mode_base_will_start'====== Args={'queue': <QueuedEvent>, 'player': 1, 'ball': 1, 'balls_remaining': 2, 'is_extra_ball': False}
2023-02-13 16:43:16,509 : INFO : EventManager : Event: ======'player_shot_my_first_shot_enabled'====== Args={'value': True, 'prev_value': 0, 'change': 1, 'player_num': 1}
2023-02-13 16:43:16,510 : INFO : EventManager : Event: ======'mode_base_starting'====== Args={'queue': <QueuedEvent>, 'player': 1, 'ball': 1, 'balls_remaining': 2, 'is_extra_ball': False}
2023-02-13 16:43:16,511 : INFO : Mode.base : Started. Priority: 100
2023-02-13 16:43:16,511 : INFO : EventManager : Event: ======'modes_active_modes_changed'====== Args={}
2023-02-13 16:43:16,512 : INFO : EventManager : Event: ======'mode_base_started'====== Args={'queue': <QueuedEvent>, 'player': 1, 'ball': 1, 'balls_remaining': 2, 'is_extra_ball': False}
2023-02-13 16:43:16,512 : INFO : EventManager : Event: ======'balls_in_play'====== Args={'balls': 1}
2023-02-13 16:43:16,513 : INFO : EventManager : Event: ======'ball_started'====== Args={'player': 1, 'ball': 1, 'balls_remaining': 2, 'is_extra_ball': False}
2023-02-13 16:43:16,533 : INFO : EventManager : Event: ======'single_player_ball_started'====== Args={}
2023-02-13 16:43:16,534 : INFO : EventManager : Event: ======'slide_base.slide_player-mode_base_started_created'====== Args={'_from_bcp': True}
2023-02-13 16:43:16,534 : INFO : EventManager : Event: ======'slide__global.slide_player-ball_started_created'====== Args={'_from_bcp': True}
2023-02-13 16:43:16,534 : INFO : EventManager : Event: ======'slide_base.slide_player-mode_base_started_active'====== Args={'_from_bcp': True}
2023-02-13 16:43:16,535 : INFO : EventManager : Event: ======'ball_start_target'====== Args={'target': 'playfield'}
2023-02-13 16:43:16,535 : INFO : ball_device.bd_plunger : Setting up player-controlled eject. Balls: 1, Target: <playfield.playfield>, player_controlled_eject_event: None
2023-02-13 16:43:16,536 : INFO : EventManager : Event: ======'balldevice_balls_available'====== Args={}
2023-02-13 16:43:16,538 : INFO : ball_device.bd_trough : State: waiting_for_target_ready
2023-02-13 16:43:16,538 : INFO : EventManager : Event: ======'balldevice_bd_trough_ball_eject_attempt'====== Args={'balls': 1, 'target': <ball_device.bd_plunger>, 'source': <ball_device.bd_trough>, 'mechanical_eject': True, 'num_attempts': 0}
2023-02-13 16:43:16,539 : INFO : ball_device.bd_plunger : State: waiting_for_ball
2023-02-13 16:43:16,539 : INFO : ball_device.bd_trough : State: ejecting
2023-02-13 16:43:16,540 : INFO : ball_device.bd_trough : Ejecting ball to <ball_device.bd_plunger>
2023-02-13 16:43:16,540 : INFO : EventManager : Event: ======'balldevice_bd_trough_ejecting_ball'====== Args={'balls': 1, 'target': <ball_device.bd_plunger>, 'source': <ball_device.bd_trough>, 'mechanical_eject': True, 'num_attempts': 0}
2023-02-13 16:43:16,541 : INFO : ball_device.bd_trough : Wait for ball to leave device
2023-02-13 16:43:16,541 : INFO : coil.c_trough_eject : Pulsing Driver for 10ms (1.0 pulse_power)
2023-02-13 16:43:26,519 : INFO : EventManager : Event: ======'balldevice_bd_trough_ball_eject_failed'====== Args={'target': <ball_device.bd_plunger>, 'balls': 1, 'retry': True, 'num_attempts': 1}
2023-02-13 16:43:26,520 : INFO : ball_device.bd_trough : State: waiting_for_target_ready
2023-02-13 16:43:26,520 : INFO : EventManager : Event: ======'balldevice_bd_trough_ball_eject_attempt'====== Args={'balls': 1, 'target': <ball_device.bd_plunger>, 'source': <ball_device.bd_trough>, 'mechanical_eject': True, 'num_attempts': 1}
2023-02-13 16:43:26,521 : INFO : ball_device.bd_trough : State: ejecting
2023-02-13 16:43:26,521 : INFO : ball_device.bd_trough : Ejecting ball to <ball_device.bd_plunger>
2023-02-13 16:43:26,521 : INFO : EventManager : Event: ======'balldevice_bd_trough_ejecting_ball'====== Args={'balls': 1, 'target': <ball_device.bd_plunger>, 'source': <ball_device.bd_trough>, 'mechanical_eject': True, 'num_attempts': 1}
2023-02-13 16:43:26,522 : INFO : ball_device.bd_trough : Wait for ball to leave device
2023-02-13 16:43:26,523 : INFO : coil.c_trough_eject : Pulsing Driver for 10ms (1.0 pulse_power)
2023-02-13 16:43:36,524 : INFO : EventManager : Event: ======'balldevice_bd_trough_ball_eject_failed'====== Args={'target': <ball_device.bd_plunger>, 'balls': 1, 'retry': True, 'num_attempts': 2}
2023-02-13 16:43:36,526 : INFO : ball_device.bd_trough : State: waiting_for_target_ready
2023-02-13 16:43:36,526 : INFO : EventManager : Event: ======'balldevice_bd_trough_ball_eject_attempt'====== Args={'balls': 1, 'target': <ball_device.bd_plunger>, 'source': <ball_device.bd_trough>, 'mechanical_eject': True, 'num_attempts': 2}
2023-02-13 16:43:36,527 : INFO : ball_device.bd_trough : State: ejecting
2023-02-13 16:43:36,528 : INFO : ball_device.bd_trough : Ejecting ball to <ball_device.bd_plunger>
2023-02-13 16:43:36,528 : INFO : EventManager : Event: ======'balldevice_bd_trough_ejecting_ball'====== Args={'balls': 1, 'target': <ball_device.bd_plunger>, 'source': <ball_device.bd_trough>, 'mechanical_eject': True, 'num_attempts': 2}
2023-02-13 16:43:36,529 : INFO : ball_device.bd_trough : Wait for ball to leave device
2023-02-13 16:43:36,529 : INFO : coil.c_trough_eject : Pulsing Driver for 10ms (1.0 pulse_power)
2023-02-13 16:43:46,515 : INFO : EventManager : Event: ======'balldevice_bd_trough_ball_eject_failed'====== Args={'target': <ball_device.bd_plunger>, 'balls': 1, 'retry': True, 'num_attempts': 3}
2023-02-13 16:43:46,519 : INFO : ball_device.bd_trough : State: waiting_for_target_ready
2023-02-13 16:43:46,521 : INFO : EventManager : Event: ======'balldevice_bd_trough_ball_eject_attempt'====== Args={'balls': 1, 'target': <ball_device.bd_plunger>, 'source': <ball_device.bd_trough>, 'mechanical_eject': True, 'num_attempts': 3}
2023-02-13 16:43:46,523 : INFO : ball_device.bd_trough : State: ejecting
2023-02-13 16:43:46,524 : INFO : ball_device.bd_trough : Ejecting ball to <ball_device.bd_plunger>
2023-02-13 16:43:46,525 : INFO : EventManager : Event: ======'balldevice_bd_trough_ejecting_ball'====== Args={'balls': 1, 'target': <ball_device.bd_plunger>, 'source': <ball_device.bd_trough>, 'mechanical_eject': True, 'num_attempts': 3}
2023-02-13 16:43:46,528 : INFO : ball_device.bd_trough : Wait for ball to leave device
2023-02-13 16:43:46,529 : INFO : coil.c_trough_eject : Pulsing Driver for 10ms (1.0 pulse_power)
2023-02-13 16:43:49,505 : INFO : EventManager : Event: ======'mode2_start'====== Args={'_from_bcp': True}
2023-02-13 16:43:49,506 : INFO : EventManager : Event: ======'mode_mode2_will_start'====== Args={}
2023-02-13 16:43:49,506 : INFO : EventManager : Event: ======'player_shot_my_first_shot_mode2_enabled'====== Args={'value': True, 'prev_value': 0, 'change': 1, 'player_num': 1}
2023-02-13 16:43:49,507 : INFO : EventManager : Event: ======'mode_mode2_starting'====== Args={}
2023-02-13 16:43:49,507 : INFO : Mode.mode2 : Started. Priority: 200
2023-02-13 16:43:49,508 : INFO : EventManager : Event: ======'modes_active_modes_changed'====== Args={}
2023-02-13 16:43:49,508 : INFO : EventManager : Event: ======'mode_mode2_started'====== Args={}
2023-02-13 16:43:56,515 : INFO : EventManager : Event: ======'balldevice_bd_trough_ball_eject_failed'====== Args={'target': <ball_device.bd_plunger>, 'balls': 1, 'retry': True, 'num_attempts': 4}
2023-02-13 16:43:56,520 : INFO : ball_device.bd_trough : State: waiting_for_target_ready
2023-02-13 16:43:56,521 : INFO : EventManager : Event: ======'balldevice_bd_trough_ball_eject_attempt'====== Args={'balls': 1, 'target': <ball_device.bd_plunger>, 'source': <ball_device.bd_trough>, 'mechanical_eject': True, 'num_attempts': 4}
2023-02-13 16:43:56,522 : INFO : ball_device.bd_trough : State: ejecting
2023-02-13 16:43:56,524 : INFO : ball_device.bd_trough : Ejecting ball to <ball_device.bd_plunger>
2023-02-13 16:43:56,524 : INFO : EventManager : Event: ======'balldevice_bd_trough_ejecting_ball'====== Args={'balls': 1, 'target': <ball_device.bd_plunger>, 'source': <ball_device.bd_trough>, 'mechanical_eject': True, 'num_attempts': 4}
2023-02-13 16:43:56,529 : INFO : ball_device.bd_trough : Wait for ball to leave device
2023-02-13 16:43:56,530 : INFO : coil.c_trough_eject : Pulsing Driver for 10ms (1.0 pulse_power)
2023-02-13 16:44:06,528 : INFO : EventManager : Event: ======'balldevice_bd_trough_ball_eject_failed'====== Args={'target': <ball_device.bd_plunger>, 'balls': 1, 'retry': True, 'num_attempts': 5}
2023-02-13 16:44:06,533 : INFO : ball_device.bd_trough : State: waiting_for_target_ready
2023-02-13 16:44:06,535 : INFO : EventManager : Event: ======'balldevice_bd_trough_ball_eject_attempt'====== Args={'balls': 1, 'target': <ball_device.bd_plunger>, 'source': <ball_device.bd_trough>, 'mechanical_eject': True, 'num_attempts': 5}
2023-02-13 16:44:06,537 : INFO : ball_device.bd_trough : State: ejecting
2023-02-13 16:44:06,538 : INFO : ball_device.bd_trough : Ejecting ball to <ball_device.bd_plunger>
2023-02-13 16:44:06,539 : INFO : EventManager : Event: ======'balldevice_bd_trough_ejecting_ball'====== Args={'balls': 1, 'target': <ball_device.bd_plunger>, 'source': <ball_device.bd_trough>, 'mechanical_eject': True, 'num_attempts': 5}
2023-02-13 16:44:06,543 : INFO : ball_device.bd_trough : Wait for ball to leave device
2023-02-13 16:44:06,544 : INFO : coil.c_trough_eject : Pulsing Driver for 10ms (1.0 pulse_power)
2023-02-13 16:44:16,552 : INFO : EventManager : Event: ======'balldevice_bd_trough_ball_eject_failed'====== Args={'target': <ball_device.bd_plunger>, 'balls': 1, 'retry': True, 'num_attempts': 6}
2023-02-13 16:44:16,554 : INFO : ball_device.bd_trough : State: waiting_for_target_ready
2023-02-13 16:44:16,554 : INFO : EventManager : Event: ======'balldevice_bd_trough_ball_eject_attempt'====== Args={'balls': 1, 'target': <ball_device.bd_plunger>, 'source': <ball_device.bd_trough>, 'mechanical_eject': True, 'num_attempts': 6}
2023-02-13 16:44:16,555 : INFO : ball_device.bd_trough : State: ejecting
2023-02-13 16:44:16,555 : INFO : ball_device.bd_trough : Ejecting ball to <ball_device.bd_plunger>
2023-02-13 16:44:16,555 : INFO : EventManager : Event: ======'balldevice_bd_trough_ejecting_ball'====== Args={'balls': 1, 'target': <ball_device.bd_plunger>, 'source': <ball_device.bd_trough>, 'mechanical_eject': True, 'num_attempts': 6}
2023-02-13 16:44:16,557 : INFO : ball_device.bd_trough : Wait for ball to leave device
2023-02-13 16:44:16,557 : INFO : coil.c_trough_eject : Pulsing Driver for 10ms (1.0 pulse_power)
2023-02-13 16:44:21,641 : INFO : SwitchController : <<<<<<< 's_reentry_left' active >>>>>>>
2023-02-13 16:44:21,642 : INFO : EventManager : Event: ======'playfield_active'====== Args={}
2023-02-13 16:44:21,642 : INFO : EventManager : Event: ======'unexpected_ball_on_playfield'====== Args={}
2023-02-13 16:44:21,643 : INFO : EventManager : Event: ======'playfield_active'====== Args={}
2023-02-13 16:44:21,643 : INFO : EventManager : Event: ======'unexpected_ball_on_playfield'====== Args={}
2023-02-13 16:44:21,644 : INFO : EventManager : Event: ======'s_reentry_left_active'====== Args={}
2023-02-13 16:44:21,644 : INFO : EventManager : Event: ======'sw_playfield_active'====== Args={}
2023-02-13 16:44:21,644 : INFO : EventManager : Event: ======'machine_var_audits_switches_s_reentry_left'====== Args={'value': 298, 'prev_value': 297, 'change': 1}
2023-02-13 16:44:21,652 : INFO : EventManager : Event: ======'player_shot_my_first_shot_mode2'====== Args={'value': 1, 'prev_value': 0, 'change': 1, 'player_num': 1}
2023-02-13 16:44:21,652 : INFO : EventManager : Event: ======'machine_var_audits_shots_my_first_shot_mode2'====== Args={'value': 63, 'prev_value': 62, 'change': 1}
2023-02-13 16:44:21,653 : INFO : EventManager : Event: ======'my_first_shot_mode2_hit'====== Args={'profile': 'mode2', 'state': 'flashing', 'advancing': True}
2023-02-13 16:44:21,654 : INFO : EventManager : Event: ======'my_first_shot_mode2_mode2_hit'====== Args={'profile': 'mode2', 'state': 'flashing', 'advancing': True}
2023-02-13 16:44:21,654 : INFO : EventManager : Event: ======'my_first_shot_mode2_mode2_flashing_hit'====== Args={'profile': 'mode2', 'state': 'flashing', 'advancing': True}
2023-02-13 16:44:21,654 : INFO : EventManager : Event: ======'my_first_shot_mode2_flashing_hit'====== Args={'profile': 'mode2', 'state': 'flashing', 'advancing': True}
2023-02-13 16:44:21,655 : INFO : EventManager : Event: ======'logicblock_reentry_switch_counter_updated'====== Args={'value': 1, 'enabled': True}
2023-02-13 16:44:21,655 : INFO : EventManager : Event: ======'reentry_sound_active'====== Args={'count': 1}
2023-02-13 16:44:21,655 : INFO : EventManager : Event: ======'player_score'====== Args={'value': 10000, 'prev_value': 0, 'change': 10000, 'player_num': 1}
2023-02-13 16:44:21,656 : INFO : EventManager : Event: ======'playfield_active'====== Args={}
2023-02-13 16:44:21,656 : INFO : EventManager : Event: ======'unexpected_ball_on_playfield'====== Args={}
2023-02-13 16:44:21,824 : INFO : SwitchController : <<<<<<< 's_reentry_left' inactive >>>>>>>
2023-02-13 16:44:26,554 : INFO : EventManager : Event: ======'balldevice_bd_trough_ball_eject_failed'====== Args={'target': <ball_device.bd_plunger>, 'balls': 1, 'retry': True, 'num_attempts': 7}
2023-02-13 16:44:26,558 : INFO : ball_device.bd_trough : State: waiting_for_target_ready
2023-02-13 16:44:26,559 : INFO : EventManager : Event: ======'balldevice_bd_trough_ball_eject_attempt'====== Args={'balls': 1, 'target': <ball_device.bd_plunger>, 'source': <ball_device.bd_trough>, 'mechanical_eject': True, 'num_attempts': 7}
2023-02-13 16:44:26,561 : INFO : ball_device.bd_trough : State: ejecting
2023-02-13 16:44:26,561 : INFO : ball_device.bd_trough : Ejecting ball to <ball_device.bd_plunger>
2023-02-13 16:44:26,561 : INFO : EventManager : Event: ======'balldevice_bd_trough_ejecting_ball'====== Args={'balls': 1, 'target': <ball_device.bd_plunger>, 'source': <ball_device.bd_trough>, 'mechanical_eject': True, 'num_attempts': 7}
2023-02-13 16:44:26,565 : INFO : ball_device.bd_trough : Wait for ball to leave device
2023-02-13 16:44:26,565 : INFO : coil.c_trough_eject : Pulsing Driver for 10ms (1.0 pulse_power)
2023-02-13 16:44:36,547 : INFO : EventManager : Event: ======'balldevice_bd_trough_ball_eject_failed'====== Args={'target': <ball_device.bd_plunger>, 'balls': 1, 'retry': True, 'num_attempts': 8}
2023-02-13 16:44:36,548 : INFO : ball_device.bd_trough : State: waiting_for_target_ready
2023-02-13 16:44:36,549 : INFO : EventManager : Event: ======'balldevice_bd_trough_ball_eject_attempt'====== Args={'balls': 1, 'target': <ball_device.bd_plunger>, 'source': <ball_device.bd_trough>, 'mechanical_eject': True, 'num_attempts': 8}
2023-02-13 16:44:36,549 : INFO : ball_device.bd_trough : State: ejecting
2023-02-13 16:44:36,549 : INFO : ball_device.bd_trough : Ejecting ball to <ball_device.bd_plunger>
2023-02-13 16:44:36,550 : INFO : EventManager : Event: ======'balldevice_bd_trough_ejecting_ball'====== Args={'balls': 1, 'target': <ball_device.bd_plunger>, 'source': <ball_device.bd_trough>, 'mechanical_eject': True, 'num_attempts': 8}
2023-02-13 16:44:36,550 : INFO : ball_device.bd_trough : Wait for ball to leave device
2023-02-13 16:44:36,551 : INFO : coil.c_trough_eject : Pulsing Driver for 10ms (1.0 pulse_power)
2023-02-13 16:44:46,545 : INFO : EventManager : Event: ======'balldevice_bd_trough_ball_eject_failed'====== Args={'target': <ball_device.bd_plunger>, 'balls': 1, 'retry': True, 'num_attempts': 9}
2023-02-13 16:44:46,547 : INFO : ball_device.bd_trough : State: waiting_for_target_ready
2023-02-13 16:44:46,548 : INFO : EventManager : Event: ======'balldevice_bd_trough_ball_eject_attempt'====== Args={'balls': 1, 'target': <ball_device.bd_plunger>, 'source': <ball_device.bd_trough>, 'mechanical_eject': True, 'num_attempts': 9}
2023-02-13 16:44:46,549 : INFO : ball_device.bd_trough : State: ejecting
2023-02-13 16:44:46,549 : INFO : ball_device.bd_trough : Ejecting ball to <ball_device.bd_plunger>
2023-02-13 16:44:46,549 : INFO : EventManager : Event: ======'balldevice_bd_trough_ejecting_ball'====== Args={'balls': 1, 'target': <ball_device.bd_plunger>, 'source': <ball_device.bd_trough>, 'mechanical_eject': True, 'num_attempts': 9}
2023-02-13 16:44:46,551 : INFO : ball_device.bd_trough : Wait for ball to leave device
2023-02-13 16:44:46,552 : INFO : coil.c_trough_eject : Pulsing Driver for 10ms (1.0 pulse_power)
2023-02-13 16:44:56,548 : INFO : EventManager : Event: ======'balldevice_bd_trough_ball_eject_failed'====== Args={'target': <ball_device.bd_plunger>, 'balls': 1, 'retry': True, 'num_attempts': 10}
2023-02-13 16:44:56,553 : INFO : ball_device.bd_trough : State: waiting_for_target_ready
2023-02-13 16:44:56,555 : INFO : EventManager : Event: ======'balldevice_bd_trough_ball_eject_attempt'====== Args={'balls': 1, 'target': <ball_device.bd_plunger>, 'source': <ball_device.bd_trough>, 'mechanical_eject': True, 'num_attempts': 10}
2023-02-13 16:44:56,557 : INFO : ball_device.bd_trough : State: ejecting
2023-02-13 16:44:56,558 : INFO : ball_device.bd_trough : Ejecting ball to <ball_device.bd_plunger>
2023-02-13 16:44:56,559 : INFO : EventManager : Event: ======'balldevice_bd_trough_ejecting_ball'====== Args={'balls': 1, 'target': <ball_device.bd_plunger>, 'source': <ball_device.bd_trough>, 'mechanical_eject': True, 'num_attempts': 10}
2023-02-13 16:44:56,563 : INFO : ball_device.bd_trough : Wait for ball to leave device
2023-02-13 16:44:56,564 : INFO : coil.c_trough_eject : Pulsing Driver for 10ms (1.0 pulse_power)
2023-02-13 16:45:06,546 : INFO : EventManager : Event: ======'balldevice_bd_trough_ball_eject_failed'====== Args={'target': <ball_device.bd_plunger>, 'balls': 1, 'retry': True, 'num_attempts': 11}
2023-02-13 16:45:06,551 : INFO : ball_device.bd_trough : State: waiting_for_target_ready
2023-02-13 16:45:06,553 : INFO : EventManager : Event: ======'balldevice_bd_trough_ball_eject_attempt'====== Args={'balls': 1, 'target': <ball_device.bd_plunger>, 'source': <ball_device.bd_trough>, 'mechanical_eject': True, 'num_attempts': 11}
2023-02-13 16:45:06,555 : INFO : ball_device.bd_trough : State: ejecting
2023-02-13 16:45:06,557 : INFO : ball_device.bd_trough : Ejecting ball to <ball_device.bd_plunger>
2023-02-13 16:45:06,557 : INFO : EventManager : Event: ======'balldevice_bd_trough_ejecting_ball'====== Args={'balls': 1, 'target': <ball_device.bd_plunger>, 'source': <ball_device.bd_trough>, 'mechanical_eject': True, 'num_attempts': 11}
2023-02-13 16:45:06,562 : INFO : ball_device.bd_trough : Wait for ball to leave device
2023-02-13 16:45:06,563 : INFO : coil.c_trough_eject : Pulsing Driver for 10ms (1.0 pulse_power)
2023-02-13 16:45:16,546 : INFO : EventManager : Event: ======'balldevice_bd_trough_ball_eject_failed'====== Args={'target': <ball_device.bd_plunger>, 'balls': 1, 'retry': True, 'num_attempts': 12}
2023-02-13 16:45:16,548 : INFO : ball_device.bd_trough : State: waiting_for_target_ready
2023-02-13 16:45:16,548 : INFO : EventManager : Event: ======'balldevice_bd_trough_ball_eject_attempt'====== Args={'balls': 1, 'target': <ball_device.bd_plunger>, 'source': <ball_device.bd_trough>, 'mechanical_eject': True, 'num_attempts': 12}
2023-02-13 16:45:16,549 : INFO : ball_device.bd_trough : State: ejecting
2023-02-13 16:45:16,549 : INFO : ball_device.bd_trough : Ejecting ball to <ball_device.bd_plunger>
2023-02-13 16:45:16,549 : INFO : EventManager : Event: ======'balldevice_bd_trough_ejecting_ball'====== Args={'balls': 1, 'target': <ball_device.bd_plunger>, 'source': <ball_device.bd_trough>, 'mechanical_eject': True, 'num_attempts': 12}
2023-02-13 16:45:16,550 : INFO : ball_device.bd_trough : Wait for ball to leave device
2023-02-13 16:45:16,550 : INFO : coil.c_trough_eject : Pulsing Driver for 10ms (1.0 pulse_power)
2023-02-13 16:45:22,569 : INFO : EventManager : Event: ======'mode2_stop'====== Args={'_from_bcp': True}
2023-02-13 16:45:22,572 : INFO : EventManager : Event: ======'mode_mode2_will_stop'====== Args={}
2023-02-13 16:45:22,573 : INFO : EventManager : Event: ======'mode_mode2_stopping'====== Args={}
2023-02-13 16:45:22,574 : INFO : Mode.mode2 : Stopped.
2023-02-13 16:45:22,575 : INFO : EventManager : Event: ======'modes_active_modes_changed'====== Args={}
2023-02-13 16:45:22,577 : INFO : EventManager : Event: ======'mode_mode2_stopped'====== Args={}
2023-02-13 16:45:22,577 : INFO : EventManager : Event: ======'clear'====== Args={'key': 'mode2'}
2023-02-13 16:45:24,282 : INFO : EventManager : Event: ======'mode2_start'====== Args={'_from_bcp': True}
2023-02-13 16:45:24,282 : INFO : EventManager : Event: ======'mode_mode2_will_start'====== Args={}
2023-02-13 16:45:24,283 : INFO : EventManager : Event: ======'mode_mode2_starting'====== Args={}
2023-02-13 16:45:24,283 : INFO : Mode.mode2 : Started. Priority: 200
2023-02-13 16:45:24,283 : INFO : EventManager : Event: ======'modes_active_modes_changed'====== Args={}
2023-02-13 16:45:24,283 : INFO : EventManager : Event: ======'mode_mode2_started'====== Args={}
2023-02-13 16:45:25,383 : INFO : EventManager : Event: ======'mode2_stop'====== Args={'_from_bcp': True}
2023-02-13 16:45:25,385 : INFO : EventManager : Event: ======'mode_mode2_will_stop'====== Args={}
2023-02-13 16:45:25,387 : INFO : EventManager : Event: ======'mode_mode2_stopping'====== Args={}
2023-02-13 16:45:25,388 : INFO : Mode.mode2 : Stopped.
2023-02-13 16:45:25,388 : INFO : EventManager : Event: ======'modes_active_modes_changed'====== Args={}
2023-02-13 16:45:25,389 : INFO : EventManager : Event: ======'mode_mode2_stopped'====== Args={}
2023-02-13 16:45:25,390 : INFO : EventManager : Event: ======'clear'====== Args={'key': 'mode2'}
2023-02-13 16:45:26,546 : INFO : EventManager : Event: ======'balldevice_bd_trough_ball_eject_failed'====== Args={'target': <ball_device.bd_plunger>, 'balls': 1, 'retry': True, 'num_attempts': 13}
2023-02-13 16:45:26,548 : INFO : ball_device.bd_trough : State: waiting_for_target_ready
2023-02-13 16:45:26,549 : INFO : EventManager : Event: ======'balldevice_bd_trough_ball_eject_attempt'====== Args={'balls': 1, 'target': <ball_device.bd_plunger>, 'source': <ball_device.bd_trough>, 'mechanical_eject': True, 'num_attempts': 13}
2023-02-13 16:45:26,550 : INFO : ball_device.bd_trough : State: ejecting
2023-02-13 16:45:26,550 : INFO : ball_device.bd_trough : Ejecting ball to <ball_device.bd_plunger>
2023-02-13 16:45:26,551 : INFO : EventManager : Event: ======'balldevice_bd_trough_ejecting_ball'====== Args={'balls': 1, 'target': <ball_device.bd_plunger>, 'source': <ball_device.bd_trough>, 'mechanical_eject': True, 'num_attempts': 13}
2023-02-13 16:45:26,553 : INFO : ball_device.bd_trough : Wait for ball to leave device
2023-02-13 16:45:26,553 : INFO : coil.c_trough_eject : Pulsing Driver for 10ms (1.0 pulse_power)
2023-02-13 16:45:27,049 : INFO : EventManager : Event: ======'mode2_start'====== Args={'_from_bcp': True}
2023-02-13 16:45:27,052 : INFO : EventManager : Event: ======'mode_mode2_will_start'====== Args={}
2023-02-13 16:45:27,057 : INFO : EventManager : Event: ======'mode_mode2_starting'====== Args={}
2023-02-13 16:45:27,057 : INFO : Mode.mode2 : Started. Priority: 200
2023-02-13 16:45:27,058 : INFO : EventManager : Event: ======'modes_active_modes_changed'====== Args={}
2023-02-13 16:45:27,058 : INFO : EventManager : Event: ======'mode_mode2_started'====== Args={}
2023-02-13 16:45:27,935 : INFO : EventManager : Event: ======'mode2_stop'====== Args={'_from_bcp': True}
2023-02-13 16:45:27,937 : INFO : EventManager : Event: ======'mode_mode2_will_stop'====== Args={}
2023-02-13 16:45:27,938 : INFO : EventManager : Event: ======'mode_mode2_stopping'====== Args={}
2023-02-13 16:45:27,938 : INFO : Mode.mode2 : Stopped.
2023-02-13 16:45:27,938 : INFO : EventManager : Event: ======'modes_active_modes_changed'====== Args={}
2023-02-13 16:45:27,941 : INFO : EventManager : Event: ======'mode_mode2_stopped'====== Args={}
2023-02-13 16:45:27,941 : INFO : EventManager : Event: ======'clear'====== Args={'key': 'mode2'}
2023-02-13 16:45:35,933 : INFO : EventManager : Event: ======'mode2_start'====== Args={'_from_bcp': True}
2023-02-13 16:45:35,936 : INFO : EventManager : Event: ======'mode_mode2_will_start'====== Args={}
2023-02-13 16:45:35,940 : INFO : EventManager : Event: ======'mode_mode2_starting'====== Args={}
2023-02-13 16:45:35,941 : INFO : Mode.mode2 : Started. Priority: 200
2023-02-13 16:45:35,941 : INFO : EventManager : Event: ======'modes_active_modes_changed'====== Args={}
2023-02-13 16:45:35,942 : INFO : EventManager : Event: ======'mode_mode2_started'====== Args={}
2023-02-13 16:45:36,546 : INFO : EventManager : Event: ======'balldevice_bd_trough_ball_eject_failed'====== Args={'target': <ball_device.bd_plunger>, 'balls': 1, 'retry': True, 'num_attempts': 14}
2023-02-13 16:45:36,551 : INFO : ball_device.bd_trough : State: waiting_for_target_ready
2023-02-13 16:45:36,552 : INFO : EventManager : Event: ======'balldevice_bd_trough_ball_eject_attempt'====== Args={'balls': 1, 'target': <ball_device.bd_plunger>, 'source': <ball_device.bd_trough>, 'mechanical_eject': True, 'num_attempts': 14}
2023-02-13 16:45:36,554 : INFO : ball_device.bd_trough : State: ejecting
2023-02-13 16:45:36,554 : INFO : ball_device.bd_trough : Ejecting ball to <ball_device.bd_plunger>
2023-02-13 16:45:36,555 : INFO : EventManager : Event: ======'balldevice_bd_trough_ejecting_ball'====== Args={'balls': 1, 'target': <ball_device.bd_plunger>, 'source': <ball_device.bd_trough>, 'mechanical_eject': True, 'num_attempts': 14}
2023-02-13 16:45:36,557 : INFO : ball_device.bd_trough : Wait for ball to leave device
2023-02-13 16:45:36,557 : INFO : coil.c_trough_eject : Pulsing Driver for 10ms (1.0 pulse_power)
2023-02-13 16:45:43,451 : INFO : EventManager : Event: ======'mode2_stop'====== Args={'_from_bcp': True}
2023-02-13 16:45:43,454 : INFO : EventManager : Event: ======'mode_mode2_will_stop'====== Args={}
2023-02-13 16:45:43,455 : INFO : EventManager : Event: ======'mode_mode2_stopping'====== Args={}
2023-02-13 16:45:43,456 : INFO : Mode.mode2 : Stopped.
2023-02-13 16:45:43,457 : INFO : EventManager : Event: ======'modes_active_modes_changed'====== Args={}
2023-02-13 16:45:43,459 : INFO : EventManager : Event: ======'mode_mode2_stopped'====== Args={}
2023-02-13 16:45:43,460 : INFO : EventManager : Event: ======'clear'====== Args={'key': 'mode2'}
2023-02-13 16:45:46,552 : INFO : EventManager : Event: ======'balldevice_bd_trough_ball_eject_failed'====== Args={'target': <ball_device.bd_plunger>, 'balls': 1, 'retry': True, 'num_attempts': 15}
2023-02-13 16:45:46,554 : INFO : ball_device.bd_trough : State: waiting_for_target_ready
2023-02-13 16:45:46,554 : INFO : EventManager : Event: ======'balldevice_bd_trough_ball_eject_attempt'====== Args={'balls': 1, 'target': <ball_device.bd_plunger>, 'source': <ball_device.bd_trough>, 'mechanical_eject': True, 'num_attempts': 15}
2023-02-13 16:45:46,555 : INFO : ball_device.bd_trough : State: ejecting
2023-02-13 16:45:46,555 : INFO : ball_device.bd_trough : Ejecting ball to <ball_device.bd_plunger>
2023-02-13 16:45:46,555 : INFO : EventManager : Event: ======'balldevice_bd_trough_ejecting_ball'====== Args={'balls': 1, 'target': <ball_device.bd_plunger>, 'source': <ball_device.bd_trough>, 'mechanical_eject': True, 'num_attempts': 15}
2023-02-13 16:45:46,556 : INFO : ball_device.bd_trough : Wait for ball to leave device
2023-02-13 16:45:46,556 : INFO : coil.c_trough_eject : Pulsing Driver for 10ms (1.0 pulse_power)
2023-02-13 16:45:56,551 : INFO : EventManager : Event: ======'balldevice_bd_trough_ball_eject_failed'====== Args={'target': <ball_device.bd_plunger>, 'balls': 1, 'retry': True, 'num_attempts': 16}
2023-02-13 16:45:56,554 : INFO : ball_device.bd_trough : State: waiting_for_target_ready
2023-02-13 16:45:56,555 : INFO : EventManager : Event: ======'balldevice_bd_trough_ball_eject_attempt'====== Args={'balls': 1, 'target': <ball_device.bd_plunger>, 'source': <ball_device.bd_trough>, 'mechanical_eject': True, 'num_attempts': 16}
2023-02-13 16:45:56,556 : INFO : ball_device.bd_trough : State: ejecting
2023-02-13 16:45:56,557 : INFO : ball_device.bd_trough : Ejecting ball to <ball_device.bd_plunger>
2023-02-13 16:45:56,557 : INFO : EventManager : Event: ======'balldevice_bd_trough_ejecting_ball'====== Args={'balls': 1, 'target': <ball_device.bd_plunger>, 'source': <ball_device.bd_trough>, 'mechanical_eject': True, 'num_attempts': 16}
2023-02-13 16:45:56,560 : INFO : ball_device.bd_trough : Wait for ball to leave device
2023-02-13 16:45:56,560 : INFO : coil.c_trough_eject : Pulsing Driver for 10ms (1.0 pulse_power)
2023-02-13 16:46:06,550 : INFO : EventManager : Event: ======'balldevice_bd_trough_ball_eject_failed'====== Args={'target': <ball_device.bd_plunger>, 'balls': 1, 'retry': True, 'num_attempts': 17}
2023-02-13 16:46:06,552 : INFO : ball_device.bd_trough : State: waiting_for_target_ready
2023-02-13 16:46:06,552 : INFO : EventManager : Event: ======'balldevice_bd_trough_ball_eject_attempt'====== Args={'balls': 1, 'target': <ball_device.bd_plunger>, 'source': <ball_device.bd_trough>, 'mechanical_eject': True, 'num_attempts': 17}
2023-02-13 16:46:06,553 : INFO : ball_device.bd_trough : State: ejecting
2023-02-13 16:46:06,553 : INFO : ball_device.bd_trough : Ejecting ball to <ball_device.bd_plunger>
2023-02-13 16:46:06,553 : INFO : EventManager : Event: ======'balldevice_bd_trough_ejecting_ball'====== Args={'balls': 1, 'target': <ball_device.bd_plunger>, 'source': <ball_device.bd_trough>, 'mechanical_eject': True, 'num_attempts': 17}
2023-02-13 16:46:06,554 : INFO : ball_device.bd_trough : Wait for ball to leave device
2023-02-13 16:46:06,554 : INFO : coil.c_trough_eject : Pulsing Driver for 10ms (1.0 pulse_power)
2023-02-13 16:46:16,560 : INFO : EventManager : Event: ======'balldevice_bd_trough_ball_eject_failed'====== Args={'target': <ball_device.bd_plunger>, 'balls': 1, 'retry': True, 'num_attempts': 18}
2023-02-13 16:46:16,562 : INFO : ball_device.bd_trough : State: waiting_for_target_ready
2023-02-13 16:46:16,563 : INFO : EventManager : Event: ======'balldevice_bd_trough_ball_eject_attempt'====== Args={'balls': 1, 'target': <ball_device.bd_plunger>, 'source': <ball_device.bd_trough>, 'mechanical_eject': True, 'num_attempts': 18}
2023-02-13 16:46:16,564 : INFO : ball_device.bd_trough : State: ejecting
2023-02-13 16:46:16,565 : INFO : ball_device.bd_trough : Ejecting ball to <ball_device.bd_plunger>
2023-02-13 16:46:16,566 : INFO : EventManager : Event: ======'balldevice_bd_trough_ejecting_ball'====== Args={'balls': 1, 'target': <ball_device.bd_plunger>, 'source': <ball_device.bd_trough>, 'mechanical_eject': True, 'num_attempts': 18}
2023-02-13 16:46:16,568 : INFO : ball_device.bd_trough : Wait for ball to leave device
2023-02-13 16:46:16,568 : INFO : coil.c_trough_eject : Pulsing Driver for 10ms (1.0 pulse_power)
2023-02-13 16:46:26,549 : INFO : EventManager : Event: ======'balldevice_bd_trough_ball_eject_failed'====== Args={'target': <ball_device.bd_plunger>, 'balls': 1, 'retry': True, 'num_attempts': 19}
2023-02-13 16:46:26,554 : INFO : ball_device.bd_trough : State: waiting_for_target_ready
2023-02-13 16:46:26,556 : INFO : EventManager : Event: ======'balldevice_bd_trough_ball_eject_attempt'====== Args={'balls': 1, 'target': <ball_device.bd_plunger>, 'source': <ball_device.bd_trough>, 'mechanical_eject': True, 'num_attempts': 19}
2023-02-13 16:46:26,558 : INFO : ball_device.bd_trough : State: ejecting
2023-02-13 16:46:26,559 : INFO : ball_device.bd_trough : Ejecting ball to <ball_device.bd_plunger>
2023-02-13 16:46:26,559 : INFO : EventManager : Event: ======'balldevice_bd_trough_ejecting_ball'====== Args={'balls': 1, 'target': <ball_device.bd_plunger>, 'source': <ball_device.bd_trough>, 'mechanical_eject': True, 'num_attempts': 19}
2023-02-13 16:46:26,564 : INFO : ball_device.bd_trough : Wait for ball to leave device
2023-02-13 16:46:26,564 : INFO : coil.c_trough_eject : Pulsing Driver for 10ms (1.0 pulse_power)
2023-02-13 16:46:36,551 : INFO : EventManager : Event: ======'balldevice_bd_trough_ball_eject_failed'====== Args={'target': <ball_device.bd_plunger>, 'balls': 1, 'retry': True, 'num_attempts': 20}
2023-02-13 16:46:36,556 : INFO : ball_device.bd_trough : State: waiting_for_target_ready
2023-02-13 16:46:36,558 : INFO : EventManager : Event: ======'balldevice_bd_trough_ball_eject_attempt'====== Args={'balls': 1, 'target': <ball_device.bd_plunger>, 'source': <ball_device.bd_trough>, 'mechanical_eject': True, 'num_attempts': 20}
2023-02-13 16:46:36,560 : INFO : ball_device.bd_trough : State: ejecting
2023-02-13 16:46:36,561 : INFO : ball_device.bd_trough : Ejecting ball to <ball_device.bd_plunger>
2023-02-13 16:46:36,562 : INFO : EventManager : Event: ======'balldevice_bd_trough_ejecting_ball'====== Args={'balls': 1, 'target': <ball_device.bd_plunger>, 'source': <ball_device.bd_trough>, 'mechanical_eject': True, 'num_attempts': 20}
2023-02-13 16:46:36,566 : INFO : ball_device.bd_trough : Wait for ball to leave device
2023-02-13 16:46:36,567 : INFO : coil.c_trough_eject : Pulsing Driver for 10ms (1.0 pulse_power)
2023-02-13 16:46:46,555 : INFO : EventManager : Event: ======'balldevice_bd_trough_ball_eject_failed'====== Args={'target': <ball_device.bd_plunger>, 'balls': 1, 'retry': True, 'num_attempts': 21}
2023-02-13 16:46:46,559 : INFO : ball_device.bd_trough : State: waiting_for_target_ready
2023-02-13 16:46:46,561 : INFO : EventManager : Event: ======'balldevice_bd_trough_ball_eject_attempt'====== Args={'balls': 1, 'target': <ball_device.bd_plunger>, 'source': <ball_device.bd_trough>, 'mechanical_eject': True, 'num_attempts': 21}
2023-02-13 16:46:46,563 : INFO : ball_device.bd_trough : State: ejecting
2023-02-13 16:46:46,563 : INFO : ball_device.bd_trough : Ejecting ball to <ball_device.bd_plunger>
2023-02-13 16:46:46,564 : INFO : EventManager : Event: ======'balldevice_bd_trough_ejecting_ball'====== Args={'balls': 1, 'target': <ball_device.bd_plunger>, 'source': <ball_device.bd_trough>, 'mechanical_eject': True, 'num_attempts': 21}
2023-02-13 16:46:46,568 : INFO : ball_device.bd_trough : Wait for ball to leave device
2023-02-13 16:46:46,568 : INFO : coil.c_trough_eject : Pulsing Driver for 10ms (1.0 pulse_power)
2023-02-13 16:46:56,549 : INFO : EventManager : Event: ======'balldevice_bd_trough_ball_eject_failed'====== Args={'target': <ball_device.bd_plunger>, 'balls': 1, 'retry': True, 'num_attempts': 22}
2023-02-13 16:46:56,555 : INFO : ball_device.bd_trough : State: waiting_for_target_ready
2023-02-13 16:46:56,556 : INFO : EventManager : Event: ======'balldevice_bd_trough_ball_eject_attempt'====== Args={'balls': 1, 'target': <ball_device.bd_plunger>, 'source': <ball_device.bd_trough>, 'mechanical_eject': True, 'num_attempts': 22}
2023-02-13 16:46:56,558 : INFO : ball_device.bd_trough : State: ejecting
2023-02-13 16:46:56,560 : INFO : ball_device.bd_trough : Ejecting ball to <ball_device.bd_plunger>
2023-02-13 16:46:56,560 : INFO : EventManager : Event: ======'balldevice_bd_trough_ejecting_ball'====== Args={'balls': 1, 'target': <ball_device.bd_plunger>, 'source': <ball_device.bd_trough>, 'mechanical_eject': True, 'num_attempts': 22}
2023-02-13 16:46:56,564 : INFO : ball_device.bd_trough : Wait for ball to leave device
2023-02-13 16:46:56,565 : INFO : coil.c_trough_eject : Pulsing Driver for 10ms (1.0 pulse_power)
2023-02-13 16:47:06,554 : INFO : EventManager : Event: ======'balldevice_bd_trough_ball_eject_failed'====== Args={'target': <ball_device.bd_plunger>, 'balls': 1, 'retry': True, 'num_attempts': 23}
2023-02-13 16:47:06,559 : INFO : ball_device.bd_trough : State: waiting_for_target_ready
2023-02-13 16:47:06,560 : INFO : EventManager : Event: ======'balldevice_bd_trough_ball_eject_attempt'====== Args={'balls': 1, 'target': <ball_device.bd_plunger>, 'source': <ball_device.bd_trough>, 'mechanical_eject': True, 'num_attempts': 23}
2023-02-13 16:47:06,562 : INFO : ball_device.bd_trough : State: ejecting
2023-02-13 16:47:06,563 : INFO : ball_device.bd_trough : Ejecting ball to <ball_device.bd_plunger>
2023-02-13 16:47:06,563 : INFO : EventManager : Event: ======'balldevice_bd_trough_ejecting_ball'====== Args={'balls': 1, 'target': <ball_device.bd_plunger>, 'source': <ball_device.bd_trough>, 'mechanical_eject': True, 'num_attempts': 23}
2023-02-13 16:47:06,567 : INFO : ball_device.bd_trough : Wait for ball to leave device
2023-02-13 16:47:06,568 : INFO : coil.c_trough_eject : Pulsing Driver for 10ms (1.0 pulse_power)
2023-02-13 16:47:11,571 : INFO : Machine : Shutting down...
2023-02-13 16:47:11,572 : INFO : EventManager : Event: ======'shutdown'====== Args={}
2023-02-13 16:47:11,580 : ERROR : OPP : Stop called on serial connection com5
2023-02-13 16:47:11,580 : ERROR : OPP : Stop called on serial connection com4
2023-02-13 16:47:11,583 : INFO : root : MPF run loop ended.
