2023-02-15 20:16:18,525 : INFO : root : Loading config.
2023-02-15 20:16:18,849 : INFO : ConfigProcessor : Config spec file cache created: C:\Users\student\AppData\Local\Temp\config_spec.mpf_cache
2023-02-15 20:16:18,850 : INFO : YamlMultifileConfigLoader : Machine config file #1: config.yaml
2023-02-15 20:16:18,850 : INFO : ConfigProcessor : Loading config from file c:\users\student\mpfenv\lib\site-packages\mpf\mpfconfig.yaml.
2023-02-15 20:16:18,911 : INFO : ConfigProcessor : Loading config: c:\users\student\mpfenv\lib\site-packages\mpf\mpfconfig.yaml
2023-02-15 20:16:18,911 : INFO : ConfigProcessor : Loading config from file C:\Users\student\pinball\cobraPinTest1\config\config.yaml.
2023-02-15 20:16:18,942 : INFO : ConfigProcessor : Loading config: C:\Users\student\pinball\cobraPinTest1\config\config.yaml
2023-02-15 20:16:18,943 : INFO : ConfigProcessor : Config file cache created: C:\Users\student\AppData\Local\Temp\f1427cd4cbc9163bc2263f349f0fb463.mpf_cache
2023-02-15 20:16:19,006 : INFO : ConfigProcessor : Loading config from file c:\users\student\mpfenv\lib\site-packages\mpf\modes\attract\config\attract.yaml.
2023-02-15 20:16:19,007 : INFO : ConfigProcessor : Loading config: c:\users\student\mpfenv\lib\site-packages\mpf\modes\attract\config\attract.yaml
2023-02-15 20:16:19,007 : INFO : ConfigProcessor : Loading config from file C:\Users\student\pinball\cobraPinTest1\modes\attract\config\attract.yaml.
2023-02-15 20:16:19,008 : INFO : ConfigProcessor : Loading config: C:\Users\student\pinball\cobraPinTest1\modes\attract\config\attract.yaml
2023-02-15 20:16:19,009 : INFO : ConfigProcessor : Config file cache created: C:\Users\student\AppData\Local\Temp\32ed7ad340ce8029344f8b9ff63edc80.mpf_cache
2023-02-15 20:16:19,009 : INFO : ConfigProcessor : Loading config from file c:\users\student\mpfenv\lib\site-packages\mpf\modes\game\config\game.yaml.
2023-02-15 20:16:19,011 : INFO : ConfigProcessor : Loading config: c:\users\student\mpfenv\lib\site-packages\mpf\modes\game\config\game.yaml
2023-02-15 20:16:19,011 : INFO : ConfigProcessor : Config file cache created: C:\Users\student\AppData\Local\Temp\8696bd5a5a040ff67990be11cb4d3c0c.mpf_cache
2023-02-15 20:16:19,012 : INFO : ConfigProcessor : Loading config from file C:\Users\student\pinball\cobraPinTest1\modes\base\config\base.yaml.
2023-02-15 20:16:19,019 : INFO : ConfigProcessor : Loading config: C:\Users\student\pinball\cobraPinTest1\modes\base\config\base.yaml
2023-02-15 20:16:19,020 : INFO : ConfigProcessor : Config file cache created: C:\Users\student\AppData\Local\Temp\4675a535c8328a9c278c807d999ed109.mpf_cache
2023-02-15 20:16:19,020 : INFO : ConfigProcessor : Loading config from file C:\Users\student\pinball\cobraPinTest1\modes\reentry\config\reentry.yaml.
2023-02-15 20:16:19,033 : INFO : ConfigProcessor : Loading config: C:\Users\student\pinball\cobraPinTest1\modes\reentry\config\reentry.yaml
2023-02-15 20:16:19,034 : INFO : ConfigProcessor : Config file cache created: C:\Users\student\AppData\Local\Temp\0c8438cab3480347c0c749fa494946a2.mpf_cache
2023-02-15 20:16:19,035 : INFO : ConfigProcessor : Loading config from file C:\Users\student\pinball\cobraPinTest1\modes\attract\shows\.\attract_display_loop.yaml.
2023-02-15 20:16:19,046 : INFO : ConfigProcessor : Loading config: C:\Users\student\pinball\cobraPinTest1\modes\attract\shows\.\attract_display_loop.yaml
2023-02-15 20:16:19,047 : INFO : ConfigProcessor : Config file cache created: C:\Users\student\AppData\Local\Temp\f8d2c2cf3ea01f085365ea23fa51a701.mpf_cache
2023-02-15 20:16:19,047 : INFO : ConfigProcessor : Loading config from file C:\Users\student\pinball\cobraPinTest1\modes\attract\shows\.\attract_light_show.yaml.
2023-02-15 20:16:19,050 : INFO : ConfigProcessor : Loading config: C:\Users\student\pinball\cobraPinTest1\modes\attract\shows\.\attract_light_show.yaml
2023-02-15 20:16:19,051 : INFO : ConfigProcessor : Config file cache created: C:\Users\student\AppData\Local\Temp\30bd992f4b62a9b099207aebeb59554c.mpf_cache
2023-02-15 20:16:19,052 : INFO : Machine : Mission Pinball Framework Core Engine v0.55.0
2023-02-15 20:16:19,052 : INFO : Machine : Command line arguments: {'no_load_cache': True, 'create_config_cache': True, 'bcp': True, 'configfile': ['config.yaml'], 'force_assets_load': False, 'jsonlogging': False, 'logfile': 'logs\\2023-02-15-20-16-18-mpf-DESKTOP-0JH7ARL.log', 'pause': False, 'production': False, 'text_ui': True, 'loglevel': 15, 'consoleloglevel': 20, 'force_platform': None, 'syslog_address': None, 'mc_file_name': None, 'no_sound': False}
2023-02-15 20:16:19,052 : INFO : Machine : MPF path: c:\users\student\mpfenv\lib\site-packages\mpf
2023-02-15 20:16:19,052 : INFO : Machine : Machine path: C:\Users\student\pinball\cobraPinTest1
2023-02-15 20:16:19,052 : INFO : Machine : Platform: win32
2023-02-15 20:16:19,052 : INFO : Machine : Python executable location: c:\users\student\mpfenv\scripts\python.exe
2023-02-15 20:16:19,052 : INFO : Machine : Python version: 3.7.8 (64-bit)
2023-02-15 20:16:19,054 : INFO : Machine : Initialise MPF.
2023-02-15 20:16:19,219 : INFO : EventManager : Event: ======'machine_var_credits_string'====== Args={'value': 'FREE PLAY', 'prev_value': None, 'change': True}
2023-02-15 20:16:19,258 : INFO : EventManager : Event: ======'machine_var_master_volume'====== Args={'value': 0.5, 'prev_value': None, 'change': True}
2023-02-15 20:16:19,258 : INFO : EventManager : Event: ======'machine_var_player1_score'====== Args={'value': 1500, 'prev_value': None, 'change': True}
2023-02-15 20:16:19,258 : INFO : EventManager : Event: ======'machine_var_mpf_version'====== Args={'value': 'MPF v0.55.0', 'prev_value': None, 'change': True}
2023-02-15 20:16:19,258 : INFO : EventManager : Event: ======'machine_var_mpf_extended_version'====== Args={'value': 'MPF v0.55.0, Config version:5, Show version: 5, BCP version:1.1', 'prev_value': None, 'change': True}
2023-02-15 20:16:19,258 : INFO : EventManager : Event: ======'machine_var_python_version'====== Args={'value': '3.7.8', 'prev_value': None, 'change': True}
2023-02-15 20:16:19,259 : INFO : EventManager : Event: ======'machine_var_platform'====== Args={'value': 'Windows-10-10.0.19041-SP0', 'prev_value': None, 'change': True}
2023-02-15 20:16:19,259 : INFO : EventManager : Event: ======'machine_var_platform_system'====== Args={'value': 'Windows', 'prev_value': None, 'change': True}
2023-02-15 20:16:19,259 : INFO : EventManager : Event: ======'machine_var_platform_release'====== Args={'value': '10', 'prev_value': None, 'change': True}
2023-02-15 20:16:19,259 : INFO : EventManager : Event: ======'machine_var_platform_version'====== Args={'value': '10.0.19041', 'prev_value': None, 'change': True}
2023-02-15 20:16:19,259 : INFO : EventManager : Event: ======'machine_var_platform_machine'====== Args={'value': 'AMD64', 'prev_value': None, 'change': True}
2023-02-15 20:16:19,259 : INFO : EventManager : Event: ======'init_phase_1'====== Args={}
2023-02-15 20:16:19,274 : INFO : EventManager : Event: ======'logicblock_reentry_switch_counter_updated'====== Args={'value': 0, 'enabled': True}
2023-02-15 20:16:19,274 : INFO : EventManager : Event: ======'logicblock_reentry_switch_counter_updated'====== Args={'value': 0, 'enabled': True}
2023-02-15 20:16:19,275 : INFO : EventManager : Event: ======'init_phase_2'====== Args={}
2023-02-15 20:16:19,275 : INFO : SwitchController : Found active switch: ('0-0-8', <Platform.Virtual>) <switch.s_trough1>
2023-02-15 20:16:19,278 : INFO : EventManager : Event: ======'bcp_connection_attempt'====== Args={'name': 'local_display', 'host': 'localhost', 'port': 5050}
2023-02-15 20:16:19,280 : INFO : BCPClientSocket : Connecting BCP to 'local_display' at localhost:5050...
2023-02-15 20:16:21,322 : INFO : BCPClientSocket : Connected BCP to 'local_display' localhost:5050
2023-02-15 20:16:21,323 : INFO : EventManager : Event: ======'bcp_clients_connected'====== Args={}
2023-02-15 20:16:21,331 : INFO : ball_device.bd_trough : BCH: Initial count: 1
2023-02-15 20:16:21,332 : INFO : EventManager : Event: ======'machine_var_mc_version'====== Args={'value': 'MPF-MC v0.55.0', 'prev_value': None, 'change': True}
2023-02-15 20:16:21,332 : INFO : EventManager : Event: ======'machine_var_mc_extended_version'====== Args={'value': 'MPF-MC v0.55.0 (config_version=5, BCP v1.1, Requires MPF v0.55.0-dev.49)', 'prev_value': None, 'change': True}
2023-02-15 20:16:21,333 : INFO : ball_device.bd_trough : State: idle
2023-02-15 20:16:21,345 : INFO : ball_device.bd_plunger : BCH: Initial count: 0
2023-02-15 20:16:21,346 : INFO : ball_device.bd_plunger : State: idle
2023-02-15 20:16:21,406 : INFO : EventManager : Event: ======'init_phase_3'====== Args={}
2023-02-15 20:16:21,410 : INFO : EventManager : Event: ======'init_phase_4'====== Args={}
2023-02-15 20:16:21,411 : INFO : BallController : Initial balls found: 1
2023-02-15 20:16:21,411 : INFO : EventManager : Event: ======'machine_var_audits_events_game_ended'====== Args={'value': 0, 'prev_value': None, 'change': True}
2023-02-15 20:16:21,412 : INFO : EventManager : Event: ======'machine_var_audits_events_game_started'====== Args={'value': 0, 'prev_value': None, 'change': True}
2023-02-15 20:16:21,412 : INFO : EventManager : Event: ======'machine_var_audits_player_score'====== Args={'value': {'average': 1800.0, 'top': [2000, 1900, 1500], 'total': 3}, 'prev_value': None, 'change': True}
2023-02-15 20:16:21,412 : INFO : EventManager : Event: ======'machine_var_audits_shots_my_first_shot'====== Args={'value': 113, 'prev_value': None, 'change': True}
2023-02-15 20:16:21,413 : INFO : EventManager : Event: ======'machine_var_audits_shots_my_first_shot_mode2'====== Args={'value': 72, 'prev_value': None, 'change': True}
2023-02-15 20:16:21,413 : INFO : EventManager : Event: ======'machine_var_audits_shots_reentryL_shot'====== Args={'value': 50, 'prev_value': None, 'change': True}
2023-02-15 20:16:21,413 : INFO : EventManager : Event: ======'machine_var_audits_shots_reentryM_shot'====== Args={'value': 49, 'prev_value': None, 'change': True}
2023-02-15 20:16:21,413 : INFO : EventManager : Event: ======'machine_var_audits_shots_reentryR_shot'====== Args={'value': 34, 'prev_value': None, 'change': True}
2023-02-15 20:16:21,413 : INFO : EventManager : Event: ======'machine_var_audits_shots_reentry_shot'====== Args={'value': 9, 'prev_value': None, 'change': True}
2023-02-15 20:16:21,414 : INFO : EventManager : Event: ======'machine_var_audits_switches_s_blackhole_kicker'====== Args={'value': 0, 'prev_value': None, 'change': True}
2023-02-15 20:16:21,414 : INFO : EventManager : Event: ======'machine_var_audits_switches_s_bonus_lane'====== Args={'value': 0, 'prev_value': None, 'change': True}
2023-02-15 20:16:21,414 : INFO : EventManager : Event: ======'machine_var_audits_switches_s_booster_drop_target_1'====== Args={'value': 0, 'prev_value': None, 'change': True}
2023-02-15 20:16:21,414 : INFO : EventManager : Event: ======'machine_var_audits_switches_s_booster_drop_target_2'====== Args={'value': 0, 'prev_value': None, 'change': True}
2023-02-15 20:16:21,415 : INFO : EventManager : Event: ======'machine_var_audits_switches_s_booster_drop_target_3'====== Args={'value': 0, 'prev_value': None, 'change': True}
2023-02-15 20:16:21,415 : INFO : EventManager : Event: ======'machine_var_audits_switches_s_comet_spot_1'====== Args={'value': 0, 'prev_value': None, 'change': True}
2023-02-15 20:16:21,415 : INFO : EventManager : Event: ======'machine_var_audits_switches_s_comet_spot_2'====== Args={'value': 0, 'prev_value': None, 'change': True}
2023-02-15 20:16:21,416 : INFO : EventManager : Event: ======'machine_var_audits_switches_s_comet_spot_3'====== Args={'value': 0, 'prev_value': None, 'change': True}
2023-02-15 20:16:21,416 : INFO : EventManager : Event: ======'machine_var_audits_switches_s_engine_bumper_1'====== Args={'value': 0, 'prev_value': None, 'change': True}
2023-02-15 20:16:21,416 : INFO : EventManager : Event: ======'machine_var_audits_switches_s_engine_bumper_2'====== Args={'value': 0, 'prev_value': None, 'change': True}
2023-02-15 20:16:21,417 : INFO : EventManager : Event: ======'machine_var_audits_switches_s_engine_bumper_3'====== Args={'value': 0, 'prev_value': None, 'change': True}
2023-02-15 20:16:21,417 : INFO : EventManager : Event: ======'machine_var_audits_switches_s_fuel_chute_1'====== Args={'value': 0, 'prev_value': None, 'change': True}
2023-02-15 20:16:21,417 : INFO : EventManager : Event: ======'machine_var_audits_switches_s_fuel_chute_2'====== Args={'value': 0, 'prev_value': None, 'change': True}
2023-02-15 20:16:21,417 : INFO : EventManager : Event: ======'machine_var_audits_switches_s_fuel_chute_3'====== Args={'value': 0, 'prev_value': None, 'change': True}
2023-02-15 20:16:21,417 : INFO : EventManager : Event: ======'machine_var_audits_switches_s_fuel_chute_4'====== Args={'value': 0, 'prev_value': None, 'change': True}
2023-02-15 20:16:21,418 : INFO : EventManager : Event: ======'machine_var_audits_switches_s_fuel_chute_5'====== Args={'value': 0, 'prev_value': None, 'change': True}
2023-02-15 20:16:21,418 : INFO : EventManager : Event: ======'machine_var_audits_switches_s_fuel_chute_6'====== Args={'value': 0, 'prev_value': None, 'change': True}
2023-02-15 20:16:21,419 : INFO : EventManager : Event: ======'machine_var_audits_switches_s_fuel_flag'====== Args={'value': 0, 'prev_value': None, 'change': True}
2023-02-15 20:16:21,419 : INFO : EventManager : Event: ======'machine_var_audits_switches_s_fuel_spot_1'====== Args={'value': 0, 'prev_value': None, 'change': True}
2023-02-15 20:16:21,420 : INFO : EventManager : Event: ======'machine_var_audits_switches_s_fuel_spot_2'====== Args={'value': 0, 'prev_value': None, 'change': True}
2023-02-15 20:16:21,420 : INFO : EventManager : Event: ======'machine_var_audits_switches_s_fuel_spot_3'====== Args={'value': 0, 'prev_value': None, 'change': True}
2023-02-15 20:16:21,421 : INFO : EventManager : Event: ======'machine_var_audits_switches_s_green_wormhole'====== Args={'value': 0, 'prev_value': None, 'change': True}
2023-02-15 20:16:21,421 : INFO : EventManager : Event: ======'machine_var_audits_switches_s_hyperspace_flag'====== Args={'value': 0, 'prev_value': None, 'change': True}
2023-02-15 20:16:21,422 : INFO : EventManager : Event: ======'machine_var_audits_switches_s_hyperspacekicker'====== Args={'value': 0, 'prev_value': None, 'change': True}
2023-02-15 20:16:21,422 : INFO : EventManager : Event: ======'machine_var_audits_switches_s_launch_lane_1'====== Args={'value': 0, 'prev_value': None, 'change': True}
2023-02-15 20:16:21,423 : INFO : EventManager : Event: ======'machine_var_audits_switches_s_launch_lane_2'====== Args={'value': 0, 'prev_value': None, 'change': True}
2023-02-15 20:16:21,423 : INFO : EventManager : Event: ======'machine_var_audits_switches_s_launch_lane_3'====== Args={'value': 0, 'prev_value': None, 'change': True}
2023-02-15 20:16:21,424 : INFO : EventManager : Event: ======'machine_var_audits_switches_s_launch_ramp'====== Args={'value': 0, 'prev_value': None, 'change': True}
2023-02-15 20:16:21,424 : INFO : EventManager : Event: ======'machine_var_audits_switches_s_left_attack_bumper'====== Args={'value': 0, 'prev_value': None, 'change': True}
2023-02-15 20:16:21,425 : INFO : EventManager : Event: ======'machine_var_audits_switches_s_left_flipper'====== Args={'value': 455, 'prev_value': None, 'change': True}
2023-02-15 20:16:21,425 : INFO : EventManager : Event: ======'machine_var_audits_switches_s_left_out_lane'====== Args={'value': 0, 'prev_value': None, 'change': True}
2023-02-15 20:16:21,425 : INFO : EventManager : Event: ======'machine_var_audits_switches_s_left_out_lane_kicker'====== Args={'value': 0, 'prev_value': None, 'change': True}
2023-02-15 20:16:21,426 : INFO : EventManager : Event: ======'machine_var_audits_switches_s_left_return_lane'====== Args={'value': 0, 'prev_value': None, 'change': True}
2023-02-15 20:16:21,426 : INFO : EventManager : Event: ======'machine_var_audits_switches_s_lower_attack_bumper'====== Args={'value': 0, 'prev_value': None, 'change': True}
2023-02-15 20:16:21,427 : INFO : EventManager : Event: ======'machine_var_audits_switches_s_lower_left_rebound'====== Args={'value': 0, 'prev_value': None, 'change': True}
2023-02-15 20:16:21,427 : INFO : EventManager : Event: ======'machine_var_audits_switches_s_lower_left_slingshot'====== Args={'value': 0, 'prev_value': None, 'change': True}
2023-02-15 20:16:21,428 : INFO : EventManager : Event: ======'machine_var_audits_switches_s_lower_right_rebound'====== Args={'value': 0, 'prev_value': None, 'change': True}
2023-02-15 20:16:21,428 : INFO : EventManager : Event: ======'machine_var_audits_switches_s_lower_right_slingshot'====== Args={'value': 0, 'prev_value': None, 'change': True}
2023-02-15 20:16:21,428 : INFO : EventManager : Event: ======'machine_var_audits_switches_s_medal_drop_left'====== Args={'value': 0, 'prev_value': None, 'change': True}
2023-02-15 20:16:21,429 : INFO : EventManager : Event: ======'machine_var_audits_switches_s_medal_drop_middle'====== Args={'value': 0, 'prev_value': None, 'change': True}
2023-02-15 20:16:21,429 : INFO : EventManager : Event: ======'machine_var_audits_switches_s_medal_drop_right'====== Args={'value': 0, 'prev_value': None, 'change': True}
2023-02-15 20:16:21,430 : INFO : EventManager : Event: ======'machine_var_audits_switches_s_mission_spot_1'====== Args={'value': 0, 'prev_value': None, 'change': True}
2023-02-15 20:16:21,430 : INFO : EventManager : Event: ======'machine_var_audits_switches_s_mission_spot_2'====== Args={'value': 0, 'prev_value': None, 'change': True}
2023-02-15 20:16:21,431 : INFO : EventManager : Event: ======'machine_var_audits_switches_s_mission_spot_3'====== Args={'value': 0, 'prev_value': None, 'change': True}
2023-02-15 20:16:21,431 : INFO : EventManager : Event: ======'machine_var_audits_switches_s_multiplier_left'====== Args={'value': 0, 'prev_value': None, 'change': True}
2023-02-15 20:16:21,432 : INFO : EventManager : Event: ======'machine_var_audits_switches_s_multiplier_middle'====== Args={'value': 0, 'prev_value': None, 'change': True}
2023-02-15 20:16:21,432 : INFO : EventManager : Event: ======'machine_var_audits_switches_s_multiplier_right'====== Args={'value': 0, 'prev_value': None, 'change': True}
2023-02-15 20:16:21,433 : INFO : EventManager : Event: ======'machine_var_audits_switches_s_plunger'====== Args={'value': 63, 'prev_value': None, 'change': True}
2023-02-15 20:16:21,433 : INFO : EventManager : Event: ======'machine_var_audits_switches_s_radiationspot_1'====== Args={'value': 0, 'prev_value': None, 'change': True}
2023-02-15 20:16:21,434 : INFO : EventManager : Event: ======'machine_var_audits_switches_s_radiationspot_2'====== Args={'value': 0, 'prev_value': None, 'change': True}
2023-02-15 20:16:21,434 : INFO : EventManager : Event: ======'machine_var_audits_switches_s_radiationspot_3'====== Args={'value': 0, 'prev_value': None, 'change': True}
2023-02-15 20:16:21,435 : INFO : EventManager : Event: ======'machine_var_audits_switches_s_red_wormhole'====== Args={'value': 0, 'prev_value': None, 'change': True}
2023-02-15 20:16:21,435 : INFO : EventManager : Event: ======'machine_var_audits_switches_s_reentry_left'====== Args={'value': 385, 'prev_value': None, 'change': True}
2023-02-15 20:16:21,436 : INFO : EventManager : Event: ======'machine_var_audits_switches_s_reentry_middle'====== Args={'value': 109, 'prev_value': None, 'change': True}
2023-02-15 20:16:21,436 : INFO : EventManager : Event: ======'machine_var_audits_switches_s_reentry_right'====== Args={'value': 80, 'prev_value': None, 'change': True}
2023-02-15 20:16:21,437 : INFO : EventManager : Event: ======'machine_var_audits_switches_s_right_flipper'====== Args={'value': 183, 'prev_value': None, 'change': True}
2023-02-15 20:16:21,437 : INFO : EventManager : Event: ======'machine_var_audits_switches_s_right_inlane'====== Args={'value': 0, 'prev_value': None, 'change': True}
2023-02-15 20:16:21,438 : INFO : EventManager : Event: ======'machine_var_audits_switches_s_right_out_lane'====== Args={'value': 0, 'prev_value': None, 'change': True}
2023-02-15 20:16:21,438 : INFO : EventManager : Event: ======'machine_var_audits_switches_s_right_out_lane_kicker'====== Args={'value': 0, 'prev_value': None, 'change': True}
2023-02-15 20:16:21,438 : INFO : EventManager : Event: ======'machine_var_audits_switches_s_right_return_lane'====== Args={'value': 0, 'prev_value': None, 'change': True}
2023-02-15 20:16:21,439 : INFO : EventManager : Event: ======'machine_var_audits_switches_s_satellite_bumper'====== Args={'value': 0, 'prev_value': None, 'change': True}
2023-02-15 20:16:21,439 : INFO : EventManager : Event: ======'machine_var_audits_switches_s_secondary_outlane_kicker'====== Args={'value': 0, 'prev_value': None, 'change': True}
2023-02-15 20:16:21,440 : INFO : EventManager : Event: ======'machine_var_audits_switches_s_skill_shot_1'====== Args={'value': 0, 'prev_value': None, 'change': True}
2023-02-15 20:16:21,440 : INFO : EventManager : Event: ======'machine_var_audits_switches_s_skill_shot_2'====== Args={'value': 0, 'prev_value': None, 'change': True}
2023-02-15 20:16:21,440 : INFO : EventManager : Event: ======'machine_var_audits_switches_s_skill_shot_3'====== Args={'value': 0, 'prev_value': None, 'change': True}
2023-02-15 20:16:21,441 : INFO : EventManager : Event: ======'machine_var_audits_switches_s_skill_shot_4'====== Args={'value': 0, 'prev_value': None, 'change': True}
2023-02-15 20:16:21,441 : INFO : EventManager : Event: ======'machine_var_audits_switches_s_skill_shot_5'====== Args={'value': 0, 'prev_value': None, 'change': True}
2023-02-15 20:16:21,441 : INFO : EventManager : Event: ======'machine_var_audits_switches_s_skill_shot_6'====== Args={'value': 0, 'prev_value': None, 'change': True}
2023-02-15 20:16:21,442 : INFO : EventManager : Event: ======'machine_var_audits_switches_s_skill_shot_lane'====== Args={'value': 0, 'prev_value': None, 'change': True}
2023-02-15 20:16:21,442 : INFO : EventManager : Event: ======'machine_var_audits_switches_s_spacewarp_rollover'====== Args={'value': 0, 'prev_value': None, 'change': True}
2023-02-15 20:16:21,442 : INFO : EventManager : Event: ======'machine_var_audits_switches_s_start'====== Args={'value': 1, 'prev_value': None, 'change': True}
2023-02-15 20:16:21,443 : INFO : EventManager : Event: ======'machine_var_audits_switches_s_trough1'====== Args={'value': 27, 'prev_value': None, 'change': True}
2023-02-15 20:16:21,444 : INFO : EventManager : Event: ======'machine_var_audits_switches_s_trough2'====== Args={'value': 0, 'prev_value': None, 'change': True}
2023-02-15 20:16:21,444 : INFO : EventManager : Event: ======'machine_var_audits_switches_s_trough3'====== Args={'value': 0, 'prev_value': None, 'change': True}
2023-02-15 20:16:21,444 : INFO : EventManager : Event: ======'machine_var_audits_switches_s_trough4'====== Args={'value': 0, 'prev_value': None, 'change': True}
2023-02-15 20:16:21,445 : INFO : EventManager : Event: ======'machine_var_audits_switches_s_trough5'====== Args={'value': 0, 'prev_value': None, 'change': True}
2023-02-15 20:16:21,445 : INFO : EventManager : Event: ======'machine_var_audits_switches_s_trough6'====== Args={'value': 0, 'prev_value': None, 'change': True}
2023-02-15 20:16:21,446 : INFO : EventManager : Event: ======'machine_var_audits_switches_s_trough_jam'====== Args={'value': 0, 'prev_value': None, 'change': True}
2023-02-15 20:16:21,446 : INFO : EventManager : Event: ======'machine_var_audits_switches_s_upper_attack_bumper'====== Args={'value': 0, 'prev_value': None, 'change': True}
2023-02-15 20:16:21,446 : INFO : EventManager : Event: ======'machine_var_audits_switches_s_upper_left_rebound'====== Args={'value': 0, 'prev_value': None, 'change': True}
2023-02-15 20:16:21,447 : INFO : EventManager : Event: ======'machine_var_audits_switches_s_upper_right_rebound'====== Args={'value': 0, 'prev_value': None, 'change': True}
2023-02-15 20:16:21,447 : INFO : EventManager : Event: ======'machine_var_audits_switches_s_wormhole_target'====== Args={'value': 0, 'prev_value': None, 'change': True}
2023-02-15 20:16:21,447 : INFO : EventManager : Event: ======'machine_var_audits_switches_s_yellow_wormhole'====== Args={'value': 0, 'prev_value': None, 'change': True}
2023-02-15 20:16:21,448 : INFO : EventManager : Event: ======'init_phase_5'====== Args={}
2023-02-15 20:16:21,460 : INFO : EventManager : Event: ======'init_done'====== Args={}
2023-02-15 20:16:21,461 : INFO : EventManager : Event: ======'machine_reset_phase_1'====== Args={}
2023-02-15 20:16:21,475 : INFO : EventManager : Event: ======'slide_welcome_slide_removed'====== Args={'_from_bcp': True}
2023-02-15 20:16:21,476 : INFO : EventManager : Event: ======'slide_welcome_slide_created'====== Args={'_from_bcp': True}
2023-02-15 20:16:21,480 : INFO : EventManager : Event: ======'slide_welcome_slide_active'====== Args={'_from_bcp': True}
2023-02-15 20:16:21,481 : INFO : EventManager : Event: ======'machine_reset_phase_2'====== Args={}
2023-02-15 20:16:21,481 : INFO : EventManager : Event: ======'machine_reset_phase_3'====== Args={}
2023-02-15 20:16:21,482 : INFO : EventManager : Event: ======'reset_complete'====== Args={}
2023-02-15 20:16:21,483 : INFO : EventManager : Event: ======'mode_attract_will_start'====== Args={}
2023-02-15 20:16:21,486 : INFO : EventManager : Event: ======'mode_attract_starting'====== Args={}
2023-02-15 20:16:21,486 : INFO : Mode.attract : Started. Priority: 10
2023-02-15 20:16:21,486 : INFO : EventManager : Event: ======'modes_active_modes_changed'====== Args={}
2023-02-15 20:16:21,486 : INFO : EventManager : Event: ======'mode_attract_started'====== Args={}
2023-02-15 20:16:21,487 : INFO : EventManager : Event: ======'collecting_balls_complete'====== Args={}
2023-02-15 20:16:21,508 : INFO : EventManager : Event: ======'slide_awesome_slide_created'====== Args={'_from_bcp': True}
2023-02-15 20:16:21,508 : INFO : EventManager : Event: ======'slide_awesome_slide_active'====== Args={'_from_bcp': True}
2023-02-15 20:16:21,508 : INFO : Machine : Starting the main run loop.
2023-02-15 20:16:21,508 : INFO : BcpServer : New client connected.
2023-02-15 20:16:24,156 : INFO : SwitchController : <<<<<<< 's_start' active >>>>>>>
2023-02-15 20:16:24,180 : INFO : SwitchController : <<<<<<< 's_start' inactive >>>>>>>
2023-02-15 20:16:24,181 : INFO : EventManager : Event: ======'request_to_start_game'====== Args={}
2023-02-15 20:16:24,182 : INFO : EventManager : Event: ======'game_start'====== Args={'buttons': [], 'hold_time': 0.030999999995401595}
2023-02-15 20:16:24,184 : INFO : EventManager : Event: ======'mode_game_will_start'====== Args={'buttons': [], 'hold_time': 0.030999999995401595}
2023-02-15 20:16:24,186 : INFO : EventManager : Event: ======'mode_game_starting'====== Args={'buttons': [], 'hold_time': 0.030999999995401595}
2023-02-15 20:16:24,187 : INFO : EventManager : Event: ======'mode_attract_will_stop'====== Args={}
2023-02-15 20:16:24,189 : INFO : EventManager : Event: ======'mode_attract_stopping'====== Args={}
2023-02-15 20:16:24,190 : INFO : Mode.attract : Stopped.
2023-02-15 20:16:24,191 : INFO : EventManager : Event: ======'modes_active_modes_changed'====== Args={}
2023-02-15 20:16:24,193 : INFO : EventManager : Event: ======'mode_attract_stopped'====== Args={}
2023-02-15 20:16:24,194 : INFO : EventManager : Event: ======'clear'====== Args={'key': 'attract'}
2023-02-15 20:16:24,196 : INFO : Mode.game : Started. Priority: 20
2023-02-15 20:16:24,196 : INFO : EventManager : Event: ======'modes_active_modes_changed'====== Args={}
2023-02-15 20:16:24,196 : INFO : EventManager : Event: ======'mode_game_started'====== Args={'buttons': [], 'hold_time': 0.030999999995401595}
2023-02-15 20:16:24,207 : INFO : EventManager : Event: ======'game_will_start'====== Args={}
2023-02-15 20:16:24,208 : INFO : EventManager : Event: ======'slide_awesome_slide_removed'====== Args={'_from_bcp': True}
2023-02-15 20:16:24,208 : INFO : EventManager : Event: ======'slide_welcome_slide_active'====== Args={'_from_bcp': True}
2023-02-15 20:16:24,208 : INFO : EventManager : Event: ======'game_starting'====== Args={'game': <Mode.game>}
2023-02-15 20:16:24,209 : INFO : EventManager : Event: ======'player_add_request'====== Args={}
2023-02-15 20:16:24,209 : INFO : EventManager : Event: ======'player_will_add'====== Args={'number': 1}
2023-02-15 20:16:24,209 : INFO : EventManager : Event: ======'player_adding'====== Args={'player': <Player 1>, 'number': 1}
2023-02-15 20:16:24,210 : INFO : EventManager : Event: ======'player_added'====== Args={'player': <Player 1>, 'num': 1}
2023-02-15 20:16:24,210 : INFO : Mode.game : Player added successfully. Total players: 1
2023-02-15 20:16:24,210 : INFO : EventManager : Event: ======'player_index'====== Args={'value': 0, 'prev_value': 0, 'change': 0, 'player_num': 1}
2023-02-15 20:16:24,210 : INFO : EventManager : Event: ======'player_number'====== Args={'value': 1, 'prev_value': 1, 'change': 0, 'player_num': 1}
2023-02-15 20:16:24,211 : INFO : EventManager : Event: ======'player_score'====== Args={'value': 0, 'prev_value': 0, 'change': 0, 'player_num': 1}
2023-02-15 20:16:24,211 : INFO : EventManager : Event: ======'game_started'====== Args={}
2023-02-15 20:16:24,226 : INFO : EventManager : Event: ======'player_turn_will_start'====== Args={'player': <Player 1>, 'number': 1}
2023-02-15 20:16:24,227 : INFO : EventManager : Event: ======'player_turn_starting'====== Args={'player': <Player 1>, 'number': 1}
2023-02-15 20:16:24,227 : INFO : EventManager : Event: ======'player_ball'====== Args={'value': 1, 'prev_value': 0, 'change': 1, 'player_num': 1}
2023-02-15 20:16:24,227 : INFO : EventManager : Event: ======'player_turn_started'====== Args={'player': <Player 1>, 'number': 1}
2023-02-15 20:16:24,228 : INFO : EventManager : Event: ======'ball_will_start'====== Args={'player': 1, 'ball': 1, 'balls_remaining': 2, 'is_extra_ball': False}
2023-02-15 20:16:24,231 : INFO : EventManager : Event: ======'ball_starting'====== Args={'player': 1, 'ball': 1, 'balls_remaining': 2, 'is_extra_ball': False}
2023-02-15 20:16:24,231 : INFO : EventManager : Event: ======'mode_base_will_start'====== Args={'queue': <QueuedEvent>, 'player': 1, 'ball': 1, 'balls_remaining': 2, 'is_extra_ball': False}
2023-02-15 20:16:24,232 : INFO : EventManager : Event: ======'player_shot_my_first_shot_enabled'====== Args={'value': True, 'prev_value': 0, 'change': 1, 'player_num': 1}
2023-02-15 20:16:24,233 : INFO : EventManager : Event: ======'mode_base_starting'====== Args={'queue': <QueuedEvent>, 'player': 1, 'ball': 1, 'balls_remaining': 2, 'is_extra_ball': False}
2023-02-15 20:16:24,233 : INFO : Mode.base : Started. Priority: 100
2023-02-15 20:16:24,233 : INFO : EventManager : Event: ======'modes_active_modes_changed'====== Args={}
2023-02-15 20:16:24,233 : INFO : EventManager : Event: ======'mode_base_started'====== Args={'queue': <QueuedEvent>, 'player': 1, 'ball': 1, 'balls_remaining': 2, 'is_extra_ball': False}
2023-02-15 20:16:24,234 : INFO : EventManager : Event: ======'balls_in_play'====== Args={'balls': 1}
2023-02-15 20:16:24,234 : INFO : EventManager : Event: ======'ball_started'====== Args={'player': 1, 'ball': 1, 'balls_remaining': 2, 'is_extra_ball': False}
2023-02-15 20:16:24,255 : INFO : EventManager : Event: ======'single_player_ball_started'====== Args={}
2023-02-15 20:16:24,255 : INFO : EventManager : Event: ======'slide_base.slide_player-mode_base_started_created'====== Args={'_from_bcp': True}
2023-02-15 20:16:24,256 : INFO : EventManager : Event: ======'slide__global.slide_player-ball_started_created'====== Args={'_from_bcp': True}
2023-02-15 20:16:24,256 : INFO : EventManager : Event: ======'slide_base.slide_player-mode_base_started_active'====== Args={'_from_bcp': True}
2023-02-15 20:16:24,256 : INFO : EventManager : Event: ======'ball_start_target'====== Args={'target': 'playfield'}
2023-02-15 20:16:24,257 : INFO : ball_device.bd_plunger : Setting up player-controlled eject. Balls: 1, Target: <playfield.playfield>, player_controlled_eject_event: None
2023-02-15 20:16:24,257 : INFO : EventManager : Event: ======'balldevice_balls_available'====== Args={}
2023-02-15 20:16:24,258 : INFO : ball_device.bd_trough : State: waiting_for_target_ready
2023-02-15 20:16:24,258 : INFO : EventManager : Event: ======'balldevice_bd_trough_ball_eject_attempt'====== Args={'balls': 1, 'target': <ball_device.bd_plunger>, 'source': <ball_device.bd_trough>, 'mechanical_eject': True, 'num_attempts': 0}
2023-02-15 20:16:24,258 : INFO : ball_device.bd_plunger : State: waiting_for_ball
2023-02-15 20:16:24,259 : INFO : ball_device.bd_trough : State: ejecting
2023-02-15 20:16:24,259 : INFO : ball_device.bd_trough : Ejecting ball to <ball_device.bd_plunger>
2023-02-15 20:16:24,259 : INFO : EventManager : Event: ======'balldevice_bd_trough_ejecting_ball'====== Args={'balls': 1, 'target': <ball_device.bd_plunger>, 'source': <ball_device.bd_trough>, 'mechanical_eject': True, 'num_attempts': 0}
2023-02-15 20:16:24,260 : INFO : ball_device.bd_trough : Wait for ball to leave device
2023-02-15 20:16:24,260 : INFO : coil.c_trough_eject : Pulsing Driver for 10ms (1.0 pulse_power)
2023-02-15 20:16:25,738 : INFO : EventManager : Event: ======'reentry_start'====== Args={'_from_bcp': True}
2023-02-15 20:16:25,740 : INFO : EventManager : Event: ======'mode_reentry_will_start'====== Args={}
2023-02-15 20:16:25,742 : INFO : EventManager : Event: ======'player_shot_reentryL_shot_enabled'====== Args={'value': True, 'prev_value': 0, 'change': 1, 'player_num': 1}
2023-02-15 20:16:25,744 : INFO : EventManager : Event: ======'player_shot_reentryM_shot_enabled'====== Args={'value': True, 'prev_value': 0, 'change': 1, 'player_num': 1}
2023-02-15 20:16:25,747 : INFO : EventManager : Event: ======'player_shot_reentryR_shot_enabled'====== Args={'value': True, 'prev_value': 0, 'change': 1, 'player_num': 1}
2023-02-15 20:16:25,749 : INFO : EventManager : Event: ======'reentry_shot_complete'====== Args={'state': 'off'}
2023-02-15 20:16:25,750 : INFO : EventManager : Event: ======'reentry_shot_off_complete'====== Args={}
2023-02-15 20:16:25,754 : INFO : EventManager : Event: ======'mode_reentry_starting'====== Args={}
2023-02-15 20:16:25,754 : INFO : Mode.reentry : Started. Priority: 200
2023-02-15 20:16:25,754 : INFO : EventManager : Event: ======'modes_active_modes_changed'====== Args={}
2023-02-15 20:16:25,754 : INFO : EventManager : Event: ======'mode_reentry_started'====== Args={}
2023-02-15 20:16:27,405 : INFO : SwitchController : <<<<<<< 's_reentry_left' active >>>>>>>
2023-02-15 20:16:27,406 : INFO : EventManager : Event: ======'playfield_active'====== Args={}
2023-02-15 20:16:27,406 : INFO : EventManager : Event: ======'unexpected_ball_on_playfield'====== Args={}
2023-02-15 20:16:27,407 : INFO : EventManager : Event: ======'playfield_active'====== Args={}
2023-02-15 20:16:27,407 : INFO : EventManager : Event: ======'unexpected_ball_on_playfield'====== Args={}
2023-02-15 20:16:27,408 : INFO : EventManager : Event: ======'s_reentry_left_active'====== Args={}
2023-02-15 20:16:27,408 : INFO : EventManager : Event: ======'sw_playfield_active'====== Args={}
2023-02-15 20:16:27,409 : INFO : EventManager : Event: ======'machine_var_audits_switches_s_reentry_left'====== Args={'value': 386, 'prev_value': 385, 'change': 1}
2023-02-15 20:16:27,410 : INFO : EventManager : Event: ======'player_shot_reentryL_shot'====== Args={'value': 1, 'prev_value': 0, 'change': 1, 'player_num': 1}
2023-02-15 20:16:27,411 : INFO : EventManager : Event: ======'machine_var_audits_shots_reentryL_shot'====== Args={'value': 51, 'prev_value': 50, 'change': 1}
2023-02-15 20:16:27,419 : INFO : EventManager : Event: ======'reentryL_shot_hit'====== Args={'profile': 'reentry', 'state': 'off', 'advancing': True}
2023-02-15 20:16:27,419 : INFO : EventManager : Event: ======'reentryL_shot_reentry_hit'====== Args={'profile': 'reentry', 'state': 'off', 'advancing': True}
2023-02-15 20:16:27,419 : INFO : EventManager : Event: ======'reentryL_shot_reentry_off_hit'====== Args={'profile': 'reentry', 'state': 'off', 'advancing': True}
2023-02-15 20:16:27,420 : INFO : EventManager : Event: ======'reentryL_shot_off_hit'====== Args={'profile': 'reentry', 'state': 'off', 'advancing': True}
2023-02-15 20:16:27,420 : INFO : EventManager : Event: ======'logicblock_reentry_switch_counter_updated'====== Args={'value': 1, 'enabled': True}
2023-02-15 20:16:27,420 : INFO : EventManager : Event: ======'reentry_sound_active'====== Args={'count': 1}
2023-02-15 20:16:27,420 : INFO : EventManager : Event: ======'reentry_shot_hit'====== Args={}
2023-02-15 20:16:27,420 : INFO : EventManager : Event: ======'reentry_shot_off_hit'====== Args={}
2023-02-15 20:16:27,421 : INFO : EventManager : Event: ======'player_score'====== Args={'value': 1000, 'prev_value': 0, 'change': 1000, 'player_num': 1}
2023-02-15 20:16:27,421 : INFO : EventManager : Event: ======'playfield_active'====== Args={}
2023-02-15 20:16:27,421 : INFO : EventManager : Event: ======'unexpected_ball_on_playfield'====== Args={}
2023-02-15 20:16:27,610 : INFO : SwitchController : <<<<<<< 's_reentry_left' inactive >>>>>>>
2023-02-15 20:16:28,192 : INFO : SwitchController : <<<<<<< 's_reentry_middle' active >>>>>>>
2023-02-15 20:16:28,193 : INFO : EventManager : Event: ======'playfield_active'====== Args={}
2023-02-15 20:16:28,194 : INFO : EventManager : Event: ======'unexpected_ball_on_playfield'====== Args={}
2023-02-15 20:16:28,195 : INFO : EventManager : Event: ======'s_reentry_middle_active'====== Args={}
2023-02-15 20:16:28,197 : INFO : EventManager : Event: ======'sw_playfield_active'====== Args={}
2023-02-15 20:16:28,198 : INFO : EventManager : Event: ======'machine_var_audits_switches_s_reentry_middle'====== Args={'value': 110, 'prev_value': 109, 'change': 1}
2023-02-15 20:16:28,202 : INFO : EventManager : Event: ======'player_shot_reentryM_shot'====== Args={'value': 1, 'prev_value': 0, 'change': 1, 'player_num': 1}
2023-02-15 20:16:28,205 : INFO : EventManager : Event: ======'machine_var_audits_shots_reentryM_shot'====== Args={'value': 50, 'prev_value': 49, 'change': 1}
2023-02-15 20:16:28,208 : INFO : EventManager : Event: ======'reentryM_shot_hit'====== Args={'profile': 'reentry', 'state': 'off', 'advancing': True}
2023-02-15 20:16:28,208 : INFO : EventManager : Event: ======'reentryM_shot_reentry_hit'====== Args={'profile': 'reentry', 'state': 'off', 'advancing': True}
2023-02-15 20:16:28,209 : INFO : EventManager : Event: ======'reentryM_shot_reentry_off_hit'====== Args={'profile': 'reentry', 'state': 'off', 'advancing': True}
2023-02-15 20:16:28,210 : INFO : EventManager : Event: ======'reentryM_shot_off_hit'====== Args={'profile': 'reentry', 'state': 'off', 'advancing': True}
2023-02-15 20:16:28,210 : INFO : EventManager : Event: ======'reentry_shot_hit'====== Args={}
2023-02-15 20:16:28,212 : INFO : EventManager : Event: ======'reentry_shot_off_hit'====== Args={}
2023-02-15 20:16:28,213 : INFO : EventManager : Event: ======'player_score'====== Args={'value': 2000, 'prev_value': 1000, 'change': 1000, 'player_num': 1}
2023-02-15 20:16:28,215 : INFO : EventManager : Event: ======'playfield_active'====== Args={}
2023-02-15 20:16:28,215 : INFO : EventManager : Event: ======'unexpected_ball_on_playfield'====== Args={}
2023-02-15 20:16:28,395 : INFO : SwitchController : <<<<<<< 's_reentry_middle' inactive >>>>>>>
2023-02-15 20:16:29,493 : INFO : SwitchController : <<<<<<< 's_reentry_right' active >>>>>>>
2023-02-15 20:16:29,494 : INFO : EventManager : Event: ======'playfield_active'====== Args={}
2023-02-15 20:16:29,495 : INFO : EventManager : Event: ======'unexpected_ball_on_playfield'====== Args={}
2023-02-15 20:16:29,496 : INFO : EventManager : Event: ======'s_reentry_right_active'====== Args={}
2023-02-15 20:16:29,498 : INFO : EventManager : Event: ======'machine_var_audits_switches_s_reentry_right'====== Args={'value': 81, 'prev_value': 80, 'change': 1}
2023-02-15 20:16:29,500 : INFO : EventManager : Event: ======'player_shot_reentryR_shot'====== Args={'value': 1, 'prev_value': 0, 'change': 1, 'player_num': 1}
2023-02-15 20:16:29,511 : INFO : EventManager : Event: ======'machine_var_audits_shots_reentryR_shot'====== Args={'value': 35, 'prev_value': 34, 'change': 1}
2023-02-15 20:16:29,511 : INFO : EventManager : Event: ======'reentryR_shot_hit'====== Args={'profile': 'reentry', 'state': 'off', 'advancing': True}
2023-02-15 20:16:29,511 : INFO : EventManager : Event: ======'reentryR_shot_reentry_hit'====== Args={'profile': 'reentry', 'state': 'off', 'advancing': True}
2023-02-15 20:16:29,511 : INFO : EventManager : Event: ======'reentryR_shot_reentry_off_hit'====== Args={'profile': 'reentry', 'state': 'off', 'advancing': True}
2023-02-15 20:16:29,512 : INFO : EventManager : Event: ======'reentryR_shot_off_hit'====== Args={'profile': 'reentry', 'state': 'off', 'advancing': True}
2023-02-15 20:16:29,512 : INFO : EventManager : Event: ======'reentry_shot_complete'====== Args={'state': 'lit'}
2023-02-15 20:16:29,512 : INFO : EventManager : Event: ======'reentry_shot_lit_complete'====== Args={}
2023-02-15 20:16:29,512 : INFO : EventManager : Event: ======'reentry_shot_hit'====== Args={}
2023-02-15 20:16:29,512 : INFO : EventManager : Event: ======'reentry_shot_off_hit'====== Args={}
2023-02-15 20:16:29,512 : INFO : EventManager : Event: ======'player_score'====== Args={'value': 7000, 'prev_value': 2000, 'change': 5000, 'player_num': 1}
2023-02-15 20:16:29,513 : INFO : EventManager : Event: ======'player_score'====== Args={'value': 8000, 'prev_value': 7000, 'change': 1000, 'player_num': 1}
2023-02-15 20:16:29,657 : INFO : SwitchController : <<<<<<< 's_reentry_right' inactive >>>>>>>
2023-02-15 20:16:34,262 : INFO : EventManager : Event: ======'balldevice_bd_trough_ball_eject_failed'====== Args={'target': <ball_device.bd_plunger>, 'balls': 1, 'retry': True, 'num_attempts': 1}
2023-02-15 20:16:34,265 : INFO : ball_device.bd_trough : State: waiting_for_target_ready
2023-02-15 20:16:34,266 : INFO : EventManager : Event: ======'balldevice_bd_trough_ball_eject_attempt'====== Args={'balls': 1, 'target': <ball_device.bd_plunger>, 'source': <ball_device.bd_trough>, 'mechanical_eject': True, 'num_attempts': 1}
2023-02-15 20:16:34,268 : INFO : ball_device.bd_trough : State: ejecting
2023-02-15 20:16:34,270 : INFO : ball_device.bd_trough : Ejecting ball to <ball_device.bd_plunger>
2023-02-15 20:16:34,270 : INFO : EventManager : Event: ======'balldevice_bd_trough_ejecting_ball'====== Args={'balls': 1, 'target': <ball_device.bd_plunger>, 'source': <ball_device.bd_trough>, 'mechanical_eject': True, 'num_attempts': 1}
2023-02-15 20:16:34,272 : INFO : ball_device.bd_trough : Wait for ball to leave device
2023-02-15 20:16:34,273 : INFO : coil.c_trough_eject : Pulsing Driver for 10ms (1.0 pulse_power)
2023-02-15 20:16:44,288 : INFO : EventManager : Event: ======'balldevice_bd_trough_ball_eject_failed'====== Args={'target': <ball_device.bd_plunger>, 'balls': 1, 'retry': True, 'num_attempts': 2}
2023-02-15 20:16:44,291 : INFO : ball_device.bd_trough : State: waiting_for_target_ready
2023-02-15 20:16:44,292 : INFO : EventManager : Event: ======'balldevice_bd_trough_ball_eject_attempt'====== Args={'balls': 1, 'target': <ball_device.bd_plunger>, 'source': <ball_device.bd_trough>, 'mechanical_eject': True, 'num_attempts': 2}
2023-02-15 20:16:44,294 : INFO : ball_device.bd_trough : State: ejecting
2023-02-15 20:16:44,295 : INFO : ball_device.bd_trough : Ejecting ball to <ball_device.bd_plunger>
2023-02-15 20:16:44,296 : INFO : EventManager : Event: ======'balldevice_bd_trough_ejecting_ball'====== Args={'balls': 1, 'target': <ball_device.bd_plunger>, 'source': <ball_device.bd_trough>, 'mechanical_eject': True, 'num_attempts': 2}
2023-02-15 20:16:44,298 : INFO : ball_device.bd_trough : Wait for ball to leave device
2023-02-15 20:16:44,299 : INFO : coil.c_trough_eject : Pulsing Driver for 10ms (1.0 pulse_power)
2023-02-15 20:16:52,471 : INFO : Machine : Shutting down...
2023-02-15 20:16:52,471 : INFO : EventManager : Event: ======'shutdown'====== Args={}
2023-02-15 20:16:52,476 : INFO : root : MPF run loop ended.
