2023-02-13 20:00:41,264 : INFO : root : Loading config.
2023-02-13 20:00:41,595 : INFO : ConfigProcessor : Config spec file cache created: C:\Users\student\AppData\Local\Temp\config_spec.mpf_cache
2023-02-13 20:00:41,595 : INFO : YamlMultifileConfigLoader : Machine config file #1: config.yaml
2023-02-13 20:00:41,595 : INFO : ConfigProcessor : Loading config from file c:\users\student\mpfenv\lib\site-packages\mpf\mpfconfig.yaml.
2023-02-13 20:00:41,659 : INFO : ConfigProcessor : Loading config: c:\users\student\mpfenv\lib\site-packages\mpf\mpfconfig.yaml
2023-02-13 20:00:41,660 : INFO : ConfigProcessor : Loading config from file C:\Users\student\pinball\cobraPinTest1\config\config.yaml.
2023-02-13 20:00:41,689 : INFO : ConfigProcessor : Loading config: C:\Users\student\pinball\cobraPinTest1\config\config.yaml
2023-02-13 20:00:41,691 : INFO : ConfigProcessor : Config file cache created: C:\Users\student\AppData\Local\Temp\f1427cd4cbc9163bc2263f349f0fb463.mpf_cache
2023-02-13 20:00:41,754 : INFO : ConfigProcessor : Loading config from file c:\users\student\mpfenv\lib\site-packages\mpf\modes\attract\config\attract.yaml.
2023-02-13 20:00:41,756 : INFO : ConfigProcessor : Loading config: c:\users\student\mpfenv\lib\site-packages\mpf\modes\attract\config\attract.yaml
2023-02-13 20:00:41,756 : INFO : ConfigProcessor : Loading config from file C:\Users\student\pinball\cobraPinTest1\modes\attract\config\attract.yaml.
2023-02-13 20:00:41,757 : INFO : ConfigProcessor : Loading config: C:\Users\student\pinball\cobraPinTest1\modes\attract\config\attract.yaml
2023-02-13 20:00:41,757 : INFO : ConfigProcessor : Config file cache created: C:\Users\student\AppData\Local\Temp\32ed7ad340ce8029344f8b9ff63edc80.mpf_cache
2023-02-13 20:00:41,758 : INFO : ConfigProcessor : Loading config from file c:\users\student\mpfenv\lib\site-packages\mpf\modes\game\config\game.yaml.
2023-02-13 20:00:41,760 : INFO : ConfigProcessor : Loading config: c:\users\student\mpfenv\lib\site-packages\mpf\modes\game\config\game.yaml
2023-02-13 20:00:41,760 : INFO : ConfigProcessor : Config file cache created: C:\Users\student\AppData\Local\Temp\8696bd5a5a040ff67990be11cb4d3c0c.mpf_cache
2023-02-13 20:00:41,761 : INFO : ConfigProcessor : Loading config from file C:\Users\student\pinball\cobraPinTest1\modes\base\config\base.yaml.
2023-02-13 20:00:41,769 : INFO : ConfigProcessor : Loading config: C:\Users\student\pinball\cobraPinTest1\modes\base\config\base.yaml
2023-02-13 20:00:41,769 : INFO : ConfigProcessor : Config file cache created: C:\Users\student\AppData\Local\Temp\4675a535c8328a9c278c807d999ed109.mpf_cache
2023-02-13 20:00:41,770 : INFO : ConfigProcessor : Loading config from file C:\Users\student\pinball\cobraPinTest1\modes\mode2\config\mode2.yaml.
2023-02-13 20:00:41,777 : INFO : ConfigProcessor : Loading config: C:\Users\student\pinball\cobraPinTest1\modes\mode2\config\mode2.yaml
2023-02-13 20:00:41,778 : INFO : ConfigProcessor : Config file cache created: C:\Users\student\AppData\Local\Temp\9525b8ae9fe847ba6c98fe60136d147b.mpf_cache
2023-02-13 20:00:41,778 : INFO : ConfigProcessor : Loading config from file C:\Users\student\pinball\cobraPinTest1\modes\attract\shows\.\attract_display_loop.yaml.
2023-02-13 20:00:41,787 : INFO : ConfigProcessor : Loading config: C:\Users\student\pinball\cobraPinTest1\modes\attract\shows\.\attract_display_loop.yaml
2023-02-13 20:00:41,788 : INFO : ConfigProcessor : Config file cache created: C:\Users\student\AppData\Local\Temp\f8d2c2cf3ea01f085365ea23fa51a701.mpf_cache
2023-02-13 20:00:41,788 : INFO : ConfigProcessor : Loading config from file C:\Users\student\pinball\cobraPinTest1\modes\attract\shows\.\attract_light_show.yaml.
2023-02-13 20:00:41,791 : INFO : ConfigProcessor : Loading config: C:\Users\student\pinball\cobraPinTest1\modes\attract\shows\.\attract_light_show.yaml
2023-02-13 20:00:41,791 : INFO : ConfigProcessor : Config file cache created: C:\Users\student\AppData\Local\Temp\30bd992f4b62a9b099207aebeb59554c.mpf_cache
2023-02-13 20:00:41,792 : INFO : Machine : Mission Pinball Framework Core Engine v0.55.0
2023-02-13 20:00:41,792 : INFO : Machine : Command line arguments: {'no_load_cache': True, 'create_config_cache': True, 'bcp': True, 'configfile': ['config.yaml'], 'force_assets_load': False, 'jsonlogging': False, 'logfile': 'logs\\2023-02-13-20-00-41-mpf-DESKTOP-0JH7ARL.log', 'pause': False, 'production': False, 'text_ui': True, 'loglevel': 15, 'consoleloglevel': 20, 'force_platform': None, 'syslog_address': None, 'mc_file_name': None, 'no_sound': False}
2023-02-13 20:00:41,792 : INFO : Machine : MPF path: c:\users\student\mpfenv\lib\site-packages\mpf
2023-02-13 20:00:41,792 : INFO : Machine : Machine path: C:\Users\student\pinball\cobraPinTest1
2023-02-13 20:00:41,792 : INFO : Machine : Platform: win32
2023-02-13 20:00:41,792 : INFO : Machine : Python executable location: c:\users\student\mpfenv\scripts\python.exe
2023-02-13 20:00:41,792 : INFO : Machine : Python version: 3.7.8 (64-bit)
2023-02-13 20:00:41,794 : INFO : Machine : Initialise MPF.
2023-02-13 20:00:41,963 : INFO : OPP : Connecting to com4 at 115200bps
2023-02-13 20:00:42,146 : INFO : OPP : Init of OPP board 0 done
2023-02-13 20:00:42,146 : INFO : OPP : Connecting to com5 at 115200bps
2023-02-13 20:00:42,239 : INFO : OPP : Init of OPP board 1 done
2023-02-13 20:00:42,240 : INFO : EventManager : Event: ======'machine_var_credits_string'====== Args={'value': 'FREE PLAY', 'prev_value': None, 'change': True}
2023-02-13 20:00:42,287 : INFO : EventManager : Event: ======'machine_var_master_volume'====== Args={'value': 0.5, 'prev_value': None, 'change': True}
2023-02-13 20:00:42,288 : INFO : EventManager : Event: ======'machine_var_player1_score'====== Args={'value': 1500, 'prev_value': None, 'change': True}
2023-02-13 20:00:42,288 : INFO : EventManager : Event: ======'machine_var_mpf_version'====== Args={'value': 'MPF v0.55.0', 'prev_value': None, 'change': True}
2023-02-13 20:00:42,288 : INFO : EventManager : Event: ======'machine_var_mpf_extended_version'====== Args={'value': 'MPF v0.55.0, Config version:5, Show version: 5, BCP version:1.1', 'prev_value': None, 'change': True}
2023-02-13 20:00:42,288 : INFO : EventManager : Event: ======'machine_var_python_version'====== Args={'value': '3.7.8', 'prev_value': None, 'change': True}
2023-02-13 20:00:42,288 : INFO : EventManager : Event: ======'machine_var_platform'====== Args={'value': 'Windows-10-10.0.19041-SP0', 'prev_value': None, 'change': True}
2023-02-13 20:00:42,288 : INFO : EventManager : Event: ======'machine_var_platform_system'====== Args={'value': 'Windows', 'prev_value': None, 'change': True}
2023-02-13 20:00:42,288 : INFO : EventManager : Event: ======'machine_var_platform_release'====== Args={'value': '10', 'prev_value': None, 'change': True}
2023-02-13 20:00:42,288 : INFO : EventManager : Event: ======'machine_var_platform_version'====== Args={'value': '10.0.19041', 'prev_value': None, 'change': True}
2023-02-13 20:00:42,288 : INFO : EventManager : Event: ======'machine_var_platform_machine'====== Args={'value': 'AMD64', 'prev_value': None, 'change': True}
2023-02-13 20:00:42,288 : INFO : EventManager : Event: ======'init_phase_1'====== Args={}
2023-02-13 20:00:42,310 : INFO : EventManager : Event: ======'logicblock_reentry_switch_counter_updated'====== Args={'value': 0, 'enabled': True}
2023-02-13 20:00:42,310 : INFO : EventManager : Event: ======'logicblock_reentry_switch_counter_updated'====== Args={'value': 0, 'enabled': True}
2023-02-13 20:00:42,312 : INFO : EventManager : Event: ======'init_phase_2'====== Args={}
2023-02-13 20:00:42,313 : INFO : SwitchController : Found active switch: ('0-0-8', <Platform.OPP>) <switch.s_trough1>
2023-02-13 20:00:42,317 : INFO : EventManager : Event: ======'bcp_connection_attempt'====== Args={'name': 'local_display', 'host': 'localhost', 'port': 5050}
2023-02-13 20:00:42,319 : INFO : BCPClientSocket : Connecting BCP to 'local_display' at localhost:5050...
2023-02-13 20:00:44,364 : INFO : BCPClientSocket : Connected BCP to 'local_display' localhost:5050
2023-02-13 20:00:44,366 : INFO : EventManager : Event: ======'bcp_clients_connected'====== Args={}
2023-02-13 20:00:44,384 : INFO : ball_device.bd_trough : BCH: Initial count: 1
2023-02-13 20:00:44,384 : INFO : EventManager : Event: ======'machine_var_mc_version'====== Args={'value': 'MPF-MC v0.55.0', 'prev_value': None, 'change': True}
2023-02-13 20:00:44,385 : INFO : EventManager : Event: ======'machine_var_mc_extended_version'====== Args={'value': 'MPF-MC v0.55.0 (config_version=5, BCP v1.1, Requires MPF v0.55.0-dev.49)', 'prev_value': None, 'change': True}
2023-02-13 20:00:44,386 : INFO : ball_device.bd_trough : State: idle
2023-02-13 20:00:44,399 : INFO : ball_device.bd_plunger : BCH: Initial count: 0
2023-02-13 20:00:44,399 : INFO : ball_device.bd_plunger : State: idle
2023-02-13 20:00:44,459 : INFO : EventManager : Event: ======'init_phase_3'====== Args={}
2023-02-13 20:00:44,463 : INFO : EventManager : Event: ======'init_phase_4'====== Args={}
2023-02-13 20:00:44,463 : INFO : BallController : Initial balls found: 1
2023-02-13 20:00:44,464 : INFO : EventManager : Event: ======'machine_var_audits_events_game_ended'====== Args={'value': 0, 'prev_value': None, 'change': True}
2023-02-13 20:00:44,465 : INFO : EventManager : Event: ======'machine_var_audits_events_game_started'====== Args={'value': 0, 'prev_value': None, 'change': True}
2023-02-13 20:00:44,465 : INFO : EventManager : Event: ======'machine_var_audits_player_score'====== Args={'value': {'average': 1800.0, 'top': [2000, 1900, 1500], 'total': 3}, 'prev_value': None, 'change': True}
2023-02-13 20:00:44,465 : INFO : EventManager : Event: ======'machine_var_audits_shots_my_first_shot'====== Args={'value': 89, 'prev_value': None, 'change': True}
2023-02-13 20:00:44,466 : INFO : EventManager : Event: ======'machine_var_audits_shots_my_first_shot_mode2'====== Args={'value': 71, 'prev_value': None, 'change': True}
2023-02-13 20:00:44,466 : INFO : EventManager : Event: ======'machine_var_audits_switches_s_blackhole_kicker'====== Args={'value': 0, 'prev_value': None, 'change': True}
2023-02-13 20:00:44,467 : INFO : EventManager : Event: ======'machine_var_audits_switches_s_bonus_lane'====== Args={'value': 0, 'prev_value': None, 'change': True}
2023-02-13 20:00:44,467 : INFO : EventManager : Event: ======'machine_var_audits_switches_s_booster_drop_target_1'====== Args={'value': 0, 'prev_value': None, 'change': True}
2023-02-13 20:00:44,467 : INFO : EventManager : Event: ======'machine_var_audits_switches_s_booster_drop_target_2'====== Args={'value': 0, 'prev_value': None, 'change': True}
2023-02-13 20:00:44,468 : INFO : EventManager : Event: ======'machine_var_audits_switches_s_booster_drop_target_3'====== Args={'value': 0, 'prev_value': None, 'change': True}
2023-02-13 20:00:44,468 : INFO : EventManager : Event: ======'machine_var_audits_switches_s_comet_spot_1'====== Args={'value': 0, 'prev_value': None, 'change': True}
2023-02-13 20:00:44,468 : INFO : EventManager : Event: ======'machine_var_audits_switches_s_comet_spot_2'====== Args={'value': 0, 'prev_value': None, 'change': True}
2023-02-13 20:00:44,469 : INFO : EventManager : Event: ======'machine_var_audits_switches_s_comet_spot_3'====== Args={'value': 0, 'prev_value': None, 'change': True}
2023-02-13 20:00:44,469 : INFO : EventManager : Event: ======'machine_var_audits_switches_s_engine_bumper_1'====== Args={'value': 0, 'prev_value': None, 'change': True}
2023-02-13 20:00:44,469 : INFO : EventManager : Event: ======'machine_var_audits_switches_s_engine_bumper_2'====== Args={'value': 0, 'prev_value': None, 'change': True}
2023-02-13 20:00:44,470 : INFO : EventManager : Event: ======'machine_var_audits_switches_s_engine_bumper_3'====== Args={'value': 0, 'prev_value': None, 'change': True}
2023-02-13 20:00:44,470 : INFO : EventManager : Event: ======'machine_var_audits_switches_s_fuel_chute_1'====== Args={'value': 0, 'prev_value': None, 'change': True}
2023-02-13 20:00:44,470 : INFO : EventManager : Event: ======'machine_var_audits_switches_s_fuel_chute_2'====== Args={'value': 0, 'prev_value': None, 'change': True}
2023-02-13 20:00:44,471 : INFO : EventManager : Event: ======'machine_var_audits_switches_s_fuel_chute_3'====== Args={'value': 0, 'prev_value': None, 'change': True}
2023-02-13 20:00:44,471 : INFO : EventManager : Event: ======'machine_var_audits_switches_s_fuel_chute_4'====== Args={'value': 0, 'prev_value': None, 'change': True}
2023-02-13 20:00:44,471 : INFO : EventManager : Event: ======'machine_var_audits_switches_s_fuel_chute_5'====== Args={'value': 0, 'prev_value': None, 'change': True}
2023-02-13 20:00:44,472 : INFO : EventManager : Event: ======'machine_var_audits_switches_s_fuel_chute_6'====== Args={'value': 0, 'prev_value': None, 'change': True}
2023-02-13 20:00:44,472 : INFO : EventManager : Event: ======'machine_var_audits_switches_s_fuel_flag'====== Args={'value': 0, 'prev_value': None, 'change': True}
2023-02-13 20:00:44,472 : INFO : EventManager : Event: ======'machine_var_audits_switches_s_fuel_spot_1'====== Args={'value': 0, 'prev_value': None, 'change': True}
2023-02-13 20:00:44,473 : INFO : EventManager : Event: ======'machine_var_audits_switches_s_fuel_spot_2'====== Args={'value': 0, 'prev_value': None, 'change': True}
2023-02-13 20:00:44,473 : INFO : EventManager : Event: ======'machine_var_audits_switches_s_fuel_spot_3'====== Args={'value': 0, 'prev_value': None, 'change': True}
2023-02-13 20:00:44,474 : INFO : EventManager : Event: ======'machine_var_audits_switches_s_green_wormhole'====== Args={'value': 0, 'prev_value': None, 'change': True}
2023-02-13 20:00:44,474 : INFO : EventManager : Event: ======'machine_var_audits_switches_s_hyperspace_flag'====== Args={'value': 0, 'prev_value': None, 'change': True}
2023-02-13 20:00:44,474 : INFO : EventManager : Event: ======'machine_var_audits_switches_s_hyperspacekicker'====== Args={'value': 0, 'prev_value': None, 'change': True}
2023-02-13 20:00:44,475 : INFO : EventManager : Event: ======'machine_var_audits_switches_s_launch_lane_1'====== Args={'value': 0, 'prev_value': None, 'change': True}
2023-02-13 20:00:44,475 : INFO : EventManager : Event: ======'machine_var_audits_switches_s_launch_lane_2'====== Args={'value': 0, 'prev_value': None, 'change': True}
2023-02-13 20:00:44,475 : INFO : EventManager : Event: ======'machine_var_audits_switches_s_launch_lane_3'====== Args={'value': 0, 'prev_value': None, 'change': True}
2023-02-13 20:00:44,476 : INFO : EventManager : Event: ======'machine_var_audits_switches_s_launch_ramp'====== Args={'value': 0, 'prev_value': None, 'change': True}
2023-02-13 20:00:44,476 : INFO : EventManager : Event: ======'machine_var_audits_switches_s_left_attack_bumper'====== Args={'value': 0, 'prev_value': None, 'change': True}
2023-02-13 20:00:44,476 : INFO : EventManager : Event: ======'machine_var_audits_switches_s_left_flipper'====== Args={'value': 442, 'prev_value': None, 'change': True}
2023-02-13 20:00:44,477 : INFO : EventManager : Event: ======'machine_var_audits_switches_s_left_out_lane'====== Args={'value': 0, 'prev_value': None, 'change': True}
2023-02-13 20:00:44,477 : INFO : EventManager : Event: ======'machine_var_audits_switches_s_left_out_lane_kicker'====== Args={'value': 0, 'prev_value': None, 'change': True}
2023-02-13 20:00:44,478 : INFO : EventManager : Event: ======'machine_var_audits_switches_s_left_return_lane'====== Args={'value': 0, 'prev_value': None, 'change': True}
2023-02-13 20:00:44,478 : INFO : EventManager : Event: ======'machine_var_audits_switches_s_lower_attack_bumper'====== Args={'value': 0, 'prev_value': None, 'change': True}
2023-02-13 20:00:44,479 : INFO : EventManager : Event: ======'machine_var_audits_switches_s_lower_left_rebound'====== Args={'value': 0, 'prev_value': None, 'change': True}
2023-02-13 20:00:44,479 : INFO : EventManager : Event: ======'machine_var_audits_switches_s_lower_left_slingshot'====== Args={'value': 0, 'prev_value': None, 'change': True}
2023-02-13 20:00:44,480 : INFO : EventManager : Event: ======'machine_var_audits_switches_s_lower_right_rebound'====== Args={'value': 0, 'prev_value': None, 'change': True}
2023-02-13 20:00:44,480 : INFO : EventManager : Event: ======'machine_var_audits_switches_s_lower_right_slingshot'====== Args={'value': 0, 'prev_value': None, 'change': True}
2023-02-13 20:00:44,481 : INFO : EventManager : Event: ======'machine_var_audits_switches_s_medal_drop_left'====== Args={'value': 0, 'prev_value': None, 'change': True}
2023-02-13 20:00:44,481 : INFO : EventManager : Event: ======'machine_var_audits_switches_s_medal_drop_middle'====== Args={'value': 0, 'prev_value': None, 'change': True}
2023-02-13 20:00:44,482 : INFO : EventManager : Event: ======'machine_var_audits_switches_s_medal_drop_right'====== Args={'value': 0, 'prev_value': None, 'change': True}
2023-02-13 20:00:44,482 : INFO : EventManager : Event: ======'machine_var_audits_switches_s_mission_spot_1'====== Args={'value': 0, 'prev_value': None, 'change': True}
2023-02-13 20:00:44,483 : INFO : EventManager : Event: ======'machine_var_audits_switches_s_mission_spot_2'====== Args={'value': 0, 'prev_value': None, 'change': True}
2023-02-13 20:00:44,483 : INFO : EventManager : Event: ======'machine_var_audits_switches_s_mission_spot_3'====== Args={'value': 0, 'prev_value': None, 'change': True}
2023-02-13 20:00:44,483 : INFO : EventManager : Event: ======'machine_var_audits_switches_s_multiplier_left'====== Args={'value': 0, 'prev_value': None, 'change': True}
2023-02-13 20:00:44,484 : INFO : EventManager : Event: ======'machine_var_audits_switches_s_multiplier_middle'====== Args={'value': 0, 'prev_value': None, 'change': True}
2023-02-13 20:00:44,484 : INFO : EventManager : Event: ======'machine_var_audits_switches_s_multiplier_right'====== Args={'value': 0, 'prev_value': None, 'change': True}
2023-02-13 20:00:44,485 : INFO : EventManager : Event: ======'machine_var_audits_switches_s_plunger'====== Args={'value': 63, 'prev_value': None, 'change': True}
2023-02-13 20:00:44,485 : INFO : EventManager : Event: ======'machine_var_audits_switches_s_radiationspot_1'====== Args={'value': 0, 'prev_value': None, 'change': True}
2023-02-13 20:00:44,486 : INFO : EventManager : Event: ======'machine_var_audits_switches_s_radiationspot_2'====== Args={'value': 0, 'prev_value': None, 'change': True}
2023-02-13 20:00:44,486 : INFO : EventManager : Event: ======'machine_var_audits_switches_s_radiationspot_3'====== Args={'value': 0, 'prev_value': None, 'change': True}
2023-02-13 20:00:44,486 : INFO : EventManager : Event: ======'machine_var_audits_switches_s_red_wormhole'====== Args={'value': 0, 'prev_value': None, 'change': True}
2023-02-13 20:00:44,486 : INFO : EventManager : Event: ======'machine_var_audits_switches_s_reentry_left'====== Args={'value': 307, 'prev_value': None, 'change': True}
2023-02-13 20:00:44,487 : INFO : EventManager : Event: ======'machine_var_audits_switches_s_reentry_middle'====== Args={'value': 50, 'prev_value': None, 'change': True}
2023-02-13 20:00:44,487 : INFO : EventManager : Event: ======'machine_var_audits_switches_s_reentry_right'====== Args={'value': 37, 'prev_value': None, 'change': True}
2023-02-13 20:00:44,487 : INFO : EventManager : Event: ======'machine_var_audits_switches_s_right_flipper'====== Args={'value': 167, 'prev_value': None, 'change': True}
2023-02-13 20:00:44,487 : INFO : EventManager : Event: ======'machine_var_audits_switches_s_right_inlane'====== Args={'value': 0, 'prev_value': None, 'change': True}
2023-02-13 20:00:44,488 : INFO : EventManager : Event: ======'machine_var_audits_switches_s_right_out_lane'====== Args={'value': 0, 'prev_value': None, 'change': True}
2023-02-13 20:00:44,488 : INFO : EventManager : Event: ======'machine_var_audits_switches_s_right_out_lane_kicker'====== Args={'value': 0, 'prev_value': None, 'change': True}
2023-02-13 20:00:44,488 : INFO : EventManager : Event: ======'machine_var_audits_switches_s_right_return_lane'====== Args={'value': 0, 'prev_value': None, 'change': True}
2023-02-13 20:00:44,489 : INFO : EventManager : Event: ======'machine_var_audits_switches_s_satellite_bumper'====== Args={'value': 0, 'prev_value': None, 'change': True}
2023-02-13 20:00:44,489 : INFO : EventManager : Event: ======'machine_var_audits_switches_s_secondary_outlane_kicker'====== Args={'value': 0, 'prev_value': None, 'change': True}
2023-02-13 20:00:44,489 : INFO : EventManager : Event: ======'machine_var_audits_switches_s_skill_shot_1'====== Args={'value': 0, 'prev_value': None, 'change': True}
2023-02-13 20:00:44,490 : INFO : EventManager : Event: ======'machine_var_audits_switches_s_skill_shot_2'====== Args={'value': 0, 'prev_value': None, 'change': True}
2023-02-13 20:00:44,490 : INFO : EventManager : Event: ======'machine_var_audits_switches_s_skill_shot_3'====== Args={'value': 0, 'prev_value': None, 'change': True}
2023-02-13 20:00:44,491 : INFO : EventManager : Event: ======'machine_var_audits_switches_s_skill_shot_4'====== Args={'value': 0, 'prev_value': None, 'change': True}
2023-02-13 20:00:44,491 : INFO : EventManager : Event: ======'machine_var_audits_switches_s_skill_shot_5'====== Args={'value': 0, 'prev_value': None, 'change': True}
2023-02-13 20:00:44,492 : INFO : EventManager : Event: ======'machine_var_audits_switches_s_skill_shot_6'====== Args={'value': 0, 'prev_value': None, 'change': True}
2023-02-13 20:00:44,492 : INFO : EventManager : Event: ======'machine_var_audits_switches_s_skill_shot_lane'====== Args={'value': 0, 'prev_value': None, 'change': True}
2023-02-13 20:00:44,493 : INFO : EventManager : Event: ======'machine_var_audits_switches_s_spacewarp_rollover'====== Args={'value': 0, 'prev_value': None, 'change': True}
2023-02-13 20:00:44,493 : INFO : EventManager : Event: ======'machine_var_audits_switches_s_start'====== Args={'value': 1, 'prev_value': None, 'change': True}
2023-02-13 20:00:44,493 : INFO : EventManager : Event: ======'machine_var_audits_switches_s_trough1'====== Args={'value': 27, 'prev_value': None, 'change': True}
2023-02-13 20:00:44,494 : INFO : EventManager : Event: ======'machine_var_audits_switches_s_trough2'====== Args={'value': 0, 'prev_value': None, 'change': True}
2023-02-13 20:00:44,494 : INFO : EventManager : Event: ======'machine_var_audits_switches_s_trough3'====== Args={'value': 0, 'prev_value': None, 'change': True}
2023-02-13 20:00:44,494 : INFO : EventManager : Event: ======'machine_var_audits_switches_s_trough4'====== Args={'value': 0, 'prev_value': None, 'change': True}
2023-02-13 20:00:44,495 : INFO : EventManager : Event: ======'machine_var_audits_switches_s_trough5'====== Args={'value': 0, 'prev_value': None, 'change': True}
2023-02-13 20:00:44,495 : INFO : EventManager : Event: ======'machine_var_audits_switches_s_trough6'====== Args={'value': 0, 'prev_value': None, 'change': True}
2023-02-13 20:00:44,495 : INFO : EventManager : Event: ======'machine_var_audits_switches_s_trough_jam'====== Args={'value': 0, 'prev_value': None, 'change': True}
2023-02-13 20:00:44,496 : INFO : EventManager : Event: ======'machine_var_audits_switches_s_upper_attack_bumper'====== Args={'value': 0, 'prev_value': None, 'change': True}
2023-02-13 20:00:44,496 : INFO : EventManager : Event: ======'machine_var_audits_switches_s_upper_left_rebound'====== Args={'value': 0, 'prev_value': None, 'change': True}
2023-02-13 20:00:44,496 : INFO : EventManager : Event: ======'machine_var_audits_switches_s_upper_right_rebound'====== Args={'value': 0, 'prev_value': None, 'change': True}
2023-02-13 20:00:44,496 : INFO : EventManager : Event: ======'machine_var_audits_switches_s_wormhole_target'====== Args={'value': 0, 'prev_value': None, 'change': True}
2023-02-13 20:00:44,496 : INFO : EventManager : Event: ======'machine_var_audits_switches_s_yellow_wormhole'====== Args={'value': 0, 'prev_value': None, 'change': True}
2023-02-13 20:00:44,498 : INFO : EventManager : Event: ======'init_phase_5'====== Args={}
2023-02-13 20:00:44,510 : INFO : EventManager : Event: ======'init_done'====== Args={}
2023-02-13 20:00:44,511 : INFO : EventManager : Event: ======'machine_reset_phase_1'====== Args={}
2023-02-13 20:00:44,515 : INFO : EventManager : Event: ======'slide_welcome_slide_removed'====== Args={'_from_bcp': True}
2023-02-13 20:00:44,517 : INFO : EventManager : Event: ======'slide_welcome_slide_created'====== Args={'_from_bcp': True}
2023-02-13 20:00:44,519 : INFO : EventManager : Event: ======'machine_reset_phase_2'====== Args={}
2023-02-13 20:00:44,519 : INFO : EventManager : Event: ======'machine_reset_phase_3'====== Args={}
2023-02-13 20:00:44,519 : INFO : EventManager : Event: ======'slide_welcome_slide_active'====== Args={'_from_bcp': True}
2023-02-13 20:00:44,520 : INFO : EventManager : Event: ======'reset_complete'====== Args={}
2023-02-13 20:00:44,521 : INFO : EventManager : Event: ======'mode_attract_will_start'====== Args={}
2023-02-13 20:00:44,521 : INFO : EventManager : Event: ======'mode_attract_starting'====== Args={}
2023-02-13 20:00:44,521 : INFO : Mode.attract : Started. Priority: 10
2023-02-13 20:00:44,521 : INFO : EventManager : Event: ======'modes_active_modes_changed'====== Args={}
2023-02-13 20:00:44,521 : INFO : EventManager : Event: ======'mode_attract_started'====== Args={}
2023-02-13 20:00:44,522 : INFO : EventManager : Event: ======'collecting_balls_complete'====== Args={}
2023-02-13 20:00:44,543 : INFO : EventManager : Event: ======'slide_awesome_slide_created'====== Args={'_from_bcp': True}
2023-02-13 20:00:44,543 : INFO : EventManager : Event: ======'slide_awesome_slide_active'====== Args={'_from_bcp': True}
2023-02-13 20:00:44,544 : INFO : Machine : Starting the main run loop.
2023-02-13 20:00:45,419 : INFO : BcpServer : New client connected.
2023-02-13 20:00:47,543 : INFO : EventManager : Event: ======'slide_press_start_created'====== Args={'_from_bcp': True}
2023-02-13 20:00:47,544 : INFO : EventManager : Event: ======'slide_press_start_active'====== Args={'_from_bcp': True}
2023-02-13 20:00:48,120 : INFO : SwitchController : <<<<<<< 's_start' active >>>>>>>
2023-02-13 20:00:48,256 : INFO : SwitchController : <<<<<<< 's_start' inactive >>>>>>>
2023-02-13 20:00:48,257 : INFO : EventManager : Event: ======'request_to_start_game'====== Args={}
2023-02-13 20:00:48,258 : INFO : EventManager : Event: ======'game_start'====== Args={'buttons': [], 'hold_time': 0.14099999982863665}
2023-02-13 20:00:48,258 : INFO : EventManager : Event: ======'mode_game_will_start'====== Args={'buttons': [], 'hold_time': 0.14099999982863665}
2023-02-13 20:00:48,259 : INFO : EventManager : Event: ======'mode_game_starting'====== Args={'buttons': [], 'hold_time': 0.14099999982863665}
2023-02-13 20:00:48,259 : INFO : EventManager : Event: ======'mode_attract_will_stop'====== Args={}
2023-02-13 20:00:48,259 : INFO : EventManager : Event: ======'mode_attract_stopping'====== Args={}
2023-02-13 20:00:48,260 : INFO : Mode.attract : Stopped.
2023-02-13 20:00:48,260 : INFO : EventManager : Event: ======'modes_active_modes_changed'====== Args={}
2023-02-13 20:00:48,261 : INFO : EventManager : Event: ======'mode_attract_stopped'====== Args={}
2023-02-13 20:00:48,261 : INFO : EventManager : Event: ======'clear'====== Args={'key': 'attract'}
2023-02-13 20:00:48,262 : INFO : Mode.game : Started. Priority: 20
2023-02-13 20:00:48,262 : INFO : EventManager : Event: ======'modes_active_modes_changed'====== Args={}
2023-02-13 20:00:48,262 : INFO : EventManager : Event: ======'mode_game_started'====== Args={'buttons': [], 'hold_time': 0.14099999982863665}
2023-02-13 20:00:48,269 : INFO : EventManager : Event: ======'game_will_start'====== Args={}
2023-02-13 20:00:48,270 : INFO : EventManager : Event: ======'slide_awesome_slide_removed'====== Args={'_from_bcp': True}
2023-02-13 20:00:48,270 : INFO : EventManager : Event: ======'slide_press_start_removed'====== Args={'_from_bcp': True}
2023-02-13 20:00:48,271 : INFO : EventManager : Event: ======'slide_welcome_slide_active'====== Args={'_from_bcp': True}
2023-02-13 20:00:48,271 : INFO : EventManager : Event: ======'game_starting'====== Args={'game': <Mode.game>}
2023-02-13 20:00:48,272 : INFO : EventManager : Event: ======'player_add_request'====== Args={}
2023-02-13 20:00:48,273 : INFO : EventManager : Event: ======'player_will_add'====== Args={'number': 1}
2023-02-13 20:00:48,273 : INFO : EventManager : Event: ======'player_adding'====== Args={'player': <Player 1>, 'number': 1}
2023-02-13 20:00:48,273 : INFO : EventManager : Event: ======'player_added'====== Args={'player': <Player 1>, 'num': 1}
2023-02-13 20:00:48,273 : INFO : Mode.game : Player added successfully. Total players: 1
2023-02-13 20:00:48,273 : INFO : EventManager : Event: ======'player_index'====== Args={'value': 0, 'prev_value': 0, 'change': 0, 'player_num': 1}
2023-02-13 20:00:48,274 : INFO : EventManager : Event: ======'player_number'====== Args={'value': 1, 'prev_value': 1, 'change': 0, 'player_num': 1}
2023-02-13 20:00:48,274 : INFO : EventManager : Event: ======'player_score'====== Args={'value': 0, 'prev_value': 0, 'change': 0, 'player_num': 1}
2023-02-13 20:00:48,275 : INFO : EventManager : Event: ======'game_started'====== Args={}
2023-02-13 20:00:48,290 : INFO : EventManager : Event: ======'player_turn_will_start'====== Args={'player': <Player 1>, 'number': 1}
2023-02-13 20:00:48,291 : INFO : EventManager : Event: ======'player_turn_starting'====== Args={'player': <Player 1>, 'number': 1}
2023-02-13 20:00:48,292 : INFO : EventManager : Event: ======'player_ball'====== Args={'value': 1, 'prev_value': 0, 'change': 1, 'player_num': 1}
2023-02-13 20:00:48,293 : INFO : EventManager : Event: ======'player_turn_started'====== Args={'player': <Player 1>, 'number': 1}
2023-02-13 20:00:48,294 : INFO : EventManager : Event: ======'ball_will_start'====== Args={'player': 1, 'ball': 1, 'balls_remaining': 2, 'is_extra_ball': False}
2023-02-13 20:00:48,297 : INFO : EventManager : Event: ======'ball_starting'====== Args={'player': 1, 'ball': 1, 'balls_remaining': 2, 'is_extra_ball': False}
2023-02-13 20:00:48,298 : INFO : EventManager : Event: ======'mode_base_will_start'====== Args={'queue': <QueuedEvent>, 'player': 1, 'ball': 1, 'balls_remaining': 2, 'is_extra_ball': False}
2023-02-13 20:00:48,299 : INFO : EventManager : Event: ======'player_shot_my_first_shot_enabled'====== Args={'value': True, 'prev_value': 0, 'change': 1, 'player_num': 1}
2023-02-13 20:00:48,300 : INFO : EventManager : Event: ======'mode_base_starting'====== Args={'queue': <QueuedEvent>, 'player': 1, 'ball': 1, 'balls_remaining': 2, 'is_extra_ball': False}
2023-02-13 20:00:48,301 : INFO : Mode.base : Started. Priority: 100
2023-02-13 20:00:48,301 : INFO : EventManager : Event: ======'modes_active_modes_changed'====== Args={}
2023-02-13 20:00:48,301 : INFO : EventManager : Event: ======'mode_base_started'====== Args={'queue': <QueuedEvent>, 'player': 1, 'ball': 1, 'balls_remaining': 2, 'is_extra_ball': False}
2023-02-13 20:00:48,302 : INFO : EventManager : Event: ======'balls_in_play'====== Args={'balls': 1}
2023-02-13 20:00:48,303 : INFO : EventManager : Event: ======'ball_started'====== Args={'player': 1, 'ball': 1, 'balls_remaining': 2, 'is_extra_ball': False}
2023-02-13 20:00:48,323 : INFO : EventManager : Event: ======'single_player_ball_started'====== Args={}
2023-02-13 20:00:48,324 : INFO : EventManager : Event: ======'slide_base.slide_player-mode_base_started_created'====== Args={'_from_bcp': True}
2023-02-13 20:00:48,324 : INFO : EventManager : Event: ======'slide__global.slide_player-ball_started_created'====== Args={'_from_bcp': True}
2023-02-13 20:00:48,324 : INFO : EventManager : Event: ======'slide_base.slide_player-mode_base_started_active'====== Args={'_from_bcp': True}
2023-02-13 20:00:48,325 : INFO : EventManager : Event: ======'ball_start_target'====== Args={'target': 'playfield'}
2023-02-13 20:00:48,325 : INFO : ball_device.bd_plunger : Setting up player-controlled eject. Balls: 1, Target: <playfield.playfield>, player_controlled_eject_event: None
2023-02-13 20:00:48,326 : INFO : EventManager : Event: ======'balldevice_balls_available'====== Args={}
2023-02-13 20:00:48,327 : INFO : ball_device.bd_trough : State: waiting_for_target_ready
2023-02-13 20:00:48,327 : INFO : EventManager : Event: ======'balldevice_bd_trough_ball_eject_attempt'====== Args={'balls': 1, 'target': <ball_device.bd_plunger>, 'source': <ball_device.bd_trough>, 'mechanical_eject': True, 'num_attempts': 0}
2023-02-13 20:00:48,328 : INFO : ball_device.bd_plunger : State: waiting_for_ball
2023-02-13 20:00:48,328 : INFO : ball_device.bd_trough : State: ejecting
2023-02-13 20:00:48,329 : INFO : ball_device.bd_trough : Ejecting ball to <ball_device.bd_plunger>
2023-02-13 20:00:48,329 : INFO : EventManager : Event: ======'balldevice_bd_trough_ejecting_ball'====== Args={'balls': 1, 'target': <ball_device.bd_plunger>, 'source': <ball_device.bd_trough>, 'mechanical_eject': True, 'num_attempts': 0}
2023-02-13 20:00:48,330 : INFO : ball_device.bd_trough : Wait for ball to leave device
2023-02-13 20:00:48,330 : INFO : coil.c_trough_eject : Pulsing Driver for 10ms (1.0 pulse_power)
2023-02-13 20:00:54,288 : INFO : EventManager : Event: ======'mode2_start'====== Args={'_from_bcp': True}
2023-02-13 20:00:54,289 : INFO : EventManager : Event: ======'mode_mode2_will_start'====== Args={}
2023-02-13 20:00:54,289 : INFO : EventManager : Event: ======'player_shot_my_first_shot_mode2_enabled'====== Args={'value': True, 'prev_value': 0, 'change': 1, 'player_num': 1}
2023-02-13 20:00:54,291 : INFO : EventManager : Event: ======'mode_mode2_starting'====== Args={}
2023-02-13 20:00:54,292 : INFO : Mode.mode2 : Started. Priority: 200
2023-02-13 20:00:54,292 : INFO : EventManager : Event: ======'modes_active_modes_changed'====== Args={}
2023-02-13 20:00:54,292 : INFO : EventManager : Event: ======'mode_mode2_started'====== Args={}
2023-02-13 20:00:58,334 : INFO : EventManager : Event: ======'balldevice_bd_trough_ball_eject_failed'====== Args={'target': <ball_device.bd_plunger>, 'balls': 1, 'retry': True, 'num_attempts': 1}
2023-02-13 20:00:58,336 : INFO : ball_device.bd_trough : State: waiting_for_target_ready
2023-02-13 20:00:58,336 : INFO : EventManager : Event: ======'balldevice_bd_trough_ball_eject_attempt'====== Args={'balls': 1, 'target': <ball_device.bd_plunger>, 'source': <ball_device.bd_trough>, 'mechanical_eject': True, 'num_attempts': 1}
2023-02-13 20:00:58,337 : INFO : ball_device.bd_trough : State: ejecting
2023-02-13 20:00:58,337 : INFO : ball_device.bd_trough : Ejecting ball to <ball_device.bd_plunger>
2023-02-13 20:00:58,337 : INFO : EventManager : Event: ======'balldevice_bd_trough_ejecting_ball'====== Args={'balls': 1, 'target': <ball_device.bd_plunger>, 'source': <ball_device.bd_trough>, 'mechanical_eject': True, 'num_attempts': 1}
2023-02-13 20:00:58,338 : INFO : ball_device.bd_trough : Wait for ball to leave device
2023-02-13 20:00:58,338 : INFO : coil.c_trough_eject : Pulsing Driver for 10ms (1.0 pulse_power)
2023-02-13 20:01:05,069 : INFO : EventManager : Event: ======'mode2_stop'====== Args={'_from_bcp': True}
2023-02-13 20:01:05,072 : INFO : EventManager : Event: ======'mode_mode2_will_stop'====== Args={}
2023-02-13 20:01:05,073 : INFO : EventManager : Event: ======'mode_mode2_stopping'====== Args={}
2023-02-13 20:01:05,074 : INFO : Mode.mode2 : Stopped.
2023-02-13 20:01:05,075 : INFO : EventManager : Event: ======'modes_active_modes_changed'====== Args={}
2023-02-13 20:01:05,077 : INFO : EventManager : Event: ======'mode_mode2_stopped'====== Args={}
2023-02-13 20:01:05,078 : INFO : EventManager : Event: ======'clear'====== Args={'key': 'mode2'}
2023-02-13 20:01:07,480 : INFO : EventManager : Event: ======'mode2_start'====== Args={'_from_bcp': True}
2023-02-13 20:01:07,481 : INFO : EventManager : Event: ======'mode_mode2_will_start'====== Args={}
2023-02-13 20:01:07,484 : INFO : EventManager : Event: ======'mode_mode2_starting'====== Args={}
2023-02-13 20:01:07,484 : INFO : Mode.mode2 : Started. Priority: 200
2023-02-13 20:01:07,485 : INFO : EventManager : Event: ======'modes_active_modes_changed'====== Args={}
2023-02-13 20:01:07,485 : INFO : EventManager : Event: ======'mode_mode2_started'====== Args={}
2023-02-13 20:01:08,328 : INFO : EventManager : Event: ======'balldevice_bd_trough_ball_eject_failed'====== Args={'target': <ball_device.bd_plunger>, 'balls': 1, 'retry': True, 'num_attempts': 2}
2023-02-13 20:01:08,333 : INFO : ball_device.bd_trough : State: waiting_for_target_ready
2023-02-13 20:01:08,334 : INFO : EventManager : Event: ======'balldevice_bd_trough_ball_eject_attempt'====== Args={'balls': 1, 'target': <ball_device.bd_plunger>, 'source': <ball_device.bd_trough>, 'mechanical_eject': True, 'num_attempts': 2}
2023-02-13 20:01:08,337 : INFO : ball_device.bd_trough : State: ejecting
2023-02-13 20:01:08,339 : INFO : ball_device.bd_trough : Ejecting ball to <ball_device.bd_plunger>
2023-02-13 20:01:08,339 : INFO : EventManager : Event: ======'balldevice_bd_trough_ejecting_ball'====== Args={'balls': 1, 'target': <ball_device.bd_plunger>, 'source': <ball_device.bd_trough>, 'mechanical_eject': True, 'num_attempts': 2}
2023-02-13 20:01:08,344 : INFO : ball_device.bd_trough : Wait for ball to leave device
2023-02-13 20:01:08,345 : INFO : coil.c_trough_eject : Pulsing Driver for 10ms (1.0 pulse_power)
2023-02-13 20:01:09,906 : INFO : SwitchController : <<<<<<< 's_reentry_left' active >>>>>>>
2023-02-13 20:01:09,906 : INFO : EventManager : Event: ======'playfield_active'====== Args={}
2023-02-13 20:01:09,906 : INFO : EventManager : Event: ======'unexpected_ball_on_playfield'====== Args={}
2023-02-13 20:01:09,907 : INFO : EventManager : Event: ======'playfield_active'====== Args={}
2023-02-13 20:01:09,907 : INFO : EventManager : Event: ======'unexpected_ball_on_playfield'====== Args={}
2023-02-13 20:01:09,907 : INFO : EventManager : Event: ======'s_reentry_left_active'====== Args={}
2023-02-13 20:01:09,908 : INFO : EventManager : Event: ======'sw_playfield_active'====== Args={}
2023-02-13 20:01:09,908 : INFO : EventManager : Event: ======'machine_var_audits_switches_s_reentry_left'====== Args={'value': 308, 'prev_value': 307, 'change': 1}
2023-02-13 20:01:09,910 : INFO : EventManager : Event: ======'player_shot_my_first_shot_mode2'====== Args={'value': 1, 'prev_value': 0, 'change': 1, 'player_num': 1}
2023-02-13 20:01:09,912 : INFO : EventManager : Event: ======'machine_var_audits_shots_my_first_shot_mode2'====== Args={'value': 72, 'prev_value': 71, 'change': 1}
2023-02-13 20:01:09,913 : INFO : EventManager : Event: ======'my_first_shot_mode2_hit'====== Args={'profile': 'mode2', 'state': 'flashing', 'advancing': True}
2023-02-13 20:01:09,913 : INFO : EventManager : Event: ======'my_first_shot_mode2_mode2_hit'====== Args={'profile': 'mode2', 'state': 'flashing', 'advancing': True}
2023-02-13 20:01:09,914 : INFO : EventManager : Event: ======'my_first_shot_mode2_mode2_flashing_hit'====== Args={'profile': 'mode2', 'state': 'flashing', 'advancing': True}
2023-02-13 20:01:09,914 : INFO : EventManager : Event: ======'my_first_shot_mode2_flashing_hit'====== Args={'profile': 'mode2', 'state': 'flashing', 'advancing': True}
2023-02-13 20:01:09,915 : INFO : EventManager : Event: ======'logicblock_reentry_switch_counter_updated'====== Args={'value': 1, 'enabled': True}
2023-02-13 20:01:09,915 : INFO : EventManager : Event: ======'reentry_sound_active'====== Args={'count': 1}
2023-02-13 20:01:09,916 : INFO : EventManager : Event: ======'player_score'====== Args={'value': 10000, 'prev_value': 0, 'change': 10000, 'player_num': 1}
2023-02-13 20:01:09,935 : INFO : EventManager : Event: ======'playfield_active'====== Args={}
2023-02-13 20:01:09,936 : INFO : EventManager : Event: ======'unexpected_ball_on_playfield'====== Args={}
2023-02-13 20:01:10,042 : INFO : SwitchController : <<<<<<< 's_reentry_left' inactive >>>>>>>
2023-02-13 20:01:11,255 : INFO : EventManager : Event: ======'mode2_stop'====== Args={'_from_bcp': True}
2023-02-13 20:01:11,255 : INFO : EventManager : Event: ======'mode_mode2_will_stop'====== Args={}
2023-02-13 20:01:11,255 : INFO : EventManager : Event: ======'mode_mode2_stopping'====== Args={}
2023-02-13 20:01:11,256 : INFO : Mode.mode2 : Stopped.
2023-02-13 20:01:11,256 : INFO : EventManager : Event: ======'modes_active_modes_changed'====== Args={}
2023-02-13 20:01:11,256 : INFO : EventManager : Event: ======'mode_mode2_stopped'====== Args={}
2023-02-13 20:01:11,256 : INFO : EventManager : Event: ======'clear'====== Args={'key': 'mode2'}
2023-02-13 20:01:12,558 : INFO : EventManager : Event: ======'mode2_start'====== Args={'_from_bcp': True}
2023-02-13 20:01:12,561 : INFO : EventManager : Event: ======'mode_mode2_will_start'====== Args={}
2023-02-13 20:01:12,565 : INFO : EventManager : Event: ======'mode_mode2_starting'====== Args={}
2023-02-13 20:01:12,566 : INFO : Mode.mode2 : Started. Priority: 200
2023-02-13 20:01:12,567 : INFO : EventManager : Event: ======'modes_active_modes_changed'====== Args={}
2023-02-13 20:01:12,567 : INFO : EventManager : Event: ======'mode_mode2_started'====== Args={}
2023-02-13 20:01:13,634 : INFO : EventManager : Event: ======'mode2_stop'====== Args={'_from_bcp': True}
2023-02-13 20:01:13,634 : INFO : EventManager : Event: ======'mode_mode2_will_stop'====== Args={}
2023-02-13 20:01:13,635 : INFO : EventManager : Event: ======'mode_mode2_stopping'====== Args={}
2023-02-13 20:01:13,635 : INFO : Mode.mode2 : Stopped.
2023-02-13 20:01:13,635 : INFO : EventManager : Event: ======'modes_active_modes_changed'====== Args={}
2023-02-13 20:01:13,636 : INFO : EventManager : Event: ======'mode_mode2_stopped'====== Args={}
2023-02-13 20:01:13,636 : INFO : EventManager : Event: ======'clear'====== Args={'key': 'mode2'}
2023-02-13 20:01:18,342 : INFO : EventManager : Event: ======'balldevice_bd_trough_ball_eject_failed'====== Args={'target': <ball_device.bd_plunger>, 'balls': 1, 'retry': True, 'num_attempts': 3}
2023-02-13 20:01:18,345 : INFO : ball_device.bd_trough : State: waiting_for_target_ready
2023-02-13 20:01:18,346 : INFO : EventManager : Event: ======'balldevice_bd_trough_ball_eject_attempt'====== Args={'balls': 1, 'target': <ball_device.bd_plunger>, 'source': <ball_device.bd_trough>, 'mechanical_eject': True, 'num_attempts': 3}
2023-02-13 20:01:18,347 : INFO : ball_device.bd_trough : State: ejecting
2023-02-13 20:01:18,348 : INFO : ball_device.bd_trough : Ejecting ball to <ball_device.bd_plunger>
2023-02-13 20:01:18,348 : INFO : EventManager : Event: ======'balldevice_bd_trough_ejecting_ball'====== Args={'balls': 1, 'target': <ball_device.bd_plunger>, 'source': <ball_device.bd_trough>, 'mechanical_eject': True, 'num_attempts': 3}
2023-02-13 20:01:18,350 : INFO : ball_device.bd_trough : Wait for ball to leave device
2023-02-13 20:01:18,351 : INFO : coil.c_trough_eject : Pulsing Driver for 10ms (1.0 pulse_power)
2023-02-13 20:01:19,556 : INFO : Machine : Shutting down...
2023-02-13 20:01:19,556 : INFO : EventManager : Event: ======'shutdown'====== Args={}
2023-02-13 20:01:19,575 : ERROR : OPP : Stop called on serial connection com5
2023-02-13 20:01:19,576 : ERROR : OPP : Stop called on serial connection com4
2023-02-13 20:01:19,578 : INFO : root : MPF run loop ended.
