2023-02-16 22:06:04,523 : INFO : root : Loading config.
2023-02-16 22:06:04,857 : INFO : ConfigProcessor : Config spec file cache created: C:\Users\student\AppData\Local\Temp\config_spec.mpf_cache
2023-02-16 22:06:04,857 : INFO : YamlMultifileConfigLoader : Machine config file #1: config.yaml
2023-02-16 22:06:04,857 : INFO : ConfigProcessor : Loading config from file c:\users\student\mpfenv\lib\site-packages\mpf\mpfconfig.yaml.
2023-02-16 22:06:04,921 : INFO : ConfigProcessor : Loading config: c:\users\student\mpfenv\lib\site-packages\mpf\mpfconfig.yaml
2023-02-16 22:06:04,922 : INFO : ConfigProcessor : Loading config from file C:\Users\student\pinball\cobraPinTest1\config\config.yaml.
2023-02-16 22:06:04,952 : INFO : ConfigProcessor : Loading config: C:\Users\student\pinball\cobraPinTest1\config\config.yaml
2023-02-16 22:06:04,954 : INFO : ConfigProcessor : Config file cache created: C:\Users\student\AppData\Local\Temp\f1427cd4cbc9163bc2263f349f0fb463.mpf_cache
2023-02-16 22:06:05,022 : INFO : ConfigProcessor : Loading config from file c:\users\student\mpfenv\lib\site-packages\mpf\modes\attract\config\attract.yaml.
2023-02-16 22:06:05,024 : INFO : ConfigProcessor : Loading config: c:\users\student\mpfenv\lib\site-packages\mpf\modes\attract\config\attract.yaml
2023-02-16 22:06:05,024 : INFO : ConfigProcessor : Loading config from file C:\Users\student\pinball\cobraPinTest1\modes\attract\config\attract.yaml.
2023-02-16 22:06:05,025 : INFO : ConfigProcessor : Loading config: C:\Users\student\pinball\cobraPinTest1\modes\attract\config\attract.yaml
2023-02-16 22:06:05,026 : INFO : ConfigProcessor : Config file cache created: C:\Users\student\AppData\Local\Temp\32ed7ad340ce8029344f8b9ff63edc80.mpf_cache
2023-02-16 22:06:05,026 : INFO : ConfigProcessor : Loading config from file c:\users\student\mpfenv\lib\site-packages\mpf\modes\game\config\game.yaml.
2023-02-16 22:06:05,028 : INFO : ConfigProcessor : Loading config: c:\users\student\mpfenv\lib\site-packages\mpf\modes\game\config\game.yaml
2023-02-16 22:06:05,028 : INFO : ConfigProcessor : Config file cache created: C:\Users\student\AppData\Local\Temp\8696bd5a5a040ff67990be11cb4d3c0c.mpf_cache
2023-02-16 22:06:05,029 : INFO : ConfigProcessor : Loading config from file C:\Users\student\pinball\cobraPinTest1\modes\base\config\base.yaml.
2023-02-16 22:06:05,034 : INFO : ConfigProcessor : Loading config: C:\Users\student\pinball\cobraPinTest1\modes\base\config\base.yaml
2023-02-16 22:06:05,035 : INFO : ConfigProcessor : Config file cache created: C:\Users\student\AppData\Local\Temp\4675a535c8328a9c278c807d999ed109.mpf_cache
2023-02-16 22:06:05,036 : INFO : ConfigProcessor : Loading config from file C:\Users\student\pinball\cobraPinTest1\modes\reentry\config\reentry.yaml.
2023-02-16 22:06:05,046 : INFO : ConfigProcessor : Loading config: C:\Users\student\pinball\cobraPinTest1\modes\reentry\config\reentry.yaml
2023-02-16 22:06:05,047 : INFO : ConfigProcessor : Config file cache created: C:\Users\student\AppData\Local\Temp\0c8438cab3480347c0c749fa494946a2.mpf_cache
2023-02-16 22:06:05,048 : INFO : ConfigProcessor : Loading config from file C:\Users\student\pinball\cobraPinTest1\modes\attract\shows\.\attract_display_loop.yaml.
2023-02-16 22:06:05,056 : INFO : ConfigProcessor : Loading config: C:\Users\student\pinball\cobraPinTest1\modes\attract\shows\.\attract_display_loop.yaml
2023-02-16 22:06:05,057 : INFO : ConfigProcessor : Config file cache created: C:\Users\student\AppData\Local\Temp\f8d2c2cf3ea01f085365ea23fa51a701.mpf_cache
2023-02-16 22:06:05,057 : INFO : ConfigProcessor : Loading config from file C:\Users\student\pinball\cobraPinTest1\modes\attract\shows\.\attract_light_show.yaml.
2023-02-16 22:06:05,060 : INFO : ConfigProcessor : Loading config: C:\Users\student\pinball\cobraPinTest1\modes\attract\shows\.\attract_light_show.yaml
2023-02-16 22:06:05,061 : INFO : ConfigProcessor : Config file cache created: C:\Users\student\AppData\Local\Temp\30bd992f4b62a9b099207aebeb59554c.mpf_cache
2023-02-16 22:06:05,062 : INFO : Machine : Mission Pinball Framework Core Engine v0.55.0
2023-02-16 22:06:05,062 : INFO : Machine : Command line arguments: {'no_load_cache': True, 'create_config_cache': True, 'bcp': True, 'configfile': ['config.yaml'], 'force_assets_load': False, 'jsonlogging': False, 'logfile': 'logs\\2023-02-16-22-06-04-mpf-DESKTOP-0JH7ARL.log', 'pause': False, 'production': False, 'text_ui': True, 'loglevel': 15, 'consoleloglevel': 20, 'force_platform': None, 'syslog_address': None, 'mc_file_name': None, 'no_sound': False}
2023-02-16 22:06:05,062 : INFO : Machine : MPF path: c:\users\student\mpfenv\lib\site-packages\mpf
2023-02-16 22:06:05,062 : INFO : Machine : Machine path: C:\Users\student\pinball\cobraPinTest1
2023-02-16 22:06:05,062 : INFO : Machine : Platform: win32
2023-02-16 22:06:05,062 : INFO : Machine : Python executable location: c:\users\student\mpfenv\scripts\python.exe
2023-02-16 22:06:05,062 : INFO : Machine : Python version: 3.7.8 (64-bit)
2023-02-16 22:06:05,064 : INFO : Machine : Initialise MPF.
2023-02-16 22:06:05,233 : INFO : EventManager : Event: ======'machine_var_credits_string'====== Args={'value': 'FREE PLAY', 'prev_value': None, 'change': True}
2023-02-16 22:06:05,274 : INFO : EventManager : Event: ======'machine_var_master_volume'====== Args={'value': 0.5, 'prev_value': None, 'change': True}
2023-02-16 22:06:05,274 : INFO : EventManager : Event: ======'machine_var_player1_score'====== Args={'value': 1500, 'prev_value': None, 'change': True}
2023-02-16 22:06:05,274 : INFO : EventManager : Event: ======'machine_var_mpf_version'====== Args={'value': 'MPF v0.55.0', 'prev_value': None, 'change': True}
2023-02-16 22:06:05,274 : INFO : EventManager : Event: ======'machine_var_mpf_extended_version'====== Args={'value': 'MPF v0.55.0, Config version:5, Show version: 5, BCP version:1.1', 'prev_value': None, 'change': True}
2023-02-16 22:06:05,274 : INFO : EventManager : Event: ======'machine_var_python_version'====== Args={'value': '3.7.8', 'prev_value': None, 'change': True}
2023-02-16 22:06:05,274 : INFO : EventManager : Event: ======'machine_var_platform'====== Args={'value': 'Windows-10-10.0.19041-SP0', 'prev_value': None, 'change': True}
2023-02-16 22:06:05,274 : INFO : EventManager : Event: ======'machine_var_platform_system'====== Args={'value': 'Windows', 'prev_value': None, 'change': True}
2023-02-16 22:06:05,274 : INFO : EventManager : Event: ======'machine_var_platform_release'====== Args={'value': '10', 'prev_value': None, 'change': True}
2023-02-16 22:06:05,274 : INFO : EventManager : Event: ======'machine_var_platform_version'====== Args={'value': '10.0.19041', 'prev_value': None, 'change': True}
2023-02-16 22:06:05,274 : INFO : EventManager : Event: ======'machine_var_platform_machine'====== Args={'value': 'AMD64', 'prev_value': None, 'change': True}
2023-02-16 22:06:05,274 : INFO : EventManager : Event: ======'init_phase_1'====== Args={}
2023-02-16 22:06:05,289 : INFO : EventManager : Event: ======'logicblock_reentry_switch_counter_updated'====== Args={'value': 0, 'enabled': True}
2023-02-16 22:06:05,289 : INFO : EventManager : Event: ======'logicblock_reentry_switch_counter_updated'====== Args={'value': 0, 'enabled': True}
2023-02-16 22:06:05,290 : INFO : EventManager : Event: ======'init_phase_2'====== Args={}
2023-02-16 22:06:05,290 : INFO : SwitchController : Found active switch: ('0-0-8', <Platform.Virtual>) <switch.s_trough1>
2023-02-16 22:06:05,292 : INFO : EventManager : Event: ======'bcp_connection_attempt'====== Args={'name': 'local_display', 'host': 'localhost', 'port': 5050}
2023-02-16 22:06:05,294 : INFO : BCPClientSocket : Connecting BCP to 'local_display' at localhost:5050...
2023-02-16 22:06:07,333 : INFO : BCPClientSocket : Connected BCP to 'local_display' localhost:5050
2023-02-16 22:06:07,335 : INFO : EventManager : Event: ======'bcp_clients_connected'====== Args={}
2023-02-16 22:06:07,352 : INFO : ball_device.bd_trough : BCH: Initial count: 1
2023-02-16 22:06:07,353 : INFO : EventManager : Event: ======'machine_var_mc_version'====== Args={'value': 'MPF-MC v0.55.0', 'prev_value': None, 'change': True}
2023-02-16 22:06:07,353 : INFO : EventManager : Event: ======'machine_var_mc_extended_version'====== Args={'value': 'MPF-MC v0.55.0 (config_version=5, BCP v1.1, Requires MPF v0.55.0-dev.49)', 'prev_value': None, 'change': True}
2023-02-16 22:06:07,355 : INFO : ball_device.bd_trough : State: idle
2023-02-16 22:06:07,367 : INFO : ball_device.bd_plunger : BCH: Initial count: 0
2023-02-16 22:06:07,368 : INFO : ball_device.bd_plunger : State: idle
2023-02-16 22:06:07,430 : INFO : EventManager : Event: ======'init_phase_3'====== Args={}
2023-02-16 22:06:07,435 : INFO : EventManager : Event: ======'init_phase_4'====== Args={}
2023-02-16 22:06:07,435 : INFO : BallController : Initial balls found: 1
2023-02-16 22:06:07,436 : INFO : EventManager : Event: ======'machine_var_audits_events_game_ended'====== Args={'value': 0, 'prev_value': None, 'change': True}
2023-02-16 22:06:07,436 : INFO : EventManager : Event: ======'machine_var_audits_events_game_started'====== Args={'value': 0, 'prev_value': None, 'change': True}
2023-02-16 22:06:07,437 : INFO : EventManager : Event: ======'machine_var_audits_player_score'====== Args={'value': {'average': 1800.0, 'top': [2000, 1900, 1500], 'total': 3}, 'prev_value': None, 'change': True}
2023-02-16 22:06:07,437 : INFO : EventManager : Event: ======'machine_var_audits_shots_my_first_shot'====== Args={'value': 119, 'prev_value': None, 'change': True}
2023-02-16 22:06:07,437 : INFO : EventManager : Event: ======'machine_var_audits_shots_my_first_shot_mode2'====== Args={'value': 72, 'prev_value': None, 'change': True}
2023-02-16 22:06:07,437 : INFO : EventManager : Event: ======'machine_var_audits_shots_reentryL_shot'====== Args={'value': 238, 'prev_value': None, 'change': True}
2023-02-16 22:06:07,438 : INFO : EventManager : Event: ======'machine_var_audits_shots_reentryM_shot'====== Args={'value': 224, 'prev_value': None, 'change': True}
2023-02-16 22:06:07,438 : INFO : EventManager : Event: ======'machine_var_audits_shots_reentryR_shot'====== Args={'value': 200, 'prev_value': None, 'change': True}
2023-02-16 22:06:07,438 : INFO : EventManager : Event: ======'machine_var_audits_shots_reentry_shot'====== Args={'value': 9, 'prev_value': None, 'change': True}
2023-02-16 22:06:07,438 : INFO : EventManager : Event: ======'machine_var_audits_shots_top_lane_A'====== Args={'value': 12, 'prev_value': None, 'change': True}
2023-02-16 22:06:07,439 : INFO : EventManager : Event: ======'machine_var_audits_shots_top_lane_J'====== Args={'value': 12, 'prev_value': None, 'change': True}
2023-02-16 22:06:07,439 : INFO : EventManager : Event: ======'machine_var_audits_shots_top_lane_M'====== Args={'value': 9, 'prev_value': None, 'change': True}
2023-02-16 22:06:07,439 : INFO : EventManager : Event: ======'machine_var_audits_switches_s_blackhole_kicker'====== Args={'value': 0, 'prev_value': None, 'change': True}
2023-02-16 22:06:07,440 : INFO : EventManager : Event: ======'machine_var_audits_switches_s_bonus_lane'====== Args={'value': 0, 'prev_value': None, 'change': True}
2023-02-16 22:06:07,440 : INFO : EventManager : Event: ======'machine_var_audits_switches_s_booster_drop_target_1'====== Args={'value': 0, 'prev_value': None, 'change': True}
2023-02-16 22:06:07,440 : INFO : EventManager : Event: ======'machine_var_audits_switches_s_booster_drop_target_2'====== Args={'value': 0, 'prev_value': None, 'change': True}
2023-02-16 22:06:07,440 : INFO : EventManager : Event: ======'machine_var_audits_switches_s_booster_drop_target_3'====== Args={'value': 0, 'prev_value': None, 'change': True}
2023-02-16 22:06:07,441 : INFO : EventManager : Event: ======'machine_var_audits_switches_s_comet_spot_1'====== Args={'value': 0, 'prev_value': None, 'change': True}
2023-02-16 22:06:07,441 : INFO : EventManager : Event: ======'machine_var_audits_switches_s_comet_spot_2'====== Args={'value': 0, 'prev_value': None, 'change': True}
2023-02-16 22:06:07,441 : INFO : EventManager : Event: ======'machine_var_audits_switches_s_comet_spot_3'====== Args={'value': 0, 'prev_value': None, 'change': True}
2023-02-16 22:06:07,441 : INFO : EventManager : Event: ======'machine_var_audits_switches_s_engine_bumper_1'====== Args={'value': 0, 'prev_value': None, 'change': True}
2023-02-16 22:06:07,441 : INFO : EventManager : Event: ======'machine_var_audits_switches_s_engine_bumper_2'====== Args={'value': 0, 'prev_value': None, 'change': True}
2023-02-16 22:06:07,441 : INFO : EventManager : Event: ======'machine_var_audits_switches_s_engine_bumper_3'====== Args={'value': 0, 'prev_value': None, 'change': True}
2023-02-16 22:06:07,442 : INFO : EventManager : Event: ======'machine_var_audits_switches_s_fuel_chute_1'====== Args={'value': 0, 'prev_value': None, 'change': True}
2023-02-16 22:06:07,442 : INFO : EventManager : Event: ======'machine_var_audits_switches_s_fuel_chute_2'====== Args={'value': 0, 'prev_value': None, 'change': True}
2023-02-16 22:06:07,442 : INFO : EventManager : Event: ======'machine_var_audits_switches_s_fuel_chute_3'====== Args={'value': 0, 'prev_value': None, 'change': True}
2023-02-16 22:06:07,443 : INFO : EventManager : Event: ======'machine_var_audits_switches_s_fuel_chute_4'====== Args={'value': 0, 'prev_value': None, 'change': True}
2023-02-16 22:06:07,443 : INFO : EventManager : Event: ======'machine_var_audits_switches_s_fuel_chute_5'====== Args={'value': 0, 'prev_value': None, 'change': True}
2023-02-16 22:06:07,443 : INFO : EventManager : Event: ======'machine_var_audits_switches_s_fuel_chute_6'====== Args={'value': 0, 'prev_value': None, 'change': True}
2023-02-16 22:06:07,444 : INFO : EventManager : Event: ======'machine_var_audits_switches_s_fuel_flag'====== Args={'value': 0, 'prev_value': None, 'change': True}
2023-02-16 22:06:07,444 : INFO : EventManager : Event: ======'machine_var_audits_switches_s_fuel_spot_1'====== Args={'value': 0, 'prev_value': None, 'change': True}
2023-02-16 22:06:07,445 : INFO : EventManager : Event: ======'machine_var_audits_switches_s_fuel_spot_2'====== Args={'value': 0, 'prev_value': None, 'change': True}
2023-02-16 22:06:07,445 : INFO : EventManager : Event: ======'machine_var_audits_switches_s_fuel_spot_3'====== Args={'value': 0, 'prev_value': None, 'change': True}
2023-02-16 22:06:07,445 : INFO : EventManager : Event: ======'machine_var_audits_switches_s_green_wormhole'====== Args={'value': 0, 'prev_value': None, 'change': True}
2023-02-16 22:06:07,446 : INFO : EventManager : Event: ======'machine_var_audits_switches_s_hyperspace_flag'====== Args={'value': 0, 'prev_value': None, 'change': True}
2023-02-16 22:06:07,446 : INFO : EventManager : Event: ======'machine_var_audits_switches_s_hyperspacekicker'====== Args={'value': 0, 'prev_value': None, 'change': True}
2023-02-16 22:06:07,446 : INFO : EventManager : Event: ======'machine_var_audits_switches_s_launch_lane_1'====== Args={'value': 0, 'prev_value': None, 'change': True}
2023-02-16 22:06:07,447 : INFO : EventManager : Event: ======'machine_var_audits_switches_s_launch_lane_2'====== Args={'value': 0, 'prev_value': None, 'change': True}
2023-02-16 22:06:07,447 : INFO : EventManager : Event: ======'machine_var_audits_switches_s_launch_lane_3'====== Args={'value': 0, 'prev_value': None, 'change': True}
2023-02-16 22:06:07,447 : INFO : EventManager : Event: ======'machine_var_audits_switches_s_launch_ramp'====== Args={'value': 0, 'prev_value': None, 'change': True}
2023-02-16 22:06:07,448 : INFO : EventManager : Event: ======'machine_var_audits_switches_s_left_attack_bumper'====== Args={'value': 0, 'prev_value': None, 'change': True}
2023-02-16 22:06:07,448 : INFO : EventManager : Event: ======'machine_var_audits_switches_s_left_flipper'====== Args={'value': 455, 'prev_value': None, 'change': True}
2023-02-16 22:06:07,449 : INFO : EventManager : Event: ======'machine_var_audits_switches_s_left_out_lane'====== Args={'value': 0, 'prev_value': None, 'change': True}
2023-02-16 22:06:07,449 : INFO : EventManager : Event: ======'machine_var_audits_switches_s_left_out_lane_kicker'====== Args={'value': 0, 'prev_value': None, 'change': True}
2023-02-16 22:06:07,449 : INFO : EventManager : Event: ======'machine_var_audits_switches_s_left_return_lane'====== Args={'value': 0, 'prev_value': None, 'change': True}
2023-02-16 22:06:07,450 : INFO : EventManager : Event: ======'machine_var_audits_switches_s_lower_attack_bumper'====== Args={'value': 0, 'prev_value': None, 'change': True}
2023-02-16 22:06:07,450 : INFO : EventManager : Event: ======'machine_var_audits_switches_s_lower_left_rebound'====== Args={'value': 0, 'prev_value': None, 'change': True}
2023-02-16 22:06:07,451 : INFO : EventManager : Event: ======'machine_var_audits_switches_s_lower_left_slingshot'====== Args={'value': 0, 'prev_value': None, 'change': True}
2023-02-16 22:06:07,451 : INFO : EventManager : Event: ======'machine_var_audits_switches_s_lower_right_rebound'====== Args={'value': 0, 'prev_value': None, 'change': True}
2023-02-16 22:06:07,451 : INFO : EventManager : Event: ======'machine_var_audits_switches_s_lower_right_slingshot'====== Args={'value': 0, 'prev_value': None, 'change': True}
2023-02-16 22:06:07,452 : INFO : EventManager : Event: ======'machine_var_audits_switches_s_medal_drop_left'====== Args={'value': 0, 'prev_value': None, 'change': True}
2023-02-16 22:06:07,452 : INFO : EventManager : Event: ======'machine_var_audits_switches_s_medal_drop_middle'====== Args={'value': 0, 'prev_value': None, 'change': True}
2023-02-16 22:06:07,452 : INFO : EventManager : Event: ======'machine_var_audits_switches_s_medal_drop_right'====== Args={'value': 0, 'prev_value': None, 'change': True}
2023-02-16 22:06:07,453 : INFO : EventManager : Event: ======'machine_var_audits_switches_s_mission_spot_1'====== Args={'value': 0, 'prev_value': None, 'change': True}
2023-02-16 22:06:07,453 : INFO : EventManager : Event: ======'machine_var_audits_switches_s_mission_spot_2'====== Args={'value': 0, 'prev_value': None, 'change': True}
2023-02-16 22:06:07,454 : INFO : EventManager : Event: ======'machine_var_audits_switches_s_mission_spot_3'====== Args={'value': 0, 'prev_value': None, 'change': True}
2023-02-16 22:06:07,454 : INFO : EventManager : Event: ======'machine_var_audits_switches_s_multiplier_left'====== Args={'value': 0, 'prev_value': None, 'change': True}
2023-02-16 22:06:07,455 : INFO : EventManager : Event: ======'machine_var_audits_switches_s_multiplier_middle'====== Args={'value': 0, 'prev_value': None, 'change': True}
2023-02-16 22:06:07,455 : INFO : EventManager : Event: ======'machine_var_audits_switches_s_multiplier_right'====== Args={'value': 0, 'prev_value': None, 'change': True}
2023-02-16 22:06:07,455 : INFO : EventManager : Event: ======'machine_var_audits_switches_s_plunger'====== Args={'value': 81, 'prev_value': None, 'change': True}
2023-02-16 22:06:07,456 : INFO : EventManager : Event: ======'machine_var_audits_switches_s_radiationspot_1'====== Args={'value': 0, 'prev_value': None, 'change': True}
2023-02-16 22:06:07,456 : INFO : EventManager : Event: ======'machine_var_audits_switches_s_radiationspot_2'====== Args={'value': 0, 'prev_value': None, 'change': True}
2023-02-16 22:06:07,457 : INFO : EventManager : Event: ======'machine_var_audits_switches_s_radiationspot_3'====== Args={'value': 0, 'prev_value': None, 'change': True}
2023-02-16 22:06:07,457 : INFO : EventManager : Event: ======'machine_var_audits_switches_s_red_wormhole'====== Args={'value': 0, 'prev_value': None, 'change': True}
2023-02-16 22:06:07,458 : INFO : EventManager : Event: ======'machine_var_audits_switches_s_reentry_left'====== Args={'value': 593, 'prev_value': None, 'change': True}
2023-02-16 22:06:07,458 : INFO : EventManager : Event: ======'machine_var_audits_switches_s_reentry_middle'====== Args={'value': 298, 'prev_value': None, 'change': True}
2023-02-16 22:06:07,458 : INFO : EventManager : Event: ======'machine_var_audits_switches_s_reentry_right'====== Args={'value': 258, 'prev_value': None, 'change': True}
2023-02-16 22:06:07,459 : INFO : EventManager : Event: ======'machine_var_audits_switches_s_right_flipper'====== Args={'value': 183, 'prev_value': None, 'change': True}
2023-02-16 22:06:07,459 : INFO : EventManager : Event: ======'machine_var_audits_switches_s_right_inlane'====== Args={'value': 0, 'prev_value': None, 'change': True}
2023-02-16 22:06:07,460 : INFO : EventManager : Event: ======'machine_var_audits_switches_s_right_out_lane'====== Args={'value': 0, 'prev_value': None, 'change': True}
2023-02-16 22:06:07,460 : INFO : EventManager : Event: ======'machine_var_audits_switches_s_right_out_lane_kicker'====== Args={'value': 0, 'prev_value': None, 'change': True}
2023-02-16 22:06:07,461 : INFO : EventManager : Event: ======'machine_var_audits_switches_s_right_return_lane'====== Args={'value': 0, 'prev_value': None, 'change': True}
2023-02-16 22:06:07,461 : INFO : EventManager : Event: ======'machine_var_audits_switches_s_satellite_bumper'====== Args={'value': 0, 'prev_value': None, 'change': True}
2023-02-16 22:06:07,462 : INFO : EventManager : Event: ======'machine_var_audits_switches_s_secondary_outlane_kicker'====== Args={'value': 0, 'prev_value': None, 'change': True}
2023-02-16 22:06:07,462 : INFO : EventManager : Event: ======'machine_var_audits_switches_s_skill_shot_1'====== Args={'value': 0, 'prev_value': None, 'change': True}
2023-02-16 22:06:07,463 : INFO : EventManager : Event: ======'machine_var_audits_switches_s_skill_shot_2'====== Args={'value': 0, 'prev_value': None, 'change': True}
2023-02-16 22:06:07,463 : INFO : EventManager : Event: ======'machine_var_audits_switches_s_skill_shot_3'====== Args={'value': 0, 'prev_value': None, 'change': True}
2023-02-16 22:06:07,464 : INFO : EventManager : Event: ======'machine_var_audits_switches_s_skill_shot_4'====== Args={'value': 0, 'prev_value': None, 'change': True}
2023-02-16 22:06:07,464 : INFO : EventManager : Event: ======'machine_var_audits_switches_s_skill_shot_5'====== Args={'value': 0, 'prev_value': None, 'change': True}
2023-02-16 22:06:07,465 : INFO : EventManager : Event: ======'machine_var_audits_switches_s_skill_shot_6'====== Args={'value': 0, 'prev_value': None, 'change': True}
2023-02-16 22:06:07,465 : INFO : EventManager : Event: ======'machine_var_audits_switches_s_skill_shot_lane'====== Args={'value': 0, 'prev_value': None, 'change': True}
2023-02-16 22:06:07,465 : INFO : EventManager : Event: ======'machine_var_audits_switches_s_spacewarp_rollover'====== Args={'value': 0, 'prev_value': None, 'change': True}
2023-02-16 22:06:07,466 : INFO : EventManager : Event: ======'machine_var_audits_switches_s_start'====== Args={'value': 3, 'prev_value': None, 'change': True}
2023-02-16 22:06:07,466 : INFO : EventManager : Event: ======'machine_var_audits_switches_s_trough1'====== Args={'value': 28, 'prev_value': None, 'change': True}
2023-02-16 22:06:07,466 : INFO : EventManager : Event: ======'machine_var_audits_switches_s_trough2'====== Args={'value': 0, 'prev_value': None, 'change': True}
2023-02-16 22:06:07,467 : INFO : EventManager : Event: ======'machine_var_audits_switches_s_trough3'====== Args={'value': 0, 'prev_value': None, 'change': True}
2023-02-16 22:06:07,467 : INFO : EventManager : Event: ======'machine_var_audits_switches_s_trough4'====== Args={'value': 0, 'prev_value': None, 'change': True}
2023-02-16 22:06:07,467 : INFO : EventManager : Event: ======'machine_var_audits_switches_s_trough5'====== Args={'value': 0, 'prev_value': None, 'change': True}
2023-02-16 22:06:07,468 : INFO : EventManager : Event: ======'machine_var_audits_switches_s_trough6'====== Args={'value': 0, 'prev_value': None, 'change': True}
2023-02-16 22:06:07,468 : INFO : EventManager : Event: ======'machine_var_audits_switches_s_trough_jam'====== Args={'value': 0, 'prev_value': None, 'change': True}
2023-02-16 22:06:07,469 : INFO : EventManager : Event: ======'machine_var_audits_switches_s_upper_attack_bumper'====== Args={'value': 0, 'prev_value': None, 'change': True}
2023-02-16 22:06:07,470 : INFO : EventManager : Event: ======'machine_var_audits_switches_s_upper_left_rebound'====== Args={'value': 0, 'prev_value': None, 'change': True}
2023-02-16 22:06:07,470 : INFO : EventManager : Event: ======'machine_var_audits_switches_s_upper_right_rebound'====== Args={'value': 0, 'prev_value': None, 'change': True}
2023-02-16 22:06:07,471 : INFO : EventManager : Event: ======'machine_var_audits_switches_s_wormhole_target'====== Args={'value': 0, 'prev_value': None, 'change': True}
2023-02-16 22:06:07,471 : INFO : EventManager : Event: ======'machine_var_audits_switches_s_yellow_wormhole'====== Args={'value': 0, 'prev_value': None, 'change': True}
2023-02-16 22:06:07,472 : INFO : EventManager : Event: ======'init_phase_5'====== Args={}
2023-02-16 22:06:07,484 : INFO : EventManager : Event: ======'init_done'====== Args={}
2023-02-16 22:06:07,485 : INFO : EventManager : Event: ======'machine_reset_phase_1'====== Args={}
2023-02-16 22:06:07,493 : INFO : EventManager : Event: ======'slide_welcome_slide_removed'====== Args={'_from_bcp': True}
2023-02-16 22:06:07,495 : INFO : EventManager : Event: ======'slide_welcome_slide_created'====== Args={'_from_bcp': True}
2023-02-16 22:06:07,496 : INFO : EventManager : Event: ======'slide_welcome_slide_active'====== Args={'_from_bcp': True}
2023-02-16 22:06:07,496 : INFO : EventManager : Event: ======'machine_reset_phase_2'====== Args={}
2023-02-16 22:06:07,496 : INFO : EventManager : Event: ======'machine_reset_phase_3'====== Args={}
2023-02-16 22:06:07,497 : INFO : EventManager : Event: ======'reset_complete'====== Args={}
2023-02-16 22:06:07,497 : INFO : EventManager : Event: ======'mode_attract_will_start'====== Args={}
2023-02-16 22:06:07,497 : INFO : EventManager : Event: ======'mode_attract_starting'====== Args={}
2023-02-16 22:06:07,497 : INFO : Mode.attract : Started. Priority: 10
2023-02-16 22:06:07,498 : INFO : EventManager : Event: ======'modes_active_modes_changed'====== Args={}
2023-02-16 22:06:07,498 : INFO : EventManager : Event: ======'mode_attract_started'====== Args={}
2023-02-16 22:06:07,499 : INFO : EventManager : Event: ======'collecting_balls_complete'====== Args={}
2023-02-16 22:06:07,520 : INFO : EventManager : Event: ======'slide_awesome_slide_created'====== Args={'_from_bcp': True}
2023-02-16 22:06:07,520 : INFO : EventManager : Event: ======'slide_awesome_slide_active'====== Args={'_from_bcp': True}
2023-02-16 22:06:07,520 : INFO : Machine : Starting the main run loop.
2023-02-16 22:06:07,776 : INFO : BcpServer : New client connected.
2023-02-16 22:06:09,682 : INFO : SwitchController : <<<<<<< 's_start' active >>>>>>>
2023-02-16 22:06:09,886 : INFO : SwitchController : <<<<<<< 's_start' inactive >>>>>>>
2023-02-16 22:06:09,886 : INFO : EventManager : Event: ======'request_to_start_game'====== Args={}
2023-02-16 22:06:09,887 : INFO : EventManager : Event: ======'game_start'====== Args={'buttons': [], 'hold_time': 0.2029999999795109}
2023-02-16 22:06:09,887 : INFO : EventManager : Event: ======'mode_game_will_start'====== Args={'buttons': [], 'hold_time': 0.2029999999795109}
2023-02-16 22:06:09,888 : INFO : EventManager : Event: ======'mode_game_starting'====== Args={'buttons': [], 'hold_time': 0.2029999999795109}
2023-02-16 22:06:09,888 : INFO : EventManager : Event: ======'mode_attract_will_stop'====== Args={}
2023-02-16 22:06:09,888 : INFO : EventManager : Event: ======'mode_attract_stopping'====== Args={}
2023-02-16 22:06:09,889 : INFO : Mode.attract : Stopped.
2023-02-16 22:06:09,889 : INFO : EventManager : Event: ======'modes_active_modes_changed'====== Args={}
2023-02-16 22:06:09,889 : INFO : EventManager : Event: ======'mode_attract_stopped'====== Args={}
2023-02-16 22:06:09,890 : INFO : EventManager : Event: ======'clear'====== Args={'key': 'attract'}
2023-02-16 22:06:09,890 : INFO : Mode.game : Started. Priority: 20
2023-02-16 22:06:09,890 : INFO : EventManager : Event: ======'modes_active_modes_changed'====== Args={}
2023-02-16 22:06:09,890 : INFO : EventManager : Event: ======'mode_game_started'====== Args={'buttons': [], 'hold_time': 0.2029999999795109}
2023-02-16 22:06:09,894 : INFO : EventManager : Event: ======'game_will_start'====== Args={}
2023-02-16 22:06:09,895 : INFO : EventManager : Event: ======'game_starting'====== Args={'game': <Mode.game>}
2023-02-16 22:06:09,896 : INFO : EventManager : Event: ======'player_add_request'====== Args={}
2023-02-16 22:06:09,896 : INFO : EventManager : Event: ======'player_will_add'====== Args={'number': 1}
2023-02-16 22:06:09,896 : INFO : EventManager : Event: ======'player_adding'====== Args={'player': <Player 1>, 'number': 1}
2023-02-16 22:06:09,896 : INFO : EventManager : Event: ======'player_added'====== Args={'player': <Player 1>, 'num': 1}
2023-02-16 22:06:09,897 : INFO : Mode.game : Player added successfully. Total players: 1
2023-02-16 22:06:09,897 : INFO : EventManager : Event: ======'player_index'====== Args={'value': 0, 'prev_value': 0, 'change': 0, 'player_num': 1}
2023-02-16 22:06:09,897 : INFO : EventManager : Event: ======'player_number'====== Args={'value': 1, 'prev_value': 1, 'change': 0, 'player_num': 1}
2023-02-16 22:06:09,898 : INFO : EventManager : Event: ======'player_score'====== Args={'value': 0, 'prev_value': 0, 'change': 0, 'player_num': 1}
2023-02-16 22:06:09,898 : INFO : EventManager : Event: ======'game_started'====== Args={}
2023-02-16 22:06:09,914 : INFO : EventManager : Event: ======'player_turn_will_start'====== Args={'player': <Player 1>, 'number': 1}
2023-02-16 22:06:09,915 : INFO : EventManager : Event: ======'slide_awesome_slide_removed'====== Args={'_from_bcp': True}
2023-02-16 22:06:09,915 : INFO : EventManager : Event: ======'slide_welcome_slide_active'====== Args={'_from_bcp': True}
2023-02-16 22:06:09,916 : INFO : EventManager : Event: ======'player_turn_starting'====== Args={'player': <Player 1>, 'number': 1}
2023-02-16 22:06:09,917 : INFO : EventManager : Event: ======'player_ball'====== Args={'value': 1, 'prev_value': 0, 'change': 1, 'player_num': 1}
2023-02-16 22:06:09,917 : INFO : EventManager : Event: ======'player_turn_started'====== Args={'player': <Player 1>, 'number': 1}
2023-02-16 22:06:09,918 : INFO : EventManager : Event: ======'ball_will_start'====== Args={'player': 1, 'ball': 1, 'balls_remaining': 2, 'is_extra_ball': False}
2023-02-16 22:06:09,922 : INFO : EventManager : Event: ======'ball_starting'====== Args={'player': 1, 'ball': 1, 'balls_remaining': 2, 'is_extra_ball': False}
2023-02-16 22:06:09,923 : INFO : EventManager : Event: ======'mode_base_will_start'====== Args={'queue': <QueuedEvent>, 'player': 1, 'ball': 1, 'balls_remaining': 2, 'is_extra_ball': False}
2023-02-16 22:06:09,924 : INFO : EventManager : Event: ======'mode_base_starting'====== Args={'queue': <QueuedEvent>, 'player': 1, 'ball': 1, 'balls_remaining': 2, 'is_extra_ball': False}
2023-02-16 22:06:09,924 : INFO : Mode.base : Started. Priority: 100
2023-02-16 22:06:09,924 : INFO : EventManager : Event: ======'modes_active_modes_changed'====== Args={}
2023-02-16 22:06:09,925 : INFO : EventManager : Event: ======'mode_base_started'====== Args={'queue': <QueuedEvent>, 'player': 1, 'ball': 1, 'balls_remaining': 2, 'is_extra_ball': False}
2023-02-16 22:06:09,926 : INFO : EventManager : Event: ======'balls_in_play'====== Args={'balls': 1}
2023-02-16 22:06:09,926 : INFO : EventManager : Event: ======'ball_started'====== Args={'player': 1, 'ball': 1, 'balls_remaining': 2, 'is_extra_ball': False}
2023-02-16 22:06:09,927 : INFO : EventManager : Event: ======'mode_reentry_will_start'====== Args={'player': 1, 'ball': 1, 'balls_remaining': 2, 'is_extra_ball': False}
2023-02-16 22:06:09,928 : INFO : EventManager : Event: ======'player_shot_reentryL_shot_enabled'====== Args={'value': True, 'prev_value': 0, 'change': 1, 'player_num': 1}
2023-02-16 22:06:09,928 : INFO : EventManager : Event: ======'player_shot_reentryM_shot_enabled'====== Args={'value': True, 'prev_value': 0, 'change': 1, 'player_num': 1}
2023-02-16 22:06:09,929 : INFO : EventManager : Event: ======'player_shot_reentryR_shot_enabled'====== Args={'value': True, 'prev_value': 0, 'change': 1, 'player_num': 1}
2023-02-16 22:06:09,930 : INFO : EventManager : Event: ======'reentry_shot_complete'====== Args={'state': 'off'}
2023-02-16 22:06:09,930 : INFO : EventManager : Event: ======'reentry_shot_off_complete'====== Args={}
2023-02-16 22:06:09,932 : INFO : EventManager : Event: ======'mode_reentry_starting'====== Args={'player': 1, 'ball': 1, 'balls_remaining': 2, 'is_extra_ball': False}
2023-02-16 22:06:09,932 : INFO : Mode.reentry : Started. Priority: 200
2023-02-16 22:06:09,932 : INFO : EventManager : Event: ======'modes_active_modes_changed'====== Args={}
2023-02-16 22:06:09,933 : INFO : EventManager : Event: ======'mode_reentry_started'====== Args={'player': 1, 'ball': 1, 'balls_remaining': 2, 'is_extra_ball': False}
2023-02-16 22:06:09,959 : INFO : EventManager : Event: ======'single_player_ball_started'====== Args={}
2023-02-16 22:06:09,960 : INFO : EventManager : Event: ======'slide_base.slide_player-mode_base_started_created'====== Args={'_from_bcp': True}
2023-02-16 22:06:09,960 : INFO : EventManager : Event: ======'slide__global.slide_player-ball_started_created'====== Args={'_from_bcp': True}
2023-02-16 22:06:09,960 : INFO : EventManager : Event: ======'slide_base.slide_player-mode_base_started_active'====== Args={'_from_bcp': True}
2023-02-16 22:06:09,961 : INFO : EventManager : Event: ======'ball_start_target'====== Args={'target': 'playfield'}
2023-02-16 22:06:09,961 : INFO : ball_device.bd_plunger : Setting up player-controlled eject. Balls: 1, Target: <playfield.playfield>, player_controlled_eject_event: None
2023-02-16 22:06:09,962 : INFO : EventManager : Event: ======'balldevice_balls_available'====== Args={}
2023-02-16 22:06:09,963 : INFO : ball_device.bd_trough : State: waiting_for_target_ready
2023-02-16 22:06:09,963 : INFO : EventManager : Event: ======'balldevice_bd_trough_ball_eject_attempt'====== Args={'balls': 1, 'target': <ball_device.bd_plunger>, 'source': <ball_device.bd_trough>, 'mechanical_eject': True, 'num_attempts': 0}
2023-02-16 22:06:09,963 : INFO : ball_device.bd_plunger : State: waiting_for_ball
2023-02-16 22:06:09,964 : INFO : ball_device.bd_trough : State: ejecting
2023-02-16 22:06:09,964 : INFO : ball_device.bd_trough : Ejecting ball to <ball_device.bd_plunger>
2023-02-16 22:06:09,964 : INFO : EventManager : Event: ======'balldevice_bd_trough_ejecting_ball'====== Args={'balls': 1, 'target': <ball_device.bd_plunger>, 'source': <ball_device.bd_trough>, 'mechanical_eject': True, 'num_attempts': 0}
2023-02-16 22:06:09,965 : INFO : ball_device.bd_trough : Wait for ball to leave device
2023-02-16 22:06:09,966 : INFO : coil.c_trough_eject : Pulsing Driver for 10ms (1.0 pulse_power)
2023-02-16 22:06:11,839 : INFO : SwitchController : <<<<<<< 's_trough1' inactive >>>>>>>
2023-02-16 22:06:11,846 : INFO : ball_device.bd_trough : State: ball_left
2023-02-16 22:06:11,847 : INFO : ball_device.bd_trough : Ball left
2023-02-16 22:06:11,847 : INFO : ball_device.bd_trough : Wait for confirm with timeout 10.0
2023-02-16 22:06:13,029 : INFO : SwitchController : <<<<<<< 's_plunger' active >>>>>>>
2023-02-16 22:06:13,029 : INFO : EventManager : Event: ======'machine_var_audits_switches_s_plunger'====== Args={'value': 82, 'prev_value': 81, 'change': 1}
2023-02-16 22:06:13,526 : INFO : ball_device.bd_plunger : Received ball from <ball_device.bd_trough>
2023-02-16 22:06:13,526 : INFO : EventManager : Event: ======'balldevice_bd_plunger_ball_enter'====== Args={'new_balls': 1, 'unclaimed_balls': 0, 'new_available_balls': 0, 'device': <ball_device.bd_plunger>}
2023-02-16 22:06:13,528 : INFO : EventManager : Event: ======'balldevice_bd_plunger_ball_entered'====== Args={'new_balls': 0, 'device': <ball_device.bd_plunger>}
2023-02-16 22:06:13,530 : INFO : EventManager : Event: ======'balldevice_bd_plunger_ball_count_changed'====== Args={'balls': 1}
2023-02-16 22:06:13,531 : INFO : ball_device.bd_trough : Got eject confirm
2023-02-16 22:06:13,531 : INFO : ball_device.bd_trough : Eject successful
2023-02-16 22:06:13,532 : INFO : EventManager : Event: ======'balldevice_bd_trough_ball_eject_success'====== Args={'balls': 1, 'target': <ball_device.bd_plunger>}
2023-02-16 22:06:13,533 : INFO : EventManager : Event: ======'balldevice_bd_trough_ball_count_changed'====== Args={'balls': 0}
2023-02-16 22:06:13,534 : INFO : ball_device.bd_trough : State: idle
2023-02-16 22:06:13,534 : INFO : ball_device.bd_plunger : State: waiting_for_target_ready
2023-02-16 22:06:13,534 : INFO : EventManager : Event: ======'balldevice_bd_plunger_ball_eject_attempt'====== Args={'balls': 1, 'target': <playfield.playfield>, 'source': <ball_device.bd_plunger>, 'mechanical_eject': True, 'num_attempts': 0}
2023-02-16 22:06:13,535 : INFO : ball_device.bd_plunger : State: ejecting
2023-02-16 22:06:13,535 : INFO : ball_device.bd_plunger : Ejecting ball to <playfield.playfield>
2023-02-16 22:06:13,535 : INFO : EventManager : Event: ======'balldevice_bd_plunger_ejecting_ball'====== Args={'balls': 1, 'target': <playfield.playfield>, 'source': <ball_device.bd_plunger>, 'mechanical_eject': True, 'num_attempts': 0}
2023-02-16 22:06:13,536 : INFO : ball_device.bd_plunger : Wait for ball to leave device
2023-02-16 22:06:13,552 : INFO : SwitchController : <<<<<<< 's_plunger' inactive >>>>>>>
2023-02-16 22:06:13,556 : INFO : ball_device.bd_plunger : State: ball_left
2023-02-16 22:06:13,556 : INFO : ball_device.bd_plunger : Ball left
2023-02-16 22:06:13,556 : INFO : ball_device.bd_plunger : Wait for confirm with timeout 10.0
2023-02-16 22:06:16,860 : INFO : SwitchController : <<<<<<< 's_reentry_left' active >>>>>>>
2023-02-16 22:06:16,861 : INFO : EventManager : Event: ======'playfield_active'====== Args={}
2023-02-16 22:06:16,862 : INFO : EventManager : Event: ======'s_reentry_left_active'====== Args={}
2023-02-16 22:06:16,862 : INFO : EventManager : Event: ======'sw_playfield_active'====== Args={}
2023-02-16 22:06:16,863 : INFO : EventManager : Event: ======'machine_var_audits_switches_s_reentry_left'====== Args={'value': 594, 'prev_value': 593, 'change': 1}
2023-02-16 22:06:16,867 : INFO : EventManager : Event: ======'player_shot_reentryL_shot'====== Args={'value': 1, 'prev_value': 0, 'change': 1, 'player_num': 1}
2023-02-16 22:06:16,886 : INFO : EventManager : Event: ======'machine_var_audits_shots_reentryL_shot'====== Args={'value': 239, 'prev_value': 238, 'change': 1}
2023-02-16 22:06:16,887 : INFO : EventManager : Event: ======'reentryL_shot_hit'====== Args={'profile': 'reentry', 'state': 'off', 'advancing': True}
2023-02-16 22:06:16,887 : INFO : EventManager : Event: ======'reentryL_shot_reentry_hit'====== Args={'profile': 'reentry', 'state': 'off', 'advancing': True}
2023-02-16 22:06:16,888 : INFO : EventManager : Event: ======'reentryL_shot_reentry_off_hit'====== Args={'profile': 'reentry', 'state': 'off', 'advancing': True}
2023-02-16 22:06:16,888 : INFO : EventManager : Event: ======'reentryL_shot_off_hit'====== Args={'profile': 'reentry', 'state': 'off', 'advancing': True}
2023-02-16 22:06:16,889 : INFO : EventManager : Event: ======'logicblock_reentry_switch_counter_updated'====== Args={'value': 1, 'enabled': True}
2023-02-16 22:06:16,889 : INFO : EventManager : Event: ======'reentry_sound_active'====== Args={'count': 1}
2023-02-16 22:06:16,889 : INFO : EventManager : Event: ======'reentry_shot_hit'====== Args={}
2023-02-16 22:06:16,890 : INFO : EventManager : Event: ======'reentry_shot_off_hit'====== Args={}
2023-02-16 22:06:16,890 : INFO : EventManager : Event: ======'player_score'====== Args={'value': 1000, 'prev_value': 0, 'change': 1000, 'player_num': 1}
2023-02-16 22:06:16,891 : INFO : EventManager : Event: ======'playfield_active'====== Args={}
2023-02-16 22:06:16,903 : INFO : ball_device.bd_plunger : Got eject confirm
2023-02-16 22:06:16,903 : INFO : ball_device.bd_plunger : Eject successful
2023-02-16 22:06:16,903 : INFO : EventManager : Event: ======'balldevice_bd_plunger_ball_eject_success'====== Args={'balls': 1, 'target': <playfield.playfield>}
2023-02-16 22:06:16,904 : INFO : EventManager : Event: ======'balldevice_playfield_ball_enter'====== Args={'new_balls': 1, 'unclaimed_balls': 1, 'device': <playfield.playfield>}
2023-02-16 22:06:16,905 : INFO : EventManager : Event: ======'playfield_ball_count_change'====== Args={'balls': 1, 'change': 1}
2023-02-16 22:06:16,906 : INFO : EventManager : Event: ======'balldevice_bd_plunger_ball_count_changed'====== Args={'balls': 0}
2023-02-16 22:06:16,906 : INFO : ball_device.bd_plunger : State: idle
2023-02-16 22:06:17,083 : INFO : SwitchController : <<<<<<< 's_reentry_left' inactive >>>>>>>
2023-02-16 22:06:18,479 : INFO : SwitchController : <<<<<<< 's_reentry_left' active >>>>>>>
2023-02-16 22:06:18,479 : INFO : EventManager : Event: ======'s_reentry_left_active'====== Args={}
2023-02-16 22:06:18,480 : INFO : EventManager : Event: ======'sw_playfield_active'====== Args={}
2023-02-16 22:06:18,480 : INFO : EventManager : Event: ======'machine_var_audits_switches_s_reentry_left'====== Args={'value': 595, 'prev_value': 594, 'change': 1}
2023-02-16 22:06:18,481 : INFO : EventManager : Event: ======'player_shot_reentryL_shot'====== Args={'value': 0, 'prev_value': 1, 'change': -1, 'player_num': 1}
2023-02-16 22:06:18,481 : INFO : EventManager : Event: ======'machine_var_audits_shots_reentryL_shot'====== Args={'value': 240, 'prev_value': 239, 'change': 1}
2023-02-16 22:06:18,482 : INFO : EventManager : Event: ======'reentryL_shot_hit'====== Args={'profile': 'reentry', 'state': 'lit', 'advancing': True}
2023-02-16 22:06:18,482 : INFO : EventManager : Event: ======'reentryL_shot_reentry_hit'====== Args={'profile': 'reentry', 'state': 'lit', 'advancing': True}
2023-02-16 22:06:18,482 : INFO : EventManager : Event: ======'reentryL_shot_reentry_lit_hit'====== Args={'profile': 'reentry', 'state': 'lit', 'advancing': True}
2023-02-16 22:06:18,482 : INFO : EventManager : Event: ======'reentryL_shot_lit_hit'====== Args={'profile': 'reentry', 'state': 'lit', 'advancing': True}
2023-02-16 22:06:18,482 : INFO : EventManager : Event: ======'logicblock_reentry_switch_counter_updated'====== Args={'value': 2, 'enabled': True}
2023-02-16 22:06:18,482 : INFO : EventManager : Event: ======'reentry_sound_active'====== Args={'count': 2}
2023-02-16 22:06:18,483 : INFO : EventManager : Event: ======'reentry_shot_complete'====== Args={'state': 'off'}
2023-02-16 22:06:18,483 : INFO : EventManager : Event: ======'reentry_shot_off_complete'====== Args={}
2023-02-16 22:06:18,483 : INFO : EventManager : Event: ======'reentry_shot_hit'====== Args={}
2023-02-16 22:06:18,483 : INFO : EventManager : Event: ======'reentry_shot_lit_hit'====== Args={}
2023-02-16 22:06:18,483 : INFO : EventManager : Event: ======'player_score'====== Args={'value': 3000, 'prev_value': 1000, 'change': 2000, 'player_num': 1}
2023-02-16 22:06:18,682 : INFO : SwitchController : <<<<<<< 's_reentry_left' inactive >>>>>>>
2023-02-16 22:06:19,173 : INFO : SwitchController : <<<<<<< 's_reentry_middle' active >>>>>>>
2023-02-16 22:06:19,173 : INFO : EventManager : Event: ======'s_reentry_middle_active'====== Args={}
2023-02-16 22:06:19,173 : INFO : EventManager : Event: ======'sw_playfield_active'====== Args={}
2023-02-16 22:06:19,173 : INFO : EventManager : Event: ======'machine_var_audits_switches_s_reentry_middle'====== Args={'value': 299, 'prev_value': 298, 'change': 1}
2023-02-16 22:06:19,174 : INFO : EventManager : Event: ======'player_shot_reentryM_shot'====== Args={'value': 1, 'prev_value': 0, 'change': 1, 'player_num': 1}
2023-02-16 22:06:19,174 : INFO : EventManager : Event: ======'machine_var_audits_shots_reentryM_shot'====== Args={'value': 225, 'prev_value': 224, 'change': 1}
2023-02-16 22:06:19,175 : INFO : EventManager : Event: ======'reentryM_shot_hit'====== Args={'profile': 'reentry', 'state': 'off', 'advancing': True}
2023-02-16 22:06:19,175 : INFO : EventManager : Event: ======'reentryM_shot_reentry_hit'====== Args={'profile': 'reentry', 'state': 'off', 'advancing': True}
2023-02-16 22:06:19,175 : INFO : EventManager : Event: ======'reentryM_shot_reentry_off_hit'====== Args={'profile': 'reentry', 'state': 'off', 'advancing': True}
2023-02-16 22:06:19,175 : INFO : EventManager : Event: ======'reentryM_shot_off_hit'====== Args={'profile': 'reentry', 'state': 'off', 'advancing': True}
2023-02-16 22:06:19,175 : INFO : EventManager : Event: ======'reentry_shot_hit'====== Args={}
2023-02-16 22:06:19,175 : INFO : EventManager : Event: ======'reentry_shot_off_hit'====== Args={}
2023-02-16 22:06:19,176 : INFO : EventManager : Event: ======'player_score'====== Args={'value': 4000, 'prev_value': 3000, 'change': 1000, 'player_num': 1}
2023-02-16 22:06:19,374 : INFO : SwitchController : <<<<<<< 's_reentry_middle' inactive >>>>>>>
2023-02-16 22:06:21,716 : INFO : SwitchController : <<<<<<< 's_reentry_right' active >>>>>>>
2023-02-16 22:06:21,717 : INFO : EventManager : Event: ======'s_reentry_right_active'====== Args={}
2023-02-16 22:06:21,718 : INFO : EventManager : Event: ======'machine_var_audits_switches_s_reentry_right'====== Args={'value': 259, 'prev_value': 258, 'change': 1}
2023-02-16 22:06:21,720 : INFO : EventManager : Event: ======'player_shot_reentryR_shot'====== Args={'value': 1, 'prev_value': 0, 'change': 1, 'player_num': 1}
2023-02-16 22:06:21,721 : INFO : EventManager : Event: ======'machine_var_audits_shots_reentryR_shot'====== Args={'value': 201, 'prev_value': 200, 'change': 1}
2023-02-16 22:06:21,730 : INFO : EventManager : Event: ======'reentryR_shot_hit'====== Args={'profile': 'reentry', 'state': 'off', 'advancing': True}
2023-02-16 22:06:21,730 : INFO : EventManager : Event: ======'reentryR_shot_reentry_hit'====== Args={'profile': 'reentry', 'state': 'off', 'advancing': True}
2023-02-16 22:06:21,730 : INFO : EventManager : Event: ======'reentryR_shot_reentry_off_hit'====== Args={'profile': 'reentry', 'state': 'off', 'advancing': True}
2023-02-16 22:06:21,730 : INFO : EventManager : Event: ======'reentryR_shot_off_hit'====== Args={'profile': 'reentry', 'state': 'off', 'advancing': True}
2023-02-16 22:06:21,730 : INFO : EventManager : Event: ======'reentry_shot_hit'====== Args={}
2023-02-16 22:06:21,731 : INFO : EventManager : Event: ======'reentry_shot_off_hit'====== Args={}
2023-02-16 22:06:21,731 : INFO : EventManager : Event: ======'player_score'====== Args={'value': 5000, 'prev_value': 4000, 'change': 1000, 'player_num': 1}
2023-02-16 22:06:21,875 : INFO : SwitchController : <<<<<<< 's_reentry_right' inactive >>>>>>>
2023-02-16 22:06:22,738 : INFO : SwitchController : <<<<<<< 's_reentry_left' active >>>>>>>
2023-02-16 22:06:22,739 : INFO : EventManager : Event: ======'s_reentry_left_active'====== Args={}
2023-02-16 22:06:22,739 : INFO : EventManager : Event: ======'sw_playfield_active'====== Args={}
2023-02-16 22:06:22,740 : INFO : EventManager : Event: ======'machine_var_audits_switches_s_reentry_left'====== Args={'value': 596, 'prev_value': 595, 'change': 1}
2023-02-16 22:06:22,741 : INFO : EventManager : Event: ======'player_shot_reentryL_shot'====== Args={'value': 1, 'prev_value': 0, 'change': 1, 'player_num': 1}
2023-02-16 22:06:22,742 : INFO : EventManager : Event: ======'machine_var_audits_shots_reentryL_shot'====== Args={'value': 241, 'prev_value': 240, 'change': 1}
2023-02-16 22:06:22,742 : INFO : EventManager : Event: ======'reentryL_shot_hit'====== Args={'profile': 'reentry', 'state': 'off', 'advancing': True}
2023-02-16 22:06:22,742 : INFO : EventManager : Event: ======'reentryL_shot_reentry_hit'====== Args={'profile': 'reentry', 'state': 'off', 'advancing': True}
2023-02-16 22:06:22,742 : INFO : EventManager : Event: ======'reentryL_shot_reentry_off_hit'====== Args={'profile': 'reentry', 'state': 'off', 'advancing': True}
2023-02-16 22:06:22,743 : INFO : EventManager : Event: ======'reentryL_shot_off_hit'====== Args={'profile': 'reentry', 'state': 'off', 'advancing': True}
2023-02-16 22:06:22,743 : INFO : EventManager : Event: ======'logicblock_reentry_switch_counter_updated'====== Args={'value': 3, 'enabled': True}
2023-02-16 22:06:22,743 : INFO : EventManager : Event: ======'reentry_sound_active'====== Args={'count': 3}
2023-02-16 22:06:22,743 : INFO : EventManager : Event: ======'reentry_shot_complete'====== Args={'state': 'lit'}
2023-02-16 22:06:22,743 : INFO : EventManager : Event: ======'reentry_shot_lit_complete'====== Args={}
2023-02-16 22:06:22,743 : INFO : EventManager : Event: ======'reentry_shot_hit'====== Args={}
2023-02-16 22:06:22,744 : INFO : EventManager : Event: ======'reentry_shot_off_hit'====== Args={}
2023-02-16 22:06:22,744 : INFO : EventManager : Event: ======'player_score'====== Args={'value': 10000, 'prev_value': 5000, 'change': 5000, 'player_num': 1}
2023-02-16 22:06:22,745 : INFO : EventManager : Event: ======'player_score'====== Args={'value': 11000, 'prev_value': 10000, 'change': 1000, 'player_num': 1}
2023-02-16 22:06:22,914 : INFO : SwitchController : <<<<<<< 's_reentry_left' inactive >>>>>>>
2023-02-16 22:06:24,723 : INFO : EventManager : Event: ======'player_shot_reentryL_shot'====== Args={'value': 0, 'prev_value': 1, 'change': -1, 'player_num': 1}
2023-02-16 22:06:24,724 : INFO : EventManager : Event: ======'player_shot_reentryM_shot'====== Args={'value': 0, 'prev_value': 1, 'change': -1, 'player_num': 1}
2023-02-16 22:06:24,725 : INFO : EventManager : Event: ======'player_shot_reentryR_shot'====== Args={'value': 0, 'prev_value': 1, 'change': -1, 'player_num': 1}
2023-02-16 22:06:28,208 : INFO : SwitchController : <<<<<<< 's_reentry_left' active >>>>>>>
2023-02-16 22:06:28,209 : INFO : EventManager : Event: ======'s_reentry_left_active'====== Args={}
2023-02-16 22:06:28,209 : INFO : EventManager : Event: ======'sw_playfield_active'====== Args={}
2023-02-16 22:06:28,210 : INFO : EventManager : Event: ======'machine_var_audits_switches_s_reentry_left'====== Args={'value': 597, 'prev_value': 596, 'change': 1}
2023-02-16 22:06:28,211 : INFO : EventManager : Event: ======'player_shot_reentryL_shot'====== Args={'value': 1, 'prev_value': 0, 'change': 1, 'player_num': 1}
2023-02-16 22:06:28,212 : INFO : EventManager : Event: ======'machine_var_audits_shots_reentryL_shot'====== Args={'value': 242, 'prev_value': 241, 'change': 1}
2023-02-16 22:06:28,214 : INFO : EventManager : Event: ======'reentryL_shot_hit'====== Args={'profile': 'reentry', 'state': 'off', 'advancing': True}
2023-02-16 22:06:28,226 : INFO : EventManager : Event: ======'reentryL_shot_reentry_hit'====== Args={'profile': 'reentry', 'state': 'off', 'advancing': True}
2023-02-16 22:06:28,227 : INFO : EventManager : Event: ======'reentryL_shot_reentry_off_hit'====== Args={'profile': 'reentry', 'state': 'off', 'advancing': True}
2023-02-16 22:06:28,227 : INFO : EventManager : Event: ======'reentryL_shot_off_hit'====== Args={'profile': 'reentry', 'state': 'off', 'advancing': True}
2023-02-16 22:06:28,227 : INFO : EventManager : Event: ======'logicblock_reentry_switch_counter_updated'====== Args={'value': 4, 'enabled': True}
2023-02-16 22:06:28,227 : INFO : EventManager : Event: ======'reentry_sound_active'====== Args={'count': 4}
2023-02-16 22:06:28,227 : INFO : EventManager : Event: ======'reentry_shot_hit'====== Args={}
2023-02-16 22:06:28,228 : INFO : EventManager : Event: ======'reentry_shot_off_hit'====== Args={}
2023-02-16 22:06:28,228 : INFO : EventManager : Event: ======'player_score'====== Args={'value': 12000, 'prev_value': 11000, 'change': 1000, 'player_num': 1}
2023-02-16 22:06:28,337 : INFO : SwitchController : <<<<<<< 's_reentry_left' inactive >>>>>>>
2023-02-16 22:06:28,690 : INFO : SwitchController : <<<<<<< 's_reentry_middle' active >>>>>>>
2023-02-16 22:06:28,691 : INFO : EventManager : Event: ======'s_reentry_middle_active'====== Args={}
2023-02-16 22:06:28,691 : INFO : EventManager : Event: ======'sw_playfield_active'====== Args={}
2023-02-16 22:06:28,692 : INFO : EventManager : Event: ======'machine_var_audits_switches_s_reentry_middle'====== Args={'value': 300, 'prev_value': 299, 'change': 1}
2023-02-16 22:06:28,693 : INFO : EventManager : Event: ======'player_shot_reentryM_shot'====== Args={'value': 1, 'prev_value': 0, 'change': 1, 'player_num': 1}
2023-02-16 22:06:28,694 : INFO : EventManager : Event: ======'machine_var_audits_shots_reentryM_shot'====== Args={'value': 226, 'prev_value': 225, 'change': 1}
2023-02-16 22:06:28,694 : INFO : EventManager : Event: ======'reentryM_shot_hit'====== Args={'profile': 'reentry', 'state': 'off', 'advancing': True}
2023-02-16 22:06:28,694 : INFO : EventManager : Event: ======'reentryM_shot_reentry_hit'====== Args={'profile': 'reentry', 'state': 'off', 'advancing': True}
2023-02-16 22:06:28,694 : INFO : EventManager : Event: ======'reentryM_shot_reentry_off_hit'====== Args={'profile': 'reentry', 'state': 'off', 'advancing': True}
2023-02-16 22:06:28,695 : INFO : EventManager : Event: ======'reentryM_shot_off_hit'====== Args={'profile': 'reentry', 'state': 'off', 'advancing': True}
2023-02-16 22:06:28,695 : INFO : EventManager : Event: ======'reentry_shot_hit'====== Args={}
2023-02-16 22:06:28,695 : INFO : EventManager : Event: ======'reentry_shot_off_hit'====== Args={}
2023-02-16 22:06:28,695 : INFO : EventManager : Event: ======'player_score'====== Args={'value': 13000, 'prev_value': 12000, 'change': 1000, 'player_num': 1}
2023-02-16 22:06:28,926 : INFO : SwitchController : <<<<<<< 's_reentry_middle' inactive >>>>>>>
2023-02-16 22:06:29,233 : INFO : SwitchController : <<<<<<< 's_reentry_right' active >>>>>>>
2023-02-16 22:06:29,233 : INFO : EventManager : Event: ======'s_reentry_right_active'====== Args={}
2023-02-16 22:06:29,235 : INFO : EventManager : Event: ======'machine_var_audits_switches_s_reentry_right'====== Args={'value': 260, 'prev_value': 259, 'change': 1}
2023-02-16 22:06:29,238 : INFO : EventManager : Event: ======'player_shot_reentryR_shot'====== Args={'value': 1, 'prev_value': 0, 'change': 1, 'player_num': 1}
2023-02-16 22:06:29,239 : INFO : EventManager : Event: ======'machine_var_audits_shots_reentryR_shot'====== Args={'value': 202, 'prev_value': 201, 'change': 1}
2023-02-16 22:06:29,241 : INFO : EventManager : Event: ======'reentryR_shot_hit'====== Args={'profile': 'reentry', 'state': 'off', 'advancing': True}
2023-02-16 22:06:29,251 : INFO : EventManager : Event: ======'reentryR_shot_reentry_hit'====== Args={'profile': 'reentry', 'state': 'off', 'advancing': True}
2023-02-16 22:06:29,251 : INFO : EventManager : Event: ======'reentryR_shot_reentry_off_hit'====== Args={'profile': 'reentry', 'state': 'off', 'advancing': True}
2023-02-16 22:06:29,251 : INFO : EventManager : Event: ======'reentryR_shot_off_hit'====== Args={'profile': 'reentry', 'state': 'off', 'advancing': True}
2023-02-16 22:06:29,252 : INFO : EventManager : Event: ======'reentry_shot_complete'====== Args={'state': 'lit'}
2023-02-16 22:06:29,252 : INFO : EventManager : Event: ======'reentry_shot_lit_complete'====== Args={}
2023-02-16 22:06:29,252 : INFO : EventManager : Event: ======'reentry_shot_hit'====== Args={}
2023-02-16 22:06:29,253 : INFO : EventManager : Event: ======'reentry_shot_off_hit'====== Args={}
2023-02-16 22:06:29,253 : INFO : EventManager : Event: ======'player_score'====== Args={'value': 18000, 'prev_value': 13000, 'change': 5000, 'player_num': 1}
2023-02-16 22:06:29,253 : INFO : EventManager : Event: ======'player_score'====== Args={'value': 19000, 'prev_value': 18000, 'change': 1000, 'player_num': 1}
2023-02-16 22:06:29,372 : INFO : SwitchController : <<<<<<< 's_reentry_right' inactive >>>>>>>
2023-02-16 22:06:31,269 : INFO : EventManager : Event: ======'player_shot_reentryL_shot'====== Args={'value': 0, 'prev_value': 1, 'change': -1, 'player_num': 1}
2023-02-16 22:06:31,272 : INFO : EventManager : Event: ======'player_shot_reentryM_shot'====== Args={'value': 0, 'prev_value': 1, 'change': -1, 'player_num': 1}
2023-02-16 22:06:31,274 : INFO : EventManager : Event: ======'player_shot_reentryR_shot'====== Args={'value': 0, 'prev_value': 1, 'change': -1, 'player_num': 1}
2023-02-16 22:06:43,544 : INFO : Machine : Shutting down...
2023-02-16 22:06:43,544 : INFO : EventManager : Event: ======'shutdown'====== Args={}
2023-02-16 22:06:43,548 : INFO : root : MPF run loop ended.
