2023-02-11 16:42:31,922 : INFO : root : Loading config.
2023-02-11 16:42:32,260 : INFO : ConfigProcessor : Config spec file cache created: C:\Users\student\AppData\Local\Temp\config_spec.mpf_cache
2023-02-11 16:42:32,261 : INFO : YamlMultifileConfigLoader : Machine config file #1: config.yaml
2023-02-11 16:42:32,261 : INFO : ConfigProcessor : Loading config from file c:\users\student\mpfenv\lib\site-packages\mpf\mpfconfig.yaml.
2023-02-11 16:42:32,322 : INFO : ConfigProcessor : Loading config: c:\users\student\mpfenv\lib\site-packages\mpf\mpfconfig.yaml
2023-02-11 16:42:32,323 : INFO : ConfigProcessor : Loading config from file C:\Users\student\pinball\cobraPinTest1\config\config.yaml.
2023-02-11 16:42:32,352 : INFO : ConfigProcessor : Loading config: C:\Users\student\pinball\cobraPinTest1\config\config.yaml
2023-02-11 16:42:32,353 : INFO : ConfigProcessor : Config file cache created: C:\Users\student\AppData\Local\Temp\f1427cd4cbc9163bc2263f349f0fb463.mpf_cache
2023-02-11 16:42:32,422 : INFO : ConfigProcessor : Loading config from file c:\users\student\mpfenv\lib\site-packages\mpf\modes\attract\config\attract.yaml.
2023-02-11 16:42:32,424 : INFO : ConfigProcessor : Loading config: c:\users\student\mpfenv\lib\site-packages\mpf\modes\attract\config\attract.yaml
2023-02-11 16:42:32,424 : INFO : ConfigProcessor : Loading config from file C:\Users\student\pinball\cobraPinTest1\modes\attract\config\attract.yaml.
2023-02-11 16:42:32,425 : INFO : ConfigProcessor : Loading config: C:\Users\student\pinball\cobraPinTest1\modes\attract\config\attract.yaml
2023-02-11 16:42:32,426 : INFO : ConfigProcessor : Config file cache created: C:\Users\student\AppData\Local\Temp\32ed7ad340ce8029344f8b9ff63edc80.mpf_cache
2023-02-11 16:42:32,426 : INFO : ConfigProcessor : Loading config from file c:\users\student\mpfenv\lib\site-packages\mpf\modes\game\config\game.yaml.
2023-02-11 16:42:32,428 : INFO : ConfigProcessor : Loading config: c:\users\student\mpfenv\lib\site-packages\mpf\modes\game\config\game.yaml
2023-02-11 16:42:32,429 : INFO : ConfigProcessor : Config file cache created: C:\Users\student\AppData\Local\Temp\8696bd5a5a040ff67990be11cb4d3c0c.mpf_cache
2023-02-11 16:42:32,429 : INFO : ConfigProcessor : Loading config from file C:\Users\student\pinball\cobraPinTest1\modes\base\config\base.yaml.
2023-02-11 16:42:32,435 : INFO : ConfigProcessor : Loading config: C:\Users\student\pinball\cobraPinTest1\modes\base\config\base.yaml
2023-02-11 16:42:32,436 : INFO : ConfigProcessor : Config file cache created: C:\Users\student\AppData\Local\Temp\4675a535c8328a9c278c807d999ed109.mpf_cache
2023-02-11 16:42:32,437 : INFO : ConfigProcessor : Loading config from file C:\Users\student\pinball\cobraPinTest1\modes\attract\shows\.\attract_display_loop.yaml.
2023-02-11 16:42:32,446 : INFO : ConfigProcessor : Loading config: C:\Users\student\pinball\cobraPinTest1\modes\attract\shows\.\attract_display_loop.yaml
2023-02-11 16:42:32,447 : INFO : ConfigProcessor : Config file cache created: C:\Users\student\AppData\Local\Temp\f8d2c2cf3ea01f085365ea23fa51a701.mpf_cache
2023-02-11 16:42:32,447 : INFO : Machine : Mission Pinball Framework Core Engine v0.55.0
2023-02-11 16:42:32,448 : INFO : Machine : Command line arguments: {'no_load_cache': True, 'create_config_cache': True, 'bcp': True, 'configfile': ['config.yaml'], 'force_assets_load': False, 'jsonlogging': False, 'logfile': 'logs\\2023-02-11-16-42-31-mpf-DESKTOP-0JH7ARL.log', 'pause': False, 'production': False, 'text_ui': True, 'loglevel': 15, 'consoleloglevel': 20, 'force_platform': None, 'syslog_address': None, 'mc_file_name': None, 'no_sound': False}
2023-02-11 16:42:32,448 : INFO : Machine : MPF path: c:\users\student\mpfenv\lib\site-packages\mpf
2023-02-11 16:42:32,448 : INFO : Machine : Machine path: C:\Users\student\pinball\cobraPinTest1
2023-02-11 16:42:32,448 : INFO : Machine : Platform: win32
2023-02-11 16:42:32,448 : INFO : Machine : Python executable location: c:\users\student\mpfenv\scripts\python.exe
2023-02-11 16:42:32,448 : INFO : Machine : Python version: 3.7.8 (64-bit)
2023-02-11 16:42:32,450 : INFO : Machine : Initialise MPF.
2023-02-11 16:42:32,767 : INFO : OPP : Connecting to com4 at 115200bps
2023-02-11 16:42:32,945 : INFO : OPP : Init of OPP board 0 done
2023-02-11 16:42:32,945 : INFO : OPP : Connecting to com5 at 115200bps
2023-02-11 16:42:33,038 : INFO : OPP : Init of OPP board 1 done
2023-02-11 16:42:33,038 : INFO : EventManager : Event: ======'machine_var_credits_string'====== Args={'value': 'FREE PLAY', 'prev_value': None, 'change': True}
2023-02-11 16:42:33,088 : INFO : EventManager : Event: ======'machine_var_master_volume'====== Args={'value': 0.5, 'prev_value': None, 'change': True}
2023-02-11 16:42:33,088 : INFO : EventManager : Event: ======'machine_var_player1_score'====== Args={'value': 1900, 'prev_value': None, 'change': True}
2023-02-11 16:42:33,088 : INFO : EventManager : Event: ======'machine_var_mpf_version'====== Args={'value': 'MPF v0.55.0', 'prev_value': None, 'change': True}
2023-02-11 16:42:33,088 : INFO : EventManager : Event: ======'machine_var_mpf_extended_version'====== Args={'value': 'MPF v0.55.0, Config version:5, Show version: 5, BCP version:1.1', 'prev_value': None, 'change': True}
2023-02-11 16:42:33,089 : INFO : EventManager : Event: ======'machine_var_python_version'====== Args={'value': '3.7.8', 'prev_value': None, 'change': True}
2023-02-11 16:42:33,089 : INFO : EventManager : Event: ======'machine_var_platform'====== Args={'value': 'Windows-10-10.0.19041-SP0', 'prev_value': None, 'change': True}
2023-02-11 16:42:33,089 : INFO : EventManager : Event: ======'machine_var_platform_system'====== Args={'value': 'Windows', 'prev_value': None, 'change': True}
2023-02-11 16:42:33,090 : INFO : EventManager : Event: ======'machine_var_platform_release'====== Args={'value': '10', 'prev_value': None, 'change': True}
2023-02-11 16:42:33,090 : INFO : EventManager : Event: ======'machine_var_platform_version'====== Args={'value': '10.0.19041', 'prev_value': None, 'change': True}
2023-02-11 16:42:33,090 : INFO : EventManager : Event: ======'machine_var_platform_machine'====== Args={'value': 'AMD64', 'prev_value': None, 'change': True}
2023-02-11 16:42:33,090 : INFO : EventManager : Event: ======'init_phase_1'====== Args={}
2023-02-11 16:42:33,105 : INFO : EventManager : Event: ======'logicblock_reentry_switch_counter_updated'====== Args={'value': 0, 'enabled': True}
2023-02-11 16:42:33,105 : INFO : EventManager : Event: ======'logicblock_reentry_switch_counter_updated'====== Args={'value': 0, 'enabled': True}
2023-02-11 16:42:33,107 : INFO : EventManager : Event: ======'init_phase_2'====== Args={}
2023-02-11 16:42:33,107 : INFO : SwitchController : Found active switch: ('0-0-8', <Platform.OPP>) <switch.s_trough1>
2023-02-11 16:42:33,111 : INFO : EventManager : Event: ======'bcp_connection_attempt'====== Args={'name': 'local_display', 'host': 'localhost', 'port': 5050}
2023-02-11 16:42:33,112 : INFO : BCPClientSocket : Connecting BCP to 'local_display' at localhost:5050...
2023-02-11 16:42:35,150 : INFO : BCPClientSocket : Connected BCP to 'local_display' localhost:5050
2023-02-11 16:42:35,151 : INFO : EventManager : Event: ======'bcp_clients_connected'====== Args={}
2023-02-11 16:42:35,159 : INFO : ball_device.bd_trough : BCH: Initial count: 1
2023-02-11 16:42:35,160 : INFO : EventManager : Event: ======'machine_var_mc_version'====== Args={'value': 'MPF-MC v0.55.0', 'prev_value': None, 'change': True}
2023-02-11 16:42:35,160 : INFO : EventManager : Event: ======'machine_var_mc_extended_version'====== Args={'value': 'MPF-MC v0.55.0 (config_version=5, BCP v1.1, Requires MPF v0.55.0-dev.49)', 'prev_value': None, 'change': True}
2023-02-11 16:42:35,161 : INFO : ball_device.bd_trough : State: idle
2023-02-11 16:42:35,177 : INFO : ball_device.bd_plunger : BCH: Initial count: 0
2023-02-11 16:42:35,177 : INFO : ball_device.bd_plunger : State: idle
2023-02-11 16:42:35,232 : INFO : EventManager : Event: ======'init_phase_3'====== Args={}
2023-02-11 16:42:35,236 : INFO : EventManager : Event: ======'init_phase_4'====== Args={}
2023-02-11 16:42:35,236 : INFO : BallController : Initial balls found: 1
2023-02-11 16:42:35,238 : INFO : EventManager : Event: ======'machine_var_audits_events_game_ended'====== Args={'value': 0, 'prev_value': None, 'change': True}
2023-02-11 16:42:35,238 : INFO : EventManager : Event: ======'machine_var_audits_events_game_started'====== Args={'value': 0, 'prev_value': None, 'change': True}
2023-02-11 16:42:35,238 : INFO : EventManager : Event: ======'machine_var_audits_player_score'====== Args={'value': {'average': 1900.0, 'top': [1900], 'total': 1}, 'prev_value': None, 'change': True}
2023-02-11 16:42:35,239 : INFO : EventManager : Event: ======'machine_var_audits_switches_s_blackhole_kicker'====== Args={'value': 0, 'prev_value': None, 'change': True}
2023-02-11 16:42:35,239 : INFO : EventManager : Event: ======'machine_var_audits_switches_s_bonus_lane'====== Args={'value': 0, 'prev_value': None, 'change': True}
2023-02-11 16:42:35,239 : INFO : EventManager : Event: ======'machine_var_audits_switches_s_booster_drop_target_1'====== Args={'value': 0, 'prev_value': None, 'change': True}
2023-02-11 16:42:35,239 : INFO : EventManager : Event: ======'machine_var_audits_switches_s_booster_drop_target_2'====== Args={'value': 0, 'prev_value': None, 'change': True}
2023-02-11 16:42:35,240 : INFO : EventManager : Event: ======'machine_var_audits_switches_s_booster_drop_target_3'====== Args={'value': 0, 'prev_value': None, 'change': True}
2023-02-11 16:42:35,240 : INFO : EventManager : Event: ======'machine_var_audits_switches_s_comet_spot_1'====== Args={'value': 0, 'prev_value': None, 'change': True}
2023-02-11 16:42:35,241 : INFO : EventManager : Event: ======'machine_var_audits_switches_s_comet_spot_2'====== Args={'value': 0, 'prev_value': None, 'change': True}
2023-02-11 16:42:35,241 : INFO : EventManager : Event: ======'machine_var_audits_switches_s_comet_spot_3'====== Args={'value': 0, 'prev_value': None, 'change': True}
2023-02-11 16:42:35,241 : INFO : EventManager : Event: ======'machine_var_audits_switches_s_engine_bumper_1'====== Args={'value': 0, 'prev_value': None, 'change': True}
2023-02-11 16:42:35,242 : INFO : EventManager : Event: ======'machine_var_audits_switches_s_engine_bumper_2'====== Args={'value': 0, 'prev_value': None, 'change': True}
2023-02-11 16:42:35,242 : INFO : EventManager : Event: ======'machine_var_audits_switches_s_engine_bumper_3'====== Args={'value': 0, 'prev_value': None, 'change': True}
2023-02-11 16:42:35,242 : INFO : EventManager : Event: ======'machine_var_audits_switches_s_fuel_chute_1'====== Args={'value': 0, 'prev_value': None, 'change': True}
2023-02-11 16:42:35,242 : INFO : EventManager : Event: ======'machine_var_audits_switches_s_fuel_chute_2'====== Args={'value': 0, 'prev_value': None, 'change': True}
2023-02-11 16:42:35,243 : INFO : EventManager : Event: ======'machine_var_audits_switches_s_fuel_chute_3'====== Args={'value': 0, 'prev_value': None, 'change': True}
2023-02-11 16:42:35,243 : INFO : EventManager : Event: ======'machine_var_audits_switches_s_fuel_chute_4'====== Args={'value': 0, 'prev_value': None, 'change': True}
2023-02-11 16:42:35,243 : INFO : EventManager : Event: ======'machine_var_audits_switches_s_fuel_chute_5'====== Args={'value': 0, 'prev_value': None, 'change': True}
2023-02-11 16:42:35,243 : INFO : EventManager : Event: ======'machine_var_audits_switches_s_fuel_chute_6'====== Args={'value': 0, 'prev_value': None, 'change': True}
2023-02-11 16:42:35,243 : INFO : EventManager : Event: ======'machine_var_audits_switches_s_fuel_flag'====== Args={'value': 0, 'prev_value': None, 'change': True}
2023-02-11 16:42:35,244 : INFO : EventManager : Event: ======'machine_var_audits_switches_s_fuel_spot_1'====== Args={'value': 0, 'prev_value': None, 'change': True}
2023-02-11 16:42:35,244 : INFO : EventManager : Event: ======'machine_var_audits_switches_s_fuel_spot_2'====== Args={'value': 0, 'prev_value': None, 'change': True}
2023-02-11 16:42:35,244 : INFO : EventManager : Event: ======'machine_var_audits_switches_s_fuel_spot_3'====== Args={'value': 0, 'prev_value': None, 'change': True}
2023-02-11 16:42:35,245 : INFO : EventManager : Event: ======'machine_var_audits_switches_s_green_wormhole'====== Args={'value': 0, 'prev_value': None, 'change': True}
2023-02-11 16:42:35,245 : INFO : EventManager : Event: ======'machine_var_audits_switches_s_hyperspace_flag'====== Args={'value': 0, 'prev_value': None, 'change': True}
2023-02-11 16:42:35,245 : INFO : EventManager : Event: ======'machine_var_audits_switches_s_hyperspacekicker'====== Args={'value': 0, 'prev_value': None, 'change': True}
2023-02-11 16:42:35,245 : INFO : EventManager : Event: ======'machine_var_audits_switches_s_launch_lane_1'====== Args={'value': 0, 'prev_value': None, 'change': True}
2023-02-11 16:42:35,246 : INFO : EventManager : Event: ======'machine_var_audits_switches_s_launch_lane_2'====== Args={'value': 0, 'prev_value': None, 'change': True}
2023-02-11 16:42:35,246 : INFO : EventManager : Event: ======'machine_var_audits_switches_s_launch_lane_3'====== Args={'value': 0, 'prev_value': None, 'change': True}
2023-02-11 16:42:35,246 : INFO : EventManager : Event: ======'machine_var_audits_switches_s_launch_ramp'====== Args={'value': 0, 'prev_value': None, 'change': True}
2023-02-11 16:42:35,246 : INFO : EventManager : Event: ======'machine_var_audits_switches_s_left_attack_bumper'====== Args={'value': 0, 'prev_value': None, 'change': True}
2023-02-11 16:42:35,247 : INFO : EventManager : Event: ======'machine_var_audits_switches_s_left_flipper'====== Args={'value': 442, 'prev_value': None, 'change': True}
2023-02-11 16:42:35,247 : INFO : EventManager : Event: ======'machine_var_audits_switches_s_left_out_lane'====== Args={'value': 0, 'prev_value': None, 'change': True}
2023-02-11 16:42:35,247 : INFO : EventManager : Event: ======'machine_var_audits_switches_s_left_out_lane_kicker'====== Args={'value': 0, 'prev_value': None, 'change': True}
2023-02-11 16:42:35,247 : INFO : EventManager : Event: ======'machine_var_audits_switches_s_left_return_lane'====== Args={'value': 0, 'prev_value': None, 'change': True}
2023-02-11 16:42:35,248 : INFO : EventManager : Event: ======'machine_var_audits_switches_s_lower_attack_bumper'====== Args={'value': 0, 'prev_value': None, 'change': True}
2023-02-11 16:42:35,248 : INFO : EventManager : Event: ======'machine_var_audits_switches_s_lower_left_rebound'====== Args={'value': 0, 'prev_value': None, 'change': True}
2023-02-11 16:42:35,248 : INFO : EventManager : Event: ======'machine_var_audits_switches_s_lower_left_slingshot'====== Args={'value': 0, 'prev_value': None, 'change': True}
2023-02-11 16:42:35,248 : INFO : EventManager : Event: ======'machine_var_audits_switches_s_lower_right_rebound'====== Args={'value': 0, 'prev_value': None, 'change': True}
2023-02-11 16:42:35,249 : INFO : EventManager : Event: ======'machine_var_audits_switches_s_lower_right_slingshot'====== Args={'value': 0, 'prev_value': None, 'change': True}
2023-02-11 16:42:35,249 : INFO : EventManager : Event: ======'machine_var_audits_switches_s_medal_drop_left'====== Args={'value': 0, 'prev_value': None, 'change': True}
2023-02-11 16:42:35,249 : INFO : EventManager : Event: ======'machine_var_audits_switches_s_medal_drop_middle'====== Args={'value': 0, 'prev_value': None, 'change': True}
2023-02-11 16:42:35,250 : INFO : EventManager : Event: ======'machine_var_audits_switches_s_medal_drop_right'====== Args={'value': 0, 'prev_value': None, 'change': True}
2023-02-11 16:42:35,250 : INFO : EventManager : Event: ======'machine_var_audits_switches_s_mission_spot_1'====== Args={'value': 0, 'prev_value': None, 'change': True}
2023-02-11 16:42:35,250 : INFO : EventManager : Event: ======'machine_var_audits_switches_s_mission_spot_2'====== Args={'value': 0, 'prev_value': None, 'change': True}
2023-02-11 16:42:35,250 : INFO : EventManager : Event: ======'machine_var_audits_switches_s_mission_spot_3'====== Args={'value': 0, 'prev_value': None, 'change': True}
2023-02-11 16:42:35,251 : INFO : EventManager : Event: ======'machine_var_audits_switches_s_multiplier_left'====== Args={'value': 0, 'prev_value': None, 'change': True}
2023-02-11 16:42:35,251 : INFO : EventManager : Event: ======'machine_var_audits_switches_s_multiplier_middle'====== Args={'value': 0, 'prev_value': None, 'change': True}
2023-02-11 16:42:35,251 : INFO : EventManager : Event: ======'machine_var_audits_switches_s_multiplier_right'====== Args={'value': 0, 'prev_value': None, 'change': True}
2023-02-11 16:42:35,251 : INFO : EventManager : Event: ======'machine_var_audits_switches_s_plunger'====== Args={'value': 39, 'prev_value': None, 'change': True}
2023-02-11 16:42:35,252 : INFO : EventManager : Event: ======'machine_var_audits_switches_s_radiationspot_1'====== Args={'value': 0, 'prev_value': None, 'change': True}
2023-02-11 16:42:35,253 : INFO : EventManager : Event: ======'machine_var_audits_switches_s_radiationspot_2'====== Args={'value': 0, 'prev_value': None, 'change': True}
2023-02-11 16:42:35,254 : INFO : EventManager : Event: ======'machine_var_audits_switches_s_radiationspot_3'====== Args={'value': 0, 'prev_value': None, 'change': True}
2023-02-11 16:42:35,254 : INFO : EventManager : Event: ======'machine_var_audits_switches_s_red_wormhole'====== Args={'value': 0, 'prev_value': None, 'change': True}
2023-02-11 16:42:35,255 : INFO : EventManager : Event: ======'machine_var_audits_switches_s_reentry_left'====== Args={'value': 119, 'prev_value': None, 'change': True}
2023-02-11 16:42:35,256 : INFO : EventManager : Event: ======'machine_var_audits_switches_s_reentry_middle'====== Args={'value': 50, 'prev_value': None, 'change': True}
2023-02-11 16:42:35,256 : INFO : EventManager : Event: ======'machine_var_audits_switches_s_reentry_right'====== Args={'value': 37, 'prev_value': None, 'change': True}
2023-02-11 16:42:35,257 : INFO : EventManager : Event: ======'machine_var_audits_switches_s_right_flipper'====== Args={'value': 167, 'prev_value': None, 'change': True}
2023-02-11 16:42:35,257 : INFO : EventManager : Event: ======'machine_var_audits_switches_s_right_inlane'====== Args={'value': 0, 'prev_value': None, 'change': True}
2023-02-11 16:42:35,257 : INFO : EventManager : Event: ======'machine_var_audits_switches_s_right_out_lane'====== Args={'value': 0, 'prev_value': None, 'change': True}
2023-02-11 16:42:35,258 : INFO : EventManager : Event: ======'machine_var_audits_switches_s_right_out_lane_kicker'====== Args={'value': 0, 'prev_value': None, 'change': True}
2023-02-11 16:42:35,259 : INFO : EventManager : Event: ======'machine_var_audits_switches_s_right_return_lane'====== Args={'value': 0, 'prev_value': None, 'change': True}
2023-02-11 16:42:35,259 : INFO : EventManager : Event: ======'machine_var_audits_switches_s_satellite_bumper'====== Args={'value': 0, 'prev_value': None, 'change': True}
2023-02-11 16:42:35,260 : INFO : EventManager : Event: ======'machine_var_audits_switches_s_secondary_outlane_kicker'====== Args={'value': 0, 'prev_value': None, 'change': True}
2023-02-11 16:42:35,261 : INFO : EventManager : Event: ======'machine_var_audits_switches_s_skill_shot_1'====== Args={'value': 0, 'prev_value': None, 'change': True}
2023-02-11 16:42:35,261 : INFO : EventManager : Event: ======'machine_var_audits_switches_s_skill_shot_2'====== Args={'value': 0, 'prev_value': None, 'change': True}
2023-02-11 16:42:35,261 : INFO : EventManager : Event: ======'machine_var_audits_switches_s_skill_shot_3'====== Args={'value': 0, 'prev_value': None, 'change': True}
2023-02-11 16:42:35,262 : INFO : EventManager : Event: ======'machine_var_audits_switches_s_skill_shot_4'====== Args={'value': 0, 'prev_value': None, 'change': True}
2023-02-11 16:42:35,262 : INFO : EventManager : Event: ======'machine_var_audits_switches_s_skill_shot_5'====== Args={'value': 0, 'prev_value': None, 'change': True}
2023-02-11 16:42:35,262 : INFO : EventManager : Event: ======'machine_var_audits_switches_s_skill_shot_6'====== Args={'value': 0, 'prev_value': None, 'change': True}
2023-02-11 16:42:35,263 : INFO : EventManager : Event: ======'machine_var_audits_switches_s_skill_shot_lane'====== Args={'value': 0, 'prev_value': None, 'change': True}
2023-02-11 16:42:35,263 : INFO : EventManager : Event: ======'machine_var_audits_switches_s_spacewarp_rollover'====== Args={'value': 0, 'prev_value': None, 'change': True}
2023-02-11 16:42:35,263 : INFO : EventManager : Event: ======'machine_var_audits_switches_s_start'====== Args={'value': 0, 'prev_value': None, 'change': True}
2023-02-11 16:42:35,264 : INFO : EventManager : Event: ======'machine_var_audits_switches_s_trough1'====== Args={'value': 18, 'prev_value': None, 'change': True}
2023-02-11 16:42:35,264 : INFO : EventManager : Event: ======'machine_var_audits_switches_s_trough2'====== Args={'value': 0, 'prev_value': None, 'change': True}
2023-02-11 16:42:35,264 : INFO : EventManager : Event: ======'machine_var_audits_switches_s_trough3'====== Args={'value': 0, 'prev_value': None, 'change': True}
2023-02-11 16:42:35,265 : INFO : EventManager : Event: ======'machine_var_audits_switches_s_trough4'====== Args={'value': 0, 'prev_value': None, 'change': True}
2023-02-11 16:42:35,265 : INFO : EventManager : Event: ======'machine_var_audits_switches_s_trough5'====== Args={'value': 0, 'prev_value': None, 'change': True}
2023-02-11 16:42:35,266 : INFO : EventManager : Event: ======'machine_var_audits_switches_s_trough6'====== Args={'value': 0, 'prev_value': None, 'change': True}
2023-02-11 16:42:35,266 : INFO : EventManager : Event: ======'machine_var_audits_switches_s_trough_jam'====== Args={'value': 0, 'prev_value': None, 'change': True}
2023-02-11 16:42:35,266 : INFO : EventManager : Event: ======'machine_var_audits_switches_s_upper_attack_bumper'====== Args={'value': 0, 'prev_value': None, 'change': True}
2023-02-11 16:42:35,267 : INFO : EventManager : Event: ======'machine_var_audits_switches_s_upper_left_rebound'====== Args={'value': 0, 'prev_value': None, 'change': True}
2023-02-11 16:42:35,267 : INFO : EventManager : Event: ======'machine_var_audits_switches_s_upper_right_rebound'====== Args={'value': 0, 'prev_value': None, 'change': True}
2023-02-11 16:42:35,268 : INFO : EventManager : Event: ======'machine_var_audits_switches_s_wormhole_target'====== Args={'value': 0, 'prev_value': None, 'change': True}
2023-02-11 16:42:35,268 : INFO : EventManager : Event: ======'machine_var_audits_switches_s_yellow_wormhole'====== Args={'value': 0, 'prev_value': None, 'change': True}
2023-02-11 16:42:35,269 : INFO : EventManager : Event: ======'init_phase_5'====== Args={}
2023-02-11 16:42:35,309 : INFO : EventManager : Event: ======'init_done'====== Args={}
2023-02-11 16:42:35,310 : INFO : EventManager : Event: ======'machine_reset_phase_1'====== Args={}
2023-02-11 16:42:35,318 : INFO : EventManager : Event: ======'slide_welcome_slide_removed'====== Args={'_from_bcp': True}
2023-02-11 16:42:35,318 : INFO : EventManager : Event: ======'slide_welcome_slide_created'====== Args={'_from_bcp': True}
2023-02-11 16:42:35,320 : INFO : EventManager : Event: ======'machine_reset_phase_2'====== Args={}
2023-02-11 16:42:35,321 : INFO : EventManager : Event: ======'slide_welcome_slide_active'====== Args={'_from_bcp': True}
2023-02-11 16:42:35,321 : INFO : EventManager : Event: ======'machine_reset_phase_3'====== Args={}
2023-02-11 16:42:35,322 : INFO : EventManager : Event: ======'reset_complete'====== Args={}
2023-02-11 16:42:35,323 : INFO : EventManager : Event: ======'mode_attract_will_start'====== Args={}
2023-02-11 16:42:35,323 : INFO : EventManager : Event: ======'mode_attract_starting'====== Args={}
2023-02-11 16:42:35,323 : INFO : Mode.attract : Started. Priority: 10
2023-02-11 16:42:35,323 : INFO : EventManager : Event: ======'modes_active_modes_changed'====== Args={}
2023-02-11 16:42:35,323 : INFO : EventManager : Event: ======'mode_attract_started'====== Args={}
2023-02-11 16:42:35,324 : INFO : EventManager : Event: ======'collecting_balls_complete'====== Args={}
2023-02-11 16:42:35,360 : INFO : EventManager : Event: ======'slide_awesome_slide_created'====== Args={'_from_bcp': True}
2023-02-11 16:42:35,360 : INFO : EventManager : Event: ======'slide_awesome_slide_active'====== Args={'_from_bcp': True}
2023-02-11 16:42:35,360 : INFO : Machine : Starting the main run loop.
2023-02-11 16:42:35,715 : INFO : SwitchController : <<<<<<< 's_reentry_left' active >>>>>>>
2023-02-11 16:42:35,716 : INFO : EventManager : Event: ======'s_reentry_left_active'====== Args={}
2023-02-11 16:42:35,716 : INFO : EventManager : Event: ======'sw_playfield_active'====== Args={}
2023-02-11 16:42:35,717 : INFO : EventManager : Event: ======'logicblock_reentry_switch_counter_updated'====== Args={'value': 1, 'enabled': True}
2023-02-11 16:42:35,718 : INFO : EventManager : Event: ======'reentry_sound_active'====== Args={'count': 1}
2023-02-11 16:42:35,719 : INFO : EventManager : Event: ======'playfield_active'====== Args={}
2023-02-11 16:42:35,719 : INFO : EventManager : Event: ======'unexpected_ball_on_playfield'====== Args={}
2023-02-11 16:42:35,895 : INFO : SwitchController : <<<<<<< 's_reentry_left' inactive >>>>>>>
2023-02-11 16:42:35,895 : INFO : EventManager : Event: ======'s_reentry_left_inactive'====== Args={}
2023-02-11 16:42:36,435 : INFO : SwitchController : <<<<<<< 's_reentry_left' active >>>>>>>
2023-02-11 16:42:36,436 : INFO : EventManager : Event: ======'s_reentry_left_active'====== Args={}
2023-02-11 16:42:36,436 : INFO : EventManager : Event: ======'sw_playfield_active'====== Args={}
2023-02-11 16:42:36,436 : INFO : EventManager : Event: ======'logicblock_reentry_switch_counter_updated'====== Args={'value': 2, 'enabled': True}
2023-02-11 16:42:36,436 : INFO : EventManager : Event: ======'reentry_sound_active'====== Args={'count': 2}
2023-02-11 16:42:36,437 : INFO : EventManager : Event: ======'playfield_active'====== Args={}
2023-02-11 16:42:36,437 : INFO : EventManager : Event: ======'unexpected_ball_on_playfield'====== Args={}
2023-02-11 16:42:36,599 : INFO : SwitchController : <<<<<<< 's_reentry_left' inactive >>>>>>>
2023-02-11 16:42:36,599 : INFO : EventManager : Event: ======'s_reentry_left_inactive'====== Args={}
2023-02-11 16:42:36,860 : INFO : SwitchController : <<<<<<< 's_reentry_left' active >>>>>>>
2023-02-11 16:42:36,860 : INFO : EventManager : Event: ======'s_reentry_left_active'====== Args={}
2023-02-11 16:42:36,860 : INFO : EventManager : Event: ======'sw_playfield_active'====== Args={}
2023-02-11 16:42:36,862 : INFO : EventManager : Event: ======'logicblock_reentry_switch_counter_updated'====== Args={'value': 3, 'enabled': True}
2023-02-11 16:42:36,862 : INFO : EventManager : Event: ======'reentry_sound_active'====== Args={'count': 3}
2023-02-11 16:42:36,863 : INFO : EventManager : Event: ======'playfield_active'====== Args={}
2023-02-11 16:42:36,863 : INFO : EventManager : Event: ======'unexpected_ball_on_playfield'====== Args={}
2023-02-11 16:42:36,999 : INFO : SwitchController : <<<<<<< 's_reentry_left' inactive >>>>>>>
2023-02-11 16:42:36,999 : INFO : EventManager : Event: ======'s_reentry_left_inactive'====== Args={}
2023-02-11 16:42:37,313 : INFO : SwitchController : <<<<<<< 's_reentry_left' active >>>>>>>
2023-02-11 16:42:37,314 : INFO : EventManager : Event: ======'s_reentry_left_active'====== Args={}
2023-02-11 16:42:37,314 : INFO : EventManager : Event: ======'sw_playfield_active'====== Args={}
2023-02-11 16:42:37,316 : INFO : EventManager : Event: ======'logicblock_reentry_switch_counter_updated'====== Args={'value': 4, 'enabled': True}
2023-02-11 16:42:37,316 : INFO : EventManager : Event: ======'reentry_sound_active'====== Args={'count': 4}
2023-02-11 16:42:37,318 : INFO : EventManager : Event: ======'playfield_active'====== Args={}
2023-02-11 16:42:37,319 : INFO : EventManager : Event: ======'unexpected_ball_on_playfield'====== Args={}
2023-02-11 16:42:37,447 : INFO : SwitchController : <<<<<<< 's_reentry_left' inactive >>>>>>>
2023-02-11 16:42:37,448 : INFO : EventManager : Event: ======'s_reentry_left_inactive'====== Args={}
2023-02-11 16:42:37,939 : INFO : SwitchController : <<<<<<< 's_reentry_left' active >>>>>>>
2023-02-11 16:42:37,939 : INFO : EventManager : Event: ======'s_reentry_left_active'====== Args={}
2023-02-11 16:42:37,939 : INFO : EventManager : Event: ======'sw_playfield_active'====== Args={}
2023-02-11 16:42:37,939 : INFO : EventManager : Event: ======'logicblock_reentry_switch_counter_updated'====== Args={'value': 5, 'enabled': True}
2023-02-11 16:42:37,939 : INFO : EventManager : Event: ======'reentry_sound_active'====== Args={'count': 5}
2023-02-11 16:42:37,940 : INFO : EventManager : Event: ======'playfield_active'====== Args={}
2023-02-11 16:42:37,940 : INFO : EventManager : Event: ======'unexpected_ball_on_playfield'====== Args={}
2023-02-11 16:42:38,077 : INFO : SwitchController : <<<<<<< 's_reentry_left' inactive >>>>>>>
2023-02-11 16:42:38,077 : INFO : EventManager : Event: ======'s_reentry_left_inactive'====== Args={}
2023-02-11 16:42:38,332 : INFO : EventManager : Event: ======'slide_press_start_created'====== Args={'_from_bcp': True}
2023-02-11 16:42:38,333 : INFO : EventManager : Event: ======'slide_press_start_active'====== Args={'_from_bcp': True}
2023-02-11 16:42:41,317 : INFO : EventManager : Event: ======'slide_mission_pinball_created'====== Args={'_from_bcp': True}
2023-02-11 16:42:41,317 : INFO : EventManager : Event: ======'slide_mission_pinball_active'====== Args={'_from_bcp': True}
2023-02-11 16:42:44,321 : INFO : EventManager : Event: ======'slide_last_game_score_slide_created'====== Args={'_from_bcp': True}
2023-02-11 16:42:44,322 : INFO : EventManager : Event: ======'slide_last_game_score_slide_active'====== Args={'_from_bcp': True}
2023-02-11 16:42:47,319 : INFO : EventManager : Event: ======'slide_awesome_slide_removed'====== Args={'_from_bcp': True}
2023-02-11 16:42:47,321 : INFO : EventManager : Event: ======'slide_awesome_slide_created'====== Args={'_from_bcp': True}
2023-02-11 16:42:47,323 : INFO : EventManager : Event: ======'slide_awesome_slide_active'====== Args={'_from_bcp': True}
2023-02-11 16:42:49,039 : INFO : Machine : Shutting down...
2023-02-11 16:42:49,039 : INFO : EventManager : Event: ======'shutdown'====== Args={}
2023-02-11 16:42:49,047 : ERROR : OPP : Stop called on serial connection com5
2023-02-11 16:42:49,047 : ERROR : OPP : Stop called on serial connection com4
2023-02-11 16:42:49,049 : ERROR : asyncio : Task was destroyed but it is pending!
task: <Task pending coro=<Event.wait() running at C:\Program Files\Python37\lib\asyncio\locks.py:293> wait_for=<Future cancelled>>
2023-02-11 16:42:49,049 : ERROR : asyncio : Task was destroyed but it is pending!
task: <Task pending coro=<Event.wait() running at C:\Program Files\Python37\lib\asyncio\locks.py:293> wait_for=<Future cancelled>>
2023-02-11 16:42:49,050 : INFO : root : MPF run loop ended.
