2023-12-06 20:49:10,868 : INFO : root : Loading config.
2023-12-06 20:49:11,209 : INFO : ConfigProcessor : Config spec file cache created: C:\Users\student\AppData\Local\Temp\config_spec.mpf_cache
2023-12-06 20:49:11,209 : INFO : YamlMultifileConfigLoader : Machine config file #1: config.yaml
2023-12-06 20:49:11,210 : INFO : ConfigProcessor : Loading config from file c:\users\student\mpfenv\lib\site-packages\mpf\mpfconfig.yaml.
2023-12-06 20:49:11,275 : INFO : ConfigProcessor : Loading config: c:\users\student\mpfenv\lib\site-packages\mpf\mpfconfig.yaml
2023-12-06 20:49:11,276 : INFO : ConfigProcessor : Loading config from file C:\Users\student\pinball\cobraPinTest1\config\config.yaml.
2023-12-06 20:49:11,318 : INFO : ConfigProcessor : Loading config: C:\Users\student\pinball\cobraPinTest1\config\config.yaml
2023-12-06 20:49:11,320 : INFO : ConfigProcessor : Config file cache created: C:\Users\student\AppData\Local\Temp\f1427cd4cbc9163bc2263f349f0fb463.mpf_cache
2023-12-06 20:49:11,385 : INFO : ConfigProcessor : Loading config from file c:\users\student\mpfenv\lib\site-packages\mpf\modes\attract\config\attract.yaml.
2023-12-06 20:49:11,387 : INFO : ConfigProcessor : Loading config: c:\users\student\mpfenv\lib\site-packages\mpf\modes\attract\config\attract.yaml
2023-12-06 20:49:11,387 : INFO : ConfigProcessor : Loading config from file C:\Users\student\pinball\cobraPinTest1\modes\attract\config\attract.yaml.
2023-12-06 20:49:11,388 : INFO : ConfigProcessor : Loading config: C:\Users\student\pinball\cobraPinTest1\modes\attract\config\attract.yaml
2023-12-06 20:49:11,388 : INFO : ConfigProcessor : Config file cache created: C:\Users\student\AppData\Local\Temp\32ed7ad340ce8029344f8b9ff63edc80.mpf_cache
2023-12-06 20:49:11,389 : INFO : ConfigProcessor : Loading config from file c:\users\student\mpfenv\lib\site-packages\mpf\modes\game\config\game.yaml.
2023-12-06 20:49:11,391 : INFO : ConfigProcessor : Loading config: c:\users\student\mpfenv\lib\site-packages\mpf\modes\game\config\game.yaml
2023-12-06 20:49:11,391 : INFO : ConfigProcessor : Config file cache created: C:\Users\student\AppData\Local\Temp\8696bd5a5a040ff67990be11cb4d3c0c.mpf_cache
2023-12-06 20:49:11,392 : INFO : ConfigProcessor : Loading config from file C:\Users\student\pinball\cobraPinTest1\modes\base\config\base.yaml.
2023-12-06 20:49:11,397 : INFO : ConfigProcessor : Loading config: C:\Users\student\pinball\cobraPinTest1\modes\base\config\base.yaml
2023-12-06 20:49:11,397 : INFO : ConfigProcessor : Config file cache created: C:\Users\student\AppData\Local\Temp\4675a535c8328a9c278c807d999ed109.mpf_cache
2023-12-06 20:49:11,398 : INFO : ConfigProcessor : Loading config from file C:\Users\student\pinball\cobraPinTest1\modes\reentry\config\reentry.yaml.
2023-12-06 20:49:11,416 : INFO : ConfigProcessor : Loading config: C:\Users\student\pinball\cobraPinTest1\modes\reentry\config\reentry.yaml
2023-12-06 20:49:11,417 : INFO : ConfigProcessor : Config file cache created: C:\Users\student\AppData\Local\Temp\0c8438cab3480347c0c749fa494946a2.mpf_cache
2023-12-06 20:49:11,418 : INFO : ConfigProcessor : Loading config from file C:\Users\student\pinball\cobraPinTest1\modes\medal\config\medal.yaml.
2023-12-06 20:49:11,439 : INFO : ConfigProcessor : Loading config: C:\Users\student\pinball\cobraPinTest1\modes\medal\config\medal.yaml
2023-12-06 20:49:11,440 : INFO : ConfigProcessor : Config file cache created: C:\Users\student\AppData\Local\Temp\edae2e0e7aeda847f5007d89f37fc8de.mpf_cache
2023-12-06 20:49:11,441 : INFO : ConfigProcessor : Loading config from file C:\Users\student\pinball\cobraPinTest1\modes\attract\shows\.\attract_display_loop.yaml.
2023-12-06 20:49:11,449 : INFO : ConfigProcessor : Loading config: C:\Users\student\pinball\cobraPinTest1\modes\attract\shows\.\attract_display_loop.yaml
2023-12-06 20:49:11,450 : INFO : ConfigProcessor : Config file cache created: C:\Users\student\AppData\Local\Temp\f8d2c2cf3ea01f085365ea23fa51a701.mpf_cache
2023-12-06 20:49:11,450 : INFO : ConfigProcessor : Loading config from file C:\Users\student\pinball\cobraPinTest1\modes\attract\shows\.\attract_light_show.yaml.
2023-12-06 20:49:11,455 : INFO : ConfigProcessor : Loading config: C:\Users\student\pinball\cobraPinTest1\modes\attract\shows\.\attract_light_show.yaml
2023-12-06 20:49:11,455 : INFO : ConfigProcessor : Config file cache created: C:\Users\student\AppData\Local\Temp\30bd992f4b62a9b099207aebeb59554c.mpf_cache
2023-12-06 20:49:11,456 : INFO : Machine : Mission Pinball Framework Core Engine v0.55.0
2023-12-06 20:49:11,456 : INFO : Machine : Command line arguments: {'no_load_cache': True, 'create_config_cache': True, 'bcp': True, 'configfile': ['config.yaml'], 'force_assets_load': False, 'jsonlogging': False, 'logfile': 'logs\\2023-12-06-20-49-10-mpf-DESKTOP-0JH7ARL.log', 'pause': False, 'production': False, 'text_ui': True, 'loglevel': 15, 'consoleloglevel': 20, 'force_platform': None, 'syslog_address': None, 'mc_file_name': None, 'no_sound': False}
2023-12-06 20:49:11,456 : INFO : Machine : MPF path: c:\users\student\mpfenv\lib\site-packages\mpf
2023-12-06 20:49:11,456 : INFO : Machine : Machine path: C:\Users\student\pinball\cobraPinTest1
2023-12-06 20:49:11,456 : INFO : Machine : Platform: win32
2023-12-06 20:49:11,456 : INFO : Machine : Python executable location: c:\users\student\mpfenv\scripts\python.exe
2023-12-06 20:49:11,456 : INFO : Machine : Python version: 3.7.8 (64-bit)
2023-12-06 20:49:11,458 : INFO : Machine : Initialise MPF.
2023-12-06 20:49:11,746 : INFO : EventManager : Event: ======'machine_var_credits_string'====== Args={'value': 'FREE PLAY', 'prev_value': None, 'change': True}
2023-12-06 20:49:11,785 : INFO : EventManager : Event: ======'machine_var_master_volume'====== Args={'value': 0.5, 'prev_value': None, 'change': True}
2023-12-06 20:49:11,785 : INFO : EventManager : Event: ======'machine_var_player1_score'====== Args={'value': 1500, 'prev_value': None, 'change': True}
2023-12-06 20:49:11,786 : INFO : EventManager : Event: ======'machine_var_mpf_version'====== Args={'value': 'MPF v0.55.0', 'prev_value': None, 'change': True}
2023-12-06 20:49:11,786 : INFO : EventManager : Event: ======'machine_var_mpf_extended_version'====== Args={'value': 'MPF v0.55.0, Config version:5, Show version: 5, BCP version:1.1', 'prev_value': None, 'change': True}
2023-12-06 20:49:11,786 : INFO : EventManager : Event: ======'machine_var_python_version'====== Args={'value': '3.7.8', 'prev_value': None, 'change': True}
2023-12-06 20:49:11,786 : INFO : EventManager : Event: ======'machine_var_platform'====== Args={'value': 'Windows-10-10.0.19041-SP0', 'prev_value': None, 'change': True}
2023-12-06 20:49:11,786 : INFO : EventManager : Event: ======'machine_var_platform_system'====== Args={'value': 'Windows', 'prev_value': None, 'change': True}
2023-12-06 20:49:11,786 : INFO : EventManager : Event: ======'machine_var_platform_release'====== Args={'value': '10', 'prev_value': None, 'change': True}
2023-12-06 20:49:11,786 : INFO : EventManager : Event: ======'machine_var_platform_version'====== Args={'value': '10.0.19041', 'prev_value': None, 'change': True}
2023-12-06 20:49:11,786 : INFO : EventManager : Event: ======'machine_var_platform_machine'====== Args={'value': 'AMD64', 'prev_value': None, 'change': True}
2023-12-06 20:49:11,786 : INFO : EventManager : Event: ======'init_phase_1'====== Args={}
2023-12-06 20:49:11,804 : INFO : EventManager : Event: ======'init_phase_2'====== Args={}
2023-12-06 20:49:11,805 : INFO : SwitchController : Found active switch: ('0-0-8', <Platform.Virtual>) <switch.s_trough1>
2023-12-06 20:49:11,808 : INFO : EventManager : Event: ======'bcp_connection_attempt'====== Args={'name': 'local_display', 'host': 'localhost', 'port': 5050}
2023-12-06 20:49:11,809 : INFO : BCPClientSocket : Connecting BCP to 'local_display' at localhost:5050...
2023-12-06 20:49:13,853 : INFO : BCPClientSocket : Connected BCP to 'local_display' localhost:5050
2023-12-06 20:49:13,853 : INFO : EventManager : Event: ======'bcp_clients_connected'====== Args={}
2023-12-06 20:49:13,862 : INFO : ball_device.bd_trough : BCH: Initial count: 1
2023-12-06 20:49:13,862 : INFO : ball_device.bd_trough : State: idle
2023-12-06 20:49:13,863 : INFO : ball_device.bd_plunger : BCH: Initial count: 0
2023-12-06 20:49:13,863 : INFO : ball_device.bd_plunger : State: idle
2023-12-06 20:49:13,932 : INFO : EventManager : Event: ======'init_phase_3'====== Args={}
2023-12-06 20:49:13,937 : INFO : EventManager : Event: ======'machine_var_mc_version'====== Args={'value': 'MPF-MC v0.55.0', 'prev_value': None, 'change': True}
2023-12-06 20:49:13,937 : INFO : EventManager : Event: ======'machine_var_mc_extended_version'====== Args={'value': 'MPF-MC v0.55.0 (config_version=5, BCP v1.1, Requires MPF v0.55.0-dev.49)', 'prev_value': None, 'change': True}
2023-12-06 20:49:13,939 : INFO : EventManager : Event: ======'init_phase_4'====== Args={}
2023-12-06 20:49:13,954 : INFO : BallController : Initial balls found: 1
2023-12-06 20:49:13,955 : INFO : EventManager : Event: ======'machine_var_audits_events_game_ended'====== Args={'value': 0, 'prev_value': None, 'change': True}
2023-12-06 20:49:13,955 : INFO : EventManager : Event: ======'machine_var_audits_events_game_started'====== Args={'value': 0, 'prev_value': None, 'change': True}
2023-12-06 20:49:13,955 : INFO : EventManager : Event: ======'machine_var_audits_player_score'====== Args={'value': {'average': 1800.0, 'top': [2000, 1900, 1500], 'total': 3}, 'prev_value': None, 'change': True}
2023-12-06 20:49:13,956 : INFO : EventManager : Event: ======'machine_var_audits_shots_medalL_shot'====== Args={'value': 107, 'prev_value': None, 'change': True}
2023-12-06 20:49:13,956 : INFO : EventManager : Event: ======'machine_var_audits_shots_medalM_shot'====== Args={'value': 103, 'prev_value': None, 'change': True}
2023-12-06 20:49:13,956 : INFO : EventManager : Event: ======'machine_var_audits_shots_medalR_shot'====== Args={'value': 104, 'prev_value': None, 'change': True}
2023-12-06 20:49:13,956 : INFO : EventManager : Event: ======'machine_var_audits_shots_my_first_shot'====== Args={'value': 119, 'prev_value': None, 'change': True}
2023-12-06 20:49:13,957 : INFO : EventManager : Event: ======'machine_var_audits_shots_my_first_shot_mode2'====== Args={'value': 72, 'prev_value': None, 'change': True}
2023-12-06 20:49:13,957 : INFO : EventManager : Event: ======'machine_var_audits_shots_reentryL_shot'====== Args={'value': 397, 'prev_value': None, 'change': True}
2023-12-06 20:49:13,957 : INFO : EventManager : Event: ======'machine_var_audits_shots_reentryM_shot'====== Args={'value': 373, 'prev_value': None, 'change': True}
2023-12-06 20:49:13,957 : INFO : EventManager : Event: ======'machine_var_audits_shots_reentryR_shot'====== Args={'value': 341, 'prev_value': None, 'change': True}
2023-12-06 20:49:13,958 : INFO : EventManager : Event: ======'machine_var_audits_shots_reentry_shot'====== Args={'value': 9, 'prev_value': None, 'change': True}
2023-12-06 20:49:13,958 : INFO : EventManager : Event: ======'machine_var_audits_shots_top_lane_A'====== Args={'value': 12, 'prev_value': None, 'change': True}
2023-12-06 20:49:13,959 : INFO : EventManager : Event: ======'machine_var_audits_shots_top_lane_J'====== Args={'value': 12, 'prev_value': None, 'change': True}
2023-12-06 20:49:13,959 : INFO : EventManager : Event: ======'machine_var_audits_shots_top_lane_M'====== Args={'value': 9, 'prev_value': None, 'change': True}
2023-12-06 20:49:13,960 : INFO : EventManager : Event: ======'machine_var_audits_switches_s_blackhole_kicker'====== Args={'value': 0, 'prev_value': None, 'change': True}
2023-12-06 20:49:13,960 : INFO : EventManager : Event: ======'machine_var_audits_switches_s_bonus_lane'====== Args={'value': 0, 'prev_value': None, 'change': True}
2023-12-06 20:49:13,960 : INFO : EventManager : Event: ======'machine_var_audits_switches_s_booster_drop_target_1'====== Args={'value': 0, 'prev_value': None, 'change': True}
2023-12-06 20:49:13,961 : INFO : EventManager : Event: ======'machine_var_audits_switches_s_booster_drop_target_2'====== Args={'value': 0, 'prev_value': None, 'change': True}
2023-12-06 20:49:13,961 : INFO : EventManager : Event: ======'machine_var_audits_switches_s_booster_drop_target_3'====== Args={'value': 0, 'prev_value': None, 'change': True}
2023-12-06 20:49:13,962 : INFO : EventManager : Event: ======'machine_var_audits_switches_s_comet_spot_1'====== Args={'value': 0, 'prev_value': None, 'change': True}
2023-12-06 20:49:13,962 : INFO : EventManager : Event: ======'machine_var_audits_switches_s_comet_spot_2'====== Args={'value': 0, 'prev_value': None, 'change': True}
2023-12-06 20:49:13,963 : INFO : EventManager : Event: ======'machine_var_audits_switches_s_comet_spot_3'====== Args={'value': 0, 'prev_value': None, 'change': True}
2023-12-06 20:49:13,964 : INFO : EventManager : Event: ======'machine_var_audits_switches_s_engine_bumper_1'====== Args={'value': 0, 'prev_value': None, 'change': True}
2023-12-06 20:49:13,964 : INFO : EventManager : Event: ======'machine_var_audits_switches_s_engine_bumper_2'====== Args={'value': 0, 'prev_value': None, 'change': True}
2023-12-06 20:49:13,964 : INFO : EventManager : Event: ======'machine_var_audits_switches_s_engine_bumper_3'====== Args={'value': 0, 'prev_value': None, 'change': True}
2023-12-06 20:49:13,964 : INFO : EventManager : Event: ======'machine_var_audits_switches_s_fuel_chute_1'====== Args={'value': 0, 'prev_value': None, 'change': True}
2023-12-06 20:49:13,964 : INFO : EventManager : Event: ======'machine_var_audits_switches_s_fuel_chute_2'====== Args={'value': 0, 'prev_value': None, 'change': True}
2023-12-06 20:49:13,965 : INFO : EventManager : Event: ======'machine_var_audits_switches_s_fuel_chute_3'====== Args={'value': 0, 'prev_value': None, 'change': True}
2023-12-06 20:49:13,965 : INFO : EventManager : Event: ======'machine_var_audits_switches_s_fuel_chute_4'====== Args={'value': 0, 'prev_value': None, 'change': True}
2023-12-06 20:49:13,965 : INFO : EventManager : Event: ======'machine_var_audits_switches_s_fuel_chute_5'====== Args={'value': 0, 'prev_value': None, 'change': True}
2023-12-06 20:49:13,966 : INFO : EventManager : Event: ======'machine_var_audits_switches_s_fuel_chute_6'====== Args={'value': 0, 'prev_value': None, 'change': True}
2023-12-06 20:49:13,966 : INFO : EventManager : Event: ======'machine_var_audits_switches_s_fuel_flag'====== Args={'value': 0, 'prev_value': None, 'change': True}
2023-12-06 20:49:13,967 : INFO : EventManager : Event: ======'machine_var_audits_switches_s_fuel_spot_1'====== Args={'value': 0, 'prev_value': None, 'change': True}
2023-12-06 20:49:13,967 : INFO : EventManager : Event: ======'machine_var_audits_switches_s_fuel_spot_2'====== Args={'value': 0, 'prev_value': None, 'change': True}
2023-12-06 20:49:13,968 : INFO : EventManager : Event: ======'machine_var_audits_switches_s_fuel_spot_3'====== Args={'value': 0, 'prev_value': None, 'change': True}
2023-12-06 20:49:13,968 : INFO : EventManager : Event: ======'machine_var_audits_switches_s_green_wormhole'====== Args={'value': 0, 'prev_value': None, 'change': True}
2023-12-06 20:49:13,968 : INFO : EventManager : Event: ======'machine_var_audits_switches_s_hyperspace_flag'====== Args={'value': 0, 'prev_value': None, 'change': True}
2023-12-06 20:49:13,969 : INFO : EventManager : Event: ======'machine_var_audits_switches_s_hyperspacekicker'====== Args={'value': 0, 'prev_value': None, 'change': True}
2023-12-06 20:49:13,969 : INFO : EventManager : Event: ======'machine_var_audits_switches_s_launch_lane_1'====== Args={'value': 0, 'prev_value': None, 'change': True}
2023-12-06 20:49:13,970 : INFO : EventManager : Event: ======'machine_var_audits_switches_s_launch_lane_2'====== Args={'value': 0, 'prev_value': None, 'change': True}
2023-12-06 20:49:13,970 : INFO : EventManager : Event: ======'machine_var_audits_switches_s_launch_lane_3'====== Args={'value': 0, 'prev_value': None, 'change': True}
2023-12-06 20:49:13,971 : INFO : EventManager : Event: ======'machine_var_audits_switches_s_launch_ramp'====== Args={'value': 0, 'prev_value': None, 'change': True}
2023-12-06 20:49:13,971 : INFO : EventManager : Event: ======'machine_var_audits_switches_s_left_attack_bumper'====== Args={'value': 0, 'prev_value': None, 'change': True}
2023-12-06 20:49:13,971 : INFO : EventManager : Event: ======'machine_var_audits_switches_s_left_flipper'====== Args={'value': 467, 'prev_value': None, 'change': True}
2023-12-06 20:49:13,972 : INFO : EventManager : Event: ======'machine_var_audits_switches_s_left_out_lane'====== Args={'value': 0, 'prev_value': None, 'change': True}
2023-12-06 20:49:13,972 : INFO : EventManager : Event: ======'machine_var_audits_switches_s_left_out_lane_kicker'====== Args={'value': 0, 'prev_value': None, 'change': True}
2023-12-06 20:49:13,973 : INFO : EventManager : Event: ======'machine_var_audits_switches_s_left_return_lane'====== Args={'value': 0, 'prev_value': None, 'change': True}
2023-12-06 20:49:13,973 : INFO : EventManager : Event: ======'machine_var_audits_switches_s_lower_attack_bumper'====== Args={'value': 0, 'prev_value': None, 'change': True}
2023-12-06 20:49:13,973 : INFO : EventManager : Event: ======'machine_var_audits_switches_s_lower_left_rebound'====== Args={'value': 0, 'prev_value': None, 'change': True}
2023-12-06 20:49:13,974 : INFO : EventManager : Event: ======'machine_var_audits_switches_s_lower_left_slingshot'====== Args={'value': 0, 'prev_value': None, 'change': True}
2023-12-06 20:49:13,974 : INFO : EventManager : Event: ======'machine_var_audits_switches_s_lower_right_rebound'====== Args={'value': 0, 'prev_value': None, 'change': True}
2023-12-06 20:49:13,975 : INFO : EventManager : Event: ======'machine_var_audits_switches_s_lower_right_slingshot'====== Args={'value': 0, 'prev_value': None, 'change': True}
2023-12-06 20:49:13,975 : INFO : EventManager : Event: ======'machine_var_audits_switches_s_medal_drop_left'====== Args={'value': 121, 'prev_value': None, 'change': True}
2023-12-06 20:49:13,976 : INFO : EventManager : Event: ======'machine_var_audits_switches_s_medal_drop_middle'====== Args={'value': 117, 'prev_value': None, 'change': True}
2023-12-06 20:49:13,976 : INFO : EventManager : Event: ======'machine_var_audits_switches_s_medal_drop_right'====== Args={'value': 118, 'prev_value': None, 'change': True}
2023-12-06 20:49:13,976 : INFO : EventManager : Event: ======'machine_var_audits_switches_s_mission_spot_1'====== Args={'value': 0, 'prev_value': None, 'change': True}
2023-12-06 20:49:13,978 : INFO : EventManager : Event: ======'machine_var_audits_switches_s_mission_spot_2'====== Args={'value': 0, 'prev_value': None, 'change': True}
2023-12-06 20:49:13,978 : INFO : EventManager : Event: ======'machine_var_audits_switches_s_mission_spot_3'====== Args={'value': 0, 'prev_value': None, 'change': True}
2023-12-06 20:49:13,979 : INFO : EventManager : Event: ======'machine_var_audits_switches_s_multiplier_left'====== Args={'value': 0, 'prev_value': None, 'change': True}
2023-12-06 20:49:13,980 : INFO : EventManager : Event: ======'machine_var_audits_switches_s_multiplier_middle'====== Args={'value': 0, 'prev_value': None, 'change': True}
2023-12-06 20:49:13,980 : INFO : EventManager : Event: ======'machine_var_audits_switches_s_multiplier_right'====== Args={'value': 0, 'prev_value': None, 'change': True}
2023-12-06 20:49:13,981 : INFO : EventManager : Event: ======'machine_var_audits_switches_s_plunger'====== Args={'value': 135, 'prev_value': None, 'change': True}
2023-12-06 20:49:13,982 : INFO : EventManager : Event: ======'machine_var_audits_switches_s_radiationspot_1'====== Args={'value': 0, 'prev_value': None, 'change': True}
2023-12-06 20:49:13,982 : INFO : EventManager : Event: ======'machine_var_audits_switches_s_radiationspot_2'====== Args={'value': 0, 'prev_value': None, 'change': True}
2023-12-06 20:49:13,982 : INFO : EventManager : Event: ======'machine_var_audits_switches_s_radiationspot_3'====== Args={'value': 0, 'prev_value': None, 'change': True}
2023-12-06 20:49:13,983 : INFO : EventManager : Event: ======'machine_var_audits_switches_s_red_wormhole'====== Args={'value': 0, 'prev_value': None, 'change': True}
2023-12-06 20:49:13,983 : INFO : EventManager : Event: ======'machine_var_audits_switches_s_reentry_left'====== Args={'value': 752, 'prev_value': None, 'change': True}
2023-12-06 20:49:13,983 : INFO : EventManager : Event: ======'machine_var_audits_switches_s_reentry_middle'====== Args={'value': 447, 'prev_value': None, 'change': True}
2023-12-06 20:49:13,984 : INFO : EventManager : Event: ======'machine_var_audits_switches_s_reentry_right'====== Args={'value': 400, 'prev_value': None, 'change': True}
2023-12-06 20:49:13,984 : INFO : EventManager : Event: ======'machine_var_audits_switches_s_right_flipper'====== Args={'value': 191, 'prev_value': None, 'change': True}
2023-12-06 20:49:13,984 : INFO : EventManager : Event: ======'machine_var_audits_switches_s_right_inlane'====== Args={'value': 0, 'prev_value': None, 'change': True}
2023-12-06 20:49:13,985 : INFO : EventManager : Event: ======'machine_var_audits_switches_s_right_out_lane'====== Args={'value': 0, 'prev_value': None, 'change': True}
2023-12-06 20:49:13,985 : INFO : EventManager : Event: ======'machine_var_audits_switches_s_right_out_lane_kicker'====== Args={'value': 0, 'prev_value': None, 'change': True}
2023-12-06 20:49:13,985 : INFO : EventManager : Event: ======'machine_var_audits_switches_s_right_return_lane'====== Args={'value': 0, 'prev_value': None, 'change': True}
2023-12-06 20:49:13,986 : INFO : EventManager : Event: ======'machine_var_audits_switches_s_satellite_bumper'====== Args={'value': 0, 'prev_value': None, 'change': True}
2023-12-06 20:49:13,986 : INFO : EventManager : Event: ======'machine_var_audits_switches_s_secondary_outlane_kicker'====== Args={'value': 0, 'prev_value': None, 'change': True}
2023-12-06 20:49:13,986 : INFO : EventManager : Event: ======'machine_var_audits_switches_s_skill_shot_1'====== Args={'value': 0, 'prev_value': None, 'change': True}
2023-12-06 20:49:13,987 : INFO : EventManager : Event: ======'machine_var_audits_switches_s_skill_shot_2'====== Args={'value': 0, 'prev_value': None, 'change': True}
2023-12-06 20:49:13,987 : INFO : EventManager : Event: ======'machine_var_audits_switches_s_skill_shot_3'====== Args={'value': 0, 'prev_value': None, 'change': True}
2023-12-06 20:49:13,987 : INFO : EventManager : Event: ======'machine_var_audits_switches_s_skill_shot_4'====== Args={'value': 0, 'prev_value': None, 'change': True}
2023-12-06 20:49:13,988 : INFO : EventManager : Event: ======'machine_var_audits_switches_s_skill_shot_5'====== Args={'value': 0, 'prev_value': None, 'change': True}
2023-12-06 20:49:13,988 : INFO : EventManager : Event: ======'machine_var_audits_switches_s_skill_shot_6'====== Args={'value': 0, 'prev_value': None, 'change': True}
2023-12-06 20:49:13,988 : INFO : EventManager : Event: ======'machine_var_audits_switches_s_skill_shot_lane'====== Args={'value': 0, 'prev_value': None, 'change': True}
2023-12-06 20:49:13,989 : INFO : EventManager : Event: ======'machine_var_audits_switches_s_spacewarp_rollover'====== Args={'value': 0, 'prev_value': None, 'change': True}
2023-12-06 20:49:13,989 : INFO : EventManager : Event: ======'machine_var_audits_switches_s_start'====== Args={'value': 6, 'prev_value': None, 'change': True}
2023-12-06 20:49:13,989 : INFO : EventManager : Event: ======'machine_var_audits_switches_s_trough1'====== Args={'value': 30, 'prev_value': None, 'change': True}
2023-12-06 20:49:13,990 : INFO : EventManager : Event: ======'machine_var_audits_switches_s_trough2'====== Args={'value': 0, 'prev_value': None, 'change': True}
2023-12-06 20:49:13,990 : INFO : EventManager : Event: ======'machine_var_audits_switches_s_trough3'====== Args={'value': 0, 'prev_value': None, 'change': True}
2023-12-06 20:49:13,990 : INFO : EventManager : Event: ======'machine_var_audits_switches_s_trough4'====== Args={'value': 0, 'prev_value': None, 'change': True}
2023-12-06 20:49:13,991 : INFO : EventManager : Event: ======'machine_var_audits_switches_s_trough5'====== Args={'value': 0, 'prev_value': None, 'change': True}
2023-12-06 20:49:13,991 : INFO : EventManager : Event: ======'machine_var_audits_switches_s_trough6'====== Args={'value': 0, 'prev_value': None, 'change': True}
2023-12-06 20:49:13,992 : INFO : EventManager : Event: ======'machine_var_audits_switches_s_trough_jam'====== Args={'value': 0, 'prev_value': None, 'change': True}
2023-12-06 20:49:13,992 : INFO : EventManager : Event: ======'machine_var_audits_switches_s_upper_attack_bumper'====== Args={'value': 0, 'prev_value': None, 'change': True}
2023-12-06 20:49:13,993 : INFO : EventManager : Event: ======'machine_var_audits_switches_s_upper_left_rebound'====== Args={'value': 0, 'prev_value': None, 'change': True}
2023-12-06 20:49:13,994 : INFO : EventManager : Event: ======'machine_var_audits_switches_s_upper_right_rebound'====== Args={'value': 0, 'prev_value': None, 'change': True}
2023-12-06 20:49:13,994 : INFO : EventManager : Event: ======'machine_var_audits_switches_s_wormhole_target'====== Args={'value': 0, 'prev_value': None, 'change': True}
2023-12-06 20:49:13,995 : INFO : EventManager : Event: ======'machine_var_audits_switches_s_yellow_wormhole'====== Args={'value': 0, 'prev_value': None, 'change': True}
2023-12-06 20:49:13,997 : INFO : EventManager : Event: ======'init_phase_5'====== Args={}
2023-12-06 20:49:14,040 : INFO : EventManager : Event: ======'init_done'====== Args={}
2023-12-06 20:49:14,040 : INFO : EventManager : Event: ======'machine_reset_phase_1'====== Args={}
2023-12-06 20:49:14,055 : INFO : EventManager : Event: ======'slide_welcome_slide_removed'====== Args={'_from_bcp': True}
2023-12-06 20:49:14,059 : INFO : EventManager : Event: ======'slide_welcome_slide_created'====== Args={'_from_bcp': True}
2023-12-06 20:49:14,059 : INFO : EventManager : Event: ======'slide_welcome_slide_active'====== Args={'_from_bcp': True}
2023-12-06 20:49:14,059 : INFO : EventManager : Event: ======'machine_reset_phase_2'====== Args={}
2023-12-06 20:49:14,060 : INFO : EventManager : Event: ======'machine_reset_phase_3'====== Args={}
2023-12-06 20:49:14,060 : INFO : EventManager : Event: ======'reset_complete'====== Args={}
2023-12-06 20:49:14,060 : INFO : EventManager : Event: ======'mode_attract_will_start'====== Args={}
2023-12-06 20:49:14,061 : INFO : EventManager : Event: ======'mode_attract_starting'====== Args={}
2023-12-06 20:49:14,061 : INFO : Mode.attract : Started. Priority: 10
2023-12-06 20:49:14,061 : INFO : EventManager : Event: ======'modes_active_modes_changed'====== Args={}
2023-12-06 20:49:14,061 : INFO : EventManager : Event: ======'mode_attract_started'====== Args={}
2023-12-06 20:49:14,062 : INFO : EventManager : Event: ======'collecting_balls_complete'====== Args={}
2023-12-06 20:49:14,095 : INFO : EventManager : Event: ======'slide_awesome_slide_created'====== Args={'_from_bcp': True}
2023-12-06 20:49:14,095 : INFO : EventManager : Event: ======'slide_awesome_slide_active'====== Args={'_from_bcp': True}
2023-12-06 20:49:14,096 : INFO : Machine : Starting the main run loop.
2023-12-06 20:49:14,436 : INFO : BcpServer : New client connected.
2023-12-06 20:49:17,078 : INFO : EventManager : Event: ======'slide_press_start_created'====== Args={'_from_bcp': True}
2023-12-06 20:49:17,079 : INFO : EventManager : Event: ======'slide_press_start_active'====== Args={'_from_bcp': True}
2023-12-06 20:49:17,915 : INFO : SwitchController : <<<<<<< 's_start' active >>>>>>>
2023-12-06 20:49:18,073 : INFO : SwitchController : <<<<<<< 's_start' inactive >>>>>>>
2023-12-06 20:49:18,073 : INFO : EventManager : Event: ======'request_to_start_game'====== Args={}
2023-12-06 20:49:18,074 : INFO : EventManager : Event: ======'game_start'====== Args={'buttons': [], 'hold_time': 0.15699999999992542}
2023-12-06 20:49:18,074 : INFO : EventManager : Event: ======'mode_game_will_start'====== Args={'buttons': [], 'hold_time': 0.15699999999992542}
2023-12-06 20:49:18,075 : INFO : EventManager : Event: ======'mode_game_starting'====== Args={'buttons': [], 'hold_time': 0.15699999999992542}
2023-12-06 20:49:18,075 : INFO : EventManager : Event: ======'mode_attract_will_stop'====== Args={}
2023-12-06 20:49:18,076 : INFO : EventManager : Event: ======'mode_attract_stopping'====== Args={}
2023-12-06 20:49:18,076 : INFO : Mode.attract : Stopped.
2023-12-06 20:49:18,076 : INFO : EventManager : Event: ======'modes_active_modes_changed'====== Args={}
2023-12-06 20:49:18,077 : INFO : EventManager : Event: ======'mode_attract_stopped'====== Args={}
2023-12-06 20:49:18,078 : INFO : EventManager : Event: ======'clear'====== Args={'key': 'attract'}
2023-12-06 20:49:18,079 : INFO : Mode.game : Started. Priority: 20
2023-12-06 20:49:18,079 : INFO : EventManager : Event: ======'modes_active_modes_changed'====== Args={}
2023-12-06 20:49:18,079 : INFO : EventManager : Event: ======'mode_game_started'====== Args={'buttons': [], 'hold_time': 0.15699999999992542}
2023-12-06 20:49:18,088 : INFO : EventManager : Event: ======'game_will_start'====== Args={}
2023-12-06 20:49:18,088 : INFO : EventManager : Event: ======'slide_awesome_slide_removed'====== Args={'_from_bcp': True}
2023-12-06 20:49:18,089 : INFO : EventManager : Event: ======'slide_press_start_removed'====== Args={'_from_bcp': True}
2023-12-06 20:49:18,089 : INFO : EventManager : Event: ======'slide_welcome_slide_active'====== Args={'_from_bcp': True}
2023-12-06 20:49:18,089 : INFO : EventManager : Event: ======'game_starting'====== Args={'game': <Mode.game>}
2023-12-06 20:49:18,090 : INFO : EventManager : Event: ======'player_add_request'====== Args={}
2023-12-06 20:49:18,090 : INFO : EventManager : Event: ======'player_will_add'====== Args={'number': 1}
2023-12-06 20:49:18,090 : INFO : EventManager : Event: ======'player_adding'====== Args={'player': <Player 1>, 'number': 1}
2023-12-06 20:49:18,091 : INFO : EventManager : Event: ======'player_added'====== Args={'player': <Player 1>, 'num': 1}
2023-12-06 20:49:18,091 : INFO : Mode.game : Player added successfully. Total players: 1
2023-12-06 20:49:18,091 : INFO : EventManager : Event: ======'player_index'====== Args={'value': 0, 'prev_value': 0, 'change': 0, 'player_num': 1}
2023-12-06 20:49:18,091 : INFO : EventManager : Event: ======'player_number'====== Args={'value': 1, 'prev_value': 1, 'change': 0, 'player_num': 1}
2023-12-06 20:49:18,092 : INFO : EventManager : Event: ======'player_score'====== Args={'value': 0, 'prev_value': 0, 'change': 0, 'player_num': 1}
2023-12-06 20:49:18,092 : INFO : EventManager : Event: ======'game_started'====== Args={}
2023-12-06 20:49:18,099 : INFO : EventManager : Event: ======'player_turn_will_start'====== Args={'player': <Player 1>, 'number': 1}
2023-12-06 20:49:18,108 : INFO : EventManager : Event: ======'player_turn_starting'====== Args={'player': <Player 1>, 'number': 1}
2023-12-06 20:49:18,109 : INFO : EventManager : Event: ======'player_ball'====== Args={'value': 1, 'prev_value': 0, 'change': 1, 'player_num': 1}
2023-12-06 20:49:18,109 : INFO : EventManager : Event: ======'player_turn_started'====== Args={'player': <Player 1>, 'number': 1}
2023-12-06 20:49:18,110 : INFO : EventManager : Event: ======'ball_will_start'====== Args={'player': 1, 'ball': 1, 'balls_remaining': 2, 'is_extra_ball': False}
2023-12-06 20:49:18,114 : INFO : EventManager : Event: ======'ball_starting'====== Args={'player': 1, 'ball': 1, 'balls_remaining': 2, 'is_extra_ball': False}
2023-12-06 20:49:18,114 : INFO : EventManager : Event: ======'mode_base_will_start'====== Args={'queue': <QueuedEvent>, 'player': 1, 'ball': 1, 'balls_remaining': 2, 'is_extra_ball': False}
2023-12-06 20:49:18,115 : INFO : EventManager : Event: ======'mode_base_starting'====== Args={'queue': <QueuedEvent>, 'player': 1, 'ball': 1, 'balls_remaining': 2, 'is_extra_ball': False}
2023-12-06 20:49:18,116 : INFO : Mode.base : Started. Priority: 100
2023-12-06 20:49:18,116 : INFO : EventManager : Event: ======'modes_active_modes_changed'====== Args={}
2023-12-06 20:49:18,116 : INFO : EventManager : Event: ======'mode_base_started'====== Args={'queue': <QueuedEvent>, 'player': 1, 'ball': 1, 'balls_remaining': 2, 'is_extra_ball': False}
2023-12-06 20:49:18,117 : INFO : EventManager : Event: ======'balls_in_play'====== Args={'balls': 1}
2023-12-06 20:49:18,118 : INFO : EventManager : Event: ======'ball_started'====== Args={'player': 1, 'ball': 1, 'balls_remaining': 2, 'is_extra_ball': False}
2023-12-06 20:49:18,118 : INFO : EventManager : Event: ======'mode_medal_will_start'====== Args={'player': 1, 'ball': 1, 'balls_remaining': 2, 'is_extra_ball': False}
2023-12-06 20:49:18,119 : INFO : EventManager : Event: ======'player_shot_medalL_shot_enabled'====== Args={'value': True, 'prev_value': 0, 'change': 1, 'player_num': 1}
2023-12-06 20:49:18,119 : INFO : EventManager : Event: ======'player_shot_medalM_shot_enabled'====== Args={'value': True, 'prev_value': 0, 'change': 1, 'player_num': 1}
2023-12-06 20:49:18,120 : INFO : EventManager : Event: ======'player_shot_medalR_shot_enabled'====== Args={'value': True, 'prev_value': 0, 'change': 1, 'player_num': 1}
2023-12-06 20:49:18,120 : INFO : EventManager : Event: ======'medal_shot_complete'====== Args={'state': 'unlit'}
2023-12-06 20:49:18,120 : INFO : EventManager : Event: ======'medal_shot_unlit_complete'====== Args={}
2023-12-06 20:49:18,122 : INFO : EventManager : Event: ======'mode_medal_starting'====== Args={'player': 1, 'ball': 1, 'balls_remaining': 2, 'is_extra_ball': False}
2023-12-06 20:49:18,123 : INFO : EventManager : Event: ======'mode_reentry_will_start'====== Args={'player': 1, 'ball': 1, 'balls_remaining': 2, 'is_extra_ball': False}
2023-12-06 20:49:18,124 : INFO : EventManager : Event: ======'player_shot_reentryL_shot_enabled'====== Args={'value': True, 'prev_value': 0, 'change': 1, 'player_num': 1}
2023-12-06 20:49:18,124 : INFO : EventManager : Event: ======'player_shot_reentryM_shot_enabled'====== Args={'value': True, 'prev_value': 0, 'change': 1, 'player_num': 1}
2023-12-06 20:49:18,125 : INFO : EventManager : Event: ======'player_shot_reentryR_shot_enabled'====== Args={'value': True, 'prev_value': 0, 'change': 1, 'player_num': 1}
2023-12-06 20:49:18,126 : INFO : EventManager : Event: ======'reentry_shot_complete'====== Args={'state': 'off'}
2023-12-06 20:49:18,126 : INFO : EventManager : Event: ======'reentry_shot_off_complete'====== Args={}
2023-12-06 20:49:18,128 : INFO : EventManager : Event: ======'mode_reentry_starting'====== Args={'player': 1, 'ball': 1, 'balls_remaining': 2, 'is_extra_ball': False}
2023-12-06 20:49:18,155 : INFO : EventManager : Event: ======'logicblock_medal_shot_complete_count_updated'====== Args={'value': 1, 'enabled': True}
2023-12-06 20:49:18,156 : INFO : EventManager : Event: ======'logicblock_medal_shot_complete_count_updated'====== Args={'value': 1, 'enabled': True}
2023-12-06 20:49:18,156 : INFO : Mode.medal : Started. Priority: 200
2023-12-06 20:49:18,156 : INFO : EventManager : Event: ======'modes_active_modes_changed'====== Args={}
2023-12-06 20:49:18,156 : INFO : EventManager : Event: ======'mode_medal_started'====== Args={'player': 1, 'ball': 1, 'balls_remaining': 2, 'is_extra_ball': False}
2023-12-06 20:49:18,156 : INFO : EventManager : Event: ======'logicblock_reentry_shot_complete_count_updated'====== Args={'value': 1, 'enabled': True}
2023-12-06 20:49:18,157 : INFO : EventManager : Event: ======'logicblock_reentry_shot_complete_count_updated'====== Args={'value': 1, 'enabled': True}
2023-12-06 20:49:18,157 : INFO : Mode.reentry : Started. Priority: 200
2023-12-06 20:49:18,157 : INFO : EventManager : Event: ======'modes_active_modes_changed'====== Args={}
2023-12-06 20:49:18,157 : INFO : EventManager : Event: ======'mode_reentry_started'====== Args={'player': 1, 'ball': 1, 'balls_remaining': 2, 'is_extra_ball': False}
2023-12-06 20:49:18,158 : INFO : EventManager : Event: ======'single_player_ball_started'====== Args={}
2023-12-06 20:49:18,159 : INFO : EventManager : Event: ======'player_attack_bumper_count'====== Args={'value': 1, 'prev_value': 0, 'change': 1, 'player_num': 1}
2023-12-06 20:49:18,159 : INFO : EventManager : Event: ======'slide_base.slide_player-mode_base_started_created'====== Args={'_from_bcp': True}
2023-12-06 20:49:18,160 : INFO : EventManager : Event: ======'slide_base.slide_player-mode_base_started_active'====== Args={'_from_bcp': True}
2023-12-06 20:49:18,160 : INFO : EventManager : Event: ======'slide__global.slide_player-ball_started_created'====== Args={'_from_bcp': True}
2023-12-06 20:49:18,160 : INFO : EventManager : Event: ======'ball_start_target'====== Args={'target': 'playfield'}
2023-12-06 20:49:18,188 : INFO : ball_device.bd_plunger : Setting up player-controlled eject. Balls: 1, Target: <playfield.playfield>, player_controlled_eject_event: None
2023-12-06 20:49:18,188 : INFO : EventManager : Event: ======'balldevice_balls_available'====== Args={}
2023-12-06 20:49:18,189 : INFO : ball_device.bd_trough : State: waiting_for_target_ready
2023-12-06 20:49:18,190 : INFO : EventManager : Event: ======'balldevice_bd_trough_ball_eject_attempt'====== Args={'balls': 1, 'target': <ball_device.bd_plunger>, 'source': <ball_device.bd_trough>, 'mechanical_eject': True, 'num_attempts': 0}
2023-12-06 20:49:18,190 : INFO : ball_device.bd_plunger : State: waiting_for_ball
2023-12-06 20:49:18,191 : INFO : ball_device.bd_trough : State: ejecting
2023-12-06 20:49:18,191 : INFO : ball_device.bd_trough : Ejecting ball to <ball_device.bd_plunger>
2023-12-06 20:49:18,191 : INFO : EventManager : Event: ======'balldevice_bd_trough_ejecting_ball'====== Args={'balls': 1, 'target': <ball_device.bd_plunger>, 'source': <ball_device.bd_trough>, 'mechanical_eject': True, 'num_attempts': 0}
2023-12-06 20:49:18,191 : INFO : ball_device.bd_trough : Wait for ball to leave device
2023-12-06 20:49:18,192 : INFO : coil.c_trough_eject : Pulsing Driver for 10ms (1.0 pulse_power)
2023-12-06 20:49:19,132 : INFO : SwitchController : <<<<<<< 's_trough1' inactive >>>>>>>
2023-12-06 20:49:19,138 : INFO : ball_device.bd_trough : State: ball_left
2023-12-06 20:49:19,138 : INFO : ball_device.bd_trough : Ball left
2023-12-06 20:49:19,138 : INFO : ball_device.bd_trough : Wait for confirm with timeout 10.0
2023-12-06 20:49:22,700 : INFO : SwitchController : <<<<<<< 's_plunger' active >>>>>>>
2023-12-06 20:49:22,701 : INFO : EventManager : Event: ======'machine_var_audits_switches_s_plunger'====== Args={'value': 136, 'prev_value': 135, 'change': 1}
2023-12-06 20:49:23,193 : INFO : ball_device.bd_plunger : Received ball from <ball_device.bd_trough>
2023-12-06 20:49:23,195 : INFO : EventManager : Event: ======'balldevice_bd_plunger_ball_enter'====== Args={'new_balls': 1, 'unclaimed_balls': 0, 'new_available_balls': 0, 'device': <ball_device.bd_plunger>}
2023-12-06 20:49:23,198 : INFO : EventManager : Event: ======'balldevice_bd_plunger_ball_entered'====== Args={'new_balls': 0, 'device': <ball_device.bd_plunger>}
2023-12-06 20:49:23,198 : INFO : EventManager : Event: ======'balldevice_bd_plunger_ball_count_changed'====== Args={'balls': 1}
2023-12-06 20:49:23,198 : INFO : ball_device.bd_trough : Got eject confirm
2023-12-06 20:49:23,198 : INFO : ball_device.bd_trough : Eject successful
2023-12-06 20:49:23,198 : INFO : EventManager : Event: ======'balldevice_bd_trough_ball_eject_success'====== Args={'balls': 1, 'target': <ball_device.bd_plunger>}
2023-12-06 20:49:23,199 : INFO : EventManager : Event: ======'balldevice_bd_trough_ball_count_changed'====== Args={'balls': 0}
2023-12-06 20:49:23,199 : INFO : ball_device.bd_trough : State: idle
2023-12-06 20:49:23,199 : INFO : ball_device.bd_plunger : State: waiting_for_target_ready
2023-12-06 20:49:23,199 : INFO : EventManager : Event: ======'balldevice_bd_plunger_ball_eject_attempt'====== Args={'balls': 1, 'target': <playfield.playfield>, 'source': <ball_device.bd_plunger>, 'mechanical_eject': True, 'num_attempts': 0}
2023-12-06 20:49:23,200 : INFO : ball_device.bd_plunger : State: ejecting
2023-12-06 20:49:23,200 : INFO : ball_device.bd_plunger : Ejecting ball to <playfield.playfield>
2023-12-06 20:49:23,200 : INFO : EventManager : Event: ======'balldevice_bd_plunger_ejecting_ball'====== Args={'balls': 1, 'target': <playfield.playfield>, 'source': <ball_device.bd_plunger>, 'mechanical_eject': True, 'num_attempts': 0}
2023-12-06 20:49:23,201 : INFO : ball_device.bd_plunger : Wait for ball to leave device
2023-12-06 20:49:23,273 : INFO : SwitchController : <<<<<<< 's_plunger' inactive >>>>>>>
2023-12-06 20:49:23,278 : INFO : ball_device.bd_plunger : State: ball_left
2023-12-06 20:49:23,278 : INFO : ball_device.bd_plunger : Ball left
2023-12-06 20:49:23,278 : INFO : ball_device.bd_plunger : Wait for confirm with timeout 10.0
2023-12-06 20:49:26,403 : INFO : SwitchController : <<<<<<< 's_medal_drop_left' active >>>>>>>
2023-12-06 20:49:26,404 : INFO : EventManager : Event: ======'playfield_active'====== Args={}
2023-12-06 20:49:26,405 : INFO : EventManager : Event: ======'s_medal_drop_left_active'====== Args={}
2023-12-06 20:49:26,407 : INFO : EventManager : Event: ======'sw_playfield_active'====== Args={}
2023-12-06 20:49:26,408 : INFO : EventManager : Event: ======'machine_var_audits_switches_s_medal_drop_left'====== Args={'value': 122, 'prev_value': 121, 'change': 1}
2023-12-06 20:49:26,427 : INFO : EventManager : Event: ======'player_shot_medalL_shot'====== Args={'value': 1, 'prev_value': 0, 'change': 1, 'player_num': 1}
2023-12-06 20:49:26,435 : INFO : EventManager : Event: ======'machine_var_audits_shots_medalL_shot'====== Args={'value': 108, 'prev_value': 107, 'change': 1}
2023-12-06 20:49:26,435 : INFO : EventManager : Event: ======'medalL_shot_hit'====== Args={'profile': 'default', 'state': 'unlit', 'advancing': True}
2023-12-06 20:49:26,435 : INFO : EventManager : Event: ======'medalL_shot_default_hit'====== Args={'profile': 'default', 'state': 'unlit', 'advancing': True}
2023-12-06 20:49:26,436 : INFO : EventManager : Event: ======'medalL_shot_default_unlit_hit'====== Args={'profile': 'default', 'state': 'unlit', 'advancing': True}
2023-12-06 20:49:26,436 : INFO : EventManager : Event: ======'medalL_shot_unlit_hit'====== Args={'profile': 'default', 'state': 'unlit', 'advancing': True}
2023-12-06 20:49:26,436 : INFO : EventManager : Event: ======'medal_shot_hit'====== Args={}
2023-12-06 20:49:26,436 : INFO : EventManager : Event: ======'medal_shot_unlit_hit'====== Args={}
2023-12-06 20:49:26,436 : INFO : EventManager : Event: ======'player_score'====== Args={'value': 1500, 'prev_value': 0, 'change': 1500, 'player_num': 1}
2023-12-06 20:49:26,436 : INFO : EventManager : Event: ======'playfield_active'====== Args={}
2023-12-06 20:49:26,449 : INFO : ball_device.bd_plunger : Got eject confirm
2023-12-06 20:49:26,449 : INFO : ball_device.bd_plunger : Eject successful
2023-12-06 20:49:26,449 : INFO : EventManager : Event: ======'balldevice_bd_plunger_ball_eject_success'====== Args={'balls': 1, 'target': <playfield.playfield>}
2023-12-06 20:49:26,450 : INFO : EventManager : Event: ======'balldevice_playfield_ball_enter'====== Args={'new_balls': 1, 'unclaimed_balls': 1, 'device': <playfield.playfield>}
2023-12-06 20:49:26,450 : INFO : EventManager : Event: ======'playfield_ball_count_change'====== Args={'balls': 1, 'change': 1}
2023-12-06 20:49:26,451 : INFO : EventManager : Event: ======'balldevice_bd_plunger_ball_count_changed'====== Args={'balls': 0}
2023-12-06 20:49:26,451 : INFO : ball_device.bd_plunger : State: idle
2023-12-06 20:49:26,583 : INFO : SwitchController : <<<<<<< 's_medal_drop_left' inactive >>>>>>>
2023-12-06 20:49:27,704 : INFO : SwitchController : <<<<<<< 's_medal_drop_middle' active >>>>>>>
2023-12-06 20:49:27,705 : INFO : EventManager : Event: ======'s_medal_drop_middle_active'====== Args={}
2023-12-06 20:49:27,706 : INFO : EventManager : Event: ======'sw_playfield_active'====== Args={}
2023-12-06 20:49:27,708 : INFO : EventManager : Event: ======'machine_var_audits_switches_s_medal_drop_middle'====== Args={'value': 118, 'prev_value': 117, 'change': 1}
2023-12-06 20:49:27,711 : INFO : EventManager : Event: ======'player_shot_medalM_shot'====== Args={'value': 1, 'prev_value': 0, 'change': 1, 'player_num': 1}
2023-12-06 20:49:27,713 : INFO : EventManager : Event: ======'machine_var_audits_shots_medalM_shot'====== Args={'value': 104, 'prev_value': 103, 'change': 1}
2023-12-06 20:49:27,716 : INFO : EventManager : Event: ======'medalM_shot_hit'====== Args={'profile': 'default', 'state': 'unlit', 'advancing': True}
2023-12-06 20:49:27,716 : INFO : EventManager : Event: ======'medalM_shot_default_hit'====== Args={'profile': 'default', 'state': 'unlit', 'advancing': True}
2023-12-06 20:49:27,717 : INFO : EventManager : Event: ======'medalM_shot_default_unlit_hit'====== Args={'profile': 'default', 'state': 'unlit', 'advancing': True}
2023-12-06 20:49:27,718 : INFO : EventManager : Event: ======'medalM_shot_unlit_hit'====== Args={'profile': 'default', 'state': 'unlit', 'advancing': True}
2023-12-06 20:49:27,718 : INFO : EventManager : Event: ======'medal_shot_hit'====== Args={}
2023-12-06 20:49:27,719 : INFO : EventManager : Event: ======'medal_shot_unlit_hit'====== Args={}
2023-12-06 20:49:27,720 : INFO : EventManager : Event: ======'player_score'====== Args={'value': 3000, 'prev_value': 1500, 'change': 1500, 'player_num': 1}
2023-12-06 20:49:27,927 : INFO : SwitchController : <<<<<<< 's_medal_drop_middle' inactive >>>>>>>
2023-12-06 20:49:29,730 : INFO : SwitchController : <<<<<<< 's_medal_drop_right' active >>>>>>>
2023-12-06 20:49:29,731 : INFO : EventManager : Event: ======'s_medal_drop_right_active'====== Args={}
2023-12-06 20:49:29,732 : INFO : EventManager : Event: ======'sw_playfield_active'====== Args={}
2023-12-06 20:49:29,734 : INFO : EventManager : Event: ======'machine_var_audits_switches_s_medal_drop_right'====== Args={'value': 119, 'prev_value': 118, 'change': 1}
2023-12-06 20:49:29,756 : INFO : EventManager : Event: ======'player_shot_medalR_shot'====== Args={'value': 1, 'prev_value': 0, 'change': 1, 'player_num': 1}
2023-12-06 20:49:29,762 : INFO : EventManager : Event: ======'machine_var_audits_shots_medalR_shot'====== Args={'value': 105, 'prev_value': 104, 'change': 1}
2023-12-06 20:49:29,763 : INFO : EventManager : Event: ======'medalR_shot_hit'====== Args={'profile': 'default', 'state': 'unlit', 'advancing': True}
2023-12-06 20:49:29,763 : INFO : EventManager : Event: ======'medalR_shot_default_hit'====== Args={'profile': 'default', 'state': 'unlit', 'advancing': True}
2023-12-06 20:49:29,763 : INFO : EventManager : Event: ======'medalR_shot_default_unlit_hit'====== Args={'profile': 'default', 'state': 'unlit', 'advancing': True}
2023-12-06 20:49:29,763 : INFO : EventManager : Event: ======'medalR_shot_unlit_hit'====== Args={'profile': 'default', 'state': 'unlit', 'advancing': True}
2023-12-06 20:49:29,763 : INFO : EventManager : Event: ======'medal_shot_complete'====== Args={'state': 'lit'}
2023-12-06 20:49:29,764 : INFO : EventManager : Event: ======'medal_shot_lit_complete'====== Args={}
2023-12-06 20:49:29,764 : INFO : EventManager : Event: ======'medal_shot_hit'====== Args={}
2023-12-06 20:49:29,764 : INFO : EventManager : Event: ======'medal_shot_unlit_hit'====== Args={}
2023-12-06 20:49:29,764 : INFO : EventManager : Event: ======'player_shot_medalL_shot'====== Args={'value': 0, 'prev_value': 1, 'change': -1, 'player_num': 1}
2023-12-06 20:49:29,765 : INFO : EventManager : Event: ======'player_shot_medalM_shot'====== Args={'value': 0, 'prev_value': 1, 'change': -1, 'player_num': 1}
2023-12-06 20:49:29,765 : INFO : EventManager : Event: ======'player_shot_medalR_shot'====== Args={'value': 0, 'prev_value': 1, 'change': -1, 'player_num': 1}
2023-12-06 20:49:29,766 : INFO : EventManager : Event: ======'logicblock_medal_shot_complete_count_updated'====== Args={'value': 2, 'enabled': True}
2023-12-06 20:49:29,766 : INFO : EventManager : Event: ======'medal_shot_done'====== Args={'count': 2}
2023-12-06 20:49:29,766 : INFO : Timer.medal_countdown_timer : Starting Timer.
2023-12-06 20:49:29,766 : INFO : EventManager : Event: ======'timer_medal_countdown_timer_started'====== Args={'ticks': 5, 'ticks_remaining': 5}
2023-12-06 20:49:29,767 : INFO : EventManager : Event: ======'timer_medal_countdown_timer_tick'====== Args={'ticks': 5, 'ticks_remaining': 5}
2023-12-06 20:49:29,767 : INFO : EventManager : Event: ======'player_score'====== Args={'value': 13000, 'prev_value': 3000, 'change': 10000, 'player_num': 1}
2023-12-06 20:49:29,767 : INFO : EventManager : Event: ======'player_score'====== Args={'value': 14500, 'prev_value': 13000, 'change': 1500, 'player_num': 1}
2023-12-06 20:49:29,907 : INFO : SwitchController : <<<<<<< 's_medal_drop_right' inactive >>>>>>>
2023-12-06 20:49:30,765 : INFO : EventManager : Event: ======'player_medal_medal_countdown_timer_tick'====== Args={'value': 4, 'prev_value': 0, 'change': 4, 'player_num': 1}
2023-12-06 20:49:30,767 : INFO : EventManager : Event: ======'timer_medal_countdown_timer_tick'====== Args={'ticks': 4, 'ticks_remaining': 4}
2023-12-06 20:49:31,779 : INFO : EventManager : Event: ======'player_medal_medal_countdown_timer_tick'====== Args={'value': 3, 'prev_value': 4, 'change': -1, 'player_num': 1}
2023-12-06 20:49:31,781 : INFO : EventManager : Event: ======'timer_medal_countdown_timer_tick'====== Args={'ticks': 3, 'ticks_remaining': 3}
2023-12-06 20:49:32,759 : INFO : EventManager : Event: ======'player_medal_medal_countdown_timer_tick'====== Args={'value': 2, 'prev_value': 3, 'change': -1, 'player_num': 1}
2023-12-06 20:49:32,761 : INFO : EventManager : Event: ======'timer_medal_countdown_timer_tick'====== Args={'ticks': 2, 'ticks_remaining': 2}
2023-12-06 20:49:33,768 : INFO : EventManager : Event: ======'player_medal_medal_countdown_timer_tick'====== Args={'value': 1, 'prev_value': 2, 'change': -1, 'player_num': 1}
2023-12-06 20:49:33,769 : INFO : EventManager : Event: ======'timer_medal_countdown_timer_tick'====== Args={'ticks': 1, 'ticks_remaining': 1}
2023-12-06 20:49:34,764 : INFO : EventManager : Event: ======'player_medal_medal_countdown_timer_tick'====== Args={'value': 0, 'prev_value': 1, 'change': -1, 'player_num': 1}
2023-12-06 20:49:34,766 : INFO : Timer.medal_countdown_timer : Timer Complete
2023-12-06 20:49:34,767 : INFO : Timer.medal_countdown_timer : Stopping Timer
2023-12-06 20:49:34,767 : INFO : EventManager : Event: ======'timer_medal_countdown_timer_stopped'====== Args={'ticks': 0, 'ticks_remaining': 1}
2023-12-06 20:49:34,768 : INFO : EventManager : Event: ======'timer_medal_countdown_timer_complete'====== Args={'ticks': 0, 'ticks_remaining': 1}
2023-12-06 20:49:34,771 : INFO : EventManager : Event: ======'player_medal_shot_complete_count'====== Args={'value': 1, 'prev_value': 0, 'change': 1, 'player_num': 1}
2023-12-06 20:49:34,772 : INFO : EventManager : Event: ======'player_l_medal_spot_1'====== Args={'value': 0, 'prev_value': 0, 'change': 0, 'player_num': 1}
2023-12-06 20:49:48,405 : INFO : SwitchController : <<<<<<< 's_medal_drop_left' active >>>>>>>
2023-12-06 20:49:48,406 : INFO : EventManager : Event: ======'s_medal_drop_left_active'====== Args={}
2023-12-06 20:49:48,407 : INFO : EventManager : Event: ======'sw_playfield_active'====== Args={}
2023-12-06 20:49:48,408 : INFO : EventManager : Event: ======'machine_var_audits_switches_s_medal_drop_left'====== Args={'value': 123, 'prev_value': 122, 'change': 1}
2023-12-06 20:49:48,412 : INFO : EventManager : Event: ======'player_shot_medalL_shot'====== Args={'value': 1, 'prev_value': 0, 'change': 1, 'player_num': 1}
2023-12-06 20:49:48,433 : INFO : EventManager : Event: ======'machine_var_audits_shots_medalL_shot'====== Args={'value': 109, 'prev_value': 108, 'change': 1}
2023-12-06 20:49:48,434 : INFO : EventManager : Event: ======'medalL_shot_hit'====== Args={'profile': 'default', 'state': 'unlit', 'advancing': True}
2023-12-06 20:49:48,434 : INFO : EventManager : Event: ======'medalL_shot_default_hit'====== Args={'profile': 'default', 'state': 'unlit', 'advancing': True}
2023-12-06 20:49:48,434 : INFO : EventManager : Event: ======'medalL_shot_default_unlit_hit'====== Args={'profile': 'default', 'state': 'unlit', 'advancing': True}
2023-12-06 20:49:48,434 : INFO : EventManager : Event: ======'medalL_shot_unlit_hit'====== Args={'profile': 'default', 'state': 'unlit', 'advancing': True}
2023-12-06 20:49:48,434 : INFO : EventManager : Event: ======'medal_shot_hit'====== Args={}
2023-12-06 20:49:48,435 : INFO : EventManager : Event: ======'medal_shot_unlit_hit'====== Args={}
2023-12-06 20:49:48,435 : INFO : EventManager : Event: ======'player_score'====== Args={'value': 16000, 'prev_value': 14500, 'change': 1500, 'player_num': 1}
2023-12-06 20:49:48,689 : INFO : SwitchController : <<<<<<< 's_medal_drop_left' inactive >>>>>>>
2023-12-06 20:49:48,923 : INFO : SwitchController : <<<<<<< 's_medal_drop_middle' active >>>>>>>
2023-12-06 20:49:48,923 : INFO : EventManager : Event: ======'s_medal_drop_middle_active'====== Args={}
2023-12-06 20:49:48,924 : INFO : EventManager : Event: ======'sw_playfield_active'====== Args={}
2023-12-06 20:49:48,924 : INFO : EventManager : Event: ======'machine_var_audits_switches_s_medal_drop_middle'====== Args={'value': 119, 'prev_value': 118, 'change': 1}
2023-12-06 20:49:48,926 : INFO : EventManager : Event: ======'player_shot_medalM_shot'====== Args={'value': 1, 'prev_value': 0, 'change': 1, 'player_num': 1}
2023-12-06 20:49:48,928 : INFO : EventManager : Event: ======'machine_var_audits_shots_medalM_shot'====== Args={'value': 105, 'prev_value': 104, 'change': 1}
2023-12-06 20:49:48,931 : INFO : EventManager : Event: ======'medalM_shot_hit'====== Args={'profile': 'default', 'state': 'unlit', 'advancing': True}
2023-12-06 20:49:48,931 : INFO : EventManager : Event: ======'medalM_shot_default_hit'====== Args={'profile': 'default', 'state': 'unlit', 'advancing': True}
2023-12-06 20:49:48,932 : INFO : EventManager : Event: ======'medalM_shot_default_unlit_hit'====== Args={'profile': 'default', 'state': 'unlit', 'advancing': True}
2023-12-06 20:49:48,932 : INFO : EventManager : Event: ======'medalM_shot_unlit_hit'====== Args={'profile': 'default', 'state': 'unlit', 'advancing': True}
2023-12-06 20:49:48,933 : INFO : EventManager : Event: ======'medal_shot_hit'====== Args={}
2023-12-06 20:49:48,933 : INFO : EventManager : Event: ======'medal_shot_unlit_hit'====== Args={}
2023-12-06 20:49:48,934 : INFO : EventManager : Event: ======'player_score'====== Args={'value': 17500, 'prev_value': 16000, 'change': 1500, 'player_num': 1}
2023-12-06 20:49:49,151 : INFO : SwitchController : <<<<<<< 's_medal_drop_middle' inactive >>>>>>>
2023-12-06 20:49:49,415 : INFO : SwitchController : <<<<<<< 's_medal_drop_right' active >>>>>>>
2023-12-06 20:49:49,416 : INFO : EventManager : Event: ======'s_medal_drop_right_active'====== Args={}
2023-12-06 20:49:49,417 : INFO : EventManager : Event: ======'sw_playfield_active'====== Args={}
2023-12-06 20:49:49,419 : INFO : EventManager : Event: ======'machine_var_audits_switches_s_medal_drop_right'====== Args={'value': 120, 'prev_value': 119, 'change': 1}
2023-12-06 20:49:49,422 : INFO : EventManager : Event: ======'player_shot_medalR_shot'====== Args={'value': 1, 'prev_value': 0, 'change': 1, 'player_num': 1}
2023-12-06 20:49:49,425 : INFO : EventManager : Event: ======'machine_var_audits_shots_medalR_shot'====== Args={'value': 106, 'prev_value': 105, 'change': 1}
2023-12-06 20:49:49,427 : INFO : EventManager : Event: ======'medalR_shot_hit'====== Args={'profile': 'default', 'state': 'unlit', 'advancing': True}
2023-12-06 20:49:49,428 : INFO : EventManager : Event: ======'medalR_shot_default_hit'====== Args={'profile': 'default', 'state': 'unlit', 'advancing': True}
2023-12-06 20:49:49,430 : INFO : EventManager : Event: ======'medalR_shot_default_unlit_hit'====== Args={'profile': 'default', 'state': 'unlit', 'advancing': True}
2023-12-06 20:49:49,431 : INFO : EventManager : Event: ======'medalR_shot_unlit_hit'====== Args={'profile': 'default', 'state': 'unlit', 'advancing': True}
2023-12-06 20:49:49,433 : INFO : EventManager : Event: ======'medal_shot_complete'====== Args={'state': 'lit'}
2023-12-06 20:49:49,434 : INFO : EventManager : Event: ======'medal_shot_lit_complete'====== Args={}
2023-12-06 20:49:49,436 : INFO : EventManager : Event: ======'medal_shot_hit'====== Args={}
2023-12-06 20:49:49,437 : INFO : EventManager : Event: ======'medal_shot_unlit_hit'====== Args={}
2023-12-06 20:49:49,438 : INFO : EventManager : Event: ======'player_shot_medalL_shot'====== Args={'value': 0, 'prev_value': 1, 'change': -1, 'player_num': 1}
2023-12-06 20:49:49,439 : INFO : EventManager : Event: ======'player_shot_medalM_shot'====== Args={'value': 0, 'prev_value': 1, 'change': -1, 'player_num': 1}
2023-12-06 20:49:49,440 : INFO : EventManager : Event: ======'player_shot_medalR_shot'====== Args={'value': 0, 'prev_value': 1, 'change': -1, 'player_num': 1}
2023-12-06 20:49:49,441 : INFO : EventManager : Event: ======'logicblock_medal_shot_complete_count_updated'====== Args={'value': 3, 'enabled': True}
2023-12-06 20:49:49,441 : INFO : EventManager : Event: ======'medal_shot_done'====== Args={'count': 3}
2023-12-06 20:49:49,442 : INFO : Timer.medal_countdown_timer : Starting Timer.
2023-12-06 20:49:49,442 : INFO : Timer.medal_countdown_timer : Timer Complete
2023-12-06 20:49:49,442 : INFO : Timer.medal_countdown_timer : Stopping Timer
2023-12-06 20:49:49,442 : INFO : EventManager : Event: ======'timer_medal_countdown_timer_stopped'====== Args={'ticks': 0, 'ticks_remaining': 1}
2023-12-06 20:49:49,442 : INFO : EventManager : Event: ======'timer_medal_countdown_timer_complete'====== Args={'ticks': 0, 'ticks_remaining': 1}
2023-12-06 20:49:49,443 : INFO : EventManager : Event: ======'player_score'====== Args={'value': 67500, 'prev_value': 17500, 'change': 50000, 'player_num': 1}
2023-12-06 20:49:49,444 : INFO : EventManager : Event: ======'player_medal_shot_complete_count'====== Args={'value': 2, 'prev_value': 1, 'change': 1, 'player_num': 1}
2023-12-06 20:49:49,445 : INFO : EventManager : Event: ======'player_score'====== Args={'value': 69000, 'prev_value': 67500, 'change': 1500, 'player_num': 1}
2023-12-06 20:49:49,602 : INFO : SwitchController : <<<<<<< 's_medal_drop_right' inactive >>>>>>>
2023-12-06 20:49:59,524 : INFO : SwitchController : <<<<<<< 's_medal_drop_left' active >>>>>>>
2023-12-06 20:49:59,524 : INFO : EventManager : Event: ======'s_medal_drop_left_active'====== Args={}
2023-12-06 20:49:59,524 : INFO : EventManager : Event: ======'sw_playfield_active'====== Args={}
2023-12-06 20:49:59,524 : INFO : EventManager : Event: ======'machine_var_audits_switches_s_medal_drop_left'====== Args={'value': 124, 'prev_value': 123, 'change': 1}
2023-12-06 20:49:59,525 : INFO : EventManager : Event: ======'player_shot_medalL_shot'====== Args={'value': 1, 'prev_value': 0, 'change': 1, 'player_num': 1}
2023-12-06 20:49:59,526 : INFO : EventManager : Event: ======'machine_var_audits_shots_medalL_shot'====== Args={'value': 110, 'prev_value': 109, 'change': 1}
2023-12-06 20:49:59,526 : INFO : EventManager : Event: ======'medalL_shot_hit'====== Args={'profile': 'default', 'state': 'unlit', 'advancing': True}
2023-12-06 20:49:59,526 : INFO : EventManager : Event: ======'medalL_shot_default_hit'====== Args={'profile': 'default', 'state': 'unlit', 'advancing': True}
2023-12-06 20:49:59,527 : INFO : EventManager : Event: ======'medalL_shot_default_unlit_hit'====== Args={'profile': 'default', 'state': 'unlit', 'advancing': True}
2023-12-06 20:49:59,527 : INFO : EventManager : Event: ======'medalL_shot_unlit_hit'====== Args={'profile': 'default', 'state': 'unlit', 'advancing': True}
2023-12-06 20:49:59,527 : INFO : EventManager : Event: ======'medal_shot_hit'====== Args={}
2023-12-06 20:49:59,527 : INFO : EventManager : Event: ======'medal_shot_unlit_hit'====== Args={}
2023-12-06 20:49:59,527 : INFO : EventManager : Event: ======'player_score'====== Args={'value': 70500, 'prev_value': 69000, 'change': 1500, 'player_num': 1}
2023-12-06 20:49:59,677 : INFO : SwitchController : <<<<<<< 's_medal_drop_middle' active >>>>>>>
2023-12-06 20:49:59,678 : INFO : EventManager : Event: ======'s_medal_drop_middle_active'====== Args={}
2023-12-06 20:49:59,679 : INFO : EventManager : Event: ======'sw_playfield_active'====== Args={}
2023-12-06 20:49:59,681 : INFO : EventManager : Event: ======'machine_var_audits_switches_s_medal_drop_middle'====== Args={'value': 120, 'prev_value': 119, 'change': 1}
2023-12-06 20:49:59,684 : INFO : EventManager : Event: ======'player_shot_medalM_shot'====== Args={'value': 1, 'prev_value': 0, 'change': 1, 'player_num': 1}
2023-12-06 20:49:59,687 : INFO : EventManager : Event: ======'machine_var_audits_shots_medalM_shot'====== Args={'value': 106, 'prev_value': 105, 'change': 1}
2023-12-06 20:49:59,689 : INFO : EventManager : Event: ======'medalM_shot_hit'====== Args={'profile': 'default', 'state': 'unlit', 'advancing': True}
2023-12-06 20:49:59,690 : INFO : EventManager : Event: ======'medalM_shot_default_hit'====== Args={'profile': 'default', 'state': 'unlit', 'advancing': True}
2023-12-06 20:49:59,692 : INFO : EventManager : Event: ======'medalM_shot_default_unlit_hit'====== Args={'profile': 'default', 'state': 'unlit', 'advancing': True}
2023-12-06 20:49:59,693 : INFO : EventManager : Event: ======'medalM_shot_unlit_hit'====== Args={'profile': 'default', 'state': 'unlit', 'advancing': True}
2023-12-06 20:49:59,695 : INFO : EventManager : Event: ======'medal_shot_hit'====== Args={}
2023-12-06 20:49:59,696 : INFO : EventManager : Event: ======'medal_shot_unlit_hit'====== Args={}
2023-12-06 20:49:59,698 : INFO : EventManager : Event: ======'player_score'====== Args={'value': 72000, 'prev_value': 70500, 'change': 1500, 'player_num': 1}
2023-12-06 20:49:59,711 : INFO : SwitchController : <<<<<<< 's_medal_drop_left' inactive >>>>>>>
2023-12-06 20:49:59,852 : INFO : SwitchController : <<<<<<< 's_medal_drop_right' active >>>>>>>
2023-12-06 20:49:59,852 : INFO : EventManager : Event: ======'s_medal_drop_right_active'====== Args={}
2023-12-06 20:49:59,852 : INFO : EventManager : Event: ======'sw_playfield_active'====== Args={}
2023-12-06 20:49:59,853 : INFO : EventManager : Event: ======'machine_var_audits_switches_s_medal_drop_right'====== Args={'value': 121, 'prev_value': 120, 'change': 1}
2023-12-06 20:49:59,854 : INFO : EventManager : Event: ======'player_shot_medalR_shot'====== Args={'value': 1, 'prev_value': 0, 'change': 1, 'player_num': 1}
2023-12-06 20:49:59,854 : INFO : EventManager : Event: ======'machine_var_audits_shots_medalR_shot'====== Args={'value': 107, 'prev_value': 106, 'change': 1}
2023-12-06 20:49:59,856 : INFO : EventManager : Event: ======'medalR_shot_hit'====== Args={'profile': 'default', 'state': 'unlit', 'advancing': True}
2023-12-06 20:49:59,856 : INFO : EventManager : Event: ======'medalR_shot_default_hit'====== Args={'profile': 'default', 'state': 'unlit', 'advancing': True}
2023-12-06 20:49:59,856 : INFO : EventManager : Event: ======'medalR_shot_default_unlit_hit'====== Args={'profile': 'default', 'state': 'unlit', 'advancing': True}
2023-12-06 20:49:59,856 : INFO : EventManager : Event: ======'medalR_shot_unlit_hit'====== Args={'profile': 'default', 'state': 'unlit', 'advancing': True}
2023-12-06 20:49:59,857 : INFO : EventManager : Event: ======'medal_shot_complete'====== Args={'state': 'lit'}
2023-12-06 20:49:59,857 : INFO : EventManager : Event: ======'medal_shot_lit_complete'====== Args={}
2023-12-06 20:49:59,857 : INFO : EventManager : Event: ======'medal_shot_hit'====== Args={}
2023-12-06 20:49:59,858 : INFO : EventManager : Event: ======'medal_shot_unlit_hit'====== Args={}
2023-12-06 20:49:59,858 : INFO : EventManager : Event: ======'player_shot_medalL_shot'====== Args={'value': 0, 'prev_value': 1, 'change': -1, 'player_num': 1}
2023-12-06 20:49:59,858 : INFO : EventManager : Event: ======'player_shot_medalM_shot'====== Args={'value': 0, 'prev_value': 1, 'change': -1, 'player_num': 1}
2023-12-06 20:49:59,859 : INFO : EventManager : Event: ======'player_shot_medalR_shot'====== Args={'value': 0, 'prev_value': 1, 'change': -1, 'player_num': 1}
2023-12-06 20:49:59,860 : INFO : EventManager : Event: ======'logicblock_medal_shot_complete_count_updated'====== Args={'value': 4, 'enabled': True}
2023-12-06 20:49:59,861 : INFO : EventManager : Event: ======'medal_shot_done'====== Args={'count': 4}
2023-12-06 20:49:59,861 : INFO : Timer.medal_countdown_timer : Starting Timer.
2023-12-06 20:49:59,862 : INFO : Timer.medal_countdown_timer : Timer Complete
2023-12-06 20:49:59,862 : INFO : Timer.medal_countdown_timer : Stopping Timer
2023-12-06 20:49:59,862 : INFO : EventManager : Event: ======'timer_medal_countdown_timer_stopped'====== Args={'ticks': 0, 'ticks_remaining': 1}
2023-12-06 20:49:59,862 : INFO : EventManager : Event: ======'timer_medal_countdown_timer_complete'====== Args={'ticks': 0, 'ticks_remaining': 1}
2023-12-06 20:49:59,863 : INFO : EventManager : Event: ======'player_score'====== Args={'value': 172000, 'prev_value': 72000, 'change': 100000, 'player_num': 1}
2023-12-06 20:49:59,863 : INFO : EventManager : Event: ======'player_medal_shot_complete_count'====== Args={'value': 3, 'prev_value': 2, 'change': 1, 'player_num': 1}
2023-12-06 20:49:59,864 : INFO : EventManager : Event: ======'player_score'====== Args={'value': 173500, 'prev_value': 172000, 'change': 1500, 'player_num': 1}
2023-12-06 20:49:59,901 : INFO : SwitchController : <<<<<<< 's_medal_drop_middle' inactive >>>>>>>
2023-12-06 20:50:00,065 : INFO : SwitchController : <<<<<<< 's_medal_drop_right' inactive >>>>>>>
2023-12-06 20:50:08,068 : INFO : Machine : Shutting down...
2023-12-06 20:50:08,068 : INFO : EventManager : Event: ======'shutdown'====== Args={}
2023-12-06 20:50:08,074 : INFO : root : MPF run loop ended.
