2023-02-15 09:47:43,348 : INFO : root : Loading config.
2023-02-15 09:47:43,676 : INFO : ConfigProcessor : Config spec file cache created: C:\Users\student\AppData\Local\Temp\config_spec.mpf_cache
2023-02-15 09:47:43,676 : INFO : YamlMultifileConfigLoader : Machine config file #1: config.yaml
2023-02-15 09:47:43,676 : INFO : ConfigProcessor : Loading config from file c:\users\student\mpfenv\lib\site-packages\mpf\mpfconfig.yaml.
2023-02-15 09:47:43,738 : INFO : ConfigProcessor : Loading config: c:\users\student\mpfenv\lib\site-packages\mpf\mpfconfig.yaml
2023-02-15 09:47:43,738 : INFO : ConfigProcessor : Loading config from file C:\Users\student\pinball\cobraPinTest1\config\config.yaml.
2023-02-15 09:47:43,769 : INFO : ConfigProcessor : Loading config: C:\Users\student\pinball\cobraPinTest1\config\config.yaml
2023-02-15 09:47:43,769 : INFO : ConfigProcessor : Config file cache created: C:\Users\student\AppData\Local\Temp\f1427cd4cbc9163bc2263f349f0fb463.mpf_cache
2023-02-15 09:47:43,847 : INFO : ConfigProcessor : Loading config from file c:\users\student\mpfenv\lib\site-packages\mpf\modes\attract\config\attract.yaml.
2023-02-15 09:47:43,847 : INFO : ConfigProcessor : Loading config: c:\users\student\mpfenv\lib\site-packages\mpf\modes\attract\config\attract.yaml
2023-02-15 09:47:43,847 : INFO : ConfigProcessor : Loading config from file C:\Users\student\pinball\cobraPinTest1\modes\attract\config\attract.yaml.
2023-02-15 09:47:43,863 : INFO : ConfigProcessor : Loading config: C:\Users\student\pinball\cobraPinTest1\modes\attract\config\attract.yaml
2023-02-15 09:47:43,863 : INFO : ConfigProcessor : Config file cache created: C:\Users\student\AppData\Local\Temp\32ed7ad340ce8029344f8b9ff63edc80.mpf_cache
2023-02-15 09:47:43,863 : INFO : ConfigProcessor : Loading config from file c:\users\student\mpfenv\lib\site-packages\mpf\modes\game\config\game.yaml.
2023-02-15 09:47:43,863 : INFO : ConfigProcessor : Loading config: c:\users\student\mpfenv\lib\site-packages\mpf\modes\game\config\game.yaml
2023-02-15 09:47:43,863 : INFO : ConfigProcessor : Config file cache created: C:\Users\student\AppData\Local\Temp\8696bd5a5a040ff67990be11cb4d3c0c.mpf_cache
2023-02-15 09:47:43,863 : INFO : ConfigProcessor : Loading config from file C:\Users\student\pinball\cobraPinTest1\modes\base\config\base.yaml.
2023-02-15 09:47:43,879 : INFO : ConfigProcessor : Loading config: C:\Users\student\pinball\cobraPinTest1\modes\base\config\base.yaml
2023-02-15 09:47:43,879 : INFO : ConfigProcessor : Config file cache created: C:\Users\student\AppData\Local\Temp\4675a535c8328a9c278c807d999ed109.mpf_cache
2023-02-15 09:47:43,879 : INFO : ConfigProcessor : Loading config from file C:\Users\student\pinball\cobraPinTest1\modes\reentry\config\reentry.yaml.
2023-02-15 09:47:43,894 : INFO : ConfigProcessor : Loading config: C:\Users\student\pinball\cobraPinTest1\modes\reentry\config\reentry.yaml
2023-02-15 09:47:43,894 : INFO : ConfigProcessor : Config file cache created: C:\Users\student\AppData\Local\Temp\0c8438cab3480347c0c749fa494946a2.mpf_cache
2023-02-15 09:47:43,894 : INFO : ConfigProcessor : Loading config from file C:\Users\student\pinball\cobraPinTest1\modes\attract\shows\.\attract_display_loop.yaml.
2023-02-15 09:47:43,910 : INFO : ConfigProcessor : Loading config: C:\Users\student\pinball\cobraPinTest1\modes\attract\shows\.\attract_display_loop.yaml
2023-02-15 09:47:43,910 : INFO : ConfigProcessor : Config file cache created: C:\Users\student\AppData\Local\Temp\f8d2c2cf3ea01f085365ea23fa51a701.mpf_cache
2023-02-15 09:47:43,910 : INFO : ConfigProcessor : Loading config from file C:\Users\student\pinball\cobraPinTest1\modes\attract\shows\.\attract_light_show.yaml.
2023-02-15 09:47:43,910 : INFO : ConfigProcessor : Loading config: C:\Users\student\pinball\cobraPinTest1\modes\attract\shows\.\attract_light_show.yaml
2023-02-15 09:47:43,910 : INFO : ConfigProcessor : Config file cache created: C:\Users\student\AppData\Local\Temp\30bd992f4b62a9b099207aebeb59554c.mpf_cache
2023-02-15 09:47:43,910 : INFO : Machine : Mission Pinball Framework Core Engine v0.55.0
2023-02-15 09:47:43,910 : INFO : Machine : Command line arguments: {'no_load_cache': True, 'create_config_cache': True, 'bcp': True, 'configfile': ['config.yaml'], 'force_assets_load': False, 'jsonlogging': False, 'logfile': 'logs\\2023-02-15-09-47-43-mpf-DESKTOP-0JH7ARL.log', 'pause': False, 'production': False, 'text_ui': True, 'loglevel': 15, 'consoleloglevel': 20, 'force_platform': None, 'syslog_address': None, 'mc_file_name': None, 'no_sound': False}
2023-02-15 09:47:43,910 : INFO : Machine : MPF path: c:\users\student\mpfenv\lib\site-packages\mpf
2023-02-15 09:47:43,910 : INFO : Machine : Machine path: C:\Users\student\pinball\cobraPinTest1
2023-02-15 09:47:43,910 : INFO : Machine : Platform: win32
2023-02-15 09:47:43,910 : INFO : Machine : Python executable location: c:\users\student\mpfenv\scripts\python.exe
2023-02-15 09:47:43,910 : INFO : Machine : Python version: 3.7.8 (64-bit)
2023-02-15 09:47:43,910 : INFO : Machine : Initialise MPF.
2023-02-15 09:47:44,179 : INFO : EventManager : Event: ======'machine_var_credits_string'====== Args={'value': 'FREE PLAY', 'prev_value': None, 'change': True}
2023-02-15 09:47:44,233 : INFO : EventManager : Event: ======'machine_var_master_volume'====== Args={'value': 0.5, 'prev_value': None, 'change': True}
2023-02-15 09:47:44,233 : INFO : EventManager : Event: ======'machine_var_player1_score'====== Args={'value': 1500, 'prev_value': None, 'change': True}
2023-02-15 09:47:44,233 : INFO : EventManager : Event: ======'machine_var_mpf_version'====== Args={'value': 'MPF v0.55.0', 'prev_value': None, 'change': True}
2023-02-15 09:47:44,233 : INFO : EventManager : Event: ======'machine_var_mpf_extended_version'====== Args={'value': 'MPF v0.55.0, Config version:5, Show version: 5, BCP version:1.1', 'prev_value': None, 'change': True}
2023-02-15 09:47:44,233 : INFO : EventManager : Event: ======'machine_var_python_version'====== Args={'value': '3.7.8', 'prev_value': None, 'change': True}
2023-02-15 09:47:44,234 : INFO : EventManager : Event: ======'machine_var_platform'====== Args={'value': 'Windows-10-10.0.19041-SP0', 'prev_value': None, 'change': True}
2023-02-15 09:47:44,234 : INFO : EventManager : Event: ======'machine_var_platform_system'====== Args={'value': 'Windows', 'prev_value': None, 'change': True}
2023-02-15 09:47:44,234 : INFO : EventManager : Event: ======'machine_var_platform_release'====== Args={'value': '10', 'prev_value': None, 'change': True}
2023-02-15 09:47:44,234 : INFO : EventManager : Event: ======'machine_var_platform_version'====== Args={'value': '10.0.19041', 'prev_value': None, 'change': True}
2023-02-15 09:47:44,234 : INFO : EventManager : Event: ======'machine_var_platform_machine'====== Args={'value': 'AMD64', 'prev_value': None, 'change': True}
2023-02-15 09:47:44,234 : INFO : EventManager : Event: ======'init_phase_1'====== Args={}
2023-02-15 09:47:44,250 : INFO : EventManager : Event: ======'logicblock_reentry_switch_counter_updated'====== Args={'value': 0, 'enabled': True}
2023-02-15 09:47:44,250 : INFO : EventManager : Event: ======'logicblock_reentry_switch_counter_updated'====== Args={'value': 0, 'enabled': True}
2023-02-15 09:47:44,254 : INFO : EventManager : Event: ======'init_phase_2'====== Args={}
2023-02-15 09:47:44,254 : INFO : SwitchController : Found active switch: ('0-0-8', <Platform.Virtual>) <switch.s_trough1>
2023-02-15 09:47:44,257 : INFO : EventManager : Event: ======'bcp_connection_attempt'====== Args={'name': 'local_display', 'host': 'localhost', 'port': 5050}
2023-02-15 09:47:44,259 : INFO : BCPClientSocket : Connecting BCP to 'local_display' at localhost:5050...
2023-02-15 09:47:47,312 : INFO : BCPClientSocket : Connected BCP to 'local_display' localhost:5050
2023-02-15 09:47:47,313 : INFO : EventManager : Event: ======'bcp_clients_connected'====== Args={}
2023-02-15 09:47:47,321 : INFO : ball_device.bd_trough : BCH: Initial count: 1
2023-02-15 09:47:47,321 : INFO : EventManager : Event: ======'machine_var_mc_version'====== Args={'value': 'MPF-MC v0.55.0', 'prev_value': None, 'change': True}
2023-02-15 09:47:47,322 : INFO : EventManager : Event: ======'machine_var_mc_extended_version'====== Args={'value': 'MPF-MC v0.55.0 (config_version=5, BCP v1.1, Requires MPF v0.55.0-dev.49)', 'prev_value': None, 'change': True}
2023-02-15 09:47:47,323 : INFO : ball_device.bd_trough : State: idle
2023-02-15 09:47:47,336 : INFO : ball_device.bd_plunger : BCH: Initial count: 0
2023-02-15 09:47:47,337 : INFO : ball_device.bd_plunger : State: idle
2023-02-15 09:47:47,417 : INFO : EventManager : Event: ======'init_phase_3'====== Args={}
2023-02-15 09:47:47,421 : INFO : EventManager : Event: ======'init_phase_4'====== Args={}
2023-02-15 09:47:47,421 : INFO : BallController : Initial balls found: 1
2023-02-15 09:47:47,423 : INFO : EventManager : Event: ======'machine_var_audits_events_game_ended'====== Args={'value': 0, 'prev_value': None, 'change': True}
2023-02-15 09:47:47,423 : INFO : EventManager : Event: ======'machine_var_audits_events_game_started'====== Args={'value': 0, 'prev_value': None, 'change': True}
2023-02-15 09:47:47,423 : INFO : EventManager : Event: ======'machine_var_audits_player_score'====== Args={'value': {'average': 1800.0, 'top': [2000, 1900, 1500], 'total': 3}, 'prev_value': None, 'change': True}
2023-02-15 09:47:47,423 : INFO : EventManager : Event: ======'machine_var_audits_shots_my_first_shot'====== Args={'value': 109, 'prev_value': None, 'change': True}
2023-02-15 09:47:47,423 : INFO : EventManager : Event: ======'machine_var_audits_shots_my_first_shot_mode2'====== Args={'value': 72, 'prev_value': None, 'change': True}
2023-02-15 09:47:47,424 : INFO : EventManager : Event: ======'machine_var_audits_shots_reentryL_shot'====== Args={'value': 27, 'prev_value': None, 'change': True}
2023-02-15 09:47:47,424 : INFO : EventManager : Event: ======'machine_var_audits_shots_reentryM_shot'====== Args={'value': 28, 'prev_value': None, 'change': True}
2023-02-15 09:47:47,424 : INFO : EventManager : Event: ======'machine_var_audits_shots_reentryR_shot'====== Args={'value': 13, 'prev_value': None, 'change': True}
2023-02-15 09:47:47,424 : INFO : EventManager : Event: ======'machine_var_audits_shots_reentry_shot'====== Args={'value': 9, 'prev_value': None, 'change': True}
2023-02-15 09:47:47,424 : INFO : EventManager : Event: ======'machine_var_audits_switches_s_blackhole_kicker'====== Args={'value': 0, 'prev_value': None, 'change': True}
2023-02-15 09:47:47,425 : INFO : EventManager : Event: ======'machine_var_audits_switches_s_bonus_lane'====== Args={'value': 0, 'prev_value': None, 'change': True}
2023-02-15 09:47:47,425 : INFO : EventManager : Event: ======'machine_var_audits_switches_s_booster_drop_target_1'====== Args={'value': 0, 'prev_value': None, 'change': True}
2023-02-15 09:47:47,425 : INFO : EventManager : Event: ======'machine_var_audits_switches_s_booster_drop_target_2'====== Args={'value': 0, 'prev_value': None, 'change': True}
2023-02-15 09:47:47,425 : INFO : EventManager : Event: ======'machine_var_audits_switches_s_booster_drop_target_3'====== Args={'value': 0, 'prev_value': None, 'change': True}
2023-02-15 09:47:47,426 : INFO : EventManager : Event: ======'machine_var_audits_switches_s_comet_spot_1'====== Args={'value': 0, 'prev_value': None, 'change': True}
2023-02-15 09:47:47,426 : INFO : EventManager : Event: ======'machine_var_audits_switches_s_comet_spot_2'====== Args={'value': 0, 'prev_value': None, 'change': True}
2023-02-15 09:47:47,426 : INFO : EventManager : Event: ======'machine_var_audits_switches_s_comet_spot_3'====== Args={'value': 0, 'prev_value': None, 'change': True}
2023-02-15 09:47:47,426 : INFO : EventManager : Event: ======'machine_var_audits_switches_s_engine_bumper_1'====== Args={'value': 0, 'prev_value': None, 'change': True}
2023-02-15 09:47:47,426 : INFO : EventManager : Event: ======'machine_var_audits_switches_s_engine_bumper_2'====== Args={'value': 0, 'prev_value': None, 'change': True}
2023-02-15 09:47:47,427 : INFO : EventManager : Event: ======'machine_var_audits_switches_s_engine_bumper_3'====== Args={'value': 0, 'prev_value': None, 'change': True}
2023-02-15 09:47:47,427 : INFO : EventManager : Event: ======'machine_var_audits_switches_s_fuel_chute_1'====== Args={'value': 0, 'prev_value': None, 'change': True}
2023-02-15 09:47:47,427 : INFO : EventManager : Event: ======'machine_var_audits_switches_s_fuel_chute_2'====== Args={'value': 0, 'prev_value': None, 'change': True}
2023-02-15 09:47:47,427 : INFO : EventManager : Event: ======'machine_var_audits_switches_s_fuel_chute_3'====== Args={'value': 0, 'prev_value': None, 'change': True}
2023-02-15 09:47:47,428 : INFO : EventManager : Event: ======'machine_var_audits_switches_s_fuel_chute_4'====== Args={'value': 0, 'prev_value': None, 'change': True}
2023-02-15 09:47:47,429 : INFO : EventManager : Event: ======'machine_var_audits_switches_s_fuel_chute_5'====== Args={'value': 0, 'prev_value': None, 'change': True}
2023-02-15 09:47:47,429 : INFO : EventManager : Event: ======'machine_var_audits_switches_s_fuel_chute_6'====== Args={'value': 0, 'prev_value': None, 'change': True}
2023-02-15 09:47:47,430 : INFO : EventManager : Event: ======'machine_var_audits_switches_s_fuel_flag'====== Args={'value': 0, 'prev_value': None, 'change': True}
2023-02-15 09:47:47,430 : INFO : EventManager : Event: ======'machine_var_audits_switches_s_fuel_spot_1'====== Args={'value': 0, 'prev_value': None, 'change': True}
2023-02-15 09:47:47,431 : INFO : EventManager : Event: ======'machine_var_audits_switches_s_fuel_spot_2'====== Args={'value': 0, 'prev_value': None, 'change': True}
2023-02-15 09:47:47,431 : INFO : EventManager : Event: ======'machine_var_audits_switches_s_fuel_spot_3'====== Args={'value': 0, 'prev_value': None, 'change': True}
2023-02-15 09:47:47,432 : INFO : EventManager : Event: ======'machine_var_audits_switches_s_green_wormhole'====== Args={'value': 0, 'prev_value': None, 'change': True}
2023-02-15 09:47:47,432 : INFO : EventManager : Event: ======'machine_var_audits_switches_s_hyperspace_flag'====== Args={'value': 0, 'prev_value': None, 'change': True}
2023-02-15 09:47:47,432 : INFO : EventManager : Event: ======'machine_var_audits_switches_s_hyperspacekicker'====== Args={'value': 0, 'prev_value': None, 'change': True}
2023-02-15 09:47:47,433 : INFO : EventManager : Event: ======'machine_var_audits_switches_s_launch_lane_1'====== Args={'value': 0, 'prev_value': None, 'change': True}
2023-02-15 09:47:47,433 : INFO : EventManager : Event: ======'machine_var_audits_switches_s_launch_lane_2'====== Args={'value': 0, 'prev_value': None, 'change': True}
2023-02-15 09:47:47,433 : INFO : EventManager : Event: ======'machine_var_audits_switches_s_launch_lane_3'====== Args={'value': 0, 'prev_value': None, 'change': True}
2023-02-15 09:47:47,434 : INFO : EventManager : Event: ======'machine_var_audits_switches_s_launch_ramp'====== Args={'value': 0, 'prev_value': None, 'change': True}
2023-02-15 09:47:47,434 : INFO : EventManager : Event: ======'machine_var_audits_switches_s_left_attack_bumper'====== Args={'value': 0, 'prev_value': None, 'change': True}
2023-02-15 09:47:47,435 : INFO : EventManager : Event: ======'machine_var_audits_switches_s_left_flipper'====== Args={'value': 455, 'prev_value': None, 'change': True}
2023-02-15 09:47:47,435 : INFO : EventManager : Event: ======'machine_var_audits_switches_s_left_out_lane'====== Args={'value': 0, 'prev_value': None, 'change': True}
2023-02-15 09:47:47,435 : INFO : EventManager : Event: ======'machine_var_audits_switches_s_left_out_lane_kicker'====== Args={'value': 0, 'prev_value': None, 'change': True}
2023-02-15 09:47:47,436 : INFO : EventManager : Event: ======'machine_var_audits_switches_s_left_return_lane'====== Args={'value': 0, 'prev_value': None, 'change': True}
2023-02-15 09:47:47,436 : INFO : EventManager : Event: ======'machine_var_audits_switches_s_lower_attack_bumper'====== Args={'value': 0, 'prev_value': None, 'change': True}
2023-02-15 09:47:47,436 : INFO : EventManager : Event: ======'machine_var_audits_switches_s_lower_left_rebound'====== Args={'value': 0, 'prev_value': None, 'change': True}
2023-02-15 09:47:47,437 : INFO : EventManager : Event: ======'machine_var_audits_switches_s_lower_left_slingshot'====== Args={'value': 0, 'prev_value': None, 'change': True}
2023-02-15 09:47:47,437 : INFO : EventManager : Event: ======'machine_var_audits_switches_s_lower_right_rebound'====== Args={'value': 0, 'prev_value': None, 'change': True}
2023-02-15 09:47:47,438 : INFO : EventManager : Event: ======'machine_var_audits_switches_s_lower_right_slingshot'====== Args={'value': 0, 'prev_value': None, 'change': True}
2023-02-15 09:47:47,438 : INFO : EventManager : Event: ======'machine_var_audits_switches_s_medal_drop_left'====== Args={'value': 0, 'prev_value': None, 'change': True}
2023-02-15 09:47:47,438 : INFO : EventManager : Event: ======'machine_var_audits_switches_s_medal_drop_middle'====== Args={'value': 0, 'prev_value': None, 'change': True}
2023-02-15 09:47:47,439 : INFO : EventManager : Event: ======'machine_var_audits_switches_s_medal_drop_right'====== Args={'value': 0, 'prev_value': None, 'change': True}
2023-02-15 09:47:47,439 : INFO : EventManager : Event: ======'machine_var_audits_switches_s_mission_spot_1'====== Args={'value': 0, 'prev_value': None, 'change': True}
2023-02-15 09:47:47,439 : INFO : EventManager : Event: ======'machine_var_audits_switches_s_mission_spot_2'====== Args={'value': 0, 'prev_value': None, 'change': True}
2023-02-15 09:47:47,440 : INFO : EventManager : Event: ======'machine_var_audits_switches_s_mission_spot_3'====== Args={'value': 0, 'prev_value': None, 'change': True}
2023-02-15 09:47:47,440 : INFO : EventManager : Event: ======'machine_var_audits_switches_s_multiplier_left'====== Args={'value': 0, 'prev_value': None, 'change': True}
2023-02-15 09:47:47,440 : INFO : EventManager : Event: ======'machine_var_audits_switches_s_multiplier_middle'====== Args={'value': 0, 'prev_value': None, 'change': True}
2023-02-15 09:47:47,441 : INFO : EventManager : Event: ======'machine_var_audits_switches_s_multiplier_right'====== Args={'value': 0, 'prev_value': None, 'change': True}
2023-02-15 09:47:47,441 : INFO : EventManager : Event: ======'machine_var_audits_switches_s_plunger'====== Args={'value': 63, 'prev_value': None, 'change': True}
2023-02-15 09:47:47,441 : INFO : EventManager : Event: ======'machine_var_audits_switches_s_radiationspot_1'====== Args={'value': 0, 'prev_value': None, 'change': True}
2023-02-15 09:47:47,442 : INFO : EventManager : Event: ======'machine_var_audits_switches_s_radiationspot_2'====== Args={'value': 0, 'prev_value': None, 'change': True}
2023-02-15 09:47:47,442 : INFO : EventManager : Event: ======'machine_var_audits_switches_s_radiationspot_3'====== Args={'value': 0, 'prev_value': None, 'change': True}
2023-02-15 09:47:47,443 : INFO : EventManager : Event: ======'machine_var_audits_switches_s_red_wormhole'====== Args={'value': 0, 'prev_value': None, 'change': True}
2023-02-15 09:47:47,443 : INFO : EventManager : Event: ======'machine_var_audits_switches_s_reentry_left'====== Args={'value': 357, 'prev_value': None, 'change': True}
2023-02-15 09:47:47,444 : INFO : EventManager : Event: ======'machine_var_audits_switches_s_reentry_middle'====== Args={'value': 88, 'prev_value': None, 'change': True}
2023-02-15 09:47:47,444 : INFO : EventManager : Event: ======'machine_var_audits_switches_s_reentry_right'====== Args={'value': 59, 'prev_value': None, 'change': True}
2023-02-15 09:47:47,445 : INFO : EventManager : Event: ======'machine_var_audits_switches_s_right_flipper'====== Args={'value': 183, 'prev_value': None, 'change': True}
2023-02-15 09:47:47,445 : INFO : EventManager : Event: ======'machine_var_audits_switches_s_right_inlane'====== Args={'value': 0, 'prev_value': None, 'change': True}
2023-02-15 09:47:47,446 : INFO : EventManager : Event: ======'machine_var_audits_switches_s_right_out_lane'====== Args={'value': 0, 'prev_value': None, 'change': True}
2023-02-15 09:47:47,446 : INFO : EventManager : Event: ======'machine_var_audits_switches_s_right_out_lane_kicker'====== Args={'value': 0, 'prev_value': None, 'change': True}
2023-02-15 09:47:47,447 : INFO : EventManager : Event: ======'machine_var_audits_switches_s_right_return_lane'====== Args={'value': 0, 'prev_value': None, 'change': True}
2023-02-15 09:47:47,447 : INFO : EventManager : Event: ======'machine_var_audits_switches_s_satellite_bumper'====== Args={'value': 0, 'prev_value': None, 'change': True}
2023-02-15 09:47:47,447 : INFO : EventManager : Event: ======'machine_var_audits_switches_s_secondary_outlane_kicker'====== Args={'value': 0, 'prev_value': None, 'change': True}
2023-02-15 09:47:47,448 : INFO : EventManager : Event: ======'machine_var_audits_switches_s_skill_shot_1'====== Args={'value': 0, 'prev_value': None, 'change': True}
2023-02-15 09:47:47,448 : INFO : EventManager : Event: ======'machine_var_audits_switches_s_skill_shot_2'====== Args={'value': 0, 'prev_value': None, 'change': True}
2023-02-15 09:47:47,449 : INFO : EventManager : Event: ======'machine_var_audits_switches_s_skill_shot_3'====== Args={'value': 0, 'prev_value': None, 'change': True}
2023-02-15 09:47:47,449 : INFO : EventManager : Event: ======'machine_var_audits_switches_s_skill_shot_4'====== Args={'value': 0, 'prev_value': None, 'change': True}
2023-02-15 09:47:47,449 : INFO : EventManager : Event: ======'machine_var_audits_switches_s_skill_shot_5'====== Args={'value': 0, 'prev_value': None, 'change': True}
2023-02-15 09:47:47,450 : INFO : EventManager : Event: ======'machine_var_audits_switches_s_skill_shot_6'====== Args={'value': 0, 'prev_value': None, 'change': True}
2023-02-15 09:47:47,450 : INFO : EventManager : Event: ======'machine_var_audits_switches_s_skill_shot_lane'====== Args={'value': 0, 'prev_value': None, 'change': True}
2023-02-15 09:47:47,450 : INFO : EventManager : Event: ======'machine_var_audits_switches_s_spacewarp_rollover'====== Args={'value': 0, 'prev_value': None, 'change': True}
2023-02-15 09:47:47,451 : INFO : EventManager : Event: ======'machine_var_audits_switches_s_start'====== Args={'value': 1, 'prev_value': None, 'change': True}
2023-02-15 09:47:47,451 : INFO : EventManager : Event: ======'machine_var_audits_switches_s_trough1'====== Args={'value': 27, 'prev_value': None, 'change': True}
2023-02-15 09:47:47,451 : INFO : EventManager : Event: ======'machine_var_audits_switches_s_trough2'====== Args={'value': 0, 'prev_value': None, 'change': True}
2023-02-15 09:47:47,452 : INFO : EventManager : Event: ======'machine_var_audits_switches_s_trough3'====== Args={'value': 0, 'prev_value': None, 'change': True}
2023-02-15 09:47:47,452 : INFO : EventManager : Event: ======'machine_var_audits_switches_s_trough4'====== Args={'value': 0, 'prev_value': None, 'change': True}
2023-02-15 09:47:47,452 : INFO : EventManager : Event: ======'machine_var_audits_switches_s_trough5'====== Args={'value': 0, 'prev_value': None, 'change': True}
2023-02-15 09:47:47,453 : INFO : EventManager : Event: ======'machine_var_audits_switches_s_trough6'====== Args={'value': 0, 'prev_value': None, 'change': True}
2023-02-15 09:47:47,453 : INFO : EventManager : Event: ======'machine_var_audits_switches_s_trough_jam'====== Args={'value': 0, 'prev_value': None, 'change': True}
2023-02-15 09:47:47,454 : INFO : EventManager : Event: ======'machine_var_audits_switches_s_upper_attack_bumper'====== Args={'value': 0, 'prev_value': None, 'change': True}
2023-02-15 09:47:47,454 : INFO : EventManager : Event: ======'machine_var_audits_switches_s_upper_left_rebound'====== Args={'value': 0, 'prev_value': None, 'change': True}
2023-02-15 09:47:47,455 : INFO : EventManager : Event: ======'machine_var_audits_switches_s_upper_right_rebound'====== Args={'value': 0, 'prev_value': None, 'change': True}
2023-02-15 09:47:47,455 : INFO : EventManager : Event: ======'machine_var_audits_switches_s_wormhole_target'====== Args={'value': 0, 'prev_value': None, 'change': True}
2023-02-15 09:47:47,456 : INFO : EventManager : Event: ======'machine_var_audits_switches_s_yellow_wormhole'====== Args={'value': 0, 'prev_value': None, 'change': True}
2023-02-15 09:47:47,457 : INFO : EventManager : Event: ======'init_phase_5'====== Args={}
2023-02-15 09:47:47,469 : INFO : EventManager : Event: ======'init_done'====== Args={}
2023-02-15 09:47:47,469 : INFO : EventManager : Event: ======'machine_reset_phase_1'====== Args={}
2023-02-15 09:47:47,480 : INFO : EventManager : Event: ======'slide_welcome_slide_removed'====== Args={'_from_bcp': True}
2023-02-15 09:47:47,490 : INFO : EventManager : Event: ======'slide_welcome_slide_created'====== Args={'_from_bcp': True}
2023-02-15 09:47:47,493 : INFO : EventManager : Event: ======'machine_reset_phase_2'====== Args={}
2023-02-15 09:47:47,493 : INFO : EventManager : Event: ======'machine_reset_phase_3'====== Args={}
2023-02-15 09:47:47,494 : INFO : EventManager : Event: ======'reset_complete'====== Args={}
2023-02-15 09:47:47,494 : INFO : EventManager : Event: ======'mode_attract_will_start'====== Args={}
2023-02-15 09:47:47,496 : INFO : EventManager : Event: ======'mode_attract_starting'====== Args={}
2023-02-15 09:47:47,496 : INFO : Mode.attract : Started. Priority: 10
2023-02-15 09:47:47,496 : INFO : EventManager : Event: ======'modes_active_modes_changed'====== Args={}
2023-02-15 09:47:47,496 : INFO : EventManager : Event: ======'mode_attract_started'====== Args={}
2023-02-15 09:47:47,499 : INFO : EventManager : Event: ======'collecting_balls_complete'====== Args={}
2023-02-15 09:47:47,522 : INFO : EventManager : Event: ======'slide_welcome_slide_active'====== Args={'_from_bcp': True}
2023-02-15 09:47:47,523 : INFO : EventManager : Event: ======'slide_awesome_slide_created'====== Args={'_from_bcp': True}
2023-02-15 09:47:47,523 : INFO : EventManager : Event: ======'slide_awesome_slide_active'====== Args={'_from_bcp': True}
2023-02-15 09:47:47,523 : INFO : Machine : Starting the main run loop.
2023-02-15 09:47:47,523 : INFO : BcpServer : New client connected.
2023-02-15 09:47:49,778 : INFO : SwitchController : <<<<<<< 's_start' active >>>>>>>
2023-02-15 09:47:49,925 : INFO : SwitchController : <<<<<<< 's_start' inactive >>>>>>>
2023-02-15 09:47:49,925 : INFO : EventManager : Event: ======'request_to_start_game'====== Args={}
2023-02-15 09:47:49,927 : INFO : EventManager : Event: ======'game_start'====== Args={'buttons': [], 'hold_time': 0.1400000000012369}
2023-02-15 09:47:49,928 : INFO : EventManager : Event: ======'mode_game_will_start'====== Args={'buttons': [], 'hold_time': 0.1400000000012369}
2023-02-15 09:47:49,929 : INFO : EventManager : Event: ======'mode_game_starting'====== Args={'buttons': [], 'hold_time': 0.1400000000012369}
2023-02-15 09:47:49,929 : INFO : EventManager : Event: ======'mode_attract_will_stop'====== Args={}
2023-02-15 09:47:49,930 : INFO : EventManager : Event: ======'mode_attract_stopping'====== Args={}
2023-02-15 09:47:49,930 : INFO : Mode.attract : Stopped.
2023-02-15 09:47:49,930 : INFO : EventManager : Event: ======'modes_active_modes_changed'====== Args={}
2023-02-15 09:47:49,931 : INFO : EventManager : Event: ======'mode_attract_stopped'====== Args={}
2023-02-15 09:47:49,931 : INFO : EventManager : Event: ======'clear'====== Args={'key': 'attract'}
2023-02-15 09:47:49,931 : INFO : Mode.game : Started. Priority: 20
2023-02-15 09:47:49,931 : INFO : EventManager : Event: ======'modes_active_modes_changed'====== Args={}
2023-02-15 09:47:49,932 : INFO : EventManager : Event: ======'mode_game_started'====== Args={'buttons': [], 'hold_time': 0.1400000000012369}
2023-02-15 09:47:49,936 : INFO : EventManager : Event: ======'game_will_start'====== Args={}
2023-02-15 09:47:49,937 : INFO : EventManager : Event: ======'slide_awesome_slide_removed'====== Args={'_from_bcp': True}
2023-02-15 09:47:49,937 : INFO : EventManager : Event: ======'slide_welcome_slide_active'====== Args={'_from_bcp': True}
2023-02-15 09:47:49,938 : INFO : EventManager : Event: ======'game_starting'====== Args={'game': <Mode.game>}
2023-02-15 09:47:49,938 : INFO : EventManager : Event: ======'player_add_request'====== Args={}
2023-02-15 09:47:49,939 : INFO : EventManager : Event: ======'player_will_add'====== Args={'number': 1}
2023-02-15 09:47:49,939 : INFO : EventManager : Event: ======'player_adding'====== Args={'player': <Player 1>, 'number': 1}
2023-02-15 09:47:49,939 : INFO : EventManager : Event: ======'player_added'====== Args={'player': <Player 1>, 'num': 1}
2023-02-15 09:47:49,939 : INFO : Mode.game : Player added successfully. Total players: 1
2023-02-15 09:47:49,940 : INFO : EventManager : Event: ======'player_index'====== Args={'value': 0, 'prev_value': 0, 'change': 0, 'player_num': 1}
2023-02-15 09:47:49,940 : INFO : EventManager : Event: ======'player_number'====== Args={'value': 1, 'prev_value': 1, 'change': 0, 'player_num': 1}
2023-02-15 09:47:49,940 : INFO : EventManager : Event: ======'player_score'====== Args={'value': 0, 'prev_value': 0, 'change': 0, 'player_num': 1}
2023-02-15 09:47:49,941 : INFO : EventManager : Event: ======'game_started'====== Args={}
2023-02-15 09:47:49,955 : INFO : EventManager : Event: ======'player_turn_will_start'====== Args={'player': <Player 1>, 'number': 1}
2023-02-15 09:47:49,956 : INFO : EventManager : Event: ======'player_turn_starting'====== Args={'player': <Player 1>, 'number': 1}
2023-02-15 09:47:49,956 : INFO : EventManager : Event: ======'player_ball'====== Args={'value': 1, 'prev_value': 0, 'change': 1, 'player_num': 1}
2023-02-15 09:47:49,957 : INFO : EventManager : Event: ======'player_turn_started'====== Args={'player': <Player 1>, 'number': 1}
2023-02-15 09:47:49,958 : INFO : EventManager : Event: ======'ball_will_start'====== Args={'player': 1, 'ball': 1, 'balls_remaining': 2, 'is_extra_ball': False}
2023-02-15 09:47:49,960 : INFO : EventManager : Event: ======'ball_starting'====== Args={'player': 1, 'ball': 1, 'balls_remaining': 2, 'is_extra_ball': False}
2023-02-15 09:47:49,961 : INFO : EventManager : Event: ======'mode_base_will_start'====== Args={'queue': <QueuedEvent>, 'player': 1, 'ball': 1, 'balls_remaining': 2, 'is_extra_ball': False}
2023-02-15 09:47:49,961 : INFO : EventManager : Event: ======'player_shot_my_first_shot_enabled'====== Args={'value': True, 'prev_value': 0, 'change': 1, 'player_num': 1}
2023-02-15 09:47:49,962 : INFO : EventManager : Event: ======'mode_base_starting'====== Args={'queue': <QueuedEvent>, 'player': 1, 'ball': 1, 'balls_remaining': 2, 'is_extra_ball': False}
2023-02-15 09:47:49,962 : INFO : Mode.base : Started. Priority: 100
2023-02-15 09:47:49,962 : INFO : EventManager : Event: ======'modes_active_modes_changed'====== Args={}
2023-02-15 09:47:49,962 : INFO : EventManager : Event: ======'mode_base_started'====== Args={'queue': <QueuedEvent>, 'player': 1, 'ball': 1, 'balls_remaining': 2, 'is_extra_ball': False}
2023-02-15 09:47:49,963 : INFO : EventManager : Event: ======'balls_in_play'====== Args={'balls': 1}
2023-02-15 09:47:49,963 : INFO : EventManager : Event: ======'ball_started'====== Args={'player': 1, 'ball': 1, 'balls_remaining': 2, 'is_extra_ball': False}
2023-02-15 09:47:49,983 : INFO : EventManager : Event: ======'single_player_ball_started'====== Args={}
2023-02-15 09:47:49,983 : INFO : EventManager : Event: ======'slide_base.slide_player-mode_base_started_created'====== Args={'_from_bcp': True}
2023-02-15 09:47:49,984 : INFO : EventManager : Event: ======'ball_start_target'====== Args={'target': 'playfield'}
2023-02-15 09:47:49,984 : INFO : ball_device.bd_plunger : Setting up player-controlled eject. Balls: 1, Target: <playfield.playfield>, player_controlled_eject_event: None
2023-02-15 09:47:49,985 : INFO : EventManager : Event: ======'balldevice_balls_available'====== Args={}
2023-02-15 09:47:49,985 : INFO : EventManager : Event: ======'slide__global.slide_player-ball_started_created'====== Args={'_from_bcp': True}
2023-02-15 09:47:49,986 : INFO : ball_device.bd_trough : State: waiting_for_target_ready
2023-02-15 09:47:49,986 : INFO : EventManager : Event: ======'balldevice_bd_trough_ball_eject_attempt'====== Args={'balls': 1, 'target': <ball_device.bd_plunger>, 'source': <ball_device.bd_trough>, 'mechanical_eject': True, 'num_attempts': 0}
2023-02-15 09:47:49,986 : INFO : ball_device.bd_plunger : State: waiting_for_ball
2023-02-15 09:47:49,987 : INFO : EventManager : Event: ======'slide_base.slide_player-mode_base_started_active'====== Args={'_from_bcp': True}
2023-02-15 09:47:49,987 : INFO : ball_device.bd_trough : State: ejecting
2023-02-15 09:47:49,988 : INFO : ball_device.bd_trough : Ejecting ball to <ball_device.bd_plunger>
2023-02-15 09:47:49,988 : INFO : EventManager : Event: ======'balldevice_bd_trough_ejecting_ball'====== Args={'balls': 1, 'target': <ball_device.bd_plunger>, 'source': <ball_device.bd_trough>, 'mechanical_eject': True, 'num_attempts': 0}
2023-02-15 09:47:49,988 : INFO : ball_device.bd_trough : Wait for ball to leave device
2023-02-15 09:47:49,989 : INFO : coil.c_trough_eject : Pulsing Driver for 10ms (1.0 pulse_power)
2023-02-15 09:47:51,054 : INFO : EventManager : Event: ======'reentry_start'====== Args={'_from_bcp': True}
2023-02-15 09:47:51,056 : INFO : EventManager : Event: ======'mode_reentry_will_start'====== Args={}
2023-02-15 09:47:51,058 : INFO : EventManager : Event: ======'player_shot_reentryL_shot_enabled'====== Args={'value': True, 'prev_value': 0, 'change': 1, 'player_num': 1}
2023-02-15 09:47:51,060 : INFO : EventManager : Event: ======'player_shot_reentryM_shot_enabled'====== Args={'value': True, 'prev_value': 0, 'change': 1, 'player_num': 1}
2023-02-15 09:47:51,062 : INFO : EventManager : Event: ======'player_shot_reentryR_shot_enabled'====== Args={'value': True, 'prev_value': 0, 'change': 1, 'player_num': 1}
2023-02-15 09:47:51,064 : INFO : EventManager : Event: ======'reentry_shot_complete'====== Args={'state': 'off'}
2023-02-15 09:47:51,065 : INFO : EventManager : Event: ======'reentry_shot_off_complete'====== Args={}
2023-02-15 09:47:51,069 : INFO : EventManager : Event: ======'mode_reentry_starting'====== Args={}
2023-02-15 09:47:51,070 : INFO : Mode.reentry : Started. Priority: 200
2023-02-15 09:47:51,071 : INFO : EventManager : Event: ======'modes_active_modes_changed'====== Args={}
2023-02-15 09:47:51,072 : INFO : EventManager : Event: ======'mode_reentry_started'====== Args={}
2023-02-15 09:47:55,019 : INFO : SwitchController : <<<<<<< 's_reentry_left' active >>>>>>>
2023-02-15 09:47:55,020 : INFO : EventManager : Event: ======'playfield_active'====== Args={}
2023-02-15 09:47:55,021 : INFO : EventManager : Event: ======'unexpected_ball_on_playfield'====== Args={}
2023-02-15 09:47:55,022 : INFO : EventManager : Event: ======'playfield_active'====== Args={}
2023-02-15 09:47:55,024 : INFO : EventManager : Event: ======'unexpected_ball_on_playfield'====== Args={}
2023-02-15 09:47:55,025 : INFO : EventManager : Event: ======'s_reentry_left_active'====== Args={}
2023-02-15 09:47:55,026 : INFO : EventManager : Event: ======'sw_playfield_active'====== Args={}
2023-02-15 09:47:55,028 : INFO : EventManager : Event: ======'machine_var_audits_switches_s_reentry_left'====== Args={'value': 358, 'prev_value': 357, 'change': 1}
2023-02-15 09:47:55,031 : INFO : EventManager : Event: ======'player_shot_reentryL_shot'====== Args={'value': 1, 'prev_value': 0, 'change': 1, 'player_num': 1}
2023-02-15 09:47:55,032 : ERROR : asyncio : Exception in callback EventManager.process_event_queue()
handle: <Handle EventManager.process_event_queue()>
Traceback (most recent call last):
  File "c:\users\student\mpfenv\lib\site-packages\mpf\core\show_controller.py", line 128, in replace_or_advance_show
    show_obj = self.machine.shows[config.name]
KeyError: 'yellow'

During handling of the above exception, another exception occurred:

Traceback (most recent call last):
  File "c:\users\student\mpfenv\lib\site-packages\mpf\core\events.py", line 695, in _run_handlers
    result = handler.callback(**merged_kwargs)
  File "c:\users\student\mpfenv\lib\site-packages\mpf\devices\shot.py", line 274, in event_hit
    success = self.hit()
  File "c:\users\student\mpfenv\lib\site-packages\mpf\devices\shot.py", line 313, in hit
    advancing = self.advance()
  File "c:\users\student\mpfenv\lib\site-packages\mpf\devices\shot.py", line 134, in advance
    self._update_show()
  File "c:\users\student\mpfenv\lib\site-packages\mpf\devices\shot.py", line 203, in _update_show
    self._play_show(settings=state_settings)
  File "c:\users\student\mpfenv\lib\site-packages\mpf\devices\shot.py", line 258, in _play_show
    start_step)
  File "c:\users\student\mpfenv\lib\site-packages\mpf\core\show_controller.py", line 131, in replace_or_advance_show
    "name.".format(config.name))
KeyError: "Cannot play show 'yellow'. No show with that name."

The above exception was the direct cause of the following exception:

Traceback (most recent call last):
  File "C:\Program Files\Python37\lib\asyncio\events.py", line 88, in _run
    self._context.run(self._callback, *self._args)
  File "c:\users\student\mpfenv\lib\site-packages\mpf\core\events.py", line 782, in process_event_queue
    **event[3])
  File "c:\users\student\mpfenv\lib\site-packages\mpf\core\events.py", line 741, in _process_event
    result = self._run_handlers(event, ev_type, kwargs)
  File "c:\users\student\mpfenv\lib\site-packages\mpf\core\events.py", line 697, in _run_handlers
    raise Exception("Exception while processing {} for event {}. {}".format(handler, event, e)) from e
Exception: Exception while processing RegisteredHandler(callback=<bound method Shot.event_hit of <shot.reentryL_shot>>, priority=205, kwargs={}, key=UUID('f9e53329-54d3-4834-90f6-edfa4728826d'), condition=None, blocking_facility='shot') for event s_reentry_left_active. "Cannot play show 'yellow'. No show with that name."
2023-02-15 09:47:55,075 : INFO : Machine : Shutting down...
2023-02-15 09:47:55,075 : INFO : EventManager : Event: ======'shutdown'====== Args={}
2023-02-15 09:47:55,077 : ERROR : Machine : Runtime Exception
Traceback (most recent call last):
  File "c:\users\student\mpfenv\lib\site-packages\mpf\core\show_controller.py", line 128, in replace_or_advance_show
    show_obj = self.machine.shows[config.name]
KeyError: 'yellow'

During handling of the above exception, another exception occurred:

Traceback (most recent call last):
  File "c:\users\student\mpfenv\lib\site-packages\mpf\core\events.py", line 695, in _run_handlers
    result = handler.callback(**merged_kwargs)
  File "c:\users\student\mpfenv\lib\site-packages\mpf\devices\shot.py", line 274, in event_hit
    success = self.hit()
  File "c:\users\student\mpfenv\lib\site-packages\mpf\devices\shot.py", line 313, in hit
    advancing = self.advance()
  File "c:\users\student\mpfenv\lib\site-packages\mpf\devices\shot.py", line 134, in advance
    self._update_show()
  File "c:\users\student\mpfenv\lib\site-packages\mpf\devices\shot.py", line 203, in _update_show
    self._play_show(settings=state_settings)
  File "c:\users\student\mpfenv\lib\site-packages\mpf\devices\shot.py", line 258, in _play_show
    start_step)
  File "c:\users\student\mpfenv\lib\site-packages\mpf\core\show_controller.py", line 131, in replace_or_advance_show
    "name.".format(config.name))
KeyError: "Cannot play show 'yellow'. No show with that name."

The above exception was the direct cause of the following exception:

Traceback (most recent call last):
  File "c:\users\student\mpfenv\lib\site-packages\mpf\core\machine.py", line 769, in _run_loop
    raise self._exception['exception']
  File "C:\Program Files\Python37\lib\asyncio\events.py", line 88, in _run
    self._context.run(self._callback, *self._args)
  File "c:\users\student\mpfenv\lib\site-packages\mpf\core\events.py", line 782, in process_event_queue
    **event[3])
  File "c:\users\student\mpfenv\lib\site-packages\mpf\core\events.py", line 741, in _process_event
    result = self._run_handlers(event, ev_type, kwargs)
  File "c:\users\student\mpfenv\lib\site-packages\mpf\core\events.py", line 697, in _run_handlers
    raise Exception("Exception while processing {} for event {}. {}".format(handler, event, e)) from e
Exception: Exception while processing RegisteredHandler(callback=<bound method Shot.event_hit of <shot.reentryL_shot>>, priority=205, kwargs={}, key=UUID('f9e53329-54d3-4834-90f6-edfa4728826d'), condition=None, blocking_facility='shot') for event s_reentry_left_active. "Cannot play show 'yellow'. No show with that name."
2023-02-15 09:48:08,075 : INFO : root : MPF run loop ended.
