2023-12-05 20:00:35,311 : INFO : root : Loading config.
2023-12-05 20:00:35,315 : INFO : YamlMultifileConfigLoader : Machine config file #1: config.yaml
2023-12-05 20:00:35,316 : INFO : ConfigProcessor : Loading config from cache: C:\Users\student\AppData\Local\Temp\f1427cd4cbc9163bc2263f349f0fb463.mpf_cache
2023-12-05 20:00:35,388 : INFO : ConfigProcessor : Loading config from cache: C:\Users\student\AppData\Local\Temp\32ed7ad340ce8029344f8b9ff63edc80.mpf_cache
2023-12-05 20:00:35,389 : INFO : ConfigProcessor : Loading config from cache: C:\Users\student\AppData\Local\Temp\8696bd5a5a040ff67990be11cb4d3c0c.mpf_cache
2023-12-05 20:00:35,390 : INFO : ConfigProcessor : Loading config from cache: C:\Users\student\AppData\Local\Temp\4675a535c8328a9c278c807d999ed109.mpf_cache
2023-12-05 20:00:35,390 : INFO : ConfigProcessor : Loading config from cache: C:\Users\student\AppData\Local\Temp\0c8438cab3480347c0c749fa494946a2.mpf_cache
2023-12-05 20:00:35,391 : WARNING : ConfigProcessor : Config file in cache changed: C:\Users\student\pinball\cobraPinTest1\modes\medal\config\medal.yaml
2023-12-05 20:00:35,391 : INFO : ConfigProcessor : Loading config from file C:\Users\student\pinball\cobraPinTest1\modes\medal\config\medal.yaml.
2023-12-05 20:00:35,407 : INFO : ConfigProcessor : Loading config: C:\Users\student\pinball\cobraPinTest1\modes\medal\config\medal.yaml
2023-12-05 20:00:35,407 : INFO : ConfigProcessor : Config file cache created: C:\Users\student\AppData\Local\Temp\edae2e0e7aeda847f5007d89f37fc8de.mpf_cache
2023-12-05 20:00:35,408 : INFO : ConfigProcessor : Loading config from cache: C:\Users\student\AppData\Local\Temp\f8d2c2cf3ea01f085365ea23fa51a701.mpf_cache
2023-12-05 20:00:35,409 : INFO : ConfigProcessor : Loading config from cache: C:\Users\student\AppData\Local\Temp\30bd992f4b62a9b099207aebeb59554c.mpf_cache
2023-12-05 20:00:35,410 : INFO : Machine : Mission Pinball Framework Core Engine v0.55.0
2023-12-05 20:00:35,410 : INFO : Machine : Command line arguments: {'no_load_cache': False, 'create_config_cache': True, 'bcp': True, 'configfile': ['config.yaml'], 'force_assets_load': False, 'jsonlogging': False, 'logfile': 'logs\\2023-12-05-20-00-35-mpf-DESKTOP-0JH7ARL.log', 'pause': False, 'production': False, 'text_ui': True, 'loglevel': 15, 'consoleloglevel': 20, 'force_platform': None, 'syslog_address': None, 'mc_file_name': None, 'no_sound': False}
2023-12-05 20:00:35,410 : INFO : Machine : MPF path: c:\users\student\mpfenv\lib\site-packages\mpf
2023-12-05 20:00:35,410 : INFO : Machine : Machine path: C:\Users\student\pinball\cobraPinTest1
2023-12-05 20:00:35,410 : INFO : Machine : Platform: win32
2023-12-05 20:00:35,410 : INFO : Machine : Python executable location: c:\users\student\mpfenv\scripts\python.exe
2023-12-05 20:00:35,410 : INFO : Machine : Python version: 3.7.8 (64-bit)
2023-12-05 20:00:35,412 : INFO : Machine : Initialise MPF.
2023-12-05 20:00:35,702 : INFO : EventManager : Event: ======'machine_var_credits_string'====== Args={'value': 'FREE PLAY', 'prev_value': None, 'change': True}
2023-12-05 20:00:35,741 : INFO : EventManager : Event: ======'machine_var_master_volume'====== Args={'value': 0.5, 'prev_value': None, 'change': True}
2023-12-05 20:00:35,741 : INFO : EventManager : Event: ======'machine_var_player1_score'====== Args={'value': 1500, 'prev_value': None, 'change': True}
2023-12-05 20:00:35,741 : INFO : EventManager : Event: ======'machine_var_mpf_version'====== Args={'value': 'MPF v0.55.0', 'prev_value': None, 'change': True}
2023-12-05 20:00:35,741 : INFO : EventManager : Event: ======'machine_var_mpf_extended_version'====== Args={'value': 'MPF v0.55.0, Config version:5, Show version: 5, BCP version:1.1', 'prev_value': None, 'change': True}
2023-12-05 20:00:35,741 : INFO : EventManager : Event: ======'machine_var_python_version'====== Args={'value': '3.7.8', 'prev_value': None, 'change': True}
2023-12-05 20:00:35,741 : INFO : EventManager : Event: ======'machine_var_platform'====== Args={'value': 'Windows-10-10.0.19041-SP0', 'prev_value': None, 'change': True}
2023-12-05 20:00:35,741 : INFO : EventManager : Event: ======'machine_var_platform_system'====== Args={'value': 'Windows', 'prev_value': None, 'change': True}
2023-12-05 20:00:35,742 : INFO : EventManager : Event: ======'machine_var_platform_release'====== Args={'value': '10', 'prev_value': None, 'change': True}
2023-12-05 20:00:35,742 : INFO : EventManager : Event: ======'machine_var_platform_version'====== Args={'value': '10.0.19041', 'prev_value': None, 'change': True}
2023-12-05 20:00:35,742 : INFO : EventManager : Event: ======'machine_var_platform_machine'====== Args={'value': 'AMD64', 'prev_value': None, 'change': True}
2023-12-05 20:00:35,742 : INFO : EventManager : Event: ======'init_phase_1'====== Args={}
2023-12-05 20:00:35,759 : INFO : EventManager : Event: ======'init_phase_2'====== Args={}
2023-12-05 20:00:35,759 : INFO : SwitchController : Found active switch: ('0-0-8', <Platform.Virtual>) <switch.s_trough1>
2023-12-05 20:00:35,763 : INFO : EventManager : Event: ======'bcp_connection_attempt'====== Args={'name': 'local_display', 'host': 'localhost', 'port': 5050}
2023-12-05 20:00:35,764 : INFO : BCPClientSocket : Connecting BCP to 'local_display' at localhost:5050...
2023-12-05 20:00:37,810 : INFO : BCPClientSocket : Connected BCP to 'local_display' localhost:5050
2023-12-05 20:00:37,812 : INFO : EventManager : Event: ======'bcp_clients_connected'====== Args={}
2023-12-05 20:00:37,820 : INFO : ball_device.bd_trough : BCH: Initial count: 1
2023-12-05 20:00:37,821 : INFO : EventManager : Event: ======'machine_var_mc_version'====== Args={'value': 'MPF-MC v0.55.0', 'prev_value': None, 'change': True}
2023-12-05 20:00:37,821 : INFO : EventManager : Event: ======'machine_var_mc_extended_version'====== Args={'value': 'MPF-MC v0.55.0 (config_version=5, BCP v1.1, Requires MPF v0.55.0-dev.49)', 'prev_value': None, 'change': True}
2023-12-05 20:00:37,823 : INFO : ball_device.bd_trough : State: idle
2023-12-05 20:00:37,835 : INFO : ball_device.bd_plunger : BCH: Initial count: 0
2023-12-05 20:00:37,836 : INFO : ball_device.bd_plunger : State: idle
2023-12-05 20:00:37,898 : INFO : EventManager : Event: ======'init_phase_3'====== Args={}
2023-12-05 20:00:37,903 : INFO : EventManager : Event: ======'init_phase_4'====== Args={}
2023-12-05 20:00:37,904 : INFO : BallController : Initial balls found: 1
2023-12-05 20:00:37,905 : INFO : EventManager : Event: ======'machine_var_audits_events_game_ended'====== Args={'value': 0, 'prev_value': None, 'change': True}
2023-12-05 20:00:37,905 : INFO : EventManager : Event: ======'machine_var_audits_events_game_started'====== Args={'value': 0, 'prev_value': None, 'change': True}
2023-12-05 20:00:37,905 : INFO : EventManager : Event: ======'machine_var_audits_player_score'====== Args={'value': {'average': 1800.0, 'top': [2000, 1900, 1500], 'total': 3}, 'prev_value': None, 'change': True}
2023-12-05 20:00:37,905 : INFO : EventManager : Event: ======'machine_var_audits_shots_medalL_shot'====== Args={'value': 74, 'prev_value': None, 'change': True}
2023-12-05 20:00:37,906 : INFO : EventManager : Event: ======'machine_var_audits_shots_medalM_shot'====== Args={'value': 71, 'prev_value': None, 'change': True}
2023-12-05 20:00:37,906 : INFO : EventManager : Event: ======'machine_var_audits_shots_medalR_shot'====== Args={'value': 72, 'prev_value': None, 'change': True}
2023-12-05 20:00:37,906 : INFO : EventManager : Event: ======'machine_var_audits_shots_my_first_shot'====== Args={'value': 119, 'prev_value': None, 'change': True}
2023-12-05 20:00:37,906 : INFO : EventManager : Event: ======'machine_var_audits_shots_my_first_shot_mode2'====== Args={'value': 72, 'prev_value': None, 'change': True}
2023-12-05 20:00:37,906 : INFO : EventManager : Event: ======'machine_var_audits_shots_reentryL_shot'====== Args={'value': 397, 'prev_value': None, 'change': True}
2023-12-05 20:00:37,907 : INFO : EventManager : Event: ======'machine_var_audits_shots_reentryM_shot'====== Args={'value': 373, 'prev_value': None, 'change': True}
2023-12-05 20:00:37,907 : INFO : EventManager : Event: ======'machine_var_audits_shots_reentryR_shot'====== Args={'value': 341, 'prev_value': None, 'change': True}
2023-12-05 20:00:37,908 : INFO : EventManager : Event: ======'machine_var_audits_shots_reentry_shot'====== Args={'value': 9, 'prev_value': None, 'change': True}
2023-12-05 20:00:37,909 : INFO : EventManager : Event: ======'machine_var_audits_shots_top_lane_A'====== Args={'value': 12, 'prev_value': None, 'change': True}
2023-12-05 20:00:37,909 : INFO : EventManager : Event: ======'machine_var_audits_shots_top_lane_J'====== Args={'value': 12, 'prev_value': None, 'change': True}
2023-12-05 20:00:37,909 : INFO : EventManager : Event: ======'machine_var_audits_shots_top_lane_M'====== Args={'value': 9, 'prev_value': None, 'change': True}
2023-12-05 20:00:37,909 : INFO : EventManager : Event: ======'machine_var_audits_switches_s_blackhole_kicker'====== Args={'value': 0, 'prev_value': None, 'change': True}
2023-12-05 20:00:37,910 : INFO : EventManager : Event: ======'machine_var_audits_switches_s_bonus_lane'====== Args={'value': 0, 'prev_value': None, 'change': True}
2023-12-05 20:00:37,910 : INFO : EventManager : Event: ======'machine_var_audits_switches_s_booster_drop_target_1'====== Args={'value': 0, 'prev_value': None, 'change': True}
2023-12-05 20:00:37,910 : INFO : EventManager : Event: ======'machine_var_audits_switches_s_booster_drop_target_2'====== Args={'value': 0, 'prev_value': None, 'change': True}
2023-12-05 20:00:37,910 : INFO : EventManager : Event: ======'machine_var_audits_switches_s_booster_drop_target_3'====== Args={'value': 0, 'prev_value': None, 'change': True}
2023-12-05 20:00:37,911 : INFO : EventManager : Event: ======'machine_var_audits_switches_s_comet_spot_1'====== Args={'value': 0, 'prev_value': None, 'change': True}
2023-12-05 20:00:37,911 : INFO : EventManager : Event: ======'machine_var_audits_switches_s_comet_spot_2'====== Args={'value': 0, 'prev_value': None, 'change': True}
2023-12-05 20:00:37,911 : INFO : EventManager : Event: ======'machine_var_audits_switches_s_comet_spot_3'====== Args={'value': 0, 'prev_value': None, 'change': True}
2023-12-05 20:00:37,911 : INFO : EventManager : Event: ======'machine_var_audits_switches_s_engine_bumper_1'====== Args={'value': 0, 'prev_value': None, 'change': True}
2023-12-05 20:00:37,912 : INFO : EventManager : Event: ======'machine_var_audits_switches_s_engine_bumper_2'====== Args={'value': 0, 'prev_value': None, 'change': True}
2023-12-05 20:00:37,912 : INFO : EventManager : Event: ======'machine_var_audits_switches_s_engine_bumper_3'====== Args={'value': 0, 'prev_value': None, 'change': True}
2023-12-05 20:00:37,913 : INFO : EventManager : Event: ======'machine_var_audits_switches_s_fuel_chute_1'====== Args={'value': 0, 'prev_value': None, 'change': True}
2023-12-05 20:00:37,913 : INFO : EventManager : Event: ======'machine_var_audits_switches_s_fuel_chute_2'====== Args={'value': 0, 'prev_value': None, 'change': True}
2023-12-05 20:00:37,913 : INFO : EventManager : Event: ======'machine_var_audits_switches_s_fuel_chute_3'====== Args={'value': 0, 'prev_value': None, 'change': True}
2023-12-05 20:00:37,914 : INFO : EventManager : Event: ======'machine_var_audits_switches_s_fuel_chute_4'====== Args={'value': 0, 'prev_value': None, 'change': True}
2023-12-05 20:00:37,914 : INFO : EventManager : Event: ======'machine_var_audits_switches_s_fuel_chute_5'====== Args={'value': 0, 'prev_value': None, 'change': True}
2023-12-05 20:00:37,914 : INFO : EventManager : Event: ======'machine_var_audits_switches_s_fuel_chute_6'====== Args={'value': 0, 'prev_value': None, 'change': True}
2023-12-05 20:00:37,914 : INFO : EventManager : Event: ======'machine_var_audits_switches_s_fuel_flag'====== Args={'value': 0, 'prev_value': None, 'change': True}
2023-12-05 20:00:37,915 : INFO : EventManager : Event: ======'machine_var_audits_switches_s_fuel_spot_1'====== Args={'value': 0, 'prev_value': None, 'change': True}
2023-12-05 20:00:37,915 : INFO : EventManager : Event: ======'machine_var_audits_switches_s_fuel_spot_2'====== Args={'value': 0, 'prev_value': None, 'change': True}
2023-12-05 20:00:37,915 : INFO : EventManager : Event: ======'machine_var_audits_switches_s_fuel_spot_3'====== Args={'value': 0, 'prev_value': None, 'change': True}
2023-12-05 20:00:37,915 : INFO : EventManager : Event: ======'machine_var_audits_switches_s_green_wormhole'====== Args={'value': 0, 'prev_value': None, 'change': True}
2023-12-05 20:00:37,916 : INFO : EventManager : Event: ======'machine_var_audits_switches_s_hyperspace_flag'====== Args={'value': 0, 'prev_value': None, 'change': True}
2023-12-05 20:00:37,916 : INFO : EventManager : Event: ======'machine_var_audits_switches_s_hyperspacekicker'====== Args={'value': 0, 'prev_value': None, 'change': True}
2023-12-05 20:00:37,916 : INFO : EventManager : Event: ======'machine_var_audits_switches_s_launch_lane_1'====== Args={'value': 0, 'prev_value': None, 'change': True}
2023-12-05 20:00:37,916 : INFO : EventManager : Event: ======'machine_var_audits_switches_s_launch_lane_2'====== Args={'value': 0, 'prev_value': None, 'change': True}
2023-12-05 20:00:37,917 : INFO : EventManager : Event: ======'machine_var_audits_switches_s_launch_lane_3'====== Args={'value': 0, 'prev_value': None, 'change': True}
2023-12-05 20:00:37,917 : INFO : EventManager : Event: ======'machine_var_audits_switches_s_launch_ramp'====== Args={'value': 0, 'prev_value': None, 'change': True}
2023-12-05 20:00:37,917 : INFO : EventManager : Event: ======'machine_var_audits_switches_s_left_attack_bumper'====== Args={'value': 0, 'prev_value': None, 'change': True}
2023-12-05 20:00:37,918 : INFO : EventManager : Event: ======'machine_var_audits_switches_s_left_flipper'====== Args={'value': 467, 'prev_value': None, 'change': True}
2023-12-05 20:00:37,918 : INFO : EventManager : Event: ======'machine_var_audits_switches_s_left_out_lane'====== Args={'value': 0, 'prev_value': None, 'change': True}
2023-12-05 20:00:37,918 : INFO : EventManager : Event: ======'machine_var_audits_switches_s_left_out_lane_kicker'====== Args={'value': 0, 'prev_value': None, 'change': True}
2023-12-05 20:00:37,918 : INFO : EventManager : Event: ======'machine_var_audits_switches_s_left_return_lane'====== Args={'value': 0, 'prev_value': None, 'change': True}
2023-12-05 20:00:37,919 : INFO : EventManager : Event: ======'machine_var_audits_switches_s_lower_attack_bumper'====== Args={'value': 0, 'prev_value': None, 'change': True}
2023-12-05 20:00:37,919 : INFO : EventManager : Event: ======'machine_var_audits_switches_s_lower_left_rebound'====== Args={'value': 0, 'prev_value': None, 'change': True}
2023-12-05 20:00:37,920 : INFO : EventManager : Event: ======'machine_var_audits_switches_s_lower_left_slingshot'====== Args={'value': 0, 'prev_value': None, 'change': True}
2023-12-05 20:00:37,920 : INFO : EventManager : Event: ======'machine_var_audits_switches_s_lower_right_rebound'====== Args={'value': 0, 'prev_value': None, 'change': True}
2023-12-05 20:00:37,921 : INFO : EventManager : Event: ======'machine_var_audits_switches_s_lower_right_slingshot'====== Args={'value': 0, 'prev_value': None, 'change': True}
2023-12-05 20:00:37,921 : INFO : EventManager : Event: ======'machine_var_audits_switches_s_medal_drop_left'====== Args={'value': 88, 'prev_value': None, 'change': True}
2023-12-05 20:00:37,922 : INFO : EventManager : Event: ======'machine_var_audits_switches_s_medal_drop_middle'====== Args={'value': 85, 'prev_value': None, 'change': True}
2023-12-05 20:00:37,922 : INFO : EventManager : Event: ======'machine_var_audits_switches_s_medal_drop_right'====== Args={'value': 86, 'prev_value': None, 'change': True}
2023-12-05 20:00:37,923 : INFO : EventManager : Event: ======'machine_var_audits_switches_s_mission_spot_1'====== Args={'value': 0, 'prev_value': None, 'change': True}
2023-12-05 20:00:37,923 : INFO : EventManager : Event: ======'machine_var_audits_switches_s_mission_spot_2'====== Args={'value': 0, 'prev_value': None, 'change': True}
2023-12-05 20:00:37,924 : INFO : EventManager : Event: ======'machine_var_audits_switches_s_mission_spot_3'====== Args={'value': 0, 'prev_value': None, 'change': True}
2023-12-05 20:00:37,924 : INFO : EventManager : Event: ======'machine_var_audits_switches_s_multiplier_left'====== Args={'value': 0, 'prev_value': None, 'change': True}
2023-12-05 20:00:37,925 : INFO : EventManager : Event: ======'machine_var_audits_switches_s_multiplier_middle'====== Args={'value': 0, 'prev_value': None, 'change': True}
2023-12-05 20:00:37,925 : INFO : EventManager : Event: ======'machine_var_audits_switches_s_multiplier_right'====== Args={'value': 0, 'prev_value': None, 'change': True}
2023-12-05 20:00:37,926 : INFO : EventManager : Event: ======'machine_var_audits_switches_s_plunger'====== Args={'value': 124, 'prev_value': None, 'change': True}
2023-12-05 20:00:37,926 : INFO : EventManager : Event: ======'machine_var_audits_switches_s_radiationspot_1'====== Args={'value': 0, 'prev_value': None, 'change': True}
2023-12-05 20:00:37,927 : INFO : EventManager : Event: ======'machine_var_audits_switches_s_radiationspot_2'====== Args={'value': 0, 'prev_value': None, 'change': True}
2023-12-05 20:00:37,927 : INFO : EventManager : Event: ======'machine_var_audits_switches_s_radiationspot_3'====== Args={'value': 0, 'prev_value': None, 'change': True}
2023-12-05 20:00:37,928 : INFO : EventManager : Event: ======'machine_var_audits_switches_s_red_wormhole'====== Args={'value': 0, 'prev_value': None, 'change': True}
2023-12-05 20:00:37,928 : INFO : EventManager : Event: ======'machine_var_audits_switches_s_reentry_left'====== Args={'value': 752, 'prev_value': None, 'change': True}
2023-12-05 20:00:37,928 : INFO : EventManager : Event: ======'machine_var_audits_switches_s_reentry_middle'====== Args={'value': 447, 'prev_value': None, 'change': True}
2023-12-05 20:00:37,929 : INFO : EventManager : Event: ======'machine_var_audits_switches_s_reentry_right'====== Args={'value': 400, 'prev_value': None, 'change': True}
2023-12-05 20:00:37,929 : INFO : EventManager : Event: ======'machine_var_audits_switches_s_right_flipper'====== Args={'value': 191, 'prev_value': None, 'change': True}
2023-12-05 20:00:37,930 : INFO : EventManager : Event: ======'machine_var_audits_switches_s_right_inlane'====== Args={'value': 0, 'prev_value': None, 'change': True}
2023-12-05 20:00:37,930 : INFO : EventManager : Event: ======'machine_var_audits_switches_s_right_out_lane'====== Args={'value': 0, 'prev_value': None, 'change': True}
2023-12-05 20:00:37,930 : INFO : EventManager : Event: ======'machine_var_audits_switches_s_right_out_lane_kicker'====== Args={'value': 0, 'prev_value': None, 'change': True}
2023-12-05 20:00:37,931 : INFO : EventManager : Event: ======'machine_var_audits_switches_s_right_return_lane'====== Args={'value': 0, 'prev_value': None, 'change': True}
2023-12-05 20:00:37,931 : INFO : EventManager : Event: ======'machine_var_audits_switches_s_satellite_bumper'====== Args={'value': 0, 'prev_value': None, 'change': True}
2023-12-05 20:00:37,931 : INFO : EventManager : Event: ======'machine_var_audits_switches_s_secondary_outlane_kicker'====== Args={'value': 0, 'prev_value': None, 'change': True}
2023-12-05 20:00:37,932 : INFO : EventManager : Event: ======'machine_var_audits_switches_s_skill_shot_1'====== Args={'value': 0, 'prev_value': None, 'change': True}
2023-12-05 20:00:37,932 : INFO : EventManager : Event: ======'machine_var_audits_switches_s_skill_shot_2'====== Args={'value': 0, 'prev_value': None, 'change': True}
2023-12-05 20:00:37,933 : INFO : EventManager : Event: ======'machine_var_audits_switches_s_skill_shot_3'====== Args={'value': 0, 'prev_value': None, 'change': True}
2023-12-05 20:00:37,933 : INFO : EventManager : Event: ======'machine_var_audits_switches_s_skill_shot_4'====== Args={'value': 0, 'prev_value': None, 'change': True}
2023-12-05 20:00:37,933 : INFO : EventManager : Event: ======'machine_var_audits_switches_s_skill_shot_5'====== Args={'value': 0, 'prev_value': None, 'change': True}
2023-12-05 20:00:37,934 : INFO : EventManager : Event: ======'machine_var_audits_switches_s_skill_shot_6'====== Args={'value': 0, 'prev_value': None, 'change': True}
2023-12-05 20:00:37,934 : INFO : EventManager : Event: ======'machine_var_audits_switches_s_skill_shot_lane'====== Args={'value': 0, 'prev_value': None, 'change': True}
2023-12-05 20:00:37,934 : INFO : EventManager : Event: ======'machine_var_audits_switches_s_spacewarp_rollover'====== Args={'value': 0, 'prev_value': None, 'change': True}
2023-12-05 20:00:37,935 : INFO : EventManager : Event: ======'machine_var_audits_switches_s_start'====== Args={'value': 6, 'prev_value': None, 'change': True}
2023-12-05 20:00:37,935 : INFO : EventManager : Event: ======'machine_var_audits_switches_s_trough1'====== Args={'value': 30, 'prev_value': None, 'change': True}
2023-12-05 20:00:37,935 : INFO : EventManager : Event: ======'machine_var_audits_switches_s_trough2'====== Args={'value': 0, 'prev_value': None, 'change': True}
2023-12-05 20:00:37,936 : INFO : EventManager : Event: ======'machine_var_audits_switches_s_trough3'====== Args={'value': 0, 'prev_value': None, 'change': True}
2023-12-05 20:00:37,936 : INFO : EventManager : Event: ======'machine_var_audits_switches_s_trough4'====== Args={'value': 0, 'prev_value': None, 'change': True}
2023-12-05 20:00:37,937 : INFO : EventManager : Event: ======'machine_var_audits_switches_s_trough5'====== Args={'value': 0, 'prev_value': None, 'change': True}
2023-12-05 20:00:37,937 : INFO : EventManager : Event: ======'machine_var_audits_switches_s_trough6'====== Args={'value': 0, 'prev_value': None, 'change': True}
2023-12-05 20:00:37,937 : INFO : EventManager : Event: ======'machine_var_audits_switches_s_trough_jam'====== Args={'value': 0, 'prev_value': None, 'change': True}
2023-12-05 20:00:37,938 : INFO : EventManager : Event: ======'machine_var_audits_switches_s_upper_attack_bumper'====== Args={'value': 0, 'prev_value': None, 'change': True}
2023-12-05 20:00:37,938 : INFO : EventManager : Event: ======'machine_var_audits_switches_s_upper_left_rebound'====== Args={'value': 0, 'prev_value': None, 'change': True}
2023-12-05 20:00:37,938 : INFO : EventManager : Event: ======'machine_var_audits_switches_s_upper_right_rebound'====== Args={'value': 0, 'prev_value': None, 'change': True}
2023-12-05 20:00:37,939 : INFO : EventManager : Event: ======'machine_var_audits_switches_s_wormhole_target'====== Args={'value': 0, 'prev_value': None, 'change': True}
2023-12-05 20:00:37,939 : INFO : EventManager : Event: ======'machine_var_audits_switches_s_yellow_wormhole'====== Args={'value': 0, 'prev_value': None, 'change': True}
2023-12-05 20:00:37,940 : INFO : EventManager : Event: ======'init_phase_5'====== Args={}
2023-12-05 20:00:37,976 : INFO : EventManager : Event: ======'init_done'====== Args={}
2023-12-05 20:00:37,977 : INFO : EventManager : Event: ======'machine_reset_phase_1'====== Args={}
2023-12-05 20:00:37,984 : INFO : EventManager : Event: ======'slide_welcome_slide_removed'====== Args={'_from_bcp': True}
2023-12-05 20:00:37,985 : INFO : EventManager : Event: ======'slide_welcome_slide_created'====== Args={'_from_bcp': True}
2023-12-05 20:00:37,986 : INFO : EventManager : Event: ======'slide_welcome_slide_active'====== Args={'_from_bcp': True}
2023-12-05 20:00:37,986 : INFO : EventManager : Event: ======'machine_reset_phase_2'====== Args={}
2023-12-05 20:00:37,986 : INFO : EventManager : Event: ======'machine_reset_phase_3'====== Args={}
2023-12-05 20:00:37,986 : INFO : EventManager : Event: ======'reset_complete'====== Args={}
2023-12-05 20:00:37,987 : INFO : EventManager : Event: ======'mode_attract_will_start'====== Args={}
2023-12-05 20:00:37,988 : INFO : EventManager : Event: ======'mode_attract_starting'====== Args={}
2023-12-05 20:00:37,988 : INFO : Mode.attract : Started. Priority: 10
2023-12-05 20:00:37,988 : INFO : EventManager : Event: ======'modes_active_modes_changed'====== Args={}
2023-12-05 20:00:37,988 : INFO : EventManager : Event: ======'mode_attract_started'====== Args={}
2023-12-05 20:00:37,989 : INFO : EventManager : Event: ======'collecting_balls_complete'====== Args={}
2023-12-05 20:00:38,019 : INFO : EventManager : Event: ======'slide_awesome_slide_created'====== Args={'_from_bcp': True}
2023-12-05 20:00:38,019 : INFO : EventManager : Event: ======'slide_awesome_slide_active'====== Args={'_from_bcp': True}
2023-12-05 20:00:38,019 : INFO : Machine : Starting the main run loop.
2023-12-05 20:00:38,110 : INFO : BcpServer : New client connected.
2023-12-05 20:00:40,990 : INFO : EventManager : Event: ======'slide_press_start_created'====== Args={'_from_bcp': True}
2023-12-05 20:00:40,990 : INFO : EventManager : Event: ======'slide_press_start_active'====== Args={'_from_bcp': True}
2023-12-05 20:00:41,553 : INFO : SwitchController : <<<<<<< 's_start' active >>>>>>>
2023-12-05 20:00:41,600 : INFO : SwitchController : <<<<<<< 's_start' inactive >>>>>>>
2023-12-05 20:00:41,600 : INFO : EventManager : Event: ======'request_to_start_game'====== Args={}
2023-12-05 20:00:41,602 : INFO : EventManager : Event: ======'game_start'====== Args={'buttons': [], 'hold_time': 0.046999999321997166}
2023-12-05 20:00:41,602 : INFO : EventManager : Event: ======'mode_game_will_start'====== Args={'buttons': [], 'hold_time': 0.046999999321997166}
2023-12-05 20:00:41,604 : INFO : EventManager : Event: ======'mode_game_starting'====== Args={'buttons': [], 'hold_time': 0.046999999321997166}
2023-12-05 20:00:41,605 : INFO : EventManager : Event: ======'mode_attract_will_stop'====== Args={}
2023-12-05 20:00:41,606 : INFO : EventManager : Event: ======'mode_attract_stopping'====== Args={}
2023-12-05 20:00:41,607 : INFO : Mode.attract : Stopped.
2023-12-05 20:00:41,607 : INFO : EventManager : Event: ======'modes_active_modes_changed'====== Args={}
2023-12-05 20:00:41,609 : INFO : EventManager : Event: ======'mode_attract_stopped'====== Args={}
2023-12-05 20:00:41,610 : INFO : EventManager : Event: ======'clear'====== Args={'key': 'attract'}
2023-12-05 20:00:41,611 : INFO : Mode.game : Started. Priority: 20
2023-12-05 20:00:41,612 : INFO : EventManager : Event: ======'modes_active_modes_changed'====== Args={}
2023-12-05 20:00:41,612 : INFO : EventManager : Event: ======'mode_game_started'====== Args={'buttons': [], 'hold_time': 0.046999999321997166}
2023-12-05 20:00:41,624 : INFO : EventManager : Event: ======'game_will_start'====== Args={}
2023-12-05 20:00:41,624 : INFO : EventManager : Event: ======'slide_awesome_slide_removed'====== Args={'_from_bcp': True}
2023-12-05 20:00:41,625 : INFO : EventManager : Event: ======'slide_press_start_removed'====== Args={'_from_bcp': True}
2023-12-05 20:00:41,625 : INFO : EventManager : Event: ======'slide_welcome_slide_active'====== Args={'_from_bcp': True}
2023-12-05 20:00:41,625 : INFO : EventManager : Event: ======'game_starting'====== Args={'game': <Mode.game>}
2023-12-05 20:00:41,626 : INFO : EventManager : Event: ======'player_add_request'====== Args={}
2023-12-05 20:00:41,626 : INFO : EventManager : Event: ======'player_will_add'====== Args={'number': 1}
2023-12-05 20:00:41,626 : INFO : EventManager : Event: ======'player_adding'====== Args={'player': <Player 1>, 'number': 1}
2023-12-05 20:00:41,626 : INFO : EventManager : Event: ======'player_added'====== Args={'player': <Player 1>, 'num': 1}
2023-12-05 20:00:41,627 : INFO : Mode.game : Player added successfully. Total players: 1
2023-12-05 20:00:41,627 : INFO : EventManager : Event: ======'player_index'====== Args={'value': 0, 'prev_value': 0, 'change': 0, 'player_num': 1}
2023-12-05 20:00:41,627 : INFO : EventManager : Event: ======'player_number'====== Args={'value': 1, 'prev_value': 1, 'change': 0, 'player_num': 1}
2023-12-05 20:00:41,627 : INFO : EventManager : Event: ======'player_score'====== Args={'value': 0, 'prev_value': 0, 'change': 0, 'player_num': 1}
2023-12-05 20:00:41,628 : INFO : EventManager : Event: ======'game_started'====== Args={}
2023-12-05 20:00:41,634 : INFO : EventManager : Event: ======'player_turn_will_start'====== Args={'player': <Player 1>, 'number': 1}
2023-12-05 20:00:41,634 : INFO : EventManager : Event: ======'player_turn_starting'====== Args={'player': <Player 1>, 'number': 1}
2023-12-05 20:00:41,635 : INFO : EventManager : Event: ======'player_ball'====== Args={'value': 1, 'prev_value': 0, 'change': 1, 'player_num': 1}
2023-12-05 20:00:41,635 : INFO : EventManager : Event: ======'player_turn_started'====== Args={'player': <Player 1>, 'number': 1}
2023-12-05 20:00:41,644 : INFO : EventManager : Event: ======'ball_will_start'====== Args={'player': 1, 'ball': 1, 'balls_remaining': 2, 'is_extra_ball': False}
2023-12-05 20:00:41,648 : INFO : EventManager : Event: ======'ball_starting'====== Args={'player': 1, 'ball': 1, 'balls_remaining': 2, 'is_extra_ball': False}
2023-12-05 20:00:41,649 : INFO : EventManager : Event: ======'mode_base_will_start'====== Args={'queue': <QueuedEvent>, 'player': 1, 'ball': 1, 'balls_remaining': 2, 'is_extra_ball': False}
2023-12-05 20:00:41,650 : INFO : EventManager : Event: ======'mode_base_starting'====== Args={'queue': <QueuedEvent>, 'player': 1, 'ball': 1, 'balls_remaining': 2, 'is_extra_ball': False}
2023-12-05 20:00:41,650 : INFO : Mode.base : Started. Priority: 100
2023-12-05 20:00:41,650 : INFO : EventManager : Event: ======'modes_active_modes_changed'====== Args={}
2023-12-05 20:00:41,650 : INFO : EventManager : Event: ======'mode_base_started'====== Args={'queue': <QueuedEvent>, 'player': 1, 'ball': 1, 'balls_remaining': 2, 'is_extra_ball': False}
2023-12-05 20:00:41,651 : INFO : EventManager : Event: ======'balls_in_play'====== Args={'balls': 1}
2023-12-05 20:00:41,651 : INFO : EventManager : Event: ======'ball_started'====== Args={'player': 1, 'ball': 1, 'balls_remaining': 2, 'is_extra_ball': False}
2023-12-05 20:00:41,651 : INFO : EventManager : Event: ======'mode_medal_will_start'====== Args={'player': 1, 'ball': 1, 'balls_remaining': 2, 'is_extra_ball': False}
2023-12-05 20:00:41,651 : INFO : EventManager : Event: ======'player_shot_medalL_shot_enabled'====== Args={'value': True, 'prev_value': 0, 'change': 1, 'player_num': 1}
2023-12-05 20:00:41,652 : INFO : EventManager : Event: ======'player_shot_medalM_shot_enabled'====== Args={'value': True, 'prev_value': 0, 'change': 1, 'player_num': 1}
2023-12-05 20:00:41,653 : INFO : EventManager : Event: ======'player_shot_medalR_shot_enabled'====== Args={'value': True, 'prev_value': 0, 'change': 1, 'player_num': 1}
2023-12-05 20:00:41,653 : INFO : EventManager : Event: ======'medal_shot_complete'====== Args={'state': 'unlit'}
2023-12-05 20:00:41,653 : INFO : EventManager : Event: ======'medal_shot_unlit_complete'====== Args={}
2023-12-05 20:00:41,654 : INFO : EventManager : Event: ======'mode_medal_starting'====== Args={'player': 1, 'ball': 1, 'balls_remaining': 2, 'is_extra_ball': False}
2023-12-05 20:00:41,655 : INFO : EventManager : Event: ======'mode_reentry_will_start'====== Args={'player': 1, 'ball': 1, 'balls_remaining': 2, 'is_extra_ball': False}
2023-12-05 20:00:41,655 : INFO : EventManager : Event: ======'player_shot_reentryL_shot_enabled'====== Args={'value': True, 'prev_value': 0, 'change': 1, 'player_num': 1}
2023-12-05 20:00:41,656 : INFO : EventManager : Event: ======'player_shot_reentryM_shot_enabled'====== Args={'value': True, 'prev_value': 0, 'change': 1, 'player_num': 1}
2023-12-05 20:00:41,656 : INFO : EventManager : Event: ======'player_shot_reentryR_shot_enabled'====== Args={'value': True, 'prev_value': 0, 'change': 1, 'player_num': 1}
2023-12-05 20:00:41,657 : INFO : EventManager : Event: ======'reentry_shot_complete'====== Args={'state': 'off'}
2023-12-05 20:00:41,657 : INFO : EventManager : Event: ======'reentry_shot_off_complete'====== Args={}
2023-12-05 20:00:41,659 : INFO : EventManager : Event: ======'mode_reentry_starting'====== Args={'player': 1, 'ball': 1, 'balls_remaining': 2, 'is_extra_ball': False}
2023-12-05 20:00:41,683 : INFO : EventManager : Event: ======'logicblock_medal_shot_complete_count_updated'====== Args={'value': 1, 'enabled': True}
2023-12-05 20:00:41,683 : INFO : EventManager : Event: ======'logicblock_medal_shot_complete_count_updated'====== Args={'value': 1, 'enabled': True}
2023-12-05 20:00:41,684 : INFO : Mode.medal : Started. Priority: 200
2023-12-05 20:00:41,684 : INFO : EventManager : Event: ======'modes_active_modes_changed'====== Args={}
2023-12-05 20:00:41,684 : INFO : EventManager : Event: ======'mode_medal_started'====== Args={'player': 1, 'ball': 1, 'balls_remaining': 2, 'is_extra_ball': False}
2023-12-05 20:00:41,685 : INFO : EventManager : Event: ======'logicblock_reentry_shot_complete_count_updated'====== Args={'value': 1, 'enabled': True}
2023-12-05 20:00:41,685 : INFO : EventManager : Event: ======'logicblock_reentry_shot_complete_count_updated'====== Args={'value': 1, 'enabled': True}
2023-12-05 20:00:41,685 : INFO : Mode.reentry : Started. Priority: 200
2023-12-05 20:00:41,685 : INFO : EventManager : Event: ======'modes_active_modes_changed'====== Args={}
2023-12-05 20:00:41,685 : INFO : EventManager : Event: ======'mode_reentry_started'====== Args={'player': 1, 'ball': 1, 'balls_remaining': 2, 'is_extra_ball': False}
2023-12-05 20:00:41,686 : INFO : EventManager : Event: ======'single_player_ball_started'====== Args={}
2023-12-05 20:00:41,687 : INFO : EventManager : Event: ======'player_attack_bumper_count'====== Args={'value': 1, 'prev_value': 0, 'change': 1, 'player_num': 1}
2023-12-05 20:00:41,687 : INFO : EventManager : Event: ======'slide_base.slide_player-mode_base_started_created'====== Args={'_from_bcp': True}
2023-12-05 20:00:41,688 : INFO : EventManager : Event: ======'slide_base.slide_player-mode_base_started_active'====== Args={'_from_bcp': True}
2023-12-05 20:00:41,688 : INFO : EventManager : Event: ======'slide__global.slide_player-ball_started_created'====== Args={'_from_bcp': True}
2023-12-05 20:00:41,688 : INFO : EventManager : Event: ======'ball_start_target'====== Args={'target': 'playfield'}
2023-12-05 20:00:41,716 : INFO : ball_device.bd_plunger : Setting up player-controlled eject. Balls: 1, Target: <playfield.playfield>, player_controlled_eject_event: None
2023-12-05 20:00:41,717 : INFO : EventManager : Event: ======'balldevice_balls_available'====== Args={}
2023-12-05 20:00:41,717 : INFO : ball_device.bd_trough : State: waiting_for_target_ready
2023-12-05 20:00:41,718 : INFO : EventManager : Event: ======'balldevice_bd_trough_ball_eject_attempt'====== Args={'balls': 1, 'target': <ball_device.bd_plunger>, 'source': <ball_device.bd_trough>, 'mechanical_eject': True, 'num_attempts': 0}
2023-12-05 20:00:41,718 : INFO : ball_device.bd_plunger : State: waiting_for_ball
2023-12-05 20:00:41,718 : INFO : ball_device.bd_trough : State: ejecting
2023-12-05 20:00:41,719 : INFO : ball_device.bd_trough : Ejecting ball to <ball_device.bd_plunger>
2023-12-05 20:00:41,719 : INFO : EventManager : Event: ======'balldevice_bd_trough_ejecting_ball'====== Args={'balls': 1, 'target': <ball_device.bd_plunger>, 'source': <ball_device.bd_trough>, 'mechanical_eject': True, 'num_attempts': 0}
2023-12-05 20:00:41,719 : INFO : ball_device.bd_trough : Wait for ball to leave device
2023-12-05 20:00:41,720 : INFO : coil.c_trough_eject : Pulsing Driver for 10ms (1.0 pulse_power)
2023-12-05 20:00:45,222 : INFO : SwitchController : <<<<<<< 's_medal_drop_left' active >>>>>>>
2023-12-05 20:00:45,223 : INFO : EventManager : Event: ======'playfield_active'====== Args={}
2023-12-05 20:00:45,223 : INFO : EventManager : Event: ======'unexpected_ball_on_playfield'====== Args={}
2023-12-05 20:00:45,224 : INFO : EventManager : Event: ======'s_medal_drop_left_active'====== Args={}
2023-12-05 20:00:45,225 : INFO : EventManager : Event: ======'sw_playfield_active'====== Args={}
2023-12-05 20:00:45,226 : INFO : EventManager : Event: ======'machine_var_audits_switches_s_medal_drop_left'====== Args={'value': 89, 'prev_value': 88, 'change': 1}
2023-12-05 20:00:45,227 : INFO : EventManager : Event: ======'player_shot_medalL_shot'====== Args={'value': 1, 'prev_value': 0, 'change': 1, 'player_num': 1}
2023-12-05 20:00:45,233 : INFO : EventManager : Event: ======'machine_var_audits_shots_medalL_shot'====== Args={'value': 75, 'prev_value': 74, 'change': 1}
2023-12-05 20:00:45,233 : INFO : EventManager : Event: ======'medalL_shot_hit'====== Args={'profile': 'default', 'state': 'unlit', 'advancing': True}
2023-12-05 20:00:45,233 : INFO : EventManager : Event: ======'medalL_shot_default_hit'====== Args={'profile': 'default', 'state': 'unlit', 'advancing': True}
2023-12-05 20:00:45,234 : INFO : EventManager : Event: ======'medalL_shot_default_unlit_hit'====== Args={'profile': 'default', 'state': 'unlit', 'advancing': True}
2023-12-05 20:00:45,234 : INFO : EventManager : Event: ======'medalL_shot_unlit_hit'====== Args={'profile': 'default', 'state': 'unlit', 'advancing': True}
2023-12-05 20:00:45,234 : INFO : EventManager : Event: ======'medal_shot_hit'====== Args={}
2023-12-05 20:00:45,234 : INFO : EventManager : Event: ======'medal_shot_unlit_hit'====== Args={}
2023-12-05 20:00:45,234 : INFO : EventManager : Event: ======'player_score'====== Args={'value': 1500, 'prev_value': 0, 'change': 1500, 'player_num': 1}
2023-12-05 20:00:45,238 : INFO : EventManager : Event: ======'playfield_active'====== Args={}
2023-12-05 20:00:45,238 : INFO : EventManager : Event: ======'unexpected_ball_on_playfield'====== Args={}
2023-12-05 20:00:45,373 : INFO : SwitchController : <<<<<<< 's_medal_drop_left' inactive >>>>>>>
2023-12-05 20:00:45,774 : INFO : SwitchController : <<<<<<< 's_medal_drop_middle' active >>>>>>>
2023-12-05 20:00:45,774 : INFO : EventManager : Event: ======'playfield_active'====== Args={}
2023-12-05 20:00:45,776 : INFO : EventManager : Event: ======'unexpected_ball_on_playfield'====== Args={}
2023-12-05 20:00:45,777 : INFO : EventManager : Event: ======'s_medal_drop_middle_active'====== Args={}
2023-12-05 20:00:45,779 : INFO : EventManager : Event: ======'sw_playfield_active'====== Args={}
2023-12-05 20:00:45,780 : INFO : EventManager : Event: ======'machine_var_audits_switches_s_medal_drop_middle'====== Args={'value': 86, 'prev_value': 85, 'change': 1}
2023-12-05 20:00:45,784 : INFO : EventManager : Event: ======'player_shot_medalM_shot'====== Args={'value': 1, 'prev_value': 0, 'change': 1, 'player_num': 1}
2023-12-05 20:00:45,786 : INFO : EventManager : Event: ======'machine_var_audits_shots_medalM_shot'====== Args={'value': 72, 'prev_value': 71, 'change': 1}
2023-12-05 20:00:45,788 : INFO : EventManager : Event: ======'medalM_shot_hit'====== Args={'profile': 'default', 'state': 'unlit', 'advancing': True}
2023-12-05 20:00:45,789 : INFO : EventManager : Event: ======'medalM_shot_default_hit'====== Args={'profile': 'default', 'state': 'unlit', 'advancing': True}
2023-12-05 20:00:45,790 : INFO : EventManager : Event: ======'medalM_shot_default_unlit_hit'====== Args={'profile': 'default', 'state': 'unlit', 'advancing': True}
2023-12-05 20:00:45,790 : INFO : EventManager : Event: ======'medalM_shot_unlit_hit'====== Args={'profile': 'default', 'state': 'unlit', 'advancing': True}
2023-12-05 20:00:45,791 : INFO : EventManager : Event: ======'medal_shot_hit'====== Args={}
2023-12-05 20:00:45,792 : INFO : EventManager : Event: ======'medal_shot_unlit_hit'====== Args={}
2023-12-05 20:00:45,793 : INFO : EventManager : Event: ======'player_score'====== Args={'value': 3000, 'prev_value': 1500, 'change': 1500, 'player_num': 1}
2023-12-05 20:00:45,794 : INFO : EventManager : Event: ======'playfield_active'====== Args={}
2023-12-05 20:00:45,794 : INFO : EventManager : Event: ======'unexpected_ball_on_playfield'====== Args={}
2023-12-05 20:00:45,911 : INFO : SwitchController : <<<<<<< 's_medal_drop_middle' inactive >>>>>>>
2023-12-05 20:00:46,412 : INFO : SwitchController : <<<<<<< 's_medal_drop_right' active >>>>>>>
2023-12-05 20:00:46,413 : INFO : EventManager : Event: ======'playfield_active'====== Args={}
2023-12-05 20:00:46,414 : INFO : EventManager : Event: ======'unexpected_ball_on_playfield'====== Args={}
2023-12-05 20:00:46,416 : INFO : EventManager : Event: ======'s_medal_drop_right_active'====== Args={}
2023-12-05 20:00:46,417 : INFO : EventManager : Event: ======'sw_playfield_active'====== Args={}
2023-12-05 20:00:46,418 : INFO : EventManager : Event: ======'machine_var_audits_switches_s_medal_drop_right'====== Args={'value': 87, 'prev_value': 86, 'change': 1}
2023-12-05 20:00:46,422 : INFO : EventManager : Event: ======'player_shot_medalR_shot'====== Args={'value': 1, 'prev_value': 0, 'change': 1, 'player_num': 1}
2023-12-05 20:00:46,425 : INFO : EventManager : Event: ======'machine_var_audits_shots_medalR_shot'====== Args={'value': 73, 'prev_value': 72, 'change': 1}
2023-12-05 20:00:46,427 : INFO : EventManager : Event: ======'medalR_shot_hit'====== Args={'profile': 'default', 'state': 'unlit', 'advancing': True}
2023-12-05 20:00:46,428 : INFO : EventManager : Event: ======'medalR_shot_default_hit'====== Args={'profile': 'default', 'state': 'unlit', 'advancing': True}
2023-12-05 20:00:46,428 : INFO : EventManager : Event: ======'medalR_shot_default_unlit_hit'====== Args={'profile': 'default', 'state': 'unlit', 'advancing': True}
2023-12-05 20:00:46,430 : INFO : EventManager : Event: ======'medalR_shot_unlit_hit'====== Args={'profile': 'default', 'state': 'unlit', 'advancing': True}
2023-12-05 20:00:46,432 : INFO : EventManager : Event: ======'medal_shot_complete'====== Args={'state': 'lit'}
2023-12-05 20:00:46,432 : INFO : EventManager : Event: ======'medal_shot_lit_complete'====== Args={}
2023-12-05 20:00:46,433 : INFO : EventManager : Event: ======'medal_shot_hit'====== Args={}
2023-12-05 20:00:46,434 : INFO : EventManager : Event: ======'medal_shot_unlit_hit'====== Args={}
2023-12-05 20:00:46,435 : INFO : EventManager : Event: ======'player_shot_medalL_shot'====== Args={'value': 0, 'prev_value': 1, 'change': -1, 'player_num': 1}
2023-12-05 20:00:46,437 : INFO : EventManager : Event: ======'player_shot_medalM_shot'====== Args={'value': 0, 'prev_value': 1, 'change': -1, 'player_num': 1}
2023-12-05 20:00:46,438 : INFO : EventManager : Event: ======'player_shot_medalR_shot'====== Args={'value': 0, 'prev_value': 1, 'change': -1, 'player_num': 1}
2023-12-05 20:00:46,440 : INFO : EventManager : Event: ======'logicblock_medal_shot_complete_count_updated'====== Args={'value': 2, 'enabled': True}
2023-12-05 20:00:46,440 : INFO : EventManager : Event: ======'medal_shot_done'====== Args={'count': 2}
2023-12-05 20:00:46,441 : INFO : EventManager : Event: ======'player_score'====== Args={'value': 13000, 'prev_value': 3000, 'change': 10000, 'player_num': 1}
2023-12-05 20:00:46,443 : INFO : EventManager : Event: ======'player_score'====== Args={'value': 14500, 'prev_value': 13000, 'change': 1500, 'player_num': 1}
2023-12-05 20:00:46,443 : INFO : EventManager : Event: ======'playfield_active'====== Args={}
2023-12-05 20:00:46,444 : INFO : EventManager : Event: ======'unexpected_ball_on_playfield'====== Args={}
2023-12-05 20:00:46,550 : INFO : SwitchController : <<<<<<< 's_medal_drop_right' inactive >>>>>>>
2023-12-05 20:00:51,721 : INFO : EventManager : Event: ======'balldevice_bd_trough_ball_eject_failed'====== Args={'target': <ball_device.bd_plunger>, 'balls': 1, 'retry': True, 'num_attempts': 1}
2023-12-05 20:00:51,724 : INFO : ball_device.bd_trough : State: waiting_for_target_ready
2023-12-05 20:00:51,725 : INFO : EventManager : Event: ======'balldevice_bd_trough_ball_eject_attempt'====== Args={'balls': 1, 'target': <ball_device.bd_plunger>, 'source': <ball_device.bd_trough>, 'mechanical_eject': True, 'num_attempts': 1}
2023-12-05 20:00:51,727 : INFO : ball_device.bd_trough : State: ejecting
2023-12-05 20:00:51,729 : INFO : ball_device.bd_trough : Ejecting ball to <ball_device.bd_plunger>
2023-12-05 20:00:51,729 : INFO : EventManager : Event: ======'balldevice_bd_trough_ejecting_ball'====== Args={'balls': 1, 'target': <ball_device.bd_plunger>, 'source': <ball_device.bd_trough>, 'mechanical_eject': True, 'num_attempts': 1}
2023-12-05 20:00:51,731 : INFO : ball_device.bd_trough : Wait for ball to leave device
2023-12-05 20:00:51,732 : INFO : coil.c_trough_eject : Pulsing Driver for 10ms (1.0 pulse_power)
2023-12-05 20:00:57,690 : INFO : Machine : Shutting down...
2023-12-05 20:00:57,690 : INFO : EventManager : Event: ======'shutdown'====== Args={}
2023-12-05 20:00:57,699 : INFO : root : MPF run loop ended.
