2023-10-01 16:05:15,609 : kivy : Factory: 186 symbols loaded
2023-10-01 16:05:16,130 : kivy : ImageLoaderFFPy: Using ffpyplayer 4.3.2
2023-10-01 16:05:16,130 : kivy : Image: Providers: img_tex, img_dds, img_sdl2, img_pil, img_ffpyplayer 
2023-10-01 16:05:16,416 : kivy : VideoGstplayer: Using Gstreamer 1.18.0.0
2023-10-01 16:05:16,416 : kivy : Video: Provider: gstplayer
2023-10-01 16:05:16,805 : kivy : Loading MPF-MC controller
2023-10-01 16:05:16,808 : YamlMultifileConfigLoader : Machine config file #1: config
2023-10-01 16:05:16,809 : ConfigProcessor : Config file in cache changed: C:\Users\student\pinball\cobraPinTest1\config\config
2023-10-01 16:05:16,809 : ConfigProcessor : Loading config from file c:\users\student\mpfenv\lib\site-packages\mpfmc\mcconfig.yaml.
2023-10-01 16:05:16,864 : ConfigProcessor : Loading config: c:\users\student\mpfenv\lib\site-packages\mpfmc\mcconfig.yaml
2023-10-01 16:05:16,865 : ConfigProcessor : Loading config from file C:\Users\student\pinball\cobraPinTest1\config\config.
2023-10-01 16:05:16,906 : ConfigProcessor : Loading config: C:\Users\student\pinball\cobraPinTest1\config\config
2023-10-01 16:05:16,907 : ConfigProcessor : Config file cache created: C:\Users\student\AppData\Local\Temp\8788ef445fdd76e1de1cbcebe7495fec.mpf_cache
2023-10-01 16:05:16,908 : ConfigProcessor : Loading config from cache: C:\Users\student\AppData\Local\Temp\32ed7ad340ce8029344f8b9ff63edc80.mpf_cache
2023-10-01 16:05:16,908 : ConfigProcessor : Loading config from cache: C:\Users\student\AppData\Local\Temp\8696bd5a5a040ff67990be11cb4d3c0c.mpf_cache
2023-10-01 16:05:16,909 : ConfigProcessor : Loading config from cache: C:\Users\student\AppData\Local\Temp\4675a535c8328a9c278c807d999ed109.mpf_cache
2023-10-01 16:05:16,909 : ConfigProcessor : Loading config from cache: C:\Users\student\AppData\Local\Temp\0c8438cab3480347c0c749fa494946a2.mpf_cache
2023-10-01 16:05:16,910 : mpfmc : Mission Pinball Framework Media Controller v0.55.0
2023-10-01 16:05:16,910 : mpfmc : Mission Pinball Framework Game Engine v0.55.0
2023-10-01 16:05:16,910 : mpfmc : Machine path: C:\Users\student\pinball\cobraPinTest1
2023-10-01 16:05:16,910 : mpfmc : Starting clock at 60.0Hz
2023-10-01 16:05:16,993 : kivy : Text: Provider: sdl2
2023-10-01 16:05:17,102 : kivy : Window: Provider: sdl2
2023-10-01 16:05:17,733 : kivy : GL: Using the "OpenGL" graphics system
2023-10-01 16:05:17,740 : kivy : GL: GLEW initialization succeeded
2023-10-01 16:05:17,740 : kivy : GL: Backend used <glew>
2023-10-01 16:05:17,741 : kivy : GL: OpenGL version <b'4.6.13543 Compatibility Profile Context 25.20.15006.9'>
2023-10-01 16:05:17,741 : kivy : GL: OpenGL vendor <b'ATI Technologies Inc.'>
2023-10-01 16:05:17,741 : kivy : GL: OpenGL renderer <b'Radeon RX Vega M GL Graphics'>
2023-10-01 16:05:17,741 : kivy : GL: OpenGL parsed version: 4, 6
2023-10-01 16:05:17,741 : kivy : GL: Shading version <b'4.60'>
2023-10-01 16:05:17,741 : kivy : GL: Texture max size <16384>
2023-10-01 16:05:17,741 : kivy : GL: Texture max units <32>
2023-10-01 16:05:17,775 : kivy : Window: auto add sdl2 input provider
2023-10-01 16:05:17,776 : kivy : Window: virtual keyboard not allowed, single mode, not docked
2023-10-01 16:05:19,502 : AudioInterface : Initialized
2023-10-01 16:05:19,502 : AudioInterface : Loaded SDL 2.0.12
2023-10-01 16:05:19,502 : AudioInterface : Loaded SDL_Mixer 2.0.4
2023-10-01 16:05:19,502 : AudioInterface : Loaded GStreamer 1.18.0.0
2023-10-01 16:05:19,502 : AudioInterface : Loaded GLib 2.62.6
2023-10-01 16:05:19,502 : AudioInterface : Settings requested - rate: 44100, channels: 1, buffer: 2048 samples
2023-10-01 16:05:19,502 : AudioInterface : Settings in use - rate: 44100, channels: 1, buffer: 2048 samples (4096 bytes @ 2 bytes per sample)
2023-10-01 16:05:19,503 : SoundSystem : Setting master volume to 0.0
2023-10-01 16:05:19,503 : SoundSystem : master_volume in sound_system is deprecated and will be removed in the future.
2023-10-01 16:05:19,503 : AudioInterface : Enabling audio playback
2023-10-01 16:05:19,505 : kivy : Base: Start application main loop
2023-10-01 16:05:19,506 : EventManager : Event: ======'display_window_initialized'====== Args={}
2023-10-01 16:05:19,524 : mpfmc : Display: Setting 'window' as default display
2023-10-01 16:05:19,530 : EventManager : Event: ======'displays_initialized'====== Args={}
2023-10-01 16:05:19,531 : EventManager : Event: ======'slide_window_blank_created'====== Args={}
2023-10-01 16:05:19,531 : EventManager : Event: ======'display_window_ready'====== Args={}
2023-10-01 16:05:19,541 : EventManager : Event: ======'init_phase_1'====== Args={}
2023-10-01 16:05:19,544 : EventManager : Event: ======'mc_ready'====== Args={}
2023-10-01 16:05:19,544 : EventManager : Event: ======'init_phase_2'====== Args={}
2023-10-01 16:05:19,547 : EventManager : Event: ======'init_phase_3'====== Args={}
2023-10-01 16:05:19,550 : EventManager : Event: ======'init_phase_4'====== Args={}
2023-10-01 16:05:19,550 : EventManager : Event: ======'init_phase_5'====== Args={}
2023-10-01 16:05:19,550 : EventManager : Event: ======'init_done'====== Args={}
2023-10-01 16:05:19,550 : MPF-MC BCP Server : Starting up on localhost port 5050
2023-10-01 16:05:19,555 : MPF-MC BCP Server : Waiting for a connection...
2023-10-01 16:05:19,555 : mpfmc : SlidePlayer: Play called with settings={'slides': {welcome_slide-None-None: {'priority': None, 'target': None, 'background_color': [0.0, 0.0, 0.0, 1.0], 'show': True, 'force': False, 'expire': None, 'slide': None, 'tokens': {}, 'action': 'play', 'transition': None, 'transition_out': None}}}
2023-10-01 16:05:19,566 : kivy : GL: NPOT texture support is available
2023-10-01 16:05:19,567 : EventManager : Event: ======'slide_welcome_slide_created'====== Args={}
2023-10-01 16:05:19,568 : EventManager : Event: ======'slide_welcome_slide_active'====== Args={}
2023-10-01 16:05:19,584 : EventManager : Event: ======'client_disconnected'====== Args={'host': '127.0.0.1', 'port': 5050}
2023-10-01 16:05:19,954 : MPF-MC BCP Server : Received connection from: 127.0.0.1:49829
2023-10-01 16:05:19,956 : EventManager : Event: ======'client_connected'====== Args={'host': '127.0.0.1', 'port': 49829}
2023-10-01 16:05:19,968 : EventManager : Event: ======'machine_var_credits_string'====== Args={'value': 'FREE PLAY', 'prev_value': None, 'change': True}
2023-10-01 16:05:19,968 : EventManager : Event: ======'machine_var_master_volume'====== Args={'value': 0.5, 'prev_value': None, 'change': True}
2023-10-01 16:05:19,968 : EventManager : Event: ======'machine_var_player1_score'====== Args={'value': 1500, 'prev_value': None, 'change': True}
2023-10-01 16:05:19,968 : EventManager : Event: ======'machine_var_mpf_version'====== Args={'value': 'MPF v0.55.0', 'prev_value': None, 'change': True}
2023-10-01 16:05:19,968 : EventManager : Event: ======'machine_var_mpf_extended_version'====== Args={'value': 'MPF v0.55.0, Config version:5, Show version: 5, BCP version:1.1', 'prev_value': None, 'change': True}
2023-10-01 16:05:19,969 : EventManager : Event: ======'machine_var_python_version'====== Args={'value': '3.7.8', 'prev_value': None, 'change': True}
2023-10-01 16:05:19,969 : EventManager : Event: ======'machine_var_platform'====== Args={'value': 'Windows-10-10.0.19041-SP0', 'prev_value': None, 'change': True}
2023-10-01 16:05:19,969 : EventManager : Event: ======'machine_var_platform_system'====== Args={'value': 'Windows', 'prev_value': None, 'change': True}
2023-10-01 16:05:19,969 : EventManager : Event: ======'machine_var_platform_release'====== Args={'value': '10', 'prev_value': None, 'change': True}
2023-10-01 16:05:19,969 : EventManager : Event: ======'machine_var_platform_version'====== Args={'value': '10.0.19041', 'prev_value': None, 'change': True}
2023-10-01 16:05:19,969 : EventManager : Event: ======'machine_var_platform_machine'====== Args={'value': 'AMD64', 'prev_value': None, 'change': True}
2023-10-01 16:05:19,969 : EventManager : Event: ======'machine_var_mc_version'====== Args={'value': 'MPF-MC v0.55.0', 'prev_value': None, 'change': True}
2023-10-01 16:05:19,969 : EventManager : Event: ======'machine_var_mc_extended_version'====== Args={'value': 'MPF-MC v0.55.0 (config_version=5, BCP v1.1, Requires MPF v0.55.0-dev.49)', 'prev_value': None, 'change': True}
2023-10-01 16:05:19,970 : SoundSystem : Setting master volume to 0.5
2023-10-01 16:05:20,120 : mpfmc : Stopping...
2023-10-01 16:05:20,120 : EventManager : Event: ======'shutdown'====== Args={}
2023-10-01 16:05:20,120 : AudioInterface : Disabling audio playback
2023-10-01 16:05:20,258 : mpfmc : Loop rate 59.73 Hz
2023-10-01 16:05:20,258 : kivy : Base: Leaving application in progress...
2023-10-01 16:05:20,258 : kivy : Base: Leaving application in progress...
2023-10-01 16:05:20,258 : mpfmc : Stopping...
2023-10-01 16:05:20,258 : EventManager : Event: ======'shutdown'====== Args={}
2023-10-01 16:05:20,259 : mpfmc : Loop rate 59.65 Hz
2023-10-01 16:05:20,259 : kivy : MC run loop ended.
2023-10-01 16:05:20,259 : kivy : Stopping child threads... (2 remaining)
2023-10-01 16:05:20,956 : MPF-MC BCP Server : Stopping BCP sending thread
2023-10-01 16:05:21,061 : kivy : All child threads stopped.
