2023-10-02 14:01:42,480 : INFO : root : Loading config.
2023-10-02 14:01:42,822 : INFO : ConfigProcessor : Config spec file cache created: C:\Users\student\AppData\Local\Temp\config_spec.mpf_cache
2023-10-02 14:01:42,822 : INFO : YamlMultifileConfigLoader : Machine config file #1: config.yaml
2023-10-02 14:01:42,823 : INFO : ConfigProcessor : Loading config from file c:\users\student\mpfenv\lib\site-packages\mpf\mpfconfig.yaml.
2023-10-02 14:01:42,886 : INFO : ConfigProcessor : Loading config: c:\users\student\mpfenv\lib\site-packages\mpf\mpfconfig.yaml
2023-10-02 14:01:42,887 : INFO : ConfigProcessor : Loading config from file C:\Users\student\pinball\cobraPinTest1\config\config.yaml.
2023-10-02 14:01:42,921 : INFO : ConfigProcessor : Loading config: C:\Users\student\pinball\cobraPinTest1\config\config.yaml
2023-10-02 14:01:42,923 : INFO : ConfigProcessor : Config file cache created: C:\Users\student\AppData\Local\Temp\f1427cd4cbc9163bc2263f349f0fb463.mpf_cache
2023-10-02 14:01:42,988 : INFO : ConfigProcessor : Loading config from file c:\users\student\mpfenv\lib\site-packages\mpf\modes\attract\config\attract.yaml.
2023-10-02 14:01:42,989 : INFO : ConfigProcessor : Loading config: c:\users\student\mpfenv\lib\site-packages\mpf\modes\attract\config\attract.yaml
2023-10-02 14:01:42,989 : INFO : ConfigProcessor : Loading config from file C:\Users\student\pinball\cobraPinTest1\modes\attract\config\attract.yaml.
2023-10-02 14:01:42,991 : INFO : ConfigProcessor : Loading config: C:\Users\student\pinball\cobraPinTest1\modes\attract\config\attract.yaml
2023-10-02 14:01:42,991 : INFO : ConfigProcessor : Config file cache created: C:\Users\student\AppData\Local\Temp\32ed7ad340ce8029344f8b9ff63edc80.mpf_cache
2023-10-02 14:01:42,992 : INFO : ConfigProcessor : Loading config from file c:\users\student\mpfenv\lib\site-packages\mpf\modes\game\config\game.yaml.
2023-10-02 14:01:42,994 : INFO : ConfigProcessor : Loading config: c:\users\student\mpfenv\lib\site-packages\mpf\modes\game\config\game.yaml
2023-10-02 14:01:42,995 : INFO : ConfigProcessor : Config file cache created: C:\Users\student\AppData\Local\Temp\8696bd5a5a040ff67990be11cb4d3c0c.mpf_cache
2023-10-02 14:01:42,995 : INFO : ConfigProcessor : Loading config from file C:\Users\student\pinball\cobraPinTest1\modes\base\config\base.yaml.
2023-10-02 14:01:42,999 : INFO : ConfigProcessor : Loading config: C:\Users\student\pinball\cobraPinTest1\modes\base\config\base.yaml
2023-10-02 14:01:43,000 : INFO : ConfigProcessor : Config file cache created: C:\Users\student\AppData\Local\Temp\4675a535c8328a9c278c807d999ed109.mpf_cache
2023-10-02 14:01:43,001 : INFO : ConfigProcessor : Loading config from file C:\Users\student\pinball\cobraPinTest1\modes\reentry\config\reentry.yaml.
2023-10-02 14:01:43,017 : INFO : ConfigProcessor : Loading config: C:\Users\student\pinball\cobraPinTest1\modes\reentry\config\reentry.yaml
2023-10-02 14:01:43,018 : INFO : ConfigProcessor : Config file cache created: C:\Users\student\AppData\Local\Temp\0c8438cab3480347c0c749fa494946a2.mpf_cache
2023-10-02 14:01:43,018 : INFO : ConfigProcessor : Loading config from file C:\Users\student\pinball\cobraPinTest1\modes\attract\shows\.\attract_display_loop.yaml.
2023-10-02 14:01:43,027 : INFO : ConfigProcessor : Loading config: C:\Users\student\pinball\cobraPinTest1\modes\attract\shows\.\attract_display_loop.yaml
2023-10-02 14:01:43,028 : INFO : ConfigProcessor : Config file cache created: C:\Users\student\AppData\Local\Temp\f8d2c2cf3ea01f085365ea23fa51a701.mpf_cache
2023-10-02 14:01:43,028 : INFO : ConfigProcessor : Loading config from file C:\Users\student\pinball\cobraPinTest1\modes\attract\shows\.\attract_light_show.yaml.
2023-10-02 14:01:43,033 : INFO : ConfigProcessor : Loading config: C:\Users\student\pinball\cobraPinTest1\modes\attract\shows\.\attract_light_show.yaml
2023-10-02 14:01:43,033 : INFO : ConfigProcessor : Config file cache created: C:\Users\student\AppData\Local\Temp\30bd992f4b62a9b099207aebeb59554c.mpf_cache
2023-10-02 14:01:43,034 : INFO : Machine : Mission Pinball Framework Core Engine v0.55.0
2023-10-02 14:01:43,034 : INFO : Machine : Command line arguments: {'no_load_cache': True, 'create_config_cache': True, 'bcp': True, 'configfile': ['config.yaml'], 'force_assets_load': False, 'jsonlogging': False, 'logfile': 'logs\\2023-10-02-14-01-42-mpf-DESKTOP-0JH7ARL.log', 'pause': False, 'production': False, 'text_ui': True, 'loglevel': 15, 'consoleloglevel': 20, 'force_platform': None, 'syslog_address': None, 'mc_file_name': None, 'no_sound': False}
2023-10-02 14:01:43,034 : INFO : Machine : MPF path: c:\users\student\mpfenv\lib\site-packages\mpf
2023-10-02 14:01:43,034 : INFO : Machine : Machine path: C:\Users\student\pinball\cobraPinTest1
2023-10-02 14:01:43,034 : INFO : Machine : Platform: win32
2023-10-02 14:01:43,034 : INFO : Machine : Python executable location: c:\users\student\mpfenv\scripts\python.exe
2023-10-02 14:01:43,034 : INFO : Machine : Python version: 3.7.8 (64-bit)
2023-10-02 14:01:43,036 : INFO : Machine : Initialise MPF.
2023-10-02 14:01:43,310 : INFO : EventManager : Event: ======'machine_var_credits_string'====== Args={'value': 'FREE PLAY', 'prev_value': None, 'change': True}
2023-10-02 14:01:43,355 : INFO : EventManager : Event: ======'machine_var_master_volume'====== Args={'value': 0.5, 'prev_value': None, 'change': True}
2023-10-02 14:01:43,355 : INFO : EventManager : Event: ======'machine_var_player1_score'====== Args={'value': 1500, 'prev_value': None, 'change': True}
2023-10-02 14:01:43,355 : INFO : EventManager : Event: ======'machine_var_mpf_version'====== Args={'value': 'MPF v0.55.0', 'prev_value': None, 'change': True}
2023-10-02 14:01:43,355 : INFO : EventManager : Event: ======'machine_var_mpf_extended_version'====== Args={'value': 'MPF v0.55.0, Config version:5, Show version: 5, BCP version:1.1', 'prev_value': None, 'change': True}
2023-10-02 14:01:43,356 : INFO : EventManager : Event: ======'machine_var_python_version'====== Args={'value': '3.7.8', 'prev_value': None, 'change': True}
2023-10-02 14:01:43,356 : INFO : EventManager : Event: ======'machine_var_platform'====== Args={'value': 'Windows-10-10.0.19041-SP0', 'prev_value': None, 'change': True}
2023-10-02 14:01:43,356 : INFO : EventManager : Event: ======'machine_var_platform_system'====== Args={'value': 'Windows', 'prev_value': None, 'change': True}
2023-10-02 14:01:43,356 : INFO : EventManager : Event: ======'machine_var_platform_release'====== Args={'value': '10', 'prev_value': None, 'change': True}
2023-10-02 14:01:43,356 : INFO : EventManager : Event: ======'machine_var_platform_version'====== Args={'value': '10.0.19041', 'prev_value': None, 'change': True}
2023-10-02 14:01:43,356 : INFO : EventManager : Event: ======'machine_var_platform_machine'====== Args={'value': 'AMD64', 'prev_value': None, 'change': True}
2023-10-02 14:01:43,356 : INFO : EventManager : Event: ======'init_phase_1'====== Args={}
2023-10-02 14:01:43,373 : INFO : EventManager : Event: ======'init_phase_2'====== Args={}
2023-10-02 14:01:43,374 : INFO : SwitchController : Found active switch: ('0-0-8', <Platform.Virtual>) <switch.s_trough1>
2023-10-02 14:01:43,377 : INFO : EventManager : Event: ======'bcp_connection_attempt'====== Args={'name': 'local_display', 'host': 'localhost', 'port': 5050}
2023-10-02 14:01:43,378 : INFO : BCPClientSocket : Connecting BCP to 'local_display' at localhost:5050...
2023-10-02 14:01:45,419 : INFO : BCPClientSocket : Connected BCP to 'local_display' localhost:5050
2023-10-02 14:01:45,421 : INFO : EventManager : Event: ======'bcp_clients_connected'====== Args={}
2023-10-02 14:01:45,439 : INFO : ball_device.bd_trough : BCH: Initial count: 1
2023-10-02 14:01:45,439 : INFO : EventManager : Event: ======'machine_var_mc_version'====== Args={'value': 'MPF-MC v0.55.0', 'prev_value': None, 'change': True}
2023-10-02 14:01:45,439 : INFO : EventManager : Event: ======'machine_var_mc_extended_version'====== Args={'value': 'MPF-MC v0.55.0 (config_version=5, BCP v1.1, Requires MPF v0.55.0-dev.49)', 'prev_value': None, 'change': True}
2023-10-02 14:01:45,441 : INFO : ball_device.bd_trough : State: idle
2023-10-02 14:01:45,454 : INFO : ball_device.bd_plunger : BCH: Initial count: 0
2023-10-02 14:01:45,455 : INFO : ball_device.bd_plunger : State: idle
2023-10-02 14:01:45,510 : INFO : EventManager : Event: ======'init_phase_3'====== Args={}
2023-10-02 14:01:45,515 : INFO : EventManager : Event: ======'init_phase_4'====== Args={}
2023-10-02 14:01:45,515 : INFO : BallController : Initial balls found: 1
2023-10-02 14:01:45,516 : INFO : EventManager : Event: ======'machine_var_audits_events_game_ended'====== Args={'value': 0, 'prev_value': None, 'change': True}
2023-10-02 14:01:45,516 : INFO : EventManager : Event: ======'machine_var_audits_events_game_started'====== Args={'value': 0, 'prev_value': None, 'change': True}
2023-10-02 14:01:45,517 : INFO : EventManager : Event: ======'machine_var_audits_player_score'====== Args={'value': {'average': 1800.0, 'top': [2000, 1900, 1500], 'total': 3}, 'prev_value': None, 'change': True}
2023-10-02 14:01:45,517 : INFO : EventManager : Event: ======'machine_var_audits_shots_my_first_shot'====== Args={'value': 119, 'prev_value': None, 'change': True}
2023-10-02 14:01:45,518 : INFO : EventManager : Event: ======'machine_var_audits_shots_my_first_shot_mode2'====== Args={'value': 72, 'prev_value': None, 'change': True}
2023-10-02 14:01:45,518 : INFO : EventManager : Event: ======'machine_var_audits_shots_reentryL_shot'====== Args={'value': 370, 'prev_value': None, 'change': True}
2023-10-02 14:01:45,518 : INFO : EventManager : Event: ======'machine_var_audits_shots_reentryM_shot'====== Args={'value': 349, 'prev_value': None, 'change': True}
2023-10-02 14:01:45,518 : INFO : EventManager : Event: ======'machine_var_audits_shots_reentryR_shot'====== Args={'value': 317, 'prev_value': None, 'change': True}
2023-10-02 14:01:45,519 : INFO : EventManager : Event: ======'machine_var_audits_shots_reentry_shot'====== Args={'value': 9, 'prev_value': None, 'change': True}
2023-10-02 14:01:45,519 : INFO : EventManager : Event: ======'machine_var_audits_shots_top_lane_A'====== Args={'value': 12, 'prev_value': None, 'change': True}
2023-10-02 14:01:45,519 : INFO : EventManager : Event: ======'machine_var_audits_shots_top_lane_J'====== Args={'value': 12, 'prev_value': None, 'change': True}
2023-10-02 14:01:45,519 : INFO : EventManager : Event: ======'machine_var_audits_shots_top_lane_M'====== Args={'value': 9, 'prev_value': None, 'change': True}
2023-10-02 14:01:45,519 : INFO : EventManager : Event: ======'machine_var_audits_switches_s_blackhole_kicker'====== Args={'value': 0, 'prev_value': None, 'change': True}
2023-10-02 14:01:45,520 : INFO : EventManager : Event: ======'machine_var_audits_switches_s_bonus_lane'====== Args={'value': 0, 'prev_value': None, 'change': True}
2023-10-02 14:01:45,520 : INFO : EventManager : Event: ======'machine_var_audits_switches_s_booster_drop_target_1'====== Args={'value': 0, 'prev_value': None, 'change': True}
2023-10-02 14:01:45,520 : INFO : EventManager : Event: ======'machine_var_audits_switches_s_booster_drop_target_2'====== Args={'value': 0, 'prev_value': None, 'change': True}
2023-10-02 14:01:45,520 : INFO : EventManager : Event: ======'machine_var_audits_switches_s_booster_drop_target_3'====== Args={'value': 0, 'prev_value': None, 'change': True}
2023-10-02 14:01:45,521 : INFO : EventManager : Event: ======'machine_var_audits_switches_s_comet_spot_1'====== Args={'value': 0, 'prev_value': None, 'change': True}
2023-10-02 14:01:45,521 : INFO : EventManager : Event: ======'machine_var_audits_switches_s_comet_spot_2'====== Args={'value': 0, 'prev_value': None, 'change': True}
2023-10-02 14:01:45,521 : INFO : EventManager : Event: ======'machine_var_audits_switches_s_comet_spot_3'====== Args={'value': 0, 'prev_value': None, 'change': True}
2023-10-02 14:01:45,521 : INFO : EventManager : Event: ======'machine_var_audits_switches_s_engine_bumper_1'====== Args={'value': 0, 'prev_value': None, 'change': True}
2023-10-02 14:01:45,522 : INFO : EventManager : Event: ======'machine_var_audits_switches_s_engine_bumper_2'====== Args={'value': 0, 'prev_value': None, 'change': True}
2023-10-02 14:01:45,522 : INFO : EventManager : Event: ======'machine_var_audits_switches_s_engine_bumper_3'====== Args={'value': 0, 'prev_value': None, 'change': True}
2023-10-02 14:01:45,522 : INFO : EventManager : Event: ======'machine_var_audits_switches_s_fuel_chute_1'====== Args={'value': 0, 'prev_value': None, 'change': True}
2023-10-02 14:01:45,523 : INFO : EventManager : Event: ======'machine_var_audits_switches_s_fuel_chute_2'====== Args={'value': 0, 'prev_value': None, 'change': True}
2023-10-02 14:01:45,523 : INFO : EventManager : Event: ======'machine_var_audits_switches_s_fuel_chute_3'====== Args={'value': 0, 'prev_value': None, 'change': True}
2023-10-02 14:01:45,523 : INFO : EventManager : Event: ======'machine_var_audits_switches_s_fuel_chute_4'====== Args={'value': 0, 'prev_value': None, 'change': True}
2023-10-02 14:01:45,524 : INFO : EventManager : Event: ======'machine_var_audits_switches_s_fuel_chute_5'====== Args={'value': 0, 'prev_value': None, 'change': True}
2023-10-02 14:01:45,524 : INFO : EventManager : Event: ======'machine_var_audits_switches_s_fuel_chute_6'====== Args={'value': 0, 'prev_value': None, 'change': True}
2023-10-02 14:01:45,524 : INFO : EventManager : Event: ======'machine_var_audits_switches_s_fuel_flag'====== Args={'value': 0, 'prev_value': None, 'change': True}
2023-10-02 14:01:45,524 : INFO : EventManager : Event: ======'machine_var_audits_switches_s_fuel_spot_1'====== Args={'value': 0, 'prev_value': None, 'change': True}
2023-10-02 14:01:45,525 : INFO : EventManager : Event: ======'machine_var_audits_switches_s_fuel_spot_2'====== Args={'value': 0, 'prev_value': None, 'change': True}
2023-10-02 14:01:45,525 : INFO : EventManager : Event: ======'machine_var_audits_switches_s_fuel_spot_3'====== Args={'value': 0, 'prev_value': None, 'change': True}
2023-10-02 14:01:45,525 : INFO : EventManager : Event: ======'machine_var_audits_switches_s_green_wormhole'====== Args={'value': 0, 'prev_value': None, 'change': True}
2023-10-02 14:01:45,525 : INFO : EventManager : Event: ======'machine_var_audits_switches_s_hyperspace_flag'====== Args={'value': 0, 'prev_value': None, 'change': True}
2023-10-02 14:01:45,526 : INFO : EventManager : Event: ======'machine_var_audits_switches_s_hyperspacekicker'====== Args={'value': 0, 'prev_value': None, 'change': True}
2023-10-02 14:01:45,526 : INFO : EventManager : Event: ======'machine_var_audits_switches_s_launch_lane_1'====== Args={'value': 0, 'prev_value': None, 'change': True}
2023-10-02 14:01:45,526 : INFO : EventManager : Event: ======'machine_var_audits_switches_s_launch_lane_2'====== Args={'value': 0, 'prev_value': None, 'change': True}
2023-10-02 14:01:45,526 : INFO : EventManager : Event: ======'machine_var_audits_switches_s_launch_lane_3'====== Args={'value': 0, 'prev_value': None, 'change': True}
2023-10-02 14:01:45,527 : INFO : EventManager : Event: ======'machine_var_audits_switches_s_launch_ramp'====== Args={'value': 0, 'prev_value': None, 'change': True}
2023-10-02 14:01:45,527 : INFO : EventManager : Event: ======'machine_var_audits_switches_s_left_attack_bumper'====== Args={'value': 0, 'prev_value': None, 'change': True}
2023-10-02 14:01:45,527 : INFO : EventManager : Event: ======'machine_var_audits_switches_s_left_flipper'====== Args={'value': 463, 'prev_value': None, 'change': True}
2023-10-02 14:01:45,527 : INFO : EventManager : Event: ======'machine_var_audits_switches_s_left_out_lane'====== Args={'value': 0, 'prev_value': None, 'change': True}
2023-10-02 14:01:45,528 : INFO : EventManager : Event: ======'machine_var_audits_switches_s_left_out_lane_kicker'====== Args={'value': 0, 'prev_value': None, 'change': True}
2023-10-02 14:01:45,528 : INFO : EventManager : Event: ======'machine_var_audits_switches_s_left_return_lane'====== Args={'value': 0, 'prev_value': None, 'change': True}
2023-10-02 14:01:45,529 : INFO : EventManager : Event: ======'machine_var_audits_switches_s_lower_attack_bumper'====== Args={'value': 0, 'prev_value': None, 'change': True}
2023-10-02 14:01:45,529 : INFO : EventManager : Event: ======'machine_var_audits_switches_s_lower_left_rebound'====== Args={'value': 0, 'prev_value': None, 'change': True}
2023-10-02 14:01:45,530 : INFO : EventManager : Event: ======'machine_var_audits_switches_s_lower_left_slingshot'====== Args={'value': 0, 'prev_value': None, 'change': True}
2023-10-02 14:01:45,530 : INFO : EventManager : Event: ======'machine_var_audits_switches_s_lower_right_rebound'====== Args={'value': 0, 'prev_value': None, 'change': True}
2023-10-02 14:01:45,531 : INFO : EventManager : Event: ======'machine_var_audits_switches_s_lower_right_slingshot'====== Args={'value': 0, 'prev_value': None, 'change': True}
2023-10-02 14:01:45,531 : INFO : EventManager : Event: ======'machine_var_audits_switches_s_medal_drop_left'====== Args={'value': 0, 'prev_value': None, 'change': True}
2023-10-02 14:01:45,532 : INFO : EventManager : Event: ======'machine_var_audits_switches_s_medal_drop_middle'====== Args={'value': 0, 'prev_value': None, 'change': True}
2023-10-02 14:01:45,533 : INFO : EventManager : Event: ======'machine_var_audits_switches_s_medal_drop_right'====== Args={'value': 0, 'prev_value': None, 'change': True}
2023-10-02 14:01:45,534 : INFO : EventManager : Event: ======'machine_var_audits_switches_s_mission_spot_1'====== Args={'value': 0, 'prev_value': None, 'change': True}
2023-10-02 14:01:45,534 : INFO : EventManager : Event: ======'machine_var_audits_switches_s_mission_spot_2'====== Args={'value': 0, 'prev_value': None, 'change': True}
2023-10-02 14:01:45,535 : INFO : EventManager : Event: ======'machine_var_audits_switches_s_mission_spot_3'====== Args={'value': 0, 'prev_value': None, 'change': True}
2023-10-02 14:01:45,535 : INFO : EventManager : Event: ======'machine_var_audits_switches_s_multiplier_left'====== Args={'value': 0, 'prev_value': None, 'change': True}
2023-10-02 14:01:45,535 : INFO : EventManager : Event: ======'machine_var_audits_switches_s_multiplier_middle'====== Args={'value': 0, 'prev_value': None, 'change': True}
2023-10-02 14:01:45,536 : INFO : EventManager : Event: ======'machine_var_audits_switches_s_multiplier_right'====== Args={'value': 0, 'prev_value': None, 'change': True}
2023-10-02 14:01:45,536 : INFO : EventManager : Event: ======'machine_var_audits_switches_s_plunger'====== Args={'value': 109, 'prev_value': None, 'change': True}
2023-10-02 14:01:45,536 : INFO : EventManager : Event: ======'machine_var_audits_switches_s_radiationspot_1'====== Args={'value': 0, 'prev_value': None, 'change': True}
2023-10-02 14:01:45,537 : INFO : EventManager : Event: ======'machine_var_audits_switches_s_radiationspot_2'====== Args={'value': 0, 'prev_value': None, 'change': True}
2023-10-02 14:01:45,537 : INFO : EventManager : Event: ======'machine_var_audits_switches_s_radiationspot_3'====== Args={'value': 0, 'prev_value': None, 'change': True}
2023-10-02 14:01:45,537 : INFO : EventManager : Event: ======'machine_var_audits_switches_s_red_wormhole'====== Args={'value': 0, 'prev_value': None, 'change': True}
2023-10-02 14:01:45,538 : INFO : EventManager : Event: ======'machine_var_audits_switches_s_reentry_left'====== Args={'value': 725, 'prev_value': None, 'change': True}
2023-10-02 14:01:45,538 : INFO : EventManager : Event: ======'machine_var_audits_switches_s_reentry_middle'====== Args={'value': 423, 'prev_value': None, 'change': True}
2023-10-02 14:01:45,538 : INFO : EventManager : Event: ======'machine_var_audits_switches_s_reentry_right'====== Args={'value': 376, 'prev_value': None, 'change': True}
2023-10-02 14:01:45,538 : INFO : EventManager : Event: ======'machine_var_audits_switches_s_right_flipper'====== Args={'value': 191, 'prev_value': None, 'change': True}
2023-10-02 14:01:45,539 : INFO : EventManager : Event: ======'machine_var_audits_switches_s_right_inlane'====== Args={'value': 0, 'prev_value': None, 'change': True}
2023-10-02 14:01:45,539 : INFO : EventManager : Event: ======'machine_var_audits_switches_s_right_out_lane'====== Args={'value': 0, 'prev_value': None, 'change': True}
2023-10-02 14:01:45,540 : INFO : EventManager : Event: ======'machine_var_audits_switches_s_right_out_lane_kicker'====== Args={'value': 0, 'prev_value': None, 'change': True}
2023-10-02 14:01:45,540 : INFO : EventManager : Event: ======'machine_var_audits_switches_s_right_return_lane'====== Args={'value': 0, 'prev_value': None, 'change': True}
2023-10-02 14:01:45,540 : INFO : EventManager : Event: ======'machine_var_audits_switches_s_satellite_bumper'====== Args={'value': 0, 'prev_value': None, 'change': True}
2023-10-02 14:01:45,541 : INFO : EventManager : Event: ======'machine_var_audits_switches_s_secondary_outlane_kicker'====== Args={'value': 0, 'prev_value': None, 'change': True}
2023-10-02 14:01:45,541 : INFO : EventManager : Event: ======'machine_var_audits_switches_s_skill_shot_1'====== Args={'value': 0, 'prev_value': None, 'change': True}
2023-10-02 14:01:45,541 : INFO : EventManager : Event: ======'machine_var_audits_switches_s_skill_shot_2'====== Args={'value': 0, 'prev_value': None, 'change': True}
2023-10-02 14:01:45,541 : INFO : EventManager : Event: ======'machine_var_audits_switches_s_skill_shot_3'====== Args={'value': 0, 'prev_value': None, 'change': True}
2023-10-02 14:01:45,542 : INFO : EventManager : Event: ======'machine_var_audits_switches_s_skill_shot_4'====== Args={'value': 0, 'prev_value': None, 'change': True}
2023-10-02 14:01:45,542 : INFO : EventManager : Event: ======'machine_var_audits_switches_s_skill_shot_5'====== Args={'value': 0, 'prev_value': None, 'change': True}
2023-10-02 14:01:45,543 : INFO : EventManager : Event: ======'machine_var_audits_switches_s_skill_shot_6'====== Args={'value': 0, 'prev_value': None, 'change': True}
2023-10-02 14:01:45,544 : INFO : EventManager : Event: ======'machine_var_audits_switches_s_skill_shot_lane'====== Args={'value': 0, 'prev_value': None, 'change': True}
2023-10-02 14:01:45,544 : INFO : EventManager : Event: ======'machine_var_audits_switches_s_spacewarp_rollover'====== Args={'value': 0, 'prev_value': None, 'change': True}
2023-10-02 14:01:45,545 : INFO : EventManager : Event: ======'machine_var_audits_switches_s_start'====== Args={'value': 3, 'prev_value': None, 'change': True}
2023-10-02 14:01:45,545 : INFO : EventManager : Event: ======'machine_var_audits_switches_s_trough1'====== Args={'value': 29, 'prev_value': None, 'change': True}
2023-10-02 14:01:45,545 : INFO : EventManager : Event: ======'machine_var_audits_switches_s_trough2'====== Args={'value': 0, 'prev_value': None, 'change': True}
2023-10-02 14:01:45,546 : INFO : EventManager : Event: ======'machine_var_audits_switches_s_trough3'====== Args={'value': 0, 'prev_value': None, 'change': True}
2023-10-02 14:01:45,546 : INFO : EventManager : Event: ======'machine_var_audits_switches_s_trough4'====== Args={'value': 0, 'prev_value': None, 'change': True}
2023-10-02 14:01:45,547 : INFO : EventManager : Event: ======'machine_var_audits_switches_s_trough5'====== Args={'value': 0, 'prev_value': None, 'change': True}
2023-10-02 14:01:45,547 : INFO : EventManager : Event: ======'machine_var_audits_switches_s_trough6'====== Args={'value': 0, 'prev_value': None, 'change': True}
2023-10-02 14:01:45,547 : INFO : EventManager : Event: ======'machine_var_audits_switches_s_trough_jam'====== Args={'value': 0, 'prev_value': None, 'change': True}
2023-10-02 14:01:45,548 : INFO : EventManager : Event: ======'machine_var_audits_switches_s_upper_attack_bumper'====== Args={'value': 0, 'prev_value': None, 'change': True}
2023-10-02 14:01:45,548 : INFO : EventManager : Event: ======'machine_var_audits_switches_s_upper_left_rebound'====== Args={'value': 0, 'prev_value': None, 'change': True}
2023-10-02 14:01:45,548 : INFO : EventManager : Event: ======'machine_var_audits_switches_s_upper_right_rebound'====== Args={'value': 0, 'prev_value': None, 'change': True}
2023-10-02 14:01:45,549 : INFO : EventManager : Event: ======'machine_var_audits_switches_s_wormhole_target'====== Args={'value': 0, 'prev_value': None, 'change': True}
2023-10-02 14:01:45,549 : INFO : EventManager : Event: ======'machine_var_audits_switches_s_yellow_wormhole'====== Args={'value': 0, 'prev_value': None, 'change': True}
2023-10-02 14:01:45,550 : INFO : EventManager : Event: ======'init_phase_5'====== Args={}
2023-10-02 14:01:45,585 : INFO : EventManager : Event: ======'init_done'====== Args={}
2023-10-02 14:01:45,586 : INFO : EventManager : Event: ======'machine_reset_phase_1'====== Args={}
2023-10-02 14:01:45,595 : INFO : EventManager : Event: ======'slide_welcome_slide_removed'====== Args={'_from_bcp': True}
2023-10-02 14:01:45,595 : INFO : EventManager : Event: ======'slide_welcome_slide_created'====== Args={'_from_bcp': True}
2023-10-02 14:01:45,597 : INFO : EventManager : Event: ======'slide_welcome_slide_active'====== Args={'_from_bcp': True}
2023-10-02 14:01:45,597 : INFO : EventManager : Event: ======'machine_reset_phase_2'====== Args={}
2023-10-02 14:01:45,597 : INFO : EventManager : Event: ======'machine_reset_phase_3'====== Args={}
2023-10-02 14:01:45,598 : INFO : EventManager : Event: ======'reset_complete'====== Args={}
2023-10-02 14:01:45,598 : INFO : EventManager : Event: ======'mode_attract_will_start'====== Args={}
2023-10-02 14:01:45,599 : INFO : EventManager : Event: ======'mode_attract_starting'====== Args={}
2023-10-02 14:01:45,599 : INFO : Mode.attract : Started. Priority: 10
2023-10-02 14:01:45,599 : INFO : EventManager : Event: ======'modes_active_modes_changed'====== Args={}
2023-10-02 14:01:45,599 : INFO : EventManager : Event: ======'mode_attract_started'====== Args={}
2023-10-02 14:01:45,599 : INFO : EventManager : Event: ======'collecting_balls_complete'====== Args={}
2023-10-02 14:01:45,630 : INFO : EventManager : Event: ======'slide_awesome_slide_created'====== Args={'_from_bcp': True}
2023-10-02 14:01:45,630 : INFO : EventManager : Event: ======'slide_awesome_slide_active'====== Args={'_from_bcp': True}
2023-10-02 14:01:45,630 : INFO : Machine : Starting the main run loop.
2023-10-02 14:01:46,261 : INFO : BcpServer : New client connected.
2023-10-02 14:01:48,617 : INFO : EventManager : Event: ======'slide_press_start_created'====== Args={'_from_bcp': True}
2023-10-02 14:01:48,618 : INFO : EventManager : Event: ======'slide_press_start_active'====== Args={'_from_bcp': True}
2023-10-02 14:01:50,031 : INFO : SwitchController : <<<<<<< 's_start' active >>>>>>>
2023-10-02 14:01:50,166 : INFO : SwitchController : <<<<<<< 's_start' inactive >>>>>>>
2023-10-02 14:01:50,166 : INFO : EventManager : Event: ======'request_to_start_game'====== Args={}
2023-10-02 14:01:50,167 : INFO : EventManager : Event: ======'game_start'====== Args={'buttons': [], 'hold_time': 0.1409999999887077}
2023-10-02 14:01:50,167 : INFO : EventManager : Event: ======'mode_game_will_start'====== Args={'buttons': [], 'hold_time': 0.1409999999887077}
2023-10-02 14:01:50,168 : INFO : EventManager : Event: ======'mode_game_starting'====== Args={'buttons': [], 'hold_time': 0.1409999999887077}
2023-10-02 14:01:50,168 : INFO : EventManager : Event: ======'mode_attract_will_stop'====== Args={}
2023-10-02 14:01:50,168 : INFO : EventManager : Event: ======'mode_attract_stopping'====== Args={}
2023-10-02 14:01:50,169 : INFO : Mode.attract : Stopped.
2023-10-02 14:01:50,169 : INFO : EventManager : Event: ======'modes_active_modes_changed'====== Args={}
2023-10-02 14:01:50,170 : INFO : EventManager : Event: ======'mode_attract_stopped'====== Args={}
2023-10-02 14:01:50,170 : INFO : EventManager : Event: ======'clear'====== Args={'key': 'attract'}
2023-10-02 14:01:50,171 : INFO : Mode.game : Started. Priority: 20
2023-10-02 14:01:50,171 : INFO : EventManager : Event: ======'modes_active_modes_changed'====== Args={}
2023-10-02 14:01:50,172 : INFO : EventManager : Event: ======'mode_game_started'====== Args={'buttons': [], 'hold_time': 0.1409999999887077}
2023-10-02 14:01:50,181 : INFO : EventManager : Event: ======'game_will_start'====== Args={}
2023-10-02 14:01:50,181 : INFO : EventManager : Event: ======'slide_awesome_slide_removed'====== Args={'_from_bcp': True}
2023-10-02 14:01:50,181 : INFO : EventManager : Event: ======'slide_press_start_removed'====== Args={'_from_bcp': True}
2023-10-02 14:01:50,181 : INFO : EventManager : Event: ======'slide_welcome_slide_active'====== Args={'_from_bcp': True}
2023-10-02 14:01:50,181 : INFO : EventManager : Event: ======'game_starting'====== Args={'game': <Mode.game>}
2023-10-02 14:01:50,182 : INFO : EventManager : Event: ======'player_add_request'====== Args={}
2023-10-02 14:01:50,182 : INFO : EventManager : Event: ======'player_will_add'====== Args={'number': 1}
2023-10-02 14:01:50,183 : INFO : EventManager : Event: ======'player_adding'====== Args={'player': <Player 1>, 'number': 1}
2023-10-02 14:01:50,183 : INFO : EventManager : Event: ======'player_added'====== Args={'player': <Player 1>, 'num': 1}
2023-10-02 14:01:50,183 : INFO : Mode.game : Player added successfully. Total players: 1
2023-10-02 14:01:50,183 : INFO : EventManager : Event: ======'player_index'====== Args={'value': 0, 'prev_value': 0, 'change': 0, 'player_num': 1}
2023-10-02 14:01:50,183 : INFO : EventManager : Event: ======'player_number'====== Args={'value': 1, 'prev_value': 1, 'change': 0, 'player_num': 1}
2023-10-02 14:01:50,184 : INFO : EventManager : Event: ======'player_score'====== Args={'value': 0, 'prev_value': 0, 'change': 0, 'player_num': 1}
2023-10-02 14:01:50,184 : INFO : EventManager : Event: ======'game_started'====== Args={}
2023-10-02 14:01:50,191 : INFO : EventManager : Event: ======'player_turn_will_start'====== Args={'player': <Player 1>, 'number': 1}
2023-10-02 14:01:50,200 : INFO : EventManager : Event: ======'player_turn_starting'====== Args={'player': <Player 1>, 'number': 1}
2023-10-02 14:01:50,201 : INFO : EventManager : Event: ======'player_ball'====== Args={'value': 1, 'prev_value': 0, 'change': 1, 'player_num': 1}
2023-10-02 14:01:50,201 : INFO : EventManager : Event: ======'player_turn_started'====== Args={'player': <Player 1>, 'number': 1}
2023-10-02 14:01:50,202 : INFO : EventManager : Event: ======'ball_will_start'====== Args={'player': 1, 'ball': 1, 'balls_remaining': 2, 'is_extra_ball': False}
2023-10-02 14:01:50,207 : INFO : EventManager : Event: ======'ball_starting'====== Args={'player': 1, 'ball': 1, 'balls_remaining': 2, 'is_extra_ball': False}
2023-10-02 14:01:50,208 : INFO : EventManager : Event: ======'mode_base_will_start'====== Args={'queue': <QueuedEvent>, 'player': 1, 'ball': 1, 'balls_remaining': 2, 'is_extra_ball': False}
2023-10-02 14:01:50,208 : INFO : EventManager : Event: ======'mode_base_starting'====== Args={'queue': <QueuedEvent>, 'player': 1, 'ball': 1, 'balls_remaining': 2, 'is_extra_ball': False}
2023-10-02 14:01:50,209 : INFO : Mode.base : Started. Priority: 100
2023-10-02 14:01:50,209 : INFO : EventManager : Event: ======'modes_active_modes_changed'====== Args={}
2023-10-02 14:01:50,210 : INFO : EventManager : Event: ======'mode_base_started'====== Args={'queue': <QueuedEvent>, 'player': 1, 'ball': 1, 'balls_remaining': 2, 'is_extra_ball': False}
2023-10-02 14:01:50,211 : INFO : EventManager : Event: ======'balls_in_play'====== Args={'balls': 1}
2023-10-02 14:01:50,212 : INFO : EventManager : Event: ======'ball_started'====== Args={'player': 1, 'ball': 1, 'balls_remaining': 2, 'is_extra_ball': False}
2023-10-02 14:01:50,212 : INFO : EventManager : Event: ======'mode_reentry_will_start'====== Args={'player': 1, 'ball': 1, 'balls_remaining': 2, 'is_extra_ball': False}
2023-10-02 14:01:50,213 : INFO : EventManager : Event: ======'player_shot_reentryL_shot_enabled'====== Args={'value': True, 'prev_value': 0, 'change': 1, 'player_num': 1}
2023-10-02 14:01:50,213 : INFO : EventManager : Event: ======'player_shot_reentryM_shot_enabled'====== Args={'value': True, 'prev_value': 0, 'change': 1, 'player_num': 1}
2023-10-02 14:01:50,214 : INFO : EventManager : Event: ======'player_shot_reentryR_shot_enabled'====== Args={'value': True, 'prev_value': 0, 'change': 1, 'player_num': 1}
2023-10-02 14:01:50,214 : INFO : EventManager : Event: ======'reentry_shot_complete'====== Args={'state': 'off'}
2023-10-02 14:01:50,215 : INFO : EventManager : Event: ======'reentry_shot_off_complete'====== Args={}
2023-10-02 14:01:50,216 : INFO : EventManager : Event: ======'mode_reentry_starting'====== Args={'player': 1, 'ball': 1, 'balls_remaining': 2, 'is_extra_ball': False}
2023-10-02 14:01:50,241 : INFO : EventManager : Event: ======'logicblock_lb_reentry_complete_count_updated'====== Args={'value': 1, 'enabled': True}
2023-10-02 14:01:50,242 : INFO : EventManager : Event: ======'logicblock_lb_reentry_complete_count_updated'====== Args={'value': 1, 'enabled': True}
2023-10-02 14:01:50,242 : INFO : Mode.reentry : Started. Priority: 200
2023-10-02 14:01:50,242 : INFO : EventManager : Event: ======'modes_active_modes_changed'====== Args={}
2023-10-02 14:01:50,242 : INFO : EventManager : Event: ======'mode_reentry_started'====== Args={'player': 1, 'ball': 1, 'balls_remaining': 2, 'is_extra_ball': False}
2023-10-02 14:01:50,243 : INFO : EventManager : Event: ======'single_player_ball_started'====== Args={}
2023-10-02 14:01:50,243 : INFO : EventManager : Event: ======'player_attack_bumper_count'====== Args={'value': 1, 'prev_value': 0, 'change': 1, 'player_num': 1}
2023-10-02 14:01:50,244 : INFO : EventManager : Event: ======'slide_base.slide_player-mode_base_started_created'====== Args={'_from_bcp': True}
2023-10-02 14:01:50,244 : INFO : EventManager : Event: ======'slide_base.slide_player-mode_base_started_active'====== Args={'_from_bcp': True}
2023-10-02 14:01:50,244 : INFO : EventManager : Event: ======'slide__global.slide_player-ball_started_created'====== Args={'_from_bcp': True}
2023-10-02 14:01:50,245 : INFO : EventManager : Event: ======'ball_start_target'====== Args={'target': 'playfield'}
2023-10-02 14:01:50,269 : INFO : ball_device.bd_plunger : Setting up player-controlled eject. Balls: 1, Target: <playfield.playfield>, player_controlled_eject_event: None
2023-10-02 14:01:50,269 : INFO : EventManager : Event: ======'balldevice_balls_available'====== Args={}
2023-10-02 14:01:50,270 : INFO : ball_device.bd_trough : State: waiting_for_target_ready
2023-10-02 14:01:50,270 : INFO : EventManager : Event: ======'balldevice_bd_trough_ball_eject_attempt'====== Args={'balls': 1, 'target': <ball_device.bd_plunger>, 'source': <ball_device.bd_trough>, 'mechanical_eject': True, 'num_attempts': 0}
2023-10-02 14:01:50,270 : INFO : ball_device.bd_plunger : State: waiting_for_ball
2023-10-02 14:01:50,271 : INFO : ball_device.bd_trough : State: ejecting
2023-10-02 14:01:50,271 : INFO : ball_device.bd_trough : Ejecting ball to <ball_device.bd_plunger>
2023-10-02 14:01:50,271 : INFO : EventManager : Event: ======'balldevice_bd_trough_ejecting_ball'====== Args={'balls': 1, 'target': <ball_device.bd_plunger>, 'source': <ball_device.bd_trough>, 'mechanical_eject': True, 'num_attempts': 0}
2023-10-02 14:01:50,271 : INFO : ball_device.bd_trough : Wait for ball to leave device
2023-10-02 14:01:50,272 : INFO : coil.c_trough_eject : Pulsing Driver for 10ms (1.0 pulse_power)
2023-10-02 14:01:51,568 : INFO : SwitchController : <<<<<<< 's_trough1' inactive >>>>>>>
2023-10-02 14:01:51,576 : INFO : ball_device.bd_trough : State: ball_left
2023-10-02 14:01:51,576 : INFO : ball_device.bd_trough : Ball left
2023-10-02 14:01:51,576 : INFO : ball_device.bd_trough : Wait for confirm with timeout 10.0
2023-10-02 14:01:52,529 : INFO : SwitchController : <<<<<<< 's_plunger' active >>>>>>>
2023-10-02 14:01:52,530 : INFO : EventManager : Event: ======'machine_var_audits_switches_s_plunger'====== Args={'value': 110, 'prev_value': 109, 'change': 1}
2023-10-02 14:01:53,033 : INFO : ball_device.bd_plunger : Received ball from <ball_device.bd_trough>
2023-10-02 14:01:53,033 : INFO : EventManager : Event: ======'balldevice_bd_plunger_ball_enter'====== Args={'new_balls': 1, 'unclaimed_balls': 0, 'new_available_balls': 0, 'device': <ball_device.bd_plunger>}
2023-10-02 14:01:53,035 : INFO : EventManager : Event: ======'balldevice_bd_plunger_ball_entered'====== Args={'new_balls': 0, 'device': <ball_device.bd_plunger>}
2023-10-02 14:01:53,037 : INFO : EventManager : Event: ======'balldevice_bd_plunger_ball_count_changed'====== Args={'balls': 1}
2023-10-02 14:01:53,038 : INFO : ball_device.bd_trough : Got eject confirm
2023-10-02 14:01:53,038 : INFO : ball_device.bd_trough : Eject successful
2023-10-02 14:01:53,039 : INFO : EventManager : Event: ======'balldevice_bd_trough_ball_eject_success'====== Args={'balls': 1, 'target': <ball_device.bd_plunger>}
2023-10-02 14:01:53,040 : INFO : EventManager : Event: ======'balldevice_bd_trough_ball_count_changed'====== Args={'balls': 0}
2023-10-02 14:01:53,041 : INFO : ball_device.bd_trough : State: idle
2023-10-02 14:01:53,041 : INFO : ball_device.bd_plunger : State: waiting_for_target_ready
2023-10-02 14:01:53,042 : INFO : EventManager : Event: ======'balldevice_bd_plunger_ball_eject_attempt'====== Args={'balls': 1, 'target': <playfield.playfield>, 'source': <ball_device.bd_plunger>, 'mechanical_eject': True, 'num_attempts': 0}
2023-10-02 14:01:53,044 : INFO : ball_device.bd_plunger : State: ejecting
2023-10-02 14:01:53,045 : INFO : ball_device.bd_plunger : Ejecting ball to <playfield.playfield>
2023-10-02 14:01:53,045 : INFO : EventManager : Event: ======'balldevice_bd_plunger_ejecting_ball'====== Args={'balls': 1, 'target': <playfield.playfield>, 'source': <ball_device.bd_plunger>, 'mechanical_eject': True, 'num_attempts': 0}
2023-10-02 14:01:53,050 : INFO : ball_device.bd_plunger : Wait for ball to leave device
2023-10-02 14:01:58,060 : INFO : SwitchController : <<<<<<< 's_reentry_left' active >>>>>>>
2023-10-02 14:01:58,061 : INFO : EventManager : Event: ======'playfield_active'====== Args={}
2023-10-02 14:01:58,062 : INFO : EventManager : Event: ======'s_reentry_left_active'====== Args={}
2023-10-02 14:01:58,064 : INFO : EventManager : Event: ======'sw_playfield_active'====== Args={}
2023-10-02 14:01:58,065 : INFO : EventManager : Event: ======'machine_var_audits_switches_s_reentry_left'====== Args={'value': 726, 'prev_value': 725, 'change': 1}
2023-10-02 14:01:58,069 : INFO : EventManager : Event: ======'player_shot_reentryL_shot'====== Args={'value': 1, 'prev_value': 0, 'change': 1, 'player_num': 1}
2023-10-02 14:01:58,089 : INFO : EventManager : Event: ======'machine_var_audits_shots_reentryL_shot'====== Args={'value': 371, 'prev_value': 370, 'change': 1}
2023-10-02 14:01:58,090 : INFO : EventManager : Event: ======'reentryL_shot_hit'====== Args={'profile': 'reentry', 'state': 'off', 'advancing': True}
2023-10-02 14:01:58,090 : INFO : EventManager : Event: ======'reentryL_shot_reentry_hit'====== Args={'profile': 'reentry', 'state': 'off', 'advancing': True}
2023-10-02 14:01:58,091 : INFO : EventManager : Event: ======'reentryL_shot_reentry_off_hit'====== Args={'profile': 'reentry', 'state': 'off', 'advancing': True}
2023-10-02 14:01:58,091 : INFO : EventManager : Event: ======'reentryL_shot_off_hit'====== Args={'profile': 'reentry', 'state': 'off', 'advancing': True}
2023-10-02 14:01:58,091 : INFO : EventManager : Event: ======'reentry_shot_hit'====== Args={}
2023-10-02 14:01:58,091 : INFO : EventManager : Event: ======'reentry_shot_off_hit'====== Args={}
2023-10-02 14:01:58,091 : INFO : EventManager : Event: ======'player_score'====== Args={'value': 1000, 'prev_value': 0, 'change': 1000, 'player_num': 1}
2023-10-02 14:01:58,091 : INFO : EventManager : Event: ======'playfield_active'====== Args={}
2023-10-02 14:01:58,295 : INFO : SwitchController : <<<<<<< 's_reentry_left' inactive >>>>>>>
2023-10-02 14:01:59,238 : INFO : SwitchController : <<<<<<< 's_reentry_middle' active >>>>>>>
2023-10-02 14:01:59,239 : INFO : EventManager : Event: ======'playfield_active'====== Args={}
2023-10-02 14:01:59,240 : INFO : EventManager : Event: ======'s_reentry_middle_active'====== Args={}
2023-10-02 14:01:59,242 : INFO : EventManager : Event: ======'sw_playfield_active'====== Args={}
2023-10-02 14:01:59,243 : INFO : EventManager : Event: ======'machine_var_audits_switches_s_reentry_middle'====== Args={'value': 424, 'prev_value': 423, 'change': 1}
2023-10-02 14:01:59,247 : INFO : EventManager : Event: ======'player_shot_reentryM_shot'====== Args={'value': 1, 'prev_value': 0, 'change': 1, 'player_num': 1}
2023-10-02 14:01:59,250 : INFO : EventManager : Event: ======'machine_var_audits_shots_reentryM_shot'====== Args={'value': 350, 'prev_value': 349, 'change': 1}
2023-10-02 14:01:59,253 : INFO : EventManager : Event: ======'reentryM_shot_hit'====== Args={'profile': 'reentry', 'state': 'off', 'advancing': True}
2023-10-02 14:01:59,253 : INFO : EventManager : Event: ======'reentryM_shot_reentry_hit'====== Args={'profile': 'reentry', 'state': 'off', 'advancing': True}
2023-10-02 14:01:59,254 : INFO : EventManager : Event: ======'reentryM_shot_reentry_off_hit'====== Args={'profile': 'reentry', 'state': 'off', 'advancing': True}
2023-10-02 14:01:59,254 : INFO : EventManager : Event: ======'reentryM_shot_off_hit'====== Args={'profile': 'reentry', 'state': 'off', 'advancing': True}
2023-10-02 14:01:59,255 : INFO : EventManager : Event: ======'reentry_shot_hit'====== Args={}
2023-10-02 14:01:59,256 : INFO : EventManager : Event: ======'reentry_shot_off_hit'====== Args={}
2023-10-02 14:01:59,256 : INFO : EventManager : Event: ======'player_score'====== Args={'value': 2000, 'prev_value': 1000, 'change': 1000, 'player_num': 1}
2023-10-02 14:01:59,257 : INFO : EventManager : Event: ======'playfield_active'====== Args={}
2023-10-02 14:01:59,416 : INFO : SwitchController : <<<<<<< 's_reentry_middle' inactive >>>>>>>
2023-10-02 14:02:00,536 : INFO : SwitchController : <<<<<<< 's_reentry_right' active >>>>>>>
2023-10-02 14:02:00,537 : INFO : EventManager : Event: ======'playfield_active'====== Args={}
2023-10-02 14:02:00,538 : INFO : EventManager : Event: ======'s_reentry_right_active'====== Args={}
2023-10-02 14:02:00,540 : INFO : EventManager : Event: ======'sw_playfield_active'====== Args={}
2023-10-02 14:02:00,541 : INFO : EventManager : Event: ======'machine_var_audits_switches_s_reentry_right'====== Args={'value': 377, 'prev_value': 376, 'change': 1}
2023-10-02 14:02:00,544 : INFO : EventManager : Event: ======'player_shot_reentryR_shot'====== Args={'value': 1, 'prev_value': 0, 'change': 1, 'player_num': 1}
2023-10-02 14:02:00,546 : INFO : EventManager : Event: ======'machine_var_audits_shots_reentryR_shot'====== Args={'value': 318, 'prev_value': 317, 'change': 1}
2023-10-02 14:02:00,548 : INFO : EventManager : Event: ======'reentryR_shot_hit'====== Args={'profile': 'reentry', 'state': 'off', 'advancing': True}
2023-10-02 14:02:00,548 : INFO : EventManager : Event: ======'reentryR_shot_reentry_hit'====== Args={'profile': 'reentry', 'state': 'off', 'advancing': True}
2023-10-02 14:02:00,548 : INFO : EventManager : Event: ======'reentryR_shot_reentry_off_hit'====== Args={'profile': 'reentry', 'state': 'off', 'advancing': True}
2023-10-02 14:02:00,548 : INFO : EventManager : Event: ======'reentryR_shot_off_hit'====== Args={'profile': 'reentry', 'state': 'off', 'advancing': True}
2023-10-02 14:02:00,549 : INFO : EventManager : Event: ======'reentry_shot_complete'====== Args={'state': 'lit'}
2023-10-02 14:02:00,549 : INFO : EventManager : Event: ======'reentry_shot_lit_complete'====== Args={}
2023-10-02 14:02:00,549 : INFO : EventManager : Event: ======'reentry_shot_hit'====== Args={}
2023-10-02 14:02:00,549 : INFO : EventManager : Event: ======'reentry_shot_off_hit'====== Args={}
2023-10-02 14:02:00,550 : INFO : EventManager : Event: ======'player_score'====== Args={'value': 7000, 'prev_value': 2000, 'change': 5000, 'player_num': 1}
2023-10-02 14:02:00,550 : INFO : EventManager : Event: ======'logicblock_lb_reentry_complete_count_updated'====== Args={'value': 2, 'enabled': True}
2023-10-02 14:02:00,550 : INFO : EventManager : Event: ======'reentry_lanes_done'====== Args={'count': 2}
2023-10-02 14:02:00,551 : INFO : EventManager : Event: ======'player_attack_bumper_count'====== Args={'value': 2, 'prev_value': 1, 'change': 1, 'player_num': 1}
2023-10-02 14:02:00,551 : INFO : EventManager : Event: ======'player_score'====== Args={'value': 8000, 'prev_value': 7000, 'change': 1000, 'player_num': 1}
2023-10-02 14:02:00,551 : INFO : EventManager : Event: ======'playfield_active'====== Args={}
2023-10-02 14:02:00,701 : INFO : SwitchController : <<<<<<< 's_reentry_right' inactive >>>>>>>
2023-10-02 14:02:02,553 : INFO : EventManager : Event: ======'player_shot_reentryL_shot'====== Args={'value': 0, 'prev_value': 1, 'change': -1, 'player_num': 1}
2023-10-02 14:02:02,556 : INFO : EventManager : Event: ======'player_shot_reentryM_shot'====== Args={'value': 0, 'prev_value': 1, 'change': -1, 'player_num': 1}
2023-10-02 14:02:02,559 : INFO : EventManager : Event: ======'player_shot_reentryR_shot'====== Args={'value': 0, 'prev_value': 1, 'change': -1, 'player_num': 1}
2023-10-02 14:31:54,472 : INFO : Machine : Shutting down...
2023-10-02 14:31:54,472 : INFO : EventManager : Event: ======'shutdown'====== Args={}
2023-10-02 14:31:54,479 : INFO : root : MPF run loop ended.
