2023-02-16 21:38:14,677 : INFO : root : Loading config.
2023-02-16 21:38:15,005 : INFO : ConfigProcessor : Config spec file cache created: C:\Users\student\AppData\Local\Temp\config_spec.mpf_cache
2023-02-16 21:38:15,005 : INFO : YamlMultifileConfigLoader : Machine config file #1: config.yaml
2023-02-16 21:38:15,005 : INFO : ConfigProcessor : Loading config from file c:\users\student\mpfenv\lib\site-packages\mpf\mpfconfig.yaml.
2023-02-16 21:38:15,068 : INFO : ConfigProcessor : Loading config: c:\users\student\mpfenv\lib\site-packages\mpf\mpfconfig.yaml
2023-02-16 21:38:15,068 : INFO : ConfigProcessor : Loading config from file C:\Users\student\pinball\cobraPinTest1\config\config.yaml.
2023-02-16 21:38:15,099 : INFO : ConfigProcessor : Loading config: C:\Users\student\pinball\cobraPinTest1\config\config.yaml
2023-02-16 21:38:15,099 : INFO : ConfigProcessor : Config file cache created: C:\Users\student\AppData\Local\Temp\f1427cd4cbc9163bc2263f349f0fb463.mpf_cache
2023-02-16 21:38:15,193 : INFO : ConfigProcessor : Loading config from file c:\users\student\mpfenv\lib\site-packages\mpf\modes\attract\config\attract.yaml.
2023-02-16 21:38:15,193 : INFO : ConfigProcessor : Loading config: c:\users\student\mpfenv\lib\site-packages\mpf\modes\attract\config\attract.yaml
2023-02-16 21:38:15,193 : INFO : ConfigProcessor : Loading config from file C:\Users\student\pinball\cobraPinTest1\modes\attract\config\attract.yaml.
2023-02-16 21:38:15,193 : INFO : ConfigProcessor : Loading config: C:\Users\student\pinball\cobraPinTest1\modes\attract\config\attract.yaml
2023-02-16 21:38:15,193 : INFO : ConfigProcessor : Config file cache created: C:\Users\student\AppData\Local\Temp\32ed7ad340ce8029344f8b9ff63edc80.mpf_cache
2023-02-16 21:38:15,193 : INFO : ConfigProcessor : Loading config from file c:\users\student\mpfenv\lib\site-packages\mpf\modes\game\config\game.yaml.
2023-02-16 21:38:15,193 : INFO : ConfigProcessor : Loading config: c:\users\student\mpfenv\lib\site-packages\mpf\modes\game\config\game.yaml
2023-02-16 21:38:15,209 : INFO : ConfigProcessor : Config file cache created: C:\Users\student\AppData\Local\Temp\8696bd5a5a040ff67990be11cb4d3c0c.mpf_cache
2023-02-16 21:38:15,209 : INFO : ConfigProcessor : Loading config from file C:\Users\student\pinball\cobraPinTest1\modes\base\config\base.yaml.
2023-02-16 21:38:15,209 : INFO : ConfigProcessor : Loading config: C:\Users\student\pinball\cobraPinTest1\modes\base\config\base.yaml
2023-02-16 21:38:15,209 : INFO : ConfigProcessor : Config file cache created: C:\Users\student\AppData\Local\Temp\4675a535c8328a9c278c807d999ed109.mpf_cache
2023-02-16 21:38:15,209 : INFO : ConfigProcessor : Loading config from file C:\Users\student\pinball\cobraPinTest1\modes\reentry\config\reentry.yaml.
2023-02-16 21:38:15,224 : INFO : ConfigProcessor : Loading config: C:\Users\student\pinball\cobraPinTest1\modes\reentry\config\reentry.yaml
2023-02-16 21:38:15,224 : INFO : ConfigProcessor : Config file cache created: C:\Users\student\AppData\Local\Temp\0c8438cab3480347c0c749fa494946a2.mpf_cache
2023-02-16 21:38:15,224 : INFO : ConfigProcessor : Loading config from file C:\Users\student\pinball\cobraPinTest1\modes\attract\shows\.\attract_display_loop.yaml.
2023-02-16 21:38:15,240 : INFO : ConfigProcessor : Loading config: C:\Users\student\pinball\cobraPinTest1\modes\attract\shows\.\attract_display_loop.yaml
2023-02-16 21:38:15,240 : INFO : ConfigProcessor : Config file cache created: C:\Users\student\AppData\Local\Temp\f8d2c2cf3ea01f085365ea23fa51a701.mpf_cache
2023-02-16 21:38:15,240 : INFO : ConfigProcessor : Loading config from file C:\Users\student\pinball\cobraPinTest1\modes\attract\shows\.\attract_light_show.yaml.
2023-02-16 21:38:15,240 : INFO : ConfigProcessor : Loading config: C:\Users\student\pinball\cobraPinTest1\modes\attract\shows\.\attract_light_show.yaml
2023-02-16 21:38:15,240 : INFO : ConfigProcessor : Config file cache created: C:\Users\student\AppData\Local\Temp\30bd992f4b62a9b099207aebeb59554c.mpf_cache
2023-02-16 21:38:15,255 : INFO : Machine : Mission Pinball Framework Core Engine v0.55.0
2023-02-16 21:38:15,255 : INFO : Machine : Command line arguments: {'no_load_cache': True, 'create_config_cache': True, 'bcp': True, 'configfile': ['config.yaml'], 'force_assets_load': False, 'jsonlogging': False, 'logfile': 'logs\\2023-02-16-21-38-14-mpf-DESKTOP-0JH7ARL.log', 'pause': False, 'production': False, 'text_ui': True, 'loglevel': 15, 'consoleloglevel': 20, 'force_platform': None, 'syslog_address': None, 'mc_file_name': None, 'no_sound': False}
2023-02-16 21:38:15,255 : INFO : Machine : MPF path: c:\users\student\mpfenv\lib\site-packages\mpf
2023-02-16 21:38:15,255 : INFO : Machine : Machine path: C:\Users\student\pinball\cobraPinTest1
2023-02-16 21:38:15,255 : INFO : Machine : Platform: win32
2023-02-16 21:38:15,255 : INFO : Machine : Python executable location: c:\users\student\mpfenv\scripts\python.exe
2023-02-16 21:38:15,255 : INFO : Machine : Python version: 3.7.8 (64-bit)
2023-02-16 21:38:15,255 : INFO : Machine : Initialise MPF.
2023-02-16 21:38:15,504 : INFO : EventManager : Event: ======'machine_var_credits_string'====== Args={'value': 'FREE PLAY', 'prev_value': None, 'change': True}
2023-02-16 21:38:15,549 : INFO : EventManager : Event: ======'machine_var_master_volume'====== Args={'value': 0.5, 'prev_value': None, 'change': True}
2023-02-16 21:38:15,550 : INFO : EventManager : Event: ======'machine_var_player1_score'====== Args={'value': 1500, 'prev_value': None, 'change': True}
2023-02-16 21:38:15,550 : INFO : EventManager : Event: ======'machine_var_mpf_version'====== Args={'value': 'MPF v0.55.0', 'prev_value': None, 'change': True}
2023-02-16 21:38:15,550 : INFO : EventManager : Event: ======'machine_var_mpf_extended_version'====== Args={'value': 'MPF v0.55.0, Config version:5, Show version: 5, BCP version:1.1', 'prev_value': None, 'change': True}
2023-02-16 21:38:15,550 : INFO : EventManager : Event: ======'machine_var_python_version'====== Args={'value': '3.7.8', 'prev_value': None, 'change': True}
2023-02-16 21:38:15,550 : INFO : EventManager : Event: ======'machine_var_platform'====== Args={'value': 'Windows-10-10.0.19041-SP0', 'prev_value': None, 'change': True}
2023-02-16 21:38:15,550 : INFO : EventManager : Event: ======'machine_var_platform_system'====== Args={'value': 'Windows', 'prev_value': None, 'change': True}
2023-02-16 21:38:15,550 : INFO : EventManager : Event: ======'machine_var_platform_release'====== Args={'value': '10', 'prev_value': None, 'change': True}
2023-02-16 21:38:15,550 : INFO : EventManager : Event: ======'machine_var_platform_version'====== Args={'value': '10.0.19041', 'prev_value': None, 'change': True}
2023-02-16 21:38:15,550 : INFO : EventManager : Event: ======'machine_var_platform_machine'====== Args={'value': 'AMD64', 'prev_value': None, 'change': True}
2023-02-16 21:38:15,550 : INFO : EventManager : Event: ======'init_phase_1'====== Args={}
2023-02-16 21:38:15,566 : INFO : EventManager : Event: ======'logicblock_reentry_switch_counter_updated'====== Args={'value': 0, 'enabled': True}
2023-02-16 21:38:15,567 : INFO : EventManager : Event: ======'logicblock_reentry_switch_counter_updated'====== Args={'value': 0, 'enabled': True}
2023-02-16 21:38:15,567 : INFO : EventManager : Event: ======'init_phase_2'====== Args={}
2023-02-16 21:38:15,568 : INFO : SwitchController : Found active switch: ('0-0-8', <Platform.Virtual>) <switch.s_trough1>
2023-02-16 21:38:15,570 : INFO : EventManager : Event: ======'bcp_connection_attempt'====== Args={'name': 'local_display', 'host': 'localhost', 'port': 5050}
2023-02-16 21:38:15,572 : INFO : BCPClientSocket : Connecting BCP to 'local_display' at localhost:5050...
2023-02-16 21:38:18,610 : INFO : BCPClientSocket : Connected BCP to 'local_display' localhost:5050
2023-02-16 21:38:18,611 : INFO : EventManager : Event: ======'bcp_clients_connected'====== Args={}
2023-02-16 21:38:18,614 : INFO : EventManager : Event: ======'machine_var_mc_version'====== Args={'value': 'MPF-MC v0.55.0', 'prev_value': None, 'change': True}
2023-02-16 21:38:18,615 : INFO : EventManager : Event: ======'machine_var_mc_extended_version'====== Args={'value': 'MPF-MC v0.55.0 (config_version=5, BCP v1.1, Requires MPF v0.55.0-dev.49)', 'prev_value': None, 'change': True}
2023-02-16 21:38:18,632 : INFO : ball_device.bd_trough : BCH: Initial count: 1
2023-02-16 21:38:18,634 : INFO : ball_device.bd_trough : State: idle
2023-02-16 21:38:18,634 : INFO : ball_device.bd_plunger : BCH: Initial count: 0
2023-02-16 21:38:18,635 : INFO : ball_device.bd_plunger : State: idle
2023-02-16 21:38:18,702 : INFO : EventManager : Event: ======'init_phase_3'====== Args={}
2023-02-16 21:38:18,706 : INFO : EventManager : Event: ======'init_phase_4'====== Args={}
2023-02-16 21:38:18,706 : INFO : BallController : Initial balls found: 1
2023-02-16 21:38:18,707 : INFO : EventManager : Event: ======'machine_var_audits_events_game_ended'====== Args={'value': 0, 'prev_value': None, 'change': True}
2023-02-16 21:38:18,707 : INFO : EventManager : Event: ======'machine_var_audits_events_game_started'====== Args={'value': 0, 'prev_value': None, 'change': True}
2023-02-16 21:38:18,707 : INFO : EventManager : Event: ======'machine_var_audits_player_score'====== Args={'value': {'average': 1800.0, 'top': [2000, 1900, 1500], 'total': 3}, 'prev_value': None, 'change': True}
2023-02-16 21:38:18,707 : INFO : EventManager : Event: ======'machine_var_audits_shots_my_first_shot'====== Args={'value': 119, 'prev_value': None, 'change': True}
2023-02-16 21:38:18,708 : INFO : EventManager : Event: ======'machine_var_audits_shots_my_first_shot_mode2'====== Args={'value': 72, 'prev_value': None, 'change': True}
2023-02-16 21:38:18,708 : INFO : EventManager : Event: ======'machine_var_audits_shots_reentryL_shot'====== Args={'value': 190, 'prev_value': None, 'change': True}
2023-02-16 21:38:18,708 : INFO : EventManager : Event: ======'machine_var_audits_shots_reentryM_shot'====== Args={'value': 177, 'prev_value': None, 'change': True}
2023-02-16 21:38:18,708 : INFO : EventManager : Event: ======'machine_var_audits_shots_reentryR_shot'====== Args={'value': 156, 'prev_value': None, 'change': True}
2023-02-16 21:38:18,708 : INFO : EventManager : Event: ======'machine_var_audits_shots_reentry_shot'====== Args={'value': 9, 'prev_value': None, 'change': True}
2023-02-16 21:38:18,709 : INFO : EventManager : Event: ======'machine_var_audits_shots_top_lane_A'====== Args={'value': 12, 'prev_value': None, 'change': True}
2023-02-16 21:38:18,709 : INFO : EventManager : Event: ======'machine_var_audits_shots_top_lane_J'====== Args={'value': 12, 'prev_value': None, 'change': True}
2023-02-16 21:38:18,709 : INFO : EventManager : Event: ======'machine_var_audits_shots_top_lane_M'====== Args={'value': 9, 'prev_value': None, 'change': True}
2023-02-16 21:38:18,709 : INFO : EventManager : Event: ======'machine_var_audits_switches_s_blackhole_kicker'====== Args={'value': 0, 'prev_value': None, 'change': True}
2023-02-16 21:38:18,709 : INFO : EventManager : Event: ======'machine_var_audits_switches_s_bonus_lane'====== Args={'value': 0, 'prev_value': None, 'change': True}
2023-02-16 21:38:18,710 : INFO : EventManager : Event: ======'machine_var_audits_switches_s_booster_drop_target_1'====== Args={'value': 0, 'prev_value': None, 'change': True}
2023-02-16 21:38:18,710 : INFO : EventManager : Event: ======'machine_var_audits_switches_s_booster_drop_target_2'====== Args={'value': 0, 'prev_value': None, 'change': True}
2023-02-16 21:38:18,710 : INFO : EventManager : Event: ======'machine_var_audits_switches_s_booster_drop_target_3'====== Args={'value': 0, 'prev_value': None, 'change': True}
2023-02-16 21:38:18,710 : INFO : EventManager : Event: ======'machine_var_audits_switches_s_comet_spot_1'====== Args={'value': 0, 'prev_value': None, 'change': True}
2023-02-16 21:38:18,711 : INFO : EventManager : Event: ======'machine_var_audits_switches_s_comet_spot_2'====== Args={'value': 0, 'prev_value': None, 'change': True}
2023-02-16 21:38:18,711 : INFO : EventManager : Event: ======'machine_var_audits_switches_s_comet_spot_3'====== Args={'value': 0, 'prev_value': None, 'change': True}
2023-02-16 21:38:18,711 : INFO : EventManager : Event: ======'machine_var_audits_switches_s_engine_bumper_1'====== Args={'value': 0, 'prev_value': None, 'change': True}
2023-02-16 21:38:18,712 : INFO : EventManager : Event: ======'machine_var_audits_switches_s_engine_bumper_2'====== Args={'value': 0, 'prev_value': None, 'change': True}
2023-02-16 21:38:18,712 : INFO : EventManager : Event: ======'machine_var_audits_switches_s_engine_bumper_3'====== Args={'value': 0, 'prev_value': None, 'change': True}
2023-02-16 21:38:18,712 : INFO : EventManager : Event: ======'machine_var_audits_switches_s_fuel_chute_1'====== Args={'value': 0, 'prev_value': None, 'change': True}
2023-02-16 21:38:18,712 : INFO : EventManager : Event: ======'machine_var_audits_switches_s_fuel_chute_2'====== Args={'value': 0, 'prev_value': None, 'change': True}
2023-02-16 21:38:18,713 : INFO : EventManager : Event: ======'machine_var_audits_switches_s_fuel_chute_3'====== Args={'value': 0, 'prev_value': None, 'change': True}
2023-02-16 21:38:18,713 : INFO : EventManager : Event: ======'machine_var_audits_switches_s_fuel_chute_4'====== Args={'value': 0, 'prev_value': None, 'change': True}
2023-02-16 21:38:18,714 : INFO : EventManager : Event: ======'machine_var_audits_switches_s_fuel_chute_5'====== Args={'value': 0, 'prev_value': None, 'change': True}
2023-02-16 21:38:18,714 : INFO : EventManager : Event: ======'machine_var_audits_switches_s_fuel_chute_6'====== Args={'value': 0, 'prev_value': None, 'change': True}
2023-02-16 21:38:18,715 : INFO : EventManager : Event: ======'machine_var_audits_switches_s_fuel_flag'====== Args={'value': 0, 'prev_value': None, 'change': True}
2023-02-16 21:38:18,716 : INFO : EventManager : Event: ======'machine_var_audits_switches_s_fuel_spot_1'====== Args={'value': 0, 'prev_value': None, 'change': True}
2023-02-16 21:38:18,717 : INFO : EventManager : Event: ======'machine_var_audits_switches_s_fuel_spot_2'====== Args={'value': 0, 'prev_value': None, 'change': True}
2023-02-16 21:38:18,717 : INFO : EventManager : Event: ======'machine_var_audits_switches_s_fuel_spot_3'====== Args={'value': 0, 'prev_value': None, 'change': True}
2023-02-16 21:38:18,717 : INFO : EventManager : Event: ======'machine_var_audits_switches_s_green_wormhole'====== Args={'value': 0, 'prev_value': None, 'change': True}
2023-02-16 21:38:18,718 : INFO : EventManager : Event: ======'machine_var_audits_switches_s_hyperspace_flag'====== Args={'value': 0, 'prev_value': None, 'change': True}
2023-02-16 21:38:18,718 : INFO : EventManager : Event: ======'machine_var_audits_switches_s_hyperspacekicker'====== Args={'value': 0, 'prev_value': None, 'change': True}
2023-02-16 21:38:18,718 : INFO : EventManager : Event: ======'machine_var_audits_switches_s_launch_lane_1'====== Args={'value': 0, 'prev_value': None, 'change': True}
2023-02-16 21:38:18,718 : INFO : EventManager : Event: ======'machine_var_audits_switches_s_launch_lane_2'====== Args={'value': 0, 'prev_value': None, 'change': True}
2023-02-16 21:38:18,719 : INFO : EventManager : Event: ======'machine_var_audits_switches_s_launch_lane_3'====== Args={'value': 0, 'prev_value': None, 'change': True}
2023-02-16 21:38:18,719 : INFO : EventManager : Event: ======'machine_var_audits_switches_s_launch_ramp'====== Args={'value': 0, 'prev_value': None, 'change': True}
2023-02-16 21:38:18,719 : INFO : EventManager : Event: ======'machine_var_audits_switches_s_left_attack_bumper'====== Args={'value': 0, 'prev_value': None, 'change': True}
2023-02-16 21:38:18,720 : INFO : EventManager : Event: ======'machine_var_audits_switches_s_left_flipper'====== Args={'value': 455, 'prev_value': None, 'change': True}
2023-02-16 21:38:18,720 : INFO : EventManager : Event: ======'machine_var_audits_switches_s_left_out_lane'====== Args={'value': 0, 'prev_value': None, 'change': True}
2023-02-16 21:38:18,720 : INFO : EventManager : Event: ======'machine_var_audits_switches_s_left_out_lane_kicker'====== Args={'value': 0, 'prev_value': None, 'change': True}
2023-02-16 21:38:18,720 : INFO : EventManager : Event: ======'machine_var_audits_switches_s_left_return_lane'====== Args={'value': 0, 'prev_value': None, 'change': True}
2023-02-16 21:38:18,721 : INFO : EventManager : Event: ======'machine_var_audits_switches_s_lower_attack_bumper'====== Args={'value': 0, 'prev_value': None, 'change': True}
2023-02-16 21:38:18,721 : INFO : EventManager : Event: ======'machine_var_audits_switches_s_lower_left_rebound'====== Args={'value': 0, 'prev_value': None, 'change': True}
2023-02-16 21:38:18,722 : INFO : EventManager : Event: ======'machine_var_audits_switches_s_lower_left_slingshot'====== Args={'value': 0, 'prev_value': None, 'change': True}
2023-02-16 21:38:18,722 : INFO : EventManager : Event: ======'machine_var_audits_switches_s_lower_right_rebound'====== Args={'value': 0, 'prev_value': None, 'change': True}
2023-02-16 21:38:18,722 : INFO : EventManager : Event: ======'machine_var_audits_switches_s_lower_right_slingshot'====== Args={'value': 0, 'prev_value': None, 'change': True}
2023-02-16 21:38:18,722 : INFO : EventManager : Event: ======'machine_var_audits_switches_s_medal_drop_left'====== Args={'value': 0, 'prev_value': None, 'change': True}
2023-02-16 21:38:18,723 : INFO : EventManager : Event: ======'machine_var_audits_switches_s_medal_drop_middle'====== Args={'value': 0, 'prev_value': None, 'change': True}
2023-02-16 21:38:18,723 : INFO : EventManager : Event: ======'machine_var_audits_switches_s_medal_drop_right'====== Args={'value': 0, 'prev_value': None, 'change': True}
2023-02-16 21:38:18,724 : INFO : EventManager : Event: ======'machine_var_audits_switches_s_mission_spot_1'====== Args={'value': 0, 'prev_value': None, 'change': True}
2023-02-16 21:38:18,724 : INFO : EventManager : Event: ======'machine_var_audits_switches_s_mission_spot_2'====== Args={'value': 0, 'prev_value': None, 'change': True}
2023-02-16 21:38:18,724 : INFO : EventManager : Event: ======'machine_var_audits_switches_s_mission_spot_3'====== Args={'value': 0, 'prev_value': None, 'change': True}
2023-02-16 21:38:18,724 : INFO : EventManager : Event: ======'machine_var_audits_switches_s_multiplier_left'====== Args={'value': 0, 'prev_value': None, 'change': True}
2023-02-16 21:38:18,725 : INFO : EventManager : Event: ======'machine_var_audits_switches_s_multiplier_middle'====== Args={'value': 0, 'prev_value': None, 'change': True}
2023-02-16 21:38:18,725 : INFO : EventManager : Event: ======'machine_var_audits_switches_s_multiplier_right'====== Args={'value': 0, 'prev_value': None, 'change': True}
2023-02-16 21:38:18,725 : INFO : EventManager : Event: ======'machine_var_audits_switches_s_plunger'====== Args={'value': 77, 'prev_value': None, 'change': True}
2023-02-16 21:38:18,726 : INFO : EventManager : Event: ======'machine_var_audits_switches_s_radiationspot_1'====== Args={'value': 0, 'prev_value': None, 'change': True}
2023-02-16 21:38:18,726 : INFO : EventManager : Event: ======'machine_var_audits_switches_s_radiationspot_2'====== Args={'value': 0, 'prev_value': None, 'change': True}
2023-02-16 21:38:18,727 : INFO : EventManager : Event: ======'machine_var_audits_switches_s_radiationspot_3'====== Args={'value': 0, 'prev_value': None, 'change': True}
2023-02-16 21:38:18,727 : INFO : EventManager : Event: ======'machine_var_audits_switches_s_red_wormhole'====== Args={'value': 0, 'prev_value': None, 'change': True}
2023-02-16 21:38:18,728 : INFO : EventManager : Event: ======'machine_var_audits_switches_s_reentry_left'====== Args={'value': 545, 'prev_value': None, 'change': True}
2023-02-16 21:38:18,729 : INFO : EventManager : Event: ======'machine_var_audits_switches_s_reentry_middle'====== Args={'value': 251, 'prev_value': None, 'change': True}
2023-02-16 21:38:18,729 : INFO : EventManager : Event: ======'machine_var_audits_switches_s_reentry_right'====== Args={'value': 214, 'prev_value': None, 'change': True}
2023-02-16 21:38:18,730 : INFO : EventManager : Event: ======'machine_var_audits_switches_s_right_flipper'====== Args={'value': 183, 'prev_value': None, 'change': True}
2023-02-16 21:38:18,730 : INFO : EventManager : Event: ======'machine_var_audits_switches_s_right_inlane'====== Args={'value': 0, 'prev_value': None, 'change': True}
2023-02-16 21:38:18,731 : INFO : EventManager : Event: ======'machine_var_audits_switches_s_right_out_lane'====== Args={'value': 0, 'prev_value': None, 'change': True}
2023-02-16 21:38:18,731 : INFO : EventManager : Event: ======'machine_var_audits_switches_s_right_out_lane_kicker'====== Args={'value': 0, 'prev_value': None, 'change': True}
2023-02-16 21:38:18,732 : INFO : EventManager : Event: ======'machine_var_audits_switches_s_right_return_lane'====== Args={'value': 0, 'prev_value': None, 'change': True}
2023-02-16 21:38:18,732 : INFO : EventManager : Event: ======'machine_var_audits_switches_s_satellite_bumper'====== Args={'value': 0, 'prev_value': None, 'change': True}
2023-02-16 21:38:18,733 : INFO : EventManager : Event: ======'machine_var_audits_switches_s_secondary_outlane_kicker'====== Args={'value': 0, 'prev_value': None, 'change': True}
2023-02-16 21:38:18,733 : INFO : EventManager : Event: ======'machine_var_audits_switches_s_skill_shot_1'====== Args={'value': 0, 'prev_value': None, 'change': True}
2023-02-16 21:38:18,733 : INFO : EventManager : Event: ======'machine_var_audits_switches_s_skill_shot_2'====== Args={'value': 0, 'prev_value': None, 'change': True}
2023-02-16 21:38:18,734 : INFO : EventManager : Event: ======'machine_var_audits_switches_s_skill_shot_3'====== Args={'value': 0, 'prev_value': None, 'change': True}
2023-02-16 21:38:18,734 : INFO : EventManager : Event: ======'machine_var_audits_switches_s_skill_shot_4'====== Args={'value': 0, 'prev_value': None, 'change': True}
2023-02-16 21:38:18,735 : INFO : EventManager : Event: ======'machine_var_audits_switches_s_skill_shot_5'====== Args={'value': 0, 'prev_value': None, 'change': True}
2023-02-16 21:38:18,735 : INFO : EventManager : Event: ======'machine_var_audits_switches_s_skill_shot_6'====== Args={'value': 0, 'prev_value': None, 'change': True}
2023-02-16 21:38:18,735 : INFO : EventManager : Event: ======'machine_var_audits_switches_s_skill_shot_lane'====== Args={'value': 0, 'prev_value': None, 'change': True}
2023-02-16 21:38:18,736 : INFO : EventManager : Event: ======'machine_var_audits_switches_s_spacewarp_rollover'====== Args={'value': 0, 'prev_value': None, 'change': True}
2023-02-16 21:38:18,736 : INFO : EventManager : Event: ======'machine_var_audits_switches_s_start'====== Args={'value': 3, 'prev_value': None, 'change': True}
2023-02-16 21:38:18,736 : INFO : EventManager : Event: ======'machine_var_audits_switches_s_trough1'====== Args={'value': 28, 'prev_value': None, 'change': True}
2023-02-16 21:38:18,737 : INFO : EventManager : Event: ======'machine_var_audits_switches_s_trough2'====== Args={'value': 0, 'prev_value': None, 'change': True}
2023-02-16 21:38:18,737 : INFO : EventManager : Event: ======'machine_var_audits_switches_s_trough3'====== Args={'value': 0, 'prev_value': None, 'change': True}
2023-02-16 21:38:18,738 : INFO : EventManager : Event: ======'machine_var_audits_switches_s_trough4'====== Args={'value': 0, 'prev_value': None, 'change': True}
2023-02-16 21:38:18,739 : INFO : EventManager : Event: ======'machine_var_audits_switches_s_trough5'====== Args={'value': 0, 'prev_value': None, 'change': True}
2023-02-16 21:38:18,740 : INFO : EventManager : Event: ======'machine_var_audits_switches_s_trough6'====== Args={'value': 0, 'prev_value': None, 'change': True}
2023-02-16 21:38:18,740 : INFO : EventManager : Event: ======'machine_var_audits_switches_s_trough_jam'====== Args={'value': 0, 'prev_value': None, 'change': True}
2023-02-16 21:38:18,741 : INFO : EventManager : Event: ======'machine_var_audits_switches_s_upper_attack_bumper'====== Args={'value': 0, 'prev_value': None, 'change': True}
2023-02-16 21:38:18,741 : INFO : EventManager : Event: ======'machine_var_audits_switches_s_upper_left_rebound'====== Args={'value': 0, 'prev_value': None, 'change': True}
2023-02-16 21:38:18,741 : INFO : EventManager : Event: ======'machine_var_audits_switches_s_upper_right_rebound'====== Args={'value': 0, 'prev_value': None, 'change': True}
2023-02-16 21:38:18,742 : INFO : EventManager : Event: ======'machine_var_audits_switches_s_wormhole_target'====== Args={'value': 0, 'prev_value': None, 'change': True}
2023-02-16 21:38:18,742 : INFO : EventManager : Event: ======'machine_var_audits_switches_s_yellow_wormhole'====== Args={'value': 0, 'prev_value': None, 'change': True}
2023-02-16 21:38:18,743 : INFO : EventManager : Event: ======'init_phase_5'====== Args={}
2023-02-16 21:38:18,755 : INFO : EventManager : Event: ======'init_done'====== Args={}
2023-02-16 21:38:18,755 : INFO : BcpServer : New client connected.
2023-02-16 21:38:18,756 : INFO : EventManager : Event: ======'machine_reset_phase_1'====== Args={}
2023-02-16 21:38:18,762 : INFO : EventManager : Event: ======'slide_welcome_slide_removed'====== Args={'_from_bcp': True}
2023-02-16 21:38:18,764 : INFO : EventManager : Event: ======'slide_welcome_slide_created'====== Args={'_from_bcp': True}
2023-02-16 21:38:18,765 : INFO : EventManager : Event: ======'machine_reset_phase_2'====== Args={}
2023-02-16 21:38:18,765 : INFO : EventManager : Event: ======'machine_reset_phase_3'====== Args={}
2023-02-16 21:38:18,766 : INFO : EventManager : Event: ======'slide_welcome_slide_active'====== Args={'_from_bcp': True}
2023-02-16 21:38:18,766 : INFO : EventManager : Event: ======'reset_complete'====== Args={}
2023-02-16 21:38:18,767 : INFO : EventManager : Event: ======'mode_attract_will_start'====== Args={}
2023-02-16 21:38:18,768 : INFO : EventManager : Event: ======'mode_attract_starting'====== Args={}
2023-02-16 21:38:18,768 : INFO : Mode.attract : Started. Priority: 10
2023-02-16 21:38:18,768 : INFO : EventManager : Event: ======'modes_active_modes_changed'====== Args={}
2023-02-16 21:38:18,768 : INFO : EventManager : Event: ======'mode_attract_started'====== Args={}
2023-02-16 21:38:18,769 : INFO : EventManager : Event: ======'collecting_balls_complete'====== Args={}
2023-02-16 21:38:18,790 : INFO : EventManager : Event: ======'slide_awesome_slide_created'====== Args={'_from_bcp': True}
2023-02-16 21:38:18,791 : INFO : EventManager : Event: ======'slide_awesome_slide_active'====== Args={'_from_bcp': True}
2023-02-16 21:38:18,791 : INFO : Machine : Starting the main run loop.
2023-02-16 21:38:21,782 : INFO : EventManager : Event: ======'slide_press_start_created'====== Args={'_from_bcp': True}
2023-02-16 21:38:21,783 : INFO : EventManager : Event: ======'slide_press_start_active'====== Args={'_from_bcp': True}
2023-02-16 21:38:24,773 : INFO : EventManager : Event: ======'slide_mission_pinball_created'====== Args={'_from_bcp': True}
2023-02-16 21:38:24,774 : INFO : EventManager : Event: ======'slide_mission_pinball_active'====== Args={'_from_bcp': True}
2023-02-16 21:38:26,685 : INFO : SwitchController : <<<<<<< 's_start' active >>>>>>>
2023-02-16 21:38:26,757 : INFO : SwitchController : <<<<<<< 's_start' inactive >>>>>>>
2023-02-16 21:38:26,758 : INFO : EventManager : Event: ======'request_to_start_game'====== Args={}
2023-02-16 21:38:26,759 : INFO : EventManager : Event: ======'game_start'====== Args={'buttons': [], 'hold_time': 0.0779999999795109}
2023-02-16 21:38:26,760 : INFO : EventManager : Event: ======'mode_game_will_start'====== Args={'buttons': [], 'hold_time': 0.0779999999795109}
2023-02-16 21:38:26,760 : INFO : EventManager : Event: ======'mode_game_starting'====== Args={'buttons': [], 'hold_time': 0.0779999999795109}
2023-02-16 21:38:26,760 : INFO : EventManager : Event: ======'mode_attract_will_stop'====== Args={}
2023-02-16 21:38:26,760 : INFO : EventManager : Event: ======'mode_attract_stopping'====== Args={}
2023-02-16 21:38:26,760 : INFO : Mode.attract : Stopped.
2023-02-16 21:38:26,760 : INFO : EventManager : Event: ======'modes_active_modes_changed'====== Args={}
2023-02-16 21:38:26,761 : INFO : EventManager : Event: ======'mode_attract_stopped'====== Args={}
2023-02-16 21:38:26,761 : INFO : EventManager : Event: ======'clear'====== Args={'key': 'attract'}
2023-02-16 21:38:26,761 : INFO : Mode.game : Started. Priority: 20
2023-02-16 21:38:26,761 : INFO : EventManager : Event: ======'modes_active_modes_changed'====== Args={}
2023-02-16 21:38:26,762 : INFO : EventManager : Event: ======'mode_game_started'====== Args={'buttons': [], 'hold_time': 0.0779999999795109}
2023-02-16 21:38:26,766 : INFO : EventManager : Event: ======'game_will_start'====== Args={}
2023-02-16 21:38:26,767 : INFO : EventManager : Event: ======'game_starting'====== Args={'game': <Mode.game>}
2023-02-16 21:38:26,768 : INFO : EventManager : Event: ======'slide_awesome_slide_removed'====== Args={'_from_bcp': True}
2023-02-16 21:38:26,768 : INFO : EventManager : Event: ======'slide_press_start_removed'====== Args={'_from_bcp': True}
2023-02-16 21:38:26,768 : INFO : EventManager : Event: ======'slide_mission_pinball_removed'====== Args={'_from_bcp': True}
2023-02-16 21:38:26,768 : INFO : EventManager : Event: ======'slide_welcome_slide_active'====== Args={'_from_bcp': True}
2023-02-16 21:38:26,769 : INFO : EventManager : Event: ======'player_add_request'====== Args={}
2023-02-16 21:38:26,769 : INFO : EventManager : Event: ======'player_will_add'====== Args={'number': 1}
2023-02-16 21:38:26,769 : INFO : EventManager : Event: ======'player_adding'====== Args={'player': <Player 1>, 'number': 1}
2023-02-16 21:38:26,769 : INFO : EventManager : Event: ======'player_added'====== Args={'player': <Player 1>, 'num': 1}
2023-02-16 21:38:26,770 : INFO : Mode.game : Player added successfully. Total players: 1
2023-02-16 21:38:26,770 : INFO : EventManager : Event: ======'player_index'====== Args={'value': 0, 'prev_value': 0, 'change': 0, 'player_num': 1}
2023-02-16 21:38:26,770 : INFO : EventManager : Event: ======'player_number'====== Args={'value': 1, 'prev_value': 1, 'change': 0, 'player_num': 1}
2023-02-16 21:38:26,770 : INFO : EventManager : Event: ======'player_score'====== Args={'value': 0, 'prev_value': 0, 'change': 0, 'player_num': 1}
2023-02-16 21:38:26,771 : INFO : EventManager : Event: ======'game_started'====== Args={}
2023-02-16 21:38:26,786 : INFO : EventManager : Event: ======'player_turn_will_start'====== Args={'player': <Player 1>, 'number': 1}
2023-02-16 21:38:26,787 : INFO : EventManager : Event: ======'player_turn_starting'====== Args={'player': <Player 1>, 'number': 1}
2023-02-16 21:38:26,787 : INFO : EventManager : Event: ======'player_ball'====== Args={'value': 1, 'prev_value': 0, 'change': 1, 'player_num': 1}
2023-02-16 21:38:26,787 : INFO : EventManager : Event: ======'player_turn_started'====== Args={'player': <Player 1>, 'number': 1}
2023-02-16 21:38:26,788 : INFO : EventManager : Event: ======'ball_will_start'====== Args={'player': 1, 'ball': 1, 'balls_remaining': 2, 'is_extra_ball': False}
2023-02-16 21:38:26,790 : INFO : EventManager : Event: ======'ball_starting'====== Args={'player': 1, 'ball': 1, 'balls_remaining': 2, 'is_extra_ball': False}
2023-02-16 21:38:26,791 : INFO : EventManager : Event: ======'mode_base_will_start'====== Args={'queue': <QueuedEvent>, 'player': 1, 'ball': 1, 'balls_remaining': 2, 'is_extra_ball': False}
2023-02-16 21:38:26,791 : INFO : EventManager : Event: ======'mode_base_starting'====== Args={'queue': <QueuedEvent>, 'player': 1, 'ball': 1, 'balls_remaining': 2, 'is_extra_ball': False}
2023-02-16 21:38:26,792 : INFO : Mode.base : Started. Priority: 100
2023-02-16 21:38:26,792 : INFO : EventManager : Event: ======'modes_active_modes_changed'====== Args={}
2023-02-16 21:38:26,792 : INFO : EventManager : Event: ======'mode_base_started'====== Args={'queue': <QueuedEvent>, 'player': 1, 'ball': 1, 'balls_remaining': 2, 'is_extra_ball': False}
2023-02-16 21:38:26,793 : INFO : EventManager : Event: ======'balls_in_play'====== Args={'balls': 1}
2023-02-16 21:38:26,793 : INFO : EventManager : Event: ======'ball_started'====== Args={'player': 1, 'ball': 1, 'balls_remaining': 2, 'is_extra_ball': False}
2023-02-16 21:38:26,794 : INFO : EventManager : Event: ======'mode_reentry_will_start'====== Args={'player': 1, 'ball': 1, 'balls_remaining': 2, 'is_extra_ball': False}
2023-02-16 21:38:26,794 : INFO : EventManager : Event: ======'player_shot_reentryL_shot_enabled'====== Args={'value': True, 'prev_value': 0, 'change': 1, 'player_num': 1}
2023-02-16 21:38:26,795 : INFO : EventManager : Event: ======'player_shot_reentryM_shot_enabled'====== Args={'value': True, 'prev_value': 0, 'change': 1, 'player_num': 1}
2023-02-16 21:38:26,795 : INFO : EventManager : Event: ======'player_shot_reentryR_shot_enabled'====== Args={'value': True, 'prev_value': 0, 'change': 1, 'player_num': 1}
2023-02-16 21:38:26,796 : INFO : EventManager : Event: ======'reentry_shot_complete'====== Args={'state': 'off'}
2023-02-16 21:38:26,796 : INFO : EventManager : Event: ======'reentry_shot_off_complete'====== Args={}
2023-02-16 21:38:26,797 : INFO : EventManager : Event: ======'mode_reentry_starting'====== Args={'player': 1, 'ball': 1, 'balls_remaining': 2, 'is_extra_ball': False}
2023-02-16 21:38:26,798 : INFO : Mode.reentry : Started. Priority: 200
2023-02-16 21:38:26,798 : INFO : EventManager : Event: ======'modes_active_modes_changed'====== Args={}
2023-02-16 21:38:26,798 : INFO : EventManager : Event: ======'mode_reentry_started'====== Args={'player': 1, 'ball': 1, 'balls_remaining': 2, 'is_extra_ball': False}
2023-02-16 21:38:26,819 : INFO : EventManager : Event: ======'single_player_ball_started'====== Args={}
2023-02-16 21:38:26,820 : INFO : EventManager : Event: ======'slide_base.slide_player-mode_base_started_created'====== Args={'_from_bcp': True}
2023-02-16 21:38:26,820 : INFO : EventManager : Event: ======'slide__global.slide_player-ball_started_created'====== Args={'_from_bcp': True}
2023-02-16 21:38:26,821 : INFO : EventManager : Event: ======'slide_base.slide_player-mode_base_started_active'====== Args={'_from_bcp': True}
2023-02-16 21:38:26,821 : INFO : EventManager : Event: ======'ball_start_target'====== Args={'target': 'playfield'}
2023-02-16 21:38:26,822 : INFO : ball_device.bd_plunger : Setting up player-controlled eject. Balls: 1, Target: <playfield.playfield>, player_controlled_eject_event: None
2023-02-16 21:38:26,822 : INFO : EventManager : Event: ======'balldevice_balls_available'====== Args={}
2023-02-16 21:38:26,823 : INFO : ball_device.bd_trough : State: waiting_for_target_ready
2023-02-16 21:38:26,823 : INFO : EventManager : Event: ======'balldevice_bd_trough_ball_eject_attempt'====== Args={'balls': 1, 'target': <ball_device.bd_plunger>, 'source': <ball_device.bd_trough>, 'mechanical_eject': True, 'num_attempts': 0}
2023-02-16 21:38:26,823 : INFO : ball_device.bd_plunger : State: waiting_for_ball
2023-02-16 21:38:26,824 : INFO : ball_device.bd_trough : State: ejecting
2023-02-16 21:38:26,824 : INFO : ball_device.bd_trough : Ejecting ball to <ball_device.bd_plunger>
2023-02-16 21:38:26,824 : INFO : EventManager : Event: ======'balldevice_bd_trough_ejecting_ball'====== Args={'balls': 1, 'target': <ball_device.bd_plunger>, 'source': <ball_device.bd_trough>, 'mechanical_eject': True, 'num_attempts': 0}
2023-02-16 21:38:26,824 : INFO : ball_device.bd_trough : Wait for ball to leave device
2023-02-16 21:38:26,825 : INFO : coil.c_trough_eject : Pulsing Driver for 10ms (1.0 pulse_power)
2023-02-16 21:38:32,318 : INFO : SwitchController : <<<<<<< 's_reentry_left' active >>>>>>>
2023-02-16 21:38:32,319 : INFO : EventManager : Event: ======'playfield_active'====== Args={}
2023-02-16 21:38:32,319 : INFO : EventManager : Event: ======'unexpected_ball_on_playfield'====== Args={}
2023-02-16 21:38:32,320 : INFO : EventManager : Event: ======'s_reentry_left_active'====== Args={}
2023-02-16 21:38:32,321 : INFO : EventManager : Event: ======'sw_playfield_active'====== Args={}
2023-02-16 21:38:32,323 : INFO : EventManager : Event: ======'machine_var_audits_switches_s_reentry_left'====== Args={'value': 546, 'prev_value': 545, 'change': 1}
2023-02-16 21:38:32,327 : INFO : EventManager : Event: ======'player_shot_reentryL_shot'====== Args={'value': 1, 'prev_value': 0, 'change': 1, 'player_num': 1}
2023-02-16 21:38:32,341 : INFO : EventManager : Event: ======'machine_var_audits_shots_reentryL_shot'====== Args={'value': 191, 'prev_value': 190, 'change': 1}
2023-02-16 21:38:32,341 : INFO : EventManager : Event: ======'reentryL_shot_hit'====== Args={'profile': 'reentry', 'state': 'off', 'advancing': True}
2023-02-16 21:38:32,341 : INFO : EventManager : Event: ======'reentryL_shot_reentry_hit'====== Args={'profile': 'reentry', 'state': 'off', 'advancing': True}
2023-02-16 21:38:32,341 : INFO : EventManager : Event: ======'reentryL_shot_reentry_off_hit'====== Args={'profile': 'reentry', 'state': 'off', 'advancing': True}
2023-02-16 21:38:32,342 : INFO : EventManager : Event: ======'reentryL_shot_off_hit'====== Args={'profile': 'reentry', 'state': 'off', 'advancing': True}
2023-02-16 21:38:32,342 : INFO : EventManager : Event: ======'logicblock_reentry_switch_counter_updated'====== Args={'value': 1, 'enabled': True}
2023-02-16 21:38:32,342 : INFO : EventManager : Event: ======'reentry_sound_active'====== Args={'count': 1}
2023-02-16 21:38:32,343 : INFO : EventManager : Event: ======'reentry_shot_hit'====== Args={}
2023-02-16 21:38:32,343 : INFO : EventManager : Event: ======'reentry_shot_off_hit'====== Args={}
2023-02-16 21:38:32,343 : INFO : EventManager : Event: ======'player_score'====== Args={'value': 1000, 'prev_value': 0, 'change': 1000, 'player_num': 1}
2023-02-16 21:38:32,344 : INFO : EventManager : Event: ======'playfield_active'====== Args={}
2023-02-16 21:38:32,344 : INFO : EventManager : Event: ======'unexpected_ball_on_playfield'====== Args={}
2023-02-16 21:38:32,439 : INFO : SwitchController : <<<<<<< 's_reentry_left' inactive >>>>>>>
2023-02-16 21:38:32,920 : INFO : SwitchController : <<<<<<< 's_reentry_middle' active >>>>>>>
2023-02-16 21:38:32,921 : INFO : EventManager : Event: ======'playfield_active'====== Args={}
2023-02-16 21:38:32,921 : INFO : EventManager : Event: ======'unexpected_ball_on_playfield'====== Args={}
2023-02-16 21:38:32,922 : INFO : EventManager : Event: ======'s_reentry_middle_active'====== Args={}
2023-02-16 21:38:32,923 : INFO : EventManager : Event: ======'sw_playfield_active'====== Args={}
2023-02-16 21:38:32,923 : INFO : EventManager : Event: ======'machine_var_audits_switches_s_reentry_middle'====== Args={'value': 252, 'prev_value': 251, 'change': 1}
2023-02-16 21:38:32,925 : INFO : EventManager : Event: ======'player_shot_reentryM_shot'====== Args={'value': 1, 'prev_value': 0, 'change': 1, 'player_num': 1}
2023-02-16 21:38:32,925 : INFO : EventManager : Event: ======'machine_var_audits_shots_reentryM_shot'====== Args={'value': 178, 'prev_value': 177, 'change': 1}
2023-02-16 21:38:32,926 : INFO : EventManager : Event: ======'reentryM_shot_hit'====== Args={'profile': 'reentry', 'state': 'off', 'advancing': True}
2023-02-16 21:38:32,926 : INFO : EventManager : Event: ======'reentryM_shot_reentry_hit'====== Args={'profile': 'reentry', 'state': 'off', 'advancing': True}
2023-02-16 21:38:32,926 : INFO : EventManager : Event: ======'reentryM_shot_reentry_off_hit'====== Args={'profile': 'reentry', 'state': 'off', 'advancing': True}
2023-02-16 21:38:32,927 : INFO : EventManager : Event: ======'reentryM_shot_off_hit'====== Args={'profile': 'reentry', 'state': 'off', 'advancing': True}
2023-02-16 21:38:32,927 : INFO : EventManager : Event: ======'reentry_shot_hit'====== Args={}
2023-02-16 21:38:32,927 : INFO : EventManager : Event: ======'reentry_shot_off_hit'====== Args={}
2023-02-16 21:38:32,927 : INFO : EventManager : Event: ======'player_score'====== Args={'value': 2000, 'prev_value': 1000, 'change': 1000, 'player_num': 1}
2023-02-16 21:38:32,927 : INFO : EventManager : Event: ======'playfield_active'====== Args={}
2023-02-16 21:38:32,927 : INFO : EventManager : Event: ======'unexpected_ball_on_playfield'====== Args={}
2023-02-16 21:38:33,092 : INFO : SwitchController : <<<<<<< 's_reentry_middle' inactive >>>>>>>
2023-02-16 21:38:34,130 : INFO : SwitchController : <<<<<<< 's_reentry_right' active >>>>>>>
2023-02-16 21:38:34,131 : INFO : EventManager : Event: ======'playfield_active'====== Args={}
2023-02-16 21:38:34,131 : INFO : EventManager : Event: ======'unexpected_ball_on_playfield'====== Args={}
2023-02-16 21:38:34,132 : INFO : EventManager : Event: ======'s_reentry_right_active'====== Args={}
2023-02-16 21:38:34,133 : INFO : EventManager : Event: ======'machine_var_audits_switches_s_reentry_right'====== Args={'value': 215, 'prev_value': 214, 'change': 1}
2023-02-16 21:38:34,135 : INFO : EventManager : Event: ======'player_shot_reentryR_shot'====== Args={'value': 1, 'prev_value': 0, 'change': 1, 'player_num': 1}
2023-02-16 21:38:34,139 : INFO : EventManager : Event: ======'machine_var_audits_shots_reentryR_shot'====== Args={'value': 157, 'prev_value': 156, 'change': 1}
2023-02-16 21:38:34,141 : INFO : EventManager : Event: ======'reentryR_shot_hit'====== Args={'profile': 'reentry', 'state': 'off', 'advancing': True}
2023-02-16 21:38:34,143 : INFO : EventManager : Event: ======'reentryR_shot_reentry_hit'====== Args={'profile': 'reentry', 'state': 'off', 'advancing': True}
2023-02-16 21:38:34,144 : INFO : EventManager : Event: ======'reentryR_shot_reentry_off_hit'====== Args={'profile': 'reentry', 'state': 'off', 'advancing': True}
2023-02-16 21:38:34,146 : INFO : EventManager : Event: ======'reentryR_shot_off_hit'====== Args={'profile': 'reentry', 'state': 'off', 'advancing': True}
2023-02-16 21:38:34,147 : INFO : EventManager : Event: ======'reentry_shot_complete'====== Args={'state': 'lit'}
2023-02-16 21:38:34,147 : INFO : EventManager : Event: ======'reentry_shot_lit_complete'====== Args={}
2023-02-16 21:38:34,148 : INFO : EventManager : Event: ======'reentry_shot_hit'====== Args={}
2023-02-16 21:38:34,149 : INFO : EventManager : Event: ======'reentry_shot_off_hit'====== Args={}
2023-02-16 21:38:34,150 : INFO : EventManager : Event: ======'player_score'====== Args={'value': 7000, 'prev_value': 2000, 'change': 5000, 'player_num': 1}
2023-02-16 21:38:34,151 : INFO : EventManager : Event: ======'player_score'====== Args={'value': 8000, 'prev_value': 7000, 'change': 1000, 'player_num': 1}
2023-02-16 21:38:34,241 : INFO : SwitchController : <<<<<<< 's_reentry_right' inactive >>>>>>>
2023-02-16 21:38:35,157 : INFO : EventManager : Event: ======'player_shot_reentryL_shot'====== Args={'value': 0, 'prev_value': 1, 'change': -1, 'player_num': 1}
2023-02-16 21:38:35,160 : INFO : EventManager : Event: ======'player_shot_reentryM_shot'====== Args={'value': 0, 'prev_value': 1, 'change': -1, 'player_num': 1}
2023-02-16 21:38:35,163 : INFO : EventManager : Event: ======'player_shot_reentryR_shot'====== Args={'value': 0, 'prev_value': 1, 'change': -1, 'player_num': 1}
2023-02-16 21:38:36,822 : INFO : EventManager : Event: ======'balldevice_bd_trough_ball_eject_failed'====== Args={'target': <ball_device.bd_plunger>, 'balls': 1, 'retry': True, 'num_attempts': 1}
2023-02-16 21:38:36,825 : INFO : ball_device.bd_trough : State: waiting_for_target_ready
2023-02-16 21:38:36,827 : INFO : EventManager : Event: ======'balldevice_bd_trough_ball_eject_attempt'====== Args={'balls': 1, 'target': <ball_device.bd_plunger>, 'source': <ball_device.bd_trough>, 'mechanical_eject': True, 'num_attempts': 1}
2023-02-16 21:38:36,829 : INFO : ball_device.bd_trough : State: ejecting
2023-02-16 21:38:36,830 : INFO : ball_device.bd_trough : Ejecting ball to <ball_device.bd_plunger>
2023-02-16 21:38:36,831 : INFO : EventManager : Event: ======'balldevice_bd_trough_ejecting_ball'====== Args={'balls': 1, 'target': <ball_device.bd_plunger>, 'source': <ball_device.bd_trough>, 'mechanical_eject': True, 'num_attempts': 1}
2023-02-16 21:38:36,833 : INFO : ball_device.bd_trough : Wait for ball to leave device
2023-02-16 21:38:36,834 : INFO : coil.c_trough_eject : Pulsing Driver for 10ms (1.0 pulse_power)
2023-02-16 21:38:39,212 : INFO : SwitchController : <<<<<<< 's_reentry_left' active >>>>>>>
2023-02-16 21:38:39,213 : INFO : EventManager : Event: ======'playfield_active'====== Args={}
2023-02-16 21:38:39,214 : INFO : EventManager : Event: ======'unexpected_ball_on_playfield'====== Args={}
2023-02-16 21:38:39,215 : INFO : EventManager : Event: ======'s_reentry_left_active'====== Args={}
2023-02-16 21:38:39,216 : INFO : EventManager : Event: ======'sw_playfield_active'====== Args={}
2023-02-16 21:38:39,218 : INFO : EventManager : Event: ======'machine_var_audits_switches_s_reentry_left'====== Args={'value': 547, 'prev_value': 546, 'change': 1}
2023-02-16 21:38:39,221 : INFO : EventManager : Event: ======'player_shot_reentryL_shot'====== Args={'value': 1, 'prev_value': 0, 'change': 1, 'player_num': 1}
2023-02-16 21:38:39,223 : INFO : EventManager : Event: ======'machine_var_audits_shots_reentryL_shot'====== Args={'value': 192, 'prev_value': 191, 'change': 1}
2023-02-16 21:38:39,251 : INFO : EventManager : Event: ======'reentryL_shot_hit'====== Args={'profile': 'reentry', 'state': 'off', 'advancing': True}
2023-02-16 21:38:39,251 : INFO : EventManager : Event: ======'reentryL_shot_reentry_hit'====== Args={'profile': 'reentry', 'state': 'off', 'advancing': True}
2023-02-16 21:38:39,251 : INFO : EventManager : Event: ======'reentryL_shot_reentry_off_hit'====== Args={'profile': 'reentry', 'state': 'off', 'advancing': True}
2023-02-16 21:38:39,252 : INFO : EventManager : Event: ======'reentryL_shot_off_hit'====== Args={'profile': 'reentry', 'state': 'off', 'advancing': True}
2023-02-16 21:38:39,252 : INFO : EventManager : Event: ======'logicblock_reentry_switch_counter_updated'====== Args={'value': 2, 'enabled': True}
2023-02-16 21:38:39,252 : INFO : EventManager : Event: ======'reentry_sound_active'====== Args={'count': 2}
2023-02-16 21:38:39,253 : INFO : EventManager : Event: ======'reentry_shot_hit'====== Args={}
2023-02-16 21:38:39,253 : INFO : EventManager : Event: ======'reentry_shot_off_hit'====== Args={}
2023-02-16 21:38:39,253 : INFO : EventManager : Event: ======'player_score'====== Args={'value': 9000, 'prev_value': 8000, 'change': 1000, 'player_num': 1}
2023-02-16 21:38:39,254 : INFO : EventManager : Event: ======'playfield_active'====== Args={}
2023-02-16 21:38:39,254 : INFO : EventManager : Event: ======'unexpected_ball_on_playfield'====== Args={}
2023-02-16 21:38:39,423 : INFO : SwitchController : <<<<<<< 's_reentry_left' inactive >>>>>>>
2023-02-16 21:38:39,688 : INFO : SwitchController : <<<<<<< 's_reentry_middle' active >>>>>>>
2023-02-16 21:38:39,689 : INFO : EventManager : Event: ======'playfield_active'====== Args={}
2023-02-16 21:38:39,690 : INFO : EventManager : Event: ======'unexpected_ball_on_playfield'====== Args={}
2023-02-16 21:38:39,691 : INFO : EventManager : Event: ======'s_reentry_middle_active'====== Args={}
2023-02-16 21:38:39,692 : INFO : EventManager : Event: ======'sw_playfield_active'====== Args={}
2023-02-16 21:38:39,694 : INFO : EventManager : Event: ======'machine_var_audits_switches_s_reentry_middle'====== Args={'value': 253, 'prev_value': 252, 'change': 1}
2023-02-16 21:38:39,697 : INFO : EventManager : Event: ======'player_shot_reentryM_shot'====== Args={'value': 1, 'prev_value': 0, 'change': 1, 'player_num': 1}
2023-02-16 21:38:39,699 : INFO : EventManager : Event: ======'machine_var_audits_shots_reentryM_shot'====== Args={'value': 179, 'prev_value': 178, 'change': 1}
2023-02-16 21:38:39,701 : INFO : EventManager : Event: ======'reentryM_shot_hit'====== Args={'profile': 'reentry', 'state': 'off', 'advancing': True}
2023-02-16 21:38:39,701 : INFO : EventManager : Event: ======'reentryM_shot_reentry_hit'====== Args={'profile': 'reentry', 'state': 'off', 'advancing': True}
2023-02-16 21:38:39,701 : INFO : EventManager : Event: ======'reentryM_shot_reentry_off_hit'====== Args={'profile': 'reentry', 'state': 'off', 'advancing': True}
2023-02-16 21:38:39,701 : INFO : EventManager : Event: ======'reentryM_shot_off_hit'====== Args={'profile': 'reentry', 'state': 'off', 'advancing': True}
2023-02-16 21:38:39,701 : INFO : EventManager : Event: ======'reentry_shot_hit'====== Args={}
2023-02-16 21:38:39,702 : INFO : EventManager : Event: ======'reentry_shot_off_hit'====== Args={}
2023-02-16 21:38:39,702 : INFO : EventManager : Event: ======'player_score'====== Args={'value': 10000, 'prev_value': 9000, 'change': 1000, 'player_num': 1}
2023-02-16 21:38:39,702 : INFO : EventManager : Event: ======'playfield_active'====== Args={}
2023-02-16 21:38:39,702 : INFO : EventManager : Event: ======'unexpected_ball_on_playfield'====== Args={}
2023-02-16 21:38:39,873 : INFO : SwitchController : <<<<<<< 's_reentry_middle' inactive >>>>>>>
2023-02-16 21:38:40,139 : INFO : SwitchController : <<<<<<< 's_reentry_right' active >>>>>>>
2023-02-16 21:38:40,140 : INFO : EventManager : Event: ======'playfield_active'====== Args={}
2023-02-16 21:38:40,141 : INFO : EventManager : Event: ======'unexpected_ball_on_playfield'====== Args={}
2023-02-16 21:38:40,142 : INFO : EventManager : Event: ======'s_reentry_right_active'====== Args={}
2023-02-16 21:38:40,144 : INFO : EventManager : Event: ======'machine_var_audits_switches_s_reentry_right'====== Args={'value': 216, 'prev_value': 215, 'change': 1}
2023-02-16 21:38:40,147 : INFO : EventManager : Event: ======'player_shot_reentryR_shot'====== Args={'value': 1, 'prev_value': 0, 'change': 1, 'player_num': 1}
2023-02-16 21:38:40,150 : INFO : EventManager : Event: ======'machine_var_audits_shots_reentryR_shot'====== Args={'value': 158, 'prev_value': 157, 'change': 1}
2023-02-16 21:38:40,153 : INFO : EventManager : Event: ======'reentryR_shot_hit'====== Args={'profile': 'reentry', 'state': 'off', 'advancing': True}
2023-02-16 21:38:40,153 : INFO : EventManager : Event: ======'reentryR_shot_reentry_hit'====== Args={'profile': 'reentry', 'state': 'off', 'advancing': True}
2023-02-16 21:38:40,154 : INFO : EventManager : Event: ======'reentryR_shot_reentry_off_hit'====== Args={'profile': 'reentry', 'state': 'off', 'advancing': True}
2023-02-16 21:38:40,155 : INFO : EventManager : Event: ======'reentryR_shot_off_hit'====== Args={'profile': 'reentry', 'state': 'off', 'advancing': True}
2023-02-16 21:38:40,156 : INFO : EventManager : Event: ======'reentry_shot_complete'====== Args={'state': 'lit'}
2023-02-16 21:38:40,156 : INFO : EventManager : Event: ======'reentry_shot_lit_complete'====== Args={}
2023-02-16 21:38:40,156 : INFO : EventManager : Event: ======'reentry_shot_hit'====== Args={}
2023-02-16 21:38:40,156 : INFO : EventManager : Event: ======'reentry_shot_off_hit'====== Args={}
2023-02-16 21:38:40,156 : INFO : EventManager : Event: ======'player_score'====== Args={'value': 15000, 'prev_value': 10000, 'change': 5000, 'player_num': 1}
2023-02-16 21:38:40,157 : INFO : EventManager : Event: ======'player_score'====== Args={'value': 16000, 'prev_value': 15000, 'change': 1000, 'player_num': 1}
2023-02-16 21:38:40,284 : INFO : SwitchController : <<<<<<< 's_reentry_right' inactive >>>>>>>
2023-02-16 21:38:41,159 : INFO : EventManager : Event: ======'player_shot_reentryL_shot'====== Args={'value': 0, 'prev_value': 1, 'change': -1, 'player_num': 1}
2023-02-16 21:38:41,160 : INFO : EventManager : Event: ======'player_shot_reentryM_shot'====== Args={'value': 0, 'prev_value': 1, 'change': -1, 'player_num': 1}
2023-02-16 21:38:41,161 : INFO : EventManager : Event: ======'player_shot_reentryR_shot'====== Args={'value': 0, 'prev_value': 1, 'change': -1, 'player_num': 1}
2023-02-16 21:38:44,979 : INFO : SwitchController : <<<<<<< 's_reentry_left' active >>>>>>>
2023-02-16 21:38:44,979 : INFO : EventManager : Event: ======'playfield_active'====== Args={}
2023-02-16 21:38:44,980 : INFO : EventManager : Event: ======'unexpected_ball_on_playfield'====== Args={}
2023-02-16 21:38:44,980 : INFO : EventManager : Event: ======'s_reentry_left_active'====== Args={}
2023-02-16 21:38:44,980 : INFO : EventManager : Event: ======'sw_playfield_active'====== Args={}
2023-02-16 21:38:44,980 : INFO : EventManager : Event: ======'machine_var_audits_switches_s_reentry_left'====== Args={'value': 548, 'prev_value': 547, 'change': 1}
2023-02-16 21:38:44,988 : INFO : EventManager : Event: ======'player_shot_reentryL_shot'====== Args={'value': 1, 'prev_value': 0, 'change': 1, 'player_num': 1}
2023-02-16 21:38:44,989 : INFO : EventManager : Event: ======'machine_var_audits_shots_reentryL_shot'====== Args={'value': 193, 'prev_value': 192, 'change': 1}
2023-02-16 21:38:44,991 : INFO : EventManager : Event: ======'reentryL_shot_hit'====== Args={'profile': 'reentry', 'state': 'off', 'advancing': True}
2023-02-16 21:38:44,991 : INFO : EventManager : Event: ======'reentryL_shot_reentry_hit'====== Args={'profile': 'reentry', 'state': 'off', 'advancing': True}
2023-02-16 21:38:44,992 : INFO : EventManager : Event: ======'reentryL_shot_reentry_off_hit'====== Args={'profile': 'reentry', 'state': 'off', 'advancing': True}
2023-02-16 21:38:44,992 : INFO : EventManager : Event: ======'reentryL_shot_off_hit'====== Args={'profile': 'reentry', 'state': 'off', 'advancing': True}
2023-02-16 21:38:44,993 : INFO : EventManager : Event: ======'logicblock_reentry_switch_counter_updated'====== Args={'value': 3, 'enabled': True}
2023-02-16 21:38:44,993 : INFO : EventManager : Event: ======'reentry_sound_active'====== Args={'count': 3}
2023-02-16 21:38:44,993 : INFO : EventManager : Event: ======'reentry_shot_hit'====== Args={}
2023-02-16 21:38:44,993 : INFO : EventManager : Event: ======'reentry_shot_off_hit'====== Args={}
2023-02-16 21:38:44,993 : INFO : EventManager : Event: ======'player_score'====== Args={'value': 17000, 'prev_value': 16000, 'change': 1000, 'player_num': 1}
2023-02-16 21:38:44,994 : INFO : EventManager : Event: ======'playfield_active'====== Args={}
2023-02-16 21:38:44,994 : INFO : EventManager : Event: ======'unexpected_ball_on_playfield'====== Args={}
2023-02-16 21:38:45,105 : INFO : SwitchController : <<<<<<< 's_reentry_left' inactive >>>>>>>
2023-02-16 21:38:45,365 : INFO : SwitchController : <<<<<<< 's_reentry_middle' active >>>>>>>
2023-02-16 21:38:45,366 : INFO : EventManager : Event: ======'playfield_active'====== Args={}
2023-02-16 21:38:45,367 : INFO : EventManager : Event: ======'unexpected_ball_on_playfield'====== Args={}
2023-02-16 21:38:45,368 : INFO : EventManager : Event: ======'s_reentry_middle_active'====== Args={}
2023-02-16 21:38:45,370 : INFO : EventManager : Event: ======'sw_playfield_active'====== Args={}
2023-02-16 21:38:45,371 : INFO : EventManager : Event: ======'machine_var_audits_switches_s_reentry_middle'====== Args={'value': 254, 'prev_value': 253, 'change': 1}
2023-02-16 21:38:45,381 : INFO : EventManager : Event: ======'player_shot_reentryM_shot'====== Args={'value': 1, 'prev_value': 0, 'change': 1, 'player_num': 1}
2023-02-16 21:38:45,382 : INFO : EventManager : Event: ======'machine_var_audits_shots_reentryM_shot'====== Args={'value': 180, 'prev_value': 179, 'change': 1}
2023-02-16 21:38:45,383 : INFO : EventManager : Event: ======'reentryM_shot_hit'====== Args={'profile': 'reentry', 'state': 'off', 'advancing': True}
2023-02-16 21:38:45,383 : INFO : EventManager : Event: ======'reentryM_shot_reentry_hit'====== Args={'profile': 'reentry', 'state': 'off', 'advancing': True}
2023-02-16 21:38:45,383 : INFO : EventManager : Event: ======'reentryM_shot_reentry_off_hit'====== Args={'profile': 'reentry', 'state': 'off', 'advancing': True}
2023-02-16 21:38:45,383 : INFO : EventManager : Event: ======'reentryM_shot_off_hit'====== Args={'profile': 'reentry', 'state': 'off', 'advancing': True}
2023-02-16 21:38:45,383 : INFO : EventManager : Event: ======'reentry_shot_hit'====== Args={}
2023-02-16 21:38:45,384 : INFO : EventManager : Event: ======'reentry_shot_off_hit'====== Args={}
2023-02-16 21:38:45,384 : INFO : EventManager : Event: ======'player_score'====== Args={'value': 18000, 'prev_value': 17000, 'change': 1000, 'player_num': 1}
2023-02-16 21:38:45,384 : INFO : EventManager : Event: ======'playfield_active'====== Args={}
2023-02-16 21:38:45,384 : INFO : EventManager : Event: ======'unexpected_ball_on_playfield'====== Args={}
2023-02-16 21:38:45,515 : INFO : SwitchController : <<<<<<< 's_reentry_middle' inactive >>>>>>>
2023-02-16 21:38:45,736 : INFO : SwitchController : <<<<<<< 's_reentry_right' active >>>>>>>
2023-02-16 21:38:45,736 : INFO : EventManager : Event: ======'playfield_active'====== Args={}
2023-02-16 21:38:45,737 : INFO : EventManager : Event: ======'unexpected_ball_on_playfield'====== Args={}
2023-02-16 21:38:45,737 : INFO : EventManager : Event: ======'s_reentry_right_active'====== Args={}
2023-02-16 21:38:45,737 : INFO : EventManager : Event: ======'machine_var_audits_switches_s_reentry_right'====== Args={'value': 217, 'prev_value': 216, 'change': 1}
2023-02-16 21:38:45,738 : INFO : EventManager : Event: ======'player_shot_reentryR_shot'====== Args={'value': 1, 'prev_value': 0, 'change': 1, 'player_num': 1}
2023-02-16 21:38:45,739 : INFO : EventManager : Event: ======'machine_var_audits_shots_reentryR_shot'====== Args={'value': 159, 'prev_value': 158, 'change': 1}
2023-02-16 21:38:45,740 : INFO : EventManager : Event: ======'reentryR_shot_hit'====== Args={'profile': 'reentry', 'state': 'off', 'advancing': True}
2023-02-16 21:38:45,740 : INFO : EventManager : Event: ======'reentryR_shot_reentry_hit'====== Args={'profile': 'reentry', 'state': 'off', 'advancing': True}
2023-02-16 21:38:45,740 : INFO : EventManager : Event: ======'reentryR_shot_reentry_off_hit'====== Args={'profile': 'reentry', 'state': 'off', 'advancing': True}
2023-02-16 21:38:45,740 : INFO : EventManager : Event: ======'reentryR_shot_off_hit'====== Args={'profile': 'reentry', 'state': 'off', 'advancing': True}
2023-02-16 21:38:45,741 : INFO : EventManager : Event: ======'reentry_shot_complete'====== Args={'state': 'lit'}
2023-02-16 21:38:45,741 : INFO : EventManager : Event: ======'reentry_shot_lit_complete'====== Args={}
2023-02-16 21:38:45,741 : INFO : EventManager : Event: ======'reentry_shot_hit'====== Args={}
2023-02-16 21:38:45,741 : INFO : EventManager : Event: ======'reentry_shot_off_hit'====== Args={}
2023-02-16 21:38:45,742 : INFO : EventManager : Event: ======'player_score'====== Args={'value': 23000, 'prev_value': 18000, 'change': 5000, 'player_num': 1}
2023-02-16 21:38:45,742 : INFO : EventManager : Event: ======'player_score'====== Args={'value': 24000, 'prev_value': 23000, 'change': 1000, 'player_num': 1}
2023-02-16 21:38:45,851 : INFO : SwitchController : <<<<<<< 's_reentry_right' inactive >>>>>>>
2023-02-16 21:38:46,739 : INFO : EventManager : Event: ======'player_shot_reentryL_shot'====== Args={'value': 0, 'prev_value': 1, 'change': -1, 'player_num': 1}
2023-02-16 21:38:46,740 : INFO : EventManager : Event: ======'player_shot_reentryM_shot'====== Args={'value': 0, 'prev_value': 1, 'change': -1, 'player_num': 1}
2023-02-16 21:38:46,741 : INFO : EventManager : Event: ======'player_shot_reentryR_shot'====== Args={'value': 0, 'prev_value': 1, 'change': -1, 'player_num': 1}
2023-02-16 21:38:46,834 : INFO : EventManager : Event: ======'balldevice_bd_trough_ball_eject_failed'====== Args={'target': <ball_device.bd_plunger>, 'balls': 1, 'retry': True, 'num_attempts': 2}
2023-02-16 21:38:46,835 : INFO : ball_device.bd_trough : State: waiting_for_target_ready
2023-02-16 21:38:46,835 : INFO : EventManager : Event: ======'balldevice_bd_trough_ball_eject_attempt'====== Args={'balls': 1, 'target': <ball_device.bd_plunger>, 'source': <ball_device.bd_trough>, 'mechanical_eject': True, 'num_attempts': 2}
2023-02-16 21:38:46,835 : INFO : ball_device.bd_trough : State: ejecting
2023-02-16 21:38:46,836 : INFO : ball_device.bd_trough : Ejecting ball to <ball_device.bd_plunger>
2023-02-16 21:38:46,836 : INFO : EventManager : Event: ======'balldevice_bd_trough_ejecting_ball'====== Args={'balls': 1, 'target': <ball_device.bd_plunger>, 'source': <ball_device.bd_trough>, 'mechanical_eject': True, 'num_attempts': 2}
2023-02-16 21:38:46,836 : INFO : ball_device.bd_trough : Wait for ball to leave device
2023-02-16 21:38:46,836 : INFO : coil.c_trough_eject : Pulsing Driver for 10ms (1.0 pulse_power)
2023-02-16 21:38:49,007 : INFO : Machine : Shutting down...
2023-02-16 21:38:49,007 : INFO : EventManager : Event: ======'shutdown'====== Args={}
2023-02-16 21:38:49,011 : INFO : root : MPF run loop ended.
