2023-01-27 15:45:01,054 : INFO : root : Loading config.
2023-01-27 15:45:01,379 : INFO : ConfigProcessor : Config spec file cache created: C:\Users\student\AppData\Local\Temp\config_spec.mpf_cache
2023-01-27 15:45:01,379 : INFO : YamlMultifileConfigLoader : Machine config file #1: config.yaml
2023-01-27 15:45:01,379 : INFO : ConfigProcessor : Loading config from file c:\users\student\mpfenv\lib\site-packages\mpf\mpfconfig.yaml.
2023-01-27 15:45:01,445 : INFO : ConfigProcessor : Loading config: c:\users\student\mpfenv\lib\site-packages\mpf\mpfconfig.yaml
2023-01-27 15:45:01,446 : INFO : ConfigProcessor : Loading config from file C:\Users\student\pinball\test2\config\config.yaml.
2023-01-27 15:45:01,493 : INFO : ConfigProcessor : Loading config: C:\Users\student\pinball\test2\config\config.yaml
2023-01-27 15:45:01,494 : INFO : ConfigProcessor : Config file cache created: C:\Users\student\AppData\Local\Temp\c19bc336499df81d379d258f97126285.mpf_cache
2023-01-27 15:45:01,570 : INFO : ConfigProcessor : Loading config from file c:\users\student\mpfenv\lib\site-packages\mpf\modes\attract\config\attract.yaml.
2023-01-27 15:45:01,572 : INFO : ConfigProcessor : Loading config: c:\users\student\mpfenv\lib\site-packages\mpf\modes\attract\config\attract.yaml
2023-01-27 15:45:01,573 : INFO : ConfigProcessor : Config file cache created: C:\Users\student\AppData\Local\Temp\7315f14db5aa651883463bde45465327.mpf_cache
2023-01-27 15:45:01,573 : INFO : ConfigProcessor : Loading config from file c:\users\student\mpfenv\lib\site-packages\mpf\modes\game\config\game.yaml.
2023-01-27 15:45:01,576 : INFO : ConfigProcessor : Loading config: c:\users\student\mpfenv\lib\site-packages\mpf\modes\game\config\game.yaml
2023-01-27 15:45:01,577 : INFO : ConfigProcessor : Config file cache created: C:\Users\student\AppData\Local\Temp\8696bd5a5a040ff67990be11cb4d3c0c.mpf_cache
2023-01-27 15:45:01,578 : INFO : Machine : Mission Pinball Framework Core Engine v0.55.0
2023-01-27 15:45:01,578 : INFO : Machine : Command line arguments: {'no_load_cache': True, 'create_config_cache': True, 'bcp': True, 'configfile': ['config.yaml'], 'force_assets_load': False, 'jsonlogging': False, 'logfile': 'logs\\2023-01-27-15-45-01-mpf-DESKTOP-0JH7ARL.log', 'pause': False, 'production': False, 'text_ui': True, 'loglevel': 15, 'consoleloglevel': 20, 'force_platform': None, 'syslog_address': None, 'mc_file_name': None, 'no_sound': False}
2023-01-27 15:45:01,578 : INFO : Machine : MPF path: c:\users\student\mpfenv\lib\site-packages\mpf
2023-01-27 15:45:01,578 : INFO : Machine : Machine path: C:\Users\student\pinball\test2
2023-01-27 15:45:01,578 : INFO : Machine : Platform: win32
2023-01-27 15:45:01,578 : INFO : Machine : Python executable location: c:\users\student\mpfenv\scripts\python.exe
2023-01-27 15:45:01,578 : INFO : Machine : Python version: 3.7.8 (64-bit)
2023-01-27 15:45:01,580 : INFO : Machine : Initialise MPF.
2023-01-27 15:45:01,749 : INFO : EventManager : Event: ======'machine_var_credits_string'====== Args={'value': 'FREE PLAY', 'prev_value': None, 'change': True}
2023-01-27 15:45:01,787 : INFO : EventManager : Event: ======'machine_var_master_volume'====== Args={'value': 0.5, 'prev_value': None, 'change': True}
2023-01-27 15:45:01,787 : INFO : EventManager : Event: ======'machine_var_mpf_version'====== Args={'value': 'MPF v0.55.0', 'prev_value': None, 'change': True}
2023-01-27 15:45:01,787 : INFO : EventManager : Event: ======'machine_var_mpf_extended_version'====== Args={'value': 'MPF v0.55.0, Config version:5, Show version: 5, BCP version:1.1', 'prev_value': None, 'change': True}
2023-01-27 15:45:01,787 : INFO : EventManager : Event: ======'machine_var_python_version'====== Args={'value': '3.7.8', 'prev_value': None, 'change': True}
2023-01-27 15:45:01,787 : INFO : EventManager : Event: ======'machine_var_platform'====== Args={'value': 'Windows-10-10.0.19041-SP0', 'prev_value': None, 'change': True}
2023-01-27 15:45:01,787 : INFO : EventManager : Event: ======'machine_var_platform_system'====== Args={'value': 'Windows', 'prev_value': None, 'change': True}
2023-01-27 15:45:01,788 : INFO : EventManager : Event: ======'machine_var_platform_release'====== Args={'value': '10', 'prev_value': None, 'change': True}
2023-01-27 15:45:01,788 : INFO : EventManager : Event: ======'machine_var_platform_version'====== Args={'value': '10.0.19041', 'prev_value': None, 'change': True}
2023-01-27 15:45:01,788 : INFO : EventManager : Event: ======'machine_var_platform_machine'====== Args={'value': 'AMD64', 'prev_value': None, 'change': True}
2023-01-27 15:45:01,788 : INFO : EventManager : Event: ======'init_phase_1'====== Args={}
2023-01-27 15:45:01,805 : INFO : EventManager : Event: ======'logicblock_reentry_switch_counter_updated'====== Args={'value': 0, 'enabled': True}
2023-01-27 15:45:01,805 : INFO : EventManager : Event: ======'logicblock_reentry_switch_counter_updated'====== Args={'value': 0, 'enabled': True}
2023-01-27 15:45:01,806 : INFO : EventManager : Event: ======'logicblock_medal_drop_counter_updated'====== Args={'value': 0, 'enabled': True}
2023-01-27 15:45:01,806 : INFO : EventManager : Event: ======'logicblock_medal_drop_counter_updated'====== Args={'value': 0, 'enabled': True}
2023-01-27 15:45:01,806 : INFO : EventManager : Event: ======'logicblock_booster_drop_counter_updated'====== Args={'value': 0, 'enabled': True}
2023-01-27 15:45:01,806 : INFO : EventManager : Event: ======'logicblock_booster_drop_counter_updated'====== Args={'value': 0, 'enabled': True}
2023-01-27 15:45:01,806 : INFO : EventManager : Event: ======'logicblock_multiplier_drop_counter_updated'====== Args={'value': 0, 'enabled': True}
2023-01-27 15:45:01,806 : INFO : EventManager : Event: ======'logicblock_multiplier_drop_counter_updated'====== Args={'value': 0, 'enabled': True}
2023-01-27 15:45:01,806 : INFO : EventManager : Event: ======'logicblock_comet_spot_target_counter_updated'====== Args={'value': 0, 'enabled': True}
2023-01-27 15:45:01,806 : INFO : EventManager : Event: ======'logicblock_comet_spot_target_counter_updated'====== Args={'value': 0, 'enabled': True}
2023-01-27 15:45:01,806 : INFO : EventManager : Event: ======'logicblock_radiation_spot_target_counter_updated'====== Args={'value': 0, 'enabled': True}
2023-01-27 15:45:01,806 : INFO : EventManager : Event: ======'logicblock_radiation_spot_target_counter_updated'====== Args={'value': 0, 'enabled': True}
2023-01-27 15:45:01,806 : INFO : EventManager : Event: ======'logicblock_mission_spot_target_counter_updated'====== Args={'value': 0, 'enabled': True}
2023-01-27 15:45:01,806 : INFO : EventManager : Event: ======'logicblock_mission_spot_target_counter_updated'====== Args={'value': 0, 'enabled': True}
2023-01-27 15:45:01,808 : INFO : EventManager : Event: ======'init_phase_2'====== Args={}
2023-01-27 15:45:01,809 : INFO : SwitchController : Found active switch: ('68', <Platform.SmartVirtual>) <switch.s_trough1>
2023-01-27 15:45:01,810 : INFO : EventManager : Event: ======'bcp_connection_attempt'====== Args={'name': 'local_display', 'host': 'localhost', 'port': 5050}
2023-01-27 15:45:01,812 : INFO : BCPClientSocket : Connecting BCP to 'local_display' at localhost:5050...
2023-01-27 15:45:03,840 : INFO : BCPClientSocket : Connected BCP to 'local_display' localhost:5050
2023-01-27 15:45:03,841 : INFO : EventManager : Event: ======'bcp_clients_connected'====== Args={}
2023-01-27 15:45:03,857 : INFO : ball_device.bd_trough : BCH: Initial count: 1
2023-01-27 15:45:03,858 : INFO : EventManager : Event: ======'machine_var_mc_version'====== Args={'value': 'MPF-MC v0.55.0', 'prev_value': None, 'change': True}
2023-01-27 15:45:03,858 : INFO : EventManager : Event: ======'machine_var_mc_extended_version'====== Args={'value': 'MPF-MC v0.55.0 (config_version=5, BCP v1.1, Requires MPF v0.55.0-dev.49)', 'prev_value': None, 'change': True}
2023-01-27 15:45:03,859 : INFO : ball_device.bd_trough : State: idle
2023-01-27 15:45:03,872 : INFO : ball_device.bd_plunger : BCH: Initial count: 0
2023-01-27 15:45:03,872 : INFO : ball_device.bd_plunger : State: idle
2023-01-27 15:45:03,933 : INFO : EventManager : Event: ======'init_phase_3'====== Args={}
2023-01-27 15:45:03,936 : INFO : EventManager : Event: ======'init_phase_4'====== Args={}
2023-01-27 15:45:03,936 : INFO : BallController : Initial balls found: 1
2023-01-27 15:45:03,937 : INFO : EventManager : Event: ======'machine_var_audits_events_game_ended'====== Args={'value': 0, 'prev_value': None, 'change': True}
2023-01-27 15:45:03,938 : INFO : EventManager : Event: ======'machine_var_audits_events_game_started'====== Args={'value': 0, 'prev_value': None, 'change': True}
2023-01-27 15:45:03,938 : INFO : EventManager : Event: ======'machine_var_audits_player_score'====== Args={'value': {'average': 0, 'top': [], 'total': 0}, 'prev_value': None, 'change': True}
2023-01-27 15:45:03,938 : INFO : EventManager : Event: ======'machine_var_audits_switches_s_blackhole_kicker'====== Args={'value': 0, 'prev_value': None, 'change': True}
2023-01-27 15:45:03,938 : INFO : EventManager : Event: ======'machine_var_audits_switches_s_bonus_lane'====== Args={'value': 0, 'prev_value': None, 'change': True}
2023-01-27 15:45:03,939 : INFO : EventManager : Event: ======'machine_var_audits_switches_s_booster_drop_target_1'====== Args={'value': 0, 'prev_value': None, 'change': True}
2023-01-27 15:45:03,939 : INFO : EventManager : Event: ======'machine_var_audits_switches_s_booster_drop_target_2'====== Args={'value': 0, 'prev_value': None, 'change': True}
2023-01-27 15:45:03,939 : INFO : EventManager : Event: ======'machine_var_audits_switches_s_booster_drop_target_3'====== Args={'value': 0, 'prev_value': None, 'change': True}
2023-01-27 15:45:03,939 : INFO : EventManager : Event: ======'machine_var_audits_switches_s_comet_spot_1'====== Args={'value': 0, 'prev_value': None, 'change': True}
2023-01-27 15:45:03,939 : INFO : EventManager : Event: ======'machine_var_audits_switches_s_comet_spot_2'====== Args={'value': 0, 'prev_value': None, 'change': True}
2023-01-27 15:45:03,940 : INFO : EventManager : Event: ======'machine_var_audits_switches_s_comet_spot_3'====== Args={'value': 0, 'prev_value': None, 'change': True}
2023-01-27 15:45:03,941 : INFO : EventManager : Event: ======'machine_var_audits_switches_s_engine_bumper_1'====== Args={'value': 0, 'prev_value': None, 'change': True}
2023-01-27 15:45:03,941 : INFO : EventManager : Event: ======'machine_var_audits_switches_s_engine_bumper_2'====== Args={'value': 0, 'prev_value': None, 'change': True}
2023-01-27 15:45:03,941 : INFO : EventManager : Event: ======'machine_var_audits_switches_s_engine_bumper_3'====== Args={'value': 0, 'prev_value': None, 'change': True}
2023-01-27 15:45:03,941 : INFO : EventManager : Event: ======'machine_var_audits_switches_s_fuel_chute_1'====== Args={'value': 0, 'prev_value': None, 'change': True}
2023-01-27 15:45:03,942 : INFO : EventManager : Event: ======'machine_var_audits_switches_s_fuel_chute_2'====== Args={'value': 0, 'prev_value': None, 'change': True}
2023-01-27 15:45:03,942 : INFO : EventManager : Event: ======'machine_var_audits_switches_s_fuel_chute_3'====== Args={'value': 0, 'prev_value': None, 'change': True}
2023-01-27 15:45:03,942 : INFO : EventManager : Event: ======'machine_var_audits_switches_s_fuel_chute_4'====== Args={'value': 0, 'prev_value': None, 'change': True}
2023-01-27 15:45:03,942 : INFO : EventManager : Event: ======'machine_var_audits_switches_s_fuel_chute_5'====== Args={'value': 0, 'prev_value': None, 'change': True}
2023-01-27 15:45:03,943 : INFO : EventManager : Event: ======'machine_var_audits_switches_s_fuel_chute_6'====== Args={'value': 0, 'prev_value': None, 'change': True}
2023-01-27 15:45:03,943 : INFO : EventManager : Event: ======'machine_var_audits_switches_s_fuel_flag'====== Args={'value': 0, 'prev_value': None, 'change': True}
2023-01-27 15:45:03,944 : INFO : EventManager : Event: ======'machine_var_audits_switches_s_fuel_spot_1'====== Args={'value': 0, 'prev_value': None, 'change': True}
2023-01-27 15:45:03,944 : INFO : EventManager : Event: ======'machine_var_audits_switches_s_fuel_spot_2'====== Args={'value': 0, 'prev_value': None, 'change': True}
2023-01-27 15:45:03,945 : INFO : EventManager : Event: ======'machine_var_audits_switches_s_fuel_spot_3'====== Args={'value': 0, 'prev_value': None, 'change': True}
2023-01-27 15:45:03,945 : INFO : EventManager : Event: ======'machine_var_audits_switches_s_green_wormhole'====== Args={'value': 0, 'prev_value': None, 'change': True}
2023-01-27 15:45:03,945 : INFO : EventManager : Event: ======'machine_var_audits_switches_s_hyperspace_flag'====== Args={'value': 0, 'prev_value': None, 'change': True}
2023-01-27 15:45:03,946 : INFO : EventManager : Event: ======'machine_var_audits_switches_s_hyperspacekicker'====== Args={'value': 0, 'prev_value': None, 'change': True}
2023-01-27 15:45:03,946 : INFO : EventManager : Event: ======'machine_var_audits_switches_s_launch_lane_1'====== Args={'value': 0, 'prev_value': None, 'change': True}
2023-01-27 15:45:03,947 : INFO : EventManager : Event: ======'machine_var_audits_switches_s_launch_lane_2'====== Args={'value': 0, 'prev_value': None, 'change': True}
2023-01-27 15:45:03,947 : INFO : EventManager : Event: ======'machine_var_audits_switches_s_launch_lane_3'====== Args={'value': 0, 'prev_value': None, 'change': True}
2023-01-27 15:45:03,947 : INFO : EventManager : Event: ======'machine_var_audits_switches_s_launch_ramp'====== Args={'value': 0, 'prev_value': None, 'change': True}
2023-01-27 15:45:03,948 : INFO : EventManager : Event: ======'machine_var_audits_switches_s_left_flipper'====== Args={'value': 19, 'prev_value': None, 'change': True}
2023-01-27 15:45:03,948 : INFO : EventManager : Event: ======'machine_var_audits_switches_s_left_out_lane'====== Args={'value': 0, 'prev_value': None, 'change': True}
2023-01-27 15:45:03,949 : INFO : EventManager : Event: ======'machine_var_audits_switches_s_left_out_lane_kicker'====== Args={'value': 0, 'prev_value': None, 'change': True}
2023-01-27 15:45:03,949 : INFO : EventManager : Event: ======'machine_var_audits_switches_s_left_return_lane'====== Args={'value': 0, 'prev_value': None, 'change': True}
2023-01-27 15:45:03,949 : INFO : EventManager : Event: ======'machine_var_audits_switches_s_lower_left_rebound'====== Args={'value': 0, 'prev_value': None, 'change': True}
2023-01-27 15:45:03,950 : INFO : EventManager : Event: ======'machine_var_audits_switches_s_lower_right_rebound'====== Args={'value': 0, 'prev_value': None, 'change': True}
2023-01-27 15:45:03,950 : INFO : EventManager : Event: ======'machine_var_audits_switches_s_medal_drop_left'====== Args={'value': 0, 'prev_value': None, 'change': True}
2023-01-27 15:45:03,950 : INFO : EventManager : Event: ======'machine_var_audits_switches_s_medal_drop_middle'====== Args={'value': 0, 'prev_value': None, 'change': True}
2023-01-27 15:45:03,951 : INFO : EventManager : Event: ======'machine_var_audits_switches_s_medal_drop_right'====== Args={'value': 0, 'prev_value': None, 'change': True}
2023-01-27 15:45:03,951 : INFO : EventManager : Event: ======'machine_var_audits_switches_s_mission_spot_1'====== Args={'value': 0, 'prev_value': None, 'change': True}
2023-01-27 15:45:03,951 : INFO : EventManager : Event: ======'machine_var_audits_switches_s_mission_spot_2'====== Args={'value': 0, 'prev_value': None, 'change': True}
2023-01-27 15:45:03,952 : INFO : EventManager : Event: ======'machine_var_audits_switches_s_mission_spot_3'====== Args={'value': 0, 'prev_value': None, 'change': True}
2023-01-27 15:45:03,952 : INFO : EventManager : Event: ======'machine_var_audits_switches_s_multiplier_left'====== Args={'value': 0, 'prev_value': None, 'change': True}
2023-01-27 15:45:03,952 : INFO : EventManager : Event: ======'machine_var_audits_switches_s_multiplier_middle'====== Args={'value': 0, 'prev_value': None, 'change': True}
2023-01-27 15:45:03,953 : INFO : EventManager : Event: ======'machine_var_audits_switches_s_multiplier_right'====== Args={'value': 0, 'prev_value': None, 'change': True}
2023-01-27 15:45:03,953 : INFO : EventManager : Event: ======'machine_var_audits_switches_s_plunger'====== Args={'value': 13, 'prev_value': None, 'change': True}
2023-01-27 15:45:03,954 : INFO : EventManager : Event: ======'machine_var_audits_switches_s_radiationspot_1'====== Args={'value': 0, 'prev_value': None, 'change': True}
2023-01-27 15:45:03,954 : INFO : EventManager : Event: ======'machine_var_audits_switches_s_radiationspot_2'====== Args={'value': 0, 'prev_value': None, 'change': True}
2023-01-27 15:45:03,955 : INFO : EventManager : Event: ======'machine_var_audits_switches_s_radiationspot_3'====== Args={'value': 0, 'prev_value': None, 'change': True}
2023-01-27 15:45:03,955 : INFO : EventManager : Event: ======'machine_var_audits_switches_s_red_wormhole'====== Args={'value': 0, 'prev_value': None, 'change': True}
2023-01-27 15:45:03,956 : INFO : EventManager : Event: ======'machine_var_audits_switches_s_reentry_left'====== Args={'value': 0, 'prev_value': None, 'change': True}
2023-01-27 15:45:03,956 : INFO : EventManager : Event: ======'machine_var_audits_switches_s_reentry_middle'====== Args={'value': 0, 'prev_value': None, 'change': True}
2023-01-27 15:45:03,957 : INFO : EventManager : Event: ======'machine_var_audits_switches_s_reentry_right'====== Args={'value': 0, 'prev_value': None, 'change': True}
2023-01-27 15:45:03,957 : INFO : EventManager : Event: ======'machine_var_audits_switches_s_right_flipper'====== Args={'value': 15, 'prev_value': None, 'change': True}
2023-01-27 15:45:03,958 : INFO : EventManager : Event: ======'machine_var_audits_switches_s_right_inlane'====== Args={'value': 0, 'prev_value': None, 'change': True}
2023-01-27 15:45:03,958 : INFO : EventManager : Event: ======'machine_var_audits_switches_s_right_out_lane'====== Args={'value': 0, 'prev_value': None, 'change': True}
2023-01-27 15:45:03,958 : INFO : EventManager : Event: ======'machine_var_audits_switches_s_right_out_lane_kicker'====== Args={'value': 0, 'prev_value': None, 'change': True}
2023-01-27 15:45:03,959 : INFO : EventManager : Event: ======'machine_var_audits_switches_s_right_return_lane'====== Args={'value': 0, 'prev_value': None, 'change': True}
2023-01-27 15:45:03,959 : INFO : EventManager : Event: ======'machine_var_audits_switches_s_satellite_bumper'====== Args={'value': 0, 'prev_value': None, 'change': True}
2023-01-27 15:45:03,960 : INFO : EventManager : Event: ======'machine_var_audits_switches_s_secondary_outlane_kicker'====== Args={'value': 0, 'prev_value': None, 'change': True}
2023-01-27 15:45:03,960 : INFO : EventManager : Event: ======'machine_var_audits_switches_s_skill_shot_1'====== Args={'value': 0, 'prev_value': None, 'change': True}
2023-01-27 15:45:03,961 : INFO : EventManager : Event: ======'machine_var_audits_switches_s_skill_shot_2'====== Args={'value': 0, 'prev_value': None, 'change': True}
2023-01-27 15:45:03,961 : INFO : EventManager : Event: ======'machine_var_audits_switches_s_skill_shot_3'====== Args={'value': 0, 'prev_value': None, 'change': True}
2023-01-27 15:45:03,961 : INFO : EventManager : Event: ======'machine_var_audits_switches_s_skill_shot_4'====== Args={'value': 0, 'prev_value': None, 'change': True}
2023-01-27 15:45:03,962 : INFO : EventManager : Event: ======'machine_var_audits_switches_s_skill_shot_5'====== Args={'value': 0, 'prev_value': None, 'change': True}
2023-01-27 15:45:03,962 : INFO : EventManager : Event: ======'machine_var_audits_switches_s_skill_shot_6'====== Args={'value': 0, 'prev_value': None, 'change': True}
2023-01-27 15:45:03,963 : INFO : EventManager : Event: ======'machine_var_audits_switches_s_skill_shot_lane'====== Args={'value': 0, 'prev_value': None, 'change': True}
2023-01-27 15:45:03,963 : INFO : EventManager : Event: ======'machine_var_audits_switches_s_spacewarp_rollover'====== Args={'value': 0, 'prev_value': None, 'change': True}
2023-01-27 15:45:03,964 : INFO : EventManager : Event: ======'machine_var_audits_switches_s_start'====== Args={'value': 0, 'prev_value': None, 'change': True}
2023-01-27 15:45:03,964 : INFO : EventManager : Event: ======'machine_var_audits_switches_s_trough1'====== Args={'value': 8, 'prev_value': None, 'change': True}
2023-01-27 15:45:03,965 : INFO : EventManager : Event: ======'machine_var_audits_switches_s_trough2'====== Args={'value': 0, 'prev_value': None, 'change': True}
2023-01-27 15:45:03,965 : INFO : EventManager : Event: ======'machine_var_audits_switches_s_trough3'====== Args={'value': 0, 'prev_value': None, 'change': True}
2023-01-27 15:45:03,966 : INFO : EventManager : Event: ======'machine_var_audits_switches_s_trough4'====== Args={'value': 0, 'prev_value': None, 'change': True}
2023-01-27 15:45:03,967 : INFO : EventManager : Event: ======'machine_var_audits_switches_s_trough5'====== Args={'value': 0, 'prev_value': None, 'change': True}
2023-01-27 15:45:03,968 : INFO : EventManager : Event: ======'machine_var_audits_switches_s_trough6'====== Args={'value': 0, 'prev_value': None, 'change': True}
2023-01-27 15:45:03,968 : INFO : EventManager : Event: ======'machine_var_audits_switches_s_trough_jam'====== Args={'value': 0, 'prev_value': None, 'change': True}
2023-01-27 15:45:03,969 : INFO : EventManager : Event: ======'machine_var_audits_switches_s_upper_left_rebound'====== Args={'value': 0, 'prev_value': None, 'change': True}
2023-01-27 15:45:03,970 : INFO : EventManager : Event: ======'machine_var_audits_switches_s_upper_right_rebound'====== Args={'value': 0, 'prev_value': None, 'change': True}
2023-01-27 15:45:03,971 : INFO : EventManager : Event: ======'machine_var_audits_switches_s_wormhole_target'====== Args={'value': 0, 'prev_value': None, 'change': True}
2023-01-27 15:45:03,971 : INFO : EventManager : Event: ======'machine_var_audits_switches_s_yellow_wormhole'====== Args={'value': 0, 'prev_value': None, 'change': True}
2023-01-27 15:45:03,972 : INFO : EventManager : Event: ======'init_phase_5'====== Args={}
2023-01-27 15:45:03,987 : INFO : EventManager : Event: ======'init_done'====== Args={}
2023-01-27 15:45:03,988 : INFO : EventManager : Event: ======'machine_reset_phase_1'====== Args={}
2023-01-27 15:45:03,996 : INFO : EventManager : Event: ======'slide_welcome_slide_removed'====== Args={'_from_bcp': True}
2023-01-27 15:45:03,998 : INFO : EventManager : Event: ======'slide_welcome_slide_created'====== Args={'_from_bcp': True}
2023-01-27 15:45:03,998 : INFO : EventManager : Event: ======'slide_welcome_slide_active'====== Args={'_from_bcp': True}
2023-01-27 15:45:03,998 : INFO : EventManager : Event: ======'machine_reset_phase_2'====== Args={}
2023-01-27 15:45:03,998 : INFO : EventManager : Event: ======'machine_reset_phase_3'====== Args={}
2023-01-27 15:45:03,999 : INFO : EventManager : Event: ======'reset_complete'====== Args={}
2023-01-27 15:45:03,999 : INFO : EventManager : Event: ======'mode_attract_will_start'====== Args={}
2023-01-27 15:45:03,999 : INFO : EventManager : Event: ======'mode_attract_starting'====== Args={}
2023-01-27 15:45:03,999 : INFO : Mode.attract : Started. Priority: 10
2023-01-27 15:45:03,999 : INFO : EventManager : Event: ======'modes_active_modes_changed'====== Args={}
2023-01-27 15:45:04,000 : INFO : EventManager : Event: ======'mode_attract_started'====== Args={}
2023-01-27 15:45:04,000 : INFO : EventManager : Event: ======'collecting_balls_complete'====== Args={}
2023-01-27 15:45:04,021 : INFO : EventManager : Event: ======'slide_attract_started_created'====== Args={'_from_bcp': True}
2023-01-27 15:45:04,021 : INFO : EventManager : Event: ======'slide_attract_started_active'====== Args={'_from_bcp': True}
2023-01-27 15:45:04,021 : INFO : Machine : Starting the main run loop.
2023-01-27 15:45:06,393 : INFO : BcpServer : New client connected.
2023-01-27 15:45:11,296 : INFO : SwitchController : <<<<<<< 's_start' active >>>>>>>
2023-01-27 15:45:11,437 : INFO : SwitchController : <<<<<<< 's_start' inactive >>>>>>>
2023-01-27 15:45:11,438 : INFO : EventManager : Event: ======'request_to_start_game'====== Args={}
2023-01-27 15:45:11,439 : INFO : EventManager : Event: ======'game_start'====== Args={'buttons': [], 'hold_time': 0.14100000000325963}
2023-01-27 15:45:11,440 : INFO : EventManager : Event: ======'mode_game_will_start'====== Args={'buttons': [], 'hold_time': 0.14100000000325963}
2023-01-27 15:45:11,442 : INFO : EventManager : Event: ======'mode_game_starting'====== Args={'buttons': [], 'hold_time': 0.14100000000325963}
2023-01-27 15:45:11,442 : INFO : EventManager : Event: ======'mode_attract_will_stop'====== Args={}
2023-01-27 15:45:11,442 : INFO : EventManager : Event: ======'mode_attract_stopping'====== Args={}
2023-01-27 15:45:11,442 : INFO : Mode.attract : Stopped.
2023-01-27 15:45:11,442 : INFO : EventManager : Event: ======'modes_active_modes_changed'====== Args={}
2023-01-27 15:45:11,443 : INFO : EventManager : Event: ======'mode_attract_stopped'====== Args={}
2023-01-27 15:45:11,443 : INFO : EventManager : Event: ======'clear'====== Args={'key': 'attract'}
2023-01-27 15:45:11,444 : INFO : Mode.game : Started. Priority: 20
2023-01-27 15:45:11,444 : INFO : EventManager : Event: ======'modes_active_modes_changed'====== Args={}
2023-01-27 15:45:11,444 : INFO : EventManager : Event: ======'mode_game_started'====== Args={'buttons': [], 'hold_time': 0.14100000000325963}
2023-01-27 15:45:11,449 : INFO : EventManager : Event: ======'game_will_start'====== Args={}
2023-01-27 15:45:11,449 : INFO : EventManager : Event: ======'game_starting'====== Args={'game': <Mode.game>}
2023-01-27 15:45:11,450 : INFO : EventManager : Event: ======'player_add_request'====== Args={}
2023-01-27 15:45:11,450 : INFO : EventManager : Event: ======'player_will_add'====== Args={'number': 1}
2023-01-27 15:45:11,450 : INFO : EventManager : Event: ======'player_adding'====== Args={'player': <Player 1>, 'number': 1}
2023-01-27 15:45:11,450 : INFO : EventManager : Event: ======'player_added'====== Args={'player': <Player 1>, 'num': 1}
2023-01-27 15:45:11,450 : INFO : Mode.game : Player added successfully. Total players: 1
2023-01-27 15:45:11,451 : INFO : EventManager : Event: ======'player_index'====== Args={'value': 0, 'prev_value': 0, 'change': 0, 'player_num': 1}
2023-01-27 15:45:11,451 : INFO : EventManager : Event: ======'player_number'====== Args={'value': 1, 'prev_value': 1, 'change': 0, 'player_num': 1}
2023-01-27 15:45:11,451 : INFO : EventManager : Event: ======'player_score'====== Args={'value': 0, 'prev_value': 0, 'change': 0, 'player_num': 1}
2023-01-27 15:45:11,452 : INFO : EventManager : Event: ======'game_started'====== Args={}
2023-01-27 15:45:11,459 : INFO : EventManager : Event: ======'player_turn_will_start'====== Args={'player': <Player 1>, 'number': 1}
2023-01-27 15:45:11,459 : INFO : EventManager : Event: ======'player_turn_starting'====== Args={'player': <Player 1>, 'number': 1}
2023-01-27 15:45:11,459 : INFO : EventManager : Event: ======'player_ball'====== Args={'value': 1, 'prev_value': 0, 'change': 1, 'player_num': 1}
2023-01-27 15:45:11,467 : INFO : EventManager : Event: ======'player_turn_started'====== Args={'player': <Player 1>, 'number': 1}
2023-01-27 15:45:11,468 : INFO : EventManager : Event: ======'ball_will_start'====== Args={'player': 1, 'ball': 1, 'balls_remaining': 2, 'is_extra_ball': False}
2023-01-27 15:45:11,485 : INFO : EventManager : Event: ======'ball_starting'====== Args={'player': 1, 'ball': 1, 'balls_remaining': 2, 'is_extra_ball': False}
2023-01-27 15:45:11,486 : INFO : EventManager : Event: ======'balls_in_play'====== Args={'balls': 1}
2023-01-27 15:45:11,486 : INFO : EventManager : Event: ======'ball_started'====== Args={'player': 1, 'ball': 1, 'balls_remaining': 2, 'is_extra_ball': False}
2023-01-27 15:45:11,487 : INFO : EventManager : Event: ======'single_player_ball_started'====== Args={}
2023-01-27 15:45:11,487 : INFO : EventManager : Event: ======'ball_start_target'====== Args={'target': 'playfield'}
2023-01-27 15:45:11,488 : INFO : ball_device.bd_plunger : Setting up player-controlled eject. Balls: 1, Target: <playfield.playfield>, player_controlled_eject_event: None
2023-01-27 15:45:11,488 : INFO : EventManager : Event: ======'balldevice_balls_available'====== Args={}
2023-01-27 15:45:11,489 : INFO : ball_device.bd_trough : State: waiting_for_target_ready
2023-01-27 15:45:11,489 : INFO : EventManager : Event: ======'balldevice_bd_trough_ball_eject_attempt'====== Args={'balls': 1, 'target': <ball_device.bd_plunger>, 'source': <ball_device.bd_trough>, 'mechanical_eject': True, 'num_attempts': 0}
2023-01-27 15:45:11,490 : INFO : ball_device.bd_plunger : State: waiting_for_ball
2023-01-27 15:45:11,490 : INFO : ball_device.bd_trough : State: ejecting
2023-01-27 15:45:11,490 : INFO : ball_device.bd_trough : Ejecting ball to <ball_device.bd_plunger>
2023-01-27 15:45:11,490 : INFO : EventManager : Event: ======'balldevice_bd_trough_ejecting_ball'====== Args={'balls': 1, 'target': <ball_device.bd_plunger>, 'source': <ball_device.bd_trough>, 'mechanical_eject': True, 'num_attempts': 0}
2023-01-27 15:45:11,491 : INFO : ball_device.bd_trough : Wait for ball to leave device
2023-01-27 15:45:11,491 : INFO : coil.c_trough_eject : Pulsing Driver for 10ms (1.0 pulse_power)
2023-01-27 15:45:11,491 : INFO : SwitchController : <<<<<<< 's_trough1' inactive >>>>>>>
2023-01-27 15:45:11,494 : INFO : ball_device.bd_trough : State: ball_left
2023-01-27 15:45:11,494 : INFO : ball_device.bd_trough : Ball left
2023-01-27 15:45:11,494 : INFO : ball_device.bd_trough : Wait for confirm with timeout 10.0
2023-01-27 15:45:11,501 : INFO : EventManager : Event: ======'slide__global.slide_player-ball_started_created'====== Args={'_from_bcp': True}
2023-01-27 15:45:11,501 : INFO : EventManager : Event: ======'slide__global.slide_player-ball_started_active'====== Args={'_from_bcp': True}
2023-01-27 15:45:11,589 : INFO : SwitchController : <<<<<<< 's_plunger' active >>>>>>>
2023-01-27 15:45:11,589 : INFO : EventManager : Event: ======'machine_var_audits_switches_s_plunger'====== Args={'value': 14, 'prev_value': 13, 'change': 1}
2023-01-27 15:45:12,080 : INFO : ball_device.bd_plunger : Received ball from <ball_device.bd_trough>
2023-01-27 15:45:12,080 : INFO : EventManager : Event: ======'balldevice_bd_plunger_ball_enter'====== Args={'new_balls': 1, 'unclaimed_balls': 0, 'new_available_balls': 0, 'device': <ball_device.bd_plunger>}
2023-01-27 15:45:12,082 : INFO : EventManager : Event: ======'balldevice_bd_plunger_ball_entered'====== Args={'new_balls': 0, 'device': <ball_device.bd_plunger>}
2023-01-27 15:45:12,084 : INFO : EventManager : Event: ======'balldevice_bd_plunger_ball_count_changed'====== Args={'balls': 1}
2023-01-27 15:45:12,085 : INFO : ball_device.bd_trough : Got eject confirm
2023-01-27 15:45:12,085 : INFO : ball_device.bd_trough : Eject successful
2023-01-27 15:45:12,086 : INFO : EventManager : Event: ======'balldevice_bd_trough_ball_eject_success'====== Args={'balls': 1, 'target': <ball_device.bd_plunger>}
2023-01-27 15:45:12,087 : INFO : EventManager : Event: ======'balldevice_bd_trough_ball_count_changed'====== Args={'balls': 0}
2023-01-27 15:45:12,088 : INFO : ball_device.bd_trough : State: idle
2023-01-27 15:45:12,088 : INFO : ball_device.bd_plunger : State: waiting_for_target_ready
2023-01-27 15:45:12,089 : INFO : EventManager : Event: ======'balldevice_bd_plunger_ball_eject_attempt'====== Args={'balls': 1, 'target': <playfield.playfield>, 'source': <ball_device.bd_plunger>, 'mechanical_eject': True, 'num_attempts': 0}
2023-01-27 15:45:12,089 : INFO : ball_device.bd_plunger : State: ejecting
2023-01-27 15:45:12,089 : INFO : ball_device.bd_plunger : Ejecting ball to <playfield.playfield>
2023-01-27 15:45:12,089 : INFO : EventManager : Event: ======'balldevice_bd_plunger_ejecting_ball'====== Args={'balls': 1, 'target': <playfield.playfield>, 'source': <ball_device.bd_plunger>, 'mechanical_eject': True, 'num_attempts': 0}
2023-01-27 15:45:12,090 : INFO : ball_device.bd_plunger : Wait for ball to leave device
2023-01-27 15:45:15,282 : INFO : SwitchController : <<<<<<< 's_plunger' inactive >>>>>>>
2023-01-27 15:45:15,290 : INFO : ball_device.bd_plunger : State: ball_left
2023-01-27 15:45:15,291 : INFO : ball_device.bd_plunger : Ball left
2023-01-27 15:45:15,291 : INFO : ball_device.bd_plunger : Wait for confirm with timeout 10.0
2023-01-27 15:45:20,788 : INFO : SwitchController : <<<<<<< 's_left_flipper' active >>>>>>>
2023-01-27 15:45:20,789 : INFO : EventManager : Event: ======'machine_var_audits_switches_s_left_flipper'====== Args={'value': 20, 'prev_value': 19, 'change': 1}
2023-01-27 15:45:20,900 : INFO : SwitchController : <<<<<<< 's_left_flipper' inactive >>>>>>>
2023-01-27 15:45:21,263 : INFO : SwitchController : <<<<<<< 's_right_flipper' active >>>>>>>
2023-01-27 15:45:21,264 : INFO : EventManager : Event: ======'machine_var_audits_switches_s_right_flipper'====== Args={'value': 16, 'prev_value': 15, 'change': 1}
2023-01-27 15:45:21,424 : INFO : SwitchController : <<<<<<< 's_right_flipper' inactive >>>>>>>
2023-01-27 15:45:21,738 : INFO : SwitchController : <<<<<<< 's_left_flipper' active >>>>>>>
2023-01-27 15:45:21,739 : INFO : EventManager : Event: ======'machine_var_audits_switches_s_left_flipper'====== Args={'value': 21, 'prev_value': 20, 'change': 1}
2023-01-27 15:45:21,865 : INFO : SwitchController : <<<<<<< 's_left_flipper' inactive >>>>>>>
2023-01-27 15:45:22,147 : INFO : SwitchController : <<<<<<< 's_right_flipper' active >>>>>>>
2023-01-27 15:45:22,148 : INFO : EventManager : Event: ======'machine_var_audits_switches_s_right_flipper'====== Args={'value': 17, 'prev_value': 16, 'change': 1}
2023-01-27 15:45:22,260 : INFO : SwitchController : <<<<<<< 's_right_flipper' inactive >>>>>>>
2023-01-27 15:45:22,435 : INFO : SwitchController : <<<<<<< 's_left_flipper' active >>>>>>>
2023-01-27 15:45:22,436 : INFO : EventManager : Event: ======'machine_var_audits_switches_s_left_flipper'====== Args={'value': 22, 'prev_value': 21, 'change': 1}
2023-01-27 15:45:22,571 : INFO : SwitchController : <<<<<<< 's_left_flipper' inactive >>>>>>>
2023-01-27 15:45:22,647 : INFO : SwitchController : <<<<<<< 's_right_flipper' active >>>>>>>
2023-01-27 15:45:22,647 : INFO : EventManager : Event: ======'machine_var_audits_switches_s_right_flipper'====== Args={'value': 18, 'prev_value': 17, 'change': 1}
2023-01-27 15:45:22,704 : INFO : SwitchController : <<<<<<< 's_right_flipper' inactive >>>>>>>
2023-01-27 15:45:22,793 : INFO : SwitchController : <<<<<<< 's_left_flipper' active >>>>>>>
2023-01-27 15:45:22,794 : INFO : EventManager : Event: ======'machine_var_audits_switches_s_left_flipper'====== Args={'value': 23, 'prev_value': 22, 'change': 1}
2023-01-27 15:45:22,906 : INFO : SwitchController : <<<<<<< 's_left_flipper' inactive >>>>>>>
2023-01-27 15:45:22,955 : INFO : SwitchController : <<<<<<< 's_right_flipper' active >>>>>>>
2023-01-27 15:45:22,955 : INFO : EventManager : Event: ======'machine_var_audits_switches_s_right_flipper'====== Args={'value': 19, 'prev_value': 18, 'change': 1}
2023-01-27 15:45:23,042 : INFO : SwitchController : <<<<<<< 's_right_flipper' inactive >>>>>>>
2023-01-27 15:45:23,105 : INFO : SwitchController : <<<<<<< 's_left_flipper' active >>>>>>>
2023-01-27 15:45:23,105 : INFO : EventManager : Event: ======'machine_var_audits_switches_s_left_flipper'====== Args={'value': 24, 'prev_value': 23, 'change': 1}
2023-01-27 15:45:23,243 : INFO : SwitchController : <<<<<<< 's_left_flipper' inactive >>>>>>>
2023-01-27 15:45:23,273 : INFO : SwitchController : <<<<<<< 's_right_flipper' active >>>>>>>
2023-01-27 15:45:23,274 : INFO : EventManager : Event: ======'machine_var_audits_switches_s_right_flipper'====== Args={'value': 20, 'prev_value': 19, 'change': 1}
2023-01-27 15:45:23,382 : INFO : SwitchController : <<<<<<< 's_right_flipper' inactive >>>>>>>
2023-01-27 15:45:23,421 : INFO : SwitchController : <<<<<<< 's_left_flipper' active >>>>>>>
2023-01-27 15:45:23,422 : INFO : EventManager : Event: ======'machine_var_audits_switches_s_left_flipper'====== Args={'value': 25, 'prev_value': 24, 'change': 1}
2023-01-27 15:45:23,468 : INFO : SwitchController : <<<<<<< 's_left_flipper' inactive >>>>>>>
2023-01-27 15:45:24,346 : INFO : SwitchController : <<<<<<< 's_trough1' active >>>>>>>
2023-01-27 15:45:24,347 : INFO : EventManager : Event: ======'machine_var_audits_switches_s_trough1'====== Args={'value': 9, 'prev_value': 8, 'change': 1}
2023-01-27 15:45:24,848 : INFO : EventManager : Event: ======'balldevice_bd_trough_ball_count_changed'====== Args={'balls': 1}
2023-01-27 15:45:24,849 : INFO : ball_device.bd_trough : Received unexpected ball
2023-01-27 15:45:24,849 : INFO : EventManager : Event: ======'balldevice_captured_from_playfield'====== Args={'balls': 1}
2023-01-27 15:45:24,850 : INFO : EventManager : Event: ======'sw_playfield_active'====== Args={'balls': 1}
2023-01-27 15:45:24,851 : INFO : EventManager : Event: ======'playfield_active'====== Args={}
2023-01-27 15:45:24,851 : INFO : EventManager : Event: ======'playfield_ball_count_change'====== Args={'balls': -1, 'change': -1}
2023-01-27 15:45:24,852 : INFO : EventManager : Event: ======'balldevice_bd_trough_ball_enter'====== Args={'new_balls': 1, 'unclaimed_balls': 1, 'new_available_balls': 1, 'device': <ball_device.bd_trough>}
2023-01-27 15:45:24,853 : INFO : EventManager : Event: ======'ball_drain'====== Args={'device': <ball_device.bd_trough>, 'balls': 1}
2023-01-27 15:45:24,853 : INFO : ball_device.bd_plunger : Got eject confirm
2023-01-27 15:45:24,853 : INFO : ball_device.bd_plunger : Eject successful
2023-01-27 15:45:24,853 : INFO : EventManager : Event: ======'balldevice_bd_plunger_ball_eject_success'====== Args={'balls': 1, 'target': <playfield.playfield>}
2023-01-27 15:45:24,853 : INFO : EventManager : Event: ======'balldevice_playfield_ball_enter'====== Args={'new_balls': 1, 'unclaimed_balls': 1, 'device': <playfield.playfield>}
2023-01-27 15:45:24,853 : INFO : EventManager : Event: ======'playfield_ball_count_change'====== Args={'balls': 0, 'change': 1}
2023-01-27 15:45:24,854 : INFO : EventManager : Event: ======'ball_will_end'====== Args={}
2023-01-27 15:45:24,854 : INFO : EventManager : Event: ======'balldevice_balls_available'====== Args={}
2023-01-27 15:45:24,854 : INFO : EventManager : Event: ======'balldevice_bd_trough_ball_entered'====== Args={'new_balls': 1, 'device': <ball_device.bd_trough>}
2023-01-27 15:45:24,854 : INFO : EventManager : Event: ======'balldevice_bd_plunger_ball_count_changed'====== Args={'balls': 0}
2023-01-27 15:45:24,855 : INFO : ball_device.bd_plunger : State: idle
2023-01-27 15:45:24,855 : INFO : EventManager : Event: ======'ball_ending'====== Args={}
2023-01-27 15:45:24,855 : INFO : EventManager : Event: ======'ball_ended'====== Args={}
2023-01-27 15:45:24,855 : INFO : EventManager : Event: ======'player_turn_will_end'====== Args={'player': <Player 1>, 'number': 1}
2023-01-27 15:45:24,858 : INFO : EventManager : Event: ======'player_turn_ending'====== Args={'player': <Player 1>, 'number': 1}
2023-01-27 15:45:24,859 : INFO : EventManager : Event: ======'player_turn_ended'====== Args={'player': <Player 1>, 'number': 1}
2023-01-27 15:45:24,859 : INFO : EventManager : Event: ======'player_turn_will_start'====== Args={'player': <Player 1>, 'number': 1}
2023-01-27 15:45:24,859 : INFO : EventManager : Event: ======'player_turn_starting'====== Args={'player': <Player 1>, 'number': 1}
2023-01-27 15:45:24,860 : INFO : EventManager : Event: ======'player_ball'====== Args={'value': 2, 'prev_value': 1, 'change': 1, 'player_num': 1}
2023-01-27 15:45:24,860 : INFO : EventManager : Event: ======'player_turn_started'====== Args={'player': <Player 1>, 'number': 1}
2023-01-27 15:45:24,861 : INFO : EventManager : Event: ======'ball_will_start'====== Args={'player': 1, 'ball': 2, 'balls_remaining': 1, 'is_extra_ball': False}
2023-01-27 15:45:24,864 : INFO : EventManager : Event: ======'ball_starting'====== Args={'player': 1, 'ball': 2, 'balls_remaining': 1, 'is_extra_ball': False}
2023-01-27 15:45:24,865 : INFO : EventManager : Event: ======'balls_in_play'====== Args={'balls': 1}
2023-01-27 15:45:24,865 : INFO : EventManager : Event: ======'ball_started'====== Args={'player': 1, 'ball': 2, 'balls_remaining': 1, 'is_extra_ball': False}
2023-01-27 15:45:24,866 : INFO : EventManager : Event: ======'single_player_ball_started'====== Args={}
2023-01-27 15:45:24,867 : INFO : EventManager : Event: ======'ball_start_target'====== Args={'target': 'playfield'}
2023-01-27 15:45:24,867 : INFO : ball_device.bd_plunger : Setting up player-controlled eject. Balls: 1, Target: <playfield.playfield>, player_controlled_eject_event: None
2023-01-27 15:45:24,867 : INFO : EventManager : Event: ======'balldevice_balls_available'====== Args={}
2023-01-27 15:45:24,868 : INFO : ball_device.bd_trough : State: waiting_for_target_ready
2023-01-27 15:45:24,868 : INFO : EventManager : Event: ======'balldevice_bd_trough_ball_eject_attempt'====== Args={'balls': 1, 'target': <ball_device.bd_plunger>, 'source': <ball_device.bd_trough>, 'mechanical_eject': True, 'num_attempts': 0}
2023-01-27 15:45:24,869 : INFO : ball_device.bd_plunger : State: waiting_for_ball
2023-01-27 15:45:24,869 : INFO : ball_device.bd_trough : State: ejecting
2023-01-27 15:45:24,869 : INFO : ball_device.bd_trough : Ejecting ball to <ball_device.bd_plunger>
2023-01-27 15:45:24,869 : INFO : EventManager : Event: ======'balldevice_bd_trough_ejecting_ball'====== Args={'balls': 1, 'target': <ball_device.bd_plunger>, 'source': <ball_device.bd_trough>, 'mechanical_eject': True, 'num_attempts': 0}
2023-01-27 15:45:24,870 : INFO : ball_device.bd_trough : Wait for ball to leave device
2023-01-27 15:45:24,870 : INFO : coil.c_trough_eject : Pulsing Driver for 10ms (1.0 pulse_power)
2023-01-27 15:45:24,870 : INFO : SwitchController : <<<<<<< 's_trough1' inactive >>>>>>>
2023-01-27 15:45:24,873 : INFO : ball_device.bd_trough : State: ball_left
2023-01-27 15:45:24,873 : INFO : ball_device.bd_trough : Ball left
2023-01-27 15:45:24,873 : INFO : ball_device.bd_trough : Wait for confirm with timeout 10.0
2023-01-27 15:45:24,888 : INFO : EventManager : Event: ======'slide__global.slide_player-ball_started_removed'====== Args={'_from_bcp': True}
2023-01-27 15:45:24,889 : INFO : EventManager : Event: ======'slide__global.slide_player-ball_started_created'====== Args={'_from_bcp': True}
2023-01-27 15:45:24,889 : INFO : EventManager : Event: ======'slide__global.slide_player-ball_started_active'====== Args={'_from_bcp': True}
2023-01-27 15:45:24,973 : INFO : SwitchController : <<<<<<< 's_plunger' active >>>>>>>
2023-01-27 15:45:24,973 : INFO : EventManager : Event: ======'machine_var_audits_switches_s_plunger'====== Args={'value': 15, 'prev_value': 14, 'change': 1}
2023-01-27 15:45:25,493 : INFO : ball_device.bd_plunger : Received ball from <ball_device.bd_trough>
2023-01-27 15:45:25,493 : INFO : EventManager : Event: ======'balldevice_bd_plunger_ball_enter'====== Args={'new_balls': 1, 'unclaimed_balls': 0, 'new_available_balls': 0, 'device': <ball_device.bd_plunger>}
2023-01-27 15:45:25,494 : INFO : EventManager : Event: ======'balldevice_bd_plunger_ball_entered'====== Args={'new_balls': 0, 'device': <ball_device.bd_plunger>}
2023-01-27 15:45:25,494 : INFO : EventManager : Event: ======'balldevice_bd_plunger_ball_count_changed'====== Args={'balls': 1}
2023-01-27 15:45:25,494 : INFO : ball_device.bd_trough : Got eject confirm
2023-01-27 15:45:25,494 : INFO : ball_device.bd_trough : Eject successful
2023-01-27 15:45:25,494 : INFO : EventManager : Event: ======'balldevice_bd_trough_ball_eject_success'====== Args={'balls': 1, 'target': <ball_device.bd_plunger>}
2023-01-27 15:45:25,495 : INFO : EventManager : Event: ======'balldevice_bd_trough_ball_count_changed'====== Args={'balls': 0}
2023-01-27 15:45:25,495 : INFO : ball_device.bd_trough : State: idle
2023-01-27 15:45:25,495 : INFO : ball_device.bd_plunger : State: waiting_for_target_ready
2023-01-27 15:45:25,496 : INFO : EventManager : Event: ======'balldevice_bd_plunger_ball_eject_attempt'====== Args={'balls': 1, 'target': <playfield.playfield>, 'source': <ball_device.bd_plunger>, 'mechanical_eject': True, 'num_attempts': 0}
2023-01-27 15:45:25,496 : INFO : ball_device.bd_plunger : State: ejecting
2023-01-27 15:45:25,496 : INFO : ball_device.bd_plunger : Ejecting ball to <playfield.playfield>
2023-01-27 15:45:25,496 : INFO : EventManager : Event: ======'balldevice_bd_plunger_ejecting_ball'====== Args={'balls': 1, 'target': <playfield.playfield>, 'source': <ball_device.bd_plunger>, 'mechanical_eject': True, 'num_attempts': 0}
2023-01-27 15:45:25,497 : INFO : ball_device.bd_plunger : Wait for ball to leave device
2023-01-27 15:45:43,455 : INFO : SwitchController : <<<<<<< 's_left_flipper' active >>>>>>>
2023-01-27 15:45:43,456 : INFO : EventManager : Event: ======'machine_var_audits_switches_s_left_flipper'====== Args={'value': 26, 'prev_value': 25, 'change': 1}
2023-01-27 15:45:43,604 : INFO : SwitchController : <<<<<<< 's_left_flipper' inactive >>>>>>>
2023-01-27 15:45:44,218 : INFO : SwitchController : <<<<<<< 's_right_flipper' active >>>>>>>
2023-01-27 15:45:44,219 : INFO : EventManager : Event: ======'machine_var_audits_switches_s_right_flipper'====== Args={'value': 21, 'prev_value': 20, 'change': 1}
2023-01-27 15:45:44,305 : INFO : SwitchController : <<<<<<< 's_right_flipper' inactive >>>>>>>
2023-01-27 15:45:44,758 : INFO : SwitchController : <<<<<<< 's_left_flipper' active >>>>>>>
2023-01-27 15:45:44,759 : INFO : EventManager : Event: ======'machine_var_audits_switches_s_left_flipper'====== Args={'value': 27, 'prev_value': 26, 'change': 1}
2023-01-27 15:45:44,908 : INFO : SwitchController : <<<<<<< 's_left_flipper' inactive >>>>>>>
2023-01-27 15:45:45,249 : INFO : SwitchController : <<<<<<< 's_right_flipper' active >>>>>>>
2023-01-27 15:45:45,249 : INFO : EventManager : Event: ======'machine_var_audits_switches_s_right_flipper'====== Args={'value': 22, 'prev_value': 21, 'change': 1}
2023-01-27 15:45:45,387 : INFO : SwitchController : <<<<<<< 's_right_flipper' inactive >>>>>>>
2023-01-27 15:46:24,243 : INFO : SwitchController : <<<<<<< 's_left_flipper' active >>>>>>>
2023-01-27 15:46:24,244 : INFO : EventManager : Event: ======'machine_var_audits_switches_s_left_flipper'====== Args={'value': 28, 'prev_value': 27, 'change': 1}
2023-01-27 15:46:24,428 : INFO : SwitchController : <<<<<<< 's_left_flipper' inactive >>>>>>>
2023-01-27 15:46:24,780 : INFO : SwitchController : <<<<<<< 's_left_flipper' active >>>>>>>
2023-01-27 15:46:24,781 : INFO : EventManager : Event: ======'machine_var_audits_switches_s_left_flipper'====== Args={'value': 29, 'prev_value': 28, 'change': 1}
2023-01-27 15:46:24,893 : INFO : SwitchController : <<<<<<< 's_left_flipper' inactive >>>>>>>
2023-01-27 15:46:25,229 : INFO : SwitchController : <<<<<<< 's_left_flipper' active >>>>>>>
2023-01-27 15:46:25,230 : INFO : EventManager : Event: ======'machine_var_audits_switches_s_left_flipper'====== Args={'value': 30, 'prev_value': 29, 'change': 1}
2023-01-27 15:46:25,368 : INFO : SwitchController : <<<<<<< 's_left_flipper' inactive >>>>>>>
2023-01-27 15:46:27,220 : INFO : SwitchController : <<<<<<< 's_reentry_left' active >>>>>>>
2023-01-27 15:46:27,220 : INFO : EventManager : Event: ======'s_reentry_left_active'====== Args={}
2023-01-27 15:46:27,221 : INFO : EventManager : Event: ======'sw_playfield_active'====== Args={}
2023-01-27 15:46:27,221 : INFO : EventManager : Event: ======'machine_var_audits_switches_s_reentry_left'====== Args={'value': 1, 'prev_value': 0, 'change': 1}
2023-01-27 15:46:27,232 : INFO : EventManager : Event: ======'logicblock_reentry_switch_counter_updated'====== Args={'value': 1, 'enabled': True}
2023-01-27 15:46:27,232 : INFO : EventManager : Event: ======'reentry_sound_active'====== Args={'count': 1}
2023-01-27 15:46:27,233 : INFO : EventManager : Event: ======'playfield_active'====== Args={}
2023-01-27 15:46:27,398 : INFO : SwitchController : <<<<<<< 's_reentry_left' inactive >>>>>>>
2023-01-27 15:46:28,074 : INFO : SwitchController : <<<<<<< 's_reentry_left' active >>>>>>>
2023-01-27 15:46:28,075 : INFO : EventManager : Event: ======'s_reentry_left_active'====== Args={}
2023-01-27 15:46:28,076 : INFO : EventManager : Event: ======'sw_playfield_active'====== Args={}
2023-01-27 15:46:28,076 : INFO : EventManager : Event: ======'machine_var_audits_switches_s_reentry_left'====== Args={'value': 2, 'prev_value': 1, 'change': 1}
2023-01-27 15:46:28,076 : INFO : EventManager : Event: ======'logicblock_reentry_switch_counter_updated'====== Args={'value': 2, 'enabled': True}
2023-01-27 15:46:28,077 : INFO : EventManager : Event: ======'reentry_sound_active'====== Args={'count': 2}
2023-01-27 15:46:28,077 : INFO : EventManager : Event: ======'playfield_active'====== Args={}
2023-01-27 15:46:28,256 : INFO : SwitchController : <<<<<<< 's_reentry_left' inactive >>>>>>>
2023-01-27 15:46:40,550 : INFO : Machine : Shutting down...
2023-01-27 15:46:40,551 : INFO : EventManager : Event: ======'shutdown'====== Args={}
2023-01-27 15:46:40,565 : INFO : root : MPF run loop ended.
