2023-02-12 16:13:50,827 : INFO : root : Loading config.
2023-02-12 16:13:51,159 : INFO : ConfigProcessor : Config spec file cache created: C:\Users\student\AppData\Local\Temp\config_spec.mpf_cache
2023-02-12 16:13:51,160 : INFO : YamlMultifileConfigLoader : Machine config file #1: config.yaml
2023-02-12 16:13:51,160 : INFO : ConfigProcessor : Loading config from file c:\users\student\mpfenv\lib\site-packages\mpf\mpfconfig.yaml.
2023-02-12 16:13:51,224 : INFO : ConfigProcessor : Loading config: c:\users\student\mpfenv\lib\site-packages\mpf\mpfconfig.yaml
2023-02-12 16:13:51,224 : INFO : ConfigProcessor : Loading config from file C:\Users\student\pinball\cobraPinTest1\config\config.yaml.
2023-02-12 16:13:51,256 : INFO : ConfigProcessor : Loading config: C:\Users\student\pinball\cobraPinTest1\config\config.yaml
2023-02-12 16:13:51,258 : INFO : ConfigProcessor : Config file cache created: C:\Users\student\AppData\Local\Temp\f1427cd4cbc9163bc2263f349f0fb463.mpf_cache
2023-02-12 16:13:51,329 : INFO : ConfigProcessor : Loading config from file c:\users\student\mpfenv\lib\site-packages\mpf\modes\attract\config\attract.yaml.
2023-02-12 16:13:51,331 : INFO : ConfigProcessor : Loading config: c:\users\student\mpfenv\lib\site-packages\mpf\modes\attract\config\attract.yaml
2023-02-12 16:13:51,331 : INFO : ConfigProcessor : Loading config from file C:\Users\student\pinball\cobraPinTest1\modes\attract\config\attract.yaml.
2023-02-12 16:13:51,332 : INFO : ConfigProcessor : Loading config: C:\Users\student\pinball\cobraPinTest1\modes\attract\config\attract.yaml
2023-02-12 16:13:51,333 : INFO : ConfigProcessor : Config file cache created: C:\Users\student\AppData\Local\Temp\32ed7ad340ce8029344f8b9ff63edc80.mpf_cache
2023-02-12 16:13:51,333 : INFO : ConfigProcessor : Loading config from file c:\users\student\mpfenv\lib\site-packages\mpf\modes\game\config\game.yaml.
2023-02-12 16:13:51,335 : INFO : ConfigProcessor : Loading config: c:\users\student\mpfenv\lib\site-packages\mpf\modes\game\config\game.yaml
2023-02-12 16:13:51,336 : INFO : ConfigProcessor : Config file cache created: C:\Users\student\AppData\Local\Temp\8696bd5a5a040ff67990be11cb4d3c0c.mpf_cache
2023-02-12 16:13:51,336 : INFO : ConfigProcessor : Loading config from file C:\Users\student\pinball\cobraPinTest1\modes\base\config\base.yaml.
2023-02-12 16:13:51,344 : INFO : ConfigProcessor : Loading config: C:\Users\student\pinball\cobraPinTest1\modes\base\config\base.yaml
2023-02-12 16:13:51,344 : INFO : ConfigProcessor : Config file cache created: C:\Users\student\AppData\Local\Temp\4675a535c8328a9c278c807d999ed109.mpf_cache
2023-02-12 16:13:51,345 : INFO : ConfigProcessor : Loading config from file C:\Users\student\pinball\cobraPinTest1\modes\mode2\config\mode2.yaml.
2023-02-12 16:13:51,351 : INFO : ConfigProcessor : Loading config: C:\Users\student\pinball\cobraPinTest1\modes\mode2\config\mode2.yaml
2023-02-12 16:13:51,352 : INFO : ConfigProcessor : Config file cache created: C:\Users\student\AppData\Local\Temp\9525b8ae9fe847ba6c98fe60136d147b.mpf_cache
2023-02-12 16:13:51,352 : INFO : ConfigProcessor : Loading config from file C:\Users\student\pinball\cobraPinTest1\modes\attract\shows\.\attract_display_loop.yaml.
2023-02-12 16:13:51,361 : INFO : ConfigProcessor : Loading config: C:\Users\student\pinball\cobraPinTest1\modes\attract\shows\.\attract_display_loop.yaml
2023-02-12 16:13:51,361 : INFO : ConfigProcessor : Config file cache created: C:\Users\student\AppData\Local\Temp\f8d2c2cf3ea01f085365ea23fa51a701.mpf_cache
2023-02-12 16:13:51,362 : INFO : ConfigProcessor : Loading config from file C:\Users\student\pinball\cobraPinTest1\modes\attract\shows\.\attract_light_show.yaml.
2023-02-12 16:13:51,364 : INFO : ConfigProcessor : Loading config: C:\Users\student\pinball\cobraPinTest1\modes\attract\shows\.\attract_light_show.yaml
2023-02-12 16:13:51,364 : INFO : ConfigProcessor : Config file cache created: C:\Users\student\AppData\Local\Temp\30bd992f4b62a9b099207aebeb59554c.mpf_cache
2023-02-12 16:13:51,365 : INFO : Machine : Mission Pinball Framework Core Engine v0.55.0
2023-02-12 16:13:51,365 : INFO : Machine : Command line arguments: {'no_load_cache': True, 'create_config_cache': True, 'bcp': True, 'configfile': ['config.yaml'], 'force_assets_load': False, 'jsonlogging': False, 'logfile': 'logs\\2023-02-12-16-13-50-mpf-DESKTOP-0JH7ARL.log', 'pause': False, 'production': False, 'text_ui': True, 'loglevel': 15, 'consoleloglevel': 20, 'force_platform': None, 'syslog_address': None, 'mc_file_name': None, 'no_sound': False}
2023-02-12 16:13:51,365 : INFO : Machine : MPF path: c:\users\student\mpfenv\lib\site-packages\mpf
2023-02-12 16:13:51,365 : INFO : Machine : Machine path: C:\Users\student\pinball\cobraPinTest1
2023-02-12 16:13:51,365 : INFO : Machine : Platform: win32
2023-02-12 16:13:51,366 : INFO : Machine : Python executable location: c:\users\student\mpfenv\scripts\python.exe
2023-02-12 16:13:51,366 : INFO : Machine : Python version: 3.7.8 (64-bit)
2023-02-12 16:13:51,367 : INFO : Machine : Initialise MPF.
2023-02-12 16:13:51,681 : INFO : OPP : Connecting to com4 at 115200bps
2023-02-12 16:13:51,868 : INFO : OPP : Init of OPP board 0 done
2023-02-12 16:13:51,868 : INFO : OPP : Connecting to com5 at 115200bps
2023-02-12 16:13:51,977 : INFO : OPP : Init of OPP board 1 done
2023-02-12 16:13:51,977 : INFO : EventManager : Event: ======'machine_var_credits_string'====== Args={'value': 'FREE PLAY', 'prev_value': None, 'change': True}
2023-02-12 16:13:52,025 : INFO : EventManager : Event: ======'machine_var_master_volume'====== Args={'value': 0.5, 'prev_value': None, 'change': True}
2023-02-12 16:13:52,025 : INFO : EventManager : Event: ======'machine_var_player1_score'====== Args={'value': 1500, 'prev_value': None, 'change': True}
2023-02-12 16:13:52,025 : INFO : EventManager : Event: ======'machine_var_mpf_version'====== Args={'value': 'MPF v0.55.0', 'prev_value': None, 'change': True}
2023-02-12 16:13:52,026 : INFO : EventManager : Event: ======'machine_var_mpf_extended_version'====== Args={'value': 'MPF v0.55.0, Config version:5, Show version: 5, BCP version:1.1', 'prev_value': None, 'change': True}
2023-02-12 16:13:52,026 : INFO : EventManager : Event: ======'machine_var_python_version'====== Args={'value': '3.7.8', 'prev_value': None, 'change': True}
2023-02-12 16:13:52,026 : INFO : EventManager : Event: ======'machine_var_platform'====== Args={'value': 'Windows-10-10.0.19041-SP0', 'prev_value': None, 'change': True}
2023-02-12 16:13:52,026 : INFO : EventManager : Event: ======'machine_var_platform_system'====== Args={'value': 'Windows', 'prev_value': None, 'change': True}
2023-02-12 16:13:52,026 : INFO : EventManager : Event: ======'machine_var_platform_release'====== Args={'value': '10', 'prev_value': None, 'change': True}
2023-02-12 16:13:52,026 : INFO : EventManager : Event: ======'machine_var_platform_version'====== Args={'value': '10.0.19041', 'prev_value': None, 'change': True}
2023-02-12 16:13:52,026 : INFO : EventManager : Event: ======'machine_var_platform_machine'====== Args={'value': 'AMD64', 'prev_value': None, 'change': True}
2023-02-12 16:13:52,026 : INFO : EventManager : Event: ======'init_phase_1'====== Args={}
2023-02-12 16:13:52,045 : INFO : EventManager : Event: ======'logicblock_reentry_switch_counter_updated'====== Args={'value': 0, 'enabled': True}
2023-02-12 16:13:52,046 : INFO : EventManager : Event: ======'logicblock_reentry_switch_counter_updated'====== Args={'value': 0, 'enabled': True}
2023-02-12 16:13:52,047 : INFO : EventManager : Event: ======'init_phase_2'====== Args={}
2023-02-12 16:13:52,047 : INFO : SwitchController : Found active switch: ('0-0-8', <Platform.OPP>) <switch.s_trough1>
2023-02-12 16:13:52,051 : INFO : EventManager : Event: ======'bcp_connection_attempt'====== Args={'name': 'local_display', 'host': 'localhost', 'port': 5050}
2023-02-12 16:13:52,053 : INFO : BCPClientSocket : Connecting BCP to 'local_display' at localhost:5050...
2023-02-12 16:13:54,093 : INFO : BCPClientSocket : Connected BCP to 'local_display' localhost:5050
2023-02-12 16:13:54,095 : INFO : EventManager : Event: ======'bcp_clients_connected'====== Args={}
2023-02-12 16:13:54,107 : INFO : ball_device.bd_trough : BCH: Initial count: 1
2023-02-12 16:13:54,107 : INFO : EventManager : Event: ======'machine_var_mc_version'====== Args={'value': 'MPF-MC v0.55.0', 'prev_value': None, 'change': True}
2023-02-12 16:13:54,107 : INFO : EventManager : Event: ======'machine_var_mc_extended_version'====== Args={'value': 'MPF-MC v0.55.0 (config_version=5, BCP v1.1, Requires MPF v0.55.0-dev.49)', 'prev_value': None, 'change': True}
2023-02-12 16:13:54,109 : INFO : ball_device.bd_trough : State: idle
2023-02-12 16:13:54,125 : INFO : ball_device.bd_plunger : BCH: Initial count: 0
2023-02-12 16:13:54,125 : INFO : ball_device.bd_plunger : State: idle
2023-02-12 16:13:54,182 : INFO : EventManager : Event: ======'init_phase_3'====== Args={}
2023-02-12 16:13:54,186 : INFO : EventManager : Event: ======'init_phase_4'====== Args={}
2023-02-12 16:13:54,186 : INFO : BallController : Initial balls found: 1
2023-02-12 16:13:54,188 : INFO : EventManager : Event: ======'machine_var_audits_events_game_ended'====== Args={'value': 0, 'prev_value': None, 'change': True}
2023-02-12 16:13:54,188 : INFO : EventManager : Event: ======'machine_var_audits_events_game_started'====== Args={'value': 0, 'prev_value': None, 'change': True}
2023-02-12 16:13:54,188 : INFO : EventManager : Event: ======'machine_var_audits_player_score'====== Args={'value': {'average': 1800.0, 'top': [2000, 1900, 1500], 'total': 3}, 'prev_value': None, 'change': True}
2023-02-12 16:13:54,188 : INFO : EventManager : Event: ======'machine_var_audits_shots_my_first_shot'====== Args={'value': 78, 'prev_value': None, 'change': True}
2023-02-12 16:13:54,189 : INFO : EventManager : Event: ======'machine_var_audits_shots_my_first_shot_mode2'====== Args={'value': 37, 'prev_value': None, 'change': True}
2023-02-12 16:13:54,189 : INFO : EventManager : Event: ======'machine_var_audits_switches_s_blackhole_kicker'====== Args={'value': 0, 'prev_value': None, 'change': True}
2023-02-12 16:13:54,189 : INFO : EventManager : Event: ======'machine_var_audits_switches_s_bonus_lane'====== Args={'value': 0, 'prev_value': None, 'change': True}
2023-02-12 16:13:54,189 : INFO : EventManager : Event: ======'machine_var_audits_switches_s_booster_drop_target_1'====== Args={'value': 0, 'prev_value': None, 'change': True}
2023-02-12 16:13:54,189 : INFO : EventManager : Event: ======'machine_var_audits_switches_s_booster_drop_target_2'====== Args={'value': 0, 'prev_value': None, 'change': True}
2023-02-12 16:13:54,189 : INFO : EventManager : Event: ======'machine_var_audits_switches_s_booster_drop_target_3'====== Args={'value': 0, 'prev_value': None, 'change': True}
2023-02-12 16:13:54,190 : INFO : EventManager : Event: ======'machine_var_audits_switches_s_comet_spot_1'====== Args={'value': 0, 'prev_value': None, 'change': True}
2023-02-12 16:13:54,190 : INFO : EventManager : Event: ======'machine_var_audits_switches_s_comet_spot_2'====== Args={'value': 0, 'prev_value': None, 'change': True}
2023-02-12 16:13:54,190 : INFO : EventManager : Event: ======'machine_var_audits_switches_s_comet_spot_3'====== Args={'value': 0, 'prev_value': None, 'change': True}
2023-02-12 16:13:54,191 : INFO : EventManager : Event: ======'machine_var_audits_switches_s_engine_bumper_1'====== Args={'value': 0, 'prev_value': None, 'change': True}
2023-02-12 16:13:54,191 : INFO : EventManager : Event: ======'machine_var_audits_switches_s_engine_bumper_2'====== Args={'value': 0, 'prev_value': None, 'change': True}
2023-02-12 16:13:54,191 : INFO : EventManager : Event: ======'machine_var_audits_switches_s_engine_bumper_3'====== Args={'value': 0, 'prev_value': None, 'change': True}
2023-02-12 16:13:54,191 : INFO : EventManager : Event: ======'machine_var_audits_switches_s_fuel_chute_1'====== Args={'value': 0, 'prev_value': None, 'change': True}
2023-02-12 16:13:54,192 : INFO : EventManager : Event: ======'machine_var_audits_switches_s_fuel_chute_2'====== Args={'value': 0, 'prev_value': None, 'change': True}
2023-02-12 16:13:54,192 : INFO : EventManager : Event: ======'machine_var_audits_switches_s_fuel_chute_3'====== Args={'value': 0, 'prev_value': None, 'change': True}
2023-02-12 16:13:54,192 : INFO : EventManager : Event: ======'machine_var_audits_switches_s_fuel_chute_4'====== Args={'value': 0, 'prev_value': None, 'change': True}
2023-02-12 16:13:54,193 : INFO : EventManager : Event: ======'machine_var_audits_switches_s_fuel_chute_5'====== Args={'value': 0, 'prev_value': None, 'change': True}
2023-02-12 16:13:54,193 : INFO : EventManager : Event: ======'machine_var_audits_switches_s_fuel_chute_6'====== Args={'value': 0, 'prev_value': None, 'change': True}
2023-02-12 16:13:54,193 : INFO : EventManager : Event: ======'machine_var_audits_switches_s_fuel_flag'====== Args={'value': 0, 'prev_value': None, 'change': True}
2023-02-12 16:13:54,194 : INFO : EventManager : Event: ======'machine_var_audits_switches_s_fuel_spot_1'====== Args={'value': 0, 'prev_value': None, 'change': True}
2023-02-12 16:13:54,194 : INFO : EventManager : Event: ======'machine_var_audits_switches_s_fuel_spot_2'====== Args={'value': 0, 'prev_value': None, 'change': True}
2023-02-12 16:13:54,194 : INFO : EventManager : Event: ======'machine_var_audits_switches_s_fuel_spot_3'====== Args={'value': 0, 'prev_value': None, 'change': True}
2023-02-12 16:13:54,194 : INFO : EventManager : Event: ======'machine_var_audits_switches_s_green_wormhole'====== Args={'value': 0, 'prev_value': None, 'change': True}
2023-02-12 16:13:54,195 : INFO : EventManager : Event: ======'machine_var_audits_switches_s_hyperspace_flag'====== Args={'value': 0, 'prev_value': None, 'change': True}
2023-02-12 16:13:54,195 : INFO : EventManager : Event: ======'machine_var_audits_switches_s_hyperspacekicker'====== Args={'value': 0, 'prev_value': None, 'change': True}
2023-02-12 16:13:54,195 : INFO : EventManager : Event: ======'machine_var_audits_switches_s_launch_lane_1'====== Args={'value': 0, 'prev_value': None, 'change': True}
2023-02-12 16:13:54,195 : INFO : EventManager : Event: ======'machine_var_audits_switches_s_launch_lane_2'====== Args={'value': 0, 'prev_value': None, 'change': True}
2023-02-12 16:13:54,195 : INFO : EventManager : Event: ======'machine_var_audits_switches_s_launch_lane_3'====== Args={'value': 0, 'prev_value': None, 'change': True}
2023-02-12 16:13:54,196 : INFO : EventManager : Event: ======'machine_var_audits_switches_s_launch_ramp'====== Args={'value': 0, 'prev_value': None, 'change': True}
2023-02-12 16:13:54,196 : INFO : EventManager : Event: ======'machine_var_audits_switches_s_left_attack_bumper'====== Args={'value': 0, 'prev_value': None, 'change': True}
2023-02-12 16:13:54,196 : INFO : EventManager : Event: ======'machine_var_audits_switches_s_left_flipper'====== Args={'value': 442, 'prev_value': None, 'change': True}
2023-02-12 16:13:54,196 : INFO : EventManager : Event: ======'machine_var_audits_switches_s_left_out_lane'====== Args={'value': 0, 'prev_value': None, 'change': True}
2023-02-12 16:13:54,197 : INFO : EventManager : Event: ======'machine_var_audits_switches_s_left_out_lane_kicker'====== Args={'value': 0, 'prev_value': None, 'change': True}
2023-02-12 16:13:54,197 : INFO : EventManager : Event: ======'machine_var_audits_switches_s_left_return_lane'====== Args={'value': 0, 'prev_value': None, 'change': True}
2023-02-12 16:13:54,198 : INFO : EventManager : Event: ======'machine_var_audits_switches_s_lower_attack_bumper'====== Args={'value': 0, 'prev_value': None, 'change': True}
2023-02-12 16:13:54,198 : INFO : EventManager : Event: ======'machine_var_audits_switches_s_lower_left_rebound'====== Args={'value': 0, 'prev_value': None, 'change': True}
2023-02-12 16:13:54,199 : INFO : EventManager : Event: ======'machine_var_audits_switches_s_lower_left_slingshot'====== Args={'value': 0, 'prev_value': None, 'change': True}
2023-02-12 16:13:54,199 : INFO : EventManager : Event: ======'machine_var_audits_switches_s_lower_right_rebound'====== Args={'value': 0, 'prev_value': None, 'change': True}
2023-02-12 16:13:54,200 : INFO : EventManager : Event: ======'machine_var_audits_switches_s_lower_right_slingshot'====== Args={'value': 0, 'prev_value': None, 'change': True}
2023-02-12 16:13:54,201 : INFO : EventManager : Event: ======'machine_var_audits_switches_s_medal_drop_left'====== Args={'value': 0, 'prev_value': None, 'change': True}
2023-02-12 16:13:54,201 : INFO : EventManager : Event: ======'machine_var_audits_switches_s_medal_drop_middle'====== Args={'value': 0, 'prev_value': None, 'change': True}
2023-02-12 16:13:54,202 : INFO : EventManager : Event: ======'machine_var_audits_switches_s_medal_drop_right'====== Args={'value': 0, 'prev_value': None, 'change': True}
2023-02-12 16:13:54,202 : INFO : EventManager : Event: ======'machine_var_audits_switches_s_mission_spot_1'====== Args={'value': 0, 'prev_value': None, 'change': True}
2023-02-12 16:13:54,203 : INFO : EventManager : Event: ======'machine_var_audits_switches_s_mission_spot_2'====== Args={'value': 0, 'prev_value': None, 'change': True}
2023-02-12 16:13:54,204 : INFO : EventManager : Event: ======'machine_var_audits_switches_s_mission_spot_3'====== Args={'value': 0, 'prev_value': None, 'change': True}
2023-02-12 16:13:54,204 : INFO : EventManager : Event: ======'machine_var_audits_switches_s_multiplier_left'====== Args={'value': 0, 'prev_value': None, 'change': True}
2023-02-12 16:13:54,205 : INFO : EventManager : Event: ======'machine_var_audits_switches_s_multiplier_middle'====== Args={'value': 0, 'prev_value': None, 'change': True}
2023-02-12 16:13:54,205 : INFO : EventManager : Event: ======'machine_var_audits_switches_s_multiplier_right'====== Args={'value': 0, 'prev_value': None, 'change': True}
2023-02-12 16:13:54,206 : INFO : EventManager : Event: ======'machine_var_audits_switches_s_plunger'====== Args={'value': 59, 'prev_value': None, 'change': True}
2023-02-12 16:13:54,206 : INFO : EventManager : Event: ======'machine_var_audits_switches_s_radiationspot_1'====== Args={'value': 0, 'prev_value': None, 'change': True}
2023-02-12 16:13:54,207 : INFO : EventManager : Event: ======'machine_var_audits_switches_s_radiationspot_2'====== Args={'value': 0, 'prev_value': None, 'change': True}
2023-02-12 16:13:54,207 : INFO : EventManager : Event: ======'machine_var_audits_switches_s_radiationspot_3'====== Args={'value': 0, 'prev_value': None, 'change': True}
2023-02-12 16:13:54,207 : INFO : EventManager : Event: ======'machine_var_audits_switches_s_red_wormhole'====== Args={'value': 0, 'prev_value': None, 'change': True}
2023-02-12 16:13:54,208 : INFO : EventManager : Event: ======'machine_var_audits_switches_s_reentry_left'====== Args={'value': 262, 'prev_value': None, 'change': True}
2023-02-12 16:13:54,208 : INFO : EventManager : Event: ======'machine_var_audits_switches_s_reentry_middle'====== Args={'value': 50, 'prev_value': None, 'change': True}
2023-02-12 16:13:54,208 : INFO : EventManager : Event: ======'machine_var_audits_switches_s_reentry_right'====== Args={'value': 37, 'prev_value': None, 'change': True}
2023-02-12 16:13:54,209 : INFO : EventManager : Event: ======'machine_var_audits_switches_s_right_flipper'====== Args={'value': 167, 'prev_value': None, 'change': True}
2023-02-12 16:13:54,209 : INFO : EventManager : Event: ======'machine_var_audits_switches_s_right_inlane'====== Args={'value': 0, 'prev_value': None, 'change': True}
2023-02-12 16:13:54,209 : INFO : EventManager : Event: ======'machine_var_audits_switches_s_right_out_lane'====== Args={'value': 0, 'prev_value': None, 'change': True}
2023-02-12 16:13:54,210 : INFO : EventManager : Event: ======'machine_var_audits_switches_s_right_out_lane_kicker'====== Args={'value': 0, 'prev_value': None, 'change': True}
2023-02-12 16:13:54,210 : INFO : EventManager : Event: ======'machine_var_audits_switches_s_right_return_lane'====== Args={'value': 0, 'prev_value': None, 'change': True}
2023-02-12 16:13:54,211 : INFO : EventManager : Event: ======'machine_var_audits_switches_s_satellite_bumper'====== Args={'value': 0, 'prev_value': None, 'change': True}
2023-02-12 16:13:54,212 : INFO : EventManager : Event: ======'machine_var_audits_switches_s_secondary_outlane_kicker'====== Args={'value': 0, 'prev_value': None, 'change': True}
2023-02-12 16:13:54,212 : INFO : EventManager : Event: ======'machine_var_audits_switches_s_skill_shot_1'====== Args={'value': 0, 'prev_value': None, 'change': True}
2023-02-12 16:13:54,213 : INFO : EventManager : Event: ======'machine_var_audits_switches_s_skill_shot_2'====== Args={'value': 0, 'prev_value': None, 'change': True}
2023-02-12 16:13:54,213 : INFO : EventManager : Event: ======'machine_var_audits_switches_s_skill_shot_3'====== Args={'value': 0, 'prev_value': None, 'change': True}
2023-02-12 16:13:54,214 : INFO : EventManager : Event: ======'machine_var_audits_switches_s_skill_shot_4'====== Args={'value': 0, 'prev_value': None, 'change': True}
2023-02-12 16:13:54,214 : INFO : EventManager : Event: ======'machine_var_audits_switches_s_skill_shot_5'====== Args={'value': 0, 'prev_value': None, 'change': True}
2023-02-12 16:13:54,215 : INFO : EventManager : Event: ======'machine_var_audits_switches_s_skill_shot_6'====== Args={'value': 0, 'prev_value': None, 'change': True}
2023-02-12 16:13:54,215 : INFO : EventManager : Event: ======'machine_var_audits_switches_s_skill_shot_lane'====== Args={'value': 0, 'prev_value': None, 'change': True}
2023-02-12 16:13:54,216 : INFO : EventManager : Event: ======'machine_var_audits_switches_s_spacewarp_rollover'====== Args={'value': 0, 'prev_value': None, 'change': True}
2023-02-12 16:13:54,216 : INFO : EventManager : Event: ======'machine_var_audits_switches_s_start'====== Args={'value': 1, 'prev_value': None, 'change': True}
2023-02-12 16:13:54,217 : INFO : EventManager : Event: ======'machine_var_audits_switches_s_trough1'====== Args={'value': 27, 'prev_value': None, 'change': True}
2023-02-12 16:13:54,217 : INFO : EventManager : Event: ======'machine_var_audits_switches_s_trough2'====== Args={'value': 0, 'prev_value': None, 'change': True}
2023-02-12 16:13:54,217 : INFO : EventManager : Event: ======'machine_var_audits_switches_s_trough3'====== Args={'value': 0, 'prev_value': None, 'change': True}
2023-02-12 16:13:54,218 : INFO : EventManager : Event: ======'machine_var_audits_switches_s_trough4'====== Args={'value': 0, 'prev_value': None, 'change': True}
2023-02-12 16:13:54,218 : INFO : EventManager : Event: ======'machine_var_audits_switches_s_trough5'====== Args={'value': 0, 'prev_value': None, 'change': True}
2023-02-12 16:13:54,218 : INFO : EventManager : Event: ======'machine_var_audits_switches_s_trough6'====== Args={'value': 0, 'prev_value': None, 'change': True}
2023-02-12 16:13:54,219 : INFO : EventManager : Event: ======'machine_var_audits_switches_s_trough_jam'====== Args={'value': 0, 'prev_value': None, 'change': True}
2023-02-12 16:13:54,219 : INFO : EventManager : Event: ======'machine_var_audits_switches_s_upper_attack_bumper'====== Args={'value': 0, 'prev_value': None, 'change': True}
2023-02-12 16:13:54,219 : INFO : EventManager : Event: ======'machine_var_audits_switches_s_upper_left_rebound'====== Args={'value': 0, 'prev_value': None, 'change': True}
2023-02-12 16:13:54,220 : INFO : EventManager : Event: ======'machine_var_audits_switches_s_upper_right_rebound'====== Args={'value': 0, 'prev_value': None, 'change': True}
2023-02-12 16:13:54,220 : INFO : EventManager : Event: ======'machine_var_audits_switches_s_wormhole_target'====== Args={'value': 0, 'prev_value': None, 'change': True}
2023-02-12 16:13:54,220 : INFO : EventManager : Event: ======'machine_var_audits_switches_s_yellow_wormhole'====== Args={'value': 0, 'prev_value': None, 'change': True}
2023-02-12 16:13:54,221 : INFO : EventManager : Event: ======'init_phase_5'====== Args={}
2023-02-12 16:13:54,264 : INFO : EventManager : Event: ======'init_done'====== Args={}
2023-02-12 16:13:54,265 : INFO : EventManager : Event: ======'machine_reset_phase_1'====== Args={}
2023-02-12 16:13:54,272 : INFO : EventManager : Event: ======'slide_welcome_slide_removed'====== Args={'_from_bcp': True}
2023-02-12 16:13:54,274 : INFO : EventManager : Event: ======'slide_welcome_slide_created'====== Args={'_from_bcp': True}
2023-02-12 16:13:54,276 : INFO : EventManager : Event: ======'machine_reset_phase_2'====== Args={}
2023-02-12 16:13:54,276 : INFO : EventManager : Event: ======'machine_reset_phase_3'====== Args={}
2023-02-12 16:13:54,276 : INFO : EventManager : Event: ======'slide_welcome_slide_active'====== Args={'_from_bcp': True}
2023-02-12 16:13:54,278 : INFO : EventManager : Event: ======'reset_complete'====== Args={}
2023-02-12 16:13:54,278 : INFO : EventManager : Event: ======'mode_attract_will_start'====== Args={}
2023-02-12 16:13:54,279 : INFO : EventManager : Event: ======'mode_attract_starting'====== Args={}
2023-02-12 16:13:54,279 : INFO : Mode.attract : Started. Priority: 10
2023-02-12 16:13:54,279 : INFO : EventManager : Event: ======'modes_active_modes_changed'====== Args={}
2023-02-12 16:13:54,279 : INFO : EventManager : Event: ======'mode_attract_started'====== Args={}
2023-02-12 16:13:54,280 : INFO : EventManager : Event: ======'collecting_balls_complete'====== Args={}
2023-02-12 16:13:54,318 : INFO : EventManager : Event: ======'slide_awesome_slide_created'====== Args={'_from_bcp': True}
2023-02-12 16:13:54,318 : INFO : EventManager : Event: ======'slide_awesome_slide_active'====== Args={'_from_bcp': True}
2023-02-12 16:13:54,319 : INFO : Machine : Starting the main run loop.
2023-02-12 16:13:54,477 : INFO : SwitchController : <<<<<<< 's_start' active >>>>>>>
2023-02-12 16:13:54,579 : INFO : SwitchController : <<<<<<< 's_start' inactive >>>>>>>
2023-02-12 16:13:54,579 : INFO : EventManager : Event: ======'request_to_start_game'====== Args={}
2023-02-12 16:13:54,580 : INFO : EventManager : Event: ======'game_start'====== Args={'buttons': [], 'hold_time': 0.10900000017136335}
2023-02-12 16:13:54,581 : INFO : EventManager : Event: ======'mode_game_will_start'====== Args={'buttons': [], 'hold_time': 0.10900000017136335}
2023-02-12 16:13:54,581 : INFO : EventManager : Event: ======'mode_game_starting'====== Args={'buttons': [], 'hold_time': 0.10900000017136335}
2023-02-12 16:13:54,582 : INFO : EventManager : Event: ======'mode_attract_will_stop'====== Args={}
2023-02-12 16:13:54,582 : INFO : EventManager : Event: ======'mode_attract_stopping'====== Args={}
2023-02-12 16:13:54,582 : INFO : Mode.attract : Stopped.
2023-02-12 16:13:54,582 : INFO : EventManager : Event: ======'modes_active_modes_changed'====== Args={}
2023-02-12 16:13:54,583 : INFO : EventManager : Event: ======'mode_attract_stopped'====== Args={}
2023-02-12 16:13:54,583 : INFO : EventManager : Event: ======'clear'====== Args={'key': 'attract'}
2023-02-12 16:13:54,583 : INFO : Mode.game : Started. Priority: 20
2023-02-12 16:13:54,583 : INFO : EventManager : Event: ======'modes_active_modes_changed'====== Args={}
2023-02-12 16:13:54,583 : INFO : EventManager : Event: ======'mode_game_started'====== Args={'buttons': [], 'hold_time': 0.10900000017136335}
2023-02-12 16:13:54,593 : INFO : EventManager : Event: ======'game_will_start'====== Args={}
2023-02-12 16:13:54,594 : INFO : EventManager : Event: ======'slide_awesome_slide_removed'====== Args={'_from_bcp': True}
2023-02-12 16:13:54,594 : INFO : EventManager : Event: ======'slide_welcome_slide_active'====== Args={'_from_bcp': True}
2023-02-12 16:13:54,594 : INFO : EventManager : Event: ======'game_starting'====== Args={'game': <Mode.game>}
2023-02-12 16:13:54,595 : INFO : EventManager : Event: ======'player_add_request'====== Args={}
2023-02-12 16:13:54,596 : INFO : EventManager : Event: ======'player_will_add'====== Args={'number': 1}
2023-02-12 16:13:54,596 : INFO : EventManager : Event: ======'player_adding'====== Args={'player': <Player 1>, 'number': 1}
2023-02-12 16:13:54,596 : INFO : EventManager : Event: ======'player_added'====== Args={'player': <Player 1>, 'num': 1}
2023-02-12 16:13:54,596 : INFO : Mode.game : Player added successfully. Total players: 1
2023-02-12 16:13:54,596 : INFO : EventManager : Event: ======'player_index'====== Args={'value': 0, 'prev_value': 0, 'change': 0, 'player_num': 1}
2023-02-12 16:13:54,596 : INFO : EventManager : Event: ======'player_number'====== Args={'value': 1, 'prev_value': 1, 'change': 0, 'player_num': 1}
2023-02-12 16:13:54,596 : INFO : EventManager : Event: ======'player_score'====== Args={'value': 0, 'prev_value': 0, 'change': 0, 'player_num': 1}
2023-02-12 16:13:54,597 : INFO : EventManager : Event: ======'game_started'====== Args={}
2023-02-12 16:13:54,604 : INFO : EventManager : Event: ======'player_turn_will_start'====== Args={'player': <Player 1>, 'number': 1}
2023-02-12 16:13:54,605 : INFO : EventManager : Event: ======'player_turn_starting'====== Args={'player': <Player 1>, 'number': 1}
2023-02-12 16:13:54,605 : INFO : EventManager : Event: ======'player_ball'====== Args={'value': 1, 'prev_value': 0, 'change': 1, 'player_num': 1}
2023-02-12 16:13:54,605 : INFO : EventManager : Event: ======'player_turn_started'====== Args={'player': <Player 1>, 'number': 1}
2023-02-12 16:13:54,606 : INFO : EventManager : Event: ======'ball_will_start'====== Args={'player': 1, 'ball': 1, 'balls_remaining': 2, 'is_extra_ball': False}
2023-02-12 16:13:54,610 : INFO : EventManager : Event: ======'ball_starting'====== Args={'player': 1, 'ball': 1, 'balls_remaining': 2, 'is_extra_ball': False}
2023-02-12 16:13:54,611 : INFO : EventManager : Event: ======'mode_base_will_start'====== Args={'queue': <QueuedEvent>, 'player': 1, 'ball': 1, 'balls_remaining': 2, 'is_extra_ball': False}
2023-02-12 16:13:54,611 : INFO : EventManager : Event: ======'player_shot_my_first_shot_enabled'====== Args={'value': True, 'prev_value': 0, 'change': 1, 'player_num': 1}
2023-02-12 16:13:54,612 : INFO : EventManager : Event: ======'mode_base_starting'====== Args={'queue': <QueuedEvent>, 'player': 1, 'ball': 1, 'balls_remaining': 2, 'is_extra_ball': False}
2023-02-12 16:13:54,612 : INFO : Mode.base : Started. Priority: 100
2023-02-12 16:13:54,612 : INFO : EventManager : Event: ======'modes_active_modes_changed'====== Args={}
2023-02-12 16:13:54,612 : INFO : EventManager : Event: ======'mode_base_started'====== Args={'queue': <QueuedEvent>, 'player': 1, 'ball': 1, 'balls_remaining': 2, 'is_extra_ball': False}
2023-02-12 16:13:54,612 : INFO : EventManager : Event: ======'balls_in_play'====== Args={'balls': 1}
2023-02-12 16:13:54,612 : INFO : EventManager : Event: ======'ball_started'====== Args={'player': 1, 'ball': 1, 'balls_remaining': 2, 'is_extra_ball': False}
2023-02-12 16:13:54,643 : INFO : EventManager : Event: ======'single_player_ball_started'====== Args={}
2023-02-12 16:13:54,644 : INFO : EventManager : Event: ======'slide_base.slide_player-mode_base_started_created'====== Args={'_from_bcp': True}
2023-02-12 16:13:54,644 : INFO : EventManager : Event: ======'slide_base.slide_player-mode_base_started_active'====== Args={'_from_bcp': True}
2023-02-12 16:13:54,644 : INFO : EventManager : Event: ======'slide__global.slide_player-ball_started_created'====== Args={'_from_bcp': True}
2023-02-12 16:13:54,645 : INFO : EventManager : Event: ======'ball_start_target'====== Args={'target': 'playfield'}
2023-02-12 16:13:54,645 : INFO : ball_device.bd_plunger : Setting up player-controlled eject. Balls: 1, Target: <playfield.playfield>, player_controlled_eject_event: None
2023-02-12 16:13:54,645 : INFO : EventManager : Event: ======'balldevice_balls_available'====== Args={}
2023-02-12 16:13:54,647 : INFO : ball_device.bd_trough : State: waiting_for_target_ready
2023-02-12 16:13:54,647 : INFO : EventManager : Event: ======'balldevice_bd_trough_ball_eject_attempt'====== Args={'balls': 1, 'target': <ball_device.bd_plunger>, 'source': <ball_device.bd_trough>, 'mechanical_eject': True, 'num_attempts': 0}
2023-02-12 16:13:54,647 : INFO : ball_device.bd_plunger : State: waiting_for_ball
2023-02-12 16:13:54,647 : INFO : ball_device.bd_trough : State: ejecting
2023-02-12 16:13:54,648 : INFO : ball_device.bd_trough : Ejecting ball to <ball_device.bd_plunger>
2023-02-12 16:13:54,648 : INFO : EventManager : Event: ======'balldevice_bd_trough_ejecting_ball'====== Args={'balls': 1, 'target': <ball_device.bd_plunger>, 'source': <ball_device.bd_trough>, 'mechanical_eject': True, 'num_attempts': 0}
2023-02-12 16:13:54,648 : INFO : ball_device.bd_trough : Wait for ball to leave device
2023-02-12 16:13:54,649 : INFO : coil.c_trough_eject : Pulsing Driver for 10ms (1.0 pulse_power)
2023-02-12 16:13:59,237 : INFO : EventManager : Event: ======'mode2_start'====== Args={'_from_bcp': True}
2023-02-12 16:13:59,238 : INFO : EventManager : Event: ======'mode_mode2_will_start'====== Args={}
2023-02-12 16:13:59,238 : INFO : EventManager : Event: ======'player_shot_my_first_shot_mode2_enabled'====== Args={'value': True, 'prev_value': 0, 'change': 1, 'player_num': 1}
2023-02-12 16:13:59,243 : INFO : EventManager : Event: ======'mode_mode2_starting'====== Args={}
2023-02-12 16:13:59,243 : INFO : Mode.mode2 : Started. Priority: 200
2023-02-12 16:13:59,243 : INFO : EventManager : Event: ======'modes_active_modes_changed'====== Args={}
2023-02-12 16:13:59,243 : INFO : EventManager : Event: ======'mode_mode2_started'====== Args={}
2023-02-12 16:13:59,244 : INFO : EventManager : Event: ======'my_first_shot_mode2_state_flashing'====== Args={'priority': 0}
2023-02-12 16:14:01,080 : INFO : EventManager : Event: ======'mode2_stop'====== Args={'_from_bcp': True}
2023-02-12 16:14:01,080 : INFO : EventManager : Event: ======'mode_mode2_will_stop'====== Args={}
2023-02-12 16:14:01,081 : INFO : EventManager : Event: ======'mode_mode2_stopping'====== Args={}
2023-02-12 16:14:01,081 : INFO : Mode.mode2 : Stopped.
2023-02-12 16:14:01,081 : INFO : EventManager : Event: ======'modes_active_modes_changed'====== Args={}
2023-02-12 16:14:01,082 : INFO : EventManager : Event: ======'mode_mode2_stopped'====== Args={}
2023-02-12 16:14:01,082 : INFO : EventManager : Event: ======'clear'====== Args={'key': 'mode2'}
2023-02-12 16:14:02,362 : INFO : EventManager : Event: ======'mode2_start'====== Args={'_from_bcp': True}
2023-02-12 16:14:02,363 : INFO : EventManager : Event: ======'mode_mode2_will_start'====== Args={}
2023-02-12 16:14:02,365 : INFO : EventManager : Event: ======'mode_mode2_starting'====== Args={}
2023-02-12 16:14:02,365 : INFO : Mode.mode2 : Started. Priority: 200
2023-02-12 16:14:02,365 : INFO : EventManager : Event: ======'modes_active_modes_changed'====== Args={}
2023-02-12 16:14:02,365 : INFO : EventManager : Event: ======'mode_mode2_started'====== Args={}
2023-02-12 16:14:02,365 : INFO : EventManager : Event: ======'my_first_shot_mode2_state_flashing'====== Args={'priority': 0}
2023-02-12 16:14:04,639 : INFO : EventManager : Event: ======'balldevice_bd_trough_ball_eject_failed'====== Args={'target': <ball_device.bd_plunger>, 'balls': 1, 'retry': True, 'num_attempts': 1}
2023-02-12 16:14:04,643 : INFO : ball_device.bd_trough : State: waiting_for_target_ready
2023-02-12 16:14:04,643 : INFO : EventManager : Event: ======'balldevice_bd_trough_ball_eject_attempt'====== Args={'balls': 1, 'target': <ball_device.bd_plunger>, 'source': <ball_device.bd_trough>, 'mechanical_eject': True, 'num_attempts': 1}
2023-02-12 16:14:04,645 : INFO : ball_device.bd_trough : State: ejecting
2023-02-12 16:14:04,645 : INFO : ball_device.bd_trough : Ejecting ball to <ball_device.bd_plunger>
2023-02-12 16:14:04,646 : INFO : EventManager : Event: ======'balldevice_bd_trough_ejecting_ball'====== Args={'balls': 1, 'target': <ball_device.bd_plunger>, 'source': <ball_device.bd_trough>, 'mechanical_eject': True, 'num_attempts': 1}
2023-02-12 16:14:04,649 : INFO : ball_device.bd_trough : Wait for ball to leave device
2023-02-12 16:14:04,650 : INFO : coil.c_trough_eject : Pulsing Driver for 10ms (1.0 pulse_power)
2023-02-12 16:14:14,649 : INFO : EventManager : Event: ======'balldevice_bd_trough_ball_eject_failed'====== Args={'target': <ball_device.bd_plunger>, 'balls': 1, 'retry': True, 'num_attempts': 2}
2023-02-12 16:14:14,654 : INFO : ball_device.bd_trough : State: waiting_for_target_ready
2023-02-12 16:14:14,654 : INFO : EventManager : Event: ======'balldevice_bd_trough_ball_eject_attempt'====== Args={'balls': 1, 'target': <ball_device.bd_plunger>, 'source': <ball_device.bd_trough>, 'mechanical_eject': True, 'num_attempts': 2}
2023-02-12 16:14:14,656 : INFO : ball_device.bd_trough : State: ejecting
2023-02-12 16:14:14,657 : INFO : ball_device.bd_trough : Ejecting ball to <ball_device.bd_plunger>
2023-02-12 16:14:14,657 : INFO : EventManager : Event: ======'balldevice_bd_trough_ejecting_ball'====== Args={'balls': 1, 'target': <ball_device.bd_plunger>, 'source': <ball_device.bd_trough>, 'mechanical_eject': True, 'num_attempts': 2}
2023-02-12 16:14:14,661 : INFO : ball_device.bd_trough : Wait for ball to leave device
2023-02-12 16:14:14,662 : INFO : coil.c_trough_eject : Pulsing Driver for 10ms (1.0 pulse_power)
2023-02-12 16:14:21,783 : INFO : EventManager : Event: ======'mode2_stop'====== Args={'_from_bcp': True}
2023-02-12 16:14:21,784 : INFO : EventManager : Event: ======'mode_mode2_will_stop'====== Args={}
2023-02-12 16:14:21,784 : INFO : EventManager : Event: ======'mode_mode2_stopping'====== Args={}
2023-02-12 16:14:21,784 : INFO : Mode.mode2 : Stopped.
2023-02-12 16:14:21,785 : INFO : EventManager : Event: ======'modes_active_modes_changed'====== Args={}
2023-02-12 16:14:21,785 : INFO : EventManager : Event: ======'mode_mode2_stopped'====== Args={}
2023-02-12 16:14:21,785 : INFO : EventManager : Event: ======'clear'====== Args={'key': 'mode2'}
2023-02-12 16:14:24,644 : INFO : EventManager : Event: ======'balldevice_bd_trough_ball_eject_failed'====== Args={'target': <ball_device.bd_plunger>, 'balls': 1, 'retry': True, 'num_attempts': 3}
2023-02-12 16:14:24,646 : INFO : ball_device.bd_trough : State: waiting_for_target_ready
2023-02-12 16:14:24,646 : INFO : EventManager : Event: ======'balldevice_bd_trough_ball_eject_attempt'====== Args={'balls': 1, 'target': <ball_device.bd_plunger>, 'source': <ball_device.bd_trough>, 'mechanical_eject': True, 'num_attempts': 3}
2023-02-12 16:14:24,647 : INFO : ball_device.bd_trough : State: ejecting
2023-02-12 16:14:24,647 : INFO : ball_device.bd_trough : Ejecting ball to <ball_device.bd_plunger>
2023-02-12 16:14:24,648 : INFO : EventManager : Event: ======'balldevice_bd_trough_ejecting_ball'====== Args={'balls': 1, 'target': <ball_device.bd_plunger>, 'source': <ball_device.bd_trough>, 'mechanical_eject': True, 'num_attempts': 3}
2023-02-12 16:14:24,649 : INFO : ball_device.bd_trough : Wait for ball to leave device
2023-02-12 16:14:24,649 : INFO : coil.c_trough_eject : Pulsing Driver for 10ms (1.0 pulse_power)
2023-02-12 16:14:27,218 : INFO : EventManager : Event: ======'mode2_start'====== Args={'_from_bcp': True}
2023-02-12 16:14:27,218 : INFO : EventManager : Event: ======'mode_mode2_will_start'====== Args={}
2023-02-12 16:14:27,219 : INFO : EventManager : Event: ======'mode_mode2_starting'====== Args={}
2023-02-12 16:14:27,220 : INFO : Mode.mode2 : Started. Priority: 200
2023-02-12 16:14:27,220 : INFO : EventManager : Event: ======'modes_active_modes_changed'====== Args={}
2023-02-12 16:14:27,220 : INFO : EventManager : Event: ======'mode_mode2_started'====== Args={}
2023-02-12 16:14:27,220 : INFO : EventManager : Event: ======'my_first_shot_mode2_state_flashing'====== Args={'priority': 0}
2023-02-12 16:14:30,798 : INFO : EventManager : Event: ======'mode2_stop'====== Args={'_from_bcp': True}
2023-02-12 16:14:30,799 : INFO : EventManager : Event: ======'mode_mode2_will_stop'====== Args={}
2023-02-12 16:14:30,799 : INFO : EventManager : Event: ======'mode_mode2_stopping'====== Args={}
2023-02-12 16:14:30,799 : INFO : Mode.mode2 : Stopped.
2023-02-12 16:14:30,799 : INFO : EventManager : Event: ======'modes_active_modes_changed'====== Args={}
2023-02-12 16:14:30,800 : INFO : EventManager : Event: ======'mode_mode2_stopped'====== Args={}
2023-02-12 16:14:30,800 : INFO : EventManager : Event: ======'clear'====== Args={'key': 'mode2'}
2023-02-12 16:14:34,638 : INFO : EventManager : Event: ======'balldevice_bd_trough_ball_eject_failed'====== Args={'target': <ball_device.bd_plunger>, 'balls': 1, 'retry': True, 'num_attempts': 4}
2023-02-12 16:14:34,642 : INFO : ball_device.bd_trough : State: waiting_for_target_ready
2023-02-12 16:14:34,642 : INFO : EventManager : Event: ======'balldevice_bd_trough_ball_eject_attempt'====== Args={'balls': 1, 'target': <ball_device.bd_plunger>, 'source': <ball_device.bd_trough>, 'mechanical_eject': True, 'num_attempts': 4}
2023-02-12 16:14:34,644 : INFO : ball_device.bd_trough : State: ejecting
2023-02-12 16:14:34,645 : INFO : ball_device.bd_trough : Ejecting ball to <ball_device.bd_plunger>
2023-02-12 16:14:34,645 : INFO : EventManager : Event: ======'balldevice_bd_trough_ejecting_ball'====== Args={'balls': 1, 'target': <ball_device.bd_plunger>, 'source': <ball_device.bd_trough>, 'mechanical_eject': True, 'num_attempts': 4}
2023-02-12 16:14:34,649 : INFO : ball_device.bd_trough : Wait for ball to leave device
2023-02-12 16:14:34,650 : INFO : coil.c_trough_eject : Pulsing Driver for 10ms (1.0 pulse_power)
2023-02-12 16:14:44,643 : INFO : EventManager : Event: ======'balldevice_bd_trough_ball_eject_failed'====== Args={'target': <ball_device.bd_plunger>, 'balls': 1, 'retry': True, 'num_attempts': 5}
2023-02-12 16:14:44,648 : INFO : ball_device.bd_trough : State: waiting_for_target_ready
2023-02-12 16:14:44,648 : INFO : EventManager : Event: ======'balldevice_bd_trough_ball_eject_attempt'====== Args={'balls': 1, 'target': <ball_device.bd_plunger>, 'source': <ball_device.bd_trough>, 'mechanical_eject': True, 'num_attempts': 5}
2023-02-12 16:14:44,649 : INFO : ball_device.bd_trough : State: ejecting
2023-02-12 16:14:44,650 : INFO : ball_device.bd_trough : Ejecting ball to <ball_device.bd_plunger>
2023-02-12 16:14:44,650 : INFO : EventManager : Event: ======'balldevice_bd_trough_ejecting_ball'====== Args={'balls': 1, 'target': <ball_device.bd_plunger>, 'source': <ball_device.bd_trough>, 'mechanical_eject': True, 'num_attempts': 5}
2023-02-12 16:14:44,653 : INFO : ball_device.bd_trough : Wait for ball to leave device
2023-02-12 16:14:44,654 : INFO : coil.c_trough_eject : Pulsing Driver for 10ms (1.0 pulse_power)
2023-02-12 16:14:54,637 : INFO : EventManager : Event: ======'balldevice_bd_trough_ball_eject_failed'====== Args={'target': <ball_device.bd_plunger>, 'balls': 1, 'retry': True, 'num_attempts': 6}
2023-02-12 16:14:54,641 : INFO : ball_device.bd_trough : State: waiting_for_target_ready
2023-02-12 16:14:54,641 : INFO : EventManager : Event: ======'balldevice_bd_trough_ball_eject_attempt'====== Args={'balls': 1, 'target': <ball_device.bd_plunger>, 'source': <ball_device.bd_trough>, 'mechanical_eject': True, 'num_attempts': 6}
2023-02-12 16:14:54,641 : INFO : ball_device.bd_trough : State: ejecting
2023-02-12 16:14:54,643 : INFO : ball_device.bd_trough : Ejecting ball to <ball_device.bd_plunger>
2023-02-12 16:14:54,643 : INFO : EventManager : Event: ======'balldevice_bd_trough_ejecting_ball'====== Args={'balls': 1, 'target': <ball_device.bd_plunger>, 'source': <ball_device.bd_trough>, 'mechanical_eject': True, 'num_attempts': 6}
2023-02-12 16:14:54,646 : INFO : ball_device.bd_trough : Wait for ball to leave device
2023-02-12 16:14:54,646 : INFO : coil.c_trough_eject : Pulsing Driver for 10ms (1.0 pulse_power)
2023-02-12 16:15:04,651 : INFO : EventManager : Event: ======'balldevice_bd_trough_ball_eject_failed'====== Args={'target': <ball_device.bd_plunger>, 'balls': 1, 'retry': True, 'num_attempts': 7}
2023-02-12 16:15:04,654 : INFO : ball_device.bd_trough : State: waiting_for_target_ready
2023-02-12 16:15:04,654 : INFO : EventManager : Event: ======'balldevice_bd_trough_ball_eject_attempt'====== Args={'balls': 1, 'target': <ball_device.bd_plunger>, 'source': <ball_device.bd_trough>, 'mechanical_eject': True, 'num_attempts': 7}
2023-02-12 16:15:04,656 : INFO : ball_device.bd_trough : State: ejecting
2023-02-12 16:15:04,656 : INFO : ball_device.bd_trough : Ejecting ball to <ball_device.bd_plunger>
2023-02-12 16:15:04,656 : INFO : EventManager : Event: ======'balldevice_bd_trough_ejecting_ball'====== Args={'balls': 1, 'target': <ball_device.bd_plunger>, 'source': <ball_device.bd_trough>, 'mechanical_eject': True, 'num_attempts': 7}
2023-02-12 16:15:04,659 : INFO : ball_device.bd_trough : Wait for ball to leave device
2023-02-12 16:15:04,659 : INFO : coil.c_trough_eject : Pulsing Driver for 10ms (1.0 pulse_power)
2023-02-12 16:15:14,640 : INFO : EventManager : Event: ======'balldevice_bd_trough_ball_eject_failed'====== Args={'target': <ball_device.bd_plunger>, 'balls': 1, 'retry': True, 'num_attempts': 8}
2023-02-12 16:15:14,642 : INFO : ball_device.bd_trough : State: waiting_for_target_ready
2023-02-12 16:15:14,642 : INFO : EventManager : Event: ======'balldevice_bd_trough_ball_eject_attempt'====== Args={'balls': 1, 'target': <ball_device.bd_plunger>, 'source': <ball_device.bd_trough>, 'mechanical_eject': True, 'num_attempts': 8}
2023-02-12 16:15:14,643 : INFO : ball_device.bd_trough : State: ejecting
2023-02-12 16:15:14,643 : INFO : ball_device.bd_trough : Ejecting ball to <ball_device.bd_plunger>
2023-02-12 16:15:14,643 : INFO : EventManager : Event: ======'balldevice_bd_trough_ejecting_ball'====== Args={'balls': 1, 'target': <ball_device.bd_plunger>, 'source': <ball_device.bd_trough>, 'mechanical_eject': True, 'num_attempts': 8}
2023-02-12 16:15:14,644 : INFO : ball_device.bd_trough : Wait for ball to leave device
2023-02-12 16:15:14,644 : INFO : coil.c_trough_eject : Pulsing Driver for 10ms (1.0 pulse_power)
2023-02-12 16:15:20,652 : INFO : EventManager : Event: ======'mode2_start'====== Args={'_from_bcp': True}
2023-02-12 16:15:20,654 : INFO : EventManager : Event: ======'mode_mode2_will_start'====== Args={}
2023-02-12 16:15:20,658 : INFO : EventManager : Event: ======'mode_mode2_starting'====== Args={}
2023-02-12 16:15:20,658 : INFO : Mode.mode2 : Started. Priority: 200
2023-02-12 16:15:20,659 : INFO : EventManager : Event: ======'modes_active_modes_changed'====== Args={}
2023-02-12 16:15:20,659 : INFO : EventManager : Event: ======'mode_mode2_started'====== Args={}
2023-02-12 16:15:20,661 : INFO : EventManager : Event: ======'my_first_shot_mode2_state_flashing'====== Args={'priority': 0}
2023-02-12 16:15:24,650 : INFO : EventManager : Event: ======'balldevice_bd_trough_ball_eject_failed'====== Args={'target': <ball_device.bd_plunger>, 'balls': 1, 'retry': True, 'num_attempts': 9}
2023-02-12 16:15:24,652 : INFO : ball_device.bd_trough : State: waiting_for_target_ready
2023-02-12 16:15:24,652 : INFO : EventManager : Event: ======'balldevice_bd_trough_ball_eject_attempt'====== Args={'balls': 1, 'target': <ball_device.bd_plunger>, 'source': <ball_device.bd_trough>, 'mechanical_eject': True, 'num_attempts': 9}
2023-02-12 16:15:24,652 : INFO : ball_device.bd_trough : State: ejecting
2023-02-12 16:15:24,653 : INFO : ball_device.bd_trough : Ejecting ball to <ball_device.bd_plunger>
2023-02-12 16:15:24,653 : INFO : EventManager : Event: ======'balldevice_bd_trough_ejecting_ball'====== Args={'balls': 1, 'target': <ball_device.bd_plunger>, 'source': <ball_device.bd_trough>, 'mechanical_eject': True, 'num_attempts': 9}
2023-02-12 16:15:24,654 : INFO : ball_device.bd_trough : Wait for ball to leave device
2023-02-12 16:15:24,654 : INFO : coil.c_trough_eject : Pulsing Driver for 10ms (1.0 pulse_power)
2023-02-12 16:15:26,466 : INFO : SwitchController : <<<<<<< 's_reentry_left' active >>>>>>>
2023-02-12 16:15:26,466 : INFO : EventManager : Event: ======'playfield_active'====== Args={}
2023-02-12 16:15:26,466 : INFO : EventManager : Event: ======'unexpected_ball_on_playfield'====== Args={}
2023-02-12 16:15:26,466 : INFO : EventManager : Event: ======'playfield_active'====== Args={}
2023-02-12 16:15:26,468 : INFO : EventManager : Event: ======'unexpected_ball_on_playfield'====== Args={}
2023-02-12 16:15:26,468 : INFO : EventManager : Event: ======'s_reentry_left_active'====== Args={}
2023-02-12 16:15:26,468 : INFO : EventManager : Event: ======'sw_playfield_active'====== Args={}
2023-02-12 16:15:26,468 : INFO : EventManager : Event: ======'machine_var_audits_switches_s_reentry_left'====== Args={'value': 263, 'prev_value': 262, 'change': 1}
2023-02-12 16:15:26,483 : INFO : EventManager : Event: ======'player_shot_my_first_shot_mode2'====== Args={'value': 1, 'prev_value': 0, 'change': 1, 'player_num': 1}
2023-02-12 16:15:26,483 : INFO : EventManager : Event: ======'machine_var_audits_shots_my_first_shot_mode2'====== Args={'value': 38, 'prev_value': 37, 'change': 1}
2023-02-12 16:15:26,484 : INFO : EventManager : Event: ======'my_first_shot_mode2_hit'====== Args={'profile': 'mode2', 'state': 'flashing', 'advancing': True}
2023-02-12 16:15:26,484 : INFO : EventManager : Event: ======'my_first_shot_mode2_mode2_hit'====== Args={'profile': 'mode2', 'state': 'flashing', 'advancing': True}
2023-02-12 16:15:26,484 : INFO : EventManager : Event: ======'my_first_shot_mode2_mode2_flashing_hit'====== Args={'profile': 'mode2', 'state': 'flashing', 'advancing': True}
2023-02-12 16:15:26,485 : INFO : EventManager : Event: ======'my_first_shot_mode2_flashing_hit'====== Args={'profile': 'mode2', 'state': 'flashing', 'advancing': True}
2023-02-12 16:15:26,485 : INFO : EventManager : Event: ======'logicblock_reentry_switch_counter_updated'====== Args={'value': 1, 'enabled': True}
2023-02-12 16:15:26,485 : INFO : EventManager : Event: ======'reentry_sound_active'====== Args={'count': 1}
2023-02-12 16:15:26,485 : INFO : EventManager : Event: ======'player_score'====== Args={'value': 10000, 'prev_value': 0, 'change': 10000, 'player_num': 1}
2023-02-12 16:15:26,485 : INFO : EventManager : Event: ======'playfield_active'====== Args={}
2023-02-12 16:15:26,486 : INFO : EventManager : Event: ======'unexpected_ball_on_playfield'====== Args={}
2023-02-12 16:15:26,649 : INFO : SwitchController : <<<<<<< 's_reentry_left' inactive >>>>>>>
2023-02-12 16:15:29,904 : INFO : EventManager : Event: ======'mode2_stop'====== Args={'_from_bcp': True}
2023-02-12 16:15:29,906 : INFO : EventManager : Event: ======'mode_mode2_will_stop'====== Args={}
2023-02-12 16:15:29,906 : INFO : EventManager : Event: ======'mode_mode2_stopping'====== Args={}
2023-02-12 16:15:29,907 : INFO : Mode.mode2 : Stopped.
2023-02-12 16:15:29,907 : INFO : EventManager : Event: ======'modes_active_modes_changed'====== Args={}
2023-02-12 16:15:29,909 : INFO : EventManager : Event: ======'mode_mode2_stopped'====== Args={}
2023-02-12 16:15:29,909 : INFO : EventManager : Event: ======'clear'====== Args={'key': 'mode2'}
2023-02-12 16:15:34,256 : INFO : EventManager : Event: ======'mode2_start'====== Args={'_from_bcp': True}
2023-02-12 16:15:34,257 : INFO : EventManager : Event: ======'mode_mode2_will_start'====== Args={}
2023-02-12 16:15:34,258 : INFO : EventManager : Event: ======'mode_mode2_starting'====== Args={}
2023-02-12 16:15:34,258 : INFO : Mode.mode2 : Started. Priority: 200
2023-02-12 16:15:34,258 : INFO : EventManager : Event: ======'modes_active_modes_changed'====== Args={}
2023-02-12 16:15:34,258 : INFO : EventManager : Event: ======'mode_mode2_started'====== Args={}
2023-02-12 16:15:34,258 : INFO : EventManager : Event: ======'my_first_shot_mode2_state_flashing'====== Args={'priority': 0}
2023-02-12 16:15:34,640 : INFO : EventManager : Event: ======'balldevice_bd_trough_ball_eject_failed'====== Args={'target': <ball_device.bd_plunger>, 'balls': 1, 'retry': True, 'num_attempts': 10}
2023-02-12 16:15:34,643 : INFO : ball_device.bd_trough : State: waiting_for_target_ready
2023-02-12 16:15:34,643 : INFO : EventManager : Event: ======'balldevice_bd_trough_ball_eject_attempt'====== Args={'balls': 1, 'target': <ball_device.bd_plunger>, 'source': <ball_device.bd_trough>, 'mechanical_eject': True, 'num_attempts': 10}
2023-02-12 16:15:34,645 : INFO : ball_device.bd_trough : State: ejecting
2023-02-12 16:15:34,646 : INFO : ball_device.bd_trough : Ejecting ball to <ball_device.bd_plunger>
2023-02-12 16:15:34,646 : INFO : EventManager : Event: ======'balldevice_bd_trough_ejecting_ball'====== Args={'balls': 1, 'target': <ball_device.bd_plunger>, 'source': <ball_device.bd_trough>, 'mechanical_eject': True, 'num_attempts': 10}
2023-02-12 16:15:34,650 : INFO : ball_device.bd_trough : Wait for ball to leave device
2023-02-12 16:15:34,650 : INFO : coil.c_trough_eject : Pulsing Driver for 10ms (1.0 pulse_power)
2023-02-12 16:15:44,637 : INFO : EventManager : Event: ======'balldevice_bd_trough_ball_eject_failed'====== Args={'target': <ball_device.bd_plunger>, 'balls': 1, 'retry': True, 'num_attempts': 11}
2023-02-12 16:15:44,640 : INFO : ball_device.bd_trough : State: waiting_for_target_ready
2023-02-12 16:15:44,641 : INFO : EventManager : Event: ======'balldevice_bd_trough_ball_eject_attempt'====== Args={'balls': 1, 'target': <ball_device.bd_plunger>, 'source': <ball_device.bd_trough>, 'mechanical_eject': True, 'num_attempts': 11}
2023-02-12 16:15:44,642 : INFO : ball_device.bd_trough : State: ejecting
2023-02-12 16:15:44,642 : INFO : ball_device.bd_trough : Ejecting ball to <ball_device.bd_plunger>
2023-02-12 16:15:44,643 : INFO : EventManager : Event: ======'balldevice_bd_trough_ejecting_ball'====== Args={'balls': 1, 'target': <ball_device.bd_plunger>, 'source': <ball_device.bd_trough>, 'mechanical_eject': True, 'num_attempts': 11}
2023-02-12 16:15:44,645 : INFO : ball_device.bd_trough : Wait for ball to leave device
2023-02-12 16:15:44,645 : INFO : coil.c_trough_eject : Pulsing Driver for 10ms (1.0 pulse_power)
2023-02-12 16:15:47,162 : INFO : Machine : Shutting down...
2023-02-12 16:15:47,162 : INFO : EventManager : Event: ======'shutdown'====== Args={}
2023-02-12 16:15:47,170 : ERROR : OPP : Stop called on serial connection com5
2023-02-12 16:15:47,170 : ERROR : OPP : Stop called on serial connection com4
2023-02-12 16:15:47,172 : INFO : root : MPF run loop ended.
