2023-10-02 12:58:03,897 : kivy : Factory: 186 symbols loaded
2023-10-02 12:58:04,003 : kivy : ImageLoaderFFPy: Using ffpyplayer 4.3.2
2023-10-02 12:58:04,004 : kivy : Image: Providers: img_tex, img_dds, img_sdl2, img_pil, img_ffpyplayer 
2023-10-02 12:58:04,040 : kivy : VideoGstplayer: Using Gstreamer 1.18.0.0
2023-10-02 12:58:04,040 : kivy : Video: Provider: gstplayer
2023-10-02 12:58:04,174 : kivy : Loading MPF-MC controller
2023-10-02 12:58:04,542 : ConfigProcessor : Config spec file cache created: C:\Users\student\AppData\Local\Temp\config_spec.mpf_cache
2023-10-02 12:58:04,542 : YamlMultifileConfigLoader : Machine config file #1: config
2023-10-02 12:58:04,543 : ConfigProcessor : Loading config from file c:\users\student\mpfenv\lib\site-packages\mpfmc\mcconfig.yaml.
2023-10-02 12:58:04,587 : ConfigProcessor : Loading config: c:\users\student\mpfenv\lib\site-packages\mpfmc\mcconfig.yaml
2023-10-02 12:58:04,588 : ConfigProcessor : Loading config from file C:\Users\student\pinball\cobraPinTest1\config\config.
2023-10-02 12:58:04,634 : ConfigProcessor : Loading config: C:\Users\student\pinball\cobraPinTest1\config\config
2023-10-02 12:58:04,635 : ConfigProcessor : Config file cache created: C:\Users\student\AppData\Local\Temp\8788ef445fdd76e1de1cbcebe7495fec.mpf_cache
2023-10-02 12:58:04,635 : ConfigProcessor : Loading config from file c:\users\student\mpfenv\lib\site-packages\mpf\modes\attract\config\attract.yaml.
2023-10-02 12:58:04,637 : ConfigProcessor : Loading config: c:\users\student\mpfenv\lib\site-packages\mpf\modes\attract\config\attract.yaml
2023-10-02 12:58:04,637 : ConfigProcessor : Loading config from file C:\Users\student\pinball\cobraPinTest1\modes\attract\config\attract.yaml.
2023-10-02 12:58:04,638 : ConfigProcessor : Loading config: C:\Users\student\pinball\cobraPinTest1\modes\attract\config\attract.yaml
2023-10-02 12:58:04,638 : ConfigProcessor : Config file cache created: C:\Users\student\AppData\Local\Temp\32ed7ad340ce8029344f8b9ff63edc80.mpf_cache
2023-10-02 12:58:04,639 : ConfigProcessor : Loading config from file c:\users\student\mpfenv\lib\site-packages\mpf\modes\game\config\game.yaml.
2023-10-02 12:58:04,641 : ConfigProcessor : Loading config: c:\users\student\mpfenv\lib\site-packages\mpf\modes\game\config\game.yaml
2023-10-02 12:58:04,641 : ConfigProcessor : Config file cache created: C:\Users\student\AppData\Local\Temp\8696bd5a5a040ff67990be11cb4d3c0c.mpf_cache
2023-10-02 12:58:04,641 : ConfigProcessor : Loading config from file C:\Users\student\pinball\cobraPinTest1\modes\base\config\base.yaml.
2023-10-02 12:58:04,647 : ConfigProcessor : Loading config: C:\Users\student\pinball\cobraPinTest1\modes\base\config\base.yaml
2023-10-02 12:58:04,648 : ConfigProcessor : Config file cache created: C:\Users\student\AppData\Local\Temp\4675a535c8328a9c278c807d999ed109.mpf_cache
2023-10-02 12:58:04,648 : ConfigProcessor : Loading config from file C:\Users\student\pinball\cobraPinTest1\modes\reentry\config\reentry.yaml.
2023-10-02 12:58:04,666 : ConfigProcessor : Loading config: C:\Users\student\pinball\cobraPinTest1\modes\reentry\config\reentry.yaml
2023-10-02 12:58:04,667 : ConfigProcessor : Config file cache created: C:\Users\student\AppData\Local\Temp\0c8438cab3480347c0c749fa494946a2.mpf_cache
2023-10-02 12:58:04,667 : mpfmc : Mission Pinball Framework Media Controller v0.55.0
2023-10-02 12:58:04,667 : mpfmc : Mission Pinball Framework Game Engine v0.55.0
2023-10-02 12:58:04,667 : mpfmc : Machine path: C:\Users\student\pinball\cobraPinTest1
2023-10-02 12:58:04,667 : mpfmc : Starting clock at 60.0Hz
2023-10-02 12:58:04,681 : kivy : Text: Provider: sdl2
2023-10-02 12:58:04,720 : kivy : Window: Provider: sdl2
2023-10-02 12:58:05,058 : kivy : GL: Using the "OpenGL" graphics system
2023-10-02 12:58:05,060 : kivy : GL: GLEW initialization succeeded
2023-10-02 12:58:05,060 : kivy : GL: Backend used <glew>
2023-10-02 12:58:05,061 : kivy : GL: OpenGL version <b'4.6.13543 Compatibility Profile Context 25.20.15006.9'>
2023-10-02 12:58:05,061 : kivy : GL: OpenGL vendor <b'ATI Technologies Inc.'>
2023-10-02 12:58:05,061 : kivy : GL: OpenGL renderer <b'Radeon RX Vega M GL Graphics'>
2023-10-02 12:58:05,061 : kivy : GL: OpenGL parsed version: 4, 6
2023-10-02 12:58:05,061 : kivy : GL: Shading version <b'4.60'>
2023-10-02 12:58:05,061 : kivy : GL: Texture max size <16384>
2023-10-02 12:58:05,061 : kivy : GL: Texture max units <32>
2023-10-02 12:58:05,074 : kivy : Window: auto add sdl2 input provider
2023-10-02 12:58:05,074 : kivy : Window: virtual keyboard not allowed, single mode, not docked
2023-10-02 12:58:05,281 : AudioInterface : Initialized
2023-10-02 12:58:05,281 : AudioInterface : Loaded SDL 2.0.12
2023-10-02 12:58:05,281 : AudioInterface : Loaded SDL_Mixer 2.0.4
2023-10-02 12:58:05,282 : AudioInterface : Loaded GStreamer 1.18.0.0
2023-10-02 12:58:05,282 : AudioInterface : Loaded GLib 2.62.6
2023-10-02 12:58:05,282 : AudioInterface : Settings requested - rate: 44100, channels: 1, buffer: 2048 samples
2023-10-02 12:58:05,282 : AudioInterface : Settings in use - rate: 44100, channels: 1, buffer: 2048 samples (4096 bytes @ 2 bytes per sample)
2023-10-02 12:58:05,282 : SoundSystem : Setting master volume to 0.0
2023-10-02 12:58:05,282 : SoundSystem : master_volume in sound_system is deprecated and will be removed in the future.
2023-10-02 12:58:05,282 : AudioInterface : Enabling audio playback
2023-10-02 12:58:05,284 : kivy : Base: Start application main loop
2023-10-02 12:58:05,284 : EventManager : Event: ======'display_window_initialized'====== Args={}
2023-10-02 12:58:05,301 : mpfmc : Display: Setting 'window' as default display
2023-10-02 12:58:05,306 : EventManager : Event: ======'displays_initialized'====== Args={}
2023-10-02 12:58:05,307 : EventManager : Event: ======'slide_window_blank_created'====== Args={}
2023-10-02 12:58:05,307 : EventManager : Event: ======'display_window_ready'====== Args={}
2023-10-02 12:58:05,315 : EventManager : Event: ======'init_phase_1'====== Args={}
2023-10-02 12:58:05,319 : EventManager : Event: ======'mc_ready'====== Args={}
2023-10-02 12:58:05,319 : EventManager : Event: ======'init_phase_2'====== Args={}
2023-10-02 12:58:05,321 : EventManager : Event: ======'init_phase_3'====== Args={}
2023-10-02 12:58:05,322 : EventManager : Event: ======'init_phase_4'====== Args={}
2023-10-02 12:58:05,323 : EventManager : Event: ======'init_phase_5'====== Args={}
2023-10-02 12:58:05,323 : EventManager : Event: ======'init_done'====== Args={}
2023-10-02 12:58:05,323 : MPF-MC BCP Server : Starting up on localhost port 5050
2023-10-02 12:58:05,326 : MPF-MC BCP Server : Waiting for a connection...
2023-10-02 12:58:05,327 : mpfmc : SlidePlayer: Play called with settings={'slides': {welcome_slide-None-None: {'priority': None, 'target': None, 'background_color': [0.0, 0.0, 0.0, 1.0], 'show': True, 'force': False, 'expire': None, 'slide': None, 'tokens': {}, 'action': 'play', 'transition': None, 'transition_out': None}}}
2023-10-02 12:58:05,331 : kivy : GL: NPOT texture support is available
2023-10-02 12:58:05,331 : EventManager : Event: ======'slide_welcome_slide_created'====== Args={}
2023-10-02 12:58:05,334 : EventManager : Event: ======'slide_welcome_slide_active'====== Args={}
2023-10-02 12:58:05,344 : EventManager : Event: ======'client_disconnected'====== Args={'host': '127.0.0.1', 'port': 5050}
2023-10-02 12:58:06,612 : MPF-MC BCP Server : Received connection from: 127.0.0.1:55599
2023-10-02 12:58:06,615 : EventManager : Event: ======'client_connected'====== Args={'host': '127.0.0.1', 'port': 55599}
2023-10-02 12:58:06,627 : EventManager : Event: ======'machine_var_credits_string'====== Args={'value': 'FREE PLAY', 'prev_value': None, 'change': True}
2023-10-02 12:58:06,627 : EventManager : Event: ======'machine_var_master_volume'====== Args={'value': 0.5, 'prev_value': None, 'change': True}
2023-10-02 12:58:06,627 : EventManager : Event: ======'machine_var_player1_score'====== Args={'value': 1500, 'prev_value': None, 'change': True}
2023-10-02 12:58:06,627 : EventManager : Event: ======'machine_var_mpf_version'====== Args={'value': 'MPF v0.55.0', 'prev_value': None, 'change': True}
2023-10-02 12:58:06,627 : EventManager : Event: ======'machine_var_mpf_extended_version'====== Args={'value': 'MPF v0.55.0, Config version:5, Show version: 5, BCP version:1.1', 'prev_value': None, 'change': True}
2023-10-02 12:58:06,627 : EventManager : Event: ======'machine_var_python_version'====== Args={'value': '3.7.8', 'prev_value': None, 'change': True}
2023-10-02 12:58:06,627 : EventManager : Event: ======'machine_var_platform'====== Args={'value': 'Windows-10-10.0.19041-SP0', 'prev_value': None, 'change': True}
2023-10-02 12:58:06,627 : EventManager : Event: ======'machine_var_platform_system'====== Args={'value': 'Windows', 'prev_value': None, 'change': True}
2023-10-02 12:58:06,627 : EventManager : Event: ======'machine_var_platform_release'====== Args={'value': '10', 'prev_value': None, 'change': True}
2023-10-02 12:58:06,627 : EventManager : Event: ======'machine_var_platform_version'====== Args={'value': '10.0.19041', 'prev_value': None, 'change': True}
2023-10-02 12:58:06,627 : EventManager : Event: ======'machine_var_platform_machine'====== Args={'value': 'AMD64', 'prev_value': None, 'change': True}
2023-10-02 12:58:06,628 : EventManager : Event: ======'machine_var_mc_version'====== Args={'value': 'MPF-MC v0.55.0', 'prev_value': None, 'change': True}
2023-10-02 12:58:06,628 : EventManager : Event: ======'machine_var_mc_extended_version'====== Args={'value': 'MPF-MC v0.55.0 (config_version=5, BCP v1.1, Requires MPF v0.55.0-dev.49)', 'prev_value': None, 'change': True}
2023-10-02 12:58:06,628 : SoundSystem : Setting master volume to 0.5
2023-10-02 12:58:06,718 : EventManager : Event: ======'machine_var_audits_events_game_ended'====== Args={'value': 0, 'prev_value': None, 'change': True}
2023-10-02 12:58:06,718 : EventManager : Event: ======'machine_var_audits_events_game_started'====== Args={'value': 0, 'prev_value': None, 'change': True}
2023-10-02 12:58:06,718 : EventManager : Event: ======'machine_var_audits_player_score'====== Args={'value': {'average': 1800.0, 'top': [2000, 1900, 1500], 'total': 3}, 'prev_value': None, 'change': True}
2023-10-02 12:58:06,718 : EventManager : Event: ======'machine_var_audits_shots_my_first_shot'====== Args={'value': 119, 'prev_value': None, 'change': True}
2023-10-02 12:58:06,718 : EventManager : Event: ======'machine_var_audits_shots_my_first_shot_mode2'====== Args={'value': 72, 'prev_value': None, 'change': True}
2023-10-02 12:58:06,718 : EventManager : Event: ======'machine_var_audits_shots_reentryL_shot'====== Args={'value': 359, 'prev_value': None, 'change': True}
2023-10-02 12:58:06,718 : EventManager : Event: ======'machine_var_audits_shots_reentryM_shot'====== Args={'value': 338, 'prev_value': None, 'change': True}
2023-10-02 12:58:06,718 : EventManager : Event: ======'machine_var_audits_shots_reentryR_shot'====== Args={'value': 306, 'prev_value': None, 'change': True}
2023-10-02 12:58:06,719 : EventManager : Event: ======'machine_var_audits_shots_reentry_shot'====== Args={'value': 9, 'prev_value': None, 'change': True}
2023-10-02 12:58:06,719 : EventManager : Event: ======'machine_var_audits_shots_top_lane_A'====== Args={'value': 12, 'prev_value': None, 'change': True}
2023-10-02 12:58:06,719 : EventManager : Event: ======'machine_var_audits_shots_top_lane_J'====== Args={'value': 12, 'prev_value': None, 'change': True}
2023-10-02 12:58:06,719 : EventManager : Event: ======'machine_var_audits_shots_top_lane_M'====== Args={'value': 9, 'prev_value': None, 'change': True}
2023-10-02 12:58:06,719 : EventManager : Event: ======'machine_var_audits_switches_s_blackhole_kicker'====== Args={'value': 0, 'prev_value': None, 'change': True}
2023-10-02 12:58:06,719 : EventManager : Event: ======'machine_var_audits_switches_s_bonus_lane'====== Args={'value': 0, 'prev_value': None, 'change': True}
2023-10-02 12:58:06,719 : EventManager : Event: ======'machine_var_audits_switches_s_booster_drop_target_1'====== Args={'value': 0, 'prev_value': None, 'change': True}
2023-10-02 12:58:06,719 : EventManager : Event: ======'machine_var_audits_switches_s_booster_drop_target_2'====== Args={'value': 0, 'prev_value': None, 'change': True}
2023-10-02 12:58:06,719 : EventManager : Event: ======'machine_var_audits_switches_s_booster_drop_target_3'====== Args={'value': 0, 'prev_value': None, 'change': True}
2023-10-02 12:58:06,720 : EventManager : Event: ======'machine_var_audits_switches_s_comet_spot_1'====== Args={'value': 0, 'prev_value': None, 'change': True}
2023-10-02 12:58:06,720 : EventManager : Event: ======'machine_var_audits_switches_s_comet_spot_2'====== Args={'value': 0, 'prev_value': None, 'change': True}
2023-10-02 12:58:06,720 : EventManager : Event: ======'machine_var_audits_switches_s_comet_spot_3'====== Args={'value': 0, 'prev_value': None, 'change': True}
2023-10-02 12:58:06,720 : EventManager : Event: ======'machine_var_audits_switches_s_engine_bumper_1'====== Args={'value': 0, 'prev_value': None, 'change': True}
2023-10-02 12:58:06,720 : EventManager : Event: ======'machine_var_audits_switches_s_engine_bumper_2'====== Args={'value': 0, 'prev_value': None, 'change': True}
2023-10-02 12:58:06,720 : EventManager : Event: ======'machine_var_audits_switches_s_engine_bumper_3'====== Args={'value': 0, 'prev_value': None, 'change': True}
2023-10-02 12:58:06,720 : EventManager : Event: ======'machine_var_audits_switches_s_fuel_chute_1'====== Args={'value': 0, 'prev_value': None, 'change': True}
2023-10-02 12:58:06,720 : EventManager : Event: ======'machine_var_audits_switches_s_fuel_chute_2'====== Args={'value': 0, 'prev_value': None, 'change': True}
2023-10-02 12:58:06,720 : EventManager : Event: ======'machine_var_audits_switches_s_fuel_chute_3'====== Args={'value': 0, 'prev_value': None, 'change': True}
2023-10-02 12:58:06,720 : EventManager : Event: ======'machine_var_audits_switches_s_fuel_chute_4'====== Args={'value': 0, 'prev_value': None, 'change': True}
2023-10-02 12:58:06,720 : EventManager : Event: ======'machine_var_audits_switches_s_fuel_chute_5'====== Args={'value': 0, 'prev_value': None, 'change': True}
2023-10-02 12:58:06,721 : EventManager : Event: ======'machine_var_audits_switches_s_fuel_chute_6'====== Args={'value': 0, 'prev_value': None, 'change': True}
2023-10-02 12:58:06,721 : EventManager : Event: ======'machine_var_audits_switches_s_fuel_flag'====== Args={'value': 0, 'prev_value': None, 'change': True}
2023-10-02 12:58:06,721 : EventManager : Event: ======'machine_var_audits_switches_s_fuel_spot_1'====== Args={'value': 0, 'prev_value': None, 'change': True}
2023-10-02 12:58:06,721 : EventManager : Event: ======'machine_var_audits_switches_s_fuel_spot_2'====== Args={'value': 0, 'prev_value': None, 'change': True}
2023-10-02 12:58:06,721 : EventManager : Event: ======'machine_var_audits_switches_s_fuel_spot_3'====== Args={'value': 0, 'prev_value': None, 'change': True}
2023-10-02 12:58:06,721 : EventManager : Event: ======'machine_var_audits_switches_s_green_wormhole'====== Args={'value': 0, 'prev_value': None, 'change': True}
2023-10-02 12:58:06,721 : EventManager : Event: ======'machine_var_audits_switches_s_hyperspace_flag'====== Args={'value': 0, 'prev_value': None, 'change': True}
2023-10-02 12:58:06,721 : EventManager : Event: ======'machine_var_audits_switches_s_hyperspacekicker'====== Args={'value': 0, 'prev_value': None, 'change': True}
2023-10-02 12:58:06,721 : EventManager : Event: ======'machine_var_audits_switches_s_launch_lane_1'====== Args={'value': 0, 'prev_value': None, 'change': True}
2023-10-02 12:58:06,722 : EventManager : Event: ======'machine_var_audits_switches_s_launch_lane_2'====== Args={'value': 0, 'prev_value': None, 'change': True}
2023-10-02 12:58:06,722 : EventManager : Event: ======'machine_var_audits_switches_s_launch_lane_3'====== Args={'value': 0, 'prev_value': None, 'change': True}
2023-10-02 12:58:06,722 : EventManager : Event: ======'machine_var_audits_switches_s_launch_ramp'====== Args={'value': 0, 'prev_value': None, 'change': True}
2023-10-02 12:58:06,722 : EventManager : Event: ======'machine_var_audits_switches_s_left_attack_bumper'====== Args={'value': 0, 'prev_value': None, 'change': True}
2023-10-02 12:58:06,722 : EventManager : Event: ======'machine_var_audits_switches_s_left_flipper'====== Args={'value': 463, 'prev_value': None, 'change': True}
2023-10-02 12:58:06,730 : EventManager : Event: ======'machine_var_audits_switches_s_left_out_lane'====== Args={'value': 0, 'prev_value': None, 'change': True}
2023-10-02 12:58:06,730 : EventManager : Event: ======'machine_var_audits_switches_s_left_out_lane_kicker'====== Args={'value': 0, 'prev_value': None, 'change': True}
2023-10-02 12:58:06,730 : EventManager : Event: ======'machine_var_audits_switches_s_left_return_lane'====== Args={'value': 0, 'prev_value': None, 'change': True}
2023-10-02 12:58:06,730 : EventManager : Event: ======'machine_var_audits_switches_s_lower_attack_bumper'====== Args={'value': 0, 'prev_value': None, 'change': True}
2023-10-02 12:58:06,730 : EventManager : Event: ======'machine_var_audits_switches_s_lower_left_rebound'====== Args={'value': 0, 'prev_value': None, 'change': True}
2023-10-02 12:58:06,730 : EventManager : Event: ======'machine_var_audits_switches_s_lower_left_slingshot'====== Args={'value': 0, 'prev_value': None, 'change': True}
2023-10-02 12:58:06,730 : EventManager : Event: ======'machine_var_audits_switches_s_lower_right_rebound'====== Args={'value': 0, 'prev_value': None, 'change': True}
2023-10-02 12:58:06,730 : EventManager : Event: ======'machine_var_audits_switches_s_lower_right_slingshot'====== Args={'value': 0, 'prev_value': None, 'change': True}
2023-10-02 12:58:06,731 : EventManager : Event: ======'machine_var_audits_switches_s_medal_drop_left'====== Args={'value': 0, 'prev_value': None, 'change': True}
2023-10-02 12:58:06,731 : EventManager : Event: ======'machine_var_audits_switches_s_medal_drop_middle'====== Args={'value': 0, 'prev_value': None, 'change': True}
2023-10-02 12:58:06,731 : EventManager : Event: ======'machine_var_audits_switches_s_medal_drop_right'====== Args={'value': 0, 'prev_value': None, 'change': True}
2023-10-02 12:58:06,731 : EventManager : Event: ======'machine_var_audits_switches_s_mission_spot_1'====== Args={'value': 0, 'prev_value': None, 'change': True}
2023-10-02 12:58:06,731 : EventManager : Event: ======'machine_var_audits_switches_s_mission_spot_2'====== Args={'value': 0, 'prev_value': None, 'change': True}
2023-10-02 12:58:06,731 : EventManager : Event: ======'machine_var_audits_switches_s_mission_spot_3'====== Args={'value': 0, 'prev_value': None, 'change': True}
2023-10-02 12:58:06,731 : EventManager : Event: ======'machine_var_audits_switches_s_multiplier_left'====== Args={'value': 0, 'prev_value': None, 'change': True}
2023-10-02 12:58:06,731 : EventManager : Event: ======'machine_var_audits_switches_s_multiplier_middle'====== Args={'value': 0, 'prev_value': None, 'change': True}
2023-10-02 12:58:06,731 : EventManager : Event: ======'machine_var_audits_switches_s_multiplier_right'====== Args={'value': 0, 'prev_value': None, 'change': True}
2023-10-02 12:58:06,731 : EventManager : Event: ======'machine_var_audits_switches_s_plunger'====== Args={'value': 108, 'prev_value': None, 'change': True}
2023-10-02 12:58:06,731 : EventManager : Event: ======'machine_var_audits_switches_s_radiationspot_1'====== Args={'value': 0, 'prev_value': None, 'change': True}
2023-10-02 12:58:06,743 : EventManager : Event: ======'machine_var_audits_switches_s_radiationspot_2'====== Args={'value': 0, 'prev_value': None, 'change': True}
2023-10-02 12:58:06,743 : EventManager : Event: ======'machine_var_audits_switches_s_radiationspot_3'====== Args={'value': 0, 'prev_value': None, 'change': True}
2023-10-02 12:58:06,743 : EventManager : Event: ======'machine_var_audits_switches_s_red_wormhole'====== Args={'value': 0, 'prev_value': None, 'change': True}
2023-10-02 12:58:06,743 : EventManager : Event: ======'machine_var_audits_switches_s_reentry_left'====== Args={'value': 714, 'prev_value': None, 'change': True}
2023-10-02 12:58:06,743 : EventManager : Event: ======'machine_var_audits_switches_s_reentry_middle'====== Args={'value': 412, 'prev_value': None, 'change': True}
2023-10-02 12:58:06,743 : EventManager : Event: ======'machine_var_audits_switches_s_reentry_right'====== Args={'value': 365, 'prev_value': None, 'change': True}
2023-10-02 12:58:06,743 : EventManager : Event: ======'machine_var_audits_switches_s_right_flipper'====== Args={'value': 191, 'prev_value': None, 'change': True}
2023-10-02 12:58:06,743 : EventManager : Event: ======'machine_var_audits_switches_s_right_inlane'====== Args={'value': 0, 'prev_value': None, 'change': True}
2023-10-02 12:58:06,743 : EventManager : Event: ======'machine_var_audits_switches_s_right_out_lane'====== Args={'value': 0, 'prev_value': None, 'change': True}
2023-10-02 12:58:06,743 : EventManager : Event: ======'machine_var_audits_switches_s_right_out_lane_kicker'====== Args={'value': 0, 'prev_value': None, 'change': True}
2023-10-02 12:58:06,743 : EventManager : Event: ======'machine_var_audits_switches_s_right_return_lane'====== Args={'value': 0, 'prev_value': None, 'change': True}
2023-10-02 12:58:06,743 : EventManager : Event: ======'machine_var_audits_switches_s_satellite_bumper'====== Args={'value': 0, 'prev_value': None, 'change': True}
2023-10-02 12:58:06,744 : EventManager : Event: ======'machine_var_audits_switches_s_secondary_outlane_kicker'====== Args={'value': 0, 'prev_value': None, 'change': True}
2023-10-02 12:58:06,744 : EventManager : Event: ======'machine_var_audits_switches_s_skill_shot_1'====== Args={'value': 0, 'prev_value': None, 'change': True}
2023-10-02 12:58:06,744 : EventManager : Event: ======'machine_var_audits_switches_s_skill_shot_2'====== Args={'value': 0, 'prev_value': None, 'change': True}
2023-10-02 12:58:06,744 : EventManager : Event: ======'machine_var_audits_switches_s_skill_shot_3'====== Args={'value': 0, 'prev_value': None, 'change': True}
2023-10-02 12:58:06,744 : EventManager : Event: ======'machine_var_audits_switches_s_skill_shot_4'====== Args={'value': 0, 'prev_value': None, 'change': True}
2023-10-02 12:58:06,744 : EventManager : Event: ======'machine_var_audits_switches_s_skill_shot_5'====== Args={'value': 0, 'prev_value': None, 'change': True}
2023-10-02 12:58:06,744 : EventManager : Event: ======'machine_var_audits_switches_s_skill_shot_6'====== Args={'value': 0, 'prev_value': None, 'change': True}
2023-10-02 12:58:06,744 : EventManager : Event: ======'machine_var_audits_switches_s_skill_shot_lane'====== Args={'value': 0, 'prev_value': None, 'change': True}
2023-10-02 12:58:06,744 : EventManager : Event: ======'machine_var_audits_switches_s_spacewarp_rollover'====== Args={'value': 0, 'prev_value': None, 'change': True}
2023-10-02 12:58:06,745 : EventManager : Event: ======'machine_var_audits_switches_s_start'====== Args={'value': 3, 'prev_value': None, 'change': True}
2023-10-02 12:58:06,745 : EventManager : Event: ======'machine_var_audits_switches_s_trough1'====== Args={'value': 29, 'prev_value': None, 'change': True}
2023-10-02 12:58:06,745 : EventManager : Event: ======'machine_var_audits_switches_s_trough2'====== Args={'value': 0, 'prev_value': None, 'change': True}
2023-10-02 12:58:06,745 : EventManager : Event: ======'machine_var_audits_switches_s_trough3'====== Args={'value': 0, 'prev_value': None, 'change': True}
2023-10-02 12:58:06,745 : EventManager : Event: ======'machine_var_audits_switches_s_trough4'====== Args={'value': 0, 'prev_value': None, 'change': True}
2023-10-02 12:58:06,745 : EventManager : Event: ======'machine_var_audits_switches_s_trough5'====== Args={'value': 0, 'prev_value': None, 'change': True}
2023-10-02 12:58:06,745 : EventManager : Event: ======'machine_var_audits_switches_s_trough6'====== Args={'value': 0, 'prev_value': None, 'change': True}
2023-10-02 12:58:06,745 : EventManager : Event: ======'machine_var_audits_switches_s_trough_jam'====== Args={'value': 0, 'prev_value': None, 'change': True}
2023-10-02 12:58:06,745 : EventManager : Event: ======'machine_var_audits_switches_s_upper_attack_bumper'====== Args={'value': 0, 'prev_value': None, 'change': True}
2023-10-02 12:58:06,745 : EventManager : Event: ======'machine_var_audits_switches_s_upper_left_rebound'====== Args={'value': 0, 'prev_value': None, 'change': True}
2023-10-02 12:58:06,746 : EventManager : Event: ======'machine_var_audits_switches_s_upper_right_rebound'====== Args={'value': 0, 'prev_value': None, 'change': True}
2023-10-02 12:58:06,746 : EventManager : Event: ======'machine_var_audits_switches_s_wormhole_target'====== Args={'value': 0, 'prev_value': None, 'change': True}
2023-10-02 12:58:06,746 : EventManager : Event: ======'machine_var_audits_switches_s_yellow_wormhole'====== Args={'value': 0, 'prev_value': None, 'change': True}
2023-10-02 12:58:06,795 : EventManager : Event: ======'slides_play'====== Args={'settings': {'welcome_slide': {'target': None, 'background_color': [0.0, 0.0, 0.0, 1.0], 'priority': None, 'show': True, 'force': False, 'expire': None, 'slide': None, 'tokens': {}, 'action': 'play'}}, 'context': '_global', 'calling_context': 'init_done', 'priority': 0}
2023-10-02 12:58:06,795 : EventManager : Event: ======'mc_reset_phase_1'====== Args={}
2023-10-02 12:58:06,795 : mpfmc : SlidePlayer: Play called with settings={'welcome_slide': {'target': None, 'background_color': [0.0, 0.0, 0.0, 1.0], 'priority': None, 'show': True, 'force': False, 'expire': None, 'slide': None, 'tokens': {}, 'action': 'play'}}
2023-10-02 12:58:06,796 : EventManager : Event: ======'slide_welcome_slide_removed'====== Args={}
2023-10-02 12:58:06,801 : EventManager : Event: ======'slide_welcome_slide_created'====== Args={}
2023-10-02 12:58:06,802 : EventManager : Event: ======'mc_reset_phase_2'====== Args={}
2023-10-02 12:58:06,802 : EventManager : Event: ======'mc_reset_phase_3'====== Args={}
2023-10-02 12:58:06,803 : EventManager : Event: ======'mc_reset_complete'====== Args={}
2023-10-02 12:58:06,804 : EventManager : Event: ======'slide_welcome_slide_active'====== Args={}
2023-10-02 12:58:06,822 : EventManager : Event: ======'slides_play'====== Args={'settings': {'awesome_slide': {'widgets': [{'type': 'text', 'text': 'YOU ARE AWESOME', 'font_size': 50, '_default_settings': ['type', 'text', 'font_size'], 'x': None, 'y': None, 'anchor_x': 'center', 'anchor_y': 'center', 'round_anchor_x': None, 'round_anchor_y': None, 'opacity': 1.0, 'z': 0, 'reset_animations_events': {}, 'color': [1.0, 1.0, 1.0, 1.0], 'style': [], 'adjust_top': 0, 'adjust_bottom': 0, 'adjust_left': 0, 'adjust_right': 0, 'expire': None, 'key': None, 'widget': None, 'events_when_added': [], 'events_when_removed': [], 'bitmap_font': False, 'font_kerning': True, 'bold': False, 'italic': False, 'number_grouping': False, 'min_digits': 0, 'halign': 'center', 'valign': 'middle', 'rotation': 0, 'scale': 1.0, 'casing': None, 'animations': None}], 'transition': {'type': 'push', 'duration': 1.0, 'direction': 'left', 'easing': 'out_quad'}, 'target': None, 'background_color': [0.0, 0.0, 0.0, 1.0], 'priority': None, 'show': True, 'force': False, 'expire': None, 'slide': None, 'tokens': {}, 'action': 'play'}}, 'context': 'show_2', 'calling_context': 0, 'priority': 10, 'show_tokens': {}, 'start_time': 75345.593}
2023-10-02 12:58:06,822 : mpfmc : SlidePlayer: Play called with settings={'awesome_slide': {'widgets': [{'type': 'text', 'text': 'YOU ARE AWESOME', 'font_size': 50, '_default_settings': ['type', 'text', 'font_size'], 'x': None, 'y': None, 'anchor_x': 'center', 'anchor_y': 'center', 'round_anchor_x': None, 'round_anchor_y': None, 'opacity': 1.0, 'z': 0, 'reset_animations_events': {}, 'color': [1.0, 1.0, 1.0, 1.0], 'style': [], 'adjust_top': 0, 'adjust_bottom': 0, 'adjust_left': 0, 'adjust_right': 0, 'expire': None, 'key': None, 'widget': None, 'events_when_added': [], 'events_when_removed': [], 'bitmap_font': False, 'font_kerning': True, 'bold': False, 'italic': False, 'number_grouping': False, 'min_digits': 0, 'halign': 'center', 'valign': 'middle', 'rotation': 0, 'scale': 1.0, 'casing': None, 'animations': None}], 'transition': {'type': 'push', 'duration': 1.0, 'direction': 'left', 'easing': 'out_quad'}, 'target': None, 'background_color': [0.0, 0.0, 0.0, 1.0], 'priority': None, 'show': True, 'force': False, 'expire': None, 'slide': None, 'tokens': {}, 'action': 'play'}}
2023-10-02 12:58:06,824 : EventManager : Event: ======'slide_awesome_slide_created'====== Args={}
2023-10-02 12:58:06,825 : EventManager : Event: ======'slide_awesome_slide_active'====== Args={}
2023-10-02 12:58:09,797 : EventManager : Event: ======'slides_play'====== Args={'settings': {'press_start': {'widgets': [{'type': 'Text', 'text': 'PRESS START', 'animations': {'pre_show_slide': [{'property': ['opacity'], 'value': ['0'], 'duration': 0.5, 'relative': False, 'timing': 'after_previous', 'repeat': False, 'easing': 'linear'}, {'property': ['opacity'], 'value': ['1'], 'duration': 0.5, 'repeat': False, 'relative': False, 'timing': 'after_previous', 'easing': 'linear'}]}, '_default_settings': ['type', 'text', 'animations'], 'x': None, 'y': None, 'anchor_x': 'center', 'anchor_y': 'center', 'round_anchor_x': None, 'round_anchor_y': None, 'opacity': 1.0, 'z': 0, 'reset_animations_events': {}, 'color': [1.0, 1.0, 1.0, 1.0], 'style': [], 'adjust_top': 0, 'adjust_bottom': 0, 'adjust_left': 0, 'adjust_right': 0, 'expire': None, 'key': None, 'widget': None, 'events_when_added': [], 'events_when_removed': [], 'font_size': 15, 'bitmap_font': False, 'font_kerning': True, 'bold': False, 'italic': False, 'number_grouping': False, 'min_digits': 0, 'halign': 'center', 'valign': 'middle', 'rotation': 0, 'scale': 1.0, 'casing': None}, {'type': 'Text', 'text': 'FREE PLAY', 'color': [0.0, 0.5019607843137255, 0.0, 1], 'y': '10', 'anchor_y': 'bottom', '_default_settings': ['type', 'text', 'color', 'y', 'anchor_y'], 'x': None, 'anchor_x': 'center', 'round_anchor_x': None, 'round_anchor_y': None, 'opacity': 1.0, 'z': 0, 'reset_animations_events': {}, 'style': [], 'adjust_top': 0, 'adjust_bottom': 0, 'adjust_left': 0, 'adjust_right': 0, 'expire': None, 'key': None, 'widget': None, 'events_when_added': [], 'events_when_removed': [], 'font_size': 15, 'bitmap_font': False, 'font_kerning': True, 'bold': False, 'italic': False, 'number_grouping': False, 'min_digits': 0, 'halign': 'center', 'valign': 'middle', 'rotation': 0, 'scale': 1.0, 'casing': None, 'animations': None}], 'transition': {'type': 'move_in', 'duration': 1.0, 'direction': 'right', 'easing': 'out_quad'}, 'target': None, 'background_color': [0.0, 0.0, 0.0, 1.0], 'priority': None, 'show': True, 'force': False, 'expire': None, 'slide': None, 'tokens': {}, 'action': 'play'}}, 'context': 'show_2', 'calling_context': 1, 'priority': 10, 'show_tokens': {}, 'start_time': 75348.593}
2023-10-02 12:58:09,798 : mpfmc : SlidePlayer: Play called with settings={'press_start': {'widgets': [{'type': 'Text', 'text': 'PRESS START', 'animations': {'pre_show_slide': [{'property': ['opacity'], 'value': ['0'], 'duration': 0.5, 'relative': False, 'timing': 'after_previous', 'repeat': False, 'easing': 'linear'}, {'property': ['opacity'], 'value': ['1'], 'duration': 0.5, 'repeat': False, 'relative': False, 'timing': 'after_previous', 'easing': 'linear'}]}, '_default_settings': ['type', 'text', 'animations'], 'x': None, 'y': None, 'anchor_x': 'center', 'anchor_y': 'center', 'round_anchor_x': None, 'round_anchor_y': None, 'opacity': 1.0, 'z': 0, 'reset_animations_events': {}, 'color': [1.0, 1.0, 1.0, 1.0], 'style': [], 'adjust_top': 0, 'adjust_bottom': 0, 'adjust_left': 0, 'adjust_right': 0, 'expire': None, 'key': None, 'widget': None, 'events_when_added': [], 'events_when_removed': [], 'font_size': 15, 'bitmap_font': False, 'font_kerning': True, 'bold': False, 'italic': False, 'number_grouping': False, 'min_digits': 0, 'halign': 'center', 'valign': 'middle', 'rotation': 0, 'scale': 1.0, 'casing': None}, {'type': 'Text', 'text': 'FREE PLAY', 'color': [0.0, 0.5019607843137255, 0.0, 1], 'y': '10', 'anchor_y': 'bottom', '_default_settings': ['type', 'text', 'color', 'y', 'anchor_y'], 'x': None, 'anchor_x': 'center', 'round_anchor_x': None, 'round_anchor_y': None, 'opacity': 1.0, 'z': 0, 'reset_animations_events': {}, 'style': [], 'adjust_top': 0, 'adjust_bottom': 0, 'adjust_left': 0, 'adjust_right': 0, 'expire': None, 'key': None, 'widget': None, 'events_when_added': [], 'events_when_removed': [], 'font_size': 15, 'bitmap_font': False, 'font_kerning': True, 'bold': False, 'italic': False, 'number_grouping': False, 'min_digits': 0, 'halign': 'center', 'valign': 'middle', 'rotation': 0, 'scale': 1.0, 'casing': None, 'animations': None}], 'transition': {'type': 'move_in', 'duration': 1.0, 'direction': 'right', 'easing': 'out_quad'}, 'target': None, 'background_color': [0.0, 0.0, 0.0, 1.0], 'priority': None, 'show': True, 'force': False, 'expire': None, 'slide': None, 'tokens': {}, 'action': 'play'}}
2023-10-02 12:58:09,805 : EventManager : Event: ======'slide_press_start_created'====== Args={}
2023-10-02 12:58:09,806 : EventManager : Event: ======'slide_press_start_active'====== Args={}
2023-10-02 12:58:12,804 : EventManager : Event: ======'slides_play'====== Args={'settings': {'mission_pinball': {'widgets': [{'type': 'Text', 'text': 'MISSION PINBALL', 'color': [1.0, 0.0, 0.0, 1], '_default_settings': ['type', 'text', 'color'], 'x': None, 'y': None, 'anchor_x': 'center', 'anchor_y': 'center', 'round_anchor_x': None, 'round_anchor_y': None, 'opacity': 1.0, 'z': 0, 'reset_animations_events': {}, 'style': [], 'adjust_top': 0, 'adjust_bottom': 0, 'adjust_left': 0, 'adjust_right': 0, 'expire': None, 'key': None, 'widget': None, 'events_when_added': [], 'events_when_removed': [], 'font_size': 15, 'bitmap_font': False, 'font_kerning': True, 'bold': False, 'italic': False, 'number_grouping': False, 'min_digits': 0, 'halign': 'center', 'valign': 'middle', 'rotation': 0, 'scale': 1.0, 'casing': None, 'animations': None}], 'transition': {'type': 'move_in', 'duration': 1.0, 'direction': 'top', 'easing': 'out_quad'}, 'target': None, 'background_color': [0.0, 0.0, 0.0, 1.0], 'priority': None, 'show': True, 'force': False, 'expire': None, 'slide': None, 'tokens': {}, 'action': 'play'}}, 'context': 'show_2', 'calling_context': 2, 'priority': 10, 'show_tokens': {}, 'start_time': 75351.593}
2023-10-02 12:58:12,804 : mpfmc : SlidePlayer: Play called with settings={'mission_pinball': {'widgets': [{'type': 'Text', 'text': 'MISSION PINBALL', 'color': [1.0, 0.0, 0.0, 1], '_default_settings': ['type', 'text', 'color'], 'x': None, 'y': None, 'anchor_x': 'center', 'anchor_y': 'center', 'round_anchor_x': None, 'round_anchor_y': None, 'opacity': 1.0, 'z': 0, 'reset_animations_events': {}, 'style': [], 'adjust_top': 0, 'adjust_bottom': 0, 'adjust_left': 0, 'adjust_right': 0, 'expire': None, 'key': None, 'widget': None, 'events_when_added': [], 'events_when_removed': [], 'font_size': 15, 'bitmap_font': False, 'font_kerning': True, 'bold': False, 'italic': False, 'number_grouping': False, 'min_digits': 0, 'halign': 'center', 'valign': 'middle', 'rotation': 0, 'scale': 1.0, 'casing': None, 'animations': None}], 'transition': {'type': 'move_in', 'duration': 1.0, 'direction': 'top', 'easing': 'out_quad'}, 'target': None, 'background_color': [0.0, 0.0, 0.0, 1.0], 'priority': None, 'show': True, 'force': False, 'expire': None, 'slide': None, 'tokens': {}, 'action': 'play'}}
2023-10-02 12:58:12,809 : EventManager : Event: ======'slide_mission_pinball_created'====== Args={}
2023-10-02 12:58:12,810 : EventManager : Event: ======'slide_mission_pinball_active'====== Args={}
2023-10-02 12:58:15,798 : EventManager : Event: ======'slides_play'====== Args={'settings': {'last_game_score_slide': {'widgets': [{'type': 'text', 'text': 'LAST GAME', 'font_size': 50, 'y': '60%', '_default_settings': ['type', 'text', 'font_size', 'y'], 'x': None, 'anchor_x': 'center', 'anchor_y': 'center', 'round_anchor_x': None, 'round_anchor_y': None, 'opacity': 1.0, 'z': 0, 'reset_animations_events': {}, 'color': [1.0, 1.0, 1.0, 1.0], 'style': [], 'adjust_top': 0, 'adjust_bottom': 0, 'adjust_left': 0, 'adjust_right': 0, 'expire': None, 'key': None, 'widget': None, 'events_when_added': [], 'events_when_removed': [], 'bitmap_font': False, 'font_kerning': True, 'bold': False, 'italic': False, 'number_grouping': False, 'min_digits': 0, 'halign': 'center', 'valign': 'middle', 'rotation': 0, 'scale': 1.0, 'casing': None, 'animations': None}, {'type': 'text', 'text': '(machine|player1_score)', 'number_grouping': True, 'min_digits': 2, 'font_size': 50, 'y': '40%', '_default_settings': ['type', 'text', 'number_grouping', 'min_digits', 'font_size', 'y'], 'x': None, 'anchor_x': 'center', 'anchor_y': 'center', 'round_anchor_x': None, 'round_anchor_y': None, 'opacity': 1.0, 'z': 0, 'reset_animations_events': {}, 'color': [1.0, 1.0, 1.0, 1.0], 'style': [], 'adjust_top': 0, 'adjust_bottom': 0, 'adjust_left': 0, 'adjust_right': 0, 'expire': None, 'key': None, 'widget': None, 'events_when_added': [], 'events_when_removed': [], 'bitmap_font': False, 'font_kerning': True, 'bold': False, 'italic': False, 'halign': 'center', 'valign': 'middle', 'rotation': 0, 'scale': 1.0, 'casing': None, 'animations': None}], 'target': None, 'background_color': [0.0, 0.0, 0.0, 1.0], 'priority': None, 'show': True, 'force': False, 'expire': None, 'slide': None, 'tokens': {}, 'action': 'play'}}, 'context': 'show_2', 'calling_context': 3, 'priority': 10, 'show_tokens': {}, 'start_time': 75354.593}
2023-10-02 12:58:15,799 : mpfmc : SlidePlayer: Play called with settings={'last_game_score_slide': {'widgets': [{'type': 'text', 'text': 'LAST GAME', 'font_size': 50, 'y': '60%', '_default_settings': ['type', 'text', 'font_size', 'y'], 'x': None, 'anchor_x': 'center', 'anchor_y': 'center', 'round_anchor_x': None, 'round_anchor_y': None, 'opacity': 1.0, 'z': 0, 'reset_animations_events': {}, 'color': [1.0, 1.0, 1.0, 1.0], 'style': [], 'adjust_top': 0, 'adjust_bottom': 0, 'adjust_left': 0, 'adjust_right': 0, 'expire': None, 'key': None, 'widget': None, 'events_when_added': [], 'events_when_removed': [], 'bitmap_font': False, 'font_kerning': True, 'bold': False, 'italic': False, 'number_grouping': False, 'min_digits': 0, 'halign': 'center', 'valign': 'middle', 'rotation': 0, 'scale': 1.0, 'casing': None, 'animations': None}, {'type': 'text', 'text': '(machine|player1_score)', 'number_grouping': True, 'min_digits': 2, 'font_size': 50, 'y': '40%', '_default_settings': ['type', 'text', 'number_grouping', 'min_digits', 'font_size', 'y'], 'x': None, 'anchor_x': 'center', 'anchor_y': 'center', 'round_anchor_x': None, 'round_anchor_y': None, 'opacity': 1.0, 'z': 0, 'reset_animations_events': {}, 'color': [1.0, 1.0, 1.0, 1.0], 'style': [], 'adjust_top': 0, 'adjust_bottom': 0, 'adjust_left': 0, 'adjust_right': 0, 'expire': None, 'key': None, 'widget': None, 'events_when_added': [], 'events_when_removed': [], 'bitmap_font': False, 'font_kerning': True, 'bold': False, 'italic': False, 'halign': 'center', 'valign': 'middle', 'rotation': 0, 'scale': 1.0, 'casing': None, 'animations': None}], 'target': None, 'background_color': [0.0, 0.0, 0.0, 1.0], 'priority': None, 'show': True, 'force': False, 'expire': None, 'slide': None, 'tokens': {}, 'action': 'play'}}
2023-10-02 12:58:15,809 : EventManager : Event: ======'slide_last_game_score_slide_created'====== Args={}
2023-10-02 12:58:15,810 : EventManager : Unordered handler for class <Text Widget text=1,500> on event machine_var_player1_score with priority 1. Handlers: [RegisteredHandler(callback=<bound method Text._machine_var_change of <Text Widget text=1,500>>, priority=1, kwargs={}, key=UUID('7246dc92-78f3-42b9-b00a-c7ba7c79b3cd'), condition=None, blocking_facility=None), RegisteredHandler(callback=<bound method Text._machine_var_change of <Text Widget text=1,500>>, priority=1, kwargs={}, key=UUID('d193fe0b-96fb-4e8b-ad81-811e61ded09c'), condition=None, blocking_facility=None)]. The order of those handlers is not defined and they will be executed in random order. This might lead to race conditions and potential bugs.
2023-10-02 12:58:15,812 : EventManager : Event: ======'slide_last_game_score_slide_active'====== Args={}
2023-10-02 12:58:18,821 : EventManager : Event: ======'slides_play'====== Args={'settings': {'awesome_slide': {'widgets': [{'type': 'text', 'text': 'YOU ARE AWESOME', 'font_size': 50, '_default_settings': ['type', 'text', 'font_size'], 'x': None, 'y': None, 'anchor_x': 'center', 'anchor_y': 'center', 'round_anchor_x': None, 'round_anchor_y': None, 'opacity': 1.0, 'z': 0, 'reset_animations_events': {}, 'color': [1.0, 1.0, 1.0, 1.0], 'style': [], 'adjust_top': 0, 'adjust_bottom': 0, 'adjust_left': 0, 'adjust_right': 0, 'expire': None, 'key': None, 'widget': None, 'events_when_added': [], 'events_when_removed': [], 'bitmap_font': False, 'font_kerning': True, 'bold': False, 'italic': False, 'number_grouping': False, 'min_digits': 0, 'halign': 'center', 'valign': 'middle', 'rotation': 0, 'scale': 1.0, 'casing': None, 'animations': None}], 'transition': {'type': 'push', 'duration': 1.0, 'direction': 'left', 'easing': 'out_quad'}, 'target': None, 'background_color': [0.0, 0.0, 0.0, 1.0], 'priority': None, 'show': True, 'force': False, 'expire': None, 'slide': None, 'tokens': {}, 'action': 'play'}}, 'context': 'show_2', 'calling_context': 0, 'priority': 10, 'show_tokens': {}, 'start_time': 75357.593}
2023-10-02 12:58:18,821 : mpfmc : SlidePlayer: Play called with settings={'awesome_slide': {'widgets': [{'type': 'text', 'text': 'YOU ARE AWESOME', 'font_size': 50, '_default_settings': ['type', 'text', 'font_size'], 'x': None, 'y': None, 'anchor_x': 'center', 'anchor_y': 'center', 'round_anchor_x': None, 'round_anchor_y': None, 'opacity': 1.0, 'z': 0, 'reset_animations_events': {}, 'color': [1.0, 1.0, 1.0, 1.0], 'style': [], 'adjust_top': 0, 'adjust_bottom': 0, 'adjust_left': 0, 'adjust_right': 0, 'expire': None, 'key': None, 'widget': None, 'events_when_added': [], 'events_when_removed': [], 'bitmap_font': False, 'font_kerning': True, 'bold': False, 'italic': False, 'number_grouping': False, 'min_digits': 0, 'halign': 'center', 'valign': 'middle', 'rotation': 0, 'scale': 1.0, 'casing': None, 'animations': None}], 'transition': {'type': 'push', 'duration': 1.0, 'direction': 'left', 'easing': 'out_quad'}, 'target': None, 'background_color': [0.0, 0.0, 0.0, 1.0], 'priority': None, 'show': True, 'force': False, 'expire': None, 'slide': None, 'tokens': {}, 'action': 'play'}}
2023-10-02 12:58:18,823 : EventManager : Event: ======'slide_awesome_slide_removed'====== Args={}
2023-10-02 12:58:18,827 : EventManager : Event: ======'slide_awesome_slide_created'====== Args={}
2023-10-02 12:58:18,828 : EventManager : Event: ======'slide_awesome_slide_active'====== Args={}
2023-10-02 12:58:21,479 : EventManager : Event: ======'game_started'====== Args={}
2023-10-02 12:58:21,479 : EventManager : Event: ======'slides_clear'====== Args={'context': 'show_2'}
2023-10-02 12:58:21,480 : EventManager : Event: ======'slide_press_start_removed'====== Args={}
2023-10-02 12:58:21,481 : EventManager : Event: ======'slide_mission_pinball_removed'====== Args={}
2023-10-02 12:58:21,482 : EventManager : Event: ======'slide_last_game_score_slide_removed'====== Args={}
2023-10-02 12:58:21,483 : EventManager : Event: ======'slide_awesome_slide_removed'====== Args={}
2023-10-02 12:58:21,484 : EventManager : Event: ======'slide_welcome_slide_active'====== Args={}
2023-10-02 12:58:21,504 : EventManager : Event: ======'player_added'====== Args={'player': <Player 1>, 'num': 1}
2023-10-02 12:58:21,504 : EventManager : Event: ======'player_index'====== Args={'value': 0, 'prev_value': 0, 'change': 0, 'player_num': 1}
2023-10-02 12:58:21,504 : EventManager : Event: ======'player_number'====== Args={'value': 1, 'prev_value': 1, 'change': 0, 'player_num': 1}
2023-10-02 12:58:21,504 : EventManager : Event: ======'player_score'====== Args={'value': 0, 'prev_value': 0, 'change': 0, 'player_num': 1}
2023-10-02 12:58:21,516 : EventManager : Event: ======'player_ball'====== Args={'value': 1, 'prev_value': 0, 'change': 1, 'player_num': 1}
2023-10-02 12:58:21,516 : EventManager : Event: ======'player_turn_start'====== Args={'number': 1, 'player': <Player 1>}
2023-10-02 12:58:21,528 : EventManager : Event: ======'slides_play'====== Args={'settings': {'widgets': {'widgets': [{'type': 'text', 'text': '(score)', 'number_grouping': True, 'min_digits': 2, 'font_size': 100, '_default_settings': ['type', 'text', 'number_grouping', 'min_digits', 'font_size'], 'x': None, 'y': None, 'anchor_x': 'center', 'anchor_y': 'center', 'round_anchor_x': None, 'round_anchor_y': None, 'opacity': 1.0, 'z': 0, 'reset_animations_events': {}, 'color': [1.0, 1.0, 1.0, 1.0], 'style': [], 'adjust_top': 0, 'adjust_bottom': 0, 'adjust_left': 0, 'adjust_right': 0, 'expire': None, 'key': None, 'widget': None, 'events_when_added': [], 'events_when_removed': [], 'bitmap_font': False, 'font_kerning': True, 'bold': False, 'italic': False, 'halign': 'center', 'valign': 'middle', 'rotation': 0, 'scale': 1.0, 'casing': None, 'animations': None}, {'type': 'text', 'text': 'PLAYER (number)', 'y': '10', 'x': '10', 'font_size': 50, 'anchor_x': 'left', 'anchor_y': 'bottom', '_default_settings': ['type', 'text', 'y', 'x', 'font_size', 'anchor_x', 'anchor_y'], 'round_anchor_x': None, 'round_anchor_y': None, 'opacity': 1.0, 'z': 0, 'reset_animations_events': {}, 'color': [1.0, 1.0, 1.0, 1.0], 'style': [], 'adjust_top': 0, 'adjust_bottom': 0, 'adjust_left': 0, 'adjust_right': 0, 'expire': None, 'key': None, 'widget': None, 'events_when_added': [], 'events_when_removed': [], 'bitmap_font': False, 'font_kerning': True, 'bold': False, 'italic': False, 'number_grouping': False, 'min_digits': 0, 'halign': 'center', 'valign': 'middle', 'rotation': 0, 'scale': 1.0, 'casing': None, 'animations': None}, {'type': 'text', 'text': 'BALL (ball)', 'y': '10', 'x': 'right-10', 'anchor_x': 'right', 'anchor_y': 'bottom', 'font_size': 50, '_default_settings': ['type', 'text', 'y', 'x', 'anchor_x', 'anchor_y', 'font_size'], 'round_anchor_x': None, 'round_anchor_y': None, 'opacity': 1.0, 'z': 0, 'reset_animations_events': {}, 'color': [1.0, 1.0, 1.0, 1.0], 'style': [], 'adjust_top': 0, 'adjust_bottom': 0, 'adjust_left': 0, 'adjust_right': 0, 'expire': None, 'key': None, 'widget': None, 'events_when_added': [], 'events_when_removed': [], 'bitmap_font': False, 'font_kerning': True, 'bold': False, 'italic': False, 'number_grouping': False, 'min_digits': 0, 'halign': 'center', 'valign': 'middle', 'rotation': 0, 'scale': 1.0, 'casing': None, 'animations': None}], 'target': None, 'background_color': [0.0, 0.0, 0.0, 1.0], 'priority': None, 'show': True, 'force': False, 'expire': None, 'slide': None, 'tokens': {}, 'action': 'play'}}, 'context': 'base', 'calling_context': 'mode_base_started', 'priority': 100, 'queue': '<QueuedEvent>', 'player': 1, 'ball': 1, 'balls_remaining': 2, 'is_extra_ball': False}
2023-10-02 12:58:21,528 : EventManager : Event: ======'player_shot_reentryL_shot_enabled'====== Args={'value': True, 'prev_value': 0, 'change': 1, 'player_num': 1}
2023-10-02 12:58:21,529 : EventManager : Event: ======'player_shot_reentryM_shot_enabled'====== Args={'value': True, 'prev_value': 0, 'change': 1, 'player_num': 1}
2023-10-02 12:58:21,529 : EventManager : Event: ======'player_shot_reentryR_shot_enabled'====== Args={'value': True, 'prev_value': 0, 'change': 1, 'player_num': 1}
2023-10-02 12:58:21,529 : EventManager : Event: ======'slides_play'====== Args={'settings': {'widgets': {'widgets': [{'type': 'text', 'text': 'PLAYER (number) BALL (ball)', '_default_settings': ['type', 'text'], 'x': None, 'y': None, 'anchor_x': 'center', 'anchor_y': 'center', 'round_anchor_x': None, 'round_anchor_y': None, 'opacity': 1.0, 'z': 0, 'reset_animations_events': {}, 'color': [1.0, 1.0, 1.0, 1.0], 'style': [], 'adjust_top': 0, 'adjust_bottom': 0, 'adjust_left': 0, 'adjust_right': 0, 'expire': None, 'key': None, 'widget': None, 'events_when_added': [], 'events_when_removed': [], 'font_size': 15, 'bitmap_font': False, 'font_kerning': True, 'bold': False, 'italic': False, 'number_grouping': False, 'min_digits': 0, 'halign': 'center', 'valign': 'middle', 'rotation': 0, 'scale': 1.0, 'casing': None, 'animations': None}], 'target': None, 'background_color': [0.0, 0.0, 0.0, 1.0], 'priority': None, 'show': True, 'force': False, 'expire': None, 'slide': None, 'tokens': {}, 'action': 'play'}}, 'context': '_global', 'calling_context': 'ball_started', 'priority': 0, 'player': 1, 'ball': 1, 'balls_remaining': 2, 'is_extra_ball': False}
2023-10-02 12:58:21,529 : mpfmc : SlidePlayer: Play called with settings={'widgets': {'widgets': [{'type': 'text', 'text': '(score)', 'number_grouping': True, 'min_digits': 2, 'font_size': 100, '_default_settings': ['type', 'text', 'number_grouping', 'min_digits', 'font_size'], 'x': None, 'y': None, 'anchor_x': 'center', 'anchor_y': 'center', 'round_anchor_x': None, 'round_anchor_y': None, 'opacity': 1.0, 'z': 0, 'reset_animations_events': {}, 'color': [1.0, 1.0, 1.0, 1.0], 'style': [], 'adjust_top': 0, 'adjust_bottom': 0, 'adjust_left': 0, 'adjust_right': 0, 'expire': None, 'key': None, 'widget': None, 'events_when_added': [], 'events_when_removed': [], 'bitmap_font': False, 'font_kerning': True, 'bold': False, 'italic': False, 'halign': 'center', 'valign': 'middle', 'rotation': 0, 'scale': 1.0, 'casing': None, 'animations': None}, {'type': 'text', 'text': 'PLAYER (number)', 'y': '10', 'x': '10', 'font_size': 50, 'anchor_x': 'left', 'anchor_y': 'bottom', '_default_settings': ['type', 'text', 'y', 'x', 'font_size', 'anchor_x', 'anchor_y'], 'round_anchor_x': None, 'round_anchor_y': None, 'opacity': 1.0, 'z': 0, 'reset_animations_events': {}, 'color': [1.0, 1.0, 1.0, 1.0], 'style': [], 'adjust_top': 0, 'adjust_bottom': 0, 'adjust_left': 0, 'adjust_right': 0, 'expire': None, 'key': None, 'widget': None, 'events_when_added': [], 'events_when_removed': [], 'bitmap_font': False, 'font_kerning': True, 'bold': False, 'italic': False, 'number_grouping': False, 'min_digits': 0, 'halign': 'center', 'valign': 'middle', 'rotation': 0, 'scale': 1.0, 'casing': None, 'animations': None}, {'type': 'text', 'text': 'BALL (ball)', 'y': '10', 'x': 'right-10', 'anchor_x': 'right', 'anchor_y': 'bottom', 'font_size': 50, '_default_settings': ['type', 'text', 'y', 'x', 'anchor_x', 'anchor_y', 'font_size'], 'round_anchor_x': None, 'round_anchor_y': None, 'opacity': 1.0, 'z': 0, 'reset_animations_events': {}, 'color': [1.0, 1.0, 1.0, 1.0], 'style': [], 'adjust_top': 0, 'adjust_bottom': 0, 'adjust_left': 0, 'adjust_right': 0, 'expire': None, 'key': None, 'widget': None, 'events_when_added': [], 'events_when_removed': [], 'bitmap_font': False, 'font_kerning': True, 'bold': False, 'italic': False, 'number_grouping': False, 'min_digits': 0, 'halign': 'center', 'valign': 'middle', 'rotation': 0, 'scale': 1.0, 'casing': None, 'animations': None}], 'target': None, 'background_color': [0.0, 0.0, 0.0, 1.0], 'priority': None, 'show': True, 'force': False, 'expire': None, 'slide': None, 'tokens': {}, 'action': 'play'}}
2023-10-02 12:58:21,536 : EventManager : Event: ======'slide_base.slide_player-mode_base_started_created'====== Args={}
2023-10-02 12:58:21,537 : mpfmc : SlidePlayer: Play called with settings={'widgets': {'widgets': [{'type': 'text', 'text': 'PLAYER (number) BALL (ball)', '_default_settings': ['type', 'text'], 'x': None, 'y': None, 'anchor_x': 'center', 'anchor_y': 'center', 'round_anchor_x': None, 'round_anchor_y': None, 'opacity': 1.0, 'z': 0, 'reset_animations_events': {}, 'color': [1.0, 1.0, 1.0, 1.0], 'style': [], 'adjust_top': 0, 'adjust_bottom': 0, 'adjust_left': 0, 'adjust_right': 0, 'expire': None, 'key': None, 'widget': None, 'events_when_added': [], 'events_when_removed': [], 'font_size': 15, 'bitmap_font': False, 'font_kerning': True, 'bold': False, 'italic': False, 'number_grouping': False, 'min_digits': 0, 'halign': 'center', 'valign': 'middle', 'rotation': 0, 'scale': 1.0, 'casing': None, 'animations': None}], 'target': None, 'background_color': [0.0, 0.0, 0.0, 1.0], 'priority': None, 'show': True, 'force': False, 'expire': None, 'slide': None, 'tokens': {}, 'action': 'play'}}
2023-10-02 12:58:21,539 : EventManager : Event: ======'slide__global.slide_player-ball_started_created'====== Args={}
2023-10-02 12:58:21,540 : EventManager : Event: ======'slide_base.slide_player-mode_base_started_active'====== Args={}
2023-10-02 12:58:21,557 : EventManager : Event: ======'player_attack_bumper_count'====== Args={'value': 1, 'prev_value': 0, 'change': 1, 'player_num': 1}
2023-10-02 12:58:21,557 : EventManager : Event: ======'widgets_play'====== Args={'settings': {'reentry_start_banner': {'priority': 0, 'slide': None, 'action': 'add', 'key': None, 'target': None}}, 'context': 'reentry', 'calling_context': 'mode_reentry_started', 'priority': 200, 'player': 1, 'ball': 1, 'balls_remaining': 2, 'is_extra_ball': False}
2023-10-02 12:58:29,468 : EventManager : Event: ======'machine_var_audits_switches_s_reentry_left'====== Args={'value': 715, 'prev_value': 714, 'change': 1}
2023-10-02 12:58:29,480 : EventManager : Event: ======'player_shot_reentryL_shot'====== Args={'value': 1, 'prev_value': 0, 'change': 1, 'player_num': 1}
2023-10-02 12:58:29,480 : EventManager : Event: ======'machine_var_audits_shots_reentryL_shot'====== Args={'value': 360, 'prev_value': 359, 'change': 1}
2023-10-02 12:58:29,493 : EventManager : Event: ======'sounds_play'====== Args={'settings': {'reentry_sound': {'action': 'play', 'priority': None, 'block': False, 'delay': None, 'track': None, 'volume': None, 'pan': None, 'loops': None, 'start_at': None, 'fade_in': None, 'fade_out': None, 'about_to_finish_time': -1.0, 'max_queue_time': -1.0, 'events_when_played': ['use_sound_setting'], 'events_when_stopped': ['use_sound_setting'], 'events_when_looping': ['use_sound_setting'], 'events_when_about_to_finish': ['use_sound_setting'], 'mode_end_action': 'use_sound_setting', 'key': 'use_sound_setting'}}, 'context': '_global', 'calling_context': 's_reentry_left_active', 'priority': 0}
2023-10-02 12:58:29,493 : EventManager : Event: ======'player_score'====== Args={'value': 1000, 'prev_value': 0, 'change': 1000, 'player_num': 1}
2023-10-02 12:58:29,523 : EventManager : Event: ======'loading_assets'====== Args={'total': 1, 'loaded': 1, 'remaining': 0, 'percent': 100}
2023-10-02 12:58:29,523 : AssetManager : Asset loading took: 24.239556550979614
2023-10-02 12:58:29,523 : EventManager : Event: ======'asset_loading_complete'====== Args={}
2023-10-02 12:58:29,523 : AssetManager : Loading assets: 1/1 (100%)
2023-10-02 12:58:30,014 : EventManager : Event: ======'machine_var_audits_switches_s_reentry_middle'====== Args={'value': 413, 'prev_value': 412, 'change': 1}
2023-10-02 12:58:30,027 : EventManager : Event: ======'player_shot_reentryM_shot'====== Args={'value': 1, 'prev_value': 0, 'change': 1, 'player_num': 1}
2023-10-02 12:58:30,027 : EventManager : Event: ======'machine_var_audits_shots_reentryM_shot'====== Args={'value': 339, 'prev_value': 338, 'change': 1}
2023-10-02 12:58:30,027 : EventManager : Event: ======'sounds_play'====== Args={'settings': {'reentry_sound': {'action': 'play', 'priority': None, 'block': False, 'delay': None, 'track': None, 'volume': None, 'pan': None, 'loops': None, 'start_at': None, 'fade_in': None, 'fade_out': None, 'about_to_finish_time': -1.0, 'max_queue_time': -1.0, 'events_when_played': ['use_sound_setting'], 'events_when_stopped': ['use_sound_setting'], 'events_when_looping': ['use_sound_setting'], 'events_when_about_to_finish': ['use_sound_setting'], 'mode_end_action': 'use_sound_setting', 'key': 'use_sound_setting'}}, 'context': '_global', 'calling_context': 's_reentry_middle_active', 'priority': 0}
2023-10-02 12:58:30,027 : EventManager : Event: ======'player_score'====== Args={'value': 2000, 'prev_value': 1000, 'change': 1000, 'player_num': 1}
2023-10-02 12:58:30,484 : EventManager : Event: ======'machine_var_audits_switches_s_reentry_right'====== Args={'value': 366, 'prev_value': 365, 'change': 1}
2023-10-02 12:58:30,496 : EventManager : Event: ======'player_shot_reentryR_shot'====== Args={'value': 1, 'prev_value': 0, 'change': 1, 'player_num': 1}
2023-10-02 12:58:30,496 : EventManager : Event: ======'machine_var_audits_shots_reentryR_shot'====== Args={'value': 307, 'prev_value': 306, 'change': 1}
2023-10-02 12:58:30,496 : EventManager : Event: ======'sounds_play'====== Args={'settings': {'reentry_sound': {'action': 'play', 'priority': None, 'block': False, 'delay': None, 'track': None, 'volume': None, 'pan': None, 'loops': None, 'start_at': None, 'fade_in': None, 'fade_out': None, 'about_to_finish_time': -1.0, 'max_queue_time': -1.0, 'events_when_played': ['use_sound_setting'], 'events_when_stopped': ['use_sound_setting'], 'events_when_looping': ['use_sound_setting'], 'events_when_about_to_finish': ['use_sound_setting'], 'mode_end_action': 'use_sound_setting', 'key': 'use_sound_setting'}}, 'context': '_global', 'calling_context': 's_reentry_right_active', 'priority': 0}
2023-10-02 12:58:30,508 : EventManager : Event: ======'player_score'====== Args={'value': 7000, 'prev_value': 2000, 'change': 5000, 'player_num': 1}
2023-10-02 12:58:30,508 : EventManager : Event: ======'player_attack_bumper_count'====== Args={'value': 2, 'prev_value': 1, 'change': 1, 'player_num': 1}
2023-10-02 12:58:30,508 : EventManager : Event: ======'player_score'====== Args={'value': 8000, 'prev_value': 7000, 'change': 1000, 'player_num': 1}
2023-10-02 12:58:32,512 : EventManager : Event: ======'player_shot_reentryL_shot'====== Args={'value': 0, 'prev_value': 1, 'change': -1, 'player_num': 1}
2023-10-02 12:58:32,512 : EventManager : Event: ======'player_shot_reentryM_shot'====== Args={'value': 0, 'prev_value': 1, 'change': -1, 'player_num': 1}
2023-10-02 12:58:32,513 : EventManager : Event: ======'player_shot_reentryR_shot'====== Args={'value': 0, 'prev_value': 1, 'change': -1, 'player_num': 1}
2023-10-02 12:58:34,454 : EventManager : Event: ======'machine_var_audits_switches_s_reentry_left'====== Args={'value': 716, 'prev_value': 715, 'change': 1}
2023-10-02 12:58:34,454 : EventManager : Event: ======'player_shot_reentryL_shot'====== Args={'value': 1, 'prev_value': 0, 'change': 1, 'player_num': 1}
2023-10-02 12:58:34,454 : EventManager : Event: ======'machine_var_audits_shots_reentryL_shot'====== Args={'value': 361, 'prev_value': 360, 'change': 1}
2023-10-02 12:58:34,454 : EventManager : Event: ======'sounds_play'====== Args={'settings': {'reentry_sound': {'action': 'play', 'priority': None, 'block': False, 'delay': None, 'track': None, 'volume': None, 'pan': None, 'loops': None, 'start_at': None, 'fade_in': None, 'fade_out': None, 'about_to_finish_time': -1.0, 'max_queue_time': -1.0, 'events_when_played': ['use_sound_setting'], 'events_when_stopped': ['use_sound_setting'], 'events_when_looping': ['use_sound_setting'], 'events_when_about_to_finish': ['use_sound_setting'], 'mode_end_action': 'use_sound_setting', 'key': 'use_sound_setting'}}, 'context': '_global', 'calling_context': 's_reentry_left_active', 'priority': 0}
2023-10-02 12:58:34,455 : EventManager : Event: ======'player_score'====== Args={'value': 9000, 'prev_value': 8000, 'change': 1000, 'player_num': 1}
2023-10-02 12:58:34,479 : EventManager : Event: ======'machine_var_audits_switches_s_reentry_middle'====== Args={'value': 414, 'prev_value': 413, 'change': 1}
2023-10-02 12:58:34,479 : EventManager : Event: ======'player_shot_reentryM_shot'====== Args={'value': 1, 'prev_value': 0, 'change': 1, 'player_num': 1}
2023-10-02 12:58:34,479 : EventManager : Event: ======'machine_var_audits_shots_reentryM_shot'====== Args={'value': 340, 'prev_value': 339, 'change': 1}
2023-10-02 12:58:34,479 : EventManager : Event: ======'sounds_play'====== Args={'settings': {'reentry_sound': {'action': 'play', 'priority': None, 'block': False, 'delay': None, 'track': None, 'volume': None, 'pan': None, 'loops': None, 'start_at': None, 'fade_in': None, 'fade_out': None, 'about_to_finish_time': -1.0, 'max_queue_time': -1.0, 'events_when_played': ['use_sound_setting'], 'events_when_stopped': ['use_sound_setting'], 'events_when_looping': ['use_sound_setting'], 'events_when_about_to_finish': ['use_sound_setting'], 'mode_end_action': 'use_sound_setting', 'key': 'use_sound_setting'}}, 'context': '_global', 'calling_context': 's_reentry_middle_active', 'priority': 0}
2023-10-02 12:58:34,479 : EventManager : Event: ======'player_score'====== Args={'value': 10000, 'prev_value': 9000, 'change': 1000, 'player_num': 1}
2023-10-02 12:58:34,555 : EventManager : Event: ======'machine_var_audits_switches_s_reentry_right'====== Args={'value': 367, 'prev_value': 366, 'change': 1}
2023-10-02 12:58:34,555 : EventManager : Event: ======'player_shot_reentryR_shot'====== Args={'value': 1, 'prev_value': 0, 'change': 1, 'player_num': 1}
2023-10-02 12:58:34,555 : EventManager : Event: ======'machine_var_audits_shots_reentryR_shot'====== Args={'value': 308, 'prev_value': 307, 'change': 1}
2023-10-02 12:58:34,555 : EventManager : Event: ======'sounds_play'====== Args={'settings': {'reentry_sound': {'action': 'play', 'priority': None, 'block': False, 'delay': None, 'track': None, 'volume': None, 'pan': None, 'loops': None, 'start_at': None, 'fade_in': None, 'fade_out': None, 'about_to_finish_time': -1.0, 'max_queue_time': -1.0, 'events_when_played': ['use_sound_setting'], 'events_when_stopped': ['use_sound_setting'], 'events_when_looping': ['use_sound_setting'], 'events_when_about_to_finish': ['use_sound_setting'], 'mode_end_action': 'use_sound_setting', 'key': 'use_sound_setting'}}, 'context': '_global', 'calling_context': 's_reentry_right_active', 'priority': 0}
2023-10-02 12:58:34,555 : EventManager : Event: ======'player_score'====== Args={'value': 15000, 'prev_value': 10000, 'change': 5000, 'player_num': 1}
2023-10-02 12:58:34,555 : EventManager : Event: ======'player_attack_bumper_count'====== Args={'value': 3, 'prev_value': 2, 'change': 1, 'player_num': 1}
2023-10-02 12:58:34,555 : EventManager : Event: ======'player_score'====== Args={'value': 16000, 'prev_value': 15000, 'change': 1000, 'player_num': 1}
2023-10-02 12:58:36,547 : EventManager : Event: ======'player_shot_reentryL_shot'====== Args={'value': 0, 'prev_value': 1, 'change': -1, 'player_num': 1}
2023-10-02 12:58:36,547 : EventManager : Event: ======'player_shot_reentryM_shot'====== Args={'value': 0, 'prev_value': 1, 'change': -1, 'player_num': 1}
2023-10-02 12:58:36,547 : EventManager : Event: ======'player_shot_reentryR_shot'====== Args={'value': 0, 'prev_value': 1, 'change': -1, 'player_num': 1}
2023-10-02 12:58:36,798 : EventManager : Event: ======'machine_var_audits_switches_s_reentry_left'====== Args={'value': 717, 'prev_value': 716, 'change': 1}
2023-10-02 12:58:36,821 : EventManager : Event: ======'player_shot_reentryL_shot'====== Args={'value': 1, 'prev_value': 0, 'change': 1, 'player_num': 1}
2023-10-02 12:58:36,821 : EventManager : Event: ======'machine_var_audits_shots_reentryL_shot'====== Args={'value': 362, 'prev_value': 361, 'change': 1}
2023-10-02 12:58:36,833 : EventManager : Event: ======'sounds_play'====== Args={'settings': {'reentry_sound': {'action': 'play', 'priority': None, 'block': False, 'delay': None, 'track': None, 'volume': None, 'pan': None, 'loops': None, 'start_at': None, 'fade_in': None, 'fade_out': None, 'about_to_finish_time': -1.0, 'max_queue_time': -1.0, 'events_when_played': ['use_sound_setting'], 'events_when_stopped': ['use_sound_setting'], 'events_when_looping': ['use_sound_setting'], 'events_when_about_to_finish': ['use_sound_setting'], 'mode_end_action': 'use_sound_setting', 'key': 'use_sound_setting'}}, 'context': '_global', 'calling_context': 's_reentry_left_active', 'priority': 0}
2023-10-02 12:58:36,833 : EventManager : Event: ======'player_score'====== Args={'value': 17000, 'prev_value': 16000, 'change': 1000, 'player_num': 1}
2023-10-02 12:58:36,896 : EventManager : Event: ======'machine_var_audits_switches_s_reentry_middle'====== Args={'value': 415, 'prev_value': 414, 'change': 1}
2023-10-02 12:58:36,896 : EventManager : Event: ======'player_shot_reentryM_shot'====== Args={'value': 1, 'prev_value': 0, 'change': 1, 'player_num': 1}
2023-10-02 12:58:36,896 : EventManager : Event: ======'machine_var_audits_shots_reentryM_shot'====== Args={'value': 341, 'prev_value': 340, 'change': 1}
2023-10-02 12:58:36,896 : EventManager : Event: ======'sounds_play'====== Args={'settings': {'reentry_sound': {'action': 'play', 'priority': None, 'block': False, 'delay': None, 'track': None, 'volume': None, 'pan': None, 'loops': None, 'start_at': None, 'fade_in': None, 'fade_out': None, 'about_to_finish_time': -1.0, 'max_queue_time': -1.0, 'events_when_played': ['use_sound_setting'], 'events_when_stopped': ['use_sound_setting'], 'events_when_looping': ['use_sound_setting'], 'events_when_about_to_finish': ['use_sound_setting'], 'mode_end_action': 'use_sound_setting', 'key': 'use_sound_setting'}}, 'context': '_global', 'calling_context': 's_reentry_middle_active', 'priority': 0}
2023-10-02 12:58:36,896 : EventManager : Event: ======'player_score'====== Args={'value': 18000, 'prev_value': 17000, 'change': 1000, 'player_num': 1}
2023-10-02 12:58:36,985 : EventManager : Event: ======'machine_var_audits_switches_s_reentry_right'====== Args={'value': 368, 'prev_value': 367, 'change': 1}
2023-10-02 12:58:36,985 : EventManager : Event: ======'player_shot_reentryR_shot'====== Args={'value': 1, 'prev_value': 0, 'change': 1, 'player_num': 1}
2023-10-02 12:58:36,985 : EventManager : Event: ======'machine_var_audits_shots_reentryR_shot'====== Args={'value': 309, 'prev_value': 308, 'change': 1}
2023-10-02 12:58:36,985 : EventManager : Event: ======'sounds_play'====== Args={'settings': {'reentry_sound': {'action': 'play', 'priority': None, 'block': False, 'delay': None, 'track': None, 'volume': None, 'pan': None, 'loops': None, 'start_at': None, 'fade_in': None, 'fade_out': None, 'about_to_finish_time': -1.0, 'max_queue_time': -1.0, 'events_when_played': ['use_sound_setting'], 'events_when_stopped': ['use_sound_setting'], 'events_when_looping': ['use_sound_setting'], 'events_when_about_to_finish': ['use_sound_setting'], 'mode_end_action': 'use_sound_setting', 'key': 'use_sound_setting'}}, 'context': '_global', 'calling_context': 's_reentry_right_active', 'priority': 0}
2023-10-02 12:58:36,985 : EventManager : Event: ======'player_score'====== Args={'value': 23000, 'prev_value': 18000, 'change': 5000, 'player_num': 1}
2023-10-02 12:58:36,985 : EventManager : Event: ======'player_score'====== Args={'value': 24000, 'prev_value': 23000, 'change': 1000, 'player_num': 1}
2023-10-02 12:58:37,911 : EventManager : Event: ======'machine_var_audits_switches_s_reentry_left'====== Args={'value': 718, 'prev_value': 717, 'change': 1}
2023-10-02 12:58:37,911 : EventManager : Event: ======'player_shot_reentryL_shot'====== Args={'value': 0, 'prev_value': 1, 'change': -1, 'player_num': 1}
2023-10-02 12:58:37,911 : EventManager : Event: ======'machine_var_audits_shots_reentryL_shot'====== Args={'value': 363, 'prev_value': 362, 'change': 1}
2023-10-02 12:58:37,911 : EventManager : Event: ======'sounds_play'====== Args={'settings': {'reentry_sound': {'action': 'play', 'priority': None, 'block': False, 'delay': None, 'track': None, 'volume': None, 'pan': None, 'loops': None, 'start_at': None, 'fade_in': None, 'fade_out': None, 'about_to_finish_time': -1.0, 'max_queue_time': -1.0, 'events_when_played': ['use_sound_setting'], 'events_when_stopped': ['use_sound_setting'], 'events_when_looping': ['use_sound_setting'], 'events_when_about_to_finish': ['use_sound_setting'], 'mode_end_action': 'use_sound_setting', 'key': 'use_sound_setting'}}, 'context': '_global', 'calling_context': 's_reentry_left_active', 'priority': 0}
2023-10-02 12:58:37,911 : EventManager : Event: ======'player_score'====== Args={'value': 26000, 'prev_value': 24000, 'change': 2000, 'player_num': 1}
2023-10-02 12:58:37,973 : EventManager : Event: ======'machine_var_audits_switches_s_reentry_middle'====== Args={'value': 416, 'prev_value': 415, 'change': 1}
2023-10-02 12:58:37,973 : EventManager : Event: ======'player_shot_reentryM_shot'====== Args={'value': 0, 'prev_value': 1, 'change': -1, 'player_num': 1}
2023-10-02 12:58:37,973 : EventManager : Event: ======'machine_var_audits_shots_reentryM_shot'====== Args={'value': 342, 'prev_value': 341, 'change': 1}
2023-10-02 12:58:37,973 : EventManager : Event: ======'sounds_play'====== Args={'settings': {'reentry_sound': {'action': 'play', 'priority': None, 'block': False, 'delay': None, 'track': None, 'volume': None, 'pan': None, 'loops': None, 'start_at': None, 'fade_in': None, 'fade_out': None, 'about_to_finish_time': -1.0, 'max_queue_time': -1.0, 'events_when_played': ['use_sound_setting'], 'events_when_stopped': ['use_sound_setting'], 'events_when_looping': ['use_sound_setting'], 'events_when_about_to_finish': ['use_sound_setting'], 'mode_end_action': 'use_sound_setting', 'key': 'use_sound_setting'}}, 'context': '_global', 'calling_context': 's_reentry_middle_active', 'priority': 0}
2023-10-02 12:58:37,973 : EventManager : Event: ======'player_score'====== Args={'value': 28000, 'prev_value': 26000, 'change': 2000, 'player_num': 1}
2023-10-02 12:58:38,062 : EventManager : Event: ======'machine_var_audits_switches_s_reentry_right'====== Args={'value': 369, 'prev_value': 368, 'change': 1}
2023-10-02 12:58:38,062 : EventManager : Event: ======'player_shot_reentryR_shot'====== Args={'value': 0, 'prev_value': 1, 'change': -1, 'player_num': 1}
2023-10-02 12:58:38,062 : EventManager : Event: ======'machine_var_audits_shots_reentryR_shot'====== Args={'value': 310, 'prev_value': 309, 'change': 1}
2023-10-02 12:58:38,062 : EventManager : Event: ======'sounds_play'====== Args={'settings': {'reentry_sound': {'action': 'play', 'priority': None, 'block': False, 'delay': None, 'track': None, 'volume': None, 'pan': None, 'loops': None, 'start_at': None, 'fade_in': None, 'fade_out': None, 'about_to_finish_time': -1.0, 'max_queue_time': -1.0, 'events_when_played': ['use_sound_setting'], 'events_when_stopped': ['use_sound_setting'], 'events_when_looping': ['use_sound_setting'], 'events_when_about_to_finish': ['use_sound_setting'], 'mode_end_action': 'use_sound_setting', 'key': 'use_sound_setting'}}, 'context': '_global', 'calling_context': 's_reentry_right_active', 'priority': 0}
2023-10-02 12:58:38,062 : EventManager : Event: ======'player_score'====== Args={'value': 30000, 'prev_value': 28000, 'change': 2000, 'player_num': 1}
2023-10-02 12:58:38,471 : EventManager : Event: ======'machine_var_audits_switches_s_reentry_left'====== Args={'value': 719, 'prev_value': 718, 'change': 1}
2023-10-02 12:58:38,483 : EventManager : Event: ======'player_shot_reentryL_shot'====== Args={'value': 1, 'prev_value': 0, 'change': 1, 'player_num': 1}
2023-10-02 12:58:38,483 : EventManager : Event: ======'machine_var_audits_shots_reentryL_shot'====== Args={'value': 364, 'prev_value': 363, 'change': 1}
2023-10-02 12:58:38,483 : EventManager : Event: ======'sounds_play'====== Args={'settings': {'reentry_sound': {'action': 'play', 'priority': None, 'block': False, 'delay': None, 'track': None, 'volume': None, 'pan': None, 'loops': None, 'start_at': None, 'fade_in': None, 'fade_out': None, 'about_to_finish_time': -1.0, 'max_queue_time': -1.0, 'events_when_played': ['use_sound_setting'], 'events_when_stopped': ['use_sound_setting'], 'events_when_looping': ['use_sound_setting'], 'events_when_about_to_finish': ['use_sound_setting'], 'mode_end_action': 'use_sound_setting', 'key': 'use_sound_setting'}}, 'context': '_global', 'calling_context': 's_reentry_left_active', 'priority': 0}
2023-10-02 12:58:38,496 : EventManager : Event: ======'player_score'====== Args={'value': 31000, 'prev_value': 30000, 'change': 1000, 'player_num': 1}
2023-10-02 12:58:38,558 : EventManager : Event: ======'machine_var_audits_switches_s_reentry_middle'====== Args={'value': 417, 'prev_value': 416, 'change': 1}
2023-10-02 12:58:38,558 : EventManager : Event: ======'player_shot_reentryM_shot'====== Args={'value': 1, 'prev_value': 0, 'change': 1, 'player_num': 1}
2023-10-02 12:58:38,558 : EventManager : Event: ======'machine_var_audits_shots_reentryM_shot'====== Args={'value': 343, 'prev_value': 342, 'change': 1}
2023-10-02 12:58:38,558 : EventManager : Event: ======'sounds_play'====== Args={'settings': {'reentry_sound': {'action': 'play', 'priority': None, 'block': False, 'delay': None, 'track': None, 'volume': None, 'pan': None, 'loops': None, 'start_at': None, 'fade_in': None, 'fade_out': None, 'about_to_finish_time': -1.0, 'max_queue_time': -1.0, 'events_when_played': ['use_sound_setting'], 'events_when_stopped': ['use_sound_setting'], 'events_when_looping': ['use_sound_setting'], 'events_when_about_to_finish': ['use_sound_setting'], 'mode_end_action': 'use_sound_setting', 'key': 'use_sound_setting'}}, 'context': '_global', 'calling_context': 's_reentry_middle_active', 'priority': 0}
2023-10-02 12:58:38,558 : EventManager : Event: ======'player_score'====== Args={'value': 32000, 'prev_value': 31000, 'change': 1000, 'player_num': 1}
2023-10-02 12:58:38,646 : EventManager : Event: ======'machine_var_audits_switches_s_reentry_right'====== Args={'value': 370, 'prev_value': 369, 'change': 1}
2023-10-02 12:58:38,646 : EventManager : Event: ======'player_shot_reentryR_shot'====== Args={'value': 1, 'prev_value': 0, 'change': 1, 'player_num': 1}
2023-10-02 12:58:38,646 : EventManager : Event: ======'machine_var_audits_shots_reentryR_shot'====== Args={'value': 311, 'prev_value': 310, 'change': 1}
2023-10-02 12:58:38,646 : EventManager : Event: ======'sounds_play'====== Args={'settings': {'reentry_sound': {'action': 'play', 'priority': None, 'block': False, 'delay': None, 'track': None, 'volume': None, 'pan': None, 'loops': None, 'start_at': None, 'fade_in': None, 'fade_out': None, 'about_to_finish_time': -1.0, 'max_queue_time': -1.0, 'events_when_played': ['use_sound_setting'], 'events_when_stopped': ['use_sound_setting'], 'events_when_looping': ['use_sound_setting'], 'events_when_about_to_finish': ['use_sound_setting'], 'mode_end_action': 'use_sound_setting', 'key': 'use_sound_setting'}}, 'context': '_global', 'calling_context': 's_reentry_right_active', 'priority': 0}
2023-10-02 12:58:38,646 : EventManager : Event: ======'player_score'====== Args={'value': 37000, 'prev_value': 32000, 'change': 5000, 'player_num': 1}
2023-10-02 12:58:38,646 : EventManager : Event: ======'player_score'====== Args={'value': 38000, 'prev_value': 37000, 'change': 1000, 'player_num': 1}
2023-10-02 12:58:38,857 : EventManager : Event: ======'machine_var_audits_switches_s_reentry_left'====== Args={'value': 720, 'prev_value': 719, 'change': 1}
2023-10-02 12:58:38,857 : EventManager : Event: ======'player_shot_reentryL_shot'====== Args={'value': 0, 'prev_value': 1, 'change': -1, 'player_num': 1}
2023-10-02 12:58:38,857 : EventManager : Event: ======'machine_var_audits_shots_reentryL_shot'====== Args={'value': 365, 'prev_value': 364, 'change': 1}
2023-10-02 12:58:38,857 : EventManager : Event: ======'sounds_play'====== Args={'settings': {'reentry_sound': {'action': 'play', 'priority': None, 'block': False, 'delay': None, 'track': None, 'volume': None, 'pan': None, 'loops': None, 'start_at': None, 'fade_in': None, 'fade_out': None, 'about_to_finish_time': -1.0, 'max_queue_time': -1.0, 'events_when_played': ['use_sound_setting'], 'events_when_stopped': ['use_sound_setting'], 'events_when_looping': ['use_sound_setting'], 'events_when_about_to_finish': ['use_sound_setting'], 'mode_end_action': 'use_sound_setting', 'key': 'use_sound_setting'}}, 'context': '_global', 'calling_context': 's_reentry_left_active', 'priority': 0}
2023-10-02 12:58:38,857 : EventManager : Event: ======'player_score'====== Args={'value': 40000, 'prev_value': 38000, 'change': 2000, 'player_num': 1}
2023-10-02 12:58:38,946 : EventManager : Event: ======'machine_var_audits_switches_s_reentry_middle'====== Args={'value': 418, 'prev_value': 417, 'change': 1}
2023-10-02 12:58:38,946 : EventManager : Event: ======'player_shot_reentryM_shot'====== Args={'value': 0, 'prev_value': 1, 'change': -1, 'player_num': 1}
2023-10-02 12:58:38,946 : EventManager : Event: ======'machine_var_audits_shots_reentryM_shot'====== Args={'value': 344, 'prev_value': 343, 'change': 1}
2023-10-02 12:58:38,946 : EventManager : Event: ======'sounds_play'====== Args={'settings': {'reentry_sound': {'action': 'play', 'priority': None, 'block': False, 'delay': None, 'track': None, 'volume': None, 'pan': None, 'loops': None, 'start_at': None, 'fade_in': None, 'fade_out': None, 'about_to_finish_time': -1.0, 'max_queue_time': -1.0, 'events_when_played': ['use_sound_setting'], 'events_when_stopped': ['use_sound_setting'], 'events_when_looping': ['use_sound_setting'], 'events_when_about_to_finish': ['use_sound_setting'], 'mode_end_action': 'use_sound_setting', 'key': 'use_sound_setting'}}, 'context': '_global', 'calling_context': 's_reentry_middle_active', 'priority': 0}
2023-10-02 12:58:38,946 : EventManager : Event: ======'player_score'====== Args={'value': 42000, 'prev_value': 40000, 'change': 2000, 'player_num': 1}
2023-10-02 12:58:38,983 : EventManager : Event: ======'player_shot_reentryR_shot'====== Args={'value': 0, 'prev_value': 1, 'change': -1, 'player_num': 1}
2023-10-02 12:58:39,007 : EventManager : Event: ======'machine_var_audits_switches_s_reentry_right'====== Args={'value': 371, 'prev_value': 370, 'change': 1}
2023-10-02 12:58:39,007 : EventManager : Event: ======'player_shot_reentryR_shot'====== Args={'value': 1, 'prev_value': 0, 'change': 1, 'player_num': 1}
2023-10-02 12:58:39,007 : EventManager : Event: ======'machine_var_audits_shots_reentryR_shot'====== Args={'value': 312, 'prev_value': 311, 'change': 1}
2023-10-02 12:58:39,007 : EventManager : Event: ======'sounds_play'====== Args={'settings': {'reentry_sound': {'action': 'play', 'priority': None, 'block': False, 'delay': None, 'track': None, 'volume': None, 'pan': None, 'loops': None, 'start_at': None, 'fade_in': None, 'fade_out': None, 'about_to_finish_time': -1.0, 'max_queue_time': -1.0, 'events_when_played': ['use_sound_setting'], 'events_when_stopped': ['use_sound_setting'], 'events_when_looping': ['use_sound_setting'], 'events_when_about_to_finish': ['use_sound_setting'], 'mode_end_action': 'use_sound_setting', 'key': 'use_sound_setting'}}, 'context': '_global', 'calling_context': 's_reentry_right_active', 'priority': 0}
2023-10-02 12:58:39,007 : EventManager : Event: ======'player_score'====== Args={'value': 43000, 'prev_value': 42000, 'change': 1000, 'player_num': 1}
2023-10-02 12:58:39,169 : EventManager : Event: ======'machine_var_audits_switches_s_reentry_left'====== Args={'value': 721, 'prev_value': 720, 'change': 1}
2023-10-02 12:58:39,181 : EventManager : Event: ======'player_shot_reentryL_shot'====== Args={'value': 1, 'prev_value': 0, 'change': 1, 'player_num': 1}
2023-10-02 12:58:39,181 : EventManager : Event: ======'machine_var_audits_shots_reentryL_shot'====== Args={'value': 366, 'prev_value': 365, 'change': 1}
2023-10-02 12:58:39,181 : EventManager : Event: ======'sounds_play'====== Args={'settings': {'reentry_sound': {'action': 'play', 'priority': None, 'block': False, 'delay': None, 'track': None, 'volume': None, 'pan': None, 'loops': None, 'start_at': None, 'fade_in': None, 'fade_out': None, 'about_to_finish_time': -1.0, 'max_queue_time': -1.0, 'events_when_played': ['use_sound_setting'], 'events_when_stopped': ['use_sound_setting'], 'events_when_looping': ['use_sound_setting'], 'events_when_about_to_finish': ['use_sound_setting'], 'mode_end_action': 'use_sound_setting', 'key': 'use_sound_setting'}}, 'context': '_global', 'calling_context': 's_reentry_left_active', 'priority': 0}
2023-10-02 12:58:39,182 : EventManager : Event: ======'player_score'====== Args={'value': 44000, 'prev_value': 43000, 'change': 1000, 'player_num': 1}
2023-10-02 12:58:39,231 : EventManager : Event: ======'machine_var_audits_switches_s_reentry_middle'====== Args={'value': 419, 'prev_value': 418, 'change': 1}
2023-10-02 12:58:39,231 : EventManager : Event: ======'player_shot_reentryM_shot'====== Args={'value': 1, 'prev_value': 0, 'change': 1, 'player_num': 1}
2023-10-02 12:58:39,231 : EventManager : Event: ======'machine_var_audits_shots_reentryM_shot'====== Args={'value': 345, 'prev_value': 344, 'change': 1}
2023-10-02 12:58:39,231 : EventManager : Event: ======'sounds_play'====== Args={'settings': {'reentry_sound': {'action': 'play', 'priority': None, 'block': False, 'delay': None, 'track': None, 'volume': None, 'pan': None, 'loops': None, 'start_at': None, 'fade_in': None, 'fade_out': None, 'about_to_finish_time': -1.0, 'max_queue_time': -1.0, 'events_when_played': ['use_sound_setting'], 'events_when_stopped': ['use_sound_setting'], 'events_when_looping': ['use_sound_setting'], 'events_when_about_to_finish': ['use_sound_setting'], 'mode_end_action': 'use_sound_setting', 'key': 'use_sound_setting'}}, 'context': '_global', 'calling_context': 's_reentry_middle_active', 'priority': 0}
2023-10-02 12:58:39,231 : EventManager : Event: ======'player_score'====== Args={'value': 49000, 'prev_value': 44000, 'change': 5000, 'player_num': 1}
2023-10-02 12:58:39,231 : EventManager : Event: ======'player_score'====== Args={'value': 50000, 'prev_value': 49000, 'change': 1000, 'player_num': 1}
2023-10-02 12:58:39,305 : EventManager : Event: ======'machine_var_audits_switches_s_reentry_right'====== Args={'value': 372, 'prev_value': 371, 'change': 1}
2023-10-02 12:58:39,317 : EventManager : Event: ======'player_shot_reentryR_shot'====== Args={'value': 0, 'prev_value': 1, 'change': -1, 'player_num': 1}
2023-10-02 12:58:39,317 : EventManager : Event: ======'machine_var_audits_shots_reentryR_shot'====== Args={'value': 313, 'prev_value': 312, 'change': 1}
2023-10-02 12:58:39,317 : EventManager : Event: ======'sounds_play'====== Args={'settings': {'reentry_sound': {'action': 'play', 'priority': None, 'block': False, 'delay': None, 'track': None, 'volume': None, 'pan': None, 'loops': None, 'start_at': None, 'fade_in': None, 'fade_out': None, 'about_to_finish_time': -1.0, 'max_queue_time': -1.0, 'events_when_played': ['use_sound_setting'], 'events_when_stopped': ['use_sound_setting'], 'events_when_looping': ['use_sound_setting'], 'events_when_about_to_finish': ['use_sound_setting'], 'mode_end_action': 'use_sound_setting', 'key': 'use_sound_setting'}}, 'context': '_global', 'calling_context': 's_reentry_right_active', 'priority': 0}
2023-10-02 12:58:39,317 : EventManager : Event: ======'player_score'====== Args={'value': 52000, 'prev_value': 50000, 'change': 2000, 'player_num': 1}
2023-10-02 12:58:39,456 : EventManager : Event: ======'machine_var_audits_switches_s_reentry_left'====== Args={'value': 722, 'prev_value': 721, 'change': 1}
2023-10-02 12:58:39,467 : EventManager : Event: ======'player_shot_reentryL_shot'====== Args={'value': 0, 'prev_value': 1, 'change': -1, 'player_num': 1}
2023-10-02 12:58:39,467 : EventManager : Event: ======'machine_var_audits_shots_reentryL_shot'====== Args={'value': 367, 'prev_value': 366, 'change': 1}
2023-10-02 12:58:39,467 : EventManager : Event: ======'sounds_play'====== Args={'settings': {'reentry_sound': {'action': 'play', 'priority': None, 'block': False, 'delay': None, 'track': None, 'volume': None, 'pan': None, 'loops': None, 'start_at': None, 'fade_in': None, 'fade_out': None, 'about_to_finish_time': -1.0, 'max_queue_time': -1.0, 'events_when_played': ['use_sound_setting'], 'events_when_stopped': ['use_sound_setting'], 'events_when_looping': ['use_sound_setting'], 'events_when_about_to_finish': ['use_sound_setting'], 'mode_end_action': 'use_sound_setting', 'key': 'use_sound_setting'}}, 'context': '_global', 'calling_context': 's_reentry_left_active', 'priority': 0}
2023-10-02 12:58:39,467 : EventManager : Event: ======'player_score'====== Args={'value': 54000, 'prev_value': 52000, 'change': 2000, 'player_num': 1}
2023-10-02 12:58:39,543 : EventManager : Event: ======'machine_var_audits_switches_s_reentry_middle'====== Args={'value': 420, 'prev_value': 419, 'change': 1}
2023-10-02 12:58:39,543 : EventManager : Event: ======'player_shot_reentryM_shot'====== Args={'value': 0, 'prev_value': 1, 'change': -1, 'player_num': 1}
2023-10-02 12:58:39,543 : EventManager : Event: ======'machine_var_audits_shots_reentryM_shot'====== Args={'value': 346, 'prev_value': 345, 'change': 1}
2023-10-02 12:58:39,543 : EventManager : Event: ======'sounds_play'====== Args={'settings': {'reentry_sound': {'action': 'play', 'priority': None, 'block': False, 'delay': None, 'track': None, 'volume': None, 'pan': None, 'loops': None, 'start_at': None, 'fade_in': None, 'fade_out': None, 'about_to_finish_time': -1.0, 'max_queue_time': -1.0, 'events_when_played': ['use_sound_setting'], 'events_when_stopped': ['use_sound_setting'], 'events_when_looping': ['use_sound_setting'], 'events_when_about_to_finish': ['use_sound_setting'], 'mode_end_action': 'use_sound_setting', 'key': 'use_sound_setting'}}, 'context': '_global', 'calling_context': 's_reentry_middle_active', 'priority': 0}
2023-10-02 12:58:39,543 : EventManager : Event: ======'player_score'====== Args={'value': 56000, 'prev_value': 54000, 'change': 2000, 'player_num': 1}
2023-10-02 12:58:39,593 : EventManager : Event: ======'machine_var_audits_switches_s_reentry_right'====== Args={'value': 373, 'prev_value': 372, 'change': 1}
2023-10-02 12:58:39,593 : EventManager : Event: ======'player_shot_reentryR_shot'====== Args={'value': 1, 'prev_value': 0, 'change': 1, 'player_num': 1}
2023-10-02 12:58:39,593 : EventManager : Event: ======'machine_var_audits_shots_reentryR_shot'====== Args={'value': 314, 'prev_value': 313, 'change': 1}
2023-10-02 12:58:39,593 : EventManager : Event: ======'sounds_play'====== Args={'settings': {'reentry_sound': {'action': 'play', 'priority': None, 'block': False, 'delay': None, 'track': None, 'volume': None, 'pan': None, 'loops': None, 'start_at': None, 'fade_in': None, 'fade_out': None, 'about_to_finish_time': -1.0, 'max_queue_time': -1.0, 'events_when_played': ['use_sound_setting'], 'events_when_stopped': ['use_sound_setting'], 'events_when_looping': ['use_sound_setting'], 'events_when_about_to_finish': ['use_sound_setting'], 'mode_end_action': 'use_sound_setting', 'key': 'use_sound_setting'}}, 'context': '_global', 'calling_context': 's_reentry_right_active', 'priority': 0}
2023-10-02 12:58:39,593 : EventManager : Event: ======'player_score'====== Args={'value': 57000, 'prev_value': 56000, 'change': 1000, 'player_num': 1}
2023-10-02 12:58:39,756 : EventManager : Event: ======'machine_var_audits_switches_s_reentry_left'====== Args={'value': 723, 'prev_value': 722, 'change': 1}
2023-10-02 12:58:39,756 : EventManager : Event: ======'player_shot_reentryL_shot'====== Args={'value': 1, 'prev_value': 0, 'change': 1, 'player_num': 1}
2023-10-02 12:58:39,756 : EventManager : Event: ======'machine_var_audits_shots_reentryL_shot'====== Args={'value': 368, 'prev_value': 367, 'change': 1}
2023-10-02 12:58:39,756 : EventManager : Event: ======'sounds_play'====== Args={'settings': {'reentry_sound': {'action': 'play', 'priority': None, 'block': False, 'delay': None, 'track': None, 'volume': None, 'pan': None, 'loops': None, 'start_at': None, 'fade_in': None, 'fade_out': None, 'about_to_finish_time': -1.0, 'max_queue_time': -1.0, 'events_when_played': ['use_sound_setting'], 'events_when_stopped': ['use_sound_setting'], 'events_when_looping': ['use_sound_setting'], 'events_when_about_to_finish': ['use_sound_setting'], 'mode_end_action': 'use_sound_setting', 'key': 'use_sound_setting'}}, 'context': '_global', 'calling_context': 's_reentry_left_active', 'priority': 0}
2023-10-02 12:58:39,756 : EventManager : Event: ======'player_score'====== Args={'value': 58000, 'prev_value': 57000, 'change': 1000, 'player_num': 1}
2023-10-02 12:58:39,818 : EventManager : Event: ======'machine_var_audits_switches_s_reentry_middle'====== Args={'value': 421, 'prev_value': 420, 'change': 1}
2023-10-02 12:58:39,818 : EventManager : Event: ======'player_shot_reentryM_shot'====== Args={'value': 1, 'prev_value': 0, 'change': 1, 'player_num': 1}
2023-10-02 12:58:39,818 : EventManager : Event: ======'machine_var_audits_shots_reentryM_shot'====== Args={'value': 347, 'prev_value': 346, 'change': 1}
2023-10-02 12:58:39,818 : EventManager : Event: ======'sounds_play'====== Args={'settings': {'reentry_sound': {'action': 'play', 'priority': None, 'block': False, 'delay': None, 'track': None, 'volume': None, 'pan': None, 'loops': None, 'start_at': None, 'fade_in': None, 'fade_out': None, 'about_to_finish_time': -1.0, 'max_queue_time': -1.0, 'events_when_played': ['use_sound_setting'], 'events_when_stopped': ['use_sound_setting'], 'events_when_looping': ['use_sound_setting'], 'events_when_about_to_finish': ['use_sound_setting'], 'mode_end_action': 'use_sound_setting', 'key': 'use_sound_setting'}}, 'context': '_global', 'calling_context': 's_reentry_middle_active', 'priority': 0}
2023-10-02 12:58:39,818 : EventManager : Event: ======'player_score'====== Args={'value': 63000, 'prev_value': 58000, 'change': 5000, 'player_num': 1}
2023-10-02 12:58:39,818 : EventManager : Event: ======'player_score'====== Args={'value': 64000, 'prev_value': 63000, 'change': 1000, 'player_num': 1}
2023-10-02 12:58:39,881 : EventManager : Event: ======'machine_var_audits_switches_s_reentry_right'====== Args={'value': 374, 'prev_value': 373, 'change': 1}
2023-10-02 12:58:39,881 : EventManager : Event: ======'player_shot_reentryR_shot'====== Args={'value': 0, 'prev_value': 1, 'change': -1, 'player_num': 1}
2023-10-02 12:58:39,881 : EventManager : Event: ======'machine_var_audits_shots_reentryR_shot'====== Args={'value': 315, 'prev_value': 314, 'change': 1}
2023-10-02 12:58:39,881 : EventManager : Event: ======'sounds_play'====== Args={'settings': {'reentry_sound': {'action': 'play', 'priority': None, 'block': False, 'delay': None, 'track': None, 'volume': None, 'pan': None, 'loops': None, 'start_at': None, 'fade_in': None, 'fade_out': None, 'about_to_finish_time': -1.0, 'max_queue_time': -1.0, 'events_when_played': ['use_sound_setting'], 'events_when_stopped': ['use_sound_setting'], 'events_when_looping': ['use_sound_setting'], 'events_when_about_to_finish': ['use_sound_setting'], 'mode_end_action': 'use_sound_setting', 'key': 'use_sound_setting'}}, 'context': '_global', 'calling_context': 's_reentry_right_active', 'priority': 0}
2023-10-02 12:58:39,881 : EventManager : Event: ======'player_score'====== Args={'value': 66000, 'prev_value': 64000, 'change': 2000, 'player_num': 1}
2023-10-02 12:58:40,631 : EventManager : Event: ======'player_shot_reentryL_shot'====== Args={'value': 0, 'prev_value': 1, 'change': -1, 'player_num': 1}
2023-10-02 12:58:40,631 : EventManager : Event: ======'player_shot_reentryM_shot'====== Args={'value': 0, 'prev_value': 1, 'change': -1, 'player_num': 1}
2023-10-02 13:54:19,272 : kivy : Base: Leaving application in progress...
