2023-02-12 13:57:50,126 : INFO : root : Loading config.
2023-02-12 13:57:50,460 : INFO : ConfigProcessor : Config spec file cache created: C:\Users\student\AppData\Local\Temp\config_spec.mpf_cache
2023-02-12 13:57:50,461 : INFO : YamlMultifileConfigLoader : Machine config file #1: config.yaml
2023-02-12 13:57:50,461 : INFO : ConfigProcessor : Loading config from file c:\users\student\mpfenv\lib\site-packages\mpf\mpfconfig.yaml.
2023-02-12 13:57:50,523 : INFO : ConfigProcessor : Loading config: c:\users\student\mpfenv\lib\site-packages\mpf\mpfconfig.yaml
2023-02-12 13:57:50,523 : INFO : ConfigProcessor : Loading config from file C:\Users\student\pinball\cobraPinTest1\config\config.yaml.
2023-02-12 13:57:50,553 : INFO : ConfigProcessor : Loading config: C:\Users\student\pinball\cobraPinTest1\config\config.yaml
2023-02-12 13:57:50,555 : INFO : ConfigProcessor : Config file cache created: C:\Users\student\AppData\Local\Temp\f1427cd4cbc9163bc2263f349f0fb463.mpf_cache
2023-02-12 13:57:50,627 : INFO : ConfigProcessor : Loading config from file c:\users\student\mpfenv\lib\site-packages\mpf\modes\attract\config\attract.yaml.
2023-02-12 13:57:50,629 : INFO : ConfigProcessor : Loading config: c:\users\student\mpfenv\lib\site-packages\mpf\modes\attract\config\attract.yaml
2023-02-12 13:57:50,629 : INFO : ConfigProcessor : Loading config from file C:\Users\student\pinball\cobraPinTest1\modes\attract\config\attract.yaml.
2023-02-12 13:57:50,630 : INFO : ConfigProcessor : Loading config: C:\Users\student\pinball\cobraPinTest1\modes\attract\config\attract.yaml
2023-02-12 13:57:50,630 : INFO : ConfigProcessor : Config file cache created: C:\Users\student\AppData\Local\Temp\32ed7ad340ce8029344f8b9ff63edc80.mpf_cache
2023-02-12 13:57:50,631 : INFO : ConfigProcessor : Loading config from file c:\users\student\mpfenv\lib\site-packages\mpf\modes\game\config\game.yaml.
2023-02-12 13:57:50,633 : INFO : ConfigProcessor : Loading config: c:\users\student\mpfenv\lib\site-packages\mpf\modes\game\config\game.yaml
2023-02-12 13:57:50,633 : INFO : ConfigProcessor : Config file cache created: C:\Users\student\AppData\Local\Temp\8696bd5a5a040ff67990be11cb4d3c0c.mpf_cache
2023-02-12 13:57:50,634 : INFO : ConfigProcessor : Loading config from file C:\Users\student\pinball\cobraPinTest1\modes\base\config\base.yaml.
2023-02-12 13:57:50,641 : INFO : ConfigProcessor : Loading config: C:\Users\student\pinball\cobraPinTest1\modes\base\config\base.yaml
2023-02-12 13:57:50,642 : INFO : ConfigProcessor : Config file cache created: C:\Users\student\AppData\Local\Temp\4675a535c8328a9c278c807d999ed109.mpf_cache
2023-02-12 13:57:50,643 : INFO : ConfigProcessor : Loading config from file C:\Users\student\pinball\cobraPinTest1\modes\mode2\config\mode2.yaml.
2023-02-12 13:57:50,648 : INFO : ConfigProcessor : Loading config: C:\Users\student\pinball\cobraPinTest1\modes\mode2\config\mode2.yaml
2023-02-12 13:57:50,649 : INFO : ConfigProcessor : Config file cache created: C:\Users\student\AppData\Local\Temp\9525b8ae9fe847ba6c98fe60136d147b.mpf_cache
2023-02-12 13:57:50,650 : INFO : ConfigProcessor : Loading config from file C:\Users\student\pinball\cobraPinTest1\modes\attract\shows\.\attract_display_loop.yaml.
2023-02-12 13:57:50,659 : INFO : ConfigProcessor : Loading config: C:\Users\student\pinball\cobraPinTest1\modes\attract\shows\.\attract_display_loop.yaml
2023-02-12 13:57:50,659 : INFO : ConfigProcessor : Config file cache created: C:\Users\student\AppData\Local\Temp\f8d2c2cf3ea01f085365ea23fa51a701.mpf_cache
2023-02-12 13:57:50,660 : INFO : ConfigProcessor : Loading config from file C:\Users\student\pinball\cobraPinTest1\modes\attract\shows\.\attract_light_show.yaml.
2023-02-12 13:57:50,662 : INFO : ConfigProcessor : Loading config: C:\Users\student\pinball\cobraPinTest1\modes\attract\shows\.\attract_light_show.yaml
2023-02-12 13:57:50,662 : INFO : ConfigProcessor : Config file cache created: C:\Users\student\AppData\Local\Temp\30bd992f4b62a9b099207aebeb59554c.mpf_cache
2023-02-12 13:57:50,663 : INFO : Machine : Mission Pinball Framework Core Engine v0.55.0
2023-02-12 13:57:50,663 : INFO : Machine : Command line arguments: {'no_load_cache': True, 'create_config_cache': True, 'bcp': True, 'configfile': ['config.yaml'], 'force_assets_load': False, 'jsonlogging': False, 'logfile': 'logs\\2023-02-12-13-57-50-mpf-DESKTOP-0JH7ARL.log', 'pause': False, 'production': False, 'text_ui': True, 'loglevel': 15, 'consoleloglevel': 20, 'force_platform': None, 'syslog_address': None, 'mc_file_name': None, 'no_sound': False}
2023-02-12 13:57:50,663 : INFO : Machine : MPF path: c:\users\student\mpfenv\lib\site-packages\mpf
2023-02-12 13:57:50,663 : INFO : Machine : Machine path: C:\Users\student\pinball\cobraPinTest1
2023-02-12 13:57:50,663 : INFO : Machine : Platform: win32
2023-02-12 13:57:50,663 : INFO : Machine : Python executable location: c:\users\student\mpfenv\scripts\python.exe
2023-02-12 13:57:50,663 : INFO : Machine : Python version: 3.7.8 (64-bit)
2023-02-12 13:57:50,665 : INFO : Machine : Initialise MPF.
2023-02-12 13:57:50,985 : INFO : OPP : Connecting to com4 at 115200bps
2023-02-12 13:57:51,165 : INFO : OPP : Init of OPP board 0 done
2023-02-12 13:57:51,165 : INFO : OPP : Connecting to com5 at 115200bps
2023-02-12 13:57:51,260 : INFO : OPP : Init of OPP board 1 done
2023-02-12 13:57:51,260 : INFO : EventManager : Event: ======'machine_var_credits_string'====== Args={'value': 'FREE PLAY', 'prev_value': None, 'change': True}
2023-02-12 13:57:51,307 : INFO : EventManager : Event: ======'machine_var_master_volume'====== Args={'value': 0.5, 'prev_value': None, 'change': True}
2023-02-12 13:57:51,307 : INFO : EventManager : Event: ======'machine_var_player1_score'====== Args={'value': 1500, 'prev_value': None, 'change': True}
2023-02-12 13:57:51,307 : INFO : EventManager : Event: ======'machine_var_mpf_version'====== Args={'value': 'MPF v0.55.0', 'prev_value': None, 'change': True}
2023-02-12 13:57:51,307 : INFO : EventManager : Event: ======'machine_var_mpf_extended_version'====== Args={'value': 'MPF v0.55.0, Config version:5, Show version: 5, BCP version:1.1', 'prev_value': None, 'change': True}
2023-02-12 13:57:51,307 : INFO : EventManager : Event: ======'machine_var_python_version'====== Args={'value': '3.7.8', 'prev_value': None, 'change': True}
2023-02-12 13:57:51,307 : INFO : EventManager : Event: ======'machine_var_platform'====== Args={'value': 'Windows-10-10.0.19041-SP0', 'prev_value': None, 'change': True}
2023-02-12 13:57:51,308 : INFO : EventManager : Event: ======'machine_var_platform_system'====== Args={'value': 'Windows', 'prev_value': None, 'change': True}
2023-02-12 13:57:51,308 : INFO : EventManager : Event: ======'machine_var_platform_release'====== Args={'value': '10', 'prev_value': None, 'change': True}
2023-02-12 13:57:51,308 : INFO : EventManager : Event: ======'machine_var_platform_version'====== Args={'value': '10.0.19041', 'prev_value': None, 'change': True}
2023-02-12 13:57:51,308 : INFO : EventManager : Event: ======'machine_var_platform_machine'====== Args={'value': 'AMD64', 'prev_value': None, 'change': True}
2023-02-12 13:57:51,308 : INFO : EventManager : Event: ======'init_phase_1'====== Args={}
2023-02-12 13:57:51,323 : INFO : EventManager : Event: ======'logicblock_reentry_switch_counter_updated'====== Args={'value': 0, 'enabled': True}
2023-02-12 13:57:51,323 : INFO : EventManager : Event: ======'logicblock_reentry_switch_counter_updated'====== Args={'value': 0, 'enabled': True}
2023-02-12 13:57:51,328 : INFO : EventManager : Event: ======'init_phase_2'====== Args={}
2023-02-12 13:57:51,329 : INFO : SwitchController : Found active switch: ('0-0-8', <Platform.OPP>) <switch.s_trough1>
2023-02-12 13:57:51,332 : INFO : EventManager : Event: ======'bcp_connection_attempt'====== Args={'name': 'local_display', 'host': 'localhost', 'port': 5050}
2023-02-12 13:57:51,334 : INFO : BCPClientSocket : Connecting BCP to 'local_display' at localhost:5050...
2023-02-12 13:57:53,384 : INFO : BCPClientSocket : Connected BCP to 'local_display' localhost:5050
2023-02-12 13:57:53,386 : INFO : EventManager : Event: ======'bcp_clients_connected'====== Args={}
2023-02-12 13:57:53,405 : INFO : ball_device.bd_trough : BCH: Initial count: 1
2023-02-12 13:57:53,405 : INFO : EventManager : Event: ======'machine_var_mc_version'====== Args={'value': 'MPF-MC v0.55.0', 'prev_value': None, 'change': True}
2023-02-12 13:57:53,405 : INFO : EventManager : Event: ======'machine_var_mc_extended_version'====== Args={'value': 'MPF-MC v0.55.0 (config_version=5, BCP v1.1, Requires MPF v0.55.0-dev.49)', 'prev_value': None, 'change': True}
2023-02-12 13:57:53,407 : INFO : ball_device.bd_trough : State: idle
2023-02-12 13:57:53,422 : INFO : ball_device.bd_plunger : BCH: Initial count: 0
2023-02-12 13:57:53,423 : INFO : ball_device.bd_plunger : State: idle
2023-02-12 13:57:53,484 : INFO : EventManager : Event: ======'init_phase_3'====== Args={}
2023-02-12 13:57:53,488 : INFO : EventManager : Event: ======'init_phase_4'====== Args={}
2023-02-12 13:57:53,489 : INFO : BallController : Initial balls found: 1
2023-02-12 13:57:53,490 : INFO : EventManager : Event: ======'machine_var_audits_events_game_ended'====== Args={'value': 0, 'prev_value': None, 'change': True}
2023-02-12 13:57:53,490 : INFO : EventManager : Event: ======'machine_var_audits_events_game_started'====== Args={'value': 0, 'prev_value': None, 'change': True}
2023-02-12 13:57:53,491 : INFO : EventManager : Event: ======'machine_var_audits_player_score'====== Args={'value': {'average': 1800.0, 'top': [2000, 1900, 1500], 'total': 3}, 'prev_value': None, 'change': True}
2023-02-12 13:57:53,491 : INFO : EventManager : Event: ======'machine_var_audits_shots_my_first_shot'====== Args={'value': 68, 'prev_value': None, 'change': True}
2023-02-12 13:57:53,491 : INFO : EventManager : Event: ======'machine_var_audits_shots_my_first_shot_mode2'====== Args={'value': 30, 'prev_value': None, 'change': True}
2023-02-12 13:57:53,492 : INFO : EventManager : Event: ======'machine_var_audits_switches_s_blackhole_kicker'====== Args={'value': 0, 'prev_value': None, 'change': True}
2023-02-12 13:57:53,492 : INFO : EventManager : Event: ======'machine_var_audits_switches_s_bonus_lane'====== Args={'value': 0, 'prev_value': None, 'change': True}
2023-02-12 13:57:53,492 : INFO : EventManager : Event: ======'machine_var_audits_switches_s_booster_drop_target_1'====== Args={'value': 0, 'prev_value': None, 'change': True}
2023-02-12 13:57:53,492 : INFO : EventManager : Event: ======'machine_var_audits_switches_s_booster_drop_target_2'====== Args={'value': 0, 'prev_value': None, 'change': True}
2023-02-12 13:57:53,493 : INFO : EventManager : Event: ======'machine_var_audits_switches_s_booster_drop_target_3'====== Args={'value': 0, 'prev_value': None, 'change': True}
2023-02-12 13:57:53,493 : INFO : EventManager : Event: ======'machine_var_audits_switches_s_comet_spot_1'====== Args={'value': 0, 'prev_value': None, 'change': True}
2023-02-12 13:57:53,493 : INFO : EventManager : Event: ======'machine_var_audits_switches_s_comet_spot_2'====== Args={'value': 0, 'prev_value': None, 'change': True}
2023-02-12 13:57:53,493 : INFO : EventManager : Event: ======'machine_var_audits_switches_s_comet_spot_3'====== Args={'value': 0, 'prev_value': None, 'change': True}
2023-02-12 13:57:53,493 : INFO : EventManager : Event: ======'machine_var_audits_switches_s_engine_bumper_1'====== Args={'value': 0, 'prev_value': None, 'change': True}
2023-02-12 13:57:53,494 : INFO : EventManager : Event: ======'machine_var_audits_switches_s_engine_bumper_2'====== Args={'value': 0, 'prev_value': None, 'change': True}
2023-02-12 13:57:53,494 : INFO : EventManager : Event: ======'machine_var_audits_switches_s_engine_bumper_3'====== Args={'value': 0, 'prev_value': None, 'change': True}
2023-02-12 13:57:53,494 : INFO : EventManager : Event: ======'machine_var_audits_switches_s_fuel_chute_1'====== Args={'value': 0, 'prev_value': None, 'change': True}
2023-02-12 13:57:53,494 : INFO : EventManager : Event: ======'machine_var_audits_switches_s_fuel_chute_2'====== Args={'value': 0, 'prev_value': None, 'change': True}
2023-02-12 13:57:53,494 : INFO : EventManager : Event: ======'machine_var_audits_switches_s_fuel_chute_3'====== Args={'value': 0, 'prev_value': None, 'change': True}
2023-02-12 13:57:53,495 : INFO : EventManager : Event: ======'machine_var_audits_switches_s_fuel_chute_4'====== Args={'value': 0, 'prev_value': None, 'change': True}
2023-02-12 13:57:53,495 : INFO : EventManager : Event: ======'machine_var_audits_switches_s_fuel_chute_5'====== Args={'value': 0, 'prev_value': None, 'change': True}
2023-02-12 13:57:53,495 : INFO : EventManager : Event: ======'machine_var_audits_switches_s_fuel_chute_6'====== Args={'value': 0, 'prev_value': None, 'change': True}
2023-02-12 13:57:53,495 : INFO : EventManager : Event: ======'machine_var_audits_switches_s_fuel_flag'====== Args={'value': 0, 'prev_value': None, 'change': True}
2023-02-12 13:57:53,496 : INFO : EventManager : Event: ======'machine_var_audits_switches_s_fuel_spot_1'====== Args={'value': 0, 'prev_value': None, 'change': True}
2023-02-12 13:57:53,496 : INFO : EventManager : Event: ======'machine_var_audits_switches_s_fuel_spot_2'====== Args={'value': 0, 'prev_value': None, 'change': True}
2023-02-12 13:57:53,496 : INFO : EventManager : Event: ======'machine_var_audits_switches_s_fuel_spot_3'====== Args={'value': 0, 'prev_value': None, 'change': True}
2023-02-12 13:57:53,497 : INFO : EventManager : Event: ======'machine_var_audits_switches_s_green_wormhole'====== Args={'value': 0, 'prev_value': None, 'change': True}
2023-02-12 13:57:53,497 : INFO : EventManager : Event: ======'machine_var_audits_switches_s_hyperspace_flag'====== Args={'value': 0, 'prev_value': None, 'change': True}
2023-02-12 13:57:53,497 : INFO : EventManager : Event: ======'machine_var_audits_switches_s_hyperspacekicker'====== Args={'value': 0, 'prev_value': None, 'change': True}
2023-02-12 13:57:53,497 : INFO : EventManager : Event: ======'machine_var_audits_switches_s_launch_lane_1'====== Args={'value': 0, 'prev_value': None, 'change': True}
2023-02-12 13:57:53,498 : INFO : EventManager : Event: ======'machine_var_audits_switches_s_launch_lane_2'====== Args={'value': 0, 'prev_value': None, 'change': True}
2023-02-12 13:57:53,498 : INFO : EventManager : Event: ======'machine_var_audits_switches_s_launch_lane_3'====== Args={'value': 0, 'prev_value': None, 'change': True}
2023-02-12 13:57:53,498 : INFO : EventManager : Event: ======'machine_var_audits_switches_s_launch_ramp'====== Args={'value': 0, 'prev_value': None, 'change': True}
2023-02-12 13:57:53,498 : INFO : EventManager : Event: ======'machine_var_audits_switches_s_left_attack_bumper'====== Args={'value': 0, 'prev_value': None, 'change': True}
2023-02-12 13:57:53,499 : INFO : EventManager : Event: ======'machine_var_audits_switches_s_left_flipper'====== Args={'value': 442, 'prev_value': None, 'change': True}
2023-02-12 13:57:53,499 : INFO : EventManager : Event: ======'machine_var_audits_switches_s_left_out_lane'====== Args={'value': 0, 'prev_value': None, 'change': True}
2023-02-12 13:57:53,499 : INFO : EventManager : Event: ======'machine_var_audits_switches_s_left_out_lane_kicker'====== Args={'value': 0, 'prev_value': None, 'change': True}
2023-02-12 13:57:53,499 : INFO : EventManager : Event: ======'machine_var_audits_switches_s_left_return_lane'====== Args={'value': 0, 'prev_value': None, 'change': True}
2023-02-12 13:57:53,500 : INFO : EventManager : Event: ======'machine_var_audits_switches_s_lower_attack_bumper'====== Args={'value': 0, 'prev_value': None, 'change': True}
2023-02-12 13:57:53,500 : INFO : EventManager : Event: ======'machine_var_audits_switches_s_lower_left_rebound'====== Args={'value': 0, 'prev_value': None, 'change': True}
2023-02-12 13:57:53,500 : INFO : EventManager : Event: ======'machine_var_audits_switches_s_lower_left_slingshot'====== Args={'value': 0, 'prev_value': None, 'change': True}
2023-02-12 13:57:53,500 : INFO : EventManager : Event: ======'machine_var_audits_switches_s_lower_right_rebound'====== Args={'value': 0, 'prev_value': None, 'change': True}
2023-02-12 13:57:53,501 : INFO : EventManager : Event: ======'machine_var_audits_switches_s_lower_right_slingshot'====== Args={'value': 0, 'prev_value': None, 'change': True}
2023-02-12 13:57:53,502 : INFO : EventManager : Event: ======'machine_var_audits_switches_s_medal_drop_left'====== Args={'value': 0, 'prev_value': None, 'change': True}
2023-02-12 13:57:53,502 : INFO : EventManager : Event: ======'machine_var_audits_switches_s_medal_drop_middle'====== Args={'value': 0, 'prev_value': None, 'change': True}
2023-02-12 13:57:53,503 : INFO : EventManager : Event: ======'machine_var_audits_switches_s_medal_drop_right'====== Args={'value': 0, 'prev_value': None, 'change': True}
2023-02-12 13:57:53,504 : INFO : EventManager : Event: ======'machine_var_audits_switches_s_mission_spot_1'====== Args={'value': 0, 'prev_value': None, 'change': True}
2023-02-12 13:57:53,504 : INFO : EventManager : Event: ======'machine_var_audits_switches_s_mission_spot_2'====== Args={'value': 0, 'prev_value': None, 'change': True}
2023-02-12 13:57:53,505 : INFO : EventManager : Event: ======'machine_var_audits_switches_s_mission_spot_3'====== Args={'value': 0, 'prev_value': None, 'change': True}
2023-02-12 13:57:53,505 : INFO : EventManager : Event: ======'machine_var_audits_switches_s_multiplier_left'====== Args={'value': 0, 'prev_value': None, 'change': True}
2023-02-12 13:57:53,506 : INFO : EventManager : Event: ======'machine_var_audits_switches_s_multiplier_middle'====== Args={'value': 0, 'prev_value': None, 'change': True}
2023-02-12 13:57:53,506 : INFO : EventManager : Event: ======'machine_var_audits_switches_s_multiplier_right'====== Args={'value': 0, 'prev_value': None, 'change': True}
2023-02-12 13:57:53,507 : INFO : EventManager : Event: ======'machine_var_audits_switches_s_plunger'====== Args={'value': 56, 'prev_value': None, 'change': True}
2023-02-12 13:57:53,507 : INFO : EventManager : Event: ======'machine_var_audits_switches_s_radiationspot_1'====== Args={'value': 0, 'prev_value': None, 'change': True}
2023-02-12 13:57:53,508 : INFO : EventManager : Event: ======'machine_var_audits_switches_s_radiationspot_2'====== Args={'value': 0, 'prev_value': None, 'change': True}
2023-02-12 13:57:53,508 : INFO : EventManager : Event: ======'machine_var_audits_switches_s_radiationspot_3'====== Args={'value': 0, 'prev_value': None, 'change': True}
2023-02-12 13:57:53,509 : INFO : EventManager : Event: ======'machine_var_audits_switches_s_red_wormhole'====== Args={'value': 0, 'prev_value': None, 'change': True}
2023-02-12 13:57:53,509 : INFO : EventManager : Event: ======'machine_var_audits_switches_s_reentry_left'====== Args={'value': 245, 'prev_value': None, 'change': True}
2023-02-12 13:57:53,510 : INFO : EventManager : Event: ======'machine_var_audits_switches_s_reentry_middle'====== Args={'value': 50, 'prev_value': None, 'change': True}
2023-02-12 13:57:53,510 : INFO : EventManager : Event: ======'machine_var_audits_switches_s_reentry_right'====== Args={'value': 37, 'prev_value': None, 'change': True}
2023-02-12 13:57:53,511 : INFO : EventManager : Event: ======'machine_var_audits_switches_s_right_flipper'====== Args={'value': 167, 'prev_value': None, 'change': True}
2023-02-12 13:57:53,511 : INFO : EventManager : Event: ======'machine_var_audits_switches_s_right_inlane'====== Args={'value': 0, 'prev_value': None, 'change': True}
2023-02-12 13:57:53,512 : INFO : EventManager : Event: ======'machine_var_audits_switches_s_right_out_lane'====== Args={'value': 0, 'prev_value': None, 'change': True}
2023-02-12 13:57:53,512 : INFO : EventManager : Event: ======'machine_var_audits_switches_s_right_out_lane_kicker'====== Args={'value': 0, 'prev_value': None, 'change': True}
2023-02-12 13:57:53,513 : INFO : EventManager : Event: ======'machine_var_audits_switches_s_right_return_lane'====== Args={'value': 0, 'prev_value': None, 'change': True}
2023-02-12 13:57:53,513 : INFO : EventManager : Event: ======'machine_var_audits_switches_s_satellite_bumper'====== Args={'value': 0, 'prev_value': None, 'change': True}
2023-02-12 13:57:53,514 : INFO : EventManager : Event: ======'machine_var_audits_switches_s_secondary_outlane_kicker'====== Args={'value': 0, 'prev_value': None, 'change': True}
2023-02-12 13:57:53,514 : INFO : EventManager : Event: ======'machine_var_audits_switches_s_skill_shot_1'====== Args={'value': 0, 'prev_value': None, 'change': True}
2023-02-12 13:57:53,515 : INFO : EventManager : Event: ======'machine_var_audits_switches_s_skill_shot_2'====== Args={'value': 0, 'prev_value': None, 'change': True}
2023-02-12 13:57:53,515 : INFO : EventManager : Event: ======'machine_var_audits_switches_s_skill_shot_3'====== Args={'value': 0, 'prev_value': None, 'change': True}
2023-02-12 13:57:53,516 : INFO : EventManager : Event: ======'machine_var_audits_switches_s_skill_shot_4'====== Args={'value': 0, 'prev_value': None, 'change': True}
2023-02-12 13:57:53,516 : INFO : EventManager : Event: ======'machine_var_audits_switches_s_skill_shot_5'====== Args={'value': 0, 'prev_value': None, 'change': True}
2023-02-12 13:57:53,517 : INFO : EventManager : Event: ======'machine_var_audits_switches_s_skill_shot_6'====== Args={'value': 0, 'prev_value': None, 'change': True}
2023-02-12 13:57:53,517 : INFO : EventManager : Event: ======'machine_var_audits_switches_s_skill_shot_lane'====== Args={'value': 0, 'prev_value': None, 'change': True}
2023-02-12 13:57:53,518 : INFO : EventManager : Event: ======'machine_var_audits_switches_s_spacewarp_rollover'====== Args={'value': 0, 'prev_value': None, 'change': True}
2023-02-12 13:57:53,518 : INFO : EventManager : Event: ======'machine_var_audits_switches_s_start'====== Args={'value': 1, 'prev_value': None, 'change': True}
2023-02-12 13:57:53,519 : INFO : EventManager : Event: ======'machine_var_audits_switches_s_trough1'====== Args={'value': 27, 'prev_value': None, 'change': True}
2023-02-12 13:57:53,519 : INFO : EventManager : Event: ======'machine_var_audits_switches_s_trough2'====== Args={'value': 0, 'prev_value': None, 'change': True}
2023-02-12 13:57:53,519 : INFO : EventManager : Event: ======'machine_var_audits_switches_s_trough3'====== Args={'value': 0, 'prev_value': None, 'change': True}
2023-02-12 13:57:53,520 : INFO : EventManager : Event: ======'machine_var_audits_switches_s_trough4'====== Args={'value': 0, 'prev_value': None, 'change': True}
2023-02-12 13:57:53,520 : INFO : EventManager : Event: ======'machine_var_audits_switches_s_trough5'====== Args={'value': 0, 'prev_value': None, 'change': True}
2023-02-12 13:57:53,520 : INFO : EventManager : Event: ======'machine_var_audits_switches_s_trough6'====== Args={'value': 0, 'prev_value': None, 'change': True}
2023-02-12 13:57:53,521 : INFO : EventManager : Event: ======'machine_var_audits_switches_s_trough_jam'====== Args={'value': 0, 'prev_value': None, 'change': True}
2023-02-12 13:57:53,521 : INFO : EventManager : Event: ======'machine_var_audits_switches_s_upper_attack_bumper'====== Args={'value': 0, 'prev_value': None, 'change': True}
2023-02-12 13:57:53,521 : INFO : EventManager : Event: ======'machine_var_audits_switches_s_upper_left_rebound'====== Args={'value': 0, 'prev_value': None, 'change': True}
2023-02-12 13:57:53,521 : INFO : EventManager : Event: ======'machine_var_audits_switches_s_upper_right_rebound'====== Args={'value': 0, 'prev_value': None, 'change': True}
2023-02-12 13:57:53,522 : INFO : EventManager : Event: ======'machine_var_audits_switches_s_wormhole_target'====== Args={'value': 0, 'prev_value': None, 'change': True}
2023-02-12 13:57:53,522 : INFO : EventManager : Event: ======'machine_var_audits_switches_s_yellow_wormhole'====== Args={'value': 0, 'prev_value': None, 'change': True}
2023-02-12 13:57:53,523 : INFO : EventManager : Event: ======'init_phase_5'====== Args={}
2023-02-12 13:57:53,565 : INFO : EventManager : Event: ======'init_done'====== Args={}
2023-02-12 13:57:53,566 : INFO : EventManager : Event: ======'machine_reset_phase_1'====== Args={}
2023-02-12 13:57:53,578 : INFO : EventManager : Event: ======'slide_welcome_slide_removed'====== Args={'_from_bcp': True}
2023-02-12 13:57:53,579 : INFO : EventManager : Event: ======'slide_welcome_slide_created'====== Args={'_from_bcp': True}
2023-02-12 13:57:53,580 : INFO : EventManager : Event: ======'slide_welcome_slide_active'====== Args={'_from_bcp': True}
2023-02-12 13:57:53,581 : INFO : EventManager : Event: ======'machine_reset_phase_2'====== Args={}
2023-02-12 13:57:53,581 : INFO : EventManager : Event: ======'machine_reset_phase_3'====== Args={}
2023-02-12 13:57:53,582 : INFO : EventManager : Event: ======'reset_complete'====== Args={}
2023-02-12 13:57:53,583 : INFO : EventManager : Event: ======'mode_attract_will_start'====== Args={}
2023-02-12 13:57:53,583 : INFO : EventManager : Event: ======'mode_attract_starting'====== Args={}
2023-02-12 13:57:53,583 : INFO : Mode.attract : Started. Priority: 10
2023-02-12 13:57:53,583 : INFO : EventManager : Event: ======'modes_active_modes_changed'====== Args={}
2023-02-12 13:57:53,583 : INFO : EventManager : Event: ======'mode_attract_started'====== Args={}
2023-02-12 13:57:53,584 : INFO : EventManager : Event: ======'collecting_balls_complete'====== Args={}
2023-02-12 13:57:53,622 : INFO : EventManager : Event: ======'slide_awesome_slide_created'====== Args={'_from_bcp': True}
2023-02-12 13:57:53,622 : INFO : EventManager : Event: ======'slide_awesome_slide_active'====== Args={'_from_bcp': True}
2023-02-12 13:57:53,623 : INFO : Machine : Starting the main run loop.
2023-02-12 13:57:55,078 : INFO : SwitchController : <<<<<<< 's_start' active >>>>>>>
2023-02-12 13:57:55,189 : INFO : SwitchController : <<<<<<< 's_start' inactive >>>>>>>
2023-02-12 13:57:55,189 : INFO : EventManager : Event: ======'request_to_start_game'====== Args={}
2023-02-12 13:57:55,189 : INFO : EventManager : Event: ======'game_start'====== Args={'buttons': [], 'hold_time': 0.10999999986961484}
2023-02-12 13:57:55,189 : INFO : EventManager : Event: ======'mode_game_will_start'====== Args={'buttons': [], 'hold_time': 0.10999999986961484}
2023-02-12 13:57:55,190 : INFO : EventManager : Event: ======'mode_game_starting'====== Args={'buttons': [], 'hold_time': 0.10999999986961484}
2023-02-12 13:57:55,190 : INFO : EventManager : Event: ======'mode_attract_will_stop'====== Args={}
2023-02-12 13:57:55,190 : INFO : EventManager : Event: ======'mode_attract_stopping'====== Args={}
2023-02-12 13:57:55,190 : INFO : Mode.attract : Stopped.
2023-02-12 13:57:55,190 : INFO : EventManager : Event: ======'modes_active_modes_changed'====== Args={}
2023-02-12 13:57:55,190 : INFO : EventManager : Event: ======'mode_attract_stopped'====== Args={}
2023-02-12 13:57:55,190 : INFO : EventManager : Event: ======'clear'====== Args={'key': 'attract'}
2023-02-12 13:57:55,191 : INFO : Mode.game : Started. Priority: 20
2023-02-12 13:57:55,191 : INFO : EventManager : Event: ======'modes_active_modes_changed'====== Args={}
2023-02-12 13:57:55,191 : INFO : EventManager : Event: ======'mode_game_started'====== Args={'buttons': [], 'hold_time': 0.10999999986961484}
2023-02-12 13:57:55,197 : INFO : EventManager : Event: ======'game_will_start'====== Args={}
2023-02-12 13:57:55,198 : INFO : EventManager : Event: ======'game_starting'====== Args={'game': <Mode.game>}
2023-02-12 13:57:55,198 : INFO : EventManager : Event: ======'player_add_request'====== Args={}
2023-02-12 13:57:55,199 : INFO : EventManager : Event: ======'player_will_add'====== Args={'number': 1}
2023-02-12 13:57:55,199 : INFO : EventManager : Event: ======'player_adding'====== Args={'player': <Player 1>, 'number': 1}
2023-02-12 13:57:55,199 : INFO : EventManager : Event: ======'player_added'====== Args={'player': <Player 1>, 'num': 1}
2023-02-12 13:57:55,199 : INFO : Mode.game : Player added successfully. Total players: 1
2023-02-12 13:57:55,199 : INFO : EventManager : Event: ======'player_index'====== Args={'value': 0, 'prev_value': 0, 'change': 0, 'player_num': 1}
2023-02-12 13:57:55,199 : INFO : EventManager : Event: ======'player_number'====== Args={'value': 1, 'prev_value': 1, 'change': 0, 'player_num': 1}
2023-02-12 13:57:55,199 : INFO : EventManager : Event: ======'player_score'====== Args={'value': 0, 'prev_value': 0, 'change': 0, 'player_num': 1}
2023-02-12 13:57:55,200 : INFO : EventManager : Event: ======'game_started'====== Args={}
2023-02-12 13:57:55,216 : INFO : EventManager : Event: ======'player_turn_will_start'====== Args={'player': <Player 1>, 'number': 1}
2023-02-12 13:57:55,217 : INFO : EventManager : Event: ======'slide_awesome_slide_removed'====== Args={'_from_bcp': True}
2023-02-12 13:57:55,217 : INFO : EventManager : Event: ======'slide_welcome_slide_active'====== Args={'_from_bcp': True}
2023-02-12 13:57:55,217 : INFO : EventManager : Event: ======'player_turn_starting'====== Args={'player': <Player 1>, 'number': 1}
2023-02-12 13:57:55,218 : INFO : EventManager : Event: ======'player_ball'====== Args={'value': 1, 'prev_value': 0, 'change': 1, 'player_num': 1}
2023-02-12 13:57:55,218 : INFO : EventManager : Event: ======'player_turn_started'====== Args={'player': <Player 1>, 'number': 1}
2023-02-12 13:57:55,219 : INFO : EventManager : Event: ======'ball_will_start'====== Args={'player': 1, 'ball': 1, 'balls_remaining': 2, 'is_extra_ball': False}
2023-02-12 13:57:55,223 : INFO : EventManager : Event: ======'ball_starting'====== Args={'player': 1, 'ball': 1, 'balls_remaining': 2, 'is_extra_ball': False}
2023-02-12 13:57:55,223 : INFO : EventManager : Event: ======'mode_base_will_start'====== Args={'queue': <QueuedEvent>, 'player': 1, 'ball': 1, 'balls_remaining': 2, 'is_extra_ball': False}
2023-02-12 13:57:55,223 : INFO : EventManager : Event: ======'player_shot_my_first_shot_enabled'====== Args={'value': True, 'prev_value': 0, 'change': 1, 'player_num': 1}
2023-02-12 13:57:55,224 : INFO : EventManager : Event: ======'mode_base_starting'====== Args={'queue': <QueuedEvent>, 'player': 1, 'ball': 1, 'balls_remaining': 2, 'is_extra_ball': False}
2023-02-12 13:57:55,224 : INFO : Mode.base : Started. Priority: 100
2023-02-12 13:57:55,224 : INFO : EventManager : Event: ======'modes_active_modes_changed'====== Args={}
2023-02-12 13:57:55,224 : INFO : EventManager : Event: ======'mode_base_started'====== Args={'queue': <QueuedEvent>, 'player': 1, 'ball': 1, 'balls_remaining': 2, 'is_extra_ball': False}
2023-02-12 13:57:55,225 : INFO : EventManager : Event: ======'balls_in_play'====== Args={'balls': 1}
2023-02-12 13:57:55,225 : INFO : EventManager : Event: ======'ball_started'====== Args={'player': 1, 'ball': 1, 'balls_remaining': 2, 'is_extra_ball': False}
2023-02-12 13:57:55,254 : INFO : EventManager : Event: ======'single_player_ball_started'====== Args={}
2023-02-12 13:57:55,256 : INFO : EventManager : Event: ======'slide_base.slide_player-mode_base_started_created'====== Args={'_from_bcp': True}
2023-02-12 13:57:55,256 : INFO : EventManager : Event: ======'slide_base.slide_player-mode_base_started_active'====== Args={'_from_bcp': True}
2023-02-12 13:57:55,256 : INFO : EventManager : Event: ======'slide__global.slide_player-ball_started_created'====== Args={'_from_bcp': True}
2023-02-12 13:57:55,256 : INFO : EventManager : Event: ======'ball_start_target'====== Args={'target': 'playfield'}
2023-02-12 13:57:55,257 : INFO : ball_device.bd_plunger : Setting up player-controlled eject. Balls: 1, Target: <playfield.playfield>, player_controlled_eject_event: None
2023-02-12 13:57:55,257 : INFO : EventManager : Event: ======'balldevice_balls_available'====== Args={}
2023-02-12 13:57:55,258 : INFO : ball_device.bd_trough : State: waiting_for_target_ready
2023-02-12 13:57:55,258 : INFO : EventManager : Event: ======'balldevice_bd_trough_ball_eject_attempt'====== Args={'balls': 1, 'target': <ball_device.bd_plunger>, 'source': <ball_device.bd_trough>, 'mechanical_eject': True, 'num_attempts': 0}
2023-02-12 13:57:55,259 : INFO : ball_device.bd_plunger : State: waiting_for_ball
2023-02-12 13:57:55,259 : INFO : ball_device.bd_trough : State: ejecting
2023-02-12 13:57:55,259 : INFO : ball_device.bd_trough : Ejecting ball to <ball_device.bd_plunger>
2023-02-12 13:57:55,259 : INFO : EventManager : Event: ======'balldevice_bd_trough_ejecting_ball'====== Args={'balls': 1, 'target': <ball_device.bd_plunger>, 'source': <ball_device.bd_trough>, 'mechanical_eject': True, 'num_attempts': 0}
2023-02-12 13:57:55,261 : INFO : ball_device.bd_trough : Wait for ball to leave device
2023-02-12 13:57:55,261 : INFO : coil.c_trough_eject : Pulsing Driver for 10ms (1.0 pulse_power)
2023-02-12 13:57:58,107 : INFO : SwitchController : <<<<<<< 's_trough1' inactive >>>>>>>
2023-02-12 13:57:58,113 : INFO : ball_device.bd_trough : State: ball_left
2023-02-12 13:57:58,113 : INFO : ball_device.bd_trough : Ball left
2023-02-12 13:57:58,113 : INFO : ball_device.bd_trough : Wait for confirm with timeout 10.0
2023-02-12 13:57:59,332 : INFO : SwitchController : <<<<<<< 's_plunger' active >>>>>>>
2023-02-12 13:57:59,332 : INFO : EventManager : Event: ======'machine_var_audits_switches_s_plunger'====== Args={'value': 57, 'prev_value': 56, 'change': 1}
2023-02-12 13:57:59,826 : INFO : ball_device.bd_plunger : Received ball from <ball_device.bd_trough>
2023-02-12 13:57:59,827 : INFO : EventManager : Event: ======'balldevice_bd_plunger_ball_enter'====== Args={'new_balls': 1, 'unclaimed_balls': 0, 'new_available_balls': 0, 'device': <ball_device.bd_plunger>}
2023-02-12 13:57:59,829 : INFO : EventManager : Event: ======'balldevice_bd_plunger_ball_entered'====== Args={'new_balls': 0, 'device': <ball_device.bd_plunger>}
2023-02-12 13:57:59,829 : INFO : EventManager : Event: ======'balldevice_bd_plunger_ball_count_changed'====== Args={'balls': 1}
2023-02-12 13:57:59,830 : INFO : ball_device.bd_trough : Got eject confirm
2023-02-12 13:57:59,830 : INFO : ball_device.bd_trough : Eject successful
2023-02-12 13:57:59,831 : INFO : EventManager : Event: ======'balldevice_bd_trough_ball_eject_success'====== Args={'balls': 1, 'target': <ball_device.bd_plunger>}
2023-02-12 13:57:59,833 : INFO : ball_device.bd_plunger : State: waiting_for_target_ready
2023-02-12 13:57:59,833 : INFO : EventManager : Event: ======'balldevice_bd_plunger_ball_eject_attempt'====== Args={'balls': 1, 'target': <playfield.playfield>, 'source': <ball_device.bd_plunger>, 'mechanical_eject': True, 'num_attempts': 0}
2023-02-12 13:57:59,834 : INFO : EventManager : Event: ======'balldevice_bd_trough_ball_count_changed'====== Args={'balls': 0}
2023-02-12 13:57:59,834 : INFO : ball_device.bd_trough : State: idle
2023-02-12 13:57:59,835 : INFO : ball_device.bd_plunger : State: ejecting
2023-02-12 13:57:59,836 : INFO : ball_device.bd_plunger : Ejecting ball to <playfield.playfield>
2023-02-12 13:57:59,836 : INFO : EventManager : Event: ======'balldevice_bd_plunger_ejecting_ball'====== Args={'balls': 1, 'target': <playfield.playfield>, 'source': <ball_device.bd_plunger>, 'mechanical_eject': True, 'num_attempts': 0}
2023-02-12 13:57:59,841 : INFO : ball_device.bd_plunger : Wait for ball to leave device
2023-02-12 13:58:00,257 : INFO : SwitchController : <<<<<<< 's_plunger' inactive >>>>>>>
2023-02-12 13:58:00,269 : INFO : ball_device.bd_plunger : State: ball_left
2023-02-12 13:58:00,269 : INFO : ball_device.bd_plunger : Ball left
2023-02-12 13:58:00,269 : INFO : ball_device.bd_plunger : Wait for confirm with timeout 10.0
2023-02-12 13:58:04,520 : INFO : SwitchController : <<<<<<< 's_reentry_left' active >>>>>>>
2023-02-12 13:58:04,520 : INFO : EventManager : Event: ======'playfield_active'====== Args={}
2023-02-12 13:58:04,520 : INFO : EventManager : Event: ======'playfield_active'====== Args={}
2023-02-12 13:58:04,520 : INFO : EventManager : Event: ======'s_reentry_left_active'====== Args={}
2023-02-12 13:58:04,520 : INFO : EventManager : Event: ======'sw_playfield_active'====== Args={}
2023-02-12 13:58:04,520 : INFO : EventManager : Event: ======'machine_var_audits_switches_s_reentry_left'====== Args={'value': 246, 'prev_value': 245, 'change': 1}
2023-02-12 13:58:04,530 : INFO : EventManager : Event: ======'player_shot_my_first_shot'====== Args={'value': 1, 'prev_value': 0, 'change': 1, 'player_num': 1}
2023-02-12 13:58:04,531 : INFO : EventManager : Event: ======'machine_var_audits_shots_my_first_shot'====== Args={'value': 69, 'prev_value': 68, 'change': 1}
2023-02-12 13:58:04,531 : INFO : EventManager : Event: ======'my_first_shot_hit'====== Args={'profile': 'my_first_profile', 'state': 'unlit', 'advancing': True}
2023-02-12 13:58:04,531 : INFO : EventManager : Event: ======'my_first_shot_my_first_profile_hit'====== Args={'profile': 'my_first_profile', 'state': 'unlit', 'advancing': True}
2023-02-12 13:58:04,531 : INFO : EventManager : Event: ======'my_first_shot_my_first_profile_unlit_hit'====== Args={'profile': 'my_first_profile', 'state': 'unlit', 'advancing': True}
2023-02-12 13:58:04,531 : INFO : EventManager : Event: ======'my_first_shot_unlit_hit'====== Args={'profile': 'my_first_profile', 'state': 'unlit', 'advancing': True}
2023-02-12 13:58:04,531 : INFO : EventManager : Event: ======'logicblock_reentry_switch_counter_updated'====== Args={'value': 1, 'enabled': True}
2023-02-12 13:58:04,531 : INFO : EventManager : Event: ======'reentry_sound_active'====== Args={'count': 1}
2023-02-12 13:58:04,531 : INFO : EventManager : Event: ======'player_score'====== Args={'value': 100, 'prev_value': 0, 'change': 100, 'player_num': 1}
2023-02-12 13:58:04,532 : INFO : EventManager : Event: ======'playfield_active'====== Args={}
2023-02-12 13:58:04,540 : INFO : ball_device.bd_plunger : Got eject confirm
2023-02-12 13:58:04,540 : INFO : ball_device.bd_plunger : Eject successful
2023-02-12 13:58:04,540 : INFO : EventManager : Event: ======'balldevice_bd_plunger_ball_eject_success'====== Args={'balls': 1, 'target': <playfield.playfield>}
2023-02-12 13:58:04,541 : INFO : EventManager : Event: ======'balldevice_playfield_ball_enter'====== Args={'new_balls': 1, 'unclaimed_balls': 1, 'device': <playfield.playfield>}
2023-02-12 13:58:04,541 : INFO : EventManager : Event: ======'playfield_ball_count_change'====== Args={'balls': 1, 'change': 1}
2023-02-12 13:58:04,542 : INFO : EventManager : Event: ======'balldevice_bd_plunger_ball_count_changed'====== Args={'balls': 0}
2023-02-12 13:58:04,542 : INFO : ball_device.bd_plunger : State: idle
2023-02-12 13:58:04,599 : INFO : SwitchController : <<<<<<< 's_reentry_left' inactive >>>>>>>
2023-02-12 13:58:06,912 : INFO : EventManager : Event: ======'mode2_start'====== Args={'_from_bcp': True}
2023-02-12 13:58:06,913 : INFO : EventManager : Event: ======'mode_mode2_will_start'====== Args={}
2023-02-12 13:58:06,913 : INFO : EventManager : Event: ======'player_shot_my_first_shot_mode2_enabled'====== Args={'value': True, 'prev_value': 0, 'change': 1, 'player_num': 1}
2023-02-12 13:58:06,915 : INFO : EventManager : Event: ======'mode_mode2_starting'====== Args={}
2023-02-12 13:58:06,915 : INFO : Mode.mode2 : Started. Priority: 200
2023-02-12 13:58:06,915 : INFO : EventManager : Event: ======'modes_active_modes_changed'====== Args={}
2023-02-12 13:58:06,915 : INFO : EventManager : Event: ======'mode_mode2_started'====== Args={}
2023-02-12 13:58:06,915 : INFO : EventManager : Event: ======'my_first_shot_mode2_flashing'====== Args={'priority': 0}
2023-02-12 13:58:11,095 : INFO : SwitchController : <<<<<<< 's_reentry_left' active >>>>>>>
2023-02-12 13:58:11,095 : INFO : EventManager : Event: ======'s_reentry_left_active'====== Args={}
2023-02-12 13:58:11,095 : INFO : EventManager : Event: ======'sw_playfield_active'====== Args={}
2023-02-12 13:58:11,096 : INFO : EventManager : Event: ======'machine_var_audits_switches_s_reentry_left'====== Args={'value': 247, 'prev_value': 246, 'change': 1}
2023-02-12 13:58:11,111 : INFO : EventManager : Event: ======'player_shot_my_first_shot_mode2'====== Args={'value': 1, 'prev_value': 0, 'change': 1, 'player_num': 1}
2023-02-12 13:58:11,111 : INFO : EventManager : Event: ======'machine_var_audits_shots_my_first_shot_mode2'====== Args={'value': 31, 'prev_value': 30, 'change': 1}
2023-02-12 13:58:11,111 : INFO : EventManager : Event: ======'my_first_shot_mode2_hit'====== Args={'profile': 'mode2', 'state': 'flashing', 'advancing': True}
2023-02-12 13:58:11,111 : INFO : EventManager : Event: ======'my_first_shot_mode2_mode2_hit'====== Args={'profile': 'mode2', 'state': 'flashing', 'advancing': True}
2023-02-12 13:58:11,111 : INFO : EventManager : Event: ======'my_first_shot_mode2_mode2_flashing_hit'====== Args={'profile': 'mode2', 'state': 'flashing', 'advancing': True}
2023-02-12 13:58:11,111 : INFO : EventManager : Event: ======'my_first_shot_mode2_flashing_hit'====== Args={'profile': 'mode2', 'state': 'flashing', 'advancing': True}
2023-02-12 13:58:11,111 : INFO : EventManager : Event: ======'logicblock_reentry_switch_counter_updated'====== Args={'value': 2, 'enabled': True}
2023-02-12 13:58:11,111 : INFO : EventManager : Event: ======'reentry_sound_active'====== Args={'count': 2}
2023-02-12 13:58:11,111 : INFO : EventManager : Event: ======'player_score'====== Args={'value': 10100, 'prev_value': 100, 'change': 10000, 'player_num': 1}
2023-02-12 13:58:11,220 : INFO : SwitchController : <<<<<<< 's_reentry_left' inactive >>>>>>>
2023-02-12 13:58:13,124 : INFO : EventManager : Event: ======'mode2_stop'====== Args={'_from_bcp': True}
2023-02-12 13:58:13,124 : INFO : EventManager : Event: ======'mode_mode2_will_stop'====== Args={}
2023-02-12 13:58:13,124 : INFO : EventManager : Event: ======'mode_mode2_stopping'====== Args={}
2023-02-12 13:58:13,124 : INFO : Mode.mode2 : Stopped.
2023-02-12 13:58:13,124 : INFO : EventManager : Event: ======'modes_active_modes_changed'====== Args={}
2023-02-12 13:58:13,125 : INFO : EventManager : Event: ======'mode_mode2_stopped'====== Args={}
2023-02-12 13:58:13,125 : INFO : EventManager : Event: ======'clear'====== Args={'key': 'mode2'}
2023-02-12 13:58:21,158 : INFO : SwitchController : <<<<<<< 's_reentry_left' active >>>>>>>
2023-02-12 13:58:21,158 : INFO : EventManager : Event: ======'s_reentry_left_active'====== Args={}
2023-02-12 13:58:21,158 : INFO : EventManager : Event: ======'sw_playfield_active'====== Args={}
2023-02-12 13:58:21,159 : INFO : EventManager : Event: ======'machine_var_audits_switches_s_reentry_left'====== Args={'value': 248, 'prev_value': 247, 'change': 1}
2023-02-12 13:58:21,170 : INFO : EventManager : Event: ======'player_shot_my_first_shot'====== Args={'value': 2, 'prev_value': 1, 'change': 1, 'player_num': 1}
2023-02-12 13:58:21,171 : INFO : EventManager : Event: ======'machine_var_audits_shots_my_first_shot'====== Args={'value': 70, 'prev_value': 69, 'change': 1}
2023-02-12 13:58:21,171 : INFO : EventManager : Event: ======'my_first_shot_hit'====== Args={'profile': 'my_first_profile', 'state': 'flashing', 'advancing': True}
2023-02-12 13:58:21,171 : INFO : EventManager : Event: ======'my_first_shot_my_first_profile_hit'====== Args={'profile': 'my_first_profile', 'state': 'flashing', 'advancing': True}
2023-02-12 13:58:21,171 : INFO : EventManager : Event: ======'my_first_shot_my_first_profile_flashing_hit'====== Args={'profile': 'my_first_profile', 'state': 'flashing', 'advancing': True}
2023-02-12 13:58:21,171 : INFO : EventManager : Event: ======'my_first_shot_flashing_hit'====== Args={'profile': 'my_first_profile', 'state': 'flashing', 'advancing': True}
2023-02-12 13:58:21,172 : INFO : EventManager : Event: ======'logicblock_reentry_switch_counter_updated'====== Args={'value': 3, 'enabled': True}
2023-02-12 13:58:21,172 : INFO : EventManager : Event: ======'reentry_sound_active'====== Args={'count': 3}
2023-02-12 13:58:21,172 : INFO : EventManager : Event: ======'player_score'====== Args={'value': 11100, 'prev_value': 10100, 'change': 1000, 'player_num': 1}
2023-02-12 13:58:21,296 : INFO : SwitchController : <<<<<<< 's_reentry_left' inactive >>>>>>>
2023-02-12 13:58:24,459 : INFO : EventManager : Event: ======'mode2_start'====== Args={'_from_bcp': True}
2023-02-12 13:58:24,460 : INFO : EventManager : Event: ======'mode_mode2_will_start'====== Args={}
2023-02-12 13:58:24,463 : INFO : EventManager : Event: ======'mode_mode2_starting'====== Args={}
2023-02-12 13:58:24,464 : INFO : Mode.mode2 : Started. Priority: 200
2023-02-12 13:58:24,464 : INFO : EventManager : Event: ======'modes_active_modes_changed'====== Args={}
2023-02-12 13:58:24,464 : INFO : EventManager : Event: ======'mode_mode2_started'====== Args={}
2023-02-12 13:58:24,466 : INFO : EventManager : Event: ======'my_first_shot_mode2_flashing'====== Args={'priority': 0}
2023-02-12 13:58:30,720 : INFO : SwitchController : <<<<<<< 's_reentry_left' active >>>>>>>
2023-02-12 13:58:30,720 : INFO : EventManager : Event: ======'s_reentry_left_active'====== Args={}
2023-02-12 13:58:30,720 : INFO : EventManager : Event: ======'sw_playfield_active'====== Args={}
2023-02-12 13:58:30,720 : INFO : EventManager : Event: ======'machine_var_audits_switches_s_reentry_left'====== Args={'value': 249, 'prev_value': 248, 'change': 1}
2023-02-12 13:58:30,729 : INFO : EventManager : Event: ======'machine_var_audits_shots_my_first_shot_mode2'====== Args={'value': 32, 'prev_value': 31, 'change': 1}
2023-02-12 13:58:30,729 : INFO : EventManager : Event: ======'my_first_shot_mode2_hit'====== Args={'profile': 'mode2', 'state': 'lit', 'advancing': False}
2023-02-12 13:58:30,730 : INFO : EventManager : Event: ======'my_first_shot_mode2_mode2_hit'====== Args={'profile': 'mode2', 'state': 'lit', 'advancing': False}
2023-02-12 13:58:30,730 : INFO : EventManager : Event: ======'my_first_shot_mode2_mode2_lit_hit'====== Args={'profile': 'mode2', 'state': 'lit', 'advancing': False}
2023-02-12 13:58:30,730 : INFO : EventManager : Event: ======'my_first_shot_mode2_lit_hit'====== Args={'profile': 'mode2', 'state': 'lit', 'advancing': False}
2023-02-12 13:58:30,730 : INFO : EventManager : Event: ======'logicblock_reentry_switch_counter_updated'====== Args={'value': 4, 'enabled': True}
2023-02-12 13:58:30,730 : INFO : EventManager : Event: ======'reentry_sound_active'====== Args={'count': 4}
2023-02-12 13:58:30,730 : INFO : EventManager : Event: ======'player_score'====== Args={'value': 11200, 'prev_value': 11100, 'change': 100, 'player_num': 1}
2023-02-12 13:58:30,854 : INFO : SwitchController : <<<<<<< 's_reentry_left' inactive >>>>>>>
2023-02-12 13:58:39,581 : INFO : EventManager : Event: ======'mode2_stop'====== Args={'_from_bcp': True}
2023-02-12 13:58:39,581 : INFO : EventManager : Event: ======'mode_mode2_will_stop'====== Args={}
2023-02-12 13:58:39,581 : INFO : EventManager : Event: ======'mode_mode2_stopping'====== Args={}
2023-02-12 13:58:39,581 : INFO : Mode.mode2 : Stopped.
2023-02-12 13:58:39,581 : INFO : EventManager : Event: ======'modes_active_modes_changed'====== Args={}
2023-02-12 13:58:39,582 : INFO : EventManager : Event: ======'mode_mode2_stopped'====== Args={}
2023-02-12 13:58:39,582 : INFO : EventManager : Event: ======'clear'====== Args={'key': 'mode2'}
2023-02-12 13:58:43,585 : INFO : SwitchController : <<<<<<< 's_reentry_left' active >>>>>>>
2023-02-12 13:58:43,586 : INFO : EventManager : Event: ======'s_reentry_left_active'====== Args={}
2023-02-12 13:58:43,586 : INFO : EventManager : Event: ======'sw_playfield_active'====== Args={}
2023-02-12 13:58:43,586 : INFO : EventManager : Event: ======'machine_var_audits_switches_s_reentry_left'====== Args={'value': 250, 'prev_value': 249, 'change': 1}
2023-02-12 13:58:43,600 : INFO : EventManager : Event: ======'player_shot_my_first_shot'====== Args={'value': 0, 'prev_value': 2, 'change': -2, 'player_num': 1}
2023-02-12 13:58:43,601 : INFO : EventManager : Event: ======'machine_var_audits_shots_my_first_shot'====== Args={'value': 71, 'prev_value': 70, 'change': 1}
2023-02-12 13:58:43,601 : INFO : EventManager : Event: ======'my_first_shot_hit'====== Args={'profile': 'my_first_profile', 'state': 'lit', 'advancing': True}
2023-02-12 13:58:43,601 : INFO : EventManager : Event: ======'my_first_shot_my_first_profile_hit'====== Args={'profile': 'my_first_profile', 'state': 'lit', 'advancing': True}
2023-02-12 13:58:43,601 : INFO : EventManager : Event: ======'my_first_shot_my_first_profile_lit_hit'====== Args={'profile': 'my_first_profile', 'state': 'lit', 'advancing': True}
2023-02-12 13:58:43,601 : INFO : EventManager : Event: ======'my_first_shot_lit_hit'====== Args={'profile': 'my_first_profile', 'state': 'lit', 'advancing': True}
2023-02-12 13:58:43,601 : INFO : EventManager : Event: ======'logicblock_reentry_switch_counter_updated'====== Args={'value': 5, 'enabled': True}
2023-02-12 13:58:43,601 : INFO : EventManager : Event: ======'reentry_sound_active'====== Args={'count': 5}
2023-02-12 13:58:43,601 : INFO : EventManager : Event: ======'player_score'====== Args={'value': 16200, 'prev_value': 11200, 'change': 5000, 'player_num': 1}
2023-02-12 13:58:43,711 : INFO : SwitchController : <<<<<<< 's_reentry_left' inactive >>>>>>>
2023-02-12 13:58:46,711 : INFO : EventManager : Event: ======'mode2_start'====== Args={'_from_bcp': True}
2023-02-12 13:58:46,711 : INFO : EventManager : Event: ======'mode_mode2_will_start'====== Args={}
2023-02-12 13:58:46,712 : INFO : EventManager : Event: ======'mode_mode2_starting'====== Args={}
2023-02-12 13:58:46,712 : INFO : Mode.mode2 : Started. Priority: 200
2023-02-12 13:58:46,712 : INFO : EventManager : Event: ======'modes_active_modes_changed'====== Args={}
2023-02-12 13:58:46,712 : INFO : EventManager : Event: ======'mode_mode2_started'====== Args={}
2023-02-12 13:58:46,713 : INFO : EventManager : Event: ======'my_first_shot_mode2_flashing'====== Args={'priority': 0}
2023-02-12 13:58:48,158 : INFO : EventManager : Event: ======'mode2_stop'====== Args={'_from_bcp': True}
2023-02-12 13:58:48,158 : INFO : EventManager : Event: ======'mode_mode2_will_stop'====== Args={}
2023-02-12 13:58:48,158 : INFO : EventManager : Event: ======'mode_mode2_stopping'====== Args={}
2023-02-12 13:58:48,159 : INFO : Mode.mode2 : Stopped.
2023-02-12 13:58:48,159 : INFO : EventManager : Event: ======'modes_active_modes_changed'====== Args={}
2023-02-12 13:58:48,159 : INFO : EventManager : Event: ======'mode_mode2_stopped'====== Args={}
2023-02-12 13:58:48,159 : INFO : EventManager : Event: ======'clear'====== Args={'key': 'mode2'}
2023-02-12 13:58:49,441 : INFO : EventManager : Event: ======'mode2_start'====== Args={'_from_bcp': True}
2023-02-12 13:58:49,442 : INFO : EventManager : Event: ======'mode_mode2_will_start'====== Args={}
2023-02-12 13:58:49,443 : INFO : EventManager : Event: ======'mode_mode2_starting'====== Args={}
2023-02-12 13:58:49,443 : INFO : Mode.mode2 : Started. Priority: 200
2023-02-12 13:58:49,443 : INFO : EventManager : Event: ======'modes_active_modes_changed'====== Args={}
2023-02-12 13:58:49,443 : INFO : EventManager : Event: ======'mode_mode2_started'====== Args={}
2023-02-12 13:58:49,443 : INFO : EventManager : Event: ======'my_first_shot_mode2_flashing'====== Args={'priority': 0}
2023-02-12 13:58:51,183 : INFO : SwitchController : <<<<<<< 's_reentry_left' active >>>>>>>
2023-02-12 13:58:51,183 : INFO : EventManager : Event: ======'s_reentry_left_active'====== Args={}
2023-02-12 13:58:51,184 : INFO : EventManager : Event: ======'sw_playfield_active'====== Args={}
2023-02-12 13:58:51,184 : INFO : EventManager : Event: ======'machine_var_audits_switches_s_reentry_left'====== Args={'value': 251, 'prev_value': 250, 'change': 1}
2023-02-12 13:58:51,195 : INFO : EventManager : Event: ======'machine_var_audits_shots_my_first_shot_mode2'====== Args={'value': 33, 'prev_value': 32, 'change': 1}
2023-02-12 13:58:51,196 : INFO : EventManager : Event: ======'my_first_shot_mode2_hit'====== Args={'profile': 'mode2', 'state': 'lit', 'advancing': False}
2023-02-12 13:58:51,196 : INFO : EventManager : Event: ======'my_first_shot_mode2_mode2_hit'====== Args={'profile': 'mode2', 'state': 'lit', 'advancing': False}
2023-02-12 13:58:51,196 : INFO : EventManager : Event: ======'my_first_shot_mode2_mode2_lit_hit'====== Args={'profile': 'mode2', 'state': 'lit', 'advancing': False}
2023-02-12 13:58:51,196 : INFO : EventManager : Event: ======'my_first_shot_mode2_lit_hit'====== Args={'profile': 'mode2', 'state': 'lit', 'advancing': False}
2023-02-12 13:58:51,196 : INFO : EventManager : Event: ======'logicblock_reentry_switch_counter_updated'====== Args={'value': 6, 'enabled': True}
2023-02-12 13:58:51,196 : INFO : EventManager : Event: ======'reentry_sound_active'====== Args={'count': 6}
2023-02-12 13:58:51,196 : INFO : EventManager : Event: ======'player_score'====== Args={'value': 16300, 'prev_value': 16200, 'change': 100, 'player_num': 1}
2023-02-12 13:58:51,332 : INFO : SwitchController : <<<<<<< 's_reentry_left' inactive >>>>>>>
2023-02-12 13:58:58,864 : INFO : EventManager : Event: ======'mode2_stop'====== Args={'_from_bcp': True}
2023-02-12 13:58:58,864 : INFO : EventManager : Event: ======'mode_mode2_will_stop'====== Args={}
2023-02-12 13:58:58,864 : INFO : EventManager : Event: ======'mode_mode2_stopping'====== Args={}
2023-02-12 13:58:58,864 : INFO : Mode.mode2 : Stopped.
2023-02-12 13:58:58,864 : INFO : EventManager : Event: ======'modes_active_modes_changed'====== Args={}
2023-02-12 13:58:58,865 : INFO : EventManager : Event: ======'mode_mode2_stopped'====== Args={}
2023-02-12 13:58:58,865 : INFO : EventManager : Event: ======'clear'====== Args={'key': 'mode2'}
2023-02-12 13:59:00,385 : INFO : SwitchController : <<<<<<< 's_reentry_left' active >>>>>>>
2023-02-12 13:59:00,385 : INFO : EventManager : Event: ======'s_reentry_left_active'====== Args={}
2023-02-12 13:59:00,385 : INFO : EventManager : Event: ======'sw_playfield_active'====== Args={}
2023-02-12 13:59:00,385 : INFO : EventManager : Event: ======'machine_var_audits_switches_s_reentry_left'====== Args={'value': 252, 'prev_value': 251, 'change': 1}
2023-02-12 13:59:00,398 : INFO : EventManager : Event: ======'player_shot_my_first_shot'====== Args={'value': 1, 'prev_value': 0, 'change': 1, 'player_num': 1}
2023-02-12 13:59:00,399 : INFO : EventManager : Event: ======'machine_var_audits_shots_my_first_shot'====== Args={'value': 72, 'prev_value': 71, 'change': 1}
2023-02-12 13:59:00,399 : INFO : EventManager : Event: ======'my_first_shot_hit'====== Args={'profile': 'my_first_profile', 'state': 'unlit', 'advancing': True}
2023-02-12 13:59:00,399 : INFO : EventManager : Event: ======'my_first_shot_my_first_profile_hit'====== Args={'profile': 'my_first_profile', 'state': 'unlit', 'advancing': True}
2023-02-12 13:59:00,400 : INFO : EventManager : Event: ======'my_first_shot_my_first_profile_unlit_hit'====== Args={'profile': 'my_first_profile', 'state': 'unlit', 'advancing': True}
2023-02-12 13:59:00,400 : INFO : EventManager : Event: ======'my_first_shot_unlit_hit'====== Args={'profile': 'my_first_profile', 'state': 'unlit', 'advancing': True}
2023-02-12 13:59:00,400 : INFO : EventManager : Event: ======'logicblock_reentry_switch_counter_updated'====== Args={'value': 7, 'enabled': True}
2023-02-12 13:59:00,400 : INFO : EventManager : Event: ======'reentry_sound_active'====== Args={'count': 7}
2023-02-12 13:59:00,400 : INFO : EventManager : Event: ======'player_score'====== Args={'value': 16400, 'prev_value': 16300, 'change': 100, 'player_num': 1}
2023-02-12 13:59:00,518 : INFO : SwitchController : <<<<<<< 's_reentry_left' inactive >>>>>>>
2023-02-12 13:59:03,260 : INFO : EventManager : Event: ======'mode2_start'====== Args={'_from_bcp': True}
2023-02-12 13:59:03,262 : INFO : EventManager : Event: ======'mode_mode2_will_start'====== Args={}
2023-02-12 13:59:03,266 : INFO : EventManager : Event: ======'mode_mode2_starting'====== Args={}
2023-02-12 13:59:03,266 : INFO : Mode.mode2 : Started. Priority: 200
2023-02-12 13:59:03,266 : INFO : EventManager : Event: ======'modes_active_modes_changed'====== Args={}
2023-02-12 13:59:03,267 : INFO : EventManager : Event: ======'mode_mode2_started'====== Args={}
2023-02-12 13:59:03,268 : INFO : EventManager : Event: ======'my_first_shot_mode2_flashing'====== Args={'priority': 0}
2023-02-12 13:59:05,913 : INFO : SwitchController : <<<<<<< 's_reentry_left' active >>>>>>>
2023-02-12 13:59:05,913 : INFO : EventManager : Event: ======'s_reentry_left_active'====== Args={}
2023-02-12 13:59:05,913 : INFO : EventManager : Event: ======'sw_playfield_active'====== Args={}
2023-02-12 13:59:05,913 : INFO : EventManager : Event: ======'machine_var_audits_switches_s_reentry_left'====== Args={'value': 253, 'prev_value': 252, 'change': 1}
2023-02-12 13:59:05,922 : INFO : EventManager : Event: ======'machine_var_audits_shots_my_first_shot_mode2'====== Args={'value': 34, 'prev_value': 33, 'change': 1}
2023-02-12 13:59:05,923 : INFO : EventManager : Event: ======'my_first_shot_mode2_hit'====== Args={'profile': 'mode2', 'state': 'lit', 'advancing': False}
2023-02-12 13:59:05,923 : INFO : EventManager : Event: ======'my_first_shot_mode2_mode2_hit'====== Args={'profile': 'mode2', 'state': 'lit', 'advancing': False}
2023-02-12 13:59:05,923 : INFO : EventManager : Event: ======'my_first_shot_mode2_mode2_lit_hit'====== Args={'profile': 'mode2', 'state': 'lit', 'advancing': False}
2023-02-12 13:59:05,923 : INFO : EventManager : Event: ======'my_first_shot_mode2_lit_hit'====== Args={'profile': 'mode2', 'state': 'lit', 'advancing': False}
2023-02-12 13:59:05,923 : INFO : EventManager : Event: ======'logicblock_reentry_switch_counter_updated'====== Args={'value': 8, 'enabled': True}
2023-02-12 13:59:05,923 : INFO : EventManager : Event: ======'reentry_sound_active'====== Args={'count': 8}
2023-02-12 13:59:05,923 : INFO : EventManager : Event: ======'player_score'====== Args={'value': 16500, 'prev_value': 16400, 'change': 100, 'player_num': 1}
2023-02-12 13:59:05,938 : INFO : SwitchController : <<<<<<< 's_reentry_left' inactive >>>>>>>
2023-02-12 13:59:06,820 : INFO : EventManager : Event: ======'mode2_stop'====== Args={'_from_bcp': True}
2023-02-12 13:59:06,821 : INFO : EventManager : Event: ======'mode_mode2_will_stop'====== Args={}
2023-02-12 13:59:06,821 : INFO : EventManager : Event: ======'mode_mode2_stopping'====== Args={}
2023-02-12 13:59:06,821 : INFO : Mode.mode2 : Stopped.
2023-02-12 13:59:06,822 : INFO : EventManager : Event: ======'modes_active_modes_changed'====== Args={}
2023-02-12 13:59:06,822 : INFO : EventManager : Event: ======'mode_mode2_stopped'====== Args={}
2023-02-12 13:59:06,822 : INFO : EventManager : Event: ======'clear'====== Args={'key': 'mode2'}
2023-02-12 13:59:21,327 : INFO : Machine : Shutting down...
2023-02-12 13:59:21,328 : INFO : EventManager : Event: ======'shutdown'====== Args={}
2023-02-12 13:59:21,353 : ERROR : OPP : Stop called on serial connection com5
2023-02-12 13:59:21,354 : ERROR : OPP : Stop called on serial connection com4
2023-02-12 13:59:21,358 : INFO : root : MPF run loop ended.
