2023-02-23 15:58:44,802 : INFO : root : Loading config.
2023-02-23 15:58:45,128 : INFO : ConfigProcessor : Config spec file cache created: C:\Users\student\AppData\Local\Temp\config_spec.mpf_cache
2023-02-23 15:58:45,128 : INFO : YamlMultifileConfigLoader : Machine config file #1: config.yaml
2023-02-23 15:58:45,128 : INFO : ConfigProcessor : Loading config from file c:\users\student\mpfenv\lib\site-packages\mpf\mpfconfig.yaml.
2023-02-23 15:58:45,190 : INFO : ConfigProcessor : Loading config: c:\users\student\mpfenv\lib\site-packages\mpf\mpfconfig.yaml
2023-02-23 15:58:45,190 : INFO : ConfigProcessor : Loading config from file C:\Users\student\pinball\cobraPinTest1\config\config.yaml.
2023-02-23 15:58:45,237 : INFO : ConfigProcessor : Loading config: C:\Users\student\pinball\cobraPinTest1\config\config.yaml
2023-02-23 15:58:45,237 : INFO : ConfigProcessor : Config file cache created: C:\Users\student\AppData\Local\Temp\f1427cd4cbc9163bc2263f349f0fb463.mpf_cache
2023-02-23 15:58:45,315 : INFO : ConfigProcessor : Loading config from file c:\users\student\mpfenv\lib\site-packages\mpf\modes\attract\config\attract.yaml.
2023-02-23 15:58:45,315 : INFO : ConfigProcessor : Loading config: c:\users\student\mpfenv\lib\site-packages\mpf\modes\attract\config\attract.yaml
2023-02-23 15:58:45,315 : INFO : ConfigProcessor : Loading config from file C:\Users\student\pinball\cobraPinTest1\modes\attract\config\attract.yaml.
2023-02-23 15:58:45,331 : INFO : ConfigProcessor : Loading config: C:\Users\student\pinball\cobraPinTest1\modes\attract\config\attract.yaml
2023-02-23 15:58:45,331 : INFO : ConfigProcessor : Config file cache created: C:\Users\student\AppData\Local\Temp\32ed7ad340ce8029344f8b9ff63edc80.mpf_cache
2023-02-23 15:58:45,331 : INFO : ConfigProcessor : Loading config from file c:\users\student\mpfenv\lib\site-packages\mpf\modes\game\config\game.yaml.
2023-02-23 15:58:45,331 : INFO : ConfigProcessor : Loading config: c:\users\student\mpfenv\lib\site-packages\mpf\modes\game\config\game.yaml
2023-02-23 15:58:45,331 : INFO : ConfigProcessor : Config file cache created: C:\Users\student\AppData\Local\Temp\8696bd5a5a040ff67990be11cb4d3c0c.mpf_cache
2023-02-23 15:58:45,331 : INFO : ConfigProcessor : Loading config from file C:\Users\student\pinball\cobraPinTest1\modes\base\config\base.yaml.
2023-02-23 15:58:45,347 : INFO : ConfigProcessor : Loading config: C:\Users\student\pinball\cobraPinTest1\modes\base\config\base.yaml
2023-02-23 15:58:45,347 : INFO : ConfigProcessor : Config file cache created: C:\Users\student\AppData\Local\Temp\4675a535c8328a9c278c807d999ed109.mpf_cache
2023-02-23 15:58:45,347 : INFO : ConfigProcessor : Loading config from file C:\Users\student\pinball\cobraPinTest1\modes\reentry\config\reentry.yaml.
2023-02-23 15:58:45,362 : INFO : ConfigProcessor : Loading config: C:\Users\student\pinball\cobraPinTest1\modes\reentry\config\reentry.yaml
2023-02-23 15:58:45,362 : INFO : ConfigProcessor : Config file cache created: C:\Users\student\AppData\Local\Temp\0c8438cab3480347c0c749fa494946a2.mpf_cache
2023-02-23 15:58:45,362 : INFO : ConfigProcessor : Loading config from file C:\Users\student\pinball\cobraPinTest1\modes\attract\shows\.\attract_display_loop.yaml.
2023-02-23 15:58:45,378 : INFO : ConfigProcessor : Loading config: C:\Users\student\pinball\cobraPinTest1\modes\attract\shows\.\attract_display_loop.yaml
2023-02-23 15:58:45,378 : INFO : ConfigProcessor : Config file cache created: C:\Users\student\AppData\Local\Temp\f8d2c2cf3ea01f085365ea23fa51a701.mpf_cache
2023-02-23 15:58:45,378 : INFO : ConfigProcessor : Loading config from file C:\Users\student\pinball\cobraPinTest1\modes\attract\shows\.\attract_light_show.yaml.
2023-02-23 15:58:45,378 : INFO : ConfigProcessor : Loading config: C:\Users\student\pinball\cobraPinTest1\modes\attract\shows\.\attract_light_show.yaml
2023-02-23 15:58:45,378 : INFO : ConfigProcessor : Config file cache created: C:\Users\student\AppData\Local\Temp\30bd992f4b62a9b099207aebeb59554c.mpf_cache
2023-02-23 15:58:45,378 : INFO : Machine : Mission Pinball Framework Core Engine v0.55.0
2023-02-23 15:58:45,378 : INFO : Machine : Command line arguments: {'no_load_cache': True, 'create_config_cache': True, 'bcp': True, 'configfile': ['config.yaml'], 'force_assets_load': False, 'jsonlogging': False, 'logfile': 'logs\\2023-02-23-15-58-44-mpf-DESKTOP-0JH7ARL.log', 'pause': False, 'production': False, 'text_ui': True, 'loglevel': 15, 'consoleloglevel': 20, 'force_platform': None, 'syslog_address': None, 'mc_file_name': None, 'no_sound': False}
2023-02-23 15:58:45,378 : INFO : Machine : MPF path: c:\users\student\mpfenv\lib\site-packages\mpf
2023-02-23 15:58:45,378 : INFO : Machine : Machine path: C:\Users\student\pinball\cobraPinTest1
2023-02-23 15:58:45,378 : INFO : Machine : Platform: win32
2023-02-23 15:58:45,378 : INFO : Machine : Python executable location: c:\users\student\mpfenv\scripts\python.exe
2023-02-23 15:58:45,378 : INFO : Machine : Python version: 3.7.8 (64-bit)
2023-02-23 15:58:45,393 : INFO : Machine : Initialise MPF.
2023-02-23 15:58:45,641 : INFO : EventManager : Event: ======'machine_var_credits_string'====== Args={'value': 'FREE PLAY', 'prev_value': None, 'change': True}
2023-02-23 15:58:45,700 : INFO : EventManager : Event: ======'machine_var_master_volume'====== Args={'value': 0.5, 'prev_value': None, 'change': True}
2023-02-23 15:58:45,700 : INFO : EventManager : Event: ======'machine_var_player1_score'====== Args={'value': 1500, 'prev_value': None, 'change': True}
2023-02-23 15:58:45,701 : INFO : EventManager : Event: ======'machine_var_mpf_version'====== Args={'value': 'MPF v0.55.0', 'prev_value': None, 'change': True}
2023-02-23 15:58:45,701 : INFO : EventManager : Event: ======'machine_var_mpf_extended_version'====== Args={'value': 'MPF v0.55.0, Config version:5, Show version: 5, BCP version:1.1', 'prev_value': None, 'change': True}
2023-02-23 15:58:45,701 : INFO : EventManager : Event: ======'machine_var_python_version'====== Args={'value': '3.7.8', 'prev_value': None, 'change': True}
2023-02-23 15:58:45,701 : INFO : EventManager : Event: ======'machine_var_platform'====== Args={'value': 'Windows-10-10.0.19041-SP0', 'prev_value': None, 'change': True}
2023-02-23 15:58:45,701 : INFO : EventManager : Event: ======'machine_var_platform_system'====== Args={'value': 'Windows', 'prev_value': None, 'change': True}
2023-02-23 15:58:45,702 : INFO : EventManager : Event: ======'machine_var_platform_release'====== Args={'value': '10', 'prev_value': None, 'change': True}
2023-02-23 15:58:45,702 : INFO : EventManager : Event: ======'machine_var_platform_version'====== Args={'value': '10.0.19041', 'prev_value': None, 'change': True}
2023-02-23 15:58:45,702 : INFO : EventManager : Event: ======'machine_var_platform_machine'====== Args={'value': 'AMD64', 'prev_value': None, 'change': True}
2023-02-23 15:58:45,702 : INFO : EventManager : Event: ======'init_phase_1'====== Args={}
2023-02-23 15:58:45,723 : INFO : EventManager : Event: ======'logicblock_reentry_switch_counter_updated'====== Args={'value': 0, 'enabled': True}
2023-02-23 15:58:45,723 : INFO : EventManager : Event: ======'logicblock_reentry_switch_counter_updated'====== Args={'value': 0, 'enabled': True}
2023-02-23 15:58:45,724 : INFO : EventManager : Event: ======'init_phase_2'====== Args={}
2023-02-23 15:58:45,724 : INFO : SwitchController : Found active switch: ('0-0-8', <Platform.Virtual>) <switch.s_trough1>
2023-02-23 15:58:45,727 : INFO : EventManager : Event: ======'bcp_connection_attempt'====== Args={'name': 'local_display', 'host': 'localhost', 'port': 5050}
2023-02-23 15:58:45,729 : INFO : BCPClientSocket : Connecting BCP to 'local_display' at localhost:5050...
2023-02-23 15:58:48,772 : INFO : BCPClientSocket : Connected BCP to 'local_display' localhost:5050
2023-02-23 15:58:48,774 : INFO : EventManager : Event: ======'bcp_clients_connected'====== Args={}
2023-02-23 15:58:48,790 : INFO : ball_device.bd_trough : BCH: Initial count: 1
2023-02-23 15:58:48,791 : INFO : EventManager : Event: ======'machine_var_mc_version'====== Args={'value': 'MPF-MC v0.55.0', 'prev_value': None, 'change': True}
2023-02-23 15:58:48,791 : INFO : EventManager : Event: ======'machine_var_mc_extended_version'====== Args={'value': 'MPF-MC v0.55.0 (config_version=5, BCP v1.1, Requires MPF v0.55.0-dev.49)', 'prev_value': None, 'change': True}
2023-02-23 15:58:48,792 : INFO : ball_device.bd_trough : State: idle
2023-02-23 15:58:48,806 : INFO : ball_device.bd_plunger : BCH: Initial count: 0
2023-02-23 15:58:48,806 : INFO : ball_device.bd_plunger : State: idle
2023-02-23 15:58:48,899 : INFO : EventManager : Event: ======'init_phase_3'====== Args={}
2023-02-23 15:58:48,903 : INFO : EventManager : Event: ======'init_phase_4'====== Args={}
2023-02-23 15:58:48,903 : INFO : BallController : Initial balls found: 1
2023-02-23 15:58:48,904 : INFO : EventManager : Event: ======'machine_var_audits_events_game_ended'====== Args={'value': 0, 'prev_value': None, 'change': True}
2023-02-23 15:58:48,905 : INFO : EventManager : Event: ======'machine_var_audits_events_game_started'====== Args={'value': 0, 'prev_value': None, 'change': True}
2023-02-23 15:58:48,905 : INFO : EventManager : Event: ======'machine_var_audits_player_score'====== Args={'value': {'average': 1800.0, 'top': [2000, 1900, 1500], 'total': 3}, 'prev_value': None, 'change': True}
2023-02-23 15:58:48,906 : INFO : EventManager : Event: ======'machine_var_audits_shots_my_first_shot'====== Args={'value': 119, 'prev_value': None, 'change': True}
2023-02-23 15:58:48,906 : INFO : EventManager : Event: ======'machine_var_audits_shots_my_first_shot_mode2'====== Args={'value': 72, 'prev_value': None, 'change': True}
2023-02-23 15:58:48,906 : INFO : EventManager : Event: ======'machine_var_audits_shots_reentryL_shot'====== Args={'value': 254, 'prev_value': None, 'change': True}
2023-02-23 15:58:48,906 : INFO : EventManager : Event: ======'machine_var_audits_shots_reentryM_shot'====== Args={'value': 236, 'prev_value': None, 'change': True}
2023-02-23 15:58:48,906 : INFO : EventManager : Event: ======'machine_var_audits_shots_reentryR_shot'====== Args={'value': 208, 'prev_value': None, 'change': True}
2023-02-23 15:58:48,907 : INFO : EventManager : Event: ======'machine_var_audits_shots_reentry_shot'====== Args={'value': 9, 'prev_value': None, 'change': True}
2023-02-23 15:58:48,907 : INFO : EventManager : Event: ======'machine_var_audits_shots_top_lane_A'====== Args={'value': 12, 'prev_value': None, 'change': True}
2023-02-23 15:58:48,907 : INFO : EventManager : Event: ======'machine_var_audits_shots_top_lane_J'====== Args={'value': 12, 'prev_value': None, 'change': True}
2023-02-23 15:58:48,908 : INFO : EventManager : Event: ======'machine_var_audits_shots_top_lane_M'====== Args={'value': 9, 'prev_value': None, 'change': True}
2023-02-23 15:58:48,908 : INFO : EventManager : Event: ======'machine_var_audits_switches_s_blackhole_kicker'====== Args={'value': 0, 'prev_value': None, 'change': True}
2023-02-23 15:58:48,909 : INFO : EventManager : Event: ======'machine_var_audits_switches_s_bonus_lane'====== Args={'value': 0, 'prev_value': None, 'change': True}
2023-02-23 15:58:48,909 : INFO : EventManager : Event: ======'machine_var_audits_switches_s_booster_drop_target_1'====== Args={'value': 0, 'prev_value': None, 'change': True}
2023-02-23 15:58:48,909 : INFO : EventManager : Event: ======'machine_var_audits_switches_s_booster_drop_target_2'====== Args={'value': 0, 'prev_value': None, 'change': True}
2023-02-23 15:58:48,909 : INFO : EventManager : Event: ======'machine_var_audits_switches_s_booster_drop_target_3'====== Args={'value': 0, 'prev_value': None, 'change': True}
2023-02-23 15:58:48,910 : INFO : EventManager : Event: ======'machine_var_audits_switches_s_comet_spot_1'====== Args={'value': 0, 'prev_value': None, 'change': True}
2023-02-23 15:58:48,910 : INFO : EventManager : Event: ======'machine_var_audits_switches_s_comet_spot_2'====== Args={'value': 0, 'prev_value': None, 'change': True}
2023-02-23 15:58:48,910 : INFO : EventManager : Event: ======'machine_var_audits_switches_s_comet_spot_3'====== Args={'value': 0, 'prev_value': None, 'change': True}
2023-02-23 15:58:48,911 : INFO : EventManager : Event: ======'machine_var_audits_switches_s_engine_bumper_1'====== Args={'value': 0, 'prev_value': None, 'change': True}
2023-02-23 15:58:48,911 : INFO : EventManager : Event: ======'machine_var_audits_switches_s_engine_bumper_2'====== Args={'value': 0, 'prev_value': None, 'change': True}
2023-02-23 15:58:48,911 : INFO : EventManager : Event: ======'machine_var_audits_switches_s_engine_bumper_3'====== Args={'value': 0, 'prev_value': None, 'change': True}
2023-02-23 15:58:48,912 : INFO : EventManager : Event: ======'machine_var_audits_switches_s_fuel_chute_1'====== Args={'value': 0, 'prev_value': None, 'change': True}
2023-02-23 15:58:48,912 : INFO : EventManager : Event: ======'machine_var_audits_switches_s_fuel_chute_2'====== Args={'value': 0, 'prev_value': None, 'change': True}
2023-02-23 15:58:48,912 : INFO : EventManager : Event: ======'machine_var_audits_switches_s_fuel_chute_3'====== Args={'value': 0, 'prev_value': None, 'change': True}
2023-02-23 15:58:48,912 : INFO : EventManager : Event: ======'machine_var_audits_switches_s_fuel_chute_4'====== Args={'value': 0, 'prev_value': None, 'change': True}
2023-02-23 15:58:48,913 : INFO : EventManager : Event: ======'machine_var_audits_switches_s_fuel_chute_5'====== Args={'value': 0, 'prev_value': None, 'change': True}
2023-02-23 15:58:48,913 : INFO : EventManager : Event: ======'machine_var_audits_switches_s_fuel_chute_6'====== Args={'value': 0, 'prev_value': None, 'change': True}
2023-02-23 15:58:48,913 : INFO : EventManager : Event: ======'machine_var_audits_switches_s_fuel_flag'====== Args={'value': 0, 'prev_value': None, 'change': True}
2023-02-23 15:58:48,913 : INFO : EventManager : Event: ======'machine_var_audits_switches_s_fuel_spot_1'====== Args={'value': 0, 'prev_value': None, 'change': True}
2023-02-23 15:58:48,914 : INFO : EventManager : Event: ======'machine_var_audits_switches_s_fuel_spot_2'====== Args={'value': 0, 'prev_value': None, 'change': True}
2023-02-23 15:58:48,914 : INFO : EventManager : Event: ======'machine_var_audits_switches_s_fuel_spot_3'====== Args={'value': 0, 'prev_value': None, 'change': True}
2023-02-23 15:58:48,915 : INFO : EventManager : Event: ======'machine_var_audits_switches_s_green_wormhole'====== Args={'value': 0, 'prev_value': None, 'change': True}
2023-02-23 15:58:48,915 : INFO : EventManager : Event: ======'machine_var_audits_switches_s_hyperspace_flag'====== Args={'value': 0, 'prev_value': None, 'change': True}
2023-02-23 15:58:48,915 : INFO : EventManager : Event: ======'machine_var_audits_switches_s_hyperspacekicker'====== Args={'value': 0, 'prev_value': None, 'change': True}
2023-02-23 15:58:48,916 : INFO : EventManager : Event: ======'machine_var_audits_switches_s_launch_lane_1'====== Args={'value': 0, 'prev_value': None, 'change': True}
2023-02-23 15:58:48,916 : INFO : EventManager : Event: ======'machine_var_audits_switches_s_launch_lane_2'====== Args={'value': 0, 'prev_value': None, 'change': True}
2023-02-23 15:58:48,917 : INFO : EventManager : Event: ======'machine_var_audits_switches_s_launch_lane_3'====== Args={'value': 0, 'prev_value': None, 'change': True}
2023-02-23 15:58:48,918 : INFO : EventManager : Event: ======'machine_var_audits_switches_s_launch_ramp'====== Args={'value': 0, 'prev_value': None, 'change': True}
2023-02-23 15:58:48,919 : INFO : EventManager : Event: ======'machine_var_audits_switches_s_left_attack_bumper'====== Args={'value': 0, 'prev_value': None, 'change': True}
2023-02-23 15:58:48,919 : INFO : EventManager : Event: ======'machine_var_audits_switches_s_left_flipper'====== Args={'value': 455, 'prev_value': None, 'change': True}
2023-02-23 15:58:48,919 : INFO : EventManager : Event: ======'machine_var_audits_switches_s_left_out_lane'====== Args={'value': 0, 'prev_value': None, 'change': True}
2023-02-23 15:58:48,920 : INFO : EventManager : Event: ======'machine_var_audits_switches_s_left_out_lane_kicker'====== Args={'value': 0, 'prev_value': None, 'change': True}
2023-02-23 15:58:48,920 : INFO : EventManager : Event: ======'machine_var_audits_switches_s_left_return_lane'====== Args={'value': 0, 'prev_value': None, 'change': True}
2023-02-23 15:58:48,921 : INFO : EventManager : Event: ======'machine_var_audits_switches_s_lower_attack_bumper'====== Args={'value': 0, 'prev_value': None, 'change': True}
2023-02-23 15:58:48,921 : INFO : EventManager : Event: ======'machine_var_audits_switches_s_lower_left_rebound'====== Args={'value': 0, 'prev_value': None, 'change': True}
2023-02-23 15:58:48,922 : INFO : EventManager : Event: ======'machine_var_audits_switches_s_lower_left_slingshot'====== Args={'value': 0, 'prev_value': None, 'change': True}
2023-02-23 15:58:48,922 : INFO : EventManager : Event: ======'machine_var_audits_switches_s_lower_right_rebound'====== Args={'value': 0, 'prev_value': None, 'change': True}
2023-02-23 15:58:48,923 : INFO : EventManager : Event: ======'machine_var_audits_switches_s_lower_right_slingshot'====== Args={'value': 0, 'prev_value': None, 'change': True}
2023-02-23 15:58:48,923 : INFO : EventManager : Event: ======'machine_var_audits_switches_s_medal_drop_left'====== Args={'value': 0, 'prev_value': None, 'change': True}
2023-02-23 15:58:48,923 : INFO : EventManager : Event: ======'machine_var_audits_switches_s_medal_drop_middle'====== Args={'value': 0, 'prev_value': None, 'change': True}
2023-02-23 15:58:48,924 : INFO : EventManager : Event: ======'machine_var_audits_switches_s_medal_drop_right'====== Args={'value': 0, 'prev_value': None, 'change': True}
2023-02-23 15:58:48,924 : INFO : EventManager : Event: ======'machine_var_audits_switches_s_mission_spot_1'====== Args={'value': 0, 'prev_value': None, 'change': True}
2023-02-23 15:58:48,925 : INFO : EventManager : Event: ======'machine_var_audits_switches_s_mission_spot_2'====== Args={'value': 0, 'prev_value': None, 'change': True}
2023-02-23 15:58:48,925 : INFO : EventManager : Event: ======'machine_var_audits_switches_s_mission_spot_3'====== Args={'value': 0, 'prev_value': None, 'change': True}
2023-02-23 15:58:48,926 : INFO : EventManager : Event: ======'machine_var_audits_switches_s_multiplier_left'====== Args={'value': 0, 'prev_value': None, 'change': True}
2023-02-23 15:58:48,926 : INFO : EventManager : Event: ======'machine_var_audits_switches_s_multiplier_middle'====== Args={'value': 0, 'prev_value': None, 'change': True}
2023-02-23 15:58:48,927 : INFO : EventManager : Event: ======'machine_var_audits_switches_s_multiplier_right'====== Args={'value': 0, 'prev_value': None, 'change': True}
2023-02-23 15:58:48,927 : INFO : EventManager : Event: ======'machine_var_audits_switches_s_plunger'====== Args={'value': 84, 'prev_value': None, 'change': True}
2023-02-23 15:58:48,927 : INFO : EventManager : Event: ======'machine_var_audits_switches_s_radiationspot_1'====== Args={'value': 0, 'prev_value': None, 'change': True}
2023-02-23 15:58:48,928 : INFO : EventManager : Event: ======'machine_var_audits_switches_s_radiationspot_2'====== Args={'value': 0, 'prev_value': None, 'change': True}
2023-02-23 15:58:48,928 : INFO : EventManager : Event: ======'machine_var_audits_switches_s_radiationspot_3'====== Args={'value': 0, 'prev_value': None, 'change': True}
2023-02-23 15:58:48,929 : INFO : EventManager : Event: ======'machine_var_audits_switches_s_red_wormhole'====== Args={'value': 0, 'prev_value': None, 'change': True}
2023-02-23 15:58:48,930 : INFO : EventManager : Event: ======'machine_var_audits_switches_s_reentry_left'====== Args={'value': 609, 'prev_value': None, 'change': True}
2023-02-23 15:58:48,930 : INFO : EventManager : Event: ======'machine_var_audits_switches_s_reentry_middle'====== Args={'value': 310, 'prev_value': None, 'change': True}
2023-02-23 15:58:48,930 : INFO : EventManager : Event: ======'machine_var_audits_switches_s_reentry_right'====== Args={'value': 266, 'prev_value': None, 'change': True}
2023-02-23 15:58:48,931 : INFO : EventManager : Event: ======'machine_var_audits_switches_s_right_flipper'====== Args={'value': 183, 'prev_value': None, 'change': True}
2023-02-23 15:58:48,931 : INFO : EventManager : Event: ======'machine_var_audits_switches_s_right_inlane'====== Args={'value': 0, 'prev_value': None, 'change': True}
2023-02-23 15:58:48,931 : INFO : EventManager : Event: ======'machine_var_audits_switches_s_right_out_lane'====== Args={'value': 0, 'prev_value': None, 'change': True}
2023-02-23 15:58:48,932 : INFO : EventManager : Event: ======'machine_var_audits_switches_s_right_out_lane_kicker'====== Args={'value': 0, 'prev_value': None, 'change': True}
2023-02-23 15:58:48,932 : INFO : EventManager : Event: ======'machine_var_audits_switches_s_right_return_lane'====== Args={'value': 0, 'prev_value': None, 'change': True}
2023-02-23 15:58:48,933 : INFO : EventManager : Event: ======'machine_var_audits_switches_s_satellite_bumper'====== Args={'value': 0, 'prev_value': None, 'change': True}
2023-02-23 15:58:48,933 : INFO : EventManager : Event: ======'machine_var_audits_switches_s_secondary_outlane_kicker'====== Args={'value': 0, 'prev_value': None, 'change': True}
2023-02-23 15:58:48,933 : INFO : EventManager : Event: ======'machine_var_audits_switches_s_skill_shot_1'====== Args={'value': 0, 'prev_value': None, 'change': True}
2023-02-23 15:58:48,934 : INFO : EventManager : Event: ======'machine_var_audits_switches_s_skill_shot_2'====== Args={'value': 0, 'prev_value': None, 'change': True}
2023-02-23 15:58:48,934 : INFO : EventManager : Event: ======'machine_var_audits_switches_s_skill_shot_3'====== Args={'value': 0, 'prev_value': None, 'change': True}
2023-02-23 15:58:48,934 : INFO : EventManager : Event: ======'machine_var_audits_switches_s_skill_shot_4'====== Args={'value': 0, 'prev_value': None, 'change': True}
2023-02-23 15:58:48,935 : INFO : EventManager : Event: ======'machine_var_audits_switches_s_skill_shot_5'====== Args={'value': 0, 'prev_value': None, 'change': True}
2023-02-23 15:58:48,935 : INFO : EventManager : Event: ======'machine_var_audits_switches_s_skill_shot_6'====== Args={'value': 0, 'prev_value': None, 'change': True}
2023-02-23 15:58:48,936 : INFO : EventManager : Event: ======'machine_var_audits_switches_s_skill_shot_lane'====== Args={'value': 0, 'prev_value': None, 'change': True}
2023-02-23 15:58:48,936 : INFO : EventManager : Event: ======'machine_var_audits_switches_s_spacewarp_rollover'====== Args={'value': 0, 'prev_value': None, 'change': True}
2023-02-23 15:58:48,936 : INFO : EventManager : Event: ======'machine_var_audits_switches_s_start'====== Args={'value': 3, 'prev_value': None, 'change': True}
2023-02-23 15:58:48,937 : INFO : EventManager : Event: ======'machine_var_audits_switches_s_trough1'====== Args={'value': 28, 'prev_value': None, 'change': True}
2023-02-23 15:58:48,937 : INFO : EventManager : Event: ======'machine_var_audits_switches_s_trough2'====== Args={'value': 0, 'prev_value': None, 'change': True}
2023-02-23 15:58:48,937 : INFO : EventManager : Event: ======'machine_var_audits_switches_s_trough3'====== Args={'value': 0, 'prev_value': None, 'change': True}
2023-02-23 15:58:48,938 : INFO : EventManager : Event: ======'machine_var_audits_switches_s_trough4'====== Args={'value': 0, 'prev_value': None, 'change': True}
2023-02-23 15:58:48,938 : INFO : EventManager : Event: ======'machine_var_audits_switches_s_trough5'====== Args={'value': 0, 'prev_value': None, 'change': True}
2023-02-23 15:58:48,939 : INFO : EventManager : Event: ======'machine_var_audits_switches_s_trough6'====== Args={'value': 0, 'prev_value': None, 'change': True}
2023-02-23 15:58:48,939 : INFO : EventManager : Event: ======'machine_var_audits_switches_s_trough_jam'====== Args={'value': 0, 'prev_value': None, 'change': True}
2023-02-23 15:58:48,939 : INFO : EventManager : Event: ======'machine_var_audits_switches_s_upper_attack_bumper'====== Args={'value': 0, 'prev_value': None, 'change': True}
2023-02-23 15:58:48,940 : INFO : EventManager : Event: ======'machine_var_audits_switches_s_upper_left_rebound'====== Args={'value': 0, 'prev_value': None, 'change': True}
2023-02-23 15:58:48,940 : INFO : EventManager : Event: ======'machine_var_audits_switches_s_upper_right_rebound'====== Args={'value': 0, 'prev_value': None, 'change': True}
2023-02-23 15:58:48,941 : INFO : EventManager : Event: ======'machine_var_audits_switches_s_wormhole_target'====== Args={'value': 0, 'prev_value': None, 'change': True}
2023-02-23 15:58:48,941 : INFO : EventManager : Event: ======'machine_var_audits_switches_s_yellow_wormhole'====== Args={'value': 0, 'prev_value': None, 'change': True}
2023-02-23 15:58:48,942 : INFO : EventManager : Event: ======'init_phase_5'====== Args={}
2023-02-23 15:58:48,955 : INFO : EventManager : Event: ======'init_done'====== Args={}
2023-02-23 15:58:48,955 : INFO : EventManager : Event: ======'machine_reset_phase_1'====== Args={}
2023-02-23 15:58:48,965 : INFO : EventManager : Event: ======'slide_welcome_slide_removed'====== Args={'_from_bcp': True}
2023-02-23 15:58:48,967 : INFO : EventManager : Event: ======'slide_welcome_slide_created'====== Args={'_from_bcp': True}
2023-02-23 15:58:48,968 : INFO : EventManager : Event: ======'machine_reset_phase_2'====== Args={}
2023-02-23 15:58:48,968 : INFO : EventManager : Event: ======'machine_reset_phase_3'====== Args={}
2023-02-23 15:58:48,969 : INFO : EventManager : Event: ======'slide_welcome_slide_active'====== Args={'_from_bcp': True}
2023-02-23 15:58:48,969 : INFO : EventManager : Event: ======'reset_complete'====== Args={}
2023-02-23 15:58:48,969 : INFO : EventManager : Event: ======'mode_attract_will_start'====== Args={}
2023-02-23 15:58:48,970 : INFO : EventManager : Event: ======'mode_attract_starting'====== Args={}
2023-02-23 15:58:48,970 : INFO : Mode.attract : Started. Priority: 10
2023-02-23 15:58:48,970 : INFO : EventManager : Event: ======'modes_active_modes_changed'====== Args={}
2023-02-23 15:58:48,970 : INFO : EventManager : Event: ======'mode_attract_started'====== Args={}
2023-02-23 15:58:48,971 : INFO : EventManager : Event: ======'collecting_balls_complete'====== Args={}
2023-02-23 15:58:48,992 : INFO : EventManager : Event: ======'slide_awesome_slide_created'====== Args={'_from_bcp': True}
2023-02-23 15:58:48,992 : INFO : EventManager : Event: ======'slide_awesome_slide_active'====== Args={'_from_bcp': True}
2023-02-23 15:58:48,992 : INFO : Machine : Starting the main run loop.
2023-02-23 15:58:49,039 : INFO : BcpServer : New client connected.
2023-02-23 15:58:52,000 : INFO : EventManager : Event: ======'slide_press_start_created'====== Args={'_from_bcp': True}
2023-02-23 15:58:52,004 : INFO : EventManager : Event: ======'slide_press_start_active'====== Args={'_from_bcp': True}
2023-02-23 15:58:54,999 : INFO : EventManager : Event: ======'slide_mission_pinball_created'====== Args={'_from_bcp': True}
2023-02-23 15:58:55,000 : INFO : EventManager : Event: ======'slide_mission_pinball_active'====== Args={'_from_bcp': True}
2023-02-23 15:58:57,988 : INFO : EventManager : Event: ======'slide_last_game_score_slide_created'====== Args={'_from_bcp': True}
2023-02-23 15:58:57,988 : INFO : EventManager : Event: ======'slide_last_game_score_slide_active'====== Args={'_from_bcp': True}
2023-02-23 15:59:00,982 : INFO : EventManager : Event: ======'slide_awesome_slide_removed'====== Args={'_from_bcp': True}
2023-02-23 15:59:00,985 : INFO : EventManager : Event: ======'slide_awesome_slide_created'====== Args={'_from_bcp': True}
2023-02-23 15:59:00,985 : INFO : EventManager : Event: ======'slide_awesome_slide_active'====== Args={'_from_bcp': True}
2023-02-23 15:59:03,466 : INFO : SwitchController : <<<<<<< 's_start' active >>>>>>>
2023-02-23 15:59:03,626 : INFO : SwitchController : <<<<<<< 's_start' inactive >>>>>>>
2023-02-23 15:59:03,627 : INFO : EventManager : Event: ======'request_to_start_game'====== Args={}
2023-02-23 15:59:03,628 : INFO : EventManager : Event: ======'game_start'====== Args={'buttons': [], 'hold_time': 0.15600000007543713}
2023-02-23 15:59:03,630 : INFO : EventManager : Event: ======'mode_game_will_start'====== Args={'buttons': [], 'hold_time': 0.15600000007543713}
2023-02-23 15:59:03,633 : INFO : EventManager : Event: ======'mode_game_starting'====== Args={'buttons': [], 'hold_time': 0.15600000007543713}
2023-02-23 15:59:03,633 : INFO : EventManager : Event: ======'mode_attract_will_stop'====== Args={}
2023-02-23 15:59:03,634 : INFO : EventManager : Event: ======'mode_attract_stopping'====== Args={}
2023-02-23 15:59:03,635 : INFO : Mode.attract : Stopped.
2023-02-23 15:59:03,635 : INFO : EventManager : Event: ======'modes_active_modes_changed'====== Args={}
2023-02-23 15:59:03,638 : INFO : EventManager : Event: ======'mode_attract_stopped'====== Args={}
2023-02-23 15:59:03,640 : INFO : EventManager : Event: ======'clear'====== Args={'key': 'attract'}
2023-02-23 15:59:03,641 : INFO : Mode.game : Started. Priority: 20
2023-02-23 15:59:03,642 : INFO : EventManager : Event: ======'modes_active_modes_changed'====== Args={}
2023-02-23 15:59:03,643 : INFO : EventManager : Event: ======'mode_game_started'====== Args={'buttons': [], 'hold_time': 0.15600000007543713}
2023-02-23 15:59:03,654 : INFO : EventManager : Event: ======'game_will_start'====== Args={}
2023-02-23 15:59:03,654 : INFO : EventManager : Event: ======'slide_press_start_removed'====== Args={'_from_bcp': True}
2023-02-23 15:59:03,655 : INFO : EventManager : Event: ======'slide_mission_pinball_removed'====== Args={'_from_bcp': True}
2023-02-23 15:59:03,655 : INFO : EventManager : Event: ======'slide_last_game_score_slide_removed'====== Args={'_from_bcp': True}
2023-02-23 15:59:03,655 : INFO : EventManager : Event: ======'slide_awesome_slide_removed'====== Args={'_from_bcp': True}
2023-02-23 15:59:03,655 : INFO : EventManager : Event: ======'slide_welcome_slide_active'====== Args={'_from_bcp': True}
2023-02-23 15:59:03,656 : INFO : EventManager : Event: ======'game_starting'====== Args={'game': <Mode.game>}
2023-02-23 15:59:03,656 : INFO : EventManager : Event: ======'player_add_request'====== Args={}
2023-02-23 15:59:03,657 : INFO : EventManager : Event: ======'player_will_add'====== Args={'number': 1}
2023-02-23 15:59:03,657 : INFO : EventManager : Event: ======'player_adding'====== Args={'player': <Player 1>, 'number': 1}
2023-02-23 15:59:03,657 : INFO : EventManager : Event: ======'player_added'====== Args={'player': <Player 1>, 'num': 1}
2023-02-23 15:59:03,657 : INFO : Mode.game : Player added successfully. Total players: 1
2023-02-23 15:59:03,657 : INFO : EventManager : Event: ======'player_index'====== Args={'value': 0, 'prev_value': 0, 'change': 0, 'player_num': 1}
2023-02-23 15:59:03,658 : INFO : EventManager : Event: ======'player_number'====== Args={'value': 1, 'prev_value': 1, 'change': 0, 'player_num': 1}
2023-02-23 15:59:03,658 : INFO : EventManager : Event: ======'player_score'====== Args={'value': 0, 'prev_value': 0, 'change': 0, 'player_num': 1}
2023-02-23 15:59:03,659 : INFO : EventManager : Event: ======'game_started'====== Args={}
2023-02-23 15:59:03,674 : INFO : EventManager : Event: ======'player_turn_will_start'====== Args={'player': <Player 1>, 'number': 1}
2023-02-23 15:59:03,675 : INFO : EventManager : Event: ======'player_turn_starting'====== Args={'player': <Player 1>, 'number': 1}
2023-02-23 15:59:03,675 : INFO : EventManager : Event: ======'player_ball'====== Args={'value': 1, 'prev_value': 0, 'change': 1, 'player_num': 1}
2023-02-23 15:59:03,676 : INFO : EventManager : Event: ======'player_turn_started'====== Args={'player': <Player 1>, 'number': 1}
2023-02-23 15:59:03,677 : INFO : EventManager : Event: ======'ball_will_start'====== Args={'player': 1, 'ball': 1, 'balls_remaining': 2, 'is_extra_ball': False}
2023-02-23 15:59:03,680 : INFO : EventManager : Event: ======'ball_starting'====== Args={'player': 1, 'ball': 1, 'balls_remaining': 2, 'is_extra_ball': False}
2023-02-23 15:59:03,680 : INFO : EventManager : Event: ======'mode_base_will_start'====== Args={'queue': <QueuedEvent>, 'player': 1, 'ball': 1, 'balls_remaining': 2, 'is_extra_ball': False}
2023-02-23 15:59:03,681 : INFO : EventManager : Event: ======'mode_base_starting'====== Args={'queue': <QueuedEvent>, 'player': 1, 'ball': 1, 'balls_remaining': 2, 'is_extra_ball': False}
2023-02-23 15:59:03,681 : INFO : Mode.base : Started. Priority: 100
2023-02-23 15:59:03,681 : INFO : EventManager : Event: ======'modes_active_modes_changed'====== Args={}
2023-02-23 15:59:03,681 : INFO : EventManager : Event: ======'mode_base_started'====== Args={'queue': <QueuedEvent>, 'player': 1, 'ball': 1, 'balls_remaining': 2, 'is_extra_ball': False}
2023-02-23 15:59:03,682 : INFO : EventManager : Event: ======'balls_in_play'====== Args={'balls': 1}
2023-02-23 15:59:03,682 : INFO : EventManager : Event: ======'ball_started'====== Args={'player': 1, 'ball': 1, 'balls_remaining': 2, 'is_extra_ball': False}
2023-02-23 15:59:03,683 : INFO : EventManager : Event: ======'mode_reentry_will_start'====== Args={'player': 1, 'ball': 1, 'balls_remaining': 2, 'is_extra_ball': False}
2023-02-23 15:59:03,683 : INFO : EventManager : Event: ======'player_shot_reentryL_shot_enabled'====== Args={'value': True, 'prev_value': 0, 'change': 1, 'player_num': 1}
2023-02-23 15:59:03,684 : INFO : EventManager : Event: ======'player_shot_reentryM_shot_enabled'====== Args={'value': True, 'prev_value': 0, 'change': 1, 'player_num': 1}
2023-02-23 15:59:03,684 : INFO : EventManager : Event: ======'player_shot_reentryR_shot_enabled'====== Args={'value': True, 'prev_value': 0, 'change': 1, 'player_num': 1}
2023-02-23 15:59:03,685 : INFO : EventManager : Event: ======'reentry_shot_complete'====== Args={'state': 'off'}
2023-02-23 15:59:03,685 : INFO : EventManager : Event: ======'reentry_shot_off_complete'====== Args={}
2023-02-23 15:59:03,687 : INFO : EventManager : Event: ======'mode_reentry_starting'====== Args={'player': 1, 'ball': 1, 'balls_remaining': 2, 'is_extra_ball': False}
2023-02-23 15:59:03,688 : INFO : Mode.reentry : Started. Priority: 200
2023-02-23 15:59:03,688 : INFO : EventManager : Event: ======'modes_active_modes_changed'====== Args={}
2023-02-23 15:59:03,689 : INFO : EventManager : Event: ======'mode_reentry_started'====== Args={'player': 1, 'ball': 1, 'balls_remaining': 2, 'is_extra_ball': False}
2023-02-23 15:59:03,712 : INFO : EventManager : Event: ======'single_player_ball_started'====== Args={}
2023-02-23 15:59:03,713 : INFO : EventManager : Event: ======'slide_base.slide_player-mode_base_started_created'====== Args={'_from_bcp': True}
2023-02-23 15:59:03,713 : INFO : EventManager : Event: ======'slide_base.slide_player-mode_base_started_active'====== Args={'_from_bcp': True}
2023-02-23 15:59:03,713 : INFO : EventManager : Event: ======'slide__global.slide_player-ball_started_created'====== Args={'_from_bcp': True}
2023-02-23 15:59:03,714 : INFO : EventManager : Event: ======'ball_start_target'====== Args={'target': 'playfield'}
2023-02-23 15:59:03,714 : INFO : ball_device.bd_plunger : Setting up player-controlled eject. Balls: 1, Target: <playfield.playfield>, player_controlled_eject_event: None
2023-02-23 15:59:03,715 : INFO : EventManager : Event: ======'balldevice_balls_available'====== Args={}
2023-02-23 15:59:03,715 : INFO : ball_device.bd_trough : State: waiting_for_target_ready
2023-02-23 15:59:03,715 : INFO : EventManager : Event: ======'balldevice_bd_trough_ball_eject_attempt'====== Args={'balls': 1, 'target': <ball_device.bd_plunger>, 'source': <ball_device.bd_trough>, 'mechanical_eject': True, 'num_attempts': 0}
2023-02-23 15:59:03,716 : INFO : ball_device.bd_plunger : State: waiting_for_ball
2023-02-23 15:59:03,716 : INFO : ball_device.bd_trough : State: ejecting
2023-02-23 15:59:03,716 : INFO : ball_device.bd_trough : Ejecting ball to <ball_device.bd_plunger>
2023-02-23 15:59:03,716 : INFO : EventManager : Event: ======'balldevice_bd_trough_ejecting_ball'====== Args={'balls': 1, 'target': <ball_device.bd_plunger>, 'source': <ball_device.bd_trough>, 'mechanical_eject': True, 'num_attempts': 0}
2023-02-23 15:59:03,717 : INFO : ball_device.bd_trough : Wait for ball to leave device
2023-02-23 15:59:03,717 : INFO : coil.c_trough_eject : Pulsing Driver for 10ms (1.0 pulse_power)
2023-02-23 15:59:13,730 : INFO : EventManager : Event: ======'balldevice_bd_trough_ball_eject_failed'====== Args={'target': <ball_device.bd_plunger>, 'balls': 1, 'retry': True, 'num_attempts': 1}
2023-02-23 15:59:13,731 : INFO : ball_device.bd_trough : State: waiting_for_target_ready
2023-02-23 15:59:13,731 : INFO : EventManager : Event: ======'balldevice_bd_trough_ball_eject_attempt'====== Args={'balls': 1, 'target': <ball_device.bd_plunger>, 'source': <ball_device.bd_trough>, 'mechanical_eject': True, 'num_attempts': 1}
2023-02-23 15:59:13,732 : INFO : ball_device.bd_trough : State: ejecting
2023-02-23 15:59:13,732 : INFO : ball_device.bd_trough : Ejecting ball to <ball_device.bd_plunger>
2023-02-23 15:59:13,732 : INFO : EventManager : Event: ======'balldevice_bd_trough_ejecting_ball'====== Args={'balls': 1, 'target': <ball_device.bd_plunger>, 'source': <ball_device.bd_trough>, 'mechanical_eject': True, 'num_attempts': 1}
2023-02-23 15:59:13,733 : INFO : ball_device.bd_trough : Wait for ball to leave device
2023-02-23 15:59:13,733 : INFO : coil.c_trough_eject : Pulsing Driver for 10ms (1.0 pulse_power)
2023-02-23 15:59:19,675 : INFO : SwitchController : <<<<<<< 's_trough1' inactive >>>>>>>
2023-02-23 15:59:19,691 : INFO : ball_device.bd_trough : State: ball_left
2023-02-23 15:59:19,693 : INFO : ball_device.bd_trough : Ball left
2023-02-23 15:59:19,693 : INFO : ball_device.bd_trough : Wait for confirm with timeout 10.0
2023-02-23 15:59:29,698 : INFO : ball_device.bd_trough : State: failed_confirm
2023-02-23 15:59:29,700 : INFO : ball_device.bd_trough : Got timeout (10.0s) before confirm from <ball_device.bd_plunger>
2023-02-23 15:59:29,701 : INFO : ball_device.bd_plunger : Expecting incoming ball which may skip the device.
2023-02-23 15:59:29,701 : INFO : EventManager : Event: ======'balldevice_bd_plunger_ejecting_ball'====== Args={'balls': 1, 'target': <playfield.playfield>, 'source': <ball_device.bd_plunger>, 'mechanical_eject': False, 'num_attempts': 1}
2023-02-23 15:59:36,572 : INFO : SwitchController : <<<<<<< 's_plunger' active >>>>>>>
2023-02-23 15:59:36,572 : INFO : EventManager : Event: ======'machine_var_audits_switches_s_plunger'====== Args={'value': 85, 'prev_value': 84, 'change': 1}
2023-02-23 15:59:37,076 : INFO : ball_device.bd_plunger : Received ball from <ball_device.bd_trough>
2023-02-23 15:59:37,076 : INFO : EventManager : Event: ======'balldevice_bd_plunger_ball_enter'====== Args={'new_balls': 1, 'unclaimed_balls': 0, 'new_available_balls': 0, 'device': <ball_device.bd_plunger>}
2023-02-23 15:59:37,077 : INFO : EventManager : Event: ======'balldevice_bd_plunger_ball_entered'====== Args={'new_balls': 0, 'device': <ball_device.bd_plunger>}
2023-02-23 15:59:37,077 : INFO : EventManager : Event: ======'balldevice_bd_plunger_ball_count_changed'====== Args={'balls': 1}
2023-02-23 15:59:37,078 : INFO : ball_device.bd_trough : Eject successful
2023-02-23 15:59:37,078 : INFO : EventManager : Event: ======'balldevice_bd_trough_ball_eject_success'====== Args={'balls': 1, 'target': <ball_device.bd_plunger>}
2023-02-23 15:59:37,078 : INFO : EventManager : Event: ======'balldevice_bd_plunger_ball_eject_failed'====== Args={'target': <playfield.playfield>, 'balls': 1, 'retry': True, 'num_attempts': 1}
2023-02-23 15:59:37,078 : INFO : ball_device.bd_plunger : No longer expecting incoming ball which may skip the device.
2023-02-23 15:59:37,079 : INFO : EventManager : Event: ======'balldevice_bd_trough_ball_count_changed'====== Args={'balls': 0}
2023-02-23 15:59:37,079 : INFO : ball_device.bd_trough : State: idle
2023-02-23 15:59:37,079 : INFO : ball_device.bd_plunger : State: waiting_for_target_ready
2023-02-23 15:59:37,080 : INFO : EventManager : Event: ======'balldevice_bd_plunger_ball_eject_attempt'====== Args={'balls': 1, 'target': <playfield.playfield>, 'source': <ball_device.bd_plunger>, 'mechanical_eject': True, 'num_attempts': 0}
2023-02-23 15:59:37,080 : INFO : ball_device.bd_plunger : State: ejecting
2023-02-23 15:59:37,080 : INFO : ball_device.bd_plunger : Ejecting ball to <playfield.playfield>
2023-02-23 15:59:37,080 : INFO : EventManager : Event: ======'balldevice_bd_plunger_ejecting_ball'====== Args={'balls': 1, 'target': <playfield.playfield>, 'source': <ball_device.bd_plunger>, 'mechanical_eject': True, 'num_attempts': 0}
2023-02-23 15:59:37,081 : INFO : ball_device.bd_plunger : Wait for ball to leave device
2023-02-23 15:59:37,309 : INFO : SwitchController : <<<<<<< 's_plunger' inactive >>>>>>>
2023-02-23 15:59:37,317 : INFO : ball_device.bd_plunger : State: ball_left
2023-02-23 15:59:37,317 : INFO : ball_device.bd_plunger : Ball left
2023-02-23 15:59:37,317 : INFO : ball_device.bd_plunger : Wait for confirm with timeout 10.0
2023-02-23 15:59:47,303 : INFO : ball_device.bd_plunger : State: failed_confirm
2023-02-23 15:59:47,305 : INFO : ball_device.bd_plunger : Got timeout (10.0s) before confirm from <playfield.playfield>
2023-02-23 15:59:47,399 : INFO : ball_device.bd_plunger : Confirming eject because target is playfield and ball did not return.
2023-02-23 15:59:47,400 : INFO : ball_device.bd_plunger : Eject successful
2023-02-23 15:59:47,400 : INFO : EventManager : Event: ======'balldevice_bd_plunger_ball_eject_success'====== Args={'balls': 1, 'target': <playfield.playfield>}
2023-02-23 15:59:47,402 : INFO : EventManager : Event: ======'balldevice_playfield_ball_enter'====== Args={'new_balls': 1, 'unclaimed_balls': 1, 'device': <playfield.playfield>}
2023-02-23 15:59:47,403 : INFO : EventManager : Event: ======'playfield_ball_count_change'====== Args={'balls': 1, 'change': 1}
2023-02-23 15:59:47,406 : INFO : EventManager : Event: ======'balldevice_bd_plunger_ball_count_changed'====== Args={'balls': 0}
2023-02-23 15:59:47,407 : INFO : ball_device.bd_plunger : State: idle
2023-02-23 16:00:14,484 : INFO : SwitchController : <<<<<<< 's_reentry_left' active >>>>>>>
2023-02-23 16:00:14,485 : INFO : EventManager : Event: ======'s_reentry_left_active'====== Args={}
2023-02-23 16:00:14,486 : INFO : EventManager : Event: ======'sw_playfield_active'====== Args={}
2023-02-23 16:00:14,488 : INFO : EventManager : Event: ======'machine_var_audits_switches_s_reentry_left'====== Args={'value': 610, 'prev_value': 609, 'change': 1}
2023-02-23 16:00:14,492 : INFO : EventManager : Event: ======'player_shot_reentryL_shot'====== Args={'value': 1, 'prev_value': 0, 'change': 1, 'player_num': 1}
2023-02-23 16:00:14,515 : INFO : EventManager : Event: ======'machine_var_audits_shots_reentryL_shot'====== Args={'value': 255, 'prev_value': 254, 'change': 1}
2023-02-23 16:00:14,516 : INFO : EventManager : Event: ======'reentryL_shot_hit'====== Args={'profile': 'reentry', 'state': 'off', 'advancing': True}
2023-02-23 16:00:14,516 : INFO : EventManager : Event: ======'reentryL_shot_reentry_hit'====== Args={'profile': 'reentry', 'state': 'off', 'advancing': True}
2023-02-23 16:00:14,516 : INFO : EventManager : Event: ======'reentryL_shot_reentry_off_hit'====== Args={'profile': 'reentry', 'state': 'off', 'advancing': True}
2023-02-23 16:00:14,517 : INFO : EventManager : Event: ======'reentryL_shot_off_hit'====== Args={'profile': 'reentry', 'state': 'off', 'advancing': True}
2023-02-23 16:00:14,517 : INFO : EventManager : Event: ======'logicblock_reentry_switch_counter_updated'====== Args={'value': 1, 'enabled': True}
2023-02-23 16:00:14,517 : INFO : EventManager : Event: ======'reentry_sound_active'====== Args={'count': 1}
2023-02-23 16:00:14,517 : INFO : EventManager : Event: ======'reentry_shot_hit'====== Args={}
2023-02-23 16:00:14,517 : INFO : EventManager : Event: ======'reentry_shot_off_hit'====== Args={}
2023-02-23 16:00:14,518 : INFO : EventManager : Event: ======'player_score'====== Args={'value': 1000, 'prev_value': 0, 'change': 1000, 'player_num': 1}
2023-02-23 16:00:14,593 : INFO : SwitchController : <<<<<<< 's_reentry_left' inactive >>>>>>>
2023-02-23 16:00:43,406 : INFO : SwitchController : <<<<<<< 's_reentry_middle' active >>>>>>>
2023-02-23 16:00:43,407 : INFO : EventManager : Event: ======'s_reentry_middle_active'====== Args={}
2023-02-23 16:00:43,407 : INFO : EventManager : Event: ======'sw_playfield_active'====== Args={}
2023-02-23 16:00:43,408 : INFO : EventManager : Event: ======'machine_var_audits_switches_s_reentry_middle'====== Args={'value': 311, 'prev_value': 310, 'change': 1}
2023-02-23 16:00:43,411 : INFO : EventManager : Event: ======'player_shot_reentryM_shot'====== Args={'value': 1, 'prev_value': 0, 'change': 1, 'player_num': 1}
2023-02-23 16:00:43,411 : INFO : EventManager : Event: ======'machine_var_audits_shots_reentryM_shot'====== Args={'value': 237, 'prev_value': 236, 'change': 1}
2023-02-23 16:00:43,412 : INFO : EventManager : Event: ======'reentryM_shot_hit'====== Args={'profile': 'reentry', 'state': 'off', 'advancing': True}
2023-02-23 16:00:43,412 : INFO : EventManager : Event: ======'reentryM_shot_reentry_hit'====== Args={'profile': 'reentry', 'state': 'off', 'advancing': True}
2023-02-23 16:00:43,412 : INFO : EventManager : Event: ======'reentryM_shot_reentry_off_hit'====== Args={'profile': 'reentry', 'state': 'off', 'advancing': True}
2023-02-23 16:00:43,413 : INFO : EventManager : Event: ======'reentryM_shot_off_hit'====== Args={'profile': 'reentry', 'state': 'off', 'advancing': True}
2023-02-23 16:00:43,413 : INFO : EventManager : Event: ======'reentry_shot_hit'====== Args={}
2023-02-23 16:00:43,413 : INFO : EventManager : Event: ======'reentry_shot_off_hit'====== Args={}
2023-02-23 16:00:43,413 : INFO : EventManager : Event: ======'player_score'====== Args={'value': 2000, 'prev_value': 1000, 'change': 1000, 'player_num': 1}
2023-02-23 16:00:43,492 : INFO : SwitchController : <<<<<<< 's_reentry_middle' inactive >>>>>>>
2023-02-23 16:00:56,794 : INFO : SwitchController : <<<<<<< 's_reentry_right' active >>>>>>>
2023-02-23 16:00:56,795 : INFO : EventManager : Event: ======'s_reentry_right_active'====== Args={}
2023-02-23 16:00:56,796 : INFO : EventManager : Event: ======'machine_var_audits_switches_s_reentry_right'====== Args={'value': 267, 'prev_value': 266, 'change': 1}
2023-02-23 16:00:56,798 : INFO : EventManager : Event: ======'player_shot_reentryR_shot'====== Args={'value': 1, 'prev_value': 0, 'change': 1, 'player_num': 1}
2023-02-23 16:00:56,799 : INFO : EventManager : Event: ======'machine_var_audits_shots_reentryR_shot'====== Args={'value': 209, 'prev_value': 208, 'change': 1}
2023-02-23 16:00:56,800 : INFO : EventManager : Event: ======'reentryR_shot_hit'====== Args={'profile': 'reentry', 'state': 'off', 'advancing': True}
2023-02-23 16:00:56,800 : INFO : EventManager : Event: ======'reentryR_shot_reentry_hit'====== Args={'profile': 'reentry', 'state': 'off', 'advancing': True}
2023-02-23 16:00:56,800 : INFO : EventManager : Event: ======'reentryR_shot_reentry_off_hit'====== Args={'profile': 'reentry', 'state': 'off', 'advancing': True}
2023-02-23 16:00:56,800 : INFO : EventManager : Event: ======'reentryR_shot_off_hit'====== Args={'profile': 'reentry', 'state': 'off', 'advancing': True}
2023-02-23 16:00:56,800 : INFO : EventManager : Event: ======'reentry_shot_complete'====== Args={'state': 'lit'}
2023-02-23 16:00:56,800 : INFO : EventManager : Event: ======'reentry_shot_lit_complete'====== Args={}
2023-02-23 16:00:56,801 : INFO : EventManager : Event: ======'reentry_shot_hit'====== Args={}
2023-02-23 16:00:56,801 : INFO : EventManager : Event: ======'reentry_shot_off_hit'====== Args={}
2023-02-23 16:00:56,801 : INFO : EventManager : Event: ======'player_score'====== Args={'value': 7000, 'prev_value': 2000, 'change': 5000, 'player_num': 1}
2023-02-23 16:00:56,801 : INFO : EventManager : Event: ======'player_score'====== Args={'value': 8000, 'prev_value': 7000, 'change': 1000, 'player_num': 1}
2023-02-23 16:00:56,894 : INFO : SwitchController : <<<<<<< 's_reentry_right' inactive >>>>>>>
2023-02-23 16:00:58,816 : INFO : EventManager : Event: ======'player_shot_reentryL_shot'====== Args={'value': 0, 'prev_value': 1, 'change': -1, 'player_num': 1}
2023-02-23 16:00:58,817 : INFO : EventManager : Event: ======'player_shot_reentryM_shot'====== Args={'value': 0, 'prev_value': 1, 'change': -1, 'player_num': 1}
2023-02-23 16:00:58,817 : INFO : EventManager : Event: ======'player_shot_reentryR_shot'====== Args={'value': 0, 'prev_value': 1, 'change': -1, 'player_num': 1}
2023-02-23 16:01:17,859 : INFO : SwitchController : <<<<<<< 's_reentry_middle' active >>>>>>>
2023-02-23 16:01:17,860 : INFO : EventManager : Event: ======'s_reentry_middle_active'====== Args={}
2023-02-23 16:01:17,860 : INFO : EventManager : Event: ======'sw_playfield_active'====== Args={}
2023-02-23 16:01:17,861 : INFO : EventManager : Event: ======'machine_var_audits_switches_s_reentry_middle'====== Args={'value': 312, 'prev_value': 311, 'change': 1}
2023-02-23 16:01:17,863 : INFO : EventManager : Event: ======'player_shot_reentryM_shot'====== Args={'value': 1, 'prev_value': 0, 'change': 1, 'player_num': 1}
2023-02-23 16:01:17,864 : INFO : EventManager : Event: ======'machine_var_audits_shots_reentryM_shot'====== Args={'value': 238, 'prev_value': 237, 'change': 1}
2023-02-23 16:01:17,873 : INFO : EventManager : Event: ======'reentryM_shot_hit'====== Args={'profile': 'reentry', 'state': 'off', 'advancing': True}
2023-02-23 16:01:17,873 : INFO : EventManager : Event: ======'reentryM_shot_reentry_hit'====== Args={'profile': 'reentry', 'state': 'off', 'advancing': True}
2023-02-23 16:01:17,873 : INFO : EventManager : Event: ======'reentryM_shot_reentry_off_hit'====== Args={'profile': 'reentry', 'state': 'off', 'advancing': True}
2023-02-23 16:01:17,873 : INFO : EventManager : Event: ======'reentryM_shot_off_hit'====== Args={'profile': 'reentry', 'state': 'off', 'advancing': True}
2023-02-23 16:01:17,874 : INFO : EventManager : Event: ======'reentry_shot_hit'====== Args={}
2023-02-23 16:01:17,874 : INFO : EventManager : Event: ======'reentry_shot_off_hit'====== Args={}
2023-02-23 16:01:17,874 : INFO : EventManager : Event: ======'player_score'====== Args={'value': 9000, 'prev_value': 8000, 'change': 1000, 'player_num': 1}
2023-02-23 16:01:17,945 : INFO : SwitchController : <<<<<<< 's_reentry_middle' inactive >>>>>>>
2023-02-23 16:01:21,073 : INFO : SwitchController : <<<<<<< 's_reentry_left' active >>>>>>>
2023-02-23 16:01:21,074 : INFO : EventManager : Event: ======'s_reentry_left_active'====== Args={}
2023-02-23 16:01:21,074 : INFO : EventManager : Event: ======'sw_playfield_active'====== Args={}
2023-02-23 16:01:21,075 : INFO : EventManager : Event: ======'machine_var_audits_switches_s_reentry_left'====== Args={'value': 611, 'prev_value': 610, 'change': 1}
2023-02-23 16:01:21,078 : INFO : EventManager : Event: ======'player_shot_reentryL_shot'====== Args={'value': 1, 'prev_value': 0, 'change': 1, 'player_num': 1}
2023-02-23 16:01:21,080 : INFO : EventManager : Event: ======'machine_var_audits_shots_reentryL_shot'====== Args={'value': 256, 'prev_value': 255, 'change': 1}
2023-02-23 16:01:21,108 : INFO : EventManager : Event: ======'reentryL_shot_hit'====== Args={'profile': 'reentry', 'state': 'off', 'advancing': True}
2023-02-23 16:01:21,108 : INFO : EventManager : Event: ======'reentryL_shot_reentry_hit'====== Args={'profile': 'reentry', 'state': 'off', 'advancing': True}
2023-02-23 16:01:21,109 : INFO : EventManager : Event: ======'reentryL_shot_reentry_off_hit'====== Args={'profile': 'reentry', 'state': 'off', 'advancing': True}
2023-02-23 16:01:21,109 : INFO : EventManager : Event: ======'reentryL_shot_off_hit'====== Args={'profile': 'reentry', 'state': 'off', 'advancing': True}
2023-02-23 16:01:21,109 : INFO : EventManager : Event: ======'logicblock_reentry_switch_counter_updated'====== Args={'value': 2, 'enabled': True}
2023-02-23 16:01:21,109 : INFO : EventManager : Event: ======'reentry_sound_active'====== Args={'count': 2}
2023-02-23 16:01:21,110 : INFO : EventManager : Event: ======'reentry_shot_hit'====== Args={}
2023-02-23 16:01:21,111 : INFO : EventManager : Event: ======'reentry_shot_off_hit'====== Args={}
2023-02-23 16:01:21,111 : INFO : EventManager : Event: ======'player_score'====== Args={'value': 10000, 'prev_value': 9000, 'change': 1000, 'player_num': 1}
2023-02-23 16:01:21,198 : INFO : SwitchController : <<<<<<< 's_reentry_left' inactive >>>>>>>
2023-02-23 16:01:21,963 : INFO : SwitchController : <<<<<<< 's_reentry_right' active >>>>>>>
2023-02-23 16:01:21,964 : INFO : EventManager : Event: ======'s_reentry_right_active'====== Args={}
2023-02-23 16:01:21,965 : INFO : EventManager : Event: ======'machine_var_audits_switches_s_reentry_right'====== Args={'value': 268, 'prev_value': 267, 'change': 1}
2023-02-23 16:01:21,967 : INFO : EventManager : Event: ======'player_shot_reentryR_shot'====== Args={'value': 1, 'prev_value': 0, 'change': 1, 'player_num': 1}
2023-02-23 16:01:21,968 : INFO : EventManager : Event: ======'machine_var_audits_shots_reentryR_shot'====== Args={'value': 210, 'prev_value': 209, 'change': 1}
2023-02-23 16:01:21,969 : INFO : EventManager : Event: ======'reentryR_shot_hit'====== Args={'profile': 'reentry', 'state': 'off', 'advancing': True}
2023-02-23 16:01:21,969 : INFO : EventManager : Event: ======'reentryR_shot_reentry_hit'====== Args={'profile': 'reentry', 'state': 'off', 'advancing': True}
2023-02-23 16:01:21,969 : INFO : EventManager : Event: ======'reentryR_shot_reentry_off_hit'====== Args={'profile': 'reentry', 'state': 'off', 'advancing': True}
2023-02-23 16:01:21,969 : INFO : EventManager : Event: ======'reentryR_shot_off_hit'====== Args={'profile': 'reentry', 'state': 'off', 'advancing': True}
2023-02-23 16:01:21,969 : INFO : EventManager : Event: ======'reentry_shot_complete'====== Args={'state': 'lit'}
2023-02-23 16:01:21,970 : INFO : EventManager : Event: ======'reentry_shot_lit_complete'====== Args={}
2023-02-23 16:01:21,970 : INFO : EventManager : Event: ======'reentry_shot_hit'====== Args={}
2023-02-23 16:01:21,970 : INFO : EventManager : Event: ======'reentry_shot_off_hit'====== Args={}
2023-02-23 16:01:21,970 : INFO : EventManager : Event: ======'player_score'====== Args={'value': 15000, 'prev_value': 10000, 'change': 5000, 'player_num': 1}
2023-02-23 16:01:21,971 : INFO : EventManager : Event: ======'player_score'====== Args={'value': 16000, 'prev_value': 15000, 'change': 1000, 'player_num': 1}
2023-02-23 16:01:22,153 : INFO : SwitchController : <<<<<<< 's_reentry_right' inactive >>>>>>>
2023-02-23 16:01:23,966 : INFO : EventManager : Event: ======'player_shot_reentryL_shot'====== Args={'value': 0, 'prev_value': 1, 'change': -1, 'player_num': 1}
2023-02-23 16:01:23,967 : INFO : EventManager : Event: ======'player_shot_reentryM_shot'====== Args={'value': 0, 'prev_value': 1, 'change': -1, 'player_num': 1}
2023-02-23 16:01:23,968 : INFO : EventManager : Event: ======'player_shot_reentryR_shot'====== Args={'value': 0, 'prev_value': 1, 'change': -1, 'player_num': 1}
2023-02-23 16:01:31,053 : INFO : Machine : Shutting down...
2023-02-23 16:01:31,053 : INFO : EventManager : Event: ======'shutdown'====== Args={}
2023-02-23 16:01:31,057 : INFO : root : MPF run loop ended.
