2023-12-06 20:53:38,108 : INFO : root : Loading config.
2023-12-06 20:53:38,436 : INFO : ConfigProcessor : Config spec file cache created: C:\Users\student\AppData\Local\Temp\config_spec.mpf_cache
2023-12-06 20:53:38,437 : INFO : YamlMultifileConfigLoader : Machine config file #1: config.yaml
2023-12-06 20:53:38,437 : INFO : ConfigProcessor : Loading config from file c:\users\student\mpfenv\lib\site-packages\mpf\mpfconfig.yaml.
2023-12-06 20:53:38,500 : INFO : ConfigProcessor : Loading config: c:\users\student\mpfenv\lib\site-packages\mpf\mpfconfig.yaml
2023-12-06 20:53:38,500 : INFO : ConfigProcessor : Loading config from file C:\Users\student\pinball\cobraPinTest1\config\config.yaml.
2023-12-06 20:53:38,542 : INFO : ConfigProcessor : Loading config: C:\Users\student\pinball\cobraPinTest1\config\config.yaml
2023-12-06 20:53:38,544 : INFO : ConfigProcessor : Config file cache created: C:\Users\student\AppData\Local\Temp\f1427cd4cbc9163bc2263f349f0fb463.mpf_cache
2023-12-06 20:53:38,610 : INFO : ConfigProcessor : Loading config from file c:\users\student\mpfenv\lib\site-packages\mpf\modes\attract\config\attract.yaml.
2023-12-06 20:53:38,611 : INFO : ConfigProcessor : Loading config: c:\users\student\mpfenv\lib\site-packages\mpf\modes\attract\config\attract.yaml
2023-12-06 20:53:38,612 : INFO : ConfigProcessor : Loading config from file C:\Users\student\pinball\cobraPinTest1\modes\attract\config\attract.yaml.
2023-12-06 20:53:38,613 : INFO : ConfigProcessor : Loading config: C:\Users\student\pinball\cobraPinTest1\modes\attract\config\attract.yaml
2023-12-06 20:53:38,613 : INFO : ConfigProcessor : Config file cache created: C:\Users\student\AppData\Local\Temp\32ed7ad340ce8029344f8b9ff63edc80.mpf_cache
2023-12-06 20:53:38,614 : INFO : ConfigProcessor : Loading config from file c:\users\student\mpfenv\lib\site-packages\mpf\modes\game\config\game.yaml.
2023-12-06 20:53:38,615 : INFO : ConfigProcessor : Loading config: c:\users\student\mpfenv\lib\site-packages\mpf\modes\game\config\game.yaml
2023-12-06 20:53:38,616 : INFO : ConfigProcessor : Config file cache created: C:\Users\student\AppData\Local\Temp\8696bd5a5a040ff67990be11cb4d3c0c.mpf_cache
2023-12-06 20:53:38,617 : INFO : ConfigProcessor : Loading config from file C:\Users\student\pinball\cobraPinTest1\modes\base\config\base.yaml.
2023-12-06 20:53:38,621 : INFO : ConfigProcessor : Loading config: C:\Users\student\pinball\cobraPinTest1\modes\base\config\base.yaml
2023-12-06 20:53:38,622 : INFO : ConfigProcessor : Config file cache created: C:\Users\student\AppData\Local\Temp\4675a535c8328a9c278c807d999ed109.mpf_cache
2023-12-06 20:53:38,622 : INFO : ConfigProcessor : Loading config from file C:\Users\student\pinball\cobraPinTest1\modes\reentry\config\reentry.yaml.
2023-12-06 20:53:38,639 : INFO : ConfigProcessor : Loading config: C:\Users\student\pinball\cobraPinTest1\modes\reentry\config\reentry.yaml
2023-12-06 20:53:38,640 : INFO : ConfigProcessor : Config file cache created: C:\Users\student\AppData\Local\Temp\0c8438cab3480347c0c749fa494946a2.mpf_cache
2023-12-06 20:53:38,641 : INFO : ConfigProcessor : Loading config from file C:\Users\student\pinball\cobraPinTest1\modes\medal\config\medal.yaml.
2023-12-06 20:53:38,662 : INFO : ConfigProcessor : Loading config: C:\Users\student\pinball\cobraPinTest1\modes\medal\config\medal.yaml
2023-12-06 20:53:38,663 : INFO : ConfigProcessor : Config file cache created: C:\Users\student\AppData\Local\Temp\edae2e0e7aeda847f5007d89f37fc8de.mpf_cache
2023-12-06 20:53:38,663 : INFO : ConfigProcessor : Loading config from file C:\Users\student\pinball\cobraPinTest1\modes\attract\shows\.\attract_display_loop.yaml.
2023-12-06 20:53:38,672 : INFO : ConfigProcessor : Loading config: C:\Users\student\pinball\cobraPinTest1\modes\attract\shows\.\attract_display_loop.yaml
2023-12-06 20:53:38,672 : INFO : ConfigProcessor : Config file cache created: C:\Users\student\AppData\Local\Temp\f8d2c2cf3ea01f085365ea23fa51a701.mpf_cache
2023-12-06 20:53:38,673 : INFO : ConfigProcessor : Loading config from file C:\Users\student\pinball\cobraPinTest1\modes\attract\shows\.\attract_light_show.yaml.
2023-12-06 20:53:38,678 : INFO : ConfigProcessor : Loading config: C:\Users\student\pinball\cobraPinTest1\modes\attract\shows\.\attract_light_show.yaml
2023-12-06 20:53:38,678 : INFO : ConfigProcessor : Config file cache created: C:\Users\student\AppData\Local\Temp\30bd992f4b62a9b099207aebeb59554c.mpf_cache
2023-12-06 20:53:38,679 : INFO : Machine : Mission Pinball Framework Core Engine v0.55.0
2023-12-06 20:53:38,679 : INFO : Machine : Command line arguments: {'no_load_cache': True, 'create_config_cache': True, 'bcp': True, 'configfile': ['config.yaml'], 'force_assets_load': False, 'jsonlogging': False, 'logfile': 'logs\\2023-12-06-20-53-38-mpf-DESKTOP-0JH7ARL.log', 'pause': False, 'production': False, 'text_ui': True, 'loglevel': 15, 'consoleloglevel': 20, 'force_platform': None, 'syslog_address': None, 'mc_file_name': None, 'no_sound': False}
2023-12-06 20:53:38,679 : INFO : Machine : MPF path: c:\users\student\mpfenv\lib\site-packages\mpf
2023-12-06 20:53:38,679 : INFO : Machine : Machine path: C:\Users\student\pinball\cobraPinTest1
2023-12-06 20:53:38,679 : INFO : Machine : Platform: win32
2023-12-06 20:53:38,679 : INFO : Machine : Python executable location: c:\users\student\mpfenv\scripts\python.exe
2023-12-06 20:53:38,679 : INFO : Machine : Python version: 3.7.8 (64-bit)
2023-12-06 20:53:38,681 : INFO : Machine : Initialise MPF.
2023-12-06 20:53:38,962 : INFO : EventManager : Event: ======'machine_var_credits_string'====== Args={'value': 'FREE PLAY', 'prev_value': None, 'change': True}
2023-12-06 20:53:39,005 : INFO : EventManager : Event: ======'machine_var_master_volume'====== Args={'value': 0.5, 'prev_value': None, 'change': True}
2023-12-06 20:53:39,005 : INFO : EventManager : Event: ======'machine_var_player1_score'====== Args={'value': 1500, 'prev_value': None, 'change': True}
2023-12-06 20:53:39,005 : INFO : EventManager : Event: ======'machine_var_mpf_version'====== Args={'value': 'MPF v0.55.0', 'prev_value': None, 'change': True}
2023-12-06 20:53:39,005 : INFO : EventManager : Event: ======'machine_var_mpf_extended_version'====== Args={'value': 'MPF v0.55.0, Config version:5, Show version: 5, BCP version:1.1', 'prev_value': None, 'change': True}
2023-12-06 20:53:39,005 : INFO : EventManager : Event: ======'machine_var_python_version'====== Args={'value': '3.7.8', 'prev_value': None, 'change': True}
2023-12-06 20:53:39,006 : INFO : EventManager : Event: ======'machine_var_platform'====== Args={'value': 'Windows-10-10.0.19041-SP0', 'prev_value': None, 'change': True}
2023-12-06 20:53:39,006 : INFO : EventManager : Event: ======'machine_var_platform_system'====== Args={'value': 'Windows', 'prev_value': None, 'change': True}
2023-12-06 20:53:39,006 : INFO : EventManager : Event: ======'machine_var_platform_release'====== Args={'value': '10', 'prev_value': None, 'change': True}
2023-12-06 20:53:39,006 : INFO : EventManager : Event: ======'machine_var_platform_version'====== Args={'value': '10.0.19041', 'prev_value': None, 'change': True}
2023-12-06 20:53:39,006 : INFO : EventManager : Event: ======'machine_var_platform_machine'====== Args={'value': 'AMD64', 'prev_value': None, 'change': True}
2023-12-06 20:53:39,006 : INFO : EventManager : Event: ======'init_phase_1'====== Args={}
2023-12-06 20:53:39,025 : INFO : EventManager : Event: ======'init_phase_2'====== Args={}
2023-12-06 20:53:39,026 : INFO : SwitchController : Found active switch: ('0-0-8', <Platform.Virtual>) <switch.s_trough1>
2023-12-06 20:53:39,029 : INFO : EventManager : Event: ======'bcp_connection_attempt'====== Args={'name': 'local_display', 'host': 'localhost', 'port': 5050}
2023-12-06 20:53:39,030 : INFO : BCPClientSocket : Connecting BCP to 'local_display' at localhost:5050...
2023-12-06 20:53:41,073 : INFO : BCPClientSocket : Connected BCP to 'local_display' localhost:5050
2023-12-06 20:53:41,074 : INFO : EventManager : Event: ======'bcp_clients_connected'====== Args={}
2023-12-06 20:53:41,092 : INFO : ball_device.bd_trough : BCH: Initial count: 1
2023-12-06 20:53:41,092 : INFO : EventManager : Event: ======'machine_var_mc_version'====== Args={'value': 'MPF-MC v0.55.0', 'prev_value': None, 'change': True}
2023-12-06 20:53:41,092 : INFO : EventManager : Event: ======'machine_var_mc_extended_version'====== Args={'value': 'MPF-MC v0.55.0 (config_version=5, BCP v1.1, Requires MPF v0.55.0-dev.49)', 'prev_value': None, 'change': True}
2023-12-06 20:53:41,094 : INFO : ball_device.bd_trough : State: idle
2023-12-06 20:53:41,109 : INFO : ball_device.bd_plunger : BCH: Initial count: 0
2023-12-06 20:53:41,109 : INFO : ball_device.bd_plunger : State: idle
2023-12-06 20:53:41,173 : INFO : EventManager : Event: ======'init_phase_3'====== Args={}
2023-12-06 20:53:41,179 : INFO : EventManager : Event: ======'init_phase_4'====== Args={}
2023-12-06 20:53:41,179 : INFO : BallController : Initial balls found: 1
2023-12-06 20:53:41,180 : INFO : EventManager : Event: ======'machine_var_audits_events_game_ended'====== Args={'value': 0, 'prev_value': None, 'change': True}
2023-12-06 20:53:41,180 : INFO : EventManager : Event: ======'machine_var_audits_events_game_started'====== Args={'value': 0, 'prev_value': None, 'change': True}
2023-12-06 20:53:41,181 : INFO : EventManager : Event: ======'machine_var_audits_player_score'====== Args={'value': {'average': 1800.0, 'top': [2000, 1900, 1500], 'total': 3}, 'prev_value': None, 'change': True}
2023-12-06 20:53:41,181 : INFO : EventManager : Event: ======'machine_var_audits_shots_medalL_shot'====== Args={'value': 114, 'prev_value': None, 'change': True}
2023-12-06 20:53:41,181 : INFO : EventManager : Event: ======'machine_var_audits_shots_medalM_shot'====== Args={'value': 110, 'prev_value': None, 'change': True}
2023-12-06 20:53:41,181 : INFO : EventManager : Event: ======'machine_var_audits_shots_medalR_shot'====== Args={'value': 111, 'prev_value': None, 'change': True}
2023-12-06 20:53:41,182 : INFO : EventManager : Event: ======'machine_var_audits_shots_my_first_shot'====== Args={'value': 119, 'prev_value': None, 'change': True}
2023-12-06 20:53:41,182 : INFO : EventManager : Event: ======'machine_var_audits_shots_my_first_shot_mode2'====== Args={'value': 72, 'prev_value': None, 'change': True}
2023-12-06 20:53:41,183 : INFO : EventManager : Event: ======'machine_var_audits_shots_reentryL_shot'====== Args={'value': 397, 'prev_value': None, 'change': True}
2023-12-06 20:53:41,183 : INFO : EventManager : Event: ======'machine_var_audits_shots_reentryM_shot'====== Args={'value': 373, 'prev_value': None, 'change': True}
2023-12-06 20:53:41,184 : INFO : EventManager : Event: ======'machine_var_audits_shots_reentryR_shot'====== Args={'value': 341, 'prev_value': None, 'change': True}
2023-12-06 20:53:41,184 : INFO : EventManager : Event: ======'machine_var_audits_shots_reentry_shot'====== Args={'value': 9, 'prev_value': None, 'change': True}
2023-12-06 20:53:41,184 : INFO : EventManager : Event: ======'machine_var_audits_shots_top_lane_A'====== Args={'value': 12, 'prev_value': None, 'change': True}
2023-12-06 20:53:41,185 : INFO : EventManager : Event: ======'machine_var_audits_shots_top_lane_J'====== Args={'value': 12, 'prev_value': None, 'change': True}
2023-12-06 20:53:41,185 : INFO : EventManager : Event: ======'machine_var_audits_shots_top_lane_M'====== Args={'value': 9, 'prev_value': None, 'change': True}
2023-12-06 20:53:41,186 : INFO : EventManager : Event: ======'machine_var_audits_switches_s_blackhole_kicker'====== Args={'value': 0, 'prev_value': None, 'change': True}
2023-12-06 20:53:41,186 : INFO : EventManager : Event: ======'machine_var_audits_switches_s_bonus_lane'====== Args={'value': 0, 'prev_value': None, 'change': True}
2023-12-06 20:53:41,186 : INFO : EventManager : Event: ======'machine_var_audits_switches_s_booster_drop_target_1'====== Args={'value': 0, 'prev_value': None, 'change': True}
2023-12-06 20:53:41,186 : INFO : EventManager : Event: ======'machine_var_audits_switches_s_booster_drop_target_2'====== Args={'value': 0, 'prev_value': None, 'change': True}
2023-12-06 20:53:41,186 : INFO : EventManager : Event: ======'machine_var_audits_switches_s_booster_drop_target_3'====== Args={'value': 0, 'prev_value': None, 'change': True}
2023-12-06 20:53:41,187 : INFO : EventManager : Event: ======'machine_var_audits_switches_s_comet_spot_1'====== Args={'value': 0, 'prev_value': None, 'change': True}
2023-12-06 20:53:41,187 : INFO : EventManager : Event: ======'machine_var_audits_switches_s_comet_spot_2'====== Args={'value': 0, 'prev_value': None, 'change': True}
2023-12-06 20:53:41,187 : INFO : EventManager : Event: ======'machine_var_audits_switches_s_comet_spot_3'====== Args={'value': 0, 'prev_value': None, 'change': True}
2023-12-06 20:53:41,188 : INFO : EventManager : Event: ======'machine_var_audits_switches_s_engine_bumper_1'====== Args={'value': 0, 'prev_value': None, 'change': True}
2023-12-06 20:53:41,188 : INFO : EventManager : Event: ======'machine_var_audits_switches_s_engine_bumper_2'====== Args={'value': 0, 'prev_value': None, 'change': True}
2023-12-06 20:53:41,188 : INFO : EventManager : Event: ======'machine_var_audits_switches_s_engine_bumper_3'====== Args={'value': 0, 'prev_value': None, 'change': True}
2023-12-06 20:53:41,188 : INFO : EventManager : Event: ======'machine_var_audits_switches_s_fuel_chute_1'====== Args={'value': 0, 'prev_value': None, 'change': True}
2023-12-06 20:53:41,189 : INFO : EventManager : Event: ======'machine_var_audits_switches_s_fuel_chute_2'====== Args={'value': 0, 'prev_value': None, 'change': True}
2023-12-06 20:53:41,189 : INFO : EventManager : Event: ======'machine_var_audits_switches_s_fuel_chute_3'====== Args={'value': 0, 'prev_value': None, 'change': True}
2023-12-06 20:53:41,189 : INFO : EventManager : Event: ======'machine_var_audits_switches_s_fuel_chute_4'====== Args={'value': 0, 'prev_value': None, 'change': True}
2023-12-06 20:53:41,189 : INFO : EventManager : Event: ======'machine_var_audits_switches_s_fuel_chute_5'====== Args={'value': 0, 'prev_value': None, 'change': True}
2023-12-06 20:53:41,189 : INFO : EventManager : Event: ======'machine_var_audits_switches_s_fuel_chute_6'====== Args={'value': 0, 'prev_value': None, 'change': True}
2023-12-06 20:53:41,190 : INFO : EventManager : Event: ======'machine_var_audits_switches_s_fuel_flag'====== Args={'value': 0, 'prev_value': None, 'change': True}
2023-12-06 20:53:41,190 : INFO : EventManager : Event: ======'machine_var_audits_switches_s_fuel_spot_1'====== Args={'value': 0, 'prev_value': None, 'change': True}
2023-12-06 20:53:41,190 : INFO : EventManager : Event: ======'machine_var_audits_switches_s_fuel_spot_2'====== Args={'value': 0, 'prev_value': None, 'change': True}
2023-12-06 20:53:41,190 : INFO : EventManager : Event: ======'machine_var_audits_switches_s_fuel_spot_3'====== Args={'value': 0, 'prev_value': None, 'change': True}
2023-12-06 20:53:41,191 : INFO : EventManager : Event: ======'machine_var_audits_switches_s_green_wormhole'====== Args={'value': 0, 'prev_value': None, 'change': True}
2023-12-06 20:53:41,191 : INFO : EventManager : Event: ======'machine_var_audits_switches_s_hyperspace_flag'====== Args={'value': 0, 'prev_value': None, 'change': True}
2023-12-06 20:53:41,191 : INFO : EventManager : Event: ======'machine_var_audits_switches_s_hyperspacekicker'====== Args={'value': 0, 'prev_value': None, 'change': True}
2023-12-06 20:53:41,192 : INFO : EventManager : Event: ======'machine_var_audits_switches_s_launch_lane_1'====== Args={'value': 0, 'prev_value': None, 'change': True}
2023-12-06 20:53:41,192 : INFO : EventManager : Event: ======'machine_var_audits_switches_s_launch_lane_2'====== Args={'value': 0, 'prev_value': None, 'change': True}
2023-12-06 20:53:41,192 : INFO : EventManager : Event: ======'machine_var_audits_switches_s_launch_lane_3'====== Args={'value': 0, 'prev_value': None, 'change': True}
2023-12-06 20:53:41,192 : INFO : EventManager : Event: ======'machine_var_audits_switches_s_launch_ramp'====== Args={'value': 0, 'prev_value': None, 'change': True}
2023-12-06 20:53:41,193 : INFO : EventManager : Event: ======'machine_var_audits_switches_s_left_attack_bumper'====== Args={'value': 0, 'prev_value': None, 'change': True}
2023-12-06 20:53:41,193 : INFO : EventManager : Event: ======'machine_var_audits_switches_s_left_flipper'====== Args={'value': 467, 'prev_value': None, 'change': True}
2023-12-06 20:53:41,194 : INFO : EventManager : Event: ======'machine_var_audits_switches_s_left_out_lane'====== Args={'value': 0, 'prev_value': None, 'change': True}
2023-12-06 20:53:41,195 : INFO : EventManager : Event: ======'machine_var_audits_switches_s_left_out_lane_kicker'====== Args={'value': 0, 'prev_value': None, 'change': True}
2023-12-06 20:53:41,196 : INFO : EventManager : Event: ======'machine_var_audits_switches_s_left_return_lane'====== Args={'value': 0, 'prev_value': None, 'change': True}
2023-12-06 20:53:41,196 : INFO : EventManager : Event: ======'machine_var_audits_switches_s_lower_attack_bumper'====== Args={'value': 0, 'prev_value': None, 'change': True}
2023-12-06 20:53:41,197 : INFO : EventManager : Event: ======'machine_var_audits_switches_s_lower_left_rebound'====== Args={'value': 0, 'prev_value': None, 'change': True}
2023-12-06 20:53:41,197 : INFO : EventManager : Event: ======'machine_var_audits_switches_s_lower_left_slingshot'====== Args={'value': 0, 'prev_value': None, 'change': True}
2023-12-06 20:53:41,198 : INFO : EventManager : Event: ======'machine_var_audits_switches_s_lower_right_rebound'====== Args={'value': 0, 'prev_value': None, 'change': True}
2023-12-06 20:53:41,199 : INFO : EventManager : Event: ======'machine_var_audits_switches_s_lower_right_slingshot'====== Args={'value': 0, 'prev_value': None, 'change': True}
2023-12-06 20:53:41,199 : INFO : EventManager : Event: ======'machine_var_audits_switches_s_medal_drop_left'====== Args={'value': 128, 'prev_value': None, 'change': True}
2023-12-06 20:53:41,200 : INFO : EventManager : Event: ======'machine_var_audits_switches_s_medal_drop_middle'====== Args={'value': 124, 'prev_value': None, 'change': True}
2023-12-06 20:53:41,200 : INFO : EventManager : Event: ======'machine_var_audits_switches_s_medal_drop_right'====== Args={'value': 125, 'prev_value': None, 'change': True}
2023-12-06 20:53:41,201 : INFO : EventManager : Event: ======'machine_var_audits_switches_s_mission_spot_1'====== Args={'value': 0, 'prev_value': None, 'change': True}
2023-12-06 20:53:41,201 : INFO : EventManager : Event: ======'machine_var_audits_switches_s_mission_spot_2'====== Args={'value': 0, 'prev_value': None, 'change': True}
2023-12-06 20:53:41,201 : INFO : EventManager : Event: ======'machine_var_audits_switches_s_mission_spot_3'====== Args={'value': 0, 'prev_value': None, 'change': True}
2023-12-06 20:53:41,202 : INFO : EventManager : Event: ======'machine_var_audits_switches_s_multiplier_left'====== Args={'value': 0, 'prev_value': None, 'change': True}
2023-12-06 20:53:41,202 : INFO : EventManager : Event: ======'machine_var_audits_switches_s_multiplier_middle'====== Args={'value': 0, 'prev_value': None, 'change': True}
2023-12-06 20:53:41,203 : INFO : EventManager : Event: ======'machine_var_audits_switches_s_multiplier_right'====== Args={'value': 0, 'prev_value': None, 'change': True}
2023-12-06 20:53:41,203 : INFO : EventManager : Event: ======'machine_var_audits_switches_s_plunger'====== Args={'value': 138, 'prev_value': None, 'change': True}
2023-12-06 20:53:41,203 : INFO : EventManager : Event: ======'machine_var_audits_switches_s_radiationspot_1'====== Args={'value': 0, 'prev_value': None, 'change': True}
2023-12-06 20:53:41,203 : INFO : EventManager : Event: ======'machine_var_audits_switches_s_radiationspot_2'====== Args={'value': 0, 'prev_value': None, 'change': True}
2023-12-06 20:53:41,203 : INFO : EventManager : Event: ======'machine_var_audits_switches_s_radiationspot_3'====== Args={'value': 0, 'prev_value': None, 'change': True}
2023-12-06 20:53:41,205 : INFO : EventManager : Event: ======'machine_var_audits_switches_s_red_wormhole'====== Args={'value': 0, 'prev_value': None, 'change': True}
2023-12-06 20:53:41,205 : INFO : EventManager : Event: ======'machine_var_audits_switches_s_reentry_left'====== Args={'value': 752, 'prev_value': None, 'change': True}
2023-12-06 20:53:41,205 : INFO : EventManager : Event: ======'machine_var_audits_switches_s_reentry_middle'====== Args={'value': 447, 'prev_value': None, 'change': True}
2023-12-06 20:53:41,205 : INFO : EventManager : Event: ======'machine_var_audits_switches_s_reentry_right'====== Args={'value': 400, 'prev_value': None, 'change': True}
2023-12-06 20:53:41,206 : INFO : EventManager : Event: ======'machine_var_audits_switches_s_right_flipper'====== Args={'value': 191, 'prev_value': None, 'change': True}
2023-12-06 20:53:41,206 : INFO : EventManager : Event: ======'machine_var_audits_switches_s_right_inlane'====== Args={'value': 0, 'prev_value': None, 'change': True}
2023-12-06 20:53:41,206 : INFO : EventManager : Event: ======'machine_var_audits_switches_s_right_out_lane'====== Args={'value': 0, 'prev_value': None, 'change': True}
2023-12-06 20:53:41,207 : INFO : EventManager : Event: ======'machine_var_audits_switches_s_right_out_lane_kicker'====== Args={'value': 0, 'prev_value': None, 'change': True}
2023-12-06 20:53:41,207 : INFO : EventManager : Event: ======'machine_var_audits_switches_s_right_return_lane'====== Args={'value': 0, 'prev_value': None, 'change': True}
2023-12-06 20:53:41,207 : INFO : EventManager : Event: ======'machine_var_audits_switches_s_satellite_bumper'====== Args={'value': 0, 'prev_value': None, 'change': True}
2023-12-06 20:53:41,208 : INFO : EventManager : Event: ======'machine_var_audits_switches_s_secondary_outlane_kicker'====== Args={'value': 0, 'prev_value': None, 'change': True}
2023-12-06 20:53:41,208 : INFO : EventManager : Event: ======'machine_var_audits_switches_s_skill_shot_1'====== Args={'value': 0, 'prev_value': None, 'change': True}
2023-12-06 20:53:41,208 : INFO : EventManager : Event: ======'machine_var_audits_switches_s_skill_shot_2'====== Args={'value': 0, 'prev_value': None, 'change': True}
2023-12-06 20:53:41,208 : INFO : EventManager : Event: ======'machine_var_audits_switches_s_skill_shot_3'====== Args={'value': 0, 'prev_value': None, 'change': True}
2023-12-06 20:53:41,209 : INFO : EventManager : Event: ======'machine_var_audits_switches_s_skill_shot_4'====== Args={'value': 0, 'prev_value': None, 'change': True}
2023-12-06 20:53:41,209 : INFO : EventManager : Event: ======'machine_var_audits_switches_s_skill_shot_5'====== Args={'value': 0, 'prev_value': None, 'change': True}
2023-12-06 20:53:41,209 : INFO : EventManager : Event: ======'machine_var_audits_switches_s_skill_shot_6'====== Args={'value': 0, 'prev_value': None, 'change': True}
2023-12-06 20:53:41,210 : INFO : EventManager : Event: ======'machine_var_audits_switches_s_skill_shot_lane'====== Args={'value': 0, 'prev_value': None, 'change': True}
2023-12-06 20:53:41,210 : INFO : EventManager : Event: ======'machine_var_audits_switches_s_spacewarp_rollover'====== Args={'value': 0, 'prev_value': None, 'change': True}
2023-12-06 20:53:41,210 : INFO : EventManager : Event: ======'machine_var_audits_switches_s_start'====== Args={'value': 6, 'prev_value': None, 'change': True}
2023-12-06 20:53:41,211 : INFO : EventManager : Event: ======'machine_var_audits_switches_s_trough1'====== Args={'value': 30, 'prev_value': None, 'change': True}
2023-12-06 20:53:41,211 : INFO : EventManager : Event: ======'machine_var_audits_switches_s_trough2'====== Args={'value': 0, 'prev_value': None, 'change': True}
2023-12-06 20:53:41,212 : INFO : EventManager : Event: ======'machine_var_audits_switches_s_trough3'====== Args={'value': 0, 'prev_value': None, 'change': True}
2023-12-06 20:53:41,212 : INFO : EventManager : Event: ======'machine_var_audits_switches_s_trough4'====== Args={'value': 0, 'prev_value': None, 'change': True}
2023-12-06 20:53:41,213 : INFO : EventManager : Event: ======'machine_var_audits_switches_s_trough5'====== Args={'value': 0, 'prev_value': None, 'change': True}
2023-12-06 20:53:41,214 : INFO : EventManager : Event: ======'machine_var_audits_switches_s_trough6'====== Args={'value': 0, 'prev_value': None, 'change': True}
2023-12-06 20:53:41,214 : INFO : EventManager : Event: ======'machine_var_audits_switches_s_trough_jam'====== Args={'value': 0, 'prev_value': None, 'change': True}
2023-12-06 20:53:41,215 : INFO : EventManager : Event: ======'machine_var_audits_switches_s_upper_attack_bumper'====== Args={'value': 0, 'prev_value': None, 'change': True}
2023-12-06 20:53:41,216 : INFO : EventManager : Event: ======'machine_var_audits_switches_s_upper_left_rebound'====== Args={'value': 0, 'prev_value': None, 'change': True}
2023-12-06 20:53:41,216 : INFO : EventManager : Event: ======'machine_var_audits_switches_s_upper_right_rebound'====== Args={'value': 0, 'prev_value': None, 'change': True}
2023-12-06 20:53:41,217 : INFO : EventManager : Event: ======'machine_var_audits_switches_s_wormhole_target'====== Args={'value': 0, 'prev_value': None, 'change': True}
2023-12-06 20:53:41,217 : INFO : EventManager : Event: ======'machine_var_audits_switches_s_yellow_wormhole'====== Args={'value': 0, 'prev_value': None, 'change': True}
2023-12-06 20:53:41,218 : INFO : EventManager : Event: ======'init_phase_5'====== Args={}
2023-12-06 20:53:41,263 : INFO : EventManager : Event: ======'init_done'====== Args={}
2023-12-06 20:53:41,264 : INFO : EventManager : Event: ======'machine_reset_phase_1'====== Args={}
2023-12-06 20:53:41,276 : INFO : EventManager : Event: ======'slide_welcome_slide_removed'====== Args={'_from_bcp': True}
2023-12-06 20:53:41,276 : INFO : EventManager : Event: ======'slide_welcome_slide_created'====== Args={'_from_bcp': True}
2023-12-06 20:53:41,277 : INFO : EventManager : Event: ======'slide_welcome_slide_active'====== Args={'_from_bcp': True}
2023-12-06 20:53:41,278 : INFO : EventManager : Event: ======'machine_reset_phase_2'====== Args={}
2023-12-06 20:53:41,278 : INFO : EventManager : Event: ======'machine_reset_phase_3'====== Args={}
2023-12-06 20:53:41,278 : INFO : EventManager : Event: ======'reset_complete'====== Args={}
2023-12-06 20:53:41,279 : INFO : EventManager : Event: ======'mode_attract_will_start'====== Args={}
2023-12-06 20:53:41,280 : INFO : EventManager : Event: ======'mode_attract_starting'====== Args={}
2023-12-06 20:53:41,280 : INFO : Mode.attract : Started. Priority: 10
2023-12-06 20:53:41,280 : INFO : EventManager : Event: ======'modes_active_modes_changed'====== Args={}
2023-12-06 20:53:41,280 : INFO : EventManager : Event: ======'mode_attract_started'====== Args={}
2023-12-06 20:53:41,281 : INFO : EventManager : Event: ======'collecting_balls_complete'====== Args={}
2023-12-06 20:53:41,318 : INFO : EventManager : Event: ======'slide_awesome_slide_created'====== Args={'_from_bcp': True}
2023-12-06 20:53:41,318 : INFO : EventManager : Event: ======'slide_awesome_slide_active'====== Args={'_from_bcp': True}
2023-12-06 20:53:41,318 : INFO : Machine : Starting the main run loop.
2023-12-06 20:53:41,957 : INFO : BcpServer : New client connected.
2023-12-06 20:53:44,294 : INFO : EventManager : Event: ======'slide_press_start_created'====== Args={'_from_bcp': True}
2023-12-06 20:53:44,294 : INFO : EventManager : Event: ======'slide_press_start_active'====== Args={'_from_bcp': True}
2023-12-06 20:53:45,495 : INFO : SwitchController : <<<<<<< 's_start' active >>>>>>>
2023-12-06 20:53:45,677 : INFO : SwitchController : <<<<<<< 's_start' inactive >>>>>>>
2023-12-06 20:53:45,678 : INFO : EventManager : Event: ======'request_to_start_game'====== Args={}
2023-12-06 20:53:45,680 : INFO : EventManager : Event: ======'game_start'====== Args={'buttons': [], 'hold_time': 0.1879999999998745}
2023-12-06 20:53:45,681 : INFO : EventManager : Event: ======'mode_game_will_start'====== Args={'buttons': [], 'hold_time': 0.1879999999998745}
2023-12-06 20:53:45,684 : INFO : EventManager : Event: ======'mode_game_starting'====== Args={'buttons': [], 'hold_time': 0.1879999999998745}
2023-12-06 20:53:45,685 : INFO : EventManager : Event: ======'mode_attract_will_stop'====== Args={}
2023-12-06 20:53:45,687 : INFO : EventManager : Event: ======'mode_attract_stopping'====== Args={}
2023-12-06 20:53:45,688 : INFO : Mode.attract : Stopped.
2023-12-06 20:53:45,688 : INFO : EventManager : Event: ======'modes_active_modes_changed'====== Args={}
2023-12-06 20:53:45,691 : INFO : EventManager : Event: ======'mode_attract_stopped'====== Args={}
2023-12-06 20:53:45,692 : INFO : EventManager : Event: ======'clear'====== Args={'key': 'attract'}
2023-12-06 20:53:45,694 : INFO : Mode.game : Started. Priority: 20
2023-12-06 20:53:45,694 : INFO : EventManager : Event: ======'modes_active_modes_changed'====== Args={}
2023-12-06 20:53:45,696 : INFO : EventManager : Event: ======'mode_game_started'====== Args={'buttons': [], 'hold_time': 0.1879999999998745}
2023-12-06 20:53:45,708 : INFO : EventManager : Event: ======'game_will_start'====== Args={}
2023-12-06 20:53:45,708 : INFO : EventManager : Event: ======'slide_awesome_slide_removed'====== Args={'_from_bcp': True}
2023-12-06 20:53:45,708 : INFO : EventManager : Event: ======'slide_press_start_removed'====== Args={'_from_bcp': True}
2023-12-06 20:53:45,709 : INFO : EventManager : Event: ======'slide_welcome_slide_active'====== Args={'_from_bcp': True}
2023-12-06 20:53:45,709 : INFO : EventManager : Event: ======'game_starting'====== Args={'game': <Mode.game>}
2023-12-06 20:53:45,710 : INFO : EventManager : Event: ======'player_add_request'====== Args={}
2023-12-06 20:53:45,710 : INFO : EventManager : Event: ======'player_will_add'====== Args={'number': 1}
2023-12-06 20:53:45,710 : INFO : EventManager : Event: ======'player_adding'====== Args={'player': <Player 1>, 'number': 1}
2023-12-06 20:53:45,711 : INFO : EventManager : Event: ======'player_added'====== Args={'player': <Player 1>, 'num': 1}
2023-12-06 20:53:45,711 : INFO : Mode.game : Player added successfully. Total players: 1
2023-12-06 20:53:45,711 : INFO : EventManager : Event: ======'player_index'====== Args={'value': 0, 'prev_value': 0, 'change': 0, 'player_num': 1}
2023-12-06 20:53:45,711 : INFO : EventManager : Event: ======'player_number'====== Args={'value': 1, 'prev_value': 1, 'change': 0, 'player_num': 1}
2023-12-06 20:53:45,712 : INFO : EventManager : Event: ======'player_score'====== Args={'value': 0, 'prev_value': 0, 'change': 0, 'player_num': 1}
2023-12-06 20:53:45,712 : INFO : EventManager : Event: ======'game_started'====== Args={}
2023-12-06 20:53:45,728 : INFO : EventManager : Event: ======'player_turn_will_start'====== Args={'player': <Player 1>, 'number': 1}
2023-12-06 20:53:45,734 : INFO : EventManager : Event: ======'player_turn_starting'====== Args={'player': <Player 1>, 'number': 1}
2023-12-06 20:53:45,734 : INFO : EventManager : Event: ======'player_ball'====== Args={'value': 1, 'prev_value': 0, 'change': 1, 'player_num': 1}
2023-12-06 20:53:45,735 : INFO : EventManager : Event: ======'player_turn_started'====== Args={'player': <Player 1>, 'number': 1}
2023-12-06 20:53:45,735 : INFO : EventManager : Event: ======'ball_will_start'====== Args={'player': 1, 'ball': 1, 'balls_remaining': 2, 'is_extra_ball': False}
2023-12-06 20:53:45,740 : INFO : EventManager : Event: ======'ball_starting'====== Args={'player': 1, 'ball': 1, 'balls_remaining': 2, 'is_extra_ball': False}
2023-12-06 20:53:45,740 : INFO : EventManager : Event: ======'mode_base_will_start'====== Args={'queue': <QueuedEvent>, 'player': 1, 'ball': 1, 'balls_remaining': 2, 'is_extra_ball': False}
2023-12-06 20:53:45,741 : INFO : EventManager : Event: ======'mode_base_starting'====== Args={'queue': <QueuedEvent>, 'player': 1, 'ball': 1, 'balls_remaining': 2, 'is_extra_ball': False}
2023-12-06 20:53:45,741 : INFO : Mode.base : Started. Priority: 100
2023-12-06 20:53:45,741 : INFO : EventManager : Event: ======'modes_active_modes_changed'====== Args={}
2023-12-06 20:53:45,741 : INFO : EventManager : Event: ======'mode_base_started'====== Args={'queue': <QueuedEvent>, 'player': 1, 'ball': 1, 'balls_remaining': 2, 'is_extra_ball': False}
2023-12-06 20:53:45,742 : INFO : EventManager : Event: ======'balls_in_play'====== Args={'balls': 1}
2023-12-06 20:53:45,743 : INFO : EventManager : Event: ======'ball_started'====== Args={'player': 1, 'ball': 1, 'balls_remaining': 2, 'is_extra_ball': False}
2023-12-06 20:53:45,743 : INFO : EventManager : Event: ======'mode_medal_will_start'====== Args={'player': 1, 'ball': 1, 'balls_remaining': 2, 'is_extra_ball': False}
2023-12-06 20:53:45,743 : INFO : EventManager : Event: ======'player_shot_medalL_shot_enabled'====== Args={'value': True, 'prev_value': 0, 'change': 1, 'player_num': 1}
2023-12-06 20:53:45,744 : INFO : EventManager : Event: ======'player_shot_medalM_shot_enabled'====== Args={'value': True, 'prev_value': 0, 'change': 1, 'player_num': 1}
2023-12-06 20:53:45,745 : INFO : EventManager : Event: ======'player_shot_medalR_shot_enabled'====== Args={'value': True, 'prev_value': 0, 'change': 1, 'player_num': 1}
2023-12-06 20:53:45,746 : INFO : EventManager : Event: ======'medal_shot_complete'====== Args={'state': 'unlit'}
2023-12-06 20:53:45,746 : INFO : EventManager : Event: ======'medal_shot_unlit_complete'====== Args={}
2023-12-06 20:53:45,749 : INFO : EventManager : Event: ======'mode_medal_starting'====== Args={'player': 1, 'ball': 1, 'balls_remaining': 2, 'is_extra_ball': False}
2023-12-06 20:53:45,749 : INFO : EventManager : Event: ======'mode_reentry_will_start'====== Args={'player': 1, 'ball': 1, 'balls_remaining': 2, 'is_extra_ball': False}
2023-12-06 20:53:45,750 : INFO : EventManager : Event: ======'player_shot_reentryL_shot_enabled'====== Args={'value': True, 'prev_value': 0, 'change': 1, 'player_num': 1}
2023-12-06 20:53:45,750 : INFO : EventManager : Event: ======'player_shot_reentryM_shot_enabled'====== Args={'value': True, 'prev_value': 0, 'change': 1, 'player_num': 1}
2023-12-06 20:53:45,751 : INFO : EventManager : Event: ======'player_shot_reentryR_shot_enabled'====== Args={'value': True, 'prev_value': 0, 'change': 1, 'player_num': 1}
2023-12-06 20:53:45,751 : INFO : EventManager : Event: ======'reentry_shot_complete'====== Args={'state': 'off'}
2023-12-06 20:53:45,752 : INFO : EventManager : Event: ======'reentry_shot_off_complete'====== Args={}
2023-12-06 20:53:45,753 : INFO : EventManager : Event: ======'mode_reentry_starting'====== Args={'player': 1, 'ball': 1, 'balls_remaining': 2, 'is_extra_ball': False}
2023-12-06 20:53:45,778 : INFO : EventManager : Event: ======'logicblock_medal_shot_complete_count_updated'====== Args={'value': 1, 'enabled': True}
2023-12-06 20:53:45,778 : INFO : EventManager : Event: ======'logicblock_medal_shot_complete_count_updated'====== Args={'value': 1, 'enabled': True}
2023-12-06 20:53:45,779 : INFO : Mode.medal : Started. Priority: 200
2023-12-06 20:53:45,779 : INFO : EventManager : Event: ======'modes_active_modes_changed'====== Args={}
2023-12-06 20:53:45,779 : INFO : EventManager : Event: ======'mode_medal_started'====== Args={'player': 1, 'ball': 1, 'balls_remaining': 2, 'is_extra_ball': False}
2023-12-06 20:53:45,779 : INFO : EventManager : Event: ======'logicblock_reentry_shot_complete_count_updated'====== Args={'value': 1, 'enabled': True}
2023-12-06 20:53:45,780 : INFO : EventManager : Event: ======'logicblock_reentry_shot_complete_count_updated'====== Args={'value': 1, 'enabled': True}
2023-12-06 20:53:45,780 : INFO : Mode.reentry : Started. Priority: 200
2023-12-06 20:53:45,780 : INFO : EventManager : Event: ======'modes_active_modes_changed'====== Args={}
2023-12-06 20:53:45,780 : INFO : EventManager : Event: ======'mode_reentry_started'====== Args={'player': 1, 'ball': 1, 'balls_remaining': 2, 'is_extra_ball': False}
2023-12-06 20:53:45,780 : INFO : EventManager : Event: ======'single_player_ball_started'====== Args={}
2023-12-06 20:53:45,781 : INFO : EventManager : Event: ======'player_attack_bumper_count'====== Args={'value': 1, 'prev_value': 0, 'change': 1, 'player_num': 1}
2023-12-06 20:53:45,782 : INFO : EventManager : Event: ======'slide_base.slide_player-mode_base_started_created'====== Args={'_from_bcp': True}
2023-12-06 20:53:45,782 : INFO : EventManager : Event: ======'slide_base.slide_player-mode_base_started_active'====== Args={'_from_bcp': True}
2023-12-06 20:53:45,782 : INFO : EventManager : Event: ======'slide__global.slide_player-ball_started_created'====== Args={'_from_bcp': True}
2023-12-06 20:53:45,783 : INFO : EventManager : Event: ======'ball_start_target'====== Args={'target': 'playfield'}
2023-12-06 20:53:45,812 : INFO : ball_device.bd_plunger : Setting up player-controlled eject. Balls: 1, Target: <playfield.playfield>, player_controlled_eject_event: None
2023-12-06 20:53:45,813 : INFO : EventManager : Event: ======'balldevice_balls_available'====== Args={}
2023-12-06 20:53:45,814 : INFO : ball_device.bd_trough : State: waiting_for_target_ready
2023-12-06 20:53:45,814 : INFO : EventManager : Event: ======'balldevice_bd_trough_ball_eject_attempt'====== Args={'balls': 1, 'target': <ball_device.bd_plunger>, 'source': <ball_device.bd_trough>, 'mechanical_eject': True, 'num_attempts': 0}
2023-12-06 20:53:45,815 : INFO : ball_device.bd_plunger : State: waiting_for_ball
2023-12-06 20:53:45,815 : INFO : ball_device.bd_trough : State: ejecting
2023-12-06 20:53:45,815 : INFO : ball_device.bd_trough : Ejecting ball to <ball_device.bd_plunger>
2023-12-06 20:53:45,815 : INFO : EventManager : Event: ======'balldevice_bd_trough_ejecting_ball'====== Args={'balls': 1, 'target': <ball_device.bd_plunger>, 'source': <ball_device.bd_trough>, 'mechanical_eject': True, 'num_attempts': 0}
2023-12-06 20:53:45,816 : INFO : ball_device.bd_trough : Wait for ball to leave device
2023-12-06 20:53:45,816 : INFO : coil.c_trough_eject : Pulsing Driver for 10ms (1.0 pulse_power)
2023-12-06 20:53:48,579 : INFO : SwitchController : <<<<<<< 's_trough1' inactive >>>>>>>
2023-12-06 20:53:48,601 : INFO : ball_device.bd_trough : State: ball_left
2023-12-06 20:53:48,602 : INFO : ball_device.bd_trough : Ball left
2023-12-06 20:53:48,602 : INFO : ball_device.bd_trough : Wait for confirm with timeout 10.0
2023-12-06 20:53:58,605 : INFO : ball_device.bd_trough : State: failed_confirm
2023-12-06 20:53:58,607 : INFO : ball_device.bd_trough : Got timeout (10.0s) before confirm from <ball_device.bd_plunger>
2023-12-06 20:53:58,609 : INFO : ball_device.bd_plunger : Expecting incoming ball which may skip the device.
2023-12-06 20:53:58,609 : INFO : EventManager : Event: ======'balldevice_bd_plunger_ejecting_ball'====== Args={'balls': 1, 'target': <playfield.playfield>, 'source': <ball_device.bd_plunger>, 'mechanical_eject': False, 'num_attempts': 1}
2023-12-06 20:54:06,903 : INFO : SwitchController : <<<<<<< 's_medal_drop_left' active >>>>>>>
2023-12-06 20:54:06,904 : INFO : EventManager : Event: ======'playfield_active'====== Args={}
2023-12-06 20:54:06,904 : INFO : EventManager : Event: ======'s_medal_drop_left_active'====== Args={}
2023-12-06 20:54:06,906 : INFO : EventManager : Event: ======'sw_playfield_active'====== Args={}
2023-12-06 20:54:06,907 : INFO : EventManager : Event: ======'machine_var_audits_switches_s_medal_drop_left'====== Args={'value': 129, 'prev_value': 128, 'change': 1}
2023-12-06 20:54:06,911 : INFO : EventManager : Event: ======'player_shot_medalL_shot'====== Args={'value': 1, 'prev_value': 0, 'change': 1, 'player_num': 1}
2023-12-06 20:54:06,925 : INFO : EventManager : Event: ======'machine_var_audits_shots_medalL_shot'====== Args={'value': 115, 'prev_value': 114, 'change': 1}
2023-12-06 20:54:06,926 : INFO : EventManager : Event: ======'medalL_shot_hit'====== Args={'profile': 'default', 'state': 'unlit', 'advancing': True}
2023-12-06 20:54:06,926 : INFO : EventManager : Event: ======'medalL_shot_default_hit'====== Args={'profile': 'default', 'state': 'unlit', 'advancing': True}
2023-12-06 20:54:06,927 : INFO : EventManager : Event: ======'medalL_shot_default_unlit_hit'====== Args={'profile': 'default', 'state': 'unlit', 'advancing': True}
2023-12-06 20:54:06,927 : INFO : EventManager : Event: ======'medalL_shot_unlit_hit'====== Args={'profile': 'default', 'state': 'unlit', 'advancing': True}
2023-12-06 20:54:06,927 : INFO : EventManager : Event: ======'medal_shot_hit'====== Args={}
2023-12-06 20:54:06,928 : INFO : EventManager : Event: ======'medal_shot_unlit_hit'====== Args={}
2023-12-06 20:54:06,928 : INFO : EventManager : Event: ======'player_score'====== Args={'value': 1500, 'prev_value': 0, 'change': 1500, 'player_num': 1}
2023-12-06 20:54:06,929 : INFO : EventManager : Event: ======'playfield_active'====== Args={}
2023-12-06 20:54:06,945 : INFO : ball_device.bd_plunger : Got confirm for skipping ball.
2023-12-06 20:54:06,945 : INFO : ball_device.bd_plunger : Eject successful
2023-12-06 20:54:06,945 : INFO : EventManager : Event: ======'balldevice_bd_plunger_ball_eject_success'====== Args={'balls': 1, 'target': <playfield.playfield>}
2023-12-06 20:54:06,946 : INFO : EventManager : Event: ======'balldevice_playfield_ball_enter'====== Args={'new_balls': 1, 'unclaimed_balls': 1, 'device': <playfield.playfield>}
2023-12-06 20:54:06,947 : INFO : EventManager : Event: ======'playfield_ball_count_change'====== Args={'balls': 1, 'change': 1}
2023-12-06 20:54:06,948 : INFO : ball_device.bd_plunger : State: idle
2023-12-06 20:54:06,949 : INFO : ball_device.bd_trough : Eject successful
2023-12-06 20:54:06,949 : INFO : EventManager : Event: ======'balldevice_bd_trough_ball_eject_success'====== Args={'balls': 1, 'target': <ball_device.bd_plunger>}
2023-12-06 20:54:06,950 : INFO : EventManager : Event: ======'balldevice_bd_trough_ball_count_changed'====== Args={'balls': 0}
2023-12-06 20:54:06,950 : INFO : ball_device.bd_trough : State: idle
2023-12-06 20:54:07,138 : INFO : SwitchController : <<<<<<< 's_medal_drop_left' inactive >>>>>>>
2023-12-06 20:54:08,245 : INFO : SwitchController : <<<<<<< 's_medal_drop_middle' active >>>>>>>
2023-12-06 20:54:08,246 : INFO : EventManager : Event: ======'s_medal_drop_middle_active'====== Args={}
2023-12-06 20:54:08,247 : INFO : EventManager : Event: ======'sw_playfield_active'====== Args={}
2023-12-06 20:54:08,247 : INFO : EventManager : Event: ======'machine_var_audits_switches_s_medal_drop_middle'====== Args={'value': 125, 'prev_value': 124, 'change': 1}
2023-12-06 20:54:08,250 : INFO : EventManager : Event: ======'player_shot_medalM_shot'====== Args={'value': 1, 'prev_value': 0, 'change': 1, 'player_num': 1}
2023-12-06 20:54:08,253 : INFO : EventManager : Event: ======'machine_var_audits_shots_medalM_shot'====== Args={'value': 111, 'prev_value': 110, 'change': 1}
2023-12-06 20:54:08,256 : INFO : EventManager : Event: ======'medalM_shot_hit'====== Args={'profile': 'default', 'state': 'unlit', 'advancing': True}
2023-12-06 20:54:08,257 : INFO : EventManager : Event: ======'medalM_shot_default_hit'====== Args={'profile': 'default', 'state': 'unlit', 'advancing': True}
2023-12-06 20:54:08,258 : INFO : EventManager : Event: ======'medalM_shot_default_unlit_hit'====== Args={'profile': 'default', 'state': 'unlit', 'advancing': True}
2023-12-06 20:54:08,258 : INFO : EventManager : Event: ======'medalM_shot_unlit_hit'====== Args={'profile': 'default', 'state': 'unlit', 'advancing': True}
2023-12-06 20:54:08,259 : INFO : EventManager : Event: ======'medal_shot_hit'====== Args={}
2023-12-06 20:54:08,260 : INFO : EventManager : Event: ======'medal_shot_unlit_hit'====== Args={}
2023-12-06 20:54:08,261 : INFO : EventManager : Event: ======'player_score'====== Args={'value': 3000, 'prev_value': 1500, 'change': 1500, 'player_num': 1}
2023-12-06 20:54:08,472 : INFO : SwitchController : <<<<<<< 's_medal_drop_middle' inactive >>>>>>>
2023-12-06 20:54:09,689 : INFO : SwitchController : <<<<<<< 's_medal_drop_right' active >>>>>>>
2023-12-06 20:54:09,690 : INFO : EventManager : Event: ======'s_medal_drop_right_active'====== Args={}
2023-12-06 20:54:09,691 : INFO : EventManager : Event: ======'sw_playfield_active'====== Args={}
2023-12-06 20:54:09,691 : INFO : EventManager : Event: ======'machine_var_audits_switches_s_medal_drop_right'====== Args={'value': 126, 'prev_value': 125, 'change': 1}
2023-12-06 20:54:09,695 : INFO : EventManager : Event: ======'player_shot_medalR_shot'====== Args={'value': 1, 'prev_value': 0, 'change': 1, 'player_num': 1}
2023-12-06 20:54:09,695 : INFO : EventManager : Event: ======'machine_var_audits_shots_medalR_shot'====== Args={'value': 112, 'prev_value': 111, 'change': 1}
2023-12-06 20:54:09,695 : INFO : EventManager : Event: ======'medalR_shot_hit'====== Args={'profile': 'default', 'state': 'unlit', 'advancing': True}
2023-12-06 20:54:09,695 : INFO : EventManager : Event: ======'medalR_shot_default_hit'====== Args={'profile': 'default', 'state': 'unlit', 'advancing': True}
2023-12-06 20:54:09,695 : INFO : EventManager : Event: ======'medalR_shot_default_unlit_hit'====== Args={'profile': 'default', 'state': 'unlit', 'advancing': True}
2023-12-06 20:54:09,695 : INFO : EventManager : Event: ======'medalR_shot_unlit_hit'====== Args={'profile': 'default', 'state': 'unlit', 'advancing': True}
2023-12-06 20:54:09,696 : INFO : EventManager : Event: ======'medal_shot_complete'====== Args={'state': 'lit'}
2023-12-06 20:54:09,696 : INFO : EventManager : Event: ======'medal_shot_lit_complete'====== Args={}
2023-12-06 20:54:09,696 : INFO : EventManager : Event: ======'medal_shot_hit'====== Args={}
2023-12-06 20:54:09,696 : INFO : EventManager : Event: ======'medal_shot_unlit_hit'====== Args={}
2023-12-06 20:54:09,696 : INFO : EventManager : Event: ======'player_shot_medalL_shot'====== Args={'value': 0, 'prev_value': 1, 'change': -1, 'player_num': 1}
2023-12-06 20:54:09,697 : INFO : EventManager : Event: ======'player_shot_medalM_shot'====== Args={'value': 0, 'prev_value': 1, 'change': -1, 'player_num': 1}
2023-12-06 20:54:09,697 : INFO : EventManager : Event: ======'player_shot_medalR_shot'====== Args={'value': 0, 'prev_value': 1, 'change': -1, 'player_num': 1}
2023-12-06 20:54:09,698 : INFO : EventManager : Event: ======'logicblock_medal_shot_complete_count_updated'====== Args={'value': 2, 'enabled': True}
2023-12-06 20:54:09,698 : INFO : EventManager : Event: ======'medal_shot_done'====== Args={'count': 2}
2023-12-06 20:54:09,699 : INFO : Timer.medal_countdown_timer : Starting Timer.
2023-12-06 20:54:09,699 : INFO : EventManager : Event: ======'timer_medal_countdown_timer_started'====== Args={'ticks': 5, 'ticks_remaining': 5}
2023-12-06 20:54:09,699 : INFO : EventManager : Event: ======'timer_medal_countdown_timer_tick'====== Args={'ticks': 5, 'ticks_remaining': 5}
2023-12-06 20:54:09,699 : INFO : EventManager : Event: ======'player_score'====== Args={'value': 13000, 'prev_value': 3000, 'change': 10000, 'player_num': 1}
2023-12-06 20:54:09,700 : INFO : EventManager : Event: ======'player_score'====== Args={'value': 14500, 'prev_value': 13000, 'change': 1500, 'player_num': 1}
2023-12-06 20:54:09,915 : INFO : SwitchController : <<<<<<< 's_medal_drop_right' inactive >>>>>>>
2023-12-06 20:54:10,712 : INFO : EventManager : Event: ======'player_medal_medal_countdown_timer_tick'====== Args={'value': 4, 'prev_value': 0, 'change': 4, 'player_num': 1}
2023-12-06 20:54:10,714 : INFO : EventManager : Event: ======'timer_medal_countdown_timer_tick'====== Args={'ticks': 4, 'ticks_remaining': 4}
2023-12-06 20:54:11,692 : INFO : EventManager : Event: ======'player_medal_medal_countdown_timer_tick'====== Args={'value': 3, 'prev_value': 4, 'change': -1, 'player_num': 1}
2023-12-06 20:54:11,695 : INFO : EventManager : Event: ======'timer_medal_countdown_timer_tick'====== Args={'ticks': 3, 'ticks_remaining': 3}
2023-12-06 20:54:12,702 : INFO : EventManager : Event: ======'player_medal_medal_countdown_timer_tick'====== Args={'value': 2, 'prev_value': 3, 'change': -1, 'player_num': 1}
2023-12-06 20:54:12,704 : INFO : EventManager : Event: ======'timer_medal_countdown_timer_tick'====== Args={'ticks': 2, 'ticks_remaining': 2}
2023-12-06 20:54:13,709 : INFO : EventManager : Event: ======'player_medal_medal_countdown_timer_tick'====== Args={'value': 1, 'prev_value': 2, 'change': -1, 'player_num': 1}
2023-12-06 20:54:13,710 : INFO : EventManager : Event: ======'timer_medal_countdown_timer_tick'====== Args={'ticks': 1, 'ticks_remaining': 1}
2023-12-06 20:54:14,705 : INFO : EventManager : Event: ======'player_medal_medal_countdown_timer_tick'====== Args={'value': 0, 'prev_value': 1, 'change': -1, 'player_num': 1}
2023-12-06 20:54:14,707 : INFO : Timer.medal_countdown_timer : Timer Complete
2023-12-06 20:54:14,708 : INFO : Timer.medal_countdown_timer : Stopping Timer
2023-12-06 20:54:14,709 : INFO : EventManager : Event: ======'timer_medal_countdown_timer_stopped'====== Args={'ticks': 0, 'ticks_remaining': 1}
2023-12-06 20:54:14,710 : INFO : EventManager : Event: ======'timer_medal_countdown_timer_complete'====== Args={'ticks': 0, 'ticks_remaining': 1}
2023-12-06 20:54:14,712 : INFO : EventManager : Event: ======'player_medal_shot_complete_count'====== Args={'value': 1, 'prev_value': 0, 'change': 1, 'player_num': 1}
2023-12-06 20:54:14,714 : INFO : EventManager : Event: ======'player_l_medal_spot_1'====== Args={'value': 0, 'prev_value': 0, 'change': 0, 'player_num': 1}
2023-12-06 20:55:47,004 : INFO : Machine : Shutting down...
2023-12-06 20:55:47,004 : INFO : EventManager : Event: ======'shutdown'====== Args={}
2023-12-06 20:55:47,013 : INFO : root : MPF run loop ended.
