2023-02-15 20:04:59,644 : kivy : Factory: 186 symbols loaded
2023-02-15 20:04:59,759 : kivy : ImageLoaderFFPy: Using ffpyplayer 4.3.2
2023-02-15 20:04:59,759 : kivy : Image: Providers: img_tex, img_dds, img_sdl2, img_pil, img_ffpyplayer 
2023-02-15 20:04:59,796 : kivy : VideoGstplayer: Using Gstreamer 1.18.0.0
2023-02-15 20:04:59,796 : kivy : Video: Provider: gstplayer
2023-02-15 20:04:59,936 : kivy : Loading MPF-MC controller
2023-02-15 20:05:00,244 : ConfigProcessor : Config spec file cache created: C:\Users\student\AppData\Local\Temp\config_spec.mpf_cache
2023-02-15 20:05:00,245 : YamlMultifileConfigLoader : Machine config file #1: config
2023-02-15 20:05:00,245 : ConfigProcessor : Loading config from file c:\users\student\mpfenv\lib\site-packages\mpfmc\mcconfig.yaml.
2023-02-15 20:05:00,273 : ConfigProcessor : Loading config: c:\users\student\mpfenv\lib\site-packages\mpfmc\mcconfig.yaml
2023-02-15 20:05:00,273 : ConfigProcessor : Loading config from file C:\Users\student\pinball\cobraPinTest1\config\config.
2023-02-15 20:05:00,300 : ConfigProcessor : Loading config: C:\Users\student\pinball\cobraPinTest1\config\config
2023-02-15 20:05:00,301 : ConfigProcessor : Config file cache created: C:\Users\student\AppData\Local\Temp\8788ef445fdd76e1de1cbcebe7495fec.mpf_cache
2023-02-15 20:05:00,301 : ConfigProcessor : Loading config from file c:\users\student\mpfenv\lib\site-packages\mpf\modes\attract\config\attract.yaml.
2023-02-15 20:05:00,303 : ConfigProcessor : Loading config: c:\users\student\mpfenv\lib\site-packages\mpf\modes\attract\config\attract.yaml
2023-02-15 20:05:00,303 : ConfigProcessor : Loading config from file C:\Users\student\pinball\cobraPinTest1\modes\attract\config\attract.yaml.
2023-02-15 20:05:00,303 : ConfigProcessor : Loading config: C:\Users\student\pinball\cobraPinTest1\modes\attract\config\attract.yaml
2023-02-15 20:05:00,304 : ConfigProcessor : Config file cache created: C:\Users\student\AppData\Local\Temp\32ed7ad340ce8029344f8b9ff63edc80.mpf_cache
2023-02-15 20:05:00,304 : ConfigProcessor : Loading config from file c:\users\student\mpfenv\lib\site-packages\mpf\modes\game\config\game.yaml.
2023-02-15 20:05:00,306 : ConfigProcessor : Loading config: c:\users\student\mpfenv\lib\site-packages\mpf\modes\game\config\game.yaml
2023-02-15 20:05:00,306 : ConfigProcessor : Config file cache created: C:\Users\student\AppData\Local\Temp\8696bd5a5a040ff67990be11cb4d3c0c.mpf_cache
2023-02-15 20:05:00,306 : ConfigProcessor : Loading config from file C:\Users\student\pinball\cobraPinTest1\modes\base\config\base.yaml.
2023-02-15 20:05:00,313 : ConfigProcessor : Loading config: C:\Users\student\pinball\cobraPinTest1\modes\base\config\base.yaml
2023-02-15 20:05:00,314 : ConfigProcessor : Config file cache created: C:\Users\student\AppData\Local\Temp\4675a535c8328a9c278c807d999ed109.mpf_cache
2023-02-15 20:05:00,314 : ConfigProcessor : Loading config from file C:\Users\student\pinball\cobraPinTest1\modes\reentry\config\reentry.yaml.
