2023-12-05 20:03:55,901 : INFO : root : Loading config.
2023-12-05 20:03:55,905 : INFO : YamlMultifileConfigLoader : Machine config file #1: config.yaml
2023-12-05 20:03:55,905 : INFO : ConfigProcessor : Loading config from cache: C:\Users\student\AppData\Local\Temp\f1427cd4cbc9163bc2263f349f0fb463.mpf_cache
2023-12-05 20:03:55,977 : INFO : ConfigProcessor : Loading config from cache: C:\Users\student\AppData\Local\Temp\32ed7ad340ce8029344f8b9ff63edc80.mpf_cache
2023-12-05 20:03:55,978 : INFO : ConfigProcessor : Loading config from cache: C:\Users\student\AppData\Local\Temp\8696bd5a5a040ff67990be11cb4d3c0c.mpf_cache
2023-12-05 20:03:55,979 : INFO : ConfigProcessor : Loading config from cache: C:\Users\student\AppData\Local\Temp\4675a535c8328a9c278c807d999ed109.mpf_cache
2023-12-05 20:03:55,980 : INFO : ConfigProcessor : Loading config from cache: C:\Users\student\AppData\Local\Temp\0c8438cab3480347c0c749fa494946a2.mpf_cache
2023-12-05 20:03:55,981 : WARNING : ConfigProcessor : Config file in cache changed: C:\Users\student\pinball\cobraPinTest1\modes\medal\config\medal.yaml
2023-12-05 20:03:55,981 : INFO : ConfigProcessor : Loading config from file C:\Users\student\pinball\cobraPinTest1\modes\medal\config\medal.yaml.
2023-12-05 20:03:55,999 : INFO : ConfigProcessor : Loading config: C:\Users\student\pinball\cobraPinTest1\modes\medal\config\medal.yaml
2023-12-05 20:03:56,000 : INFO : ConfigProcessor : Config file cache created: C:\Users\student\AppData\Local\Temp\edae2e0e7aeda847f5007d89f37fc8de.mpf_cache
2023-12-05 20:03:56,001 : INFO : ConfigProcessor : Loading config from cache: C:\Users\student\AppData\Local\Temp\f8d2c2cf3ea01f085365ea23fa51a701.mpf_cache
2023-12-05 20:03:56,002 : INFO : ConfigProcessor : Loading config from cache: C:\Users\student\AppData\Local\Temp\30bd992f4b62a9b099207aebeb59554c.mpf_cache
2023-12-05 20:03:56,003 : INFO : Machine : Mission Pinball Framework Core Engine v0.55.0
2023-12-05 20:03:56,003 : INFO : Machine : Command line arguments: {'no_load_cache': False, 'create_config_cache': True, 'bcp': True, 'configfile': ['config.yaml'], 'force_assets_load': False, 'jsonlogging': False, 'logfile': 'logs\\2023-12-05-20-03-55-mpf-DESKTOP-0JH7ARL.log', 'pause': False, 'production': False, 'text_ui': True, 'loglevel': 15, 'consoleloglevel': 20, 'force_platform': None, 'syslog_address': None, 'mc_file_name': None, 'no_sound': False}
2023-12-05 20:03:56,003 : INFO : Machine : MPF path: c:\users\student\mpfenv\lib\site-packages\mpf
2023-12-05 20:03:56,003 : INFO : Machine : Machine path: C:\Users\student\pinball\cobraPinTest1
2023-12-05 20:03:56,003 : INFO : Machine : Platform: win32
2023-12-05 20:03:56,003 : INFO : Machine : Python executable location: c:\users\student\mpfenv\scripts\python.exe
2023-12-05 20:03:56,003 : INFO : Machine : Python version: 3.7.8 (64-bit)
2023-12-05 20:03:56,005 : INFO : Machine : Initialise MPF.
2023-12-05 20:03:56,298 : INFO : EventManager : Event: ======'machine_var_credits_string'====== Args={'value': 'FREE PLAY', 'prev_value': None, 'change': True}
2023-12-05 20:03:56,338 : INFO : EventManager : Event: ======'machine_var_master_volume'====== Args={'value': 0.5, 'prev_value': None, 'change': True}
2023-12-05 20:03:56,339 : INFO : EventManager : Event: ======'machine_var_player1_score'====== Args={'value': 1500, 'prev_value': None, 'change': True}
2023-12-05 20:03:56,339 : INFO : EventManager : Event: ======'machine_var_mpf_version'====== Args={'value': 'MPF v0.55.0', 'prev_value': None, 'change': True}
2023-12-05 20:03:56,339 : INFO : EventManager : Event: ======'machine_var_mpf_extended_version'====== Args={'value': 'MPF v0.55.0, Config version:5, Show version: 5, BCP version:1.1', 'prev_value': None, 'change': True}
2023-12-05 20:03:56,339 : INFO : EventManager : Event: ======'machine_var_python_version'====== Args={'value': '3.7.8', 'prev_value': None, 'change': True}
2023-12-05 20:03:56,339 : INFO : EventManager : Event: ======'machine_var_platform'====== Args={'value': 'Windows-10-10.0.19041-SP0', 'prev_value': None, 'change': True}
2023-12-05 20:03:56,339 : INFO : EventManager : Event: ======'machine_var_platform_system'====== Args={'value': 'Windows', 'prev_value': None, 'change': True}
2023-12-05 20:03:56,339 : INFO : EventManager : Event: ======'machine_var_platform_release'====== Args={'value': '10', 'prev_value': None, 'change': True}
2023-12-05 20:03:56,339 : INFO : EventManager : Event: ======'machine_var_platform_version'====== Args={'value': '10.0.19041', 'prev_value': None, 'change': True}
2023-12-05 20:03:56,339 : INFO : EventManager : Event: ======'machine_var_platform_machine'====== Args={'value': 'AMD64', 'prev_value': None, 'change': True}
2023-12-05 20:03:56,339 : INFO : EventManager : Event: ======'init_phase_1'====== Args={}
2023-12-05 20:03:56,358 : INFO : EventManager : Event: ======'init_phase_2'====== Args={}
2023-12-05 20:03:56,359 : INFO : SwitchController : Found active switch: ('0-0-8', <Platform.Virtual>) <switch.s_trough1>
2023-12-05 20:03:56,362 : INFO : EventManager : Event: ======'bcp_connection_attempt'====== Args={'name': 'local_display', 'host': 'localhost', 'port': 5050}
2023-12-05 20:03:56,364 : INFO : BCPClientSocket : Connecting BCP to 'local_display' at localhost:5050...
2023-12-05 20:03:58,397 : INFO : BCPClientSocket : Connected BCP to 'local_display' localhost:5050
2023-12-05 20:03:58,399 : INFO : EventManager : Event: ======'bcp_clients_connected'====== Args={}
2023-12-05 20:03:58,416 : INFO : ball_device.bd_trough : BCH: Initial count: 1
2023-12-05 20:03:58,416 : INFO : EventManager : Event: ======'machine_var_mc_version'====== Args={'value': 'MPF-MC v0.55.0', 'prev_value': None, 'change': True}
2023-12-05 20:03:58,416 : INFO : EventManager : Event: ======'machine_var_mc_extended_version'====== Args={'value': 'MPF-MC v0.55.0 (config_version=5, BCP v1.1, Requires MPF v0.55.0-dev.49)', 'prev_value': None, 'change': True}
2023-12-05 20:03:58,418 : INFO : ball_device.bd_trough : State: idle
2023-12-05 20:03:58,432 : INFO : ball_device.bd_plunger : BCH: Initial count: 0
2023-12-05 20:03:58,432 : INFO : ball_device.bd_plunger : State: idle
2023-12-05 20:03:58,496 : INFO : EventManager : Event: ======'init_phase_3'====== Args={}
2023-12-05 20:03:58,501 : INFO : EventManager : Event: ======'init_phase_4'====== Args={}
2023-12-05 20:03:58,502 : INFO : BallController : Initial balls found: 1
2023-12-05 20:03:58,502 : INFO : EventManager : Event: ======'machine_var_audits_events_game_ended'====== Args={'value': 0, 'prev_value': None, 'change': True}
2023-12-05 20:03:58,503 : INFO : EventManager : Event: ======'machine_var_audits_events_game_started'====== Args={'value': 0, 'prev_value': None, 'change': True}
2023-12-05 20:03:58,503 : INFO : EventManager : Event: ======'machine_var_audits_player_score'====== Args={'value': {'average': 1800.0, 'top': [2000, 1900, 1500], 'total': 3}, 'prev_value': None, 'change': True}
2023-12-05 20:03:58,503 : INFO : EventManager : Event: ======'machine_var_audits_shots_medalL_shot'====== Args={'value': 78, 'prev_value': None, 'change': True}
2023-12-05 20:03:58,504 : INFO : EventManager : Event: ======'machine_var_audits_shots_medalM_shot'====== Args={'value': 75, 'prev_value': None, 'change': True}
2023-12-05 20:03:58,504 : INFO : EventManager : Event: ======'machine_var_audits_shots_medalR_shot'====== Args={'value': 76, 'prev_value': None, 'change': True}
2023-12-05 20:03:58,504 : INFO : EventManager : Event: ======'machine_var_audits_shots_my_first_shot'====== Args={'value': 119, 'prev_value': None, 'change': True}
2023-12-05 20:03:58,504 : INFO : EventManager : Event: ======'machine_var_audits_shots_my_first_shot_mode2'====== Args={'value': 72, 'prev_value': None, 'change': True}
2023-12-05 20:03:58,505 : INFO : EventManager : Event: ======'machine_var_audits_shots_reentryL_shot'====== Args={'value': 397, 'prev_value': None, 'change': True}
2023-12-05 20:03:58,505 : INFO : EventManager : Event: ======'machine_var_audits_shots_reentryM_shot'====== Args={'value': 373, 'prev_value': None, 'change': True}
2023-12-05 20:03:58,505 : INFO : EventManager : Event: ======'machine_var_audits_shots_reentryR_shot'====== Args={'value': 341, 'prev_value': None, 'change': True}
2023-12-05 20:03:58,505 : INFO : EventManager : Event: ======'machine_var_audits_shots_reentry_shot'====== Args={'value': 9, 'prev_value': None, 'change': True}
2023-12-05 20:03:58,506 : INFO : EventManager : Event: ======'machine_var_audits_shots_top_lane_A'====== Args={'value': 12, 'prev_value': None, 'change': True}
2023-12-05 20:03:58,506 : INFO : EventManager : Event: ======'machine_var_audits_shots_top_lane_J'====== Args={'value': 12, 'prev_value': None, 'change': True}
2023-12-05 20:03:58,506 : INFO : EventManager : Event: ======'machine_var_audits_shots_top_lane_M'====== Args={'value': 9, 'prev_value': None, 'change': True}
2023-12-05 20:03:58,507 : INFO : EventManager : Event: ======'machine_var_audits_switches_s_blackhole_kicker'====== Args={'value': 0, 'prev_value': None, 'change': True}
2023-12-05 20:03:58,507 : INFO : EventManager : Event: ======'machine_var_audits_switches_s_bonus_lane'====== Args={'value': 0, 'prev_value': None, 'change': True}
2023-12-05 20:03:58,508 : INFO : EventManager : Event: ======'machine_var_audits_switches_s_booster_drop_target_1'====== Args={'value': 0, 'prev_value': None, 'change': True}
2023-12-05 20:03:58,508 : INFO : EventManager : Event: ======'machine_var_audits_switches_s_booster_drop_target_2'====== Args={'value': 0, 'prev_value': None, 'change': True}
2023-12-05 20:03:58,509 : INFO : EventManager : Event: ======'machine_var_audits_switches_s_booster_drop_target_3'====== Args={'value': 0, 'prev_value': None, 'change': True}
2023-12-05 20:03:58,509 : INFO : EventManager : Event: ======'machine_var_audits_switches_s_comet_spot_1'====== Args={'value': 0, 'prev_value': None, 'change': True}
2023-12-05 20:03:58,509 : INFO : EventManager : Event: ======'machine_var_audits_switches_s_comet_spot_2'====== Args={'value': 0, 'prev_value': None, 'change': True}
2023-12-05 20:03:58,510 : INFO : EventManager : Event: ======'machine_var_audits_switches_s_comet_spot_3'====== Args={'value': 0, 'prev_value': None, 'change': True}
2023-12-05 20:03:58,510 : INFO : EventManager : Event: ======'machine_var_audits_switches_s_engine_bumper_1'====== Args={'value': 0, 'prev_value': None, 'change': True}
2023-12-05 20:03:58,510 : INFO : EventManager : Event: ======'machine_var_audits_switches_s_engine_bumper_2'====== Args={'value': 0, 'prev_value': None, 'change': True}
2023-12-05 20:03:58,511 : INFO : EventManager : Event: ======'machine_var_audits_switches_s_engine_bumper_3'====== Args={'value': 0, 'prev_value': None, 'change': True}
2023-12-05 20:03:58,511 : INFO : EventManager : Event: ======'machine_var_audits_switches_s_fuel_chute_1'====== Args={'value': 0, 'prev_value': None, 'change': True}
2023-12-05 20:03:58,511 : INFO : EventManager : Event: ======'machine_var_audits_switches_s_fuel_chute_2'====== Args={'value': 0, 'prev_value': None, 'change': True}
2023-12-05 20:03:58,511 : INFO : EventManager : Event: ======'machine_var_audits_switches_s_fuel_chute_3'====== Args={'value': 0, 'prev_value': None, 'change': True}
2023-12-05 20:03:58,511 : INFO : EventManager : Event: ======'machine_var_audits_switches_s_fuel_chute_4'====== Args={'value': 0, 'prev_value': None, 'change': True}
2023-12-05 20:03:58,512 : INFO : EventManager : Event: ======'machine_var_audits_switches_s_fuel_chute_5'====== Args={'value': 0, 'prev_value': None, 'change': True}
2023-12-05 20:03:58,512 : INFO : EventManager : Event: ======'machine_var_audits_switches_s_fuel_chute_6'====== Args={'value': 0, 'prev_value': None, 'change': True}
2023-12-05 20:03:58,512 : INFO : EventManager : Event: ======'machine_var_audits_switches_s_fuel_flag'====== Args={'value': 0, 'prev_value': None, 'change': True}
2023-12-05 20:03:58,513 : INFO : EventManager : Event: ======'machine_var_audits_switches_s_fuel_spot_1'====== Args={'value': 0, 'prev_value': None, 'change': True}
2023-12-05 20:03:58,513 : INFO : EventManager : Event: ======'machine_var_audits_switches_s_fuel_spot_2'====== Args={'value': 0, 'prev_value': None, 'change': True}
2023-12-05 20:03:58,513 : INFO : EventManager : Event: ======'machine_var_audits_switches_s_fuel_spot_3'====== Args={'value': 0, 'prev_value': None, 'change': True}
2023-12-05 20:03:58,513 : INFO : EventManager : Event: ======'machine_var_audits_switches_s_green_wormhole'====== Args={'value': 0, 'prev_value': None, 'change': True}
2023-12-05 20:03:58,514 : INFO : EventManager : Event: ======'machine_var_audits_switches_s_hyperspace_flag'====== Args={'value': 0, 'prev_value': None, 'change': True}
2023-12-05 20:03:58,514 : INFO : EventManager : Event: ======'machine_var_audits_switches_s_hyperspacekicker'====== Args={'value': 0, 'prev_value': None, 'change': True}
2023-12-05 20:03:58,514 : INFO : EventManager : Event: ======'machine_var_audits_switches_s_launch_lane_1'====== Args={'value': 0, 'prev_value': None, 'change': True}
2023-12-05 20:03:58,514 : INFO : EventManager : Event: ======'machine_var_audits_switches_s_launch_lane_2'====== Args={'value': 0, 'prev_value': None, 'change': True}
2023-12-05 20:03:58,515 : INFO : EventManager : Event: ======'machine_var_audits_switches_s_launch_lane_3'====== Args={'value': 0, 'prev_value': None, 'change': True}
2023-12-05 20:03:58,515 : INFO : EventManager : Event: ======'machine_var_audits_switches_s_launch_ramp'====== Args={'value': 0, 'prev_value': None, 'change': True}
2023-12-05 20:03:58,515 : INFO : EventManager : Event: ======'machine_var_audits_switches_s_left_attack_bumper'====== Args={'value': 0, 'prev_value': None, 'change': True}
2023-12-05 20:03:58,516 : INFO : EventManager : Event: ======'machine_var_audits_switches_s_left_flipper'====== Args={'value': 467, 'prev_value': None, 'change': True}
2023-12-05 20:03:58,516 : INFO : EventManager : Event: ======'machine_var_audits_switches_s_left_out_lane'====== Args={'value': 0, 'prev_value': None, 'change': True}
2023-12-05 20:03:58,517 : INFO : EventManager : Event: ======'machine_var_audits_switches_s_left_out_lane_kicker'====== Args={'value': 0, 'prev_value': None, 'change': True}
2023-12-05 20:03:58,517 : INFO : EventManager : Event: ======'machine_var_audits_switches_s_left_return_lane'====== Args={'value': 0, 'prev_value': None, 'change': True}
2023-12-05 20:03:58,518 : INFO : EventManager : Event: ======'machine_var_audits_switches_s_lower_attack_bumper'====== Args={'value': 0, 'prev_value': None, 'change': True}
2023-12-05 20:03:58,519 : INFO : EventManager : Event: ======'machine_var_audits_switches_s_lower_left_rebound'====== Args={'value': 0, 'prev_value': None, 'change': True}
2023-12-05 20:03:58,519 : INFO : EventManager : Event: ======'machine_var_audits_switches_s_lower_left_slingshot'====== Args={'value': 0, 'prev_value': None, 'change': True}
2023-12-05 20:03:58,520 : INFO : EventManager : Event: ======'machine_var_audits_switches_s_lower_right_rebound'====== Args={'value': 0, 'prev_value': None, 'change': True}
2023-12-05 20:03:58,521 : INFO : EventManager : Event: ======'machine_var_audits_switches_s_lower_right_slingshot'====== Args={'value': 0, 'prev_value': None, 'change': True}
2023-12-05 20:03:58,521 : INFO : EventManager : Event: ======'machine_var_audits_switches_s_medal_drop_left'====== Args={'value': 92, 'prev_value': None, 'change': True}
2023-12-05 20:03:58,522 : INFO : EventManager : Event: ======'machine_var_audits_switches_s_medal_drop_middle'====== Args={'value': 89, 'prev_value': None, 'change': True}
2023-12-05 20:03:58,522 : INFO : EventManager : Event: ======'machine_var_audits_switches_s_medal_drop_right'====== Args={'value': 90, 'prev_value': None, 'change': True}
2023-12-05 20:03:58,523 : INFO : EventManager : Event: ======'machine_var_audits_switches_s_mission_spot_1'====== Args={'value': 0, 'prev_value': None, 'change': True}
2023-12-05 20:03:58,523 : INFO : EventManager : Event: ======'machine_var_audits_switches_s_mission_spot_2'====== Args={'value': 0, 'prev_value': None, 'change': True}
2023-12-05 20:03:58,523 : INFO : EventManager : Event: ======'machine_var_audits_switches_s_mission_spot_3'====== Args={'value': 0, 'prev_value': None, 'change': True}
2023-12-05 20:03:58,524 : INFO : EventManager : Event: ======'machine_var_audits_switches_s_multiplier_left'====== Args={'value': 0, 'prev_value': None, 'change': True}
2023-12-05 20:03:58,524 : INFO : EventManager : Event: ======'machine_var_audits_switches_s_multiplier_middle'====== Args={'value': 0, 'prev_value': None, 'change': True}
2023-12-05 20:03:58,525 : INFO : EventManager : Event: ======'machine_var_audits_switches_s_multiplier_right'====== Args={'value': 0, 'prev_value': None, 'change': True}
2023-12-05 20:03:58,525 : INFO : EventManager : Event: ======'machine_var_audits_switches_s_plunger'====== Args={'value': 124, 'prev_value': None, 'change': True}
2023-12-05 20:03:58,526 : INFO : EventManager : Event: ======'machine_var_audits_switches_s_radiationspot_1'====== Args={'value': 0, 'prev_value': None, 'change': True}
2023-12-05 20:03:58,526 : INFO : EventManager : Event: ======'machine_var_audits_switches_s_radiationspot_2'====== Args={'value': 0, 'prev_value': None, 'change': True}
2023-12-05 20:03:58,526 : INFO : EventManager : Event: ======'machine_var_audits_switches_s_radiationspot_3'====== Args={'value': 0, 'prev_value': None, 'change': True}
2023-12-05 20:03:58,527 : INFO : EventManager : Event: ======'machine_var_audits_switches_s_red_wormhole'====== Args={'value': 0, 'prev_value': None, 'change': True}
2023-12-05 20:03:58,527 : INFO : EventManager : Event: ======'machine_var_audits_switches_s_reentry_left'====== Args={'value': 752, 'prev_value': None, 'change': True}
2023-12-05 20:03:58,528 : INFO : EventManager : Event: ======'machine_var_audits_switches_s_reentry_middle'====== Args={'value': 447, 'prev_value': None, 'change': True}
2023-12-05 20:03:58,528 : INFO : EventManager : Event: ======'machine_var_audits_switches_s_reentry_right'====== Args={'value': 400, 'prev_value': None, 'change': True}
2023-12-05 20:03:58,529 : INFO : EventManager : Event: ======'machine_var_audits_switches_s_right_flipper'====== Args={'value': 191, 'prev_value': None, 'change': True}
2023-12-05 20:03:58,529 : INFO : EventManager : Event: ======'machine_var_audits_switches_s_right_inlane'====== Args={'value': 0, 'prev_value': None, 'change': True}
2023-12-05 20:03:58,529 : INFO : EventManager : Event: ======'machine_var_audits_switches_s_right_out_lane'====== Args={'value': 0, 'prev_value': None, 'change': True}
2023-12-05 20:03:58,530 : INFO : EventManager : Event: ======'machine_var_audits_switches_s_right_out_lane_kicker'====== Args={'value': 0, 'prev_value': None, 'change': True}
2023-12-05 20:03:58,530 : INFO : EventManager : Event: ======'machine_var_audits_switches_s_right_return_lane'====== Args={'value': 0, 'prev_value': None, 'change': True}
2023-12-05 20:03:58,530 : INFO : EventManager : Event: ======'machine_var_audits_switches_s_satellite_bumper'====== Args={'value': 0, 'prev_value': None, 'change': True}
2023-12-05 20:03:58,531 : INFO : EventManager : Event: ======'machine_var_audits_switches_s_secondary_outlane_kicker'====== Args={'value': 0, 'prev_value': None, 'change': True}
2023-12-05 20:03:58,531 : INFO : EventManager : Event: ======'machine_var_audits_switches_s_skill_shot_1'====== Args={'value': 0, 'prev_value': None, 'change': True}
2023-12-05 20:03:58,531 : INFO : EventManager : Event: ======'machine_var_audits_switches_s_skill_shot_2'====== Args={'value': 0, 'prev_value': None, 'change': True}
2023-12-05 20:03:58,532 : INFO : EventManager : Event: ======'machine_var_audits_switches_s_skill_shot_3'====== Args={'value': 0, 'prev_value': None, 'change': True}
2023-12-05 20:03:58,532 : INFO : EventManager : Event: ======'machine_var_audits_switches_s_skill_shot_4'====== Args={'value': 0, 'prev_value': None, 'change': True}
2023-12-05 20:03:58,532 : INFO : EventManager : Event: ======'machine_var_audits_switches_s_skill_shot_5'====== Args={'value': 0, 'prev_value': None, 'change': True}
2023-12-05 20:03:58,533 : INFO : EventManager : Event: ======'machine_var_audits_switches_s_skill_shot_6'====== Args={'value': 0, 'prev_value': None, 'change': True}
2023-12-05 20:03:58,533 : INFO : EventManager : Event: ======'machine_var_audits_switches_s_skill_shot_lane'====== Args={'value': 0, 'prev_value': None, 'change': True}
2023-12-05 20:03:58,533 : INFO : EventManager : Event: ======'machine_var_audits_switches_s_spacewarp_rollover'====== Args={'value': 0, 'prev_value': None, 'change': True}
2023-12-05 20:03:58,534 : INFO : EventManager : Event: ======'machine_var_audits_switches_s_start'====== Args={'value': 6, 'prev_value': None, 'change': True}
2023-12-05 20:03:58,534 : INFO : EventManager : Event: ======'machine_var_audits_switches_s_trough1'====== Args={'value': 30, 'prev_value': None, 'change': True}
2023-12-05 20:03:58,534 : INFO : EventManager : Event: ======'machine_var_audits_switches_s_trough2'====== Args={'value': 0, 'prev_value': None, 'change': True}
2023-12-05 20:03:58,535 : INFO : EventManager : Event: ======'machine_var_audits_switches_s_trough3'====== Args={'value': 0, 'prev_value': None, 'change': True}
2023-12-05 20:03:58,535 : INFO : EventManager : Event: ======'machine_var_audits_switches_s_trough4'====== Args={'value': 0, 'prev_value': None, 'change': True}
2023-12-05 20:03:58,535 : INFO : EventManager : Event: ======'machine_var_audits_switches_s_trough5'====== Args={'value': 0, 'prev_value': None, 'change': True}
2023-12-05 20:03:58,536 : INFO : EventManager : Event: ======'machine_var_audits_switches_s_trough6'====== Args={'value': 0, 'prev_value': None, 'change': True}
2023-12-05 20:03:58,536 : INFO : EventManager : Event: ======'machine_var_audits_switches_s_trough_jam'====== Args={'value': 0, 'prev_value': None, 'change': True}
2023-12-05 20:03:58,536 : INFO : EventManager : Event: ======'machine_var_audits_switches_s_upper_attack_bumper'====== Args={'value': 0, 'prev_value': None, 'change': True}
2023-12-05 20:03:58,537 : INFO : EventManager : Event: ======'machine_var_audits_switches_s_upper_left_rebound'====== Args={'value': 0, 'prev_value': None, 'change': True}
2023-12-05 20:03:58,537 : INFO : EventManager : Event: ======'machine_var_audits_switches_s_upper_right_rebound'====== Args={'value': 0, 'prev_value': None, 'change': True}
2023-12-05 20:03:58,537 : INFO : EventManager : Event: ======'machine_var_audits_switches_s_wormhole_target'====== Args={'value': 0, 'prev_value': None, 'change': True}
2023-12-05 20:03:58,537 : INFO : EventManager : Event: ======'machine_var_audits_switches_s_yellow_wormhole'====== Args={'value': 0, 'prev_value': None, 'change': True}
2023-12-05 20:03:58,537 : INFO : EventManager : Event: ======'init_phase_5'====== Args={}
2023-12-05 20:03:58,574 : INFO : EventManager : Event: ======'init_done'====== Args={}
2023-12-05 20:03:58,575 : INFO : EventManager : Event: ======'machine_reset_phase_1'====== Args={}
2023-12-05 20:03:58,579 : INFO : EventManager : Event: ======'slide_welcome_slide_removed'====== Args={'_from_bcp': True}
2023-12-05 20:03:58,581 : INFO : EventManager : Event: ======'slide_welcome_slide_created'====== Args={'_from_bcp': True}
2023-12-05 20:03:58,581 : INFO : EventManager : Event: ======'slide_welcome_slide_active'====== Args={'_from_bcp': True}
2023-12-05 20:03:58,582 : INFO : EventManager : Event: ======'machine_reset_phase_2'====== Args={}
2023-12-05 20:03:58,582 : INFO : EventManager : Event: ======'machine_reset_phase_3'====== Args={}
2023-12-05 20:03:58,583 : INFO : EventManager : Event: ======'reset_complete'====== Args={}
2023-12-05 20:03:58,583 : INFO : EventManager : Event: ======'mode_attract_will_start'====== Args={}
2023-12-05 20:03:58,584 : INFO : EventManager : Event: ======'mode_attract_starting'====== Args={}
2023-12-05 20:03:58,584 : INFO : Mode.attract : Started. Priority: 10
2023-12-05 20:03:58,584 : INFO : EventManager : Event: ======'modes_active_modes_changed'====== Args={}
2023-12-05 20:03:58,584 : INFO : EventManager : Event: ======'mode_attract_started'====== Args={}
2023-12-05 20:03:58,585 : INFO : EventManager : Event: ======'collecting_balls_complete'====== Args={}
2023-12-05 20:03:58,616 : INFO : EventManager : Event: ======'slide_awesome_slide_created'====== Args={'_from_bcp': True}
2023-12-05 20:03:58,617 : INFO : EventManager : Event: ======'slide_awesome_slide_active'====== Args={'_from_bcp': True}
2023-12-05 20:03:58,617 : INFO : Machine : Starting the main run loop.
2023-12-05 20:03:58,743 : INFO : BcpServer : New client connected.
2023-12-05 20:04:00,492 : INFO : SwitchController : <<<<<<< 's_start' active >>>>>>>
2023-12-05 20:04:00,526 : INFO : SwitchController : <<<<<<< 's_start' inactive >>>>>>>
2023-12-05 20:04:00,526 : INFO : EventManager : Event: ======'request_to_start_game'====== Args={}
2023-12-05 20:04:00,527 : INFO : EventManager : Event: ======'game_start'====== Args={'buttons': [], 'hold_time': 0.03199999965727329}
2023-12-05 20:04:00,527 : INFO : EventManager : Event: ======'mode_game_will_start'====== Args={'buttons': [], 'hold_time': 0.03199999965727329}
2023-12-05 20:04:00,528 : INFO : EventManager : Event: ======'mode_game_starting'====== Args={'buttons': [], 'hold_time': 0.03199999965727329}
2023-12-05 20:04:00,528 : INFO : EventManager : Event: ======'mode_attract_will_stop'====== Args={}
2023-12-05 20:04:00,528 : INFO : EventManager : Event: ======'mode_attract_stopping'====== Args={}
2023-12-05 20:04:00,528 : INFO : Mode.attract : Stopped.
2023-12-05 20:04:00,528 : INFO : EventManager : Event: ======'modes_active_modes_changed'====== Args={}
2023-12-05 20:04:00,529 : INFO : EventManager : Event: ======'mode_attract_stopped'====== Args={}
2023-12-05 20:04:00,529 : INFO : EventManager : Event: ======'clear'====== Args={'key': 'attract'}
2023-12-05 20:04:00,530 : INFO : Mode.game : Started. Priority: 20
2023-12-05 20:04:00,530 : INFO : EventManager : Event: ======'modes_active_modes_changed'====== Args={}
2023-12-05 20:04:00,530 : INFO : EventManager : Event: ======'mode_game_started'====== Args={'buttons': [], 'hold_time': 0.03199999965727329}
2023-12-05 20:04:00,536 : INFO : EventManager : Event: ======'game_will_start'====== Args={}
2023-12-05 20:04:00,537 : INFO : EventManager : Event: ======'game_starting'====== Args={'game': <Mode.game>}
2023-12-05 20:04:00,537 : INFO : EventManager : Event: ======'player_add_request'====== Args={}
2023-12-05 20:04:00,537 : INFO : EventManager : Event: ======'player_will_add'====== Args={'number': 1}
2023-12-05 20:04:00,538 : INFO : EventManager : Event: ======'player_adding'====== Args={'player': <Player 1>, 'number': 1}
2023-12-05 20:04:00,538 : INFO : EventManager : Event: ======'player_added'====== Args={'player': <Player 1>, 'num': 1}
2023-12-05 20:04:00,538 : INFO : Mode.game : Player added successfully. Total players: 1
2023-12-05 20:04:00,538 : INFO : EventManager : Event: ======'player_index'====== Args={'value': 0, 'prev_value': 0, 'change': 0, 'player_num': 1}
2023-12-05 20:04:00,539 : INFO : EventManager : Event: ======'player_number'====== Args={'value': 1, 'prev_value': 1, 'change': 0, 'player_num': 1}
2023-12-05 20:04:00,539 : INFO : EventManager : Event: ======'player_score'====== Args={'value': 0, 'prev_value': 0, 'change': 0, 'player_num': 1}
2023-12-05 20:04:00,540 : INFO : EventManager : Event: ======'game_started'====== Args={}
2023-12-05 20:04:00,556 : INFO : EventManager : Event: ======'player_turn_will_start'====== Args={'player': <Player 1>, 'number': 1}
2023-12-05 20:04:00,556 : INFO : EventManager : Event: ======'slide_awesome_slide_removed'====== Args={'_from_bcp': True}
2023-12-05 20:04:00,556 : INFO : EventManager : Event: ======'slide_welcome_slide_active'====== Args={'_from_bcp': True}
2023-12-05 20:04:00,557 : INFO : EventManager : Event: ======'player_turn_starting'====== Args={'player': <Player 1>, 'number': 1}
2023-12-05 20:04:00,557 : INFO : EventManager : Event: ======'player_ball'====== Args={'value': 1, 'prev_value': 0, 'change': 1, 'player_num': 1}
2023-12-05 20:04:00,557 : INFO : EventManager : Event: ======'player_turn_started'====== Args={'player': <Player 1>, 'number': 1}
2023-12-05 20:04:00,558 : INFO : EventManager : Event: ======'ball_will_start'====== Args={'player': 1, 'ball': 1, 'balls_remaining': 2, 'is_extra_ball': False}
2023-12-05 20:04:00,561 : INFO : EventManager : Event: ======'ball_starting'====== Args={'player': 1, 'ball': 1, 'balls_remaining': 2, 'is_extra_ball': False}
2023-12-05 20:04:00,562 : INFO : EventManager : Event: ======'mode_base_will_start'====== Args={'queue': <QueuedEvent>, 'player': 1, 'ball': 1, 'balls_remaining': 2, 'is_extra_ball': False}
2023-12-05 20:04:00,562 : INFO : EventManager : Event: ======'mode_base_starting'====== Args={'queue': <QueuedEvent>, 'player': 1, 'ball': 1, 'balls_remaining': 2, 'is_extra_ball': False}
2023-12-05 20:04:00,563 : INFO : Mode.base : Started. Priority: 100
2023-12-05 20:04:00,563 : INFO : EventManager : Event: ======'modes_active_modes_changed'====== Args={}
2023-12-05 20:04:00,563 : INFO : EventManager : Event: ======'mode_base_started'====== Args={'queue': <QueuedEvent>, 'player': 1, 'ball': 1, 'balls_remaining': 2, 'is_extra_ball': False}
2023-12-05 20:04:00,564 : INFO : EventManager : Event: ======'balls_in_play'====== Args={'balls': 1}
2023-12-05 20:04:00,565 : INFO : EventManager : Event: ======'ball_started'====== Args={'player': 1, 'ball': 1, 'balls_remaining': 2, 'is_extra_ball': False}
2023-12-05 20:04:00,565 : INFO : EventManager : Event: ======'mode_medal_will_start'====== Args={'player': 1, 'ball': 1, 'balls_remaining': 2, 'is_extra_ball': False}
2023-12-05 20:04:00,566 : INFO : EventManager : Event: ======'player_shot_medalL_shot_enabled'====== Args={'value': True, 'prev_value': 0, 'change': 1, 'player_num': 1}
2023-12-05 20:04:00,567 : INFO : EventManager : Event: ======'player_shot_medalM_shot_enabled'====== Args={'value': True, 'prev_value': 0, 'change': 1, 'player_num': 1}
2023-12-05 20:04:00,568 : INFO : EventManager : Event: ======'player_shot_medalR_shot_enabled'====== Args={'value': True, 'prev_value': 0, 'change': 1, 'player_num': 1}
2023-12-05 20:04:00,568 : INFO : EventManager : Event: ======'medal_shot_complete'====== Args={'state': 'unlit'}
2023-12-05 20:04:00,569 : INFO : EventManager : Event: ======'medal_shot_unlit_complete'====== Args={}
2023-12-05 20:04:00,570 : INFO : EventManager : Event: ======'mode_medal_starting'====== Args={'player': 1, 'ball': 1, 'balls_remaining': 2, 'is_extra_ball': False}
2023-12-05 20:04:00,570 : INFO : EventManager : Event: ======'mode_reentry_will_start'====== Args={'player': 1, 'ball': 1, 'balls_remaining': 2, 'is_extra_ball': False}
2023-12-05 20:04:00,571 : INFO : EventManager : Event: ======'player_shot_reentryL_shot_enabled'====== Args={'value': True, 'prev_value': 0, 'change': 1, 'player_num': 1}
2023-12-05 20:04:00,571 : INFO : EventManager : Event: ======'player_shot_reentryM_shot_enabled'====== Args={'value': True, 'prev_value': 0, 'change': 1, 'player_num': 1}
2023-12-05 20:04:00,572 : INFO : EventManager : Event: ======'player_shot_reentryR_shot_enabled'====== Args={'value': True, 'prev_value': 0, 'change': 1, 'player_num': 1}
2023-12-05 20:04:00,572 : INFO : EventManager : Event: ======'reentry_shot_complete'====== Args={'state': 'off'}
2023-12-05 20:04:00,572 : INFO : EventManager : Event: ======'reentry_shot_off_complete'====== Args={}
2023-12-05 20:04:00,574 : INFO : EventManager : Event: ======'mode_reentry_starting'====== Args={'player': 1, 'ball': 1, 'balls_remaining': 2, 'is_extra_ball': False}
2023-12-05 20:04:00,600 : INFO : EventManager : Event: ======'logicblock_medal_shot_complete_count_updated'====== Args={'value': 1, 'enabled': True}
2023-12-05 20:04:00,600 : INFO : EventManager : Event: ======'logicblock_medal_shot_complete_count_updated'====== Args={'value': 1, 'enabled': True}
2023-12-05 20:04:00,600 : INFO : Mode.medal : Started. Priority: 200
2023-12-05 20:04:00,601 : INFO : EventManager : Event: ======'modes_active_modes_changed'====== Args={}
2023-12-05 20:04:00,601 : INFO : EventManager : Event: ======'mode_medal_started'====== Args={'player': 1, 'ball': 1, 'balls_remaining': 2, 'is_extra_ball': False}
2023-12-05 20:04:00,601 : INFO : EventManager : Event: ======'logicblock_reentry_shot_complete_count_updated'====== Args={'value': 1, 'enabled': True}
2023-12-05 20:04:00,602 : INFO : EventManager : Event: ======'logicblock_reentry_shot_complete_count_updated'====== Args={'value': 1, 'enabled': True}
2023-12-05 20:04:00,602 : INFO : Mode.reentry : Started. Priority: 200
2023-12-05 20:04:00,602 : INFO : EventManager : Event: ======'modes_active_modes_changed'====== Args={}
2023-12-05 20:04:00,602 : INFO : EventManager : Event: ======'mode_reentry_started'====== Args={'player': 1, 'ball': 1, 'balls_remaining': 2, 'is_extra_ball': False}
2023-12-05 20:04:00,602 : INFO : EventManager : Event: ======'single_player_ball_started'====== Args={}
2023-12-05 20:04:00,603 : INFO : EventManager : Event: ======'player_attack_bumper_count'====== Args={'value': 1, 'prev_value': 0, 'change': 1, 'player_num': 1}
2023-12-05 20:04:00,604 : INFO : EventManager : Event: ======'slide_base.slide_player-mode_base_started_created'====== Args={'_from_bcp': True}
2023-12-05 20:04:00,604 : INFO : EventManager : Event: ======'slide_base.slide_player-mode_base_started_active'====== Args={'_from_bcp': True}
2023-12-05 20:04:00,604 : INFO : EventManager : Event: ======'slide__global.slide_player-ball_started_created'====== Args={'_from_bcp': True}
2023-12-05 20:04:00,605 : INFO : EventManager : Event: ======'ball_start_target'====== Args={'target': 'playfield'}
2023-12-05 20:04:00,633 : INFO : ball_device.bd_plunger : Setting up player-controlled eject. Balls: 1, Target: <playfield.playfield>, player_controlled_eject_event: None
2023-12-05 20:04:00,633 : INFO : EventManager : Event: ======'balldevice_balls_available'====== Args={}
2023-12-05 20:04:00,634 : INFO : ball_device.bd_trough : State: waiting_for_target_ready
2023-12-05 20:04:00,634 : INFO : EventManager : Event: ======'balldevice_bd_trough_ball_eject_attempt'====== Args={'balls': 1, 'target': <ball_device.bd_plunger>, 'source': <ball_device.bd_trough>, 'mechanical_eject': True, 'num_attempts': 0}
2023-12-05 20:04:00,635 : INFO : ball_device.bd_plunger : State: waiting_for_ball
2023-12-05 20:04:00,635 : INFO : ball_device.bd_trough : State: ejecting
2023-12-05 20:04:00,635 : INFO : ball_device.bd_trough : Ejecting ball to <ball_device.bd_plunger>
2023-12-05 20:04:00,635 : INFO : EventManager : Event: ======'balldevice_bd_trough_ejecting_ball'====== Args={'balls': 1, 'target': <ball_device.bd_plunger>, 'source': <ball_device.bd_trough>, 'mechanical_eject': True, 'num_attempts': 0}
2023-12-05 20:04:00,636 : INFO : ball_device.bd_trough : Wait for ball to leave device
2023-12-05 20:04:00,636 : INFO : coil.c_trough_eject : Pulsing Driver for 10ms (1.0 pulse_power)
2023-12-05 20:04:01,717 : INFO : SwitchController : <<<<<<< 's_medal_drop_left' active >>>>>>>
2023-12-05 20:04:01,718 : INFO : EventManager : Event: ======'playfield_active'====== Args={}
2023-12-05 20:04:01,719 : INFO : EventManager : Event: ======'unexpected_ball_on_playfield'====== Args={}
2023-12-05 20:04:01,720 : INFO : EventManager : Event: ======'s_medal_drop_left_active'====== Args={}
2023-12-05 20:04:01,722 : INFO : EventManager : Event: ======'sw_playfield_active'====== Args={}
2023-12-05 20:04:01,723 : INFO : EventManager : Event: ======'machine_var_audits_switches_s_medal_drop_left'====== Args={'value': 93, 'prev_value': 92, 'change': 1}
2023-12-05 20:04:01,727 : INFO : EventManager : Event: ======'player_shot_medalL_shot'====== Args={'value': 1, 'prev_value': 0, 'change': 1, 'player_num': 1}
2023-12-05 20:04:01,739 : INFO : EventManager : Event: ======'machine_var_audits_shots_medalL_shot'====== Args={'value': 79, 'prev_value': 78, 'change': 1}
2023-12-05 20:04:01,740 : INFO : EventManager : Event: ======'medalL_shot_hit'====== Args={'profile': 'default', 'state': 'unlit', 'advancing': True}
2023-12-05 20:04:01,740 : INFO : EventManager : Event: ======'medalL_shot_default_hit'====== Args={'profile': 'default', 'state': 'unlit', 'advancing': True}
2023-12-05 20:04:01,740 : INFO : EventManager : Event: ======'medalL_shot_default_unlit_hit'====== Args={'profile': 'default', 'state': 'unlit', 'advancing': True}
2023-12-05 20:04:01,740 : INFO : EventManager : Event: ======'medalL_shot_unlit_hit'====== Args={'profile': 'default', 'state': 'unlit', 'advancing': True}
2023-12-05 20:04:01,740 : INFO : EventManager : Event: ======'medal_shot_hit'====== Args={}
2023-12-05 20:04:01,740 : INFO : EventManager : Event: ======'medal_shot_unlit_hit'====== Args={}
2023-12-05 20:04:01,741 : INFO : EventManager : Event: ======'player_score'====== Args={'value': 1500, 'prev_value': 0, 'change': 1500, 'player_num': 1}
2023-12-05 20:04:01,741 : INFO : EventManager : Event: ======'playfield_active'====== Args={}
2023-12-05 20:04:01,742 : INFO : EventManager : Event: ======'unexpected_ball_on_playfield'====== Args={}
2023-12-05 20:04:01,919 : INFO : SwitchController : <<<<<<< 's_medal_drop_left' inactive >>>>>>>
2023-12-05 20:04:02,145 : INFO : SwitchController : <<<<<<< 's_medal_drop_middle' active >>>>>>>
2023-12-05 20:04:02,145 : INFO : EventManager : Event: ======'playfield_active'====== Args={}
2023-12-05 20:04:02,145 : INFO : EventManager : Event: ======'unexpected_ball_on_playfield'====== Args={}
2023-12-05 20:04:02,146 : INFO : EventManager : Event: ======'s_medal_drop_middle_active'====== Args={}
2023-12-05 20:04:02,146 : INFO : EventManager : Event: ======'sw_playfield_active'====== Args={}
2023-12-05 20:04:02,147 : INFO : EventManager : Event: ======'machine_var_audits_switches_s_medal_drop_middle'====== Args={'value': 90, 'prev_value': 89, 'change': 1}
2023-12-05 20:04:02,148 : INFO : EventManager : Event: ======'player_shot_medalM_shot'====== Args={'value': 1, 'prev_value': 0, 'change': 1, 'player_num': 1}
2023-12-05 20:04:02,150 : INFO : EventManager : Event: ======'machine_var_audits_shots_medalM_shot'====== Args={'value': 76, 'prev_value': 75, 'change': 1}
2023-12-05 20:04:02,151 : INFO : EventManager : Event: ======'medalM_shot_hit'====== Args={'profile': 'default', 'state': 'unlit', 'advancing': True}
2023-12-05 20:04:02,151 : INFO : EventManager : Event: ======'medalM_shot_default_hit'====== Args={'profile': 'default', 'state': 'unlit', 'advancing': True}
2023-12-05 20:04:02,152 : INFO : EventManager : Event: ======'medalM_shot_default_unlit_hit'====== Args={'profile': 'default', 'state': 'unlit', 'advancing': True}
2023-12-05 20:04:02,152 : INFO : EventManager : Event: ======'medalM_shot_unlit_hit'====== Args={'profile': 'default', 'state': 'unlit', 'advancing': True}
2023-12-05 20:04:02,153 : INFO : EventManager : Event: ======'medal_shot_hit'====== Args={}
2023-12-05 20:04:02,153 : INFO : EventManager : Event: ======'medal_shot_unlit_hit'====== Args={}
2023-12-05 20:04:02,154 : INFO : EventManager : Event: ======'player_score'====== Args={'value': 3000, 'prev_value': 1500, 'change': 1500, 'player_num': 1}
2023-12-05 20:04:02,155 : INFO : EventManager : Event: ======'playfield_active'====== Args={}
2023-12-05 20:04:02,155 : INFO : EventManager : Event: ======'unexpected_ball_on_playfield'====== Args={}
2023-12-05 20:04:02,344 : INFO : SwitchController : <<<<<<< 's_medal_drop_middle' inactive >>>>>>>
2023-12-05 20:04:02,551 : INFO : SwitchController : <<<<<<< 's_medal_drop_right' active >>>>>>>
2023-12-05 20:04:02,551 : INFO : EventManager : Event: ======'playfield_active'====== Args={}
2023-12-05 20:04:02,553 : INFO : EventManager : Event: ======'unexpected_ball_on_playfield'====== Args={}
2023-12-05 20:04:02,554 : INFO : EventManager : Event: ======'s_medal_drop_right_active'====== Args={}
2023-12-05 20:04:02,556 : INFO : EventManager : Event: ======'sw_playfield_active'====== Args={}
2023-12-05 20:04:02,556 : INFO : EventManager : Event: ======'machine_var_audits_switches_s_medal_drop_right'====== Args={'value': 91, 'prev_value': 90, 'change': 1}
2023-12-05 20:04:02,557 : INFO : EventManager : Event: ======'player_shot_medalR_shot'====== Args={'value': 1, 'prev_value': 0, 'change': 1, 'player_num': 1}
2023-12-05 20:04:02,557 : INFO : EventManager : Event: ======'machine_var_audits_shots_medalR_shot'====== Args={'value': 77, 'prev_value': 76, 'change': 1}
2023-12-05 20:04:02,557 : INFO : EventManager : Event: ======'medalR_shot_hit'====== Args={'profile': 'default', 'state': 'unlit', 'advancing': True}
2023-12-05 20:04:02,558 : INFO : EventManager : Event: ======'medalR_shot_default_hit'====== Args={'profile': 'default', 'state': 'unlit', 'advancing': True}
2023-12-05 20:04:02,558 : INFO : EventManager : Event: ======'medalR_shot_default_unlit_hit'====== Args={'profile': 'default', 'state': 'unlit', 'advancing': True}
2023-12-05 20:04:02,558 : INFO : EventManager : Event: ======'medalR_shot_unlit_hit'====== Args={'profile': 'default', 'state': 'unlit', 'advancing': True}
2023-12-05 20:04:02,558 : INFO : EventManager : Event: ======'medal_shot_complete'====== Args={'state': 'lit'}
2023-12-05 20:04:02,558 : INFO : EventManager : Event: ======'medal_shot_lit_complete'====== Args={}
2023-12-05 20:04:02,558 : INFO : EventManager : Event: ======'medal_shot_hit'====== Args={}
2023-12-05 20:04:02,559 : INFO : EventManager : Event: ======'medal_shot_unlit_hit'====== Args={}
2023-12-05 20:04:02,559 : INFO : EventManager : Event: ======'player_shot_medalL_shot'====== Args={'value': 0, 'prev_value': 1, 'change': -1, 'player_num': 1}
2023-12-05 20:04:02,559 : INFO : EventManager : Event: ======'player_shot_medalM_shot'====== Args={'value': 0, 'prev_value': 1, 'change': -1, 'player_num': 1}
2023-12-05 20:04:02,560 : INFO : EventManager : Event: ======'player_shot_medalR_shot'====== Args={'value': 0, 'prev_value': 1, 'change': -1, 'player_num': 1}
2023-12-05 20:04:02,561 : INFO : EventManager : Event: ======'logicblock_medal_shot_complete_count_updated'====== Args={'value': 2, 'enabled': True}
2023-12-05 20:04:02,561 : INFO : EventManager : Event: ======'medal_shot_done'====== Args={'count': 2}
2023-12-05 20:04:02,562 : INFO : EventManager : Event: ======'player_score'====== Args={'value': 13000, 'prev_value': 3000, 'change': 10000, 'player_num': 1}
2023-12-05 20:04:02,563 : INFO : EventManager : Event: ======'player_score'====== Args={'value': 14500, 'prev_value': 13000, 'change': 1500, 'player_num': 1}
2023-12-05 20:04:02,563 : INFO : EventManager : Event: ======'playfield_active'====== Args={}
2023-12-05 20:04:02,563 : INFO : EventManager : Event: ======'unexpected_ball_on_playfield'====== Args={}
2023-12-05 20:04:02,710 : INFO : SwitchController : <<<<<<< 's_medal_drop_right' inactive >>>>>>>
2023-12-05 20:04:05,489 : INFO : SwitchController : <<<<<<< 's_medal_drop_left' active >>>>>>>
2023-12-05 20:04:05,490 : INFO : EventManager : Event: ======'playfield_active'====== Args={}
2023-12-05 20:04:05,490 : INFO : EventManager : Event: ======'unexpected_ball_on_playfield'====== Args={}
2023-12-05 20:04:05,491 : INFO : EventManager : Event: ======'s_medal_drop_left_active'====== Args={}
2023-12-05 20:04:05,492 : INFO : EventManager : Event: ======'sw_playfield_active'====== Args={}
2023-12-05 20:04:05,493 : INFO : EventManager : Event: ======'machine_var_audits_switches_s_medal_drop_left'====== Args={'value': 94, 'prev_value': 93, 'change': 1}
2023-12-05 20:04:05,494 : INFO : EventManager : Event: ======'player_shot_medalL_shot'====== Args={'value': 1, 'prev_value': 0, 'change': 1, 'player_num': 1}
2023-12-05 20:04:05,494 : INFO : EventManager : Event: ======'machine_var_audits_shots_medalL_shot'====== Args={'value': 80, 'prev_value': 79, 'change': 1}
2023-12-05 20:04:05,495 : INFO : EventManager : Event: ======'medalL_shot_hit'====== Args={'profile': 'default', 'state': 'unlit', 'advancing': True}
2023-12-05 20:04:05,495 : INFO : EventManager : Event: ======'medalL_shot_default_hit'====== Args={'profile': 'default', 'state': 'unlit', 'advancing': True}
2023-12-05 20:04:05,495 : INFO : EventManager : Event: ======'medalL_shot_default_unlit_hit'====== Args={'profile': 'default', 'state': 'unlit', 'advancing': True}
2023-12-05 20:04:05,495 : INFO : EventManager : Event: ======'medalL_shot_unlit_hit'====== Args={'profile': 'default', 'state': 'unlit', 'advancing': True}
2023-12-05 20:04:05,495 : INFO : EventManager : Event: ======'medal_shot_hit'====== Args={}
2023-12-05 20:04:05,496 : INFO : EventManager : Event: ======'medal_shot_unlit_hit'====== Args={}
2023-12-05 20:04:05,496 : INFO : EventManager : Event: ======'player_score'====== Args={'value': 16000, 'prev_value': 14500, 'change': 1500, 'player_num': 1}
2023-12-05 20:04:05,496 : INFO : EventManager : Event: ======'playfield_active'====== Args={}
2023-12-05 20:04:05,505 : INFO : EventManager : Event: ======'unexpected_ball_on_playfield'====== Args={}
2023-12-05 20:04:05,614 : INFO : SwitchController : <<<<<<< 's_medal_drop_left' inactive >>>>>>>
2023-12-05 20:04:05,856 : INFO : SwitchController : <<<<<<< 's_medal_drop_middle' active >>>>>>>
2023-12-05 20:04:05,857 : INFO : EventManager : Event: ======'playfield_active'====== Args={}
2023-12-05 20:04:05,858 : INFO : EventManager : Event: ======'unexpected_ball_on_playfield'====== Args={}
2023-12-05 20:04:05,859 : INFO : EventManager : Event: ======'s_medal_drop_middle_active'====== Args={}
2023-12-05 20:04:05,861 : INFO : EventManager : Event: ======'sw_playfield_active'====== Args={}
2023-12-05 20:04:05,862 : INFO : EventManager : Event: ======'machine_var_audits_switches_s_medal_drop_middle'====== Args={'value': 91, 'prev_value': 90, 'change': 1}
2023-12-05 20:04:05,866 : INFO : EventManager : Event: ======'player_shot_medalM_shot'====== Args={'value': 1, 'prev_value': 0, 'change': 1, 'player_num': 1}
2023-12-05 20:04:05,869 : INFO : EventManager : Event: ======'machine_var_audits_shots_medalM_shot'====== Args={'value': 77, 'prev_value': 76, 'change': 1}
2023-12-05 20:04:05,871 : INFO : EventManager : Event: ======'medalM_shot_hit'====== Args={'profile': 'default', 'state': 'unlit', 'advancing': True}
2023-12-05 20:04:05,872 : INFO : EventManager : Event: ======'medalM_shot_default_hit'====== Args={'profile': 'default', 'state': 'unlit', 'advancing': True}
2023-12-05 20:04:05,872 : INFO : EventManager : Event: ======'medalM_shot_default_unlit_hit'====== Args={'profile': 'default', 'state': 'unlit', 'advancing': True}
2023-12-05 20:04:05,873 : INFO : EventManager : Event: ======'medalM_shot_unlit_hit'====== Args={'profile': 'default', 'state': 'unlit', 'advancing': True}
2023-12-05 20:04:05,874 : INFO : EventManager : Event: ======'medal_shot_hit'====== Args={}
2023-12-05 20:04:05,874 : INFO : EventManager : Event: ======'medal_shot_unlit_hit'====== Args={}
2023-12-05 20:04:05,876 : INFO : EventManager : Event: ======'player_score'====== Args={'value': 17500, 'prev_value': 16000, 'change': 1500, 'player_num': 1}
2023-12-05 20:04:05,879 : INFO : EventManager : Event: ======'playfield_active'====== Args={}
2023-12-05 20:04:05,880 : INFO : EventManager : Event: ======'unexpected_ball_on_playfield'====== Args={}
2023-12-05 20:04:06,061 : INFO : SwitchController : <<<<<<< 's_medal_drop_middle' inactive >>>>>>>
2023-12-05 20:04:06,281 : INFO : SwitchController : <<<<<<< 's_medal_drop_right' active >>>>>>>
2023-12-05 20:04:06,281 : INFO : EventManager : Event: ======'playfield_active'====== Args={}
2023-12-05 20:04:06,283 : INFO : EventManager : Event: ======'unexpected_ball_on_playfield'====== Args={}
2023-12-05 20:04:06,284 : INFO : EventManager : Event: ======'s_medal_drop_right_active'====== Args={}
2023-12-05 20:04:06,286 : INFO : EventManager : Event: ======'sw_playfield_active'====== Args={}
2023-12-05 20:04:06,287 : INFO : EventManager : Event: ======'machine_var_audits_switches_s_medal_drop_right'====== Args={'value': 92, 'prev_value': 91, 'change': 1}
2023-12-05 20:04:06,291 : INFO : EventManager : Event: ======'player_shot_medalR_shot'====== Args={'value': 1, 'prev_value': 0, 'change': 1, 'player_num': 1}
2023-12-05 20:04:06,293 : INFO : EventManager : Event: ======'machine_var_audits_shots_medalR_shot'====== Args={'value': 78, 'prev_value': 77, 'change': 1}
2023-12-05 20:04:06,295 : INFO : EventManager : Event: ======'medalR_shot_hit'====== Args={'profile': 'default', 'state': 'unlit', 'advancing': True}
2023-12-05 20:04:06,296 : INFO : EventManager : Event: ======'medalR_shot_default_hit'====== Args={'profile': 'default', 'state': 'unlit', 'advancing': True}
2023-12-05 20:04:06,297 : INFO : EventManager : Event: ======'medalR_shot_default_unlit_hit'====== Args={'profile': 'default', 'state': 'unlit', 'advancing': True}
2023-12-05 20:04:06,297 : INFO : EventManager : Event: ======'medalR_shot_unlit_hit'====== Args={'profile': 'default', 'state': 'unlit', 'advancing': True}
2023-12-05 20:04:06,298 : INFO : EventManager : Event: ======'medal_shot_complete'====== Args={'state': 'lit'}
2023-12-05 20:04:06,299 : INFO : EventManager : Event: ======'medal_shot_lit_complete'====== Args={}
2023-12-05 20:04:06,299 : INFO : EventManager : Event: ======'medal_shot_hit'====== Args={}
2023-12-05 20:04:06,300 : INFO : EventManager : Event: ======'medal_shot_unlit_hit'====== Args={}
2023-12-05 20:04:06,302 : INFO : EventManager : Event: ======'player_shot_medalL_shot'====== Args={'value': 0, 'prev_value': 1, 'change': -1, 'player_num': 1}
2023-12-05 20:04:06,305 : INFO : EventManager : Event: ======'player_shot_medalM_shot'====== Args={'value': 0, 'prev_value': 1, 'change': -1, 'player_num': 1}
2023-12-05 20:04:06,307 : INFO : EventManager : Event: ======'player_shot_medalR_shot'====== Args={'value': 0, 'prev_value': 1, 'change': -1, 'player_num': 1}
2023-12-05 20:04:06,308 : INFO : EventManager : Event: ======'logicblock_medal_shot_complete_count_updated'====== Args={'value': 3, 'enabled': True}
2023-12-05 20:04:06,309 : INFO : EventManager : Event: ======'medal_shot_done'====== Args={'count': 3}
2023-12-05 20:04:06,310 : INFO : EventManager : Event: ======'player_score'====== Args={'value': 67500, 'prev_value': 17500, 'change': 50000, 'player_num': 1}
2023-12-05 20:04:06,311 : INFO : EventManager : Event: ======'player_score'====== Args={'value': 69000, 'prev_value': 67500, 'change': 1500, 'player_num': 1}
2023-12-05 20:04:06,312 : INFO : EventManager : Event: ======'playfield_active'====== Args={}
2023-12-05 20:04:06,312 : INFO : EventManager : Event: ======'unexpected_ball_on_playfield'====== Args={}
2023-12-05 20:04:06,444 : INFO : SwitchController : <<<<<<< 's_medal_drop_right' inactive >>>>>>>
2023-12-05 20:04:10,647 : INFO : EventManager : Event: ======'balldevice_bd_trough_ball_eject_failed'====== Args={'target': <ball_device.bd_plunger>, 'balls': 1, 'retry': True, 'num_attempts': 1}
2023-12-05 20:04:10,650 : INFO : ball_device.bd_trough : State: waiting_for_target_ready
2023-12-05 20:04:10,651 : INFO : EventManager : Event: ======'balldevice_bd_trough_ball_eject_attempt'====== Args={'balls': 1, 'target': <ball_device.bd_plunger>, 'source': <ball_device.bd_trough>, 'mechanical_eject': True, 'num_attempts': 1}
2023-12-05 20:04:10,653 : INFO : ball_device.bd_trough : State: ejecting
2023-12-05 20:04:10,655 : INFO : ball_device.bd_trough : Ejecting ball to <ball_device.bd_plunger>
2023-12-05 20:04:10,655 : INFO : EventManager : Event: ======'balldevice_bd_trough_ejecting_ball'====== Args={'balls': 1, 'target': <ball_device.bd_plunger>, 'source': <ball_device.bd_trough>, 'mechanical_eject': True, 'num_attempts': 1}
2023-12-05 20:04:10,658 : INFO : ball_device.bd_trough : Wait for ball to leave device
2023-12-05 20:04:10,659 : INFO : coil.c_trough_eject : Pulsing Driver for 10ms (1.0 pulse_power)
2023-12-05 20:04:12,670 : INFO : Machine : Shutting down...
2023-12-05 20:04:12,670 : INFO : EventManager : Event: ======'shutdown'====== Args={}
2023-12-05 20:04:12,676 : INFO : root : MPF run loop ended.
