2023-12-05 13:10:33,276 : kivy : Factory: 186 symbols loaded
2023-12-05 13:10:33,385 : kivy : ImageLoaderFFPy: Using ffpyplayer 4.3.2
2023-12-05 13:10:33,385 : kivy : Image: Providers: img_tex, img_dds, img_sdl2, img_pil, img_ffpyplayer 
2023-12-05 13:10:33,420 : kivy : VideoGstplayer: Using Gstreamer 1.18.0.0
2023-12-05 13:10:33,420 : kivy : Video: Provider: gstplayer
2023-12-05 13:10:33,558 : kivy : Loading MPF-MC controller
2023-12-05 13:10:33,898 : ConfigProcessor : Config spec file cache created: C:\Users\student\AppData\Local\Temp\config_spec.mpf_cache
2023-12-05 13:10:33,912 : YamlMultifileConfigLoader : Machine config file #1: config
2023-12-05 13:10:33,912 : ConfigProcessor : Loading config from file c:\users\student\mpfenv\lib\site-packages\mpfmc\mcconfig.yaml.
2023-12-05 13:10:33,947 : ConfigProcessor : Loading config: c:\users\student\mpfenv\lib\site-packages\mpfmc\mcconfig.yaml
2023-12-05 13:10:33,948 : ConfigProcessor : Loading config from file C:\Users\student\pinball\cobraPinTest1\config\config.
2023-12-05 13:10:33,986 : ConfigProcessor : Loading config: C:\Users\student\pinball\cobraPinTest1\config\config
2023-12-05 13:10:33,987 : ConfigProcessor : Config file cache created: C:\Users\student\AppData\Local\Temp\8788ef445fdd76e1de1cbcebe7495fec.mpf_cache
2023-12-05 13:10:33,988 : ConfigProcessor : Loading config from file c:\users\student\mpfenv\lib\site-packages\mpf\modes\attract\config\attract.yaml.
2023-12-05 13:10:33,989 : ConfigProcessor : Loading config: c:\users\student\mpfenv\lib\site-packages\mpf\modes\attract\config\attract.yaml
2023-12-05 13:10:33,989 : ConfigProcessor : Loading config from file C:\Users\student\pinball\cobraPinTest1\modes\attract\config\attract.yaml.
2023-12-05 13:10:33,990 : ConfigProcessor : Loading config: C:\Users\student\pinball\cobraPinTest1\modes\attract\config\attract.yaml
2023-12-05 13:10:33,990 : ConfigProcessor : Config file cache created: C:\Users\student\AppData\Local\Temp\32ed7ad340ce8029344f8b9ff63edc80.mpf_cache
2023-12-05 13:10:33,991 : ConfigProcessor : Loading config from file c:\users\student\mpfenv\lib\site-packages\mpf\modes\game\config\game.yaml.
2023-12-05 13:10:33,992 : ConfigProcessor : Loading config: c:\users\student\mpfenv\lib\site-packages\mpf\modes\game\config\game.yaml
2023-12-05 13:10:33,993 : ConfigProcessor : Config file cache created: C:\Users\student\AppData\Local\Temp\8696bd5a5a040ff67990be11cb4d3c0c.mpf_cache
2023-12-05 13:10:33,993 : ConfigProcessor : Loading config from file C:\Users\student\pinball\cobraPinTest1\modes\base\config\base.yaml.
2023-12-05 13:10:33,997 : ConfigProcessor : Loading config: C:\Users\student\pinball\cobraPinTest1\modes\base\config\base.yaml
2023-12-05 13:10:33,998 : ConfigProcessor : Config file cache created: C:\Users\student\AppData\Local\Temp\4675a535c8328a9c278c807d999ed109.mpf_cache
2023-12-05 13:10:33,998 : ConfigProcessor : Loading config from file C:\Users\student\pinball\cobraPinTest1\modes\reentry\config\reentry.yaml.
2023-12-05 13:10:34,015 : ConfigProcessor : Loading config: C:\Users\student\pinball\cobraPinTest1\modes\reentry\config\reentry.yaml
2023-12-05 13:10:34,016 : ConfigProcessor : Config file cache created: C:\Users\student\AppData\Local\Temp\0c8438cab3480347c0c749fa494946a2.mpf_cache
2023-12-05 13:10:34,017 : ConfigProcessor : Loading config from file C:\Users\student\pinball\cobraPinTest1\modes\medal\config\medal.yaml.
2023-12-05 13:10:34,030 : ConfigProcessor : Loading config: C:\Users\student\pinball\cobraPinTest1\modes\medal\config\medal.yaml
2023-12-05 13:10:34,030 : ConfigProcessor : Config file cache created: C:\Users\student\AppData\Local\Temp\edae2e0e7aeda847f5007d89f37fc8de.mpf_cache
2023-12-05 13:10:34,031 : mpfmc : Mission Pinball Framework Media Controller v0.55.0
2023-12-05 13:10:34,031 : mpfmc : Mission Pinball Framework Game Engine v0.55.0
2023-12-05 13:10:34,031 : mpfmc : Machine path: C:\Users\student\pinball\cobraPinTest1
2023-12-05 13:10:34,031 : mpfmc : Starting clock at 60.0Hz
2023-12-05 13:10:34,047 : kivy : Text: Provider: sdl2
2023-12-05 13:10:34,089 : kivy : Window: Provider: sdl2
2023-12-05 13:10:34,408 : kivy : GL: Using the "OpenGL" graphics system
2023-12-05 13:10:34,410 : kivy : GL: GLEW initialization succeeded
2023-12-05 13:10:34,410 : kivy : GL: Backend used <glew>
2023-12-05 13:10:34,411 : kivy : GL: OpenGL version <b'4.6.13543 Compatibility Profile Context 25.20.15006.9'>
2023-12-05 13:10:34,411 : kivy : GL: OpenGL vendor <b'ATI Technologies Inc.'>
2023-12-05 13:10:34,411 : kivy : GL: OpenGL renderer <b'Radeon RX Vega M GL Graphics'>
2023-12-05 13:10:34,411 : kivy : GL: OpenGL parsed version: 4, 6
2023-12-05 13:10:34,411 : kivy : GL: Shading version <b'4.60'>
2023-12-05 13:10:34,412 : kivy : GL: Texture max size <16384>
2023-12-05 13:10:34,412 : kivy : GL: Texture max units <32>
2023-12-05 13:10:34,428 : kivy : Window: auto add sdl2 input provider
2023-12-05 13:10:34,429 : kivy : Window: virtual keyboard not allowed, single mode, not docked
2023-12-05 13:10:34,635 : AudioInterface : Initialized
2023-12-05 13:10:34,635 : AudioInterface : Loaded SDL 2.0.12
2023-12-05 13:10:34,635 : AudioInterface : Loaded SDL_Mixer 2.0.4
2023-12-05 13:10:34,635 : AudioInterface : Loaded GStreamer 1.18.0.0
2023-12-05 13:10:34,635 : AudioInterface : Loaded GLib 2.62.6
2023-12-05 13:10:34,636 : AudioInterface : Settings requested - rate: 44100, channels: 1, buffer: 2048 samples
2023-12-05 13:10:34,636 : AudioInterface : Settings in use - rate: 44100, channels: 1, buffer: 2048 samples (4096 bytes @ 2 bytes per sample)
2023-12-05 13:10:34,636 : SoundSystem : Setting master volume to 0.0
2023-12-05 13:10:34,636 : SoundSystem : master_volume in sound_system is deprecated and will be removed in the future.
2023-12-05 13:10:34,636 : AudioInterface : Enabling audio playback
2023-12-05 13:10:34,638 : kivy : Base: Start application main loop
2023-12-05 13:10:34,638 : EventManager : Event: ======'display_window_initialized'====== Args={}
2023-12-05 13:10:34,655 : mpfmc : Display: Setting 'window' as default display
2023-12-05 13:10:34,661 : EventManager : Event: ======'displays_initialized'====== Args={}
2023-12-05 13:10:34,662 : EventManager : Event: ======'slide_window_blank_created'====== Args={}
2023-12-05 13:10:34,662 : EventManager : Event: ======'display_window_ready'====== Args={}
2023-12-05 13:10:34,671 : EventManager : Event: ======'init_phase_1'====== Args={}
2023-12-05 13:10:34,674 : EventManager : Event: ======'mc_ready'====== Args={}
2023-12-05 13:10:34,674 : EventManager : Event: ======'init_phase_2'====== Args={}
2023-12-05 13:10:34,676 : EventManager : Event: ======'init_phase_3'====== Args={}
2023-12-05 13:10:34,678 : EventManager : Event: ======'init_phase_4'====== Args={}
2023-12-05 13:10:34,678 : EventManager : Event: ======'init_phase_5'====== Args={}
2023-12-05 13:10:34,678 : EventManager : Event: ======'init_done'====== Args={}
2023-12-05 13:10:34,678 : MPF-MC BCP Server : Starting up on localhost port 5050
2023-12-05 13:10:34,683 : MPF-MC BCP Server : Waiting for a connection...
2023-12-05 13:10:34,683 : mpfmc : SlidePlayer: Play called with settings={'slides': {welcome_slide-None-None: {'priority': None, 'target': None, 'background_color': [0.0, 0.0, 0.0, 1.0], 'show': True, 'force': False, 'expire': None, 'slide': None, 'tokens': {}, 'action': 'play', 'transition': None, 'transition_out': None}}}
2023-12-05 13:10:34,686 : kivy : GL: NPOT texture support is available
2023-12-05 13:10:34,687 : EventManager : Event: ======'slide_welcome_slide_created'====== Args={}
2023-12-05 13:10:34,689 : EventManager : Event: ======'slide_welcome_slide_active'====== Args={}
2023-12-05 13:10:34,700 : EventManager : Event: ======'client_disconnected'====== Args={'host': '127.0.0.1', 'port': 5050}
2023-12-05 13:10:51,839 : EventManager : Event: ======'reentry_start'====== Args={}
2023-12-05 13:11:00,706 : kivy : Base: Leaving application in progress...
