2023-10-01 11:48:32,864 : kivy : Factory: 186 symbols loaded
2023-10-01 11:48:32,982 : kivy : ImageLoaderFFPy: Using ffpyplayer 4.3.2
2023-10-01 11:48:32,983 : kivy : Image: Providers: img_tex, img_dds, img_sdl2, img_pil, img_ffpyplayer 
2023-10-01 11:48:33,022 : kivy : VideoGstplayer: Using Gstreamer 1.18.0.0
2023-10-01 11:48:33,022 : kivy : Video: Provider: gstplayer
2023-10-01 11:48:33,174 : kivy : Loading MPF-MC controller
2023-10-01 11:48:33,177 : YamlMultifileConfigLoader : Machine config file #1: config
2023-10-01 11:48:33,178 : ConfigProcessor : Config file in cache changed: C:\Users\student\pinball\cobraPinTest1\config\config
2023-10-01 11:48:33,179 : ConfigProcessor : Loading config from file c:\users\student\mpfenv\lib\site-packages\mpfmc\mcconfig.yaml.
2023-10-01 11:48:33,212 : ConfigProcessor : Loading config: c:\users\student\mpfenv\lib\site-packages\mpfmc\mcconfig.yaml
2023-10-01 11:48:33,212 : ConfigProcessor : Loading config from file C:\Users\student\pinball\cobraPinTest1\config\config.
2023-10-01 11:48:33,266 : ConfigProcessor : Loading config: C:\Users\student\pinball\cobraPinTest1\config\config
2023-10-01 11:48:33,269 : ConfigProcessor : Config file cache created: C:\Users\student\AppData\Local\Temp\8788ef445fdd76e1de1cbcebe7495fec.mpf_cache
2023-10-01 11:48:33,270 : ConfigProcessor : Loading config from cache: C:\Users\student\AppData\Local\Temp\32ed7ad340ce8029344f8b9ff63edc80.mpf_cache
2023-10-01 11:48:33,271 : ConfigProcessor : Loading config from cache: C:\Users\student\AppData\Local\Temp\8696bd5a5a040ff67990be11cb4d3c0c.mpf_cache
2023-10-01 11:48:33,271 : ConfigProcessor : Loading config from cache: C:\Users\student\AppData\Local\Temp\4675a535c8328a9c278c807d999ed109.mpf_cache
2023-10-01 11:48:33,272 : ConfigProcessor : Loading config from cache: C:\Users\student\AppData\Local\Temp\0c8438cab3480347c0c749fa494946a2.mpf_cache
2023-10-01 11:48:33,273 : mpfmc : Mission Pinball Framework Media Controller v0.55.0
2023-10-01 11:48:33,273 : mpfmc : Mission Pinball Framework Game Engine v0.55.0
2023-10-01 11:48:33,274 : mpfmc : Machine path: C:\Users\student\pinball\cobraPinTest1
2023-10-01 11:48:33,274 : mpfmc : Starting clock at 60.0Hz
2023-10-01 11:48:33,290 : kivy : Text: Provider: sdl2
2023-10-01 11:48:33,330 : kivy : Window: Provider: sdl2
2023-10-01 11:48:33,706 : kivy : GL: Using the "OpenGL" graphics system
2023-10-01 11:48:33,708 : kivy : GL: GLEW initialization succeeded
2023-10-01 11:48:33,709 : kivy : GL: Backend used <glew>
2023-10-01 11:48:33,709 : kivy : GL: OpenGL version <b'4.6.13543 Compatibility Profile Context 25.20.15006.9'>
2023-10-01 11:48:33,709 : kivy : GL: OpenGL vendor <b'ATI Technologies Inc.'>
2023-10-01 11:48:33,710 : kivy : GL: OpenGL renderer <b'Radeon RX Vega M GL Graphics'>
2023-10-01 11:48:33,710 : kivy : GL: OpenGL parsed version: 4, 6
2023-10-01 11:48:33,710 : kivy : GL: Shading version <b'4.60'>
2023-10-01 11:48:33,711 : kivy : GL: Texture max size <16384>
2023-10-01 11:48:33,711 : kivy : GL: Texture max units <32>
2023-10-01 11:48:33,729 : kivy : Window: auto add sdl2 input provider
2023-10-01 11:48:33,730 : kivy : Window: virtual keyboard not allowed, single mode, not docked
2023-10-01 11:48:33,945 : AudioInterface : Initialized
2023-10-01 11:48:33,945 : AudioInterface : Loaded SDL 2.0.12
2023-10-01 11:48:33,946 : AudioInterface : Loaded SDL_Mixer 2.0.4
2023-10-01 11:48:33,947 : AudioInterface : Loaded GStreamer 1.18.0.0
2023-10-01 11:48:33,947 : AudioInterface : Loaded GLib 2.62.6
2023-10-01 11:48:33,947 : AudioInterface : Settings requested - rate: 44100, channels: 1, buffer: 2048 samples
2023-10-01 11:48:33,948 : AudioInterface : Settings in use - rate: 44100, channels: 1, buffer: 2048 samples (4096 bytes @ 2 bytes per sample)
2023-10-01 11:48:33,948 : SoundSystem : Setting master volume to 0.0
2023-10-01 11:48:33,948 : SoundSystem : master_volume in sound_system is deprecated and will be removed in the future.
2023-10-01 11:48:33,949 : AudioInterface : Enabling audio playback
2023-10-01 11:48:33,951 : kivy : Base: Start application main loop
2023-10-01 11:48:33,952 : EventManager : Event: ======'display_window_initialized'====== Args={}
2023-10-01 11:48:33,969 : mpfmc : Display: Setting 'window' as default display
2023-10-01 11:48:33,975 : EventManager : Event: ======'displays_initialized'====== Args={}
2023-10-01 11:48:33,976 : EventManager : Event: ======'slide_window_blank_created'====== Args={}
2023-10-01 11:48:33,977 : EventManager : Event: ======'display_window_ready'====== Args={}
2023-10-01 11:48:33,986 : EventManager : Event: ======'init_phase_1'====== Args={}
2023-10-01 11:48:33,989 : EventManager : Event: ======'mc_ready'====== Args={}
2023-10-01 11:48:33,990 : EventManager : Event: ======'init_phase_2'====== Args={}
2023-10-01 11:48:33,991 : EventManager : Event: ======'init_phase_3'====== Args={}
2023-10-01 11:48:33,993 : EventManager : Event: ======'init_phase_4'====== Args={}
2023-10-01 11:48:33,993 : EventManager : Event: ======'init_phase_5'====== Args={}
2023-10-01 11:48:33,994 : EventManager : Event: ======'init_done'====== Args={}
2023-10-01 11:48:33,994 : MPF-MC BCP Server : Starting up on localhost port 5050
2023-10-01 11:48:33,999 : MPF-MC BCP Server : Waiting for a connection...
2023-10-01 11:48:33,999 : mpfmc : SlidePlayer: Play called with settings={'slides': {welcome_slide-None-None: {'priority': None, 'target': None, 'background_color': [0.0, 0.0, 0.0, 1.0], 'show': True, 'force': False, 'expire': None, 'slide': None, 'tokens': {}, 'action': 'play', 'transition': None, 'transition_out': None}}}
2023-10-01 11:48:34,003 : kivy : GL: NPOT texture support is available
2023-10-01 11:48:34,003 : EventManager : Event: ======'slide_welcome_slide_created'====== Args={}
2023-10-01 11:48:34,005 : EventManager : Event: ======'slide_welcome_slide_active'====== Args={}
2023-10-01 11:48:34,016 : EventManager : Event: ======'client_disconnected'====== Args={'host': '127.0.0.1', 'port': 5050}
2023-10-01 11:49:22,901 : kivy : Base: Leaving application in progress...
