2023-10-02 14:33:53,440 : INFO : root : Loading config.
2023-10-02 14:33:53,791 : INFO : ConfigProcessor : Config spec file cache created: C:\Users\student\AppData\Local\Temp\config_spec.mpf_cache
2023-10-02 14:33:53,792 : INFO : YamlMultifileConfigLoader : Machine config file #1: config.yaml
2023-10-02 14:33:53,792 : INFO : ConfigProcessor : Loading config from file c:\users\student\mpfenv\lib\site-packages\mpf\mpfconfig.yaml.
2023-10-02 14:33:53,856 : INFO : ConfigProcessor : Loading config: c:\users\student\mpfenv\lib\site-packages\mpf\mpfconfig.yaml
2023-10-02 14:33:53,857 : INFO : ConfigProcessor : Loading config from file C:\Users\student\pinball\cobraPinTest1\config\config.yaml.
2023-10-02 14:33:53,893 : INFO : ConfigProcessor : Loading config: C:\Users\student\pinball\cobraPinTest1\config\config.yaml
2023-10-02 14:33:53,894 : INFO : ConfigProcessor : Config file cache created: C:\Users\student\AppData\Local\Temp\f1427cd4cbc9163bc2263f349f0fb463.mpf_cache
2023-10-02 14:33:53,960 : INFO : ConfigProcessor : Loading config from file c:\users\student\mpfenv\lib\site-packages\mpf\modes\attract\config\attract.yaml.
2023-10-02 14:33:53,961 : INFO : ConfigProcessor : Loading config: c:\users\student\mpfenv\lib\site-packages\mpf\modes\attract\config\attract.yaml
2023-10-02 14:33:53,961 : INFO : ConfigProcessor : Loading config from file C:\Users\student\pinball\cobraPinTest1\modes\attract\config\attract.yaml.
2023-10-02 14:33:53,962 : INFO : ConfigProcessor : Loading config: C:\Users\student\pinball\cobraPinTest1\modes\attract\config\attract.yaml
2023-10-02 14:33:53,963 : INFO : ConfigProcessor : Config file cache created: C:\Users\student\AppData\Local\Temp\32ed7ad340ce8029344f8b9ff63edc80.mpf_cache
2023-10-02 14:33:53,963 : INFO : ConfigProcessor : Loading config from file c:\users\student\mpfenv\lib\site-packages\mpf\modes\game\config\game.yaml.
2023-10-02 14:33:53,965 : INFO : ConfigProcessor : Loading config: c:\users\student\mpfenv\lib\site-packages\mpf\modes\game\config\game.yaml
2023-10-02 14:33:53,965 : INFO : ConfigProcessor : Config file cache created: C:\Users\student\AppData\Local\Temp\8696bd5a5a040ff67990be11cb4d3c0c.mpf_cache
2023-10-02 14:33:53,966 : INFO : ConfigProcessor : Loading config from file C:\Users\student\pinball\cobraPinTest1\modes\base\config\base.yaml.
2023-10-02 14:33:53,971 : INFO : ConfigProcessor : Loading config: C:\Users\student\pinball\cobraPinTest1\modes\base\config\base.yaml
2023-10-02 14:33:53,971 : INFO : ConfigProcessor : Config file cache created: C:\Users\student\AppData\Local\Temp\4675a535c8328a9c278c807d999ed109.mpf_cache
2023-10-02 14:33:53,972 : INFO : ConfigProcessor : Loading config from file C:\Users\student\pinball\cobraPinTest1\modes\reentry\config\reentry.yaml.
2023-10-02 14:33:53,988 : INFO : ConfigProcessor : Loading config: C:\Users\student\pinball\cobraPinTest1\modes\reentry\config\reentry.yaml
2023-10-02 14:33:53,988 : INFO : ConfigProcessor : Config file cache created: C:\Users\student\AppData\Local\Temp\0c8438cab3480347c0c749fa494946a2.mpf_cache
2023-10-02 14:33:53,989 : INFO : ConfigProcessor : Loading config from file C:\Users\student\pinball\cobraPinTest1\modes\attract\shows\.\attract_display_loop.yaml.
2023-10-02 14:33:54,000 : INFO : ConfigProcessor : Loading config: C:\Users\student\pinball\cobraPinTest1\modes\attract\shows\.\attract_display_loop.yaml
2023-10-02 14:33:54,000 : INFO : ConfigProcessor : Config file cache created: C:\Users\student\AppData\Local\Temp\f8d2c2cf3ea01f085365ea23fa51a701.mpf_cache
2023-10-02 14:33:54,001 : INFO : ConfigProcessor : Loading config from file C:\Users\student\pinball\cobraPinTest1\modes\attract\shows\.\attract_light_show.yaml.
2023-10-02 14:33:54,007 : INFO : ConfigProcessor : Loading config: C:\Users\student\pinball\cobraPinTest1\modes\attract\shows\.\attract_light_show.yaml
2023-10-02 14:33:54,008 : INFO : ConfigProcessor : Config file cache created: C:\Users\student\AppData\Local\Temp\30bd992f4b62a9b099207aebeb59554c.mpf_cache
2023-10-02 14:33:54,009 : INFO : Machine : Mission Pinball Framework Core Engine v0.55.0
2023-10-02 14:33:54,009 : INFO : Machine : Command line arguments: {'no_load_cache': True, 'create_config_cache': True, 'bcp': True, 'configfile': ['config.yaml'], 'force_assets_load': False, 'jsonlogging': False, 'logfile': 'logs\\2023-10-02-14-33-53-mpf-DESKTOP-0JH7ARL.log', 'pause': False, 'production': False, 'text_ui': True, 'loglevel': 15, 'consoleloglevel': 20, 'force_platform': None, 'syslog_address': None, 'mc_file_name': None, 'no_sound': False}
2023-10-02 14:33:54,009 : INFO : Machine : MPF path: c:\users\student\mpfenv\lib\site-packages\mpf
2023-10-02 14:33:54,009 : INFO : Machine : Machine path: C:\Users\student\pinball\cobraPinTest1
2023-10-02 14:33:54,009 : INFO : Machine : Platform: win32
2023-10-02 14:33:54,009 : INFO : Machine : Python executable location: c:\users\student\mpfenv\scripts\python.exe
2023-10-02 14:33:54,009 : INFO : Machine : Python version: 3.7.8 (64-bit)
2023-10-02 14:33:54,011 : INFO : Machine : Initialise MPF.
2023-10-02 14:33:54,284 : INFO : EventManager : Event: ======'machine_var_credits_string'====== Args={'value': 'FREE PLAY', 'prev_value': None, 'change': True}
2023-10-02 14:33:54,326 : INFO : EventManager : Event: ======'machine_var_master_volume'====== Args={'value': 0.5, 'prev_value': None, 'change': True}
2023-10-02 14:33:54,326 : INFO : EventManager : Event: ======'machine_var_player1_score'====== Args={'value': 1500, 'prev_value': None, 'change': True}
2023-10-02 14:33:54,326 : INFO : EventManager : Event: ======'machine_var_mpf_version'====== Args={'value': 'MPF v0.55.0', 'prev_value': None, 'change': True}
2023-10-02 14:33:54,326 : INFO : EventManager : Event: ======'machine_var_mpf_extended_version'====== Args={'value': 'MPF v0.55.0, Config version:5, Show version: 5, BCP version:1.1', 'prev_value': None, 'change': True}
2023-10-02 14:33:54,326 : INFO : EventManager : Event: ======'machine_var_python_version'====== Args={'value': '3.7.8', 'prev_value': None, 'change': True}
2023-10-02 14:33:54,327 : INFO : EventManager : Event: ======'machine_var_platform'====== Args={'value': 'Windows-10-10.0.19041-SP0', 'prev_value': None, 'change': True}
2023-10-02 14:33:54,327 : INFO : EventManager : Event: ======'machine_var_platform_system'====== Args={'value': 'Windows', 'prev_value': None, 'change': True}
2023-10-02 14:33:54,327 : INFO : EventManager : Event: ======'machine_var_platform_release'====== Args={'value': '10', 'prev_value': None, 'change': True}
2023-10-02 14:33:54,327 : INFO : EventManager : Event: ======'machine_var_platform_version'====== Args={'value': '10.0.19041', 'prev_value': None, 'change': True}
2023-10-02 14:33:54,327 : INFO : EventManager : Event: ======'machine_var_platform_machine'====== Args={'value': 'AMD64', 'prev_value': None, 'change': True}
2023-10-02 14:33:54,327 : INFO : EventManager : Event: ======'init_phase_1'====== Args={}
2023-10-02 14:33:54,343 : INFO : EventManager : Event: ======'init_phase_2'====== Args={}
2023-10-02 14:33:54,343 : INFO : SwitchController : Found active switch: ('0-0-8', <Platform.Virtual>) <switch.s_trough1>
2023-10-02 14:33:54,346 : INFO : EventManager : Event: ======'bcp_connection_attempt'====== Args={'name': 'local_display', 'host': 'localhost', 'port': 5050}
2023-10-02 14:33:54,347 : INFO : BCPClientSocket : Connecting BCP to 'local_display' at localhost:5050...
2023-10-02 14:33:56,390 : INFO : BCPClientSocket : Connected BCP to 'local_display' localhost:5050
2023-10-02 14:33:56,392 : INFO : EventManager : Event: ======'bcp_clients_connected'====== Args={}
2023-10-02 14:33:56,402 : INFO : ball_device.bd_trough : BCH: Initial count: 1
2023-10-02 14:33:56,403 : INFO : EventManager : Event: ======'machine_var_mc_version'====== Args={'value': 'MPF-MC v0.55.0', 'prev_value': None, 'change': True}
2023-10-02 14:33:56,403 : INFO : EventManager : Event: ======'machine_var_mc_extended_version'====== Args={'value': 'MPF-MC v0.55.0 (config_version=5, BCP v1.1, Requires MPF v0.55.0-dev.49)', 'prev_value': None, 'change': True}
2023-10-02 14:33:56,405 : INFO : ball_device.bd_trough : State: idle
2023-10-02 14:33:56,416 : INFO : ball_device.bd_plunger : BCH: Initial count: 0
2023-10-02 14:33:56,417 : INFO : ball_device.bd_plunger : State: idle
2023-10-02 14:33:56,479 : INFO : EventManager : Event: ======'init_phase_3'====== Args={}
2023-10-02 14:33:56,483 : INFO : EventManager : Event: ======'init_phase_4'====== Args={}
2023-10-02 14:33:56,483 : INFO : BallController : Initial balls found: 1
2023-10-02 14:33:56,484 : INFO : EventManager : Event: ======'machine_var_audits_events_game_ended'====== Args={'value': 0, 'prev_value': None, 'change': True}
2023-10-02 14:33:56,485 : INFO : EventManager : Event: ======'machine_var_audits_events_game_started'====== Args={'value': 0, 'prev_value': None, 'change': True}
2023-10-02 14:33:56,485 : INFO : EventManager : Event: ======'machine_var_audits_player_score'====== Args={'value': {'average': 1800.0, 'top': [2000, 1900, 1500], 'total': 3}, 'prev_value': None, 'change': True}
2023-10-02 14:33:56,485 : INFO : EventManager : Event: ======'machine_var_audits_shots_my_first_shot'====== Args={'value': 119, 'prev_value': None, 'change': True}
2023-10-02 14:33:56,486 : INFO : EventManager : Event: ======'machine_var_audits_shots_my_first_shot_mode2'====== Args={'value': 72, 'prev_value': None, 'change': True}
2023-10-02 14:33:56,486 : INFO : EventManager : Event: ======'machine_var_audits_shots_reentryL_shot'====== Args={'value': 373, 'prev_value': None, 'change': True}
2023-10-02 14:33:56,486 : INFO : EventManager : Event: ======'machine_var_audits_shots_reentryM_shot'====== Args={'value': 352, 'prev_value': None, 'change': True}
2023-10-02 14:33:56,486 : INFO : EventManager : Event: ======'machine_var_audits_shots_reentryR_shot'====== Args={'value': 320, 'prev_value': None, 'change': True}
2023-10-02 14:33:56,486 : INFO : EventManager : Event: ======'machine_var_audits_shots_reentry_shot'====== Args={'value': 9, 'prev_value': None, 'change': True}
2023-10-02 14:33:56,487 : INFO : EventManager : Event: ======'machine_var_audits_shots_top_lane_A'====== Args={'value': 12, 'prev_value': None, 'change': True}
2023-10-02 14:33:56,487 : INFO : EventManager : Event: ======'machine_var_audits_shots_top_lane_J'====== Args={'value': 12, 'prev_value': None, 'change': True}
2023-10-02 14:33:56,487 : INFO : EventManager : Event: ======'machine_var_audits_shots_top_lane_M'====== Args={'value': 9, 'prev_value': None, 'change': True}
2023-10-02 14:33:56,487 : INFO : EventManager : Event: ======'machine_var_audits_switches_s_blackhole_kicker'====== Args={'value': 0, 'prev_value': None, 'change': True}
2023-10-02 14:33:56,487 : INFO : EventManager : Event: ======'machine_var_audits_switches_s_bonus_lane'====== Args={'value': 0, 'prev_value': None, 'change': True}
2023-10-02 14:33:56,488 : INFO : EventManager : Event: ======'machine_var_audits_switches_s_booster_drop_target_1'====== Args={'value': 0, 'prev_value': None, 'change': True}
2023-10-02 14:33:56,488 : INFO : EventManager : Event: ======'machine_var_audits_switches_s_booster_drop_target_2'====== Args={'value': 0, 'prev_value': None, 'change': True}
2023-10-02 14:33:56,488 : INFO : EventManager : Event: ======'machine_var_audits_switches_s_booster_drop_target_3'====== Args={'value': 0, 'prev_value': None, 'change': True}
2023-10-02 14:33:56,488 : INFO : EventManager : Event: ======'machine_var_audits_switches_s_comet_spot_1'====== Args={'value': 0, 'prev_value': None, 'change': True}
2023-10-02 14:33:56,489 : INFO : EventManager : Event: ======'machine_var_audits_switches_s_comet_spot_2'====== Args={'value': 0, 'prev_value': None, 'change': True}
2023-10-02 14:33:56,489 : INFO : EventManager : Event: ======'machine_var_audits_switches_s_comet_spot_3'====== Args={'value': 0, 'prev_value': None, 'change': True}
2023-10-02 14:33:56,489 : INFO : EventManager : Event: ======'machine_var_audits_switches_s_engine_bumper_1'====== Args={'value': 0, 'prev_value': None, 'change': True}
2023-10-02 14:33:56,489 : INFO : EventManager : Event: ======'machine_var_audits_switches_s_engine_bumper_2'====== Args={'value': 0, 'prev_value': None, 'change': True}
2023-10-02 14:33:56,490 : INFO : EventManager : Event: ======'machine_var_audits_switches_s_engine_bumper_3'====== Args={'value': 0, 'prev_value': None, 'change': True}
2023-10-02 14:33:56,490 : INFO : EventManager : Event: ======'machine_var_audits_switches_s_fuel_chute_1'====== Args={'value': 0, 'prev_value': None, 'change': True}
2023-10-02 14:33:56,490 : INFO : EventManager : Event: ======'machine_var_audits_switches_s_fuel_chute_2'====== Args={'value': 0, 'prev_value': None, 'change': True}
2023-10-02 14:33:56,490 : INFO : EventManager : Event: ======'machine_var_audits_switches_s_fuel_chute_3'====== Args={'value': 0, 'prev_value': None, 'change': True}
2023-10-02 14:33:56,490 : INFO : EventManager : Event: ======'machine_var_audits_switches_s_fuel_chute_4'====== Args={'value': 0, 'prev_value': None, 'change': True}
2023-10-02 14:33:56,491 : INFO : EventManager : Event: ======'machine_var_audits_switches_s_fuel_chute_5'====== Args={'value': 0, 'prev_value': None, 'change': True}
2023-10-02 14:33:56,491 : INFO : EventManager : Event: ======'machine_var_audits_switches_s_fuel_chute_6'====== Args={'value': 0, 'prev_value': None, 'change': True}
2023-10-02 14:33:56,491 : INFO : EventManager : Event: ======'machine_var_audits_switches_s_fuel_flag'====== Args={'value': 0, 'prev_value': None, 'change': True}
2023-10-02 14:33:56,491 : INFO : EventManager : Event: ======'machine_var_audits_switches_s_fuel_spot_1'====== Args={'value': 0, 'prev_value': None, 'change': True}
2023-10-02 14:33:56,492 : INFO : EventManager : Event: ======'machine_var_audits_switches_s_fuel_spot_2'====== Args={'value': 0, 'prev_value': None, 'change': True}
2023-10-02 14:33:56,492 : INFO : EventManager : Event: ======'machine_var_audits_switches_s_fuel_spot_3'====== Args={'value': 0, 'prev_value': None, 'change': True}
2023-10-02 14:33:56,492 : INFO : EventManager : Event: ======'machine_var_audits_switches_s_green_wormhole'====== Args={'value': 0, 'prev_value': None, 'change': True}
2023-10-02 14:33:56,492 : INFO : EventManager : Event: ======'machine_var_audits_switches_s_hyperspace_flag'====== Args={'value': 0, 'prev_value': None, 'change': True}
2023-10-02 14:33:56,493 : INFO : EventManager : Event: ======'machine_var_audits_switches_s_hyperspacekicker'====== Args={'value': 0, 'prev_value': None, 'change': True}
2023-10-02 14:33:56,493 : INFO : EventManager : Event: ======'machine_var_audits_switches_s_launch_lane_1'====== Args={'value': 0, 'prev_value': None, 'change': True}
2023-10-02 14:33:56,493 : INFO : EventManager : Event: ======'machine_var_audits_switches_s_launch_lane_2'====== Args={'value': 0, 'prev_value': None, 'change': True}
2023-10-02 14:33:56,493 : INFO : EventManager : Event: ======'machine_var_audits_switches_s_launch_lane_3'====== Args={'value': 0, 'prev_value': None, 'change': True}
2023-10-02 14:33:56,494 : INFO : EventManager : Event: ======'machine_var_audits_switches_s_launch_ramp'====== Args={'value': 0, 'prev_value': None, 'change': True}
2023-10-02 14:33:56,494 : INFO : EventManager : Event: ======'machine_var_audits_switches_s_left_attack_bumper'====== Args={'value': 0, 'prev_value': None, 'change': True}
2023-10-02 14:33:56,494 : INFO : EventManager : Event: ======'machine_var_audits_switches_s_left_flipper'====== Args={'value': 463, 'prev_value': None, 'change': True}
2023-10-02 14:33:56,495 : INFO : EventManager : Event: ======'machine_var_audits_switches_s_left_out_lane'====== Args={'value': 0, 'prev_value': None, 'change': True}
2023-10-02 14:33:56,495 : INFO : EventManager : Event: ======'machine_var_audits_switches_s_left_out_lane_kicker'====== Args={'value': 0, 'prev_value': None, 'change': True}
2023-10-02 14:33:56,496 : INFO : EventManager : Event: ======'machine_var_audits_switches_s_left_return_lane'====== Args={'value': 0, 'prev_value': None, 'change': True}
2023-10-02 14:33:56,497 : INFO : EventManager : Event: ======'machine_var_audits_switches_s_lower_attack_bumper'====== Args={'value': 0, 'prev_value': None, 'change': True}
2023-10-02 14:33:56,497 : INFO : EventManager : Event: ======'machine_var_audits_switches_s_lower_left_rebound'====== Args={'value': 0, 'prev_value': None, 'change': True}
2023-10-02 14:33:56,498 : INFO : EventManager : Event: ======'machine_var_audits_switches_s_lower_left_slingshot'====== Args={'value': 0, 'prev_value': None, 'change': True}
2023-10-02 14:33:56,498 : INFO : EventManager : Event: ======'machine_var_audits_switches_s_lower_right_rebound'====== Args={'value': 0, 'prev_value': None, 'change': True}
2023-10-02 14:33:56,499 : INFO : EventManager : Event: ======'machine_var_audits_switches_s_lower_right_slingshot'====== Args={'value': 0, 'prev_value': None, 'change': True}
2023-10-02 14:33:56,499 : INFO : EventManager : Event: ======'machine_var_audits_switches_s_medal_drop_left'====== Args={'value': 0, 'prev_value': None, 'change': True}
2023-10-02 14:33:56,500 : INFO : EventManager : Event: ======'machine_var_audits_switches_s_medal_drop_middle'====== Args={'value': 0, 'prev_value': None, 'change': True}
2023-10-02 14:33:56,500 : INFO : EventManager : Event: ======'machine_var_audits_switches_s_medal_drop_right'====== Args={'value': 0, 'prev_value': None, 'change': True}
2023-10-02 14:33:56,501 : INFO : EventManager : Event: ======'machine_var_audits_switches_s_mission_spot_1'====== Args={'value': 0, 'prev_value': None, 'change': True}
2023-10-02 14:33:56,501 : INFO : EventManager : Event: ======'machine_var_audits_switches_s_mission_spot_2'====== Args={'value': 0, 'prev_value': None, 'change': True}
2023-10-02 14:33:56,501 : INFO : EventManager : Event: ======'machine_var_audits_switches_s_mission_spot_3'====== Args={'value': 0, 'prev_value': None, 'change': True}
2023-10-02 14:33:56,502 : INFO : EventManager : Event: ======'machine_var_audits_switches_s_multiplier_left'====== Args={'value': 0, 'prev_value': None, 'change': True}
2023-10-02 14:33:56,502 : INFO : EventManager : Event: ======'machine_var_audits_switches_s_multiplier_middle'====== Args={'value': 0, 'prev_value': None, 'change': True}
2023-10-02 14:33:56,503 : INFO : EventManager : Event: ======'machine_var_audits_switches_s_multiplier_right'====== Args={'value': 0, 'prev_value': None, 'change': True}
2023-10-02 14:33:56,503 : INFO : EventManager : Event: ======'machine_var_audits_switches_s_plunger'====== Args={'value': 111, 'prev_value': None, 'change': True}
2023-10-02 14:33:56,504 : INFO : EventManager : Event: ======'machine_var_audits_switches_s_radiationspot_1'====== Args={'value': 0, 'prev_value': None, 'change': True}
2023-10-02 14:33:56,504 : INFO : EventManager : Event: ======'machine_var_audits_switches_s_radiationspot_2'====== Args={'value': 0, 'prev_value': None, 'change': True}
2023-10-02 14:33:56,505 : INFO : EventManager : Event: ======'machine_var_audits_switches_s_radiationspot_3'====== Args={'value': 0, 'prev_value': None, 'change': True}
2023-10-02 14:33:56,505 : INFO : EventManager : Event: ======'machine_var_audits_switches_s_red_wormhole'====== Args={'value': 0, 'prev_value': None, 'change': True}
2023-10-02 14:33:56,506 : INFO : EventManager : Event: ======'machine_var_audits_switches_s_reentry_left'====== Args={'value': 728, 'prev_value': None, 'change': True}
2023-10-02 14:33:56,506 : INFO : EventManager : Event: ======'machine_var_audits_switches_s_reentry_middle'====== Args={'value': 426, 'prev_value': None, 'change': True}
2023-10-02 14:33:56,507 : INFO : EventManager : Event: ======'machine_var_audits_switches_s_reentry_right'====== Args={'value': 379, 'prev_value': None, 'change': True}
2023-10-02 14:33:56,507 : INFO : EventManager : Event: ======'machine_var_audits_switches_s_right_flipper'====== Args={'value': 191, 'prev_value': None, 'change': True}
2023-10-02 14:33:56,508 : INFO : EventManager : Event: ======'machine_var_audits_switches_s_right_inlane'====== Args={'value': 0, 'prev_value': None, 'change': True}
2023-10-02 14:33:56,508 : INFO : EventManager : Event: ======'machine_var_audits_switches_s_right_out_lane'====== Args={'value': 0, 'prev_value': None, 'change': True}
2023-10-02 14:33:56,509 : INFO : EventManager : Event: ======'machine_var_audits_switches_s_right_out_lane_kicker'====== Args={'value': 0, 'prev_value': None, 'change': True}
2023-10-02 14:33:56,509 : INFO : EventManager : Event: ======'machine_var_audits_switches_s_right_return_lane'====== Args={'value': 0, 'prev_value': None, 'change': True}
2023-10-02 14:33:56,510 : INFO : EventManager : Event: ======'machine_var_audits_switches_s_satellite_bumper'====== Args={'value': 0, 'prev_value': None, 'change': True}
2023-10-02 14:33:56,510 : INFO : EventManager : Event: ======'machine_var_audits_switches_s_secondary_outlane_kicker'====== Args={'value': 0, 'prev_value': None, 'change': True}
2023-10-02 14:33:56,511 : INFO : EventManager : Event: ======'machine_var_audits_switches_s_skill_shot_1'====== Args={'value': 0, 'prev_value': None, 'change': True}
2023-10-02 14:33:56,511 : INFO : EventManager : Event: ======'machine_var_audits_switches_s_skill_shot_2'====== Args={'value': 0, 'prev_value': None, 'change': True}
2023-10-02 14:33:56,512 : INFO : EventManager : Event: ======'machine_var_audits_switches_s_skill_shot_3'====== Args={'value': 0, 'prev_value': None, 'change': True}
2023-10-02 14:33:56,512 : INFO : EventManager : Event: ======'machine_var_audits_switches_s_skill_shot_4'====== Args={'value': 0, 'prev_value': None, 'change': True}
2023-10-02 14:33:56,513 : INFO : EventManager : Event: ======'machine_var_audits_switches_s_skill_shot_5'====== Args={'value': 0, 'prev_value': None, 'change': True}
2023-10-02 14:33:56,513 : INFO : EventManager : Event: ======'machine_var_audits_switches_s_skill_shot_6'====== Args={'value': 0, 'prev_value': None, 'change': True}
2023-10-02 14:33:56,513 : INFO : EventManager : Event: ======'machine_var_audits_switches_s_skill_shot_lane'====== Args={'value': 0, 'prev_value': None, 'change': True}
2023-10-02 14:33:56,513 : INFO : EventManager : Event: ======'machine_var_audits_switches_s_spacewarp_rollover'====== Args={'value': 0, 'prev_value': None, 'change': True}
2023-10-02 14:33:56,515 : INFO : EventManager : Event: ======'machine_var_audits_switches_s_start'====== Args={'value': 3, 'prev_value': None, 'change': True}
2023-10-02 14:33:56,515 : INFO : EventManager : Event: ======'machine_var_audits_switches_s_trough1'====== Args={'value': 29, 'prev_value': None, 'change': True}
2023-10-02 14:33:56,515 : INFO : EventManager : Event: ======'machine_var_audits_switches_s_trough2'====== Args={'value': 0, 'prev_value': None, 'change': True}
2023-10-02 14:33:56,515 : INFO : EventManager : Event: ======'machine_var_audits_switches_s_trough3'====== Args={'value': 0, 'prev_value': None, 'change': True}
2023-10-02 14:33:56,515 : INFO : EventManager : Event: ======'machine_var_audits_switches_s_trough4'====== Args={'value': 0, 'prev_value': None, 'change': True}
2023-10-02 14:33:56,516 : INFO : EventManager : Event: ======'machine_var_audits_switches_s_trough5'====== Args={'value': 0, 'prev_value': None, 'change': True}
2023-10-02 14:33:56,516 : INFO : EventManager : Event: ======'machine_var_audits_switches_s_trough6'====== Args={'value': 0, 'prev_value': None, 'change': True}
2023-10-02 14:33:56,516 : INFO : EventManager : Event: ======'machine_var_audits_switches_s_trough_jam'====== Args={'value': 0, 'prev_value': None, 'change': True}
2023-10-02 14:33:56,517 : INFO : EventManager : Event: ======'machine_var_audits_switches_s_upper_attack_bumper'====== Args={'value': 0, 'prev_value': None, 'change': True}
2023-10-02 14:33:56,517 : INFO : EventManager : Event: ======'machine_var_audits_switches_s_upper_left_rebound'====== Args={'value': 0, 'prev_value': None, 'change': True}
2023-10-02 14:33:56,517 : INFO : EventManager : Event: ======'machine_var_audits_switches_s_upper_right_rebound'====== Args={'value': 0, 'prev_value': None, 'change': True}
2023-10-02 14:33:56,518 : INFO : EventManager : Event: ======'machine_var_audits_switches_s_wormhole_target'====== Args={'value': 0, 'prev_value': None, 'change': True}
2023-10-02 14:33:56,518 : INFO : EventManager : Event: ======'machine_var_audits_switches_s_yellow_wormhole'====== Args={'value': 0, 'prev_value': None, 'change': True}
2023-10-02 14:33:56,520 : INFO : EventManager : Event: ======'init_phase_5'====== Args={}
2023-10-02 14:33:56,555 : INFO : EventManager : Event: ======'init_done'====== Args={}
2023-10-02 14:33:56,556 : INFO : EventManager : Event: ======'machine_reset_phase_1'====== Args={}
2023-10-02 14:33:56,558 : INFO : EventManager : Event: ======'slide_welcome_slide_removed'====== Args={'_from_bcp': True}
2023-10-02 14:33:56,560 : INFO : EventManager : Event: ======'slide_welcome_slide_created'====== Args={'_from_bcp': True}
2023-10-02 14:33:56,561 : INFO : EventManager : Event: ======'machine_reset_phase_2'====== Args={}
2023-10-02 14:33:56,561 : INFO : EventManager : Event: ======'machine_reset_phase_3'====== Args={}
2023-10-02 14:33:56,561 : INFO : EventManager : Event: ======'reset_complete'====== Args={}
2023-10-02 14:33:56,562 : INFO : EventManager : Event: ======'mode_attract_will_start'====== Args={}
2023-10-02 14:33:56,562 : INFO : EventManager : Event: ======'mode_attract_starting'====== Args={}
2023-10-02 14:33:56,562 : INFO : Mode.attract : Started. Priority: 10
2023-10-02 14:33:56,562 : INFO : EventManager : Event: ======'modes_active_modes_changed'====== Args={}
2023-10-02 14:33:56,562 : INFO : EventManager : Event: ======'mode_attract_started'====== Args={}
2023-10-02 14:33:56,563 : INFO : EventManager : Event: ======'collecting_balls_complete'====== Args={}
2023-10-02 14:33:56,563 : INFO : EventManager : Event: ======'slide_welcome_slide_active'====== Args={'_from_bcp': True}
2023-10-02 14:33:56,594 : INFO : EventManager : Event: ======'slide_awesome_slide_created'====== Args={'_from_bcp': True}
2023-10-02 14:33:56,594 : INFO : EventManager : Event: ======'slide_awesome_slide_active'====== Args={'_from_bcp': True}
2023-10-02 14:33:56,595 : INFO : Machine : Starting the main run loop.
2023-10-02 14:33:56,897 : INFO : BcpServer : New client connected.
2023-10-02 14:33:59,572 : INFO : EventManager : Event: ======'slide_press_start_created'====== Args={'_from_bcp': True}
2023-10-02 14:33:59,572 : INFO : EventManager : Event: ======'slide_press_start_active'====== Args={'_from_bcp': True}
2023-10-02 14:34:01,837 : INFO : SwitchController : <<<<<<< 's_start' active >>>>>>>
2023-10-02 14:34:01,992 : INFO : SwitchController : <<<<<<< 's_start' inactive >>>>>>>
2023-10-02 14:34:01,993 : INFO : EventManager : Event: ======'request_to_start_game'====== Args={}
2023-10-02 14:34:01,995 : INFO : EventManager : Event: ======'game_start'====== Args={'buttons': [], 'hold_time': 0.15600000000267755}
2023-10-02 14:34:01,996 : INFO : EventManager : Event: ======'mode_game_will_start'====== Args={'buttons': [], 'hold_time': 0.15600000000267755}
2023-10-02 14:34:01,999 : INFO : EventManager : Event: ======'mode_game_starting'====== Args={'buttons': [], 'hold_time': 0.15600000000267755}
2023-10-02 14:34:01,999 : INFO : EventManager : Event: ======'mode_attract_will_stop'====== Args={}
2023-10-02 14:34:02,001 : INFO : EventManager : Event: ======'mode_attract_stopping'====== Args={}
2023-10-02 14:34:02,002 : INFO : Mode.attract : Stopped.
2023-10-02 14:34:02,002 : INFO : EventManager : Event: ======'modes_active_modes_changed'====== Args={}
2023-10-02 14:34:02,005 : INFO : EventManager : Event: ======'mode_attract_stopped'====== Args={}
2023-10-02 14:34:02,006 : INFO : EventManager : Event: ======'clear'====== Args={'key': 'attract'}
2023-10-02 14:34:02,007 : INFO : Mode.game : Started. Priority: 20
2023-10-02 14:34:02,007 : INFO : EventManager : Event: ======'modes_active_modes_changed'====== Args={}
2023-10-02 14:34:02,009 : INFO : EventManager : Event: ======'mode_game_started'====== Args={'buttons': [], 'hold_time': 0.15600000000267755}
2023-10-02 14:34:02,020 : INFO : EventManager : Event: ======'game_will_start'====== Args={}
2023-10-02 14:34:02,021 : INFO : EventManager : Event: ======'slide_awesome_slide_removed'====== Args={'_from_bcp': True}
2023-10-02 14:34:02,021 : INFO : EventManager : Event: ======'slide_press_start_removed'====== Args={'_from_bcp': True}
2023-10-02 14:34:02,021 : INFO : EventManager : Event: ======'slide_welcome_slide_active'====== Args={'_from_bcp': True}
2023-10-02 14:34:02,022 : INFO : EventManager : Event: ======'game_starting'====== Args={'game': <Mode.game>}
2023-10-02 14:34:02,023 : INFO : EventManager : Event: ======'player_add_request'====== Args={}
2023-10-02 14:34:02,023 : INFO : EventManager : Event: ======'player_will_add'====== Args={'number': 1}
2023-10-02 14:34:02,023 : INFO : EventManager : Event: ======'player_adding'====== Args={'player': <Player 1>, 'number': 1}
2023-10-02 14:34:02,024 : INFO : EventManager : Event: ======'player_added'====== Args={'player': <Player 1>, 'num': 1}
2023-10-02 14:34:02,024 : INFO : Mode.game : Player added successfully. Total players: 1
2023-10-02 14:34:02,024 : INFO : EventManager : Event: ======'player_index'====== Args={'value': 0, 'prev_value': 0, 'change': 0, 'player_num': 1}
2023-10-02 14:34:02,024 : INFO : EventManager : Event: ======'player_number'====== Args={'value': 1, 'prev_value': 1, 'change': 0, 'player_num': 1}
2023-10-02 14:34:02,025 : INFO : EventManager : Event: ======'player_score'====== Args={'value': 0, 'prev_value': 0, 'change': 0, 'player_num': 1}
2023-10-02 14:34:02,025 : INFO : EventManager : Event: ======'game_started'====== Args={}
2023-10-02 14:34:02,042 : INFO : EventManager : Event: ======'player_turn_will_start'====== Args={'player': <Player 1>, 'number': 1}
2023-10-02 14:34:02,047 : INFO : EventManager : Event: ======'player_turn_starting'====== Args={'player': <Player 1>, 'number': 1}
2023-10-02 14:34:02,048 : INFO : EventManager : Event: ======'player_ball'====== Args={'value': 1, 'prev_value': 0, 'change': 1, 'player_num': 1}
2023-10-02 14:34:02,048 : INFO : EventManager : Event: ======'player_turn_started'====== Args={'player': <Player 1>, 'number': 1}
2023-10-02 14:34:02,049 : INFO : EventManager : Event: ======'ball_will_start'====== Args={'player': 1, 'ball': 1, 'balls_remaining': 2, 'is_extra_ball': False}
2023-10-02 14:34:02,052 : INFO : EventManager : Event: ======'ball_starting'====== Args={'player': 1, 'ball': 1, 'balls_remaining': 2, 'is_extra_ball': False}
2023-10-02 14:34:02,053 : INFO : EventManager : Event: ======'mode_base_will_start'====== Args={'queue': <QueuedEvent>, 'player': 1, 'ball': 1, 'balls_remaining': 2, 'is_extra_ball': False}
2023-10-02 14:34:02,054 : INFO : EventManager : Event: ======'mode_base_starting'====== Args={'queue': <QueuedEvent>, 'player': 1, 'ball': 1, 'balls_remaining': 2, 'is_extra_ball': False}
2023-10-02 14:34:02,054 : INFO : Mode.base : Started. Priority: 100
2023-10-02 14:34:02,054 : INFO : EventManager : Event: ======'modes_active_modes_changed'====== Args={}
2023-10-02 14:34:02,055 : INFO : EventManager : Event: ======'mode_base_started'====== Args={'queue': <QueuedEvent>, 'player': 1, 'ball': 1, 'balls_remaining': 2, 'is_extra_ball': False}
2023-10-02 14:34:02,056 : INFO : EventManager : Event: ======'balls_in_play'====== Args={'balls': 1}
2023-10-02 14:34:02,056 : INFO : EventManager : Event: ======'ball_started'====== Args={'player': 1, 'ball': 1, 'balls_remaining': 2, 'is_extra_ball': False}
2023-10-02 14:34:02,057 : INFO : EventManager : Event: ======'mode_reentry_will_start'====== Args={'player': 1, 'ball': 1, 'balls_remaining': 2, 'is_extra_ball': False}
2023-10-02 14:34:02,058 : INFO : EventManager : Event: ======'player_shot_reentryL_shot_enabled'====== Args={'value': True, 'prev_value': 0, 'change': 1, 'player_num': 1}
2023-10-02 14:34:02,058 : INFO : EventManager : Event: ======'player_shot_reentryM_shot_enabled'====== Args={'value': True, 'prev_value': 0, 'change': 1, 'player_num': 1}
2023-10-02 14:34:02,059 : INFO : EventManager : Event: ======'player_shot_reentryR_shot_enabled'====== Args={'value': True, 'prev_value': 0, 'change': 1, 'player_num': 1}
2023-10-02 14:34:02,060 : INFO : EventManager : Event: ======'reentry_shot_complete'====== Args={'state': 'off'}
2023-10-02 14:34:02,060 : INFO : EventManager : Event: ======'reentry_shot_off_complete'====== Args={}
2023-10-02 14:34:02,063 : INFO : EventManager : Event: ======'mode_reentry_starting'====== Args={'player': 1, 'ball': 1, 'balls_remaining': 2, 'is_extra_ball': False}
2023-10-02 14:34:02,086 : INFO : EventManager : Event: ======'logicblock_lb_reentry_complete_count_updated'====== Args={'value': 1, 'enabled': True}
2023-10-02 14:34:02,086 : INFO : EventManager : Event: ======'logicblock_lb_reentry_complete_count_updated'====== Args={'value': 1, 'enabled': True}
2023-10-02 14:34:02,086 : INFO : Mode.reentry : Started. Priority: 200
2023-10-02 14:34:02,087 : INFO : EventManager : Event: ======'modes_active_modes_changed'====== Args={}
2023-10-02 14:34:02,087 : INFO : EventManager : Event: ======'mode_reentry_started'====== Args={'player': 1, 'ball': 1, 'balls_remaining': 2, 'is_extra_ball': False}
2023-10-02 14:34:02,087 : INFO : EventManager : Event: ======'single_player_ball_started'====== Args={}
2023-10-02 14:34:02,088 : INFO : EventManager : Event: ======'player_attack_bumper_count'====== Args={'value': 1, 'prev_value': 0, 'change': 1, 'player_num': 1}
2023-10-02 14:34:02,089 : INFO : EventManager : Event: ======'slide_base.slide_player-mode_base_started_created'====== Args={'_from_bcp': True}
2023-10-02 14:34:02,089 : INFO : EventManager : Event: ======'slide__global.slide_player-ball_started_created'====== Args={'_from_bcp': True}
2023-10-02 14:34:02,089 : INFO : EventManager : Event: ======'slide_base.slide_player-mode_base_started_active'====== Args={'_from_bcp': True}
2023-10-02 14:34:02,090 : INFO : EventManager : Event: ======'ball_start_target'====== Args={'target': 'playfield'}
2023-10-02 14:34:02,114 : INFO : ball_device.bd_plunger : Setting up player-controlled eject. Balls: 1, Target: <playfield.playfield>, player_controlled_eject_event: None
2023-10-02 14:34:02,114 : INFO : EventManager : Event: ======'balldevice_balls_available'====== Args={}
2023-10-02 14:34:02,115 : INFO : ball_device.bd_trough : State: waiting_for_target_ready
2023-10-02 14:34:02,115 : INFO : EventManager : Event: ======'balldevice_bd_trough_ball_eject_attempt'====== Args={'balls': 1, 'target': <ball_device.bd_plunger>, 'source': <ball_device.bd_trough>, 'mechanical_eject': True, 'num_attempts': 0}
2023-10-02 14:34:02,116 : INFO : ball_device.bd_plunger : State: waiting_for_ball
2023-10-02 14:34:02,116 : INFO : ball_device.bd_trough : State: ejecting
2023-10-02 14:34:02,116 : INFO : ball_device.bd_trough : Ejecting ball to <ball_device.bd_plunger>
2023-10-02 14:34:02,116 : INFO : EventManager : Event: ======'balldevice_bd_trough_ejecting_ball'====== Args={'balls': 1, 'target': <ball_device.bd_plunger>, 'source': <ball_device.bd_trough>, 'mechanical_eject': True, 'num_attempts': 0}
2023-10-02 14:34:02,116 : INFO : ball_device.bd_trough : Wait for ball to leave device
2023-10-02 14:34:02,116 : INFO : coil.c_trough_eject : Pulsing Driver for 10ms (1.0 pulse_power)
2023-10-02 14:34:02,905 : INFO : SwitchController : <<<<<<< 's_trough1' inactive >>>>>>>
2023-10-02 14:34:02,915 : INFO : ball_device.bd_trough : State: ball_left
2023-10-02 14:34:02,915 : INFO : ball_device.bd_trough : Ball left
2023-10-02 14:34:02,915 : INFO : ball_device.bd_trough : Wait for confirm with timeout 10.0
2023-10-02 14:34:03,587 : INFO : SwitchController : <<<<<<< 's_plunger' active >>>>>>>
2023-10-02 14:34:03,588 : INFO : EventManager : Event: ======'machine_var_audits_switches_s_plunger'====== Args={'value': 112, 'prev_value': 111, 'change': 1}
2023-10-02 14:34:04,097 : INFO : ball_device.bd_plunger : Received ball from <ball_device.bd_trough>
2023-10-02 14:34:04,097 : INFO : EventManager : Event: ======'balldevice_bd_plunger_ball_enter'====== Args={'new_balls': 1, 'unclaimed_balls': 0, 'new_available_balls': 0, 'device': <ball_device.bd_plunger>}
2023-10-02 14:34:04,098 : INFO : EventManager : Event: ======'balldevice_bd_plunger_ball_entered'====== Args={'new_balls': 0, 'device': <ball_device.bd_plunger>}
2023-10-02 14:34:04,098 : INFO : EventManager : Event: ======'balldevice_bd_plunger_ball_count_changed'====== Args={'balls': 1}
2023-10-02 14:34:04,099 : INFO : ball_device.bd_trough : Got eject confirm
2023-10-02 14:34:04,099 : INFO : ball_device.bd_trough : Eject successful
2023-10-02 14:34:04,099 : INFO : EventManager : Event: ======'balldevice_bd_trough_ball_eject_success'====== Args={'balls': 1, 'target': <ball_device.bd_plunger>}
2023-10-02 14:34:04,099 : INFO : EventManager : Event: ======'balldevice_bd_trough_ball_count_changed'====== Args={'balls': 0}
2023-10-02 14:34:04,099 : INFO : ball_device.bd_trough : State: idle
2023-10-02 14:34:04,100 : INFO : ball_device.bd_plunger : State: waiting_for_target_ready
2023-10-02 14:34:04,100 : INFO : EventManager : Event: ======'balldevice_bd_plunger_ball_eject_attempt'====== Args={'balls': 1, 'target': <playfield.playfield>, 'source': <ball_device.bd_plunger>, 'mechanical_eject': True, 'num_attempts': 0}
2023-10-02 14:34:04,100 : INFO : ball_device.bd_plunger : State: ejecting
2023-10-02 14:34:04,101 : INFO : ball_device.bd_plunger : Ejecting ball to <playfield.playfield>
2023-10-02 14:34:04,101 : INFO : EventManager : Event: ======'balldevice_bd_plunger_ejecting_ball'====== Args={'balls': 1, 'target': <playfield.playfield>, 'source': <ball_device.bd_plunger>, 'mechanical_eject': True, 'num_attempts': 0}
2023-10-02 14:34:04,101 : INFO : ball_device.bd_plunger : Wait for ball to leave device
2023-10-02 14:34:07,927 : INFO : SwitchController : <<<<<<< 's_reentry_left' active >>>>>>>
2023-10-02 14:34:07,928 : INFO : EventManager : Event: ======'playfield_active'====== Args={}
2023-10-02 14:34:07,929 : INFO : EventManager : Event: ======'s_reentry_left_active'====== Args={}
2023-10-02 14:34:07,931 : INFO : EventManager : Event: ======'sw_playfield_active'====== Args={}
2023-10-02 14:34:07,932 : INFO : EventManager : Event: ======'machine_var_audits_switches_s_reentry_left'====== Args={'value': 729, 'prev_value': 728, 'change': 1}
2023-10-02 14:34:07,935 : INFO : EventManager : Event: ======'player_shot_reentryL_shot'====== Args={'value': 1, 'prev_value': 0, 'change': 1, 'player_num': 1}
2023-10-02 14:34:07,936 : INFO : EventManager : Event: ======'machine_var_audits_shots_reentryL_shot'====== Args={'value': 374, 'prev_value': 373, 'change': 1}
2023-10-02 14:34:07,945 : INFO : EventManager : Event: ======'reentryL_shot_hit'====== Args={'profile': 'reentry', 'state': 'off', 'advancing': True}
2023-10-02 14:34:07,946 : INFO : EventManager : Event: ======'reentryL_shot_reentry_hit'====== Args={'profile': 'reentry', 'state': 'off', 'advancing': True}
2023-10-02 14:34:07,946 : INFO : EventManager : Event: ======'reentryL_shot_reentry_off_hit'====== Args={'profile': 'reentry', 'state': 'off', 'advancing': True}
2023-10-02 14:34:07,946 : INFO : EventManager : Event: ======'reentryL_shot_off_hit'====== Args={'profile': 'reentry', 'state': 'off', 'advancing': True}
2023-10-02 14:34:07,946 : INFO : EventManager : Event: ======'reentry_shot_hit'====== Args={}
2023-10-02 14:34:07,946 : INFO : EventManager : Event: ======'reentry_shot_off_hit'====== Args={}
2023-10-02 14:34:07,947 : INFO : EventManager : Event: ======'player_score'====== Args={'value': 1000, 'prev_value': 0, 'change': 1000, 'player_num': 1}
2023-10-02 14:34:07,947 : INFO : EventManager : Event: ======'playfield_active'====== Args={}
2023-10-02 14:34:08,133 : INFO : SwitchController : <<<<<<< 's_reentry_left' inactive >>>>>>>
2023-10-02 14:34:08,465 : INFO : SwitchController : <<<<<<< 's_reentry_middle' active >>>>>>>
2023-10-02 14:34:08,465 : INFO : EventManager : Event: ======'playfield_active'====== Args={}
2023-10-02 14:34:08,467 : INFO : EventManager : Event: ======'s_reentry_middle_active'====== Args={}
2023-10-02 14:34:08,468 : INFO : EventManager : Event: ======'sw_playfield_active'====== Args={}
2023-10-02 14:34:08,470 : INFO : EventManager : Event: ======'machine_var_audits_switches_s_reentry_middle'====== Args={'value': 427, 'prev_value': 426, 'change': 1}
2023-10-02 14:34:08,472 : INFO : EventManager : Event: ======'player_shot_reentryM_shot'====== Args={'value': 1, 'prev_value': 0, 'change': 1, 'player_num': 1}
2023-10-02 14:34:08,474 : INFO : EventManager : Event: ======'machine_var_audits_shots_reentryM_shot'====== Args={'value': 353, 'prev_value': 352, 'change': 1}
2023-10-02 14:34:08,475 : INFO : EventManager : Event: ======'reentryM_shot_hit'====== Args={'profile': 'reentry', 'state': 'off', 'advancing': True}
2023-10-02 14:34:08,475 : INFO : EventManager : Event: ======'reentryM_shot_reentry_hit'====== Args={'profile': 'reentry', 'state': 'off', 'advancing': True}
2023-10-02 14:34:08,476 : INFO : EventManager : Event: ======'reentryM_shot_reentry_off_hit'====== Args={'profile': 'reentry', 'state': 'off', 'advancing': True}
2023-10-02 14:34:08,476 : INFO : EventManager : Event: ======'reentryM_shot_off_hit'====== Args={'profile': 'reentry', 'state': 'off', 'advancing': True}
2023-10-02 14:34:08,477 : INFO : EventManager : Event: ======'reentry_shot_hit'====== Args={}
2023-10-02 14:34:08,477 : INFO : EventManager : Event: ======'reentry_shot_off_hit'====== Args={}
2023-10-02 14:34:08,477 : INFO : EventManager : Event: ======'player_score'====== Args={'value': 2000, 'prev_value': 1000, 'change': 1000, 'player_num': 1}
2023-10-02 14:34:08,478 : INFO : EventManager : Event: ======'playfield_active'====== Args={}
2023-10-02 14:34:08,604 : INFO : SwitchController : <<<<<<< 's_reentry_middle' inactive >>>>>>>
2023-10-02 14:34:09,205 : INFO : SwitchController : <<<<<<< 's_reentry_right' active >>>>>>>
2023-10-02 14:34:09,206 : INFO : EventManager : Event: ======'playfield_active'====== Args={}
2023-10-02 14:34:09,207 : INFO : EventManager : Event: ======'s_reentry_right_active'====== Args={}
2023-10-02 14:34:09,208 : INFO : EventManager : Event: ======'sw_playfield_active'====== Args={}
2023-10-02 14:34:09,210 : INFO : EventManager : Event: ======'machine_var_audits_switches_s_reentry_right'====== Args={'value': 380, 'prev_value': 379, 'change': 1}
2023-10-02 14:34:09,213 : INFO : EventManager : Event: ======'player_shot_reentryR_shot'====== Args={'value': 1, 'prev_value': 0, 'change': 1, 'player_num': 1}
2023-10-02 14:34:09,216 : INFO : EventManager : Event: ======'machine_var_audits_shots_reentryR_shot'====== Args={'value': 321, 'prev_value': 320, 'change': 1}
2023-10-02 14:34:09,219 : INFO : EventManager : Event: ======'reentryR_shot_hit'====== Args={'profile': 'reentry', 'state': 'off', 'advancing': True}
2023-10-02 14:34:09,221 : INFO : EventManager : Event: ======'reentryR_shot_reentry_hit'====== Args={'profile': 'reentry', 'state': 'off', 'advancing': True}
2023-10-02 14:34:09,222 : INFO : EventManager : Event: ======'reentryR_shot_reentry_off_hit'====== Args={'profile': 'reentry', 'state': 'off', 'advancing': True}
2023-10-02 14:34:09,223 : INFO : EventManager : Event: ======'reentryR_shot_off_hit'====== Args={'profile': 'reentry', 'state': 'off', 'advancing': True}
2023-10-02 14:34:09,225 : INFO : EventManager : Event: ======'reentry_shot_complete'====== Args={'state': 'lit'}
2023-10-02 14:34:09,226 : INFO : EventManager : Event: ======'reentry_shot_lit_complete'====== Args={}
2023-10-02 14:34:09,228 : INFO : EventManager : Event: ======'reentry_shot_hit'====== Args={}
2023-10-02 14:34:09,229 : INFO : EventManager : Event: ======'reentry_shot_off_hit'====== Args={}
2023-10-02 14:34:09,231 : INFO : EventManager : Event: ======'player_score'====== Args={'value': 7000, 'prev_value': 2000, 'change': 5000, 'player_num': 1}
2023-10-02 14:34:09,232 : INFO : EventManager : Event: ======'logicblock_lb_reentry_complete_count_updated'====== Args={'value': 2, 'enabled': True}
2023-10-02 14:34:09,232 : INFO : EventManager : Event: ======'reentry_lanes_done'====== Args={'count': 2}
2023-10-02 14:34:09,234 : INFO : EventManager : Event: ======'player_attack_bumper_count'====== Args={'value': 2, 'prev_value': 1, 'change': 1, 'player_num': 1}
2023-10-02 14:34:09,234 : INFO : EventManager : Event: ======'player_score'====== Args={'value': 8000, 'prev_value': 7000, 'change': 1000, 'player_num': 1}
2023-10-02 14:34:09,236 : INFO : EventManager : Event: ======'playfield_active'====== Args={}
2023-10-02 14:34:09,316 : INFO : SwitchController : <<<<<<< 's_reentry_right' inactive >>>>>>>
2023-10-02 14:34:11,224 : INFO : EventManager : Event: ======'player_shot_reentryL_shot'====== Args={'value': 0, 'prev_value': 1, 'change': -1, 'player_num': 1}
2023-10-02 14:34:11,227 : INFO : EventManager : Event: ======'player_shot_reentryM_shot'====== Args={'value': 0, 'prev_value': 1, 'change': -1, 'player_num': 1}
2023-10-02 14:34:11,230 : INFO : EventManager : Event: ======'player_shot_reentryR_shot'====== Args={'value': 0, 'prev_value': 1, 'change': -1, 'player_num': 1}
2023-10-02 14:34:11,411 : INFO : SwitchController : <<<<<<< 's_reentry_left' active >>>>>>>
2023-10-02 14:34:11,412 : INFO : EventManager : Event: ======'playfield_active'====== Args={}
2023-10-02 14:34:11,413 : INFO : EventManager : Event: ======'s_reentry_left_active'====== Args={}
2023-10-02 14:34:11,414 : INFO : EventManager : Event: ======'sw_playfield_active'====== Args={}
2023-10-02 14:34:11,416 : INFO : EventManager : Event: ======'machine_var_audits_switches_s_reentry_left'====== Args={'value': 730, 'prev_value': 729, 'change': 1}
2023-10-02 14:34:11,419 : INFO : EventManager : Event: ======'player_shot_reentryL_shot'====== Args={'value': 1, 'prev_value': 0, 'change': 1, 'player_num': 1}
2023-10-02 14:34:11,430 : INFO : EventManager : Event: ======'machine_var_audits_shots_reentryL_shot'====== Args={'value': 375, 'prev_value': 374, 'change': 1}
2023-10-02 14:34:11,430 : INFO : EventManager : Event: ======'reentryL_shot_hit'====== Args={'profile': 'reentry', 'state': 'off', 'advancing': True}
2023-10-02 14:34:11,430 : INFO : EventManager : Event: ======'reentryL_shot_reentry_hit'====== Args={'profile': 'reentry', 'state': 'off', 'advancing': True}
2023-10-02 14:34:11,431 : INFO : EventManager : Event: ======'reentryL_shot_reentry_off_hit'====== Args={'profile': 'reentry', 'state': 'off', 'advancing': True}
2023-10-02 14:34:11,431 : INFO : EventManager : Event: ======'reentryL_shot_off_hit'====== Args={'profile': 'reentry', 'state': 'off', 'advancing': True}
2023-10-02 14:34:11,431 : INFO : EventManager : Event: ======'reentry_shot_hit'====== Args={}
2023-10-02 14:34:11,431 : INFO : EventManager : Event: ======'reentry_shot_off_hit'====== Args={}
2023-10-02 14:34:11,431 : INFO : EventManager : Event: ======'player_score'====== Args={'value': 9000, 'prev_value': 8000, 'change': 1000, 'player_num': 1}
2023-10-02 14:34:11,436 : INFO : EventManager : Event: ======'playfield_active'====== Args={}
2023-10-02 14:34:11,599 : INFO : SwitchController : <<<<<<< 's_reentry_middle' active >>>>>>>
2023-10-02 14:34:11,600 : INFO : EventManager : Event: ======'playfield_active'====== Args={}
2023-10-02 14:34:11,601 : INFO : EventManager : Event: ======'s_reentry_middle_active'====== Args={}
2023-10-02 14:34:11,602 : INFO : EventManager : Event: ======'sw_playfield_active'====== Args={}
2023-10-02 14:34:11,604 : INFO : EventManager : Event: ======'machine_var_audits_switches_s_reentry_middle'====== Args={'value': 428, 'prev_value': 427, 'change': 1}
2023-10-02 14:34:11,607 : INFO : EventManager : Event: ======'player_shot_reentryM_shot'====== Args={'value': 1, 'prev_value': 0, 'change': 1, 'player_num': 1}
2023-10-02 14:34:11,610 : INFO : EventManager : Event: ======'machine_var_audits_shots_reentryM_shot'====== Args={'value': 354, 'prev_value': 353, 'change': 1}
2023-10-02 14:34:11,611 : INFO : EventManager : Event: ======'reentryM_shot_hit'====== Args={'profile': 'reentry', 'state': 'off', 'advancing': True}
2023-10-02 14:34:11,611 : INFO : EventManager : Event: ======'reentryM_shot_reentry_hit'====== Args={'profile': 'reentry', 'state': 'off', 'advancing': True}
2023-10-02 14:34:11,611 : INFO : EventManager : Event: ======'reentryM_shot_reentry_off_hit'====== Args={'profile': 'reentry', 'state': 'off', 'advancing': True}
2023-10-02 14:34:11,611 : INFO : EventManager : Event: ======'reentryM_shot_off_hit'====== Args={'profile': 'reentry', 'state': 'off', 'advancing': True}
2023-10-02 14:34:11,611 : INFO : EventManager : Event: ======'reentry_shot_hit'====== Args={}
2023-10-02 14:34:11,611 : INFO : EventManager : Event: ======'reentry_shot_off_hit'====== Args={}
2023-10-02 14:34:11,612 : INFO : EventManager : Event: ======'player_score'====== Args={'value': 10000, 'prev_value': 9000, 'change': 1000, 'player_num': 1}
2023-10-02 14:34:11,612 : INFO : EventManager : Event: ======'playfield_active'====== Args={}
2023-10-02 14:34:11,635 : INFO : SwitchController : <<<<<<< 's_reentry_left' inactive >>>>>>>
2023-10-02 14:34:11,751 : INFO : SwitchController : <<<<<<< 's_reentry_right' active >>>>>>>
2023-10-02 14:34:11,751 : INFO : EventManager : Event: ======'playfield_active'====== Args={}
2023-10-02 14:34:11,752 : INFO : EventManager : Event: ======'s_reentry_right_active'====== Args={}
2023-10-02 14:34:11,754 : INFO : EventManager : Event: ======'sw_playfield_active'====== Args={}
2023-10-02 14:34:11,755 : INFO : EventManager : Event: ======'machine_var_audits_switches_s_reentry_right'====== Args={'value': 381, 'prev_value': 380, 'change': 1}
2023-10-02 14:34:11,759 : INFO : EventManager : Event: ======'player_shot_reentryR_shot'====== Args={'value': 1, 'prev_value': 0, 'change': 1, 'player_num': 1}
2023-10-02 14:34:11,761 : INFO : EventManager : Event: ======'machine_var_audits_shots_reentryR_shot'====== Args={'value': 322, 'prev_value': 321, 'change': 1}
2023-10-02 14:34:11,764 : INFO : EventManager : Event: ======'reentryR_shot_hit'====== Args={'profile': 'reentry', 'state': 'off', 'advancing': True}
2023-10-02 14:34:11,766 : INFO : EventManager : Event: ======'reentryR_shot_reentry_hit'====== Args={'profile': 'reentry', 'state': 'off', 'advancing': True}
2023-10-02 14:34:11,767 : INFO : EventManager : Event: ======'reentryR_shot_reentry_off_hit'====== Args={'profile': 'reentry', 'state': 'off', 'advancing': True}
2023-10-02 14:34:11,768 : INFO : EventManager : Event: ======'reentryR_shot_off_hit'====== Args={'profile': 'reentry', 'state': 'off', 'advancing': True}
2023-10-02 14:34:11,769 : INFO : EventManager : Event: ======'reentry_shot_complete'====== Args={'state': 'lit'}
2023-10-02 14:34:11,770 : INFO : EventManager : Event: ======'reentry_shot_lit_complete'====== Args={}
2023-10-02 14:34:11,771 : INFO : EventManager : Event: ======'reentry_shot_hit'====== Args={}
2023-10-02 14:34:11,771 : INFO : EventManager : Event: ======'reentry_shot_off_hit'====== Args={}
2023-10-02 14:34:11,773 : INFO : EventManager : Event: ======'player_score'====== Args={'value': 15000, 'prev_value': 10000, 'change': 5000, 'player_num': 1}
2023-10-02 14:34:11,774 : INFO : EventManager : Event: ======'logicblock_lb_reentry_complete_count_updated'====== Args={'value': 3, 'enabled': True}
2023-10-02 14:34:11,775 : INFO : EventManager : Event: ======'reentry_lanes_done'====== Args={'count': 3}
2023-10-02 14:34:11,777 : INFO : EventManager : Event: ======'player_attack_bumper_count'====== Args={'value': 3, 'prev_value': 2, 'change': 1, 'player_num': 1}
2023-10-02 14:34:11,779 : INFO : EventManager : Event: ======'player_score'====== Args={'value': 16000, 'prev_value': 15000, 'change': 1000, 'player_num': 1}
2023-10-02 14:34:11,781 : INFO : EventManager : Event: ======'playfield_active'====== Args={}
2023-10-02 14:34:11,790 : INFO : SwitchController : <<<<<<< 's_reentry_middle' inactive >>>>>>>
2023-10-02 14:34:11,890 : INFO : SwitchController : <<<<<<< 's_reentry_right' inactive >>>>>>>
2023-10-02 14:34:13,775 : INFO : EventManager : Event: ======'player_shot_reentryL_shot'====== Args={'value': 0, 'prev_value': 1, 'change': -1, 'player_num': 1}
2023-10-02 14:34:13,777 : INFO : EventManager : Event: ======'player_shot_reentryM_shot'====== Args={'value': 0, 'prev_value': 1, 'change': -1, 'player_num': 1}
2023-10-02 14:34:13,779 : INFO : EventManager : Event: ======'player_shot_reentryR_shot'====== Args={'value': 0, 'prev_value': 1, 'change': -1, 'player_num': 1}
2023-12-01 07:08:46,557 : WARNING : BCPClientSocket : Failed to write to bcp since transport is closing. Transport <_SelectorSocketTransport closing fd=448 read=idle write=<idle, bufsize=0>>
2023-12-01 07:08:46,557 : WARNING : BCPClientSocket : Failed to write to bcp since transport is closing. Transport <_SelectorSocketTransport closed fd=448>
2023-12-01 07:08:46,572 : INFO : Machine : Shutting down...
2023-12-01 07:08:46,572 : INFO : EventManager : Event: ======'shutdown'====== Args={}
2023-12-01 07:08:46,607 : INFO : root : MPF run loop ended.
