2023-02-11 19:58:18,745 : INFO : root : Loading config.
2023-02-11 19:58:19,075 : INFO : ConfigProcessor : Config spec file cache created: C:\Users\student\AppData\Local\Temp\config_spec.mpf_cache
2023-02-11 19:58:19,075 : INFO : YamlMultifileConfigLoader : Machine config file #1: config.yaml
2023-02-11 19:58:19,076 : INFO : ConfigProcessor : Loading config from file c:\users\student\mpfenv\lib\site-packages\mpf\mpfconfig.yaml.
2023-02-11 19:58:19,139 : INFO : ConfigProcessor : Loading config: c:\users\student\mpfenv\lib\site-packages\mpf\mpfconfig.yaml
2023-02-11 19:58:19,140 : INFO : ConfigProcessor : Loading config from file C:\Users\student\pinball\cobraPinTest1\config\config.yaml.
2023-02-11 19:58:19,168 : INFO : ConfigProcessor : Loading config: C:\Users\student\pinball\cobraPinTest1\config\config.yaml
2023-02-11 19:58:19,170 : INFO : ConfigProcessor : Config file cache created: C:\Users\student\AppData\Local\Temp\f1427cd4cbc9163bc2263f349f0fb463.mpf_cache
2023-02-11 19:58:19,233 : INFO : ConfigProcessor : Loading config from file c:\users\student\mpfenv\lib\site-packages\mpf\modes\attract\config\attract.yaml.
2023-02-11 19:58:19,234 : INFO : ConfigProcessor : Loading config: c:\users\student\mpfenv\lib\site-packages\mpf\modes\attract\config\attract.yaml
2023-02-11 19:58:19,235 : INFO : ConfigProcessor : Loading config from file C:\Users\student\pinball\cobraPinTest1\modes\attract\config\attract.yaml.
2023-02-11 19:58:19,236 : INFO : ConfigProcessor : Loading config: C:\Users\student\pinball\cobraPinTest1\modes\attract\config\attract.yaml
2023-02-11 19:58:19,236 : INFO : ConfigProcessor : Config file cache created: C:\Users\student\AppData\Local\Temp\32ed7ad340ce8029344f8b9ff63edc80.mpf_cache
2023-02-11 19:58:19,237 : INFO : ConfigProcessor : Loading config from file c:\users\student\mpfenv\lib\site-packages\mpf\modes\game\config\game.yaml.
2023-02-11 19:58:19,239 : INFO : ConfigProcessor : Loading config: c:\users\student\mpfenv\lib\site-packages\mpf\modes\game\config\game.yaml
2023-02-11 19:58:19,239 : INFO : ConfigProcessor : Config file cache created: C:\Users\student\AppData\Local\Temp\8696bd5a5a040ff67990be11cb4d3c0c.mpf_cache
2023-02-11 19:58:19,240 : INFO : ConfigProcessor : Loading config from file C:\Users\student\pinball\cobraPinTest1\modes\base\config\base.yaml.
2023-02-11 19:58:19,245 : INFO : ConfigProcessor : Loading config: C:\Users\student\pinball\cobraPinTest1\modes\base\config\base.yaml
2023-02-11 19:58:19,246 : INFO : ConfigProcessor : Config file cache created: C:\Users\student\AppData\Local\Temp\4675a535c8328a9c278c807d999ed109.mpf_cache
2023-02-11 19:58:19,246 : INFO : ConfigProcessor : Loading config from file C:\Users\student\pinball\cobraPinTest1\modes\attract\shows\.\attract_display_loop.yaml.
2023-02-11 19:58:19,256 : INFO : ConfigProcessor : Loading config: C:\Users\student\pinball\cobraPinTest1\modes\attract\shows\.\attract_display_loop.yaml
2023-02-11 19:58:19,257 : INFO : ConfigProcessor : Config file cache created: C:\Users\student\AppData\Local\Temp\f8d2c2cf3ea01f085365ea23fa51a701.mpf_cache
2023-02-11 19:58:19,257 : INFO : ConfigProcessor : Loading config from file C:\Users\student\pinball\cobraPinTest1\modes\attract\shows\.\attract_light_show.yaml.
2023-02-11 19:58:19,259 : INFO : ConfigProcessor : Loading config: C:\Users\student\pinball\cobraPinTest1\modes\attract\shows\.\attract_light_show.yaml
2023-02-11 19:58:19,260 : INFO : ConfigProcessor : Config file cache created: C:\Users\student\AppData\Local\Temp\30bd992f4b62a9b099207aebeb59554c.mpf_cache
2023-02-11 19:58:19,261 : INFO : Machine : Mission Pinball Framework Core Engine v0.55.0
2023-02-11 19:58:19,261 : INFO : Machine : Command line arguments: {'no_load_cache': True, 'create_config_cache': True, 'bcp': True, 'configfile': ['config.yaml'], 'force_assets_load': False, 'jsonlogging': False, 'logfile': 'logs\\2023-02-11-19-58-18-mpf-DESKTOP-0JH7ARL.log', 'pause': False, 'production': False, 'text_ui': True, 'loglevel': 15, 'consoleloglevel': 20, 'force_platform': None, 'syslog_address': None, 'mc_file_name': None, 'no_sound': False}
2023-02-11 19:58:19,261 : INFO : Machine : MPF path: c:\users\student\mpfenv\lib\site-packages\mpf
2023-02-11 19:58:19,261 : INFO : Machine : Machine path: C:\Users\student\pinball\cobraPinTest1
2023-02-11 19:58:19,261 : INFO : Machine : Platform: win32
2023-02-11 19:58:19,261 : INFO : Machine : Python executable location: c:\users\student\mpfenv\scripts\python.exe
2023-02-11 19:58:19,261 : INFO : Machine : Python version: 3.7.8 (64-bit)
2023-02-11 19:58:19,263 : INFO : Machine : Initialise MPF.
2023-02-11 19:58:19,575 : INFO : OPP : Connecting to com4 at 115200bps
2023-02-11 19:58:19,753 : INFO : OPP : Init of OPP board 0 done
2023-02-11 19:58:19,753 : INFO : OPP : Connecting to com5 at 115200bps
2023-02-11 19:58:19,846 : INFO : OPP : Init of OPP board 1 done
2023-02-11 19:58:19,847 : INFO : EventManager : Event: ======'machine_var_credits_string'====== Args={'value': 'FREE PLAY', 'prev_value': None, 'change': True}
2023-02-11 19:58:19,896 : INFO : EventManager : Event: ======'machine_var_master_volume'====== Args={'value': 0.5, 'prev_value': None, 'change': True}
2023-02-11 19:58:19,896 : INFO : EventManager : Event: ======'machine_var_player1_score'====== Args={'value': 1900, 'prev_value': None, 'change': True}
2023-02-11 19:58:19,896 : INFO : EventManager : Event: ======'machine_var_mpf_version'====== Args={'value': 'MPF v0.55.0', 'prev_value': None, 'change': True}
2023-02-11 19:58:19,896 : INFO : EventManager : Event: ======'machine_var_mpf_extended_version'====== Args={'value': 'MPF v0.55.0, Config version:5, Show version: 5, BCP version:1.1', 'prev_value': None, 'change': True}
2023-02-11 19:58:19,896 : INFO : EventManager : Event: ======'machine_var_python_version'====== Args={'value': '3.7.8', 'prev_value': None, 'change': True}
2023-02-11 19:58:19,897 : INFO : EventManager : Event: ======'machine_var_platform'====== Args={'value': 'Windows-10-10.0.19041-SP0', 'prev_value': None, 'change': True}
2023-02-11 19:58:19,897 : INFO : EventManager : Event: ======'machine_var_platform_system'====== Args={'value': 'Windows', 'prev_value': None, 'change': True}
2023-02-11 19:58:19,897 : INFO : EventManager : Event: ======'machine_var_platform_release'====== Args={'value': '10', 'prev_value': None, 'change': True}
2023-02-11 19:58:19,897 : INFO : EventManager : Event: ======'machine_var_platform_version'====== Args={'value': '10.0.19041', 'prev_value': None, 'change': True}
2023-02-11 19:58:19,897 : INFO : EventManager : Event: ======'machine_var_platform_machine'====== Args={'value': 'AMD64', 'prev_value': None, 'change': True}
2023-02-11 19:58:19,897 : INFO : EventManager : Event: ======'init_phase_1'====== Args={}
2023-02-11 19:58:19,913 : INFO : EventManager : Event: ======'logicblock_reentry_switch_counter_updated'====== Args={'value': 0, 'enabled': True}
2023-02-11 19:58:19,914 : INFO : EventManager : Event: ======'logicblock_reentry_switch_counter_updated'====== Args={'value': 0, 'enabled': True}
2023-02-11 19:58:19,915 : INFO : EventManager : Event: ======'init_phase_2'====== Args={}
2023-02-11 19:58:19,916 : INFO : SwitchController : Found active switch: ('0-0-8', <Platform.OPP>) <switch.s_trough1>
2023-02-11 19:58:19,919 : INFO : EventManager : Event: ======'bcp_connection_attempt'====== Args={'name': 'local_display', 'host': 'localhost', 'port': 5050}
2023-02-11 19:58:19,920 : INFO : BCPClientSocket : Connecting BCP to 'local_display' at localhost:5050...
2023-02-11 19:58:21,957 : INFO : BCPClientSocket : Connected BCP to 'local_display' localhost:5050
2023-02-11 19:58:21,958 : INFO : EventManager : Event: ======'bcp_clients_connected'====== Args={}
2023-02-11 19:58:21,964 : INFO : ball_device.bd_trough : BCH: Initial count: 1
2023-02-11 19:58:21,964 : INFO : ball_device.bd_trough : State: idle
2023-02-11 19:58:21,965 : INFO : ball_device.bd_plunger : BCH: Initial count: 0
2023-02-11 19:58:21,965 : INFO : ball_device.bd_plunger : State: idle
2023-02-11 19:58:22,022 : INFO : EventManager : Event: ======'init_phase_3'====== Args={}
2023-02-11 19:58:22,026 : INFO : EventManager : Event: ======'init_phase_4'====== Args={}
2023-02-11 19:58:22,027 : INFO : BallController : Initial balls found: 1
2023-02-11 19:58:22,028 : INFO : EventManager : Event: ======'machine_var_audits_events_game_ended'====== Args={'value': 0, 'prev_value': None, 'change': True}
2023-02-11 19:58:22,028 : INFO : EventManager : Event: ======'machine_var_audits_events_game_started'====== Args={'value': 0, 'prev_value': None, 'change': True}
2023-02-11 19:58:22,028 : INFO : EventManager : Event: ======'machine_var_audits_player_score'====== Args={'value': {'average': 1900.0, 'top': [1900], 'total': 1}, 'prev_value': None, 'change': True}
2023-02-11 19:58:22,028 : INFO : EventManager : Event: ======'machine_var_audits_switches_s_blackhole_kicker'====== Args={'value': 0, 'prev_value': None, 'change': True}
2023-02-11 19:58:22,028 : INFO : EventManager : Event: ======'machine_var_audits_switches_s_bonus_lane'====== Args={'value': 0, 'prev_value': None, 'change': True}
2023-02-11 19:58:22,028 : INFO : EventManager : Event: ======'machine_var_audits_switches_s_booster_drop_target_1'====== Args={'value': 0, 'prev_value': None, 'change': True}
2023-02-11 19:58:22,028 : INFO : EventManager : Event: ======'machine_var_audits_switches_s_booster_drop_target_2'====== Args={'value': 0, 'prev_value': None, 'change': True}
2023-02-11 19:58:22,029 : INFO : EventManager : Event: ======'machine_var_audits_switches_s_booster_drop_target_3'====== Args={'value': 0, 'prev_value': None, 'change': True}
2023-02-11 19:58:22,029 : INFO : EventManager : Event: ======'machine_var_audits_switches_s_comet_spot_1'====== Args={'value': 0, 'prev_value': None, 'change': True}
2023-02-11 19:58:22,029 : INFO : EventManager : Event: ======'machine_var_audits_switches_s_comet_spot_2'====== Args={'value': 0, 'prev_value': None, 'change': True}
2023-02-11 19:58:22,029 : INFO : EventManager : Event: ======'machine_var_audits_switches_s_comet_spot_3'====== Args={'value': 0, 'prev_value': None, 'change': True}
2023-02-11 19:58:22,029 : INFO : EventManager : Event: ======'machine_var_audits_switches_s_engine_bumper_1'====== Args={'value': 0, 'prev_value': None, 'change': True}
2023-02-11 19:58:22,029 : INFO : EventManager : Event: ======'machine_var_audits_switches_s_engine_bumper_2'====== Args={'value': 0, 'prev_value': None, 'change': True}
2023-02-11 19:58:22,029 : INFO : EventManager : Event: ======'machine_var_audits_switches_s_engine_bumper_3'====== Args={'value': 0, 'prev_value': None, 'change': True}
2023-02-11 19:58:22,029 : INFO : EventManager : Event: ======'machine_var_audits_switches_s_fuel_chute_1'====== Args={'value': 0, 'prev_value': None, 'change': True}
2023-02-11 19:58:22,030 : INFO : EventManager : Event: ======'machine_var_audits_switches_s_fuel_chute_2'====== Args={'value': 0, 'prev_value': None, 'change': True}
2023-02-11 19:58:22,030 : INFO : EventManager : Event: ======'machine_var_audits_switches_s_fuel_chute_3'====== Args={'value': 0, 'prev_value': None, 'change': True}
2023-02-11 19:58:22,030 : INFO : EventManager : Event: ======'machine_var_audits_switches_s_fuel_chute_4'====== Args={'value': 0, 'prev_value': None, 'change': True}
2023-02-11 19:58:22,030 : INFO : EventManager : Event: ======'machine_var_audits_switches_s_fuel_chute_5'====== Args={'value': 0, 'prev_value': None, 'change': True}
2023-02-11 19:58:22,030 : INFO : EventManager : Event: ======'machine_var_audits_switches_s_fuel_chute_6'====== Args={'value': 0, 'prev_value': None, 'change': True}
2023-02-11 19:58:22,030 : INFO : EventManager : Event: ======'machine_var_audits_switches_s_fuel_flag'====== Args={'value': 0, 'prev_value': None, 'change': True}
2023-02-11 19:58:22,030 : INFO : EventManager : Event: ======'machine_var_audits_switches_s_fuel_spot_1'====== Args={'value': 0, 'prev_value': None, 'change': True}
2023-02-11 19:58:22,030 : INFO : EventManager : Event: ======'machine_var_audits_switches_s_fuel_spot_2'====== Args={'value': 0, 'prev_value': None, 'change': True}
2023-02-11 19:58:22,031 : INFO : EventManager : Event: ======'machine_var_audits_switches_s_fuel_spot_3'====== Args={'value': 0, 'prev_value': None, 'change': True}
2023-02-11 19:58:22,031 : INFO : EventManager : Event: ======'machine_var_audits_switches_s_green_wormhole'====== Args={'value': 0, 'prev_value': None, 'change': True}
2023-02-11 19:58:22,031 : INFO : EventManager : Event: ======'machine_var_audits_switches_s_hyperspace_flag'====== Args={'value': 0, 'prev_value': None, 'change': True}
2023-02-11 19:58:22,031 : INFO : EventManager : Event: ======'machine_var_audits_switches_s_hyperspacekicker'====== Args={'value': 0, 'prev_value': None, 'change': True}
2023-02-11 19:58:22,031 : INFO : EventManager : Event: ======'machine_var_audits_switches_s_launch_lane_1'====== Args={'value': 0, 'prev_value': None, 'change': True}
2023-02-11 19:58:22,031 : INFO : EventManager : Event: ======'machine_var_audits_switches_s_launch_lane_2'====== Args={'value': 0, 'prev_value': None, 'change': True}
2023-02-11 19:58:22,031 : INFO : EventManager : Event: ======'machine_var_audits_switches_s_launch_lane_3'====== Args={'value': 0, 'prev_value': None, 'change': True}
2023-02-11 19:58:22,032 : INFO : EventManager : Event: ======'machine_var_audits_switches_s_launch_ramp'====== Args={'value': 0, 'prev_value': None, 'change': True}
2023-02-11 19:58:22,032 : INFO : EventManager : Event: ======'machine_var_audits_switches_s_left_attack_bumper'====== Args={'value': 0, 'prev_value': None, 'change': True}
2023-02-11 19:58:22,032 : INFO : EventManager : Event: ======'machine_var_audits_switches_s_left_flipper'====== Args={'value': 442, 'prev_value': None, 'change': True}
2023-02-11 19:58:22,032 : INFO : EventManager : Event: ======'machine_var_audits_switches_s_left_out_lane'====== Args={'value': 0, 'prev_value': None, 'change': True}
2023-02-11 19:58:22,032 : INFO : EventManager : Event: ======'machine_var_audits_switches_s_left_out_lane_kicker'====== Args={'value': 0, 'prev_value': None, 'change': True}
2023-02-11 19:58:22,032 : INFO : EventManager : Event: ======'machine_var_audits_switches_s_left_return_lane'====== Args={'value': 0, 'prev_value': None, 'change': True}
2023-02-11 19:58:22,032 : INFO : EventManager : Event: ======'machine_var_audits_switches_s_lower_attack_bumper'====== Args={'value': 0, 'prev_value': None, 'change': True}
2023-02-11 19:58:22,033 : INFO : EventManager : Event: ======'machine_var_audits_switches_s_lower_left_rebound'====== Args={'value': 0, 'prev_value': None, 'change': True}
2023-02-11 19:58:22,033 : INFO : EventManager : Event: ======'machine_var_audits_switches_s_lower_left_slingshot'====== Args={'value': 0, 'prev_value': None, 'change': True}
2023-02-11 19:58:22,033 : INFO : EventManager : Event: ======'machine_var_audits_switches_s_lower_right_rebound'====== Args={'value': 0, 'prev_value': None, 'change': True}
2023-02-11 19:58:22,033 : INFO : EventManager : Event: ======'machine_var_audits_switches_s_lower_right_slingshot'====== Args={'value': 0, 'prev_value': None, 'change': True}
2023-02-11 19:58:22,033 : INFO : EventManager : Event: ======'machine_var_audits_switches_s_medal_drop_left'====== Args={'value': 0, 'prev_value': None, 'change': True}
2023-02-11 19:58:22,033 : INFO : EventManager : Event: ======'machine_var_audits_switches_s_medal_drop_middle'====== Args={'value': 0, 'prev_value': None, 'change': True}
2023-02-11 19:58:22,034 : INFO : EventManager : Event: ======'machine_var_audits_switches_s_medal_drop_right'====== Args={'value': 0, 'prev_value': None, 'change': True}
2023-02-11 19:58:22,034 : INFO : EventManager : Event: ======'machine_var_audits_switches_s_mission_spot_1'====== Args={'value': 0, 'prev_value': None, 'change': True}
2023-02-11 19:58:22,034 : INFO : EventManager : Event: ======'machine_var_audits_switches_s_mission_spot_2'====== Args={'value': 0, 'prev_value': None, 'change': True}
2023-02-11 19:58:22,034 : INFO : EventManager : Event: ======'machine_var_audits_switches_s_mission_spot_3'====== Args={'value': 0, 'prev_value': None, 'change': True}
2023-02-11 19:58:22,034 : INFO : EventManager : Event: ======'machine_var_audits_switches_s_multiplier_left'====== Args={'value': 0, 'prev_value': None, 'change': True}
2023-02-11 19:58:22,034 : INFO : EventManager : Event: ======'machine_var_audits_switches_s_multiplier_middle'====== Args={'value': 0, 'prev_value': None, 'change': True}
2023-02-11 19:58:22,035 : INFO : EventManager : Event: ======'machine_var_audits_switches_s_multiplier_right'====== Args={'value': 0, 'prev_value': None, 'change': True}
2023-02-11 19:58:22,035 : INFO : EventManager : Event: ======'machine_var_audits_switches_s_plunger'====== Args={'value': 40, 'prev_value': None, 'change': True}
2023-02-11 19:58:22,035 : INFO : EventManager : Event: ======'machine_var_audits_switches_s_radiationspot_1'====== Args={'value': 0, 'prev_value': None, 'change': True}
2023-02-11 19:58:22,035 : INFO : EventManager : Event: ======'machine_var_audits_switches_s_radiationspot_2'====== Args={'value': 0, 'prev_value': None, 'change': True}
2023-02-11 19:58:22,035 : INFO : EventManager : Event: ======'machine_var_audits_switches_s_radiationspot_3'====== Args={'value': 0, 'prev_value': None, 'change': True}
2023-02-11 19:58:22,036 : INFO : EventManager : Event: ======'machine_var_audits_switches_s_red_wormhole'====== Args={'value': 0, 'prev_value': None, 'change': True}
2023-02-11 19:58:22,036 : INFO : EventManager : Event: ======'machine_var_audits_switches_s_reentry_left'====== Args={'value': 135, 'prev_value': None, 'change': True}
2023-02-11 19:58:22,037 : INFO : EventManager : Event: ======'machine_var_audits_switches_s_reentry_middle'====== Args={'value': 50, 'prev_value': None, 'change': True}
2023-02-11 19:58:22,037 : INFO : EventManager : Event: ======'machine_var_audits_switches_s_reentry_right'====== Args={'value': 37, 'prev_value': None, 'change': True}
2023-02-11 19:58:22,037 : INFO : EventManager : Event: ======'machine_var_audits_switches_s_right_flipper'====== Args={'value': 167, 'prev_value': None, 'change': True}
2023-02-11 19:58:22,037 : INFO : EventManager : Event: ======'machine_var_audits_switches_s_right_inlane'====== Args={'value': 0, 'prev_value': None, 'change': True}
2023-02-11 19:58:22,038 : INFO : EventManager : Event: ======'machine_var_audits_switches_s_right_out_lane'====== Args={'value': 0, 'prev_value': None, 'change': True}
2023-02-11 19:58:22,038 : INFO : EventManager : Event: ======'machine_var_audits_switches_s_right_out_lane_kicker'====== Args={'value': 0, 'prev_value': None, 'change': True}
2023-02-11 19:58:22,038 : INFO : EventManager : Event: ======'machine_var_audits_switches_s_right_return_lane'====== Args={'value': 0, 'prev_value': None, 'change': True}
2023-02-11 19:58:22,038 : INFO : EventManager : Event: ======'machine_var_audits_switches_s_satellite_bumper'====== Args={'value': 0, 'prev_value': None, 'change': True}
2023-02-11 19:58:22,039 : INFO : EventManager : Event: ======'machine_var_audits_switches_s_secondary_outlane_kicker'====== Args={'value': 0, 'prev_value': None, 'change': True}
2023-02-11 19:58:22,039 : INFO : EventManager : Event: ======'machine_var_audits_switches_s_skill_shot_1'====== Args={'value': 0, 'prev_value': None, 'change': True}
2023-02-11 19:58:22,039 : INFO : EventManager : Event: ======'machine_var_audits_switches_s_skill_shot_2'====== Args={'value': 0, 'prev_value': None, 'change': True}
2023-02-11 19:58:22,039 : INFO : EventManager : Event: ======'machine_var_audits_switches_s_skill_shot_3'====== Args={'value': 0, 'prev_value': None, 'change': True}
2023-02-11 19:58:22,040 : INFO : EventManager : Event: ======'machine_var_audits_switches_s_skill_shot_4'====== Args={'value': 0, 'prev_value': None, 'change': True}
2023-02-11 19:58:22,040 : INFO : EventManager : Event: ======'machine_var_audits_switches_s_skill_shot_5'====== Args={'value': 0, 'prev_value': None, 'change': True}
2023-02-11 19:58:22,040 : INFO : EventManager : Event: ======'machine_var_audits_switches_s_skill_shot_6'====== Args={'value': 0, 'prev_value': None, 'change': True}
2023-02-11 19:58:22,040 : INFO : EventManager : Event: ======'machine_var_audits_switches_s_skill_shot_lane'====== Args={'value': 0, 'prev_value': None, 'change': True}
2023-02-11 19:58:22,040 : INFO : EventManager : Event: ======'machine_var_audits_switches_s_spacewarp_rollover'====== Args={'value': 0, 'prev_value': None, 'change': True}
2023-02-11 19:58:22,041 : INFO : EventManager : Event: ======'machine_var_audits_switches_s_start'====== Args={'value': 0, 'prev_value': None, 'change': True}
2023-02-11 19:58:22,041 : INFO : EventManager : Event: ======'machine_var_audits_switches_s_trough1'====== Args={'value': 18, 'prev_value': None, 'change': True}
2023-02-11 19:58:22,041 : INFO : EventManager : Event: ======'machine_var_audits_switches_s_trough2'====== Args={'value': 0, 'prev_value': None, 'change': True}
2023-02-11 19:58:22,041 : INFO : EventManager : Event: ======'machine_var_audits_switches_s_trough3'====== Args={'value': 0, 'prev_value': None, 'change': True}
2023-02-11 19:58:22,042 : INFO : EventManager : Event: ======'machine_var_audits_switches_s_trough4'====== Args={'value': 0, 'prev_value': None, 'change': True}
2023-02-11 19:58:22,042 : INFO : EventManager : Event: ======'machine_var_audits_switches_s_trough5'====== Args={'value': 0, 'prev_value': None, 'change': True}
2023-02-11 19:58:22,042 : INFO : EventManager : Event: ======'machine_var_audits_switches_s_trough6'====== Args={'value': 0, 'prev_value': None, 'change': True}
2023-02-11 19:58:22,042 : INFO : EventManager : Event: ======'machine_var_audits_switches_s_trough_jam'====== Args={'value': 0, 'prev_value': None, 'change': True}
2023-02-11 19:58:22,043 : INFO : EventManager : Event: ======'machine_var_audits_switches_s_upper_attack_bumper'====== Args={'value': 0, 'prev_value': None, 'change': True}
2023-02-11 19:58:22,043 : INFO : EventManager : Event: ======'machine_var_audits_switches_s_upper_left_rebound'====== Args={'value': 0, 'prev_value': None, 'change': True}
2023-02-11 19:58:22,043 : INFO : EventManager : Event: ======'machine_var_audits_switches_s_upper_right_rebound'====== Args={'value': 0, 'prev_value': None, 'change': True}
2023-02-11 19:58:22,043 : INFO : EventManager : Event: ======'machine_var_audits_switches_s_wormhole_target'====== Args={'value': 0, 'prev_value': None, 'change': True}
2023-02-11 19:58:22,044 : INFO : EventManager : Event: ======'machine_var_audits_switches_s_yellow_wormhole'====== Args={'value': 0, 'prev_value': None, 'change': True}
2023-02-11 19:58:22,045 : INFO : EventManager : Event: ======'init_phase_5'====== Args={}
2023-02-11 19:58:22,098 : INFO : EventManager : Event: ======'init_done'====== Args={}
2023-02-11 19:58:22,101 : INFO : EventManager : Event: ======'machine_reset_phase_1'====== Args={}
2023-02-11 19:58:22,421 : INFO : EventManager : Event: ======'machine_var_mc_version'====== Args={'value': 'MPF-MC v0.55.0', 'prev_value': None, 'change': True}
2023-02-11 19:58:22,421 : INFO : EventManager : Event: ======'machine_var_mc_extended_version'====== Args={'value': 'MPF-MC v0.55.0 (config_version=5, BCP v1.1, Requires MPF v0.55.0-dev.49)', 'prev_value': None, 'change': True}
2023-02-11 19:58:22,428 : INFO : EventManager : Event: ======'slide_welcome_slide_removed'====== Args={'_from_bcp': True}
2023-02-11 19:58:22,429 : INFO : EventManager : Event: ======'slide_welcome_slide_created'====== Args={'_from_bcp': True}
2023-02-11 19:58:22,429 : INFO : EventManager : Event: ======'slide_welcome_slide_active'====== Args={'_from_bcp': True}
2023-02-11 19:58:22,429 : INFO : EventManager : Event: ======'machine_reset_phase_2'====== Args={}
2023-02-11 19:58:22,430 : INFO : EventManager : Event: ======'machine_reset_phase_3'====== Args={}
2023-02-11 19:58:22,431 : INFO : EventManager : Event: ======'reset_complete'====== Args={}
2023-02-11 19:58:22,431 : INFO : EventManager : Event: ======'mode_attract_will_start'====== Args={}
2023-02-11 19:58:22,432 : INFO : EventManager : Event: ======'mode_attract_starting'====== Args={}
2023-02-11 19:58:22,432 : INFO : Mode.attract : Started. Priority: 10
2023-02-11 19:58:22,432 : INFO : EventManager : Event: ======'modes_active_modes_changed'====== Args={}
2023-02-11 19:58:22,432 : INFO : EventManager : Event: ======'mode_attract_started'====== Args={}
2023-02-11 19:58:22,433 : INFO : EventManager : Event: ======'collecting_balls_complete'====== Args={}
2023-02-11 19:58:22,468 : INFO : EventManager : Event: ======'slide_awesome_slide_created'====== Args={'_from_bcp': True}
2023-02-11 19:58:22,469 : INFO : EventManager : Event: ======'slide_awesome_slide_active'====== Args={'_from_bcp': True}
2023-02-11 19:58:22,469 : INFO : Machine : Starting the main run loop.
2023-02-11 19:58:25,459 : INFO : EventManager : Event: ======'slide_press_start_created'====== Args={'_from_bcp': True}
2023-02-11 19:58:25,462 : INFO : EventManager : Event: ======'slide_press_start_active'====== Args={'_from_bcp': True}
2023-02-11 19:58:28,447 : INFO : EventManager : Event: ======'slide_mission_pinball_created'====== Args={'_from_bcp': True}
2023-02-11 19:58:28,448 : INFO : EventManager : Event: ======'slide_mission_pinball_active'====== Args={'_from_bcp': True}
2023-02-11 19:58:31,460 : INFO : EventManager : Event: ======'slide_last_game_score_slide_created'====== Args={'_from_bcp': True}
2023-02-11 19:58:31,461 : INFO : EventManager : Event: ======'slide_last_game_score_slide_active'====== Args={'_from_bcp': True}
2023-02-11 19:58:34,450 : INFO : EventManager : Event: ======'slide_awesome_slide_removed'====== Args={'_from_bcp': True}
2023-02-11 19:58:34,451 : INFO : EventManager : Event: ======'slide_awesome_slide_created'====== Args={'_from_bcp': True}
2023-02-11 19:58:34,454 : INFO : EventManager : Event: ======'slide_awesome_slide_active'====== Args={'_from_bcp': True}
2023-02-11 19:58:37,450 : INFO : EventManager : Event: ======'slide_press_start_removed'====== Args={'_from_bcp': True}
2023-02-11 19:58:37,452 : INFO : EventManager : Event: ======'slide_press_start_created'====== Args={'_from_bcp': True}
2023-02-11 19:58:37,455 : INFO : EventManager : Event: ======'slide_press_start_active'====== Args={'_from_bcp': True}
2023-02-11 19:58:40,460 : INFO : EventManager : Event: ======'slide_mission_pinball_removed'====== Args={'_from_bcp': True}
2023-02-11 19:58:40,461 : INFO : EventManager : Event: ======'slide_mission_pinball_created'====== Args={'_from_bcp': True}
2023-02-11 19:58:40,464 : INFO : EventManager : Event: ======'slide_mission_pinball_active'====== Args={'_from_bcp': True}
2023-02-11 19:58:43,451 : INFO : EventManager : Event: ======'slide_last_game_score_slide_removed'====== Args={'_from_bcp': True}
2023-02-11 19:58:43,454 : INFO : EventManager : Event: ======'slide_last_game_score_slide_created'====== Args={'_from_bcp': True}
2023-02-11 19:58:43,454 : INFO : EventManager : Event: ======'slide_last_game_score_slide_active'====== Args={'_from_bcp': True}
2023-02-11 19:58:46,445 : INFO : EventManager : Event: ======'slide_awesome_slide_removed'====== Args={'_from_bcp': True}
2023-02-11 19:58:46,447 : INFO : EventManager : Event: ======'slide_awesome_slide_created'====== Args={'_from_bcp': True}
2023-02-11 19:58:46,447 : INFO : EventManager : Event: ======'slide_awesome_slide_active'====== Args={'_from_bcp': True}
2023-02-11 19:58:47,715 : INFO : SwitchController : <<<<<<< 's_start' active >>>>>>>
2023-02-11 19:58:47,889 : INFO : SwitchController : <<<<<<< 's_start' inactive >>>>>>>
2023-02-11 19:58:47,890 : INFO : EventManager : Event: ======'request_to_start_game'====== Args={}
2023-02-11 19:58:47,891 : INFO : EventManager : Event: ======'game_start'====== Args={'buttons': [], 'hold_time': 0.1720000000204891}
2023-02-11 19:58:47,892 : INFO : EventManager : Event: ======'mode_game_will_start'====== Args={'buttons': [], 'hold_time': 0.1720000000204891}
2023-02-11 19:58:47,894 : INFO : EventManager : Event: ======'mode_game_starting'====== Args={'buttons': [], 'hold_time': 0.1720000000204891}
2023-02-11 19:58:47,894 : INFO : EventManager : Event: ======'mode_attract_will_stop'====== Args={}
2023-02-11 19:58:47,895 : INFO : EventManager : Event: ======'mode_attract_stopping'====== Args={}
2023-02-11 19:58:47,895 : INFO : Mode.attract : Stopped.
2023-02-11 19:58:47,895 : INFO : EventManager : Event: ======'modes_active_modes_changed'====== Args={}
2023-02-11 19:58:47,898 : INFO : EventManager : Event: ======'mode_attract_stopped'====== Args={}
2023-02-11 19:58:47,898 : INFO : EventManager : Event: ======'clear'====== Args={'key': 'attract'}
2023-02-11 19:58:47,899 : INFO : Mode.game : Started. Priority: 20
2023-02-11 19:58:47,899 : INFO : EventManager : Event: ======'modes_active_modes_changed'====== Args={}
2023-02-11 19:58:47,899 : INFO : EventManager : Event: ======'mode_game_started'====== Args={'buttons': [], 'hold_time': 0.1720000000204891}
2023-02-11 19:58:47,910 : INFO : EventManager : Event: ======'game_will_start'====== Args={}
2023-02-11 19:58:47,911 : INFO : EventManager : Event: ======'slide_press_start_removed'====== Args={'_from_bcp': True}
2023-02-11 19:58:47,911 : INFO : EventManager : Event: ======'slide_mission_pinball_removed'====== Args={'_from_bcp': True}
2023-02-11 19:58:47,911 : INFO : EventManager : Event: ======'slide_last_game_score_slide_removed'====== Args={'_from_bcp': True}
2023-02-11 19:58:47,911 : INFO : EventManager : Event: ======'slide_awesome_slide_removed'====== Args={'_from_bcp': True}
2023-02-11 19:58:47,911 : INFO : EventManager : Event: ======'slide_welcome_slide_active'====== Args={'_from_bcp': True}
2023-02-11 19:58:47,911 : INFO : EventManager : Event: ======'game_starting'====== Args={'game': <Mode.game>}
2023-02-11 19:58:47,912 : INFO : EventManager : Event: ======'player_add_request'====== Args={}
2023-02-11 19:58:47,912 : INFO : EventManager : Event: ======'player_will_add'====== Args={'number': 1}
2023-02-11 19:58:47,912 : INFO : EventManager : Event: ======'player_adding'====== Args={'player': <Player 1>, 'number': 1}
2023-02-11 19:58:47,913 : INFO : EventManager : Event: ======'player_added'====== Args={'player': <Player 1>, 'num': 1}
2023-02-11 19:58:47,913 : INFO : Mode.game : Player added successfully. Total players: 1
2023-02-11 19:58:47,913 : INFO : EventManager : Event: ======'player_index'====== Args={'value': 0, 'prev_value': 0, 'change': 0, 'player_num': 1}
2023-02-11 19:58:47,913 : INFO : EventManager : Event: ======'player_number'====== Args={'value': 1, 'prev_value': 1, 'change': 0, 'player_num': 1}
2023-02-11 19:58:47,913 : INFO : EventManager : Event: ======'player_score'====== Args={'value': 0, 'prev_value': 0, 'change': 0, 'player_num': 1}
2023-02-11 19:58:47,914 : INFO : EventManager : Event: ======'game_started'====== Args={}
2023-02-11 19:58:47,929 : INFO : EventManager : Event: ======'player_turn_will_start'====== Args={'player': <Player 1>, 'number': 1}
2023-02-11 19:58:47,930 : INFO : EventManager : Event: ======'player_turn_starting'====== Args={'player': <Player 1>, 'number': 1}
2023-02-11 19:58:47,931 : INFO : EventManager : Event: ======'player_ball'====== Args={'value': 1, 'prev_value': 0, 'change': 1, 'player_num': 1}
2023-02-11 19:58:47,931 : INFO : EventManager : Event: ======'player_turn_started'====== Args={'player': <Player 1>, 'number': 1}
2023-02-11 19:58:47,932 : INFO : EventManager : Event: ======'ball_will_start'====== Args={'player': 1, 'ball': 1, 'balls_remaining': 2, 'is_extra_ball': False}
2023-02-11 19:58:47,935 : INFO : EventManager : Event: ======'ball_starting'====== Args={'player': 1, 'ball': 1, 'balls_remaining': 2, 'is_extra_ball': False}
2023-02-11 19:58:47,936 : INFO : EventManager : Event: ======'mode_base_will_start'====== Args={'queue': <QueuedEvent>, 'player': 1, 'ball': 1, 'balls_remaining': 2, 'is_extra_ball': False}
2023-02-11 19:58:47,936 : INFO : EventManager : Event: ======'mode_base_starting'====== Args={'queue': <QueuedEvent>, 'player': 1, 'ball': 1, 'balls_remaining': 2, 'is_extra_ball': False}
2023-02-11 19:58:47,937 : INFO : Mode.base : Started. Priority: 100
2023-02-11 19:58:47,937 : INFO : EventManager : Event: ======'modes_active_modes_changed'====== Args={}
2023-02-11 19:58:47,937 : INFO : EventManager : Event: ======'mode_base_started'====== Args={'queue': <QueuedEvent>, 'player': 1, 'ball': 1, 'balls_remaining': 2, 'is_extra_ball': False}
2023-02-11 19:58:47,937 : INFO : EventManager : Event: ======'balls_in_play'====== Args={'balls': 1}
2023-02-11 19:58:47,937 : INFO : EventManager : Event: ======'ball_started'====== Args={'player': 1, 'ball': 1, 'balls_remaining': 2, 'is_extra_ball': False}
2023-02-11 19:58:47,966 : INFO : EventManager : Event: ======'single_player_ball_started'====== Args={}
2023-02-11 19:58:47,967 : INFO : EventManager : Event: ======'slide_base.slide_player-mode_base_started_created'====== Args={'_from_bcp': True}
2023-02-11 19:58:47,967 : INFO : EventManager : Event: ======'slide__global.slide_player-ball_started_created'====== Args={'_from_bcp': True}
2023-02-11 19:58:47,967 : INFO : EventManager : Event: ======'slide_base.slide_player-mode_base_started_active'====== Args={'_from_bcp': True}
2023-02-11 19:58:47,967 : INFO : EventManager : Event: ======'ball_start_target'====== Args={'target': 'playfield'}
2023-02-11 19:58:47,968 : INFO : ball_device.bd_plunger : Setting up player-controlled eject. Balls: 1, Target: <playfield.playfield>, player_controlled_eject_event: None
2023-02-11 19:58:47,968 : INFO : EventManager : Event: ======'balldevice_balls_available'====== Args={}
2023-02-11 19:58:47,969 : INFO : ball_device.bd_trough : State: waiting_for_target_ready
2023-02-11 19:58:47,969 : INFO : EventManager : Event: ======'balldevice_bd_trough_ball_eject_attempt'====== Args={'balls': 1, 'target': <ball_device.bd_plunger>, 'source': <ball_device.bd_trough>, 'mechanical_eject': True, 'num_attempts': 0}
2023-02-11 19:58:47,969 : INFO : ball_device.bd_plunger : State: waiting_for_ball
2023-02-11 19:58:47,969 : INFO : ball_device.bd_trough : State: ejecting
2023-02-11 19:58:47,970 : INFO : ball_device.bd_trough : Ejecting ball to <ball_device.bd_plunger>
2023-02-11 19:58:47,970 : INFO : EventManager : Event: ======'balldevice_bd_trough_ejecting_ball'====== Args={'balls': 1, 'target': <ball_device.bd_plunger>, 'source': <ball_device.bd_trough>, 'mechanical_eject': True, 'num_attempts': 0}
2023-02-11 19:58:47,971 : INFO : ball_device.bd_trough : Wait for ball to leave device
2023-02-11 19:58:47,971 : INFO : coil.c_trough_eject : Pulsing Driver for 10ms (1.0 pulse_power)
2023-02-11 19:58:50,321 : INFO : SwitchController : <<<<<<< 's_plunger' active >>>>>>>
2023-02-11 19:58:50,321 : INFO : EventManager : Event: ======'machine_var_audits_switches_s_plunger'====== Args={'value': 41, 'prev_value': 40, 'change': 1}
2023-02-11 19:58:50,830 : INFO : ball_device.bd_plunger : Received unexpected ball
2023-02-11 19:58:50,830 : INFO : EventManager : Event: ======'balldevice_captured_from_playfield'====== Args={'balls': 1}
2023-02-11 19:58:50,832 : INFO : EventManager : Event: ======'sw_playfield_active'====== Args={'balls': 1}
2023-02-11 19:58:50,832 : INFO : EventManager : Event: ======'playfield_active'====== Args={}
2023-02-11 19:58:50,832 : INFO : EventManager : Event: ======'unexpected_ball_on_playfield'====== Args={}
2023-02-11 19:58:50,833 : INFO : EventManager : Event: ======'playfield_ball_count_change'====== Args={'balls': -1, 'change': -1}
2023-02-11 19:58:50,833 : INFO : EventManager : Event: ======'balldevice_playfield_ball_enter'====== Args={'new_balls': 1, 'unclaimed_balls': 1, 'device': <playfield.playfield>}
2023-02-11 19:58:50,834 : INFO : EventManager : Event: ======'playfield_ball_count_change'====== Args={'balls': 0, 'change': 1}
2023-02-11 19:58:50,834 : INFO : BallController : Found a new ball which was captured from playfield. Known balls: 2
2023-02-11 19:58:50,834 : INFO : EventManager : Event: ======'found_new_ball'====== Args={}
2023-02-11 19:58:50,834 : INFO : EventManager : Event: ======'balldevice_bd_plunger_ball_enter'====== Args={'new_balls': 1, 'unclaimed_balls': 1, 'new_available_balls': 1, 'device': <ball_device.bd_plunger>}
2023-02-11 19:58:50,834 : INFO : ball_device.bd_plunger : Ejecting 1 unexpected balls using path deque([<ball_device.bd_plunger>, <playfield.playfield>])
2023-02-11 19:58:50,835 : INFO : EventManager : Event: ======'balldevice_balls_available'====== Args={}
2023-02-11 19:58:50,835 : INFO : EventManager : Event: ======'balldevice_balls_available'====== Args={}
2023-02-11 19:58:50,835 : INFO : EventManager : Event: ======'balldevice_bd_plunger_ball_entered'====== Args={'new_balls': 1, 'device': <ball_device.bd_plunger>}
2023-02-11 19:58:50,835 : INFO : EventManager : Event: ======'balldevice_bd_plunger_ball_count_changed'====== Args={'balls': 1}
2023-02-11 19:58:50,835 : INFO : ball_device.bd_plunger : State: waiting_for_target_ready
2023-02-11 19:58:50,835 : INFO : EventManager : Event: ======'balldevice_bd_plunger_ball_eject_attempt'====== Args={'balls': 1, 'target': <playfield.playfield>, 'source': <ball_device.bd_plunger>, 'mechanical_eject': True, 'num_attempts': 0}
2023-02-11 19:58:50,836 : INFO : ball_device.bd_plunger : State: ejecting
2023-02-11 19:58:50,836 : INFO : ball_device.bd_plunger : Ejecting ball to <playfield.playfield>
2023-02-11 19:58:50,836 : INFO : EventManager : Event: ======'balldevice_bd_plunger_ejecting_ball'====== Args={'balls': 1, 'target': <playfield.playfield>, 'source': <ball_device.bd_plunger>, 'mechanical_eject': True, 'num_attempts': 0}
2023-02-11 19:58:50,837 : INFO : ball_device.bd_plunger : Wait for ball to leave device
2023-02-11 19:58:54,193 : INFO : SwitchController : <<<<<<< 's_reentry_left' active >>>>>>>
2023-02-11 19:58:54,194 : INFO : EventManager : Event: ======'s_reentry_left_active'====== Args={}
2023-02-11 19:58:54,194 : INFO : EventManager : Event: ======'sw_playfield_active'====== Args={}
2023-02-11 19:58:54,194 : INFO : EventManager : Event: ======'machine_var_audits_switches_s_reentry_left'====== Args={'value': 136, 'prev_value': 135, 'change': 1}
2023-02-11 19:58:54,204 : INFO : EventManager : Event: ======'player_score'====== Args={'value': 100, 'prev_value': 0, 'change': 100, 'player_num': 1}
2023-02-11 19:58:54,204 : INFO : EventManager : Event: ======'logicblock_reentry_switch_counter_updated'====== Args={'value': 1, 'enabled': True}
2023-02-11 19:58:54,204 : INFO : EventManager : Event: ======'reentry_sound_active'====== Args={'count': 1}
2023-02-11 19:58:54,206 : INFO : EventManager : Event: ======'playfield_active'====== Args={}
2023-02-11 19:58:54,236 : INFO : SwitchController : <<<<<<< 's_reentry_left' inactive >>>>>>>
2023-02-11 19:58:54,236 : INFO : EventManager : Event: ======'s_reentry_left_inactive'====== Args={}
2023-02-11 19:58:55,747 : INFO : SwitchController : <<<<<<< 's_reentry_left' active >>>>>>>
2023-02-11 19:58:55,748 : INFO : EventManager : Event: ======'s_reentry_left_active'====== Args={}
2023-02-11 19:58:55,748 : INFO : EventManager : Event: ======'sw_playfield_active'====== Args={}
2023-02-11 19:58:55,748 : INFO : EventManager : Event: ======'machine_var_audits_switches_s_reentry_left'====== Args={'value': 137, 'prev_value': 136, 'change': 1}
2023-02-11 19:58:55,776 : INFO : EventManager : Event: ======'player_score'====== Args={'value': 200, 'prev_value': 100, 'change': 100, 'player_num': 1}
2023-02-11 19:58:55,777 : INFO : EventManager : Event: ======'logicblock_reentry_switch_counter_updated'====== Args={'value': 2, 'enabled': True}
2023-02-11 19:58:55,777 : INFO : EventManager : Event: ======'reentry_sound_active'====== Args={'count': 2}
2023-02-11 19:58:55,778 : INFO : EventManager : Event: ======'playfield_active'====== Args={}
2023-02-11 19:58:55,855 : INFO : SwitchController : <<<<<<< 's_reentry_left' inactive >>>>>>>
2023-02-11 19:58:55,855 : INFO : EventManager : Event: ======'s_reentry_left_inactive'====== Args={}
2023-02-11 19:58:56,693 : INFO : SwitchController : <<<<<<< 's_reentry_left' active >>>>>>>
2023-02-11 19:58:56,693 : INFO : EventManager : Event: ======'s_reentry_left_active'====== Args={}
2023-02-11 19:58:56,693 : INFO : EventManager : Event: ======'sw_playfield_active'====== Args={}
2023-02-11 19:58:56,694 : INFO : EventManager : Event: ======'machine_var_audits_switches_s_reentry_left'====== Args={'value': 138, 'prev_value': 137, 'change': 1}
2023-02-11 19:58:56,695 : INFO : EventManager : Event: ======'player_score'====== Args={'value': 300, 'prev_value': 200, 'change': 100, 'player_num': 1}
2023-02-11 19:58:56,695 : INFO : EventManager : Event: ======'logicblock_reentry_switch_counter_updated'====== Args={'value': 3, 'enabled': True}
2023-02-11 19:58:56,695 : INFO : EventManager : Event: ======'reentry_sound_active'====== Args={'count': 3}
2023-02-11 19:58:56,696 : INFO : EventManager : Event: ======'playfield_active'====== Args={}
2023-02-11 19:58:56,780 : INFO : SwitchController : <<<<<<< 's_reentry_left' inactive >>>>>>>
2023-02-11 19:58:56,780 : INFO : EventManager : Event: ======'s_reentry_left_inactive'====== Args={}
2023-02-11 19:58:57,318 : INFO : SwitchController : <<<<<<< 's_reentry_left' active >>>>>>>
2023-02-11 19:58:57,318 : INFO : EventManager : Event: ======'s_reentry_left_active'====== Args={}
2023-02-11 19:58:57,318 : INFO : EventManager : Event: ======'sw_playfield_active'====== Args={}
2023-02-11 19:58:57,318 : INFO : EventManager : Event: ======'machine_var_audits_switches_s_reentry_left'====== Args={'value': 139, 'prev_value': 138, 'change': 1}
2023-02-11 19:58:57,319 : INFO : EventManager : Event: ======'player_score'====== Args={'value': 400, 'prev_value': 300, 'change': 100, 'player_num': 1}
2023-02-11 19:58:57,319 : INFO : EventManager : Event: ======'logicblock_reentry_switch_counter_updated'====== Args={'value': 4, 'enabled': True}
2023-02-11 19:58:57,319 : INFO : EventManager : Event: ======'reentry_sound_active'====== Args={'count': 4}
2023-02-11 19:58:57,319 : INFO : EventManager : Event: ======'playfield_active'====== Args={}
2023-02-11 19:58:57,408 : INFO : SwitchController : <<<<<<< 's_reentry_left' inactive >>>>>>>
2023-02-11 19:58:57,408 : INFO : EventManager : Event: ======'s_reentry_left_inactive'====== Args={}
2023-02-11 19:58:57,881 : INFO : SwitchController : <<<<<<< 's_reentry_left' active >>>>>>>
2023-02-11 19:58:57,881 : INFO : EventManager : Event: ======'s_reentry_left_active'====== Args={}
2023-02-11 19:58:57,881 : INFO : EventManager : Event: ======'sw_playfield_active'====== Args={}
2023-02-11 19:58:57,881 : INFO : EventManager : Event: ======'machine_var_audits_switches_s_reentry_left'====== Args={'value': 140, 'prev_value': 139, 'change': 1}
2023-02-11 19:58:57,882 : INFO : EventManager : Event: ======'player_score'====== Args={'value': 500, 'prev_value': 400, 'change': 100, 'player_num': 1}
2023-02-11 19:58:57,883 : INFO : EventManager : Event: ======'logicblock_reentry_switch_counter_updated'====== Args={'value': 5, 'enabled': True}
2023-02-11 19:58:57,883 : INFO : EventManager : Event: ======'reentry_sound_active'====== Args={'count': 5}
2023-02-11 19:58:57,883 : INFO : EventManager : Event: ======'playfield_active'====== Args={}
2023-02-11 19:58:57,973 : INFO : EventManager : Event: ======'balldevice_bd_trough_ball_eject_failed'====== Args={'target': <ball_device.bd_plunger>, 'balls': 1, 'retry': True, 'num_attempts': 1}
2023-02-11 19:58:57,978 : INFO : ball_device.bd_trough : State: waiting_for_target_ready
2023-02-11 19:58:57,978 : INFO : EventManager : Event: ======'balldevice_bd_trough_ball_eject_attempt'====== Args={'balls': 1, 'target': <ball_device.bd_plunger>, 'source': <ball_device.bd_trough>, 'mechanical_eject': True, 'num_attempts': 1}
2023-02-11 19:58:57,990 : INFO : SwitchController : <<<<<<< 's_reentry_left' inactive >>>>>>>
2023-02-11 19:58:57,991 : INFO : EventManager : Event: ======'s_reentry_left_inactive'====== Args={}
2023-02-11 19:58:58,374 : INFO : SwitchController : <<<<<<< 's_reentry_left' active >>>>>>>
2023-02-11 19:58:58,375 : INFO : EventManager : Event: ======'s_reentry_left_active'====== Args={}
2023-02-11 19:58:58,375 : INFO : EventManager : Event: ======'sw_playfield_active'====== Args={}
2023-02-11 19:58:58,375 : INFO : EventManager : Event: ======'machine_var_audits_switches_s_reentry_left'====== Args={'value': 141, 'prev_value': 140, 'change': 1}
2023-02-11 19:58:58,377 : INFO : EventManager : Event: ======'player_score'====== Args={'value': 600, 'prev_value': 500, 'change': 100, 'player_num': 1}
2023-02-11 19:58:58,378 : INFO : EventManager : Event: ======'logicblock_reentry_switch_counter_updated'====== Args={'value': 6, 'enabled': True}
2023-02-11 19:58:58,378 : INFO : EventManager : Event: ======'reentry_sound_active'====== Args={'count': 6}
2023-02-11 19:58:58,378 : INFO : EventManager : Event: ======'playfield_active'====== Args={}
2023-02-11 19:58:58,448 : INFO : SwitchController : <<<<<<< 's_reentry_left' inactive >>>>>>>
2023-02-11 19:58:58,448 : INFO : EventManager : Event: ======'s_reentry_left_inactive'====== Args={}
2023-02-11 19:59:02,743 : INFO : SwitchController : <<<<<<< 's_trough1' inactive >>>>>>>
2023-02-11 19:59:09,827 : INFO : SwitchController : <<<<<<< 's_plunger' inactive >>>>>>>
2023-02-11 19:59:09,846 : INFO : ball_device.bd_plunger : State: ball_left
2023-02-11 19:59:09,846 : INFO : ball_device.bd_plunger : Ball left
2023-02-11 19:59:09,846 : INFO : ball_device.bd_plunger : Wait for confirm with timeout 10.0
2023-02-11 19:59:11,547 : INFO : SwitchController : <<<<<<< 's_trough1' active >>>>>>>
2023-02-11 19:59:11,547 : INFO : EventManager : Event: ======'machine_var_audits_switches_s_trough1'====== Args={'value': 19, 'prev_value': 18, 'change': 1}
2023-02-11 19:59:12,267 : INFO : SwitchController : <<<<<<< 's_plunger' active >>>>>>>
2023-02-11 19:59:12,268 : INFO : EventManager : Event: ======'machine_var_audits_switches_s_plunger'====== Args={'value': 42, 'prev_value': 41, 'change': 1}
2023-02-11 19:59:15,794 : INFO : SwitchController : <<<<<<< 's_reentry_left' active >>>>>>>
2023-02-11 19:59:15,794 : INFO : EventManager : Event: ======'s_reentry_left_active'====== Args={}
2023-02-11 19:59:15,794 : INFO : EventManager : Event: ======'sw_playfield_active'====== Args={}
2023-02-11 19:59:15,794 : INFO : EventManager : Event: ======'machine_var_audits_switches_s_reentry_left'====== Args={'value': 142, 'prev_value': 141, 'change': 1}
2023-02-11 19:59:15,810 : INFO : EventManager : Event: ======'player_score'====== Args={'value': 700, 'prev_value': 600, 'change': 100, 'player_num': 1}
2023-02-11 19:59:15,811 : INFO : EventManager : Event: ======'logicblock_reentry_switch_counter_updated'====== Args={'value': 7, 'enabled': True}
2023-02-11 19:59:15,811 : INFO : EventManager : Event: ======'reentry_sound_active'====== Args={'count': 7}
2023-02-11 19:59:15,811 : INFO : EventManager : Event: ======'playfield_active'====== Args={}
2023-02-11 19:59:15,821 : INFO : ball_device.bd_plunger : Got eject confirm
2023-02-11 19:59:15,821 : INFO : ball_device.bd_plunger : Eject successful
2023-02-11 19:59:15,821 : INFO : EventManager : Event: ======'balldevice_bd_plunger_ball_eject_success'====== Args={'balls': 1, 'target': <playfield.playfield>}
2023-02-11 19:59:15,821 : INFO : EventManager : Event: ======'balldevice_playfield_ball_enter'====== Args={'new_balls': 1, 'unclaimed_balls': 1, 'device': <playfield.playfield>}
2023-02-11 19:59:15,821 : INFO : EventManager : Event: ======'playfield_ball_count_change'====== Args={'balls': 1, 'change': 1}
2023-02-11 19:59:15,822 : INFO : EventManager : Event: ======'balldevice_bd_plunger_ball_count_changed'====== Args={'balls': 0}
2023-02-11 19:59:15,822 : INFO : ball_device.bd_plunger : State: idle
2023-02-11 19:59:15,823 : INFO : EventManager : Event: ======'balldevice_bd_plunger_ball_count_changed'====== Args={'balls': 1}
2023-02-11 19:59:15,823 : INFO : ball_device.bd_plunger : Received unexpected ball
2023-02-11 19:59:15,823 : INFO : EventManager : Event: ======'balldevice_captured_from_playfield'====== Args={'balls': 1}
2023-02-11 19:59:15,823 : INFO : EventManager : Event: ======'sw_playfield_active'====== Args={'balls': 1}
2023-02-11 19:59:15,823 : INFO : EventManager : Event: ======'playfield_ball_count_change'====== Args={'balls': 0, 'change': -1}
2023-02-11 19:59:15,824 : INFO : EventManager : Event: ======'balldevice_bd_plunger_ball_enter'====== Args={'new_balls': 1, 'unclaimed_balls': 1, 'new_available_balls': 1, 'device': <ball_device.bd_plunger>}
2023-02-11 19:59:15,824 : INFO : ball_device.bd_plunger : Ejecting 1 unexpected balls using path deque([<ball_device.bd_plunger>, <playfield.playfield>])
2023-02-11 19:59:15,824 : INFO : EventManager : Event: ======'balldevice_balls_available'====== Args={}
2023-02-11 19:59:15,824 : INFO : EventManager : Event: ======'balldevice_balls_available'====== Args={}
2023-02-11 19:59:15,824 : INFO : EventManager : Event: ======'balldevice_bd_plunger_ball_entered'====== Args={'new_balls': 1, 'device': <ball_device.bd_plunger>}
2023-02-11 19:59:15,825 : INFO : ball_device.bd_plunger : State: waiting_for_target_ready
2023-02-11 19:59:15,825 : INFO : EventManager : Event: ======'balldevice_bd_plunger_ball_eject_attempt'====== Args={'balls': 1, 'target': <playfield.playfield>, 'source': <ball_device.bd_plunger>, 'mechanical_eject': False, 'num_attempts': 0}
2023-02-11 19:59:15,826 : INFO : ball_device.bd_plunger : State: ejecting
2023-02-11 19:59:15,826 : INFO : ball_device.bd_plunger : Ejecting ball to <playfield.playfield>
2023-02-11 19:59:15,826 : INFO : EventManager : Event: ======'balldevice_bd_plunger_ejecting_ball'====== Args={'balls': 1, 'target': <playfield.playfield>, 'source': <ball_device.bd_plunger>, 'mechanical_eject': False, 'num_attempts': 0}
2023-02-11 19:59:15,827 : INFO : ball_device.bd_plunger : Wait for ball to leave device
2023-02-11 19:59:15,908 : INFO : SwitchController : <<<<<<< 's_reentry_left' inactive >>>>>>>
2023-02-11 19:59:15,909 : INFO : EventManager : Event: ======'s_reentry_left_inactive'====== Args={}
2023-02-11 19:59:19,473 : INFO : SwitchController : <<<<<<< 's_trough1' inactive >>>>>>>
2023-02-11 19:59:21,315 : INFO : SwitchController : <<<<<<< 's_plunger' inactive >>>>>>>
2023-02-11 19:59:21,322 : INFO : ball_device.bd_plunger : State: ball_left
2023-02-11 19:59:21,322 : INFO : ball_device.bd_plunger : Ball left
2023-02-11 19:59:21,322 : INFO : ball_device.bd_plunger : Wait for confirm with timeout 10.0
2023-02-11 19:59:31,310 : INFO : ball_device.bd_plunger : State: failed_confirm
2023-02-11 19:59:31,311 : INFO : ball_device.bd_plunger : Got timeout (10.0s) before confirm from <playfield.playfield>
2023-02-11 19:59:31,404 : INFO : ball_device.bd_plunger : Confirming eject because target is playfield and ball did not return.
2023-02-11 19:59:31,404 : INFO : ball_device.bd_plunger : Eject successful
2023-02-11 19:59:31,404 : INFO : EventManager : Event: ======'balldevice_bd_plunger_ball_eject_success'====== Args={'balls': 1, 'target': <playfield.playfield>}
2023-02-11 19:59:31,405 : INFO : EventManager : Event: ======'balldevice_playfield_ball_enter'====== Args={'new_balls': 1, 'unclaimed_balls': 1, 'device': <playfield.playfield>}
2023-02-11 19:59:31,406 : INFO : EventManager : Event: ======'playfield_ball_count_change'====== Args={'balls': 1, 'change': 1}
2023-02-11 19:59:31,407 : INFO : EventManager : Event: ======'balldevice_bd_plunger_ball_count_changed'====== Args={'balls': 0}
2023-02-11 19:59:31,407 : INFO : ball_device.bd_plunger : State: idle
2023-02-11 19:59:31,409 : INFO : ball_device.bd_trough : State: ejecting
2023-02-11 19:59:31,409 : INFO : ball_device.bd_trough : Ejecting ball to <ball_device.bd_plunger>
2023-02-11 19:59:31,409 : INFO : EventManager : Event: ======'balldevice_bd_trough_ejecting_ball'====== Args={'balls': 1, 'target': <ball_device.bd_plunger>, 'source': <ball_device.bd_trough>, 'mechanical_eject': True, 'num_attempts': 1}
2023-02-11 19:59:31,415 : WARNING : ball_device.bd_trough : No switch is active. Cannot wait on empty list.
2023-02-11 19:59:31,415 : INFO : ball_device.bd_trough : Wait for ball to leave device
2023-02-11 19:59:31,416 : INFO : coil.c_trough_eject : Pulsing Driver for 10ms (1.0 pulse_power)
2023-02-11 19:59:31,417 : INFO : ball_device.bd_plunger : State: waiting_for_ball
2023-02-11 19:59:31,420 : INFO : ball_device.bd_trough : State: ball_left
2023-02-11 19:59:31,420 : INFO : ball_device.bd_trough : Ball left
2023-02-11 19:59:31,420 : INFO : ball_device.bd_trough : Wait for confirm with timeout 10.0
2023-02-11 19:59:41,412 : INFO : ball_device.bd_trough : State: failed_confirm
2023-02-11 19:59:41,412 : INFO : ball_device.bd_trough : Got timeout (10.0s) before confirm from <ball_device.bd_plunger>
2023-02-11 19:59:41,414 : INFO : ball_device.bd_plunger : Expecting incoming ball which may skip the device.
2023-02-11 19:59:41,414 : INFO : EventManager : Event: ======'balldevice_bd_plunger_ejecting_ball'====== Args={'balls': 1, 'target': <playfield.playfield>, 'source': <ball_device.bd_plunger>, 'mechanical_eject': False, 'num_attempts': 1}
2023-02-11 19:59:51,402 : INFO : ball_device.bd_plunger : Got confirm for skipping ball.
2023-02-11 19:59:51,402 : INFO : ball_device.bd_plunger : Eject successful
2023-02-11 19:59:51,402 : INFO : EventManager : Event: ======'balldevice_bd_plunger_ball_eject_success'====== Args={'balls': 1, 'target': <playfield.playfield>}
2023-02-11 19:59:51,403 : INFO : EventManager : Event: ======'balldevice_playfield_ball_enter'====== Args={'new_balls': 1, 'unclaimed_balls': 1, 'device': <playfield.playfield>}
2023-02-11 19:59:51,403 : INFO : EventManager : Event: ======'playfield_ball_count_change'====== Args={'balls': 2, 'change': 1}
2023-02-11 19:59:51,404 : INFO : ball_device.bd_plunger : State: idle
2023-02-11 19:59:51,405 : INFO : ball_device.bd_trough : Eject successful
2023-02-11 19:59:51,405 : INFO : EventManager : Event: ======'balldevice_bd_trough_ball_eject_success'====== Args={'balls': 1, 'target': <ball_device.bd_plunger>}
2023-02-11 19:59:51,406 : INFO : EventManager : Event: ======'balldevice_bd_trough_ball_count_changed'====== Args={'balls': 0}
2023-02-11 19:59:51,406 : INFO : ball_device.bd_trough : State: idle
2023-02-11 21:16:01,057 : INFO : SwitchController : <<<<<<< 's_reentry_left' active >>>>>>>
2023-02-11 21:16:01,058 : INFO : EventManager : Event: ======'s_reentry_left_active'====== Args={}
2023-02-11 21:16:01,058 : INFO : EventManager : Event: ======'sw_playfield_active'====== Args={}
2023-02-11 21:16:01,059 : INFO : EventManager : Event: ======'machine_var_audits_switches_s_reentry_left'====== Args={'value': 143, 'prev_value': 142, 'change': 1}
2023-02-11 21:16:01,069 : INFO : EventManager : Event: ======'player_score'====== Args={'value': 800, 'prev_value': 700, 'change': 100, 'player_num': 1}
2023-02-11 21:16:01,069 : INFO : EventManager : Event: ======'logicblock_reentry_switch_counter_updated'====== Args={'value': 8, 'enabled': True}
2023-02-11 21:16:01,069 : INFO : EventManager : Event: ======'reentry_sound_active'====== Args={'count': 8}
2023-02-11 21:16:02,086 : INFO : SwitchController : <<<<<<< 's_reentry_left' inactive >>>>>>>
2023-02-11 21:16:02,086 : INFO : EventManager : Event: ======'s_reentry_left_inactive'====== Args={}
2023-02-11 21:16:02,909 : INFO : SwitchController : <<<<<<< 's_reentry_left' active >>>>>>>
2023-02-11 21:16:02,909 : INFO : EventManager : Event: ======'s_reentry_left_active'====== Args={}
2023-02-11 21:16:02,909 : INFO : EventManager : Event: ======'sw_playfield_active'====== Args={}
2023-02-11 21:16:02,910 : INFO : EventManager : Event: ======'machine_var_audits_switches_s_reentry_left'====== Args={'value': 144, 'prev_value': 143, 'change': 1}
2023-02-11 21:16:02,922 : INFO : EventManager : Event: ======'player_score'====== Args={'value': 900, 'prev_value': 800, 'change': 100, 'player_num': 1}
2023-02-11 21:16:02,922 : INFO : EventManager : Event: ======'logicblock_reentry_switch_counter_updated'====== Args={'value': 9, 'enabled': True}
2023-02-11 21:16:02,922 : INFO : EventManager : Event: ======'reentry_sound_active'====== Args={'count': 9}
2023-02-11 21:16:03,466 : INFO : SwitchController : <<<<<<< 's_reentry_left' inactive >>>>>>>
2023-02-11 21:16:03,467 : INFO : EventManager : Event: ======'s_reentry_left_inactive'====== Args={}
2023-02-11 21:16:08,413 : INFO : Machine : Shutting down...
2023-02-11 21:16:08,414 : INFO : EventManager : Event: ======'shutdown'====== Args={}
2023-02-11 21:16:08,424 : ERROR : OPP : Stop called on serial connection com5
2023-02-11 21:16:08,424 : ERROR : OPP : Stop called on serial connection com4
2023-02-11 21:16:08,433 : INFO : root : MPF run loop ended.
