2023-01-28 12:36:32,088 : kivy : Factory: 186 symbols loaded
2023-01-28 12:36:32,528 : kivy : ImageLoaderFFPy: Using ffpyplayer 4.3.2
2023-01-28 12:36:32,528 : kivy : Image: Providers: img_tex, img_dds, img_sdl2, img_pil, img_ffpyplayer 
2023-01-28 12:36:32,750 : kivy : VideoGstplayer: Using Gstreamer 1.18.0.0
2023-01-28 12:36:32,750 : kivy : Video: Provider: gstplayer
2023-01-28 12:36:32,999 : kivy : Loading MPF-MC controller
2023-01-28 12:36:33,290 : ConfigProcessor : Config spec file cache created: C:\Users\student\AppData\Local\Temp\config_spec.mpf_cache
2023-01-28 12:36:33,305 : YamlMultifileConfigLoader : Machine config file #1: config
2023-01-28 12:36:33,305 : ConfigProcessor : Loading config from file c:\users\student\mpfenv\lib\site-packages\mpfmc\mcconfig.yaml.
2023-01-28 12:36:33,339 : ConfigProcessor : Loading config: c:\users\student\mpfenv\lib\site-packages\mpfmc\mcconfig.yaml
2023-01-28 12:36:33,340 : ConfigProcessor : Loading config from file C:\Users\student\pinball\test2\config\config.
2023-01-28 12:36:33,383 : ConfigProcessor : Loading config: C:\Users\student\pinball\test2\config\config
2023-01-28 12:36:33,384 : ConfigProcessor : Config file cache created: C:\Users\student\AppData\Local\Temp\d5bf1cd80b532283679f164b35c8605d.mpf_cache
2023-01-28 12:36:33,384 : ConfigProcessor : Loading config from file c:\users\student\mpfenv\lib\site-packages\mpf\modes\attract\config\attract.yaml.
2023-01-28 12:36:33,386 : ConfigProcessor : Loading config: c:\users\student\mpfenv\lib\site-packages\mpf\modes\attract\config\attract.yaml
2023-01-28 12:36:33,386 : ConfigProcessor : Config file cache created: C:\Users\student\AppData\Local\Temp\7315f14db5aa651883463bde45465327.mpf_cache
2023-01-28 12:36:33,386 : ConfigProcessor : Loading config from file c:\users\student\mpfenv\lib\site-packages\mpf\modes\game\config\game.yaml.
2023-01-28 12:36:33,388 : ConfigProcessor : Loading config: c:\users\student\mpfenv\lib\site-packages\mpf\modes\game\config\game.yaml
2023-01-28 12:36:33,388 : ConfigProcessor : Config file cache created: C:\Users\student\AppData\Local\Temp\8696bd5a5a040ff67990be11cb4d3c0c.mpf_cache
2023-01-28 12:36:33,389 : mpfmc : Mission Pinball Framework Media Controller v0.55.0
2023-01-28 12:36:33,389 : mpfmc : Mission Pinball Framework Game Engine v0.55.0
2023-01-28 12:36:33,389 : mpfmc : Machine path: C:\Users\student\pinball\test2
2023-01-28 12:36:33,389 : mpfmc : Starting clock at 60.0Hz
2023-01-28 12:36:33,478 : kivy : Text: Provider: sdl2
2023-01-28 12:36:33,566 : kivy : Window: Provider: sdl2
2023-01-28 12:36:34,043 : kivy : GL: Using the "OpenGL" graphics system
2023-01-28 12:36:34,048 : kivy : GL: GLEW initialization succeeded
2023-01-28 12:36:34,049 : kivy : GL: Backend used <glew>
2023-01-28 12:36:34,049 : kivy : GL: OpenGL version <b'4.6.13543 Compatibility Profile Context 25.20.15006.9'>
2023-01-28 12:36:34,049 : kivy : GL: OpenGL vendor <b'ATI Technologies Inc.'>
2023-01-28 12:36:34,050 : kivy : GL: OpenGL renderer <b'Radeon RX Vega M GL Graphics'>
2023-01-28 12:36:34,050 : kivy : GL: OpenGL parsed version: 4, 6
2023-01-28 12:36:34,050 : kivy : GL: Shading version <b'4.60'>
2023-01-28 12:36:34,050 : kivy : GL: Texture max size <16384>
2023-01-28 12:36:34,050 : kivy : GL: Texture max units <32>
2023-01-28 12:36:34,090 : kivy : Window: auto add sdl2 input provider
2023-01-28 12:36:34,090 : kivy : Window: virtual keyboard not allowed, single mode, not docked
2023-01-28 12:36:35,593 : AudioInterface : Initialized
2023-01-28 12:36:35,593 : AudioInterface : Loaded SDL 2.0.12
2023-01-28 12:36:35,593 : AudioInterface : Loaded SDL_Mixer 2.0.4
2023-01-28 12:36:35,593 : AudioInterface : Loaded GStreamer 1.18.0.0
2023-01-28 12:36:35,594 : AudioInterface : Loaded GLib 2.62.6
2023-01-28 12:36:35,594 : AudioInterface : Settings requested - rate: 44100, channels: 1, buffer: 2048 samples
2023-01-28 12:36:35,594 : AudioInterface : Settings in use - rate: 44100, channels: 1, buffer: 2048 samples (4096 bytes @ 2 bytes per sample)
2023-01-28 12:36:35,594 : SoundSystem : Setting master volume to 0.0
2023-01-28 12:36:35,595 : SoundSystem : master_volume in sound_system is deprecated and will be removed in the future.
2023-01-28 12:36:35,595 : AudioInterface : Enabling audio playback
2023-01-28 12:36:35,596 : kivy : Base: Start application main loop
2023-01-28 12:36:35,597 : EventManager : Event: ======'display_window_initialized'====== Args={}
2023-01-28 12:36:35,614 : mpfmc : Display: Setting 'window' as default display
2023-01-28 12:36:35,620 : EventManager : Event: ======'displays_initialized'====== Args={}
2023-01-28 12:36:35,621 : EventManager : Event: ======'slide_window_blank_created'====== Args={}
2023-01-28 12:36:35,621 : EventManager : Event: ======'display_window_ready'====== Args={}
2023-01-28 12:36:35,632 : EventManager : Event: ======'init_phase_1'====== Args={}
2023-01-28 12:36:35,636 : EventManager : Event: ======'mc_ready'====== Args={}
2023-01-28 12:36:35,636 : EventManager : Event: ======'init_phase_2'====== Args={}
2023-01-28 12:36:35,637 : EventManager : Event: ======'init_phase_3'====== Args={}
2023-01-28 12:36:35,639 : EventManager : Event: ======'init_phase_4'====== Args={}
2023-01-28 12:36:35,639 : EventManager : Event: ======'init_phase_5'====== Args={}
2023-01-28 12:36:35,639 : EventManager : Event: ======'init_done'====== Args={}
2023-01-28 12:36:35,639 : MPF-MC BCP Server : Starting up on localhost port 5050
2023-01-28 12:36:35,644 : MPF-MC BCP Server : Waiting for a connection...
2023-01-28 12:36:35,644 : mpfmc : SlidePlayer: Play called with settings={'slides': {welcome_slide-None-None: {'priority': None, 'target': None, 'background_color': [0.0, 0.0, 0.0, 1.0], 'show': True, 'force': False, 'expire': None, 'slide': None, 'tokens': {}, 'action': 'play', 'transition': None, 'transition_out': None}}}
2023-01-28 12:36:35,656 : kivy : GL: NPOT texture support is available
2023-01-28 12:36:35,657 : EventManager : Event: ======'slide_welcome_slide_created'====== Args={}
2023-01-28 12:36:35,659 : EventManager : Event: ======'slide_welcome_slide_active'====== Args={}
2023-01-28 12:36:35,673 : EventManager : Event: ======'client_disconnected'====== Args={'host': '127.0.0.1', 'port': 5050}
2023-01-28 12:36:48,665 : kivy : Base: Leaving application in progress...
