2023-02-10 12:08:41,273 : INFO : root : Loading config.
2023-02-10 12:08:41,601 : INFO : ConfigProcessor : Config spec file cache created: C:\Users\student\AppData\Local\Temp\config_spec.mpf_cache
2023-02-10 12:08:41,601 : INFO : YamlMultifileConfigLoader : Machine config file #1: config.yaml
2023-02-10 12:08:41,601 : INFO : ConfigProcessor : Loading config from file c:\users\student\mpfenv\lib\site-packages\mpf\mpfconfig.yaml.
2023-02-10 12:08:41,678 : INFO : ConfigProcessor : Loading config: c:\users\student\mpfenv\lib\site-packages\mpf\mpfconfig.yaml
2023-02-10 12:08:41,679 : INFO : ConfigProcessor : Loading config from file C:\Users\student\pinball\cobraPinTest1\config\config.yaml.
2023-02-10 12:08:41,708 : INFO : ConfigProcessor : Loading config: C:\Users\student\pinball\cobraPinTest1\config\config.yaml
2023-02-10 12:08:41,710 : INFO : ConfigProcessor : Config file cache created: C:\Users\student\AppData\Local\Temp\f1427cd4cbc9163bc2263f349f0fb463.mpf_cache
2023-02-10 12:08:41,781 : INFO : ConfigProcessor : Loading config from file c:\users\student\mpfenv\lib\site-packages\mpf\modes\attract\config\attract.yaml.
2023-02-10 12:08:41,783 : INFO : ConfigProcessor : Loading config: c:\users\student\mpfenv\lib\site-packages\mpf\modes\attract\config\attract.yaml
2023-02-10 12:08:41,783 : INFO : ConfigProcessor : Config file cache created: C:\Users\student\AppData\Local\Temp\7315f14db5aa651883463bde45465327.mpf_cache
2023-02-10 12:08:41,784 : INFO : ConfigProcessor : Loading config from file c:\users\student\mpfenv\lib\site-packages\mpf\modes\game\config\game.yaml.
2023-02-10 12:08:41,786 : INFO : ConfigProcessor : Loading config: c:\users\student\mpfenv\lib\site-packages\mpf\modes\game\config\game.yaml
2023-02-10 12:08:41,786 : INFO : ConfigProcessor : Config file cache created: C:\Users\student\AppData\Local\Temp\8696bd5a5a040ff67990be11cb4d3c0c.mpf_cache
2023-02-10 12:08:41,787 : INFO : ConfigProcessor : Loading config from file C:\Users\student\pinball\cobraPinTest1\modes\base\config\base.yaml.
2023-02-10 12:08:41,791 : INFO : ConfigProcessor : Loading config: C:\Users\student\pinball\cobraPinTest1\modes\base\config\base.yaml
2023-02-10 12:08:41,792 : INFO : ConfigProcessor : Config file cache created: C:\Users\student\AppData\Local\Temp\4675a535c8328a9c278c807d999ed109.mpf_cache
2023-02-10 12:08:41,792 : INFO : Machine : Mission Pinball Framework Core Engine v0.55.0
2023-02-10 12:08:41,792 : INFO : Machine : Command line arguments: {'no_load_cache': True, 'create_config_cache': True, 'bcp': True, 'configfile': ['config.yaml'], 'force_assets_load': False, 'jsonlogging': False, 'logfile': 'logs\\2023-02-10-12-08-41-mpf-DESKTOP-0JH7ARL.log', 'pause': False, 'production': False, 'text_ui': True, 'loglevel': 15, 'consoleloglevel': 20, 'force_platform': None, 'syslog_address': None, 'mc_file_name': None, 'no_sound': False}
2023-02-10 12:08:41,793 : INFO : Machine : MPF path: c:\users\student\mpfenv\lib\site-packages\mpf
2023-02-10 12:08:41,793 : INFO : Machine : Machine path: C:\Users\student\pinball\cobraPinTest1
2023-02-10 12:08:41,793 : INFO : Machine : Platform: win32
2023-02-10 12:08:41,793 : INFO : Machine : Python executable location: c:\users\student\mpfenv\scripts\python.exe
2023-02-10 12:08:41,793 : INFO : Machine : Python version: 3.7.8 (64-bit)
2023-02-10 12:08:41,795 : INFO : Machine : Initialise MPF.
2023-02-10 12:08:42,109 : INFO : OPP : Connecting to com4 at 115200bps
2023-02-10 12:08:42,290 : INFO : OPP : Init of OPP board 0 done
2023-02-10 12:08:42,290 : INFO : OPP : Connecting to com5 at 115200bps
2023-02-10 12:08:42,384 : INFO : OPP : Init of OPP board 1 done
2023-02-10 12:08:42,385 : INFO : EventManager : Event: ======'machine_var_credits_string'====== Args={'value': 'FREE PLAY', 'prev_value': None, 'change': True}
2023-02-10 12:08:42,430 : INFO : EventManager : Event: ======'machine_var_master_volume'====== Args={'value': 0.5, 'prev_value': None, 'change': True}
2023-02-10 12:08:42,430 : INFO : EventManager : Event: ======'machine_var_mpf_version'====== Args={'value': 'MPF v0.55.0', 'prev_value': None, 'change': True}
2023-02-10 12:08:42,430 : INFO : EventManager : Event: ======'machine_var_mpf_extended_version'====== Args={'value': 'MPF v0.55.0, Config version:5, Show version: 5, BCP version:1.1', 'prev_value': None, 'change': True}
2023-02-10 12:08:42,430 : INFO : EventManager : Event: ======'machine_var_python_version'====== Args={'value': '3.7.8', 'prev_value': None, 'change': True}
2023-02-10 12:08:42,431 : INFO : EventManager : Event: ======'machine_var_platform'====== Args={'value': 'Windows-10-10.0.19041-SP0', 'prev_value': None, 'change': True}
2023-02-10 12:08:42,431 : INFO : EventManager : Event: ======'machine_var_platform_system'====== Args={'value': 'Windows', 'prev_value': None, 'change': True}
2023-02-10 12:08:42,431 : INFO : EventManager : Event: ======'machine_var_platform_release'====== Args={'value': '10', 'prev_value': None, 'change': True}
2023-02-10 12:08:42,431 : INFO : EventManager : Event: ======'machine_var_platform_version'====== Args={'value': '10.0.19041', 'prev_value': None, 'change': True}
2023-02-10 12:08:42,431 : INFO : EventManager : Event: ======'machine_var_platform_machine'====== Args={'value': 'AMD64', 'prev_value': None, 'change': True}
2023-02-10 12:08:42,431 : INFO : EventManager : Event: ======'init_phase_1'====== Args={}
2023-02-10 12:08:42,449 : INFO : EventManager : Event: ======'logicblock_reentry_switch_counter_updated'====== Args={'value': 0, 'enabled': True}
2023-02-10 12:08:42,449 : INFO : EventManager : Event: ======'logicblock_reentry_switch_counter_updated'====== Args={'value': 0, 'enabled': True}
2023-02-10 12:08:42,450 : INFO : EventManager : Event: ======'init_phase_2'====== Args={}
2023-02-10 12:08:42,451 : INFO : SwitchController : Found active switch: ('0-0-8', <Platform.OPP>) <switch.s_trough1>
2023-02-10 12:08:42,454 : INFO : EventManager : Event: ======'bcp_connection_attempt'====== Args={'name': 'local_display', 'host': 'localhost', 'port': 5050}
2023-02-10 12:08:42,456 : INFO : BCPClientSocket : Connecting BCP to 'local_display' at localhost:5050...
2023-02-10 12:08:44,504 : INFO : BCPClientSocket : Connected BCP to 'local_display' localhost:5050
2023-02-10 12:08:44,506 : INFO : EventManager : Event: ======'bcp_clients_connected'====== Args={}
2023-02-10 12:08:44,519 : INFO : ball_device.bd_trough : BCH: Initial count: 1
2023-02-10 12:08:44,519 : INFO : EventManager : Event: ======'machine_var_mc_version'====== Args={'value': 'MPF-MC v0.55.0', 'prev_value': None, 'change': True}
2023-02-10 12:08:44,519 : INFO : EventManager : Event: ======'machine_var_mc_extended_version'====== Args={'value': 'MPF-MC v0.55.0 (config_version=5, BCP v1.1, Requires MPF v0.55.0-dev.49)', 'prev_value': None, 'change': True}
2023-02-10 12:08:44,521 : INFO : ball_device.bd_trough : State: idle
2023-02-10 12:08:44,536 : INFO : ball_device.bd_plunger : BCH: Initial count: 0
2023-02-10 12:08:44,536 : INFO : ball_device.bd_plunger : State: idle
2023-02-10 12:08:44,591 : INFO : EventManager : Event: ======'init_phase_3'====== Args={}
2023-02-10 12:08:44,594 : INFO : EventManager : Event: ======'init_phase_4'====== Args={}
2023-02-10 12:08:44,594 : INFO : BallController : Initial balls found: 1
2023-02-10 12:08:44,595 : INFO : EventManager : Event: ======'machine_var_audits_events_game_ended'====== Args={'value': 0, 'prev_value': None, 'change': True}
2023-02-10 12:08:44,596 : INFO : EventManager : Event: ======'machine_var_audits_events_game_started'====== Args={'value': 0, 'prev_value': None, 'change': True}
2023-02-10 12:08:44,596 : INFO : EventManager : Event: ======'machine_var_audits_player_score'====== Args={'value': {'average': 0, 'top': [], 'total': 0}, 'prev_value': None, 'change': True}
2023-02-10 12:08:44,596 : INFO : EventManager : Event: ======'machine_var_audits_switches_s_blackhole_kicker'====== Args={'value': 0, 'prev_value': None, 'change': True}
2023-02-10 12:08:44,597 : INFO : EventManager : Event: ======'machine_var_audits_switches_s_bonus_lane'====== Args={'value': 0, 'prev_value': None, 'change': True}
2023-02-10 12:08:44,597 : INFO : EventManager : Event: ======'machine_var_audits_switches_s_booster_drop_target_1'====== Args={'value': 0, 'prev_value': None, 'change': True}
2023-02-10 12:08:44,597 : INFO : EventManager : Event: ======'machine_var_audits_switches_s_booster_drop_target_2'====== Args={'value': 0, 'prev_value': None, 'change': True}
2023-02-10 12:08:44,597 : INFO : EventManager : Event: ======'machine_var_audits_switches_s_booster_drop_target_3'====== Args={'value': 0, 'prev_value': None, 'change': True}
2023-02-10 12:08:44,597 : INFO : EventManager : Event: ======'machine_var_audits_switches_s_comet_spot_1'====== Args={'value': 0, 'prev_value': None, 'change': True}
2023-02-10 12:08:44,598 : INFO : EventManager : Event: ======'machine_var_audits_switches_s_comet_spot_2'====== Args={'value': 0, 'prev_value': None, 'change': True}
2023-02-10 12:08:44,598 : INFO : EventManager : Event: ======'machine_var_audits_switches_s_comet_spot_3'====== Args={'value': 0, 'prev_value': None, 'change': True}
2023-02-10 12:08:44,598 : INFO : EventManager : Event: ======'machine_var_audits_switches_s_engine_bumper_1'====== Args={'value': 0, 'prev_value': None, 'change': True}
2023-02-10 12:08:44,598 : INFO : EventManager : Event: ======'machine_var_audits_switches_s_engine_bumper_2'====== Args={'value': 0, 'prev_value': None, 'change': True}
2023-02-10 12:08:44,599 : INFO : EventManager : Event: ======'machine_var_audits_switches_s_engine_bumper_3'====== Args={'value': 0, 'prev_value': None, 'change': True}
2023-02-10 12:08:44,599 : INFO : EventManager : Event: ======'machine_var_audits_switches_s_fuel_chute_1'====== Args={'value': 0, 'prev_value': None, 'change': True}
2023-02-10 12:08:44,599 : INFO : EventManager : Event: ======'machine_var_audits_switches_s_fuel_chute_2'====== Args={'value': 0, 'prev_value': None, 'change': True}
2023-02-10 12:08:44,599 : INFO : EventManager : Event: ======'machine_var_audits_switches_s_fuel_chute_3'====== Args={'value': 0, 'prev_value': None, 'change': True}
2023-02-10 12:08:44,599 : INFO : EventManager : Event: ======'machine_var_audits_switches_s_fuel_chute_4'====== Args={'value': 0, 'prev_value': None, 'change': True}
2023-02-10 12:08:44,600 : INFO : EventManager : Event: ======'machine_var_audits_switches_s_fuel_chute_5'====== Args={'value': 0, 'prev_value': None, 'change': True}
2023-02-10 12:08:44,600 : INFO : EventManager : Event: ======'machine_var_audits_switches_s_fuel_chute_6'====== Args={'value': 0, 'prev_value': None, 'change': True}
2023-02-10 12:08:44,601 : INFO : EventManager : Event: ======'machine_var_audits_switches_s_fuel_flag'====== Args={'value': 0, 'prev_value': None, 'change': True}
2023-02-10 12:08:44,601 : INFO : EventManager : Event: ======'machine_var_audits_switches_s_fuel_spot_1'====== Args={'value': 0, 'prev_value': None, 'change': True}
2023-02-10 12:08:44,602 : INFO : EventManager : Event: ======'machine_var_audits_switches_s_fuel_spot_2'====== Args={'value': 0, 'prev_value': None, 'change': True}
2023-02-10 12:08:44,603 : INFO : EventManager : Event: ======'machine_var_audits_switches_s_fuel_spot_3'====== Args={'value': 0, 'prev_value': None, 'change': True}
2023-02-10 12:08:44,603 : INFO : EventManager : Event: ======'machine_var_audits_switches_s_green_wormhole'====== Args={'value': 0, 'prev_value': None, 'change': True}
2023-02-10 12:08:44,603 : INFO : EventManager : Event: ======'machine_var_audits_switches_s_hyperspace_flag'====== Args={'value': 0, 'prev_value': None, 'change': True}
2023-02-10 12:08:44,604 : INFO : EventManager : Event: ======'machine_var_audits_switches_s_hyperspacekicker'====== Args={'value': 0, 'prev_value': None, 'change': True}
2023-02-10 12:08:44,604 : INFO : EventManager : Event: ======'machine_var_audits_switches_s_launch_lane_1'====== Args={'value': 0, 'prev_value': None, 'change': True}
2023-02-10 12:08:44,605 : INFO : EventManager : Event: ======'machine_var_audits_switches_s_launch_lane_2'====== Args={'value': 0, 'prev_value': None, 'change': True}
2023-02-10 12:08:44,605 : INFO : EventManager : Event: ======'machine_var_audits_switches_s_launch_lane_3'====== Args={'value': 0, 'prev_value': None, 'change': True}
2023-02-10 12:08:44,606 : INFO : EventManager : Event: ======'machine_var_audits_switches_s_launch_ramp'====== Args={'value': 0, 'prev_value': None, 'change': True}
2023-02-10 12:08:44,606 : INFO : EventManager : Event: ======'machine_var_audits_switches_s_left_attack_bumper'====== Args={'value': 0, 'prev_value': None, 'change': True}
2023-02-10 12:08:44,606 : INFO : EventManager : Event: ======'machine_var_audits_switches_s_left_flipper'====== Args={'value': 401, 'prev_value': None, 'change': True}
2023-02-10 12:08:44,607 : INFO : EventManager : Event: ======'machine_var_audits_switches_s_left_out_lane'====== Args={'value': 0, 'prev_value': None, 'change': True}
2023-02-10 12:08:44,607 : INFO : EventManager : Event: ======'machine_var_audits_switches_s_left_out_lane_kicker'====== Args={'value': 0, 'prev_value': None, 'change': True}
2023-02-10 12:08:44,608 : INFO : EventManager : Event: ======'machine_var_audits_switches_s_left_return_lane'====== Args={'value': 0, 'prev_value': None, 'change': True}
2023-02-10 12:08:44,608 : INFO : EventManager : Event: ======'machine_var_audits_switches_s_lower_attack_bumper'====== Args={'value': 0, 'prev_value': None, 'change': True}
2023-02-10 12:08:44,608 : INFO : EventManager : Event: ======'machine_var_audits_switches_s_lower_left_rebound'====== Args={'value': 0, 'prev_value': None, 'change': True}
2023-02-10 12:08:44,609 : INFO : EventManager : Event: ======'machine_var_audits_switches_s_lower_left_slingshot'====== Args={'value': 0, 'prev_value': None, 'change': True}
2023-02-10 12:08:44,609 : INFO : EventManager : Event: ======'machine_var_audits_switches_s_lower_right_rebound'====== Args={'value': 0, 'prev_value': None, 'change': True}
2023-02-10 12:08:44,609 : INFO : EventManager : Event: ======'machine_var_audits_switches_s_lower_right_slingshot'====== Args={'value': 0, 'prev_value': None, 'change': True}
2023-02-10 12:08:44,609 : INFO : EventManager : Event: ======'machine_var_audits_switches_s_medal_drop_left'====== Args={'value': 0, 'prev_value': None, 'change': True}
2023-02-10 12:08:44,610 : INFO : EventManager : Event: ======'machine_var_audits_switches_s_medal_drop_middle'====== Args={'value': 0, 'prev_value': None, 'change': True}
2023-02-10 12:08:44,610 : INFO : EventManager : Event: ======'machine_var_audits_switches_s_medal_drop_right'====== Args={'value': 0, 'prev_value': None, 'change': True}
2023-02-10 12:08:44,610 : INFO : EventManager : Event: ======'machine_var_audits_switches_s_mission_spot_1'====== Args={'value': 0, 'prev_value': None, 'change': True}
2023-02-10 12:08:44,611 : INFO : EventManager : Event: ======'machine_var_audits_switches_s_mission_spot_2'====== Args={'value': 0, 'prev_value': None, 'change': True}
2023-02-10 12:08:44,611 : INFO : EventManager : Event: ======'machine_var_audits_switches_s_mission_spot_3'====== Args={'value': 0, 'prev_value': None, 'change': True}
2023-02-10 12:08:44,611 : INFO : EventManager : Event: ======'machine_var_audits_switches_s_multiplier_left'====== Args={'value': 0, 'prev_value': None, 'change': True}
2023-02-10 12:08:44,611 : INFO : EventManager : Event: ======'machine_var_audits_switches_s_multiplier_middle'====== Args={'value': 0, 'prev_value': None, 'change': True}
2023-02-10 12:08:44,612 : INFO : EventManager : Event: ======'machine_var_audits_switches_s_multiplier_right'====== Args={'value': 0, 'prev_value': None, 'change': True}
2023-02-10 12:08:44,612 : INFO : EventManager : Event: ======'machine_var_audits_switches_s_plunger'====== Args={'value': 31, 'prev_value': None, 'change': True}
2023-02-10 12:08:44,613 : INFO : EventManager : Event: ======'machine_var_audits_switches_s_radiationspot_1'====== Args={'value': 0, 'prev_value': None, 'change': True}
2023-02-10 12:08:44,613 : INFO : EventManager : Event: ======'machine_var_audits_switches_s_radiationspot_2'====== Args={'value': 0, 'prev_value': None, 'change': True}
2023-02-10 12:08:44,614 : INFO : EventManager : Event: ======'machine_var_audits_switches_s_radiationspot_3'====== Args={'value': 0, 'prev_value': None, 'change': True}
2023-02-10 12:08:44,615 : INFO : EventManager : Event: ======'machine_var_audits_switches_s_red_wormhole'====== Args={'value': 0, 'prev_value': None, 'change': True}
2023-02-10 12:08:44,615 : INFO : EventManager : Event: ======'machine_var_audits_switches_s_reentry_left'====== Args={'value': 55, 'prev_value': None, 'change': True}
2023-02-10 12:08:44,616 : INFO : EventManager : Event: ======'machine_var_audits_switches_s_reentry_middle'====== Args={'value': 50, 'prev_value': None, 'change': True}
2023-02-10 12:08:44,616 : INFO : EventManager : Event: ======'machine_var_audits_switches_s_reentry_right'====== Args={'value': 37, 'prev_value': None, 'change': True}
2023-02-10 12:08:44,617 : INFO : EventManager : Event: ======'machine_var_audits_switches_s_right_flipper'====== Args={'value': 167, 'prev_value': None, 'change': True}
2023-02-10 12:08:44,617 : INFO : EventManager : Event: ======'machine_var_audits_switches_s_right_inlane'====== Args={'value': 0, 'prev_value': None, 'change': True}
2023-02-10 12:08:44,617 : INFO : EventManager : Event: ======'machine_var_audits_switches_s_right_out_lane'====== Args={'value': 0, 'prev_value': None, 'change': True}
2023-02-10 12:08:44,617 : INFO : EventManager : Event: ======'machine_var_audits_switches_s_right_out_lane_kicker'====== Args={'value': 0, 'prev_value': None, 'change': True}
2023-02-10 12:08:44,618 : INFO : EventManager : Event: ======'machine_var_audits_switches_s_right_return_lane'====== Args={'value': 0, 'prev_value': None, 'change': True}
2023-02-10 12:08:44,618 : INFO : EventManager : Event: ======'machine_var_audits_switches_s_satellite_bumper'====== Args={'value': 0, 'prev_value': None, 'change': True}
2023-02-10 12:08:44,618 : INFO : EventManager : Event: ======'machine_var_audits_switches_s_secondary_outlane_kicker'====== Args={'value': 0, 'prev_value': None, 'change': True}
2023-02-10 12:08:44,619 : INFO : EventManager : Event: ======'machine_var_audits_switches_s_skill_shot_1'====== Args={'value': 0, 'prev_value': None, 'change': True}
2023-02-10 12:08:44,619 : INFO : EventManager : Event: ======'machine_var_audits_switches_s_skill_shot_2'====== Args={'value': 0, 'prev_value': None, 'change': True}
2023-02-10 12:08:44,619 : INFO : EventManager : Event: ======'machine_var_audits_switches_s_skill_shot_3'====== Args={'value': 0, 'prev_value': None, 'change': True}
2023-02-10 12:08:44,619 : INFO : EventManager : Event: ======'machine_var_audits_switches_s_skill_shot_4'====== Args={'value': 0, 'prev_value': None, 'change': True}
2023-02-10 12:08:44,620 : INFO : EventManager : Event: ======'machine_var_audits_switches_s_skill_shot_5'====== Args={'value': 0, 'prev_value': None, 'change': True}
2023-02-10 12:08:44,620 : INFO : EventManager : Event: ======'machine_var_audits_switches_s_skill_shot_6'====== Args={'value': 0, 'prev_value': None, 'change': True}
2023-02-10 12:08:44,621 : INFO : EventManager : Event: ======'machine_var_audits_switches_s_skill_shot_lane'====== Args={'value': 0, 'prev_value': None, 'change': True}
2023-02-10 12:08:44,621 : INFO : EventManager : Event: ======'machine_var_audits_switches_s_spacewarp_rollover'====== Args={'value': 0, 'prev_value': None, 'change': True}
2023-02-10 12:08:44,621 : INFO : EventManager : Event: ======'machine_var_audits_switches_s_start'====== Args={'value': 0, 'prev_value': None, 'change': True}
2023-02-10 12:08:44,621 : INFO : EventManager : Event: ======'machine_var_audits_switches_s_trough1'====== Args={'value': 13, 'prev_value': None, 'change': True}
2023-02-10 12:08:44,622 : INFO : EventManager : Event: ======'machine_var_audits_switches_s_trough2'====== Args={'value': 0, 'prev_value': None, 'change': True}
2023-02-10 12:08:44,622 : INFO : EventManager : Event: ======'machine_var_audits_switches_s_trough3'====== Args={'value': 0, 'prev_value': None, 'change': True}
2023-02-10 12:08:44,623 : INFO : EventManager : Event: ======'machine_var_audits_switches_s_trough4'====== Args={'value': 0, 'prev_value': None, 'change': True}
2023-02-10 12:08:44,623 : INFO : EventManager : Event: ======'machine_var_audits_switches_s_trough5'====== Args={'value': 0, 'prev_value': None, 'change': True}
2023-02-10 12:08:44,623 : INFO : EventManager : Event: ======'machine_var_audits_switches_s_trough6'====== Args={'value': 0, 'prev_value': None, 'change': True}
2023-02-10 12:08:44,624 : INFO : EventManager : Event: ======'machine_var_audits_switches_s_trough_jam'====== Args={'value': 0, 'prev_value': None, 'change': True}
2023-02-10 12:08:44,624 : INFO : EventManager : Event: ======'machine_var_audits_switches_s_upper_attack_bumper'====== Args={'value': 0, 'prev_value': None, 'change': True}
2023-02-10 12:08:44,625 : INFO : EventManager : Event: ======'machine_var_audits_switches_s_upper_left_rebound'====== Args={'value': 0, 'prev_value': None, 'change': True}
2023-02-10 12:08:44,625 : INFO : EventManager : Event: ======'machine_var_audits_switches_s_upper_right_rebound'====== Args={'value': 0, 'prev_value': None, 'change': True}
2023-02-10 12:08:44,626 : INFO : EventManager : Event: ======'machine_var_audits_switches_s_wormhole_target'====== Args={'value': 0, 'prev_value': None, 'change': True}
2023-02-10 12:08:44,627 : INFO : EventManager : Event: ======'machine_var_audits_switches_s_yellow_wormhole'====== Args={'value': 0, 'prev_value': None, 'change': True}
2023-02-10 12:08:44,629 : INFO : EventManager : Event: ======'init_phase_5'====== Args={}
2023-02-10 12:08:44,669 : INFO : EventManager : Event: ======'init_done'====== Args={}
2023-02-10 12:08:44,670 : INFO : EventManager : Event: ======'machine_reset_phase_1'====== Args={}
2023-02-10 12:08:44,678 : INFO : EventManager : Event: ======'slide_welcome_slide_removed'====== Args={'_from_bcp': True}
2023-02-10 12:08:44,680 : INFO : EventManager : Event: ======'slide_welcome_slide_created'====== Args={'_from_bcp': True}
2023-02-10 12:08:44,682 : INFO : EventManager : Event: ======'slide_welcome_slide_active'====== Args={'_from_bcp': True}
2023-02-10 12:08:44,683 : INFO : EventManager : Event: ======'machine_reset_phase_2'====== Args={}
2023-02-10 12:08:44,683 : INFO : EventManager : Event: ======'machine_reset_phase_3'====== Args={}
2023-02-10 12:08:44,685 : INFO : EventManager : Event: ======'reset_complete'====== Args={}
2023-02-10 12:08:44,685 : INFO : EventManager : Event: ======'mode_attract_will_start'====== Args={}
2023-02-10 12:08:44,686 : INFO : EventManager : Event: ======'mode_attract_starting'====== Args={}
2023-02-10 12:08:44,686 : INFO : Mode.attract : Started. Priority: 10
2023-02-10 12:08:44,686 : INFO : EventManager : Event: ======'modes_active_modes_changed'====== Args={}
2023-02-10 12:08:44,686 : INFO : EventManager : Event: ======'mode_attract_started'====== Args={}
2023-02-10 12:08:44,687 : INFO : EventManager : Event: ======'collecting_balls_complete'====== Args={}
2023-02-10 12:08:44,722 : INFO : EventManager : Event: ======'slide_attract_started_created'====== Args={'_from_bcp': True}
2023-02-10 12:08:44,722 : INFO : EventManager : Event: ======'slide_attract_started_active'====== Args={'_from_bcp': True}
2023-02-10 12:08:44,723 : INFO : Machine : Starting the main run loop.
2023-02-10 12:09:07,618 : INFO : SwitchController : <<<<<<< 's_reentry_left' active >>>>>>>
2023-02-10 12:09:07,619 : INFO : EventManager : Event: ======'s_reentry_left_active'====== Args={}
2023-02-10 12:09:07,619 : INFO : EventManager : Event: ======'sw_playfield_active'====== Args={}
2023-02-10 12:09:07,621 : INFO : EventManager : Event: ======'logicblock_reentry_switch_counter_updated'====== Args={'value': 1, 'enabled': True}
2023-02-10 12:09:07,621 : INFO : EventManager : Event: ======'reentry_sound_active'====== Args={'count': 1}
2023-02-10 12:09:07,623 : INFO : EventManager : Event: ======'playfield_active'====== Args={}
2023-02-10 12:09:07,623 : INFO : EventManager : Event: ======'unexpected_ball_on_playfield'====== Args={}
2023-02-10 12:09:07,995 : INFO : SwitchController : <<<<<<< 's_reentry_left' inactive >>>>>>>
2023-02-10 12:09:07,996 : INFO : EventManager : Event: ======'s_reentry_left_inactive'====== Args={}
2023-02-10 12:09:08,298 : INFO : SwitchController : <<<<<<< 's_reentry_left' active >>>>>>>
2023-02-10 12:09:08,299 : INFO : EventManager : Event: ======'s_reentry_left_active'====== Args={}
2023-02-10 12:09:08,299 : INFO : EventManager : Event: ======'sw_playfield_active'====== Args={}
2023-02-10 12:09:08,300 : INFO : EventManager : Event: ======'logicblock_reentry_switch_counter_updated'====== Args={'value': 2, 'enabled': True}
2023-02-10 12:09:08,301 : INFO : EventManager : Event: ======'reentry_sound_active'====== Args={'count': 2}
2023-02-10 12:09:08,303 : INFO : EventManager : Event: ======'playfield_active'====== Args={}
2023-02-10 12:09:08,303 : INFO : EventManager : Event: ======'unexpected_ball_on_playfield'====== Args={}
2023-02-10 12:09:08,599 : INFO : SwitchController : <<<<<<< 's_reentry_left' inactive >>>>>>>
2023-02-10 12:09:08,600 : INFO : EventManager : Event: ======'s_reentry_left_inactive'====== Args={}
2023-02-10 12:12:30,098 : INFO : Machine : Shutting down...
2023-02-10 12:12:30,099 : INFO : EventManager : Event: ======'shutdown'====== Args={}
2023-02-10 12:12:30,108 : ERROR : OPP : Stop called on serial connection com5
2023-02-10 12:12:30,109 : ERROR : OPP : Stop called on serial connection com4
2023-02-10 12:12:30,120 : INFO : root : MPF run loop ended.
