2023-04-22 09:50:01,314 : INFO : root : Loading config.
2023-04-22 09:50:01,747 : INFO : ConfigProcessor : Config spec file cache created: C:\Users\student\AppData\Local\Temp\config_spec.mpf_cache
2023-04-22 09:50:01,747 : INFO : YamlMultifileConfigLoader : Machine config file #1: config.yaml
2023-04-22 09:50:01,747 : INFO : ConfigProcessor : Loading config from file c:\users\student\mpfenv\lib\site-packages\mpf\mpfconfig.yaml.
2023-04-22 09:50:01,814 : INFO : ConfigProcessor : Loading config: c:\users\student\mpfenv\lib\site-packages\mpf\mpfconfig.yaml
2023-04-22 09:50:01,814 : INFO : ConfigProcessor : Loading config from file C:\Users\student\pinball\cobraPinTest1\config\config.yaml.
2023-04-22 09:50:01,850 : INFO : ConfigProcessor : Loading config: C:\Users\student\pinball\cobraPinTest1\config\config.yaml
2023-04-22 09:50:01,852 : INFO : ConfigProcessor : Config file cache created: C:\Users\student\AppData\Local\Temp\f1427cd4cbc9163bc2263f349f0fb463.mpf_cache
2023-04-22 09:50:01,920 : INFO : ConfigProcessor : Loading config from file c:\users\student\mpfenv\lib\site-packages\mpf\modes\attract\config\attract.yaml.
2023-04-22 09:50:01,922 : INFO : ConfigProcessor : Loading config: c:\users\student\mpfenv\lib\site-packages\mpf\modes\attract\config\attract.yaml
2023-04-22 09:50:01,922 : INFO : ConfigProcessor : Loading config from file C:\Users\student\pinball\cobraPinTest1\modes\attract\config\attract.yaml.
2023-04-22 09:50:01,923 : INFO : ConfigProcessor : Loading config: C:\Users\student\pinball\cobraPinTest1\modes\attract\config\attract.yaml
2023-04-22 09:50:01,924 : INFO : ConfigProcessor : Config file cache created: C:\Users\student\AppData\Local\Temp\32ed7ad340ce8029344f8b9ff63edc80.mpf_cache
2023-04-22 09:50:01,924 : INFO : ConfigProcessor : Loading config from file c:\users\student\mpfenv\lib\site-packages\mpf\modes\game\config\game.yaml.
2023-04-22 09:50:01,925 : INFO : ConfigProcessor : Loading config: c:\users\student\mpfenv\lib\site-packages\mpf\modes\game\config\game.yaml
2023-04-22 09:50:01,926 : INFO : ConfigProcessor : Config file cache created: C:\Users\student\AppData\Local\Temp\8696bd5a5a040ff67990be11cb4d3c0c.mpf_cache
2023-04-22 09:50:01,926 : INFO : ConfigProcessor : Loading config from file C:\Users\student\pinball\cobraPinTest1\modes\base\config\base.yaml.
2023-04-22 09:50:01,931 : INFO : ConfigProcessor : Loading config: C:\Users\student\pinball\cobraPinTest1\modes\base\config\base.yaml
2023-04-22 09:50:01,931 : INFO : ConfigProcessor : Config file cache created: C:\Users\student\AppData\Local\Temp\4675a535c8328a9c278c807d999ed109.mpf_cache
2023-04-22 09:50:01,932 : INFO : ConfigProcessor : Loading config from file C:\Users\student\pinball\cobraPinTest1\modes\reentry\config\reentry.yaml.
2023-04-22 09:50:01,943 : INFO : ConfigProcessor : Loading config: C:\Users\student\pinball\cobraPinTest1\modes\reentry\config\reentry.yaml
2023-04-22 09:50:01,944 : INFO : ConfigProcessor : Config file cache created: C:\Users\student\AppData\Local\Temp\0c8438cab3480347c0c749fa494946a2.mpf_cache
2023-04-22 09:50:01,944 : INFO : ConfigProcessor : Loading config from file C:\Users\student\pinball\cobraPinTest1\modes\attract\shows\.\attract_display_loop.yaml.
2023-04-22 09:50:01,957 : INFO : ConfigProcessor : Loading config: C:\Users\student\pinball\cobraPinTest1\modes\attract\shows\.\attract_display_loop.yaml
2023-04-22 09:50:01,958 : INFO : ConfigProcessor : Config file cache created: C:\Users\student\AppData\Local\Temp\f8d2c2cf3ea01f085365ea23fa51a701.mpf_cache
2023-04-22 09:50:01,959 : INFO : ConfigProcessor : Loading config from file C:\Users\student\pinball\cobraPinTest1\modes\attract\shows\.\attract_light_show.yaml.
2023-04-22 09:50:01,966 : INFO : ConfigProcessor : Loading config: C:\Users\student\pinball\cobraPinTest1\modes\attract\shows\.\attract_light_show.yaml
2023-04-22 09:50:01,967 : INFO : ConfigProcessor : Config file cache created: C:\Users\student\AppData\Local\Temp\30bd992f4b62a9b099207aebeb59554c.mpf_cache
2023-04-22 09:50:01,968 : INFO : Machine : Mission Pinball Framework Core Engine v0.55.0
2023-04-22 09:50:01,968 : INFO : Machine : Command line arguments: {'no_load_cache': True, 'create_config_cache': True, 'bcp': True, 'configfile': ['config.yaml'], 'force_assets_load': False, 'jsonlogging': False, 'logfile': 'logs\\2023-04-22-09-50-01-mpf-DESKTOP-0JH7ARL.log', 'pause': False, 'production': False, 'text_ui': True, 'loglevel': 15, 'consoleloglevel': 20, 'force_platform': None, 'syslog_address': None, 'mc_file_name': None, 'no_sound': False}
2023-04-22 09:50:01,968 : INFO : Machine : MPF path: c:\users\student\mpfenv\lib\site-packages\mpf
2023-04-22 09:50:01,968 : INFO : Machine : Machine path: C:\Users\student\pinball\cobraPinTest1
2023-04-22 09:50:01,968 : INFO : Machine : Platform: win32
2023-04-22 09:50:01,968 : INFO : Machine : Python executable location: c:\users\student\mpfenv\scripts\python.exe
2023-04-22 09:50:01,968 : INFO : Machine : Python version: 3.7.8 (64-bit)
2023-04-22 09:50:01,970 : INFO : Machine : Initialise MPF.
2023-04-22 09:50:02,196 : INFO : EventManager : Event: ======'machine_var_credits_string'====== Args={'value': 'FREE PLAY', 'prev_value': None, 'change': True}
2023-04-22 09:50:02,244 : INFO : EventManager : Event: ======'machine_var_master_volume'====== Args={'value': 0.5, 'prev_value': None, 'change': True}
2023-04-22 09:50:02,244 : INFO : EventManager : Event: ======'machine_var_player1_score'====== Args={'value': 1500, 'prev_value': None, 'change': True}
2023-04-22 09:50:02,244 : INFO : EventManager : Event: ======'machine_var_mpf_version'====== Args={'value': 'MPF v0.55.0', 'prev_value': None, 'change': True}
2023-04-22 09:50:02,244 : INFO : EventManager : Event: ======'machine_var_mpf_extended_version'====== Args={'value': 'MPF v0.55.0, Config version:5, Show version: 5, BCP version:1.1', 'prev_value': None, 'change': True}
2023-04-22 09:50:02,244 : INFO : EventManager : Event: ======'machine_var_python_version'====== Args={'value': '3.7.8', 'prev_value': None, 'change': True}
2023-04-22 09:50:02,245 : INFO : EventManager : Event: ======'machine_var_platform'====== Args={'value': 'Windows-10-10.0.19041-SP0', 'prev_value': None, 'change': True}
2023-04-22 09:50:02,245 : INFO : EventManager : Event: ======'machine_var_platform_system'====== Args={'value': 'Windows', 'prev_value': None, 'change': True}
2023-04-22 09:50:02,245 : INFO : EventManager : Event: ======'machine_var_platform_release'====== Args={'value': '10', 'prev_value': None, 'change': True}
2023-04-22 09:50:02,245 : INFO : EventManager : Event: ======'machine_var_platform_version'====== Args={'value': '10.0.19041', 'prev_value': None, 'change': True}
2023-04-22 09:50:02,245 : INFO : EventManager : Event: ======'machine_var_platform_machine'====== Args={'value': 'AMD64', 'prev_value': None, 'change': True}
2023-04-22 09:50:02,245 : INFO : EventManager : Event: ======'init_phase_1'====== Args={}
2023-04-22 09:50:02,262 : INFO : EventManager : Event: ======'init_phase_2'====== Args={}
2023-04-22 09:50:02,263 : INFO : SwitchController : Found active switch: ('0-0-8', <Platform.Virtual>) <switch.s_trough1>
2023-04-22 09:50:02,265 : INFO : EventManager : Event: ======'bcp_connection_attempt'====== Args={'name': 'local_display', 'host': 'localhost', 'port': 5050}
2023-04-22 09:50:02,267 : INFO : BCPClientSocket : Connecting BCP to 'local_display' at localhost:5050...
2023-04-22 09:50:04,811 : INFO : BCPClientSocket : Connected BCP to 'local_display' localhost:5050
2023-04-22 09:50:04,813 : INFO : EventManager : Event: ======'bcp_clients_connected'====== Args={}
2023-04-22 09:50:04,827 : INFO : ball_device.bd_trough : BCH: Initial count: 1
2023-04-22 09:50:04,827 : INFO : EventManager : Event: ======'machine_var_mc_version'====== Args={'value': 'MPF-MC v0.55.0', 'prev_value': None, 'change': True}
2023-04-22 09:50:04,827 : INFO : EventManager : Event: ======'machine_var_mc_extended_version'====== Args={'value': 'MPF-MC v0.55.0 (config_version=5, BCP v1.1, Requires MPF v0.55.0-dev.49)', 'prev_value': None, 'change': True}
2023-04-22 09:50:04,829 : INFO : ball_device.bd_trough : State: idle
2023-04-22 09:50:04,841 : INFO : ball_device.bd_plunger : BCH: Initial count: 0
2023-04-22 09:50:04,842 : INFO : ball_device.bd_plunger : State: idle
2023-04-22 09:50:04,906 : INFO : EventManager : Event: ======'init_phase_3'====== Args={}
2023-04-22 09:50:04,909 : ERROR : asyncio : Exception in callback EventManager._queue_task_done(<Task finishe... your step?')>)
handle: <Handle EventManager._queue_task_done(<Task finishe... your step?')>)>
Traceback (most recent call last):
  File "C:\Program Files\Python37\lib\asyncio\events.py", line 88, in _run
    self._context.run(self._callback, *self._args)
  File "c:\users\student\mpfenv\lib\site-packages\mpf\core\events.py", line 728, in _queue_task_done
    future.result()
  File "c:\users\student\mpfenv\lib\site-packages\mpf\core\events.py", line 645, in _run_handlers_sequential
    handler.callback(queue=queue, **merged_kwargs)
  File "c:\users\student\mpfenv\lib\site-packages\mpf\core\show_controller.py", line 52, in _load_shows
    self.machine.shows[show_name].load(show_config)
  File "c:\users\student\mpfenv\lib\site-packages\mpf\assets\show.py", line 127, in load
    "of your step?".format(self.name), 1)
  File "c:\users\student\mpfenv\lib\site-packages\mpf\assets\show.py", line 184, in _show_validation_error
    raise ConfigFileError('"{}" >> {}'.format(self.name, msg), error_code, "show", self.name)
mpf.exceptions.config_file_error.ConfigFileError: Config File Error in show: "attack_bumper_red" >> Show attack_bumper_red does not appear to be a valid show config. It should be a list of steps. Did you forget the hyphen at the start of your step? Context: attack_bumper_red Error Code: CFE-show-1 (https://docs.missionpinball.org/en/0.55/logs/CFE-show-1.html)
2023-04-22 09:50:04,934 : INFO : Machine : Starting the main run loop.
2023-04-22 09:50:04,939 : INFO : Machine : Shutting down...
2023-04-22 09:50:04,939 : INFO : EventManager : Event: ======'shutdown'====== Args={}
2023-04-22 09:50:04,940 : ERROR : Machine : Runtime Exception
Traceback (most recent call last):
  File "c:\users\student\mpfenv\lib\site-packages\mpf\core\machine.py", line 769, in _run_loop
    raise self._exception['exception']
  File "C:\Program Files\Python37\lib\asyncio\events.py", line 88, in _run
    self._context.run(self._callback, *self._args)
  File "c:\users\student\mpfenv\lib\site-packages\mpf\core\events.py", line 728, in _queue_task_done
    future.result()
  File "c:\users\student\mpfenv\lib\site-packages\mpf\core\events.py", line 645, in _run_handlers_sequential
    handler.callback(queue=queue, **merged_kwargs)
  File "c:\users\student\mpfenv\lib\site-packages\mpf\core\show_controller.py", line 52, in _load_shows
    self.machine.shows[show_name].load(show_config)
  File "c:\users\student\mpfenv\lib\site-packages\mpf\assets\show.py", line 127, in load
    "of your step?".format(self.name), 1)
  File "c:\users\student\mpfenv\lib\site-packages\mpf\assets\show.py", line 184, in _show_validation_error
    raise ConfigFileError('"{}" >> {}'.format(self.name, msg), error_code, "show", self.name)
mpf.exceptions.config_file_error.ConfigFileError: Config File Error in show: "attack_bumper_red" >> Show attack_bumper_red does not appear to be a valid show config. It should be a list of steps. Did you forget the hyphen at the start of your step? Context: attack_bumper_red Error Code: CFE-show-1 (https://docs.missionpinball.org/en/0.55/logs/CFE-show-1.html)
2023-04-22 09:58:06,253 : INFO : root : MPF run loop ended.
