2023-12-05 19:31:16,949 : INFO : root : Loading config.
2023-12-05 19:31:16,949 : INFO : YamlMultifileConfigLoader : Machine config file #1: config.yaml
2023-12-05 19:31:16,949 : WARNING : ConfigProcessor : Config file in cache changed: C:\Users\student\pinball\cobraPinTest1\config\config.yaml
2023-12-05 19:31:16,949 : INFO : ConfigProcessor : Loading config from file c:\users\student\mpfenv\lib\site-packages\mpf\mpfconfig.yaml.
2023-12-05 19:31:17,018 : INFO : ConfigProcessor : Loading config: c:\users\student\mpfenv\lib\site-packages\mpf\mpfconfig.yaml
2023-12-05 19:31:17,018 : INFO : ConfigProcessor : Loading config from file C:\Users\student\pinball\cobraPinTest1\config\config.yaml.
2023-12-05 19:31:17,049 : INFO : ConfigProcessor : Loading config: C:\Users\student\pinball\cobraPinTest1\config\config.yaml
2023-12-05 19:31:17,049 : INFO : ConfigProcessor : Config file cache created: C:\Users\student\AppData\Local\Temp\f1427cd4cbc9163bc2263f349f0fb463.mpf_cache
2023-12-05 19:31:17,118 : INFO : ConfigProcessor : Loading config from cache: C:\Users\student\AppData\Local\Temp\32ed7ad340ce8029344f8b9ff63edc80.mpf_cache
2023-12-05 19:31:17,118 : INFO : ConfigProcessor : Loading config from cache: C:\Users\student\AppData\Local\Temp\8696bd5a5a040ff67990be11cb4d3c0c.mpf_cache
2023-12-05 19:31:17,118 : INFO : ConfigProcessor : Loading config from cache: C:\Users\student\AppData\Local\Temp\4675a535c8328a9c278c807d999ed109.mpf_cache
2023-12-05 19:31:17,118 : INFO : ConfigProcessor : Loading config from cache: C:\Users\student\AppData\Local\Temp\0c8438cab3480347c0c749fa494946a2.mpf_cache
2023-12-05 19:31:17,118 : INFO : ConfigProcessor : Loading config from cache: C:\Users\student\AppData\Local\Temp\edae2e0e7aeda847f5007d89f37fc8de.mpf_cache
2023-12-05 19:31:17,118 : INFO : ConfigProcessor : Loading config from cache: C:\Users\student\AppData\Local\Temp\f8d2c2cf3ea01f085365ea23fa51a701.mpf_cache
2023-12-05 19:31:17,118 : INFO : ConfigProcessor : Loading config from cache: C:\Users\student\AppData\Local\Temp\30bd992f4b62a9b099207aebeb59554c.mpf_cache
2023-12-05 19:31:17,118 : INFO : Machine : Mission Pinball Framework Core Engine v0.55.0
2023-12-05 19:31:17,118 : INFO : Machine : Command line arguments: {'no_load_cache': False, 'create_config_cache': True, 'bcp': True, 'configfile': ['config.yaml'], 'force_assets_load': False, 'jsonlogging': False, 'logfile': 'logs\\2023-12-05-19-31-16-mpf-DESKTOP-0JH7ARL.log', 'pause': False, 'production': False, 'text_ui': True, 'loglevel': 15, 'consoleloglevel': 20, 'force_platform': None, 'syslog_address': None, 'mc_file_name': None, 'no_sound': False}
2023-12-05 19:31:17,118 : INFO : Machine : MPF path: c:\users\student\mpfenv\lib\site-packages\mpf
2023-12-05 19:31:17,118 : INFO : Machine : Machine path: C:\Users\student\pinball\cobraPinTest1
2023-12-05 19:31:17,118 : INFO : Machine : Platform: win32
2023-12-05 19:31:17,118 : INFO : Machine : Python executable location: c:\users\student\mpfenv\scripts\python.exe
2023-12-05 19:31:17,118 : INFO : Machine : Python version: 3.7.8 (64-bit)
2023-12-05 19:31:17,134 : INFO : Machine : Initialise MPF.
2023-12-05 19:31:17,436 : INFO : EventManager : Event: ======'machine_var_credits_string'====== Args={'value': 'FREE PLAY', 'prev_value': None, 'change': True}
2023-12-05 19:31:17,478 : INFO : EventManager : Event: ======'machine_var_master_volume'====== Args={'value': 0.5, 'prev_value': None, 'change': True}
2023-12-05 19:31:17,478 : INFO : EventManager : Event: ======'machine_var_player1_score'====== Args={'value': 1500, 'prev_value': None, 'change': True}
2023-12-05 19:31:17,478 : INFO : EventManager : Event: ======'machine_var_mpf_version'====== Args={'value': 'MPF v0.55.0', 'prev_value': None, 'change': True}
2023-12-05 19:31:17,478 : INFO : EventManager : Event: ======'machine_var_mpf_extended_version'====== Args={'value': 'MPF v0.55.0, Config version:5, Show version: 5, BCP version:1.1', 'prev_value': None, 'change': True}
2023-12-05 19:31:17,478 : INFO : EventManager : Event: ======'machine_var_python_version'====== Args={'value': '3.7.8', 'prev_value': None, 'change': True}
2023-12-05 19:31:17,479 : INFO : EventManager : Event: ======'machine_var_platform'====== Args={'value': 'Windows-10-10.0.19041-SP0', 'prev_value': None, 'change': True}
2023-12-05 19:31:17,479 : INFO : EventManager : Event: ======'machine_var_platform_system'====== Args={'value': 'Windows', 'prev_value': None, 'change': True}
2023-12-05 19:31:17,479 : INFO : EventManager : Event: ======'machine_var_platform_release'====== Args={'value': '10', 'prev_value': None, 'change': True}
2023-12-05 19:31:17,479 : INFO : EventManager : Event: ======'machine_var_platform_version'====== Args={'value': '10.0.19041', 'prev_value': None, 'change': True}
2023-12-05 19:31:17,479 : INFO : EventManager : Event: ======'machine_var_platform_machine'====== Args={'value': 'AMD64', 'prev_value': None, 'change': True}
2023-12-05 19:31:17,479 : INFO : EventManager : Event: ======'init_phase_1'====== Args={}
2023-12-05 19:31:17,497 : INFO : EventManager : Event: ======'init_phase_2'====== Args={}
2023-12-05 19:31:17,497 : INFO : SwitchController : Found active switch: ('0-0-8', <Platform.Virtual>) <switch.s_trough1>
2023-12-05 19:31:17,500 : INFO : EventManager : Event: ======'bcp_connection_attempt'====== Args={'name': 'local_display', 'host': 'localhost', 'port': 5050}
2023-12-05 19:31:17,502 : INFO : BCPClientSocket : Connecting BCP to 'local_display' at localhost:5050...
2023-12-05 19:31:19,541 : INFO : BCPClientSocket : Connected BCP to 'local_display' localhost:5050
2023-12-05 19:31:19,542 : INFO : EventManager : Event: ======'bcp_clients_connected'====== Args={}
2023-12-05 19:31:19,549 : INFO : ball_device.bd_trough : BCH: Initial count: 1
2023-12-05 19:31:19,549 : INFO : EventManager : Event: ======'machine_var_mc_version'====== Args={'value': 'MPF-MC v0.55.0', 'prev_value': None, 'change': True}
2023-12-05 19:31:19,549 : INFO : EventManager : Event: ======'machine_var_mc_extended_version'====== Args={'value': 'MPF-MC v0.55.0 (config_version=5, BCP v1.1, Requires MPF v0.55.0-dev.49)', 'prev_value': None, 'change': True}
2023-12-05 19:31:19,551 : INFO : ball_device.bd_trough : State: idle
2023-12-05 19:31:19,567 : INFO : ball_device.bd_plunger : BCH: Initial count: 0
2023-12-05 19:31:19,567 : INFO : ball_device.bd_plunger : State: idle
2023-12-05 19:31:19,644 : INFO : EventManager : Event: ======'init_phase_3'====== Args={}
2023-12-05 19:31:19,648 : INFO : EventManager : Event: ======'init_phase_4'====== Args={}
2023-12-05 19:31:19,649 : INFO : BallController : Initial balls found: 1
2023-12-05 19:31:19,649 : INFO : EventManager : Event: ======'machine_var_audits_events_game_ended'====== Args={'value': 0, 'prev_value': None, 'change': True}
2023-12-05 19:31:19,650 : INFO : EventManager : Event: ======'machine_var_audits_events_game_started'====== Args={'value': 0, 'prev_value': None, 'change': True}
2023-12-05 19:31:19,650 : INFO : EventManager : Event: ======'machine_var_audits_player_score'====== Args={'value': {'average': 1800.0, 'top': [2000, 1900, 1500], 'total': 3}, 'prev_value': None, 'change': True}
2023-12-05 19:31:19,650 : INFO : EventManager : Event: ======'machine_var_audits_shots_medalL_shot'====== Args={'value': 69, 'prev_value': None, 'change': True}
2023-12-05 19:31:19,650 : INFO : EventManager : Event: ======'machine_var_audits_shots_medalM_shot'====== Args={'value': 66, 'prev_value': None, 'change': True}
2023-12-05 19:31:19,651 : INFO : EventManager : Event: ======'machine_var_audits_shots_medalR_shot'====== Args={'value': 67, 'prev_value': None, 'change': True}
2023-12-05 19:31:19,651 : INFO : EventManager : Event: ======'machine_var_audits_shots_my_first_shot'====== Args={'value': 119, 'prev_value': None, 'change': True}
2023-12-05 19:31:19,652 : INFO : EventManager : Event: ======'machine_var_audits_shots_my_first_shot_mode2'====== Args={'value': 72, 'prev_value': None, 'change': True}
2023-12-05 19:31:19,652 : INFO : EventManager : Event: ======'machine_var_audits_shots_reentryL_shot'====== Args={'value': 397, 'prev_value': None, 'change': True}
2023-12-05 19:31:19,652 : INFO : EventManager : Event: ======'machine_var_audits_shots_reentryM_shot'====== Args={'value': 373, 'prev_value': None, 'change': True}
2023-12-05 19:31:19,652 : INFO : EventManager : Event: ======'machine_var_audits_shots_reentryR_shot'====== Args={'value': 341, 'prev_value': None, 'change': True}
2023-12-05 19:31:19,653 : INFO : EventManager : Event: ======'machine_var_audits_shots_reentry_shot'====== Args={'value': 9, 'prev_value': None, 'change': True}
2023-12-05 19:31:19,653 : INFO : EventManager : Event: ======'machine_var_audits_shots_top_lane_A'====== Args={'value': 12, 'prev_value': None, 'change': True}
2023-12-05 19:31:19,653 : INFO : EventManager : Event: ======'machine_var_audits_shots_top_lane_J'====== Args={'value': 12, 'prev_value': None, 'change': True}
2023-12-05 19:31:19,653 : INFO : EventManager : Event: ======'machine_var_audits_shots_top_lane_M'====== Args={'value': 9, 'prev_value': None, 'change': True}
2023-12-05 19:31:19,653 : INFO : EventManager : Event: ======'machine_var_audits_switches_s_blackhole_kicker'====== Args={'value': 0, 'prev_value': None, 'change': True}
2023-12-05 19:31:19,654 : INFO : EventManager : Event: ======'machine_var_audits_switches_s_bonus_lane'====== Args={'value': 0, 'prev_value': None, 'change': True}
2023-12-05 19:31:19,654 : INFO : EventManager : Event: ======'machine_var_audits_switches_s_booster_drop_target_1'====== Args={'value': 0, 'prev_value': None, 'change': True}
2023-12-05 19:31:19,654 : INFO : EventManager : Event: ======'machine_var_audits_switches_s_booster_drop_target_2'====== Args={'value': 0, 'prev_value': None, 'change': True}
2023-12-05 19:31:19,655 : INFO : EventManager : Event: ======'machine_var_audits_switches_s_booster_drop_target_3'====== Args={'value': 0, 'prev_value': None, 'change': True}
2023-12-05 19:31:19,655 : INFO : EventManager : Event: ======'machine_var_audits_switches_s_comet_spot_1'====== Args={'value': 0, 'prev_value': None, 'change': True}
2023-12-05 19:31:19,655 : INFO : EventManager : Event: ======'machine_var_audits_switches_s_comet_spot_2'====== Args={'value': 0, 'prev_value': None, 'change': True}
2023-12-05 19:31:19,655 : INFO : EventManager : Event: ======'machine_var_audits_switches_s_comet_spot_3'====== Args={'value': 0, 'prev_value': None, 'change': True}
2023-12-05 19:31:19,655 : INFO : EventManager : Event: ======'machine_var_audits_switches_s_engine_bumper_1'====== Args={'value': 0, 'prev_value': None, 'change': True}
2023-12-05 19:31:19,656 : INFO : EventManager : Event: ======'machine_var_audits_switches_s_engine_bumper_2'====== Args={'value': 0, 'prev_value': None, 'change': True}
2023-12-05 19:31:19,656 : INFO : EventManager : Event: ======'machine_var_audits_switches_s_engine_bumper_3'====== Args={'value': 0, 'prev_value': None, 'change': True}
2023-12-05 19:31:19,656 : INFO : EventManager : Event: ======'machine_var_audits_switches_s_fuel_chute_1'====== Args={'value': 0, 'prev_value': None, 'change': True}
2023-12-05 19:31:19,656 : INFO : EventManager : Event: ======'machine_var_audits_switches_s_fuel_chute_2'====== Args={'value': 0, 'prev_value': None, 'change': True}
2023-12-05 19:31:19,657 : INFO : EventManager : Event: ======'machine_var_audits_switches_s_fuel_chute_3'====== Args={'value': 0, 'prev_value': None, 'change': True}
2023-12-05 19:31:19,657 : INFO : EventManager : Event: ======'machine_var_audits_switches_s_fuel_chute_4'====== Args={'value': 0, 'prev_value': None, 'change': True}
2023-12-05 19:31:19,657 : INFO : EventManager : Event: ======'machine_var_audits_switches_s_fuel_chute_5'====== Args={'value': 0, 'prev_value': None, 'change': True}
2023-12-05 19:31:19,657 : INFO : EventManager : Event: ======'machine_var_audits_switches_s_fuel_chute_6'====== Args={'value': 0, 'prev_value': None, 'change': True}
2023-12-05 19:31:19,658 : INFO : EventManager : Event: ======'machine_var_audits_switches_s_fuel_flag'====== Args={'value': 0, 'prev_value': None, 'change': True}
2023-12-05 19:31:19,658 : INFO : EventManager : Event: ======'machine_var_audits_switches_s_fuel_spot_1'====== Args={'value': 0, 'prev_value': None, 'change': True}
2023-12-05 19:31:19,658 : INFO : EventManager : Event: ======'machine_var_audits_switches_s_fuel_spot_2'====== Args={'value': 0, 'prev_value': None, 'change': True}
2023-12-05 19:31:19,658 : INFO : EventManager : Event: ======'machine_var_audits_switches_s_fuel_spot_3'====== Args={'value': 0, 'prev_value': None, 'change': True}
2023-12-05 19:31:19,659 : INFO : EventManager : Event: ======'machine_var_audits_switches_s_green_wormhole'====== Args={'value': 0, 'prev_value': None, 'change': True}
2023-12-05 19:31:19,659 : INFO : EventManager : Event: ======'machine_var_audits_switches_s_hyperspace_flag'====== Args={'value': 0, 'prev_value': None, 'change': True}
2023-12-05 19:31:19,659 : INFO : EventManager : Event: ======'machine_var_audits_switches_s_hyperspacekicker'====== Args={'value': 0, 'prev_value': None, 'change': True}
2023-12-05 19:31:19,659 : INFO : EventManager : Event: ======'machine_var_audits_switches_s_launch_lane_1'====== Args={'value': 0, 'prev_value': None, 'change': True}
2023-12-05 19:31:19,660 : INFO : EventManager : Event: ======'machine_var_audits_switches_s_launch_lane_2'====== Args={'value': 0, 'prev_value': None, 'change': True}
2023-12-05 19:31:19,660 : INFO : EventManager : Event: ======'machine_var_audits_switches_s_launch_lane_3'====== Args={'value': 0, 'prev_value': None, 'change': True}
2023-12-05 19:31:19,660 : INFO : EventManager : Event: ======'machine_var_audits_switches_s_launch_ramp'====== Args={'value': 0, 'prev_value': None, 'change': True}
2023-12-05 19:31:19,660 : INFO : EventManager : Event: ======'machine_var_audits_switches_s_left_attack_bumper'====== Args={'value': 0, 'prev_value': None, 'change': True}
2023-12-05 19:31:19,661 : INFO : EventManager : Event: ======'machine_var_audits_switches_s_left_flipper'====== Args={'value': 467, 'prev_value': None, 'change': True}
2023-12-05 19:31:19,661 : INFO : EventManager : Event: ======'machine_var_audits_switches_s_left_out_lane'====== Args={'value': 0, 'prev_value': None, 'change': True}
2023-12-05 19:31:19,661 : INFO : EventManager : Event: ======'machine_var_audits_switches_s_left_out_lane_kicker'====== Args={'value': 0, 'prev_value': None, 'change': True}
2023-12-05 19:31:19,662 : INFO : EventManager : Event: ======'machine_var_audits_switches_s_left_return_lane'====== Args={'value': 0, 'prev_value': None, 'change': True}
2023-12-05 19:31:19,662 : INFO : EventManager : Event: ======'machine_var_audits_switches_s_lower_attack_bumper'====== Args={'value': 0, 'prev_value': None, 'change': True}
2023-12-05 19:31:19,663 : INFO : EventManager : Event: ======'machine_var_audits_switches_s_lower_left_rebound'====== Args={'value': 0, 'prev_value': None, 'change': True}
2023-12-05 19:31:19,664 : INFO : EventManager : Event: ======'machine_var_audits_switches_s_lower_left_slingshot'====== Args={'value': 0, 'prev_value': None, 'change': True}
2023-12-05 19:31:19,665 : INFO : EventManager : Event: ======'machine_var_audits_switches_s_lower_right_rebound'====== Args={'value': 0, 'prev_value': None, 'change': True}
2023-12-05 19:31:19,665 : INFO : EventManager : Event: ======'machine_var_audits_switches_s_lower_right_slingshot'====== Args={'value': 0, 'prev_value': None, 'change': True}
2023-12-05 19:31:19,666 : INFO : EventManager : Event: ======'machine_var_audits_switches_s_medal_drop_left'====== Args={'value': 83, 'prev_value': None, 'change': True}
2023-12-05 19:31:19,666 : INFO : EventManager : Event: ======'machine_var_audits_switches_s_medal_drop_middle'====== Args={'value': 80, 'prev_value': None, 'change': True}
2023-12-05 19:31:19,667 : INFO : EventManager : Event: ======'machine_var_audits_switches_s_medal_drop_right'====== Args={'value': 81, 'prev_value': None, 'change': True}
2023-12-05 19:31:19,668 : INFO : EventManager : Event: ======'machine_var_audits_switches_s_mission_spot_1'====== Args={'value': 0, 'prev_value': None, 'change': True}
2023-12-05 19:31:19,668 : INFO : EventManager : Event: ======'machine_var_audits_switches_s_mission_spot_2'====== Args={'value': 0, 'prev_value': None, 'change': True}
2023-12-05 19:31:19,668 : INFO : EventManager : Event: ======'machine_var_audits_switches_s_mission_spot_3'====== Args={'value': 0, 'prev_value': None, 'change': True}
2023-12-05 19:31:19,669 : INFO : EventManager : Event: ======'machine_var_audits_switches_s_multiplier_left'====== Args={'value': 0, 'prev_value': None, 'change': True}
2023-12-05 19:31:19,669 : INFO : EventManager : Event: ======'machine_var_audits_switches_s_multiplier_middle'====== Args={'value': 0, 'prev_value': None, 'change': True}
2023-12-05 19:31:19,670 : INFO : EventManager : Event: ======'machine_var_audits_switches_s_multiplier_right'====== Args={'value': 0, 'prev_value': None, 'change': True}
2023-12-05 19:31:19,670 : INFO : EventManager : Event: ======'machine_var_audits_switches_s_plunger'====== Args={'value': 124, 'prev_value': None, 'change': True}
2023-12-05 19:31:19,671 : INFO : EventManager : Event: ======'machine_var_audits_switches_s_radiationspot_1'====== Args={'value': 0, 'prev_value': None, 'change': True}
2023-12-05 19:31:19,671 : INFO : EventManager : Event: ======'machine_var_audits_switches_s_radiationspot_2'====== Args={'value': 0, 'prev_value': None, 'change': True}
2023-12-05 19:31:19,672 : INFO : EventManager : Event: ======'machine_var_audits_switches_s_radiationspot_3'====== Args={'value': 0, 'prev_value': None, 'change': True}
2023-12-05 19:31:19,672 : INFO : EventManager : Event: ======'machine_var_audits_switches_s_red_wormhole'====== Args={'value': 0, 'prev_value': None, 'change': True}
2023-12-05 19:31:19,673 : INFO : EventManager : Event: ======'machine_var_audits_switches_s_reentry_left'====== Args={'value': 752, 'prev_value': None, 'change': True}
2023-12-05 19:31:19,673 : INFO : EventManager : Event: ======'machine_var_audits_switches_s_reentry_middle'====== Args={'value': 447, 'prev_value': None, 'change': True}
2023-12-05 19:31:19,674 : INFO : EventManager : Event: ======'machine_var_audits_switches_s_reentry_right'====== Args={'value': 400, 'prev_value': None, 'change': True}
2023-12-05 19:31:19,674 : INFO : EventManager : Event: ======'machine_var_audits_switches_s_right_flipper'====== Args={'value': 191, 'prev_value': None, 'change': True}
2023-12-05 19:31:19,674 : INFO : EventManager : Event: ======'machine_var_audits_switches_s_right_inlane'====== Args={'value': 0, 'prev_value': None, 'change': True}
2023-12-05 19:31:19,675 : INFO : EventManager : Event: ======'machine_var_audits_switches_s_right_out_lane'====== Args={'value': 0, 'prev_value': None, 'change': True}
2023-12-05 19:31:19,675 : INFO : EventManager : Event: ======'machine_var_audits_switches_s_right_out_lane_kicker'====== Args={'value': 0, 'prev_value': None, 'change': True}
2023-12-05 19:31:19,676 : INFO : EventManager : Event: ======'machine_var_audits_switches_s_right_return_lane'====== Args={'value': 0, 'prev_value': None, 'change': True}
2023-12-05 19:31:19,676 : INFO : EventManager : Event: ======'machine_var_audits_switches_s_satellite_bumper'====== Args={'value': 0, 'prev_value': None, 'change': True}
2023-12-05 19:31:19,677 : INFO : EventManager : Event: ======'machine_var_audits_switches_s_secondary_outlane_kicker'====== Args={'value': 0, 'prev_value': None, 'change': True}
2023-12-05 19:31:19,677 : INFO : EventManager : Event: ======'machine_var_audits_switches_s_skill_shot_1'====== Args={'value': 0, 'prev_value': None, 'change': True}
2023-12-05 19:31:19,678 : INFO : EventManager : Event: ======'machine_var_audits_switches_s_skill_shot_2'====== Args={'value': 0, 'prev_value': None, 'change': True}
2023-12-05 19:31:19,678 : INFO : EventManager : Event: ======'machine_var_audits_switches_s_skill_shot_3'====== Args={'value': 0, 'prev_value': None, 'change': True}
2023-12-05 19:31:19,678 : INFO : EventManager : Event: ======'machine_var_audits_switches_s_skill_shot_4'====== Args={'value': 0, 'prev_value': None, 'change': True}
2023-12-05 19:31:19,679 : INFO : EventManager : Event: ======'machine_var_audits_switches_s_skill_shot_5'====== Args={'value': 0, 'prev_value': None, 'change': True}
2023-12-05 19:31:19,679 : INFO : EventManager : Event: ======'machine_var_audits_switches_s_skill_shot_6'====== Args={'value': 0, 'prev_value': None, 'change': True}
2023-12-05 19:31:19,679 : INFO : EventManager : Event: ======'machine_var_audits_switches_s_skill_shot_lane'====== Args={'value': 0, 'prev_value': None, 'change': True}
2023-12-05 19:31:19,679 : INFO : EventManager : Event: ======'machine_var_audits_switches_s_spacewarp_rollover'====== Args={'value': 0, 'prev_value': None, 'change': True}
2023-12-05 19:31:19,680 : INFO : EventManager : Event: ======'machine_var_audits_switches_s_start'====== Args={'value': 6, 'prev_value': None, 'change': True}
2023-12-05 19:31:19,680 : INFO : EventManager : Event: ======'machine_var_audits_switches_s_trough1'====== Args={'value': 30, 'prev_value': None, 'change': True}
2023-12-05 19:31:19,681 : INFO : EventManager : Event: ======'machine_var_audits_switches_s_trough2'====== Args={'value': 0, 'prev_value': None, 'change': True}
2023-12-05 19:31:19,681 : INFO : EventManager : Event: ======'machine_var_audits_switches_s_trough3'====== Args={'value': 0, 'prev_value': None, 'change': True}
2023-12-05 19:31:19,681 : INFO : EventManager : Event: ======'machine_var_audits_switches_s_trough4'====== Args={'value': 0, 'prev_value': None, 'change': True}
2023-12-05 19:31:19,682 : INFO : EventManager : Event: ======'machine_var_audits_switches_s_trough5'====== Args={'value': 0, 'prev_value': None, 'change': True}
2023-12-05 19:31:19,682 : INFO : EventManager : Event: ======'machine_var_audits_switches_s_trough6'====== Args={'value': 0, 'prev_value': None, 'change': True}
2023-12-05 19:31:19,683 : INFO : EventManager : Event: ======'machine_var_audits_switches_s_trough_jam'====== Args={'value': 0, 'prev_value': None, 'change': True}
2023-12-05 19:31:19,683 : INFO : EventManager : Event: ======'machine_var_audits_switches_s_upper_attack_bumper'====== Args={'value': 0, 'prev_value': None, 'change': True}
2023-12-05 19:31:19,684 : INFO : EventManager : Event: ======'machine_var_audits_switches_s_upper_left_rebound'====== Args={'value': 0, 'prev_value': None, 'change': True}
2023-12-05 19:31:19,684 : INFO : EventManager : Event: ======'machine_var_audits_switches_s_upper_right_rebound'====== Args={'value': 0, 'prev_value': None, 'change': True}
2023-12-05 19:31:19,685 : INFO : EventManager : Event: ======'machine_var_audits_switches_s_wormhole_target'====== Args={'value': 0, 'prev_value': None, 'change': True}
2023-12-05 19:31:19,685 : INFO : EventManager : Event: ======'machine_var_audits_switches_s_yellow_wormhole'====== Args={'value': 0, 'prev_value': None, 'change': True}
2023-12-05 19:31:19,686 : INFO : EventManager : Event: ======'init_phase_5'====== Args={}
2023-12-05 19:31:19,722 : INFO : EventManager : Event: ======'init_done'====== Args={}
2023-12-05 19:31:19,722 : INFO : EventManager : Event: ======'machine_reset_phase_1'====== Args={}
2023-12-05 19:31:19,734 : INFO : EventManager : Event: ======'slide_welcome_slide_removed'====== Args={'_from_bcp': True}
2023-12-05 19:31:19,734 : INFO : EventManager : Event: ======'slide_welcome_slide_created'====== Args={'_from_bcp': True}
2023-12-05 19:31:19,735 : INFO : EventManager : Event: ======'slide_welcome_slide_active'====== Args={'_from_bcp': True}
2023-12-05 19:31:19,735 : INFO : EventManager : Event: ======'machine_reset_phase_2'====== Args={}
2023-12-05 19:31:19,735 : INFO : EventManager : Event: ======'machine_reset_phase_3'====== Args={}
2023-12-05 19:31:19,735 : INFO : EventManager : Event: ======'reset_complete'====== Args={}
2023-12-05 19:31:19,735 : INFO : EventManager : Event: ======'mode_attract_will_start'====== Args={}
2023-12-05 19:31:19,736 : INFO : EventManager : Event: ======'mode_attract_starting'====== Args={}
2023-12-05 19:31:19,736 : INFO : Mode.attract : Started. Priority: 10
2023-12-05 19:31:19,737 : INFO : EventManager : Event: ======'modes_active_modes_changed'====== Args={}
2023-12-05 19:31:19,737 : INFO : EventManager : Event: ======'mode_attract_started'====== Args={}
2023-12-05 19:31:19,737 : INFO : EventManager : Event: ======'collecting_balls_complete'====== Args={}
2023-12-05 19:31:19,768 : INFO : EventManager : Event: ======'slide_awesome_slide_created'====== Args={'_from_bcp': True}
2023-12-05 19:31:19,768 : INFO : EventManager : Event: ======'slide_awesome_slide_active'====== Args={'_from_bcp': True}
2023-12-05 19:31:19,769 : INFO : Machine : Starting the main run loop.
2023-12-05 19:31:20,064 : INFO : BcpServer : New client connected.
2023-12-05 19:31:20,618 : INFO : SwitchController : <<<<<<< 's_start' active >>>>>>>
2023-12-05 19:31:20,768 : INFO : SwitchController : <<<<<<< 's_start' inactive >>>>>>>
2023-12-05 19:31:20,768 : INFO : EventManager : Event: ======'request_to_start_game'====== Args={}
2023-12-05 19:31:20,770 : INFO : EventManager : Event: ======'game_start'====== Args={'buttons': [], 'hold_time': 0.1569999996572733}
2023-12-05 19:31:20,770 : INFO : EventManager : Event: ======'mode_game_will_start'====== Args={'buttons': [], 'hold_time': 0.1569999996572733}
2023-12-05 19:31:20,771 : INFO : EventManager : Event: ======'mode_game_starting'====== Args={'buttons': [], 'hold_time': 0.1569999996572733}
2023-12-05 19:31:20,771 : INFO : EventManager : Event: ======'mode_attract_will_stop'====== Args={}
2023-12-05 19:31:20,771 : INFO : EventManager : Event: ======'mode_attract_stopping'====== Args={}
2023-12-05 19:31:20,771 : INFO : Mode.attract : Stopped.
2023-12-05 19:31:20,771 : INFO : EventManager : Event: ======'modes_active_modes_changed'====== Args={}
2023-12-05 19:31:20,772 : INFO : EventManager : Event: ======'mode_attract_stopped'====== Args={}
2023-12-05 19:31:20,772 : INFO : EventManager : Event: ======'clear'====== Args={'key': 'attract'}
2023-12-05 19:31:20,772 : INFO : Mode.game : Started. Priority: 20
2023-12-05 19:31:20,773 : INFO : EventManager : Event: ======'modes_active_modes_changed'====== Args={}
2023-12-05 19:31:20,773 : INFO : EventManager : Event: ======'mode_game_started'====== Args={'buttons': [], 'hold_time': 0.1569999996572733}
2023-12-05 19:31:20,779 : INFO : EventManager : Event: ======'game_will_start'====== Args={}
2023-12-05 19:31:20,780 : INFO : EventManager : Event: ======'game_starting'====== Args={'game': <Mode.game>}
2023-12-05 19:31:20,780 : INFO : EventManager : Event: ======'slide_awesome_slide_removed'====== Args={'_from_bcp': True}
2023-12-05 19:31:20,780 : INFO : EventManager : Event: ======'slide_welcome_slide_active'====== Args={'_from_bcp': True}
2023-12-05 19:31:20,781 : INFO : EventManager : Event: ======'player_add_request'====== Args={}
2023-12-05 19:31:20,781 : INFO : EventManager : Event: ======'player_will_add'====== Args={'number': 1}
2023-12-05 19:31:20,781 : INFO : EventManager : Event: ======'player_adding'====== Args={'player': <Player 1>, 'number': 1}
2023-12-05 19:31:20,781 : INFO : EventManager : Event: ======'player_added'====== Args={'player': <Player 1>, 'num': 1}
2023-12-05 19:31:20,782 : INFO : Mode.game : Player added successfully. Total players: 1
2023-12-05 19:31:20,782 : INFO : EventManager : Event: ======'player_index'====== Args={'value': 0, 'prev_value': 0, 'change': 0, 'player_num': 1}
2023-12-05 19:31:20,782 : INFO : EventManager : Event: ======'player_number'====== Args={'value': 1, 'prev_value': 1, 'change': 0, 'player_num': 1}
2023-12-05 19:31:20,782 : INFO : EventManager : Event: ======'player_score'====== Args={'value': 0, 'prev_value': 0, 'change': 0, 'player_num': 1}
2023-12-05 19:31:20,783 : INFO : EventManager : Event: ======'game_started'====== Args={}
2023-12-05 19:31:20,790 : INFO : EventManager : Event: ======'player_turn_will_start'====== Args={'player': <Player 1>, 'number': 1}
2023-12-05 19:31:20,799 : INFO : EventManager : Event: ======'player_turn_starting'====== Args={'player': <Player 1>, 'number': 1}
2023-12-05 19:31:20,799 : INFO : EventManager : Event: ======'player_ball'====== Args={'value': 1, 'prev_value': 0, 'change': 1, 'player_num': 1}
2023-12-05 19:31:20,799 : INFO : EventManager : Event: ======'player_turn_started'====== Args={'player': <Player 1>, 'number': 1}
2023-12-05 19:31:20,800 : INFO : EventManager : Event: ======'ball_will_start'====== Args={'player': 1, 'ball': 1, 'balls_remaining': 2, 'is_extra_ball': False}
2023-12-05 19:31:20,803 : INFO : EventManager : Event: ======'ball_starting'====== Args={'player': 1, 'ball': 1, 'balls_remaining': 2, 'is_extra_ball': False}
2023-12-05 19:31:20,804 : INFO : EventManager : Event: ======'mode_base_will_start'====== Args={'queue': <QueuedEvent>, 'player': 1, 'ball': 1, 'balls_remaining': 2, 'is_extra_ball': False}
2023-12-05 19:31:20,805 : INFO : EventManager : Event: ======'mode_base_starting'====== Args={'queue': <QueuedEvent>, 'player': 1, 'ball': 1, 'balls_remaining': 2, 'is_extra_ball': False}
2023-12-05 19:31:20,806 : INFO : Mode.base : Started. Priority: 100
2023-12-05 19:31:20,806 : INFO : EventManager : Event: ======'modes_active_modes_changed'====== Args={}
2023-12-05 19:31:20,806 : INFO : EventManager : Event: ======'mode_base_started'====== Args={'queue': <QueuedEvent>, 'player': 1, 'ball': 1, 'balls_remaining': 2, 'is_extra_ball': False}
2023-12-05 19:31:20,808 : INFO : EventManager : Event: ======'balls_in_play'====== Args={'balls': 1}
2023-12-05 19:31:20,808 : INFO : EventManager : Event: ======'ball_started'====== Args={'player': 1, 'ball': 1, 'balls_remaining': 2, 'is_extra_ball': False}
2023-12-05 19:31:20,808 : INFO : EventManager : Event: ======'mode_medal_will_start'====== Args={'player': 1, 'ball': 1, 'balls_remaining': 2, 'is_extra_ball': False}
2023-12-05 19:31:20,809 : INFO : EventManager : Event: ======'player_shot_medalL_shot_enabled'====== Args={'value': True, 'prev_value': 0, 'change': 1, 'player_num': 1}
2023-12-05 19:31:20,809 : INFO : EventManager : Event: ======'player_shot_medalM_shot_enabled'====== Args={'value': True, 'prev_value': 0, 'change': 1, 'player_num': 1}
2023-12-05 19:31:20,810 : INFO : EventManager : Event: ======'player_shot_medalR_shot_enabled'====== Args={'value': True, 'prev_value': 0, 'change': 1, 'player_num': 1}
2023-12-05 19:31:20,811 : INFO : EventManager : Event: ======'medal_shot_complete'====== Args={'state': 'unlit'}
2023-12-05 19:31:20,811 : INFO : EventManager : Event: ======'medal_shot_unlit_complete'====== Args={}
2023-12-05 19:31:20,812 : INFO : EventManager : Event: ======'mode_medal_starting'====== Args={'player': 1, 'ball': 1, 'balls_remaining': 2, 'is_extra_ball': False}
2023-12-05 19:31:20,813 : INFO : EventManager : Event: ======'mode_reentry_will_start'====== Args={'player': 1, 'ball': 1, 'balls_remaining': 2, 'is_extra_ball': False}
2023-12-05 19:31:20,813 : INFO : EventManager : Event: ======'player_shot_reentryL_shot_enabled'====== Args={'value': True, 'prev_value': 0, 'change': 1, 'player_num': 1}
2023-12-05 19:31:20,814 : INFO : EventManager : Event: ======'player_shot_reentryM_shot_enabled'====== Args={'value': True, 'prev_value': 0, 'change': 1, 'player_num': 1}
2023-12-05 19:31:20,815 : INFO : EventManager : Event: ======'player_shot_reentryR_shot_enabled'====== Args={'value': True, 'prev_value': 0, 'change': 1, 'player_num': 1}
2023-12-05 19:31:20,815 : INFO : EventManager : Event: ======'reentry_shot_complete'====== Args={'state': 'off'}
2023-12-05 19:31:20,816 : INFO : EventManager : Event: ======'reentry_shot_off_complete'====== Args={}
2023-12-05 19:31:20,819 : INFO : EventManager : Event: ======'mode_reentry_starting'====== Args={'player': 1, 'ball': 1, 'balls_remaining': 2, 'is_extra_ball': False}
2023-12-05 19:31:20,849 : INFO : EventManager : Event: ======'logicblock_medal_shot_complete_count_updated'====== Args={'value': 1, 'enabled': True}
2023-12-05 19:31:20,849 : INFO : EventManager : Event: ======'logicblock_medal_shot_complete_count_updated'====== Args={'value': 1, 'enabled': True}
2023-12-05 19:31:20,850 : INFO : Mode.medal : Started. Priority: 200
2023-12-05 19:31:20,850 : INFO : EventManager : Event: ======'modes_active_modes_changed'====== Args={}
2023-12-05 19:31:20,850 : INFO : EventManager : Event: ======'mode_medal_started'====== Args={'player': 1, 'ball': 1, 'balls_remaining': 2, 'is_extra_ball': False}
2023-12-05 19:31:20,850 : INFO : EventManager : Event: ======'logicblock_reentry_shot_complete_count_updated'====== Args={'value': 1, 'enabled': True}
2023-12-05 19:31:20,851 : INFO : EventManager : Event: ======'logicblock_reentry_shot_complete_count_updated'====== Args={'value': 1, 'enabled': True}
2023-12-05 19:31:20,851 : INFO : Mode.reentry : Started. Priority: 200
2023-12-05 19:31:20,851 : INFO : EventManager : Event: ======'modes_active_modes_changed'====== Args={}
2023-12-05 19:31:20,851 : INFO : EventManager : Event: ======'mode_reentry_started'====== Args={'player': 1, 'ball': 1, 'balls_remaining': 2, 'is_extra_ball': False}
2023-12-05 19:31:20,852 : INFO : EventManager : Event: ======'single_player_ball_started'====== Args={}
2023-12-05 19:31:20,852 : INFO : EventManager : Event: ======'player_attack_bumper_count'====== Args={'value': 1, 'prev_value': 0, 'change': 1, 'player_num': 1}
2023-12-05 19:31:20,853 : INFO : EventManager : Event: ======'slide_base.slide_player-mode_base_started_created'====== Args={'_from_bcp': True}
2023-12-05 19:31:20,853 : INFO : EventManager : Event: ======'slide_base.slide_player-mode_base_started_active'====== Args={'_from_bcp': True}
2023-12-05 19:31:20,853 : INFO : EventManager : Event: ======'slide__global.slide_player-ball_started_created'====== Args={'_from_bcp': True}
2023-12-05 19:31:20,854 : INFO : EventManager : Event: ======'ball_start_target'====== Args={'target': 'playfield'}
2023-12-05 19:31:20,885 : INFO : ball_device.bd_plunger : Setting up player-controlled eject. Balls: 1, Target: <playfield.playfield>, player_controlled_eject_event: None
2023-12-05 19:31:20,887 : INFO : EventManager : Event: ======'balldevice_balls_available'====== Args={}
2023-12-05 19:31:20,888 : INFO : ball_device.bd_trough : State: waiting_for_target_ready
2023-12-05 19:31:20,888 : INFO : EventManager : Event: ======'balldevice_bd_trough_ball_eject_attempt'====== Args={'balls': 1, 'target': <ball_device.bd_plunger>, 'source': <ball_device.bd_trough>, 'mechanical_eject': True, 'num_attempts': 0}
2023-12-05 19:31:20,889 : INFO : ball_device.bd_plunger : State: waiting_for_ball
2023-12-05 19:31:20,889 : INFO : ball_device.bd_trough : State: ejecting
2023-12-05 19:31:20,890 : INFO : ball_device.bd_trough : Ejecting ball to <ball_device.bd_plunger>
2023-12-05 19:31:20,890 : INFO : EventManager : Event: ======'balldevice_bd_trough_ejecting_ball'====== Args={'balls': 1, 'target': <ball_device.bd_plunger>, 'source': <ball_device.bd_trough>, 'mechanical_eject': True, 'num_attempts': 0}
2023-12-05 19:31:20,891 : INFO : ball_device.bd_trough : Wait for ball to leave device
2023-12-05 19:31:20,891 : INFO : coil.c_trough_eject : Pulsing Driver for 10ms (1.0 pulse_power)
2023-12-05 19:31:22,546 : INFO : SwitchController : <<<<<<< 's_medal_drop_left' active >>>>>>>
2023-12-05 19:31:22,546 : INFO : EventManager : Event: ======'playfield_active'====== Args={}
2023-12-05 19:31:22,548 : INFO : EventManager : Event: ======'unexpected_ball_on_playfield'====== Args={}
2023-12-05 19:31:22,549 : INFO : EventManager : Event: ======'s_medal_drop_left_active'====== Args={}
2023-12-05 19:31:22,551 : INFO : EventManager : Event: ======'sw_playfield_active'====== Args={}
2023-12-05 19:31:22,552 : INFO : EventManager : Event: ======'machine_var_audits_switches_s_medal_drop_left'====== Args={'value': 84, 'prev_value': 83, 'change': 1}
2023-12-05 19:31:22,556 : INFO : EventManager : Event: ======'player_shot_medalL_shot'====== Args={'value': 1, 'prev_value': 0, 'change': 1, 'player_num': 1}
2023-12-05 19:31:22,583 : INFO : EventManager : Event: ======'machine_var_audits_shots_medalL_shot'====== Args={'value': 70, 'prev_value': 69, 'change': 1}
2023-12-05 19:31:22,583 : INFO : EventManager : Event: ======'medalL_shot_hit'====== Args={'profile': 'default', 'state': 'unlit', 'advancing': True}
2023-12-05 19:31:22,584 : INFO : EventManager : Event: ======'medalL_shot_default_hit'====== Args={'profile': 'default', 'state': 'unlit', 'advancing': True}
2023-12-05 19:31:22,584 : INFO : EventManager : Event: ======'medalL_shot_default_unlit_hit'====== Args={'profile': 'default', 'state': 'unlit', 'advancing': True}
2023-12-05 19:31:22,584 : INFO : EventManager : Event: ======'medalL_shot_unlit_hit'====== Args={'profile': 'default', 'state': 'unlit', 'advancing': True}
2023-12-05 19:31:22,584 : INFO : EventManager : Event: ======'medal_shot_hit'====== Args={}
2023-12-05 19:31:22,584 : INFO : EventManager : Event: ======'medal_shot_unlit_hit'====== Args={}
2023-12-05 19:31:22,584 : INFO : EventManager : Event: ======'player_score'====== Args={'value': 1500, 'prev_value': 0, 'change': 1500, 'player_num': 1}
2023-12-05 19:31:22,585 : INFO : EventManager : Event: ======'playfield_active'====== Args={}
2023-12-05 19:31:22,585 : INFO : EventManager : Event: ======'unexpected_ball_on_playfield'====== Args={}
2023-12-05 19:31:22,798 : INFO : SwitchController : <<<<<<< 's_medal_drop_left' inactive >>>>>>>
2023-12-05 19:31:23,063 : INFO : SwitchController : <<<<<<< 's_medal_drop_middle' active >>>>>>>
2023-12-05 19:31:23,063 : INFO : EventManager : Event: ======'playfield_active'====== Args={}
2023-12-05 19:31:23,063 : INFO : EventManager : Event: ======'unexpected_ball_on_playfield'====== Args={}
2023-12-05 19:31:23,063 : INFO : EventManager : Event: ======'s_medal_drop_middle_active'====== Args={}
2023-12-05 19:31:23,063 : INFO : EventManager : Event: ======'sw_playfield_active'====== Args={}
2023-12-05 19:31:23,064 : INFO : EventManager : Event: ======'machine_var_audits_switches_s_medal_drop_middle'====== Args={'value': 81, 'prev_value': 80, 'change': 1}
2023-12-05 19:31:23,064 : INFO : EventManager : Event: ======'player_shot_medalM_shot'====== Args={'value': 1, 'prev_value': 0, 'change': 1, 'player_num': 1}
2023-12-05 19:31:23,065 : INFO : EventManager : Event: ======'machine_var_audits_shots_medalM_shot'====== Args={'value': 67, 'prev_value': 66, 'change': 1}
2023-12-05 19:31:23,066 : INFO : EventManager : Event: ======'medalM_shot_hit'====== Args={'profile': 'default', 'state': 'unlit', 'advancing': True}
2023-12-05 19:31:23,066 : INFO : EventManager : Event: ======'medalM_shot_default_hit'====== Args={'profile': 'default', 'state': 'unlit', 'advancing': True}
2023-12-05 19:31:23,066 : INFO : EventManager : Event: ======'medalM_shot_default_unlit_hit'====== Args={'profile': 'default', 'state': 'unlit', 'advancing': True}
2023-12-05 19:31:23,066 : INFO : EventManager : Event: ======'medalM_shot_unlit_hit'====== Args={'profile': 'default', 'state': 'unlit', 'advancing': True}
2023-12-05 19:31:23,067 : INFO : EventManager : Event: ======'medal_shot_hit'====== Args={}
2023-12-05 19:31:23,067 : INFO : EventManager : Event: ======'medal_shot_unlit_hit'====== Args={}
2023-12-05 19:31:23,067 : INFO : EventManager : Event: ======'player_score'====== Args={'value': 3000, 'prev_value': 1500, 'change': 1500, 'player_num': 1}
2023-12-05 19:31:23,067 : INFO : EventManager : Event: ======'playfield_active'====== Args={}
2023-12-05 19:31:23,068 : INFO : EventManager : Event: ======'unexpected_ball_on_playfield'====== Args={}
2023-12-05 19:31:23,202 : INFO : SwitchController : <<<<<<< 's_medal_drop_middle' inactive >>>>>>>
2023-12-05 19:31:24,144 : INFO : SwitchController : <<<<<<< 's_medal_drop_right' active >>>>>>>
2023-12-05 19:31:24,144 : INFO : EventManager : Event: ======'playfield_active'====== Args={}
2023-12-05 19:31:24,145 : INFO : EventManager : Event: ======'unexpected_ball_on_playfield'====== Args={}
2023-12-05 19:31:24,147 : INFO : EventManager : Event: ======'s_medal_drop_right_active'====== Args={}
2023-12-05 19:31:24,148 : INFO : EventManager : Event: ======'sw_playfield_active'====== Args={}
2023-12-05 19:31:24,150 : INFO : EventManager : Event: ======'machine_var_audits_switches_s_medal_drop_right'====== Args={'value': 82, 'prev_value': 81, 'change': 1}
2023-12-05 19:31:24,153 : INFO : EventManager : Event: ======'player_shot_medalR_shot'====== Args={'value': 1, 'prev_value': 0, 'change': 1, 'player_num': 1}
2023-12-05 19:31:24,156 : INFO : EventManager : Event: ======'machine_var_audits_shots_medalR_shot'====== Args={'value': 68, 'prev_value': 67, 'change': 1}
2023-12-05 19:31:24,159 : INFO : EventManager : Event: ======'medalR_shot_hit'====== Args={'profile': 'default', 'state': 'unlit', 'advancing': True}
2023-12-05 19:31:24,160 : INFO : EventManager : Event: ======'medalR_shot_default_hit'====== Args={'profile': 'default', 'state': 'unlit', 'advancing': True}
2023-12-05 19:31:24,161 : INFO : EventManager : Event: ======'medalR_shot_default_unlit_hit'====== Args={'profile': 'default', 'state': 'unlit', 'advancing': True}
2023-12-05 19:31:24,163 : INFO : EventManager : Event: ======'medalR_shot_unlit_hit'====== Args={'profile': 'default', 'state': 'unlit', 'advancing': True}
2023-12-05 19:31:24,164 : INFO : EventManager : Event: ======'medal_shot_complete'====== Args={'state': 'lit'}
2023-12-05 19:31:24,165 : INFO : EventManager : Event: ======'medal_shot_lit_complete'====== Args={}
2023-12-05 19:31:24,166 : INFO : EventManager : Event: ======'medal_shot_hit'====== Args={}
2023-12-05 19:31:24,166 : INFO : EventManager : Event: ======'medal_shot_unlit_hit'====== Args={}
2023-12-05 19:31:24,167 : INFO : EventManager : Event: ======'player_shot_medalL_shot'====== Args={'value': 0, 'prev_value': 1, 'change': -1, 'player_num': 1}
2023-12-05 19:31:24,169 : INFO : EventManager : Event: ======'player_shot_medalM_shot'====== Args={'value': 0, 'prev_value': 1, 'change': -1, 'player_num': 1}
2023-12-05 19:31:24,170 : INFO : EventManager : Event: ======'player_shot_medalR_shot'====== Args={'value': 0, 'prev_value': 1, 'change': -1, 'player_num': 1}
2023-12-05 19:31:24,173 : INFO : EventManager : Event: ======'logicblock_medal_shot_complete_count_updated'====== Args={'value': 2, 'enabled': True}
2023-12-05 19:31:24,173 : INFO : EventManager : Event: ======'medal_shot_done'====== Args={'count': 2}
2023-12-05 19:31:24,174 : INFO : EventManager : Event: ======'player_score'====== Args={'value': 13000, 'prev_value': 3000, 'change': 10000, 'player_num': 1}
2023-12-05 19:31:24,175 : INFO : EventManager : Event: ======'player_score'====== Args={'value': 14500, 'prev_value': 13000, 'change': 1500, 'player_num': 1}
2023-12-05 19:31:24,176 : INFO : EventManager : Event: ======'playfield_active'====== Args={}
2023-12-05 19:31:24,177 : INFO : EventManager : Event: ======'unexpected_ball_on_playfield'====== Args={}
2023-12-05 19:31:24,255 : INFO : SwitchController : <<<<<<< 's_medal_drop_right' inactive >>>>>>>
2023-12-05 19:31:26,923 : INFO : SwitchController : <<<<<<< 's_medal_drop_left' active >>>>>>>
2023-12-05 19:31:26,923 : INFO : EventManager : Event: ======'playfield_active'====== Args={}
2023-12-05 19:31:26,924 : INFO : EventManager : Event: ======'unexpected_ball_on_playfield'====== Args={}
2023-12-05 19:31:26,924 : INFO : EventManager : Event: ======'s_medal_drop_left_active'====== Args={}
2023-12-05 19:31:26,924 : INFO : EventManager : Event: ======'sw_playfield_active'====== Args={}
2023-12-05 19:31:26,925 : INFO : EventManager : Event: ======'machine_var_audits_switches_s_medal_drop_left'====== Args={'value': 85, 'prev_value': 84, 'change': 1}
2023-12-05 19:31:26,926 : INFO : EventManager : Event: ======'player_shot_medalL_shot'====== Args={'value': 1, 'prev_value': 0, 'change': 1, 'player_num': 1}
2023-12-05 19:31:26,926 : INFO : EventManager : Event: ======'machine_var_audits_shots_medalL_shot'====== Args={'value': 71, 'prev_value': 70, 'change': 1}
2023-12-05 19:31:26,927 : INFO : EventManager : Event: ======'medalL_shot_hit'====== Args={'profile': 'default', 'state': 'unlit', 'advancing': True}
2023-12-05 19:31:26,928 : INFO : EventManager : Event: ======'medalL_shot_default_hit'====== Args={'profile': 'default', 'state': 'unlit', 'advancing': True}
2023-12-05 19:31:26,928 : INFO : EventManager : Event: ======'medalL_shot_default_unlit_hit'====== Args={'profile': 'default', 'state': 'unlit', 'advancing': True}
2023-12-05 19:31:26,928 : INFO : EventManager : Event: ======'medalL_shot_unlit_hit'====== Args={'profile': 'default', 'state': 'unlit', 'advancing': True}
2023-12-05 19:31:26,928 : INFO : EventManager : Event: ======'medal_shot_hit'====== Args={}
2023-12-05 19:31:26,928 : INFO : EventManager : Event: ======'medal_shot_unlit_hit'====== Args={}
2023-12-05 19:31:26,928 : INFO : EventManager : Event: ======'player_score'====== Args={'value': 16000, 'prev_value': 14500, 'change': 1500, 'player_num': 1}
2023-12-05 19:31:26,929 : INFO : EventManager : Event: ======'playfield_active'====== Args={}
2023-12-05 19:31:26,929 : INFO : EventManager : Event: ======'unexpected_ball_on_playfield'====== Args={}
2023-12-05 19:31:27,075 : INFO : SwitchController : <<<<<<< 's_medal_drop_left' inactive >>>>>>>
2023-12-05 19:31:27,295 : INFO : SwitchController : <<<<<<< 's_medal_drop_middle' active >>>>>>>
2023-12-05 19:31:27,295 : INFO : EventManager : Event: ======'playfield_active'====== Args={}
2023-12-05 19:31:27,296 : INFO : EventManager : Event: ======'unexpected_ball_on_playfield'====== Args={}
2023-12-05 19:31:27,298 : INFO : EventManager : Event: ======'s_medal_drop_middle_active'====== Args={}
2023-12-05 19:31:27,300 : INFO : EventManager : Event: ======'sw_playfield_active'====== Args={}
2023-12-05 19:31:27,301 : INFO : EventManager : Event: ======'machine_var_audits_switches_s_medal_drop_middle'====== Args={'value': 82, 'prev_value': 81, 'change': 1}
2023-12-05 19:31:27,305 : INFO : EventManager : Event: ======'player_shot_medalM_shot'====== Args={'value': 1, 'prev_value': 0, 'change': 1, 'player_num': 1}
2023-12-05 19:31:27,307 : INFO : EventManager : Event: ======'machine_var_audits_shots_medalM_shot'====== Args={'value': 68, 'prev_value': 67, 'change': 1}
2023-12-05 19:31:27,310 : INFO : EventManager : Event: ======'medalM_shot_hit'====== Args={'profile': 'default', 'state': 'unlit', 'advancing': True}
2023-12-05 19:31:27,311 : INFO : EventManager : Event: ======'medalM_shot_default_hit'====== Args={'profile': 'default', 'state': 'unlit', 'advancing': True}
2023-12-05 19:31:27,312 : INFO : EventManager : Event: ======'medalM_shot_default_unlit_hit'====== Args={'profile': 'default', 'state': 'unlit', 'advancing': True}
2023-12-05 19:31:27,312 : INFO : EventManager : Event: ======'medalM_shot_unlit_hit'====== Args={'profile': 'default', 'state': 'unlit', 'advancing': True}
2023-12-05 19:31:27,313 : INFO : EventManager : Event: ======'medal_shot_hit'====== Args={}
2023-12-05 19:31:27,314 : INFO : EventManager : Event: ======'medal_shot_unlit_hit'====== Args={}
2023-12-05 19:31:27,316 : INFO : EventManager : Event: ======'player_score'====== Args={'value': 17500, 'prev_value': 16000, 'change': 1500, 'player_num': 1}
2023-12-05 19:31:27,318 : INFO : EventManager : Event: ======'playfield_active'====== Args={}
2023-12-05 19:31:27,319 : INFO : EventManager : Event: ======'unexpected_ball_on_playfield'====== Args={}
2023-12-05 19:31:27,459 : INFO : SwitchController : <<<<<<< 's_medal_drop_middle' inactive >>>>>>>
2023-12-05 19:31:27,676 : INFO : SwitchController : <<<<<<< 's_medal_drop_right' active >>>>>>>
2023-12-05 19:31:27,676 : INFO : EventManager : Event: ======'playfield_active'====== Args={}
2023-12-05 19:31:27,677 : INFO : EventManager : Event: ======'unexpected_ball_on_playfield'====== Args={}
2023-12-05 19:31:27,679 : INFO : EventManager : Event: ======'s_medal_drop_right_active'====== Args={}
2023-12-05 19:31:27,680 : INFO : EventManager : Event: ======'sw_playfield_active'====== Args={}
2023-12-05 19:31:27,682 : INFO : EventManager : Event: ======'machine_var_audits_switches_s_medal_drop_right'====== Args={'value': 83, 'prev_value': 82, 'change': 1}
2023-12-05 19:31:27,685 : INFO : EventManager : Event: ======'player_shot_medalR_shot'====== Args={'value': 1, 'prev_value': 0, 'change': 1, 'player_num': 1}
2023-12-05 19:31:27,688 : INFO : EventManager : Event: ======'machine_var_audits_shots_medalR_shot'====== Args={'value': 69, 'prev_value': 68, 'change': 1}
2023-12-05 19:31:27,690 : INFO : EventManager : Event: ======'medalR_shot_hit'====== Args={'profile': 'default', 'state': 'unlit', 'advancing': True}
2023-12-05 19:31:27,691 : INFO : EventManager : Event: ======'medalR_shot_default_hit'====== Args={'profile': 'default', 'state': 'unlit', 'advancing': True}
2023-12-05 19:31:27,691 : INFO : EventManager : Event: ======'medalR_shot_default_unlit_hit'====== Args={'profile': 'default', 'state': 'unlit', 'advancing': True}
2023-12-05 19:31:27,692 : INFO : EventManager : Event: ======'medalR_shot_unlit_hit'====== Args={'profile': 'default', 'state': 'unlit', 'advancing': True}
2023-12-05 19:31:27,692 : INFO : EventManager : Event: ======'medal_shot_complete'====== Args={'state': 'lit'}
2023-12-05 19:31:27,692 : INFO : EventManager : Event: ======'medal_shot_lit_complete'====== Args={}
2023-12-05 19:31:27,692 : INFO : EventManager : Event: ======'medal_shot_hit'====== Args={}
2023-12-05 19:31:27,692 : INFO : EventManager : Event: ======'medal_shot_unlit_hit'====== Args={}
2023-12-05 19:31:27,692 : INFO : EventManager : Event: ======'player_shot_medalL_shot'====== Args={'value': 0, 'prev_value': 1, 'change': -1, 'player_num': 1}
2023-12-05 19:31:27,693 : INFO : EventManager : Event: ======'player_shot_medalM_shot'====== Args={'value': 0, 'prev_value': 1, 'change': -1, 'player_num': 1}
2023-12-05 19:31:27,694 : INFO : EventManager : Event: ======'player_shot_medalR_shot'====== Args={'value': 0, 'prev_value': 1, 'change': -1, 'player_num': 1}
2023-12-05 19:31:27,694 : INFO : EventManager : Event: ======'logicblock_medal_shot_complete_count_updated'====== Args={'value': 3, 'enabled': True}
2023-12-05 19:31:27,694 : INFO : EventManager : Event: ======'medal_shot_done'====== Args={'count': 3}
2023-12-05 19:31:27,695 : INFO : EventManager : Event: ======'player_score'====== Args={'value': 67500, 'prev_value': 17500, 'change': 50000, 'player_num': 1}
2023-12-05 19:31:27,695 : INFO : EventManager : Event: ======'player_score'====== Args={'value': 69000, 'prev_value': 67500, 'change': 1500, 'player_num': 1}
2023-12-05 19:31:27,695 : INFO : EventManager : Event: ======'playfield_active'====== Args={}
2023-12-05 19:31:27,695 : INFO : EventManager : Event: ======'unexpected_ball_on_playfield'====== Args={}
2023-12-05 19:31:27,839 : INFO : SwitchController : <<<<<<< 's_medal_drop_right' inactive >>>>>>>
2023-12-05 19:31:30,821 : INFO : SwitchController : <<<<<<< 's_medal_drop_left' active >>>>>>>
2023-12-05 19:31:30,822 : INFO : EventManager : Event: ======'playfield_active'====== Args={}
2023-12-05 19:31:30,823 : INFO : EventManager : Event: ======'unexpected_ball_on_playfield'====== Args={}
2023-12-05 19:31:30,824 : INFO : EventManager : Event: ======'s_medal_drop_left_active'====== Args={}
2023-12-05 19:31:30,826 : INFO : EventManager : Event: ======'sw_playfield_active'====== Args={}
2023-12-05 19:31:30,827 : INFO : EventManager : Event: ======'machine_var_audits_switches_s_medal_drop_left'====== Args={'value': 86, 'prev_value': 85, 'change': 1}
2023-12-05 19:31:30,831 : INFO : EventManager : Event: ======'player_shot_medalL_shot'====== Args={'value': 1, 'prev_value': 0, 'change': 1, 'player_num': 1}
2023-12-05 19:31:30,842 : INFO : EventManager : Event: ======'machine_var_audits_shots_medalL_shot'====== Args={'value': 72, 'prev_value': 71, 'change': 1}
2023-12-05 19:31:30,843 : INFO : EventManager : Event: ======'medalL_shot_hit'====== Args={'profile': 'default', 'state': 'unlit', 'advancing': True}
2023-12-05 19:31:30,843 : INFO : EventManager : Event: ======'medalL_shot_default_hit'====== Args={'profile': 'default', 'state': 'unlit', 'advancing': True}
2023-12-05 19:31:30,844 : INFO : EventManager : Event: ======'medalL_shot_default_unlit_hit'====== Args={'profile': 'default', 'state': 'unlit', 'advancing': True}
2023-12-05 19:31:30,844 : INFO : EventManager : Event: ======'medalL_shot_unlit_hit'====== Args={'profile': 'default', 'state': 'unlit', 'advancing': True}
2023-12-05 19:31:30,844 : INFO : EventManager : Event: ======'medal_shot_hit'====== Args={}
2023-12-05 19:31:30,844 : INFO : EventManager : Event: ======'medal_shot_unlit_hit'====== Args={}
2023-12-05 19:31:30,845 : INFO : EventManager : Event: ======'player_score'====== Args={'value': 70500, 'prev_value': 69000, 'change': 1500, 'player_num': 1}
2023-12-05 19:31:30,845 : INFO : EventManager : Event: ======'playfield_active'====== Args={}
2023-12-05 19:31:30,845 : INFO : EventManager : Event: ======'unexpected_ball_on_playfield'====== Args={}
2023-12-05 19:31:30,906 : INFO : EventManager : Event: ======'balldevice_bd_trough_ball_eject_failed'====== Args={'target': <ball_device.bd_plunger>, 'balls': 1, 'retry': True, 'num_attempts': 1}
2023-12-05 19:31:30,907 : INFO : ball_device.bd_trough : State: waiting_for_target_ready
2023-12-05 19:31:30,907 : INFO : EventManager : Event: ======'balldevice_bd_trough_ball_eject_attempt'====== Args={'balls': 1, 'target': <ball_device.bd_plunger>, 'source': <ball_device.bd_trough>, 'mechanical_eject': True, 'num_attempts': 1}
2023-12-05 19:31:30,907 : INFO : ball_device.bd_trough : State: ejecting
2023-12-05 19:31:30,907 : INFO : ball_device.bd_trough : Ejecting ball to <ball_device.bd_plunger>
2023-12-05 19:31:30,907 : INFO : EventManager : Event: ======'balldevice_bd_trough_ejecting_ball'====== Args={'balls': 1, 'target': <ball_device.bd_plunger>, 'source': <ball_device.bd_trough>, 'mechanical_eject': True, 'num_attempts': 1}
2023-12-05 19:31:30,908 : INFO : ball_device.bd_trough : Wait for ball to leave device
2023-12-05 19:31:30,908 : INFO : coil.c_trough_eject : Pulsing Driver for 10ms (1.0 pulse_power)
2023-12-05 19:31:30,960 : INFO : SwitchController : <<<<<<< 's_medal_drop_left' inactive >>>>>>>
2023-12-05 19:31:31,191 : INFO : SwitchController : <<<<<<< 's_medal_drop_middle' active >>>>>>>
2023-12-05 19:31:31,191 : INFO : EventManager : Event: ======'playfield_active'====== Args={}
2023-12-05 19:31:31,191 : INFO : EventManager : Event: ======'unexpected_ball_on_playfield'====== Args={}
2023-12-05 19:31:31,191 : INFO : EventManager : Event: ======'s_medal_drop_middle_active'====== Args={}
2023-12-05 19:31:31,191 : INFO : EventManager : Event: ======'sw_playfield_active'====== Args={}
2023-12-05 19:31:31,191 : INFO : EventManager : Event: ======'machine_var_audits_switches_s_medal_drop_middle'====== Args={'value': 83, 'prev_value': 82, 'change': 1}
2023-12-05 19:31:31,192 : INFO : EventManager : Event: ======'player_shot_medalM_shot'====== Args={'value': 1, 'prev_value': 0, 'change': 1, 'player_num': 1}
2023-12-05 19:31:31,193 : INFO : EventManager : Event: ======'machine_var_audits_shots_medalM_shot'====== Args={'value': 69, 'prev_value': 68, 'change': 1}
2023-12-05 19:31:31,193 : INFO : EventManager : Event: ======'medalM_shot_hit'====== Args={'profile': 'default', 'state': 'unlit', 'advancing': True}
2023-12-05 19:31:31,193 : INFO : EventManager : Event: ======'medalM_shot_default_hit'====== Args={'profile': 'default', 'state': 'unlit', 'advancing': True}
2023-12-05 19:31:31,194 : INFO : EventManager : Event: ======'medalM_shot_default_unlit_hit'====== Args={'profile': 'default', 'state': 'unlit', 'advancing': True}
2023-12-05 19:31:31,194 : INFO : EventManager : Event: ======'medalM_shot_unlit_hit'====== Args={'profile': 'default', 'state': 'unlit', 'advancing': True}
2023-12-05 19:31:31,194 : INFO : EventManager : Event: ======'medal_shot_hit'====== Args={}
2023-12-05 19:31:31,194 : INFO : EventManager : Event: ======'medal_shot_unlit_hit'====== Args={}
2023-12-05 19:31:31,194 : INFO : EventManager : Event: ======'player_score'====== Args={'value': 72000, 'prev_value': 70500, 'change': 1500, 'player_num': 1}
2023-12-05 19:31:31,195 : INFO : EventManager : Event: ======'playfield_active'====== Args={}
2023-12-05 19:31:31,195 : INFO : EventManager : Event: ======'unexpected_ball_on_playfield'====== Args={}
2023-12-05 19:31:31,367 : INFO : SwitchController : <<<<<<< 's_medal_drop_middle' inactive >>>>>>>
2023-12-05 19:31:31,572 : INFO : SwitchController : <<<<<<< 's_medal_drop_right' active >>>>>>>
2023-12-05 19:31:31,573 : INFO : EventManager : Event: ======'playfield_active'====== Args={}
2023-12-05 19:31:31,574 : INFO : EventManager : Event: ======'unexpected_ball_on_playfield'====== Args={}
2023-12-05 19:31:31,575 : INFO : EventManager : Event: ======'s_medal_drop_right_active'====== Args={}
2023-12-05 19:31:31,577 : INFO : EventManager : Event: ======'sw_playfield_active'====== Args={}
2023-12-05 19:31:31,578 : INFO : EventManager : Event: ======'machine_var_audits_switches_s_medal_drop_right'====== Args={'value': 84, 'prev_value': 83, 'change': 1}
2023-12-05 19:31:31,582 : INFO : EventManager : Event: ======'player_shot_medalR_shot'====== Args={'value': 1, 'prev_value': 0, 'change': 1, 'player_num': 1}
2023-12-05 19:31:31,584 : INFO : EventManager : Event: ======'machine_var_audits_shots_medalR_shot'====== Args={'value': 70, 'prev_value': 69, 'change': 1}
2023-12-05 19:31:31,587 : INFO : EventManager : Event: ======'medalR_shot_hit'====== Args={'profile': 'default', 'state': 'unlit', 'advancing': True}
2023-12-05 19:31:31,588 : INFO : EventManager : Event: ======'medalR_shot_default_hit'====== Args={'profile': 'default', 'state': 'unlit', 'advancing': True}
2023-12-05 19:31:31,589 : INFO : EventManager : Event: ======'medalR_shot_default_unlit_hit'====== Args={'profile': 'default', 'state': 'unlit', 'advancing': True}
2023-12-05 19:31:31,589 : INFO : EventManager : Event: ======'medalR_shot_unlit_hit'====== Args={'profile': 'default', 'state': 'unlit', 'advancing': True}
2023-12-05 19:31:31,590 : INFO : EventManager : Event: ======'medal_shot_complete'====== Args={'state': 'lit'}
2023-12-05 19:31:31,591 : INFO : EventManager : Event: ======'medal_shot_lit_complete'====== Args={}
2023-12-05 19:31:31,591 : INFO : EventManager : Event: ======'medal_shot_hit'====== Args={}
2023-12-05 19:31:31,591 : INFO : EventManager : Event: ======'medal_shot_unlit_hit'====== Args={}
2023-12-05 19:31:31,592 : INFO : EventManager : Event: ======'player_shot_medalL_shot'====== Args={'value': 0, 'prev_value': 1, 'change': -1, 'player_num': 1}
2023-12-05 19:31:31,592 : INFO : EventManager : Event: ======'player_shot_medalM_shot'====== Args={'value': 0, 'prev_value': 1, 'change': -1, 'player_num': 1}
2023-12-05 19:31:31,593 : INFO : EventManager : Event: ======'player_shot_medalR_shot'====== Args={'value': 0, 'prev_value': 1, 'change': -1, 'player_num': 1}
2023-12-05 19:31:31,593 : INFO : EventManager : Event: ======'logicblock_medal_shot_complete_count_updated'====== Args={'value': 4, 'enabled': True}
2023-12-05 19:31:31,594 : INFO : EventManager : Event: ======'medal_shot_done'====== Args={'count': 4}
2023-12-05 19:31:31,594 : INFO : EventManager : Event: ======'player_score'====== Args={'value': 172000, 'prev_value': 72000, 'change': 100000, 'player_num': 1}
2023-12-05 19:31:31,595 : INFO : EventManager : Event: ======'player_score'====== Args={'value': 173500, 'prev_value': 172000, 'change': 1500, 'player_num': 1}
2023-12-05 19:31:31,595 : INFO : EventManager : Event: ======'playfield_active'====== Args={}
2023-12-05 19:31:31,595 : INFO : EventManager : Event: ======'unexpected_ball_on_playfield'====== Args={}
2023-12-05 19:31:31,711 : INFO : SwitchController : <<<<<<< 's_medal_drop_right' inactive >>>>>>>
2023-12-05 19:31:40,911 : INFO : EventManager : Event: ======'balldevice_bd_trough_ball_eject_failed'====== Args={'target': <ball_device.bd_plunger>, 'balls': 1, 'retry': True, 'num_attempts': 2}
2023-12-05 19:31:40,912 : INFO : ball_device.bd_trough : State: waiting_for_target_ready
2023-12-05 19:31:40,912 : INFO : EventManager : Event: ======'balldevice_bd_trough_ball_eject_attempt'====== Args={'balls': 1, 'target': <ball_device.bd_plunger>, 'source': <ball_device.bd_trough>, 'mechanical_eject': True, 'num_attempts': 2}
2023-12-05 19:31:40,913 : INFO : ball_device.bd_trough : State: ejecting
2023-12-05 19:31:40,913 : INFO : ball_device.bd_trough : Ejecting ball to <ball_device.bd_plunger>
2023-12-05 19:31:40,913 : INFO : EventManager : Event: ======'balldevice_bd_trough_ejecting_ball'====== Args={'balls': 1, 'target': <ball_device.bd_plunger>, 'source': <ball_device.bd_trough>, 'mechanical_eject': True, 'num_attempts': 2}
2023-12-05 19:31:40,913 : INFO : ball_device.bd_trough : Wait for ball to leave device
2023-12-05 19:31:40,913 : INFO : coil.c_trough_eject : Pulsing Driver for 10ms (1.0 pulse_power)
2023-12-05 19:31:43,746 : INFO : Machine : Shutting down...
2023-12-05 19:31:43,746 : INFO : EventManager : Event: ======'shutdown'====== Args={}
2023-12-05 19:31:43,754 : INFO : root : MPF run loop ended.
