2024-12-07 14:58:36,164 : INFO : root : Loading config.
2024-12-07 14:58:36,492 : INFO : ConfigProcessor : Config spec file cache created: C:\Users\student\AppData\Local\Temp\config_spec.mpf_cache
2024-12-07 14:58:36,492 : INFO : YamlMultifileConfigLoader : Machine config file #1: config.yaml
2024-12-07 14:58:36,493 : INFO : ConfigProcessor : Loading config from file c:\users\student\mpfenv\lib\site-packages\mpf\mpfconfig.yaml.
2024-12-07 14:58:36,556 : INFO : ConfigProcessor : Loading config: c:\users\student\mpfenv\lib\site-packages\mpf\mpfconfig.yaml
2024-12-07 14:58:36,556 : INFO : ConfigProcessor : Loading config from file C:\Users\student\pinball\cobraPinTest1\config\config.yaml.
2024-12-07 14:58:36,598 : INFO : ConfigProcessor : Loading config: C:\Users\student\pinball\cobraPinTest1\config\config.yaml
2024-12-07 14:58:36,600 : INFO : ConfigProcessor : Config file cache created: C:\Users\student\AppData\Local\Temp\f1427cd4cbc9163bc2263f349f0fb463.mpf_cache
2024-12-07 14:58:36,665 : INFO : ConfigProcessor : Loading config from file c:\users\student\mpfenv\lib\site-packages\mpf\modes\attract\config\attract.yaml.
2024-12-07 14:58:36,667 : INFO : ConfigProcessor : Loading config: c:\users\student\mpfenv\lib\site-packages\mpf\modes\attract\config\attract.yaml
2024-12-07 14:58:36,667 : INFO : ConfigProcessor : Loading config from file C:\Users\student\pinball\cobraPinTest1\modes\attract\config\attract.yaml.
2024-12-07 14:58:36,668 : INFO : ConfigProcessor : Loading config: C:\Users\student\pinball\cobraPinTest1\modes\attract\config\attract.yaml
2024-12-07 14:58:36,668 : INFO : ConfigProcessor : Config file cache created: C:\Users\student\AppData\Local\Temp\32ed7ad340ce8029344f8b9ff63edc80.mpf_cache
2024-12-07 14:58:36,669 : INFO : ConfigProcessor : Loading config from file c:\users\student\mpfenv\lib\site-packages\mpf\modes\game\config\game.yaml.
2024-12-07 14:58:36,670 : INFO : ConfigProcessor : Loading config: c:\users\student\mpfenv\lib\site-packages\mpf\modes\game\config\game.yaml
2024-12-07 14:58:36,671 : INFO : ConfigProcessor : Config file cache created: C:\Users\student\AppData\Local\Temp\8696bd5a5a040ff67990be11cb4d3c0c.mpf_cache
2024-12-07 14:58:36,671 : INFO : ConfigProcessor : Loading config from file C:\Users\student\pinball\cobraPinTest1\modes\base\config\base.yaml.
2024-12-07 14:58:36,676 : INFO : ConfigProcessor : Loading config: C:\Users\student\pinball\cobraPinTest1\modes\base\config\base.yaml
2024-12-07 14:58:36,677 : INFO : ConfigProcessor : Config file cache created: C:\Users\student\AppData\Local\Temp\4675a535c8328a9c278c807d999ed109.mpf_cache
2024-12-07 14:58:36,677 : INFO : ConfigProcessor : Loading config from file C:\Users\student\pinball\cobraPinTest1\modes\reentry\config\reentry.yaml.
2024-12-07 14:58:36,694 : INFO : ConfigProcessor : Loading config: C:\Users\student\pinball\cobraPinTest1\modes\reentry\config\reentry.yaml
2024-12-07 14:58:36,695 : INFO : ConfigProcessor : Config file cache created: C:\Users\student\AppData\Local\Temp\0c8438cab3480347c0c749fa494946a2.mpf_cache
2024-12-07 14:58:36,696 : INFO : ConfigProcessor : Loading config from file C:\Users\student\pinball\cobraPinTest1\modes\lowerlanes\config\lowerlanes.yaml.
2024-12-07 14:58:36,707 : INFO : ConfigProcessor : Loading config: C:\Users\student\pinball\cobraPinTest1\modes\lowerlanes\config\lowerlanes.yaml
2024-12-07 14:58:36,707 : INFO : ConfigProcessor : Config file cache created: C:\Users\student\AppData\Local\Temp\5052615755bdf1309b248cf8695ad4ff.mpf_cache
2024-12-07 14:58:36,708 : INFO : ConfigProcessor : Loading config from file C:\Users\student\pinball\cobraPinTest1\modes\attract\shows\.\attract_display_loop.yaml.
2024-12-07 14:58:36,717 : INFO : ConfigProcessor : Loading config: C:\Users\student\pinball\cobraPinTest1\modes\attract\shows\.\attract_display_loop.yaml
2024-12-07 14:58:36,717 : INFO : ConfigProcessor : Config file cache created: C:\Users\student\AppData\Local\Temp\f8d2c2cf3ea01f085365ea23fa51a701.mpf_cache
2024-12-07 14:58:36,718 : INFO : ConfigProcessor : Loading config from file C:\Users\student\pinball\cobraPinTest1\modes\attract\shows\.\attract_light_show.yaml.
2024-12-07 14:58:36,723 : INFO : ConfigProcessor : Loading config: C:\Users\student\pinball\cobraPinTest1\modes\attract\shows\.\attract_light_show.yaml
2024-12-07 14:58:36,723 : INFO : ConfigProcessor : Config file cache created: C:\Users\student\AppData\Local\Temp\30bd992f4b62a9b099207aebeb59554c.mpf_cache
2024-12-07 14:58:36,724 : INFO : Machine : Mission Pinball Framework Core Engine v0.55.0
2024-12-07 14:58:36,724 : INFO : Machine : Command line arguments: {'no_load_cache': True, 'create_config_cache': True, 'bcp': True, 'configfile': ['config.yaml'], 'force_assets_load': False, 'jsonlogging': False, 'logfile': 'logs\\2024-12-07-14-58-36-mpf-DESKTOP-0JH7ARL.log', 'pause': False, 'production': False, 'text_ui': True, 'loglevel': 15, 'consoleloglevel': 20, 'force_platform': None, 'syslog_address': None, 'mc_file_name': None, 'no_sound': False}
2024-12-07 14:58:36,724 : INFO : Machine : MPF path: c:\users\student\mpfenv\lib\site-packages\mpf
2024-12-07 14:58:36,724 : INFO : Machine : Machine path: C:\Users\student\pinball\cobraPinTest1
2024-12-07 14:58:36,724 : INFO : Machine : Platform: win32
2024-12-07 14:58:36,724 : INFO : Machine : Python executable location: c:\users\student\mpfenv\scripts\python.exe
2024-12-07 14:58:36,724 : INFO : Machine : Python version: 3.7.8 (64-bit)
2024-12-07 14:58:36,726 : INFO : Machine : Initialise MPF.
2024-12-07 14:58:37,089 : INFO : OPP : Connecting to com4 at 115200bps
2024-12-07 14:58:37,187 : INFO : OPP : Init of OPP board 0 done
2024-12-07 14:58:37,187 : INFO : OPP : Connecting to com5 at 115200bps
2024-12-07 14:58:37,360 : INFO : OPP : Init of OPP board 1 done
2024-12-07 14:58:37,361 : INFO : EventManager : Event: ======'machine_var_credits_string'====== Args={'value': 'FREE PLAY', 'prev_value': None, 'change': True}
2024-12-07 14:58:37,407 : INFO : EventManager : Event: ======'machine_var_master_volume'====== Args={'value': 0.5, 'prev_value': None, 'change': True}
2024-12-07 14:58:37,407 : INFO : EventManager : Event: ======'machine_var_player1_score'====== Args={'value': 1500, 'prev_value': None, 'change': True}
2024-12-07 14:58:37,407 : INFO : EventManager : Event: ======'machine_var_mpf_version'====== Args={'value': 'MPF v0.55.0', 'prev_value': None, 'change': True}
2024-12-07 14:58:37,407 : INFO : EventManager : Event: ======'machine_var_mpf_extended_version'====== Args={'value': 'MPF v0.55.0, Config version:5, Show version: 5, BCP version:1.1', 'prev_value': None, 'change': True}
2024-12-07 14:58:37,407 : INFO : EventManager : Event: ======'machine_var_python_version'====== Args={'value': '3.7.8', 'prev_value': None, 'change': True}
2024-12-07 14:58:37,407 : INFO : EventManager : Event: ======'machine_var_platform'====== Args={'value': 'Windows-10-10.0.19041-SP0', 'prev_value': None, 'change': True}
2024-12-07 14:58:37,407 : INFO : EventManager : Event: ======'machine_var_platform_system'====== Args={'value': 'Windows', 'prev_value': None, 'change': True}
2024-12-07 14:58:37,407 : INFO : EventManager : Event: ======'machine_var_platform_release'====== Args={'value': '10', 'prev_value': None, 'change': True}
2024-12-07 14:58:37,407 : INFO : EventManager : Event: ======'machine_var_platform_version'====== Args={'value': '10.0.19041', 'prev_value': None, 'change': True}
2024-12-07 14:58:37,408 : INFO : EventManager : Event: ======'machine_var_platform_machine'====== Args={'value': 'AMD64', 'prev_value': None, 'change': True}
2024-12-07 14:58:37,408 : INFO : EventManager : Event: ======'init_phase_1'====== Args={}
2024-12-07 14:58:37,433 : INFO : EventManager : Event: ======'init_phase_2'====== Args={}
2024-12-07 14:58:37,434 : INFO : SwitchController : Found active switch: ('0-0-8', <Platform.OPP>) <switch.s_trough1>
2024-12-07 14:58:37,439 : INFO : EventManager : Event: ======'bcp_connection_attempt'====== Args={'name': 'local_display', 'host': 'localhost', 'port': 5050}
2024-12-07 14:58:37,440 : INFO : BCPClientSocket : Connecting BCP to 'local_display' at localhost:5050...
2024-12-07 14:58:39,484 : INFO : BCPClientSocket : Connected BCP to 'local_display' localhost:5050
2024-12-07 14:58:39,487 : INFO : EventManager : Event: ======'bcp_clients_connected'====== Args={}
2024-12-07 14:58:39,499 : INFO : ball_device.bd_trough : BCH: Initial count: 1
2024-12-07 14:58:39,499 : INFO : EventManager : Event: ======'machine_var_mc_version'====== Args={'value': 'MPF-MC v0.55.0', 'prev_value': None, 'change': True}
2024-12-07 14:58:39,499 : INFO : EventManager : Event: ======'machine_var_mc_extended_version'====== Args={'value': 'MPF-MC v0.55.0 (config_version=5, BCP v1.1, Requires MPF v0.55.0-dev.49)', 'prev_value': None, 'change': True}
2024-12-07 14:58:39,501 : INFO : ball_device.bd_trough : State: idle
2024-12-07 14:58:39,518 : INFO : ball_device.bd_plunger : BCH: Initial count: 0
2024-12-07 14:58:39,518 : INFO : ball_device.bd_plunger : State: idle
2024-12-07 14:58:39,584 : INFO : EventManager : Event: ======'init_phase_3'====== Args={}
2024-12-07 14:58:39,589 : INFO : EventManager : Event: ======'init_phase_4'====== Args={}
2024-12-07 14:58:39,589 : INFO : BallController : Initial balls found: 1
2024-12-07 14:58:39,591 : INFO : EventManager : Event: ======'machine_var_audits_events_game_ended'====== Args={'value': 0, 'prev_value': None, 'change': True}
2024-12-07 14:58:39,591 : INFO : EventManager : Event: ======'machine_var_audits_events_game_started'====== Args={'value': 0, 'prev_value': None, 'change': True}
2024-12-07 14:58:39,592 : INFO : EventManager : Event: ======'machine_var_audits_player_score'====== Args={'value': {'average': 1800.0, 'top': [2000, 1900, 1500], 'total': 3}, 'prev_value': None, 'change': True}
2024-12-07 14:58:39,592 : INFO : EventManager : Event: ======'machine_var_audits_shots_bonusLane_shot'====== Args={'value': 14, 'prev_value': None, 'change': True}
2024-12-07 14:58:39,593 : INFO : EventManager : Event: ======'machine_var_audits_shots_medalL_shot'====== Args={'value': 174, 'prev_value': None, 'change': True}
2024-12-07 14:58:39,593 : INFO : EventManager : Event: ======'machine_var_audits_shots_medalM_shot'====== Args={'value': 166, 'prev_value': None, 'change': True}
2024-12-07 14:58:39,594 : INFO : EventManager : Event: ======'machine_var_audits_shots_medalR_shot'====== Args={'value': 165, 'prev_value': None, 'change': True}
2024-12-07 14:58:39,594 : INFO : EventManager : Event: ======'machine_var_audits_shots_my_first_shot'====== Args={'value': 119, 'prev_value': None, 'change': True}
2024-12-07 14:58:39,595 : INFO : EventManager : Event: ======'machine_var_audits_shots_my_first_shot_mode2'====== Args={'value': 72, 'prev_value': None, 'change': True}
2024-12-07 14:58:39,595 : INFO : EventManager : Event: ======'machine_var_audits_shots_outLaneL_shot'====== Args={'value': 8, 'prev_value': None, 'change': True}
2024-12-07 14:58:39,596 : INFO : EventManager : Event: ======'machine_var_audits_shots_outLaneR_shot'====== Args={'value': 22, 'prev_value': None, 'change': True}
2024-12-07 14:58:39,597 : INFO : EventManager : Event: ======'machine_var_audits_shots_reentryL_shot'====== Args={'value': 471, 'prev_value': None, 'change': True}
2024-12-07 14:58:39,597 : INFO : EventManager : Event: ======'machine_var_audits_shots_reentryM_shot'====== Args={'value': 432, 'prev_value': None, 'change': True}
2024-12-07 14:58:39,598 : INFO : EventManager : Event: ======'machine_var_audits_shots_reentryR_shot'====== Args={'value': 409, 'prev_value': None, 'change': True}
2024-12-07 14:58:39,598 : INFO : EventManager : Event: ======'machine_var_audits_shots_reentry_shot'====== Args={'value': 9, 'prev_value': None, 'change': True}
2024-12-07 14:58:39,599 : INFO : EventManager : Event: ======'machine_var_audits_shots_returnLaneL_shot'====== Args={'value': 81, 'prev_value': None, 'change': True}
2024-12-07 14:58:39,599 : INFO : EventManager : Event: ======'machine_var_audits_shots_returnLaneR_shot'====== Args={'value': 44, 'prev_value': None, 'change': True}
2024-12-07 14:58:39,600 : INFO : EventManager : Event: ======'machine_var_audits_shots_spacewarp_rollover_shot'====== Args={'value': 19, 'prev_value': None, 'change': True}
2024-12-07 14:58:39,600 : INFO : EventManager : Event: ======'machine_var_audits_shots_top_lane_A'====== Args={'value': 12, 'prev_value': None, 'change': True}
2024-12-07 14:58:39,600 : INFO : EventManager : Event: ======'machine_var_audits_shots_top_lane_J'====== Args={'value': 12, 'prev_value': None, 'change': True}
2024-12-07 14:58:39,600 : INFO : EventManager : Event: ======'machine_var_audits_shots_top_lane_M'====== Args={'value': 9, 'prev_value': None, 'change': True}
2024-12-07 14:58:39,600 : INFO : EventManager : Event: ======'machine_var_audits_switches_s_blackhole_kicker'====== Args={'value': 0, 'prev_value': None, 'change': True}
2024-12-07 14:58:39,601 : INFO : EventManager : Event: ======'machine_var_audits_switches_s_bonus_lane'====== Args={'value': 27, 'prev_value': None, 'change': True}
2024-12-07 14:58:39,601 : INFO : EventManager : Event: ======'machine_var_audits_switches_s_booster_drop_target_1'====== Args={'value': 0, 'prev_value': None, 'change': True}
2024-12-07 14:58:39,601 : INFO : EventManager : Event: ======'machine_var_audits_switches_s_booster_drop_target_2'====== Args={'value': 0, 'prev_value': None, 'change': True}
2024-12-07 14:58:39,602 : INFO : EventManager : Event: ======'machine_var_audits_switches_s_booster_drop_target_3'====== Args={'value': 0, 'prev_value': None, 'change': True}
2024-12-07 14:58:39,602 : INFO : EventManager : Event: ======'machine_var_audits_switches_s_comet_spot_1'====== Args={'value': 0, 'prev_value': None, 'change': True}
2024-12-07 14:58:39,602 : INFO : EventManager : Event: ======'machine_var_audits_switches_s_comet_spot_2'====== Args={'value': 0, 'prev_value': None, 'change': True}
2024-12-07 14:58:39,602 : INFO : EventManager : Event: ======'machine_var_audits_switches_s_comet_spot_3'====== Args={'value': 0, 'prev_value': None, 'change': True}
2024-12-07 14:58:39,603 : INFO : EventManager : Event: ======'machine_var_audits_switches_s_engine_bumper_1'====== Args={'value': 0, 'prev_value': None, 'change': True}
2024-12-07 14:58:39,603 : INFO : EventManager : Event: ======'machine_var_audits_switches_s_engine_bumper_2'====== Args={'value': 0, 'prev_value': None, 'change': True}
2024-12-07 14:58:39,603 : INFO : EventManager : Event: ======'machine_var_audits_switches_s_engine_bumper_3'====== Args={'value': 0, 'prev_value': None, 'change': True}
2024-12-07 14:58:39,603 : INFO : EventManager : Event: ======'machine_var_audits_switches_s_fuel_chute_1'====== Args={'value': 0, 'prev_value': None, 'change': True}
2024-12-07 14:58:39,604 : INFO : EventManager : Event: ======'machine_var_audits_switches_s_fuel_chute_2'====== Args={'value': 0, 'prev_value': None, 'change': True}
2024-12-07 14:58:39,604 : INFO : EventManager : Event: ======'machine_var_audits_switches_s_fuel_chute_3'====== Args={'value': 0, 'prev_value': None, 'change': True}
2024-12-07 14:58:39,604 : INFO : EventManager : Event: ======'machine_var_audits_switches_s_fuel_chute_4'====== Args={'value': 0, 'prev_value': None, 'change': True}
2024-12-07 14:58:39,605 : INFO : EventManager : Event: ======'machine_var_audits_switches_s_fuel_chute_5'====== Args={'value': 0, 'prev_value': None, 'change': True}
2024-12-07 14:58:39,605 : INFO : EventManager : Event: ======'machine_var_audits_switches_s_fuel_chute_6'====== Args={'value': 0, 'prev_value': None, 'change': True}
2024-12-07 14:58:39,607 : INFO : EventManager : Event: ======'machine_var_audits_switches_s_fuel_flag'====== Args={'value': 0, 'prev_value': None, 'change': True}
2024-12-07 14:58:39,607 : INFO : EventManager : Event: ======'machine_var_audits_switches_s_fuel_spot_1'====== Args={'value': 0, 'prev_value': None, 'change': True}
2024-12-07 14:58:39,608 : INFO : EventManager : Event: ======'machine_var_audits_switches_s_fuel_spot_2'====== Args={'value': 0, 'prev_value': None, 'change': True}
2024-12-07 14:58:39,608 : INFO : EventManager : Event: ======'machine_var_audits_switches_s_fuel_spot_3'====== Args={'value': 0, 'prev_value': None, 'change': True}
2024-12-07 14:58:39,609 : INFO : EventManager : Event: ======'machine_var_audits_switches_s_green_wormhole'====== Args={'value': 0, 'prev_value': None, 'change': True}
2024-12-07 14:58:39,609 : INFO : EventManager : Event: ======'machine_var_audits_switches_s_hyperspace_flag'====== Args={'value': 0, 'prev_value': None, 'change': True}
2024-12-07 14:58:39,609 : INFO : EventManager : Event: ======'machine_var_audits_switches_s_hyperspacekicker'====== Args={'value': 0, 'prev_value': None, 'change': True}
2024-12-07 14:58:39,609 : INFO : EventManager : Event: ======'machine_var_audits_switches_s_launch_lane_1'====== Args={'value': 0, 'prev_value': None, 'change': True}
2024-12-07 14:58:39,610 : INFO : EventManager : Event: ======'machine_var_audits_switches_s_launch_lane_2'====== Args={'value': 0, 'prev_value': None, 'change': True}
2024-12-07 14:58:39,610 : INFO : EventManager : Event: ======'machine_var_audits_switches_s_launch_lane_3'====== Args={'value': 0, 'prev_value': None, 'change': True}
2024-12-07 14:58:39,610 : INFO : EventManager : Event: ======'machine_var_audits_switches_s_launch_ramp'====== Args={'value': 0, 'prev_value': None, 'change': True}
2024-12-07 14:58:39,610 : INFO : EventManager : Event: ======'machine_var_audits_switches_s_left_attack_bumper'====== Args={'value': 0, 'prev_value': None, 'change': True}
2024-12-07 14:58:39,611 : INFO : EventManager : Event: ======'machine_var_audits_switches_s_left_flipper'====== Args={'value': 999, 'prev_value': None, 'change': True}
2024-12-07 14:58:39,611 : INFO : EventManager : Event: ======'machine_var_audits_switches_s_left_out_lane'====== Args={'value': 12, 'prev_value': None, 'change': True}
2024-12-07 14:58:39,611 : INFO : EventManager : Event: ======'machine_var_audits_switches_s_left_out_lane_kicker'====== Args={'value': 0, 'prev_value': None, 'change': True}
2024-12-07 14:58:39,612 : INFO : EventManager : Event: ======'machine_var_audits_switches_s_left_return_lane'====== Args={'value': 88, 'prev_value': None, 'change': True}
2024-12-07 14:58:39,612 : INFO : EventManager : Event: ======'machine_var_audits_switches_s_lower_attack_bumper'====== Args={'value': 0, 'prev_value': None, 'change': True}
2024-12-07 14:58:39,612 : INFO : EventManager : Event: ======'machine_var_audits_switches_s_lower_left_rebound'====== Args={'value': 0, 'prev_value': None, 'change': True}
2024-12-07 14:58:39,612 : INFO : EventManager : Event: ======'machine_var_audits_switches_s_lower_left_slingshot'====== Args={'value': 44, 'prev_value': None, 'change': True}
2024-12-07 14:58:39,613 : INFO : EventManager : Event: ======'machine_var_audits_switches_s_lower_right_rebound'====== Args={'value': 0, 'prev_value': None, 'change': True}
2024-12-07 14:58:39,613 : INFO : EventManager : Event: ======'machine_var_audits_switches_s_lower_right_slingshot'====== Args={'value': 43, 'prev_value': None, 'change': True}
2024-12-07 14:58:39,613 : INFO : EventManager : Event: ======'machine_var_audits_switches_s_medal_drop_left'====== Args={'value': 188, 'prev_value': None, 'change': True}
2024-12-07 14:58:39,613 : INFO : EventManager : Event: ======'machine_var_audits_switches_s_medal_drop_middle'====== Args={'value': 180, 'prev_value': None, 'change': True}
2024-12-07 14:58:39,614 : INFO : EventManager : Event: ======'machine_var_audits_switches_s_medal_drop_right'====== Args={'value': 179, 'prev_value': None, 'change': True}
2024-12-07 14:58:39,614 : INFO : EventManager : Event: ======'machine_var_audits_switches_s_mission_spot_1'====== Args={'value': 0, 'prev_value': None, 'change': True}
2024-12-07 14:58:39,614 : INFO : EventManager : Event: ======'machine_var_audits_switches_s_mission_spot_2'====== Args={'value': 2, 'prev_value': None, 'change': True}
2024-12-07 14:58:39,615 : INFO : EventManager : Event: ======'machine_var_audits_switches_s_mission_spot_3'====== Args={'value': 0, 'prev_value': None, 'change': True}
2024-12-07 14:58:39,615 : INFO : EventManager : Event: ======'machine_var_audits_switches_s_multiplier_left'====== Args={'value': 0, 'prev_value': None, 'change': True}
2024-12-07 14:58:39,615 : INFO : EventManager : Event: ======'machine_var_audits_switches_s_multiplier_middle'====== Args={'value': 0, 'prev_value': None, 'change': True}
2024-12-07 14:58:39,615 : INFO : EventManager : Event: ======'machine_var_audits_switches_s_multiplier_right'====== Args={'value': 0, 'prev_value': None, 'change': True}
2024-12-07 14:58:39,616 : INFO : EventManager : Event: ======'machine_var_audits_switches_s_plunger'====== Args={'value': 164, 'prev_value': None, 'change': True}
2024-12-07 14:58:39,616 : INFO : EventManager : Event: ======'machine_var_audits_switches_s_radiationspot_1'====== Args={'value': 0, 'prev_value': None, 'change': True}
2024-12-07 14:58:39,616 : INFO : EventManager : Event: ======'machine_var_audits_switches_s_radiationspot_2'====== Args={'value': 0, 'prev_value': None, 'change': True}
2024-12-07 14:58:39,617 : INFO : EventManager : Event: ======'machine_var_audits_switches_s_radiationspot_3'====== Args={'value': 0, 'prev_value': None, 'change': True}
2024-12-07 14:58:39,618 : INFO : EventManager : Event: ======'machine_var_audits_switches_s_red_wormhole'====== Args={'value': 0, 'prev_value': None, 'change': True}
2024-12-07 14:58:39,618 : INFO : EventManager : Event: ======'machine_var_audits_switches_s_reentry_left'====== Args={'value': 829, 'prev_value': None, 'change': True}
2024-12-07 14:58:39,619 : INFO : EventManager : Event: ======'machine_var_audits_switches_s_reentry_middle'====== Args={'value': 506, 'prev_value': None, 'change': True}
2024-12-07 14:58:39,620 : INFO : EventManager : Event: ======'machine_var_audits_switches_s_reentry_right'====== Args={'value': 468, 'prev_value': None, 'change': True}
2024-12-07 14:58:39,620 : INFO : EventManager : Event: ======'machine_var_audits_switches_s_right_flipper'====== Args={'value': 774, 'prev_value': None, 'change': True}
2024-12-07 14:58:39,621 : INFO : EventManager : Event: ======'machine_var_audits_switches_s_right_inlane'====== Args={'value': 0, 'prev_value': None, 'change': True}
2024-12-07 14:58:39,622 : INFO : EventManager : Event: ======'machine_var_audits_switches_s_right_out_lane'====== Args={'value': 48, 'prev_value': None, 'change': True}
2024-12-07 14:58:39,622 : INFO : EventManager : Event: ======'machine_var_audits_switches_s_right_out_lane_kicker'====== Args={'value': 0, 'prev_value': None, 'change': True}
2024-12-07 14:58:39,622 : INFO : EventManager : Event: ======'machine_var_audits_switches_s_right_return_lane'====== Args={'value': 56, 'prev_value': None, 'change': True}
2024-12-07 14:58:39,623 : INFO : EventManager : Event: ======'machine_var_audits_switches_s_satellite_bumper'====== Args={'value': 0, 'prev_value': None, 'change': True}
2024-12-07 14:58:39,623 : INFO : EventManager : Event: ======'machine_var_audits_switches_s_secondary_outlane_kicker'====== Args={'value': 0, 'prev_value': None, 'change': True}
2024-12-07 14:58:39,624 : INFO : EventManager : Event: ======'machine_var_audits_switches_s_skill_shot_1'====== Args={'value': 0, 'prev_value': None, 'change': True}
2024-12-07 14:58:39,624 : INFO : EventManager : Event: ======'machine_var_audits_switches_s_skill_shot_2'====== Args={'value': 0, 'prev_value': None, 'change': True}
2024-12-07 14:58:39,624 : INFO : EventManager : Event: ======'machine_var_audits_switches_s_skill_shot_3'====== Args={'value': 0, 'prev_value': None, 'change': True}
2024-12-07 14:58:39,625 : INFO : EventManager : Event: ======'machine_var_audits_switches_s_skill_shot_4'====== Args={'value': 0, 'prev_value': None, 'change': True}
2024-12-07 14:58:39,625 : INFO : EventManager : Event: ======'machine_var_audits_switches_s_skill_shot_5'====== Args={'value': 0, 'prev_value': None, 'change': True}
2024-12-07 14:58:39,625 : INFO : EventManager : Event: ======'machine_var_audits_switches_s_skill_shot_6'====== Args={'value': 0, 'prev_value': None, 'change': True}
2024-12-07 14:58:39,626 : INFO : EventManager : Event: ======'machine_var_audits_switches_s_skill_shot_lane'====== Args={'value': 0, 'prev_value': None, 'change': True}
2024-12-07 14:58:39,626 : INFO : EventManager : Event: ======'machine_var_audits_switches_s_spacewarp_rollover'====== Args={'value': 20, 'prev_value': None, 'change': True}
2024-12-07 14:58:39,627 : INFO : EventManager : Event: ======'machine_var_audits_switches_s_start'====== Args={'value': 7, 'prev_value': None, 'change': True}
2024-12-07 14:58:39,627 : INFO : EventManager : Event: ======'machine_var_audits_switches_s_trough1'====== Args={'value': 30, 'prev_value': None, 'change': True}
2024-12-07 14:58:39,627 : INFO : EventManager : Event: ======'machine_var_audits_switches_s_trough2'====== Args={'value': 0, 'prev_value': None, 'change': True}
2024-12-07 14:58:39,628 : INFO : EventManager : Event: ======'machine_var_audits_switches_s_trough3'====== Args={'value': 0, 'prev_value': None, 'change': True}
2024-12-07 14:58:39,628 : INFO : EventManager : Event: ======'machine_var_audits_switches_s_trough4'====== Args={'value': 0, 'prev_value': None, 'change': True}
2024-12-07 14:58:39,628 : INFO : EventManager : Event: ======'machine_var_audits_switches_s_trough5'====== Args={'value': 0, 'prev_value': None, 'change': True}
2024-12-07 14:58:39,629 : INFO : EventManager : Event: ======'machine_var_audits_switches_s_trough6'====== Args={'value': 0, 'prev_value': None, 'change': True}
2024-12-07 14:58:39,629 : INFO : EventManager : Event: ======'machine_var_audits_switches_s_trough_jam'====== Args={'value': 0, 'prev_value': None, 'change': True}
2024-12-07 14:58:39,630 : INFO : EventManager : Event: ======'machine_var_audits_switches_s_upper_attack_bumper'====== Args={'value': 0, 'prev_value': None, 'change': True}
2024-12-07 14:58:39,630 : INFO : EventManager : Event: ======'machine_var_audits_switches_s_upper_left_rebound'====== Args={'value': 0, 'prev_value': None, 'change': True}
2024-12-07 14:58:39,630 : INFO : EventManager : Event: ======'machine_var_audits_switches_s_upper_right_rebound'====== Args={'value': 0, 'prev_value': None, 'change': True}
2024-12-07 14:58:39,631 : INFO : EventManager : Event: ======'machine_var_audits_switches_s_wormhole_target'====== Args={'value': 0, 'prev_value': None, 'change': True}
2024-12-07 14:58:39,631 : INFO : EventManager : Event: ======'machine_var_audits_switches_s_yellow_wormhole'====== Args={'value': 0, 'prev_value': None, 'change': True}
2024-12-07 14:58:39,632 : INFO : EventManager : Event: ======'init_phase_5'====== Args={}
2024-12-07 14:58:39,680 : INFO : EventManager : Event: ======'init_done'====== Args={}
2024-12-07 14:58:39,681 : INFO : EventManager : Event: ======'machine_reset_phase_1'====== Args={}
2024-12-07 14:58:39,796 : INFO : BcpServer : New client connected.
2024-12-07 14:58:39,890 : INFO : EventManager : Event: ======'slide_welcome_slide_removed'====== Args={'_from_bcp': True}
2024-12-07 14:58:39,891 : INFO : EventManager : Event: ======'slide_welcome_slide_created'====== Args={'_from_bcp': True}
2024-12-07 14:58:39,892 : INFO : EventManager : Event: ======'machine_reset_phase_2'====== Args={}
2024-12-07 14:58:39,893 : INFO : EventManager : Event: ======'slide_welcome_slide_active'====== Args={'_from_bcp': True}
2024-12-07 14:58:39,894 : INFO : EventManager : Event: ======'machine_reset_phase_3'====== Args={}
2024-12-07 14:58:39,894 : INFO : EventManager : Event: ======'reset_complete'====== Args={}
2024-12-07 14:58:39,895 : INFO : EventManager : Event: ======'mode_attract_will_start'====== Args={}
2024-12-07 14:58:39,896 : INFO : EventManager : Event: ======'mode_attract_starting'====== Args={}
2024-12-07 14:58:39,897 : INFO : Mode.attract : Started. Priority: 10
2024-12-07 14:58:39,897 : INFO : EventManager : Event: ======'modes_active_modes_changed'====== Args={}
2024-12-07 14:58:39,897 : INFO : EventManager : Event: ======'mode_attract_started'====== Args={}
2024-12-07 14:58:39,899 : INFO : EventManager : Event: ======'collecting_balls_complete'====== Args={}
2024-12-07 14:58:39,942 : INFO : EventManager : Event: ======'slide_awesome_slide_created'====== Args={'_from_bcp': True}
2024-12-07 14:58:39,943 : INFO : EventManager : Event: ======'slide_awesome_slide_active'====== Args={'_from_bcp': True}
2024-12-07 14:58:39,943 : INFO : Machine : Starting the main run loop.
2024-12-07 14:58:41,589 : INFO : SwitchController : <<<<<<< 's_start' active >>>>>>>
2024-12-07 14:58:41,812 : INFO : SwitchController : <<<<<<< 's_start' inactive >>>>>>>
2024-12-07 14:58:41,812 : INFO : EventManager : Event: ======'request_to_start_game'====== Args={}
2024-12-07 14:58:41,813 : INFO : EventManager : Event: ======'game_start'====== Args={'buttons': [], 'hold_time': 0.21899999998277053}
2024-12-07 14:58:41,813 : INFO : EventManager : Event: ======'mode_game_will_start'====== Args={'buttons': [], 'hold_time': 0.21899999998277053}
2024-12-07 14:58:41,814 : INFO : EventManager : Event: ======'mode_game_starting'====== Args={'buttons': [], 'hold_time': 0.21899999998277053}
2024-12-07 14:58:41,814 : INFO : EventManager : Event: ======'mode_attract_will_stop'====== Args={}
2024-12-07 14:58:41,815 : INFO : EventManager : Event: ======'mode_attract_stopping'====== Args={}
2024-12-07 14:58:41,815 : INFO : Mode.attract : Stopped.
2024-12-07 14:58:41,815 : INFO : EventManager : Event: ======'modes_active_modes_changed'====== Args={}
2024-12-07 14:58:41,816 : INFO : EventManager : Event: ======'mode_attract_stopped'====== Args={}
2024-12-07 14:58:41,816 : INFO : EventManager : Event: ======'clear'====== Args={'key': 'attract'}
2024-12-07 14:58:41,816 : INFO : Mode.game : Started. Priority: 20
2024-12-07 14:58:41,817 : INFO : EventManager : Event: ======'modes_active_modes_changed'====== Args={}
2024-12-07 14:58:41,817 : INFO : EventManager : Event: ======'mode_game_started'====== Args={'buttons': [], 'hold_time': 0.21899999998277053}
2024-12-07 14:58:41,824 : INFO : EventManager : Event: ======'game_will_start'====== Args={}
2024-12-07 14:58:41,826 : INFO : EventManager : Event: ======'game_starting'====== Args={'game': <Mode.game>}
2024-12-07 14:58:41,827 : INFO : EventManager : Event: ======'slide_awesome_slide_removed'====== Args={'_from_bcp': True}
2024-12-07 14:58:41,827 : INFO : EventManager : Event: ======'slide_welcome_slide_active'====== Args={'_from_bcp': True}
2024-12-07 14:58:41,828 : INFO : EventManager : Event: ======'player_add_request'====== Args={}
2024-12-07 14:58:41,828 : INFO : EventManager : Event: ======'player_will_add'====== Args={'number': 1}
2024-12-07 14:58:41,828 : INFO : EventManager : Event: ======'player_adding'====== Args={'player': <Player 1>, 'number': 1}
2024-12-07 14:58:41,829 : INFO : EventManager : Event: ======'player_added'====== Args={'player': <Player 1>, 'num': 1}
2024-12-07 14:58:41,829 : INFO : Mode.game : Player added successfully. Total players: 1
2024-12-07 14:58:41,829 : INFO : EventManager : Event: ======'player_index'====== Args={'value': 0, 'prev_value': 0, 'change': 0, 'player_num': 1}
2024-12-07 14:58:41,829 : INFO : EventManager : Event: ======'player_number'====== Args={'value': 1, 'prev_value': 1, 'change': 0, 'player_num': 1}
2024-12-07 14:58:41,830 : INFO : EventManager : Event: ======'player_score'====== Args={'value': 0, 'prev_value': 0, 'change': 0, 'player_num': 1}
2024-12-07 14:58:41,830 : INFO : EventManager : Event: ======'game_started'====== Args={}
2024-12-07 14:58:41,869 : INFO : EventManager : Event: ======'player_turn_will_start'====== Args={'player': <Player 1>, 'number': 1}
2024-12-07 14:58:41,870 : INFO : EventManager : Event: ======'player_turn_starting'====== Args={'player': <Player 1>, 'number': 1}
2024-12-07 14:58:41,871 : INFO : EventManager : Event: ======'player_ball'====== Args={'value': 1, 'prev_value': 0, 'change': 1, 'player_num': 1}
2024-12-07 14:58:41,871 : INFO : EventManager : Event: ======'player_turn_started'====== Args={'player': <Player 1>, 'number': 1}
2024-12-07 14:58:41,872 : INFO : EventManager : Event: ======'ball_will_start'====== Args={'player': 1, 'ball': 1, 'balls_remaining': 2, 'is_extra_ball': False}
2024-12-07 14:58:41,877 : INFO : EventManager : Event: ======'ball_starting'====== Args={'player': 1, 'ball': 1, 'balls_remaining': 2, 'is_extra_ball': False}
2024-12-07 14:58:41,878 : INFO : EventManager : Event: ======'mode_base_will_start'====== Args={'queue': <QueuedEvent>, 'player': 1, 'ball': 1, 'balls_remaining': 2, 'is_extra_ball': False}
2024-12-07 14:58:41,879 : INFO : EventManager : Event: ======'mode_base_starting'====== Args={'queue': <QueuedEvent>, 'player': 1, 'ball': 1, 'balls_remaining': 2, 'is_extra_ball': False}
2024-12-07 14:58:41,879 : INFO : Mode.base : Started. Priority: 100
2024-12-07 14:58:41,879 : INFO : EventManager : Event: ======'modes_active_modes_changed'====== Args={}
2024-12-07 14:58:41,879 : INFO : EventManager : Event: ======'mode_base_started'====== Args={'queue': <QueuedEvent>, 'player': 1, 'ball': 1, 'balls_remaining': 2, 'is_extra_ball': False}
2024-12-07 14:58:41,880 : INFO : EventManager : Event: ======'balls_in_play'====== Args={'balls': 1}
2024-12-07 14:58:41,881 : INFO : EventManager : Event: ======'ball_started'====== Args={'player': 1, 'ball': 1, 'balls_remaining': 2, 'is_extra_ball': False}
2024-12-07 14:58:41,882 : INFO : EventManager : Event: ======'mode_reentry_will_start'====== Args={'player': 1, 'ball': 1, 'balls_remaining': 2, 'is_extra_ball': False}
2024-12-07 14:58:41,882 : INFO : EventManager : Event: ======'player_shot_reentryL_shot_enabled'====== Args={'value': True, 'prev_value': 0, 'change': 1, 'player_num': 1}
2024-12-07 14:58:41,883 : INFO : EventManager : Event: ======'player_shot_reentryM_shot_enabled'====== Args={'value': True, 'prev_value': 0, 'change': 1, 'player_num': 1}
2024-12-07 14:58:41,884 : INFO : EventManager : Event: ======'player_shot_reentryR_shot_enabled'====== Args={'value': True, 'prev_value': 0, 'change': 1, 'player_num': 1}
2024-12-07 14:58:41,885 : INFO : EventManager : Event: ======'reentry_shot_complete'====== Args={'state': 'off'}
2024-12-07 14:58:41,885 : INFO : EventManager : Event: ======'reentry_shot_off_complete'====== Args={}
2024-12-07 14:58:41,889 : INFO : EventManager : Event: ======'mode_reentry_starting'====== Args={'player': 1, 'ball': 1, 'balls_remaining': 2, 'is_extra_ball': False}
2024-12-07 14:58:41,889 : INFO : EventManager : Event: ======'mode_lowerlanes_will_start'====== Args={'player': 1, 'ball': 1, 'balls_remaining': 2, 'is_extra_ball': False}
2024-12-07 14:58:41,890 : INFO : EventManager : Event: ======'player_shot_returnLaneL_shot_enabled'====== Args={'value': True, 'prev_value': 0, 'change': 1, 'player_num': 1}
2024-12-07 14:58:41,890 : INFO : EventManager : Event: ======'player_shot_bonusLane_shot_enabled'====== Args={'value': True, 'prev_value': 0, 'change': 1, 'player_num': 1}
2024-12-07 14:58:41,891 : INFO : EventManager : Event: ======'player_shot_outLaneL_shot_enabled'====== Args={'value': True, 'prev_value': 0, 'change': 1, 'player_num': 1}
2024-12-07 14:58:41,892 : INFO : EventManager : Event: ======'player_shot_returnLaneR_shot_enabled'====== Args={'value': True, 'prev_value': 0, 'change': 1, 'player_num': 1}
2024-12-07 14:58:41,892 : INFO : EventManager : Event: ======'player_shot_outLaneR_shot_enabled'====== Args={'value': True, 'prev_value': 0, 'change': 1, 'player_num': 1}
2024-12-07 14:58:41,893 : INFO : EventManager : Event: ======'player_shot_spacewarp_rollover_shot_enabled'====== Args={'value': True, 'prev_value': 0, 'change': 1, 'player_num': 1}
2024-12-07 14:58:41,894 : INFO : EventManager : Event: ======'returnLane_shot_complete'====== Args={'state': 'unlit'}
2024-12-07 14:58:41,894 : INFO : EventManager : Event: ======'returnLane_shot_unlit_complete'====== Args={}
2024-12-07 14:58:41,895 : INFO : EventManager : Event: ======'outLane_shot_complete'====== Args={'state': 'unlit'}
2024-12-07 14:58:41,895 : INFO : EventManager : Event: ======'outLane_shot_unlit_complete'====== Args={}
2024-12-07 14:58:41,897 : INFO : EventManager : Event: ======'mode_lowerlanes_starting'====== Args={'player': 1, 'ball': 1, 'balls_remaining': 2, 'is_extra_ball': False}
2024-12-07 14:58:41,900 : INFO : Mode.lowerlanes : Started. Priority: 200
2024-12-07 14:58:41,900 : INFO : EventManager : Event: ======'modes_active_modes_changed'====== Args={}
2024-12-07 14:58:41,900 : INFO : EventManager : Event: ======'mode_lowerlanes_started'====== Args={'player': 1, 'ball': 1, 'balls_remaining': 2, 'is_extra_ball': False}
2024-12-07 14:58:41,941 : INFO : EventManager : Event: ======'logicblock_reentry_shot_complete_count_updated'====== Args={'value': 1, 'enabled': True}
2024-12-07 14:58:41,941 : INFO : EventManager : Event: ======'logicblock_reentry_shot_complete_count_updated'====== Args={'value': 1, 'enabled': True}
2024-12-07 14:58:41,942 : INFO : Mode.reentry : Started. Priority: 200
2024-12-07 14:58:41,942 : INFO : EventManager : Event: ======'modes_active_modes_changed'====== Args={}
2024-12-07 14:58:41,942 : INFO : EventManager : Event: ======'mode_reentry_started'====== Args={'player': 1, 'ball': 1, 'balls_remaining': 2, 'is_extra_ball': False}
2024-12-07 14:58:41,943 : INFO : EventManager : Event: ======'player_attack_bumper_count'====== Args={'value': 1, 'prev_value': 0, 'change': 1, 'player_num': 1}
2024-12-07 14:58:41,943 : INFO : EventManager : Event: ======'single_player_ball_started'====== Args={}
2024-12-07 14:58:41,944 : INFO : EventManager : Event: ======'slide_base.slide_player-mode_base_started_created'====== Args={'_from_bcp': True}
2024-12-07 14:58:41,945 : INFO : EventManager : Event: ======'slide_base.slide_player-mode_base_started_active'====== Args={'_from_bcp': True}
2024-12-07 14:58:41,945 : INFO : EventManager : Event: ======'slide__global.slide_player-ball_started_created'====== Args={'_from_bcp': True}
2024-12-07 14:58:41,978 : INFO : EventManager : Event: ======'ball_start_target'====== Args={'target': 'playfield'}
2024-12-07 14:58:41,979 : INFO : ball_device.bd_plunger : Setting up player-controlled eject. Balls: 1, Target: <playfield.playfield>, player_controlled_eject_event: None
2024-12-07 14:58:41,979 : INFO : EventManager : Event: ======'balldevice_balls_available'====== Args={}
2024-12-07 14:58:41,981 : INFO : ball_device.bd_trough : State: waiting_for_target_ready
2024-12-07 14:58:41,981 : INFO : EventManager : Event: ======'balldevice_bd_trough_ball_eject_attempt'====== Args={'balls': 1, 'target': <ball_device.bd_plunger>, 'source': <ball_device.bd_trough>, 'mechanical_eject': True, 'num_attempts': 0}
2024-12-07 14:58:41,982 : INFO : ball_device.bd_plunger : State: waiting_for_ball
2024-12-07 14:58:41,982 : INFO : ball_device.bd_trough : State: ejecting
2024-12-07 14:58:41,983 : INFO : ball_device.bd_trough : Ejecting ball to <ball_device.bd_plunger>
2024-12-07 14:58:41,983 : INFO : EventManager : Event: ======'balldevice_bd_trough_ejecting_ball'====== Args={'balls': 1, 'target': <ball_device.bd_plunger>, 'source': <ball_device.bd_trough>, 'mechanical_eject': True, 'num_attempts': 0}
2024-12-07 14:58:41,984 : INFO : ball_device.bd_trough : Wait for ball to leave device
2024-12-07 14:58:41,984 : INFO : coil.c_trough_eject : Pulsing Driver for 10ms (1.0 pulse_power)
2024-12-07 14:58:46,229 : INFO : SwitchController : <<<<<<< 's_reentry_left' active >>>>>>>
2024-12-07 14:58:46,230 : INFO : EventManager : Event: ======'playfield_active'====== Args={}
2024-12-07 14:58:46,231 : INFO : EventManager : Event: ======'unexpected_ball_on_playfield'====== Args={}
2024-12-07 14:58:46,232 : INFO : EventManager : Event: ======'s_reentry_left_active'====== Args={}
2024-12-07 14:58:46,234 : INFO : EventManager : Event: ======'sw_playfield_active'====== Args={}
2024-12-07 14:58:46,235 : INFO : EventManager : Event: ======'machine_var_audits_switches_s_reentry_left'====== Args={'value': 830, 'prev_value': 829, 'change': 1}
2024-12-07 14:58:46,261 : INFO : EventManager : Event: ======'player_shot_reentryL_shot'====== Args={'value': 1, 'prev_value': 0, 'change': 1, 'player_num': 1}
2024-12-07 14:58:46,262 : INFO : EventManager : Event: ======'machine_var_audits_shots_reentryL_shot'====== Args={'value': 472, 'prev_value': 471, 'change': 1}
2024-12-07 14:58:46,263 : INFO : EventManager : Event: ======'reentryL_shot_hit'====== Args={'profile': 'reentry', 'state': 'off', 'advancing': True}
2024-12-07 14:58:46,263 : INFO : EventManager : Event: ======'reentryL_shot_reentry_hit'====== Args={'profile': 'reentry', 'state': 'off', 'advancing': True}
2024-12-07 14:58:46,263 : INFO : EventManager : Event: ======'reentryL_shot_reentry_off_hit'====== Args={'profile': 'reentry', 'state': 'off', 'advancing': True}
2024-12-07 14:58:46,263 : INFO : EventManager : Event: ======'reentryL_shot_off_hit'====== Args={'profile': 'reentry', 'state': 'off', 'advancing': True}
2024-12-07 14:58:46,264 : INFO : EventManager : Event: ======'reentry_shot_hit'====== Args={}
2024-12-07 14:58:46,264 : INFO : EventManager : Event: ======'reentry_shot_off_hit'====== Args={}
2024-12-07 14:58:46,264 : INFO : EventManager : Event: ======'player_score'====== Args={'value': 1000, 'prev_value': 0, 'change': 1000, 'player_num': 1}
2024-12-07 14:58:46,264 : INFO : EventManager : Event: ======'playfield_active'====== Args={}
2024-12-07 14:58:46,265 : INFO : EventManager : Event: ======'unexpected_ball_on_playfield'====== Args={}
2024-12-07 14:58:46,385 : INFO : SwitchController : <<<<<<< 's_reentry_left' inactive >>>>>>>
2024-12-07 14:58:48,204 : INFO : SwitchController : <<<<<<< 's_spacewarp_rollover' active >>>>>>>
2024-12-07 14:58:48,204 : INFO : EventManager : Event: ======'playfield_active'====== Args={}
2024-12-07 14:58:48,205 : INFO : EventManager : Event: ======'unexpected_ball_on_playfield'====== Args={}
2024-12-07 14:58:48,205 : INFO : EventManager : Event: ======'s_spacewarp_rollover_active'====== Args={}
2024-12-07 14:58:48,205 : INFO : EventManager : Event: ======'machine_var_audits_switches_s_spacewarp_rollover'====== Args={'value': 21, 'prev_value': 20, 'change': 1}
2024-12-07 14:58:48,207 : INFO : EventManager : Event: ======'player_shot_spacewarp_rollover_shot'====== Args={'value': 1, 'prev_value': 0, 'change': 1, 'player_num': 1}
2024-12-07 14:58:48,208 : INFO : EventManager : Event: ======'machine_var_audits_shots_spacewarp_rollover_shot'====== Args={'value': 20, 'prev_value': 19, 'change': 1}
2024-12-07 14:58:48,208 : INFO : EventManager : Event: ======'spacewarp_rollover_shot_hit'====== Args={'profile': 'default', 'state': 'unlit', 'advancing': True}
2024-12-07 14:58:48,209 : INFO : EventManager : Event: ======'spacewarp_rollover_shot_default_hit'====== Args={'profile': 'default', 'state': 'unlit', 'advancing': True}
2024-12-07 14:58:48,209 : INFO : EventManager : Event: ======'spacewarp_rollover_shot_default_unlit_hit'====== Args={'profile': 'default', 'state': 'unlit', 'advancing': True}
2024-12-07 14:58:48,209 : INFO : EventManager : Event: ======'spacewarp_rollover_shot_unlit_hit'====== Args={'profile': 'default', 'state': 'unlit', 'advancing': True}
2024-12-07 14:58:48,209 : INFO : EventManager : Event: ======'returnLaneL_shot.states.lit'====== Args={'priority': 0}
2024-12-07 14:58:48,318 : INFO : SwitchController : <<<<<<< 's_spacewarp_rollover' inactive >>>>>>>
2024-12-07 14:58:51,982 : INFO : EventManager : Event: ======'balldevice_bd_trough_ball_eject_failed'====== Args={'target': <ball_device.bd_plunger>, 'balls': 1, 'retry': True, 'num_attempts': 1}
2024-12-07 14:58:51,987 : INFO : ball_device.bd_trough : State: waiting_for_target_ready
2024-12-07 14:58:51,989 : INFO : EventManager : Event: ======'balldevice_bd_trough_ball_eject_attempt'====== Args={'balls': 1, 'target': <ball_device.bd_plunger>, 'source': <ball_device.bd_trough>, 'mechanical_eject': True, 'num_attempts': 1}
2024-12-07 14:58:51,991 : INFO : ball_device.bd_trough : State: ejecting
2024-12-07 14:58:51,993 : INFO : ball_device.bd_trough : Ejecting ball to <ball_device.bd_plunger>
2024-12-07 14:58:51,993 : INFO : EventManager : Event: ======'balldevice_bd_trough_ejecting_ball'====== Args={'balls': 1, 'target': <ball_device.bd_plunger>, 'source': <ball_device.bd_trough>, 'mechanical_eject': True, 'num_attempts': 1}
2024-12-07 14:58:51,997 : INFO : ball_device.bd_trough : Wait for ball to leave device
2024-12-07 14:58:51,998 : INFO : coil.c_trough_eject : Pulsing Driver for 10ms (1.0 pulse_power)
2024-12-07 14:59:01,974 : INFO : EventManager : Event: ======'balldevice_bd_trough_ball_eject_failed'====== Args={'target': <ball_device.bd_plunger>, 'balls': 1, 'retry': True, 'num_attempts': 2}
2024-12-07 14:59:01,978 : INFO : ball_device.bd_trough : State: waiting_for_target_ready
2024-12-07 14:59:01,978 : INFO : EventManager : Event: ======'balldevice_bd_trough_ball_eject_attempt'====== Args={'balls': 1, 'target': <ball_device.bd_plunger>, 'source': <ball_device.bd_trough>, 'mechanical_eject': True, 'num_attempts': 2}
2024-12-07 14:59:01,980 : INFO : ball_device.bd_trough : State: ejecting
2024-12-07 14:59:01,983 : INFO : ball_device.bd_trough : Ejecting ball to <ball_device.bd_plunger>
2024-12-07 14:59:01,983 : INFO : EventManager : Event: ======'balldevice_bd_trough_ejecting_ball'====== Args={'balls': 1, 'target': <ball_device.bd_plunger>, 'source': <ball_device.bd_trough>, 'mechanical_eject': True, 'num_attempts': 2}
2024-12-07 14:59:01,985 : INFO : ball_device.bd_trough : Wait for ball to leave device
2024-12-07 14:59:01,986 : INFO : coil.c_trough_eject : Pulsing Driver for 10ms (1.0 pulse_power)
2024-12-07 14:59:02,924 : INFO : SwitchController : <<<<<<< 's_left_return_lane' active >>>>>>>
2024-12-07 14:59:02,925 : INFO : EventManager : Event: ======'playfield_active'====== Args={}
2024-12-07 14:59:02,925 : INFO : EventManager : Event: ======'unexpected_ball_on_playfield'====== Args={}
2024-12-07 14:59:02,925 : INFO : EventManager : Event: ======'s_left_return_lane_active'====== Args={}
2024-12-07 14:59:02,925 : INFO : EventManager : Event: ======'machine_var_audits_switches_s_left_return_lane'====== Args={'value': 89, 'prev_value': 88, 'change': 1}
2024-12-07 14:59:02,935 : INFO : EventManager : Event: ======'machine_var_audits_shots_returnLaneL_shot'====== Args={'value': 82, 'prev_value': 81, 'change': 1}
2024-12-07 14:59:02,935 : INFO : EventManager : Event: ======'returnLaneL_shot_hit'====== Args={'profile': 'returnLane', 'state': 'unlit', 'advancing': False}
2024-12-07 14:59:02,936 : INFO : EventManager : Event: ======'returnLaneL_shot_returnLane_hit'====== Args={'profile': 'returnLane', 'state': 'unlit', 'advancing': False}
2024-12-07 14:59:02,936 : INFO : EventManager : Event: ======'returnLaneL_shot_returnLane_unlit_hit'====== Args={'profile': 'returnLane', 'state': 'unlit', 'advancing': False}
2024-12-07 14:59:02,936 : INFO : EventManager : Event: ======'returnLaneL_shot_unlit_hit'====== Args={'profile': 'returnLane', 'state': 'unlit', 'advancing': False}
2024-12-07 14:59:02,936 : INFO : EventManager : Event: ======'returnLane_shot_hit'====== Args={}
2024-12-07 14:59:02,936 : INFO : EventManager : Event: ======'returnLane_shot_unlit_hit'====== Args={}
2024-12-07 14:59:02,937 : INFO : EventManager : Event: ======'player_score'====== Args={'value': 6000, 'prev_value': 1000, 'change': 5000, 'player_num': 1}
2024-12-07 14:59:03,098 : INFO : SwitchController : <<<<<<< 's_left_return_lane' inactive >>>>>>>
2024-12-07 14:59:11,977 : INFO : EventManager : Event: ======'balldevice_bd_trough_ball_eject_failed'====== Args={'target': <ball_device.bd_plunger>, 'balls': 1, 'retry': True, 'num_attempts': 3}
2024-12-07 14:59:11,983 : INFO : ball_device.bd_trough : State: waiting_for_target_ready
2024-12-07 14:59:11,984 : INFO : EventManager : Event: ======'balldevice_bd_trough_ball_eject_attempt'====== Args={'balls': 1, 'target': <ball_device.bd_plunger>, 'source': <ball_device.bd_trough>, 'mechanical_eject': True, 'num_attempts': 3}
2024-12-07 14:59:11,986 : INFO : ball_device.bd_trough : State: ejecting
2024-12-07 14:59:11,988 : INFO : ball_device.bd_trough : Ejecting ball to <ball_device.bd_plunger>
2024-12-07 14:59:11,988 : INFO : EventManager : Event: ======'balldevice_bd_trough_ejecting_ball'====== Args={'balls': 1, 'target': <ball_device.bd_plunger>, 'source': <ball_device.bd_trough>, 'mechanical_eject': True, 'num_attempts': 3}
2024-12-07 14:59:11,992 : INFO : ball_device.bd_trough : Wait for ball to leave device
2024-12-07 14:59:11,993 : INFO : coil.c_trough_eject : Pulsing Driver for 10ms (1.0 pulse_power)
2024-12-07 14:59:17,405 : INFO : SwitchController : <<<<<<< 's_reentry_right' active >>>>>>>
2024-12-07 14:59:17,406 : INFO : EventManager : Event: ======'playfield_active'====== Args={}
2024-12-07 14:59:17,407 : INFO : EventManager : Event: ======'unexpected_ball_on_playfield'====== Args={}
2024-12-07 14:59:17,408 : INFO : EventManager : Event: ======'s_reentry_right_active'====== Args={}
2024-12-07 14:59:17,410 : INFO : EventManager : Event: ======'sw_playfield_active'====== Args={}
2024-12-07 14:59:17,411 : INFO : EventManager : Event: ======'machine_var_audits_switches_s_reentry_right'====== Args={'value': 469, 'prev_value': 468, 'change': 1}
2024-12-07 14:59:17,415 : INFO : EventManager : Event: ======'player_shot_reentryR_shot'====== Args={'value': 1, 'prev_value': 0, 'change': 1, 'player_num': 1}
2024-12-07 14:59:17,438 : INFO : EventManager : Event: ======'machine_var_audits_shots_reentryR_shot'====== Args={'value': 410, 'prev_value': 409, 'change': 1}
2024-12-07 14:59:17,439 : INFO : EventManager : Event: ======'reentryR_shot_hit'====== Args={'profile': 'reentry', 'state': 'off', 'advancing': True}
2024-12-07 14:59:17,439 : INFO : EventManager : Event: ======'reentryR_shot_reentry_hit'====== Args={'profile': 'reentry', 'state': 'off', 'advancing': True}
2024-12-07 14:59:17,439 : INFO : EventManager : Event: ======'reentryR_shot_reentry_off_hit'====== Args={'profile': 'reentry', 'state': 'off', 'advancing': True}
2024-12-07 14:59:17,439 : INFO : EventManager : Event: ======'reentryR_shot_off_hit'====== Args={'profile': 'reentry', 'state': 'off', 'advancing': True}
2024-12-07 14:59:17,439 : INFO : EventManager : Event: ======'reentry_shot_hit'====== Args={}
2024-12-07 14:59:17,440 : INFO : EventManager : Event: ======'reentry_shot_off_hit'====== Args={}
2024-12-07 14:59:17,440 : INFO : EventManager : Event: ======'player_score'====== Args={'value': 7000, 'prev_value': 6000, 'change': 1000, 'player_num': 1}
2024-12-07 14:59:17,440 : INFO : EventManager : Event: ======'playfield_active'====== Args={}
2024-12-07 14:59:17,440 : INFO : EventManager : Event: ======'unexpected_ball_on_playfield'====== Args={}
2024-12-07 14:59:17,453 : INFO : SwitchController : <<<<<<< 's_reentry_right' inactive >>>>>>>
2024-12-07 14:59:21,982 : INFO : EventManager : Event: ======'balldevice_bd_trough_ball_eject_failed'====== Args={'target': <ball_device.bd_plunger>, 'balls': 1, 'retry': True, 'num_attempts': 4}
2024-12-07 14:59:21,985 : INFO : ball_device.bd_trough : State: waiting_for_target_ready
2024-12-07 14:59:21,985 : INFO : EventManager : Event: ======'balldevice_bd_trough_ball_eject_attempt'====== Args={'balls': 1, 'target': <ball_device.bd_plunger>, 'source': <ball_device.bd_trough>, 'mechanical_eject': True, 'num_attempts': 4}
2024-12-07 14:59:21,986 : INFO : ball_device.bd_trough : State: ejecting
2024-12-07 14:59:21,987 : INFO : ball_device.bd_trough : Ejecting ball to <ball_device.bd_plunger>
2024-12-07 14:59:21,987 : INFO : EventManager : Event: ======'balldevice_bd_trough_ejecting_ball'====== Args={'balls': 1, 'target': <ball_device.bd_plunger>, 'source': <ball_device.bd_trough>, 'mechanical_eject': True, 'num_attempts': 4}
2024-12-07 14:59:21,989 : INFO : ball_device.bd_trough : Wait for ball to leave device
2024-12-07 14:59:21,990 : INFO : coil.c_trough_eject : Pulsing Driver for 10ms (1.0 pulse_power)
2024-12-07 14:59:24,633 : INFO : SwitchController : <<<<<<< 's_trough1' inactive >>>>>>>
2024-12-07 14:59:24,639 : INFO : ball_device.bd_trough : State: ball_left
2024-12-07 14:59:24,640 : INFO : ball_device.bd_trough : Ball left
2024-12-07 14:59:24,640 : INFO : ball_device.bd_trough : Wait for confirm with timeout 10.0
2024-12-07 14:59:34,637 : INFO : ball_device.bd_trough : State: failed_confirm
2024-12-07 14:59:34,638 : INFO : ball_device.bd_trough : Got timeout (10.0s) before confirm from <ball_device.bd_plunger>
2024-12-07 14:59:34,643 : INFO : ball_device.bd_plunger : Expecting incoming ball which may skip the device.
2024-12-07 14:59:34,644 : INFO : EventManager : Event: ======'balldevice_bd_plunger_ejecting_ball'====== Args={'balls': 1, 'target': <playfield.playfield>, 'source': <ball_device.bd_plunger>, 'mechanical_eject': False, 'num_attempts': 1}
2024-12-07 14:59:44,645 : INFO : ball_device.bd_plunger : Got confirm for skipping ball.
2024-12-07 14:59:44,645 : INFO : ball_device.bd_plunger : Eject successful
2024-12-07 14:59:44,645 : INFO : EventManager : Event: ======'balldevice_bd_plunger_ball_eject_success'====== Args={'balls': 1, 'target': <playfield.playfield>}
2024-12-07 14:59:44,646 : INFO : EventManager : Event: ======'balldevice_playfield_ball_enter'====== Args={'new_balls': 1, 'unclaimed_balls': 1, 'device': <playfield.playfield>}
2024-12-07 14:59:44,647 : INFO : EventManager : Event: ======'playfield_ball_count_change'====== Args={'balls': 1, 'change': 1}
2024-12-07 14:59:44,647 : INFO : ball_device.bd_plunger : State: idle
2024-12-07 14:59:44,649 : INFO : ball_device.bd_trough : Eject successful
2024-12-07 14:59:44,649 : INFO : EventManager : Event: ======'balldevice_bd_trough_ball_eject_success'====== Args={'balls': 1, 'target': <ball_device.bd_plunger>}
2024-12-07 14:59:44,650 : INFO : EventManager : Event: ======'balldevice_bd_trough_ball_count_changed'====== Args={'balls': 0}
2024-12-07 14:59:44,650 : INFO : ball_device.bd_trough : State: idle
2024-12-07 15:02:35,945 : INFO : Machine : Shutting down...
2024-12-07 15:02:35,946 : INFO : EventManager : Event: ======'shutdown'====== Args={}
2024-12-07 15:02:35,949 : ERROR : OPP : Stop called on serial connection com5
2024-12-07 15:02:35,949 : ERROR : OPP : Stop called on serial connection com4
2024-12-07 15:02:35,951 : ERROR : asyncio : Task was destroyed but it is pending!
task: <Task pending coro=<Event.wait() running at C:\Program Files\Python37\lib\asyncio\locks.py:293> wait_for=<Future cancelled>>
2024-12-07 15:02:35,951 : ERROR : asyncio : Task was destroyed but it is pending!
task: <Task pending coro=<Event.wait() running at C:\Program Files\Python37\lib\asyncio\locks.py:293> wait_for=<Future cancelled>>
2024-12-07 15:02:35,953 : INFO : root : MPF run loop ended.
