2024-12-02 19:39:00,152 : INFO : root : Loading config.
2024-12-02 19:39:00,476 : INFO : ConfigProcessor : Config spec file cache created: C:\Users\student\AppData\Local\Temp\config_spec.mpf_cache
2024-12-02 19:39:00,477 : INFO : YamlMultifileConfigLoader : Machine config file #1: config.yaml
2024-12-02 19:39:00,477 : INFO : ConfigProcessor : Loading config from file c:\users\student\mpfenv\lib\site-packages\mpf\mpfconfig.yaml.
2024-12-02 19:39:00,540 : INFO : ConfigProcessor : Loading config: c:\users\student\mpfenv\lib\site-packages\mpf\mpfconfig.yaml
2024-12-02 19:39:00,540 : INFO : ConfigProcessor : Loading config from file C:\Users\student\pinball\cobraPinTest1\config\config.yaml.
2024-12-02 19:39:00,581 : INFO : ConfigProcessor : Loading config: C:\Users\student\pinball\cobraPinTest1\config\config.yaml
2024-12-02 19:39:00,582 : INFO : ConfigProcessor : Config file cache created: C:\Users\student\AppData\Local\Temp\f1427cd4cbc9163bc2263f349f0fb463.mpf_cache
2024-12-02 19:39:00,650 : INFO : ConfigProcessor : Loading config from file c:\users\student\mpfenv\lib\site-packages\mpf\modes\attract\config\attract.yaml.
2024-12-02 19:39:00,651 : INFO : ConfigProcessor : Loading config: c:\users\student\mpfenv\lib\site-packages\mpf\modes\attract\config\attract.yaml
2024-12-02 19:39:00,651 : INFO : ConfigProcessor : Loading config from file C:\Users\student\pinball\cobraPinTest1\modes\attract\config\attract.yaml.
2024-12-02 19:39:00,653 : INFO : ConfigProcessor : Loading config: C:\Users\student\pinball\cobraPinTest1\modes\attract\config\attract.yaml
2024-12-02 19:39:00,653 : INFO : ConfigProcessor : Config file cache created: C:\Users\student\AppData\Local\Temp\32ed7ad340ce8029344f8b9ff63edc80.mpf_cache
2024-12-02 19:39:00,654 : INFO : ConfigProcessor : Loading config from file c:\users\student\mpfenv\lib\site-packages\mpf\modes\game\config\game.yaml.
2024-12-02 19:39:00,655 : INFO : ConfigProcessor : Loading config: c:\users\student\mpfenv\lib\site-packages\mpf\modes\game\config\game.yaml
2024-12-02 19:39:00,656 : INFO : ConfigProcessor : Config file cache created: C:\Users\student\AppData\Local\Temp\8696bd5a5a040ff67990be11cb4d3c0c.mpf_cache
2024-12-02 19:39:00,656 : INFO : ConfigProcessor : Loading config from file C:\Users\student\pinball\cobraPinTest1\modes\base\config\base.yaml.
2024-12-02 19:39:00,660 : INFO : ConfigProcessor : Loading config: C:\Users\student\pinball\cobraPinTest1\modes\base\config\base.yaml
2024-12-02 19:39:00,661 : INFO : ConfigProcessor : Config file cache created: C:\Users\student\AppData\Local\Temp\4675a535c8328a9c278c807d999ed109.mpf_cache
2024-12-02 19:39:00,661 : INFO : ConfigProcessor : Loading config from file C:\Users\student\pinball\cobraPinTest1\modes\reentry\config\reentry.yaml.
2024-12-02 19:39:00,678 : INFO : ConfigProcessor : Loading config: C:\Users\student\pinball\cobraPinTest1\modes\reentry\config\reentry.yaml
2024-12-02 19:39:00,678 : INFO : ConfigProcessor : Config file cache created: C:\Users\student\AppData\Local\Temp\0c8438cab3480347c0c749fa494946a2.mpf_cache
2024-12-02 19:39:00,679 : INFO : ConfigProcessor : Loading config from file C:\Users\student\pinball\cobraPinTest1\modes\attract\shows\.\attract_display_loop.yaml.
2024-12-02 19:39:00,687 : INFO : ConfigProcessor : Loading config: C:\Users\student\pinball\cobraPinTest1\modes\attract\shows\.\attract_display_loop.yaml
2024-12-02 19:39:00,688 : INFO : ConfigProcessor : Config file cache created: C:\Users\student\AppData\Local\Temp\f8d2c2cf3ea01f085365ea23fa51a701.mpf_cache
2024-12-02 19:39:00,688 : INFO : ConfigProcessor : Loading config from file C:\Users\student\pinball\cobraPinTest1\modes\attract\shows\.\attract_light_show.yaml.
2024-12-02 19:39:00,693 : INFO : ConfigProcessor : Loading config: C:\Users\student\pinball\cobraPinTest1\modes\attract\shows\.\attract_light_show.yaml
2024-12-02 19:39:00,693 : INFO : ConfigProcessor : Config file cache created: C:\Users\student\AppData\Local\Temp\30bd992f4b62a9b099207aebeb59554c.mpf_cache
2024-12-02 19:39:00,694 : INFO : Machine : Mission Pinball Framework Core Engine v0.55.0
2024-12-02 19:39:00,694 : INFO : Machine : Command line arguments: {'no_load_cache': True, 'create_config_cache': True, 'bcp': True, 'configfile': ['config.yaml'], 'force_assets_load': False, 'jsonlogging': False, 'logfile': 'logs\\2024-12-02-19-39-00-mpf-DESKTOP-0JH7ARL.log', 'pause': False, 'production': False, 'text_ui': True, 'loglevel': 15, 'consoleloglevel': 20, 'force_platform': None, 'syslog_address': None, 'mc_file_name': None, 'no_sound': False}
2024-12-02 19:39:00,694 : INFO : Machine : MPF path: c:\users\student\mpfenv\lib\site-packages\mpf
2024-12-02 19:39:00,694 : INFO : Machine : Machine path: C:\Users\student\pinball\cobraPinTest1
2024-12-02 19:39:00,694 : INFO : Machine : Platform: win32
2024-12-02 19:39:00,694 : INFO : Machine : Python executable location: c:\users\student\mpfenv\scripts\python.exe
2024-12-02 19:39:00,694 : INFO : Machine : Python version: 3.7.8 (64-bit)
2024-12-02 19:39:00,696 : INFO : Machine : Initialise MPF.
2024-12-02 19:39:00,874 : INFO : OPP : Connecting to com4 at 115200bps
2024-12-02 19:39:00,975 : INFO : OPP : Init of OPP board 0 done
2024-12-02 19:39:00,975 : INFO : OPP : Connecting to com5 at 115200bps
2024-12-02 19:39:01,150 : INFO : OPP : Init of OPP board 1 done
2024-12-02 19:39:01,151 : INFO : EventManager : Event: ======'machine_var_credits_string'====== Args={'value': 'FREE PLAY', 'prev_value': None, 'change': True}
2024-12-02 19:39:01,197 : INFO : EventManager : Event: ======'machine_var_master_volume'====== Args={'value': 0.5, 'prev_value': None, 'change': True}
2024-12-02 19:39:01,197 : INFO : EventManager : Event: ======'machine_var_player1_score'====== Args={'value': 1500, 'prev_value': None, 'change': True}
2024-12-02 19:39:01,197 : INFO : EventManager : Event: ======'machine_var_mpf_version'====== Args={'value': 'MPF v0.55.0', 'prev_value': None, 'change': True}
2024-12-02 19:39:01,197 : INFO : EventManager : Event: ======'machine_var_mpf_extended_version'====== Args={'value': 'MPF v0.55.0, Config version:5, Show version: 5, BCP version:1.1', 'prev_value': None, 'change': True}
2024-12-02 19:39:01,197 : INFO : EventManager : Event: ======'machine_var_python_version'====== Args={'value': '3.7.8', 'prev_value': None, 'change': True}
2024-12-02 19:39:01,197 : INFO : EventManager : Event: ======'machine_var_platform'====== Args={'value': 'Windows-10-10.0.19041-SP0', 'prev_value': None, 'change': True}
2024-12-02 19:39:01,197 : INFO : EventManager : Event: ======'machine_var_platform_system'====== Args={'value': 'Windows', 'prev_value': None, 'change': True}
2024-12-02 19:39:01,197 : INFO : EventManager : Event: ======'machine_var_platform_release'====== Args={'value': '10', 'prev_value': None, 'change': True}
2024-12-02 19:39:01,197 : INFO : EventManager : Event: ======'machine_var_platform_version'====== Args={'value': '10.0.19041', 'prev_value': None, 'change': True}
2024-12-02 19:39:01,197 : INFO : EventManager : Event: ======'machine_var_platform_machine'====== Args={'value': 'AMD64', 'prev_value': None, 'change': True}
2024-12-02 19:39:01,197 : INFO : EventManager : Event: ======'init_phase_1'====== Args={}
2024-12-02 19:39:01,218 : INFO : EventManager : Event: ======'init_phase_2'====== Args={}
2024-12-02 19:39:01,219 : INFO : SwitchController : Found active switch: ('0-0-8', <Platform.OPP>) <switch.s_trough1>
2024-12-02 19:39:01,222 : INFO : EventManager : Event: ======'bcp_connection_attempt'====== Args={'name': 'local_display', 'host': 'localhost', 'port': 5050}
2024-12-02 19:39:01,224 : INFO : BCPClientSocket : Connecting BCP to 'local_display' at localhost:5050...
2024-12-02 19:39:03,271 : INFO : BCPClientSocket : Connected BCP to 'local_display' localhost:5050
2024-12-02 19:39:03,273 : INFO : EventManager : Event: ======'bcp_clients_connected'====== Args={}
2024-12-02 19:39:03,294 : INFO : ball_device.bd_plunger : BCH: Initial count: 0
2024-12-02 19:39:03,295 : INFO : EventManager : Event: ======'machine_var_mc_version'====== Args={'value': 'MPF-MC v0.55.0', 'prev_value': None, 'change': True}
2024-12-02 19:39:03,295 : INFO : EventManager : Event: ======'machine_var_mc_extended_version'====== Args={'value': 'MPF-MC v0.55.0 (config_version=5, BCP v1.1, Requires MPF v0.55.0-dev.49)', 'prev_value': None, 'change': True}
2024-12-02 19:39:03,297 : INFO : ball_device.bd_plunger : State: idle
2024-12-02 19:39:03,310 : INFO : ball_device.bd_trough : BCH: Initial count: 1
2024-12-02 19:39:03,310 : INFO : ball_device.bd_trough : State: idle
2024-12-02 19:39:03,373 : INFO : EventManager : Event: ======'init_phase_3'====== Args={}
2024-12-02 19:39:03,378 : INFO : EventManager : Event: ======'init_phase_4'====== Args={}
2024-12-02 19:39:03,379 : INFO : BallController : Initial balls found: 1
2024-12-02 19:39:03,380 : INFO : EventManager : Event: ======'machine_var_audits_events_game_ended'====== Args={'value': 0, 'prev_value': None, 'change': True}
2024-12-02 19:39:03,381 : INFO : EventManager : Event: ======'machine_var_audits_events_game_started'====== Args={'value': 0, 'prev_value': None, 'change': True}
2024-12-02 19:39:03,381 : INFO : EventManager : Event: ======'machine_var_audits_player_score'====== Args={'value': {'average': 1800.0, 'top': [2000, 1900, 1500], 'total': 3}, 'prev_value': None, 'change': True}
2024-12-02 19:39:03,381 : INFO : EventManager : Event: ======'machine_var_audits_shots_medalL_shot'====== Args={'value': 174, 'prev_value': None, 'change': True}
2024-12-02 19:39:03,381 : INFO : EventManager : Event: ======'machine_var_audits_shots_medalM_shot'====== Args={'value': 166, 'prev_value': None, 'change': True}
2024-12-02 19:39:03,382 : INFO : EventManager : Event: ======'machine_var_audits_shots_medalR_shot'====== Args={'value': 165, 'prev_value': None, 'change': True}
2024-12-02 19:39:03,382 : INFO : EventManager : Event: ======'machine_var_audits_shots_my_first_shot'====== Args={'value': 119, 'prev_value': None, 'change': True}
2024-12-02 19:39:03,382 : INFO : EventManager : Event: ======'machine_var_audits_shots_my_first_shot_mode2'====== Args={'value': 72, 'prev_value': None, 'change': True}
2024-12-02 19:39:03,382 : INFO : EventManager : Event: ======'machine_var_audits_shots_reentryL_shot'====== Args={'value': 437, 'prev_value': None, 'change': True}
2024-12-02 19:39:03,383 : INFO : EventManager : Event: ======'machine_var_audits_shots_reentryM_shot'====== Args={'value': 420, 'prev_value': None, 'change': True}
2024-12-02 19:39:03,383 : INFO : EventManager : Event: ======'machine_var_audits_shots_reentryR_shot'====== Args={'value': 387, 'prev_value': None, 'change': True}
2024-12-02 19:39:03,383 : INFO : EventManager : Event: ======'machine_var_audits_shots_reentry_shot'====== Args={'value': 9, 'prev_value': None, 'change': True}
2024-12-02 19:39:03,384 : INFO : EventManager : Event: ======'machine_var_audits_shots_top_lane_A'====== Args={'value': 12, 'prev_value': None, 'change': True}
2024-12-02 19:39:03,384 : INFO : EventManager : Event: ======'machine_var_audits_shots_top_lane_J'====== Args={'value': 12, 'prev_value': None, 'change': True}
2024-12-02 19:39:03,384 : INFO : EventManager : Event: ======'machine_var_audits_shots_top_lane_M'====== Args={'value': 9, 'prev_value': None, 'change': True}
2024-12-02 19:39:03,384 : INFO : EventManager : Event: ======'machine_var_audits_switches_s_blackhole_kicker'====== Args={'value': 0, 'prev_value': None, 'change': True}
2024-12-02 19:39:03,384 : INFO : EventManager : Event: ======'machine_var_audits_switches_s_bonus_lane'====== Args={'value': 0, 'prev_value': None, 'change': True}
2024-12-02 19:39:03,385 : INFO : EventManager : Event: ======'machine_var_audits_switches_s_booster_drop_target_1'====== Args={'value': 0, 'prev_value': None, 'change': True}
2024-12-02 19:39:03,385 : INFO : EventManager : Event: ======'machine_var_audits_switches_s_booster_drop_target_2'====== Args={'value': 0, 'prev_value': None, 'change': True}
2024-12-02 19:39:03,385 : INFO : EventManager : Event: ======'machine_var_audits_switches_s_booster_drop_target_3'====== Args={'value': 0, 'prev_value': None, 'change': True}
2024-12-02 19:39:03,385 : INFO : EventManager : Event: ======'machine_var_audits_switches_s_comet_spot_1'====== Args={'value': 0, 'prev_value': None, 'change': True}
2024-12-02 19:39:03,385 : INFO : EventManager : Event: ======'machine_var_audits_switches_s_comet_spot_2'====== Args={'value': 0, 'prev_value': None, 'change': True}
2024-12-02 19:39:03,386 : INFO : EventManager : Event: ======'machine_var_audits_switches_s_comet_spot_3'====== Args={'value': 0, 'prev_value': None, 'change': True}
2024-12-02 19:39:03,386 : INFO : EventManager : Event: ======'machine_var_audits_switches_s_engine_bumper_1'====== Args={'value': 0, 'prev_value': None, 'change': True}
2024-12-02 19:39:03,386 : INFO : EventManager : Event: ======'machine_var_audits_switches_s_engine_bumper_2'====== Args={'value': 0, 'prev_value': None, 'change': True}
2024-12-02 19:39:03,386 : INFO : EventManager : Event: ======'machine_var_audits_switches_s_engine_bumper_3'====== Args={'value': 0, 'prev_value': None, 'change': True}
2024-12-02 19:39:03,387 : INFO : EventManager : Event: ======'machine_var_audits_switches_s_fuel_chute_1'====== Args={'value': 0, 'prev_value': None, 'change': True}
2024-12-02 19:39:03,387 : INFO : EventManager : Event: ======'machine_var_audits_switches_s_fuel_chute_2'====== Args={'value': 0, 'prev_value': None, 'change': True}
2024-12-02 19:39:03,387 : INFO : EventManager : Event: ======'machine_var_audits_switches_s_fuel_chute_3'====== Args={'value': 0, 'prev_value': None, 'change': True}
2024-12-02 19:39:03,388 : INFO : EventManager : Event: ======'machine_var_audits_switches_s_fuel_chute_4'====== Args={'value': 0, 'prev_value': None, 'change': True}
2024-12-02 19:39:03,388 : INFO : EventManager : Event: ======'machine_var_audits_switches_s_fuel_chute_5'====== Args={'value': 0, 'prev_value': None, 'change': True}
2024-12-02 19:39:03,388 : INFO : EventManager : Event: ======'machine_var_audits_switches_s_fuel_chute_6'====== Args={'value': 0, 'prev_value': None, 'change': True}
2024-12-02 19:39:03,388 : INFO : EventManager : Event: ======'machine_var_audits_switches_s_fuel_flag'====== Args={'value': 0, 'prev_value': None, 'change': True}
2024-12-02 19:39:03,389 : INFO : EventManager : Event: ======'machine_var_audits_switches_s_fuel_spot_1'====== Args={'value': 0, 'prev_value': None, 'change': True}
2024-12-02 19:39:03,389 : INFO : EventManager : Event: ======'machine_var_audits_switches_s_fuel_spot_2'====== Args={'value': 0, 'prev_value': None, 'change': True}
2024-12-02 19:39:03,389 : INFO : EventManager : Event: ======'machine_var_audits_switches_s_fuel_spot_3'====== Args={'value': 0, 'prev_value': None, 'change': True}
2024-12-02 19:39:03,389 : INFO : EventManager : Event: ======'machine_var_audits_switches_s_green_wormhole'====== Args={'value': 0, 'prev_value': None, 'change': True}
2024-12-02 19:39:03,390 : INFO : EventManager : Event: ======'machine_var_audits_switches_s_hyperspace_flag'====== Args={'value': 0, 'prev_value': None, 'change': True}
2024-12-02 19:39:03,390 : INFO : EventManager : Event: ======'machine_var_audits_switches_s_hyperspacekicker'====== Args={'value': 0, 'prev_value': None, 'change': True}
2024-12-02 19:39:03,390 : INFO : EventManager : Event: ======'machine_var_audits_switches_s_launch_lane_1'====== Args={'value': 0, 'prev_value': None, 'change': True}
2024-12-02 19:39:03,390 : INFO : EventManager : Event: ======'machine_var_audits_switches_s_launch_lane_2'====== Args={'value': 0, 'prev_value': None, 'change': True}
2024-12-02 19:39:03,391 : INFO : EventManager : Event: ======'machine_var_audits_switches_s_launch_lane_3'====== Args={'value': 0, 'prev_value': None, 'change': True}
2024-12-02 19:39:03,391 : INFO : EventManager : Event: ======'machine_var_audits_switches_s_launch_ramp'====== Args={'value': 0, 'prev_value': None, 'change': True}
2024-12-02 19:39:03,392 : INFO : EventManager : Event: ======'machine_var_audits_switches_s_left_attack_bumper'====== Args={'value': 0, 'prev_value': None, 'change': True}
2024-12-02 19:39:03,392 : INFO : EventManager : Event: ======'machine_var_audits_switches_s_left_flipper'====== Args={'value': 742, 'prev_value': None, 'change': True}
2024-12-02 19:39:03,393 : INFO : EventManager : Event: ======'machine_var_audits_switches_s_left_out_lane'====== Args={'value': 1, 'prev_value': None, 'change': True}
2024-12-02 19:39:03,393 : INFO : EventManager : Event: ======'machine_var_audits_switches_s_left_out_lane_kicker'====== Args={'value': 0, 'prev_value': None, 'change': True}
2024-12-02 19:39:03,393 : INFO : EventManager : Event: ======'machine_var_audits_switches_s_left_return_lane'====== Args={'value': 3, 'prev_value': None, 'change': True}
2024-12-02 19:39:03,394 : INFO : EventManager : Event: ======'machine_var_audits_switches_s_lower_attack_bumper'====== Args={'value': 0, 'prev_value': None, 'change': True}
2024-12-02 19:39:03,394 : INFO : EventManager : Event: ======'machine_var_audits_switches_s_lower_left_rebound'====== Args={'value': 0, 'prev_value': None, 'change': True}
2024-12-02 19:39:03,394 : INFO : EventManager : Event: ======'machine_var_audits_switches_s_lower_left_slingshot'====== Args={'value': 0, 'prev_value': None, 'change': True}
2024-12-02 19:39:03,394 : INFO : EventManager : Event: ======'machine_var_audits_switches_s_lower_right_rebound'====== Args={'value': 0, 'prev_value': None, 'change': True}
2024-12-02 19:39:03,395 : INFO : EventManager : Event: ======'machine_var_audits_switches_s_lower_right_slingshot'====== Args={'value': 10, 'prev_value': None, 'change': True}
2024-12-02 19:39:03,395 : INFO : EventManager : Event: ======'machine_var_audits_switches_s_medal_drop_left'====== Args={'value': 188, 'prev_value': None, 'change': True}
2024-12-02 19:39:03,395 : INFO : EventManager : Event: ======'machine_var_audits_switches_s_medal_drop_middle'====== Args={'value': 180, 'prev_value': None, 'change': True}
2024-12-02 19:39:03,396 : INFO : EventManager : Event: ======'machine_var_audits_switches_s_medal_drop_right'====== Args={'value': 179, 'prev_value': None, 'change': True}
2024-12-02 19:39:03,396 : INFO : EventManager : Event: ======'machine_var_audits_switches_s_mission_spot_1'====== Args={'value': 0, 'prev_value': None, 'change': True}
2024-12-02 19:39:03,396 : INFO : EventManager : Event: ======'machine_var_audits_switches_s_mission_spot_2'====== Args={'value': 2, 'prev_value': None, 'change': True}
2024-12-02 19:39:03,397 : INFO : EventManager : Event: ======'machine_var_audits_switches_s_mission_spot_3'====== Args={'value': 0, 'prev_value': None, 'change': True}
2024-12-02 19:39:03,397 : INFO : EventManager : Event: ======'machine_var_audits_switches_s_multiplier_left'====== Args={'value': 0, 'prev_value': None, 'change': True}
2024-12-02 19:39:03,397 : INFO : EventManager : Event: ======'machine_var_audits_switches_s_multiplier_middle'====== Args={'value': 0, 'prev_value': None, 'change': True}
2024-12-02 19:39:03,398 : INFO : EventManager : Event: ======'machine_var_audits_switches_s_multiplier_right'====== Args={'value': 0, 'prev_value': None, 'change': True}
2024-12-02 19:39:03,398 : INFO : EventManager : Event: ======'machine_var_audits_switches_s_plunger'====== Args={'value': 162, 'prev_value': None, 'change': True}
2024-12-02 19:39:03,398 : INFO : EventManager : Event: ======'machine_var_audits_switches_s_radiationspot_1'====== Args={'value': 0, 'prev_value': None, 'change': True}
2024-12-02 19:39:03,398 : INFO : EventManager : Event: ======'machine_var_audits_switches_s_radiationspot_2'====== Args={'value': 0, 'prev_value': None, 'change': True}
2024-12-02 19:39:03,399 : INFO : EventManager : Event: ======'machine_var_audits_switches_s_radiationspot_3'====== Args={'value': 0, 'prev_value': None, 'change': True}
2024-12-02 19:39:03,399 : INFO : EventManager : Event: ======'machine_var_audits_switches_s_red_wormhole'====== Args={'value': 0, 'prev_value': None, 'change': True}
2024-12-02 19:39:03,400 : INFO : EventManager : Event: ======'machine_var_audits_switches_s_reentry_left'====== Args={'value': 792, 'prev_value': None, 'change': True}
2024-12-02 19:39:03,400 : INFO : EventManager : Event: ======'machine_var_audits_switches_s_reentry_middle'====== Args={'value': 494, 'prev_value': None, 'change': True}
2024-12-02 19:39:03,400 : INFO : EventManager : Event: ======'machine_var_audits_switches_s_reentry_right'====== Args={'value': 446, 'prev_value': None, 'change': True}
2024-12-02 19:39:03,401 : INFO : EventManager : Event: ======'machine_var_audits_switches_s_right_flipper'====== Args={'value': 573, 'prev_value': None, 'change': True}
2024-12-02 19:39:03,401 : INFO : EventManager : Event: ======'machine_var_audits_switches_s_right_inlane'====== Args={'value': 0, 'prev_value': None, 'change': True}
2024-12-02 19:39:03,401 : INFO : EventManager : Event: ======'machine_var_audits_switches_s_right_out_lane'====== Args={'value': 4, 'prev_value': None, 'change': True}
2024-12-02 19:39:03,402 : INFO : EventManager : Event: ======'machine_var_audits_switches_s_right_out_lane_kicker'====== Args={'value': 0, 'prev_value': None, 'change': True}
2024-12-02 19:39:03,402 : INFO : EventManager : Event: ======'machine_var_audits_switches_s_right_return_lane'====== Args={'value': 1, 'prev_value': None, 'change': True}
2024-12-02 19:39:03,402 : INFO : EventManager : Event: ======'machine_var_audits_switches_s_satellite_bumper'====== Args={'value': 0, 'prev_value': None, 'change': True}
2024-12-02 19:39:03,403 : INFO : EventManager : Event: ======'machine_var_audits_switches_s_secondary_outlane_kicker'====== Args={'value': 0, 'prev_value': None, 'change': True}
2024-12-02 19:39:03,403 : INFO : EventManager : Event: ======'machine_var_audits_switches_s_skill_shot_1'====== Args={'value': 0, 'prev_value': None, 'change': True}
2024-12-02 19:39:03,404 : INFO : EventManager : Event: ======'machine_var_audits_switches_s_skill_shot_2'====== Args={'value': 0, 'prev_value': None, 'change': True}
2024-12-02 19:39:03,405 : INFO : EventManager : Event: ======'machine_var_audits_switches_s_skill_shot_3'====== Args={'value': 0, 'prev_value': None, 'change': True}
2024-12-02 19:39:03,406 : INFO : EventManager : Event: ======'machine_var_audits_switches_s_skill_shot_4'====== Args={'value': 0, 'prev_value': None, 'change': True}
2024-12-02 19:39:03,406 : INFO : EventManager : Event: ======'machine_var_audits_switches_s_skill_shot_5'====== Args={'value': 0, 'prev_value': None, 'change': True}
2024-12-02 19:39:03,407 : INFO : EventManager : Event: ======'machine_var_audits_switches_s_skill_shot_6'====== Args={'value': 0, 'prev_value': None, 'change': True}
2024-12-02 19:39:03,407 : INFO : EventManager : Event: ======'machine_var_audits_switches_s_skill_shot_lane'====== Args={'value': 0, 'prev_value': None, 'change': True}
2024-12-02 19:39:03,407 : INFO : EventManager : Event: ======'machine_var_audits_switches_s_spacewarp_rollover'====== Args={'value': 0, 'prev_value': None, 'change': True}
2024-12-02 19:39:03,408 : INFO : EventManager : Event: ======'machine_var_audits_switches_s_start'====== Args={'value': 7, 'prev_value': None, 'change': True}
2024-12-02 19:39:03,408 : INFO : EventManager : Event: ======'machine_var_audits_switches_s_trough1'====== Args={'value': 30, 'prev_value': None, 'change': True}
2024-12-02 19:39:03,409 : INFO : EventManager : Event: ======'machine_var_audits_switches_s_trough2'====== Args={'value': 0, 'prev_value': None, 'change': True}
2024-12-02 19:39:03,409 : INFO : EventManager : Event: ======'machine_var_audits_switches_s_trough3'====== Args={'value': 0, 'prev_value': None, 'change': True}
2024-12-02 19:39:03,410 : INFO : EventManager : Event: ======'machine_var_audits_switches_s_trough4'====== Args={'value': 0, 'prev_value': None, 'change': True}
2024-12-02 19:39:03,410 : INFO : EventManager : Event: ======'machine_var_audits_switches_s_trough5'====== Args={'value': 0, 'prev_value': None, 'change': True}
2024-12-02 19:39:03,410 : INFO : EventManager : Event: ======'machine_var_audits_switches_s_trough6'====== Args={'value': 0, 'prev_value': None, 'change': True}
2024-12-02 19:39:03,411 : INFO : EventManager : Event: ======'machine_var_audits_switches_s_trough_jam'====== Args={'value': 0, 'prev_value': None, 'change': True}
2024-12-02 19:39:03,411 : INFO : EventManager : Event: ======'machine_var_audits_switches_s_upper_attack_bumper'====== Args={'value': 0, 'prev_value': None, 'change': True}
2024-12-02 19:39:03,412 : INFO : EventManager : Event: ======'machine_var_audits_switches_s_upper_left_rebound'====== Args={'value': 0, 'prev_value': None, 'change': True}
2024-12-02 19:39:03,413 : INFO : EventManager : Event: ======'machine_var_audits_switches_s_upper_right_rebound'====== Args={'value': 0, 'prev_value': None, 'change': True}
2024-12-02 19:39:03,413 : INFO : EventManager : Event: ======'machine_var_audits_switches_s_wormhole_target'====== Args={'value': 0, 'prev_value': None, 'change': True}
2024-12-02 19:39:03,414 : INFO : EventManager : Event: ======'machine_var_audits_switches_s_yellow_wormhole'====== Args={'value': 0, 'prev_value': None, 'change': True}
2024-12-02 19:39:03,415 : INFO : EventManager : Event: ======'init_phase_5'====== Args={}
2024-12-02 19:39:03,429 : INFO : EventManager : Event: ======'init_done'====== Args={}
2024-12-02 19:39:03,430 : INFO : EventManager : Event: ======'machine_reset_phase_1'====== Args={}
2024-12-02 19:39:03,958 : INFO : EventManager : Event: ======'slide_welcome_slide_removed'====== Args={'_from_bcp': True}
2024-12-02 19:39:03,959 : INFO : EventManager : Event: ======'slide_welcome_slide_created'====== Args={'_from_bcp': True}
2024-12-02 19:39:03,960 : INFO : EventManager : Event: ======'machine_reset_phase_2'====== Args={}
2024-12-02 19:39:03,961 : INFO : EventManager : Event: ======'machine_reset_phase_3'====== Args={}
2024-12-02 19:39:03,961 : INFO : EventManager : Event: ======'reset_complete'====== Args={}
2024-12-02 19:39:03,962 : INFO : EventManager : Event: ======'mode_attract_will_start'====== Args={}
2024-12-02 19:39:03,962 : INFO : EventManager : Event: ======'mode_attract_starting'====== Args={}
2024-12-02 19:39:03,962 : INFO : Mode.attract : Started. Priority: 10
2024-12-02 19:39:03,962 : INFO : EventManager : Event: ======'modes_active_modes_changed'====== Args={}
2024-12-02 19:39:03,962 : INFO : EventManager : Event: ======'mode_attract_started'====== Args={}
2024-12-02 19:39:03,962 : INFO : EventManager : Event: ======'collecting_balls_complete'====== Args={}
2024-12-02 19:39:03,983 : INFO : EventManager : Event: ======'slide_welcome_slide_active'====== Args={'_from_bcp': True}
2024-12-02 19:39:03,984 : INFO : EventManager : Event: ======'slide_awesome_slide_created'====== Args={'_from_bcp': True}
2024-12-02 19:39:03,984 : INFO : EventManager : Event: ======'slide_awesome_slide_active'====== Args={'_from_bcp': True}
2024-12-02 19:39:03,984 : INFO : Machine : Starting the main run loop.
2024-12-02 19:39:05,894 : INFO : SwitchController : <<<<<<< 's_start' active >>>>>>>
2024-12-02 19:39:06,038 : INFO : SwitchController : <<<<<<< 's_start' inactive >>>>>>>
2024-12-02 19:39:06,039 : INFO : EventManager : Event: ======'request_to_start_game'====== Args={}
2024-12-02 19:39:06,041 : INFO : EventManager : Event: ======'game_start'====== Args={'buttons': [], 'hold_time': 0.1570000000001528}
2024-12-02 19:39:06,041 : INFO : EventManager : Event: ======'mode_game_will_start'====== Args={'buttons': [], 'hold_time': 0.1570000000001528}
2024-12-02 19:39:06,043 : INFO : EventManager : Event: ======'mode_game_starting'====== Args={'buttons': [], 'hold_time': 0.1570000000001528}
2024-12-02 19:39:06,044 : INFO : EventManager : Event: ======'mode_attract_will_stop'====== Args={}
2024-12-02 19:39:06,044 : INFO : EventManager : Event: ======'mode_attract_stopping'====== Args={}
2024-12-02 19:39:06,044 : INFO : Mode.attract : Stopped.
2024-12-02 19:39:06,045 : INFO : EventManager : Event: ======'modes_active_modes_changed'====== Args={}
2024-12-02 19:39:06,048 : INFO : EventManager : Event: ======'mode_attract_stopped'====== Args={}
2024-12-02 19:39:06,049 : INFO : EventManager : Event: ======'clear'====== Args={'key': 'attract'}
2024-12-02 19:39:06,049 : INFO : Mode.game : Started. Priority: 20
2024-12-02 19:39:06,049 : INFO : EventManager : Event: ======'modes_active_modes_changed'====== Args={}
2024-12-02 19:39:06,050 : INFO : EventManager : Event: ======'mode_game_started'====== Args={'buttons': [], 'hold_time': 0.1570000000001528}
2024-12-02 19:39:06,058 : INFO : EventManager : Event: ======'game_will_start'====== Args={}
2024-12-02 19:39:06,059 : INFO : EventManager : Event: ======'slide_awesome_slide_removed'====== Args={'_from_bcp': True}
2024-12-02 19:39:06,059 : INFO : EventManager : Event: ======'slide_welcome_slide_active'====== Args={'_from_bcp': True}
2024-12-02 19:39:06,059 : INFO : EventManager : Event: ======'game_starting'====== Args={'game': <Mode.game>}
2024-12-02 19:39:06,060 : INFO : EventManager : Event: ======'player_add_request'====== Args={}
2024-12-02 19:39:06,060 : INFO : EventManager : Event: ======'player_will_add'====== Args={'number': 1}
2024-12-02 19:39:06,061 : INFO : EventManager : Event: ======'player_adding'====== Args={'player': <Player 1>, 'number': 1}
2024-12-02 19:39:06,061 : INFO : EventManager : Event: ======'player_added'====== Args={'player': <Player 1>, 'num': 1}
2024-12-02 19:39:06,061 : INFO : Mode.game : Player added successfully. Total players: 1
2024-12-02 19:39:06,061 : INFO : EventManager : Event: ======'player_index'====== Args={'value': 0, 'prev_value': 0, 'change': 0, 'player_num': 1}
2024-12-02 19:39:06,061 : INFO : EventManager : Event: ======'player_number'====== Args={'value': 1, 'prev_value': 1, 'change': 0, 'player_num': 1}
2024-12-02 19:39:06,061 : INFO : EventManager : Event: ======'player_score'====== Args={'value': 0, 'prev_value': 0, 'change': 0, 'player_num': 1}
2024-12-02 19:39:06,062 : INFO : EventManager : Event: ======'game_started'====== Args={}
2024-12-02 19:39:06,078 : INFO : EventManager : Event: ======'player_turn_will_start'====== Args={'player': <Player 1>, 'number': 1}
2024-12-02 19:39:06,079 : INFO : EventManager : Event: ======'player_turn_starting'====== Args={'player': <Player 1>, 'number': 1}
2024-12-02 19:39:06,079 : INFO : EventManager : Event: ======'player_ball'====== Args={'value': 1, 'prev_value': 0, 'change': 1, 'player_num': 1}
2024-12-02 19:39:06,079 : INFO : EventManager : Event: ======'player_turn_started'====== Args={'player': <Player 1>, 'number': 1}
2024-12-02 19:39:06,080 : INFO : EventManager : Event: ======'ball_will_start'====== Args={'player': 1, 'ball': 1, 'balls_remaining': 2, 'is_extra_ball': False}
2024-12-02 19:39:06,083 : INFO : EventManager : Event: ======'ball_starting'====== Args={'player': 1, 'ball': 1, 'balls_remaining': 2, 'is_extra_ball': False}
2024-12-02 19:39:06,083 : INFO : EventManager : Event: ======'mode_base_will_start'====== Args={'queue': <QueuedEvent>, 'player': 1, 'ball': 1, 'balls_remaining': 2, 'is_extra_ball': False}
2024-12-02 19:39:06,083 : INFO : EventManager : Event: ======'mode_base_starting'====== Args={'queue': <QueuedEvent>, 'player': 1, 'ball': 1, 'balls_remaining': 2, 'is_extra_ball': False}
2024-12-02 19:39:06,084 : INFO : Mode.base : Started. Priority: 100
2024-12-02 19:39:06,084 : INFO : EventManager : Event: ======'modes_active_modes_changed'====== Args={}
2024-12-02 19:39:06,084 : INFO : EventManager : Event: ======'mode_base_started'====== Args={'queue': <QueuedEvent>, 'player': 1, 'ball': 1, 'balls_remaining': 2, 'is_extra_ball': False}
2024-12-02 19:39:06,084 : INFO : EventManager : Event: ======'balls_in_play'====== Args={'balls': 1}
2024-12-02 19:39:06,085 : INFO : EventManager : Event: ======'ball_started'====== Args={'player': 1, 'ball': 1, 'balls_remaining': 2, 'is_extra_ball': False}
2024-12-02 19:39:06,085 : INFO : EventManager : Event: ======'mode_reentry_will_start'====== Args={'player': 1, 'ball': 1, 'balls_remaining': 2, 'is_extra_ball': False}
2024-12-02 19:39:06,085 : INFO : EventManager : Event: ======'player_shot_reentryL_shot_enabled'====== Args={'value': True, 'prev_value': 0, 'change': 1, 'player_num': 1}
2024-12-02 19:39:06,086 : INFO : EventManager : Event: ======'player_shot_reentryM_shot_enabled'====== Args={'value': True, 'prev_value': 0, 'change': 1, 'player_num': 1}
2024-12-02 19:39:06,086 : INFO : EventManager : Event: ======'player_shot_reentryR_shot_enabled'====== Args={'value': True, 'prev_value': 0, 'change': 1, 'player_num': 1}
2024-12-02 19:39:06,087 : INFO : EventManager : Event: ======'reentry_shot_complete'====== Args={'state': 'off'}
2024-12-02 19:39:06,087 : INFO : EventManager : Event: ======'reentry_shot_off_complete'====== Args={}
2024-12-02 19:39:06,089 : INFO : EventManager : Event: ======'mode_reentry_starting'====== Args={'player': 1, 'ball': 1, 'balls_remaining': 2, 'is_extra_ball': False}
2024-12-02 19:39:06,108 : INFO : EventManager : Event: ======'logicblock_reentry_shot_complete_count_updated'====== Args={'value': 1, 'enabled': True}
2024-12-02 19:39:06,108 : INFO : EventManager : Event: ======'logicblock_reentry_shot_complete_count_updated'====== Args={'value': 1, 'enabled': True}
2024-12-02 19:39:06,108 : INFO : Mode.reentry : Started. Priority: 200
2024-12-02 19:39:06,108 : INFO : EventManager : Event: ======'modes_active_modes_changed'====== Args={}
2024-12-02 19:39:06,108 : INFO : EventManager : Event: ======'mode_reentry_started'====== Args={'player': 1, 'ball': 1, 'balls_remaining': 2, 'is_extra_ball': False}
2024-12-02 19:39:06,109 : INFO : EventManager : Event: ======'single_player_ball_started'====== Args={}
2024-12-02 19:39:06,109 : INFO : EventManager : Event: ======'player_attack_bumper_count'====== Args={'value': 1, 'prev_value': 0, 'change': 1, 'player_num': 1}
2024-12-02 19:39:06,110 : INFO : EventManager : Event: ======'slide_base.slide_player-mode_base_started_created'====== Args={'_from_bcp': True}
2024-12-02 19:39:06,110 : INFO : EventManager : Event: ======'slide_base.slide_player-mode_base_started_active'====== Args={'_from_bcp': True}
2024-12-02 19:39:06,110 : INFO : EventManager : Event: ======'slide__global.slide_player-ball_started_created'====== Args={'_from_bcp': True}
2024-12-02 19:39:06,110 : INFO : EventManager : Event: ======'ball_start_target'====== Args={'target': 'playfield'}
2024-12-02 19:39:06,127 : INFO : ball_device.bd_plunger : Setting up player-controlled eject. Balls: 1, Target: <playfield.playfield>, player_controlled_eject_event: None
2024-12-02 19:39:06,127 : INFO : EventManager : Event: ======'balldevice_balls_available'====== Args={}
2024-12-02 19:39:06,129 : INFO : ball_device.bd_trough : State: waiting_for_target_ready
2024-12-02 19:39:06,129 : INFO : EventManager : Event: ======'balldevice_bd_trough_ball_eject_attempt'====== Args={'balls': 1, 'target': <ball_device.bd_plunger>, 'source': <ball_device.bd_trough>, 'mechanical_eject': True, 'num_attempts': 0}
2024-12-02 19:39:06,129 : INFO : ball_device.bd_plunger : State: waiting_for_ball
2024-12-02 19:39:06,130 : INFO : ball_device.bd_trough : State: ejecting
2024-12-02 19:39:06,130 : INFO : ball_device.bd_trough : Ejecting ball to <ball_device.bd_plunger>
2024-12-02 19:39:06,130 : INFO : EventManager : Event: ======'balldevice_bd_trough_ejecting_ball'====== Args={'balls': 1, 'target': <ball_device.bd_plunger>, 'source': <ball_device.bd_trough>, 'mechanical_eject': True, 'num_attempts': 0}
2024-12-02 19:39:06,131 : INFO : ball_device.bd_trough : Wait for ball to leave device
2024-12-02 19:39:06,131 : INFO : coil.c_trough_eject : Pulsing Driver for 10ms (1.0 pulse_power)
2024-12-02 19:39:08,296 : INFO : SwitchController : <<<<<<< 's_right_flipper' active >>>>>>>
2024-12-02 19:39:08,297 : INFO : EventManager : Event: ======'s_right_flipper_active'====== Args={}
2024-12-02 19:39:08,297 : INFO : EventManager : Event: ======'machine_var_audits_switches_s_right_flipper'====== Args={'value': 574, 'prev_value': 573, 'change': 1}
2024-12-02 19:39:08,359 : INFO : SwitchController : <<<<<<< 's_right_flipper' inactive >>>>>>>
2024-12-02 19:39:14,674 : INFO : SwitchController : <<<<<<< 's_lower_right_slingshot' active >>>>>>>
2024-12-02 19:39:14,675 : INFO : EventManager : Event: ======'playfield_active'====== Args={}
2024-12-02 19:39:14,675 : INFO : EventManager : Event: ======'unexpected_ball_on_playfield'====== Args={}
2024-12-02 19:39:14,675 : INFO : EventManager : Event: ======'machine_var_audits_switches_s_lower_right_slingshot'====== Args={'value': 11, 'prev_value': 10, 'change': 1}
2024-12-02 19:39:14,695 : INFO : SwitchController : <<<<<<< 's_lower_right_slingshot' inactive >>>>>>>
2024-12-02 19:39:16,117 : INFO : EventManager : Event: ======'balldevice_bd_trough_ball_eject_failed'====== Args={'target': <ball_device.bd_plunger>, 'balls': 1, 'retry': True, 'num_attempts': 1}
2024-12-02 19:39:16,122 : INFO : ball_device.bd_trough : State: waiting_for_target_ready
2024-12-02 19:39:16,123 : INFO : EventManager : Event: ======'balldevice_bd_trough_ball_eject_attempt'====== Args={'balls': 1, 'target': <ball_device.bd_plunger>, 'source': <ball_device.bd_trough>, 'mechanical_eject': True, 'num_attempts': 1}
2024-12-02 19:39:16,124 : INFO : ball_device.bd_trough : State: ejecting
2024-12-02 19:39:16,124 : INFO : ball_device.bd_trough : Ejecting ball to <ball_device.bd_plunger>
2024-12-02 19:39:16,124 : INFO : EventManager : Event: ======'balldevice_bd_trough_ejecting_ball'====== Args={'balls': 1, 'target': <ball_device.bd_plunger>, 'source': <ball_device.bd_trough>, 'mechanical_eject': True, 'num_attempts': 1}
2024-12-02 19:39:16,129 : INFO : ball_device.bd_trough : Wait for ball to leave device
2024-12-02 19:39:16,130 : INFO : coil.c_trough_eject : Pulsing Driver for 10ms (1.0 pulse_power)
2024-12-02 19:39:20,608 : INFO : SwitchController : <<<<<<< 's_lower_left_slingshot' active >>>>>>>
2024-12-02 19:39:20,609 : INFO : EventManager : Event: ======'playfield_active'====== Args={}
2024-12-02 19:39:20,609 : INFO : EventManager : Event: ======'unexpected_ball_on_playfield'====== Args={}
2024-12-02 19:39:20,609 : INFO : EventManager : Event: ======'machine_var_audits_switches_s_lower_left_slingshot'====== Args={'value': 1, 'prev_value': 0, 'change': 1}
2024-12-02 19:39:20,640 : INFO : SwitchController : <<<<<<< 's_lower_left_slingshot' inactive >>>>>>>
2024-12-02 19:39:26,129 : INFO : EventManager : Event: ======'balldevice_bd_trough_ball_eject_failed'====== Args={'target': <ball_device.bd_plunger>, 'balls': 1, 'retry': True, 'num_attempts': 2}
2024-12-02 19:39:26,130 : INFO : ball_device.bd_trough : State: waiting_for_target_ready
2024-12-02 19:39:26,131 : INFO : EventManager : Event: ======'balldevice_bd_trough_ball_eject_attempt'====== Args={'balls': 1, 'target': <ball_device.bd_plunger>, 'source': <ball_device.bd_trough>, 'mechanical_eject': True, 'num_attempts': 2}
2024-12-02 19:39:26,131 : INFO : ball_device.bd_trough : State: ejecting
2024-12-02 19:39:26,131 : INFO : ball_device.bd_trough : Ejecting ball to <ball_device.bd_plunger>
2024-12-02 19:39:26,131 : INFO : EventManager : Event: ======'balldevice_bd_trough_ejecting_ball'====== Args={'balls': 1, 'target': <ball_device.bd_plunger>, 'source': <ball_device.bd_trough>, 'mechanical_eject': True, 'num_attempts': 2}
2024-12-02 19:39:26,133 : INFO : ball_device.bd_trough : Wait for ball to leave device
2024-12-02 19:39:26,133 : INFO : coil.c_trough_eject : Pulsing Driver for 10ms (1.0 pulse_power)
2024-12-02 19:39:27,571 : INFO : Machine : Shutting down...
2024-12-02 19:39:27,571 : INFO : EventManager : Event: ======'shutdown'====== Args={}
2024-12-02 19:39:27,577 : ERROR : OPP : Stop called on serial connection com5
2024-12-02 19:39:27,577 : ERROR : OPP : Stop called on serial connection com4
2024-12-02 19:39:27,581 : ERROR : asyncio : Task was destroyed but it is pending!
task: <Task pending coro=<Event.wait() running at C:\Program Files\Python37\lib\asyncio\locks.py:293> wait_for=<Future cancelled>>
2024-12-02 19:39:27,581 : INFO : root : MPF run loop ended.
