2024-12-07 13:04:42,464 : INFO : root : Loading config.
2024-12-07 13:04:42,787 : INFO : ConfigProcessor : Config spec file cache created: C:\Users\student\AppData\Local\Temp\config_spec.mpf_cache
2024-12-07 13:04:42,787 : INFO : YamlMultifileConfigLoader : Machine config file #1: config.yaml
2024-12-07 13:04:42,788 : INFO : ConfigProcessor : Loading config from file c:\users\student\mpfenv\lib\site-packages\mpf\mpfconfig.yaml.
2024-12-07 13:04:42,851 : INFO : ConfigProcessor : Loading config: c:\users\student\mpfenv\lib\site-packages\mpf\mpfconfig.yaml
2024-12-07 13:04:42,852 : INFO : ConfigProcessor : Loading config from file C:\Users\student\pinball\cobraPinTest1\config\config.yaml.
2024-12-07 13:04:42,902 : INFO : ConfigProcessor : Loading config: C:\Users\student\pinball\cobraPinTest1\config\config.yaml
2024-12-07 13:04:42,904 : INFO : ConfigProcessor : Config file cache created: C:\Users\student\AppData\Local\Temp\f1427cd4cbc9163bc2263f349f0fb463.mpf_cache
2024-12-07 13:04:42,970 : INFO : ConfigProcessor : Loading config from file c:\users\student\mpfenv\lib\site-packages\mpf\modes\attract\config\attract.yaml.
2024-12-07 13:04:42,972 : INFO : ConfigProcessor : Loading config: c:\users\student\mpfenv\lib\site-packages\mpf\modes\attract\config\attract.yaml
2024-12-07 13:04:42,972 : INFO : ConfigProcessor : Loading config from file C:\Users\student\pinball\cobraPinTest1\modes\attract\config\attract.yaml.
2024-12-07 13:04:42,973 : INFO : ConfigProcessor : Loading config: C:\Users\student\pinball\cobraPinTest1\modes\attract\config\attract.yaml
2024-12-07 13:04:42,973 : INFO : ConfigProcessor : Config file cache created: C:\Users\student\AppData\Local\Temp\32ed7ad340ce8029344f8b9ff63edc80.mpf_cache
2024-12-07 13:04:42,974 : INFO : ConfigProcessor : Loading config from file c:\users\student\mpfenv\lib\site-packages\mpf\modes\game\config\game.yaml.
2024-12-07 13:04:42,976 : INFO : ConfigProcessor : Loading config: c:\users\student\mpfenv\lib\site-packages\mpf\modes\game\config\game.yaml
2024-12-07 13:04:42,976 : INFO : ConfigProcessor : Config file cache created: C:\Users\student\AppData\Local\Temp\8696bd5a5a040ff67990be11cb4d3c0c.mpf_cache
2024-12-07 13:04:42,977 : INFO : ConfigProcessor : Loading config from file C:\Users\student\pinball\cobraPinTest1\modes\base\config\base.yaml.
2024-12-07 13:04:42,982 : INFO : ConfigProcessor : Loading config: C:\Users\student\pinball\cobraPinTest1\modes\base\config\base.yaml
2024-12-07 13:04:42,983 : INFO : ConfigProcessor : Config file cache created: C:\Users\student\AppData\Local\Temp\4675a535c8328a9c278c807d999ed109.mpf_cache
2024-12-07 13:04:42,983 : INFO : ConfigProcessor : Loading config from file C:\Users\student\pinball\cobraPinTest1\modes\reentry\config\reentry.yaml.
2024-12-07 13:04:43,001 : INFO : ConfigProcessor : Loading config: C:\Users\student\pinball\cobraPinTest1\modes\reentry\config\reentry.yaml
2024-12-07 13:04:43,002 : INFO : ConfigProcessor : Config file cache created: C:\Users\student\AppData\Local\Temp\0c8438cab3480347c0c749fa494946a2.mpf_cache
2024-12-07 13:04:43,002 : INFO : ConfigProcessor : Loading config from file C:\Users\student\pinball\cobraPinTest1\modes\lowerlanes\config\lowerlanes.yaml.
2024-12-07 13:04:43,012 : INFO : ConfigProcessor : Loading config: C:\Users\student\pinball\cobraPinTest1\modes\lowerlanes\config\lowerlanes.yaml
2024-12-07 13:04:43,012 : INFO : ConfigProcessor : Config file cache created: C:\Users\student\AppData\Local\Temp\5052615755bdf1309b248cf8695ad4ff.mpf_cache
2024-12-07 13:04:43,013 : INFO : ConfigProcessor : Loading config from file C:\Users\student\pinball\cobraPinTest1\modes\attract\shows\.\attract_display_loop.yaml.
2024-12-07 13:04:43,022 : INFO : ConfigProcessor : Loading config: C:\Users\student\pinball\cobraPinTest1\modes\attract\shows\.\attract_display_loop.yaml
2024-12-07 13:04:43,022 : INFO : ConfigProcessor : Config file cache created: C:\Users\student\AppData\Local\Temp\f8d2c2cf3ea01f085365ea23fa51a701.mpf_cache
2024-12-07 13:04:43,023 : INFO : ConfigProcessor : Loading config from file C:\Users\student\pinball\cobraPinTest1\modes\attract\shows\.\attract_light_show.yaml.
2024-12-07 13:04:43,029 : INFO : ConfigProcessor : Loading config: C:\Users\student\pinball\cobraPinTest1\modes\attract\shows\.\attract_light_show.yaml
2024-12-07 13:04:43,030 : INFO : ConfigProcessor : Config file cache created: C:\Users\student\AppData\Local\Temp\30bd992f4b62a9b099207aebeb59554c.mpf_cache
2024-12-07 13:04:43,031 : INFO : Machine : Mission Pinball Framework Core Engine v0.55.0
2024-12-07 13:04:43,031 : INFO : Machine : Command line arguments: {'no_load_cache': True, 'create_config_cache': True, 'bcp': True, 'configfile': ['config.yaml'], 'force_assets_load': False, 'jsonlogging': False, 'logfile': 'logs\\2024-12-07-13-04-42-mpf-DESKTOP-0JH7ARL.log', 'pause': False, 'production': False, 'text_ui': True, 'loglevel': 15, 'consoleloglevel': 20, 'force_platform': None, 'syslog_address': None, 'mc_file_name': None, 'no_sound': False}
2024-12-07 13:04:43,031 : INFO : Machine : MPF path: c:\users\student\mpfenv\lib\site-packages\mpf
2024-12-07 13:04:43,031 : INFO : Machine : Machine path: C:\Users\student\pinball\cobraPinTest1
2024-12-07 13:04:43,031 : INFO : Machine : Platform: win32
2024-12-07 13:04:43,031 : INFO : Machine : Python executable location: c:\users\student\mpfenv\scripts\python.exe
2024-12-07 13:04:43,031 : INFO : Machine : Python version: 3.7.8 (64-bit)
2024-12-07 13:04:43,033 : INFO : Machine : Initialise MPF.
2024-12-07 13:04:43,399 : INFO : OPP : Connecting to com4 at 115200bps
2024-12-07 13:04:43,571 : INFO : OPP : Init of OPP board 0 done
2024-12-07 13:04:43,571 : INFO : OPP : Connecting to com5 at 115200bps
2024-12-07 13:04:43,665 : INFO : OPP : Init of OPP board 1 done
2024-12-07 13:04:43,665 : INFO : EventManager : Event: ======'machine_var_credits_string'====== Args={'value': 'FREE PLAY', 'prev_value': None, 'change': True}
2024-12-07 13:04:43,715 : INFO : EventManager : Event: ======'machine_var_master_volume'====== Args={'value': 0.5, 'prev_value': None, 'change': True}
2024-12-07 13:04:43,715 : INFO : EventManager : Event: ======'machine_var_player1_score'====== Args={'value': 1500, 'prev_value': None, 'change': True}
2024-12-07 13:04:43,715 : INFO : EventManager : Event: ======'machine_var_mpf_version'====== Args={'value': 'MPF v0.55.0', 'prev_value': None, 'change': True}
2024-12-07 13:04:43,715 : INFO : EventManager : Event: ======'machine_var_mpf_extended_version'====== Args={'value': 'MPF v0.55.0, Config version:5, Show version: 5, BCP version:1.1', 'prev_value': None, 'change': True}
2024-12-07 13:04:43,715 : INFO : EventManager : Event: ======'machine_var_python_version'====== Args={'value': '3.7.8', 'prev_value': None, 'change': True}
2024-12-07 13:04:43,716 : INFO : EventManager : Event: ======'machine_var_platform'====== Args={'value': 'Windows-10-10.0.19041-SP0', 'prev_value': None, 'change': True}
2024-12-07 13:04:43,716 : INFO : EventManager : Event: ======'machine_var_platform_system'====== Args={'value': 'Windows', 'prev_value': None, 'change': True}
2024-12-07 13:04:43,716 : INFO : EventManager : Event: ======'machine_var_platform_release'====== Args={'value': '10', 'prev_value': None, 'change': True}
2024-12-07 13:04:43,716 : INFO : EventManager : Event: ======'machine_var_platform_version'====== Args={'value': '10.0.19041', 'prev_value': None, 'change': True}
2024-12-07 13:04:43,716 : INFO : EventManager : Event: ======'machine_var_platform_machine'====== Args={'value': 'AMD64', 'prev_value': None, 'change': True}
2024-12-07 13:04:43,716 : INFO : EventManager : Event: ======'init_phase_1'====== Args={}
2024-12-07 13:04:43,742 : INFO : EventManager : Event: ======'init_phase_2'====== Args={}
2024-12-07 13:04:43,742 : INFO : SwitchController : Found active switch: ('0-0-8', <Platform.OPP>) <switch.s_trough1>
2024-12-07 13:04:43,750 : INFO : EventManager : Event: ======'bcp_connection_attempt'====== Args={'name': 'local_display', 'host': 'localhost', 'port': 5050}
2024-12-07 13:04:43,752 : INFO : BCPClientSocket : Connecting BCP to 'local_display' at localhost:5050...
2024-12-07 13:04:45,801 : INFO : BCPClientSocket : Connected BCP to 'local_display' localhost:5050
2024-12-07 13:04:45,802 : INFO : EventManager : Event: ======'bcp_clients_connected'====== Args={}
2024-12-07 13:04:45,814 : INFO : ball_device.bd_trough : BCH: Initial count: 1
2024-12-07 13:04:45,815 : INFO : EventManager : Event: ======'machine_var_mc_version'====== Args={'value': 'MPF-MC v0.55.0', 'prev_value': None, 'change': True}
2024-12-07 13:04:45,815 : INFO : EventManager : Event: ======'machine_var_mc_extended_version'====== Args={'value': 'MPF-MC v0.55.0 (config_version=5, BCP v1.1, Requires MPF v0.55.0-dev.49)', 'prev_value': None, 'change': True}
2024-12-07 13:04:45,817 : INFO : ball_device.bd_trough : State: idle
2024-12-07 13:04:45,837 : INFO : ball_device.bd_plunger : BCH: Initial count: 0
2024-12-07 13:04:45,837 : INFO : ball_device.bd_plunger : State: idle
2024-12-07 13:04:45,901 : INFO : EventManager : Event: ======'init_phase_3'====== Args={}
2024-12-07 13:04:45,906 : INFO : EventManager : Event: ======'init_phase_4'====== Args={}
2024-12-07 13:04:45,906 : INFO : BallController : Initial balls found: 1
2024-12-07 13:04:45,907 : INFO : EventManager : Event: ======'machine_var_audits_events_game_ended'====== Args={'value': 0, 'prev_value': None, 'change': True}
2024-12-07 13:04:45,908 : INFO : EventManager : Event: ======'machine_var_audits_events_game_started'====== Args={'value': 0, 'prev_value': None, 'change': True}
2024-12-07 13:04:45,908 : INFO : EventManager : Event: ======'machine_var_audits_player_score'====== Args={'value': {'average': 1800.0, 'top': [2000, 1900, 1500], 'total': 3}, 'prev_value': None, 'change': True}
2024-12-07 13:04:45,908 : INFO : EventManager : Event: ======'machine_var_audits_shots_bonusLane_shot'====== Args={'value': 12, 'prev_value': None, 'change': True}
2024-12-07 13:04:45,908 : INFO : EventManager : Event: ======'machine_var_audits_shots_medalL_shot'====== Args={'value': 174, 'prev_value': None, 'change': True}
2024-12-07 13:04:45,908 : INFO : EventManager : Event: ======'machine_var_audits_shots_medalM_shot'====== Args={'value': 166, 'prev_value': None, 'change': True}
2024-12-07 13:04:45,909 : INFO : EventManager : Event: ======'machine_var_audits_shots_medalR_shot'====== Args={'value': 165, 'prev_value': None, 'change': True}
2024-12-07 13:04:45,909 : INFO : EventManager : Event: ======'machine_var_audits_shots_my_first_shot'====== Args={'value': 119, 'prev_value': None, 'change': True}
2024-12-07 13:04:45,909 : INFO : EventManager : Event: ======'machine_var_audits_shots_my_first_shot_mode2'====== Args={'value': 72, 'prev_value': None, 'change': True}
2024-12-07 13:04:45,910 : INFO : EventManager : Event: ======'machine_var_audits_shots_outLaneL_shot'====== Args={'value': 6, 'prev_value': None, 'change': True}
2024-12-07 13:04:45,910 : INFO : EventManager : Event: ======'machine_var_audits_shots_outLaneR_shot'====== Args={'value': 21, 'prev_value': None, 'change': True}
2024-12-07 13:04:45,911 : INFO : EventManager : Event: ======'machine_var_audits_shots_reentryL_shot'====== Args={'value': 458, 'prev_value': None, 'change': True}
2024-12-07 13:04:45,911 : INFO : EventManager : Event: ======'machine_var_audits_shots_reentryM_shot'====== Args={'value': 427, 'prev_value': None, 'change': True}
2024-12-07 13:04:45,911 : INFO : EventManager : Event: ======'machine_var_audits_shots_reentryR_shot'====== Args={'value': 404, 'prev_value': None, 'change': True}
2024-12-07 13:04:45,911 : INFO : EventManager : Event: ======'machine_var_audits_shots_reentry_shot'====== Args={'value': 9, 'prev_value': None, 'change': True}
2024-12-07 13:04:45,912 : INFO : EventManager : Event: ======'machine_var_audits_shots_returnLaneL_shot'====== Args={'value': 41, 'prev_value': None, 'change': True}
2024-12-07 13:04:45,912 : INFO : EventManager : Event: ======'machine_var_audits_shots_returnLaneR_shot'====== Args={'value': 37, 'prev_value': None, 'change': True}
2024-12-07 13:04:45,913 : INFO : EventManager : Event: ======'machine_var_audits_shots_top_lane_A'====== Args={'value': 12, 'prev_value': None, 'change': True}
2024-12-07 13:04:45,913 : INFO : EventManager : Event: ======'machine_var_audits_shots_top_lane_J'====== Args={'value': 12, 'prev_value': None, 'change': True}
2024-12-07 13:04:45,914 : INFO : EventManager : Event: ======'machine_var_audits_shots_top_lane_M'====== Args={'value': 9, 'prev_value': None, 'change': True}
2024-12-07 13:04:45,914 : INFO : EventManager : Event: ======'machine_var_audits_switches_s_blackhole_kicker'====== Args={'value': 0, 'prev_value': None, 'change': True}
2024-12-07 13:04:45,915 : INFO : EventManager : Event: ======'machine_var_audits_switches_s_bonus_lane'====== Args={'value': 25, 'prev_value': None, 'change': True}
2024-12-07 13:04:45,915 : INFO : EventManager : Event: ======'machine_var_audits_switches_s_booster_drop_target_1'====== Args={'value': 0, 'prev_value': None, 'change': True}
2024-12-07 13:04:45,916 : INFO : EventManager : Event: ======'machine_var_audits_switches_s_booster_drop_target_2'====== Args={'value': 0, 'prev_value': None, 'change': True}
2024-12-07 13:04:45,916 : INFO : EventManager : Event: ======'machine_var_audits_switches_s_booster_drop_target_3'====== Args={'value': 0, 'prev_value': None, 'change': True}
2024-12-07 13:04:45,916 : INFO : EventManager : Event: ======'machine_var_audits_switches_s_comet_spot_1'====== Args={'value': 0, 'prev_value': None, 'change': True}
2024-12-07 13:04:45,917 : INFO : EventManager : Event: ======'machine_var_audits_switches_s_comet_spot_2'====== Args={'value': 0, 'prev_value': None, 'change': True}
2024-12-07 13:04:45,917 : INFO : EventManager : Event: ======'machine_var_audits_switches_s_comet_spot_3'====== Args={'value': 0, 'prev_value': None, 'change': True}
2024-12-07 13:04:45,918 : INFO : EventManager : Event: ======'machine_var_audits_switches_s_engine_bumper_1'====== Args={'value': 0, 'prev_value': None, 'change': True}
2024-12-07 13:04:45,918 : INFO : EventManager : Event: ======'machine_var_audits_switches_s_engine_bumper_2'====== Args={'value': 0, 'prev_value': None, 'change': True}
2024-12-07 13:04:45,918 : INFO : EventManager : Event: ======'machine_var_audits_switches_s_engine_bumper_3'====== Args={'value': 0, 'prev_value': None, 'change': True}
2024-12-07 13:04:45,919 : INFO : EventManager : Event: ======'machine_var_audits_switches_s_fuel_chute_1'====== Args={'value': 0, 'prev_value': None, 'change': True}
2024-12-07 13:04:45,919 : INFO : EventManager : Event: ======'machine_var_audits_switches_s_fuel_chute_2'====== Args={'value': 0, 'prev_value': None, 'change': True}
2024-12-07 13:04:45,919 : INFO : EventManager : Event: ======'machine_var_audits_switches_s_fuel_chute_3'====== Args={'value': 0, 'prev_value': None, 'change': True}
2024-12-07 13:04:45,921 : INFO : EventManager : Event: ======'machine_var_audits_switches_s_fuel_chute_4'====== Args={'value': 0, 'prev_value': None, 'change': True}
2024-12-07 13:04:45,921 : INFO : EventManager : Event: ======'machine_var_audits_switches_s_fuel_chute_5'====== Args={'value': 0, 'prev_value': None, 'change': True}
2024-12-07 13:04:45,921 : INFO : EventManager : Event: ======'machine_var_audits_switches_s_fuel_chute_6'====== Args={'value': 0, 'prev_value': None, 'change': True}
2024-12-07 13:04:45,921 : INFO : EventManager : Event: ======'machine_var_audits_switches_s_fuel_flag'====== Args={'value': 0, 'prev_value': None, 'change': True}
2024-12-07 13:04:45,922 : INFO : EventManager : Event: ======'machine_var_audits_switches_s_fuel_spot_1'====== Args={'value': 0, 'prev_value': None, 'change': True}
2024-12-07 13:04:45,922 : INFO : EventManager : Event: ======'machine_var_audits_switches_s_fuel_spot_2'====== Args={'value': 0, 'prev_value': None, 'change': True}
2024-12-07 13:04:45,923 : INFO : EventManager : Event: ======'machine_var_audits_switches_s_fuel_spot_3'====== Args={'value': 0, 'prev_value': None, 'change': True}
2024-12-07 13:04:45,923 : INFO : EventManager : Event: ======'machine_var_audits_switches_s_green_wormhole'====== Args={'value': 0, 'prev_value': None, 'change': True}
2024-12-07 13:04:45,923 : INFO : EventManager : Event: ======'machine_var_audits_switches_s_hyperspace_flag'====== Args={'value': 0, 'prev_value': None, 'change': True}
2024-12-07 13:04:45,924 : INFO : EventManager : Event: ======'machine_var_audits_switches_s_hyperspacekicker'====== Args={'value': 0, 'prev_value': None, 'change': True}
2024-12-07 13:04:45,924 : INFO : EventManager : Event: ======'machine_var_audits_switches_s_launch_lane_1'====== Args={'value': 0, 'prev_value': None, 'change': True}
2024-12-07 13:04:45,925 : INFO : EventManager : Event: ======'machine_var_audits_switches_s_launch_lane_2'====== Args={'value': 0, 'prev_value': None, 'change': True}
2024-12-07 13:04:45,925 : INFO : EventManager : Event: ======'machine_var_audits_switches_s_launch_lane_3'====== Args={'value': 0, 'prev_value': None, 'change': True}
2024-12-07 13:04:45,925 : INFO : EventManager : Event: ======'machine_var_audits_switches_s_launch_ramp'====== Args={'value': 0, 'prev_value': None, 'change': True}
2024-12-07 13:04:45,926 : INFO : EventManager : Event: ======'machine_var_audits_switches_s_left_attack_bumper'====== Args={'value': 0, 'prev_value': None, 'change': True}
2024-12-07 13:04:45,926 : INFO : EventManager : Event: ======'machine_var_audits_switches_s_left_flipper'====== Args={'value': 980, 'prev_value': None, 'change': True}
2024-12-07 13:04:45,927 : INFO : EventManager : Event: ======'machine_var_audits_switches_s_left_out_lane'====== Args={'value': 10, 'prev_value': None, 'change': True}
2024-12-07 13:04:45,927 : INFO : EventManager : Event: ======'machine_var_audits_switches_s_left_out_lane_kicker'====== Args={'value': 0, 'prev_value': None, 'change': True}
2024-12-07 13:04:45,927 : INFO : EventManager : Event: ======'machine_var_audits_switches_s_left_return_lane'====== Args={'value': 48, 'prev_value': None, 'change': True}
2024-12-07 13:04:45,928 : INFO : EventManager : Event: ======'machine_var_audits_switches_s_lower_attack_bumper'====== Args={'value': 0, 'prev_value': None, 'change': True}
2024-12-07 13:04:45,928 : INFO : EventManager : Event: ======'machine_var_audits_switches_s_lower_left_rebound'====== Args={'value': 0, 'prev_value': None, 'change': True}
2024-12-07 13:04:45,929 : INFO : EventManager : Event: ======'machine_var_audits_switches_s_lower_left_slingshot'====== Args={'value': 44, 'prev_value': None, 'change': True}
2024-12-07 13:04:45,929 : INFO : EventManager : Event: ======'machine_var_audits_switches_s_lower_right_rebound'====== Args={'value': 0, 'prev_value': None, 'change': True}
2024-12-07 13:04:45,930 : INFO : EventManager : Event: ======'machine_var_audits_switches_s_lower_right_slingshot'====== Args={'value': 43, 'prev_value': None, 'change': True}
2024-12-07 13:04:45,930 : INFO : EventManager : Event: ======'machine_var_audits_switches_s_medal_drop_left'====== Args={'value': 188, 'prev_value': None, 'change': True}
2024-12-07 13:04:45,931 : INFO : EventManager : Event: ======'machine_var_audits_switches_s_medal_drop_middle'====== Args={'value': 180, 'prev_value': None, 'change': True}
2024-12-07 13:04:45,931 : INFO : EventManager : Event: ======'machine_var_audits_switches_s_medal_drop_right'====== Args={'value': 179, 'prev_value': None, 'change': True}
2024-12-07 13:04:45,931 : INFO : EventManager : Event: ======'machine_var_audits_switches_s_mission_spot_1'====== Args={'value': 0, 'prev_value': None, 'change': True}
2024-12-07 13:04:45,932 : INFO : EventManager : Event: ======'machine_var_audits_switches_s_mission_spot_2'====== Args={'value': 2, 'prev_value': None, 'change': True}
2024-12-07 13:04:45,932 : INFO : EventManager : Event: ======'machine_var_audits_switches_s_mission_spot_3'====== Args={'value': 0, 'prev_value': None, 'change': True}
2024-12-07 13:04:45,933 : INFO : EventManager : Event: ======'machine_var_audits_switches_s_multiplier_left'====== Args={'value': 0, 'prev_value': None, 'change': True}
2024-12-07 13:04:45,933 : INFO : EventManager : Event: ======'machine_var_audits_switches_s_multiplier_middle'====== Args={'value': 0, 'prev_value': None, 'change': True}
2024-12-07 13:04:45,934 : INFO : EventManager : Event: ======'machine_var_audits_switches_s_multiplier_right'====== Args={'value': 0, 'prev_value': None, 'change': True}
2024-12-07 13:04:45,935 : INFO : EventManager : Event: ======'machine_var_audits_switches_s_plunger'====== Args={'value': 162, 'prev_value': None, 'change': True}
2024-12-07 13:04:45,935 : INFO : EventManager : Event: ======'machine_var_audits_switches_s_radiationspot_1'====== Args={'value': 0, 'prev_value': None, 'change': True}
2024-12-07 13:04:45,936 : INFO : EventManager : Event: ======'machine_var_audits_switches_s_radiationspot_2'====== Args={'value': 0, 'prev_value': None, 'change': True}
2024-12-07 13:04:45,936 : INFO : EventManager : Event: ======'machine_var_audits_switches_s_radiationspot_3'====== Args={'value': 0, 'prev_value': None, 'change': True}
2024-12-07 13:04:45,937 : INFO : EventManager : Event: ======'machine_var_audits_switches_s_red_wormhole'====== Args={'value': 0, 'prev_value': None, 'change': True}
2024-12-07 13:04:45,937 : INFO : EventManager : Event: ======'machine_var_audits_switches_s_reentry_left'====== Args={'value': 813, 'prev_value': None, 'change': True}
2024-12-07 13:04:45,938 : INFO : EventManager : Event: ======'machine_var_audits_switches_s_reentry_middle'====== Args={'value': 501, 'prev_value': None, 'change': True}
2024-12-07 13:04:45,938 : INFO : EventManager : Event: ======'machine_var_audits_switches_s_reentry_right'====== Args={'value': 463, 'prev_value': None, 'change': True}
2024-12-07 13:04:45,939 : INFO : EventManager : Event: ======'machine_var_audits_switches_s_right_flipper'====== Args={'value': 774, 'prev_value': None, 'change': True}
2024-12-07 13:04:45,939 : INFO : EventManager : Event: ======'machine_var_audits_switches_s_right_inlane'====== Args={'value': 0, 'prev_value': None, 'change': True}
2024-12-07 13:04:45,940 : INFO : EventManager : Event: ======'machine_var_audits_switches_s_right_out_lane'====== Args={'value': 47, 'prev_value': None, 'change': True}
2024-12-07 13:04:45,940 : INFO : EventManager : Event: ======'machine_var_audits_switches_s_right_out_lane_kicker'====== Args={'value': 0, 'prev_value': None, 'change': True}
2024-12-07 13:04:45,941 : INFO : EventManager : Event: ======'machine_var_audits_switches_s_right_return_lane'====== Args={'value': 49, 'prev_value': None, 'change': True}
2024-12-07 13:04:45,941 : INFO : EventManager : Event: ======'machine_var_audits_switches_s_satellite_bumper'====== Args={'value': 0, 'prev_value': None, 'change': True}
2024-12-07 13:04:45,942 : INFO : EventManager : Event: ======'machine_var_audits_switches_s_secondary_outlane_kicker'====== Args={'value': 0, 'prev_value': None, 'change': True}
2024-12-07 13:04:45,942 : INFO : EventManager : Event: ======'machine_var_audits_switches_s_skill_shot_1'====== Args={'value': 0, 'prev_value': None, 'change': True}
2024-12-07 13:04:45,942 : INFO : EventManager : Event: ======'machine_var_audits_switches_s_skill_shot_2'====== Args={'value': 0, 'prev_value': None, 'change': True}
2024-12-07 13:04:45,943 : INFO : EventManager : Event: ======'machine_var_audits_switches_s_skill_shot_3'====== Args={'value': 0, 'prev_value': None, 'change': True}
2024-12-07 13:04:45,943 : INFO : EventManager : Event: ======'machine_var_audits_switches_s_skill_shot_4'====== Args={'value': 0, 'prev_value': None, 'change': True}
2024-12-07 13:04:45,943 : INFO : EventManager : Event: ======'machine_var_audits_switches_s_skill_shot_5'====== Args={'value': 0, 'prev_value': None, 'change': True}
2024-12-07 13:04:45,944 : INFO : EventManager : Event: ======'machine_var_audits_switches_s_skill_shot_6'====== Args={'value': 0, 'prev_value': None, 'change': True}
2024-12-07 13:04:45,944 : INFO : EventManager : Event: ======'machine_var_audits_switches_s_skill_shot_lane'====== Args={'value': 0, 'prev_value': None, 'change': True}
2024-12-07 13:04:45,945 : INFO : EventManager : Event: ======'machine_var_audits_switches_s_spacewarp_rollover'====== Args={'value': 0, 'prev_value': None, 'change': True}
2024-12-07 13:04:45,945 : INFO : EventManager : Event: ======'machine_var_audits_switches_s_start'====== Args={'value': 7, 'prev_value': None, 'change': True}
2024-12-07 13:04:45,946 : INFO : EventManager : Event: ======'machine_var_audits_switches_s_trough1'====== Args={'value': 30, 'prev_value': None, 'change': True}
2024-12-07 13:04:45,946 : INFO : EventManager : Event: ======'machine_var_audits_switches_s_trough2'====== Args={'value': 0, 'prev_value': None, 'change': True}
2024-12-07 13:04:45,947 : INFO : EventManager : Event: ======'machine_var_audits_switches_s_trough3'====== Args={'value': 0, 'prev_value': None, 'change': True}
2024-12-07 13:04:45,947 : INFO : EventManager : Event: ======'machine_var_audits_switches_s_trough4'====== Args={'value': 0, 'prev_value': None, 'change': True}
2024-12-07 13:04:45,947 : INFO : EventManager : Event: ======'machine_var_audits_switches_s_trough5'====== Args={'value': 0, 'prev_value': None, 'change': True}
2024-12-07 13:04:45,948 : INFO : EventManager : Event: ======'machine_var_audits_switches_s_trough6'====== Args={'value': 0, 'prev_value': None, 'change': True}
2024-12-07 13:04:45,948 : INFO : EventManager : Event: ======'machine_var_audits_switches_s_trough_jam'====== Args={'value': 0, 'prev_value': None, 'change': True}
2024-12-07 13:04:45,949 : INFO : EventManager : Event: ======'machine_var_audits_switches_s_upper_attack_bumper'====== Args={'value': 0, 'prev_value': None, 'change': True}
2024-12-07 13:04:45,949 : INFO : EventManager : Event: ======'machine_var_audits_switches_s_upper_left_rebound'====== Args={'value': 0, 'prev_value': None, 'change': True}
2024-12-07 13:04:45,950 : INFO : EventManager : Event: ======'machine_var_audits_switches_s_upper_right_rebound'====== Args={'value': 0, 'prev_value': None, 'change': True}
2024-12-07 13:04:45,950 : INFO : EventManager : Event: ======'machine_var_audits_switches_s_wormhole_target'====== Args={'value': 0, 'prev_value': None, 'change': True}
2024-12-07 13:04:45,950 : INFO : EventManager : Event: ======'machine_var_audits_switches_s_yellow_wormhole'====== Args={'value': 0, 'prev_value': None, 'change': True}
2024-12-07 13:04:45,951 : INFO : EventManager : Event: ======'init_phase_5'====== Args={}
2024-12-07 13:04:45,999 : INFO : EventManager : Event: ======'init_done'====== Args={}
2024-12-07 13:04:46,000 : INFO : EventManager : Event: ======'machine_reset_phase_1'====== Args={}
2024-12-07 13:04:46,014 : INFO : EventManager : Event: ======'slide_welcome_slide_removed'====== Args={'_from_bcp': True}
2024-12-07 13:04:46,015 : INFO : EventManager : Event: ======'slide_welcome_slide_created'====== Args={'_from_bcp': True}
2024-12-07 13:04:46,016 : INFO : EventManager : Event: ======'slide_welcome_slide_active'====== Args={'_from_bcp': True}
2024-12-07 13:04:46,017 : INFO : EventManager : Event: ======'machine_reset_phase_2'====== Args={}
2024-12-07 13:04:46,017 : INFO : EventManager : Event: ======'machine_reset_phase_3'====== Args={}
2024-12-07 13:04:46,018 : INFO : EventManager : Event: ======'reset_complete'====== Args={}
2024-12-07 13:04:46,019 : INFO : EventManager : Event: ======'mode_attract_will_start'====== Args={}
2024-12-07 13:04:46,020 : INFO : EventManager : Event: ======'mode_attract_starting'====== Args={}
2024-12-07 13:04:46,020 : INFO : Mode.attract : Started. Priority: 10
2024-12-07 13:04:46,020 : INFO : EventManager : Event: ======'modes_active_modes_changed'====== Args={}
2024-12-07 13:04:46,020 : INFO : EventManager : Event: ======'mode_attract_started'====== Args={}
2024-12-07 13:04:46,022 : INFO : EventManager : Event: ======'collecting_balls_complete'====== Args={}
2024-12-07 13:04:46,064 : INFO : EventManager : Event: ======'slide_awesome_slide_created'====== Args={'_from_bcp': True}
2024-12-07 13:04:46,064 : INFO : EventManager : Event: ======'slide_awesome_slide_active'====== Args={'_from_bcp': True}
2024-12-07 13:04:46,065 : INFO : Machine : Starting the main run loop.
2024-12-07 13:04:48,132 : INFO : SwitchController : <<<<<<< 's_start' active >>>>>>>
2024-12-07 13:04:48,243 : INFO : SwitchController : <<<<<<< 's_start' inactive >>>>>>>
2024-12-07 13:04:48,243 : INFO : EventManager : Event: ======'request_to_start_game'====== Args={}
2024-12-07 13:04:48,244 : INFO : EventManager : Event: ======'game_start'====== Args={'buttons': [], 'hold_time': 0.10899999999674037}
2024-12-07 13:04:48,244 : INFO : EventManager : Event: ======'mode_game_will_start'====== Args={'buttons': [], 'hold_time': 0.10899999999674037}
2024-12-07 13:04:48,244 : INFO : EventManager : Event: ======'mode_game_starting'====== Args={'buttons': [], 'hold_time': 0.10899999999674037}
2024-12-07 13:04:48,244 : INFO : EventManager : Event: ======'mode_attract_will_stop'====== Args={}
2024-12-07 13:04:48,245 : INFO : EventManager : Event: ======'mode_attract_stopping'====== Args={}
2024-12-07 13:04:48,245 : INFO : Mode.attract : Stopped.
2024-12-07 13:04:48,245 : INFO : EventManager : Event: ======'modes_active_modes_changed'====== Args={}
2024-12-07 13:04:48,246 : INFO : EventManager : Event: ======'mode_attract_stopped'====== Args={}
2024-12-07 13:04:48,246 : INFO : EventManager : Event: ======'clear'====== Args={'key': 'attract'}
2024-12-07 13:04:48,246 : INFO : Mode.game : Started. Priority: 20
2024-12-07 13:04:48,246 : INFO : EventManager : Event: ======'modes_active_modes_changed'====== Args={}
2024-12-07 13:04:48,247 : INFO : EventManager : Event: ======'mode_game_started'====== Args={'buttons': [], 'hold_time': 0.10899999999674037}
2024-12-07 13:04:48,256 : INFO : EventManager : Event: ======'game_will_start'====== Args={}
2024-12-07 13:04:48,256 : INFO : EventManager : Event: ======'game_starting'====== Args={'game': <Mode.game>}
2024-12-07 13:04:48,257 : INFO : EventManager : Event: ======'slide_awesome_slide_removed'====== Args={'_from_bcp': True}
2024-12-07 13:04:48,257 : INFO : EventManager : Event: ======'slide_welcome_slide_active'====== Args={'_from_bcp': True}
2024-12-07 13:04:48,258 : INFO : EventManager : Event: ======'player_add_request'====== Args={}
2024-12-07 13:04:48,258 : INFO : EventManager : Event: ======'player_will_add'====== Args={'number': 1}
2024-12-07 13:04:48,258 : INFO : EventManager : Event: ======'player_adding'====== Args={'player': <Player 1>, 'number': 1}
2024-12-07 13:04:48,258 : INFO : EventManager : Event: ======'player_added'====== Args={'player': <Player 1>, 'num': 1}
2024-12-07 13:04:48,258 : INFO : Mode.game : Player added successfully. Total players: 1
2024-12-07 13:04:48,258 : INFO : EventManager : Event: ======'player_index'====== Args={'value': 0, 'prev_value': 0, 'change': 0, 'player_num': 1}
2024-12-07 13:04:48,259 : INFO : EventManager : Event: ======'player_number'====== Args={'value': 1, 'prev_value': 1, 'change': 0, 'player_num': 1}
2024-12-07 13:04:48,259 : INFO : EventManager : Event: ======'player_score'====== Args={'value': 0, 'prev_value': 0, 'change': 0, 'player_num': 1}
2024-12-07 13:04:48,259 : INFO : EventManager : Event: ======'game_started'====== Args={}
2024-12-07 13:04:48,290 : INFO : EventManager : Event: ======'player_turn_will_start'====== Args={'player': <Player 1>, 'number': 1}
2024-12-07 13:04:48,291 : INFO : EventManager : Event: ======'player_turn_starting'====== Args={'player': <Player 1>, 'number': 1}
2024-12-07 13:04:48,292 : INFO : EventManager : Event: ======'player_ball'====== Args={'value': 1, 'prev_value': 0, 'change': 1, 'player_num': 1}
2024-12-07 13:04:48,292 : INFO : EventManager : Event: ======'player_turn_started'====== Args={'player': <Player 1>, 'number': 1}
2024-12-07 13:04:48,293 : INFO : EventManager : Event: ======'ball_will_start'====== Args={'player': 1, 'ball': 1, 'balls_remaining': 2, 'is_extra_ball': False}
2024-12-07 13:04:48,298 : INFO : EventManager : Event: ======'ball_starting'====== Args={'player': 1, 'ball': 1, 'balls_remaining': 2, 'is_extra_ball': False}
2024-12-07 13:04:48,298 : INFO : EventManager : Event: ======'mode_base_will_start'====== Args={'queue': <QueuedEvent>, 'player': 1, 'ball': 1, 'balls_remaining': 2, 'is_extra_ball': False}
2024-12-07 13:04:48,299 : INFO : EventManager : Event: ======'mode_base_starting'====== Args={'queue': <QueuedEvent>, 'player': 1, 'ball': 1, 'balls_remaining': 2, 'is_extra_ball': False}
2024-12-07 13:04:48,299 : INFO : Mode.base : Started. Priority: 100
2024-12-07 13:04:48,299 : INFO : EventManager : Event: ======'modes_active_modes_changed'====== Args={}
2024-12-07 13:04:48,299 : INFO : EventManager : Event: ======'mode_base_started'====== Args={'queue': <QueuedEvent>, 'player': 1, 'ball': 1, 'balls_remaining': 2, 'is_extra_ball': False}
2024-12-07 13:04:48,300 : INFO : EventManager : Event: ======'balls_in_play'====== Args={'balls': 1}
2024-12-07 13:04:48,300 : INFO : EventManager : Event: ======'ball_started'====== Args={'player': 1, 'ball': 1, 'balls_remaining': 2, 'is_extra_ball': False}
2024-12-07 13:04:48,300 : INFO : EventManager : Event: ======'mode_reentry_will_start'====== Args={'player': 1, 'ball': 1, 'balls_remaining': 2, 'is_extra_ball': False}
2024-12-07 13:04:48,301 : INFO : EventManager : Event: ======'player_shot_reentryL_shot_enabled'====== Args={'value': True, 'prev_value': 0, 'change': 1, 'player_num': 1}
2024-12-07 13:04:48,301 : INFO : EventManager : Event: ======'player_shot_reentryM_shot_enabled'====== Args={'value': True, 'prev_value': 0, 'change': 1, 'player_num': 1}
2024-12-07 13:04:48,301 : INFO : EventManager : Event: ======'player_shot_reentryR_shot_enabled'====== Args={'value': True, 'prev_value': 0, 'change': 1, 'player_num': 1}
2024-12-07 13:04:48,302 : INFO : EventManager : Event: ======'reentry_shot_complete'====== Args={'state': 'off'}
2024-12-07 13:04:48,302 : INFO : EventManager : Event: ======'reentry_shot_off_complete'====== Args={}
2024-12-07 13:04:48,303 : INFO : EventManager : Event: ======'mode_reentry_starting'====== Args={'player': 1, 'ball': 1, 'balls_remaining': 2, 'is_extra_ball': False}
2024-12-07 13:04:48,303 : INFO : EventManager : Event: ======'mode_lowerlanes_will_start'====== Args={'player': 1, 'ball': 1, 'balls_remaining': 2, 'is_extra_ball': False}
2024-12-07 13:04:48,303 : INFO : EventManager : Event: ======'player_shot_returnLaneL_shot_enabled'====== Args={'value': True, 'prev_value': 0, 'change': 1, 'player_num': 1}
2024-12-07 13:04:48,303 : INFO : EventManager : Event: ======'player_shot_bonusLane_shot_enabled'====== Args={'value': True, 'prev_value': 0, 'change': 1, 'player_num': 1}
2024-12-07 13:04:48,304 : INFO : EventManager : Event: ======'player_shot_outLaneL_shot_enabled'====== Args={'value': True, 'prev_value': 0, 'change': 1, 'player_num': 1}
2024-12-07 13:04:48,304 : INFO : EventManager : Event: ======'player_shot_returnLaneR_shot_enabled'====== Args={'value': True, 'prev_value': 0, 'change': 1, 'player_num': 1}
2024-12-07 13:04:48,304 : INFO : EventManager : Event: ======'player_shot_outLaneR_shot_enabled'====== Args={'value': True, 'prev_value': 0, 'change': 1, 'player_num': 1}
2024-12-07 13:04:48,304 : INFO : EventManager : Event: ======'returnLane_shot_complete'====== Args={'state': 'unlit'}
2024-12-07 13:04:48,304 : INFO : EventManager : Event: ======'returnLane_shot_unlit_complete'====== Args={}
2024-12-07 13:04:48,305 : INFO : EventManager : Event: ======'mode_lowerlanes_starting'====== Args={'player': 1, 'ball': 1, 'balls_remaining': 2, 'is_extra_ball': False}
2024-12-07 13:04:48,307 : INFO : Mode.lowerlanes : Started. Priority: 200
2024-12-07 13:04:48,307 : INFO : EventManager : Event: ======'modes_active_modes_changed'====== Args={}
2024-12-07 13:04:48,307 : INFO : EventManager : Event: ======'mode_lowerlanes_started'====== Args={'player': 1, 'ball': 1, 'balls_remaining': 2, 'is_extra_ball': False}
2024-12-07 13:04:48,343 : INFO : EventManager : Event: ======'logicblock_reentry_shot_complete_count_updated'====== Args={'value': 1, 'enabled': True}
2024-12-07 13:04:48,343 : INFO : EventManager : Event: ======'logicblock_reentry_shot_complete_count_updated'====== Args={'value': 1, 'enabled': True}
2024-12-07 13:04:48,344 : INFO : Mode.reentry : Started. Priority: 200
2024-12-07 13:04:48,344 : INFO : EventManager : Event: ======'modes_active_modes_changed'====== Args={}
2024-12-07 13:04:48,344 : INFO : EventManager : Event: ======'mode_reentry_started'====== Args={'player': 1, 'ball': 1, 'balls_remaining': 2, 'is_extra_ball': False}
2024-12-07 13:04:48,344 : INFO : EventManager : Event: ======'player_attack_bumper_count'====== Args={'value': 1, 'prev_value': 0, 'change': 1, 'player_num': 1}
2024-12-07 13:04:48,344 : INFO : EventManager : Event: ======'single_player_ball_started'====== Args={}
2024-12-07 13:04:48,345 : INFO : EventManager : Event: ======'slide_base.slide_player-mode_base_started_created'====== Args={'_from_bcp': True}
2024-12-07 13:04:48,346 : INFO : EventManager : Event: ======'slide_base.slide_player-mode_base_started_active'====== Args={'_from_bcp': True}
2024-12-07 13:04:48,346 : INFO : EventManager : Event: ======'slide__global.slide_player-ball_started_created'====== Args={'_from_bcp': True}
2024-12-07 13:04:48,378 : INFO : EventManager : Event: ======'ball_start_target'====== Args={'target': 'playfield'}
2024-12-07 13:04:48,379 : INFO : ball_device.bd_plunger : Setting up player-controlled eject. Balls: 1, Target: <playfield.playfield>, player_controlled_eject_event: None
2024-12-07 13:04:48,379 : INFO : EventManager : Event: ======'balldevice_balls_available'====== Args={}
2024-12-07 13:04:48,381 : INFO : ball_device.bd_trough : State: waiting_for_target_ready
2024-12-07 13:04:48,381 : INFO : EventManager : Event: ======'balldevice_bd_trough_ball_eject_attempt'====== Args={'balls': 1, 'target': <ball_device.bd_plunger>, 'source': <ball_device.bd_trough>, 'mechanical_eject': True, 'num_attempts': 0}
2024-12-07 13:04:48,381 : INFO : ball_device.bd_plunger : State: waiting_for_ball
2024-12-07 13:04:48,382 : INFO : ball_device.bd_trough : State: ejecting
2024-12-07 13:04:48,382 : INFO : ball_device.bd_trough : Ejecting ball to <ball_device.bd_plunger>
2024-12-07 13:04:48,382 : INFO : EventManager : Event: ======'balldevice_bd_trough_ejecting_ball'====== Args={'balls': 1, 'target': <ball_device.bd_plunger>, 'source': <ball_device.bd_trough>, 'mechanical_eject': True, 'num_attempts': 0}
2024-12-07 13:04:48,383 : INFO : ball_device.bd_trough : Wait for ball to leave device
2024-12-07 13:04:48,383 : INFO : coil.c_trough_eject : Pulsing Driver for 10ms (1.0 pulse_power)
2024-12-07 13:04:51,162 : INFO : SwitchController : <<<<<<< 's_left_return_lane' active >>>>>>>
2024-12-07 13:04:51,162 : INFO : EventManager : Event: ======'playfield_active'====== Args={}
2024-12-07 13:04:51,163 : INFO : EventManager : Event: ======'unexpected_ball_on_playfield'====== Args={}
2024-12-07 13:04:51,163 : INFO : EventManager : Event: ======'s_left_return_lane_active'====== Args={}
2024-12-07 13:04:51,163 : INFO : EventManager : Event: ======'machine_var_audits_switches_s_left_return_lane'====== Args={'value': 49, 'prev_value': 48, 'change': 1}
2024-12-07 13:04:51,165 : INFO : EventManager : Event: ======'machine_var_audits_shots_returnLaneL_shot'====== Args={'value': 42, 'prev_value': 41, 'change': 1}
2024-12-07 13:04:51,167 : INFO : EventManager : Event: ======'returnLaneL_shot_hit'====== Args={'profile': 'returnLane', 'state': 'unlit', 'advancing': False}
2024-12-07 13:04:51,167 : INFO : EventManager : Event: ======'returnLaneL_shot_returnLane_hit'====== Args={'profile': 'returnLane', 'state': 'unlit', 'advancing': False}
2024-12-07 13:04:51,167 : INFO : EventManager : Event: ======'returnLaneL_shot_returnLane_unlit_hit'====== Args={'profile': 'returnLane', 'state': 'unlit', 'advancing': False}
2024-12-07 13:04:51,167 : INFO : EventManager : Event: ======'returnLaneL_shot_unlit_hit'====== Args={'profile': 'returnLane', 'state': 'unlit', 'advancing': False}
2024-12-07 13:04:51,167 : INFO : EventManager : Event: ======'returnLane_shot_hit'====== Args={}
2024-12-07 13:04:51,168 : INFO : EventManager : Event: ======'returnLane_shot_unlit_hit'====== Args={}
2024-12-07 13:04:51,168 : INFO : EventManager : Event: ======'player_score'====== Args={'value': 5000, 'prev_value': 0, 'change': 5000, 'player_num': 1}
2024-12-07 13:04:51,405 : INFO : SwitchController : <<<<<<< 's_left_return_lane' inactive >>>>>>>
2024-12-07 13:04:51,892 : INFO : SwitchController : <<<<<<< 's_left_return_lane' active >>>>>>>
2024-12-07 13:04:51,892 : INFO : EventManager : Event: ======'playfield_active'====== Args={}
2024-12-07 13:04:51,892 : INFO : EventManager : Event: ======'unexpected_ball_on_playfield'====== Args={}
2024-12-07 13:04:51,893 : INFO : EventManager : Event: ======'s_left_return_lane_active'====== Args={}
2024-12-07 13:04:51,893 : INFO : EventManager : Event: ======'machine_var_audits_switches_s_left_return_lane'====== Args={'value': 50, 'prev_value': 49, 'change': 1}
2024-12-07 13:04:51,894 : INFO : EventManager : Event: ======'machine_var_audits_shots_returnLaneL_shot'====== Args={'value': 43, 'prev_value': 42, 'change': 1}
2024-12-07 13:04:51,895 : INFO : EventManager : Event: ======'returnLaneL_shot_hit'====== Args={'profile': 'returnLane', 'state': 'unlit', 'advancing': False}
2024-12-07 13:04:51,895 : INFO : EventManager : Event: ======'returnLaneL_shot_returnLane_hit'====== Args={'profile': 'returnLane', 'state': 'unlit', 'advancing': False}
2024-12-07 13:04:51,895 : INFO : EventManager : Event: ======'returnLaneL_shot_returnLane_unlit_hit'====== Args={'profile': 'returnLane', 'state': 'unlit', 'advancing': False}
2024-12-07 13:04:51,895 : INFO : EventManager : Event: ======'returnLaneL_shot_unlit_hit'====== Args={'profile': 'returnLane', 'state': 'unlit', 'advancing': False}
2024-12-07 13:04:51,895 : INFO : EventManager : Event: ======'returnLane_shot_hit'====== Args={}
2024-12-07 13:04:51,895 : INFO : EventManager : Event: ======'returnLane_shot_unlit_hit'====== Args={}
2024-12-07 13:04:51,895 : INFO : EventManager : Event: ======'player_score'====== Args={'value': 10000, 'prev_value': 5000, 'change': 5000, 'player_num': 1}
2024-12-07 13:04:52,098 : INFO : SwitchController : <<<<<<< 's_left_return_lane' inactive >>>>>>>
2024-12-07 13:04:52,494 : INFO : SwitchController : <<<<<<< 's_left_return_lane' active >>>>>>>
2024-12-07 13:04:52,495 : INFO : EventManager : Event: ======'playfield_active'====== Args={}
2024-12-07 13:04:52,495 : INFO : EventManager : Event: ======'unexpected_ball_on_playfield'====== Args={}
2024-12-07 13:04:52,495 : INFO : EventManager : Event: ======'s_left_return_lane_active'====== Args={}
2024-12-07 13:04:52,496 : INFO : EventManager : Event: ======'machine_var_audits_switches_s_left_return_lane'====== Args={'value': 51, 'prev_value': 50, 'change': 1}
2024-12-07 13:04:52,500 : INFO : EventManager : Event: ======'machine_var_audits_shots_returnLaneL_shot'====== Args={'value': 44, 'prev_value': 43, 'change': 1}
2024-12-07 13:04:52,502 : INFO : EventManager : Event: ======'returnLaneL_shot_hit'====== Args={'profile': 'returnLane', 'state': 'unlit', 'advancing': False}
2024-12-07 13:04:52,503 : INFO : EventManager : Event: ======'returnLaneL_shot_returnLane_hit'====== Args={'profile': 'returnLane', 'state': 'unlit', 'advancing': False}
2024-12-07 13:04:52,503 : INFO : EventManager : Event: ======'returnLaneL_shot_returnLane_unlit_hit'====== Args={'profile': 'returnLane', 'state': 'unlit', 'advancing': False}
2024-12-07 13:04:52,503 : INFO : EventManager : Event: ======'returnLaneL_shot_unlit_hit'====== Args={'profile': 'returnLane', 'state': 'unlit', 'advancing': False}
2024-12-07 13:04:52,504 : INFO : EventManager : Event: ======'returnLane_shot_hit'====== Args={}
2024-12-07 13:04:52,505 : INFO : EventManager : Event: ======'returnLane_shot_unlit_hit'====== Args={}
2024-12-07 13:04:52,505 : INFO : EventManager : Event: ======'player_score'====== Args={'value': 15000, 'prev_value': 10000, 'change': 5000, 'player_num': 1}
2024-12-07 13:04:52,827 : INFO : SwitchController : <<<<<<< 's_left_return_lane' inactive >>>>>>>
2024-12-07 13:04:53,129 : INFO : SwitchController : <<<<<<< 's_left_return_lane' active >>>>>>>
2024-12-07 13:04:53,129 : INFO : EventManager : Event: ======'playfield_active'====== Args={}
2024-12-07 13:04:53,129 : INFO : EventManager : Event: ======'unexpected_ball_on_playfield'====== Args={}
2024-12-07 13:04:53,129 : INFO : EventManager : Event: ======'s_left_return_lane_active'====== Args={}
2024-12-07 13:04:53,129 : INFO : EventManager : Event: ======'machine_var_audits_switches_s_left_return_lane'====== Args={'value': 52, 'prev_value': 51, 'change': 1}
2024-12-07 13:04:53,130 : INFO : EventManager : Event: ======'machine_var_audits_shots_returnLaneL_shot'====== Args={'value': 45, 'prev_value': 44, 'change': 1}
2024-12-07 13:04:53,131 : INFO : EventManager : Event: ======'returnLaneL_shot_hit'====== Args={'profile': 'returnLane', 'state': 'unlit', 'advancing': False}
2024-12-07 13:04:53,132 : INFO : EventManager : Event: ======'returnLaneL_shot_returnLane_hit'====== Args={'profile': 'returnLane', 'state': 'unlit', 'advancing': False}
2024-12-07 13:04:53,132 : INFO : EventManager : Event: ======'returnLaneL_shot_returnLane_unlit_hit'====== Args={'profile': 'returnLane', 'state': 'unlit', 'advancing': False}
2024-12-07 13:04:53,132 : INFO : EventManager : Event: ======'returnLaneL_shot_unlit_hit'====== Args={'profile': 'returnLane', 'state': 'unlit', 'advancing': False}
2024-12-07 13:04:53,132 : INFO : EventManager : Event: ======'returnLane_shot_hit'====== Args={}
2024-12-07 13:04:53,132 : INFO : EventManager : Event: ======'returnLane_shot_unlit_hit'====== Args={}
2024-12-07 13:04:53,133 : INFO : EventManager : Event: ======'player_score'====== Args={'value': 20000, 'prev_value': 15000, 'change': 5000, 'player_num': 1}
2024-12-07 13:04:53,333 : INFO : SwitchController : <<<<<<< 's_left_return_lane' inactive >>>>>>>
2024-12-07 13:04:53,636 : INFO : SwitchController : <<<<<<< 's_left_return_lane' active >>>>>>>
2024-12-07 13:04:53,636 : INFO : EventManager : Event: ======'playfield_active'====== Args={}
2024-12-07 13:04:53,637 : INFO : EventManager : Event: ======'unexpected_ball_on_playfield'====== Args={}
2024-12-07 13:04:53,637 : INFO : EventManager : Event: ======'s_left_return_lane_active'====== Args={}
2024-12-07 13:04:53,637 : INFO : EventManager : Event: ======'machine_var_audits_switches_s_left_return_lane'====== Args={'value': 53, 'prev_value': 52, 'change': 1}
2024-12-07 13:04:53,641 : INFO : EventManager : Event: ======'machine_var_audits_shots_returnLaneL_shot'====== Args={'value': 46, 'prev_value': 45, 'change': 1}
2024-12-07 13:04:53,644 : INFO : EventManager : Event: ======'returnLaneL_shot_hit'====== Args={'profile': 'returnLane', 'state': 'unlit', 'advancing': False}
2024-12-07 13:04:53,645 : INFO : EventManager : Event: ======'returnLaneL_shot_returnLane_hit'====== Args={'profile': 'returnLane', 'state': 'unlit', 'advancing': False}
2024-12-07 13:04:53,645 : INFO : EventManager : Event: ======'returnLaneL_shot_returnLane_unlit_hit'====== Args={'profile': 'returnLane', 'state': 'unlit', 'advancing': False}
2024-12-07 13:04:53,645 : INFO : EventManager : Event: ======'returnLaneL_shot_unlit_hit'====== Args={'profile': 'returnLane', 'state': 'unlit', 'advancing': False}
2024-12-07 13:04:53,647 : INFO : EventManager : Event: ======'returnLane_shot_hit'====== Args={}
2024-12-07 13:04:53,647 : INFO : EventManager : Event: ======'returnLane_shot_unlit_hit'====== Args={}
2024-12-07 13:04:53,648 : INFO : EventManager : Event: ======'player_score'====== Args={'value': 25000, 'prev_value': 20000, 'change': 5000, 'player_num': 1}
2024-12-07 13:04:53,733 : INFO : SwitchController : <<<<<<< 's_left_return_lane' inactive >>>>>>>
2024-12-07 13:04:53,857 : INFO : SwitchController : <<<<<<< 's_left_return_lane' active >>>>>>>
2024-12-07 13:04:53,858 : INFO : EventManager : Event: ======'playfield_active'====== Args={}
2024-12-07 13:04:53,858 : INFO : EventManager : Event: ======'unexpected_ball_on_playfield'====== Args={}
2024-12-07 13:04:53,858 : INFO : EventManager : Event: ======'s_left_return_lane_active'====== Args={}
2024-12-07 13:04:53,858 : INFO : EventManager : Event: ======'machine_var_audits_switches_s_left_return_lane'====== Args={'value': 54, 'prev_value': 53, 'change': 1}
2024-12-07 13:04:53,859 : INFO : EventManager : Event: ======'machine_var_audits_shots_returnLaneL_shot'====== Args={'value': 47, 'prev_value': 46, 'change': 1}
2024-12-07 13:04:53,860 : INFO : EventManager : Event: ======'returnLaneL_shot_hit'====== Args={'profile': 'returnLane', 'state': 'unlit', 'advancing': False}
2024-12-07 13:04:53,860 : INFO : EventManager : Event: ======'returnLaneL_shot_returnLane_hit'====== Args={'profile': 'returnLane', 'state': 'unlit', 'advancing': False}
2024-12-07 13:04:53,860 : INFO : EventManager : Event: ======'returnLaneL_shot_returnLane_unlit_hit'====== Args={'profile': 'returnLane', 'state': 'unlit', 'advancing': False}
2024-12-07 13:04:53,860 : INFO : EventManager : Event: ======'returnLaneL_shot_unlit_hit'====== Args={'profile': 'returnLane', 'state': 'unlit', 'advancing': False}
2024-12-07 13:04:53,861 : INFO : EventManager : Event: ======'returnLane_shot_hit'====== Args={}
2024-12-07 13:04:53,861 : INFO : EventManager : Event: ======'returnLane_shot_unlit_hit'====== Args={}
2024-12-07 13:04:53,861 : INFO : EventManager : Event: ======'player_score'====== Args={'value': 30000, 'prev_value': 25000, 'change': 5000, 'player_num': 1}
2024-12-07 13:04:53,956 : INFO : SwitchController : <<<<<<< 's_left_return_lane' inactive >>>>>>>
2024-12-07 13:04:54,062 : INFO : SwitchController : <<<<<<< 's_left_return_lane' active >>>>>>>
2024-12-07 13:04:54,063 : INFO : EventManager : Event: ======'playfield_active'====== Args={}
2024-12-07 13:04:54,063 : INFO : EventManager : Event: ======'unexpected_ball_on_playfield'====== Args={}
2024-12-07 13:04:54,063 : INFO : EventManager : Event: ======'s_left_return_lane_active'====== Args={}
2024-12-07 13:04:54,063 : INFO : EventManager : Event: ======'machine_var_audits_switches_s_left_return_lane'====== Args={'value': 55, 'prev_value': 54, 'change': 1}
2024-12-07 13:04:54,065 : INFO : EventManager : Event: ======'machine_var_audits_shots_returnLaneL_shot'====== Args={'value': 48, 'prev_value': 47, 'change': 1}
2024-12-07 13:04:54,066 : INFO : EventManager : Event: ======'returnLaneL_shot_hit'====== Args={'profile': 'returnLane', 'state': 'unlit', 'advancing': False}
2024-12-07 13:04:54,066 : INFO : EventManager : Event: ======'returnLaneL_shot_returnLane_hit'====== Args={'profile': 'returnLane', 'state': 'unlit', 'advancing': False}
2024-12-07 13:04:54,066 : INFO : EventManager : Event: ======'returnLaneL_shot_returnLane_unlit_hit'====== Args={'profile': 'returnLane', 'state': 'unlit', 'advancing': False}
2024-12-07 13:04:54,066 : INFO : EventManager : Event: ======'returnLaneL_shot_unlit_hit'====== Args={'profile': 'returnLane', 'state': 'unlit', 'advancing': False}
2024-12-07 13:04:54,067 : INFO : EventManager : Event: ======'returnLane_shot_hit'====== Args={}
2024-12-07 13:04:54,067 : INFO : EventManager : Event: ======'returnLane_shot_unlit_hit'====== Args={}
2024-12-07 13:04:54,068 : INFO : EventManager : Event: ======'player_score'====== Args={'value': 35000, 'prev_value': 30000, 'change': 5000, 'player_num': 1}
2024-12-07 13:04:54,159 : INFO : SwitchController : <<<<<<< 's_left_return_lane' inactive >>>>>>>
2024-12-07 13:04:54,254 : INFO : SwitchController : <<<<<<< 's_left_return_lane' active >>>>>>>
2024-12-07 13:04:54,255 : INFO : EventManager : Event: ======'playfield_active'====== Args={}
2024-12-07 13:04:54,255 : INFO : EventManager : Event: ======'unexpected_ball_on_playfield'====== Args={}
2024-12-07 13:04:54,255 : INFO : EventManager : Event: ======'s_left_return_lane_active'====== Args={}
2024-12-07 13:04:54,255 : INFO : EventManager : Event: ======'machine_var_audits_switches_s_left_return_lane'====== Args={'value': 56, 'prev_value': 55, 'change': 1}
2024-12-07 13:04:54,256 : INFO : EventManager : Event: ======'machine_var_audits_shots_returnLaneL_shot'====== Args={'value': 49, 'prev_value': 48, 'change': 1}
2024-12-07 13:04:54,257 : INFO : EventManager : Event: ======'returnLaneL_shot_hit'====== Args={'profile': 'returnLane', 'state': 'unlit', 'advancing': False}
2024-12-07 13:04:54,257 : INFO : EventManager : Event: ======'returnLaneL_shot_returnLane_hit'====== Args={'profile': 'returnLane', 'state': 'unlit', 'advancing': False}
2024-12-07 13:04:54,257 : INFO : EventManager : Event: ======'returnLaneL_shot_returnLane_unlit_hit'====== Args={'profile': 'returnLane', 'state': 'unlit', 'advancing': False}
2024-12-07 13:04:54,257 : INFO : EventManager : Event: ======'returnLaneL_shot_unlit_hit'====== Args={'profile': 'returnLane', 'state': 'unlit', 'advancing': False}
2024-12-07 13:04:54,257 : INFO : EventManager : Event: ======'returnLane_shot_hit'====== Args={}
2024-12-07 13:04:54,257 : INFO : EventManager : Event: ======'returnLane_shot_unlit_hit'====== Args={}
2024-12-07 13:04:54,258 : INFO : EventManager : Event: ======'player_score'====== Args={'value': 40000, 'prev_value': 35000, 'change': 5000, 'player_num': 1}
2024-12-07 13:04:54,333 : INFO : SwitchController : <<<<<<< 's_left_return_lane' inactive >>>>>>>
2024-12-07 13:04:54,413 : INFO : SwitchController : <<<<<<< 's_left_return_lane' active >>>>>>>
2024-12-07 13:04:54,413 : INFO : EventManager : Event: ======'playfield_active'====== Args={}
2024-12-07 13:04:54,413 : INFO : EventManager : Event: ======'unexpected_ball_on_playfield'====== Args={}
2024-12-07 13:04:54,413 : INFO : EventManager : Event: ======'s_left_return_lane_active'====== Args={}
2024-12-07 13:04:54,413 : INFO : EventManager : Event: ======'machine_var_audits_switches_s_left_return_lane'====== Args={'value': 57, 'prev_value': 56, 'change': 1}
2024-12-07 13:04:54,415 : INFO : EventManager : Event: ======'machine_var_audits_shots_returnLaneL_shot'====== Args={'value': 50, 'prev_value': 49, 'change': 1}
2024-12-07 13:04:54,416 : INFO : EventManager : Event: ======'returnLaneL_shot_hit'====== Args={'profile': 'returnLane', 'state': 'unlit', 'advancing': False}
2024-12-07 13:04:54,416 : INFO : EventManager : Event: ======'returnLaneL_shot_returnLane_hit'====== Args={'profile': 'returnLane', 'state': 'unlit', 'advancing': False}
2024-12-07 13:04:54,416 : INFO : EventManager : Event: ======'returnLaneL_shot_returnLane_unlit_hit'====== Args={'profile': 'returnLane', 'state': 'unlit', 'advancing': False}
2024-12-07 13:04:54,416 : INFO : EventManager : Event: ======'returnLaneL_shot_unlit_hit'====== Args={'profile': 'returnLane', 'state': 'unlit', 'advancing': False}
2024-12-07 13:04:54,416 : INFO : EventManager : Event: ======'returnLane_shot_hit'====== Args={}
2024-12-07 13:04:54,416 : INFO : EventManager : Event: ======'returnLane_shot_unlit_hit'====== Args={}
2024-12-07 13:04:54,416 : INFO : EventManager : Event: ======'player_score'====== Args={'value': 45000, 'prev_value': 40000, 'change': 5000, 'player_num': 1}
2024-12-07 13:04:54,492 : INFO : SwitchController : <<<<<<< 's_left_return_lane' inactive >>>>>>>
2024-12-07 13:04:58,377 : INFO : EventManager : Event: ======'balldevice_bd_trough_ball_eject_failed'====== Args={'target': <ball_device.bd_plunger>, 'balls': 1, 'retry': True, 'num_attempts': 1}
2024-12-07 13:04:58,378 : INFO : ball_device.bd_trough : State: waiting_for_target_ready
2024-12-07 13:04:58,379 : INFO : EventManager : Event: ======'balldevice_bd_trough_ball_eject_attempt'====== Args={'balls': 1, 'target': <ball_device.bd_plunger>, 'source': <ball_device.bd_trough>, 'mechanical_eject': True, 'num_attempts': 1}
2024-12-07 13:04:58,379 : INFO : ball_device.bd_trough : State: ejecting
2024-12-07 13:04:58,379 : INFO : ball_device.bd_trough : Ejecting ball to <ball_device.bd_plunger>
2024-12-07 13:04:58,379 : INFO : EventManager : Event: ======'balldevice_bd_trough_ejecting_ball'====== Args={'balls': 1, 'target': <ball_device.bd_plunger>, 'source': <ball_device.bd_trough>, 'mechanical_eject': True, 'num_attempts': 1}
2024-12-07 13:04:58,380 : INFO : ball_device.bd_trough : Wait for ball to leave device
2024-12-07 13:04:58,381 : INFO : coil.c_trough_eject : Pulsing Driver for 10ms (1.0 pulse_power)
2024-12-07 13:05:00,578 : INFO : Machine : Shutting down...
2024-12-07 13:05:00,579 : INFO : EventManager : Event: ======'shutdown'====== Args={}
2024-12-07 13:05:00,589 : ERROR : OPP : Stop called on serial connection com5
2024-12-07 13:05:00,589 : ERROR : OPP : Stop called on serial connection com4
2024-12-07 13:05:00,601 : INFO : root : MPF run loop ended.
