2024-11-25 21:06:04,799 : kivy : Factory: 186 symbols loaded
2024-11-25 21:06:04,983 : kivy : ImageLoaderFFPy: Using ffpyplayer 4.3.2
2024-11-25 21:06:04,983 : kivy : Image: Providers: img_tex, img_dds, img_sdl2, img_pil, img_ffpyplayer 
2024-11-25 21:06:05,047 : kivy : VideoGstplayer: Using Gstreamer 1.18.0.0
2024-11-25 21:06:05,047 : kivy : Video: Provider: gstplayer
2024-11-25 21:06:05,201 : kivy : Loading MPF-MC controller
2024-11-25 21:06:05,203 : YamlMultifileConfigLoader : Machine config file #1: config
2024-11-25 21:06:05,204 : ConfigProcessor : Config file in cache changed: C:\Users\student\pinball\cobraPinTest1\config\config
2024-11-25 21:06:05,204 : ConfigProcessor : Loading config from file c:\users\student\mpfenv\lib\site-packages\mpfmc\mcconfig.yaml.
2024-11-25 21:06:05,236 : ConfigProcessor : Loading config: c:\users\student\mpfenv\lib\site-packages\mpfmc\mcconfig.yaml
2024-11-25 21:06:05,237 : ConfigProcessor : Loading config from file C:\Users\student\pinball\cobraPinTest1\config\config.
2024-11-25 21:06:05,280 : ConfigProcessor : Loading config: C:\Users\student\pinball\cobraPinTest1\config\config
2024-11-25 21:06:05,281 : ConfigProcessor : Config file cache created: C:\Users\student\AppData\Local\Temp\8788ef445fdd76e1de1cbcebe7495fec.mpf_cache
2024-11-25 21:06:05,282 : ConfigProcessor : Loading config from cache: C:\Users\student\AppData\Local\Temp\32ed7ad340ce8029344f8b9ff63edc80.mpf_cache
2024-11-25 21:06:05,282 : ConfigProcessor : Loading config from cache: C:\Users\student\AppData\Local\Temp\8696bd5a5a040ff67990be11cb4d3c0c.mpf_cache
2024-11-25 21:06:05,283 : ConfigProcessor : Loading config from cache: C:\Users\student\AppData\Local\Temp\4675a535c8328a9c278c807d999ed109.mpf_cache
2024-11-25 21:06:05,283 : ConfigProcessor : Loading config from cache: C:\Users\student\AppData\Local\Temp\0c8438cab3480347c0c749fa494946a2.mpf_cache
2024-11-25 21:06:05,284 : ConfigProcessor : Loading config from cache: C:\Users\student\AppData\Local\Temp\edae2e0e7aeda847f5007d89f37fc8de.mpf_cache
2024-11-25 21:06:05,285 : mpfmc : Mission Pinball Framework Media Controller v0.55.0
2024-11-25 21:06:05,285 : mpfmc : Mission Pinball Framework Game Engine v0.55.0
2024-11-25 21:06:05,285 : mpfmc : Machine path: C:\Users\student\pinball\cobraPinTest1
2024-11-25 21:06:05,285 : mpfmc : Starting clock at 60.0Hz
2024-11-25 21:06:05,306 : kivy : Text: Provider: sdl2
2024-11-25 21:06:05,356 : kivy : Window: Provider: sdl2
2024-11-25 21:06:05,792 : kivy : GL: Using the "OpenGL" graphics system
2024-11-25 21:06:05,803 : kivy : GL: GLEW initialization succeeded
2024-11-25 21:06:05,803 : kivy : GL: Backend used <glew>
2024-11-25 21:06:05,805 : kivy : GL: OpenGL version <b'4.6.13543 Compatibility Profile Context 25.20.15006.9'>
2024-11-25 21:06:05,805 : kivy : GL: OpenGL vendor <b'ATI Technologies Inc.'>
2024-11-25 21:06:05,805 : kivy : GL: OpenGL renderer <b'Radeon RX Vega M GL Graphics'>
2024-11-25 21:06:05,805 : kivy : GL: OpenGL parsed version: 4, 6
2024-11-25 21:06:05,805 : kivy : GL: Shading version <b'4.60'>
2024-11-25 21:06:05,805 : kivy : GL: Texture max size <16384>
2024-11-25 21:06:05,805 : kivy : GL: Texture max units <32>
2024-11-25 21:06:05,831 : kivy : Window: auto add sdl2 input provider
2024-11-25 21:06:05,831 : kivy : Window: virtual keyboard not allowed, single mode, not docked
2024-11-25 21:06:06,187 : AudioInterface : Initialized
2024-11-25 21:06:06,187 : AudioInterface : Loaded SDL 2.0.12
2024-11-25 21:06:06,187 : AudioInterface : Loaded SDL_Mixer 2.0.4
2024-11-25 21:06:06,188 : AudioInterface : Loaded GStreamer 1.18.0.0
2024-11-25 21:06:06,188 : AudioInterface : Loaded GLib 2.62.6
2024-11-25 21:06:06,188 : AudioInterface : Settings requested - rate: 44100, channels: 1, buffer: 2048 samples
2024-11-25 21:06:06,188 : AudioInterface : Settings in use - rate: 44100, channels: 1, buffer: 2048 samples (4096 bytes @ 2 bytes per sample)
2024-11-25 21:06:06,188 : SoundSystem : Setting master volume to 0.0
2024-11-25 21:06:06,188 : SoundSystem : master_volume in sound_system is deprecated and will be removed in the future.
2024-11-25 21:06:06,189 : AudioInterface : Enabling audio playback
2024-11-25 21:06:06,190 : kivy : Base: Start application main loop
2024-11-25 21:06:06,191 : EventManager : Event: ======'display_window_initialized'====== Args={}
2024-11-25 21:06:06,210 : mpfmc : Display: Setting 'window' as default display
2024-11-25 21:06:06,219 : EventManager : Event: ======'displays_initialized'====== Args={}
2024-11-25 21:06:06,219 : EventManager : Event: ======'slide_window_blank_created'====== Args={}
2024-11-25 21:06:06,220 : EventManager : Event: ======'display_window_ready'====== Args={}
2024-11-25 21:06:06,230 : EventManager : Event: ======'init_phase_1'====== Args={}
2024-11-25 21:06:06,233 : EventManager : Event: ======'mc_ready'====== Args={}
2024-11-25 21:06:06,233 : EventManager : Event: ======'init_phase_2'====== Args={}
2024-11-25 21:06:06,236 : EventManager : Event: ======'init_phase_3'====== Args={}
2024-11-25 21:06:06,238 : EventManager : Event: ======'init_phase_4'====== Args={}
2024-11-25 21:06:06,238 : EventManager : Event: ======'init_phase_5'====== Args={}
2024-11-25 21:06:06,238 : EventManager : Event: ======'init_done'====== Args={}
2024-11-25 21:06:06,238 : MPF-MC BCP Server : Starting up on localhost port 5050
2024-11-25 21:06:06,243 : MPF-MC BCP Server : Waiting for a connection...
2024-11-25 21:06:06,243 : mpfmc : SlidePlayer: Play called with settings={'slides': {welcome_slide-None-None: {'priority': None, 'target': None, 'background_color': [0.0, 0.0, 0.0, 1.0], 'show': True, 'force': False, 'expire': None, 'slide': None, 'tokens': {}, 'action': 'play', 'transition': None, 'transition_out': None}}}
2024-11-25 21:06:06,253 : kivy : GL: NPOT texture support is available
2024-11-25 21:06:06,254 : EventManager : Event: ======'slide_welcome_slide_created'====== Args={}
2024-11-25 21:06:06,255 : EventManager : Event: ======'slide_welcome_slide_active'====== Args={}
2024-11-25 21:06:06,270 : EventManager : Event: ======'client_disconnected'====== Args={'host': '127.0.0.1', 'port': 5050}
2024-11-25 21:06:07,298 : MPF-MC BCP Server : Received connection from: 127.0.0.1:55813
2024-11-25 21:06:07,303 : EventManager : Event: ======'client_connected'====== Args={'host': '127.0.0.1', 'port': 55813}
2024-11-25 21:06:07,327 : EventManager : Event: ======'machine_var_credits_string'====== Args={'value': 'FREE PLAY', 'prev_value': None, 'change': True}
2024-11-25 21:06:07,327 : EventManager : Event: ======'machine_var_master_volume'====== Args={'value': 0.5, 'prev_value': None, 'change': True}
2024-11-25 21:06:07,327 : EventManager : Event: ======'machine_var_player1_score'====== Args={'value': 1500, 'prev_value': None, 'change': True}
2024-11-25 21:06:07,327 : EventManager : Event: ======'machine_var_mpf_version'====== Args={'value': 'MPF v0.55.0', 'prev_value': None, 'change': True}
2024-11-25 21:06:07,327 : EventManager : Event: ======'machine_var_mpf_extended_version'====== Args={'value': 'MPF v0.55.0, Config version:5, Show version: 5, BCP version:1.1', 'prev_value': None, 'change': True}
2024-11-25 21:06:07,327 : EventManager : Event: ======'machine_var_python_version'====== Args={'value': '3.7.8', 'prev_value': None, 'change': True}
2024-11-25 21:06:07,327 : EventManager : Event: ======'machine_var_platform'====== Args={'value': 'Windows-10-10.0.19041-SP0', 'prev_value': None, 'change': True}
2024-11-25 21:06:07,327 : EventManager : Event: ======'machine_var_platform_system'====== Args={'value': 'Windows', 'prev_value': None, 'change': True}
2024-11-25 21:06:07,327 : EventManager : Event: ======'machine_var_platform_release'====== Args={'value': '10', 'prev_value': None, 'change': True}
2024-11-25 21:06:07,327 : EventManager : Event: ======'machine_var_platform_version'====== Args={'value': '10.0.19041', 'prev_value': None, 'change': True}
2024-11-25 21:06:07,327 : EventManager : Event: ======'machine_var_platform_machine'====== Args={'value': 'AMD64', 'prev_value': None, 'change': True}
2024-11-25 21:06:07,328 : EventManager : Event: ======'machine_var_mc_version'====== Args={'value': 'MPF-MC v0.55.0', 'prev_value': None, 'change': True}
2024-11-25 21:06:07,328 : EventManager : Event: ======'machine_var_mc_extended_version'====== Args={'value': 'MPF-MC v0.55.0 (config_version=5, BCP v1.1, Requires MPF v0.55.0-dev.49)', 'prev_value': None, 'change': True}
2024-11-25 21:06:07,328 : SoundSystem : Setting master volume to 0.5
2024-11-25 21:06:07,429 : EventManager : Event: ======'machine_var_audits_events_game_ended'====== Args={'value': 0, 'prev_value': None, 'change': True}
2024-11-25 21:06:07,441 : EventManager : Event: ======'machine_var_audits_events_game_started'====== Args={'value': 0, 'prev_value': None, 'change': True}
2024-11-25 21:06:07,441 : EventManager : Event: ======'machine_var_audits_player_score'====== Args={'value': {'average': 1800.0, 'top': [2000, 1900, 1500], 'total': 3}, 'prev_value': None, 'change': True}
2024-11-25 21:06:07,441 : EventManager : Event: ======'machine_var_audits_shots_medalL_shot'====== Args={'value': 162, 'prev_value': None, 'change': True}
2024-11-25 21:06:07,441 : EventManager : Event: ======'machine_var_audits_shots_medalM_shot'====== Args={'value': 158, 'prev_value': None, 'change': True}
2024-11-25 21:06:07,441 : EventManager : Event: ======'machine_var_audits_shots_medalR_shot'====== Args={'value': 159, 'prev_value': None, 'change': True}
2024-11-25 21:06:07,441 : EventManager : Event: ======'machine_var_audits_shots_my_first_shot'====== Args={'value': 119, 'prev_value': None, 'change': True}
2024-11-25 21:06:07,441 : EventManager : Event: ======'machine_var_audits_shots_my_first_shot_mode2'====== Args={'value': 72, 'prev_value': None, 'change': True}
2024-11-25 21:06:07,442 : EventManager : Event: ======'machine_var_audits_shots_reentryL_shot'====== Args={'value': 435, 'prev_value': None, 'change': True}
2024-11-25 21:06:07,442 : EventManager : Event: ======'machine_var_audits_shots_reentryM_shot'====== Args={'value': 415, 'prev_value': None, 'change': True}
2024-11-25 21:06:07,442 : EventManager : Event: ======'machine_var_audits_shots_reentryR_shot'====== Args={'value': 377, 'prev_value': None, 'change': True}
2024-11-25 21:06:07,442 : EventManager : Event: ======'machine_var_audits_shots_reentry_shot'====== Args={'value': 9, 'prev_value': None, 'change': True}
2024-11-25 21:06:07,442 : EventManager : Event: ======'machine_var_audits_shots_top_lane_A'====== Args={'value': 12, 'prev_value': None, 'change': True}
2024-11-25 21:06:07,442 : EventManager : Event: ======'machine_var_audits_shots_top_lane_J'====== Args={'value': 12, 'prev_value': None, 'change': True}
2024-11-25 21:06:07,442 : EventManager : Event: ======'machine_var_audits_shots_top_lane_M'====== Args={'value': 9, 'prev_value': None, 'change': True}
2024-11-25 21:06:07,442 : EventManager : Event: ======'machine_var_audits_switches_s_blackhole_kicker'====== Args={'value': 0, 'prev_value': None, 'change': True}
2024-11-25 21:06:07,442 : EventManager : Event: ======'machine_var_audits_switches_s_bonus_lane'====== Args={'value': 0, 'prev_value': None, 'change': True}
2024-11-25 21:06:07,442 : EventManager : Event: ======'machine_var_audits_switches_s_booster_drop_target_1'====== Args={'value': 0, 'prev_value': None, 'change': True}
2024-11-25 21:06:07,443 : EventManager : Event: ======'machine_var_audits_switches_s_booster_drop_target_2'====== Args={'value': 0, 'prev_value': None, 'change': True}
2024-11-25 21:06:07,443 : EventManager : Event: ======'machine_var_audits_switches_s_booster_drop_target_3'====== Args={'value': 0, 'prev_value': None, 'change': True}
2024-11-25 21:06:07,443 : EventManager : Event: ======'machine_var_audits_switches_s_comet_spot_1'====== Args={'value': 0, 'prev_value': None, 'change': True}
2024-11-25 21:06:07,443 : EventManager : Event: ======'machine_var_audits_switches_s_comet_spot_2'====== Args={'value': 0, 'prev_value': None, 'change': True}
2024-11-25 21:06:07,443 : EventManager : Event: ======'machine_var_audits_switches_s_comet_spot_3'====== Args={'value': 0, 'prev_value': None, 'change': True}
2024-11-25 21:06:07,443 : EventManager : Event: ======'machine_var_audits_switches_s_engine_bumper_1'====== Args={'value': 0, 'prev_value': None, 'change': True}
2024-11-25 21:06:07,443 : EventManager : Event: ======'machine_var_audits_switches_s_engine_bumper_2'====== Args={'value': 0, 'prev_value': None, 'change': True}
2024-11-25 21:06:07,443 : EventManager : Event: ======'machine_var_audits_switches_s_engine_bumper_3'====== Args={'value': 0, 'prev_value': None, 'change': True}
2024-11-25 21:06:07,444 : EventManager : Event: ======'machine_var_audits_switches_s_fuel_chute_1'====== Args={'value': 0, 'prev_value': None, 'change': True}
2024-11-25 21:06:07,444 : EventManager : Event: ======'machine_var_audits_switches_s_fuel_chute_2'====== Args={'value': 0, 'prev_value': None, 'change': True}
2024-11-25 21:06:07,444 : EventManager : Event: ======'machine_var_audits_switches_s_fuel_chute_3'====== Args={'value': 0, 'prev_value': None, 'change': True}
2024-11-25 21:06:07,444 : EventManager : Event: ======'machine_var_audits_switches_s_fuel_chute_4'====== Args={'value': 0, 'prev_value': None, 'change': True}
2024-11-25 21:06:07,444 : EventManager : Event: ======'machine_var_audits_switches_s_fuel_chute_5'====== Args={'value': 0, 'prev_value': None, 'change': True}
2024-11-25 21:06:07,444 : EventManager : Event: ======'machine_var_audits_switches_s_fuel_chute_6'====== Args={'value': 0, 'prev_value': None, 'change': True}
2024-11-25 21:06:07,444 : EventManager : Event: ======'machine_var_audits_switches_s_fuel_flag'====== Args={'value': 0, 'prev_value': None, 'change': True}
2024-11-25 21:06:07,444 : EventManager : Event: ======'machine_var_audits_switches_s_fuel_spot_1'====== Args={'value': 0, 'prev_value': None, 'change': True}
2024-11-25 21:06:07,444 : EventManager : Event: ======'machine_var_audits_switches_s_fuel_spot_2'====== Args={'value': 0, 'prev_value': None, 'change': True}
2024-11-25 21:06:07,445 : EventManager : Event: ======'machine_var_audits_switches_s_fuel_spot_3'====== Args={'value': 0, 'prev_value': None, 'change': True}
2024-11-25 21:06:07,445 : EventManager : Event: ======'machine_var_audits_switches_s_green_wormhole'====== Args={'value': 0, 'prev_value': None, 'change': True}
2024-11-25 21:06:07,445 : EventManager : Event: ======'machine_var_audits_switches_s_hyperspace_flag'====== Args={'value': 0, 'prev_value': None, 'change': True}
2024-11-25 21:06:07,445 : EventManager : Event: ======'machine_var_audits_switches_s_hyperspacekicker'====== Args={'value': 0, 'prev_value': None, 'change': True}
2024-11-25 21:06:07,445 : EventManager : Event: ======'machine_var_audits_switches_s_launch_lane_1'====== Args={'value': 0, 'prev_value': None, 'change': True}
2024-11-25 21:06:07,445 : EventManager : Event: ======'machine_var_audits_switches_s_launch_lane_2'====== Args={'value': 0, 'prev_value': None, 'change': True}
2024-11-25 21:06:07,445 : EventManager : Event: ======'machine_var_audits_switches_s_launch_lane_3'====== Args={'value': 0, 'prev_value': None, 'change': True}
2024-11-25 21:06:07,445 : EventManager : Event: ======'machine_var_audits_switches_s_launch_ramp'====== Args={'value': 0, 'prev_value': None, 'change': True}
2024-11-25 21:06:07,445 : EventManager : Event: ======'machine_var_audits_switches_s_left_attack_bumper'====== Args={'value': 0, 'prev_value': None, 'change': True}
2024-11-25 21:06:07,446 : EventManager : Event: ======'machine_var_audits_switches_s_left_flipper'====== Args={'value': 470, 'prev_value': None, 'change': True}
2024-11-25 21:06:07,446 : EventManager : Event: ======'machine_var_audits_switches_s_left_out_lane'====== Args={'value': 0, 'prev_value': None, 'change': True}
2024-11-25 21:06:07,446 : EventManager : Event: ======'machine_var_audits_switches_s_left_out_lane_kicker'====== Args={'value': 0, 'prev_value': None, 'change': True}
2024-11-25 21:06:07,446 : EventManager : Event: ======'machine_var_audits_switches_s_left_return_lane'====== Args={'value': 0, 'prev_value': None, 'change': True}
2024-11-25 21:06:07,446 : EventManager : Event: ======'machine_var_audits_switches_s_lower_attack_bumper'====== Args={'value': 0, 'prev_value': None, 'change': True}
2024-11-25 21:06:07,446 : EventManager : Event: ======'machine_var_audits_switches_s_lower_left_rebound'====== Args={'value': 0, 'prev_value': None, 'change': True}
2024-11-25 21:06:07,446 : EventManager : Event: ======'machine_var_audits_switches_s_lower_left_slingshot'====== Args={'value': 0, 'prev_value': None, 'change': True}
2024-11-25 21:06:07,446 : EventManager : Event: ======'machine_var_audits_switches_s_lower_right_rebound'====== Args={'value': 0, 'prev_value': None, 'change': True}
2024-11-25 21:06:07,447 : EventManager : Event: ======'machine_var_audits_switches_s_lower_right_slingshot'====== Args={'value': 0, 'prev_value': None, 'change': True}
2024-11-25 21:06:07,447 : EventManager : Event: ======'machine_var_audits_switches_s_medal_drop_left'====== Args={'value': 176, 'prev_value': None, 'change': True}
2024-11-25 21:06:07,447 : EventManager : Event: ======'machine_var_audits_switches_s_medal_drop_middle'====== Args={'value': 172, 'prev_value': None, 'change': True}
2024-11-25 21:06:07,447 : EventManager : Event: ======'machine_var_audits_switches_s_medal_drop_right'====== Args={'value': 173, 'prev_value': None, 'change': True}
2024-11-25 21:06:07,447 : EventManager : Event: ======'machine_var_audits_switches_s_mission_spot_1'====== Args={'value': 0, 'prev_value': None, 'change': True}
2024-11-25 21:06:07,453 : EventManager : Event: ======'machine_var_audits_switches_s_mission_spot_2'====== Args={'value': 0, 'prev_value': None, 'change': True}
2024-11-25 21:06:07,453 : EventManager : Event: ======'machine_var_audits_switches_s_mission_spot_3'====== Args={'value': 0, 'prev_value': None, 'change': True}
2024-11-25 21:06:07,453 : EventManager : Event: ======'machine_var_audits_switches_s_multiplier_left'====== Args={'value': 0, 'prev_value': None, 'change': True}
2024-11-25 21:06:07,453 : EventManager : Event: ======'machine_var_audits_switches_s_multiplier_middle'====== Args={'value': 0, 'prev_value': None, 'change': True}
2024-11-25 21:06:07,453 : EventManager : Event: ======'machine_var_audits_switches_s_multiplier_right'====== Args={'value': 0, 'prev_value': None, 'change': True}
2024-11-25 21:06:07,453 : EventManager : Event: ======'machine_var_audits_switches_s_plunger'====== Args={'value': 162, 'prev_value': None, 'change': True}
2024-11-25 21:06:07,453 : EventManager : Event: ======'machine_var_audits_switches_s_radiationspot_1'====== Args={'value': 0, 'prev_value': None, 'change': True}
2024-11-25 21:06:07,453 : EventManager : Event: ======'machine_var_audits_switches_s_radiationspot_2'====== Args={'value': 0, 'prev_value': None, 'change': True}
2024-11-25 21:06:07,454 : EventManager : Event: ======'machine_var_audits_switches_s_radiationspot_3'====== Args={'value': 0, 'prev_value': None, 'change': True}
2024-11-25 21:06:07,454 : EventManager : Event: ======'machine_var_audits_switches_s_red_wormhole'====== Args={'value': 0, 'prev_value': None, 'change': True}
2024-11-25 21:06:07,454 : EventManager : Event: ======'machine_var_audits_switches_s_reentry_left'====== Args={'value': 790, 'prev_value': None, 'change': True}
2024-11-25 21:06:07,454 : EventManager : Event: ======'machine_var_audits_switches_s_reentry_middle'====== Args={'value': 489, 'prev_value': None, 'change': True}
2024-11-25 21:06:07,454 : EventManager : Event: ======'machine_var_audits_switches_s_reentry_right'====== Args={'value': 436, 'prev_value': None, 'change': True}
2024-11-25 21:06:07,454 : EventManager : Event: ======'machine_var_audits_switches_s_right_flipper'====== Args={'value': 204, 'prev_value': None, 'change': True}
2024-11-25 21:06:07,454 : EventManager : Event: ======'machine_var_audits_switches_s_right_inlane'====== Args={'value': 0, 'prev_value': None, 'change': True}
2024-11-25 21:06:07,454 : EventManager : Event: ======'machine_var_audits_switches_s_right_out_lane'====== Args={'value': 0, 'prev_value': None, 'change': True}
2024-11-25 21:06:07,454 : EventManager : Event: ======'machine_var_audits_switches_s_right_out_lane_kicker'====== Args={'value': 0, 'prev_value': None, 'change': True}
2024-11-25 21:06:07,466 : EventManager : Event: ======'machine_var_audits_switches_s_right_return_lane'====== Args={'value': 0, 'prev_value': None, 'change': True}
2024-11-25 21:06:07,466 : EventManager : Event: ======'machine_var_audits_switches_s_satellite_bumper'====== Args={'value': 0, 'prev_value': None, 'change': True}
2024-11-25 21:06:07,466 : EventManager : Event: ======'machine_var_audits_switches_s_secondary_outlane_kicker'====== Args={'value': 0, 'prev_value': None, 'change': True}
2024-11-25 21:06:07,466 : EventManager : Event: ======'machine_var_audits_switches_s_skill_shot_1'====== Args={'value': 0, 'prev_value': None, 'change': True}
2024-11-25 21:06:07,466 : EventManager : Event: ======'machine_var_audits_switches_s_skill_shot_2'====== Args={'value': 0, 'prev_value': None, 'change': True}
2024-11-25 21:06:07,466 : EventManager : Event: ======'machine_var_audits_switches_s_skill_shot_3'====== Args={'value': 0, 'prev_value': None, 'change': True}
2024-11-25 21:06:07,466 : EventManager : Event: ======'machine_var_audits_switches_s_skill_shot_4'====== Args={'value': 0, 'prev_value': None, 'change': True}
2024-11-25 21:06:07,466 : EventManager : Event: ======'machine_var_audits_switches_s_skill_shot_5'====== Args={'value': 0, 'prev_value': None, 'change': True}
2024-11-25 21:06:07,466 : EventManager : Event: ======'machine_var_audits_switches_s_skill_shot_6'====== Args={'value': 0, 'prev_value': None, 'change': True}
2024-11-25 21:06:07,466 : EventManager : Event: ======'machine_var_audits_switches_s_skill_shot_lane'====== Args={'value': 0, 'prev_value': None, 'change': True}
2024-11-25 21:06:07,466 : EventManager : Event: ======'machine_var_audits_switches_s_spacewarp_rollover'====== Args={'value': 0, 'prev_value': None, 'change': True}
2024-11-25 21:06:07,466 : EventManager : Event: ======'machine_var_audits_switches_s_start'====== Args={'value': 7, 'prev_value': None, 'change': True}
2024-11-25 21:06:07,466 : EventManager : Event: ======'machine_var_audits_switches_s_trough1'====== Args={'value': 30, 'prev_value': None, 'change': True}
2024-11-25 21:06:07,466 : EventManager : Event: ======'machine_var_audits_switches_s_trough2'====== Args={'value': 0, 'prev_value': None, 'change': True}
2024-11-25 21:06:07,467 : EventManager : Event: ======'machine_var_audits_switches_s_trough3'====== Args={'value': 0, 'prev_value': None, 'change': True}
2024-11-25 21:06:07,467 : EventManager : Event: ======'machine_var_audits_switches_s_trough4'====== Args={'value': 0, 'prev_value': None, 'change': True}
2024-11-25 21:06:07,467 : EventManager : Event: ======'machine_var_audits_switches_s_trough5'====== Args={'value': 0, 'prev_value': None, 'change': True}
2024-11-25 21:06:07,467 : EventManager : Event: ======'machine_var_audits_switches_s_trough6'====== Args={'value': 0, 'prev_value': None, 'change': True}
2024-11-25 21:06:07,467 : EventManager : Event: ======'machine_var_audits_switches_s_trough_jam'====== Args={'value': 0, 'prev_value': None, 'change': True}
2024-11-25 21:06:07,467 : EventManager : Event: ======'machine_var_audits_switches_s_upper_attack_bumper'====== Args={'value': 0, 'prev_value': None, 'change': True}
2024-11-25 21:06:07,467 : EventManager : Event: ======'machine_var_audits_switches_s_upper_left_rebound'====== Args={'value': 0, 'prev_value': None, 'change': True}
2024-11-25 21:06:07,467 : EventManager : Event: ======'machine_var_audits_switches_s_upper_right_rebound'====== Args={'value': 0, 'prev_value': None, 'change': True}
2024-11-25 21:06:07,467 : EventManager : Event: ======'machine_var_audits_switches_s_wormhole_target'====== Args={'value': 0, 'prev_value': None, 'change': True}
2024-11-25 21:06:07,467 : EventManager : Event: ======'machine_var_audits_switches_s_yellow_wormhole'====== Args={'value': 0, 'prev_value': None, 'change': True}
2024-11-25 21:06:07,491 : EventManager : Event: ======'slides_play'====== Args={'settings': {'welcome_slide': {'target': None, 'background_color': [0.0, 0.0, 0.0, 1.0], 'priority': None, 'show': True, 'force': False, 'expire': None, 'slide': None, 'tokens': {}, 'action': 'play'}}, 'context': '_global', 'calling_context': 'init_done', 'priority': 0}
2024-11-25 21:06:07,491 : EventManager : Event: ======'mc_reset_phase_1'====== Args={}
2024-11-25 21:06:07,491 : mpfmc : SlidePlayer: Play called with settings={'welcome_slide': {'target': None, 'background_color': [0.0, 0.0, 0.0, 1.0], 'priority': None, 'show': True, 'force': False, 'expire': None, 'slide': None, 'tokens': {}, 'action': 'play'}}
2024-11-25 21:06:07,491 : EventManager : Event: ======'slide_welcome_slide_removed'====== Args={}
2024-11-25 21:06:07,493 : EventManager : Event: ======'slide_welcome_slide_created'====== Args={}
2024-11-25 21:06:07,493 : EventManager : Event: ======'mc_reset_phase_2'====== Args={}
2024-11-25 21:06:07,493 : EventManager : Event: ======'mc_reset_phase_3'====== Args={}
2024-11-25 21:06:07,493 : EventManager : Event: ======'mc_reset_complete'====== Args={}
2024-11-25 21:06:07,494 : EventManager : Event: ======'slide_welcome_slide_active'====== Args={}
2024-11-25 21:06:07,511 : EventManager : Event: ======'slides_play'====== Args={'settings': {'awesome_slide': {'widgets': [{'type': 'text', 'text': 'YOU ARE AWESOME', 'font_size': 50, '_default_settings': ['type', 'text', 'font_size'], 'x': None, 'y': None, 'anchor_x': 'center', 'anchor_y': 'center', 'round_anchor_x': None, 'round_anchor_y': None, 'opacity': 1.0, 'z': 0, 'reset_animations_events': {}, 'color': [1.0, 1.0, 1.0, 1.0], 'style': [], 'adjust_top': 0, 'adjust_bottom': 0, 'adjust_left': 0, 'adjust_right': 0, 'expire': None, 'key': None, 'widget': None, 'events_when_added': [], 'events_when_removed': [], 'bitmap_font': False, 'font_kerning': True, 'bold': False, 'italic': False, 'number_grouping': False, 'min_digits': 0, 'halign': 'center', 'valign': 'middle', 'rotation': 0, 'scale': 1.0, 'casing': None, 'animations': None}], 'transition': {'type': 'push', 'duration': 1.0, 'direction': 'left', 'easing': 'out_quad'}, 'target': None, 'background_color': [0.0, 0.0, 0.0, 1.0], 'priority': None, 'show': True, 'force': False, 'expire': None, 'slide': None, 'tokens': {}, 'action': 'play'}}, 'context': 'show_2', 'calling_context': 0, 'priority': 10, 'show_tokens': {}, 'start_time': 356011.14}
2024-11-25 21:06:07,511 : mpfmc : SlidePlayer: Play called with settings={'awesome_slide': {'widgets': [{'type': 'text', 'text': 'YOU ARE AWESOME', 'font_size': 50, '_default_settings': ['type', 'text', 'font_size'], 'x': None, 'y': None, 'anchor_x': 'center', 'anchor_y': 'center', 'round_anchor_x': None, 'round_anchor_y': None, 'opacity': 1.0, 'z': 0, 'reset_animations_events': {}, 'color': [1.0, 1.0, 1.0, 1.0], 'style': [], 'adjust_top': 0, 'adjust_bottom': 0, 'adjust_left': 0, 'adjust_right': 0, 'expire': None, 'key': None, 'widget': None, 'events_when_added': [], 'events_when_removed': [], 'bitmap_font': False, 'font_kerning': True, 'bold': False, 'italic': False, 'number_grouping': False, 'min_digits': 0, 'halign': 'center', 'valign': 'middle', 'rotation': 0, 'scale': 1.0, 'casing': None, 'animations': None}], 'transition': {'type': 'push', 'duration': 1.0, 'direction': 'left', 'easing': 'out_quad'}, 'target': None, 'background_color': [0.0, 0.0, 0.0, 1.0], 'priority': None, 'show': True, 'force': False, 'expire': None, 'slide': None, 'tokens': {}, 'action': 'play'}}
2024-11-25 21:06:07,513 : EventManager : Event: ======'slide_awesome_slide_created'====== Args={}
2024-11-25 21:06:07,514 : EventManager : Event: ======'slide_awesome_slide_active'====== Args={}
2024-11-25 21:06:10,492 : EventManager : Event: ======'slides_play'====== Args={'settings': {'press_start': {'widgets': [{'type': 'Text', 'text': 'PRESS START', 'animations': {'pre_show_slide': [{'property': ['opacity'], 'value': ['0'], 'duration': 0.5, 'relative': False, 'timing': 'after_previous', 'repeat': False, 'easing': 'linear'}, {'property': ['opacity'], 'value': ['1'], 'duration': 0.5, 'repeat': False, 'relative': False, 'timing': 'after_previous', 'easing': 'linear'}]}, '_default_settings': ['type', 'text', 'animations'], 'x': None, 'y': None, 'anchor_x': 'center', 'anchor_y': 'center', 'round_anchor_x': None, 'round_anchor_y': None, 'opacity': 1.0, 'z': 0, 'reset_animations_events': {}, 'color': [1.0, 1.0, 1.0, 1.0], 'style': [], 'adjust_top': 0, 'adjust_bottom': 0, 'adjust_left': 0, 'adjust_right': 0, 'expire': None, 'key': None, 'widget': None, 'events_when_added': [], 'events_when_removed': [], 'font_size': 15, 'bitmap_font': False, 'font_kerning': True, 'bold': False, 'italic': False, 'number_grouping': False, 'min_digits': 0, 'halign': 'center', 'valign': 'middle', 'rotation': 0, 'scale': 1.0, 'casing': None}, {'type': 'Text', 'text': 'FREE PLAY', 'color': [0.0, 0.5019607843137255, 0.0, 1], 'y': '10', 'anchor_y': 'bottom', '_default_settings': ['type', 'text', 'color', 'y', 'anchor_y'], 'x': None, 'anchor_x': 'center', 'round_anchor_x': None, 'round_anchor_y': None, 'opacity': 1.0, 'z': 0, 'reset_animations_events': {}, 'style': [], 'adjust_top': 0, 'adjust_bottom': 0, 'adjust_left': 0, 'adjust_right': 0, 'expire': None, 'key': None, 'widget': None, 'events_when_added': [], 'events_when_removed': [], 'font_size': 15, 'bitmap_font': False, 'font_kerning': True, 'bold': False, 'italic': False, 'number_grouping': False, 'min_digits': 0, 'halign': 'center', 'valign': 'middle', 'rotation': 0, 'scale': 1.0, 'casing': None, 'animations': None}], 'transition': {'type': 'move_in', 'duration': 1.0, 'direction': 'right', 'easing': 'out_quad'}, 'target': None, 'background_color': [0.0, 0.0, 0.0, 1.0], 'priority': None, 'show': True, 'force': False, 'expire': None, 'slide': None, 'tokens': {}, 'action': 'play'}}, 'context': 'show_2', 'calling_context': 1, 'priority': 10, 'show_tokens': {}, 'start_time': 356014.14}
2024-11-25 21:06:10,492 : mpfmc : SlidePlayer: Play called with settings={'press_start': {'widgets': [{'type': 'Text', 'text': 'PRESS START', 'animations': {'pre_show_slide': [{'property': ['opacity'], 'value': ['0'], 'duration': 0.5, 'relative': False, 'timing': 'after_previous', 'repeat': False, 'easing': 'linear'}, {'property': ['opacity'], 'value': ['1'], 'duration': 0.5, 'repeat': False, 'relative': False, 'timing': 'after_previous', 'easing': 'linear'}]}, '_default_settings': ['type', 'text', 'animations'], 'x': None, 'y': None, 'anchor_x': 'center', 'anchor_y': 'center', 'round_anchor_x': None, 'round_anchor_y': None, 'opacity': 1.0, 'z': 0, 'reset_animations_events': {}, 'color': [1.0, 1.0, 1.0, 1.0], 'style': [], 'adjust_top': 0, 'adjust_bottom': 0, 'adjust_left': 0, 'adjust_right': 0, 'expire': None, 'key': None, 'widget': None, 'events_when_added': [], 'events_when_removed': [], 'font_size': 15, 'bitmap_font': False, 'font_kerning': True, 'bold': False, 'italic': False, 'number_grouping': False, 'min_digits': 0, 'halign': 'center', 'valign': 'middle', 'rotation': 0, 'scale': 1.0, 'casing': None}, {'type': 'Text', 'text': 'FREE PLAY', 'color': [0.0, 0.5019607843137255, 0.0, 1], 'y': '10', 'anchor_y': 'bottom', '_default_settings': ['type', 'text', 'color', 'y', 'anchor_y'], 'x': None, 'anchor_x': 'center', 'round_anchor_x': None, 'round_anchor_y': None, 'opacity': 1.0, 'z': 0, 'reset_animations_events': {}, 'style': [], 'adjust_top': 0, 'adjust_bottom': 0, 'adjust_left': 0, 'adjust_right': 0, 'expire': None, 'key': None, 'widget': None, 'events_when_added': [], 'events_when_removed': [], 'font_size': 15, 'bitmap_font': False, 'font_kerning': True, 'bold': False, 'italic': False, 'number_grouping': False, 'min_digits': 0, 'halign': 'center', 'valign': 'middle', 'rotation': 0, 'scale': 1.0, 'casing': None, 'animations': None}], 'transition': {'type': 'move_in', 'duration': 1.0, 'direction': 'right', 'easing': 'out_quad'}, 'target': None, 'background_color': [0.0, 0.0, 0.0, 1.0], 'priority': None, 'show': True, 'force': False, 'expire': None, 'slide': None, 'tokens': {}, 'action': 'play'}}
2024-11-25 21:06:10,498 : EventManager : Event: ======'slide_press_start_created'====== Args={}
2024-11-25 21:06:10,513 : EventManager : Event: ======'slide_press_start_active'====== Args={}
2024-11-25 21:06:13,365 : EventManager : Event: ======'game_started'====== Args={}
2024-11-25 21:06:13,365 : EventManager : Event: ======'slides_clear'====== Args={'context': 'show_2'}
2024-11-25 21:06:13,366 : EventManager : Event: ======'slide_awesome_slide_removed'====== Args={}
2024-11-25 21:06:13,367 : EventManager : Event: ======'slide_press_start_removed'====== Args={}
2024-11-25 21:06:13,368 : EventManager : Event: ======'slide_welcome_slide_active'====== Args={}
2024-11-25 21:06:13,385 : EventManager : Event: ======'player_added'====== Args={'player': <Player 1>, 'num': 1}
2024-11-25 21:06:13,385 : EventManager : Event: ======'player_index'====== Args={'value': 0, 'prev_value': 0, 'change': 0, 'player_num': 1}
2024-11-25 21:06:13,385 : EventManager : Event: ======'player_number'====== Args={'value': 1, 'prev_value': 1, 'change': 0, 'player_num': 1}
2024-11-25 21:06:13,385 : EventManager : Event: ======'player_score'====== Args={'value': 0, 'prev_value': 0, 'change': 0, 'player_num': 1}
2024-11-25 21:06:13,410 : EventManager : Event: ======'player_ball'====== Args={'value': 1, 'prev_value': 0, 'change': 1, 'player_num': 1}
2024-11-25 21:06:13,410 : EventManager : Event: ======'player_turn_start'====== Args={'number': 1, 'player': <Player 1>}
2024-11-25 21:06:13,410 : EventManager : Event: ======'slides_play'====== Args={'settings': {'widgets': {'widgets': [{'type': 'text', 'text': '(score)', 'number_grouping': True, 'min_digits': 2, 'font_size': 100, '_default_settings': ['type', 'text', 'number_grouping', 'min_digits', 'font_size'], 'x': None, 'y': None, 'anchor_x': 'center', 'anchor_y': 'center', 'round_anchor_x': None, 'round_anchor_y': None, 'opacity': 1.0, 'z': 0, 'reset_animations_events': {}, 'color': [1.0, 1.0, 1.0, 1.0], 'style': [], 'adjust_top': 0, 'adjust_bottom': 0, 'adjust_left': 0, 'adjust_right': 0, 'expire': None, 'key': None, 'widget': None, 'events_when_added': [], 'events_when_removed': [], 'bitmap_font': False, 'font_kerning': True, 'bold': False, 'italic': False, 'halign': 'center', 'valign': 'middle', 'rotation': 0, 'scale': 1.0, 'casing': None, 'animations': None}, {'type': 'text', 'text': 'PLAYER (number)', 'y': '10', 'x': '10', 'font_size': 50, 'anchor_x': 'left', 'anchor_y': 'bottom', '_default_settings': ['type', 'text', 'y', 'x', 'font_size', 'anchor_x', 'anchor_y'], 'round_anchor_x': None, 'round_anchor_y': None, 'opacity': 1.0, 'z': 0, 'reset_animations_events': {}, 'color': [1.0, 1.0, 1.0, 1.0], 'style': [], 'adjust_top': 0, 'adjust_bottom': 0, 'adjust_left': 0, 'adjust_right': 0, 'expire': None, 'key': None, 'widget': None, 'events_when_added': [], 'events_when_removed': [], 'bitmap_font': False, 'font_kerning': True, 'bold': False, 'italic': False, 'number_grouping': False, 'min_digits': 0, 'halign': 'center', 'valign': 'middle', 'rotation': 0, 'scale': 1.0, 'casing': None, 'animations': None}, {'type': 'text', 'text': 'BALL (ball)', 'y': '10', 'x': 'right-10', 'anchor_x': 'right', 'anchor_y': 'bottom', 'font_size': 50, '_default_settings': ['type', 'text', 'y', 'x', 'anchor_x', 'anchor_y', 'font_size'], 'round_anchor_x': None, 'round_anchor_y': None, 'opacity': 1.0, 'z': 0, 'reset_animations_events': {}, 'color': [1.0, 1.0, 1.0, 1.0], 'style': [], 'adjust_top': 0, 'adjust_bottom': 0, 'adjust_left': 0, 'adjust_right': 0, 'expire': None, 'key': None, 'widget': None, 'events_when_added': [], 'events_when_removed': [], 'bitmap_font': False, 'font_kerning': True, 'bold': False, 'italic': False, 'number_grouping': False, 'min_digits': 0, 'halign': 'center', 'valign': 'middle', 'rotation': 0, 'scale': 1.0, 'casing': None, 'animations': None}], 'target': None, 'background_color': [0.0, 0.0, 0.0, 1.0], 'priority': None, 'show': True, 'force': False, 'expire': None, 'slide': None, 'tokens': {}, 'action': 'play'}}, 'context': 'base', 'calling_context': 'mode_base_started', 'priority': 100, 'queue': '<QueuedEvent>', 'player': 1, 'ball': 1, 'balls_remaining': 2, 'is_extra_ball': False}
2024-11-25 21:06:13,410 : EventManager : Event: ======'player_shot_reentryL_shot_enabled'====== Args={'value': True, 'prev_value': 0, 'change': 1, 'player_num': 1}
2024-11-25 21:06:13,410 : EventManager : Event: ======'player_shot_reentryM_shot_enabled'====== Args={'value': True, 'prev_value': 0, 'change': 1, 'player_num': 1}
2024-11-25 21:06:13,410 : EventManager : Event: ======'player_shot_reentryR_shot_enabled'====== Args={'value': True, 'prev_value': 0, 'change': 1, 'player_num': 1}
2024-11-25 21:06:13,410 : mpfmc : SlidePlayer: Play called with settings={'widgets': {'widgets': [{'type': 'text', 'text': '(score)', 'number_grouping': True, 'min_digits': 2, 'font_size': 100, '_default_settings': ['type', 'text', 'number_grouping', 'min_digits', 'font_size'], 'x': None, 'y': None, 'anchor_x': 'center', 'anchor_y': 'center', 'round_anchor_x': None, 'round_anchor_y': None, 'opacity': 1.0, 'z': 0, 'reset_animations_events': {}, 'color': [1.0, 1.0, 1.0, 1.0], 'style': [], 'adjust_top': 0, 'adjust_bottom': 0, 'adjust_left': 0, 'adjust_right': 0, 'expire': None, 'key': None, 'widget': None, 'events_when_added': [], 'events_when_removed': [], 'bitmap_font': False, 'font_kerning': True, 'bold': False, 'italic': False, 'halign': 'center', 'valign': 'middle', 'rotation': 0, 'scale': 1.0, 'casing': None, 'animations': None}, {'type': 'text', 'text': 'PLAYER (number)', 'y': '10', 'x': '10', 'font_size': 50, 'anchor_x': 'left', 'anchor_y': 'bottom', '_default_settings': ['type', 'text', 'y', 'x', 'font_size', 'anchor_x', 'anchor_y'], 'round_anchor_x': None, 'round_anchor_y': None, 'opacity': 1.0, 'z': 0, 'reset_animations_events': {}, 'color': [1.0, 1.0, 1.0, 1.0], 'style': [], 'adjust_top': 0, 'adjust_bottom': 0, 'adjust_left': 0, 'adjust_right': 0, 'expire': None, 'key': None, 'widget': None, 'events_when_added': [], 'events_when_removed': [], 'bitmap_font': False, 'font_kerning': True, 'bold': False, 'italic': False, 'number_grouping': False, 'min_digits': 0, 'halign': 'center', 'valign': 'middle', 'rotation': 0, 'scale': 1.0, 'casing': None, 'animations': None}, {'type': 'text', 'text': 'BALL (ball)', 'y': '10', 'x': 'right-10', 'anchor_x': 'right', 'anchor_y': 'bottom', 'font_size': 50, '_default_settings': ['type', 'text', 'y', 'x', 'anchor_x', 'anchor_y', 'font_size'], 'round_anchor_x': None, 'round_anchor_y': None, 'opacity': 1.0, 'z': 0, 'reset_animations_events': {}, 'color': [1.0, 1.0, 1.0, 1.0], 'style': [], 'adjust_top': 0, 'adjust_bottom': 0, 'adjust_left': 0, 'adjust_right': 0, 'expire': None, 'key': None, 'widget': None, 'events_when_added': [], 'events_when_removed': [], 'bitmap_font': False, 'font_kerning': True, 'bold': False, 'italic': False, 'number_grouping': False, 'min_digits': 0, 'halign': 'center', 'valign': 'middle', 'rotation': 0, 'scale': 1.0, 'casing': None, 'animations': None}], 'target': None, 'background_color': [0.0, 0.0, 0.0, 1.0], 'priority': None, 'show': True, 'force': False, 'expire': None, 'slide': None, 'tokens': {}, 'action': 'play'}}
2024-11-25 21:06:13,415 : EventManager : Event: ======'slide_base.slide_player-mode_base_started_created'====== Args={}
2024-11-25 21:06:13,417 : EventManager : Event: ======'slide_base.slide_player-mode_base_started_active'====== Args={}
2024-11-25 21:06:13,421 : EventManager : Event: ======'player_shot_medalL_shot_enabled'====== Args={'value': True, 'prev_value': 0, 'change': 1, 'player_num': 1}
2024-11-25 21:06:13,421 : EventManager : Event: ======'player_shot_medalM_shot_enabled'====== Args={'value': True, 'prev_value': 0, 'change': 1, 'player_num': 1}
2024-11-25 21:06:13,421 : EventManager : Event: ======'player_shot_medalR_shot_enabled'====== Args={'value': True, 'prev_value': 0, 'change': 1, 'player_num': 1}
2024-11-25 21:06:13,421 : EventManager : Event: ======'slides_play'====== Args={'settings': {'widgets': {'widgets': [{'type': 'text', 'text': 'PLAYER (number) BALL (ball)', '_default_settings': ['type', 'text'], 'x': None, 'y': None, 'anchor_x': 'center', 'anchor_y': 'center', 'round_anchor_x': None, 'round_anchor_y': None, 'opacity': 1.0, 'z': 0, 'reset_animations_events': {}, 'color': [1.0, 1.0, 1.0, 1.0], 'style': [], 'adjust_top': 0, 'adjust_bottom': 0, 'adjust_left': 0, 'adjust_right': 0, 'expire': None, 'key': None, 'widget': None, 'events_when_added': [], 'events_when_removed': [], 'font_size': 15, 'bitmap_font': False, 'font_kerning': True, 'bold': False, 'italic': False, 'number_grouping': False, 'min_digits': 0, 'halign': 'center', 'valign': 'middle', 'rotation': 0, 'scale': 1.0, 'casing': None, 'animations': None}], 'target': None, 'background_color': [0.0, 0.0, 0.0, 1.0], 'priority': None, 'show': True, 'force': False, 'expire': None, 'slide': None, 'tokens': {}, 'action': 'play'}}, 'context': '_global', 'calling_context': 'ball_started', 'priority': 0, 'player': 1, 'ball': 1, 'balls_remaining': 2, 'is_extra_ball': False}
2024-11-25 21:06:13,421 : mpfmc : SlidePlayer: Play called with settings={'widgets': {'widgets': [{'type': 'text', 'text': 'PLAYER (number) BALL (ball)', '_default_settings': ['type', 'text'], 'x': None, 'y': None, 'anchor_x': 'center', 'anchor_y': 'center', 'round_anchor_x': None, 'round_anchor_y': None, 'opacity': 1.0, 'z': 0, 'reset_animations_events': {}, 'color': [1.0, 1.0, 1.0, 1.0], 'style': [], 'adjust_top': 0, 'adjust_bottom': 0, 'adjust_left': 0, 'adjust_right': 0, 'expire': None, 'key': None, 'widget': None, 'events_when_added': [], 'events_when_removed': [], 'font_size': 15, 'bitmap_font': False, 'font_kerning': True, 'bold': False, 'italic': False, 'number_grouping': False, 'min_digits': 0, 'halign': 'center', 'valign': 'middle', 'rotation': 0, 'scale': 1.0, 'casing': None, 'animations': None}], 'target': None, 'background_color': [0.0, 0.0, 0.0, 1.0], 'priority': None, 'show': True, 'force': False, 'expire': None, 'slide': None, 'tokens': {}, 'action': 'play'}}
2024-11-25 21:06:13,423 : EventManager : Event: ======'slide__global.slide_player-ball_started_created'====== Args={}
2024-11-25 21:06:13,446 : EventManager : Event: ======'player_attack_bumper_count'====== Args={'value': 1, 'prev_value': 0, 'change': 1, 'player_num': 1}
2024-11-25 21:06:13,446 : EventManager : Event: ======'widgets_play'====== Args={'settings': {'reentry_start_banner': {'priority': 0, 'slide': None, 'action': 'add', 'key': None, 'target': None}}, 'context': 'reentry', 'calling_context': 'mode_reentry_started', 'priority': 200, 'player': 1, 'ball': 1, 'balls_remaining': 2, 'is_extra_ball': False}
2024-11-25 21:06:35,788 : EventManager : Event: ======'machine_var_audits_switches_s_reentry_middle'====== Args={'value': 490, 'prev_value': 489, 'change': 1}
2024-11-25 21:06:35,788 : EventManager : Event: ======'player_shot_reentryM_shot'====== Args={'value': 1, 'prev_value': 0, 'change': 1, 'player_num': 1}
2024-11-25 21:06:35,800 : EventManager : Event: ======'machine_var_audits_shots_reentryM_shot'====== Args={'value': 416, 'prev_value': 415, 'change': 1}
2024-11-25 21:06:35,800 : EventManager : Event: ======'sounds_play'====== Args={'settings': {'reentry_sound': {'action': 'play', 'priority': None, 'block': False, 'delay': None, 'track': None, 'volume': None, 'pan': None, 'loops': None, 'start_at': None, 'fade_in': None, 'fade_out': None, 'about_to_finish_time': -1.0, 'max_queue_time': -1.0, 'events_when_played': ['use_sound_setting'], 'events_when_stopped': ['use_sound_setting'], 'events_when_looping': ['use_sound_setting'], 'events_when_about_to_finish': ['use_sound_setting'], 'mode_end_action': 'use_sound_setting', 'key': 'use_sound_setting'}}, 'context': '_global', 'calling_context': 's_reentry_middle_active', 'priority': 0}
2024-11-25 21:06:35,800 : EventManager : Event: ======'player_score'====== Args={'value': 1000, 'prev_value': 0, 'change': 1000, 'player_num': 1}
2024-11-25 21:06:35,845 : EventManager : Event: ======'loading_assets'====== Args={'total': 1, 'loaded': 1, 'remaining': 0, 'percent': 100}
2024-11-25 21:06:35,845 : AssetManager : Asset loading took: 29.655537605285645
2024-11-25 21:06:35,845 : EventManager : Event: ======'asset_loading_complete'====== Args={}
2024-11-25 21:06:35,845 : AssetManager : Loading assets: 1/1 (100%)
2024-11-25 21:06:44,956 : EventManager : Event: ======'machine_var_audits_switches_s_right_flipper'====== Args={'value': 205, 'prev_value': 204, 'change': 1}
2024-11-25 21:06:44,967 : EventManager : Event: ======'player_shot_reentryM_shot'====== Args={'value': 0, 'prev_value': 1, 'change': -1, 'player_num': 1}
2024-11-25 21:06:44,967 : EventManager : Event: ======'player_shot_reentryR_shot'====== Args={'value': 1, 'prev_value': 0, 'change': 1, 'player_num': 1}
2024-11-25 21:06:46,097 : EventManager : Event: ======'machine_var_audits_switches_s_right_flipper'====== Args={'value': 206, 'prev_value': 205, 'change': 1}
2024-11-25 21:06:46,109 : EventManager : Event: ======'player_shot_reentryL_shot'====== Args={'value': 1, 'prev_value': 0, 'change': 1, 'player_num': 1}
2024-11-25 21:06:46,109 : EventManager : Event: ======'player_shot_reentryR_shot'====== Args={'value': 0, 'prev_value': 1, 'change': -1, 'player_num': 1}
2024-11-25 21:06:46,861 : EventManager : Event: ======'machine_var_audits_switches_s_right_flipper'====== Args={'value': 207, 'prev_value': 206, 'change': 1}
2024-11-25 21:06:46,861 : EventManager : Event: ======'player_shot_reentryL_shot'====== Args={'value': 0, 'prev_value': 1, 'change': -1, 'player_num': 1}
2024-11-25 21:06:46,861 : EventManager : Event: ======'player_shot_reentryM_shot'====== Args={'value': 1, 'prev_value': 0, 'change': 1, 'player_num': 1}
2024-11-25 21:06:47,629 : EventManager : Event: ======'machine_var_audits_switches_s_right_flipper'====== Args={'value': 208, 'prev_value': 207, 'change': 1}
2024-11-25 21:06:47,629 : EventManager : Event: ======'player_shot_reentryM_shot'====== Args={'value': 0, 'prev_value': 1, 'change': -1, 'player_num': 1}
2024-11-25 21:06:47,629 : EventManager : Event: ======'player_shot_reentryR_shot'====== Args={'value': 1, 'prev_value': 0, 'change': 1, 'player_num': 1}
2024-11-25 21:06:48,399 : EventManager : Event: ======'machine_var_audits_switches_s_right_flipper'====== Args={'value': 209, 'prev_value': 208, 'change': 1}
2024-11-25 21:06:48,399 : EventManager : Event: ======'player_shot_reentryL_shot'====== Args={'value': 1, 'prev_value': 0, 'change': 1, 'player_num': 1}
2024-11-25 21:06:48,399 : EventManager : Event: ======'player_shot_reentryR_shot'====== Args={'value': 0, 'prev_value': 1, 'change': -1, 'player_num': 1}
2024-11-25 21:06:49,479 : EventManager : Event: ======'machine_var_audits_switches_s_right_flipper'====== Args={'value': 210, 'prev_value': 209, 'change': 1}
2024-11-25 21:06:49,479 : EventManager : Event: ======'player_shot_reentryL_shot'====== Args={'value': 0, 'prev_value': 1, 'change': -1, 'player_num': 1}
2024-11-25 21:06:49,480 : EventManager : Event: ======'player_shot_reentryM_shot'====== Args={'value': 1, 'prev_value': 0, 'change': 1, 'player_num': 1}
2024-11-25 21:06:50,047 : EventManager : Event: ======'machine_var_audits_switches_s_right_flipper'====== Args={'value': 211, 'prev_value': 210, 'change': 1}
2024-11-25 21:06:50,047 : EventManager : Event: ======'player_shot_reentryM_shot'====== Args={'value': 0, 'prev_value': 1, 'change': -1, 'player_num': 1}
2024-11-25 21:06:50,047 : EventManager : Event: ======'player_shot_reentryR_shot'====== Args={'value': 1, 'prev_value': 0, 'change': 1, 'player_num': 1}
2024-11-25 21:06:50,574 : EventManager : Event: ======'machine_var_audits_switches_s_right_flipper'====== Args={'value': 212, 'prev_value': 211, 'change': 1}
2024-11-25 21:06:50,574 : EventManager : Event: ======'player_shot_reentryL_shot'====== Args={'value': 1, 'prev_value': 0, 'change': 1, 'player_num': 1}
2024-11-25 21:06:50,574 : EventManager : Event: ======'player_shot_reentryR_shot'====== Args={'value': 0, 'prev_value': 1, 'change': -1, 'player_num': 1}
2024-11-25 21:06:51,191 : EventManager : Event: ======'machine_var_audits_switches_s_right_flipper'====== Args={'value': 213, 'prev_value': 212, 'change': 1}
2024-11-25 21:06:51,191 : EventManager : Event: ======'player_shot_reentryL_shot'====== Args={'value': 0, 'prev_value': 1, 'change': -1, 'player_num': 1}
2024-11-25 21:06:51,191 : EventManager : Event: ======'player_shot_reentryM_shot'====== Args={'value': 1, 'prev_value': 0, 'change': 1, 'player_num': 1}
2024-11-25 21:06:51,449 : EventManager : Event: ======'machine_var_audits_switches_s_right_flipper'====== Args={'value': 214, 'prev_value': 213, 'change': 1}
2024-11-25 21:06:51,449 : EventManager : Event: ======'player_shot_reentryM_shot'====== Args={'value': 0, 'prev_value': 1, 'change': -1, 'player_num': 1}
2024-11-25 21:06:51,449 : EventManager : Event: ======'player_shot_reentryR_shot'====== Args={'value': 1, 'prev_value': 0, 'change': 1, 'player_num': 1}
2024-11-25 21:06:51,642 : EventManager : Event: ======'machine_var_audits_switches_s_right_flipper'====== Args={'value': 215, 'prev_value': 214, 'change': 1}
2024-11-25 21:06:51,642 : EventManager : Event: ======'player_shot_reentryL_shot'====== Args={'value': 1, 'prev_value': 0, 'change': 1, 'player_num': 1}
2024-11-25 21:06:51,642 : EventManager : Event: ======'player_shot_reentryR_shot'====== Args={'value': 0, 'prev_value': 1, 'change': -1, 'player_num': 1}
2024-11-25 21:06:55,037 : EventManager : Event: ======'machine_var_audits_switches_s_right_flipper'====== Args={'value': 216, 'prev_value': 215, 'change': 1}
2024-11-25 21:06:55,049 : EventManager : Event: ======'player_shot_reentryL_shot'====== Args={'value': 0, 'prev_value': 1, 'change': -1, 'player_num': 1}
2024-11-25 21:06:55,049 : EventManager : Event: ======'player_shot_reentryM_shot'====== Args={'value': 1, 'prev_value': 0, 'change': 1, 'player_num': 1}
2024-11-25 21:06:55,359 : EventManager : Event: ======'machine_var_audits_switches_s_right_flipper'====== Args={'value': 217, 'prev_value': 216, 'change': 1}
2024-11-25 21:06:55,359 : EventManager : Event: ======'player_shot_reentryM_shot'====== Args={'value': 0, 'prev_value': 1, 'change': -1, 'player_num': 1}
2024-11-25 21:06:55,359 : EventManager : Event: ======'player_shot_reentryR_shot'====== Args={'value': 1, 'prev_value': 0, 'change': 1, 'player_num': 1}
2024-11-25 21:06:55,629 : EventManager : Event: ======'machine_var_audits_switches_s_right_flipper'====== Args={'value': 218, 'prev_value': 217, 'change': 1}
2024-11-25 21:06:55,629 : EventManager : Event: ======'player_shot_reentryL_shot'====== Args={'value': 1, 'prev_value': 0, 'change': 1, 'player_num': 1}
2024-11-25 21:06:55,629 : EventManager : Event: ======'player_shot_reentryR_shot'====== Args={'value': 0, 'prev_value': 1, 'change': -1, 'player_num': 1}
2024-11-25 21:06:56,274 : EventManager : Event: ======'machine_var_audits_switches_s_left_flipper'====== Args={'value': 471, 'prev_value': 470, 'change': 1}
2024-11-25 21:06:56,274 : EventManager : Event: ======'player_shot_reentryL_shot'====== Args={'value': 0, 'prev_value': 1, 'change': -1, 'player_num': 1}
2024-11-25 21:06:56,274 : EventManager : Event: ======'player_shot_reentryR_shot'====== Args={'value': 1, 'prev_value': 0, 'change': 1, 'player_num': 1}
2024-11-25 21:06:56,609 : EventManager : Event: ======'machine_var_audits_switches_s_left_flipper'====== Args={'value': 472, 'prev_value': 471, 'change': 1}
2024-11-25 21:06:56,609 : EventManager : Event: ======'player_shot_reentryM_shot'====== Args={'value': 1, 'prev_value': 0, 'change': 1, 'player_num': 1}
2024-11-25 21:06:56,609 : EventManager : Event: ======'player_shot_reentryR_shot'====== Args={'value': 0, 'prev_value': 1, 'change': -1, 'player_num': 1}
2024-11-25 21:06:56,891 : EventManager : Event: ======'machine_var_audits_switches_s_left_flipper'====== Args={'value': 473, 'prev_value': 472, 'change': 1}
2024-11-25 21:06:56,891 : EventManager : Event: ======'player_shot_reentryL_shot'====== Args={'value': 1, 'prev_value': 0, 'change': 1, 'player_num': 1}
2024-11-25 21:06:56,891 : EventManager : Event: ======'player_shot_reentryM_shot'====== Args={'value': 0, 'prev_value': 1, 'change': -1, 'player_num': 1}
2024-11-25 21:06:57,526 : EventManager : Event: ======'machine_var_audits_switches_s_right_flipper'====== Args={'value': 219, 'prev_value': 218, 'change': 1}
2024-11-25 21:06:57,526 : EventManager : Event: ======'player_shot_reentryL_shot'====== Args={'value': 0, 'prev_value': 1, 'change': -1, 'player_num': 1}
2024-11-25 21:06:57,526 : EventManager : Event: ======'player_shot_reentryM_shot'====== Args={'value': 1, 'prev_value': 0, 'change': 1, 'player_num': 1}
2024-11-25 21:06:57,913 : EventManager : Event: ======'machine_var_audits_switches_s_left_flipper'====== Args={'value': 474, 'prev_value': 473, 'change': 1}
2024-11-25 21:06:57,913 : EventManager : Event: ======'player_shot_reentryL_shot'====== Args={'value': 1, 'prev_value': 0, 'change': 1, 'player_num': 1}
2024-11-25 21:06:57,913 : EventManager : Event: ======'player_shot_reentryM_shot'====== Args={'value': 0, 'prev_value': 1, 'change': -1, 'player_num': 1}
2024-11-25 21:06:58,377 : EventManager : Event: ======'machine_var_audits_switches_s_right_flipper'====== Args={'value': 220, 'prev_value': 219, 'change': 1}
2024-11-25 21:06:58,377 : EventManager : Event: ======'player_shot_reentryL_shot'====== Args={'value': 0, 'prev_value': 1, 'change': -1, 'player_num': 1}
2024-11-25 21:06:58,377 : EventManager : Event: ======'player_shot_reentryM_shot'====== Args={'value': 1, 'prev_value': 0, 'change': 1, 'player_num': 1}
2024-11-25 21:06:58,842 : EventManager : Event: ======'machine_var_audits_switches_s_left_flipper'====== Args={'value': 475, 'prev_value': 474, 'change': 1}
2024-11-25 21:06:58,842 : EventManager : Event: ======'player_shot_reentryL_shot'====== Args={'value': 1, 'prev_value': 0, 'change': 1, 'player_num': 1}
2024-11-25 21:06:58,842 : EventManager : Event: ======'player_shot_reentryM_shot'====== Args={'value': 0, 'prev_value': 1, 'change': -1, 'player_num': 1}
2024-11-25 21:06:59,449 : EventManager : Event: ======'machine_var_audits_switches_s_right_flipper'====== Args={'value': 221, 'prev_value': 220, 'change': 1}
2024-11-25 21:06:59,449 : EventManager : Event: ======'player_shot_reentryL_shot'====== Args={'value': 0, 'prev_value': 1, 'change': -1, 'player_num': 1}
2024-11-25 21:06:59,449 : EventManager : Event: ======'player_shot_reentryM_shot'====== Args={'value': 1, 'prev_value': 0, 'change': 1, 'player_num': 1}
2024-11-25 21:06:59,887 : EventManager : Event: ======'machine_var_audits_switches_s_left_flipper'====== Args={'value': 476, 'prev_value': 475, 'change': 1}
2024-11-25 21:06:59,887 : EventManager : Event: ======'player_shot_reentryL_shot'====== Args={'value': 1, 'prev_value': 0, 'change': 1, 'player_num': 1}
2024-11-25 21:06:59,887 : EventManager : Event: ======'player_shot_reentryM_shot'====== Args={'value': 0, 'prev_value': 1, 'change': -1, 'player_num': 1}
2024-11-25 21:07:00,248 : EventManager : Event: ======'machine_var_audits_switches_s_right_flipper'====== Args={'value': 222, 'prev_value': 221, 'change': 1}
2024-11-25 21:07:00,248 : EventManager : Event: ======'player_shot_reentryL_shot'====== Args={'value': 0, 'prev_value': 1, 'change': -1, 'player_num': 1}
2024-11-25 21:07:00,248 : EventManager : Event: ======'player_shot_reentryM_shot'====== Args={'value': 1, 'prev_value': 0, 'change': 1, 'player_num': 1}
2024-11-25 21:07:00,507 : EventManager : Event: ======'machine_var_audits_switches_s_left_flipper'====== Args={'value': 477, 'prev_value': 476, 'change': 1}
2024-11-25 21:07:00,507 : EventManager : Event: ======'player_shot_reentryL_shot'====== Args={'value': 1, 'prev_value': 0, 'change': 1, 'player_num': 1}
2024-11-25 21:07:00,507 : EventManager : Event: ======'player_shot_reentryM_shot'====== Args={'value': 0, 'prev_value': 1, 'change': -1, 'player_num': 1}
2024-11-25 21:07:00,712 : EventManager : Event: ======'machine_var_audits_switches_s_right_flipper'====== Args={'value': 223, 'prev_value': 222, 'change': 1}
2024-11-25 21:07:00,712 : EventManager : Event: ======'player_shot_reentryL_shot'====== Args={'value': 0, 'prev_value': 1, 'change': -1, 'player_num': 1}
2024-11-25 21:07:00,712 : EventManager : Event: ======'player_shot_reentryM_shot'====== Args={'value': 1, 'prev_value': 0, 'change': 1, 'player_num': 1}
2024-11-25 21:07:00,867 : EventManager : Event: ======'machine_var_audits_switches_s_left_flipper'====== Args={'value': 478, 'prev_value': 477, 'change': 1}
2024-11-25 21:07:00,867 : EventManager : Event: ======'player_shot_reentryL_shot'====== Args={'value': 1, 'prev_value': 0, 'change': 1, 'player_num': 1}
2024-11-25 21:07:00,867 : EventManager : Event: ======'player_shot_reentryM_shot'====== Args={'value': 0, 'prev_value': 1, 'change': -1, 'player_num': 1}
2024-11-25 21:07:00,995 : EventManager : Event: ======'machine_var_audits_switches_s_right_flipper'====== Args={'value': 224, 'prev_value': 223, 'change': 1}
2024-11-25 21:07:00,995 : EventManager : Event: ======'player_shot_reentryL_shot'====== Args={'value': 0, 'prev_value': 1, 'change': -1, 'player_num': 1}
2024-11-25 21:07:00,995 : EventManager : Event: ======'player_shot_reentryM_shot'====== Args={'value': 1, 'prev_value': 0, 'change': 1, 'player_num': 1}
2024-11-25 21:07:01,124 : EventManager : Event: ======'machine_var_audits_switches_s_left_flipper'====== Args={'value': 479, 'prev_value': 478, 'change': 1}
2024-11-25 21:07:01,124 : EventManager : Event: ======'player_shot_reentryL_shot'====== Args={'value': 1, 'prev_value': 0, 'change': 1, 'player_num': 1}
2024-11-25 21:07:01,124 : EventManager : Event: ======'player_shot_reentryM_shot'====== Args={'value': 0, 'prev_value': 1, 'change': -1, 'player_num': 1}
2024-11-25 21:07:01,227 : EventManager : Event: ======'machine_var_audits_switches_s_right_flipper'====== Args={'value': 225, 'prev_value': 224, 'change': 1}
2024-11-25 21:07:01,239 : EventManager : Event: ======'player_shot_reentryL_shot'====== Args={'value': 0, 'prev_value': 1, 'change': -1, 'player_num': 1}
2024-11-25 21:07:01,239 : EventManager : Event: ======'player_shot_reentryM_shot'====== Args={'value': 1, 'prev_value': 0, 'change': 1, 'player_num': 1}
2024-11-25 21:07:01,367 : EventManager : Event: ======'machine_var_audits_switches_s_left_flipper'====== Args={'value': 480, 'prev_value': 479, 'change': 1}
2024-11-25 21:07:01,367 : EventManager : Event: ======'player_shot_reentryL_shot'====== Args={'value': 1, 'prev_value': 0, 'change': 1, 'player_num': 1}
2024-11-25 21:07:01,367 : EventManager : Event: ======'player_shot_reentryM_shot'====== Args={'value': 0, 'prev_value': 1, 'change': -1, 'player_num': 1}
2024-11-25 21:07:01,532 : EventManager : Event: ======'machine_var_audits_switches_s_right_flipper'====== Args={'value': 226, 'prev_value': 225, 'change': 1}
2024-11-25 21:07:01,532 : EventManager : Event: ======'player_shot_reentryL_shot'====== Args={'value': 0, 'prev_value': 1, 'change': -1, 'player_num': 1}
2024-11-25 21:07:01,532 : EventManager : Event: ======'player_shot_reentryM_shot'====== Args={'value': 1, 'prev_value': 0, 'change': 1, 'player_num': 1}
2024-11-25 21:07:01,596 : EventManager : Event: ======'machine_var_audits_switches_s_left_flipper'====== Args={'value': 481, 'prev_value': 480, 'change': 1}
2024-11-25 21:07:01,596 : EventManager : Event: ======'player_shot_reentryL_shot'====== Args={'value': 1, 'prev_value': 0, 'change': 1, 'player_num': 1}
2024-11-25 21:07:01,596 : EventManager : Event: ======'player_shot_reentryM_shot'====== Args={'value': 0, 'prev_value': 1, 'change': -1, 'player_num': 1}
2024-11-25 21:07:01,930 : EventManager : Event: ======'machine_var_audits_switches_s_left_flipper'====== Args={'value': 482, 'prev_value': 481, 'change': 1}
2024-11-25 21:07:01,930 : EventManager : Event: ======'machine_var_audits_switches_s_right_flipper'====== Args={'value': 227, 'prev_value': 226, 'change': 1}
2024-11-25 21:07:01,930 : EventManager : Event: ======'player_shot_reentryL_shot'====== Args={'value': 0, 'prev_value': 1, 'change': -1, 'player_num': 1}
2024-11-25 21:07:01,930 : EventManager : Event: ======'player_shot_reentryR_shot'====== Args={'value': 1, 'prev_value': 0, 'change': 1, 'player_num': 1}
2024-11-25 21:07:01,930 : EventManager : Event: ======'player_shot_reentryL_shot'====== Args={'value': 1, 'prev_value': 0, 'change': 1, 'player_num': 1}
2024-11-25 21:07:01,930 : EventManager : Event: ======'player_shot_reentryR_shot'====== Args={'value': 0, 'prev_value': 1, 'change': -1, 'player_num': 1}
2024-11-25 21:07:02,110 : EventManager : Event: ======'machine_var_audits_switches_s_left_flipper'====== Args={'value': 483, 'prev_value': 482, 'change': 1}
2024-11-25 21:07:02,110 : EventManager : Event: ======'player_shot_reentryL_shot'====== Args={'value': 0, 'prev_value': 1, 'change': -1, 'player_num': 1}
2024-11-25 21:07:02,110 : EventManager : Event: ======'player_shot_reentryR_shot'====== Args={'value': 1, 'prev_value': 0, 'change': 1, 'player_num': 1}
2024-11-25 21:07:02,135 : EventManager : Event: ======'machine_var_audits_switches_s_right_flipper'====== Args={'value': 228, 'prev_value': 227, 'change': 1}
2024-11-25 21:07:02,135 : EventManager : Event: ======'player_shot_reentryL_shot'====== Args={'value': 1, 'prev_value': 0, 'change': 1, 'player_num': 1}
2024-11-25 21:07:02,135 : EventManager : Event: ======'player_shot_reentryR_shot'====== Args={'value': 0, 'prev_value': 1, 'change': -1, 'player_num': 1}
2024-11-25 21:07:02,341 : EventManager : Event: ======'machine_var_audits_switches_s_left_flipper'====== Args={'value': 484, 'prev_value': 483, 'change': 1}
2024-11-25 21:07:02,341 : EventManager : Event: ======'machine_var_audits_switches_s_right_flipper'====== Args={'value': 229, 'prev_value': 228, 'change': 1}
2024-11-25 21:07:02,341 : EventManager : Event: ======'player_shot_reentryL_shot'====== Args={'value': 0, 'prev_value': 1, 'change': -1, 'player_num': 1}
2024-11-25 21:07:02,341 : EventManager : Event: ======'player_shot_reentryR_shot'====== Args={'value': 1, 'prev_value': 0, 'change': 1, 'player_num': 1}
2024-11-25 21:07:02,341 : EventManager : Event: ======'player_shot_reentryL_shot'====== Args={'value': 1, 'prev_value': 0, 'change': 1, 'player_num': 1}
2024-11-25 21:07:02,341 : EventManager : Event: ======'player_shot_reentryR_shot'====== Args={'value': 0, 'prev_value': 1, 'change': -1, 'player_num': 1}
2024-11-25 21:07:02,530 : EventManager : Event: ======'machine_var_audits_switches_s_left_flipper'====== Args={'value': 485, 'prev_value': 484, 'change': 1}
2024-11-25 21:07:02,530 : EventManager : Event: ======'player_shot_reentryL_shot'====== Args={'value': 0, 'prev_value': 1, 'change': -1, 'player_num': 1}
2024-11-25 21:07:02,530 : EventManager : Event: ======'player_shot_reentryR_shot'====== Args={'value': 1, 'prev_value': 0, 'change': 1, 'player_num': 1}
2024-11-25 21:07:02,568 : EventManager : Event: ======'machine_var_audits_switches_s_right_flipper'====== Args={'value': 230, 'prev_value': 229, 'change': 1}
2024-11-25 21:07:02,581 : EventManager : Event: ======'player_shot_reentryL_shot'====== Args={'value': 1, 'prev_value': 0, 'change': 1, 'player_num': 1}
2024-11-25 21:07:02,581 : EventManager : Event: ======'player_shot_reentryR_shot'====== Args={'value': 0, 'prev_value': 1, 'change': -1, 'player_num': 1}
2024-11-25 21:07:02,746 : EventManager : Event: ======'machine_var_audits_switches_s_left_flipper'====== Args={'value': 486, 'prev_value': 485, 'change': 1}
2024-11-25 21:07:02,746 : EventManager : Event: ======'machine_var_audits_switches_s_right_flipper'====== Args={'value': 231, 'prev_value': 230, 'change': 1}
2024-11-25 21:07:02,746 : EventManager : Event: ======'player_shot_reentryL_shot'====== Args={'value': 0, 'prev_value': 1, 'change': -1, 'player_num': 1}
2024-11-25 21:07:02,746 : EventManager : Event: ======'player_shot_reentryR_shot'====== Args={'value': 1, 'prev_value': 0, 'change': 1, 'player_num': 1}
2024-11-25 21:07:02,746 : EventManager : Event: ======'player_shot_reentryL_shot'====== Args={'value': 1, 'prev_value': 0, 'change': 1, 'player_num': 1}
2024-11-25 21:07:02,746 : EventManager : Event: ======'player_shot_reentryR_shot'====== Args={'value': 0, 'prev_value': 1, 'change': -1, 'player_num': 1}
2024-11-25 21:07:02,938 : EventManager : Event: ======'machine_var_audits_switches_s_left_flipper'====== Args={'value': 487, 'prev_value': 486, 'change': 1}
2024-11-25 21:07:02,938 : EventManager : Event: ======'player_shot_reentryL_shot'====== Args={'value': 0, 'prev_value': 1, 'change': -1, 'player_num': 1}
2024-11-25 21:07:02,938 : EventManager : Event: ======'player_shot_reentryR_shot'====== Args={'value': 1, 'prev_value': 0, 'change': 1, 'player_num': 1}
2024-11-25 21:07:02,950 : EventManager : Event: ======'machine_var_audits_switches_s_right_flipper'====== Args={'value': 232, 'prev_value': 231, 'change': 1}
2024-11-25 21:07:02,950 : EventManager : Event: ======'player_shot_reentryL_shot'====== Args={'value': 1, 'prev_value': 0, 'change': 1, 'player_num': 1}
2024-11-25 21:07:02,962 : EventManager : Event: ======'player_shot_reentryR_shot'====== Args={'value': 0, 'prev_value': 1, 'change': -1, 'player_num': 1}
2024-11-25 21:07:03,143 : EventManager : Event: ======'machine_var_audits_switches_s_left_flipper'====== Args={'value': 488, 'prev_value': 487, 'change': 1}
2024-11-25 21:07:03,143 : EventManager : Event: ======'player_shot_reentryL_shot'====== Args={'value': 0, 'prev_value': 1, 'change': -1, 'player_num': 1}
2024-11-25 21:07:03,143 : EventManager : Event: ======'player_shot_reentryR_shot'====== Args={'value': 1, 'prev_value': 0, 'change': 1, 'player_num': 1}
2024-11-25 21:07:03,155 : EventManager : Event: ======'machine_var_audits_switches_s_right_flipper'====== Args={'value': 233, 'prev_value': 232, 'change': 1}
2024-11-25 21:07:03,155 : EventManager : Event: ======'player_shot_reentryL_shot'====== Args={'value': 1, 'prev_value': 0, 'change': 1, 'player_num': 1}
2024-11-25 21:07:03,167 : EventManager : Event: ======'player_shot_reentryR_shot'====== Args={'value': 0, 'prev_value': 1, 'change': -1, 'player_num': 1}
2024-11-25 21:07:03,359 : EventManager : Event: ======'machine_var_audits_switches_s_left_flipper'====== Args={'value': 489, 'prev_value': 488, 'change': 1}
2024-11-25 21:07:03,359 : EventManager : Event: ======'machine_var_audits_switches_s_right_flipper'====== Args={'value': 234, 'prev_value': 233, 'change': 1}
2024-11-25 21:07:03,359 : EventManager : Event: ======'player_shot_reentryL_shot'====== Args={'value': 0, 'prev_value': 1, 'change': -1, 'player_num': 1}
2024-11-25 21:07:03,371 : EventManager : Event: ======'player_shot_reentryR_shot'====== Args={'value': 1, 'prev_value': 0, 'change': 1, 'player_num': 1}
2024-11-25 21:07:03,371 : EventManager : Event: ======'player_shot_reentryL_shot'====== Args={'value': 1, 'prev_value': 0, 'change': 1, 'player_num': 1}
2024-11-25 21:07:03,371 : EventManager : Event: ======'player_shot_reentryR_shot'====== Args={'value': 0, 'prev_value': 1, 'change': -1, 'player_num': 1}
2024-11-25 21:07:03,733 : EventManager : Event: ======'machine_var_audits_switches_s_left_flipper'====== Args={'value': 490, 'prev_value': 489, 'change': 1}
2024-11-25 21:07:03,733 : EventManager : Event: ======'machine_var_audits_switches_s_right_flipper'====== Args={'value': 235, 'prev_value': 234, 'change': 1}
2024-11-25 21:07:03,733 : EventManager : Event: ======'player_shot_reentryL_shot'====== Args={'value': 0, 'prev_value': 1, 'change': -1, 'player_num': 1}
2024-11-25 21:07:03,733 : EventManager : Event: ======'player_shot_reentryR_shot'====== Args={'value': 1, 'prev_value': 0, 'change': 1, 'player_num': 1}
2024-11-25 21:07:03,733 : EventManager : Event: ======'player_shot_reentryL_shot'====== Args={'value': 1, 'prev_value': 0, 'change': 1, 'player_num': 1}
2024-11-25 21:07:03,733 : EventManager : Event: ======'player_shot_reentryR_shot'====== Args={'value': 0, 'prev_value': 1, 'change': -1, 'player_num': 1}
2024-11-25 21:07:03,938 : EventManager : Event: ======'machine_var_audits_switches_s_left_flipper'====== Args={'value': 491, 'prev_value': 490, 'change': 1}
2024-11-25 21:07:03,938 : EventManager : Event: ======'machine_var_audits_switches_s_right_flipper'====== Args={'value': 236, 'prev_value': 235, 'change': 1}
2024-11-25 21:07:03,938 : EventManager : Event: ======'player_shot_reentryL_shot'====== Args={'value': 0, 'prev_value': 1, 'change': -1, 'player_num': 1}
2024-11-25 21:07:03,938 : EventManager : Event: ======'player_shot_reentryR_shot'====== Args={'value': 1, 'prev_value': 0, 'change': 1, 'player_num': 1}
2024-11-25 21:07:03,938 : EventManager : Event: ======'player_shot_reentryL_shot'====== Args={'value': 1, 'prev_value': 0, 'change': 1, 'player_num': 1}
2024-11-25 21:07:03,938 : EventManager : Event: ======'player_shot_reentryR_shot'====== Args={'value': 0, 'prev_value': 1, 'change': -1, 'player_num': 1}
2024-11-25 21:07:04,142 : EventManager : Event: ======'machine_var_audits_switches_s_left_flipper'====== Args={'value': 492, 'prev_value': 491, 'change': 1}
2024-11-25 21:07:04,142 : EventManager : Event: ======'machine_var_audits_switches_s_right_flipper'====== Args={'value': 237, 'prev_value': 236, 'change': 1}
2024-11-25 21:07:04,142 : EventManager : Event: ======'player_shot_reentryL_shot'====== Args={'value': 0, 'prev_value': 1, 'change': -1, 'player_num': 1}
2024-11-25 21:07:04,142 : EventManager : Event: ======'player_shot_reentryR_shot'====== Args={'value': 1, 'prev_value': 0, 'change': 1, 'player_num': 1}
2024-11-25 21:07:04,142 : EventManager : Event: ======'player_shot_reentryL_shot'====== Args={'value': 1, 'prev_value': 0, 'change': 1, 'player_num': 1}
2024-11-25 21:07:04,142 : EventManager : Event: ======'player_shot_reentryR_shot'====== Args={'value': 0, 'prev_value': 1, 'change': -1, 'player_num': 1}
2024-11-25 21:07:04,348 : EventManager : Event: ======'machine_var_audits_switches_s_left_flipper'====== Args={'value': 493, 'prev_value': 492, 'change': 1}
2024-11-25 21:07:04,348 : EventManager : Event: ======'machine_var_audits_switches_s_right_flipper'====== Args={'value': 238, 'prev_value': 237, 'change': 1}
2024-11-25 21:07:04,348 : EventManager : Event: ======'player_shot_reentryL_shot'====== Args={'value': 0, 'prev_value': 1, 'change': -1, 'player_num': 1}
2024-11-25 21:07:04,348 : EventManager : Event: ======'player_shot_reentryR_shot'====== Args={'value': 1, 'prev_value': 0, 'change': 1, 'player_num': 1}
2024-11-25 21:07:04,348 : EventManager : Event: ======'player_shot_reentryL_shot'====== Args={'value': 1, 'prev_value': 0, 'change': 1, 'player_num': 1}
2024-11-25 21:07:04,348 : EventManager : Event: ======'player_shot_reentryR_shot'====== Args={'value': 0, 'prev_value': 1, 'change': -1, 'player_num': 1}
2024-11-25 21:07:04,554 : EventManager : Event: ======'machine_var_audits_switches_s_left_flipper'====== Args={'value': 494, 'prev_value': 493, 'change': 1}
2024-11-25 21:07:04,554 : EventManager : Event: ======'machine_var_audits_switches_s_right_flipper'====== Args={'value': 239, 'prev_value': 238, 'change': 1}
2024-11-25 21:07:04,554 : EventManager : Event: ======'player_shot_reentryL_shot'====== Args={'value': 0, 'prev_value': 1, 'change': -1, 'player_num': 1}
2024-11-25 21:07:04,554 : EventManager : Event: ======'player_shot_reentryR_shot'====== Args={'value': 1, 'prev_value': 0, 'change': 1, 'player_num': 1}
2024-11-25 21:07:04,554 : EventManager : Event: ======'player_shot_reentryL_shot'====== Args={'value': 1, 'prev_value': 0, 'change': 1, 'player_num': 1}
2024-11-25 21:07:04,554 : EventManager : Event: ======'player_shot_reentryR_shot'====== Args={'value': 0, 'prev_value': 1, 'change': -1, 'player_num': 1}
2024-11-25 21:07:39,622 : EventManager : Event: ======'machine_var_audits_switches_s_right_flipper'====== Args={'value': 240, 'prev_value': 239, 'change': 1}
2024-11-25 21:07:39,622 : EventManager : Event: ======'player_shot_reentryL_shot'====== Args={'value': 0, 'prev_value': 1, 'change': -1, 'player_num': 1}
2024-11-25 21:07:39,622 : EventManager : Event: ======'player_shot_reentryM_shot'====== Args={'value': 1, 'prev_value': 0, 'change': 1, 'player_num': 1}
2024-11-25 21:07:40,342 : EventManager : Event: ======'machine_var_audits_switches_s_right_flipper'====== Args={'value': 241, 'prev_value': 240, 'change': 1}
2024-11-25 21:07:40,342 : EventManager : Event: ======'player_shot_reentryM_shot'====== Args={'value': 0, 'prev_value': 1, 'change': -1, 'player_num': 1}
2024-11-25 21:07:40,354 : EventManager : Event: ======'player_shot_reentryR_shot'====== Args={'value': 1, 'prev_value': 0, 'change': 1, 'player_num': 1}
2024-11-25 21:07:41,046 : EventManager : Event: ======'machine_var_audits_switches_s_right_flipper'====== Args={'value': 242, 'prev_value': 241, 'change': 1}
2024-11-25 21:07:41,046 : EventManager : Event: ======'player_shot_reentryL_shot'====== Args={'value': 1, 'prev_value': 0, 'change': 1, 'player_num': 1}
2024-11-25 21:07:41,046 : EventManager : Event: ======'player_shot_reentryR_shot'====== Args={'value': 0, 'prev_value': 1, 'change': -1, 'player_num': 1}
2024-11-25 21:07:41,575 : EventManager : Event: ======'machine_var_audits_switches_s_right_flipper'====== Args={'value': 243, 'prev_value': 242, 'change': 1}
2024-11-25 21:07:41,575 : EventManager : Event: ======'player_shot_reentryL_shot'====== Args={'value': 0, 'prev_value': 1, 'change': -1, 'player_num': 1}
2024-11-25 21:07:41,575 : EventManager : Event: ======'player_shot_reentryM_shot'====== Args={'value': 1, 'prev_value': 0, 'change': 1, 'player_num': 1}
2024-11-25 21:07:42,052 : EventManager : Event: ======'machine_var_audits_switches_s_right_flipper'====== Args={'value': 244, 'prev_value': 243, 'change': 1}
2024-11-25 21:07:42,052 : EventManager : Event: ======'player_shot_reentryM_shot'====== Args={'value': 0, 'prev_value': 1, 'change': -1, 'player_num': 1}
2024-11-25 21:07:42,052 : EventManager : Event: ======'player_shot_reentryR_shot'====== Args={'value': 1, 'prev_value': 0, 'change': 1, 'player_num': 1}
2024-11-25 21:07:42,619 : EventManager : Event: ======'machine_var_audits_switches_s_right_flipper'====== Args={'value': 245, 'prev_value': 244, 'change': 1}
2024-11-25 21:07:42,619 : EventManager : Event: ======'player_shot_reentryL_shot'====== Args={'value': 1, 'prev_value': 0, 'change': 1, 'player_num': 1}
2024-11-25 21:07:42,619 : EventManager : Event: ======'player_shot_reentryR_shot'====== Args={'value': 0, 'prev_value': 1, 'change': -1, 'player_num': 1}
2024-11-25 21:07:44,041 : EventManager : Event: ======'machine_var_audits_switches_s_right_flipper'====== Args={'value': 246, 'prev_value': 245, 'change': 1}
2024-11-25 21:07:44,053 : EventManager : Event: ======'player_shot_reentryL_shot'====== Args={'value': 0, 'prev_value': 1, 'change': -1, 'player_num': 1}
2024-11-25 21:07:44,053 : EventManager : Event: ======'player_shot_reentryM_shot'====== Args={'value': 1, 'prev_value': 0, 'change': 1, 'player_num': 1}
2024-11-25 21:07:44,490 : EventManager : Event: ======'machine_var_audits_switches_s_right_flipper'====== Args={'value': 247, 'prev_value': 246, 'change': 1}
2024-11-25 21:07:44,490 : EventManager : Event: ======'player_shot_reentryM_shot'====== Args={'value': 0, 'prev_value': 1, 'change': -1, 'player_num': 1}
2024-11-25 21:07:44,490 : EventManager : Event: ======'player_shot_reentryR_shot'====== Args={'value': 1, 'prev_value': 0, 'change': 1, 'player_num': 1}
2024-11-25 21:07:44,812 : EventManager : Event: ======'machine_var_audits_switches_s_right_flipper'====== Args={'value': 248, 'prev_value': 247, 'change': 1}
2024-11-25 21:07:44,812 : EventManager : Event: ======'player_shot_reentryL_shot'====== Args={'value': 1, 'prev_value': 0, 'change': 1, 'player_num': 1}
2024-11-25 21:07:44,812 : EventManager : Event: ======'player_shot_reentryR_shot'====== Args={'value': 0, 'prev_value': 1, 'change': -1, 'player_num': 1}
2024-11-25 21:07:45,120 : EventManager : Event: ======'machine_var_audits_switches_s_right_flipper'====== Args={'value': 249, 'prev_value': 248, 'change': 1}
2024-11-25 21:07:45,120 : EventManager : Event: ======'player_shot_reentryL_shot'====== Args={'value': 0, 'prev_value': 1, 'change': -1, 'player_num': 1}
2024-11-25 21:07:45,120 : EventManager : Event: ======'player_shot_reentryM_shot'====== Args={'value': 1, 'prev_value': 0, 'change': 1, 'player_num': 1}
2024-11-25 21:07:46,703 : EventManager : Event: ======'machine_var_audits_switches_s_right_flipper'====== Args={'value': 250, 'prev_value': 249, 'change': 1}
2024-11-25 21:07:46,703 : EventManager : Event: ======'player_shot_reentryM_shot'====== Args={'value': 0, 'prev_value': 1, 'change': -1, 'player_num': 1}
2024-11-25 21:07:46,703 : EventManager : Event: ======'player_shot_reentryR_shot'====== Args={'value': 1, 'prev_value': 0, 'change': 1, 'player_num': 1}
2024-11-25 21:07:47,129 : EventManager : Event: ======'machine_var_audits_switches_s_right_flipper'====== Args={'value': 251, 'prev_value': 250, 'change': 1}
2024-11-25 21:07:47,129 : EventManager : Event: ======'player_shot_reentryL_shot'====== Args={'value': 1, 'prev_value': 0, 'change': 1, 'player_num': 1}
2024-11-25 21:07:47,129 : EventManager : Event: ======'player_shot_reentryR_shot'====== Args={'value': 0, 'prev_value': 1, 'change': -1, 'player_num': 1}
2024-11-25 21:07:47,399 : EventManager : Event: ======'machine_var_audits_switches_s_right_flipper'====== Args={'value': 252, 'prev_value': 251, 'change': 1}
2024-11-25 21:07:47,399 : EventManager : Event: ======'player_shot_reentryL_shot'====== Args={'value': 0, 'prev_value': 1, 'change': -1, 'player_num': 1}
2024-11-25 21:07:47,399 : EventManager : Event: ======'player_shot_reentryM_shot'====== Args={'value': 1, 'prev_value': 0, 'change': 1, 'player_num': 1}
2024-11-25 21:07:47,641 : EventManager : Event: ======'machine_var_audits_switches_s_right_flipper'====== Args={'value': 253, 'prev_value': 252, 'change': 1}
2024-11-25 21:07:47,641 : EventManager : Event: ======'player_shot_reentryM_shot'====== Args={'value': 0, 'prev_value': 1, 'change': -1, 'player_num': 1}
2024-11-25 21:07:47,641 : EventManager : Event: ======'player_shot_reentryR_shot'====== Args={'value': 1, 'prev_value': 0, 'change': 1, 'player_num': 1}
2024-11-25 21:08:28,704 : kivy : Base: Leaving application in progress...
2024-11-25 21:08:28,719 : mpfmc : Stopping...
2024-11-25 21:08:28,719 : EventManager : Event: ======'shutdown'====== Args={}
2024-11-25 21:08:28,720 : AudioInterface : Disabling audio playback
2024-11-25 21:08:28,870 : mpfmc : Loop rate 79.2 Hz
