2024-12-02 10:16:09,078 : kivy : Factory: 186 symbols loaded
2024-12-02 10:16:09,181 : kivy : ImageLoaderFFPy: Using ffpyplayer 4.3.2
2024-12-02 10:16:09,181 : kivy : Image: Providers: img_tex, img_dds, img_sdl2, img_pil, img_ffpyplayer 
2024-12-02 10:16:09,215 : kivy : VideoGstplayer: Using Gstreamer 1.18.0.0
2024-12-02 10:16:09,216 : kivy : Video: Provider: gstplayer
2024-12-02 10:16:09,345 : kivy : Loading MPF-MC controller
2024-12-02 10:16:09,347 : YamlMultifileConfigLoader : Machine config file #1: config
2024-12-02 10:16:09,347 : ConfigProcessor : Config file in cache changed: C:\Users\student\pinball\cobraPinTest1\config\config
2024-12-02 10:16:09,362 : ConfigProcessor : Loading config from file c:\users\student\mpfenv\lib\site-packages\mpfmc\mcconfig.yaml.
2024-12-02 10:16:09,391 : ConfigProcessor : Loading config: c:\users\student\mpfenv\lib\site-packages\mpfmc\mcconfig.yaml
2024-12-02 10:16:09,391 : ConfigProcessor : Loading config from file C:\Users\student\pinball\cobraPinTest1\config\config.
2024-12-02 10:16:09,431 : ConfigProcessor : Loading config: C:\Users\student\pinball\cobraPinTest1\config\config
2024-12-02 10:16:09,432 : ConfigProcessor : Config file cache created: C:\Users\student\AppData\Local\Temp\8788ef445fdd76e1de1cbcebe7495fec.mpf_cache
2024-12-02 10:16:09,433 : ConfigProcessor : Loading config from cache: C:\Users\student\AppData\Local\Temp\32ed7ad340ce8029344f8b9ff63edc80.mpf_cache
2024-12-02 10:16:09,433 : ConfigProcessor : Loading config from cache: C:\Users\student\AppData\Local\Temp\8696bd5a5a040ff67990be11cb4d3c0c.mpf_cache
2024-12-02 10:16:09,434 : ConfigProcessor : Loading config from cache: C:\Users\student\AppData\Local\Temp\4675a535c8328a9c278c807d999ed109.mpf_cache
2024-12-02 10:16:09,434 : ConfigProcessor : Loading config from cache: C:\Users\student\AppData\Local\Temp\0c8438cab3480347c0c749fa494946a2.mpf_cache
2024-12-02 10:16:09,435 : ConfigProcessor : Loading config from cache: C:\Users\student\AppData\Local\Temp\edae2e0e7aeda847f5007d89f37fc8de.mpf_cache
2024-12-02 10:16:09,436 : mpfmc : Mission Pinball Framework Media Controller v0.55.0
2024-12-02 10:16:09,436 : mpfmc : Mission Pinball Framework Game Engine v0.55.0
2024-12-02 10:16:09,436 : mpfmc : Machine path: C:\Users\student\pinball\cobraPinTest1
2024-12-02 10:16:09,436 : mpfmc : Starting clock at 60.0Hz
2024-12-02 10:16:09,450 : kivy : Text: Provider: sdl2
2024-12-02 10:16:09,484 : kivy : Window: Provider: sdl2
2024-12-02 10:16:09,819 : kivy : GL: Using the "OpenGL" graphics system
2024-12-02 10:16:09,821 : kivy : GL: GLEW initialization succeeded
2024-12-02 10:16:09,822 : kivy : GL: Backend used <glew>
2024-12-02 10:16:09,822 : kivy : GL: OpenGL version <b'4.6.13543 Compatibility Profile Context 25.20.15006.9'>
2024-12-02 10:16:09,822 : kivy : GL: OpenGL vendor <b'ATI Technologies Inc.'>
2024-12-02 10:16:09,822 : kivy : GL: OpenGL renderer <b'Radeon RX Vega M GL Graphics'>
2024-12-02 10:16:09,822 : kivy : GL: OpenGL parsed version: 4, 6
2024-12-02 10:16:09,822 : kivy : GL: Shading version <b'4.60'>
2024-12-02 10:16:09,822 : kivy : GL: Texture max size <16384>
2024-12-02 10:16:09,823 : kivy : GL: Texture max units <32>
2024-12-02 10:16:09,841 : kivy : Window: auto add sdl2 input provider
2024-12-02 10:16:09,841 : kivy : Window: virtual keyboard not allowed, single mode, not docked
2024-12-02 10:16:10,046 : AudioInterface : Initialized
2024-12-02 10:16:10,046 : AudioInterface : Loaded SDL 2.0.12
2024-12-02 10:16:10,046 : AudioInterface : Loaded SDL_Mixer 2.0.4
2024-12-02 10:16:10,046 : AudioInterface : Loaded GStreamer 1.18.0.0
2024-12-02 10:16:10,046 : AudioInterface : Loaded GLib 2.62.6
2024-12-02 10:16:10,046 : AudioInterface : Settings requested - rate: 44100, channels: 1, buffer: 2048 samples
2024-12-02 10:16:10,046 : AudioInterface : Settings in use - rate: 44100, channels: 1, buffer: 2048 samples (4096 bytes @ 2 bytes per sample)
2024-12-02 10:16:10,046 : SoundSystem : Setting master volume to 0.0
2024-12-02 10:16:10,046 : SoundSystem : master_volume in sound_system is deprecated and will be removed in the future.
2024-12-02 10:16:10,046 : AudioInterface : Enabling audio playback
2024-12-02 10:16:10,048 : kivy : Base: Start application main loop
2024-12-02 10:16:10,049 : EventManager : Event: ======'display_window_initialized'====== Args={}
2024-12-02 10:16:10,066 : mpfmc : Display: Setting 'window' as default display
2024-12-02 10:16:10,071 : EventManager : Event: ======'displays_initialized'====== Args={}
2024-12-02 10:16:10,072 : EventManager : Event: ======'slide_window_blank_created'====== Args={}
2024-12-02 10:16:10,072 : EventManager : Event: ======'display_window_ready'====== Args={}
2024-12-02 10:16:10,080 : EventManager : Event: ======'init_phase_1'====== Args={}
2024-12-02 10:16:10,084 : EventManager : Event: ======'mc_ready'====== Args={}
2024-12-02 10:16:10,084 : EventManager : Event: ======'init_phase_2'====== Args={}
2024-12-02 10:16:10,086 : EventManager : Event: ======'init_phase_3'====== Args={}
2024-12-02 10:16:10,087 : EventManager : Event: ======'init_phase_4'====== Args={}
2024-12-02 10:16:10,087 : EventManager : Event: ======'init_phase_5'====== Args={}
2024-12-02 10:16:10,087 : EventManager : Event: ======'init_done'====== Args={}
2024-12-02 10:16:10,088 : MPF-MC BCP Server : Starting up on localhost port 5050
2024-12-02 10:16:10,092 : MPF-MC BCP Server : Waiting for a connection...
2024-12-02 10:16:10,092 : mpfmc : SlidePlayer: Play called with settings={'slides': {welcome_slide-None-None: {'priority': None, 'target': None, 'background_color': [0.0, 0.0, 0.0, 1.0], 'show': True, 'force': False, 'expire': None, 'slide': None, 'tokens': {}, 'action': 'play', 'transition': None, 'transition_out': None}}}
2024-12-02 10:16:10,096 : kivy : GL: NPOT texture support is available
2024-12-02 10:16:10,097 : EventManager : Event: ======'slide_welcome_slide_created'====== Args={}
2024-12-02 10:16:10,099 : EventManager : Event: ======'slide_welcome_slide_active'====== Args={}
2024-12-02 10:16:10,109 : EventManager : Event: ======'client_disconnected'====== Args={'host': '127.0.0.1', 'port': 5050}
2024-12-02 10:16:23,349 : kivy : Base: Leaving application in progress...
