2024-12-07 13:28:53,789 : INFO : root : Loading config.
2024-12-07 13:28:54,120 : INFO : ConfigProcessor : Config spec file cache created: C:\Users\student\AppData\Local\Temp\config_spec.mpf_cache
2024-12-07 13:28:54,120 : INFO : YamlMultifileConfigLoader : Machine config file #1: config.yaml
2024-12-07 13:28:54,120 : INFO : ConfigProcessor : Loading config from file c:\users\student\mpfenv\lib\site-packages\mpf\mpfconfig.yaml.
2024-12-07 13:28:54,182 : INFO : ConfigProcessor : Loading config: c:\users\student\mpfenv\lib\site-packages\mpf\mpfconfig.yaml
2024-12-07 13:28:54,183 : INFO : ConfigProcessor : Loading config from file C:\Users\student\pinball\cobraPinTest1\config\config.yaml.
2024-12-07 13:28:54,225 : INFO : ConfigProcessor : Loading config: C:\Users\student\pinball\cobraPinTest1\config\config.yaml
2024-12-07 13:28:54,227 : INFO : ConfigProcessor : Config file cache created: C:\Users\student\AppData\Local\Temp\f1427cd4cbc9163bc2263f349f0fb463.mpf_cache
2024-12-07 13:28:54,290 : INFO : ConfigProcessor : Loading config from file c:\users\student\mpfenv\lib\site-packages\mpf\modes\attract\config\attract.yaml.
2024-12-07 13:28:54,292 : INFO : ConfigProcessor : Loading config: c:\users\student\mpfenv\lib\site-packages\mpf\modes\attract\config\attract.yaml
2024-12-07 13:28:54,292 : INFO : ConfigProcessor : Loading config from file C:\Users\student\pinball\cobraPinTest1\modes\attract\config\attract.yaml.
2024-12-07 13:28:54,293 : INFO : ConfigProcessor : Loading config: C:\Users\student\pinball\cobraPinTest1\modes\attract\config\attract.yaml
2024-12-07 13:28:54,293 : INFO : ConfigProcessor : Config file cache created: C:\Users\student\AppData\Local\Temp\32ed7ad340ce8029344f8b9ff63edc80.mpf_cache
2024-12-07 13:28:54,294 : INFO : ConfigProcessor : Loading config from file c:\users\student\mpfenv\lib\site-packages\mpf\modes\game\config\game.yaml.
2024-12-07 13:28:54,296 : INFO : ConfigProcessor : Loading config: c:\users\student\mpfenv\lib\site-packages\mpf\modes\game\config\game.yaml
2024-12-07 13:28:54,296 : INFO : ConfigProcessor : Config file cache created: C:\Users\student\AppData\Local\Temp\8696bd5a5a040ff67990be11cb4d3c0c.mpf_cache
2024-12-07 13:28:54,297 : INFO : ConfigProcessor : Loading config from file C:\Users\student\pinball\cobraPinTest1\modes\base\config\base.yaml.
2024-12-07 13:28:54,301 : INFO : ConfigProcessor : Loading config: C:\Users\student\pinball\cobraPinTest1\modes\base\config\base.yaml
2024-12-07 13:28:54,301 : INFO : ConfigProcessor : Config file cache created: C:\Users\student\AppData\Local\Temp\4675a535c8328a9c278c807d999ed109.mpf_cache
2024-12-07 13:28:54,302 : INFO : ConfigProcessor : Loading config from file C:\Users\student\pinball\cobraPinTest1\modes\reentry\config\reentry.yaml.
2024-12-07 13:28:54,319 : INFO : ConfigProcessor : Loading config: C:\Users\student\pinball\cobraPinTest1\modes\reentry\config\reentry.yaml
2024-12-07 13:28:54,319 : INFO : ConfigProcessor : Config file cache created: C:\Users\student\AppData\Local\Temp\0c8438cab3480347c0c749fa494946a2.mpf_cache
2024-12-07 13:28:54,320 : INFO : ConfigProcessor : Loading config from file C:\Users\student\pinball\cobraPinTest1\modes\lowerlanes\config\lowerlanes.yaml.
2024-12-07 13:28:54,330 : INFO : ConfigProcessor : Loading config: C:\Users\student\pinball\cobraPinTest1\modes\lowerlanes\config\lowerlanes.yaml
2024-12-07 13:28:54,331 : INFO : ConfigProcessor : Config file cache created: C:\Users\student\AppData\Local\Temp\5052615755bdf1309b248cf8695ad4ff.mpf_cache
2024-12-07 13:28:54,332 : INFO : ConfigProcessor : Loading config from file C:\Users\student\pinball\cobraPinTest1\modes\attract\shows\.\attract_display_loop.yaml.
2024-12-07 13:28:54,341 : INFO : ConfigProcessor : Loading config: C:\Users\student\pinball\cobraPinTest1\modes\attract\shows\.\attract_display_loop.yaml
2024-12-07 13:28:54,341 : INFO : ConfigProcessor : Config file cache created: C:\Users\student\AppData\Local\Temp\f8d2c2cf3ea01f085365ea23fa51a701.mpf_cache
2024-12-07 13:28:54,342 : INFO : ConfigProcessor : Loading config from file C:\Users\student\pinball\cobraPinTest1\modes\attract\shows\.\attract_light_show.yaml.
2024-12-07 13:28:54,349 : INFO : ConfigProcessor : Loading config: C:\Users\student\pinball\cobraPinTest1\modes\attract\shows\.\attract_light_show.yaml
2024-12-07 13:28:54,350 : INFO : ConfigProcessor : Config file cache created: C:\Users\student\AppData\Local\Temp\30bd992f4b62a9b099207aebeb59554c.mpf_cache
2024-12-07 13:28:54,350 : INFO : Machine : Mission Pinball Framework Core Engine v0.55.0
2024-12-07 13:28:54,350 : INFO : Machine : Command line arguments: {'no_load_cache': True, 'create_config_cache': True, 'bcp': True, 'configfile': ['config.yaml'], 'force_assets_load': False, 'jsonlogging': False, 'logfile': 'logs\\2024-12-07-13-28-53-mpf-DESKTOP-0JH7ARL.log', 'pause': False, 'production': False, 'text_ui': True, 'loglevel': 15, 'consoleloglevel': 20, 'force_platform': None, 'syslog_address': None, 'mc_file_name': None, 'no_sound': False}
2024-12-07 13:28:54,351 : INFO : Machine : MPF path: c:\users\student\mpfenv\lib\site-packages\mpf
2024-12-07 13:28:54,351 : INFO : Machine : Machine path: C:\Users\student\pinball\cobraPinTest1
2024-12-07 13:28:54,351 : INFO : Machine : Platform: win32
2024-12-07 13:28:54,351 : INFO : Machine : Python executable location: c:\users\student\mpfenv\scripts\python.exe
2024-12-07 13:28:54,351 : INFO : Machine : Python version: 3.7.8 (64-bit)
2024-12-07 13:28:54,353 : INFO : Machine : Initialise MPF.
2024-12-07 13:28:54,712 : INFO : OPP : Connecting to com4 at 115200bps
2024-12-07 13:28:54,896 : INFO : OPP : Init of OPP board 0 done
2024-12-07 13:28:54,896 : INFO : OPP : Connecting to com5 at 115200bps
2024-12-07 13:28:54,990 : INFO : OPP : Init of OPP board 1 done
2024-12-07 13:28:54,990 : INFO : EventManager : Event: ======'machine_var_credits_string'====== Args={'value': 'FREE PLAY', 'prev_value': None, 'change': True}
2024-12-07 13:28:55,038 : INFO : EventManager : Event: ======'machine_var_master_volume'====== Args={'value': 0.5, 'prev_value': None, 'change': True}
2024-12-07 13:28:55,038 : INFO : EventManager : Event: ======'machine_var_player1_score'====== Args={'value': 1500, 'prev_value': None, 'change': True}
2024-12-07 13:28:55,038 : INFO : EventManager : Event: ======'machine_var_mpf_version'====== Args={'value': 'MPF v0.55.0', 'prev_value': None, 'change': True}
2024-12-07 13:28:55,038 : INFO : EventManager : Event: ======'machine_var_mpf_extended_version'====== Args={'value': 'MPF v0.55.0, Config version:5, Show version: 5, BCP version:1.1', 'prev_value': None, 'change': True}
2024-12-07 13:28:55,038 : INFO : EventManager : Event: ======'machine_var_python_version'====== Args={'value': '3.7.8', 'prev_value': None, 'change': True}
2024-12-07 13:28:55,038 : INFO : EventManager : Event: ======'machine_var_platform'====== Args={'value': 'Windows-10-10.0.19041-SP0', 'prev_value': None, 'change': True}
2024-12-07 13:28:55,038 : INFO : EventManager : Event: ======'machine_var_platform_system'====== Args={'value': 'Windows', 'prev_value': None, 'change': True}
2024-12-07 13:28:55,038 : INFO : EventManager : Event: ======'machine_var_platform_release'====== Args={'value': '10', 'prev_value': None, 'change': True}
2024-12-07 13:28:55,039 : INFO : EventManager : Event: ======'machine_var_platform_version'====== Args={'value': '10.0.19041', 'prev_value': None, 'change': True}
2024-12-07 13:28:55,039 : INFO : EventManager : Event: ======'machine_var_platform_machine'====== Args={'value': 'AMD64', 'prev_value': None, 'change': True}
2024-12-07 13:28:55,039 : INFO : EventManager : Event: ======'init_phase_1'====== Args={}
2024-12-07 13:28:55,067 : INFO : EventManager : Event: ======'init_phase_2'====== Args={}
2024-12-07 13:28:55,068 : INFO : SwitchController : Found active switch: ('0-0-8', <Platform.OPP>) <switch.s_trough1>
2024-12-07 13:28:55,072 : INFO : EventManager : Event: ======'bcp_connection_attempt'====== Args={'name': 'local_display', 'host': 'localhost', 'port': 5050}
2024-12-07 13:28:55,073 : INFO : BCPClientSocket : Connecting BCP to 'local_display' at localhost:5050...
2024-12-07 13:28:57,114 : INFO : BCPClientSocket : Connected BCP to 'local_display' localhost:5050
2024-12-07 13:28:57,116 : INFO : EventManager : Event: ======'bcp_clients_connected'====== Args={}
2024-12-07 13:28:57,136 : INFO : ball_device.bd_trough : BCH: Initial count: 1
2024-12-07 13:28:57,136 : INFO : EventManager : Event: ======'machine_var_mc_version'====== Args={'value': 'MPF-MC v0.55.0', 'prev_value': None, 'change': True}
2024-12-07 13:28:57,136 : INFO : EventManager : Event: ======'machine_var_mc_extended_version'====== Args={'value': 'MPF-MC v0.55.0 (config_version=5, BCP v1.1, Requires MPF v0.55.0-dev.49)', 'prev_value': None, 'change': True}
2024-12-07 13:28:57,138 : INFO : ball_device.bd_trough : State: idle
2024-12-07 13:28:57,154 : INFO : ball_device.bd_plunger : BCH: Initial count: 0
2024-12-07 13:28:57,154 : INFO : ball_device.bd_plunger : State: idle
2024-12-07 13:28:57,219 : INFO : EventManager : Event: ======'init_phase_3'====== Args={}
2024-12-07 13:28:57,224 : INFO : EventManager : Event: ======'init_phase_4'====== Args={}
2024-12-07 13:28:57,224 : INFO : BallController : Initial balls found: 1
2024-12-07 13:28:57,226 : INFO : EventManager : Event: ======'machine_var_audits_events_game_ended'====== Args={'value': 0, 'prev_value': None, 'change': True}
2024-12-07 13:28:57,226 : INFO : EventManager : Event: ======'machine_var_audits_events_game_started'====== Args={'value': 0, 'prev_value': None, 'change': True}
2024-12-07 13:28:57,226 : INFO : EventManager : Event: ======'machine_var_audits_player_score'====== Args={'value': {'average': 1800.0, 'top': [2000, 1900, 1500], 'total': 3}, 'prev_value': None, 'change': True}
2024-12-07 13:28:57,227 : INFO : EventManager : Event: ======'machine_var_audits_shots_bonusLane_shot'====== Args={'value': 14, 'prev_value': None, 'change': True}
2024-12-07 13:28:57,227 : INFO : EventManager : Event: ======'machine_var_audits_shots_medalL_shot'====== Args={'value': 174, 'prev_value': None, 'change': True}
2024-12-07 13:28:57,227 : INFO : EventManager : Event: ======'machine_var_audits_shots_medalM_shot'====== Args={'value': 166, 'prev_value': None, 'change': True}
2024-12-07 13:28:57,227 : INFO : EventManager : Event: ======'machine_var_audits_shots_medalR_shot'====== Args={'value': 165, 'prev_value': None, 'change': True}
2024-12-07 13:28:57,227 : INFO : EventManager : Event: ======'machine_var_audits_shots_my_first_shot'====== Args={'value': 119, 'prev_value': None, 'change': True}
2024-12-07 13:28:57,228 : INFO : EventManager : Event: ======'machine_var_audits_shots_my_first_shot_mode2'====== Args={'value': 72, 'prev_value': None, 'change': True}
2024-12-07 13:28:57,228 : INFO : EventManager : Event: ======'machine_var_audits_shots_outLaneL_shot'====== Args={'value': 8, 'prev_value': None, 'change': True}
2024-12-07 13:28:57,228 : INFO : EventManager : Event: ======'machine_var_audits_shots_outLaneR_shot'====== Args={'value': 22, 'prev_value': None, 'change': True}
2024-12-07 13:28:57,228 : INFO : EventManager : Event: ======'machine_var_audits_shots_reentryL_shot'====== Args={'value': 465, 'prev_value': None, 'change': True}
2024-12-07 13:28:57,228 : INFO : EventManager : Event: ======'machine_var_audits_shots_reentryM_shot'====== Args={'value': 430, 'prev_value': None, 'change': True}
2024-12-07 13:28:57,229 : INFO : EventManager : Event: ======'machine_var_audits_shots_reentryR_shot'====== Args={'value': 407, 'prev_value': None, 'change': True}
2024-12-07 13:28:57,229 : INFO : EventManager : Event: ======'machine_var_audits_shots_reentry_shot'====== Args={'value': 9, 'prev_value': None, 'change': True}
2024-12-07 13:28:57,229 : INFO : EventManager : Event: ======'machine_var_audits_shots_returnLaneL_shot'====== Args={'value': 58, 'prev_value': None, 'change': True}
2024-12-07 13:28:57,229 : INFO : EventManager : Event: ======'machine_var_audits_shots_returnLaneR_shot'====== Args={'value': 44, 'prev_value': None, 'change': True}
2024-12-07 13:28:57,230 : INFO : EventManager : Event: ======'machine_var_audits_shots_top_lane_A'====== Args={'value': 12, 'prev_value': None, 'change': True}
2024-12-07 13:28:57,230 : INFO : EventManager : Event: ======'machine_var_audits_shots_top_lane_J'====== Args={'value': 12, 'prev_value': None, 'change': True}
2024-12-07 13:28:57,230 : INFO : EventManager : Event: ======'machine_var_audits_shots_top_lane_M'====== Args={'value': 9, 'prev_value': None, 'change': True}
2024-12-07 13:28:57,230 : INFO : EventManager : Event: ======'machine_var_audits_switches_s_blackhole_kicker'====== Args={'value': 0, 'prev_value': None, 'change': True}
2024-12-07 13:28:57,230 : INFO : EventManager : Event: ======'machine_var_audits_switches_s_bonus_lane'====== Args={'value': 27, 'prev_value': None, 'change': True}
2024-12-07 13:28:57,231 : INFO : EventManager : Event: ======'machine_var_audits_switches_s_booster_drop_target_1'====== Args={'value': 0, 'prev_value': None, 'change': True}
2024-12-07 13:28:57,231 : INFO : EventManager : Event: ======'machine_var_audits_switches_s_booster_drop_target_2'====== Args={'value': 0, 'prev_value': None, 'change': True}
2024-12-07 13:28:57,232 : INFO : EventManager : Event: ======'machine_var_audits_switches_s_booster_drop_target_3'====== Args={'value': 0, 'prev_value': None, 'change': True}
2024-12-07 13:28:57,232 : INFO : EventManager : Event: ======'machine_var_audits_switches_s_comet_spot_1'====== Args={'value': 0, 'prev_value': None, 'change': True}
2024-12-07 13:28:57,233 : INFO : EventManager : Event: ======'machine_var_audits_switches_s_comet_spot_2'====== Args={'value': 0, 'prev_value': None, 'change': True}
2024-12-07 13:28:57,233 : INFO : EventManager : Event: ======'machine_var_audits_switches_s_comet_spot_3'====== Args={'value': 0, 'prev_value': None, 'change': True}
2024-12-07 13:28:57,233 : INFO : EventManager : Event: ======'machine_var_audits_switches_s_engine_bumper_1'====== Args={'value': 0, 'prev_value': None, 'change': True}
2024-12-07 13:28:57,233 : INFO : EventManager : Event: ======'machine_var_audits_switches_s_engine_bumper_2'====== Args={'value': 0, 'prev_value': None, 'change': True}
2024-12-07 13:28:57,234 : INFO : EventManager : Event: ======'machine_var_audits_switches_s_engine_bumper_3'====== Args={'value': 0, 'prev_value': None, 'change': True}
2024-12-07 13:28:57,234 : INFO : EventManager : Event: ======'machine_var_audits_switches_s_fuel_chute_1'====== Args={'value': 0, 'prev_value': None, 'change': True}
2024-12-07 13:28:57,234 : INFO : EventManager : Event: ======'machine_var_audits_switches_s_fuel_chute_2'====== Args={'value': 0, 'prev_value': None, 'change': True}
2024-12-07 13:28:57,234 : INFO : EventManager : Event: ======'machine_var_audits_switches_s_fuel_chute_3'====== Args={'value': 0, 'prev_value': None, 'change': True}
2024-12-07 13:28:57,235 : INFO : EventManager : Event: ======'machine_var_audits_switches_s_fuel_chute_4'====== Args={'value': 0, 'prev_value': None, 'change': True}
2024-12-07 13:28:57,235 : INFO : EventManager : Event: ======'machine_var_audits_switches_s_fuel_chute_5'====== Args={'value': 0, 'prev_value': None, 'change': True}
2024-12-07 13:28:57,235 : INFO : EventManager : Event: ======'machine_var_audits_switches_s_fuel_chute_6'====== Args={'value': 0, 'prev_value': None, 'change': True}
2024-12-07 13:28:57,235 : INFO : EventManager : Event: ======'machine_var_audits_switches_s_fuel_flag'====== Args={'value': 0, 'prev_value': None, 'change': True}
2024-12-07 13:28:57,236 : INFO : EventManager : Event: ======'machine_var_audits_switches_s_fuel_spot_1'====== Args={'value': 0, 'prev_value': None, 'change': True}
2024-12-07 13:28:57,236 : INFO : EventManager : Event: ======'machine_var_audits_switches_s_fuel_spot_2'====== Args={'value': 0, 'prev_value': None, 'change': True}
2024-12-07 13:28:57,236 : INFO : EventManager : Event: ======'machine_var_audits_switches_s_fuel_spot_3'====== Args={'value': 0, 'prev_value': None, 'change': True}
2024-12-07 13:28:57,237 : INFO : EventManager : Event: ======'machine_var_audits_switches_s_green_wormhole'====== Args={'value': 0, 'prev_value': None, 'change': True}
2024-12-07 13:28:57,237 : INFO : EventManager : Event: ======'machine_var_audits_switches_s_hyperspace_flag'====== Args={'value': 0, 'prev_value': None, 'change': True}
2024-12-07 13:28:57,238 : INFO : EventManager : Event: ======'machine_var_audits_switches_s_hyperspacekicker'====== Args={'value': 0, 'prev_value': None, 'change': True}
2024-12-07 13:28:57,239 : INFO : EventManager : Event: ======'machine_var_audits_switches_s_launch_lane_1'====== Args={'value': 0, 'prev_value': None, 'change': True}
2024-12-07 13:28:57,239 : INFO : EventManager : Event: ======'machine_var_audits_switches_s_launch_lane_2'====== Args={'value': 0, 'prev_value': None, 'change': True}
2024-12-07 13:28:57,240 : INFO : EventManager : Event: ======'machine_var_audits_switches_s_launch_lane_3'====== Args={'value': 0, 'prev_value': None, 'change': True}
2024-12-07 13:28:57,240 : INFO : EventManager : Event: ======'machine_var_audits_switches_s_launch_ramp'====== Args={'value': 0, 'prev_value': None, 'change': True}
2024-12-07 13:28:57,241 : INFO : EventManager : Event: ======'machine_var_audits_switches_s_left_attack_bumper'====== Args={'value': 0, 'prev_value': None, 'change': True}
2024-12-07 13:28:57,242 : INFO : EventManager : Event: ======'machine_var_audits_switches_s_left_flipper'====== Args={'value': 990, 'prev_value': None, 'change': True}
2024-12-07 13:28:57,243 : INFO : EventManager : Event: ======'machine_var_audits_switches_s_left_out_lane'====== Args={'value': 12, 'prev_value': None, 'change': True}
2024-12-07 13:28:57,243 : INFO : EventManager : Event: ======'machine_var_audits_switches_s_left_out_lane_kicker'====== Args={'value': 0, 'prev_value': None, 'change': True}
2024-12-07 13:28:57,244 : INFO : EventManager : Event: ======'machine_var_audits_switches_s_left_return_lane'====== Args={'value': 65, 'prev_value': None, 'change': True}
2024-12-07 13:28:57,244 : INFO : EventManager : Event: ======'machine_var_audits_switches_s_lower_attack_bumper'====== Args={'value': 0, 'prev_value': None, 'change': True}
2024-12-07 13:28:57,245 : INFO : EventManager : Event: ======'machine_var_audits_switches_s_lower_left_rebound'====== Args={'value': 0, 'prev_value': None, 'change': True}
2024-12-07 13:28:57,245 : INFO : EventManager : Event: ======'machine_var_audits_switches_s_lower_left_slingshot'====== Args={'value': 44, 'prev_value': None, 'change': True}
2024-12-07 13:28:57,246 : INFO : EventManager : Event: ======'machine_var_audits_switches_s_lower_right_rebound'====== Args={'value': 0, 'prev_value': None, 'change': True}
2024-12-07 13:28:57,246 : INFO : EventManager : Event: ======'machine_var_audits_switches_s_lower_right_slingshot'====== Args={'value': 43, 'prev_value': None, 'change': True}
2024-12-07 13:28:57,247 : INFO : EventManager : Event: ======'machine_var_audits_switches_s_medal_drop_left'====== Args={'value': 188, 'prev_value': None, 'change': True}
2024-12-07 13:28:57,247 : INFO : EventManager : Event: ======'machine_var_audits_switches_s_medal_drop_middle'====== Args={'value': 180, 'prev_value': None, 'change': True}
2024-12-07 13:28:57,248 : INFO : EventManager : Event: ======'machine_var_audits_switches_s_medal_drop_right'====== Args={'value': 179, 'prev_value': None, 'change': True}
2024-12-07 13:28:57,249 : INFO : EventManager : Event: ======'machine_var_audits_switches_s_mission_spot_1'====== Args={'value': 0, 'prev_value': None, 'change': True}
2024-12-07 13:28:57,249 : INFO : EventManager : Event: ======'machine_var_audits_switches_s_mission_spot_2'====== Args={'value': 2, 'prev_value': None, 'change': True}
2024-12-07 13:28:57,249 : INFO : EventManager : Event: ======'machine_var_audits_switches_s_mission_spot_3'====== Args={'value': 0, 'prev_value': None, 'change': True}
2024-12-07 13:28:57,250 : INFO : EventManager : Event: ======'machine_var_audits_switches_s_multiplier_left'====== Args={'value': 0, 'prev_value': None, 'change': True}
2024-12-07 13:28:57,250 : INFO : EventManager : Event: ======'machine_var_audits_switches_s_multiplier_middle'====== Args={'value': 0, 'prev_value': None, 'change': True}
2024-12-07 13:28:57,250 : INFO : EventManager : Event: ======'machine_var_audits_switches_s_multiplier_right'====== Args={'value': 0, 'prev_value': None, 'change': True}
2024-12-07 13:28:57,251 : INFO : EventManager : Event: ======'machine_var_audits_switches_s_plunger'====== Args={'value': 162, 'prev_value': None, 'change': True}
2024-12-07 13:28:57,251 : INFO : EventManager : Event: ======'machine_var_audits_switches_s_radiationspot_1'====== Args={'value': 0, 'prev_value': None, 'change': True}
2024-12-07 13:28:57,252 : INFO : EventManager : Event: ======'machine_var_audits_switches_s_radiationspot_2'====== Args={'value': 0, 'prev_value': None, 'change': True}
2024-12-07 13:28:57,252 : INFO : EventManager : Event: ======'machine_var_audits_switches_s_radiationspot_3'====== Args={'value': 0, 'prev_value': None, 'change': True}
2024-12-07 13:28:57,252 : INFO : EventManager : Event: ======'machine_var_audits_switches_s_red_wormhole'====== Args={'value': 0, 'prev_value': None, 'change': True}
2024-12-07 13:28:57,253 : INFO : EventManager : Event: ======'machine_var_audits_switches_s_reentry_left'====== Args={'value': 820, 'prev_value': None, 'change': True}
2024-12-07 13:28:57,253 : INFO : EventManager : Event: ======'machine_var_audits_switches_s_reentry_middle'====== Args={'value': 504, 'prev_value': None, 'change': True}
2024-12-07 13:28:57,253 : INFO : EventManager : Event: ======'machine_var_audits_switches_s_reentry_right'====== Args={'value': 466, 'prev_value': None, 'change': True}
2024-12-07 13:28:57,254 : INFO : EventManager : Event: ======'machine_var_audits_switches_s_right_flipper'====== Args={'value': 774, 'prev_value': None, 'change': True}
2024-12-07 13:28:57,254 : INFO : EventManager : Event: ======'machine_var_audits_switches_s_right_inlane'====== Args={'value': 0, 'prev_value': None, 'change': True}
2024-12-07 13:28:57,254 : INFO : EventManager : Event: ======'machine_var_audits_switches_s_right_out_lane'====== Args={'value': 48, 'prev_value': None, 'change': True}
2024-12-07 13:28:57,255 : INFO : EventManager : Event: ======'machine_var_audits_switches_s_right_out_lane_kicker'====== Args={'value': 0, 'prev_value': None, 'change': True}
2024-12-07 13:28:57,255 : INFO : EventManager : Event: ======'machine_var_audits_switches_s_right_return_lane'====== Args={'value': 56, 'prev_value': None, 'change': True}
2024-12-07 13:28:57,255 : INFO : EventManager : Event: ======'machine_var_audits_switches_s_satellite_bumper'====== Args={'value': 0, 'prev_value': None, 'change': True}
2024-12-07 13:28:57,256 : INFO : EventManager : Event: ======'machine_var_audits_switches_s_secondary_outlane_kicker'====== Args={'value': 0, 'prev_value': None, 'change': True}
2024-12-07 13:28:57,256 : INFO : EventManager : Event: ======'machine_var_audits_switches_s_skill_shot_1'====== Args={'value': 0, 'prev_value': None, 'change': True}
2024-12-07 13:28:57,256 : INFO : EventManager : Event: ======'machine_var_audits_switches_s_skill_shot_2'====== Args={'value': 0, 'prev_value': None, 'change': True}
2024-12-07 13:28:57,257 : INFO : EventManager : Event: ======'machine_var_audits_switches_s_skill_shot_3'====== Args={'value': 0, 'prev_value': None, 'change': True}
2024-12-07 13:28:57,257 : INFO : EventManager : Event: ======'machine_var_audits_switches_s_skill_shot_4'====== Args={'value': 0, 'prev_value': None, 'change': True}
2024-12-07 13:28:57,257 : INFO : EventManager : Event: ======'machine_var_audits_switches_s_skill_shot_5'====== Args={'value': 0, 'prev_value': None, 'change': True}
2024-12-07 13:28:57,258 : INFO : EventManager : Event: ======'machine_var_audits_switches_s_skill_shot_6'====== Args={'value': 0, 'prev_value': None, 'change': True}
2024-12-07 13:28:57,258 : INFO : EventManager : Event: ======'machine_var_audits_switches_s_skill_shot_lane'====== Args={'value': 0, 'prev_value': None, 'change': True}
2024-12-07 13:28:57,258 : INFO : EventManager : Event: ======'machine_var_audits_switches_s_spacewarp_rollover'====== Args={'value': 0, 'prev_value': None, 'change': True}
2024-12-07 13:28:57,259 : INFO : EventManager : Event: ======'machine_var_audits_switches_s_start'====== Args={'value': 7, 'prev_value': None, 'change': True}
2024-12-07 13:28:57,259 : INFO : EventManager : Event: ======'machine_var_audits_switches_s_trough1'====== Args={'value': 30, 'prev_value': None, 'change': True}
2024-12-07 13:28:57,260 : INFO : EventManager : Event: ======'machine_var_audits_switches_s_trough2'====== Args={'value': 0, 'prev_value': None, 'change': True}
2024-12-07 13:28:57,260 : INFO : EventManager : Event: ======'machine_var_audits_switches_s_trough3'====== Args={'value': 0, 'prev_value': None, 'change': True}
2024-12-07 13:28:57,260 : INFO : EventManager : Event: ======'machine_var_audits_switches_s_trough4'====== Args={'value': 0, 'prev_value': None, 'change': True}
2024-12-07 13:28:57,261 : INFO : EventManager : Event: ======'machine_var_audits_switches_s_trough5'====== Args={'value': 0, 'prev_value': None, 'change': True}
2024-12-07 13:28:57,261 : INFO : EventManager : Event: ======'machine_var_audits_switches_s_trough6'====== Args={'value': 0, 'prev_value': None, 'change': True}
2024-12-07 13:28:57,261 : INFO : EventManager : Event: ======'machine_var_audits_switches_s_trough_jam'====== Args={'value': 0, 'prev_value': None, 'change': True}
2024-12-07 13:28:57,262 : INFO : EventManager : Event: ======'machine_var_audits_switches_s_upper_attack_bumper'====== Args={'value': 0, 'prev_value': None, 'change': True}
2024-12-07 13:28:57,263 : INFO : EventManager : Event: ======'machine_var_audits_switches_s_upper_left_rebound'====== Args={'value': 0, 'prev_value': None, 'change': True}
2024-12-07 13:28:57,264 : INFO : EventManager : Event: ======'machine_var_audits_switches_s_upper_right_rebound'====== Args={'value': 0, 'prev_value': None, 'change': True}
2024-12-07 13:28:57,265 : INFO : EventManager : Event: ======'machine_var_audits_switches_s_wormhole_target'====== Args={'value': 0, 'prev_value': None, 'change': True}
2024-12-07 13:28:57,265 : INFO : EventManager : Event: ======'machine_var_audits_switches_s_yellow_wormhole'====== Args={'value': 0, 'prev_value': None, 'change': True}
2024-12-07 13:28:57,267 : INFO : EventManager : Event: ======'init_phase_5'====== Args={}
2024-12-07 13:28:57,312 : INFO : EventManager : Event: ======'init_done'====== Args={}
2024-12-07 13:28:57,313 : INFO : EventManager : Event: ======'machine_reset_phase_1'====== Args={}
2024-12-07 13:28:57,333 : INFO : EventManager : Event: ======'slide_welcome_slide_removed'====== Args={'_from_bcp': True}
2024-12-07 13:28:57,335 : INFO : EventManager : Event: ======'slide_welcome_slide_created'====== Args={'_from_bcp': True}
2024-12-07 13:28:57,337 : INFO : EventManager : Event: ======'machine_reset_phase_2'====== Args={}
2024-12-07 13:28:57,338 : INFO : EventManager : Event: ======'machine_reset_phase_3'====== Args={}
2024-12-07 13:28:57,338 : INFO : EventManager : Event: ======'slide_welcome_slide_active'====== Args={'_from_bcp': True}
2024-12-07 13:28:57,339 : INFO : EventManager : Event: ======'reset_complete'====== Args={}
2024-12-07 13:28:57,339 : INFO : EventManager : Event: ======'mode_attract_will_start'====== Args={}
2024-12-07 13:28:57,340 : INFO : EventManager : Event: ======'mode_attract_starting'====== Args={}
2024-12-07 13:28:57,340 : INFO : Mode.attract : Started. Priority: 10
2024-12-07 13:28:57,340 : INFO : EventManager : Event: ======'modes_active_modes_changed'====== Args={}
2024-12-07 13:28:57,340 : INFO : EventManager : Event: ======'mode_attract_started'====== Args={}
2024-12-07 13:28:57,341 : INFO : EventManager : Event: ======'collecting_balls_complete'====== Args={}
2024-12-07 13:28:57,383 : INFO : EventManager : Event: ======'slide_awesome_slide_created'====== Args={'_from_bcp': True}
2024-12-07 13:28:57,383 : INFO : EventManager : Event: ======'slide_awesome_slide_active'====== Args={'_from_bcp': True}
2024-12-07 13:28:57,384 : INFO : Machine : Starting the main run loop.
2024-12-07 13:28:58,449 : INFO : EventManager : Event: ======'s_spacewarp_rollover'====== Args={'_from_bcp': True}
2024-12-07 13:28:58,920 : INFO : EventManager : Event: ======'s_spacewarp_rollover'====== Args={'_from_bcp': True}
2024-12-07 13:29:00,346 : INFO : EventManager : Event: ======'slide_press_start_created'====== Args={'_from_bcp': True}
2024-12-07 13:29:00,346 : INFO : EventManager : Event: ======'slide_press_start_active'====== Args={'_from_bcp': True}
2024-12-07 13:29:00,806 : INFO : SwitchController : <<<<<<< 's_reentry_left' active >>>>>>>
2024-12-07 13:29:00,806 : INFO : EventManager : Event: ======'playfield_active'====== Args={}
2024-12-07 13:29:00,806 : INFO : EventManager : Event: ======'unexpected_ball_on_playfield'====== Args={}
2024-12-07 13:29:00,807 : INFO : EventManager : Event: ======'s_reentry_left_active'====== Args={}
2024-12-07 13:29:00,807 : INFO : EventManager : Event: ======'sw_playfield_active'====== Args={}
2024-12-07 13:29:00,808 : INFO : EventManager : Event: ======'playfield_active'====== Args={}
2024-12-07 13:29:00,808 : INFO : EventManager : Event: ======'unexpected_ball_on_playfield'====== Args={}
2024-12-07 13:29:00,944 : INFO : SwitchController : <<<<<<< 's_reentry_left' inactive >>>>>>>
2024-12-07 13:29:03,332 : INFO : EventManager : Event: ======'slide_mission_pinball_created'====== Args={'_from_bcp': True}
2024-12-07 13:29:03,333 : INFO : EventManager : Event: ======'slide_mission_pinball_active'====== Args={'_from_bcp': True}
2024-12-07 13:29:05,250 : INFO : SwitchController : <<<<<<< 's_reentry_left' active >>>>>>>
2024-12-07 13:29:05,250 : INFO : EventManager : Event: ======'playfield_active'====== Args={}
2024-12-07 13:29:05,250 : INFO : EventManager : Event: ======'unexpected_ball_on_playfield'====== Args={}
2024-12-07 13:29:05,251 : INFO : EventManager : Event: ======'s_reentry_left_active'====== Args={}
2024-12-07 13:29:05,251 : INFO : EventManager : Event: ======'sw_playfield_active'====== Args={}
2024-12-07 13:29:05,254 : INFO : EventManager : Event: ======'playfield_active'====== Args={}
2024-12-07 13:29:05,254 : INFO : EventManager : Event: ======'unexpected_ball_on_playfield'====== Args={}
2024-12-07 13:29:05,423 : INFO : SwitchController : <<<<<<< 's_reentry_left' inactive >>>>>>>
2024-12-07 13:29:06,338 : INFO : EventManager : Event: ======'slide_last_game_score_slide_created'====== Args={'_from_bcp': True}
2024-12-07 13:29:06,338 : INFO : EventManager : Event: ======'slide_last_game_score_slide_active'====== Args={'_from_bcp': True}
2024-12-07 13:29:07,115 : INFO : SwitchController : <<<<<<< 's_start' active >>>>>>>
2024-12-07 13:29:07,241 : INFO : SwitchController : <<<<<<< 's_start' inactive >>>>>>>
2024-12-07 13:29:07,242 : INFO : EventManager : Event: ======'request_to_start_game'====== Args={}
2024-12-07 13:29:07,243 : INFO : EventManager : Event: ======'game_start'====== Args={'buttons': [], 'hold_time': 0.125}
2024-12-07 13:29:07,244 : INFO : EventManager : Event: ======'mode_game_will_start'====== Args={'buttons': [], 'hold_time': 0.125}
2024-12-07 13:29:07,245 : INFO : EventManager : Event: ======'mode_game_starting'====== Args={'buttons': [], 'hold_time': 0.125}
2024-12-07 13:29:07,245 : INFO : EventManager : Event: ======'mode_attract_will_stop'====== Args={}
2024-12-07 13:29:07,246 : INFO : EventManager : Event: ======'mode_attract_stopping'====== Args={}
2024-12-07 13:29:07,246 : INFO : Mode.attract : Stopped.
2024-12-07 13:29:07,246 : INFO : EventManager : Event: ======'modes_active_modes_changed'====== Args={}
2024-12-07 13:29:07,247 : INFO : EventManager : Event: ======'mode_attract_stopped'====== Args={}
2024-12-07 13:29:07,247 : INFO : EventManager : Event: ======'clear'====== Args={'key': 'attract'}
2024-12-07 13:29:07,248 : INFO : Mode.game : Started. Priority: 20
2024-12-07 13:29:07,248 : INFO : EventManager : Event: ======'modes_active_modes_changed'====== Args={}
2024-12-07 13:29:07,248 : INFO : EventManager : Event: ======'mode_game_started'====== Args={'buttons': [], 'hold_time': 0.125}
2024-12-07 13:29:07,259 : INFO : EventManager : Event: ======'game_will_start'====== Args={}
2024-12-07 13:29:07,260 : INFO : EventManager : Event: ======'slide_awesome_slide_removed'====== Args={'_from_bcp': True}
2024-12-07 13:29:07,260 : INFO : EventManager : Event: ======'slide_press_start_removed'====== Args={'_from_bcp': True}
2024-12-07 13:29:07,260 : INFO : EventManager : Event: ======'slide_mission_pinball_removed'====== Args={'_from_bcp': True}
2024-12-07 13:29:07,260 : INFO : EventManager : Event: ======'slide_last_game_score_slide_removed'====== Args={'_from_bcp': True}
2024-12-07 13:29:07,260 : INFO : EventManager : Event: ======'slide_welcome_slide_active'====== Args={'_from_bcp': True}
2024-12-07 13:29:07,260 : INFO : EventManager : Event: ======'game_starting'====== Args={'game': <Mode.game>}
2024-12-07 13:29:07,261 : INFO : EventManager : Event: ======'player_add_request'====== Args={}
2024-12-07 13:29:07,261 : INFO : EventManager : Event: ======'player_will_add'====== Args={'number': 1}
2024-12-07 13:29:07,261 : INFO : EventManager : Event: ======'player_adding'====== Args={'player': <Player 1>, 'number': 1}
2024-12-07 13:29:07,262 : INFO : EventManager : Event: ======'player_added'====== Args={'player': <Player 1>, 'num': 1}
2024-12-07 13:29:07,262 : INFO : Mode.game : Player added successfully. Total players: 1
2024-12-07 13:29:07,262 : INFO : EventManager : Event: ======'player_index'====== Args={'value': 0, 'prev_value': 0, 'change': 0, 'player_num': 1}
2024-12-07 13:29:07,262 : INFO : EventManager : Event: ======'player_number'====== Args={'value': 1, 'prev_value': 1, 'change': 0, 'player_num': 1}
2024-12-07 13:29:07,262 : INFO : EventManager : Event: ======'player_score'====== Args={'value': 0, 'prev_value': 0, 'change': 0, 'player_num': 1}
2024-12-07 13:29:07,263 : INFO : EventManager : Event: ======'game_started'====== Args={}
2024-12-07 13:29:07,280 : INFO : EventManager : Event: ======'player_turn_will_start'====== Args={'player': <Player 1>, 'number': 1}
2024-12-07 13:29:07,281 : INFO : EventManager : Event: ======'player_turn_starting'====== Args={'player': <Player 1>, 'number': 1}
2024-12-07 13:29:07,282 : INFO : EventManager : Event: ======'player_ball'====== Args={'value': 1, 'prev_value': 0, 'change': 1, 'player_num': 1}
2024-12-07 13:29:07,282 : INFO : EventManager : Event: ======'player_turn_started'====== Args={'player': <Player 1>, 'number': 1}
2024-12-07 13:29:07,283 : INFO : EventManager : Event: ======'ball_will_start'====== Args={'player': 1, 'ball': 1, 'balls_remaining': 2, 'is_extra_ball': False}
2024-12-07 13:29:07,287 : INFO : EventManager : Event: ======'ball_starting'====== Args={'player': 1, 'ball': 1, 'balls_remaining': 2, 'is_extra_ball': False}
2024-12-07 13:29:07,288 : INFO : EventManager : Event: ======'mode_base_will_start'====== Args={'queue': <QueuedEvent>, 'player': 1, 'ball': 1, 'balls_remaining': 2, 'is_extra_ball': False}
2024-12-07 13:29:07,288 : INFO : EventManager : Event: ======'mode_base_starting'====== Args={'queue': <QueuedEvent>, 'player': 1, 'ball': 1, 'balls_remaining': 2, 'is_extra_ball': False}
2024-12-07 13:29:07,288 : INFO : Mode.base : Started. Priority: 100
2024-12-07 13:29:07,289 : INFO : EventManager : Event: ======'modes_active_modes_changed'====== Args={}
2024-12-07 13:29:07,289 : INFO : EventManager : Event: ======'mode_base_started'====== Args={'queue': <QueuedEvent>, 'player': 1, 'ball': 1, 'balls_remaining': 2, 'is_extra_ball': False}
2024-12-07 13:29:07,289 : INFO : EventManager : Event: ======'balls_in_play'====== Args={'balls': 1}
2024-12-07 13:29:07,289 : INFO : EventManager : Event: ======'ball_started'====== Args={'player': 1, 'ball': 1, 'balls_remaining': 2, 'is_extra_ball': False}
2024-12-07 13:29:07,290 : INFO : EventManager : Event: ======'mode_lowerlanes_will_start'====== Args={'player': 1, 'ball': 1, 'balls_remaining': 2, 'is_extra_ball': False}
2024-12-07 13:29:07,290 : INFO : EventManager : Event: ======'player_shot_returnLaneL_shot_enabled'====== Args={'value': True, 'prev_value': 0, 'change': 1, 'player_num': 1}
2024-12-07 13:29:07,291 : INFO : EventManager : Event: ======'player_shot_bonusLane_shot_enabled'====== Args={'value': True, 'prev_value': 0, 'change': 1, 'player_num': 1}
2024-12-07 13:29:07,291 : INFO : EventManager : Event: ======'player_shot_outLaneL_shot_enabled'====== Args={'value': True, 'prev_value': 0, 'change': 1, 'player_num': 1}
2024-12-07 13:29:07,291 : INFO : EventManager : Event: ======'player_shot_returnLaneR_shot_enabled'====== Args={'value': True, 'prev_value': 0, 'change': 1, 'player_num': 1}
2024-12-07 13:29:07,292 : INFO : EventManager : Event: ======'player_shot_outLaneR_shot_enabled'====== Args={'value': True, 'prev_value': 0, 'change': 1, 'player_num': 1}
2024-12-07 13:29:07,292 : INFO : EventManager : Event: ======'player_shot_spacewarp_rollover_shot_enabled'====== Args={'value': True, 'prev_value': 0, 'change': 1, 'player_num': 1}
2024-12-07 13:29:07,293 : INFO : EventManager : Event: ======'returnLane_shot_complete'====== Args={'state': 'unlit'}
2024-12-07 13:29:07,293 : INFO : EventManager : Event: ======'returnLane_shot_unlit_complete'====== Args={}
2024-12-07 13:29:07,293 : INFO : EventManager : Event: ======'outLane_shot_complete'====== Args={'state': 'unlit'}
2024-12-07 13:29:07,293 : INFO : EventManager : Event: ======'outLane_shot_unlit_complete'====== Args={}
2024-12-07 13:29:07,294 : INFO : EventManager : Event: ======'mode_lowerlanes_starting'====== Args={'player': 1, 'ball': 1, 'balls_remaining': 2, 'is_extra_ball': False}
2024-12-07 13:29:07,294 : INFO : EventManager : Event: ======'mode_reentry_will_start'====== Args={'player': 1, 'ball': 1, 'balls_remaining': 2, 'is_extra_ball': False}
2024-12-07 13:29:07,294 : INFO : EventManager : Event: ======'player_shot_reentryL_shot_enabled'====== Args={'value': True, 'prev_value': 0, 'change': 1, 'player_num': 1}
2024-12-07 13:29:07,294 : INFO : EventManager : Event: ======'player_shot_reentryM_shot_enabled'====== Args={'value': True, 'prev_value': 0, 'change': 1, 'player_num': 1}
2024-12-07 13:29:07,294 : INFO : EventManager : Event: ======'player_shot_reentryR_shot_enabled'====== Args={'value': True, 'prev_value': 0, 'change': 1, 'player_num': 1}
2024-12-07 13:29:07,295 : INFO : EventManager : Event: ======'reentry_shot_complete'====== Args={'state': 'off'}
2024-12-07 13:29:07,295 : INFO : EventManager : Event: ======'reentry_shot_off_complete'====== Args={}
2024-12-07 13:29:07,296 : INFO : EventManager : Event: ======'mode_reentry_starting'====== Args={'player': 1, 'ball': 1, 'balls_remaining': 2, 'is_extra_ball': False}
2024-12-07 13:29:07,297 : INFO : Mode.lowerlanes : Started. Priority: 200
2024-12-07 13:29:07,297 : INFO : EventManager : Event: ======'modes_active_modes_changed'====== Args={}
2024-12-07 13:29:07,297 : INFO : EventManager : Event: ======'mode_lowerlanes_started'====== Args={'player': 1, 'ball': 1, 'balls_remaining': 2, 'is_extra_ball': False}
2024-12-07 13:29:07,335 : INFO : EventManager : Event: ======'logicblock_reentry_shot_complete_count_updated'====== Args={'value': 1, 'enabled': True}
2024-12-07 13:29:07,335 : INFO : EventManager : Event: ======'logicblock_reentry_shot_complete_count_updated'====== Args={'value': 1, 'enabled': True}
2024-12-07 13:29:07,335 : INFO : Mode.reentry : Started. Priority: 200
2024-12-07 13:29:07,335 : INFO : EventManager : Event: ======'modes_active_modes_changed'====== Args={}
2024-12-07 13:29:07,335 : INFO : EventManager : Event: ======'mode_reentry_started'====== Args={'player': 1, 'ball': 1, 'balls_remaining': 2, 'is_extra_ball': False}
2024-12-07 13:29:07,335 : INFO : EventManager : Event: ======'player_attack_bumper_count'====== Args={'value': 1, 'prev_value': 0, 'change': 1, 'player_num': 1}
2024-12-07 13:29:07,336 : INFO : EventManager : Event: ======'single_player_ball_started'====== Args={}
2024-12-07 13:29:07,337 : INFO : EventManager : Event: ======'slide_base.slide_player-mode_base_started_created'====== Args={'_from_bcp': True}
2024-12-07 13:29:07,337 : INFO : EventManager : Event: ======'slide__global.slide_player-ball_started_created'====== Args={'_from_bcp': True}
2024-12-07 13:29:07,337 : INFO : EventManager : Event: ======'slide_base.slide_player-mode_base_started_active'====== Args={'_from_bcp': True}
2024-12-07 13:29:07,370 : INFO : EventManager : Event: ======'ball_start_target'====== Args={'target': 'playfield'}
2024-12-07 13:29:07,370 : INFO : ball_device.bd_plunger : Setting up player-controlled eject. Balls: 1, Target: <playfield.playfield>, player_controlled_eject_event: None
2024-12-07 13:29:07,371 : INFO : EventManager : Event: ======'balldevice_balls_available'====== Args={}
2024-12-07 13:29:07,372 : INFO : ball_device.bd_trough : State: waiting_for_target_ready
2024-12-07 13:29:07,373 : INFO : EventManager : Event: ======'balldevice_bd_trough_ball_eject_attempt'====== Args={'balls': 1, 'target': <ball_device.bd_plunger>, 'source': <ball_device.bd_trough>, 'mechanical_eject': True, 'num_attempts': 0}
2024-12-07 13:29:07,373 : INFO : ball_device.bd_plunger : State: waiting_for_ball
2024-12-07 13:29:07,373 : INFO : ball_device.bd_trough : State: ejecting
2024-12-07 13:29:07,373 : INFO : ball_device.bd_trough : Ejecting ball to <ball_device.bd_plunger>
2024-12-07 13:29:07,374 : INFO : EventManager : Event: ======'balldevice_bd_trough_ejecting_ball'====== Args={'balls': 1, 'target': <ball_device.bd_plunger>, 'source': <ball_device.bd_trough>, 'mechanical_eject': True, 'num_attempts': 0}
2024-12-07 13:29:07,375 : INFO : ball_device.bd_trough : Wait for ball to leave device
2024-12-07 13:29:07,375 : INFO : coil.c_trough_eject : Pulsing Driver for 10ms (1.0 pulse_power)
2024-12-07 13:29:10,805 : INFO : EventManager : Event: ======'s_spacewarp_rollover'====== Args={'_from_bcp': True}
2024-12-07 13:29:11,052 : INFO : EventManager : Event: ======'s_spacewarp_rollover'====== Args={'_from_bcp': True}
2024-12-07 13:29:11,251 : INFO : EventManager : Event: ======'s_spacewarp_rollover'====== Args={'_from_bcp': True}
2024-12-07 13:29:11,433 : INFO : EventManager : Event: ======'s_spacewarp_rollover'====== Args={'_from_bcp': True}
2024-12-07 13:29:11,608 : INFO : EventManager : Event: ======'s_spacewarp_rollover'====== Args={'_from_bcp': True}
2024-12-07 13:29:11,817 : INFO : EventManager : Event: ======'s_spacewarp_rollover'====== Args={'_from_bcp': True}
2024-12-07 13:29:11,975 : INFO : EventManager : Event: ======'s_spacewarp_rollover'====== Args={'_from_bcp': True}
2024-12-07 13:29:12,172 : INFO : EventManager : Event: ======'s_spacewarp_rollover'====== Args={'_from_bcp': True}
2024-12-07 13:29:12,416 : INFO : EventManager : Event: ======'s_spacewarp_rollover'====== Args={'_from_bcp': True}
2024-12-07 13:29:16,629 : INFO : SwitchController : <<<<<<< 's_reentry_left' active >>>>>>>
2024-12-07 13:29:16,629 : INFO : EventManager : Event: ======'playfield_active'====== Args={}
2024-12-07 13:29:16,630 : INFO : EventManager : Event: ======'unexpected_ball_on_playfield'====== Args={}
2024-12-07 13:29:16,630 : INFO : EventManager : Event: ======'s_reentry_left_active'====== Args={}
2024-12-07 13:29:16,630 : INFO : EventManager : Event: ======'sw_playfield_active'====== Args={}
2024-12-07 13:29:16,630 : INFO : EventManager : Event: ======'machine_var_audits_switches_s_reentry_left'====== Args={'value': 821, 'prev_value': 820, 'change': 1}
2024-12-07 13:29:16,644 : INFO : EventManager : Event: ======'player_shot_reentryL_shot'====== Args={'value': 1, 'prev_value': 0, 'change': 1, 'player_num': 1}
2024-12-07 13:29:16,644 : INFO : EventManager : Event: ======'machine_var_audits_shots_reentryL_shot'====== Args={'value': 466, 'prev_value': 465, 'change': 1}
2024-12-07 13:29:16,644 : INFO : EventManager : Event: ======'reentryL_shot_hit'====== Args={'profile': 'reentry', 'state': 'off', 'advancing': True}
2024-12-07 13:29:16,644 : INFO : EventManager : Event: ======'reentryL_shot_reentry_hit'====== Args={'profile': 'reentry', 'state': 'off', 'advancing': True}
2024-12-07 13:29:16,644 : INFO : EventManager : Event: ======'reentryL_shot_reentry_off_hit'====== Args={'profile': 'reentry', 'state': 'off', 'advancing': True}
2024-12-07 13:29:16,644 : INFO : EventManager : Event: ======'reentryL_shot_off_hit'====== Args={'profile': 'reentry', 'state': 'off', 'advancing': True}
2024-12-07 13:29:16,644 : INFO : EventManager : Event: ======'reentry_shot_hit'====== Args={}
2024-12-07 13:29:16,644 : INFO : EventManager : Event: ======'reentry_shot_off_hit'====== Args={}
2024-12-07 13:29:16,644 : INFO : EventManager : Event: ======'player_score'====== Args={'value': 1000, 'prev_value': 0, 'change': 1000, 'player_num': 1}
2024-12-07 13:29:16,644 : INFO : EventManager : Event: ======'playfield_active'====== Args={}
2024-12-07 13:29:16,644 : INFO : EventManager : Event: ======'unexpected_ball_on_playfield'====== Args={}
2024-12-07 13:29:16,849 : INFO : SwitchController : <<<<<<< 's_reentry_left' inactive >>>>>>>
2024-12-07 13:29:17,360 : INFO : EventManager : Event: ======'balldevice_bd_trough_ball_eject_failed'====== Args={'target': <ball_device.bd_plunger>, 'balls': 1, 'retry': True, 'num_attempts': 1}
2024-12-07 13:29:17,362 : INFO : ball_device.bd_trough : State: waiting_for_target_ready
2024-12-07 13:29:17,362 : INFO : EventManager : Event: ======'balldevice_bd_trough_ball_eject_attempt'====== Args={'balls': 1, 'target': <ball_device.bd_plunger>, 'source': <ball_device.bd_trough>, 'mechanical_eject': True, 'num_attempts': 1}
2024-12-07 13:29:17,363 : INFO : ball_device.bd_trough : State: ejecting
2024-12-07 13:29:17,364 : INFO : ball_device.bd_trough : Ejecting ball to <ball_device.bd_plunger>
2024-12-07 13:29:17,364 : INFO : EventManager : Event: ======'balldevice_bd_trough_ejecting_ball'====== Args={'balls': 1, 'target': <ball_device.bd_plunger>, 'source': <ball_device.bd_trough>, 'mechanical_eject': True, 'num_attempts': 1}
2024-12-07 13:29:17,365 : INFO : ball_device.bd_trough : Wait for ball to leave device
2024-12-07 13:29:17,366 : INFO : coil.c_trough_eject : Pulsing Driver for 10ms (1.0 pulse_power)
2024-12-07 13:29:17,596 : INFO : SwitchController : <<<<<<< 's_reentry_left' active >>>>>>>
2024-12-07 13:29:17,596 : INFO : EventManager : Event: ======'playfield_active'====== Args={}
2024-12-07 13:29:17,596 : INFO : EventManager : Event: ======'unexpected_ball_on_playfield'====== Args={}
2024-12-07 13:29:17,596 : INFO : EventManager : Event: ======'s_reentry_left_active'====== Args={}
2024-12-07 13:29:17,596 : INFO : EventManager : Event: ======'sw_playfield_active'====== Args={}
2024-12-07 13:29:17,596 : INFO : EventManager : Event: ======'machine_var_audits_switches_s_reentry_left'====== Args={'value': 822, 'prev_value': 821, 'change': 1}
2024-12-07 13:29:17,599 : INFO : EventManager : Event: ======'player_shot_reentryL_shot'====== Args={'value': 0, 'prev_value': 1, 'change': -1, 'player_num': 1}
2024-12-07 13:29:17,599 : INFO : EventManager : Event: ======'machine_var_audits_shots_reentryL_shot'====== Args={'value': 467, 'prev_value': 466, 'change': 1}
2024-12-07 13:29:17,600 : INFO : EventManager : Event: ======'reentryL_shot_hit'====== Args={'profile': 'reentry', 'state': 'lit', 'advancing': True}
2024-12-07 13:29:17,600 : INFO : EventManager : Event: ======'reentryL_shot_reentry_hit'====== Args={'profile': 'reentry', 'state': 'lit', 'advancing': True}
2024-12-07 13:29:17,600 : INFO : EventManager : Event: ======'reentryL_shot_reentry_lit_hit'====== Args={'profile': 'reentry', 'state': 'lit', 'advancing': True}
2024-12-07 13:29:17,601 : INFO : EventManager : Event: ======'reentryL_shot_lit_hit'====== Args={'profile': 'reentry', 'state': 'lit', 'advancing': True}
2024-12-07 13:29:17,601 : INFO : EventManager : Event: ======'reentry_shot_complete'====== Args={'state': 'off'}
2024-12-07 13:29:17,601 : INFO : EventManager : Event: ======'reentry_shot_off_complete'====== Args={}
2024-12-07 13:29:17,601 : INFO : EventManager : Event: ======'reentry_shot_hit'====== Args={}
2024-12-07 13:29:17,601 : INFO : EventManager : Event: ======'reentry_shot_lit_hit'====== Args={}
2024-12-07 13:29:17,601 : INFO : EventManager : Event: ======'player_score'====== Args={'value': 3000, 'prev_value': 1000, 'change': 2000, 'player_num': 1}
2024-12-07 13:29:17,602 : INFO : EventManager : Event: ======'playfield_active'====== Args={}
2024-12-07 13:29:17,602 : INFO : EventManager : Event: ======'unexpected_ball_on_playfield'====== Args={}
2024-12-07 13:29:17,798 : INFO : SwitchController : <<<<<<< 's_reentry_left' inactive >>>>>>>
2024-12-07 13:29:18,768 : INFO : EventManager : Event: ======'s_spacewarp_rollover'====== Args={'_from_bcp': True}
2024-12-07 13:29:19,059 : INFO : EventManager : Event: ======'s_spacewarp_rollover'====== Args={'_from_bcp': True}
2024-12-07 13:29:19,257 : INFO : EventManager : Event: ======'s_spacewarp_rollover'====== Args={'_from_bcp': True}
2024-12-07 13:29:19,486 : INFO : EventManager : Event: ======'s_spacewarp_rollover'====== Args={'_from_bcp': True}
2024-12-07 13:29:19,708 : INFO : EventManager : Event: ======'s_spacewarp_rollover'====== Args={'_from_bcp': True}
2024-12-07 13:29:19,933 : INFO : EventManager : Event: ======'s_spacewarp_rollover'====== Args={'_from_bcp': True}
2024-12-07 13:29:27,365 : INFO : EventManager : Event: ======'balldevice_bd_trough_ball_eject_failed'====== Args={'target': <ball_device.bd_plunger>, 'balls': 1, 'retry': True, 'num_attempts': 2}
2024-12-07 13:29:27,366 : INFO : ball_device.bd_trough : State: waiting_for_target_ready
2024-12-07 13:29:27,367 : INFO : EventManager : Event: ======'balldevice_bd_trough_ball_eject_attempt'====== Args={'balls': 1, 'target': <ball_device.bd_plunger>, 'source': <ball_device.bd_trough>, 'mechanical_eject': True, 'num_attempts': 2}
2024-12-07 13:29:27,367 : INFO : ball_device.bd_trough : State: ejecting
2024-12-07 13:29:27,367 : INFO : ball_device.bd_trough : Ejecting ball to <ball_device.bd_plunger>
2024-12-07 13:29:27,367 : INFO : EventManager : Event: ======'balldevice_bd_trough_ejecting_ball'====== Args={'balls': 1, 'target': <ball_device.bd_plunger>, 'source': <ball_device.bd_trough>, 'mechanical_eject': True, 'num_attempts': 2}
2024-12-07 13:29:27,368 : INFO : ball_device.bd_trough : Wait for ball to leave device
2024-12-07 13:29:27,369 : INFO : coil.c_trough_eject : Pulsing Driver for 10ms (1.0 pulse_power)
2024-12-07 13:29:37,372 : INFO : EventManager : Event: ======'balldevice_bd_trough_ball_eject_failed'====== Args={'target': <ball_device.bd_plunger>, 'balls': 1, 'retry': True, 'num_attempts': 3}
2024-12-07 13:29:37,377 : INFO : ball_device.bd_trough : State: waiting_for_target_ready
2024-12-07 13:29:37,378 : INFO : EventManager : Event: ======'balldevice_bd_trough_ball_eject_attempt'====== Args={'balls': 1, 'target': <ball_device.bd_plunger>, 'source': <ball_device.bd_trough>, 'mechanical_eject': True, 'num_attempts': 3}
2024-12-07 13:29:37,380 : INFO : ball_device.bd_trough : State: ejecting
2024-12-07 13:29:37,380 : INFO : ball_device.bd_trough : Ejecting ball to <ball_device.bd_plunger>
2024-12-07 13:29:37,380 : INFO : EventManager : Event: ======'balldevice_bd_trough_ejecting_ball'====== Args={'balls': 1, 'target': <ball_device.bd_plunger>, 'source': <ball_device.bd_trough>, 'mechanical_eject': True, 'num_attempts': 3}
2024-12-07 13:29:37,384 : INFO : ball_device.bd_trough : Wait for ball to leave device
2024-12-07 13:29:37,385 : INFO : coil.c_trough_eject : Pulsing Driver for 10ms (1.0 pulse_power)
2024-12-07 13:29:47,372 : INFO : EventManager : Event: ======'balldevice_bd_trough_ball_eject_failed'====== Args={'target': <ball_device.bd_plunger>, 'balls': 1, 'retry': True, 'num_attempts': 4}
2024-12-07 13:29:47,373 : INFO : ball_device.bd_trough : State: waiting_for_target_ready
2024-12-07 13:29:47,374 : INFO : EventManager : Event: ======'balldevice_bd_trough_ball_eject_attempt'====== Args={'balls': 1, 'target': <ball_device.bd_plunger>, 'source': <ball_device.bd_trough>, 'mechanical_eject': True, 'num_attempts': 4}
2024-12-07 13:29:47,374 : INFO : ball_device.bd_trough : State: ejecting
2024-12-07 13:29:47,374 : INFO : ball_device.bd_trough : Ejecting ball to <ball_device.bd_plunger>
2024-12-07 13:29:47,374 : INFO : EventManager : Event: ======'balldevice_bd_trough_ejecting_ball'====== Args={'balls': 1, 'target': <ball_device.bd_plunger>, 'source': <ball_device.bd_trough>, 'mechanical_eject': True, 'num_attempts': 4}
2024-12-07 13:29:47,375 : INFO : ball_device.bd_trough : Wait for ball to leave device
2024-12-07 13:29:47,376 : INFO : coil.c_trough_eject : Pulsing Driver for 10ms (1.0 pulse_power)
2024-12-07 13:29:57,359 : INFO : EventManager : Event: ======'balldevice_bd_trough_ball_eject_failed'====== Args={'target': <ball_device.bd_plunger>, 'balls': 1, 'retry': True, 'num_attempts': 5}
2024-12-07 13:29:57,363 : INFO : ball_device.bd_trough : State: waiting_for_target_ready
2024-12-07 13:29:57,363 : INFO : EventManager : Event: ======'balldevice_bd_trough_ball_eject_attempt'====== Args={'balls': 1, 'target': <ball_device.bd_plunger>, 'source': <ball_device.bd_trough>, 'mechanical_eject': True, 'num_attempts': 5}
2024-12-07 13:29:57,366 : INFO : ball_device.bd_trough : State: ejecting
2024-12-07 13:29:57,366 : INFO : ball_device.bd_trough : Ejecting ball to <ball_device.bd_plunger>
2024-12-07 13:29:57,366 : INFO : EventManager : Event: ======'balldevice_bd_trough_ejecting_ball'====== Args={'balls': 1, 'target': <ball_device.bd_plunger>, 'source': <ball_device.bd_trough>, 'mechanical_eject': True, 'num_attempts': 5}
2024-12-07 13:29:57,370 : INFO : ball_device.bd_trough : Wait for ball to leave device
2024-12-07 13:29:57,371 : INFO : coil.c_trough_eject : Pulsing Driver for 10ms (1.0 pulse_power)
2024-12-07 13:30:07,358 : INFO : EventManager : Event: ======'balldevice_bd_trough_ball_eject_failed'====== Args={'target': <ball_device.bd_plunger>, 'balls': 1, 'retry': True, 'num_attempts': 6}
2024-12-07 13:30:07,360 : INFO : ball_device.bd_trough : State: waiting_for_target_ready
2024-12-07 13:30:07,361 : INFO : EventManager : Event: ======'balldevice_bd_trough_ball_eject_attempt'====== Args={'balls': 1, 'target': <ball_device.bd_plunger>, 'source': <ball_device.bd_trough>, 'mechanical_eject': True, 'num_attempts': 6}
2024-12-07 13:30:07,362 : INFO : ball_device.bd_trough : State: ejecting
2024-12-07 13:30:07,362 : INFO : ball_device.bd_trough : Ejecting ball to <ball_device.bd_plunger>
2024-12-07 13:30:07,362 : INFO : EventManager : Event: ======'balldevice_bd_trough_ejecting_ball'====== Args={'balls': 1, 'target': <ball_device.bd_plunger>, 'source': <ball_device.bd_trough>, 'mechanical_eject': True, 'num_attempts': 6}
2024-12-07 13:30:07,364 : INFO : ball_device.bd_trough : Wait for ball to leave device
2024-12-07 13:30:07,364 : INFO : coil.c_trough_eject : Pulsing Driver for 10ms (1.0 pulse_power)
2024-12-07 13:30:17,363 : INFO : EventManager : Event: ======'balldevice_bd_trough_ball_eject_failed'====== Args={'target': <ball_device.bd_plunger>, 'balls': 1, 'retry': True, 'num_attempts': 7}
2024-12-07 13:30:17,366 : INFO : ball_device.bd_trough : State: waiting_for_target_ready
2024-12-07 13:30:17,366 : INFO : EventManager : Event: ======'balldevice_bd_trough_ball_eject_attempt'====== Args={'balls': 1, 'target': <ball_device.bd_plunger>, 'source': <ball_device.bd_trough>, 'mechanical_eject': True, 'num_attempts': 7}
2024-12-07 13:30:17,368 : INFO : ball_device.bd_trough : State: ejecting
2024-12-07 13:30:17,368 : INFO : ball_device.bd_trough : Ejecting ball to <ball_device.bd_plunger>
2024-12-07 13:30:17,368 : INFO : EventManager : Event: ======'balldevice_bd_trough_ejecting_ball'====== Args={'balls': 1, 'target': <ball_device.bd_plunger>, 'source': <ball_device.bd_trough>, 'mechanical_eject': True, 'num_attempts': 7}
2024-12-07 13:30:17,371 : INFO : ball_device.bd_trough : Wait for ball to leave device
2024-12-07 13:30:17,372 : INFO : coil.c_trough_eject : Pulsing Driver for 10ms (1.0 pulse_power)
2024-12-07 13:30:27,358 : INFO : EventManager : Event: ======'balldevice_bd_trough_ball_eject_failed'====== Args={'target': <ball_device.bd_plunger>, 'balls': 1, 'retry': True, 'num_attempts': 8}
2024-12-07 13:30:27,359 : INFO : ball_device.bd_trough : State: waiting_for_target_ready
2024-12-07 13:30:27,360 : INFO : EventManager : Event: ======'balldevice_bd_trough_ball_eject_attempt'====== Args={'balls': 1, 'target': <ball_device.bd_plunger>, 'source': <ball_device.bd_trough>, 'mechanical_eject': True, 'num_attempts': 8}
2024-12-07 13:30:27,360 : INFO : ball_device.bd_trough : State: ejecting
2024-12-07 13:30:27,360 : INFO : ball_device.bd_trough : Ejecting ball to <ball_device.bd_plunger>
2024-12-07 13:30:27,360 : INFO : EventManager : Event: ======'balldevice_bd_trough_ejecting_ball'====== Args={'balls': 1, 'target': <ball_device.bd_plunger>, 'source': <ball_device.bd_trough>, 'mechanical_eject': True, 'num_attempts': 8}
2024-12-07 13:30:27,361 : INFO : ball_device.bd_trough : Wait for ball to leave device
2024-12-07 13:30:27,361 : INFO : coil.c_trough_eject : Pulsing Driver for 10ms (1.0 pulse_power)
2024-12-07 13:30:37,360 : INFO : EventManager : Event: ======'balldevice_bd_trough_ball_eject_failed'====== Args={'target': <ball_device.bd_plunger>, 'balls': 1, 'retry': True, 'num_attempts': 9}
2024-12-07 13:30:37,361 : INFO : ball_device.bd_trough : State: waiting_for_target_ready
2024-12-07 13:30:37,361 : INFO : EventManager : Event: ======'balldevice_bd_trough_ball_eject_attempt'====== Args={'balls': 1, 'target': <ball_device.bd_plunger>, 'source': <ball_device.bd_trough>, 'mechanical_eject': True, 'num_attempts': 9}
2024-12-07 13:30:37,362 : INFO : ball_device.bd_trough : State: ejecting
2024-12-07 13:30:37,362 : INFO : ball_device.bd_trough : Ejecting ball to <ball_device.bd_plunger>
2024-12-07 13:30:37,362 : INFO : EventManager : Event: ======'balldevice_bd_trough_ejecting_ball'====== Args={'balls': 1, 'target': <ball_device.bd_plunger>, 'source': <ball_device.bd_trough>, 'mechanical_eject': True, 'num_attempts': 9}
2024-12-07 13:30:37,363 : INFO : ball_device.bd_trough : Wait for ball to leave device
2024-12-07 13:30:37,363 : INFO : coil.c_trough_eject : Pulsing Driver for 10ms (1.0 pulse_power)
2024-12-07 13:30:47,360 : INFO : EventManager : Event: ======'balldevice_bd_trough_ball_eject_failed'====== Args={'target': <ball_device.bd_plunger>, 'balls': 1, 'retry': True, 'num_attempts': 10}
2024-12-07 13:30:47,363 : INFO : ball_device.bd_trough : State: waiting_for_target_ready
2024-12-07 13:30:47,363 : INFO : EventManager : Event: ======'balldevice_bd_trough_ball_eject_attempt'====== Args={'balls': 1, 'target': <ball_device.bd_plunger>, 'source': <ball_device.bd_trough>, 'mechanical_eject': True, 'num_attempts': 10}
2024-12-07 13:30:47,365 : INFO : ball_device.bd_trough : State: ejecting
2024-12-07 13:30:47,365 : INFO : ball_device.bd_trough : Ejecting ball to <ball_device.bd_plunger>
2024-12-07 13:30:47,365 : INFO : EventManager : Event: ======'balldevice_bd_trough_ejecting_ball'====== Args={'balls': 1, 'target': <ball_device.bd_plunger>, 'source': <ball_device.bd_trough>, 'mechanical_eject': True, 'num_attempts': 10}
2024-12-07 13:30:47,368 : INFO : ball_device.bd_trough : Wait for ball to leave device
2024-12-07 13:30:47,369 : INFO : coil.c_trough_eject : Pulsing Driver for 10ms (1.0 pulse_power)
2024-12-07 13:30:57,360 : INFO : EventManager : Event: ======'balldevice_bd_trough_ball_eject_failed'====== Args={'target': <ball_device.bd_plunger>, 'balls': 1, 'retry': True, 'num_attempts': 11}
2024-12-07 13:30:57,361 : INFO : ball_device.bd_trough : State: waiting_for_target_ready
2024-12-07 13:30:57,361 : INFO : EventManager : Event: ======'balldevice_bd_trough_ball_eject_attempt'====== Args={'balls': 1, 'target': <ball_device.bd_plunger>, 'source': <ball_device.bd_trough>, 'mechanical_eject': True, 'num_attempts': 11}
2024-12-07 13:30:57,362 : INFO : ball_device.bd_trough : State: ejecting
2024-12-07 13:30:57,362 : INFO : ball_device.bd_trough : Ejecting ball to <ball_device.bd_plunger>
2024-12-07 13:30:57,362 : INFO : EventManager : Event: ======'balldevice_bd_trough_ejecting_ball'====== Args={'balls': 1, 'target': <ball_device.bd_plunger>, 'source': <ball_device.bd_trough>, 'mechanical_eject': True, 'num_attempts': 11}
2024-12-07 13:30:57,364 : INFO : ball_device.bd_trough : Wait for ball to leave device
2024-12-07 13:30:57,364 : INFO : coil.c_trough_eject : Pulsing Driver for 10ms (1.0 pulse_power)
2024-12-07 13:31:02,847 : INFO : Machine : Shutting down...
2024-12-07 13:31:02,847 : INFO : EventManager : Event: ======'shutdown'====== Args={}
2024-12-07 13:31:02,858 : ERROR : OPP : Stop called on serial connection com5
2024-12-07 13:31:02,858 : ERROR : OPP : Stop called on serial connection com4
2024-12-07 13:31:02,862 : ERROR : asyncio : Task was destroyed but it is pending!
task: <Task pending coro=<Event.wait() running at C:\Program Files\Python37\lib\asyncio\locks.py:293> wait_for=<Future cancelled>>
2024-12-07 13:31:02,862 : INFO : root : MPF run loop ended.
