2024-12-12 20:36:22,152 : kivy : deps: Successfully imported "kivy_deps.gstreamer" 0.3.3
2024-12-12 20:36:22,152 : kivy : deps: Successfully imported "kivy_deps.angle" 0.3.3
2024-12-12 20:36:22,152 : kivy : deps: Successfully imported "kivy_deps.glew" 0.3.1
2024-12-12 20:36:22,152 : kivy : deps: Successfully imported "kivy_deps.sdl2" 0.6.0
2024-12-12 20:36:22,152 : kivy : Kivy: v2.2.1
2024-12-12 20:36:22,152 : kivy : Kivy: Installed at "C:\Users\student\mpfenv3\Lib\site-packages\kivy\__init__.py"
2024-12-12 20:36:22,152 : kivy : Python: v3.11.8 (tags/v3.11.8:db85d51, Feb  6 2024, 22:03:32) [MSC v.1937 64 bit (AMD64)]
2024-12-12 20:36:22,153 : kivy : Python: Interpreter at "C:\Users\student\mpfenv3\Scripts\python.exe"
2024-12-12 20:36:22,168 : kivy : Factory: 190 symbols loaded
2024-12-12 20:36:22,292 : kivy : ImageLoaderFFPy: Using ffpyplayer 4.5.1
2024-12-12 20:36:22,292 : kivy : Image: Providers: img_tex, img_dds, img_sdl2, img_pil, img_ffpyplayer 
2024-12-12 20:36:22,905 : kivy : VideoGstplayer: Using Gstreamer 1.18.5.0
2024-12-12 20:36:22,906 : kivy : Video: Provider: gstplayer
2024-12-12 20:36:22,938 : root : Loading MPF-MC controller
2024-12-12 20:36:22,982 : ConfigProcessor : Config spec file cache created: C:\Users\student\AppData\Local\Temp\config_spec.mpf_cache
2024-12-12 20:36:22,983 : YamlMultifileConfigLoader : Machine config file #1: config
2024-12-12 20:36:22,983 : ConfigProcessor : Loading config from file C:\Users\student\mpfenv3\Lib\site-packages\mpfmc\mcconfig.yaml.
2024-12-12 20:36:22,988 : ConfigProcessor : Loading config: C:\Users\student\mpfenv3\Lib\site-packages\mpfmc\mcconfig.yaml
2024-12-12 20:36:22,989 : ConfigProcessor : Loading config from file C:\Users\student\pinball\cobraPinTest1\config\config.
2024-12-12 20:36:22,993 : ConfigProcessor : Loading config: C:\Users\student\pinball\cobraPinTest1\config\config
2024-12-12 20:36:22,994 : ConfigProcessor : Config file cache created: C:\Users\student\AppData\Local\Temp\d597e459fa663d00d6faab779112d1ee.mpf_cache
2024-12-12 20:36:22,994 : ConfigProcessor : Loading config from file C:\Users\student\mpfenv3\Lib\site-packages\mpf\modes\attract\config\attract.yaml.
2024-12-12 20:36:22,995 : ConfigProcessor : Loading config: C:\Users\student\mpfenv3\Lib\site-packages\mpf\modes\attract\config\attract.yaml
2024-12-12 20:36:22,995 : ConfigProcessor : Loading config from file C:\Users\student\pinball\cobraPinTest1\modes\attract\config\attract.yaml.
2024-12-12 20:36:22,996 : ConfigProcessor : Loading config: C:\Users\student\pinball\cobraPinTest1\modes\attract\config\attract.yaml
2024-12-12 20:36:22,996 : ConfigProcessor : Config file cache created: C:\Users\student\AppData\Local\Temp\0196918bccd620e51d3c4d2630650aa0.mpf_cache
2024-12-12 20:36:22,996 : ConfigProcessor : Loading config from file C:\Users\student\mpfenv3\Lib\site-packages\mpf\modes\game\config\game.yaml.
2024-12-12 20:36:22,997 : ConfigProcessor : Loading config: C:\Users\student\mpfenv3\Lib\site-packages\mpf\modes\game\config\game.yaml
2024-12-12 20:36:22,997 : ConfigProcessor : Config file cache created: C:\Users\student\AppData\Local\Temp\511dcc6b491b0fa2d7aa9abdf6497e9c.mpf_cache
2024-12-12 20:36:22,998 : ConfigProcessor : Loading config from file C:\Users\student\pinball\cobraPinTest1\modes\base\config\base.yaml.
2024-12-12 20:36:22,999 : ConfigProcessor : Loading config: C:\Users\student\pinball\cobraPinTest1\modes\base\config\base.yaml
2024-12-12 20:36:22,999 : ConfigProcessor : Config file cache created: C:\Users\student\AppData\Local\Temp\4675a535c8328a9c278c807d999ed109.mpf_cache
2024-12-12 20:36:22,999 : ConfigProcessor : Loading config from file C:\Users\student\pinball\cobraPinTest1\modes\reentry\config\reentry.yaml.
2024-12-12 20:36:23,002 : ConfigProcessor : Loading config: C:\Users\student\pinball\cobraPinTest1\modes\reentry\config\reentry.yaml
2024-12-12 20:36:23,003 : ConfigProcessor : Config file cache created: C:\Users\student\AppData\Local\Temp\0c8438cab3480347c0c749fa494946a2.mpf_cache
2024-12-12 20:36:23,003 : ConfigProcessor : Loading config from file C:\Users\student\pinball\cobraPinTest1\modes\lowerlanes\config\lowerlanes.yaml.
2024-12-12 20:36:23,005 : ConfigProcessor : Loading config: C:\Users\student\pinball\cobraPinTest1\modes\lowerlanes\config\lowerlanes.yaml
2024-12-12 20:36:23,005 : ConfigProcessor : Config file cache created: C:\Users\student\AppData\Local\Temp\5052615755bdf1309b248cf8695ad4ff.mpf_cache
2024-12-12 20:36:23,006 : mpfmc : Mission Pinball Framework Media Controller (MPF-MC) v0.57.1. Requires MPF v0.57.0 or newer.
2024-12-12 20:36:23,006 : mpfmc : Found MPF v0.57.3
2024-12-12 20:36:23,006 : mpfmc : Machine path: C:\Users\student\pinball\cobraPinTest1
2024-12-12 20:36:23,006 : mpfmc : Starting clock at 60.0Hz
2024-12-12 20:36:23,080 : kivy : Text: Provider: sdl2
2024-12-12 20:36:23,160 : kivy : Window: Provider: sdl2
2024-12-12 20:36:23,900 : kivy : GL: Using the "OpenGL" graphics system
2024-12-12 20:36:23,907 : kivy : GL: GLEW initialization succeeded
2024-12-12 20:36:23,907 : kivy : GL: Backend used <glew>
2024-12-12 20:36:23,908 : kivy : GL: OpenGL version <b'4.6.13543 Compatibility Profile Context 25.20.15006.9'>
2024-12-12 20:36:23,908 : kivy : GL: OpenGL vendor <b'ATI Technologies Inc.'>
2024-12-12 20:36:23,908 : kivy : GL: OpenGL renderer <b'Radeon RX Vega M GL Graphics'>
2024-12-12 20:36:23,908 : kivy : GL: OpenGL parsed version: 4, 6
2024-12-12 20:36:23,908 : kivy : GL: Shading version <b'4.60'>
2024-12-12 20:36:23,908 : kivy : GL: Texture max size <16384>
2024-12-12 20:36:23,908 : kivy : GL: Texture max units <32>
2024-12-12 20:36:23,938 : kivy : Window: auto add sdl2 input provider
2024-12-12 20:36:23,938 : kivy : Window: virtual keyboard not allowed, single mode, not docked
2024-12-12 20:36:30,800 : AudioInterface : Initialized
2024-12-12 20:36:30,800 : AudioInterface : Loaded SDL 2.26.4
2024-12-12 20:36:30,801 : AudioInterface : Loaded SDL_Mixer 2.6.3
2024-12-12 20:36:30,801 : AudioInterface : Loaded GStreamer 1.18.5.0
2024-12-12 20:36:30,801 : AudioInterface : Loaded GLib 2.62.6
2024-12-12 20:36:30,801 : AudioInterface : Settings requested - rate: 44100, channels: 1, buffer: 2048 samples
2024-12-12 20:36:30,801 : AudioInterface : Settings in use - rate: 44100, channels: 1, buffer: 2048 samples (4096 bytes @ 2 bytes per sample)
2024-12-12 20:36:30,801 : SoundSystem : Setting master volume to 0.0
2024-12-12 20:36:30,801 : AudioInterface : Enabling audio playback
2024-12-12 20:36:30,803 : kivy : Base: Start application main loop
2024-12-12 20:36:30,804 : EventManager : Event: ======'display_window_initialized'====== Args={}
2024-12-12 20:36:30,825 : mpfmc : Display: Setting 'window' as default display
2024-12-12 20:36:30,829 : EventManager : Event: ======'displays_initialized'====== Args={}
2024-12-12 20:36:30,830 : EventManager : Event: ======'slide_window_blank_created'====== Args={}
2024-12-12 20:36:30,830 : EventManager : Event: ======'display_window_ready'====== Args={}
2024-12-12 20:36:30,842 : EventManager : Event: ======'init_phase_1'====== Args={}
2024-12-12 20:36:30,845 : EventManager : Event: ======'mc_ready'====== Args={}
2024-12-12 20:36:30,845 : EventManager : Event: ======'init_phase_2'====== Args={}
2024-12-12 20:36:30,848 : EventManager : Event: ======'init_phase_3'====== Args={}
2024-12-12 20:36:30,850 : EventManager : Event: ======'init_phase_4'====== Args={}
2024-12-12 20:36:30,850 : EventManager : Event: ======'init_phase_5'====== Args={}
2024-12-12 20:36:30,850 : EventManager : Event: ======'init_done'====== Args={}
2024-12-12 20:36:30,850 : MPF-MC BCP Server : Starting up on localhost port 5050
2024-12-12 20:36:30,855 : MPF-MC BCP Server : Waiting for a connection...
2024-12-12 20:36:30,865 : kivy : GL: NPOT texture support is available
2024-12-12 20:36:30,866 : EventManager : Event: ======'slide_welcome_slide_created'====== Args={}
2024-12-12 20:36:30,868 : EventManager : Event: ======'slide_welcome_slide_active'====== Args={}
2024-12-12 20:36:30,894 : EventManager : Event: ======'client_disconnected'====== Args={'host': '127.0.0.1', 'port': 5050}
2024-12-12 20:37:36,398 : kivy : Base: Leaving application in progress...
