2024-12-14 16:52:57,979 : INFO : root : Loading config.
2024-12-14 16:52:58,022 : INFO : ConfigProcessor : Config spec file cache created: C:\Users\student\AppData\Local\Temp\config_spec.mpf_cache
2024-12-14 16:52:58,022 : INFO : YamlMultifileConfigLoader : Machine config file #1: config.yaml
2024-12-14 16:52:58,022 : INFO : ConfigProcessor : Loading config from file C:\Users\student\mpfenv3\Lib\site-packages\mpf\mpfconfig.yaml.
2024-12-14 16:52:58,031 : INFO : ConfigProcessor : Loading config: C:\Users\student\mpfenv3\Lib\site-packages\mpf\mpfconfig.yaml
2024-12-14 16:52:58,031 : INFO : ConfigProcessor : Loading config from file C:\Users\student\pinball\cobraPinTest1\config\config.yaml.
2024-12-14 16:52:58,040 : INFO : ConfigProcessor : Loading config: C:\Users\student\pinball\cobraPinTest1\config\config.yaml
2024-12-14 16:52:58,042 : INFO : ConfigProcessor : Config file cache created: C:\Users\student\AppData\Local\Temp\a20d2796aecf24feaad48747be24652a.mpf_cache
2024-12-14 16:52:58,110 : INFO : ConfigProcessor : Loading config from file C:\Users\student\mpfenv3\Lib\site-packages\mpf\modes\attract\config\attract.yaml.
2024-12-14 16:52:58,111 : INFO : ConfigProcessor : Loading config: C:\Users\student\mpfenv3\Lib\site-packages\mpf\modes\attract\config\attract.yaml
2024-12-14 16:52:58,111 : INFO : ConfigProcessor : Loading config from file C:\Users\student\pinball\cobraPinTest1\modes\attract\config\attract.yaml.
2024-12-14 16:52:58,111 : INFO : ConfigProcessor : Loading config: C:\Users\student\pinball\cobraPinTest1\modes\attract\config\attract.yaml
2024-12-14 16:52:58,112 : INFO : ConfigProcessor : Config file cache created: C:\Users\student\AppData\Local\Temp\0196918bccd620e51d3c4d2630650aa0.mpf_cache
2024-12-14 16:52:58,112 : INFO : ConfigProcessor : Loading config from file C:\Users\student\mpfenv3\Lib\site-packages\mpf\modes\game\config\game.yaml.
2024-12-14 16:52:58,113 : INFO : ConfigProcessor : Loading config: C:\Users\student\mpfenv3\Lib\site-packages\mpf\modes\game\config\game.yaml
2024-12-14 16:52:58,113 : INFO : ConfigProcessor : Config file cache created: C:\Users\student\AppData\Local\Temp\511dcc6b491b0fa2d7aa9abdf6497e9c.mpf_cache
2024-12-14 16:52:58,114 : INFO : ConfigProcessor : Loading config from file C:\Users\student\pinball\cobraPinTest1\modes\base\config\base.yaml.
2024-12-14 16:52:58,115 : INFO : ConfigProcessor : Loading config: C:\Users\student\pinball\cobraPinTest1\modes\base\config\base.yaml
2024-12-14 16:52:58,115 : INFO : ConfigProcessor : Config file cache created: C:\Users\student\AppData\Local\Temp\4675a535c8328a9c278c807d999ed109.mpf_cache
2024-12-14 16:52:58,115 : INFO : ConfigProcessor : Loading config from file C:\Users\student\pinball\cobraPinTest1\modes\reentry\config\reentry.yaml.
2024-12-14 16:52:58,118 : INFO : ConfigProcessor : Loading config: C:\Users\student\pinball\cobraPinTest1\modes\reentry\config\reentry.yaml
2024-12-14 16:52:58,119 : INFO : ConfigProcessor : Config file cache created: C:\Users\student\AppData\Local\Temp\0c8438cab3480347c0c749fa494946a2.mpf_cache
2024-12-14 16:52:58,119 : INFO : ConfigProcessor : Loading config from file C:\Users\student\pinball\cobraPinTest1\modes\lowerlanes\config\lowerlanes.yaml.
2024-12-14 16:52:58,121 : INFO : ConfigProcessor : Loading config: C:\Users\student\pinball\cobraPinTest1\modes\lowerlanes\config\lowerlanes.yaml
2024-12-14 16:52:58,121 : INFO : ConfigProcessor : Config file cache created: C:\Users\student\AppData\Local\Temp\5052615755bdf1309b248cf8695ad4ff.mpf_cache
2024-12-14 16:52:58,122 : INFO : ConfigProcessor : Loading config from file C:\Users\student\pinball\cobraPinTest1\modes\attract\shows\.\attract_display_loop.yaml.
2024-12-14 16:52:58,123 : INFO : ConfigProcessor : Loading config: C:\Users\student\pinball\cobraPinTest1\modes\attract\shows\.\attract_display_loop.yaml
2024-12-14 16:52:58,124 : INFO : ConfigProcessor : Config file cache created: C:\Users\student\AppData\Local\Temp\f8d2c2cf3ea01f085365ea23fa51a701.mpf_cache
2024-12-14 16:52:58,124 : INFO : ConfigProcessor : Loading config from file C:\Users\student\pinball\cobraPinTest1\modes\attract\shows\.\attract_light_show.yaml.
2024-12-14 16:54:28,074 : ERROR : root : Shutdown because of SIGINT or keyboard interrupt.
NoneType: None
