2024-11-21 15:40:22,445 : INFO : root : Loading config.
2024-11-21 15:40:22,774 : INFO : ConfigProcessor : Config spec file cache created: C:\Users\student\AppData\Local\Temp\config_spec.mpf_cache
2024-11-21 15:40:22,774 : INFO : YamlMultifileConfigLoader : Machine config file #1: config.yaml
2024-11-21 15:40:22,774 : INFO : ConfigProcessor : Loading config from file c:\users\student\mpfenv\lib\site-packages\mpf\mpfconfig.yaml.
2024-11-21 15:40:22,840 : INFO : ConfigProcessor : Loading config: c:\users\student\mpfenv\lib\site-packages\mpf\mpfconfig.yaml
2024-11-21 15:40:22,840 : INFO : ConfigProcessor : Loading config from file c:\Users\student\pinball\cobraPinTest1\config\config.yaml.
2024-11-21 15:40:22,888 : INFO : ConfigProcessor : Loading config: c:\Users\student\pinball\cobraPinTest1\config\config.yaml
2024-11-21 15:40:22,890 : INFO : ConfigProcessor : Config file cache created: C:\Users\student\AppData\Local\Temp\a51b24955dc220d3032ab136d93a33ca.mpf_cache
2024-11-21 15:40:22,999 : INFO : ConfigProcessor : Loading config from file c:\users\student\mpfenv\lib\site-packages\mpf\modes\attract\config\attract.yaml.
2024-11-21 15:40:23,006 : INFO : ConfigProcessor : Loading config: c:\users\student\mpfenv\lib\site-packages\mpf\modes\attract\config\attract.yaml
2024-11-21 15:40:23,006 : INFO : ConfigProcessor : Loading config from file c:\Users\student\pinball\cobraPinTest1\modes\attract\config\attract.yaml.
2024-11-21 15:40:23,012 : INFO : ConfigProcessor : Loading config: c:\Users\student\pinball\cobraPinTest1\modes\attract\config\attract.yaml
2024-11-21 15:40:23,013 : INFO : ConfigProcessor : Config file cache created: C:\Users\student\AppData\Local\Temp\d2985156795636ba797d194828ffa583.mpf_cache
2024-11-21 15:40:23,014 : INFO : ConfigProcessor : Loading config from file c:\users\student\mpfenv\lib\site-packages\mpf\modes\game\config\game.yaml.
2024-11-21 15:40:23,021 : INFO : ConfigProcessor : Loading config: c:\users\student\mpfenv\lib\site-packages\mpf\modes\game\config\game.yaml
2024-11-21 15:40:23,022 : INFO : ConfigProcessor : Config file cache created: C:\Users\student\AppData\Local\Temp\8696bd5a5a040ff67990be11cb4d3c0c.mpf_cache
2024-11-21 15:40:23,023 : INFO : ConfigProcessor : Loading config from file c:\Users\student\pinball\cobraPinTest1\modes\base\config\base.yaml.
2024-11-21 15:40:23,034 : INFO : ConfigProcessor : Loading config: c:\Users\student\pinball\cobraPinTest1\modes\base\config\base.yaml
2024-11-21 15:40:23,034 : INFO : ConfigProcessor : Config file cache created: C:\Users\student\AppData\Local\Temp\cb039e54857eb3968d24274c34ac566b.mpf_cache
2024-11-21 15:40:23,035 : INFO : ConfigProcessor : Loading config from file c:\Users\student\pinball\cobraPinTest1\modes\reentry\config\reentry.yaml.
2024-11-21 15:40:23,060 : INFO : ConfigProcessor : Loading config: c:\Users\student\pinball\cobraPinTest1\modes\reentry\config\reentry.yaml
2024-11-21 15:40:23,061 : INFO : ConfigProcessor : Config file cache created: C:\Users\student\AppData\Local\Temp\66d3b56c496458531538d40f743aed11.mpf_cache
2024-11-21 15:40:23,062 : INFO : ConfigProcessor : Loading config from file c:\Users\student\pinball\cobraPinTest1\modes\medal\config\medal.yaml.
2024-11-21 15:40:23,092 : INFO : ConfigProcessor : Loading config: c:\Users\student\pinball\cobraPinTest1\modes\medal\config\medal.yaml
2024-11-21 15:40:23,093 : INFO : ConfigProcessor : Config file cache created: C:\Users\student\AppData\Local\Temp\66660fb3d54e9ea87e4d2ddcd8ebced6.mpf_cache
2024-11-21 15:40:23,094 : INFO : ConfigProcessor : Loading config from file c:\Users\student\pinball\cobraPinTest1\modes\attract\shows\.\attract_display_loop.yaml.
2024-11-21 15:40:23,110 : INFO : ConfigProcessor : Loading config: c:\Users\student\pinball\cobraPinTest1\modes\attract\shows\.\attract_display_loop.yaml
2024-11-21 15:40:23,110 : INFO : ConfigProcessor : Config file cache created: C:\Users\student\AppData\Local\Temp\db2b45cf62529df9b7448368d5b007c5.mpf_cache
2024-11-21 15:40:23,111 : INFO : ConfigProcessor : Loading config from file c:\Users\student\pinball\cobraPinTest1\modes\attract\shows\.\attract_light_show.yaml.
2024-11-21 15:40:23,122 : INFO : ConfigProcessor : Loading config: c:\Users\student\pinball\cobraPinTest1\modes\attract\shows\.\attract_light_show.yaml
2024-11-21 15:40:23,123 : INFO : ConfigProcessor : Config file cache created: C:\Users\student\AppData\Local\Temp\4f4ea2e3e5616ade4baef6c42e70f5c7.mpf_cache
2024-11-21 15:40:23,124 : INFO : Machine : Mission Pinball Framework Core Engine v0.55.0
2024-11-21 15:40:23,124 : INFO : Machine : Command line arguments: {'no_load_cache': True, 'create_config_cache': True, 'bcp': True, 'configfile': ['config.yaml'], 'force_assets_load': False, 'jsonlogging': False, 'logfile': 'logs\\2024-11-21-15-40-22-mpf-DESKTOP-0JH7ARL.log', 'pause': False, 'production': False, 'text_ui': True, 'loglevel': 15, 'consoleloglevel': 20, 'force_platform': None, 'syslog_address': None, 'mc_file_name': None, 'no_sound': False}
2024-11-21 15:40:23,124 : INFO : Machine : MPF path: c:\users\student\mpfenv\lib\site-packages\mpf
2024-11-21 15:40:23,124 : INFO : Machine : Machine path: c:\Users\student\pinball\cobraPinTest1
2024-11-21 15:40:23,124 : INFO : Machine : Platform: win32
2024-11-21 15:40:23,124 : INFO : Machine : Python executable location: c:\users\student\mpfenv\scripts\python.exe
2024-11-21 15:40:23,124 : INFO : Machine : Python version: 3.7.8 (64-bit)
2024-11-21 15:40:23,127 : INFO : Machine : Initialise MPF.
2024-11-21 15:40:23,425 : INFO : EventManager : Event: ======'machine_var_credits_string'====== Args={'value': 'FREE PLAY', 'prev_value': None, 'change': True}
2024-11-21 15:40:23,485 : INFO : EventManager : Event: ======'machine_var_master_volume'====== Args={'value': 0.5, 'prev_value': None, 'change': True}
2024-11-21 15:40:23,485 : INFO : EventManager : Event: ======'machine_var_player1_score'====== Args={'value': 1500, 'prev_value': None, 'change': True}
2024-11-21 15:40:23,485 : INFO : EventManager : Event: ======'machine_var_mpf_version'====== Args={'value': 'MPF v0.55.0', 'prev_value': None, 'change': True}
2024-11-21 15:40:23,485 : INFO : EventManager : Event: ======'machine_var_mpf_extended_version'====== Args={'value': 'MPF v0.55.0, Config version:5, Show version: 5, BCP version:1.1', 'prev_value': None, 'change': True}
2024-11-21 15:40:23,485 : INFO : EventManager : Event: ======'machine_var_python_version'====== Args={'value': '3.7.8', 'prev_value': None, 'change': True}
2024-11-21 15:40:23,486 : INFO : EventManager : Event: ======'machine_var_platform'====== Args={'value': 'Windows-10-10.0.19041-SP0', 'prev_value': None, 'change': True}
2024-11-21 15:40:23,486 : INFO : EventManager : Event: ======'machine_var_platform_system'====== Args={'value': 'Windows', 'prev_value': None, 'change': True}
2024-11-21 15:40:23,486 : INFO : EventManager : Event: ======'machine_var_platform_release'====== Args={'value': '10', 'prev_value': None, 'change': True}
2024-11-21 15:40:23,486 : INFO : EventManager : Event: ======'machine_var_platform_version'====== Args={'value': '10.0.19041', 'prev_value': None, 'change': True}
2024-11-21 15:40:23,486 : INFO : EventManager : Event: ======'machine_var_platform_machine'====== Args={'value': 'AMD64', 'prev_value': None, 'change': True}
2024-11-21 15:40:23,486 : INFO : EventManager : Event: ======'init_phase_1'====== Args={}
2024-11-21 15:40:23,512 : INFO : EventManager : Event: ======'init_phase_2'====== Args={}
2024-11-21 15:40:23,520 : INFO : EventManager : Event: ======'bcp_connection_attempt'====== Args={'name': 'local_display', 'host': 'localhost', 'port': 5050}
2024-11-21 15:40:23,522 : INFO : BCPClientSocket : Connecting BCP to 'local_display' at localhost:5050...
2024-11-21 15:40:27,586 : INFO : BCPClientSocket : Connected BCP to 'local_display' localhost:5050
2024-11-21 15:40:27,586 : INFO : EventManager : Event: ======'bcp_clients_connected'====== Args={}
2024-11-21 15:40:27,594 : INFO : ball_device.bd_trough : BCH: Initial count: 0
2024-11-21 15:40:27,594 : INFO : ball_device.bd_trough : State: idle
2024-11-21 15:40:27,595 : INFO : ball_device.bd_plunger : BCH: Initial count: 0
2024-11-21 15:40:27,595 : INFO : ball_device.bd_plunger : State: idle
2024-11-21 15:40:27,689 : INFO : EventManager : Event: ======'init_phase_3'====== Args={}
2024-11-21 15:40:27,694 : INFO : EventManager : Event: ======'slide_welcome_slide_created'====== Args={'_from_bcp': True}
2024-11-21 15:40:27,694 : INFO : EventManager : Event: ======'slide_welcome_slide_active'====== Args={'_from_bcp': True}
2024-11-21 15:40:27,695 : INFO : EventManager : Event: ======'machine_var_mc_version'====== Args={'value': 'MPF-MC v0.55.0', 'prev_value': None, 'change': True}
2024-11-21 15:40:27,695 : INFO : EventManager : Event: ======'machine_var_mc_extended_version'====== Args={'value': 'MPF-MC v0.55.0 (config_version=5, BCP v1.1, Requires MPF v0.55.0-dev.49)', 'prev_value': None, 'change': True}
2024-11-21 15:40:27,696 : INFO : EventManager : Event: ======'init_phase_4'====== Args={}
2024-11-21 15:40:27,709 : INFO : BallController : Initial balls found: 0
2024-11-21 15:40:27,710 : INFO : EventManager : Event: ======'machine_var_audits_events_game_ended'====== Args={'value': 0, 'prev_value': None, 'change': True}
2024-11-21 15:40:27,710 : INFO : EventManager : Event: ======'machine_var_audits_events_game_started'====== Args={'value': 0, 'prev_value': None, 'change': True}
2024-11-21 15:40:27,710 : INFO : EventManager : Event: ======'machine_var_audits_player_score'====== Args={'value': {'average': 1800.0, 'top': [2000, 1900, 1500], 'total': 3}, 'prev_value': None, 'change': True}
2024-11-21 15:40:27,711 : INFO : EventManager : Event: ======'machine_var_audits_shots_medalL_shot'====== Args={'value': 162, 'prev_value': None, 'change': True}
2024-11-21 15:40:27,711 : INFO : EventManager : Event: ======'machine_var_audits_shots_medalM_shot'====== Args={'value': 158, 'prev_value': None, 'change': True}
2024-11-21 15:40:27,711 : INFO : EventManager : Event: ======'machine_var_audits_shots_medalR_shot'====== Args={'value': 159, 'prev_value': None, 'change': True}
2024-11-21 15:40:27,712 : INFO : EventManager : Event: ======'machine_var_audits_shots_my_first_shot'====== Args={'value': 119, 'prev_value': None, 'change': True}
2024-11-21 15:40:27,712 : INFO : EventManager : Event: ======'machine_var_audits_shots_my_first_shot_mode2'====== Args={'value': 72, 'prev_value': None, 'change': True}
2024-11-21 15:40:27,712 : INFO : EventManager : Event: ======'machine_var_audits_shots_reentryL_shot'====== Args={'value': 397, 'prev_value': None, 'change': True}
2024-11-21 15:40:27,713 : INFO : EventManager : Event: ======'machine_var_audits_shots_reentryM_shot'====== Args={'value': 373, 'prev_value': None, 'change': True}
2024-11-21 15:40:27,713 : INFO : EventManager : Event: ======'machine_var_audits_shots_reentryR_shot'====== Args={'value': 341, 'prev_value': None, 'change': True}
2024-11-21 15:40:27,714 : INFO : EventManager : Event: ======'machine_var_audits_shots_reentry_shot'====== Args={'value': 9, 'prev_value': None, 'change': True}
2024-11-21 15:40:27,714 : INFO : EventManager : Event: ======'machine_var_audits_shots_top_lane_A'====== Args={'value': 12, 'prev_value': None, 'change': True}
2024-11-21 15:40:27,714 : INFO : EventManager : Event: ======'machine_var_audits_shots_top_lane_J'====== Args={'value': 12, 'prev_value': None, 'change': True}
2024-11-21 15:40:27,715 : INFO : EventManager : Event: ======'machine_var_audits_shots_top_lane_M'====== Args={'value': 9, 'prev_value': None, 'change': True}
2024-11-21 15:40:27,715 : INFO : EventManager : Event: ======'machine_var_audits_switches_s_blackhole_kicker'====== Args={'value': 0, 'prev_value': None, 'change': True}
2024-11-21 15:40:27,715 : INFO : EventManager : Event: ======'machine_var_audits_switches_s_bonus_lane'====== Args={'value': 0, 'prev_value': None, 'change': True}
2024-11-21 15:40:27,716 : INFO : EventManager : Event: ======'machine_var_audits_switches_s_booster_drop_target_1'====== Args={'value': 0, 'prev_value': None, 'change': True}
2024-11-21 15:40:27,716 : INFO : EventManager : Event: ======'machine_var_audits_switches_s_booster_drop_target_2'====== Args={'value': 0, 'prev_value': None, 'change': True}
2024-11-21 15:40:27,716 : INFO : EventManager : Event: ======'machine_var_audits_switches_s_booster_drop_target_3'====== Args={'value': 0, 'prev_value': None, 'change': True}
2024-11-21 15:40:27,717 : INFO : EventManager : Event: ======'machine_var_audits_switches_s_comet_spot_1'====== Args={'value': 0, 'prev_value': None, 'change': True}
2024-11-21 15:40:27,717 : INFO : EventManager : Event: ======'machine_var_audits_switches_s_comet_spot_2'====== Args={'value': 0, 'prev_value': None, 'change': True}
2024-11-21 15:40:27,717 : INFO : EventManager : Event: ======'machine_var_audits_switches_s_comet_spot_3'====== Args={'value': 0, 'prev_value': None, 'change': True}
2024-11-21 15:40:27,718 : INFO : EventManager : Event: ======'machine_var_audits_switches_s_engine_bumper_1'====== Args={'value': 0, 'prev_value': None, 'change': True}
2024-11-21 15:40:27,718 : INFO : EventManager : Event: ======'machine_var_audits_switches_s_engine_bumper_2'====== Args={'value': 0, 'prev_value': None, 'change': True}
2024-11-21 15:40:27,718 : INFO : EventManager : Event: ======'machine_var_audits_switches_s_engine_bumper_3'====== Args={'value': 0, 'prev_value': None, 'change': True}
2024-11-21 15:40:27,718 : INFO : EventManager : Event: ======'machine_var_audits_switches_s_fuel_chute_1'====== Args={'value': 0, 'prev_value': None, 'change': True}
2024-11-21 15:40:27,719 : INFO : EventManager : Event: ======'machine_var_audits_switches_s_fuel_chute_2'====== Args={'value': 0, 'prev_value': None, 'change': True}
2024-11-21 15:40:27,719 : INFO : EventManager : Event: ======'machine_var_audits_switches_s_fuel_chute_3'====== Args={'value': 0, 'prev_value': None, 'change': True}
2024-11-21 15:40:27,720 : INFO : EventManager : Event: ======'machine_var_audits_switches_s_fuel_chute_4'====== Args={'value': 0, 'prev_value': None, 'change': True}
2024-11-21 15:40:27,720 : INFO : EventManager : Event: ======'machine_var_audits_switches_s_fuel_chute_5'====== Args={'value': 0, 'prev_value': None, 'change': True}
2024-11-21 15:40:27,720 : INFO : EventManager : Event: ======'machine_var_audits_switches_s_fuel_chute_6'====== Args={'value': 0, 'prev_value': None, 'change': True}
2024-11-21 15:40:27,721 : INFO : EventManager : Event: ======'machine_var_audits_switches_s_fuel_flag'====== Args={'value': 0, 'prev_value': None, 'change': True}
2024-11-21 15:40:27,721 : INFO : EventManager : Event: ======'machine_var_audits_switches_s_fuel_spot_1'====== Args={'value': 0, 'prev_value': None, 'change': True}
2024-11-21 15:40:27,721 : INFO : EventManager : Event: ======'machine_var_audits_switches_s_fuel_spot_2'====== Args={'value': 0, 'prev_value': None, 'change': True}
2024-11-21 15:40:27,721 : INFO : EventManager : Event: ======'machine_var_audits_switches_s_fuel_spot_3'====== Args={'value': 0, 'prev_value': None, 'change': True}
2024-11-21 15:40:27,722 : INFO : EventManager : Event: ======'machine_var_audits_switches_s_green_wormhole'====== Args={'value': 0, 'prev_value': None, 'change': True}
2024-11-21 15:40:27,722 : INFO : EventManager : Event: ======'machine_var_audits_switches_s_hyperspace_flag'====== Args={'value': 0, 'prev_value': None, 'change': True}
2024-11-21 15:40:27,722 : INFO : EventManager : Event: ======'machine_var_audits_switches_s_hyperspacekicker'====== Args={'value': 0, 'prev_value': None, 'change': True}
2024-11-21 15:40:27,723 : INFO : EventManager : Event: ======'machine_var_audits_switches_s_launch_lane_1'====== Args={'value': 0, 'prev_value': None, 'change': True}
2024-11-21 15:40:27,723 : INFO : EventManager : Event: ======'machine_var_audits_switches_s_launch_lane_2'====== Args={'value': 0, 'prev_value': None, 'change': True}
2024-11-21 15:40:27,723 : INFO : EventManager : Event: ======'machine_var_audits_switches_s_launch_lane_3'====== Args={'value': 0, 'prev_value': None, 'change': True}
2024-11-21 15:40:27,724 : INFO : EventManager : Event: ======'machine_var_audits_switches_s_launch_ramp'====== Args={'value': 0, 'prev_value': None, 'change': True}
2024-11-21 15:40:27,724 : INFO : EventManager : Event: ======'machine_var_audits_switches_s_left_attack_bumper'====== Args={'value': 0, 'prev_value': None, 'change': True}
2024-11-21 15:40:27,724 : INFO : EventManager : Event: ======'machine_var_audits_switches_s_left_flipper'====== Args={'value': 467, 'prev_value': None, 'change': True}
2024-11-21 15:40:27,725 : INFO : EventManager : Event: ======'machine_var_audits_switches_s_left_out_lane'====== Args={'value': 0, 'prev_value': None, 'change': True}
2024-11-21 15:40:27,725 : INFO : EventManager : Event: ======'machine_var_audits_switches_s_left_out_lane_kicker'====== Args={'value': 0, 'prev_value': None, 'change': True}
2024-11-21 15:40:27,726 : INFO : EventManager : Event: ======'machine_var_audits_switches_s_left_return_lane'====== Args={'value': 0, 'prev_value': None, 'change': True}
2024-11-21 15:40:27,726 : INFO : EventManager : Event: ======'machine_var_audits_switches_s_lower_attack_bumper'====== Args={'value': 0, 'prev_value': None, 'change': True}
2024-11-21 15:40:27,727 : INFO : EventManager : Event: ======'machine_var_audits_switches_s_lower_left_rebound'====== Args={'value': 0, 'prev_value': None, 'change': True}
2024-11-21 15:40:27,727 : INFO : EventManager : Event: ======'machine_var_audits_switches_s_lower_left_slingshot'====== Args={'value': 0, 'prev_value': None, 'change': True}
2024-11-21 15:40:27,728 : INFO : EventManager : Event: ======'machine_var_audits_switches_s_lower_right_rebound'====== Args={'value': 0, 'prev_value': None, 'change': True}
2024-11-21 15:40:27,728 : INFO : EventManager : Event: ======'machine_var_audits_switches_s_lower_right_slingshot'====== Args={'value': 0, 'prev_value': None, 'change': True}
2024-11-21 15:40:27,728 : INFO : EventManager : Event: ======'machine_var_audits_switches_s_medal_drop_left'====== Args={'value': 176, 'prev_value': None, 'change': True}
2024-11-21 15:40:27,729 : INFO : EventManager : Event: ======'machine_var_audits_switches_s_medal_drop_middle'====== Args={'value': 172, 'prev_value': None, 'change': True}
2024-11-21 15:40:27,729 : INFO : EventManager : Event: ======'machine_var_audits_switches_s_medal_drop_right'====== Args={'value': 173, 'prev_value': None, 'change': True}
2024-11-21 15:40:27,730 : INFO : EventManager : Event: ======'machine_var_audits_switches_s_mission_spot_1'====== Args={'value': 0, 'prev_value': None, 'change': True}
2024-11-21 15:40:27,730 : INFO : EventManager : Event: ======'machine_var_audits_switches_s_mission_spot_2'====== Args={'value': 0, 'prev_value': None, 'change': True}
2024-11-21 15:40:27,730 : INFO : EventManager : Event: ======'machine_var_audits_switches_s_mission_spot_3'====== Args={'value': 0, 'prev_value': None, 'change': True}
2024-11-21 15:40:27,731 : INFO : EventManager : Event: ======'machine_var_audits_switches_s_multiplier_left'====== Args={'value': 0, 'prev_value': None, 'change': True}
2024-11-21 15:40:27,731 : INFO : EventManager : Event: ======'machine_var_audits_switches_s_multiplier_middle'====== Args={'value': 0, 'prev_value': None, 'change': True}
2024-11-21 15:40:27,732 : INFO : EventManager : Event: ======'machine_var_audits_switches_s_multiplier_right'====== Args={'value': 0, 'prev_value': None, 'change': True}
2024-11-21 15:40:27,732 : INFO : EventManager : Event: ======'machine_var_audits_switches_s_plunger'====== Args={'value': 162, 'prev_value': None, 'change': True}
2024-11-21 15:40:27,732 : INFO : EventManager : Event: ======'machine_var_audits_switches_s_radiationspot_1'====== Args={'value': 0, 'prev_value': None, 'change': True}
2024-11-21 15:40:27,733 : INFO : EventManager : Event: ======'machine_var_audits_switches_s_radiationspot_2'====== Args={'value': 0, 'prev_value': None, 'change': True}
2024-11-21 15:40:27,733 : INFO : EventManager : Event: ======'machine_var_audits_switches_s_radiationspot_3'====== Args={'value': 0, 'prev_value': None, 'change': True}
2024-11-21 15:40:27,734 : INFO : EventManager : Event: ======'machine_var_audits_switches_s_red_wormhole'====== Args={'value': 0, 'prev_value': None, 'change': True}
2024-11-21 15:40:27,734 : INFO : EventManager : Event: ======'machine_var_audits_switches_s_reentry_left'====== Args={'value': 752, 'prev_value': None, 'change': True}
2024-11-21 15:40:27,735 : INFO : EventManager : Event: ======'machine_var_audits_switches_s_reentry_middle'====== Args={'value': 447, 'prev_value': None, 'change': True}
2024-11-21 15:40:27,735 : INFO : EventManager : Event: ======'machine_var_audits_switches_s_reentry_right'====== Args={'value': 400, 'prev_value': None, 'change': True}
2024-11-21 15:40:27,736 : INFO : EventManager : Event: ======'machine_var_audits_switches_s_right_flipper'====== Args={'value': 191, 'prev_value': None, 'change': True}
2024-11-21 15:40:27,736 : INFO : EventManager : Event: ======'machine_var_audits_switches_s_right_inlane'====== Args={'value': 0, 'prev_value': None, 'change': True}
2024-11-21 15:40:27,736 : INFO : EventManager : Event: ======'machine_var_audits_switches_s_right_out_lane'====== Args={'value': 0, 'prev_value': None, 'change': True}
2024-11-21 15:40:27,737 : INFO : EventManager : Event: ======'machine_var_audits_switches_s_right_out_lane_kicker'====== Args={'value': 0, 'prev_value': None, 'change': True}
2024-11-21 15:40:27,737 : INFO : EventManager : Event: ======'machine_var_audits_switches_s_right_return_lane'====== Args={'value': 0, 'prev_value': None, 'change': True}
2024-11-21 15:40:27,737 : INFO : EventManager : Event: ======'machine_var_audits_switches_s_satellite_bumper'====== Args={'value': 0, 'prev_value': None, 'change': True}
2024-11-21 15:40:27,738 : INFO : EventManager : Event: ======'machine_var_audits_switches_s_secondary_outlane_kicker'====== Args={'value': 0, 'prev_value': None, 'change': True}
2024-11-21 15:40:27,738 : INFO : EventManager : Event: ======'machine_var_audits_switches_s_skill_shot_1'====== Args={'value': 0, 'prev_value': None, 'change': True}
2024-11-21 15:40:27,738 : INFO : EventManager : Event: ======'machine_var_audits_switches_s_skill_shot_2'====== Args={'value': 0, 'prev_value': None, 'change': True}
2024-11-21 15:40:27,739 : INFO : EventManager : Event: ======'machine_var_audits_switches_s_skill_shot_3'====== Args={'value': 0, 'prev_value': None, 'change': True}
2024-11-21 15:40:27,739 : INFO : EventManager : Event: ======'machine_var_audits_switches_s_skill_shot_4'====== Args={'value': 0, 'prev_value': None, 'change': True}
2024-11-21 15:40:27,739 : INFO : EventManager : Event: ======'machine_var_audits_switches_s_skill_shot_5'====== Args={'value': 0, 'prev_value': None, 'change': True}
2024-11-21 15:40:27,739 : INFO : EventManager : Event: ======'machine_var_audits_switches_s_skill_shot_6'====== Args={'value': 0, 'prev_value': None, 'change': True}
2024-11-21 15:40:27,739 : INFO : EventManager : Event: ======'machine_var_audits_switches_s_skill_shot_lane'====== Args={'value': 0, 'prev_value': None, 'change': True}
2024-11-21 15:40:27,740 : INFO : EventManager : Event: ======'machine_var_audits_switches_s_spacewarp_rollover'====== Args={'value': 0, 'prev_value': None, 'change': True}
2024-11-21 15:40:27,740 : INFO : EventManager : Event: ======'machine_var_audits_switches_s_start'====== Args={'value': 6, 'prev_value': None, 'change': True}
2024-11-21 15:40:27,740 : INFO : EventManager : Event: ======'machine_var_audits_switches_s_trough1'====== Args={'value': 30, 'prev_value': None, 'change': True}
2024-11-21 15:40:27,742 : INFO : EventManager : Event: ======'machine_var_audits_switches_s_trough2'====== Args={'value': 0, 'prev_value': None, 'change': True}
2024-11-21 15:40:27,742 : INFO : EventManager : Event: ======'machine_var_audits_switches_s_trough3'====== Args={'value': 0, 'prev_value': None, 'change': True}
2024-11-21 15:40:27,742 : INFO : EventManager : Event: ======'machine_var_audits_switches_s_trough4'====== Args={'value': 0, 'prev_value': None, 'change': True}
2024-11-21 15:40:27,742 : INFO : EventManager : Event: ======'machine_var_audits_switches_s_trough5'====== Args={'value': 0, 'prev_value': None, 'change': True}
2024-11-21 15:40:27,742 : INFO : EventManager : Event: ======'machine_var_audits_switches_s_trough6'====== Args={'value': 0, 'prev_value': None, 'change': True}
2024-11-21 15:40:27,743 : INFO : EventManager : Event: ======'machine_var_audits_switches_s_trough_jam'====== Args={'value': 0, 'prev_value': None, 'change': True}
2024-11-21 15:40:27,743 : INFO : EventManager : Event: ======'machine_var_audits_switches_s_upper_attack_bumper'====== Args={'value': 0, 'prev_value': None, 'change': True}
2024-11-21 15:40:27,744 : INFO : EventManager : Event: ======'machine_var_audits_switches_s_upper_left_rebound'====== Args={'value': 0, 'prev_value': None, 'change': True}
2024-11-21 15:40:27,744 : INFO : EventManager : Event: ======'machine_var_audits_switches_s_upper_right_rebound'====== Args={'value': 0, 'prev_value': None, 'change': True}
2024-11-21 15:40:27,744 : INFO : EventManager : Event: ======'machine_var_audits_switches_s_wormhole_target'====== Args={'value': 0, 'prev_value': None, 'change': True}
2024-11-21 15:40:27,745 : INFO : EventManager : Event: ======'machine_var_audits_switches_s_yellow_wormhole'====== Args={'value': 0, 'prev_value': None, 'change': True}
2024-11-21 15:40:27,745 : INFO : EventManager : Event: ======'init_phase_5'====== Args={}
2024-11-21 15:40:27,758 : INFO : EventManager : Event: ======'init_done'====== Args={}
2024-11-21 15:40:27,759 : INFO : EventManager : Event: ======'machine_reset_phase_1'====== Args={}
2024-11-21 15:40:27,765 : INFO : EventManager : Event: ======'slide_welcome_slide_removed'====== Args={'_from_bcp': True}
2024-11-21 15:40:27,765 : INFO : EventManager : Event: ======'slide_welcome_slide_created'====== Args={'_from_bcp': True}
2024-11-21 15:40:27,765 : INFO : EventManager : Event: ======'slide_welcome_slide_active'====== Args={'_from_bcp': True}
2024-11-21 15:40:27,766 : INFO : EventManager : Event: ======'machine_reset_phase_2'====== Args={}
2024-11-21 15:40:27,766 : INFO : EventManager : Event: ======'machine_reset_phase_3'====== Args={}
2024-11-21 15:40:27,767 : INFO : EventManager : Event: ======'reset_complete'====== Args={}
2024-11-21 15:40:27,767 : INFO : EventManager : Event: ======'mode_attract_will_start'====== Args={}
2024-11-21 15:40:27,768 : INFO : EventManager : Event: ======'mode_attract_starting'====== Args={}
2024-11-21 15:40:27,768 : INFO : Mode.attract : Started. Priority: 10
2024-11-21 15:40:27,768 : INFO : EventManager : Event: ======'modes_active_modes_changed'====== Args={}
2024-11-21 15:40:27,768 : INFO : EventManager : Event: ======'mode_attract_started'====== Args={}
2024-11-21 15:40:27,769 : INFO : EventManager : Event: ======'collecting_balls_complete'====== Args={}
2024-11-21 15:40:27,789 : INFO : EventManager : Event: ======'slide_awesome_slide_created'====== Args={'_from_bcp': True}
2024-11-21 15:40:27,789 : INFO : EventManager : Event: ======'slide_awesome_slide_active'====== Args={'_from_bcp': True}
2024-11-21 15:40:27,789 : INFO : Machine : Starting the main run loop.
2024-11-21 15:40:30,791 : INFO : EventManager : Event: ======'slide_press_start_created'====== Args={'_from_bcp': True}
2024-11-21 15:40:30,791 : INFO : EventManager : Event: ======'slide_press_start_active'====== Args={'_from_bcp': True}
2024-11-21 15:40:33,778 : INFO : EventManager : Event: ======'slide_mission_pinball_created'====== Args={'_from_bcp': True}
2024-11-21 15:40:33,781 : INFO : EventManager : Event: ======'slide_mission_pinball_active'====== Args={'_from_bcp': True}
2024-11-21 15:40:36,786 : INFO : EventManager : Event: ======'slide_last_game_score_slide_created'====== Args={'_from_bcp': True}
2024-11-21 15:40:36,786 : INFO : EventManager : Event: ======'slide_last_game_score_slide_active'====== Args={'_from_bcp': True}
2024-11-21 15:40:39,781 : INFO : EventManager : Event: ======'slide_awesome_slide_removed'====== Args={'_from_bcp': True}
2024-11-21 15:40:39,781 : INFO : EventManager : Event: ======'slide_awesome_slide_created'====== Args={'_from_bcp': True}
2024-11-21 15:40:39,782 : INFO : EventManager : Event: ======'slide_awesome_slide_active'====== Args={'_from_bcp': True}
2024-11-21 15:40:42,793 : INFO : EventManager : Event: ======'slide_press_start_removed'====== Args={'_from_bcp': True}
2024-11-21 15:40:42,795 : INFO : EventManager : Event: ======'slide_press_start_created'====== Args={'_from_bcp': True}
2024-11-21 15:40:42,795 : INFO : EventManager : Event: ======'slide_press_start_active'====== Args={'_from_bcp': True}
2024-11-21 15:40:45,773 : INFO : EventManager : Event: ======'slide_mission_pinball_removed'====== Args={'_from_bcp': True}
2024-11-21 15:40:45,774 : INFO : EventManager : Event: ======'slide_mission_pinball_created'====== Args={'_from_bcp': True}
2024-11-21 15:40:45,774 : INFO : EventManager : Event: ======'slide_mission_pinball_active'====== Args={'_from_bcp': True}
2024-11-21 15:40:48,773 : INFO : EventManager : Event: ======'slide_last_game_score_slide_removed'====== Args={'_from_bcp': True}
2024-11-21 15:40:48,775 : INFO : EventManager : Event: ======'slide_last_game_score_slide_created'====== Args={'_from_bcp': True}
2024-11-21 15:40:48,778 : INFO : EventManager : Event: ======'slide_last_game_score_slide_active'====== Args={'_from_bcp': True}
2024-11-21 15:40:51,774 : INFO : EventManager : Event: ======'slide_awesome_slide_removed'====== Args={'_from_bcp': True}
2024-11-21 15:40:51,775 : INFO : EventManager : Event: ======'slide_awesome_slide_created'====== Args={'_from_bcp': True}
2024-11-21 15:40:51,777 : INFO : EventManager : Event: ======'slide_awesome_slide_active'====== Args={'_from_bcp': True}
2024-11-21 15:40:54,787 : INFO : EventManager : Event: ======'slide_press_start_removed'====== Args={'_from_bcp': True}
2024-11-21 15:40:54,789 : INFO : EventManager : Event: ======'slide_press_start_created'====== Args={'_from_bcp': True}
2024-11-21 15:40:54,789 : INFO : EventManager : Event: ======'slide_press_start_active'====== Args={'_from_bcp': True}
2024-11-21 15:40:57,792 : INFO : EventManager : Event: ======'slide_mission_pinball_removed'====== Args={'_from_bcp': True}
2024-11-21 15:40:57,793 : INFO : EventManager : Event: ======'slide_mission_pinball_created'====== Args={'_from_bcp': True}
2024-11-21 15:40:57,793 : INFO : EventManager : Event: ======'slide_mission_pinball_active'====== Args={'_from_bcp': True}
2024-11-21 15:41:00,783 : INFO : EventManager : Event: ======'slide_last_game_score_slide_removed'====== Args={'_from_bcp': True}
2024-11-21 15:41:00,783 : INFO : EventManager : Event: ======'slide_last_game_score_slide_created'====== Args={'_from_bcp': True}
2024-11-21 15:41:00,785 : INFO : EventManager : Event: ======'slide_last_game_score_slide_active'====== Args={'_from_bcp': True}
2024-11-21 15:41:03,791 : INFO : EventManager : Event: ======'slide_awesome_slide_removed'====== Args={'_from_bcp': True}
2024-11-21 15:41:03,793 : INFO : EventManager : Event: ======'slide_awesome_slide_created'====== Args={'_from_bcp': True}
2024-11-21 15:41:03,794 : INFO : EventManager : Event: ======'slide_awesome_slide_active'====== Args={'_from_bcp': True}
2024-11-21 15:41:04,527 : INFO : BcpServer : New client connected.
2024-11-21 15:41:06,774 : INFO : EventManager : Event: ======'slide_press_start_removed'====== Args={'_from_bcp': True}
2024-11-21 15:41:06,776 : INFO : EventManager : Event: ======'slide_press_start_created'====== Args={'_from_bcp': True}
2024-11-21 15:41:06,780 : INFO : EventManager : Event: ======'slide_press_start_active'====== Args={'_from_bcp': True}
2024-11-21 15:41:09,786 : INFO : EventManager : Event: ======'slide_mission_pinball_removed'====== Args={'_from_bcp': True}
2024-11-21 15:41:09,786 : INFO : EventManager : Event: ======'slide_mission_pinball_created'====== Args={'_from_bcp': True}
2024-11-21 15:41:09,787 : INFO : EventManager : Event: ======'slide_mission_pinball_active'====== Args={'_from_bcp': True}
2024-11-21 15:41:12,775 : INFO : EventManager : Event: ======'slide_last_game_score_slide_removed'====== Args={'_from_bcp': True}
2024-11-21 15:41:12,777 : INFO : EventManager : Event: ======'slide_last_game_score_slide_created'====== Args={'_from_bcp': True}
2024-11-21 15:41:12,778 : INFO : EventManager : Event: ======'slide_last_game_score_slide_active'====== Args={'_from_bcp': True}
2024-11-21 15:41:15,779 : INFO : EventManager : Event: ======'slide_awesome_slide_removed'====== Args={'_from_bcp': True}
2024-11-21 15:41:15,780 : INFO : EventManager : Event: ======'slide_awesome_slide_created'====== Args={'_from_bcp': True}
2024-11-21 15:41:15,781 : INFO : EventManager : Event: ======'slide_awesome_slide_active'====== Args={'_from_bcp': True}
2024-11-21 15:41:18,782 : INFO : EventManager : Event: ======'slide_press_start_removed'====== Args={'_from_bcp': True}
2024-11-21 15:41:18,784 : INFO : EventManager : Event: ======'slide_press_start_created'====== Args={'_from_bcp': True}
2024-11-21 15:41:18,784 : INFO : EventManager : Event: ======'slide_press_start_active'====== Args={'_from_bcp': True}
2024-11-21 15:41:21,774 : INFO : EventManager : Event: ======'slide_mission_pinball_removed'====== Args={'_from_bcp': True}
2024-11-21 15:41:21,776 : INFO : EventManager : Event: ======'slide_mission_pinball_created'====== Args={'_from_bcp': True}
2024-11-21 15:41:21,777 : INFO : EventManager : Event: ======'slide_mission_pinball_active'====== Args={'_from_bcp': True}
2024-11-21 15:41:24,792 : INFO : EventManager : Event: ======'slide_last_game_score_slide_removed'====== Args={'_from_bcp': True}
2024-11-21 15:41:24,798 : INFO : EventManager : Event: ======'slide_last_game_score_slide_created'====== Args={'_from_bcp': True}
2024-11-21 15:41:24,799 : INFO : EventManager : Event: ======'slide_last_game_score_slide_active'====== Args={'_from_bcp': True}
2024-11-21 15:41:27,789 : INFO : EventManager : Event: ======'slide_awesome_slide_removed'====== Args={'_from_bcp': True}
2024-11-21 15:41:27,791 : INFO : EventManager : Event: ======'slide_awesome_slide_created'====== Args={'_from_bcp': True}
2024-11-21 15:41:27,792 : INFO : EventManager : Event: ======'slide_awesome_slide_active'====== Args={'_from_bcp': True}
2024-11-21 15:41:30,771 : INFO : EventManager : Event: ======'slide_press_start_removed'====== Args={'_from_bcp': True}
2024-11-21 15:41:30,776 : INFO : EventManager : Event: ======'slide_press_start_created'====== Args={'_from_bcp': True}
2024-11-21 15:41:30,776 : INFO : EventManager : Event: ======'slide_press_start_active'====== Args={'_from_bcp': True}
2024-11-21 15:41:33,773 : INFO : EventManager : Event: ======'slide_mission_pinball_removed'====== Args={'_from_bcp': True}
2024-11-21 15:41:33,777 : INFO : EventManager : Event: ======'slide_mission_pinball_created'====== Args={'_from_bcp': True}
2024-11-21 15:41:33,779 : INFO : EventManager : Event: ======'slide_mission_pinball_active'====== Args={'_from_bcp': True}
2024-11-21 15:41:36,781 : INFO : EventManager : Event: ======'slide_last_game_score_slide_removed'====== Args={'_from_bcp': True}
2024-11-21 15:41:36,783 : INFO : EventManager : Event: ======'slide_last_game_score_slide_created'====== Args={'_from_bcp': True}
2024-11-21 15:41:36,784 : INFO : EventManager : Event: ======'slide_last_game_score_slide_active'====== Args={'_from_bcp': True}
2024-11-21 15:41:39,786 : INFO : EventManager : Event: ======'slide_awesome_slide_removed'====== Args={'_from_bcp': True}
2024-11-21 15:41:39,786 : INFO : EventManager : Event: ======'slide_awesome_slide_created'====== Args={'_from_bcp': True}
2024-11-21 15:41:39,787 : INFO : EventManager : Event: ======'slide_awesome_slide_active'====== Args={'_from_bcp': True}
2024-11-21 15:41:42,775 : INFO : EventManager : Event: ======'slide_press_start_removed'====== Args={'_from_bcp': True}
2024-11-21 15:41:42,778 : INFO : EventManager : Event: ======'slide_press_start_created'====== Args={'_from_bcp': True}
2024-11-21 15:41:42,778 : INFO : EventManager : Event: ======'slide_press_start_active'====== Args={'_from_bcp': True}
2024-11-21 15:41:45,780 : INFO : EventManager : Event: ======'slide_mission_pinball_removed'====== Args={'_from_bcp': True}
2024-11-21 15:41:45,783 : INFO : EventManager : Event: ======'slide_mission_pinball_created'====== Args={'_from_bcp': True}
2024-11-21 15:41:45,788 : INFO : EventManager : Event: ======'slide_mission_pinball_active'====== Args={'_from_bcp': True}
2024-11-21 15:41:48,768 : INFO : EventManager : Event: ======'slide_last_game_score_slide_removed'====== Args={'_from_bcp': True}
2024-11-21 15:41:48,771 : INFO : EventManager : Event: ======'slide_last_game_score_slide_created'====== Args={'_from_bcp': True}
2024-11-21 15:41:48,772 : INFO : EventManager : Event: ======'slide_last_game_score_slide_active'====== Args={'_from_bcp': True}
2024-11-21 15:41:51,658 : INFO : SwitchController : <<<<<<< 's_start' active >>>>>>>
2024-11-21 15:41:51,786 : INFO : EventManager : Event: ======'slide_awesome_slide_removed'====== Args={'_from_bcp': True}
2024-11-21 15:41:51,787 : INFO : EventManager : Event: ======'slide_awesome_slide_created'====== Args={'_from_bcp': True}
2024-11-21 15:41:51,789 : INFO : EventManager : Event: ======'slide_awesome_slide_active'====== Args={'_from_bcp': True}
2024-11-21 15:41:51,929 : INFO : SwitchController : <<<<<<< 's_start' inactive >>>>>>>
2024-11-21 15:41:51,929 : INFO : EventManager : Event: ======'request_to_start_game'====== Args={}
2024-11-21 15:41:51,930 : INFO : BallController : Known balls: 0
2024-11-21 15:41:51,930 : INFO : BallController : bd_trough contains 0 balls. Tags ['trough', 'home', 'drain']
2024-11-21 15:41:51,930 : INFO : BallController : bd_plunger contains 0 balls. Tags []
2024-11-21 15:41:51,931 : INFO : BallController : playfield contains 0 balls. Tags ['default']
2024-11-21 15:41:51,931 : WARNING : BallController : BallController denies game start. Not enough balls. 0 found. 1 required
2024-11-21 15:41:51,931 : INFO : BallController : Triggering ball search.
2024-11-21 15:41:54,786 : INFO : EventManager : Event: ======'slide_press_start_removed'====== Args={'_from_bcp': True}
2024-11-21 15:41:54,789 : INFO : EventManager : Event: ======'slide_press_start_created'====== Args={'_from_bcp': True}
2024-11-21 15:41:54,789 : INFO : EventManager : Event: ======'slide_press_start_active'====== Args={'_from_bcp': True}
2024-11-21 15:41:56,112 : INFO : SwitchController : <<<<<<< 's_start' active >>>>>>>
2024-11-21 15:41:56,271 : INFO : SwitchController : <<<<<<< 's_start' inactive >>>>>>>
2024-11-21 15:41:56,272 : INFO : EventManager : Event: ======'request_to_start_game'====== Args={}
2024-11-21 15:41:56,273 : INFO : BallController : Known balls: 0
2024-11-21 15:41:56,274 : INFO : BallController : bd_trough contains 0 balls. Tags ['trough', 'home', 'drain']
2024-11-21 15:41:56,274 : INFO : BallController : bd_plunger contains 0 balls. Tags []
2024-11-21 15:41:56,274 : INFO : BallController : playfield contains 0 balls. Tags ['default']
2024-11-21 15:41:56,274 : WARNING : BallController : BallController denies game start. Not enough balls. 0 found. 1 required
2024-11-21 15:41:56,275 : INFO : BallController : Triggering ball search.
2024-11-21 15:41:57,778 : INFO : EventManager : Event: ======'slide_mission_pinball_removed'====== Args={'_from_bcp': True}
2024-11-21 15:41:57,778 : INFO : EventManager : Event: ======'slide_mission_pinball_created'====== Args={'_from_bcp': True}
2024-11-21 15:41:57,780 : INFO : EventManager : Event: ======'slide_mission_pinball_active'====== Args={'_from_bcp': True}
2024-11-21 15:42:00,802 : INFO : EventManager : Event: ======'slide_last_game_score_slide_removed'====== Args={'_from_bcp': True}
2024-11-21 15:42:00,802 : INFO : EventManager : Event: ======'slide_last_game_score_slide_created'====== Args={'_from_bcp': True}
2024-11-21 15:42:00,803 : INFO : EventManager : Event: ======'slide_last_game_score_slide_active'====== Args={'_from_bcp': True}
2024-11-21 15:42:03,784 : INFO : EventManager : Event: ======'slide_awesome_slide_removed'====== Args={'_from_bcp': True}
2024-11-21 15:42:03,784 : INFO : EventManager : Event: ======'slide_awesome_slide_created'====== Args={'_from_bcp': True}
2024-11-21 15:42:03,785 : INFO : EventManager : Event: ======'slide_awesome_slide_active'====== Args={'_from_bcp': True}
2024-11-21 15:42:05,706 : INFO : SwitchController : <<<<<<< 's_start' active >>>>>>>
2024-11-21 15:42:05,876 : INFO : SwitchController : <<<<<<< 's_start' inactive >>>>>>>
2024-11-21 15:42:05,876 : INFO : EventManager : Event: ======'request_to_start_game'====== Args={}
2024-11-21 15:42:05,876 : INFO : BallController : Known balls: 0
2024-11-21 15:42:05,876 : INFO : BallController : bd_trough contains 0 balls. Tags ['trough', 'home', 'drain']
2024-11-21 15:42:05,876 : INFO : BallController : bd_plunger contains 0 balls. Tags []
2024-11-21 15:42:05,876 : INFO : BallController : playfield contains 0 balls. Tags ['default']
2024-11-21 15:42:05,876 : WARNING : BallController : BallController denies game start. Not enough balls. 0 found. 1 required
2024-11-21 15:42:05,876 : INFO : BallController : Triggering ball search.
2024-11-21 15:42:05,989 : INFO : SwitchController : <<<<<<< 's_start' active >>>>>>>
2024-11-21 15:42:06,133 : INFO : SwitchController : <<<<<<< 's_start' inactive >>>>>>>
2024-11-21 15:42:06,134 : INFO : EventManager : Event: ======'request_to_start_game'====== Args={}
2024-11-21 15:42:06,135 : INFO : BallController : Known balls: 0
2024-11-21 15:42:06,136 : INFO : BallController : bd_trough contains 0 balls. Tags ['trough', 'home', 'drain']
2024-11-21 15:42:06,136 : INFO : BallController : bd_plunger contains 0 balls. Tags []
2024-11-21 15:42:06,136 : INFO : BallController : playfield contains 0 balls. Tags ['default']
2024-11-21 15:42:06,136 : WARNING : BallController : BallController denies game start. Not enough balls. 0 found. 1 required
2024-11-21 15:42:06,137 : INFO : BallController : Triggering ball search.
2024-11-21 15:42:06,222 : INFO : SwitchController : <<<<<<< 's_start' active >>>>>>>
2024-11-21 15:42:06,336 : INFO : SwitchController : <<<<<<< 's_start' inactive >>>>>>>
2024-11-21 15:42:06,337 : INFO : EventManager : Event: ======'request_to_start_game'====== Args={}
2024-11-21 15:42:06,338 : INFO : BallController : Known balls: 0
2024-11-21 15:42:06,339 : INFO : BallController : bd_trough contains 0 balls. Tags ['trough', 'home', 'drain']
2024-11-21 15:42:06,339 : INFO : BallController : bd_plunger contains 0 balls. Tags []
2024-11-21 15:42:06,339 : INFO : BallController : playfield contains 0 balls. Tags ['default']
2024-11-21 15:42:06,339 : WARNING : BallController : BallController denies game start. Not enough balls. 0 found. 1 required
2024-11-21 15:42:06,340 : INFO : BallController : Triggering ball search.
2024-11-21 15:42:06,447 : INFO : SwitchController : <<<<<<< 's_start' active >>>>>>>
2024-11-21 15:42:06,558 : INFO : SwitchController : <<<<<<< 's_start' inactive >>>>>>>
2024-11-21 15:42:06,559 : INFO : EventManager : Event: ======'request_to_start_game'====== Args={}
2024-11-21 15:42:06,561 : INFO : BallController : Known balls: 0
2024-11-21 15:42:06,561 : INFO : BallController : bd_trough contains 0 balls. Tags ['trough', 'home', 'drain']
2024-11-21 15:42:06,561 : INFO : BallController : bd_plunger contains 0 balls. Tags []
2024-11-21 15:42:06,561 : INFO : BallController : playfield contains 0 balls. Tags ['default']
2024-11-21 15:42:06,562 : WARNING : BallController : BallController denies game start. Not enough balls. 0 found. 1 required
2024-11-21 15:42:06,562 : INFO : BallController : Triggering ball search.
2024-11-21 15:42:06,785 : INFO : EventManager : Event: ======'slide_press_start_removed'====== Args={'_from_bcp': True}
2024-11-21 15:42:06,785 : INFO : EventManager : Event: ======'slide_press_start_created'====== Args={'_from_bcp': True}
2024-11-21 15:42:06,789 : INFO : EventManager : Event: ======'slide_press_start_active'====== Args={'_from_bcp': True}
2024-11-21 15:42:09,788 : INFO : EventManager : Event: ======'slide_mission_pinball_removed'====== Args={'_from_bcp': True}
2024-11-21 15:42:09,788 : INFO : EventManager : Event: ======'slide_mission_pinball_created'====== Args={'_from_bcp': True}
2024-11-21 15:42:09,790 : INFO : EventManager : Event: ======'slide_mission_pinball_active'====== Args={'_from_bcp': True}
2024-11-21 15:42:12,785 : INFO : EventManager : Event: ======'slide_last_game_score_slide_removed'====== Args={'_from_bcp': True}
2024-11-21 15:42:12,786 : INFO : EventManager : Event: ======'slide_last_game_score_slide_created'====== Args={'_from_bcp': True}
2024-11-21 15:42:12,787 : INFO : EventManager : Event: ======'slide_last_game_score_slide_active'====== Args={'_from_bcp': True}
2024-11-21 15:42:15,798 : INFO : EventManager : Event: ======'slide_awesome_slide_removed'====== Args={'_from_bcp': True}
2024-11-21 15:42:15,799 : INFO : EventManager : Event: ======'slide_awesome_slide_created'====== Args={'_from_bcp': True}
2024-11-21 15:42:15,799 : INFO : EventManager : Event: ======'slide_awesome_slide_active'====== Args={'_from_bcp': True}
2024-11-21 15:42:18,782 : INFO : EventManager : Event: ======'slide_press_start_removed'====== Args={'_from_bcp': True}
2024-11-21 15:42:18,783 : INFO : EventManager : Event: ======'slide_press_start_created'====== Args={'_from_bcp': True}
2024-11-21 15:42:18,783 : INFO : EventManager : Event: ======'slide_press_start_active'====== Args={'_from_bcp': True}
2024-11-21 15:42:21,765 : INFO : EventManager : Event: ======'slide_mission_pinball_removed'====== Args={'_from_bcp': True}
2024-11-21 15:42:21,769 : INFO : EventManager : Event: ======'slide_mission_pinball_created'====== Args={'_from_bcp': True}
2024-11-21 15:42:21,770 : INFO : EventManager : Event: ======'slide_mission_pinball_active'====== Args={'_from_bcp': True}
2024-11-21 15:42:24,795 : INFO : EventManager : Event: ======'slide_last_game_score_slide_removed'====== Args={'_from_bcp': True}
2024-11-21 15:42:24,795 : INFO : EventManager : Event: ======'slide_last_game_score_slide_created'====== Args={'_from_bcp': True}
2024-11-21 15:42:24,796 : INFO : EventManager : Event: ======'slide_last_game_score_slide_active'====== Args={'_from_bcp': True}
2024-11-21 15:42:26,653 : INFO : SwitchController : <<<<<<< 's_start' active >>>>>>>
2024-11-21 15:42:26,851 : INFO : SwitchController : <<<<<<< 's_start' inactive >>>>>>>
2024-11-21 15:42:26,851 : INFO : EventManager : Event: ======'request_to_start_game'====== Args={}
2024-11-21 15:42:26,853 : INFO : BallController : Known balls: 0
2024-11-21 15:42:26,853 : INFO : BallController : bd_trough contains 0 balls. Tags ['trough', 'home', 'drain']
2024-11-21 15:42:26,854 : INFO : BallController : bd_plunger contains 0 balls. Tags []
2024-11-21 15:42:26,854 : INFO : BallController : playfield contains 0 balls. Tags ['default']
2024-11-21 15:42:26,854 : WARNING : BallController : BallController denies game start. Not enough balls. 0 found. 1 required
2024-11-21 15:42:26,854 : INFO : BallController : Triggering ball search.
2024-11-21 15:42:26,965 : INFO : SwitchController : <<<<<<< 's_start' active >>>>>>>
2024-11-21 15:42:27,102 : INFO : SwitchController : <<<<<<< 's_start' inactive >>>>>>>
2024-11-21 15:42:27,102 : INFO : EventManager : Event: ======'request_to_start_game'====== Args={}
2024-11-21 15:42:27,103 : INFO : BallController : Known balls: 0
2024-11-21 15:42:27,103 : INFO : BallController : bd_trough contains 0 balls. Tags ['trough', 'home', 'drain']
2024-11-21 15:42:27,103 : INFO : BallController : bd_plunger contains 0 balls. Tags []
2024-11-21 15:42:27,103 : INFO : BallController : playfield contains 0 balls. Tags ['default']
2024-11-21 15:42:27,103 : WARNING : BallController : BallController denies game start. Not enough balls. 0 found. 1 required
2024-11-21 15:42:27,103 : INFO : BallController : Triggering ball search.
2024-11-21 15:42:27,254 : INFO : SwitchController : <<<<<<< 's_start' active >>>>>>>
2024-11-21 15:42:27,389 : INFO : SwitchController : <<<<<<< 's_start' inactive >>>>>>>
2024-11-21 15:42:27,389 : INFO : EventManager : Event: ======'request_to_start_game'====== Args={}
2024-11-21 15:42:27,391 : INFO : BallController : Known balls: 0
2024-11-21 15:42:27,391 : INFO : BallController : bd_trough contains 0 balls. Tags ['trough', 'home', 'drain']
2024-11-21 15:42:27,391 : INFO : BallController : bd_plunger contains 0 balls. Tags []
2024-11-21 15:42:27,392 : INFO : BallController : playfield contains 0 balls. Tags ['default']
2024-11-21 15:42:27,392 : WARNING : BallController : BallController denies game start. Not enough balls. 0 found. 1 required
2024-11-21 15:42:27,392 : INFO : BallController : Triggering ball search.
2024-11-21 15:42:27,527 : INFO : SwitchController : <<<<<<< 's_start' active >>>>>>>
2024-11-21 15:42:27,688 : INFO : SwitchController : <<<<<<< 's_start' inactive >>>>>>>
2024-11-21 15:42:27,688 : INFO : EventManager : Event: ======'request_to_start_game'====== Args={}
2024-11-21 15:42:27,689 : INFO : BallController : Known balls: 0
2024-11-21 15:42:27,690 : INFO : BallController : bd_trough contains 0 balls. Tags ['trough', 'home', 'drain']
2024-11-21 15:42:27,690 : INFO : BallController : bd_plunger contains 0 balls. Tags []
2024-11-21 15:42:27,690 : INFO : BallController : playfield contains 0 balls. Tags ['default']
2024-11-21 15:42:27,690 : WARNING : BallController : BallController denies game start. Not enough balls. 0 found. 1 required
2024-11-21 15:42:27,691 : INFO : BallController : Triggering ball search.
2024-11-21 15:42:27,766 : INFO : EventManager : Event: ======'slide_awesome_slide_removed'====== Args={'_from_bcp': True}
2024-11-21 15:42:27,768 : INFO : EventManager : Event: ======'slide_awesome_slide_created'====== Args={'_from_bcp': True}
2024-11-21 15:42:27,768 : INFO : EventManager : Event: ======'slide_awesome_slide_active'====== Args={'_from_bcp': True}
2024-11-21 15:42:27,845 : INFO : SwitchController : <<<<<<< 's_start' active >>>>>>>
2024-11-21 15:42:27,968 : INFO : SwitchController : <<<<<<< 's_start' inactive >>>>>>>
2024-11-21 15:42:27,968 : INFO : EventManager : Event: ======'request_to_start_game'====== Args={}
2024-11-21 15:42:27,969 : INFO : BallController : Known balls: 0
2024-11-21 15:42:27,969 : INFO : BallController : bd_trough contains 0 balls. Tags ['trough', 'home', 'drain']
2024-11-21 15:42:27,969 : INFO : BallController : bd_plunger contains 0 balls. Tags []
2024-11-21 15:42:27,969 : INFO : BallController : playfield contains 0 balls. Tags ['default']
2024-11-21 15:42:27,970 : WARNING : BallController : BallController denies game start. Not enough balls. 0 found. 1 required
2024-11-21 15:42:27,970 : INFO : BallController : Triggering ball search.
2024-11-21 15:42:28,358 : INFO : SwitchController : <<<<<<< 's_start' active >>>>>>>
2024-11-21 15:42:28,469 : INFO : SwitchController : <<<<<<< 's_start' inactive >>>>>>>
2024-11-21 15:42:28,469 : INFO : EventManager : Event: ======'request_to_start_game'====== Args={}
2024-11-21 15:42:28,470 : INFO : BallController : Known balls: 0
2024-11-21 15:42:28,470 : INFO : BallController : bd_trough contains 0 balls. Tags ['trough', 'home', 'drain']
2024-11-21 15:42:28,470 : INFO : BallController : bd_plunger contains 0 balls. Tags []
2024-11-21 15:42:28,471 : INFO : BallController : playfield contains 0 balls. Tags ['default']
2024-11-21 15:42:28,471 : WARNING : BallController : BallController denies game start. Not enough balls. 0 found. 1 required
2024-11-21 15:42:28,471 : INFO : BallController : Triggering ball search.
2024-11-21 15:42:28,856 : INFO : SwitchController : <<<<<<< 's_start' active >>>>>>>
2024-11-21 15:42:29,033 : INFO : SwitchController : <<<<<<< 's_start' inactive >>>>>>>
2024-11-21 15:42:29,033 : INFO : EventManager : Event: ======'request_to_start_game'====== Args={}
2024-11-21 15:42:29,034 : INFO : BallController : Known balls: 0
2024-11-21 15:42:29,034 : INFO : BallController : bd_trough contains 0 balls. Tags ['trough', 'home', 'drain']
2024-11-21 15:42:29,034 : INFO : BallController : bd_plunger contains 0 balls. Tags []
2024-11-21 15:42:29,034 : INFO : BallController : playfield contains 0 balls. Tags ['default']
2024-11-21 15:42:29,034 : WARNING : BallController : BallController denies game start. Not enough balls. 0 found. 1 required
2024-11-21 15:42:29,034 : INFO : BallController : Triggering ball search.
2024-11-21 15:42:30,798 : INFO : EventManager : Event: ======'slide_press_start_removed'====== Args={'_from_bcp': True}
2024-11-21 15:42:30,801 : INFO : EventManager : Event: ======'slide_press_start_created'====== Args={'_from_bcp': True}
2024-11-21 15:42:30,801 : INFO : EventManager : Event: ======'slide_press_start_active'====== Args={'_from_bcp': True}
2024-11-21 15:42:33,782 : INFO : EventManager : Event: ======'slide_mission_pinball_removed'====== Args={'_from_bcp': True}
2024-11-21 15:42:33,783 : INFO : EventManager : Event: ======'slide_mission_pinball_created'====== Args={'_from_bcp': True}
2024-11-21 15:42:33,783 : INFO : EventManager : Event: ======'slide_mission_pinball_active'====== Args={'_from_bcp': True}
2024-11-21 15:42:36,792 : INFO : EventManager : Event: ======'slide_last_game_score_slide_removed'====== Args={'_from_bcp': True}
2024-11-21 15:42:36,794 : INFO : EventManager : Event: ======'slide_last_game_score_slide_created'====== Args={'_from_bcp': True}
2024-11-21 15:42:36,795 : INFO : EventManager : Event: ======'slide_last_game_score_slide_active'====== Args={'_from_bcp': True}
2024-11-21 15:42:37,023 : INFO : SwitchController : <<<<<<< 's_trough1' active >>>>>>>
2024-11-21 15:42:37,540 : INFO : EventManager : Event: ======'balldevice_bd_trough_ball_count_changed'====== Args={'balls': 1}
2024-11-21 15:42:37,541 : INFO : ball_device.bd_trough : Received unexpected ball
2024-11-21 15:42:37,541 : INFO : EventManager : Event: ======'balldevice_captured_from_playfield'====== Args={'balls': 1}
2024-11-21 15:42:37,542 : INFO : EventManager : Event: ======'sw_playfield_active'====== Args={'balls': 1}
2024-11-21 15:42:37,543 : INFO : EventManager : Event: ======'playfield_active'====== Args={}
2024-11-21 15:42:37,544 : INFO : EventManager : Event: ======'unexpected_ball_on_playfield'====== Args={}
2024-11-21 15:42:37,544 : INFO : EventManager : Event: ======'playfield_ball_count_change'====== Args={'balls': -1, 'change': -1}
2024-11-21 15:42:37,544 : INFO : EventManager : Event: ======'balldevice_playfield_ball_enter'====== Args={'new_balls': 1, 'unclaimed_balls': 1, 'device': <playfield.playfield>}
2024-11-21 15:42:37,544 : INFO : EventManager : Event: ======'playfield_ball_count_change'====== Args={'balls': 0, 'change': 1}
2024-11-21 15:42:37,545 : INFO : BallController : Found a new ball which was captured from playfield. Known balls: 1
2024-11-21 15:42:37,545 : INFO : EventManager : Event: ======'found_new_ball'====== Args={}
2024-11-21 15:42:37,545 : INFO : EventManager : Event: ======'balldevice_bd_trough_ball_enter'====== Args={'new_balls': 1, 'unclaimed_balls': 1, 'new_available_balls': 1, 'device': <ball_device.bd_trough>}
2024-11-21 15:42:37,545 : INFO : EventManager : Event: ======'ball_drain'====== Args={'device': <ball_device.bd_trough>, 'balls': 1}
2024-11-21 15:42:37,546 : INFO : EventManager : Event: ======'balldevice_balls_available'====== Args={}
2024-11-21 15:42:37,546 : INFO : EventManager : Event: ======'balldevice_bd_trough_ball_entered'====== Args={'new_balls': 1, 'device': <ball_device.bd_trough>}
2024-11-21 15:42:39,767 : INFO : EventManager : Event: ======'slide_awesome_slide_removed'====== Args={'_from_bcp': True}
2024-11-21 15:42:39,771 : INFO : EventManager : Event: ======'slide_awesome_slide_created'====== Args={'_from_bcp': True}
2024-11-21 15:42:39,771 : INFO : EventManager : Event: ======'slide_awesome_slide_active'====== Args={'_from_bcp': True}
2024-11-21 15:42:42,800 : INFO : EventManager : Event: ======'slide_press_start_removed'====== Args={'_from_bcp': True}
2024-11-21 15:42:42,802 : INFO : EventManager : Event: ======'slide_press_start_created'====== Args={'_from_bcp': True}
2024-11-21 15:42:42,805 : INFO : EventManager : Event: ======'slide_press_start_active'====== Args={'_from_bcp': True}
2024-11-21 15:42:44,436 : INFO : SwitchController : <<<<<<< 's_plunger' active >>>>>>>
2024-11-21 15:42:44,896 : INFO : SwitchController : <<<<<<< 's_trough1' inactive >>>>>>>
2024-11-21 15:42:44,948 : INFO : EventManager : Event: ======'balldevice_bd_plunger_ball_count_changed'====== Args={'balls': 1}
2024-11-21 15:42:44,949 : INFO : ball_device.bd_plunger : Received unexpected ball
2024-11-21 15:42:44,949 : INFO : EventManager : Event: ======'balldevice_captured_from_playfield'====== Args={'balls': 1}
2024-11-21 15:42:44,950 : INFO : EventManager : Event: ======'sw_playfield_active'====== Args={'balls': 1}
2024-11-21 15:42:44,952 : INFO : EventManager : Event: ======'playfield_active'====== Args={}
2024-11-21 15:42:44,953 : INFO : EventManager : Event: ======'unexpected_ball_on_playfield'====== Args={}
2024-11-21 15:42:44,955 : INFO : EventManager : Event: ======'playfield_ball_count_change'====== Args={'balls': -1, 'change': -1}
2024-11-21 15:42:44,957 : INFO : EventManager : Event: ======'balldevice_bd_plunger_ball_enter'====== Args={'new_balls': 1, 'unclaimed_balls': 1, 'new_available_balls': 1, 'device': <ball_device.bd_plunger>}
2024-11-21 15:42:44,959 : INFO : ball_device.bd_plunger : Ejecting 1 unexpected balls using path deque([<ball_device.bd_plunger>, <playfield.playfield>])
2024-11-21 15:42:44,960 : INFO : EventManager : Event: ======'balldevice_balls_available'====== Args={}
2024-11-21 15:42:44,962 : INFO : EventManager : Event: ======'balldevice_balls_available'====== Args={}
2024-11-21 15:42:44,963 : INFO : EventManager : Event: ======'balldevice_bd_plunger_ball_entered'====== Args={'new_balls': 1, 'device': <ball_device.bd_plunger>}
2024-11-21 15:42:44,966 : INFO : ball_device.bd_plunger : State: waiting_for_target_ready
2024-11-21 15:42:44,967 : INFO : EventManager : Event: ======'balldevice_bd_plunger_ball_eject_attempt'====== Args={'balls': 1, 'target': <playfield.playfield>, 'source': <ball_device.bd_plunger>, 'mechanical_eject': False, 'num_attempts': 0}
2024-11-21 15:42:44,969 : INFO : ball_device.bd_plunger : State: ejecting
2024-11-21 15:42:44,970 : INFO : ball_device.bd_plunger : Ejecting ball to <playfield.playfield>
2024-11-21 15:42:44,971 : INFO : EventManager : Event: ======'balldevice_bd_plunger_ejecting_ball'====== Args={'balls': 1, 'target': <playfield.playfield>, 'source': <ball_device.bd_plunger>, 'mechanical_eject': False, 'num_attempts': 0}
2024-11-21 15:42:44,973 : INFO : ball_device.bd_plunger : Wait for ball to leave device
2024-11-21 15:42:45,765 : INFO : EventManager : Event: ======'slide_mission_pinball_removed'====== Args={'_from_bcp': True}
2024-11-21 15:42:45,766 : INFO : EventManager : Event: ======'slide_mission_pinball_created'====== Args={'_from_bcp': True}
2024-11-21 15:42:45,767 : INFO : EventManager : Event: ======'slide_mission_pinball_active'====== Args={'_from_bcp': True}
2024-11-21 15:42:48,261 : INFO : SwitchController : <<<<<<< 's_plunger' inactive >>>>>>>
2024-11-21 15:42:48,289 : INFO : ball_device.bd_plunger : State: ball_left
2024-11-21 15:42:48,289 : INFO : ball_device.bd_plunger : Ball left
2024-11-21 15:42:48,290 : INFO : ball_device.bd_plunger : Wait for confirm with timeout 10.0
2024-11-21 15:42:48,776 : INFO : EventManager : Event: ======'slide_last_game_score_slide_removed'====== Args={'_from_bcp': True}
2024-11-21 15:42:48,778 : INFO : EventManager : Event: ======'slide_last_game_score_slide_created'====== Args={'_from_bcp': True}
2024-11-21 15:42:48,779 : INFO : EventManager : Event: ======'slide_last_game_score_slide_active'====== Args={'_from_bcp': True}
2024-11-21 15:42:50,405 : INFO : EventManager : Event: ======'balldevice_bd_trough_ball_count_changed'====== Args={'balls': 0}
2024-11-21 15:42:50,406 : WARNING : ball_device.bd_trough : Ball disappeared while idle. This should not normally happen.
2024-11-21 15:42:50,408 : INFO : EventManager : Event: ======'balldevice_playfield_ball_enter'====== Args={'new_balls': 1, 'unclaimed_balls': 1, 'device': <playfield.playfield>}
2024-11-21 15:42:50,409 : INFO : EventManager : Event: ======'playfield_ball_count_change'====== Args={'balls': 0, 'change': 1}
2024-11-21 15:42:50,411 : INFO : ball_device.bd_trough : 1 ball(s) missing from device. Mechanical eject? False
2024-11-21 15:42:50,411 : INFO : EventManager : Event: ======'balldevice_bd_trough_ball_missing'====== Args={'balls': 1}
2024-11-21 15:42:50,413 : INFO : EventManager : Event: ======'balldevice_ball_missing'====== Args={'balls': 1, 'name': 'bd_trough'}
2024-11-21 15:42:51,781 : INFO : EventManager : Event: ======'slide_awesome_slide_removed'====== Args={'_from_bcp': True}
2024-11-21 15:42:51,784 : INFO : EventManager : Event: ======'slide_awesome_slide_created'====== Args={'_from_bcp': True}
2024-11-21 15:42:51,784 : INFO : EventManager : Event: ======'slide_awesome_slide_active'====== Args={'_from_bcp': True}
2024-11-21 15:42:54,786 : INFO : EventManager : Event: ======'slide_press_start_removed'====== Args={'_from_bcp': True}
2024-11-21 15:42:54,790 : INFO : EventManager : Event: ======'slide_press_start_created'====== Args={'_from_bcp': True}
2024-11-21 15:42:54,790 : INFO : EventManager : Event: ======'slide_press_start_active'====== Args={'_from_bcp': True}
2024-11-21 15:42:55,335 : INFO : SwitchController : <<<<<<< 's_left_flipper' active >>>>>>>
2024-11-21 15:42:55,558 : INFO : SwitchController : <<<<<<< 's_left_flipper' inactive >>>>>>>
2024-11-21 15:42:56,233 : INFO : SwitchController : <<<<<<< 's_left_flipper' active >>>>>>>
2024-11-21 15:42:56,400 : INFO : SwitchController : <<<<<<< 's_left_flipper' inactive >>>>>>>
2024-11-21 15:42:56,851 : INFO : SwitchController : <<<<<<< 's_left_flipper' active >>>>>>>
2024-11-21 15:42:56,977 : INFO : SwitchController : <<<<<<< 's_left_flipper' inactive >>>>>>>
2024-11-21 15:42:57,447 : INFO : SwitchController : <<<<<<< 's_left_flipper' active >>>>>>>
2024-11-21 15:42:57,559 : INFO : SwitchController : <<<<<<< 's_left_flipper' inactive >>>>>>>
2024-11-21 15:42:57,792 : INFO : EventManager : Event: ======'slide_mission_pinball_removed'====== Args={'_from_bcp': True}
2024-11-21 15:42:57,793 : INFO : EventManager : Event: ======'slide_mission_pinball_created'====== Args={'_from_bcp': True}
2024-11-21 15:42:57,794 : INFO : EventManager : Event: ======'slide_mission_pinball_active'====== Args={'_from_bcp': True}
2024-11-21 15:42:58,303 : INFO : ball_device.bd_plunger : State: failed_confirm
2024-11-21 15:42:58,304 : INFO : ball_device.bd_plunger : Got timeout (10.0s) before confirm from <playfield.playfield>
2024-11-21 15:42:58,397 : INFO : ball_device.bd_plunger : Confirming eject because target is playfield and ball did not return.
2024-11-21 15:42:58,397 : INFO : ball_device.bd_plunger : Eject successful
2024-11-21 15:42:58,397 : INFO : EventManager : Event: ======'balldevice_bd_plunger_ball_eject_success'====== Args={'balls': 1, 'target': <playfield.playfield>}
2024-11-21 15:42:58,398 : INFO : EventManager : Event: ======'balldevice_playfield_ball_enter'====== Args={'new_balls': 1, 'unclaimed_balls': 1, 'device': <playfield.playfield>}
2024-11-21 15:42:58,399 : INFO : EventManager : Event: ======'playfield_ball_count_change'====== Args={'balls': 1, 'change': 1}
2024-11-21 15:42:58,399 : INFO : EventManager : Event: ======'balldevice_bd_plunger_ball_count_changed'====== Args={'balls': 0}
2024-11-21 15:42:58,400 : INFO : ball_device.bd_plunger : State: idle
2024-11-21 15:43:00,772 : INFO : EventManager : Event: ======'slide_last_game_score_slide_removed'====== Args={'_from_bcp': True}
2024-11-21 15:43:00,778 : INFO : EventManager : Event: ======'slide_last_game_score_slide_created'====== Args={'_from_bcp': True}
2024-11-21 15:43:00,778 : INFO : EventManager : Event: ======'slide_last_game_score_slide_active'====== Args={'_from_bcp': True}
2024-11-21 15:43:03,789 : INFO : EventManager : Event: ======'slide_awesome_slide_removed'====== Args={'_from_bcp': True}
2024-11-21 15:43:03,790 : INFO : EventManager : Event: ======'slide_awesome_slide_created'====== Args={'_from_bcp': True}
2024-11-21 15:43:03,791 : INFO : EventManager : Event: ======'slide_awesome_slide_active'====== Args={'_from_bcp': True}
2024-11-21 15:43:04,971 : INFO : SwitchController : <<<<<<< 's_reentry_left' active >>>>>>>
2024-11-21 15:43:04,972 : INFO : EventManager : Event: ======'s_reentry_left_active'====== Args={}
2024-11-21 15:43:04,973 : INFO : EventManager : Event: ======'sw_playfield_active'====== Args={}
2024-11-21 15:43:05,075 : INFO : SwitchController : <<<<<<< 's_reentry_left' inactive >>>>>>>
2024-11-21 15:43:06,804 : INFO : EventManager : Event: ======'slide_press_start_removed'====== Args={'_from_bcp': True}
2024-11-21 15:43:06,804 : INFO : EventManager : Event: ======'slide_press_start_created'====== Args={'_from_bcp': True}
2024-11-21 15:43:06,805 : INFO : EventManager : Event: ======'slide_press_start_active'====== Args={'_from_bcp': True}
2024-11-21 15:43:09,015 : INFO : SwitchController : <<<<<<< 's_reentry_middle' active >>>>>>>
2024-11-21 15:43:09,016 : INFO : EventManager : Event: ======'s_reentry_middle_active'====== Args={}
2024-11-21 15:43:09,017 : INFO : EventManager : Event: ======'sw_playfield_active'====== Args={}
2024-11-21 15:43:09,200 : INFO : SwitchController : <<<<<<< 's_reentry_middle' inactive >>>>>>>
2024-11-21 15:43:09,788 : INFO : EventManager : Event: ======'slide_mission_pinball_removed'====== Args={'_from_bcp': True}
2024-11-21 15:43:09,790 : INFO : EventManager : Event: ======'slide_mission_pinball_created'====== Args={'_from_bcp': True}
2024-11-21 15:43:09,790 : INFO : EventManager : Event: ======'slide_mission_pinball_active'====== Args={'_from_bcp': True}
2024-11-21 15:43:10,206 : INFO : SwitchController : <<<<<<< 's_reentry_right' active >>>>>>>
2024-11-21 15:43:10,207 : INFO : EventManager : Event: ======'s_reentry_right_active'====== Args={}
2024-11-21 15:43:10,207 : INFO : EventManager : Event: ======'sw_playfield_active'====== Args={}
2024-11-21 15:43:10,439 : INFO : SwitchController : <<<<<<< 's_reentry_right' inactive >>>>>>>
2024-11-21 15:43:12,776 : INFO : EventManager : Event: ======'slide_last_game_score_slide_removed'====== Args={'_from_bcp': True}
2024-11-21 15:43:12,809 : INFO : EventManager : Event: ======'slide_last_game_score_slide_created'====== Args={'_from_bcp': True}
2024-11-21 15:43:12,810 : INFO : EventManager : Event: ======'slide_last_game_score_slide_active'====== Args={'_from_bcp': True}
2024-11-21 15:43:14,189 : INFO : SwitchController : <<<<<<< 's_reentry_left' active >>>>>>>
2024-11-21 15:43:14,190 : INFO : EventManager : Event: ======'s_reentry_left_active'====== Args={}
2024-11-21 15:43:14,190 : INFO : EventManager : Event: ======'sw_playfield_active'====== Args={}
2024-11-21 15:43:14,325 : INFO : SwitchController : <<<<<<< 's_reentry_middle' active >>>>>>>
2024-11-21 15:43:14,326 : INFO : EventManager : Event: ======'s_reentry_middle_active'====== Args={}
2024-11-21 15:43:14,326 : INFO : EventManager : Event: ======'sw_playfield_active'====== Args={}
2024-11-21 15:43:14,438 : INFO : SwitchController : <<<<<<< 's_reentry_right' active >>>>>>>
2024-11-21 15:43:14,438 : INFO : EventManager : Event: ======'s_reentry_right_active'====== Args={}
2024-11-21 15:43:14,439 : INFO : EventManager : Event: ======'sw_playfield_active'====== Args={}
2024-11-21 15:43:14,462 : INFO : SwitchController : <<<<<<< 's_reentry_left' inactive >>>>>>>
2024-11-21 15:43:14,525 : INFO : SwitchController : <<<<<<< 's_reentry_middle' inactive >>>>>>>
2024-11-21 15:43:14,647 : INFO : SwitchController : <<<<<<< 's_reentry_right' inactive >>>>>>>
2024-11-21 15:43:15,771 : INFO : EventManager : Event: ======'slide_awesome_slide_removed'====== Args={'_from_bcp': True}
2024-11-21 15:43:15,775 : INFO : EventManager : Event: ======'slide_awesome_slide_created'====== Args={'_from_bcp': True}
2024-11-21 15:43:15,775 : INFO : EventManager : Event: ======'slide_awesome_slide_active'====== Args={'_from_bcp': True}
2024-11-21 15:43:18,783 : INFO : EventManager : Event: ======'slide_press_start_removed'====== Args={'_from_bcp': True}
2024-11-21 15:43:18,788 : INFO : EventManager : Event: ======'slide_press_start_created'====== Args={'_from_bcp': True}
2024-11-21 15:43:18,789 : INFO : EventManager : Event: ======'slide_press_start_active'====== Args={'_from_bcp': True}
2024-11-21 15:43:21,800 : INFO : EventManager : Event: ======'slide_mission_pinball_removed'====== Args={'_from_bcp': True}
2024-11-21 15:43:21,802 : INFO : EventManager : Event: ======'slide_mission_pinball_created'====== Args={'_from_bcp': True}
2024-11-21 15:43:21,802 : INFO : EventManager : Event: ======'slide_mission_pinball_active'====== Args={'_from_bcp': True}
2024-11-21 15:43:24,653 : INFO : SwitchController : <<<<<<< 's_reentry_left' active >>>>>>>
2024-11-21 15:43:24,654 : INFO : EventManager : Event: ======'s_reentry_left_active'====== Args={}
2024-11-21 15:43:24,655 : INFO : EventManager : Event: ======'sw_playfield_active'====== Args={}
2024-11-21 15:43:24,797 : INFO : EventManager : Event: ======'slide_last_game_score_slide_removed'====== Args={'_from_bcp': True}
2024-11-21 15:43:24,799 : INFO : EventManager : Event: ======'slide_last_game_score_slide_created'====== Args={'_from_bcp': True}
2024-11-21 15:43:24,799 : INFO : EventManager : Event: ======'slide_last_game_score_slide_active'====== Args={'_from_bcp': True}
2024-11-21 15:43:24,954 : INFO : SwitchController : <<<<<<< 's_reentry_left' inactive >>>>>>>
2024-11-21 15:43:27,246 : INFO : SwitchController : <<<<<<< 's_reentry_middle' active >>>>>>>
2024-11-21 15:43:27,247 : INFO : EventManager : Event: ======'s_reentry_middle_active'====== Args={}
2024-11-21 15:43:27,248 : INFO : EventManager : Event: ======'sw_playfield_active'====== Args={}
2024-11-21 15:43:27,466 : INFO : SwitchController : <<<<<<< 's_reentry_middle' inactive >>>>>>>
2024-11-21 15:43:27,782 : INFO : EventManager : Event: ======'slide_awesome_slide_removed'====== Args={'_from_bcp': True}
2024-11-21 15:43:27,783 : INFO : EventManager : Event: ======'slide_awesome_slide_created'====== Args={'_from_bcp': True}
2024-11-21 15:43:27,783 : INFO : EventManager : Event: ======'slide_awesome_slide_active'====== Args={'_from_bcp': True}
2024-11-21 15:43:28,139 : INFO : SwitchController : <<<<<<< 's_reentry_right' active >>>>>>>
2024-11-21 15:43:28,139 : INFO : EventManager : Event: ======'s_reentry_right_active'====== Args={}
2024-11-21 15:43:28,141 : INFO : EventManager : Event: ======'sw_playfield_active'====== Args={}
2024-11-21 15:43:28,303 : INFO : SwitchController : <<<<<<< 's_reentry_right' inactive >>>>>>>
2024-11-21 15:43:30,784 : INFO : EventManager : Event: ======'slide_press_start_removed'====== Args={'_from_bcp': True}
2024-11-21 15:43:30,789 : INFO : EventManager : Event: ======'slide_press_start_created'====== Args={'_from_bcp': True}
2024-11-21 15:43:30,789 : INFO : EventManager : Event: ======'slide_press_start_active'====== Args={'_from_bcp': True}
2024-11-21 15:43:33,791 : INFO : EventManager : Event: ======'slide_mission_pinball_removed'====== Args={'_from_bcp': True}
2024-11-21 15:43:33,795 : INFO : EventManager : Event: ======'slide_mission_pinball_created'====== Args={'_from_bcp': True}
2024-11-21 15:43:33,795 : INFO : EventManager : Event: ======'slide_mission_pinball_active'====== Args={'_from_bcp': True}
2024-11-21 15:43:36,790 : INFO : EventManager : Event: ======'slide_last_game_score_slide_removed'====== Args={'_from_bcp': True}
2024-11-21 15:43:36,792 : INFO : EventManager : Event: ======'slide_last_game_score_slide_created'====== Args={'_from_bcp': True}
2024-11-21 15:43:36,796 : INFO : EventManager : Event: ======'slide_last_game_score_slide_active'====== Args={'_from_bcp': True}
2024-11-21 15:43:39,794 : INFO : EventManager : Event: ======'slide_awesome_slide_removed'====== Args={'_from_bcp': True}
2024-11-21 15:43:39,794 : INFO : EventManager : Event: ======'slide_awesome_slide_created'====== Args={'_from_bcp': True}
2024-11-21 15:43:39,795 : INFO : EventManager : Event: ======'slide_awesome_slide_active'====== Args={'_from_bcp': True}
2024-11-21 15:43:42,796 : INFO : EventManager : Event: ======'slide_press_start_removed'====== Args={'_from_bcp': True}
2024-11-21 15:43:42,798 : INFO : EventManager : Event: ======'slide_press_start_created'====== Args={'_from_bcp': True}
2024-11-21 15:43:42,801 : INFO : EventManager : Event: ======'slide_press_start_active'====== Args={'_from_bcp': True}
2024-11-21 15:43:45,775 : INFO : EventManager : Event: ======'slide_mission_pinball_removed'====== Args={'_from_bcp': True}
2024-11-21 15:43:45,778 : INFO : EventManager : Event: ======'slide_mission_pinball_created'====== Args={'_from_bcp': True}
2024-11-21 15:43:45,778 : INFO : EventManager : Event: ======'slide_mission_pinball_active'====== Args={'_from_bcp': True}
2024-11-21 15:43:46,297 : INFO : SwitchController : <<<<<<< 's_reentry_left' active >>>>>>>
2024-11-21 15:43:46,297 : INFO : EventManager : Event: ======'s_reentry_left_active'====== Args={}
2024-11-21 15:43:46,298 : INFO : EventManager : Event: ======'sw_playfield_active'====== Args={}
2024-11-21 15:43:46,475 : INFO : SwitchController : <<<<<<< 's_reentry_middle' active >>>>>>>
2024-11-21 15:43:46,475 : INFO : EventManager : Event: ======'s_reentry_middle_active'====== Args={}
2024-11-21 15:43:46,475 : INFO : EventManager : Event: ======'sw_playfield_active'====== Args={}
2024-11-21 15:43:46,666 : INFO : SwitchController : <<<<<<< 's_reentry_left' inactive >>>>>>>
2024-11-21 15:43:46,692 : INFO : SwitchController : <<<<<<< 's_reentry_right' active >>>>>>>
2024-11-21 15:43:46,693 : INFO : EventManager : Event: ======'s_reentry_right_active'====== Args={}
2024-11-21 15:43:46,694 : INFO : EventManager : Event: ======'sw_playfield_active'====== Args={}
2024-11-21 15:43:46,748 : INFO : SwitchController : <<<<<<< 's_reentry_middle' inactive >>>>>>>
2024-11-21 15:43:46,909 : INFO : SwitchController : <<<<<<< 's_reentry_right' inactive >>>>>>>
2024-11-21 15:43:47,719 : INFO : SwitchController : <<<<<<< 's_reentry_left' active >>>>>>>
2024-11-21 15:43:47,720 : INFO : EventManager : Event: ======'s_reentry_left_active'====== Args={}
2024-11-21 15:43:47,721 : INFO : EventManager : Event: ======'sw_playfield_active'====== Args={}
2024-11-21 15:43:47,879 : INFO : SwitchController : <<<<<<< 's_reentry_middle' active >>>>>>>
2024-11-21 15:43:47,880 : INFO : EventManager : Event: ======'s_reentry_middle_active'====== Args={}
2024-11-21 15:43:47,881 : INFO : EventManager : Event: ======'sw_playfield_active'====== Args={}
2024-11-21 15:43:48,075 : INFO : SwitchController : <<<<<<< 's_reentry_left' inactive >>>>>>>
2024-11-21 15:43:48,106 : INFO : SwitchController : <<<<<<< 's_reentry_right' active >>>>>>>
2024-11-21 15:43:48,107 : INFO : EventManager : Event: ======'s_reentry_right_active'====== Args={}
2024-11-21 15:43:48,107 : INFO : EventManager : Event: ======'sw_playfield_active'====== Args={}
2024-11-21 15:43:48,211 : INFO : SwitchController : <<<<<<< 's_reentry_middle' inactive >>>>>>>
2024-11-21 15:43:48,322 : INFO : SwitchController : <<<<<<< 's_reentry_right' inactive >>>>>>>
2024-11-21 15:43:48,551 : INFO : SwitchController : <<<<<<< 's_reentry_left' active >>>>>>>
2024-11-21 15:43:48,552 : INFO : EventManager : Event: ======'s_reentry_left_active'====== Args={}
2024-11-21 15:43:48,552 : INFO : EventManager : Event: ======'sw_playfield_active'====== Args={}
2024-11-21 15:43:48,663 : INFO : SwitchController : <<<<<<< 's_reentry_middle' active >>>>>>>
2024-11-21 15:43:48,663 : INFO : EventManager : Event: ======'s_reentry_middle_active'====== Args={}
2024-11-21 15:43:48,664 : INFO : EventManager : Event: ======'sw_playfield_active'====== Args={}
2024-11-21 15:43:48,750 : INFO : SwitchController : <<<<<<< 's_reentry_right' active >>>>>>>
2024-11-21 15:43:48,750 : INFO : EventManager : Event: ======'s_reentry_right_active'====== Args={}
2024-11-21 15:43:48,751 : INFO : EventManager : Event: ======'sw_playfield_active'====== Args={}
2024-11-21 15:43:48,763 : INFO : EventManager : Event: ======'slide_last_game_score_slide_removed'====== Args={'_from_bcp': True}
2024-11-21 15:43:48,767 : INFO : EventManager : Event: ======'slide_last_game_score_slide_created'====== Args={'_from_bcp': True}
2024-11-21 15:43:48,772 : INFO : EventManager : Event: ======'slide_last_game_score_slide_active'====== Args={'_from_bcp': True}
2024-11-21 15:43:48,823 : INFO : SwitchController : <<<<<<< 's_reentry_left' inactive >>>>>>>
2024-11-21 15:43:48,861 : INFO : SwitchController : <<<<<<< 's_reentry_middle' inactive >>>>>>>
2024-11-21 15:43:49,018 : INFO : SwitchController : <<<<<<< 's_reentry_right' inactive >>>>>>>
2024-11-21 15:43:49,095 : INFO : SwitchController : <<<<<<< 's_reentry_left' active >>>>>>>
2024-11-21 15:43:49,096 : INFO : EventManager : Event: ======'s_reentry_left_active'====== Args={}
2024-11-21 15:43:49,096 : INFO : EventManager : Event: ======'sw_playfield_active'====== Args={}
2024-11-21 15:43:49,183 : INFO : SwitchController : <<<<<<< 's_reentry_middle' active >>>>>>>
2024-11-21 15:43:49,184 : INFO : EventManager : Event: ======'s_reentry_middle_active'====== Args={}
2024-11-21 15:43:49,184 : INFO : EventManager : Event: ======'sw_playfield_active'====== Args={}
2024-11-21 15:43:49,311 : INFO : SwitchController : <<<<<<< 's_reentry_right' active >>>>>>>
2024-11-21 15:43:49,311 : INFO : EventManager : Event: ======'s_reentry_right_active'====== Args={}
2024-11-21 15:43:49,312 : INFO : EventManager : Event: ======'sw_playfield_active'====== Args={}
2024-11-21 15:43:49,316 : INFO : SwitchController : <<<<<<< 's_reentry_left' inactive >>>>>>>
2024-11-21 15:43:49,384 : INFO : SwitchController : <<<<<<< 's_reentry_middle' inactive >>>>>>>
2024-11-21 15:43:49,498 : INFO : SwitchController : <<<<<<< 's_reentry_right' inactive >>>>>>>
2024-11-21 15:43:49,570 : INFO : SwitchController : <<<<<<< 's_reentry_left' active >>>>>>>
2024-11-21 15:43:49,571 : INFO : EventManager : Event: ======'s_reentry_left_active'====== Args={}
2024-11-21 15:43:49,572 : INFO : EventManager : Event: ======'sw_playfield_active'====== Args={}
2024-11-21 15:43:49,630 : INFO : SwitchController : <<<<<<< 's_reentry_middle' active >>>>>>>
2024-11-21 15:43:49,631 : INFO : EventManager : Event: ======'s_reentry_middle_active'====== Args={}
2024-11-21 15:43:49,631 : INFO : EventManager : Event: ======'sw_playfield_active'====== Args={}
2024-11-21 15:43:49,692 : INFO : SwitchController : <<<<<<< 's_reentry_right' active >>>>>>>
2024-11-21 15:43:49,694 : INFO : EventManager : Event: ======'s_reentry_right_active'====== Args={}
2024-11-21 15:43:49,694 : INFO : EventManager : Event: ======'sw_playfield_active'====== Args={}
2024-11-21 15:43:49,742 : INFO : SwitchController : <<<<<<< 's_reentry_left' inactive >>>>>>>
2024-11-21 15:43:49,792 : INFO : SwitchController : <<<<<<< 's_reentry_middle' inactive >>>>>>>
2024-11-21 15:43:49,881 : INFO : SwitchController : <<<<<<< 's_reentry_left' active >>>>>>>
2024-11-21 15:43:49,881 : INFO : EventManager : Event: ======'s_reentry_left_active'====== Args={}
2024-11-21 15:43:49,882 : INFO : EventManager : Event: ======'sw_playfield_active'====== Args={}
2024-11-21 15:43:49,905 : INFO : SwitchController : <<<<<<< 's_reentry_right' inactive >>>>>>>
2024-11-21 15:43:49,994 : INFO : SwitchController : <<<<<<< 's_reentry_middle' active >>>>>>>
2024-11-21 15:43:49,994 : INFO : EventManager : Event: ======'s_reentry_middle_active'====== Args={}
2024-11-21 15:43:49,995 : INFO : EventManager : Event: ======'sw_playfield_active'====== Args={}
2024-11-21 15:43:50,058 : INFO : SwitchController : <<<<<<< 's_reentry_right' active >>>>>>>
2024-11-21 15:43:50,058 : INFO : EventManager : Event: ======'s_reentry_right_active'====== Args={}
2024-11-21 15:43:50,058 : INFO : EventManager : Event: ======'sw_playfield_active'====== Args={}
2024-11-21 15:43:50,081 : INFO : SwitchController : <<<<<<< 's_reentry_left' inactive >>>>>>>
2024-11-21 15:43:50,168 : INFO : SwitchController : <<<<<<< 's_reentry_middle' inactive >>>>>>>
2024-11-21 15:43:50,265 : INFO : SwitchController : <<<<<<< 's_reentry_right' inactive >>>>>>>
2024-11-21 15:43:50,302 : INFO : SwitchController : <<<<<<< 's_reentry_left' active >>>>>>>
2024-11-21 15:43:50,302 : INFO : EventManager : Event: ======'s_reentry_left_active'====== Args={}
2024-11-21 15:43:50,303 : INFO : EventManager : Event: ======'sw_playfield_active'====== Args={}
2024-11-21 15:43:50,375 : INFO : SwitchController : <<<<<<< 's_reentry_middle' active >>>>>>>
2024-11-21 15:43:50,375 : INFO : EventManager : Event: ======'s_reentry_middle_active'====== Args={}
2024-11-21 15:43:50,375 : INFO : EventManager : Event: ======'sw_playfield_active'====== Args={}
2024-11-21 15:43:50,437 : INFO : SwitchController : <<<<<<< 's_reentry_right' active >>>>>>>
2024-11-21 15:43:50,437 : INFO : EventManager : Event: ======'s_reentry_right_active'====== Args={}
2024-11-21 15:43:50,437 : INFO : EventManager : Event: ======'sw_playfield_active'====== Args={}
2024-11-21 15:43:50,485 : INFO : SwitchController : <<<<<<< 's_reentry_left' inactive >>>>>>>
2024-11-21 15:43:50,537 : INFO : SwitchController : <<<<<<< 's_reentry_middle' inactive >>>>>>>
2024-11-21 15:43:50,626 : INFO : SwitchController : <<<<<<< 's_reentry_left' active >>>>>>>
2024-11-21 15:43:50,626 : INFO : EventManager : Event: ======'s_reentry_left_active'====== Args={}
2024-11-21 15:43:50,627 : INFO : EventManager : Event: ======'sw_playfield_active'====== Args={}
2024-11-21 15:43:50,643 : INFO : SwitchController : <<<<<<< 's_reentry_right' inactive >>>>>>>
2024-11-21 15:43:50,713 : INFO : SwitchController : <<<<<<< 's_reentry_middle' active >>>>>>>
2024-11-21 15:43:50,713 : INFO : EventManager : Event: ======'s_reentry_middle_active'====== Args={}
2024-11-21 15:43:50,714 : INFO : EventManager : Event: ======'sw_playfield_active'====== Args={}
2024-11-21 15:43:50,776 : INFO : SwitchController : <<<<<<< 's_reentry_right' active >>>>>>>
2024-11-21 15:43:50,776 : INFO : EventManager : Event: ======'s_reentry_right_active'====== Args={}
2024-11-21 15:43:50,776 : INFO : EventManager : Event: ======'sw_playfield_active'====== Args={}
2024-11-21 15:43:50,799 : INFO : SwitchController : <<<<<<< 's_reentry_left' inactive >>>>>>>
2024-11-21 15:43:50,875 : INFO : SwitchController : <<<<<<< 's_reentry_middle' inactive >>>>>>>
2024-11-21 15:43:50,937 : INFO : SwitchController : <<<<<<< 's_reentry_right' inactive >>>>>>>
2024-11-21 15:43:50,966 : INFO : SwitchController : <<<<<<< 's_reentry_left' active >>>>>>>
2024-11-21 15:43:50,966 : INFO : EventManager : Event: ======'s_reentry_left_active'====== Args={}
2024-11-21 15:43:50,967 : INFO : EventManager : Event: ======'sw_playfield_active'====== Args={}
2024-11-21 15:43:50,996 : INFO : SwitchController : <<<<<<< 's_reentry_middle' active >>>>>>>
2024-11-21 15:43:50,997 : INFO : EventManager : Event: ======'s_reentry_middle_active'====== Args={}
2024-11-21 15:43:50,997 : INFO : EventManager : Event: ======'sw_playfield_active'====== Args={}
2024-11-21 15:43:51,099 : INFO : SwitchController : <<<<<<< 's_reentry_right' active >>>>>>>
2024-11-21 15:43:51,099 : INFO : EventManager : Event: ======'s_reentry_right_active'====== Args={}
2024-11-21 15:43:51,100 : INFO : EventManager : Event: ======'sw_playfield_active'====== Args={}
2024-11-21 15:43:51,115 : INFO : SwitchController : <<<<<<< 's_reentry_left' inactive >>>>>>>
2024-11-21 15:43:51,187 : INFO : SwitchController : <<<<<<< 's_reentry_middle' inactive >>>>>>>
2024-11-21 15:43:51,249 : INFO : SwitchController : <<<<<<< 's_reentry_left' active >>>>>>>
2024-11-21 15:43:51,250 : INFO : EventManager : Event: ======'s_reentry_left_active'====== Args={}
2024-11-21 15:43:51,250 : INFO : EventManager : Event: ======'sw_playfield_active'====== Args={}
2024-11-21 15:43:51,274 : INFO : SwitchController : <<<<<<< 's_reentry_right' inactive >>>>>>>
2024-11-21 15:43:51,335 : INFO : SwitchController : <<<<<<< 's_reentry_middle' active >>>>>>>
2024-11-21 15:43:51,335 : INFO : EventManager : Event: ======'s_reentry_middle_active'====== Args={}
2024-11-21 15:43:51,335 : INFO : EventManager : Event: ======'sw_playfield_active'====== Args={}
2024-11-21 15:43:51,436 : INFO : SwitchController : <<<<<<< 's_reentry_right' active >>>>>>>
2024-11-21 15:43:51,436 : INFO : EventManager : Event: ======'s_reentry_right_active'====== Args={}
2024-11-21 15:43:51,436 : INFO : EventManager : Event: ======'sw_playfield_active'====== Args={}
2024-11-21 15:43:51,448 : INFO : SwitchController : <<<<<<< 's_reentry_left' inactive >>>>>>>
2024-11-21 15:43:51,524 : INFO : SwitchController : <<<<<<< 's_reentry_middle' inactive >>>>>>>
2024-11-21 15:43:51,585 : INFO : SwitchController : <<<<<<< 's_reentry_right' inactive >>>>>>>
2024-11-21 15:43:51,610 : INFO : SwitchController : <<<<<<< 's_reentry_left' active >>>>>>>
2024-11-21 15:43:51,610 : INFO : EventManager : Event: ======'s_reentry_left_active'====== Args={}
2024-11-21 15:43:51,611 : INFO : EventManager : Event: ======'sw_playfield_active'====== Args={}
2024-11-21 15:43:51,700 : INFO : SwitchController : <<<<<<< 's_reentry_middle' active >>>>>>>
2024-11-21 15:43:51,700 : INFO : EventManager : Event: ======'s_reentry_middle_active'====== Args={}
2024-11-21 15:43:51,701 : INFO : EventManager : Event: ======'sw_playfield_active'====== Args={}
2024-11-21 15:43:51,762 : INFO : EventManager : Event: ======'slide_awesome_slide_removed'====== Args={'_from_bcp': True}
2024-11-21 15:43:51,764 : INFO : EventManager : Event: ======'slide_awesome_slide_created'====== Args={'_from_bcp': True}
2024-11-21 15:43:51,767 : INFO : EventManager : Event: ======'slide_awesome_slide_active'====== Args={'_from_bcp': True}
2024-11-21 15:43:51,767 : INFO : SwitchController : <<<<<<< 's_reentry_right' active >>>>>>>
2024-11-21 15:43:51,768 : INFO : EventManager : Event: ======'s_reentry_right_active'====== Args={}
2024-11-21 15:43:51,768 : INFO : EventManager : Event: ======'sw_playfield_active'====== Args={}
2024-11-21 15:43:51,811 : INFO : SwitchController : <<<<<<< 's_reentry_left' inactive >>>>>>>
2024-11-21 15:43:51,841 : INFO : SwitchController : <<<<<<< 's_reentry_middle' inactive >>>>>>>
2024-11-21 15:43:51,926 : INFO : SwitchController : <<<<<<< 's_reentry_left' active >>>>>>>
2024-11-21 15:43:51,926 : INFO : EventManager : Event: ======'s_reentry_left_active'====== Args={}
2024-11-21 15:43:51,927 : INFO : EventManager : Event: ======'sw_playfield_active'====== Args={}
2024-11-21 15:43:51,949 : INFO : SwitchController : <<<<<<< 's_reentry_right' inactive >>>>>>>
2024-11-21 15:43:52,011 : INFO : SwitchController : <<<<<<< 's_reentry_middle' active >>>>>>>
2024-11-21 15:43:52,011 : INFO : EventManager : Event: ======'s_reentry_middle_active'====== Args={}
2024-11-21 15:43:52,011 : INFO : EventManager : Event: ======'sw_playfield_active'====== Args={}
2024-11-21 15:43:52,085 : INFO : SwitchController : <<<<<<< 's_reentry_right' active >>>>>>>
2024-11-21 15:43:52,087 : INFO : EventManager : Event: ======'s_reentry_right_active'====== Args={}
2024-11-21 15:43:52,087 : INFO : EventManager : Event: ======'sw_playfield_active'====== Args={}
2024-11-21 15:43:52,099 : INFO : SwitchController : <<<<<<< 's_reentry_left' inactive >>>>>>>
2024-11-21 15:43:52,173 : INFO : SwitchController : <<<<<<< 's_reentry_middle' inactive >>>>>>>
2024-11-21 15:43:52,245 : INFO : SwitchController : <<<<<<< 's_reentry_left' active >>>>>>>
2024-11-21 15:43:52,246 : INFO : EventManager : Event: ======'s_reentry_left_active'====== Args={}
2024-11-21 15:43:52,246 : INFO : EventManager : Event: ======'sw_playfield_active'====== Args={}
2024-11-21 15:43:52,257 : INFO : SwitchController : <<<<<<< 's_reentry_right' inactive >>>>>>>
2024-11-21 15:43:52,334 : INFO : SwitchController : <<<<<<< 's_reentry_middle' active >>>>>>>
2024-11-21 15:43:52,334 : INFO : EventManager : Event: ======'s_reentry_middle_active'====== Args={}
2024-11-21 15:43:52,334 : INFO : EventManager : Event: ======'sw_playfield_active'====== Args={}
2024-11-21 15:43:52,395 : INFO : SwitchController : <<<<<<< 's_reentry_right' active >>>>>>>
2024-11-21 15:43:52,395 : INFO : EventManager : Event: ======'s_reentry_right_active'====== Args={}
2024-11-21 15:43:52,395 : INFO : EventManager : Event: ======'sw_playfield_active'====== Args={}
2024-11-21 15:43:52,419 : INFO : SwitchController : <<<<<<< 's_reentry_left' inactive >>>>>>>
2024-11-21 15:43:52,470 : INFO : SwitchController : <<<<<<< 's_reentry_middle' inactive >>>>>>>
2024-11-21 15:43:52,536 : INFO : SwitchController : <<<<<<< 's_reentry_left' active >>>>>>>
2024-11-21 15:43:52,536 : INFO : EventManager : Event: ======'s_reentry_left_active'====== Args={}
2024-11-21 15:43:52,537 : INFO : EventManager : Event: ======'sw_playfield_active'====== Args={}
2024-11-21 15:43:52,561 : INFO : SwitchController : <<<<<<< 's_reentry_right' inactive >>>>>>>
2024-11-21 15:43:52,620 : INFO : SwitchController : <<<<<<< 's_reentry_middle' active >>>>>>>
2024-11-21 15:43:52,620 : INFO : EventManager : Event: ======'s_reentry_middle_active'====== Args={}
2024-11-21 15:43:52,620 : INFO : EventManager : Event: ======'sw_playfield_active'====== Args={}
2024-11-21 15:43:52,669 : INFO : SwitchController : <<<<<<< 's_reentry_right' active >>>>>>>
2024-11-21 15:43:52,669 : INFO : EventManager : Event: ======'s_reentry_right_active'====== Args={}
2024-11-21 15:43:52,669 : INFO : EventManager : Event: ======'sw_playfield_active'====== Args={}
2024-11-21 15:43:52,709 : INFO : SwitchController : <<<<<<< 's_reentry_left' inactive >>>>>>>
2024-11-21 15:43:52,783 : INFO : SwitchController : <<<<<<< 's_reentry_middle' inactive >>>>>>>
2024-11-21 15:43:52,821 : INFO : SwitchController : <<<<<<< 's_reentry_right' inactive >>>>>>>
2024-11-21 15:43:54,777 : INFO : EventManager : Event: ======'slide_press_start_removed'====== Args={'_from_bcp': True}
2024-11-21 15:43:54,781 : INFO : EventManager : Event: ======'slide_press_start_created'====== Args={'_from_bcp': True}
2024-11-21 15:43:54,781 : INFO : EventManager : Event: ======'slide_press_start_active'====== Args={'_from_bcp': True}
2024-11-21 15:43:55,729 : INFO : SwitchController : <<<<<<< 's_reentry_left' active >>>>>>>
2024-11-21 15:43:55,729 : INFO : EventManager : Event: ======'s_reentry_left_active'====== Args={}
2024-11-21 15:43:55,730 : INFO : EventManager : Event: ======'sw_playfield_active'====== Args={}
2024-11-21 15:43:55,839 : INFO : SwitchController : <<<<<<< 's_reentry_middle' active >>>>>>>
2024-11-21 15:43:55,840 : INFO : EventManager : Event: ======'s_reentry_middle_active'====== Args={}
2024-11-21 15:43:55,841 : INFO : EventManager : Event: ======'sw_playfield_active'====== Args={}
2024-11-21 15:43:55,951 : INFO : SwitchController : <<<<<<< 's_reentry_right' active >>>>>>>
2024-11-21 15:43:55,951 : INFO : EventManager : Event: ======'s_reentry_right_active'====== Args={}
2024-11-21 15:43:55,952 : INFO : EventManager : Event: ======'sw_playfield_active'====== Args={}
2024-11-21 15:43:55,976 : INFO : SwitchController : <<<<<<< 's_reentry_left' inactive >>>>>>>
2024-11-21 15:43:56,026 : INFO : SwitchController : <<<<<<< 's_reentry_middle' inactive >>>>>>>
2024-11-21 15:43:56,135 : INFO : SwitchController : <<<<<<< 's_reentry_right' inactive >>>>>>>
2024-11-21 15:43:56,900 : INFO : SwitchController : <<<<<<< 's_reentry_left' active >>>>>>>
2024-11-21 15:43:56,901 : INFO : EventManager : Event: ======'s_reentry_left_active'====== Args={}
2024-11-21 15:43:56,902 : INFO : EventManager : Event: ======'sw_playfield_active'====== Args={}
2024-11-21 15:43:57,012 : INFO : SwitchController : <<<<<<< 's_reentry_middle' active >>>>>>>
2024-11-21 15:43:57,012 : INFO : EventManager : Event: ======'s_reentry_middle_active'====== Args={}
2024-11-21 15:43:57,012 : INFO : EventManager : Event: ======'sw_playfield_active'====== Args={}
2024-11-21 15:43:57,126 : INFO : SwitchController : <<<<<<< 's_reentry_right' active >>>>>>>
2024-11-21 15:43:57,127 : INFO : EventManager : Event: ======'s_reentry_right_active'====== Args={}
2024-11-21 15:43:57,128 : INFO : EventManager : Event: ======'sw_playfield_active'====== Args={}
2024-11-21 15:43:57,150 : INFO : SwitchController : <<<<<<< 's_reentry_left' inactive >>>>>>>
2024-11-21 15:43:57,185 : INFO : SwitchController : <<<<<<< 's_reentry_middle' inactive >>>>>>>
2024-11-21 15:43:57,299 : INFO : SwitchController : <<<<<<< 's_reentry_right' inactive >>>>>>>
2024-11-21 15:43:57,791 : INFO : EventManager : Event: ======'slide_mission_pinball_removed'====== Args={'_from_bcp': True}
2024-11-21 15:43:57,793 : INFO : EventManager : Event: ======'slide_mission_pinball_created'====== Args={'_from_bcp': True}
2024-11-21 15:43:57,794 : INFO : EventManager : Event: ======'slide_mission_pinball_active'====== Args={'_from_bcp': True}
2024-11-21 15:44:00,785 : INFO : EventManager : Event: ======'slide_last_game_score_slide_removed'====== Args={'_from_bcp': True}
2024-11-21 15:44:00,788 : INFO : EventManager : Event: ======'slide_last_game_score_slide_created'====== Args={'_from_bcp': True}
2024-11-21 15:44:00,789 : INFO : EventManager : Event: ======'slide_last_game_score_slide_active'====== Args={'_from_bcp': True}
2024-11-21 15:44:03,779 : INFO : EventManager : Event: ======'slide_awesome_slide_removed'====== Args={'_from_bcp': True}
2024-11-21 15:44:03,779 : INFO : EventManager : Event: ======'slide_awesome_slide_created'====== Args={'_from_bcp': True}
2024-11-21 15:44:03,780 : INFO : EventManager : Event: ======'slide_awesome_slide_active'====== Args={'_from_bcp': True}
2024-11-21 15:44:06,802 : INFO : EventManager : Event: ======'slide_press_start_removed'====== Args={'_from_bcp': True}
2024-11-21 15:44:06,803 : INFO : EventManager : Event: ======'slide_press_start_created'====== Args={'_from_bcp': True}
2024-11-21 15:44:06,806 : INFO : EventManager : Event: ======'slide_press_start_active'====== Args={'_from_bcp': True}
2024-11-21 15:44:09,787 : INFO : EventManager : Event: ======'slide_mission_pinball_removed'====== Args={'_from_bcp': True}
2024-11-21 15:44:09,788 : INFO : EventManager : Event: ======'slide_mission_pinball_created'====== Args={'_from_bcp': True}
2024-11-21 15:44:09,789 : INFO : EventManager : Event: ======'slide_mission_pinball_active'====== Args={'_from_bcp': True}
2024-11-21 15:44:12,775 : INFO : EventManager : Event: ======'slide_last_game_score_slide_removed'====== Args={'_from_bcp': True}
2024-11-21 15:44:12,777 : INFO : EventManager : Event: ======'slide_last_game_score_slide_created'====== Args={'_from_bcp': True}
2024-11-21 15:44:12,778 : INFO : EventManager : Event: ======'slide_last_game_score_slide_active'====== Args={'_from_bcp': True}
2024-11-21 15:44:15,793 : INFO : EventManager : Event: ======'slide_awesome_slide_removed'====== Args={'_from_bcp': True}
2024-11-21 15:44:15,797 : INFO : EventManager : Event: ======'slide_awesome_slide_created'====== Args={'_from_bcp': True}
2024-11-21 15:44:15,800 : INFO : EventManager : Event: ======'slide_awesome_slide_active'====== Args={'_from_bcp': True}
2024-11-21 15:44:18,782 : INFO : EventManager : Event: ======'slide_press_start_removed'====== Args={'_from_bcp': True}
2024-11-21 15:44:18,782 : INFO : EventManager : Event: ======'slide_press_start_created'====== Args={'_from_bcp': True}
2024-11-21 15:44:18,783 : INFO : EventManager : Event: ======'slide_press_start_active'====== Args={'_from_bcp': True}
2024-11-21 15:44:21,792 : INFO : EventManager : Event: ======'slide_mission_pinball_removed'====== Args={'_from_bcp': True}
2024-11-21 15:44:21,796 : INFO : EventManager : Event: ======'slide_mission_pinball_created'====== Args={'_from_bcp': True}
2024-11-21 15:44:21,796 : INFO : EventManager : Event: ======'slide_mission_pinball_active'====== Args={'_from_bcp': True}
2024-11-21 15:44:24,790 : INFO : EventManager : Event: ======'slide_last_game_score_slide_removed'====== Args={'_from_bcp': True}
2024-11-21 15:44:24,790 : INFO : EventManager : Event: ======'slide_last_game_score_slide_created'====== Args={'_from_bcp': True}
2024-11-21 15:44:24,790 : INFO : EventManager : Event: ======'slide_last_game_score_slide_active'====== Args={'_from_bcp': True}
2024-11-21 15:44:27,778 : INFO : EventManager : Event: ======'slide_awesome_slide_removed'====== Args={'_from_bcp': True}
2024-11-21 15:44:27,780 : INFO : EventManager : Event: ======'slide_awesome_slide_created'====== Args={'_from_bcp': True}
2024-11-21 15:44:27,781 : INFO : EventManager : Event: ======'slide_awesome_slide_active'====== Args={'_from_bcp': True}
2024-11-21 15:44:30,771 : INFO : EventManager : Event: ======'slide_press_start_removed'====== Args={'_from_bcp': True}
2024-11-21 15:44:30,774 : INFO : EventManager : Event: ======'slide_press_start_created'====== Args={'_from_bcp': True}
2024-11-21 15:44:30,774 : INFO : EventManager : Event: ======'slide_press_start_active'====== Args={'_from_bcp': True}
2024-11-21 15:44:33,790 : INFO : EventManager : Event: ======'slide_mission_pinball_removed'====== Args={'_from_bcp': True}
2024-11-21 15:44:33,792 : INFO : EventManager : Event: ======'slide_mission_pinball_created'====== Args={'_from_bcp': True}
2024-11-21 15:44:33,792 : INFO : EventManager : Event: ======'slide_mission_pinball_active'====== Args={'_from_bcp': True}
2024-11-21 15:44:36,783 : INFO : EventManager : Event: ======'slide_last_game_score_slide_removed'====== Args={'_from_bcp': True}
2024-11-21 15:44:36,786 : INFO : EventManager : Event: ======'slide_last_game_score_slide_created'====== Args={'_from_bcp': True}
2024-11-21 15:44:36,788 : INFO : EventManager : Event: ======'slide_last_game_score_slide_active'====== Args={'_from_bcp': True}
2024-11-21 15:44:39,775 : INFO : EventManager : Event: ======'slide_awesome_slide_removed'====== Args={'_from_bcp': True}
2024-11-21 15:44:39,776 : INFO : EventManager : Event: ======'slide_awesome_slide_created'====== Args={'_from_bcp': True}
2024-11-21 15:44:39,777 : INFO : EventManager : Event: ======'slide_awesome_slide_active'====== Args={'_from_bcp': True}
2024-11-21 15:44:40,925 : INFO : Machine : Shutting down...
2024-11-21 15:44:40,925 : INFO : EventManager : Event: ======'shutdown'====== Args={}
2024-11-21 15:44:40,941 : INFO : root : MPF run loop ended.
