2024-12-22 16:06:11,659 : kivy : deps: Successfully imported "kivy_deps.gstreamer" 0.3.3
2024-12-22 16:06:11,659 : kivy : deps: Successfully imported "kivy_deps.angle" 0.3.3
2024-12-22 16:06:11,659 : kivy : deps: Successfully imported "kivy_deps.glew" 0.3.1
2024-12-22 16:06:11,659 : kivy : deps: Successfully imported "kivy_deps.sdl2" 0.6.0
2024-12-22 16:06:11,659 : kivy : Kivy: v2.2.1
2024-12-22 16:06:11,659 : kivy : Kivy: Installed at "C:\Users\student\mpfenv3\Lib\site-packages\kivy\__init__.py"
2024-12-22 16:06:11,659 : kivy : Python: v3.11.8 (tags/v3.11.8:db85d51, Feb  6 2024, 22:03:32) [MSC v.1937 64 bit (AMD64)]
2024-12-22 16:06:11,659 : kivy : Python: Interpreter at "C:\Users\student\mpfenv3\Scripts\python.exe"
2024-12-22 16:06:11,795 : kivy : Factory: 190 symbols loaded
2024-12-22 16:06:12,468 : kivy : ImageLoaderFFPy: Using ffpyplayer 4.5.1
2024-12-22 16:06:12,469 : kivy : Image: Providers: img_tex, img_dds, img_sdl2, img_pil, img_ffpyplayer 
2024-12-22 16:06:13,332 : kivy : VideoGstplayer: Using Gstreamer 1.18.5.0
2024-12-22 16:06:13,332 : kivy : Video: Provider: gstplayer
2024-12-22 16:06:13,482 : root : Loading MPF-MC controller
2024-12-22 16:06:13,526 : ConfigProcessor : Config spec file cache created: C:\Users\student\AppData\Local\Temp\config_spec.mpf_cache
2024-12-22 16:06:13,526 : YamlMultifileConfigLoader : Machine config file #1: config
2024-12-22 16:06:13,526 : ConfigProcessor : Loading config from file C:\Users\student\mpfenv3\Lib\site-packages\mpfmc\mcconfig.yaml.
2024-12-22 16:06:13,537 : ConfigProcessor : Loading config: C:\Users\student\mpfenv3\Lib\site-packages\mpfmc\mcconfig.yaml
2024-12-22 16:06:13,538 : ConfigProcessor : Loading config from file C:\Users\student\pinball\cobraPinTest1\config\config.
2024-12-22 16:06:13,547 : ConfigProcessor : Loading config: C:\Users\student\pinball\cobraPinTest1\config\config
2024-12-22 16:06:13,548 : ConfigProcessor : Config file cache created: C:\Users\student\AppData\Local\Temp\d597e459fa663d00d6faab779112d1ee.mpf_cache
2024-12-22 16:06:13,548 : ConfigProcessor : Loading config from file C:\Users\student\mpfenv3\Lib\site-packages\mpf\modes\attract\config\attract.yaml.
2024-12-22 16:06:13,549 : ConfigProcessor : Loading config: C:\Users\student\mpfenv3\Lib\site-packages\mpf\modes\attract\config\attract.yaml
2024-12-22 16:06:13,549 : ConfigProcessor : Loading config from file C:\Users\student\pinball\cobraPinTest1\modes\attract\config\attract.yaml.
2024-12-22 16:06:13,549 : ConfigProcessor : Loading config: C:\Users\student\pinball\cobraPinTest1\modes\attract\config\attract.yaml
2024-12-22 16:06:13,550 : ConfigProcessor : Config file cache created: C:\Users\student\AppData\Local\Temp\0196918bccd620e51d3c4d2630650aa0.mpf_cache
2024-12-22 16:06:13,550 : ConfigProcessor : Loading config from file C:\Users\student\mpfenv3\Lib\site-packages\mpf\modes\game\config\game.yaml.
2024-12-22 16:06:13,551 : ConfigProcessor : Loading config: C:\Users\student\mpfenv3\Lib\site-packages\mpf\modes\game\config\game.yaml
2024-12-22 16:06:13,551 : ConfigProcessor : Config file cache created: C:\Users\student\AppData\Local\Temp\511dcc6b491b0fa2d7aa9abdf6497e9c.mpf_cache
2024-12-22 16:06:13,552 : ConfigProcessor : Loading config from file C:\Users\student\pinball\cobraPinTest1\modes\base\config\base.yaml.
2024-12-22 16:06:13,552 : ConfigProcessor : Loading config: C:\Users\student\pinball\cobraPinTest1\modes\base\config\base.yaml
2024-12-22 16:06:13,553 : ConfigProcessor : Config file cache created: C:\Users\student\AppData\Local\Temp\4675a535c8328a9c278c807d999ed109.mpf_cache
2024-12-22 16:06:13,553 : ConfigProcessor : Loading config from file C:\Users\student\pinball\cobraPinTest1\modes\reentry\config\reentry.yaml.
2024-12-22 16:06:13,556 : ConfigProcessor : Loading config: C:\Users\student\pinball\cobraPinTest1\modes\reentry\config\reentry.yaml
2024-12-22 16:06:13,556 : ConfigProcessor : Config file cache created: C:\Users\student\AppData\Local\Temp\0c8438cab3480347c0c749fa494946a2.mpf_cache
2024-12-22 16:06:13,557 : ConfigProcessor : Loading config from file C:\Users\student\pinball\cobraPinTest1\modes\lowerlanes\config\lowerlanes.yaml.
2024-12-22 16:06:13,558 : ConfigProcessor : Loading config: C:\Users\student\pinball\cobraPinTest1\modes\lowerlanes\config\lowerlanes.yaml
2024-12-22 16:06:13,558 : ConfigProcessor : Config file cache created: C:\Users\student\AppData\Local\Temp\5052615755bdf1309b248cf8695ad4ff.mpf_cache
2024-12-22 16:06:13,559 : mpfmc : Mission Pinball Framework Media Controller (MPF-MC) v0.57.1. Requires MPF v0.57.0 or newer.
2024-12-22 16:06:13,559 : mpfmc : Found MPF v0.57.3
2024-12-22 16:06:13,559 : mpfmc : Machine path: C:\Users\student\pinball\cobraPinTest1
2024-12-22 16:06:13,559 : mpfmc : Starting clock at 60.0Hz
2024-12-22 16:06:13,625 : kivy : Text: Provider: sdl2
2024-12-22 16:06:13,701 : kivy : Window: Provider: sdl2
2024-12-22 16:06:14,251 : kivy : GL: Using the "OpenGL" graphics system
2024-12-22 16:06:14,252 : kivy : GL: GLEW initialization succeeded
2024-12-22 16:06:14,252 : kivy : GL: Backend used <glew>
2024-12-22 16:06:14,254 : kivy : GL: OpenGL version <b'4.6.13543 Compatibility Profile Context 25.20.15006.9'>
2024-12-22 16:06:14,254 : kivy : GL: OpenGL vendor <b'ATI Technologies Inc.'>
2024-12-22 16:06:14,254 : kivy : GL: OpenGL renderer <b'Radeon RX Vega M GL Graphics'>
2024-12-22 16:06:14,254 : kivy : GL: OpenGL parsed version: 4, 6
2024-12-22 16:06:14,254 : kivy : GL: Shading version <b'4.60'>
2024-12-22 16:06:14,254 : kivy : GL: Texture max size <16384>
2024-12-22 16:06:14,254 : kivy : GL: Texture max units <32>
2024-12-22 16:06:14,271 : kivy : Window: auto add sdl2 input provider
2024-12-22 16:06:14,271 : kivy : Window: virtual keyboard not allowed, single mode, not docked
2024-12-22 16:06:16,387 : AudioInterface : Initialized
2024-12-22 16:06:16,387 : AudioInterface : Loaded SDL 2.26.4
2024-12-22 16:06:16,387 : AudioInterface : Loaded SDL_Mixer 2.6.3
2024-12-22 16:06:16,387 : AudioInterface : Loaded GStreamer 1.18.5.0
2024-12-22 16:06:16,388 : AudioInterface : Loaded GLib 2.62.6
2024-12-22 16:06:16,388 : AudioInterface : Settings requested - rate: 44100, channels: 1, buffer: 2048 samples
2024-12-22 16:06:16,388 : AudioInterface : Settings in use - rate: 44100, channels: 1, buffer: 2048 samples (4096 bytes @ 2 bytes per sample)
2024-12-22 16:06:16,388 : SoundSystem : Setting master volume to 0.0
2024-12-22 16:06:16,388 : AudioInterface : Enabling audio playback
2024-12-22 16:06:16,390 : kivy : Base: Start application main loop
2024-12-22 16:06:16,391 : EventManager : Event: ======'display_window_initialized'====== Args={}
2024-12-22 16:06:16,409 : mpfmc : Display: Setting 'window' as default display
2024-12-22 16:06:16,414 : EventManager : Event: ======'displays_initialized'====== Args={}
2024-12-22 16:06:16,415 : EventManager : Event: ======'slide_window_blank_created'====== Args={}
2024-12-22 16:06:16,415 : EventManager : Event: ======'display_window_ready'====== Args={}
2024-12-22 16:06:16,425 : EventManager : Event: ======'init_phase_1'====== Args={}
2024-12-22 16:06:16,428 : EventManager : Event: ======'mc_ready'====== Args={}
2024-12-22 16:06:16,428 : EventManager : Event: ======'init_phase_2'====== Args={}
2024-12-22 16:06:16,430 : EventManager : Event: ======'init_phase_3'====== Args={}
2024-12-22 16:06:16,432 : EventManager : Event: ======'init_phase_4'====== Args={}
2024-12-22 16:06:16,432 : EventManager : Event: ======'init_phase_5'====== Args={}
2024-12-22 16:06:16,432 : EventManager : Event: ======'init_done'====== Args={}
2024-12-22 16:06:16,432 : MPF-MC BCP Server : Starting up on localhost port 5050
2024-12-22 16:06:16,437 : MPF-MC BCP Server : Waiting for a connection...
2024-12-22 16:06:16,446 : kivy : GL: NPOT texture support is available
2024-12-22 16:06:16,446 : EventManager : Event: ======'slide_welcome_slide_created'====== Args={}
2024-12-22 16:06:16,448 : EventManager : Event: ======'slide_welcome_slide_active'====== Args={}
2024-12-22 16:06:16,460 : EventManager : Event: ======'client_disconnected'====== Args={'host': '127.0.0.1', 'port': 5050}
2024-12-22 16:06:16,890 : MPF-MC BCP Server : Received connection from: 127.0.0.1:57376
2024-12-22 16:06:16,890 : EventManager : Event: ======'client_connected'====== Args={'host': '127.0.0.1', 'port': 57376}
2024-12-22 16:06:17,124 : EventManager : Event: ======'machine_var_credits_string'====== Args={'value': 'FREE PLAY', 'prev_value': None, 'change': True}
2024-12-22 16:06:17,124 : EventManager : Event: ======'machine_var_master_volume'====== Args={'value': 0.5, 'prev_value': None, 'change': True}
2024-12-22 16:06:17,124 : EventManager : Event: ======'machine_var_player1_score'====== Args={'value': 1500, 'prev_value': None, 'change': True}
2024-12-22 16:06:17,124 : EventManager : Event: ======'machine_var_mpf_version'====== Args={'value': 'Mission Pinball Framework v0.57.3', 'prev_value': None, 'change': True}
2024-12-22 16:06:17,124 : EventManager : Event: ======'machine_var_mpf_extended_version'====== Args={'value': 'Mission Pinball Framework v0.57.3, Config version:6, Show version: 6, BCP version:1.1', 'prev_value': None, 'change': True}
2024-12-22 16:06:17,124 : EventManager : Event: ======'machine_var_python_version'====== Args={'value': '3.11.8', 'prev_value': None, 'change': True}
2024-12-22 16:06:17,124 : EventManager : Event: ======'machine_var_platform'====== Args={'value': 'Windows-10-10.0.19045-SP0', 'prev_value': None, 'change': True}
2024-12-22 16:06:17,124 : EventManager : Event: ======'machine_var_platform_system'====== Args={'value': 'Windows', 'prev_value': None, 'change': True}
2024-12-22 16:06:17,124 : EventManager : Event: ======'machine_var_platform_release'====== Args={'value': '10', 'prev_value': None, 'change': True}
2024-12-22 16:06:17,124 : EventManager : Event: ======'machine_var_platform_version'====== Args={'value': '10.0.19045', 'prev_value': None, 'change': True}
2024-12-22 16:06:17,124 : EventManager : Event: ======'machine_var_platform_machine'====== Args={'value': 'AMD64', 'prev_value': None, 'change': True}
2024-12-22 16:06:17,124 : EventManager : Event: ======'machine_var_mc_version'====== Args={'value': 'MPF-MC v0.57.1', 'prev_value': None, 'change': True}
2024-12-22 16:06:17,124 : EventManager : Event: ======'machine_var_mc_extended_version'====== Args={'value': 'MPF-MC v0.57.1 (config_version=6, BCP v1.1,                      Requires MPF API compatibility v0.57.0 or newer)', 'prev_value': None, 'change': True}
2024-12-22 16:06:17,124 : EventManager : Event: ======'machine_var_credits_string'====== Args={'value': 'FREE PLAY', 'prev_value': None, 'change': True}
2024-12-22 16:06:17,124 : EventManager : Event: ======'machine_var_master_volume'====== Args={'value': 0.5, 'prev_value': None, 'change': True}
2024-12-22 16:06:17,125 : EventManager : Event: ======'machine_var_player1_score'====== Args={'value': 1500, 'prev_value': None, 'change': True}
2024-12-22 16:06:17,125 : EventManager : Event: ======'machine_var_mpf_version'====== Args={'value': 'Mission Pinball Framework v0.57.3', 'prev_value': None, 'change': True}
2024-12-22 16:06:17,125 : EventManager : Event: ======'machine_var_mpf_extended_version'====== Args={'value': 'Mission Pinball Framework v0.57.3, Config version:6, Show version: 6, BCP version:1.1', 'prev_value': None, 'change': True}
2024-12-22 16:06:17,125 : EventManager : Event: ======'machine_var_python_version'====== Args={'value': '3.11.8', 'prev_value': None, 'change': True}
2024-12-22 16:06:17,125 : EventManager : Event: ======'machine_var_platform'====== Args={'value': 'Windows-10-10.0.19045-SP0', 'prev_value': None, 'change': True}
2024-12-22 16:06:17,125 : EventManager : Event: ======'machine_var_platform_system'====== Args={'value': 'Windows', 'prev_value': None, 'change': True}
2024-12-22 16:06:17,125 : EventManager : Event: ======'machine_var_platform_release'====== Args={'value': '10', 'prev_value': None, 'change': True}
2024-12-22 16:06:17,125 : EventManager : Event: ======'machine_var_platform_version'====== Args={'value': '10.0.19045', 'prev_value': None, 'change': True}
2024-12-22 16:06:17,125 : EventManager : Event: ======'machine_var_platform_machine'====== Args={'value': 'AMD64', 'prev_value': None, 'change': True}
2024-12-22 16:06:17,125 : EventManager : Event: ======'machine_var_mc_version'====== Args={'value': 'MPF-MC v0.57.1', 'prev_value': None, 'change': True}
2024-12-22 16:06:17,125 : EventManager : Event: ======'machine_var_mc_extended_version'====== Args={'value': 'MPF-MC v0.57.1 (config_version=6, BCP v1.1,                      Requires MPF API compatibility v0.57.0 or newer)', 'prev_value': None, 'change': True}
2024-12-22 16:06:17,125 : EventManager : Event: ======'machine_var_credits_string'====== Args={'value': 'FREE PLAY', 'prev_value': None, 'change': True}
2024-12-22 16:06:17,125 : EventManager : Event: ======'machine_var_master_volume'====== Args={'value': 0.5, 'prev_value': None, 'change': True}
2024-12-22 16:06:17,125 : EventManager : Event: ======'machine_var_player1_score'====== Args={'value': 1500, 'prev_value': None, 'change': True}
2024-12-22 16:06:17,125 : EventManager : Event: ======'machine_var_mpf_version'====== Args={'value': 'Mission Pinball Framework v0.57.3', 'prev_value': None, 'change': True}
2024-12-22 16:06:17,125 : EventManager : Event: ======'machine_var_mpf_extended_version'====== Args={'value': 'Mission Pinball Framework v0.57.3, Config version:6, Show version: 6, BCP version:1.1', 'prev_value': None, 'change': True}
2024-12-22 16:06:17,125 : EventManager : Event: ======'machine_var_python_version'====== Args={'value': '3.11.8', 'prev_value': None, 'change': True}
2024-12-22 16:06:17,125 : EventManager : Event: ======'machine_var_platform'====== Args={'value': 'Windows-10-10.0.19045-SP0', 'prev_value': None, 'change': True}
2024-12-22 16:06:17,125 : EventManager : Event: ======'machine_var_platform_system'====== Args={'value': 'Windows', 'prev_value': None, 'change': True}
2024-12-22 16:06:17,126 : EventManager : Event: ======'machine_var_platform_release'====== Args={'value': '10', 'prev_value': None, 'change': True}
2024-12-22 16:06:17,126 : EventManager : Event: ======'machine_var_platform_version'====== Args={'value': '10.0.19045', 'prev_value': None, 'change': True}
2024-12-22 16:06:17,126 : EventManager : Event: ======'machine_var_platform_machine'====== Args={'value': 'AMD64', 'prev_value': None, 'change': True}
2024-12-22 16:06:17,126 : EventManager : Event: ======'machine_var_mc_version'====== Args={'value': 'MPF-MC v0.57.1', 'prev_value': None, 'change': True}
2024-12-22 16:06:17,126 : EventManager : Event: ======'machine_var_mc_extended_version'====== Args={'value': 'MPF-MC v0.57.1 (config_version=6, BCP v1.1,                      Requires MPF API compatibility v0.57.0 or newer)', 'prev_value': None, 'change': True}
2024-12-22 16:06:17,126 : EventManager : Event: ======'machine_var_credits_string'====== Args={'value': 'FREE PLAY', 'prev_value': None, 'change': True}
2024-12-22 16:06:17,126 : EventManager : Event: ======'machine_var_master_volume'====== Args={'value': 0.5, 'prev_value': None, 'change': True}
2024-12-22 16:06:17,126 : EventManager : Event: ======'machine_var_player1_score'====== Args={'value': 1500, 'prev_value': None, 'change': True}
2024-12-22 16:06:17,126 : EventManager : Event: ======'machine_var_mpf_version'====== Args={'value': 'Mission Pinball Framework v0.57.3', 'prev_value': None, 'change': True}
2024-12-22 16:06:17,126 : EventManager : Event: ======'machine_var_mpf_extended_version'====== Args={'value': 'Mission Pinball Framework v0.57.3, Config version:6, Show version: 6, BCP version:1.1', 'prev_value': None, 'change': True}
2024-12-22 16:06:17,126 : EventManager : Event: ======'machine_var_python_version'====== Args={'value': '3.11.8', 'prev_value': None, 'change': True}
2024-12-22 16:06:17,126 : EventManager : Event: ======'machine_var_platform'====== Args={'value': 'Windows-10-10.0.19045-SP0', 'prev_value': None, 'change': True}
2024-12-22 16:06:17,126 : EventManager : Event: ======'machine_var_platform_system'====== Args={'value': 'Windows', 'prev_value': None, 'change': True}
2024-12-22 16:06:17,126 : EventManager : Event: ======'machine_var_platform_release'====== Args={'value': '10', 'prev_value': None, 'change': True}
2024-12-22 16:06:17,126 : EventManager : Event: ======'machine_var_platform_version'====== Args={'value': '10.0.19045', 'prev_value': None, 'change': True}
2024-12-22 16:06:17,126 : EventManager : Event: ======'machine_var_platform_machine'====== Args={'value': 'AMD64', 'prev_value': None, 'change': True}
2024-12-22 16:06:17,127 : EventManager : Event: ======'machine_var_mc_version'====== Args={'value': 'MPF-MC v0.57.1', 'prev_value': None, 'change': True}
2024-12-22 16:06:17,127 : EventManager : Event: ======'machine_var_mc_extended_version'====== Args={'value': 'MPF-MC v0.57.1 (config_version=6, BCP v1.1,                      Requires MPF API compatibility v0.57.0 or newer)', 'prev_value': None, 'change': True}
2024-12-22 16:06:17,127 : SoundSystem : Setting master volume to 0.5
2024-12-22 16:06:17,127 : SoundSystem : Setting master volume to 0.5
2024-12-22 16:06:17,127 : SoundSystem : Setting master volume to 0.5
2024-12-22 16:06:17,127 : SoundSystem : Setting master volume to 0.5
2024-12-22 16:06:17,188 : EventManager : Event: ======'machine_var_audits_events_game_ended'====== Args={'value': 0, 'prev_value': None, 'change': True}
2024-12-22 16:06:17,201 : EventManager : Event: ======'machine_var_audits_events_game_started'====== Args={'value': 12, 'prev_value': None, 'change': True}
2024-12-22 16:06:17,201 : EventManager : Event: ======'machine_var_audits_missing_switches_s_left_out_lane'====== Args={'value': 1, 'prev_value': None, 'change': True}
2024-12-22 16:06:17,201 : EventManager : Event: ======'machine_var_audits_missing_switches_s_left_return_lane'====== Args={'value': 1, 'prev_value': None, 'change': True}
2024-12-22 16:06:17,201 : EventManager : Event: ======'machine_var_audits_missing_switches_s_plunger'====== Args={'value': 10, 'prev_value': None, 'change': True}
2024-12-22 16:06:17,201 : EventManager : Event: ======'machine_var_audits_missing_switches_s_reentry_left'====== Args={'value': 1, 'prev_value': None, 'change': True}
2024-12-22 16:06:17,201 : EventManager : Event: ======'machine_var_audits_missing_switches_s_reentry_middle'====== Args={'value': 1, 'prev_value': None, 'change': True}
2024-12-22 16:06:17,201 : EventManager : Event: ======'machine_var_audits_missing_switches_s_right_return_lane'====== Args={'value': 1, 'prev_value': None, 'change': True}
2024-12-22 16:06:17,201 : EventManager : Event: ======'machine_var_audits_missing_switches_s_spacewarp_rollover'====== Args={'value': 1, 'prev_value': None, 'change': True}
2024-12-22 16:06:17,201 : EventManager : Event: ======'machine_var_audits_missing_switches_s_start'====== Args={'value': 11, 'prev_value': None, 'change': True}
2024-12-22 16:06:17,201 : EventManager : Event: ======'machine_var_audits_missing_switches_s_trough1'====== Args={'value': 11, 'prev_value': None, 'change': True}
2024-12-22 16:06:17,201 : EventManager : Event: ======'machine_var_audits_player_score'====== Args={'value': {'average': 1800.0, 'top': [2000, 1900, 1500], 'total': 3}, 'prev_value': None, 'change': True}
2024-12-22 16:06:17,201 : EventManager : Event: ======'machine_var_audits_shots_bonusLane_shot'====== Args={'value': 46, 'prev_value': None, 'change': True}
2024-12-22 16:06:17,201 : EventManager : Event: ======'machine_var_audits_shots_medalL_shot'====== Args={'value': 174, 'prev_value': None, 'change': True}
2024-12-22 16:06:17,202 : EventManager : Event: ======'machine_var_audits_shots_medalM_shot'====== Args={'value': 166, 'prev_value': None, 'change': True}
2024-12-22 16:06:17,202 : EventManager : Event: ======'machine_var_audits_shots_medalR_shot'====== Args={'value': 165, 'prev_value': None, 'change': True}
2024-12-22 16:06:17,202 : EventManager : Event: ======'machine_var_audits_shots_my_first_shot'====== Args={'value': 119, 'prev_value': None, 'change': True}
2024-12-22 16:06:17,202 : EventManager : Event: ======'machine_var_audits_shots_my_first_shot_mode2'====== Args={'value': 72, 'prev_value': None, 'change': True}
2024-12-22 16:06:17,202 : EventManager : Event: ======'machine_var_audits_shots_outLaneL_shot'====== Args={'value': 13, 'prev_value': None, 'change': True}
2024-12-22 16:06:17,202 : EventManager : Event: ======'machine_var_audits_shots_outLaneR_shot'====== Args={'value': 40, 'prev_value': None, 'change': True}
2024-12-22 16:06:17,202 : EventManager : Event: ======'machine_var_audits_shots_reentryL_shot'====== Args={'value': 502, 'prev_value': None, 'change': True}
2024-12-22 16:06:17,202 : EventManager : Event: ======'machine_var_audits_shots_reentryM_shot'====== Args={'value': 453, 'prev_value': None, 'change': True}
2024-12-22 16:06:17,202 : EventManager : Event: ======'machine_var_audits_shots_reentryR_shot'====== Args={'value': 441, 'prev_value': None, 'change': True}
2024-12-22 16:06:17,202 : EventManager : Event: ======'machine_var_audits_shots_reentry_shot'====== Args={'value': 9, 'prev_value': None, 'change': True}
2024-12-22 16:06:17,202 : EventManager : Event: ======'machine_var_audits_shots_returnLaneL_shot'====== Args={'value': 155, 'prev_value': None, 'change': True}
2024-12-22 16:06:17,202 : EventManager : Event: ======'machine_var_audits_shots_returnLaneR_shot'====== Args={'value': 78, 'prev_value': None, 'change': True}
2024-12-22 16:06:17,202 : EventManager : Event: ======'machine_var_audits_shots_spacewarp_rollover_shot'====== Args={'value': 38, 'prev_value': None, 'change': True}
2024-12-22 16:06:17,202 : EventManager : Event: ======'machine_var_audits_shots_top_lane_A'====== Args={'value': 12, 'prev_value': None, 'change': True}
2024-12-22 16:06:17,202 : EventManager : Event: ======'machine_var_audits_shots_top_lane_J'====== Args={'value': 12, 'prev_value': None, 'change': True}
2024-12-22 16:06:17,202 : EventManager : Event: ======'machine_var_audits_shots_top_lane_M'====== Args={'value': 9, 'prev_value': None, 'change': True}
2024-12-22 16:06:17,202 : EventManager : Event: ======'machine_var_audits_switches_s_blackhole_kicker'====== Args={'value': 0, 'prev_value': None, 'change': True}
2024-12-22 16:06:17,202 : EventManager : Event: ======'machine_var_audits_switches_s_bonus_lane'====== Args={'value': 59, 'prev_value': None, 'change': True}
2024-12-22 16:06:17,203 : EventManager : Event: ======'machine_var_audits_switches_s_booster_drop_target_1'====== Args={'value': 0, 'prev_value': None, 'change': True}
2024-12-22 16:06:17,203 : EventManager : Event: ======'machine_var_audits_switches_s_booster_drop_target_2'====== Args={'value': 0, 'prev_value': None, 'change': True}
2024-12-22 16:06:17,203 : EventManager : Event: ======'machine_var_audits_switches_s_booster_drop_target_3'====== Args={'value': 0, 'prev_value': None, 'change': True}
2024-12-22 16:06:17,203 : EventManager : Event: ======'machine_var_audits_switches_s_comet_spot_1'====== Args={'value': 0, 'prev_value': None, 'change': True}
2024-12-22 16:06:17,203 : EventManager : Event: ======'machine_var_audits_switches_s_comet_spot_2'====== Args={'value': 0, 'prev_value': None, 'change': True}
2024-12-22 16:06:17,203 : EventManager : Event: ======'machine_var_audits_switches_s_comet_spot_3'====== Args={'value': 0, 'prev_value': None, 'change': True}
2024-12-22 16:06:17,203 : EventManager : Event: ======'machine_var_audits_switches_s_engine_bumper_1'====== Args={'value': 0, 'prev_value': None, 'change': True}
2024-12-22 16:06:17,203 : EventManager : Event: ======'machine_var_audits_switches_s_engine_bumper_2'====== Args={'value': 0, 'prev_value': None, 'change': True}
2024-12-22 16:06:17,203 : EventManager : Event: ======'machine_var_audits_switches_s_engine_bumper_3'====== Args={'value': 0, 'prev_value': None, 'change': True}
2024-12-22 16:06:17,203 : EventManager : Event: ======'machine_var_audits_switches_s_fuel_chute_1'====== Args={'value': 0, 'prev_value': None, 'change': True}
2024-12-22 16:06:17,203 : EventManager : Event: ======'machine_var_audits_switches_s_fuel_chute_2'====== Args={'value': 0, 'prev_value': None, 'change': True}
2024-12-22 16:06:17,203 : EventManager : Event: ======'machine_var_audits_switches_s_fuel_chute_3'====== Args={'value': 0, 'prev_value': None, 'change': True}
2024-12-22 16:06:17,203 : EventManager : Event: ======'machine_var_audits_switches_s_fuel_chute_4'====== Args={'value': 0, 'prev_value': None, 'change': True}
2024-12-22 16:06:17,203 : EventManager : Event: ======'machine_var_audits_switches_s_fuel_chute_5'====== Args={'value': 0, 'prev_value': None, 'change': True}
2024-12-22 16:06:17,203 : EventManager : Event: ======'machine_var_audits_switches_s_fuel_chute_6'====== Args={'value': 0, 'prev_value': None, 'change': True}
2024-12-22 16:06:17,203 : EventManager : Event: ======'machine_var_audits_switches_s_fuel_flag'====== Args={'value': 0, 'prev_value': None, 'change': True}
2024-12-22 16:06:17,203 : EventManager : Event: ======'machine_var_audits_switches_s_fuel_spot_1'====== Args={'value': 0, 'prev_value': None, 'change': True}
2024-12-22 16:06:17,203 : EventManager : Event: ======'machine_var_audits_switches_s_fuel_spot_2'====== Args={'value': 0, 'prev_value': None, 'change': True}
2024-12-22 16:06:17,204 : EventManager : Event: ======'machine_var_audits_switches_s_fuel_spot_3'====== Args={'value': 0, 'prev_value': None, 'change': True}
2024-12-22 16:06:17,204 : EventManager : Event: ======'machine_var_audits_switches_s_green_wormhole'====== Args={'value': 0, 'prev_value': None, 'change': True}
2024-12-22 16:06:17,204 : EventManager : Event: ======'machine_var_audits_switches_s_hyperspace_flag'====== Args={'value': 0, 'prev_value': None, 'change': True}
2024-12-22 16:06:17,204 : EventManager : Event: ======'machine_var_audits_switches_s_hyperspacekicker'====== Args={'value': 0, 'prev_value': None, 'change': True}
2024-12-22 16:06:17,204 : EventManager : Event: ======'machine_var_audits_switches_s_launch_lane_1'====== Args={'value': 0, 'prev_value': None, 'change': True}
2024-12-22 16:06:17,204 : EventManager : Event: ======'machine_var_audits_switches_s_launch_lane_2'====== Args={'value': 0, 'prev_value': None, 'change': True}
2024-12-22 16:06:17,204 : EventManager : Event: ======'machine_var_audits_switches_s_launch_lane_3'====== Args={'value': 0, 'prev_value': None, 'change': True}
2024-12-22 16:06:17,204 : EventManager : Event: ======'machine_var_audits_switches_s_launch_ramp'====== Args={'value': 0, 'prev_value': None, 'change': True}
2024-12-22 16:06:17,204 : EventManager : Event: ======'machine_var_audits_switches_s_left_attack_bumper'====== Args={'value': 0, 'prev_value': None, 'change': True}
2024-12-22 16:06:17,204 : EventManager : Event: ======'machine_var_audits_switches_s_left_flipper'====== Args={'value': 1358, 'prev_value': None, 'change': True}
2024-12-22 16:06:17,204 : EventManager : Event: ======'machine_var_audits_switches_s_left_out_lane'====== Args={'value': 17, 'prev_value': None, 'change': True}
2024-12-22 16:06:17,204 : EventManager : Event: ======'machine_var_audits_switches_s_left_out_lane_kicker'====== Args={'value': 0, 'prev_value': None, 'change': True}
2024-12-22 16:06:17,204 : EventManager : Event: ======'machine_var_audits_switches_s_left_return_lane'====== Args={'value': 162, 'prev_value': None, 'change': True}
2024-12-22 16:06:17,204 : EventManager : Event: ======'machine_var_audits_switches_s_lower_attack_bumper'====== Args={'value': 0, 'prev_value': None, 'change': True}
2024-12-22 16:06:17,204 : EventManager : Event: ======'machine_var_audits_switches_s_lower_left_rebound'====== Args={'value': 0, 'prev_value': None, 'change': True}
2024-12-22 16:06:17,204 : EventManager : Event: ======'machine_var_audits_switches_s_lower_left_slingshot'====== Args={'value': 101, 'prev_value': None, 'change': True}
2024-12-22 16:06:17,204 : EventManager : Event: ======'machine_var_audits_switches_s_lower_right_rebound'====== Args={'value': 0, 'prev_value': None, 'change': True}
2024-12-22 16:06:17,204 : EventManager : Event: ======'machine_var_audits_switches_s_lower_right_slingshot'====== Args={'value': 97, 'prev_value': None, 'change': True}
2024-12-22 16:06:17,204 : EventManager : Event: ======'machine_var_audits_switches_s_medal_drop_left'====== Args={'value': 188, 'prev_value': None, 'change': True}
2024-12-22 16:06:17,204 : EventManager : Event: ======'machine_var_audits_switches_s_medal_drop_middle'====== Args={'value': 180, 'prev_value': None, 'change': True}
2024-12-22 16:06:17,205 : EventManager : Event: ======'machine_var_audits_switches_s_medal_drop_right'====== Args={'value': 179, 'prev_value': None, 'change': True}
2024-12-22 16:06:17,205 : EventManager : Event: ======'machine_var_audits_switches_s_mission_spot_1'====== Args={'value': 0, 'prev_value': None, 'change': True}
2024-12-22 16:06:17,205 : EventManager : Event: ======'machine_var_audits_switches_s_mission_spot_2'====== Args={'value': 2, 'prev_value': None, 'change': True}
2024-12-22 16:06:17,205 : EventManager : Event: ======'machine_var_audits_switches_s_mission_spot_3'====== Args={'value': 0, 'prev_value': None, 'change': True}
2024-12-22 16:06:17,205 : EventManager : Event: ======'machine_var_audits_switches_s_multiplier_left'====== Args={'value': 0, 'prev_value': None, 'change': True}
2024-12-22 16:06:17,205 : EventManager : Event: ======'machine_var_audits_switches_s_multiplier_middle'====== Args={'value': 0, 'prev_value': None, 'change': True}
2024-12-22 16:06:17,205 : EventManager : Event: ======'machine_var_audits_switches_s_multiplier_right'====== Args={'value': 0, 'prev_value': None, 'change': True}
2024-12-22 16:06:17,205 : EventManager : Event: ======'machine_var_audits_switches_s_plunger'====== Args={'value': 177, 'prev_value': None, 'change': True}
2024-12-22 16:06:17,205 : EventManager : Event: ======'machine_var_audits_switches_s_radiationspot_1'====== Args={'value': 0, 'prev_value': None, 'change': True}
2024-12-22 16:06:17,205 : EventManager : Event: ======'machine_var_audits_switches_s_radiationspot_2'====== Args={'value': 0, 'prev_value': None, 'change': True}
2024-12-22 16:06:17,205 : EventManager : Event: ======'machine_var_audits_switches_s_radiationspot_3'====== Args={'value': 0, 'prev_value': None, 'change': True}
2024-12-22 16:06:17,205 : EventManager : Event: ======'machine_var_audits_switches_s_red_wormhole'====== Args={'value': 0, 'prev_value': None, 'change': True}
2024-12-22 16:06:17,205 : EventManager : Event: ======'machine_var_audits_switches_s_reentry_left'====== Args={'value': 860, 'prev_value': None, 'change': True}
2024-12-22 16:06:17,205 : EventManager : Event: ======'machine_var_audits_switches_s_reentry_middle'====== Args={'value': 527, 'prev_value': None, 'change': True}
2024-12-22 16:06:17,205 : EventManager : Event: ======'machine_var_audits_switches_s_reentry_right'====== Args={'value': 500, 'prev_value': None, 'change': True}
2024-12-22 16:06:17,205 : EventManager : Event: ======'machine_var_audits_switches_s_right_flipper'====== Args={'value': 1400, 'prev_value': None, 'change': True}
2024-12-22 16:06:17,205 : EventManager : Event: ======'machine_var_audits_switches_s_right_inlane'====== Args={'value': 0, 'prev_value': None, 'change': True}
2024-12-22 16:06:17,205 : EventManager : Event: ======'machine_var_audits_switches_s_right_out_lane'====== Args={'value': 66, 'prev_value': None, 'change': True}
2024-12-22 16:06:17,206 : EventManager : Event: ======'machine_var_audits_switches_s_right_out_lane_kicker'====== Args={'value': 0, 'prev_value': None, 'change': True}
2024-12-22 16:06:17,206 : EventManager : Event: ======'machine_var_audits_switches_s_right_return_lane'====== Args={'value': 90, 'prev_value': None, 'change': True}
2024-12-22 16:06:17,206 : EventManager : Event: ======'machine_var_audits_switches_s_satellite_bumper'====== Args={'value': 0, 'prev_value': None, 'change': True}
2024-12-22 16:06:17,206 : EventManager : Event: ======'machine_var_audits_switches_s_secondary_outlane_kicker'====== Args={'value': 0, 'prev_value': None, 'change': True}
2024-12-22 16:06:17,206 : EventManager : Event: ======'machine_var_audits_switches_s_skill_shot_1'====== Args={'value': 0, 'prev_value': None, 'change': True}
2024-12-22 16:06:17,206 : EventManager : Event: ======'machine_var_audits_switches_s_skill_shot_2'====== Args={'value': 0, 'prev_value': None, 'change': True}
2024-12-22 16:06:17,206 : EventManager : Event: ======'machine_var_audits_switches_s_skill_shot_3'====== Args={'value': 0, 'prev_value': None, 'change': True}
2024-12-22 16:06:17,206 : EventManager : Event: ======'machine_var_audits_switches_s_skill_shot_4'====== Args={'value': 0, 'prev_value': None, 'change': True}
2024-12-22 16:06:17,206 : EventManager : Event: ======'machine_var_audits_switches_s_skill_shot_5'====== Args={'value': 0, 'prev_value': None, 'change': True}
2024-12-22 16:06:17,206 : EventManager : Event: ======'machine_var_audits_switches_s_skill_shot_6'====== Args={'value': 0, 'prev_value': None, 'change': True}
2024-12-22 16:06:17,206 : EventManager : Event: ======'machine_var_audits_switches_s_skill_shot_lane'====== Args={'value': 0, 'prev_value': None, 'change': True}
2024-12-22 16:06:17,206 : EventManager : Event: ======'machine_var_audits_switches_s_spacewarp_rollover'====== Args={'value': 39, 'prev_value': None, 'change': True}
2024-12-22 16:06:17,206 : EventManager : Event: ======'machine_var_audits_switches_s_start'====== Args={'value': 7, 'prev_value': None, 'change': True}
2024-12-22 16:06:17,206 : EventManager : Event: ======'machine_var_audits_switches_s_trough1'====== Args={'value': 30, 'prev_value': None, 'change': True}
2024-12-22 16:06:17,206 : EventManager : Event: ======'machine_var_audits_switches_s_trough2'====== Args={'value': 0, 'prev_value': None, 'change': True}
2024-12-22 16:06:17,206 : EventManager : Event: ======'machine_var_audits_switches_s_trough3'====== Args={'value': 0, 'prev_value': None, 'change': True}
2024-12-22 16:06:17,206 : EventManager : Event: ======'machine_var_audits_switches_s_trough4'====== Args={'value': 0, 'prev_value': None, 'change': True}
2024-12-22 16:06:17,206 : EventManager : Event: ======'machine_var_audits_switches_s_trough5'====== Args={'value': 0, 'prev_value': None, 'change': True}
2024-12-22 16:06:17,207 : EventManager : Event: ======'machine_var_audits_switches_s_trough6'====== Args={'value': 0, 'prev_value': None, 'change': True}
2024-12-22 16:06:17,207 : EventManager : Event: ======'machine_var_audits_switches_s_trough_jam'====== Args={'value': 0, 'prev_value': None, 'change': True}
2024-12-22 16:06:17,207 : EventManager : Event: ======'machine_var_audits_switches_s_upper_attack_bumper'====== Args={'value': 0, 'prev_value': None, 'change': True}
2024-12-22 16:06:17,207 : EventManager : Event: ======'machine_var_audits_switches_s_upper_left_rebound'====== Args={'value': 0, 'prev_value': None, 'change': True}
2024-12-22 16:06:17,207 : EventManager : Event: ======'machine_var_audits_switches_s_upper_right_rebound'====== Args={'value': 0, 'prev_value': None, 'change': True}
2024-12-22 16:06:17,207 : EventManager : Event: ======'machine_var_audits_switches_s_wormhole_target'====== Args={'value': 0, 'prev_value': None, 'change': True}
2024-12-22 16:06:17,207 : EventManager : Event: ======'machine_var_audits_switches_s_yellow_wormhole'====== Args={'value': 0, 'prev_value': None, 'change': True}
2024-12-22 16:06:17,251 : EventManager : Event: ======'slides_play'====== Args={'settings': {'welcome_slide': {'target': None, 'background_color': [0.0, 0.0, 0.0, 1.0], 'priority': None, 'show': True, 'force': False, 'expire': None, 'slide': None, 'tokens': {}, 'action': 'play'}}, 'context': '_global', 'calling_context': 'init_done', 'priority': 0}
2024-12-22 16:06:17,251 : EventManager : Event: ======'mc_reset_phase_1'====== Args={}
2024-12-22 16:06:17,253 : EventManager : Event: ======'slide_welcome_slide_removed'====== Args={}
2024-12-22 16:06:17,253 : EventManager : Event: ======'slide_welcome_slide_created'====== Args={}
2024-12-22 16:06:17,254 : EventManager : Event: ======'mc_reset_phase_2'====== Args={}
2024-12-22 16:06:17,254 : EventManager : Event: ======'mc_reset_phase_3'====== Args={}
2024-12-22 16:06:17,254 : EventManager : Event: ======'mc_reset_complete'====== Args={}
2024-12-22 16:06:17,254 : EventManager : Event: ======'slide_welcome_slide_active'====== Args={}
2024-12-22 16:06:17,270 : EventManager : Event: ======'slides_play'====== Args={'settings': {'awesome_slide': {'widgets': [{'type': 'text', 'text': 'YOU ARE AWESOME', 'font_size': 50, '_default_settings': ['type', 'text', 'font_size'], 'x': None, 'y': None, 'anchor_x': 'center', 'anchor_y': 'center', 'round_anchor_x': None, 'round_anchor_y': None, 'opacity': 1.0, 'z': 0, 'reset_animations_events': {}, 'color': [1.0, 1.0, 1.0, 1.0], 'style': [], 'adjust_top': 0, 'adjust_bottom': 0, 'adjust_left': 0, 'adjust_right': 0, 'expire': None, 'key': None, 'widget': None, 'events_when_added': [], 'events_when_removed': [], 'bitmap_font': False, 'font_kerning': True, 'bold': False, 'italic': False, 'number_grouping': False, 'min_digits': 0, 'halign': 'center', 'valign': 'middle', 'rotation': 0, 'scale': 1.0, 'casing': None, 'outline_color': [1.0, 1.0, 1.0, 1.0], 'outline_width': 0, 'animations': None}], 'transition': {'type': 'push', 'duration': 1.0, 'direction': 'left', 'easing': 'out_quad'}, 'target': None, 'background_color': [0.0, 0.0, 0.0, 1.0], 'priority': None, 'show': True, 'force': False, 'expire': None, 'slide': None, 'tokens': {}, 'action': 'play'}}, 'context': 'show_2', 'calling_context': 0, 'priority': 10, 'show_tokens': {}, 'start_time': 855706.562}
2024-12-22 16:06:17,273 : EventManager : Event: ======'slide_awesome_slide_created'====== Args={}
2024-12-22 16:06:17,274 : EventManager : Event: ======'slide_awesome_slide_active'====== Args={}
2024-12-22 16:06:20,266 : EventManager : Event: ======'slides_play'====== Args={'settings': {'press_start': {'widgets': [{'type': 'Text', 'text': 'PRESS START', 'animations': {'pre_show_slide': [{'property': ['opacity'], 'value': ['0'], 'duration': 0.5, 'relative': False, 'timing': 'after_previous', 'repeat': False, 'easing': 'linear', 'step': 0.0}, {'property': ['opacity'], 'value': ['1'], 'duration': 0.5, 'repeat': False, 'relative': False, 'timing': 'after_previous', 'easing': 'linear', 'step': 0.0}]}, '_default_settings': ['type', 'text', 'animations'], 'x': None, 'y': None, 'anchor_x': 'center', 'anchor_y': 'center', 'round_anchor_x': None, 'round_anchor_y': None, 'opacity': 1.0, 'z': 0, 'reset_animations_events': {}, 'color': [1.0, 1.0, 1.0, 1.0], 'style': [], 'adjust_top': 0, 'adjust_bottom': 0, 'adjust_left': 0, 'adjust_right': 0, 'expire': None, 'key': None, 'widget': None, 'events_when_added': [], 'events_when_removed': [], 'font_size': 15, 'bitmap_font': False, 'font_kerning': True, 'bold': False, 'italic': False, 'number_grouping': False, 'min_digits': 0, 'halign': 'center', 'valign': 'middle', 'rotation': 0, 'scale': 1.0, 'casing': None, 'outline_color': [1.0, 1.0, 1.0, 1.0], 'outline_width': 0}, {'type': 'Text', 'text': 'FREE PLAY', 'color': [0.0, 0.5019607843137255, 0.0, 1], 'y': '10', 'anchor_y': 'bottom', '_default_settings': ['type', 'text', 'color', 'y', 'anchor_y'], 'x': None, 'anchor_x': 'center', 'round_anchor_x': None, 'round_anchor_y': None, 'opacity': 1.0, 'z': 0, 'reset_animations_events': {}, 'style': [], 'adjust_top': 0, 'adjust_bottom': 0, 'adjust_left': 0, 'adjust_right': 0, 'expire': None, 'key': None, 'widget': None, 'events_when_added': [], 'events_when_removed': [], 'font_size': 15, 'bitmap_font': False, 'font_kerning': True, 'bold': False, 'italic': False, 'number_grouping': False, 'min_digits': 0, 'halign': 'center', 'valign': 'middle', 'rotation': 0, 'scale': 1.0, 'casing': None, 'outline_color': [1.0, 1.0, 1.0, 1.0], 'outline_width': 0, 'animations': None}], 'transition': {'type': 'move_in', 'duration': 1.0, 'direction': 'right', 'easing': 'out_quad'}, 'target': None, 'background_color': [0.0, 0.0, 0.0, 1.0], 'priority': None, 'show': True, 'force': False, 'expire': None, 'slide': None, 'tokens': {}, 'action': 'play'}}, 'context': 'show_2', 'calling_context': 1, 'priority': 10, 'show_tokens': {}, 'start_time': 855709.562}
2024-12-22 16:06:20,271 : EventManager : Event: ======'slide_press_start_created'====== Args={}
2024-12-22 16:06:20,272 : EventManager : Event: ======'slide_press_start_active'====== Args={}
2024-12-22 16:06:21,495 : EventManager : Event: ======'game_started'====== Args={}
2024-12-22 16:06:21,495 : EventManager : Event: ======'slides_clear'====== Args={'context': 'show_2'}
2024-12-22 16:06:21,495 : EventManager : Event: ======'slide_awesome_slide_removed'====== Args={}
2024-12-22 16:06:21,495 : EventManager : Event: ======'slide_press_start_removed'====== Args={}
2024-12-22 16:06:21,495 : EventManager : Event: ======'slide_welcome_slide_active'====== Args={}
2024-12-22 16:06:21,508 : EventManager : Event: ======'player_added'====== Args={'player': <Player 1>, 'num': 1}
2024-12-22 16:06:21,508 : EventManager : Event: ======'player_index'====== Args={'value': 0, 'prev_value': 0, 'change': 0, 'player_num': 1}
2024-12-22 16:06:21,508 : EventManager : Event: ======'player_number'====== Args={'value': 1, 'prev_value': 1, 'change': 0, 'player_num': 1}
2024-12-22 16:06:21,508 : EventManager : Event: ======'player_score'====== Args={'value': 0, 'prev_value': 0, 'change': 0, 'player_num': 1}
2024-12-22 16:06:21,508 : EventManager : Event: ======'player_ball'====== Args={'value': 1, 'prev_value': 0, 'change': 1, 'player_num': 1}
2024-12-22 16:06:21,508 : EventManager : Event: ======'player_turn_start'====== Args={'number': 1, 'player': <Player 1>}
2024-12-22 16:06:21,520 : EventManager : Event: ======'slides_play'====== Args={'settings': {'widgets': {'widgets': [{'type': 'text', 'text': '(score)', 'number_grouping': True, 'min_digits': 2, 'font_size': 100, '_default_settings': ['type', 'text', 'number_grouping', 'min_digits', 'font_size'], 'x': None, 'y': None, 'anchor_x': 'center', 'anchor_y': 'center', 'round_anchor_x': None, 'round_anchor_y': None, 'opacity': 1.0, 'z': 0, 'reset_animations_events': {}, 'color': [1.0, 1.0, 1.0, 1.0], 'style': [], 'adjust_top': 0, 'adjust_bottom': 0, 'adjust_left': 0, 'adjust_right': 0, 'expire': None, 'key': None, 'widget': None, 'events_when_added': [], 'events_when_removed': [], 'bitmap_font': False, 'font_kerning': True, 'bold': False, 'italic': False, 'halign': 'center', 'valign': 'middle', 'rotation': 0, 'scale': 1.0, 'casing': None, 'outline_color': [1.0, 1.0, 1.0, 1.0], 'outline_width': 0, 'animations': None}, {'type': 'text', 'text': 'PLAYER (number)', 'y': '10', 'x': '10', 'font_size': 50, 'anchor_x': 'left', 'anchor_y': 'bottom', '_default_settings': ['type', 'text', 'y', 'x', 'font_size', 'anchor_x', 'anchor_y'], 'round_anchor_x': None, 'round_anchor_y': None, 'opacity': 1.0, 'z': 0, 'reset_animations_events': {}, 'color': [1.0, 1.0, 1.0, 1.0], 'style': [], 'adjust_top': 0, 'adjust_bottom': 0, 'adjust_left': 0, 'adjust_right': 0, 'expire': None, 'key': None, 'widget': None, 'events_when_added': [], 'events_when_removed': [], 'bitmap_font': False, 'font_kerning': True, 'bold': False, 'italic': False, 'number_grouping': False, 'min_digits': 0, 'halign': 'center', 'valign': 'middle', 'rotation': 0, 'scale': 1.0, 'casing': None, 'outline_color': [1.0, 1.0, 1.0, 1.0], 'outline_width': 0, 'animations': None}, {'type': 'text', 'text': 'BALL (ball)', 'y': '10', 'x': 'right-10', 'anchor_x': 'right', 'anchor_y': 'bottom', 'font_size': 50, '_default_settings': ['type', 'text', 'y', 'x', 'anchor_x', 'anchor_y', 'font_size'], 'round_anchor_x': None, 'round_anchor_y': None, 'opacity': 1.0, 'z': 0, 'reset_animations_events': {}, 'color': [1.0, 1.0, 1.0, 1.0], 'style': [], 'adjust_top': 0, 'adjust_bottom': 0, 'adjust_left': 0, 'adjust_right': 0, 'expire': None, 'key': None, 'widget': None, 'events_when_added': [], 'events_when_removed': [], 'bitmap_font': False, 'font_kerning': True, 'bold': False, 'italic': False, 'number_grouping': False, 'min_digits': 0, 'halign': 'center', 'valign': 'middle', 'rotation': 0, 'scale': 1.0, 'casing': None, 'outline_color': [1.0, 1.0, 1.0, 1.0], 'outline_width': 0, 'animations': None}], 'target': None, 'background_color': [0.0, 0.0, 0.0, 1.0], 'priority': None, 'show': True, 'force': False, 'expire': None, 'slide': None, 'tokens': {}, 'action': 'play'}}, 'context': 'base', 'calling_context': 'mode_base_started', 'priority': 100, 'queue': '<QueuedEvent>', 'player': 1, 'ball': 1, 'balls_remaining': 2, 'is_extra_ball': False}
2024-12-22 16:06:21,520 : EventManager : Event: ======'player_shot_reentryL_shot_enabled'====== Args={'value': True, 'prev_value': 0, 'change': 1, 'player_num': 1}
2024-12-22 16:06:21,520 : EventManager : Event: ======'player_shot_reentryM_shot_enabled'====== Args={'value': True, 'prev_value': 0, 'change': 1, 'player_num': 1}
2024-12-22 16:06:21,520 : EventManager : Event: ======'player_shot_reentryR_shot_enabled'====== Args={'value': True, 'prev_value': 0, 'change': 1, 'player_num': 1}
2024-12-22 16:06:21,520 : EventManager : Event: ======'player_shot_returnLaneL_shot_enabled'====== Args={'value': True, 'prev_value': 0, 'change': 1, 'player_num': 1}
2024-12-22 16:06:21,520 : EventManager : Event: ======'player_shot_bonusLane_shot_enabled'====== Args={'value': True, 'prev_value': 0, 'change': 1, 'player_num': 1}
2024-12-22 16:06:21,520 : EventManager : Event: ======'player_shot_outLaneL_shot_enabled'====== Args={'value': True, 'prev_value': 0, 'change': 1, 'player_num': 1}
2024-12-22 16:06:21,520 : EventManager : Event: ======'player_shot_returnLaneR_shot_enabled'====== Args={'value': True, 'prev_value': 0, 'change': 1, 'player_num': 1}
2024-12-22 16:06:21,521 : EventManager : Event: ======'player_shot_outLaneR_shot_enabled'====== Args={'value': True, 'prev_value': 0, 'change': 1, 'player_num': 1}
2024-12-22 16:06:21,521 : EventManager : Event: ======'player_shot_spacewarp_rollover_shot_enabled'====== Args={'value': True, 'prev_value': 0, 'change': 1, 'player_num': 1}
2024-12-22 16:06:21,521 : EventManager : Event: ======'slides_play'====== Args={'settings': {'widgets': {'widgets': [{'type': 'text', 'text': 'PLAYER (number) BALL (ball)', '_default_settings': ['type', 'text'], 'x': None, 'y': None, 'anchor_x': 'center', 'anchor_y': 'center', 'round_anchor_x': None, 'round_anchor_y': None, 'opacity': 1.0, 'z': 0, 'reset_animations_events': {}, 'color': [1.0, 1.0, 1.0, 1.0], 'style': [], 'adjust_top': 0, 'adjust_bottom': 0, 'adjust_left': 0, 'adjust_right': 0, 'expire': None, 'key': None, 'widget': None, 'events_when_added': [], 'events_when_removed': [], 'font_size': 15, 'bitmap_font': False, 'font_kerning': True, 'bold': False, 'italic': False, 'number_grouping': False, 'min_digits': 0, 'halign': 'center', 'valign': 'middle', 'rotation': 0, 'scale': 1.0, 'casing': None, 'outline_color': [1.0, 1.0, 1.0, 1.0], 'outline_width': 0, 'animations': None}], 'target': None, 'background_color': [0.0, 0.0, 0.0, 1.0], 'priority': None, 'show': True, 'force': False, 'expire': None, 'slide': None, 'tokens': {}, 'action': 'play'}}, 'context': '_global', 'calling_context': 'ball_started', 'priority': 0, 'player': 1, 'ball': 1, 'balls_remaining': 2, 'is_extra_ball': False}
2024-12-22 16:06:21,526 : EventManager : Event: ======'slide_base.slide_player-mode_base_started_created'====== Args={}
2024-12-22 16:06:21,528 : EventManager : Event: ======'slide__global.slide_player-ball_started_created'====== Args={}
2024-12-22 16:06:21,529 : EventManager : Event: ======'slide_base.slide_player-mode_base_started_active'====== Args={}
2024-12-22 16:06:21,558 : EventManager : Event: ======'player_attack_bumper_count'====== Args={'value': 1, 'prev_value': 0, 'change': 1, 'player_num': 1}
2024-12-22 16:06:21,558 : EventManager : Event: ======'widgets_play'====== Args={'settings': {'reentry_start_banner': {'priority': 0, 'slide': None, 'action': 'add', 'key': None, 'target': None}}, 'context': 'reentry', 'calling_context': 'mode_reentry_started', 'priority': 200, 'player': 1, 'ball': 1, 'balls_remaining': 2, 'is_extra_ball': False}
2024-12-22 16:06:28,749 : EventManager : Event: ======'machine_var_audits_switches_s_lower_left_slingshot'====== Args={'value': 102, 'prev_value': 101, 'change': 1}
2024-12-22 16:06:28,761 : EventManager : Event: ======'machine_var_audits_switches_s_left_flipper'====== Args={'value': 1359, 'prev_value': 1358, 'change': 1}
2024-12-22 16:06:29,004 : EventManager : Event: ======'machine_var_audits_switches_s_right_flipper'====== Args={'value': 1401, 'prev_value': 1400, 'change': 1}
2024-12-22 16:06:29,611 : EventManager : Event: ======'machine_var_audits_switches_s_lower_left_slingshot'====== Args={'value': 103, 'prev_value': 102, 'change': 1}
2024-12-22 16:06:30,780 : EventManager : Event: ======'machine_var_audits_switches_s_right_flipper'====== Args={'value': 1402, 'prev_value': 1401, 'change': 1}
2024-12-22 16:06:33,419 : EventManager : Event: ======'machine_var_audits_switches_s_right_flipper'====== Args={'value': 1403, 'prev_value': 1402, 'change': 1}
2024-12-22 16:06:36,005 : EventManager : Event: ======'machine_var_audits_switches_s_reentry_middle'====== Args={'value': 528, 'prev_value': 527, 'change': 1}
2024-12-22 16:06:36,017 : EventManager : Event: ======'player_shot_reentryM_shot'====== Args={'value': 1, 'prev_value': 0, 'change': 1, 'player_num': 1}
2024-12-22 16:06:36,017 : EventManager : Event: ======'machine_var_audits_shots_reentryM_shot'====== Args={'value': 454, 'prev_value': 453, 'change': 1}
2024-12-22 16:06:36,017 : EventManager : Event: ======'sounds_play'====== Args={'settings': {'reentry_sound': {'action': 'play', 'priority': None, 'block': False, 'delay': None, 'track': None, 'volume': None, 'ducking': {}, 'pan': None, 'loops': None, 'start_at': None, 'fade_in': None, 'fade_out': None, 'about_to_finish_time': -1.0, 'max_queue_time': -1.0, 'events_when_played': ['use_sound_setting'], 'events_when_stopped': ['use_sound_setting'], 'events_when_looping': ['use_sound_setting'], 'events_when_about_to_finish': ['use_sound_setting'], 'mode_end_action': 'use_sound_setting', 'key': 'use_sound_setting'}}, 'context': '_global', 'calling_context': 's_reentry_middle_active', 'priority': 0}
2024-12-22 16:06:36,017 : EventManager : Event: ======'player_score'====== Args={'value': 1000, 'prev_value': 0, 'change': 1000, 'player_num': 1}
2024-12-22 16:06:36,030 : EventManager : Event: ======'loading_assets'====== Args={'total': 1, 'loaded': 1, 'remaining': 0, 'percent': 100}
2024-12-22 16:06:36,030 : AssetManager : Asset loading took: 19.641921997070312
2024-12-22 16:06:36,030 : EventManager : Event: ======'asset_loading_complete'====== Args={}
2024-12-22 16:06:36,030 : AssetManager : Loading assets: 1/1 (100%)
2024-12-22 16:06:37,962 : EventManager : Event: ======'machine_var_audits_switches_s_right_flipper'====== Args={'value': 1404, 'prev_value': 1403, 'change': 1}
2024-12-22 16:06:37,962 : EventManager : Event: ======'player_shot_reentryM_shot'====== Args={'value': 0, 'prev_value': 1, 'change': -1, 'player_num': 1}
2024-12-22 16:06:37,962 : EventManager : Event: ======'player_shot_reentryR_shot'====== Args={'value': 1, 'prev_value': 0, 'change': 1, 'player_num': 1}
2024-12-22 16:06:39,188 : EventManager : Event: ======'machine_var_audits_switches_s_left_flipper'====== Args={'value': 1360, 'prev_value': 1359, 'change': 1}
2024-12-22 16:06:39,200 : EventManager : Event: ======'player_shot_reentryM_shot'====== Args={'value': 1, 'prev_value': 0, 'change': 1, 'player_num': 1}
2024-12-22 16:06:39,200 : EventManager : Event: ======'player_shot_reentryR_shot'====== Args={'value': 0, 'prev_value': 1, 'change': -1, 'player_num': 1}
2024-12-22 16:06:40,759 : EventManager : Event: ======'machine_var_audits_switches_s_left_return_lane'====== Args={'value': 163, 'prev_value': 162, 'change': 1}
2024-12-22 16:06:40,759 : EventManager : Event: ======'machine_var_audits_shots_returnLaneL_shot'====== Args={'value': 156, 'prev_value': 155, 'change': 1}
2024-12-22 16:06:40,759 : EventManager : Event: ======'sounds_play'====== Args={'settings': {'reentry_sound': {'action': 'play', 'priority': None, 'block': False, 'delay': None, 'track': None, 'volume': None, 'ducking': {}, 'pan': None, 'loops': None, 'start_at': None, 'fade_in': None, 'fade_out': None, 'about_to_finish_time': -1.0, 'max_queue_time': -1.0, 'events_when_played': ['use_sound_setting'], 'events_when_stopped': ['use_sound_setting'], 'events_when_looping': ['use_sound_setting'], 'events_when_about_to_finish': ['use_sound_setting'], 'mode_end_action': 'use_sound_setting', 'key': 'use_sound_setting'}}, 'context': 'lowerlanes', 'calling_context': 's_left_return_lane_active', 'priority': 200}
2024-12-22 16:06:40,759 : EventManager : Event: ======'player_score'====== Args={'value': 6000, 'prev_value': 1000, 'change': 5000, 'player_num': 1}
2024-12-22 16:06:40,938 : EventManager : Event: ======'machine_var_audits_switches_s_left_flipper'====== Args={'value': 1361, 'prev_value': 1360, 'change': 1}
2024-12-22 16:06:40,938 : EventManager : Event: ======'player_shot_reentryL_shot'====== Args={'value': 1, 'prev_value': 0, 'change': 1, 'player_num': 1}
2024-12-22 16:06:40,938 : EventManager : Event: ======'player_shot_reentryM_shot'====== Args={'value': 0, 'prev_value': 1, 'change': -1, 'player_num': 1}
2024-12-22 16:06:44,092 : EventManager : Event: ======'machine_var_audits_switches_s_left_flipper'====== Args={'value': 1362, 'prev_value': 1361, 'change': 1}
2024-12-22 16:06:44,092 : EventManager : Event: ======'player_shot_reentryL_shot'====== Args={'value': 0, 'prev_value': 1, 'change': -1, 'player_num': 1}
2024-12-22 16:06:44,092 : EventManager : Event: ======'player_shot_reentryR_shot'====== Args={'value': 1, 'prev_value': 0, 'change': 1, 'player_num': 1}
2024-12-22 16:06:46,179 : EventManager : Event: ======'machine_var_audits_switches_s_left_return_lane'====== Args={'value': 164, 'prev_value': 163, 'change': 1}
2024-12-22 16:06:46,179 : EventManager : Event: ======'machine_var_audits_shots_returnLaneL_shot'====== Args={'value': 157, 'prev_value': 156, 'change': 1}
2024-12-22 16:06:46,179 : EventManager : Event: ======'sounds_play'====== Args={'settings': {'reentry_sound': {'action': 'play', 'priority': None, 'block': False, 'delay': None, 'track': None, 'volume': None, 'ducking': {}, 'pan': None, 'loops': None, 'start_at': None, 'fade_in': None, 'fade_out': None, 'about_to_finish_time': -1.0, 'max_queue_time': -1.0, 'events_when_played': ['use_sound_setting'], 'events_when_stopped': ['use_sound_setting'], 'events_when_looping': ['use_sound_setting'], 'events_when_about_to_finish': ['use_sound_setting'], 'mode_end_action': 'use_sound_setting', 'key': 'use_sound_setting'}}, 'context': 'lowerlanes', 'calling_context': 's_left_return_lane_active', 'priority': 200}
2024-12-22 16:06:46,179 : EventManager : Event: ======'player_score'====== Args={'value': 11000, 'prev_value': 6000, 'change': 5000, 'player_num': 1}
2024-12-22 16:06:46,525 : EventManager : Event: ======'machine_var_audits_switches_s_left_flipper'====== Args={'value': 1363, 'prev_value': 1362, 'change': 1}
2024-12-22 16:06:46,525 : EventManager : Event: ======'player_shot_reentryM_shot'====== Args={'value': 1, 'prev_value': 0, 'change': 1, 'player_num': 1}
2024-12-22 16:06:46,525 : EventManager : Event: ======'player_shot_reentryR_shot'====== Args={'value': 0, 'prev_value': 1, 'change': -1, 'player_num': 1}
2024-12-22 16:06:49,508 : EventManager : Event: ======'machine_var_audits_switches_s_left_flipper'====== Args={'value': 1364, 'prev_value': 1363, 'change': 1}
2024-12-22 16:06:49,508 : EventManager : Event: ======'player_shot_reentryL_shot'====== Args={'value': 1, 'prev_value': 0, 'change': 1, 'player_num': 1}
2024-12-22 16:06:49,508 : EventManager : Event: ======'player_shot_reentryM_shot'====== Args={'value': 0, 'prev_value': 1, 'change': -1, 'player_num': 1}
2024-12-22 16:06:50,951 : EventManager : Event: ======'machine_var_audits_switches_s_right_flipper'====== Args={'value': 1405, 'prev_value': 1404, 'change': 1}
2024-12-22 16:06:50,951 : EventManager : Event: ======'player_shot_reentryL_shot'====== Args={'value': 0, 'prev_value': 1, 'change': -1, 'player_num': 1}
2024-12-22 16:06:50,951 : EventManager : Event: ======'player_shot_reentryM_shot'====== Args={'value': 1, 'prev_value': 0, 'change': 1, 'player_num': 1}
2024-12-22 16:06:51,362 : EventManager : Event: ======'machine_var_audits_switches_s_left_flipper'====== Args={'value': 1365, 'prev_value': 1364, 'change': 1}
2024-12-22 16:06:51,362 : EventManager : Event: ======'player_shot_reentryL_shot'====== Args={'value': 1, 'prev_value': 0, 'change': 1, 'player_num': 1}
2024-12-22 16:06:51,362 : EventManager : Event: ======'player_shot_reentryM_shot'====== Args={'value': 0, 'prev_value': 1, 'change': -1, 'player_num': 1}
2024-12-22 16:06:52,421 : EventManager : Event: ======'machine_var_audits_switches_s_right_flipper'====== Args={'value': 1406, 'prev_value': 1405, 'change': 1}
2024-12-22 16:06:52,421 : EventManager : Event: ======'player_shot_reentryL_shot'====== Args={'value': 0, 'prev_value': 1, 'change': -1, 'player_num': 1}
2024-12-22 16:06:52,421 : EventManager : Event: ======'player_shot_reentryM_shot'====== Args={'value': 1, 'prev_value': 0, 'change': 1, 'player_num': 1}
2024-12-22 16:06:54,835 : EventManager : Event: ======'machine_var_audits_switches_s_left_flipper'====== Args={'value': 1366, 'prev_value': 1365, 'change': 1}
2024-12-22 16:06:54,847 : EventManager : Event: ======'player_shot_reentryL_shot'====== Args={'value': 1, 'prev_value': 0, 'change': 1, 'player_num': 1}
2024-12-22 16:06:54,847 : EventManager : Event: ======'player_shot_reentryM_shot'====== Args={'value': 0, 'prev_value': 1, 'change': -1, 'player_num': 1}
2024-12-22 16:06:55,426 : EventManager : Event: ======'machine_var_audits_switches_s_right_flipper'====== Args={'value': 1407, 'prev_value': 1406, 'change': 1}
2024-12-22 16:06:55,426 : EventManager : Event: ======'player_shot_reentryL_shot'====== Args={'value': 0, 'prev_value': 1, 'change': -1, 'player_num': 1}
2024-12-22 16:06:55,426 : EventManager : Event: ======'player_shot_reentryM_shot'====== Args={'value': 1, 'prev_value': 0, 'change': 1, 'player_num': 1}
2024-12-22 16:06:56,624 : EventManager : Event: ======'machine_var_audits_switches_s_left_flipper'====== Args={'value': 1367, 'prev_value': 1366, 'change': 1}
2024-12-22 16:06:56,636 : EventManager : Event: ======'player_shot_reentryL_shot'====== Args={'value': 1, 'prev_value': 0, 'change': 1, 'player_num': 1}
2024-12-22 16:06:56,636 : EventManager : Event: ======'player_shot_reentryM_shot'====== Args={'value': 0, 'prev_value': 1, 'change': -1, 'player_num': 1}
2024-12-22 16:06:58,435 : EventManager : Event: ======'machine_var_audits_switches_s_left_flipper'====== Args={'value': 1368, 'prev_value': 1367, 'change': 1}
2024-12-22 16:06:58,435 : EventManager : Event: ======'player_shot_reentryL_shot'====== Args={'value': 0, 'prev_value': 1, 'change': -1, 'player_num': 1}
2024-12-22 16:06:58,435 : EventManager : Event: ======'player_shot_reentryR_shot'====== Args={'value': 1, 'prev_value': 0, 'change': 1, 'player_num': 1}
2024-12-22 16:06:59,541 : EventManager : Event: ======'machine_var_audits_switches_s_left_flipper'====== Args={'value': 1369, 'prev_value': 1368, 'change': 1}
2024-12-22 16:06:59,541 : EventManager : Event: ======'player_shot_reentryM_shot'====== Args={'value': 1, 'prev_value': 0, 'change': 1, 'player_num': 1}
2024-12-22 16:06:59,541 : EventManager : Event: ======'player_shot_reentryR_shot'====== Args={'value': 0, 'prev_value': 1, 'change': -1, 'player_num': 1}
2024-12-22 16:07:00,788 : EventManager : Event: ======'machine_var_audits_switches_s_left_flipper'====== Args={'value': 1370, 'prev_value': 1369, 'change': 1}
2024-12-22 16:07:00,801 : EventManager : Event: ======'player_shot_reentryL_shot'====== Args={'value': 1, 'prev_value': 0, 'change': 1, 'player_num': 1}
2024-12-22 16:07:00,801 : EventManager : Event: ======'player_shot_reentryM_shot'====== Args={'value': 0, 'prev_value': 1, 'change': -1, 'player_num': 1}
2024-12-22 16:07:03,147 : EventManager : Event: ======'machine_var_audits_switches_s_lower_left_slingshot'====== Args={'value': 104, 'prev_value': 103, 'change': 1}
2024-12-22 16:07:12,693 : EventManager : Event: ======'machine_var_audits_switches_s_lower_right_slingshot'====== Args={'value': 98, 'prev_value': 97, 'change': 1}
2024-12-22 16:07:15,774 : EventManager : Event: ======'machine_var_audits_switches_s_lower_right_slingshot'====== Args={'value': 99, 'prev_value': 98, 'change': 1}
2024-12-22 16:07:15,928 : EventManager : Event: ======'machine_var_audits_switches_s_lower_left_slingshot'====== Args={'value': 105, 'prev_value': 104, 'change': 1}
2024-12-22 16:07:24,184 : mpfmc : Stopping...
2024-12-22 16:07:24,184 : EventManager : Event: ======'shutdown'====== Args={}
2024-12-22 16:07:24,184 : AudioInterface : Disabling audio playback
2024-12-22 16:07:24,294 : kivy : Base: Leaving application in progress...
2024-12-22 16:07:24,294 : mpfmc : Loop rate 77.56 Hz
2024-12-22 16:07:24,294 : kivy : Base: Leaving application in progress...
2024-12-22 16:07:24,294 : MPF-MC BCP Server : Stopping BCP sending thread
