2024-12-08 09:43:14,729 : kivy : Factory: 186 symbols loaded
2024-12-08 09:43:14,831 : kivy : ImageLoaderFFPy: Using ffpyplayer 4.3.2
2024-12-08 09:43:14,831 : kivy : Image: Providers: img_tex, img_dds, img_sdl2, img_pil, img_ffpyplayer 
2024-12-08 09:43:14,871 : kivy : VideoGstplayer: Using Gstreamer 1.18.0.0
2024-12-08 09:43:14,871 : kivy : Video: Provider: gstplayer
2024-12-08 09:43:15,016 : kivy : Loading MPF-MC controller
2024-12-08 09:43:15,342 : ConfigProcessor : Config spec file cache created: C:\Users\student\AppData\Local\Temp\config_spec.mpf_cache
2024-12-08 09:43:15,357 : YamlMultifileConfigLoader : Machine config file #1: config
2024-12-08 09:43:15,357 : ConfigProcessor : Loading config from file c:\users\student\mpfenv\lib\site-packages\mpfmc\mcconfig.yaml.
2024-12-08 09:43:15,388 : ConfigProcessor : Loading config: c:\users\student\mpfenv\lib\site-packages\mpfmc\mcconfig.yaml
2024-12-08 09:43:15,388 : ConfigProcessor : Loading config from file C:\Users\student\pinball\cobraPinTest1\config\config.
2024-12-08 09:43:15,428 : ConfigProcessor : Loading config: C:\Users\student\pinball\cobraPinTest1\config\config
2024-12-08 09:43:15,429 : ConfigProcessor : Config file cache created: C:\Users\student\AppData\Local\Temp\8788ef445fdd76e1de1cbcebe7495fec.mpf_cache
2024-12-08 09:43:15,429 : ConfigProcessor : Loading config from file c:\users\student\mpfenv\lib\site-packages\mpf\modes\attract\config\attract.yaml.
2024-12-08 09:43:15,431 : ConfigProcessor : Loading config: c:\users\student\mpfenv\lib\site-packages\mpf\modes\attract\config\attract.yaml
2024-12-08 09:43:15,431 : ConfigProcessor : Loading config from file C:\Users\student\pinball\cobraPinTest1\modes\attract\config\attract.yaml.
2024-12-08 09:43:15,432 : ConfigProcessor : Loading config: C:\Users\student\pinball\cobraPinTest1\modes\attract\config\attract.yaml
2024-12-08 09:43:15,433 : ConfigProcessor : Config file cache created: C:\Users\student\AppData\Local\Temp\32ed7ad340ce8029344f8b9ff63edc80.mpf_cache
2024-12-08 09:43:15,433 : ConfigProcessor : Loading config from file c:\users\student\mpfenv\lib\site-packages\mpf\modes\game\config\game.yaml.
2024-12-08 09:43:15,435 : ConfigProcessor : Loading config: c:\users\student\mpfenv\lib\site-packages\mpf\modes\game\config\game.yaml
2024-12-08 09:43:15,435 : ConfigProcessor : Config file cache created: C:\Users\student\AppData\Local\Temp\8696bd5a5a040ff67990be11cb4d3c0c.mpf_cache
2024-12-08 09:43:15,436 : ConfigProcessor : Loading config from file C:\Users\student\pinball\cobraPinTest1\modes\base\config\base.yaml.
2024-12-08 09:43:15,441 : ConfigProcessor : Loading config: C:\Users\student\pinball\cobraPinTest1\modes\base\config\base.yaml
2024-12-08 09:43:15,441 : ConfigProcessor : Config file cache created: C:\Users\student\AppData\Local\Temp\4675a535c8328a9c278c807d999ed109.mpf_cache
2024-12-08 09:43:15,442 : ConfigProcessor : Loading config from file C:\Users\student\pinball\cobraPinTest1\modes\reentry\config\reentry.yaml.
2024-12-08 09:43:15,458 : ConfigProcessor : Loading config: C:\Users\student\pinball\cobraPinTest1\modes\reentry\config\reentry.yaml
2024-12-08 09:43:15,458 : ConfigProcessor : Config file cache created: C:\Users\student\AppData\Local\Temp\0c8438cab3480347c0c749fa494946a2.mpf_cache
2024-12-08 09:43:15,459 : ConfigProcessor : Loading config from file C:\Users\student\pinball\cobraPinTest1\modes\lowerlanes\config\lowerlanes.yaml.
2024-12-08 09:43:15,470 : ConfigProcessor : Loading config: C:\Users\student\pinball\cobraPinTest1\modes\lowerlanes\config\lowerlanes.yaml
2024-12-08 09:43:15,471 : ConfigProcessor : Config file cache created: C:\Users\student\AppData\Local\Temp\5052615755bdf1309b248cf8695ad4ff.mpf_cache
2024-12-08 09:43:15,471 : mpfmc : Mission Pinball Framework Media Controller v0.55.0
2024-12-08 09:43:15,471 : mpfmc : Mission Pinball Framework Game Engine v0.55.0
2024-12-08 09:43:15,471 : mpfmc : Machine path: C:\Users\student\pinball\cobraPinTest1
2024-12-08 09:43:15,471 : mpfmc : Starting clock at 60.0Hz
2024-12-08 09:43:15,486 : kivy : Text: Provider: sdl2
2024-12-08 09:43:15,525 : kivy : Window: Provider: sdl2
2024-12-08 09:43:15,895 : kivy : GL: Using the "OpenGL" graphics system
2024-12-08 09:43:15,897 : kivy : GL: GLEW initialization succeeded
2024-12-08 09:43:15,897 : kivy : GL: Backend used <glew>
2024-12-08 09:43:15,898 : kivy : GL: OpenGL version <b'4.6.13543 Compatibility Profile Context 25.20.15006.9'>
2024-12-08 09:43:15,898 : kivy : GL: OpenGL vendor <b'ATI Technologies Inc.'>
2024-12-08 09:43:15,898 : kivy : GL: OpenGL renderer <b'Radeon RX Vega M GL Graphics'>
2024-12-08 09:43:15,899 : kivy : GL: OpenGL parsed version: 4, 6
2024-12-08 09:43:15,899 : kivy : GL: Shading version <b'4.60'>
2024-12-08 09:43:15,899 : kivy : GL: Texture max size <16384>
2024-12-08 09:43:15,899 : kivy : GL: Texture max units <32>
2024-12-08 09:43:15,916 : kivy : Window: auto add sdl2 input provider
2024-12-08 09:43:15,916 : kivy : Window: virtual keyboard not allowed, single mode, not docked
2024-12-08 09:43:16,137 : AudioInterface : Initialized
2024-12-08 09:43:16,137 : AudioInterface : Loaded SDL 2.0.12
2024-12-08 09:43:16,138 : AudioInterface : Loaded SDL_Mixer 2.0.4
2024-12-08 09:43:16,138 : AudioInterface : Loaded GStreamer 1.18.0.0
2024-12-08 09:43:16,138 : AudioInterface : Loaded GLib 2.62.6
2024-12-08 09:43:16,138 : AudioInterface : Settings requested - rate: 44100, channels: 1, buffer: 2048 samples
2024-12-08 09:43:16,138 : AudioInterface : Settings in use - rate: 44100, channels: 1, buffer: 2048 samples (4096 bytes @ 2 bytes per sample)
2024-12-08 09:43:16,138 : SoundSystem : Setting master volume to 0.0
2024-12-08 09:43:16,138 : SoundSystem : master_volume in sound_system is deprecated and will be removed in the future.
2024-12-08 09:43:16,138 : AudioInterface : Enabling audio playback
2024-12-08 09:43:16,141 : kivy : Base: Start application main loop
2024-12-08 09:43:16,141 : EventManager : Event: ======'display_window_initialized'====== Args={}
2024-12-08 09:43:16,161 : mpfmc : Display: Setting 'window' as default display
2024-12-08 09:43:16,167 : EventManager : Event: ======'displays_initialized'====== Args={}
2024-12-08 09:43:16,167 : EventManager : Event: ======'slide_window_blank_created'====== Args={}
2024-12-08 09:43:16,168 : EventManager : Event: ======'display_window_ready'====== Args={}
2024-12-08 09:43:16,177 : EventManager : Event: ======'init_phase_1'====== Args={}
2024-12-08 09:43:16,181 : EventManager : Event: ======'mc_ready'====== Args={}
2024-12-08 09:43:16,181 : EventManager : Event: ======'init_phase_2'====== Args={}
2024-12-08 09:43:16,183 : EventManager : Event: ======'init_phase_3'====== Args={}
2024-12-08 09:43:16,185 : EventManager : Event: ======'init_phase_4'====== Args={}
2024-12-08 09:43:16,185 : EventManager : Event: ======'init_phase_5'====== Args={}
2024-12-08 09:43:16,185 : EventManager : Event: ======'init_done'====== Args={}
2024-12-08 09:43:16,185 : MPF-MC BCP Server : Starting up on localhost port 5050
2024-12-08 09:43:16,189 : MPF-MC BCP Server : Waiting for a connection...
2024-12-08 09:43:16,189 : mpfmc : SlidePlayer: Play called with settings={'slides': {welcome_slide-None-None: {'priority': None, 'target': None, 'background_color': [0.0, 0.0, 0.0, 1.0], 'show': True, 'force': False, 'expire': None, 'slide': None, 'tokens': {}, 'action': 'play', 'transition': None, 'transition_out': None}}}
2024-12-08 09:43:16,193 : kivy : GL: NPOT texture support is available
2024-12-08 09:43:16,193 : EventManager : Event: ======'slide_welcome_slide_created'====== Args={}
2024-12-08 09:43:16,195 : EventManager : Event: ======'slide_welcome_slide_active'====== Args={}
2024-12-08 09:43:16,208 : EventManager : Event: ======'client_disconnected'====== Args={'host': '127.0.0.1', 'port': 5050}
2024-12-08 09:43:17,837 : MPF-MC BCP Server : Received connection from: 127.0.0.1:55710
2024-12-08 09:43:17,849 : EventManager : Event: ======'client_connected'====== Args={'host': '127.0.0.1', 'port': 55710}
2024-12-08 09:43:17,861 : EventManager : Event: ======'machine_var_credits_string'====== Args={'value': 'FREE PLAY', 'prev_value': None, 'change': True}
2024-12-08 09:43:17,861 : EventManager : Event: ======'machine_var_master_volume'====== Args={'value': 0.5, 'prev_value': None, 'change': True}
2024-12-08 09:43:17,861 : EventManager : Event: ======'machine_var_player1_score'====== Args={'value': 1500, 'prev_value': None, 'change': True}
2024-12-08 09:43:17,861 : EventManager : Event: ======'machine_var_mpf_version'====== Args={'value': 'MPF v0.55.0', 'prev_value': None, 'change': True}
2024-12-08 09:43:17,861 : EventManager : Event: ======'machine_var_mpf_extended_version'====== Args={'value': 'MPF v0.55.0, Config version:5, Show version: 5, BCP version:1.1', 'prev_value': None, 'change': True}
2024-12-08 09:43:17,861 : EventManager : Event: ======'machine_var_python_version'====== Args={'value': '3.7.8', 'prev_value': None, 'change': True}
2024-12-08 09:43:17,861 : EventManager : Event: ======'machine_var_platform'====== Args={'value': 'Windows-10-10.0.19041-SP0', 'prev_value': None, 'change': True}
2024-12-08 09:43:17,861 : EventManager : Event: ======'machine_var_platform_system'====== Args={'value': 'Windows', 'prev_value': None, 'change': True}
2024-12-08 09:43:17,861 : EventManager : Event: ======'machine_var_platform_release'====== Args={'value': '10', 'prev_value': None, 'change': True}
2024-12-08 09:43:17,861 : EventManager : Event: ======'machine_var_platform_version'====== Args={'value': '10.0.19041', 'prev_value': None, 'change': True}
2024-12-08 09:43:17,861 : EventManager : Event: ======'machine_var_platform_machine'====== Args={'value': 'AMD64', 'prev_value': None, 'change': True}
2024-12-08 09:43:17,862 : EventManager : Event: ======'machine_var_mc_version'====== Args={'value': 'MPF-MC v0.55.0', 'prev_value': None, 'change': True}
2024-12-08 09:43:17,862 : EventManager : Event: ======'machine_var_mc_extended_version'====== Args={'value': 'MPF-MC v0.55.0 (config_version=5, BCP v1.1, Requires MPF v0.55.0-dev.49)', 'prev_value': None, 'change': True}
2024-12-08 09:43:17,862 : SoundSystem : Setting master volume to 0.5
2024-12-08 09:43:17,950 : EventManager : Event: ======'machine_var_audits_events_game_ended'====== Args={'value': 0, 'prev_value': None, 'change': True}
2024-12-08 09:43:17,950 : EventManager : Event: ======'machine_var_audits_events_game_started'====== Args={'value': 0, 'prev_value': None, 'change': True}
2024-12-08 09:43:17,950 : EventManager : Event: ======'machine_var_audits_player_score'====== Args={'value': {'average': 1800.0, 'top': [2000, 1900, 1500], 'total': 3}, 'prev_value': None, 'change': True}
2024-12-08 09:43:17,950 : EventManager : Event: ======'machine_var_audits_shots_bonusLane_shot'====== Args={'value': 14, 'prev_value': None, 'change': True}
2024-12-08 09:43:17,950 : EventManager : Event: ======'machine_var_audits_shots_medalL_shot'====== Args={'value': 174, 'prev_value': None, 'change': True}
2024-12-08 09:43:17,950 : EventManager : Event: ======'machine_var_audits_shots_medalM_shot'====== Args={'value': 166, 'prev_value': None, 'change': True}
2024-12-08 09:43:17,950 : EventManager : Event: ======'machine_var_audits_shots_medalR_shot'====== Args={'value': 165, 'prev_value': None, 'change': True}
2024-12-08 09:43:17,950 : EventManager : Event: ======'machine_var_audits_shots_my_first_shot'====== Args={'value': 119, 'prev_value': None, 'change': True}
2024-12-08 09:43:17,951 : EventManager : Event: ======'machine_var_audits_shots_my_first_shot_mode2'====== Args={'value': 72, 'prev_value': None, 'change': True}
2024-12-08 09:43:17,951 : EventManager : Event: ======'machine_var_audits_shots_outLaneL_shot'====== Args={'value': 8, 'prev_value': None, 'change': True}
2024-12-08 09:43:17,951 : EventManager : Event: ======'machine_var_audits_shots_outLaneR_shot'====== Args={'value': 22, 'prev_value': None, 'change': True}
2024-12-08 09:43:17,951 : EventManager : Event: ======'machine_var_audits_shots_reentryL_shot'====== Args={'value': 473, 'prev_value': None, 'change': True}
2024-12-08 09:43:17,951 : EventManager : Event: ======'machine_var_audits_shots_reentryM_shot'====== Args={'value': 432, 'prev_value': None, 'change': True}
2024-12-08 09:43:17,951 : EventManager : Event: ======'machine_var_audits_shots_reentryR_shot'====== Args={'value': 410, 'prev_value': None, 'change': True}
2024-12-08 09:43:17,951 : EventManager : Event: ======'machine_var_audits_shots_reentry_shot'====== Args={'value': 9, 'prev_value': None, 'change': True}
2024-12-08 09:43:17,952 : EventManager : Event: ======'machine_var_audits_shots_returnLaneL_shot'====== Args={'value': 89, 'prev_value': None, 'change': True}
2024-12-08 09:43:17,952 : EventManager : Event: ======'machine_var_audits_shots_returnLaneR_shot'====== Args={'value': 45, 'prev_value': None, 'change': True}
2024-12-08 09:43:17,952 : EventManager : Event: ======'machine_var_audits_shots_spacewarp_rollover_shot'====== Args={'value': 29, 'prev_value': None, 'change': True}
2024-12-08 09:43:17,952 : EventManager : Event: ======'machine_var_audits_shots_top_lane_A'====== Args={'value': 12, 'prev_value': None, 'change': True}
2024-12-08 09:43:17,952 : EventManager : Event: ======'machine_var_audits_shots_top_lane_J'====== Args={'value': 12, 'prev_value': None, 'change': True}
2024-12-08 09:43:17,952 : EventManager : Event: ======'machine_var_audits_shots_top_lane_M'====== Args={'value': 9, 'prev_value': None, 'change': True}
2024-12-08 09:43:17,952 : EventManager : Event: ======'machine_var_audits_switches_s_blackhole_kicker'====== Args={'value': 0, 'prev_value': None, 'change': True}
2024-12-08 09:43:17,952 : EventManager : Event: ======'machine_var_audits_switches_s_bonus_lane'====== Args={'value': 27, 'prev_value': None, 'change': True}
2024-12-08 09:43:17,953 : EventManager : Event: ======'machine_var_audits_switches_s_booster_drop_target_1'====== Args={'value': 0, 'prev_value': None, 'change': True}
2024-12-08 09:43:17,953 : EventManager : Event: ======'machine_var_audits_switches_s_booster_drop_target_2'====== Args={'value': 0, 'prev_value': None, 'change': True}
2024-12-08 09:43:17,953 : EventManager : Event: ======'machine_var_audits_switches_s_booster_drop_target_3'====== Args={'value': 0, 'prev_value': None, 'change': True}
2024-12-08 09:43:17,953 : EventManager : Event: ======'machine_var_audits_switches_s_comet_spot_1'====== Args={'value': 0, 'prev_value': None, 'change': True}
2024-12-08 09:43:17,953 : EventManager : Event: ======'machine_var_audits_switches_s_comet_spot_2'====== Args={'value': 0, 'prev_value': None, 'change': True}
2024-12-08 09:43:17,953 : EventManager : Event: ======'machine_var_audits_switches_s_comet_spot_3'====== Args={'value': 0, 'prev_value': None, 'change': True}
2024-12-08 09:43:17,953 : EventManager : Event: ======'machine_var_audits_switches_s_engine_bumper_1'====== Args={'value': 0, 'prev_value': None, 'change': True}
2024-12-08 09:43:17,953 : EventManager : Event: ======'machine_var_audits_switches_s_engine_bumper_2'====== Args={'value': 0, 'prev_value': None, 'change': True}
2024-12-08 09:43:17,953 : EventManager : Event: ======'machine_var_audits_switches_s_engine_bumper_3'====== Args={'value': 0, 'prev_value': None, 'change': True}
2024-12-08 09:43:17,954 : EventManager : Event: ======'machine_var_audits_switches_s_fuel_chute_1'====== Args={'value': 0, 'prev_value': None, 'change': True}
2024-12-08 09:43:17,954 : EventManager : Event: ======'machine_var_audits_switches_s_fuel_chute_2'====== Args={'value': 0, 'prev_value': None, 'change': True}
2024-12-08 09:43:17,954 : EventManager : Event: ======'machine_var_audits_switches_s_fuel_chute_3'====== Args={'value': 0, 'prev_value': None, 'change': True}
2024-12-08 09:43:17,954 : EventManager : Event: ======'machine_var_audits_switches_s_fuel_chute_4'====== Args={'value': 0, 'prev_value': None, 'change': True}
2024-12-08 09:43:17,954 : EventManager : Event: ======'machine_var_audits_switches_s_fuel_chute_5'====== Args={'value': 0, 'prev_value': None, 'change': True}
2024-12-08 09:43:17,954 : EventManager : Event: ======'machine_var_audits_switches_s_fuel_chute_6'====== Args={'value': 0, 'prev_value': None, 'change': True}
2024-12-08 09:43:17,954 : EventManager : Event: ======'machine_var_audits_switches_s_fuel_flag'====== Args={'value': 0, 'prev_value': None, 'change': True}
2024-12-08 09:43:17,955 : EventManager : Event: ======'machine_var_audits_switches_s_fuel_spot_1'====== Args={'value': 0, 'prev_value': None, 'change': True}
2024-12-08 09:43:17,955 : EventManager : Event: ======'machine_var_audits_switches_s_fuel_spot_2'====== Args={'value': 0, 'prev_value': None, 'change': True}
2024-12-08 09:43:17,955 : EventManager : Event: ======'machine_var_audits_switches_s_fuel_spot_3'====== Args={'value': 0, 'prev_value': None, 'change': True}
2024-12-08 09:43:17,955 : EventManager : Event: ======'machine_var_audits_switches_s_green_wormhole'====== Args={'value': 0, 'prev_value': None, 'change': True}
2024-12-08 09:43:17,955 : EventManager : Event: ======'machine_var_audits_switches_s_hyperspace_flag'====== Args={'value': 0, 'prev_value': None, 'change': True}
2024-12-08 09:43:17,955 : EventManager : Event: ======'machine_var_audits_switches_s_hyperspacekicker'====== Args={'value': 0, 'prev_value': None, 'change': True}
2024-12-08 09:43:17,955 : EventManager : Event: ======'machine_var_audits_switches_s_launch_lane_1'====== Args={'value': 0, 'prev_value': None, 'change': True}
2024-12-08 09:43:17,955 : EventManager : Event: ======'machine_var_audits_switches_s_launch_lane_2'====== Args={'value': 0, 'prev_value': None, 'change': True}
2024-12-08 09:43:17,955 : EventManager : Event: ======'machine_var_audits_switches_s_launch_lane_3'====== Args={'value': 0, 'prev_value': None, 'change': True}
2024-12-08 09:43:17,955 : EventManager : Event: ======'machine_var_audits_switches_s_launch_ramp'====== Args={'value': 0, 'prev_value': None, 'change': True}
2024-12-08 09:43:17,963 : EventManager : Event: ======'machine_var_audits_switches_s_left_attack_bumper'====== Args={'value': 0, 'prev_value': None, 'change': True}
2024-12-08 09:43:17,963 : EventManager : Event: ======'machine_var_audits_switches_s_left_flipper'====== Args={'value': 999, 'prev_value': None, 'change': True}
2024-12-08 09:43:17,963 : EventManager : Event: ======'machine_var_audits_switches_s_left_out_lane'====== Args={'value': 12, 'prev_value': None, 'change': True}
2024-12-08 09:43:17,963 : EventManager : Event: ======'machine_var_audits_switches_s_left_out_lane_kicker'====== Args={'value': 0, 'prev_value': None, 'change': True}
2024-12-08 09:43:17,963 : EventManager : Event: ======'machine_var_audits_switches_s_left_return_lane'====== Args={'value': 96, 'prev_value': None, 'change': True}
2024-12-08 09:43:17,963 : EventManager : Event: ======'machine_var_audits_switches_s_lower_attack_bumper'====== Args={'value': 0, 'prev_value': None, 'change': True}
2024-12-08 09:43:17,964 : EventManager : Event: ======'machine_var_audits_switches_s_lower_left_rebound'====== Args={'value': 0, 'prev_value': None, 'change': True}
2024-12-08 09:43:17,964 : EventManager : Event: ======'machine_var_audits_switches_s_lower_left_slingshot'====== Args={'value': 44, 'prev_value': None, 'change': True}
2024-12-08 09:43:17,964 : EventManager : Event: ======'machine_var_audits_switches_s_lower_right_rebound'====== Args={'value': 0, 'prev_value': None, 'change': True}
2024-12-08 09:43:17,964 : EventManager : Event: ======'machine_var_audits_switches_s_lower_right_slingshot'====== Args={'value': 43, 'prev_value': None, 'change': True}
2024-12-08 09:43:17,964 : EventManager : Event: ======'machine_var_audits_switches_s_medal_drop_left'====== Args={'value': 188, 'prev_value': None, 'change': True}
2024-12-08 09:43:17,964 : EventManager : Event: ======'machine_var_audits_switches_s_medal_drop_middle'====== Args={'value': 180, 'prev_value': None, 'change': True}
2024-12-08 09:43:17,964 : EventManager : Event: ======'machine_var_audits_switches_s_medal_drop_right'====== Args={'value': 179, 'prev_value': None, 'change': True}
2024-12-08 09:43:17,964 : EventManager : Event: ======'machine_var_audits_switches_s_mission_spot_1'====== Args={'value': 0, 'prev_value': None, 'change': True}
2024-12-08 09:43:17,965 : EventManager : Event: ======'machine_var_audits_switches_s_mission_spot_2'====== Args={'value': 2, 'prev_value': None, 'change': True}
2024-12-08 09:43:17,965 : EventManager : Event: ======'machine_var_audits_switches_s_mission_spot_3'====== Args={'value': 0, 'prev_value': None, 'change': True}
2024-12-08 09:43:17,965 : EventManager : Event: ======'machine_var_audits_switches_s_multiplier_left'====== Args={'value': 0, 'prev_value': None, 'change': True}
2024-12-08 09:43:17,975 : EventManager : Event: ======'machine_var_audits_switches_s_multiplier_middle'====== Args={'value': 0, 'prev_value': None, 'change': True}
2024-12-08 09:43:17,975 : EventManager : Event: ======'machine_var_audits_switches_s_multiplier_right'====== Args={'value': 0, 'prev_value': None, 'change': True}
2024-12-08 09:43:17,975 : EventManager : Event: ======'machine_var_audits_switches_s_plunger'====== Args={'value': 168, 'prev_value': None, 'change': True}
2024-12-08 09:43:17,975 : EventManager : Event: ======'machine_var_audits_switches_s_radiationspot_1'====== Args={'value': 0, 'prev_value': None, 'change': True}
2024-12-08 09:43:17,975 : EventManager : Event: ======'machine_var_audits_switches_s_radiationspot_2'====== Args={'value': 0, 'prev_value': None, 'change': True}
2024-12-08 09:43:17,975 : EventManager : Event: ======'machine_var_audits_switches_s_radiationspot_3'====== Args={'value': 0, 'prev_value': None, 'change': True}
2024-12-08 09:43:17,975 : EventManager : Event: ======'machine_var_audits_switches_s_red_wormhole'====== Args={'value': 0, 'prev_value': None, 'change': True}
2024-12-08 09:43:17,975 : EventManager : Event: ======'machine_var_audits_switches_s_reentry_left'====== Args={'value': 831, 'prev_value': None, 'change': True}
2024-12-08 09:43:17,975 : EventManager : Event: ======'machine_var_audits_switches_s_reentry_middle'====== Args={'value': 506, 'prev_value': None, 'change': True}
2024-12-08 09:43:17,975 : EventManager : Event: ======'machine_var_audits_switches_s_reentry_right'====== Args={'value': 469, 'prev_value': None, 'change': True}
2024-12-08 09:43:17,975 : EventManager : Event: ======'machine_var_audits_switches_s_right_flipper'====== Args={'value': 774, 'prev_value': None, 'change': True}
2024-12-08 09:43:17,975 : EventManager : Event: ======'machine_var_audits_switches_s_right_inlane'====== Args={'value': 0, 'prev_value': None, 'change': True}
2024-12-08 09:43:17,975 : EventManager : Event: ======'machine_var_audits_switches_s_right_out_lane'====== Args={'value': 48, 'prev_value': None, 'change': True}
2024-12-08 09:43:17,976 : EventManager : Event: ======'machine_var_audits_switches_s_right_out_lane_kicker'====== Args={'value': 0, 'prev_value': None, 'change': True}
2024-12-08 09:43:17,976 : EventManager : Event: ======'machine_var_audits_switches_s_right_return_lane'====== Args={'value': 57, 'prev_value': None, 'change': True}
2024-12-08 09:43:17,976 : EventManager : Event: ======'machine_var_audits_switches_s_satellite_bumper'====== Args={'value': 0, 'prev_value': None, 'change': True}
2024-12-08 09:43:17,976 : EventManager : Event: ======'machine_var_audits_switches_s_secondary_outlane_kicker'====== Args={'value': 0, 'prev_value': None, 'change': True}
2024-12-08 09:43:17,976 : EventManager : Event: ======'machine_var_audits_switches_s_skill_shot_1'====== Args={'value': 0, 'prev_value': None, 'change': True}
2024-12-08 09:43:17,976 : EventManager : Event: ======'machine_var_audits_switches_s_skill_shot_2'====== Args={'value': 0, 'prev_value': None, 'change': True}
2024-12-08 09:43:17,976 : EventManager : Event: ======'machine_var_audits_switches_s_skill_shot_3'====== Args={'value': 0, 'prev_value': None, 'change': True}
2024-12-08 09:43:17,976 : EventManager : Event: ======'machine_var_audits_switches_s_skill_shot_4'====== Args={'value': 0, 'prev_value': None, 'change': True}
2024-12-08 09:43:17,977 : EventManager : Event: ======'machine_var_audits_switches_s_skill_shot_5'====== Args={'value': 0, 'prev_value': None, 'change': True}
2024-12-08 09:43:17,977 : EventManager : Event: ======'machine_var_audits_switches_s_skill_shot_6'====== Args={'value': 0, 'prev_value': None, 'change': True}
2024-12-08 09:43:17,977 : EventManager : Event: ======'machine_var_audits_switches_s_skill_shot_lane'====== Args={'value': 0, 'prev_value': None, 'change': True}
2024-12-08 09:43:17,977 : EventManager : Event: ======'machine_var_audits_switches_s_spacewarp_rollover'====== Args={'value': 30, 'prev_value': None, 'change': True}
2024-12-08 09:43:17,977 : EventManager : Event: ======'machine_var_audits_switches_s_start'====== Args={'value': 7, 'prev_value': None, 'change': True}
2024-12-08 09:43:17,977 : EventManager : Event: ======'machine_var_audits_switches_s_trough1'====== Args={'value': 30, 'prev_value': None, 'change': True}
2024-12-08 09:43:17,987 : EventManager : Event: ======'machine_var_audits_switches_s_trough2'====== Args={'value': 0, 'prev_value': None, 'change': True}
2024-12-08 09:43:17,987 : EventManager : Event: ======'machine_var_audits_switches_s_trough3'====== Args={'value': 0, 'prev_value': None, 'change': True}
2024-12-08 09:43:17,987 : EventManager : Event: ======'machine_var_audits_switches_s_trough4'====== Args={'value': 0, 'prev_value': None, 'change': True}
2024-12-08 09:43:17,987 : EventManager : Event: ======'machine_var_audits_switches_s_trough5'====== Args={'value': 0, 'prev_value': None, 'change': True}
2024-12-08 09:43:17,987 : EventManager : Event: ======'machine_var_audits_switches_s_trough6'====== Args={'value': 0, 'prev_value': None, 'change': True}
2024-12-08 09:43:17,987 : EventManager : Event: ======'machine_var_audits_switches_s_trough_jam'====== Args={'value': 0, 'prev_value': None, 'change': True}
2024-12-08 09:43:17,987 : EventManager : Event: ======'machine_var_audits_switches_s_upper_attack_bumper'====== Args={'value': 0, 'prev_value': None, 'change': True}
2024-12-08 09:43:17,987 : EventManager : Event: ======'machine_var_audits_switches_s_upper_left_rebound'====== Args={'value': 0, 'prev_value': None, 'change': True}
2024-12-08 09:43:17,987 : EventManager : Event: ======'machine_var_audits_switches_s_upper_right_rebound'====== Args={'value': 0, 'prev_value': None, 'change': True}
2024-12-08 09:43:17,987 : EventManager : Event: ======'machine_var_audits_switches_s_wormhole_target'====== Args={'value': 0, 'prev_value': None, 'change': True}
2024-12-08 09:43:17,987 : EventManager : Event: ======'machine_var_audits_switches_s_yellow_wormhole'====== Args={'value': 0, 'prev_value': None, 'change': True}
2024-12-08 09:43:18,038 : EventManager : Event: ======'slides_play'====== Args={'settings': {'welcome_slide': {'target': None, 'background_color': [0.0, 0.0, 0.0, 1.0], 'priority': None, 'show': True, 'force': False, 'expire': None, 'slide': None, 'tokens': {}, 'action': 'play'}}, 'context': '_global', 'calling_context': 'init_done', 'priority': 0}
2024-12-08 09:43:18,038 : EventManager : Event: ======'mc_reset_phase_1'====== Args={}
2024-12-08 09:43:18,038 : mpfmc : SlidePlayer: Play called with settings={'welcome_slide': {'target': None, 'background_color': [0.0, 0.0, 0.0, 1.0], 'priority': None, 'show': True, 'force': False, 'expire': None, 'slide': None, 'tokens': {}, 'action': 'play'}}
2024-12-08 09:43:18,038 : EventManager : Event: ======'slide_welcome_slide_removed'====== Args={}
2024-12-08 09:43:18,040 : EventManager : Event: ======'slide_welcome_slide_created'====== Args={}
2024-12-08 09:43:18,040 : EventManager : Event: ======'mc_reset_phase_2'====== Args={}
2024-12-08 09:43:18,041 : EventManager : Event: ======'mc_reset_phase_3'====== Args={}
2024-12-08 09:43:18,041 : EventManager : Event: ======'mc_reset_complete'====== Args={}
2024-12-08 09:43:18,041 : EventManager : Event: ======'slide_welcome_slide_active'====== Args={}
2024-12-08 09:43:18,058 : EventManager : Event: ======'slides_play'====== Args={'settings': {'awesome_slide': {'widgets': [{'type': 'text', 'text': 'YOU ARE AWESOME', 'font_size': 50, '_default_settings': ['type', 'text', 'font_size'], 'x': None, 'y': None, 'anchor_x': 'center', 'anchor_y': 'center', 'round_anchor_x': None, 'round_anchor_y': None, 'opacity': 1.0, 'z': 0, 'reset_animations_events': {}, 'color': [1.0, 1.0, 1.0, 1.0], 'style': [], 'adjust_top': 0, 'adjust_bottom': 0, 'adjust_left': 0, 'adjust_right': 0, 'expire': None, 'key': None, 'widget': None, 'events_when_added': [], 'events_when_removed': [], 'bitmap_font': False, 'font_kerning': True, 'bold': False, 'italic': False, 'number_grouping': False, 'min_digits': 0, 'halign': 'center', 'valign': 'middle', 'rotation': 0, 'scale': 1.0, 'casing': None, 'animations': None}], 'transition': {'type': 'push', 'duration': 1.0, 'direction': 'left', 'easing': 'out_quad'}, 'target': None, 'background_color': [0.0, 0.0, 0.0, 1.0], 'priority': None, 'show': True, 'force': False, 'expire': None, 'slide': None, 'tokens': {}, 'action': 'play'}}, 'context': 'show_2', 'calling_context': 0, 'priority': 10, 'show_tokens': {}, 'start_time': 489779.718}
2024-12-08 09:43:18,058 : mpfmc : SlidePlayer: Play called with settings={'awesome_slide': {'widgets': [{'type': 'text', 'text': 'YOU ARE AWESOME', 'font_size': 50, '_default_settings': ['type', 'text', 'font_size'], 'x': None, 'y': None, 'anchor_x': 'center', 'anchor_y': 'center', 'round_anchor_x': None, 'round_anchor_y': None, 'opacity': 1.0, 'z': 0, 'reset_animations_events': {}, 'color': [1.0, 1.0, 1.0, 1.0], 'style': [], 'adjust_top': 0, 'adjust_bottom': 0, 'adjust_left': 0, 'adjust_right': 0, 'expire': None, 'key': None, 'widget': None, 'events_when_added': [], 'events_when_removed': [], 'bitmap_font': False, 'font_kerning': True, 'bold': False, 'italic': False, 'number_grouping': False, 'min_digits': 0, 'halign': 'center', 'valign': 'middle', 'rotation': 0, 'scale': 1.0, 'casing': None, 'animations': None}], 'transition': {'type': 'push', 'duration': 1.0, 'direction': 'left', 'easing': 'out_quad'}, 'target': None, 'background_color': [0.0, 0.0, 0.0, 1.0], 'priority': None, 'show': True, 'force': False, 'expire': None, 'slide': None, 'tokens': {}, 'action': 'play'}}
2024-12-08 09:43:18,060 : EventManager : Event: ======'slide_awesome_slide_created'====== Args={}
2024-12-08 09:43:18,061 : EventManager : Event: ======'slide_awesome_slide_active'====== Args={}
2024-12-08 09:43:20,935 : EventManager : Event: ======'game_started'====== Args={}
2024-12-08 09:43:20,948 : EventManager : Event: ======'slides_clear'====== Args={'context': 'show_2'}
2024-12-08 09:43:20,948 : EventManager : Event: ======'slide_awesome_slide_removed'====== Args={}
2024-12-08 09:43:20,948 : EventManager : Event: ======'slide_welcome_slide_active'====== Args={}
2024-12-08 09:43:20,973 : EventManager : Event: ======'player_added'====== Args={'player': <Player 1>, 'num': 1}
2024-12-08 09:43:20,973 : EventManager : Event: ======'player_index'====== Args={'value': 0, 'prev_value': 0, 'change': 0, 'player_num': 1}
2024-12-08 09:43:20,973 : EventManager : Event: ======'player_number'====== Args={'value': 1, 'prev_value': 1, 'change': 0, 'player_num': 1}
2024-12-08 09:43:20,973 : EventManager : Event: ======'player_score'====== Args={'value': 0, 'prev_value': 0, 'change': 0, 'player_num': 1}
2024-12-08 09:43:20,985 : EventManager : Event: ======'player_ball'====== Args={'value': 1, 'prev_value': 0, 'change': 1, 'player_num': 1}
2024-12-08 09:43:20,997 : EventManager : Event: ======'player_turn_start'====== Args={'number': 1, 'player': <Player 1>}
2024-12-08 09:43:20,997 : EventManager : Event: ======'slides_play'====== Args={'settings': {'widgets': {'widgets': [{'type': 'text', 'text': '(score)', 'number_grouping': True, 'min_digits': 2, 'font_size': 100, '_default_settings': ['type', 'text', 'number_grouping', 'min_digits', 'font_size'], 'x': None, 'y': None, 'anchor_x': 'center', 'anchor_y': 'center', 'round_anchor_x': None, 'round_anchor_y': None, 'opacity': 1.0, 'z': 0, 'reset_animations_events': {}, 'color': [1.0, 1.0, 1.0, 1.0], 'style': [], 'adjust_top': 0, 'adjust_bottom': 0, 'adjust_left': 0, 'adjust_right': 0, 'expire': None, 'key': None, 'widget': None, 'events_when_added': [], 'events_when_removed': [], 'bitmap_font': False, 'font_kerning': True, 'bold': False, 'italic': False, 'halign': 'center', 'valign': 'middle', 'rotation': 0, 'scale': 1.0, 'casing': None, 'animations': None}, {'type': 'text', 'text': 'PLAYER (number)', 'y': '10', 'x': '10', 'font_size': 50, 'anchor_x': 'left', 'anchor_y': 'bottom', '_default_settings': ['type', 'text', 'y', 'x', 'font_size', 'anchor_x', 'anchor_y'], 'round_anchor_x': None, 'round_anchor_y': None, 'opacity': 1.0, 'z': 0, 'reset_animations_events': {}, 'color': [1.0, 1.0, 1.0, 1.0], 'style': [], 'adjust_top': 0, 'adjust_bottom': 0, 'adjust_left': 0, 'adjust_right': 0, 'expire': None, 'key': None, 'widget': None, 'events_when_added': [], 'events_when_removed': [], 'bitmap_font': False, 'font_kerning': True, 'bold': False, 'italic': False, 'number_grouping': False, 'min_digits': 0, 'halign': 'center', 'valign': 'middle', 'rotation': 0, 'scale': 1.0, 'casing': None, 'animations': None}, {'type': 'text', 'text': 'BALL (ball)', 'y': '10', 'x': 'right-10', 'anchor_x': 'right', 'anchor_y': 'bottom', 'font_size': 50, '_default_settings': ['type', 'text', 'y', 'x', 'anchor_x', 'anchor_y', 'font_size'], 'round_anchor_x': None, 'round_anchor_y': None, 'opacity': 1.0, 'z': 0, 'reset_animations_events': {}, 'color': [1.0, 1.0, 1.0, 1.0], 'style': [], 'adjust_top': 0, 'adjust_bottom': 0, 'adjust_left': 0, 'adjust_right': 0, 'expire': None, 'key': None, 'widget': None, 'events_when_added': [], 'events_when_removed': [], 'bitmap_font': False, 'font_kerning': True, 'bold': False, 'italic': False, 'number_grouping': False, 'min_digits': 0, 'halign': 'center', 'valign': 'middle', 'rotation': 0, 'scale': 1.0, 'casing': None, 'animations': None}], 'target': None, 'background_color': [0.0, 0.0, 0.0, 1.0], 'priority': None, 'show': True, 'force': False, 'expire': None, 'slide': None, 'tokens': {}, 'action': 'play'}}, 'context': 'base', 'calling_context': 'mode_base_started', 'priority': 100, 'queue': '<QueuedEvent>', 'player': 1, 'ball': 1, 'balls_remaining': 2, 'is_extra_ball': False}
2024-12-08 09:43:20,998 : EventManager : Event: ======'player_shot_returnLaneL_shot_enabled'====== Args={'value': True, 'prev_value': 0, 'change': 1, 'player_num': 1}
2024-12-08 09:43:20,998 : EventManager : Event: ======'player_shot_bonusLane_shot_enabled'====== Args={'value': True, 'prev_value': 0, 'change': 1, 'player_num': 1}
2024-12-08 09:43:20,998 : EventManager : Event: ======'player_shot_outLaneL_shot_enabled'====== Args={'value': True, 'prev_value': 0, 'change': 1, 'player_num': 1}
2024-12-08 09:43:20,998 : EventManager : Event: ======'player_shot_returnLaneR_shot_enabled'====== Args={'value': True, 'prev_value': 0, 'change': 1, 'player_num': 1}
2024-12-08 09:43:20,999 : EventManager : Event: ======'player_shot_outLaneR_shot_enabled'====== Args={'value': True, 'prev_value': 0, 'change': 1, 'player_num': 1}
2024-12-08 09:43:20,999 : EventManager : Event: ======'player_shot_spacewarp_rollover_shot_enabled'====== Args={'value': True, 'prev_value': 0, 'change': 1, 'player_num': 1}
2024-12-08 09:43:20,999 : mpfmc : SlidePlayer: Play called with settings={'widgets': {'widgets': [{'type': 'text', 'text': '(score)', 'number_grouping': True, 'min_digits': 2, 'font_size': 100, '_default_settings': ['type', 'text', 'number_grouping', 'min_digits', 'font_size'], 'x': None, 'y': None, 'anchor_x': 'center', 'anchor_y': 'center', 'round_anchor_x': None, 'round_anchor_y': None, 'opacity': 1.0, 'z': 0, 'reset_animations_events': {}, 'color': [1.0, 1.0, 1.0, 1.0], 'style': [], 'adjust_top': 0, 'adjust_bottom': 0, 'adjust_left': 0, 'adjust_right': 0, 'expire': None, 'key': None, 'widget': None, 'events_when_added': [], 'events_when_removed': [], 'bitmap_font': False, 'font_kerning': True, 'bold': False, 'italic': False, 'halign': 'center', 'valign': 'middle', 'rotation': 0, 'scale': 1.0, 'casing': None, 'animations': None}, {'type': 'text', 'text': 'PLAYER (number)', 'y': '10', 'x': '10', 'font_size': 50, 'anchor_x': 'left', 'anchor_y': 'bottom', '_default_settings': ['type', 'text', 'y', 'x', 'font_size', 'anchor_x', 'anchor_y'], 'round_anchor_x': None, 'round_anchor_y': None, 'opacity': 1.0, 'z': 0, 'reset_animations_events': {}, 'color': [1.0, 1.0, 1.0, 1.0], 'style': [], 'adjust_top': 0, 'adjust_bottom': 0, 'adjust_left': 0, 'adjust_right': 0, 'expire': None, 'key': None, 'widget': None, 'events_when_added': [], 'events_when_removed': [], 'bitmap_font': False, 'font_kerning': True, 'bold': False, 'italic': False, 'number_grouping': False, 'min_digits': 0, 'halign': 'center', 'valign': 'middle', 'rotation': 0, 'scale': 1.0, 'casing': None, 'animations': None}, {'type': 'text', 'text': 'BALL (ball)', 'y': '10', 'x': 'right-10', 'anchor_x': 'right', 'anchor_y': 'bottom', 'font_size': 50, '_default_settings': ['type', 'text', 'y', 'x', 'anchor_x', 'anchor_y', 'font_size'], 'round_anchor_x': None, 'round_anchor_y': None, 'opacity': 1.0, 'z': 0, 'reset_animations_events': {}, 'color': [1.0, 1.0, 1.0, 1.0], 'style': [], 'adjust_top': 0, 'adjust_bottom': 0, 'adjust_left': 0, 'adjust_right': 0, 'expire': None, 'key': None, 'widget': None, 'events_when_added': [], 'events_when_removed': [], 'bitmap_font': False, 'font_kerning': True, 'bold': False, 'italic': False, 'number_grouping': False, 'min_digits': 0, 'halign': 'center', 'valign': 'middle', 'rotation': 0, 'scale': 1.0, 'casing': None, 'animations': None}], 'target': None, 'background_color': [0.0, 0.0, 0.0, 1.0], 'priority': None, 'show': True, 'force': False, 'expire': None, 'slide': None, 'tokens': {}, 'action': 'play'}}
2024-12-08 09:43:21,006 : EventManager : Event: ======'slide_base.slide_player-mode_base_started_created'====== Args={}
2024-12-08 09:43:21,007 : EventManager : Event: ======'slide_base.slide_player-mode_base_started_active'====== Args={}
2024-12-08 09:43:21,049 : mpfmc : Stopping...
2024-12-08 09:43:21,050 : EventManager : Event: ======'shutdown'====== Args={}
2024-12-08 09:43:21,050 : AudioInterface : Disabling audio playback
2024-12-08 09:43:21,197 : mpfmc : Loop rate 78.53 Hz
2024-12-08 09:43:21,197 : kivy : Base: Leaving application in progress...
2024-12-08 09:43:21,199 : mpfmc : Stopping...
2024-12-08 09:43:21,200 : EventManager : Event: ======'shutdown'====== Args={}
2024-12-08 09:43:21,200 : mpfmc : Loop rate 78.47 Hz
2024-12-08 09:43:21,200 : kivy : MC run loop ended.
2024-12-08 09:43:21,200 : kivy : Stopping child threads... (1 remaining)
2024-12-08 09:43:22,008 : MPF-MC BCP Server : Stopping BCP sending thread
2024-12-08 09:43:22,103 : kivy : All child threads stopped.
