2024-12-14 17:04:04,736 : kivy : deps: Successfully imported "kivy_deps.gstreamer" 0.3.3
2024-12-14 17:04:04,736 : kivy : deps: Successfully imported "kivy_deps.angle" 0.3.3
2024-12-14 17:04:04,736 : kivy : deps: Successfully imported "kivy_deps.glew" 0.3.1
2024-12-14 17:04:04,736 : kivy : deps: Successfully imported "kivy_deps.sdl2" 0.6.0
2024-12-14 17:04:04,736 : kivy : Kivy: v2.2.1
2024-12-14 17:04:04,736 : kivy : Kivy: Installed at "C:\Users\student\mpfenv3\Lib\site-packages\kivy\__init__.py"
2024-12-14 17:04:04,736 : kivy : Python: v3.11.8 (tags/v3.11.8:db85d51, Feb  6 2024, 22:03:32) [MSC v.1937 64 bit (AMD64)]
2024-12-14 17:04:04,750 : kivy : Python: Interpreter at "C:\Users\student\mpfenv3\Scripts\python.exe"
2024-12-14 17:04:04,766 : kivy : Factory: 190 symbols loaded
2024-12-14 17:04:04,892 : kivy : ImageLoaderFFPy: Using ffpyplayer 4.5.1
2024-12-14 17:04:04,892 : kivy : Image: Providers: img_tex, img_dds, img_sdl2, img_pil, img_ffpyplayer 
2024-12-14 17:04:05,499 : kivy : VideoGstplayer: Using Gstreamer 1.18.5.0
2024-12-14 17:04:05,499 : kivy : Video: Provider: gstplayer
2024-12-14 17:04:05,531 : root : Loading MPF-MC controller
2024-12-14 17:04:05,575 : ConfigProcessor : Config spec file cache created: C:\Users\student\AppData\Local\Temp\config_spec.mpf_cache
2024-12-14 17:04:05,576 : YamlMultifileConfigLoader : Machine config file #1: config
2024-12-14 17:04:05,576 : ConfigProcessor : Loading config from file C:\Users\student\mpfenv3\Lib\site-packages\mpfmc\mcconfig.yaml.
2024-12-14 17:04:05,581 : ConfigProcessor : Loading config: C:\Users\student\mpfenv3\Lib\site-packages\mpfmc\mcconfig.yaml
2024-12-14 17:04:05,581 : ConfigProcessor : Loading config from file C:\Users\student\pinball\cobraPinTest1\config\config.
2024-12-14 17:04:05,589 : ConfigProcessor : Loading config: C:\Users\student\pinball\cobraPinTest1\config\config
2024-12-14 17:04:05,590 : ConfigProcessor : Config file cache created: C:\Users\student\AppData\Local\Temp\d597e459fa663d00d6faab779112d1ee.mpf_cache
2024-12-14 17:04:05,590 : ConfigProcessor : Loading config from file C:\Users\student\mpfenv3\Lib\site-packages\mpf\modes\attract\config\attract.yaml.
2024-12-14 17:04:05,591 : ConfigProcessor : Loading config: C:\Users\student\mpfenv3\Lib\site-packages\mpf\modes\attract\config\attract.yaml
2024-12-14 17:04:05,591 : ConfigProcessor : Loading config from file C:\Users\student\pinball\cobraPinTest1\modes\attract\config\attract.yaml.
2024-12-14 17:04:05,591 : ConfigProcessor : Loading config: C:\Users\student\pinball\cobraPinTest1\modes\attract\config\attract.yaml
2024-12-14 17:04:05,592 : ConfigProcessor : Config file cache created: C:\Users\student\AppData\Local\Temp\0196918bccd620e51d3c4d2630650aa0.mpf_cache
2024-12-14 17:04:05,592 : ConfigProcessor : Loading config from file C:\Users\student\mpfenv3\Lib\site-packages\mpf\modes\game\config\game.yaml.
2024-12-14 17:04:05,593 : ConfigProcessor : Loading config: C:\Users\student\mpfenv3\Lib\site-packages\mpf\modes\game\config\game.yaml
2024-12-14 17:04:05,593 : ConfigProcessor : Config file cache created: C:\Users\student\AppData\Local\Temp\511dcc6b491b0fa2d7aa9abdf6497e9c.mpf_cache
2024-12-14 17:04:05,594 : ConfigProcessor : Loading config from file C:\Users\student\pinball\cobraPinTest1\modes\base\config\base.yaml.
2024-12-14 17:04:05,594 : ConfigProcessor : Loading config: C:\Users\student\pinball\cobraPinTest1\modes\base\config\base.yaml
2024-12-14 17:04:05,595 : ConfigProcessor : Config file cache created: C:\Users\student\AppData\Local\Temp\4675a535c8328a9c278c807d999ed109.mpf_cache
2024-12-14 17:04:05,595 : ConfigProcessor : Loading config from file C:\Users\student\pinball\cobraPinTest1\modes\reentry\config\reentry.yaml.
2024-12-14 17:04:05,598 : ConfigProcessor : Loading config: C:\Users\student\pinball\cobraPinTest1\modes\reentry\config\reentry.yaml
2024-12-14 17:04:05,598 : ConfigProcessor : Config file cache created: C:\Users\student\AppData\Local\Temp\0c8438cab3480347c0c749fa494946a2.mpf_cache
2024-12-14 17:04:05,599 : ConfigProcessor : Loading config from file C:\Users\student\pinball\cobraPinTest1\modes\lowerlanes\config\lowerlanes.yaml.
2024-12-14 17:04:05,600 : ConfigProcessor : Loading config: C:\Users\student\pinball\cobraPinTest1\modes\lowerlanes\config\lowerlanes.yaml
2024-12-14 17:04:05,600 : ConfigProcessor : Config file cache created: C:\Users\student\AppData\Local\Temp\5052615755bdf1309b248cf8695ad4ff.mpf_cache
2024-12-14 17:04:05,601 : mpfmc : Mission Pinball Framework Media Controller (MPF-MC) v0.57.1. Requires MPF v0.57.0 or newer.
2024-12-14 17:04:05,601 : mpfmc : Found MPF v0.57.3
2024-12-14 17:04:05,601 : mpfmc : Machine path: C:\Users\student\pinball\cobraPinTest1
2024-12-14 17:04:05,601 : mpfmc : Starting clock at 60.0Hz
2024-12-14 17:04:05,616 : kivy : Text: Provider: sdl2
2024-12-14 17:04:05,653 : kivy : Window: Provider: sdl2
2024-12-14 17:04:06,037 : kivy : GL: Using the "OpenGL" graphics system
2024-12-14 17:04:06,039 : kivy : GL: GLEW initialization succeeded
2024-12-14 17:04:06,039 : kivy : GL: Backend used <glew>
2024-12-14 17:04:06,041 : kivy : GL: OpenGL version <b'4.6.13543 Compatibility Profile Context 25.20.15006.9'>
2024-12-14 17:04:06,041 : kivy : GL: OpenGL vendor <b'ATI Technologies Inc.'>
2024-12-14 17:04:06,041 : kivy : GL: OpenGL renderer <b'Radeon RX Vega M GL Graphics'>
2024-12-14 17:04:06,041 : kivy : GL: OpenGL parsed version: 4, 6
2024-12-14 17:04:06,041 : kivy : GL: Shading version <b'4.60'>
2024-12-14 17:04:06,041 : kivy : GL: Texture max size <16384>
2024-12-14 17:04:06,042 : kivy : GL: Texture max units <32>
2024-12-14 17:04:06,057 : kivy : Window: auto add sdl2 input provider
2024-12-14 17:04:06,057 : kivy : Window: virtual keyboard not allowed, single mode, not docked
2024-12-14 17:04:06,421 : AudioInterface : Initialized
2024-12-14 17:04:06,422 : AudioInterface : Loaded SDL 2.26.4
2024-12-14 17:04:06,422 : AudioInterface : Loaded SDL_Mixer 2.6.3
2024-12-14 17:04:06,422 : AudioInterface : Loaded GStreamer 1.18.5.0
2024-12-14 17:04:06,422 : AudioInterface : Loaded GLib 2.62.6
2024-12-14 17:04:06,422 : AudioInterface : Settings requested - rate: 44100, channels: 1, buffer: 2048 samples
2024-12-14 17:04:06,422 : AudioInterface : Settings in use - rate: 44100, channels: 1, buffer: 2048 samples (4096 bytes @ 2 bytes per sample)
2024-12-14 17:04:06,422 : SoundSystem : Setting master volume to 0.0
2024-12-14 17:04:06,422 : AudioInterface : Enabling audio playback
2024-12-14 17:04:06,425 : kivy : Base: Start application main loop
2024-12-14 17:04:06,425 : EventManager : Event: ======'display_window_initialized'====== Args={}
2024-12-14 17:04:06,442 : mpfmc : Display: Setting 'window' as default display
2024-12-14 17:04:06,448 : EventManager : Event: ======'displays_initialized'====== Args={}
2024-12-14 17:04:06,449 : EventManager : Event: ======'slide_window_blank_created'====== Args={}
2024-12-14 17:04:06,449 : EventManager : Event: ======'display_window_ready'====== Args={}
2024-12-14 17:04:06,459 : EventManager : Event: ======'init_phase_1'====== Args={}
2024-12-14 17:04:06,462 : EventManager : Event: ======'mc_ready'====== Args={}
2024-12-14 17:04:06,462 : EventManager : Event: ======'init_phase_2'====== Args={}
2024-12-14 17:04:06,464 : EventManager : Event: ======'init_phase_3'====== Args={}
2024-12-14 17:04:06,466 : EventManager : Event: ======'init_phase_4'====== Args={}
2024-12-14 17:04:06,466 : EventManager : Event: ======'init_phase_5'====== Args={}
2024-12-14 17:04:06,466 : EventManager : Event: ======'init_done'====== Args={}
2024-12-14 17:04:06,466 : MPF-MC BCP Server : Starting up on localhost port 5050
2024-12-14 17:04:06,471 : MPF-MC BCP Server : Waiting for a connection...
2024-12-14 17:04:06,474 : kivy : GL: NPOT texture support is available
2024-12-14 17:04:06,475 : EventManager : Event: ======'slide_welcome_slide_created'====== Args={}
2024-12-14 17:04:06,476 : EventManager : Event: ======'slide_welcome_slide_active'====== Args={}
2024-12-14 17:04:06,487 : EventManager : Event: ======'client_disconnected'====== Args={'host': '127.0.0.1', 'port': 5050}
2024-12-14 17:04:07,815 : MPF-MC BCP Server : Received connection from: 127.0.0.1:49545
2024-12-14 17:04:07,821 : EventManager : Event: ======'client_connected'====== Args={'host': '127.0.0.1', 'port': 49545}
2024-12-14 17:04:08,052 : EventManager : Event: ======'machine_var_credits_string'====== Args={'value': 'FREE PLAY', 'prev_value': None, 'change': True}
2024-12-14 17:04:08,052 : EventManager : Event: ======'machine_var_master_volume'====== Args={'value': 0.5, 'prev_value': None, 'change': True}
2024-12-14 17:04:08,052 : EventManager : Event: ======'machine_var_player1_score'====== Args={'value': 1500, 'prev_value': None, 'change': True}
2024-12-14 17:04:08,052 : EventManager : Event: ======'machine_var_mpf_version'====== Args={'value': 'Mission Pinball Framework v0.57.3', 'prev_value': None, 'change': True}
2024-12-14 17:04:08,052 : EventManager : Event: ======'machine_var_mpf_extended_version'====== Args={'value': 'Mission Pinball Framework v0.57.3, Config version:6, Show version: 6, BCP version:1.1', 'prev_value': None, 'change': True}
2024-12-14 17:04:08,052 : EventManager : Event: ======'machine_var_python_version'====== Args={'value': '3.11.8', 'prev_value': None, 'change': True}
2024-12-14 17:04:08,052 : EventManager : Event: ======'machine_var_platform'====== Args={'value': 'Windows-10-10.0.19045-SP0', 'prev_value': None, 'change': True}
2024-12-14 17:04:08,052 : EventManager : Event: ======'machine_var_platform_system'====== Args={'value': 'Windows', 'prev_value': None, 'change': True}
2024-12-14 17:04:08,052 : EventManager : Event: ======'machine_var_platform_release'====== Args={'value': '10', 'prev_value': None, 'change': True}
2024-12-14 17:04:08,052 : EventManager : Event: ======'machine_var_platform_version'====== Args={'value': '10.0.19045', 'prev_value': None, 'change': True}
2024-12-14 17:04:08,052 : EventManager : Event: ======'machine_var_platform_machine'====== Args={'value': 'AMD64', 'prev_value': None, 'change': True}
2024-12-14 17:04:08,052 : EventManager : Event: ======'machine_var_mc_version'====== Args={'value': 'MPF-MC v0.57.1', 'prev_value': None, 'change': True}
2024-12-14 17:04:08,052 : EventManager : Event: ======'machine_var_mc_extended_version'====== Args={'value': 'MPF-MC v0.57.1 (config_version=6, BCP v1.1,                      Requires MPF API compatibility v0.57.0 or newer)', 'prev_value': None, 'change': True}
2024-12-14 17:04:08,052 : EventManager : Event: ======'machine_var_credits_string'====== Args={'value': 'FREE PLAY', 'prev_value': None, 'change': True}
2024-12-14 17:04:08,052 : EventManager : Event: ======'machine_var_master_volume'====== Args={'value': 0.5, 'prev_value': None, 'change': True}
2024-12-14 17:04:08,053 : EventManager : Event: ======'machine_var_player1_score'====== Args={'value': 1500, 'prev_value': None, 'change': True}
2024-12-14 17:04:08,053 : EventManager : Event: ======'machine_var_mpf_version'====== Args={'value': 'Mission Pinball Framework v0.57.3', 'prev_value': None, 'change': True}
2024-12-14 17:04:08,053 : EventManager : Event: ======'machine_var_mpf_extended_version'====== Args={'value': 'Mission Pinball Framework v0.57.3, Config version:6, Show version: 6, BCP version:1.1', 'prev_value': None, 'change': True}
2024-12-14 17:04:08,053 : EventManager : Event: ======'machine_var_python_version'====== Args={'value': '3.11.8', 'prev_value': None, 'change': True}
2024-12-14 17:04:08,053 : EventManager : Event: ======'machine_var_platform'====== Args={'value': 'Windows-10-10.0.19045-SP0', 'prev_value': None, 'change': True}
2024-12-14 17:04:08,053 : EventManager : Event: ======'machine_var_platform_system'====== Args={'value': 'Windows', 'prev_value': None, 'change': True}
2024-12-14 17:04:08,053 : EventManager : Event: ======'machine_var_platform_release'====== Args={'value': '10', 'prev_value': None, 'change': True}
2024-12-14 17:04:08,053 : EventManager : Event: ======'machine_var_platform_version'====== Args={'value': '10.0.19045', 'prev_value': None, 'change': True}
2024-12-14 17:04:08,053 : EventManager : Event: ======'machine_var_platform_machine'====== Args={'value': 'AMD64', 'prev_value': None, 'change': True}
2024-12-14 17:04:08,053 : EventManager : Event: ======'machine_var_mc_version'====== Args={'value': 'MPF-MC v0.57.1', 'prev_value': None, 'change': True}
2024-12-14 17:04:08,053 : EventManager : Event: ======'machine_var_mc_extended_version'====== Args={'value': 'MPF-MC v0.57.1 (config_version=6, BCP v1.1,                      Requires MPF API compatibility v0.57.0 or newer)', 'prev_value': None, 'change': True}
2024-12-14 17:04:08,053 : EventManager : Event: ======'machine_var_credits_string'====== Args={'value': 'FREE PLAY', 'prev_value': None, 'change': True}
2024-12-14 17:04:08,053 : EventManager : Event: ======'machine_var_master_volume'====== Args={'value': 0.5, 'prev_value': None, 'change': True}
2024-12-14 17:04:08,053 : EventManager : Event: ======'machine_var_player1_score'====== Args={'value': 1500, 'prev_value': None, 'change': True}
2024-12-14 17:04:08,053 : EventManager : Event: ======'machine_var_mpf_version'====== Args={'value': 'Mission Pinball Framework v0.57.3', 'prev_value': None, 'change': True}
2024-12-14 17:04:08,053 : EventManager : Event: ======'machine_var_mpf_extended_version'====== Args={'value': 'Mission Pinball Framework v0.57.3, Config version:6, Show version: 6, BCP version:1.1', 'prev_value': None, 'change': True}
2024-12-14 17:04:08,053 : EventManager : Event: ======'machine_var_python_version'====== Args={'value': '3.11.8', 'prev_value': None, 'change': True}
2024-12-14 17:04:08,053 : EventManager : Event: ======'machine_var_platform'====== Args={'value': 'Windows-10-10.0.19045-SP0', 'prev_value': None, 'change': True}
2024-12-14 17:04:08,054 : EventManager : Event: ======'machine_var_platform_system'====== Args={'value': 'Windows', 'prev_value': None, 'change': True}
2024-12-14 17:04:08,054 : EventManager : Event: ======'machine_var_platform_release'====== Args={'value': '10', 'prev_value': None, 'change': True}
2024-12-14 17:04:08,054 : EventManager : Event: ======'machine_var_platform_version'====== Args={'value': '10.0.19045', 'prev_value': None, 'change': True}
2024-12-14 17:04:08,054 : EventManager : Event: ======'machine_var_platform_machine'====== Args={'value': 'AMD64', 'prev_value': None, 'change': True}
2024-12-14 17:04:08,054 : EventManager : Event: ======'machine_var_mc_version'====== Args={'value': 'MPF-MC v0.57.1', 'prev_value': None, 'change': True}
2024-12-14 17:04:08,054 : EventManager : Event: ======'machine_var_mc_extended_version'====== Args={'value': 'MPF-MC v0.57.1 (config_version=6, BCP v1.1,                      Requires MPF API compatibility v0.57.0 or newer)', 'prev_value': None, 'change': True}
2024-12-14 17:04:08,054 : EventManager : Event: ======'machine_var_credits_string'====== Args={'value': 'FREE PLAY', 'prev_value': None, 'change': True}
2024-12-14 17:04:08,054 : EventManager : Event: ======'machine_var_master_volume'====== Args={'value': 0.5, 'prev_value': None, 'change': True}
2024-12-14 17:04:08,054 : EventManager : Event: ======'machine_var_player1_score'====== Args={'value': 1500, 'prev_value': None, 'change': True}
2024-12-14 17:04:08,054 : EventManager : Event: ======'machine_var_mpf_version'====== Args={'value': 'Mission Pinball Framework v0.57.3', 'prev_value': None, 'change': True}
2024-12-14 17:04:08,054 : EventManager : Event: ======'machine_var_mpf_extended_version'====== Args={'value': 'Mission Pinball Framework v0.57.3, Config version:6, Show version: 6, BCP version:1.1', 'prev_value': None, 'change': True}
2024-12-14 17:04:08,054 : EventManager : Event: ======'machine_var_python_version'====== Args={'value': '3.11.8', 'prev_value': None, 'change': True}
2024-12-14 17:04:08,055 : EventManager : Event: ======'machine_var_platform'====== Args={'value': 'Windows-10-10.0.19045-SP0', 'prev_value': None, 'change': True}
2024-12-14 17:04:08,055 : EventManager : Event: ======'machine_var_platform_system'====== Args={'value': 'Windows', 'prev_value': None, 'change': True}
2024-12-14 17:04:08,055 : EventManager : Event: ======'machine_var_platform_release'====== Args={'value': '10', 'prev_value': None, 'change': True}
2024-12-14 17:04:08,055 : EventManager : Event: ======'machine_var_platform_version'====== Args={'value': '10.0.19045', 'prev_value': None, 'change': True}
2024-12-14 17:04:08,055 : EventManager : Event: ======'machine_var_platform_machine'====== Args={'value': 'AMD64', 'prev_value': None, 'change': True}
2024-12-14 17:04:08,055 : EventManager : Event: ======'machine_var_mc_version'====== Args={'value': 'MPF-MC v0.57.1', 'prev_value': None, 'change': True}
2024-12-14 17:04:08,055 : EventManager : Event: ======'machine_var_mc_extended_version'====== Args={'value': 'MPF-MC v0.57.1 (config_version=6, BCP v1.1,                      Requires MPF API compatibility v0.57.0 or newer)', 'prev_value': None, 'change': True}
2024-12-14 17:04:08,055 : SoundSystem : Setting master volume to 0.5
2024-12-14 17:04:08,055 : SoundSystem : Setting master volume to 0.5
2024-12-14 17:04:08,056 : SoundSystem : Setting master volume to 0.5
2024-12-14 17:04:08,056 : SoundSystem : Setting master volume to 0.5
2024-12-14 17:04:08,117 : EventManager : Event: ======'machine_var_audits_events_game_ended'====== Args={'value': 0, 'prev_value': None, 'change': True}
2024-12-14 17:04:08,130 : EventManager : Event: ======'machine_var_audits_events_game_started'====== Args={'value': 6, 'prev_value': None, 'change': True}
2024-12-14 17:04:08,130 : EventManager : Event: ======'machine_var_audits_missing_switches_s_left_out_lane'====== Args={'value': 5, 'prev_value': None, 'change': True}
2024-12-14 17:04:08,130 : EventManager : Event: ======'machine_var_audits_missing_switches_s_plunger'====== Args={'value': 4, 'prev_value': None, 'change': True}
2024-12-14 17:04:08,130 : EventManager : Event: ======'machine_var_audits_missing_switches_s_spacewarp_rollover'====== Args={'value': 1, 'prev_value': None, 'change': True}
2024-12-14 17:04:08,130 : EventManager : Event: ======'machine_var_audits_missing_switches_s_start'====== Args={'value': 5, 'prev_value': None, 'change': True}
2024-12-14 17:04:08,131 : EventManager : Event: ======'machine_var_audits_missing_switches_s_trough1'====== Args={'value': 5, 'prev_value': None, 'change': True}
2024-12-14 17:04:08,131 : EventManager : Event: ======'machine_var_audits_player_score'====== Args={'value': {'average': 1800.0, 'top': [2000, 1900, 1500], 'total': 3}, 'prev_value': None, 'change': True}
2024-12-14 17:04:08,131 : EventManager : Event: ======'machine_var_audits_shots_bonusLane_shot'====== Args={'value': 15, 'prev_value': None, 'change': True}
2024-12-14 17:04:08,131 : EventManager : Event: ======'machine_var_audits_shots_medalL_shot'====== Args={'value': 174, 'prev_value': None, 'change': True}
2024-12-14 17:04:08,131 : EventManager : Event: ======'machine_var_audits_shots_medalM_shot'====== Args={'value': 166, 'prev_value': None, 'change': True}
2024-12-14 17:04:08,131 : EventManager : Event: ======'machine_var_audits_shots_medalR_shot'====== Args={'value': 165, 'prev_value': None, 'change': True}
2024-12-14 17:04:08,131 : EventManager : Event: ======'machine_var_audits_shots_my_first_shot'====== Args={'value': 119, 'prev_value': None, 'change': True}
2024-12-14 17:04:08,131 : EventManager : Event: ======'machine_var_audits_shots_my_first_shot_mode2'====== Args={'value': 72, 'prev_value': None, 'change': True}
2024-12-14 17:04:08,131 : EventManager : Event: ======'machine_var_audits_shots_outLaneL_shot'====== Args={'value': 8, 'prev_value': None, 'change': True}
2024-12-14 17:04:08,131 : EventManager : Event: ======'machine_var_audits_shots_outLaneR_shot'====== Args={'value': 26, 'prev_value': None, 'change': True}
2024-12-14 17:04:08,131 : EventManager : Event: ======'machine_var_audits_shots_reentryL_shot'====== Args={'value': 482, 'prev_value': None, 'change': True}
2024-12-14 17:04:08,131 : EventManager : Event: ======'machine_var_audits_shots_reentryM_shot'====== Args={'value': 441, 'prev_value': None, 'change': True}
2024-12-14 17:04:08,131 : EventManager : Event: ======'machine_var_audits_shots_reentryR_shot'====== Args={'value': 428, 'prev_value': None, 'change': True}
2024-12-14 17:04:08,131 : EventManager : Event: ======'machine_var_audits_shots_reentry_shot'====== Args={'value': 9, 'prev_value': None, 'change': True}
2024-12-14 17:04:08,132 : EventManager : Event: ======'machine_var_audits_shots_returnLaneL_shot'====== Args={'value': 138, 'prev_value': None, 'change': True}
2024-12-14 17:04:08,132 : EventManager : Event: ======'machine_var_audits_shots_returnLaneR_shot'====== Args={'value': 67, 'prev_value': None, 'change': True}
2024-12-14 17:04:08,132 : EventManager : Event: ======'machine_var_audits_shots_spacewarp_rollover_shot'====== Args={'value': 36, 'prev_value': None, 'change': True}
2024-12-14 17:04:08,132 : EventManager : Event: ======'machine_var_audits_shots_top_lane_A'====== Args={'value': 12, 'prev_value': None, 'change': True}
2024-12-14 17:04:08,132 : EventManager : Event: ======'machine_var_audits_shots_top_lane_J'====== Args={'value': 12, 'prev_value': None, 'change': True}
2024-12-14 17:04:08,132 : EventManager : Event: ======'machine_var_audits_shots_top_lane_M'====== Args={'value': 9, 'prev_value': None, 'change': True}
2024-12-14 17:04:08,132 : EventManager : Event: ======'machine_var_audits_switches_s_blackhole_kicker'====== Args={'value': 0, 'prev_value': None, 'change': True}
2024-12-14 17:04:08,132 : EventManager : Event: ======'machine_var_audits_switches_s_bonus_lane'====== Args={'value': 28, 'prev_value': None, 'change': True}
2024-12-14 17:04:08,132 : EventManager : Event: ======'machine_var_audits_switches_s_booster_drop_target_1'====== Args={'value': 0, 'prev_value': None, 'change': True}
2024-12-14 17:04:08,132 : EventManager : Event: ======'machine_var_audits_switches_s_booster_drop_target_2'====== Args={'value': 0, 'prev_value': None, 'change': True}
2024-12-14 17:04:08,132 : EventManager : Event: ======'machine_var_audits_switches_s_booster_drop_target_3'====== Args={'value': 0, 'prev_value': None, 'change': True}
2024-12-14 17:04:08,132 : EventManager : Event: ======'machine_var_audits_switches_s_comet_spot_1'====== Args={'value': 0, 'prev_value': None, 'change': True}
2024-12-14 17:04:08,132 : EventManager : Event: ======'machine_var_audits_switches_s_comet_spot_2'====== Args={'value': 0, 'prev_value': None, 'change': True}
2024-12-14 17:04:08,132 : EventManager : Event: ======'machine_var_audits_switches_s_comet_spot_3'====== Args={'value': 0, 'prev_value': None, 'change': True}
2024-12-14 17:04:08,132 : EventManager : Event: ======'machine_var_audits_switches_s_engine_bumper_1'====== Args={'value': 0, 'prev_value': None, 'change': True}
2024-12-14 17:04:08,132 : EventManager : Event: ======'machine_var_audits_switches_s_engine_bumper_2'====== Args={'value': 0, 'prev_value': None, 'change': True}
2024-12-14 17:04:08,132 : EventManager : Event: ======'machine_var_audits_switches_s_engine_bumper_3'====== Args={'value': 0, 'prev_value': None, 'change': True}
2024-12-14 17:04:08,132 : EventManager : Event: ======'machine_var_audits_switches_s_fuel_chute_1'====== Args={'value': 0, 'prev_value': None, 'change': True}
2024-12-14 17:04:08,132 : EventManager : Event: ======'machine_var_audits_switches_s_fuel_chute_2'====== Args={'value': 0, 'prev_value': None, 'change': True}
2024-12-14 17:04:08,133 : EventManager : Event: ======'machine_var_audits_switches_s_fuel_chute_3'====== Args={'value': 0, 'prev_value': None, 'change': True}
2024-12-14 17:04:08,133 : EventManager : Event: ======'machine_var_audits_switches_s_fuel_chute_4'====== Args={'value': 0, 'prev_value': None, 'change': True}
2024-12-14 17:04:08,133 : EventManager : Event: ======'machine_var_audits_switches_s_fuel_chute_5'====== Args={'value': 0, 'prev_value': None, 'change': True}
2024-12-14 17:04:08,133 : EventManager : Event: ======'machine_var_audits_switches_s_fuel_chute_6'====== Args={'value': 0, 'prev_value': None, 'change': True}
2024-12-14 17:04:08,133 : EventManager : Event: ======'machine_var_audits_switches_s_fuel_flag'====== Args={'value': 0, 'prev_value': None, 'change': True}
2024-12-14 17:04:08,133 : EventManager : Event: ======'machine_var_audits_switches_s_fuel_spot_1'====== Args={'value': 0, 'prev_value': None, 'change': True}
2024-12-14 17:04:08,133 : EventManager : Event: ======'machine_var_audits_switches_s_fuel_spot_2'====== Args={'value': 0, 'prev_value': None, 'change': True}
2024-12-14 17:04:08,133 : EventManager : Event: ======'machine_var_audits_switches_s_fuel_spot_3'====== Args={'value': 0, 'prev_value': None, 'change': True}
2024-12-14 17:04:08,133 : EventManager : Event: ======'machine_var_audits_switches_s_green_wormhole'====== Args={'value': 0, 'prev_value': None, 'change': True}
2024-12-14 17:04:08,133 : EventManager : Event: ======'machine_var_audits_switches_s_hyperspace_flag'====== Args={'value': 0, 'prev_value': None, 'change': True}
2024-12-14 17:04:08,133 : EventManager : Event: ======'machine_var_audits_switches_s_hyperspacekicker'====== Args={'value': 0, 'prev_value': None, 'change': True}
2024-12-14 17:04:08,133 : EventManager : Event: ======'machine_var_audits_switches_s_launch_lane_1'====== Args={'value': 0, 'prev_value': None, 'change': True}
2024-12-14 17:04:08,133 : EventManager : Event: ======'machine_var_audits_switches_s_launch_lane_2'====== Args={'value': 0, 'prev_value': None, 'change': True}
2024-12-14 17:04:08,133 : EventManager : Event: ======'machine_var_audits_switches_s_launch_lane_3'====== Args={'value': 0, 'prev_value': None, 'change': True}
2024-12-14 17:04:08,133 : EventManager : Event: ======'machine_var_audits_switches_s_launch_ramp'====== Args={'value': 0, 'prev_value': None, 'change': True}
2024-12-14 17:04:08,133 : EventManager : Event: ======'machine_var_audits_switches_s_left_attack_bumper'====== Args={'value': 0, 'prev_value': None, 'change': True}
2024-12-14 17:04:08,133 : EventManager : Event: ======'machine_var_audits_switches_s_left_flipper'====== Args={'value': 1100, 'prev_value': None, 'change': True}
2024-12-14 17:04:08,133 : EventManager : Event: ======'machine_var_audits_switches_s_left_out_lane'====== Args={'value': 12, 'prev_value': None, 'change': True}
2024-12-14 17:04:08,134 : EventManager : Event: ======'machine_var_audits_switches_s_left_out_lane_kicker'====== Args={'value': 0, 'prev_value': None, 'change': True}
2024-12-14 17:04:08,134 : EventManager : Event: ======'machine_var_audits_switches_s_left_return_lane'====== Args={'value': 145, 'prev_value': None, 'change': True}
2024-12-14 17:04:08,134 : EventManager : Event: ======'machine_var_audits_switches_s_lower_attack_bumper'====== Args={'value': 0, 'prev_value': None, 'change': True}
2024-12-14 17:04:08,134 : EventManager : Event: ======'machine_var_audits_switches_s_lower_left_rebound'====== Args={'value': 0, 'prev_value': None, 'change': True}
2024-12-14 17:04:08,134 : EventManager : Event: ======'machine_var_audits_switches_s_lower_left_slingshot'====== Args={'value': 56, 'prev_value': None, 'change': True}
2024-12-14 17:04:08,134 : EventManager : Event: ======'machine_var_audits_switches_s_lower_right_rebound'====== Args={'value': 0, 'prev_value': None, 'change': True}
2024-12-14 17:04:08,134 : EventManager : Event: ======'machine_var_audits_switches_s_lower_right_slingshot'====== Args={'value': 57, 'prev_value': None, 'change': True}
2024-12-14 17:04:08,134 : EventManager : Event: ======'machine_var_audits_switches_s_medal_drop_left'====== Args={'value': 188, 'prev_value': None, 'change': True}
2024-12-14 17:04:08,134 : EventManager : Event: ======'machine_var_audits_switches_s_medal_drop_middle'====== Args={'value': 180, 'prev_value': None, 'change': True}
2024-12-14 17:04:08,134 : EventManager : Event: ======'machine_var_audits_switches_s_medal_drop_right'====== Args={'value': 179, 'prev_value': None, 'change': True}
2024-12-14 17:04:08,134 : EventManager : Event: ======'machine_var_audits_switches_s_mission_spot_1'====== Args={'value': 0, 'prev_value': None, 'change': True}
2024-12-14 17:04:08,134 : EventManager : Event: ======'machine_var_audits_switches_s_mission_spot_2'====== Args={'value': 2, 'prev_value': None, 'change': True}
2024-12-14 17:04:08,134 : EventManager : Event: ======'machine_var_audits_switches_s_mission_spot_3'====== Args={'value': 0, 'prev_value': None, 'change': True}
2024-12-14 17:04:08,134 : EventManager : Event: ======'machine_var_audits_switches_s_multiplier_left'====== Args={'value': 0, 'prev_value': None, 'change': True}
2024-12-14 17:04:08,134 : EventManager : Event: ======'machine_var_audits_switches_s_multiplier_middle'====== Args={'value': 0, 'prev_value': None, 'change': True}
2024-12-14 17:04:08,134 : EventManager : Event: ======'machine_var_audits_switches_s_multiplier_right'====== Args={'value': 0, 'prev_value': None, 'change': True}
2024-12-14 17:04:08,134 : EventManager : Event: ======'machine_var_audits_switches_s_plunger'====== Args={'value': 177, 'prev_value': None, 'change': True}
2024-12-14 17:04:08,134 : EventManager : Event: ======'machine_var_audits_switches_s_radiationspot_1'====== Args={'value': 0, 'prev_value': None, 'change': True}
2024-12-14 17:04:08,134 : EventManager : Event: ======'machine_var_audits_switches_s_radiationspot_2'====== Args={'value': 0, 'prev_value': None, 'change': True}
2024-12-14 17:04:08,135 : EventManager : Event: ======'machine_var_audits_switches_s_radiationspot_3'====== Args={'value': 0, 'prev_value': None, 'change': True}
2024-12-14 17:04:08,135 : EventManager : Event: ======'machine_var_audits_switches_s_red_wormhole'====== Args={'value': 0, 'prev_value': None, 'change': True}
2024-12-14 17:04:08,135 : EventManager : Event: ======'machine_var_audits_switches_s_reentry_left'====== Args={'value': 840, 'prev_value': None, 'change': True}
2024-12-14 17:04:08,135 : EventManager : Event: ======'machine_var_audits_switches_s_reentry_middle'====== Args={'value': 515, 'prev_value': None, 'change': True}
2024-12-14 17:04:08,135 : EventManager : Event: ======'machine_var_audits_switches_s_reentry_right'====== Args={'value': 487, 'prev_value': None, 'change': True}
2024-12-14 17:04:08,135 : EventManager : Event: ======'machine_var_audits_switches_s_right_flipper'====== Args={'value': 890, 'prev_value': None, 'change': True}
2024-12-14 17:04:08,135 : EventManager : Event: ======'machine_var_audits_switches_s_right_inlane'====== Args={'value': 0, 'prev_value': None, 'change': True}
2024-12-14 17:04:08,135 : EventManager : Event: ======'machine_var_audits_switches_s_right_out_lane'====== Args={'value': 52, 'prev_value': None, 'change': True}
2024-12-14 17:04:08,135 : EventManager : Event: ======'machine_var_audits_switches_s_right_out_lane_kicker'====== Args={'value': 0, 'prev_value': None, 'change': True}
2024-12-14 17:04:08,135 : EventManager : Event: ======'machine_var_audits_switches_s_right_return_lane'====== Args={'value': 79, 'prev_value': None, 'change': True}
2024-12-14 17:04:08,135 : EventManager : Event: ======'machine_var_audits_switches_s_satellite_bumper'====== Args={'value': 0, 'prev_value': None, 'change': True}
2024-12-14 17:04:08,135 : EventManager : Event: ======'machine_var_audits_switches_s_secondary_outlane_kicker'====== Args={'value': 0, 'prev_value': None, 'change': True}
2024-12-14 17:04:08,135 : EventManager : Event: ======'machine_var_audits_switches_s_skill_shot_1'====== Args={'value': 0, 'prev_value': None, 'change': True}
2024-12-14 17:04:08,135 : EventManager : Event: ======'machine_var_audits_switches_s_skill_shot_2'====== Args={'value': 0, 'prev_value': None, 'change': True}
2024-12-14 17:04:08,135 : EventManager : Event: ======'machine_var_audits_switches_s_skill_shot_3'====== Args={'value': 0, 'prev_value': None, 'change': True}
2024-12-14 17:04:08,135 : EventManager : Event: ======'machine_var_audits_switches_s_skill_shot_4'====== Args={'value': 0, 'prev_value': None, 'change': True}
2024-12-14 17:04:08,135 : EventManager : Event: ======'machine_var_audits_switches_s_skill_shot_5'====== Args={'value': 0, 'prev_value': None, 'change': True}
2024-12-14 17:04:08,135 : EventManager : Event: ======'machine_var_audits_switches_s_skill_shot_6'====== Args={'value': 0, 'prev_value': None, 'change': True}
2024-12-14 17:04:08,135 : EventManager : Event: ======'machine_var_audits_switches_s_skill_shot_lane'====== Args={'value': 0, 'prev_value': None, 'change': True}
2024-12-14 17:04:08,136 : EventManager : Event: ======'machine_var_audits_switches_s_spacewarp_rollover'====== Args={'value': 37, 'prev_value': None, 'change': True}
2024-12-14 17:04:08,136 : EventManager : Event: ======'machine_var_audits_switches_s_start'====== Args={'value': 7, 'prev_value': None, 'change': True}
2024-12-14 17:04:08,136 : EventManager : Event: ======'machine_var_audits_switches_s_trough1'====== Args={'value': 30, 'prev_value': None, 'change': True}
2024-12-14 17:04:08,136 : EventManager : Event: ======'machine_var_audits_switches_s_trough2'====== Args={'value': 0, 'prev_value': None, 'change': True}
2024-12-14 17:04:08,136 : EventManager : Event: ======'machine_var_audits_switches_s_trough3'====== Args={'value': 0, 'prev_value': None, 'change': True}
2024-12-14 17:04:08,136 : EventManager : Event: ======'machine_var_audits_switches_s_trough4'====== Args={'value': 0, 'prev_value': None, 'change': True}
2024-12-14 17:04:08,136 : EventManager : Event: ======'machine_var_audits_switches_s_trough5'====== Args={'value': 0, 'prev_value': None, 'change': True}
2024-12-14 17:04:08,136 : EventManager : Event: ======'machine_var_audits_switches_s_trough6'====== Args={'value': 0, 'prev_value': None, 'change': True}
2024-12-14 17:04:08,136 : EventManager : Event: ======'machine_var_audits_switches_s_trough_jam'====== Args={'value': 0, 'prev_value': None, 'change': True}
2024-12-14 17:04:08,136 : EventManager : Event: ======'machine_var_audits_switches_s_upper_attack_bumper'====== Args={'value': 0, 'prev_value': None, 'change': True}
2024-12-14 17:04:08,136 : EventManager : Event: ======'machine_var_audits_switches_s_upper_left_rebound'====== Args={'value': 0, 'prev_value': None, 'change': True}
2024-12-14 17:04:08,136 : EventManager : Event: ======'machine_var_audits_switches_s_upper_right_rebound'====== Args={'value': 0, 'prev_value': None, 'change': True}
2024-12-14 17:04:08,136 : EventManager : Event: ======'machine_var_audits_switches_s_wormhole_target'====== Args={'value': 0, 'prev_value': None, 'change': True}
2024-12-14 17:04:08,136 : EventManager : Event: ======'machine_var_audits_switches_s_yellow_wormhole'====== Args={'value': 0, 'prev_value': None, 'change': True}
2024-12-14 17:04:08,175 : EventManager : Event: ======'slides_play'====== Args={'settings': {'welcome_slide': {'target': None, 'background_color': [0.0, 0.0, 0.0, 1.0], 'priority': None, 'show': True, 'force': False, 'expire': None, 'slide': None, 'tokens': {}, 'action': 'play'}}, 'context': '_global', 'calling_context': 'init_done', 'priority': 0}
2024-12-14 17:04:08,175 : EventManager : Event: ======'slide_welcome_slide_removed'====== Args={}
2024-12-14 17:04:08,177 : EventManager : Event: ======'slide_welcome_slide_created'====== Args={}
2024-12-14 17:04:08,177 : EventManager : Event: ======'slide_welcome_slide_active'====== Args={}
2024-12-14 17:04:08,188 : EventManager : Event: ======'mc_reset_phase_1'====== Args={}
2024-12-14 17:04:08,188 : EventManager : Event: ======'mc_reset_phase_2'====== Args={}
2024-12-14 17:04:08,188 : EventManager : Event: ======'mc_reset_phase_3'====== Args={}
2024-12-14 17:04:08,188 : EventManager : Event: ======'mc_reset_complete'====== Args={}
2024-12-14 17:04:08,201 : EventManager : Event: ======'slides_play'====== Args={'settings': {'awesome_slide': {'widgets': [{'type': 'text', 'text': 'YOU ARE AWESOME', 'font_size': 50, '_default_settings': ['type', 'text', 'font_size'], 'x': None, 'y': None, 'anchor_x': 'center', 'anchor_y': 'center', 'round_anchor_x': None, 'round_anchor_y': None, 'opacity': 1.0, 'z': 0, 'reset_animations_events': {}, 'color': [1.0, 1.0, 1.0, 1.0], 'style': [], 'adjust_top': 0, 'adjust_bottom': 0, 'adjust_left': 0, 'adjust_right': 0, 'expire': None, 'key': None, 'widget': None, 'events_when_added': [], 'events_when_removed': [], 'bitmap_font': False, 'font_kerning': True, 'bold': False, 'italic': False, 'number_grouping': False, 'min_digits': 0, 'halign': 'center', 'valign': 'middle', 'rotation': 0, 'scale': 1.0, 'casing': None, 'outline_color': [1.0, 1.0, 1.0, 1.0], 'outline_width': 0, 'animations': None}], 'transition': {'type': 'push', 'duration': 1.0, 'direction': 'left', 'easing': 'out_quad'}, 'target': None, 'background_color': [0.0, 0.0, 0.0, 1.0], 'priority': None, 'show': True, 'force': False, 'expire': None, 'slide': None, 'tokens': {}, 'action': 'play'}}, 'context': 'show_2', 'calling_context': 0, 'priority': 10, 'show_tokens': {}, 'start_time': 167962.859}
2024-12-14 17:04:08,203 : EventManager : Event: ======'slide_awesome_slide_created'====== Args={}
2024-12-14 17:04:08,204 : EventManager : Event: ======'slide_awesome_slide_active'====== Args={}
2024-12-14 17:04:11,196 : EventManager : Event: ======'slides_play'====== Args={'settings': {'press_start': {'widgets': [{'type': 'Text', 'text': 'PRESS START', 'animations': {'pre_show_slide': [{'property': ['opacity'], 'value': ['0'], 'duration': 0.5, 'relative': False, 'timing': 'after_previous', 'repeat': False, 'easing': 'linear', 'step': 0.0}, {'property': ['opacity'], 'value': ['1'], 'duration': 0.5, 'repeat': False, 'relative': False, 'timing': 'after_previous', 'easing': 'linear', 'step': 0.0}]}, '_default_settings': ['type', 'text', 'animations'], 'x': None, 'y': None, 'anchor_x': 'center', 'anchor_y': 'center', 'round_anchor_x': None, 'round_anchor_y': None, 'opacity': 1.0, 'z': 0, 'reset_animations_events': {}, 'color': [1.0, 1.0, 1.0, 1.0], 'style': [], 'adjust_top': 0, 'adjust_bottom': 0, 'adjust_left': 0, 'adjust_right': 0, 'expire': None, 'key': None, 'widget': None, 'events_when_added': [], 'events_when_removed': [], 'font_size': 15, 'bitmap_font': False, 'font_kerning': True, 'bold': False, 'italic': False, 'number_grouping': False, 'min_digits': 0, 'halign': 'center', 'valign': 'middle', 'rotation': 0, 'scale': 1.0, 'casing': None, 'outline_color': [1.0, 1.0, 1.0, 1.0], 'outline_width': 0}, {'type': 'Text', 'text': 'FREE PLAY', 'color': [0.0, 0.5019607843137255, 0.0, 1], 'y': '10', 'anchor_y': 'bottom', '_default_settings': ['type', 'text', 'color', 'y', 'anchor_y'], 'x': None, 'anchor_x': 'center', 'round_anchor_x': None, 'round_anchor_y': None, 'opacity': 1.0, 'z': 0, 'reset_animations_events': {}, 'style': [], 'adjust_top': 0, 'adjust_bottom': 0, 'adjust_left': 0, 'adjust_right': 0, 'expire': None, 'key': None, 'widget': None, 'events_when_added': [], 'events_when_removed': [], 'font_size': 15, 'bitmap_font': False, 'font_kerning': True, 'bold': False, 'italic': False, 'number_grouping': False, 'min_digits': 0, 'halign': 'center', 'valign': 'middle', 'rotation': 0, 'scale': 1.0, 'casing': None, 'outline_color': [1.0, 1.0, 1.0, 1.0], 'outline_width': 0, 'animations': None}], 'transition': {'type': 'move_in', 'duration': 1.0, 'direction': 'right', 'easing': 'out_quad'}, 'target': None, 'background_color': [0.0, 0.0, 0.0, 1.0], 'priority': None, 'show': True, 'force': False, 'expire': None, 'slide': None, 'tokens': {}, 'action': 'play'}}, 'context': 'show_2', 'calling_context': 1, 'priority': 10, 'show_tokens': {}, 'start_time': 167965.859}
2024-12-14 17:04:11,200 : EventManager : Event: ======'slide_press_start_created'====== Args={}
2024-12-14 17:04:11,202 : EventManager : Event: ======'slide_press_start_active'====== Args={}
2024-12-14 17:04:14,189 : EventManager : Event: ======'slides_play'====== Args={'settings': {'mission_pinball': {'widgets': [{'type': 'Text', 'text': 'MISSION PINBALL', 'color': [1.0, 0.0, 0.0, 1], '_default_settings': ['type', 'text', 'color'], 'x': None, 'y': None, 'anchor_x': 'center', 'anchor_y': 'center', 'round_anchor_x': None, 'round_anchor_y': None, 'opacity': 1.0, 'z': 0, 'reset_animations_events': {}, 'style': [], 'adjust_top': 0, 'adjust_bottom': 0, 'adjust_left': 0, 'adjust_right': 0, 'expire': None, 'key': None, 'widget': None, 'events_when_added': [], 'events_when_removed': [], 'font_size': 15, 'bitmap_font': False, 'font_kerning': True, 'bold': False, 'italic': False, 'number_grouping': False, 'min_digits': 0, 'halign': 'center', 'valign': 'middle', 'rotation': 0, 'scale': 1.0, 'casing': None, 'outline_color': [1.0, 1.0, 1.0, 1.0], 'outline_width': 0, 'animations': None}], 'transition': {'type': 'move_in', 'duration': 1.0, 'direction': 'top', 'easing': 'out_quad'}, 'target': None, 'background_color': [0.0, 0.0, 0.0, 1.0], 'priority': None, 'show': True, 'force': False, 'expire': None, 'slide': None, 'tokens': {}, 'action': 'play'}}, 'context': 'show_2', 'calling_context': 2, 'priority': 10, 'show_tokens': {}, 'start_time': 167968.859}
2024-12-14 17:04:14,192 : EventManager : Event: ======'slide_mission_pinball_created'====== Args={}
2024-12-14 17:04:14,193 : EventManager : Event: ======'slide_mission_pinball_active'====== Args={}
2024-12-14 17:04:17,183 : EventManager : Event: ======'slides_play'====== Args={'settings': {'last_game_score_slide': {'widgets': [{'type': 'text', 'text': 'LAST GAME', 'font_size': 50, 'y': '60%', '_default_settings': ['type', 'text', 'font_size', 'y'], 'x': None, 'anchor_x': 'center', 'anchor_y': 'center', 'round_anchor_x': None, 'round_anchor_y': None, 'opacity': 1.0, 'z': 0, 'reset_animations_events': {}, 'color': [1.0, 1.0, 1.0, 1.0], 'style': [], 'adjust_top': 0, 'adjust_bottom': 0, 'adjust_left': 0, 'adjust_right': 0, 'expire': None, 'key': None, 'widget': None, 'events_when_added': [], 'events_when_removed': [], 'bitmap_font': False, 'font_kerning': True, 'bold': False, 'italic': False, 'number_grouping': False, 'min_digits': 0, 'halign': 'center', 'valign': 'middle', 'rotation': 0, 'scale': 1.0, 'casing': None, 'outline_color': [1.0, 1.0, 1.0, 1.0], 'outline_width': 0, 'animations': None}, {'type': 'text', 'text': '(machine|player1_score)', 'number_grouping': True, 'min_digits': 2, 'font_size': 50, 'y': '40%', '_default_settings': ['type', 'text', 'number_grouping', 'min_digits', 'font_size', 'y'], 'x': None, 'anchor_x': 'center', 'anchor_y': 'center', 'round_anchor_x': None, 'round_anchor_y': None, 'opacity': 1.0, 'z': 0, 'reset_animations_events': {}, 'color': [1.0, 1.0, 1.0, 1.0], 'style': [], 'adjust_top': 0, 'adjust_bottom': 0, 'adjust_left': 0, 'adjust_right': 0, 'expire': None, 'key': None, 'widget': None, 'events_when_added': [], 'events_when_removed': [], 'bitmap_font': False, 'font_kerning': True, 'bold': False, 'italic': False, 'halign': 'center', 'valign': 'middle', 'rotation': 0, 'scale': 1.0, 'casing': None, 'outline_color': [1.0, 1.0, 1.0, 1.0], 'outline_width': 0, 'animations': None}], 'target': None, 'background_color': [0.0, 0.0, 0.0, 1.0], 'priority': None, 'show': True, 'force': False, 'expire': None, 'slide': None, 'tokens': {}, 'action': 'play'}}, 'context': 'show_2', 'calling_context': 3, 'priority': 10, 'show_tokens': {}, 'start_time': 167971.859}
2024-12-14 17:04:17,186 : EventManager : Event: ======'slide_last_game_score_slide_created'====== Args={}
2024-12-14 17:04:17,186 : EventManager : Unordered handler for class <Text Widget text=1,500> on event machine_var_player1_score with priority 1. Handlers: [RegisteredHandler(callback=<bound method Text._machine_var_change of <Text Widget text=1,500>>, priority=1, kwargs={}, key=UUID('24b6d0a4-8b23-4923-99dd-1b3aa27a0e1b'), condition=None, blocking_facility=None), RegisteredHandler(callback=<bound method Text._machine_var_change of <Text Widget text=1,500>>, priority=1, kwargs={}, key=UUID('332bc74c-5bca-423e-99d3-bab02712f003'), condition=None, blocking_facility=None)]. The order of those handlers is not defined and they will be executed in random order. This might lead to race conditions and potential bugs.
2024-12-14 17:04:17,187 : EventManager : Event: ======'slide_last_game_score_slide_active'====== Args={}
2024-12-14 17:04:20,197 : EventManager : Event: ======'slides_play'====== Args={'settings': {'awesome_slide': {'widgets': [{'type': 'text', 'text': 'YOU ARE AWESOME', 'font_size': 50, '_default_settings': ['type', 'text', 'font_size'], 'x': None, 'y': None, 'anchor_x': 'center', 'anchor_y': 'center', 'round_anchor_x': None, 'round_anchor_y': None, 'opacity': 1.0, 'z': 0, 'reset_animations_events': {}, 'color': [1.0, 1.0, 1.0, 1.0], 'style': [], 'adjust_top': 0, 'adjust_bottom': 0, 'adjust_left': 0, 'adjust_right': 0, 'expire': None, 'key': None, 'widget': None, 'events_when_added': [], 'events_when_removed': [], 'bitmap_font': False, 'font_kerning': True, 'bold': False, 'italic': False, 'number_grouping': False, 'min_digits': 0, 'halign': 'center', 'valign': 'middle', 'rotation': 0, 'scale': 1.0, 'casing': None, 'outline_color': [1.0, 1.0, 1.0, 1.0], 'outline_width': 0, 'animations': None}], 'transition': {'type': 'push', 'duration': 1.0, 'direction': 'left', 'easing': 'out_quad'}, 'target': None, 'background_color': [0.0, 0.0, 0.0, 1.0], 'priority': None, 'show': True, 'force': False, 'expire': None, 'slide': None, 'tokens': {}, 'action': 'play'}}, 'context': 'show_2', 'calling_context': 0, 'priority': 10, 'show_tokens': {}, 'start_time': 167974.859}
2024-12-14 17:04:20,197 : EventManager : Event: ======'slide_awesome_slide_removed'====== Args={}
2024-12-14 17:04:20,200 : EventManager : Event: ======'slide_awesome_slide_created'====== Args={}
2024-12-14 17:04:20,200 : EventManager : Event: ======'slide_awesome_slide_active'====== Args={}
2024-12-14 17:04:23,182 : EventManager : Event: ======'slides_play'====== Args={'settings': {'press_start': {'widgets': [{'type': 'Text', 'text': 'PRESS START', 'animations': {'pre_show_slide': [{'property': ['opacity'], 'value': ['0'], 'duration': 0.5, 'relative': False, 'timing': 'after_previous', 'repeat': False, 'easing': 'linear', 'step': 0.0}, {'property': ['opacity'], 'value': ['1'], 'duration': 0.5, 'repeat': False, 'relative': False, 'timing': 'after_previous', 'easing': 'linear', 'step': 0.0}]}, '_default_settings': ['type', 'text', 'animations'], 'x': None, 'y': None, 'anchor_x': 'center', 'anchor_y': 'center', 'round_anchor_x': None, 'round_anchor_y': None, 'opacity': 1.0, 'z': 0, 'reset_animations_events': {}, 'color': [1.0, 1.0, 1.0, 1.0], 'style': [], 'adjust_top': 0, 'adjust_bottom': 0, 'adjust_left': 0, 'adjust_right': 0, 'expire': None, 'key': None, 'widget': None, 'events_when_added': [], 'events_when_removed': [], 'font_size': 15, 'bitmap_font': False, 'font_kerning': True, 'bold': False, 'italic': False, 'number_grouping': False, 'min_digits': 0, 'halign': 'center', 'valign': 'middle', 'rotation': 0, 'scale': 1.0, 'casing': None, 'outline_color': [1.0, 1.0, 1.0, 1.0], 'outline_width': 0}, {'type': 'Text', 'text': 'FREE PLAY', 'color': [0.0, 0.5019607843137255, 0.0, 1], 'y': '10', 'anchor_y': 'bottom', '_default_settings': ['type', 'text', 'color', 'y', 'anchor_y'], 'x': None, 'anchor_x': 'center', 'round_anchor_x': None, 'round_anchor_y': None, 'opacity': 1.0, 'z': 0, 'reset_animations_events': {}, 'style': [], 'adjust_top': 0, 'adjust_bottom': 0, 'adjust_left': 0, 'adjust_right': 0, 'expire': None, 'key': None, 'widget': None, 'events_when_added': [], 'events_when_removed': [], 'font_size': 15, 'bitmap_font': False, 'font_kerning': True, 'bold': False, 'italic': False, 'number_grouping': False, 'min_digits': 0, 'halign': 'center', 'valign': 'middle', 'rotation': 0, 'scale': 1.0, 'casing': None, 'outline_color': [1.0, 1.0, 1.0, 1.0], 'outline_width': 0, 'animations': None}], 'transition': {'type': 'move_in', 'duration': 1.0, 'direction': 'right', 'easing': 'out_quad'}, 'target': None, 'background_color': [0.0, 0.0, 0.0, 1.0], 'priority': None, 'show': True, 'force': False, 'expire': None, 'slide': None, 'tokens': {}, 'action': 'play'}}, 'context': 'show_2', 'calling_context': 1, 'priority': 10, 'show_tokens': {}, 'start_time': 167977.859}
2024-12-14 17:04:23,182 : EventManager : Event: ======'slide_press_start_removed'====== Args={}
2024-12-14 17:04:23,185 : EventManager : Event: ======'slide_press_start_created'====== Args={}
2024-12-14 17:04:23,185 : EventManager : Event: ======'slide_press_start_active'====== Args={}
2024-12-14 17:04:26,193 : EventManager : Event: ======'slides_play'====== Args={'settings': {'mission_pinball': {'widgets': [{'type': 'Text', 'text': 'MISSION PINBALL', 'color': [1.0, 0.0, 0.0, 1], '_default_settings': ['type', 'text', 'color'], 'x': None, 'y': None, 'anchor_x': 'center', 'anchor_y': 'center', 'round_anchor_x': None, 'round_anchor_y': None, 'opacity': 1.0, 'z': 0, 'reset_animations_events': {}, 'style': [], 'adjust_top': 0, 'adjust_bottom': 0, 'adjust_left': 0, 'adjust_right': 0, 'expire': None, 'key': None, 'widget': None, 'events_when_added': [], 'events_when_removed': [], 'font_size': 15, 'bitmap_font': False, 'font_kerning': True, 'bold': False, 'italic': False, 'number_grouping': False, 'min_digits': 0, 'halign': 'center', 'valign': 'middle', 'rotation': 0, 'scale': 1.0, 'casing': None, 'outline_color': [1.0, 1.0, 1.0, 1.0], 'outline_width': 0, 'animations': None}], 'transition': {'type': 'move_in', 'duration': 1.0, 'direction': 'top', 'easing': 'out_quad'}, 'target': None, 'background_color': [0.0, 0.0, 0.0, 1.0], 'priority': None, 'show': True, 'force': False, 'expire': None, 'slide': None, 'tokens': {}, 'action': 'play'}}, 'context': 'show_2', 'calling_context': 2, 'priority': 10, 'show_tokens': {}, 'start_time': 167980.859}
2024-12-14 17:04:26,193 : EventManager : Event: ======'slide_mission_pinball_removed'====== Args={}
2024-12-14 17:04:26,196 : EventManager : Event: ======'slide_mission_pinball_created'====== Args={}
2024-12-14 17:04:26,197 : EventManager : Event: ======'slide_mission_pinball_active'====== Args={}
2024-12-14 17:04:29,196 : EventManager : Event: ======'slides_play'====== Args={'settings': {'last_game_score_slide': {'widgets': [{'type': 'text', 'text': 'LAST GAME', 'font_size': 50, 'y': '60%', '_default_settings': ['type', 'text', 'font_size', 'y'], 'x': None, 'anchor_x': 'center', 'anchor_y': 'center', 'round_anchor_x': None, 'round_anchor_y': None, 'opacity': 1.0, 'z': 0, 'reset_animations_events': {}, 'color': [1.0, 1.0, 1.0, 1.0], 'style': [], 'adjust_top': 0, 'adjust_bottom': 0, 'adjust_left': 0, 'adjust_right': 0, 'expire': None, 'key': None, 'widget': None, 'events_when_added': [], 'events_when_removed': [], 'bitmap_font': False, 'font_kerning': True, 'bold': False, 'italic': False, 'number_grouping': False, 'min_digits': 0, 'halign': 'center', 'valign': 'middle', 'rotation': 0, 'scale': 1.0, 'casing': None, 'outline_color': [1.0, 1.0, 1.0, 1.0], 'outline_width': 0, 'animations': None}, {'type': 'text', 'text': '(machine|player1_score)', 'number_grouping': True, 'min_digits': 2, 'font_size': 50, 'y': '40%', '_default_settings': ['type', 'text', 'number_grouping', 'min_digits', 'font_size', 'y'], 'x': None, 'anchor_x': 'center', 'anchor_y': 'center', 'round_anchor_x': None, 'round_anchor_y': None, 'opacity': 1.0, 'z': 0, 'reset_animations_events': {}, 'color': [1.0, 1.0, 1.0, 1.0], 'style': [], 'adjust_top': 0, 'adjust_bottom': 0, 'adjust_left': 0, 'adjust_right': 0, 'expire': None, 'key': None, 'widget': None, 'events_when_added': [], 'events_when_removed': [], 'bitmap_font': False, 'font_kerning': True, 'bold': False, 'italic': False, 'halign': 'center', 'valign': 'middle', 'rotation': 0, 'scale': 1.0, 'casing': None, 'outline_color': [1.0, 1.0, 1.0, 1.0], 'outline_width': 0, 'animations': None}], 'target': None, 'background_color': [0.0, 0.0, 0.0, 1.0], 'priority': None, 'show': True, 'force': False, 'expire': None, 'slide': None, 'tokens': {}, 'action': 'play'}}, 'context': 'show_2', 'calling_context': 3, 'priority': 10, 'show_tokens': {}, 'start_time': 167983.859}
2024-12-14 17:04:29,196 : EventManager : Event: ======'slide_last_game_score_slide_removed'====== Args={}
2024-12-14 17:04:29,198 : EventManager : Event: ======'slide_last_game_score_slide_created'====== Args={}
2024-12-14 17:04:29,198 : EventManager : Unordered handler for class <Text Widget text=1,500> on event machine_var_player1_score with priority 1. Handlers: [RegisteredHandler(callback=<bound method Text._machine_var_change of <Text Widget text=1,500>>, priority=1, kwargs={}, key=UUID('190afe4e-97d4-4d3a-92ca-efd4fbc47d28'), condition=None, blocking_facility=None), RegisteredHandler(callback=<bound method Text._machine_var_change of <Text Widget text=1,500>>, priority=1, kwargs={}, key=UUID('f0376600-4488-42ce-a226-8d414bf6d406'), condition=None, blocking_facility=None)]. The order of those handlers is not defined and they will be executed in random order. This might lead to race conditions and potential bugs.
2024-12-14 17:04:29,199 : EventManager : Event: ======'slide_last_game_score_slide_active'====== Args={}
2024-12-14 17:04:32,192 : EventManager : Event: ======'slides_play'====== Args={'settings': {'awesome_slide': {'widgets': [{'type': 'text', 'text': 'YOU ARE AWESOME', 'font_size': 50, '_default_settings': ['type', 'text', 'font_size'], 'x': None, 'y': None, 'anchor_x': 'center', 'anchor_y': 'center', 'round_anchor_x': None, 'round_anchor_y': None, 'opacity': 1.0, 'z': 0, 'reset_animations_events': {}, 'color': [1.0, 1.0, 1.0, 1.0], 'style': [], 'adjust_top': 0, 'adjust_bottom': 0, 'adjust_left': 0, 'adjust_right': 0, 'expire': None, 'key': None, 'widget': None, 'events_when_added': [], 'events_when_removed': [], 'bitmap_font': False, 'font_kerning': True, 'bold': False, 'italic': False, 'number_grouping': False, 'min_digits': 0, 'halign': 'center', 'valign': 'middle', 'rotation': 0, 'scale': 1.0, 'casing': None, 'outline_color': [1.0, 1.0, 1.0, 1.0], 'outline_width': 0, 'animations': None}], 'transition': {'type': 'push', 'duration': 1.0, 'direction': 'left', 'easing': 'out_quad'}, 'target': None, 'background_color': [0.0, 0.0, 0.0, 1.0], 'priority': None, 'show': True, 'force': False, 'expire': None, 'slide': None, 'tokens': {}, 'action': 'play'}}, 'context': 'show_2', 'calling_context': 0, 'priority': 10, 'show_tokens': {}, 'start_time': 167986.859}
2024-12-14 17:04:32,192 : EventManager : Event: ======'slide_awesome_slide_removed'====== Args={}
2024-12-14 17:04:32,195 : EventManager : Event: ======'slide_awesome_slide_created'====== Args={}
2024-12-14 17:04:32,196 : EventManager : Event: ======'slide_awesome_slide_active'====== Args={}
2024-12-14 17:04:35,179 : EventManager : Event: ======'slides_play'====== Args={'settings': {'press_start': {'widgets': [{'type': 'Text', 'text': 'PRESS START', 'animations': {'pre_show_slide': [{'property': ['opacity'], 'value': ['0'], 'duration': 0.5, 'relative': False, 'timing': 'after_previous', 'repeat': False, 'easing': 'linear', 'step': 0.0}, {'property': ['opacity'], 'value': ['1'], 'duration': 0.5, 'repeat': False, 'relative': False, 'timing': 'after_previous', 'easing': 'linear', 'step': 0.0}]}, '_default_settings': ['type', 'text', 'animations'], 'x': None, 'y': None, 'anchor_x': 'center', 'anchor_y': 'center', 'round_anchor_x': None, 'round_anchor_y': None, 'opacity': 1.0, 'z': 0, 'reset_animations_events': {}, 'color': [1.0, 1.0, 1.0, 1.0], 'style': [], 'adjust_top': 0, 'adjust_bottom': 0, 'adjust_left': 0, 'adjust_right': 0, 'expire': None, 'key': None, 'widget': None, 'events_when_added': [], 'events_when_removed': [], 'font_size': 15, 'bitmap_font': False, 'font_kerning': True, 'bold': False, 'italic': False, 'number_grouping': False, 'min_digits': 0, 'halign': 'center', 'valign': 'middle', 'rotation': 0, 'scale': 1.0, 'casing': None, 'outline_color': [1.0, 1.0, 1.0, 1.0], 'outline_width': 0}, {'type': 'Text', 'text': 'FREE PLAY', 'color': [0.0, 0.5019607843137255, 0.0, 1], 'y': '10', 'anchor_y': 'bottom', '_default_settings': ['type', 'text', 'color', 'y', 'anchor_y'], 'x': None, 'anchor_x': 'center', 'round_anchor_x': None, 'round_anchor_y': None, 'opacity': 1.0, 'z': 0, 'reset_animations_events': {}, 'style': [], 'adjust_top': 0, 'adjust_bottom': 0, 'adjust_left': 0, 'adjust_right': 0, 'expire': None, 'key': None, 'widget': None, 'events_when_added': [], 'events_when_removed': [], 'font_size': 15, 'bitmap_font': False, 'font_kerning': True, 'bold': False, 'italic': False, 'number_grouping': False, 'min_digits': 0, 'halign': 'center', 'valign': 'middle', 'rotation': 0, 'scale': 1.0, 'casing': None, 'outline_color': [1.0, 1.0, 1.0, 1.0], 'outline_width': 0, 'animations': None}], 'transition': {'type': 'move_in', 'duration': 1.0, 'direction': 'right', 'easing': 'out_quad'}, 'target': None, 'background_color': [0.0, 0.0, 0.0, 1.0], 'priority': None, 'show': True, 'force': False, 'expire': None, 'slide': None, 'tokens': {}, 'action': 'play'}}, 'context': 'show_2', 'calling_context': 1, 'priority': 10, 'show_tokens': {}, 'start_time': 167989.859}
2024-12-14 17:04:35,179 : EventManager : Event: ======'slide_press_start_removed'====== Args={}
2024-12-14 17:04:35,183 : EventManager : Event: ======'slide_press_start_created'====== Args={}
2024-12-14 17:04:35,184 : EventManager : Event: ======'slide_press_start_active'====== Args={}
2024-12-14 17:04:38,179 : EventManager : Event: ======'slides_play'====== Args={'settings': {'mission_pinball': {'widgets': [{'type': 'Text', 'text': 'MISSION PINBALL', 'color': [1.0, 0.0, 0.0, 1], '_default_settings': ['type', 'text', 'color'], 'x': None, 'y': None, 'anchor_x': 'center', 'anchor_y': 'center', 'round_anchor_x': None, 'round_anchor_y': None, 'opacity': 1.0, 'z': 0, 'reset_animations_events': {}, 'style': [], 'adjust_top': 0, 'adjust_bottom': 0, 'adjust_left': 0, 'adjust_right': 0, 'expire': None, 'key': None, 'widget': None, 'events_when_added': [], 'events_when_removed': [], 'font_size': 15, 'bitmap_font': False, 'font_kerning': True, 'bold': False, 'italic': False, 'number_grouping': False, 'min_digits': 0, 'halign': 'center', 'valign': 'middle', 'rotation': 0, 'scale': 1.0, 'casing': None, 'outline_color': [1.0, 1.0, 1.0, 1.0], 'outline_width': 0, 'animations': None}], 'transition': {'type': 'move_in', 'duration': 1.0, 'direction': 'top', 'easing': 'out_quad'}, 'target': None, 'background_color': [0.0, 0.0, 0.0, 1.0], 'priority': None, 'show': True, 'force': False, 'expire': None, 'slide': None, 'tokens': {}, 'action': 'play'}}, 'context': 'show_2', 'calling_context': 2, 'priority': 10, 'show_tokens': {}, 'start_time': 167992.859}
2024-12-14 17:04:38,180 : EventManager : Event: ======'slide_mission_pinball_removed'====== Args={}
2024-12-14 17:04:38,183 : EventManager : Event: ======'slide_mission_pinball_created'====== Args={}
2024-12-14 17:04:38,184 : EventManager : Event: ======'slide_mission_pinball_active'====== Args={}
2024-12-14 17:04:41,194 : EventManager : Event: ======'slides_play'====== Args={'settings': {'last_game_score_slide': {'widgets': [{'type': 'text', 'text': 'LAST GAME', 'font_size': 50, 'y': '60%', '_default_settings': ['type', 'text', 'font_size', 'y'], 'x': None, 'anchor_x': 'center', 'anchor_y': 'center', 'round_anchor_x': None, 'round_anchor_y': None, 'opacity': 1.0, 'z': 0, 'reset_animations_events': {}, 'color': [1.0, 1.0, 1.0, 1.0], 'style': [], 'adjust_top': 0, 'adjust_bottom': 0, 'adjust_left': 0, 'adjust_right': 0, 'expire': None, 'key': None, 'widget': None, 'events_when_added': [], 'events_when_removed': [], 'bitmap_font': False, 'font_kerning': True, 'bold': False, 'italic': False, 'number_grouping': False, 'min_digits': 0, 'halign': 'center', 'valign': 'middle', 'rotation': 0, 'scale': 1.0, 'casing': None, 'outline_color': [1.0, 1.0, 1.0, 1.0], 'outline_width': 0, 'animations': None}, {'type': 'text', 'text': '(machine|player1_score)', 'number_grouping': True, 'min_digits': 2, 'font_size': 50, 'y': '40%', '_default_settings': ['type', 'text', 'number_grouping', 'min_digits', 'font_size', 'y'], 'x': None, 'anchor_x': 'center', 'anchor_y': 'center', 'round_anchor_x': None, 'round_anchor_y': None, 'opacity': 1.0, 'z': 0, 'reset_animations_events': {}, 'color': [1.0, 1.0, 1.0, 1.0], 'style': [], 'adjust_top': 0, 'adjust_bottom': 0, 'adjust_left': 0, 'adjust_right': 0, 'expire': None, 'key': None, 'widget': None, 'events_when_added': [], 'events_when_removed': [], 'bitmap_font': False, 'font_kerning': True, 'bold': False, 'italic': False, 'halign': 'center', 'valign': 'middle', 'rotation': 0, 'scale': 1.0, 'casing': None, 'outline_color': [1.0, 1.0, 1.0, 1.0], 'outline_width': 0, 'animations': None}], 'target': None, 'background_color': [0.0, 0.0, 0.0, 1.0], 'priority': None, 'show': True, 'force': False, 'expire': None, 'slide': None, 'tokens': {}, 'action': 'play'}}, 'context': 'show_2', 'calling_context': 3, 'priority': 10, 'show_tokens': {}, 'start_time': 167995.859}
2024-12-14 17:04:41,194 : EventManager : Event: ======'slide_last_game_score_slide_removed'====== Args={}
2024-12-14 17:04:41,197 : EventManager : Event: ======'slide_last_game_score_slide_created'====== Args={}
2024-12-14 17:04:41,197 : EventManager : Unordered handler for class <Text Widget text=1,500> on event machine_var_player1_score with priority 1. Handlers: [RegisteredHandler(callback=<bound method Text._machine_var_change of <Text Widget text=1,500>>, priority=1, kwargs={}, key=UUID('752f9a85-24f7-4bcf-80d0-deda64657fca'), condition=None, blocking_facility=None), RegisteredHandler(callback=<bound method Text._machine_var_change of <Text Widget text=1,500>>, priority=1, kwargs={}, key=UUID('bd5ee346-bcda-49b8-9868-dfd465968562'), condition=None, blocking_facility=None)]. The order of those handlers is not defined and they will be executed in random order. This might lead to race conditions and potential bugs.
2024-12-14 17:04:41,198 : EventManager : Event: ======'slide_last_game_score_slide_active'====== Args={}
2024-12-14 17:04:44,201 : EventManager : Event: ======'slides_play'====== Args={'settings': {'awesome_slide': {'widgets': [{'type': 'text', 'text': 'YOU ARE AWESOME', 'font_size': 50, '_default_settings': ['type', 'text', 'font_size'], 'x': None, 'y': None, 'anchor_x': 'center', 'anchor_y': 'center', 'round_anchor_x': None, 'round_anchor_y': None, 'opacity': 1.0, 'z': 0, 'reset_animations_events': {}, 'color': [1.0, 1.0, 1.0, 1.0], 'style': [], 'adjust_top': 0, 'adjust_bottom': 0, 'adjust_left': 0, 'adjust_right': 0, 'expire': None, 'key': None, 'widget': None, 'events_when_added': [], 'events_when_removed': [], 'bitmap_font': False, 'font_kerning': True, 'bold': False, 'italic': False, 'number_grouping': False, 'min_digits': 0, 'halign': 'center', 'valign': 'middle', 'rotation': 0, 'scale': 1.0, 'casing': None, 'outline_color': [1.0, 1.0, 1.0, 1.0], 'outline_width': 0, 'animations': None}], 'transition': {'type': 'push', 'duration': 1.0, 'direction': 'left', 'easing': 'out_quad'}, 'target': None, 'background_color': [0.0, 0.0, 0.0, 1.0], 'priority': None, 'show': True, 'force': False, 'expire': None, 'slide': None, 'tokens': {}, 'action': 'play'}}, 'context': 'show_2', 'calling_context': 0, 'priority': 10, 'show_tokens': {}, 'start_time': 167998.859}
2024-12-14 17:04:44,201 : EventManager : Event: ======'slide_awesome_slide_removed'====== Args={}
2024-12-14 17:04:44,203 : EventManager : Event: ======'slide_awesome_slide_created'====== Args={}
2024-12-14 17:04:44,204 : EventManager : Event: ======'slide_awesome_slide_active'====== Args={}
2024-12-14 17:04:47,163 : mpfmc : Stopping...
2024-12-14 17:04:47,164 : EventManager : Event: ======'shutdown'====== Args={}
2024-12-14 17:04:47,164 : AudioInterface : Disabling audio playback
2024-12-14 17:04:47,279 : kivy : Base: Leaving application in progress...
2024-12-14 17:04:47,280 : mpfmc : Loop rate 78.18 Hz
2024-12-14 17:04:47,280 : kivy : Base: Leaving application in progress...
