2024-12-08 08:43:02,490 : kivy : Factory: 186 symbols loaded
2024-12-08 08:43:02,593 : kivy : ImageLoaderFFPy: Using ffpyplayer 4.3.2
2024-12-08 08:43:02,593 : kivy : Image: Providers: img_tex, img_dds, img_sdl2, img_pil, img_ffpyplayer 
2024-12-08 08:43:02,628 : kivy : VideoGstplayer: Using Gstreamer 1.18.0.0
2024-12-08 08:43:02,628 : kivy : Video: Provider: gstplayer
2024-12-08 08:43:02,763 : kivy : Loading MPF-MC controller
2024-12-08 08:43:03,090 : ConfigProcessor : Config spec file cache created: C:\Users\student\AppData\Local\Temp\config_spec.mpf_cache
2024-12-08 08:43:03,104 : YamlMultifileConfigLoader : Machine config file #1: config
2024-12-08 08:43:03,104 : ConfigProcessor : Loading config from file c:\users\student\mpfenv\lib\site-packages\mpfmc\mcconfig.yaml.
2024-12-08 08:43:03,134 : ConfigProcessor : Loading config: c:\users\student\mpfenv\lib\site-packages\mpfmc\mcconfig.yaml
2024-12-08 08:43:03,135 : ConfigProcessor : Loading config from file C:\Users\student\pinball\cobraPinTest1\config\config.
2024-12-08 08:43:03,174 : ConfigProcessor : Loading config: C:\Users\student\pinball\cobraPinTest1\config\config
2024-12-08 08:43:03,176 : ConfigProcessor : Config file cache created: C:\Users\student\AppData\Local\Temp\8788ef445fdd76e1de1cbcebe7495fec.mpf_cache
2024-12-08 08:43:03,176 : ConfigProcessor : Loading config from file c:\users\student\mpfenv\lib\site-packages\mpf\modes\attract\config\attract.yaml.
2024-12-08 08:43:03,177 : ConfigProcessor : Loading config: c:\users\student\mpfenv\lib\site-packages\mpf\modes\attract\config\attract.yaml
2024-12-08 08:43:03,177 : ConfigProcessor : Loading config from file C:\Users\student\pinball\cobraPinTest1\modes\attract\config\attract.yaml.
2024-12-08 08:43:03,178 : ConfigProcessor : Loading config: C:\Users\student\pinball\cobraPinTest1\modes\attract\config\attract.yaml
2024-12-08 08:43:03,179 : ConfigProcessor : Config file cache created: C:\Users\student\AppData\Local\Temp\32ed7ad340ce8029344f8b9ff63edc80.mpf_cache
2024-12-08 08:43:03,179 : ConfigProcessor : Loading config from file c:\users\student\mpfenv\lib\site-packages\mpf\modes\game\config\game.yaml.
2024-12-08 08:43:03,181 : ConfigProcessor : Loading config: c:\users\student\mpfenv\lib\site-packages\mpf\modes\game\config\game.yaml
2024-12-08 08:43:03,181 : ConfigProcessor : Config file cache created: C:\Users\student\AppData\Local\Temp\8696bd5a5a040ff67990be11cb4d3c0c.mpf_cache
2024-12-08 08:43:03,182 : ConfigProcessor : Loading config from file C:\Users\student\pinball\cobraPinTest1\modes\base\config\base.yaml.
2024-12-08 08:43:03,187 : ConfigProcessor : Loading config: C:\Users\student\pinball\cobraPinTest1\modes\base\config\base.yaml
2024-12-08 08:43:03,187 : ConfigProcessor : Config file cache created: C:\Users\student\AppData\Local\Temp\4675a535c8328a9c278c807d999ed109.mpf_cache
2024-12-08 08:43:03,188 : ConfigProcessor : Loading config from file C:\Users\student\pinball\cobraPinTest1\modes\reentry\config\reentry.yaml.
2024-12-08 08:43:03,205 : ConfigProcessor : Loading config: C:\Users\student\pinball\cobraPinTest1\modes\reentry\config\reentry.yaml
2024-12-08 08:43:03,206 : ConfigProcessor : Config file cache created: C:\Users\student\AppData\Local\Temp\0c8438cab3480347c0c749fa494946a2.mpf_cache
2024-12-08 08:43:03,206 : ConfigProcessor : Loading config from file C:\Users\student\pinball\cobraPinTest1\modes\lowerlanes\config\lowerlanes.yaml.
2024-12-08 08:43:03,217 : ConfigProcessor : Loading config: C:\Users\student\pinball\cobraPinTest1\modes\lowerlanes\config\lowerlanes.yaml
2024-12-08 08:43:03,218 : ConfigProcessor : Config file cache created: C:\Users\student\AppData\Local\Temp\5052615755bdf1309b248cf8695ad4ff.mpf_cache
2024-12-08 08:43:03,218 : mpfmc : Mission Pinball Framework Media Controller v0.55.0
2024-12-08 08:43:03,218 : mpfmc : Mission Pinball Framework Game Engine v0.55.0
2024-12-08 08:43:03,218 : mpfmc : Machine path: C:\Users\student\pinball\cobraPinTest1
2024-12-08 08:43:03,219 : mpfmc : Starting clock at 60.0Hz
2024-12-08 08:43:03,233 : kivy : Text: Provider: sdl2
2024-12-08 08:43:03,276 : kivy : Window: Provider: sdl2
2024-12-08 08:43:03,667 : kivy : GL: Using the "OpenGL" graphics system
2024-12-08 08:43:03,669 : kivy : GL: GLEW initialization succeeded
2024-12-08 08:43:03,669 : kivy : GL: Backend used <glew>
2024-12-08 08:43:03,670 : kivy : GL: OpenGL version <b'4.6.13543 Compatibility Profile Context 25.20.15006.9'>
2024-12-08 08:43:03,670 : kivy : GL: OpenGL vendor <b'ATI Technologies Inc.'>
2024-12-08 08:43:03,670 : kivy : GL: OpenGL renderer <b'Radeon RX Vega M GL Graphics'>
2024-12-08 08:43:03,670 : kivy : GL: OpenGL parsed version: 4, 6
2024-12-08 08:43:03,670 : kivy : GL: Shading version <b'4.60'>
2024-12-08 08:43:03,670 : kivy : GL: Texture max size <16384>
2024-12-08 08:43:03,670 : kivy : GL: Texture max units <32>
2024-12-08 08:43:03,689 : kivy : Window: auto add sdl2 input provider
2024-12-08 08:43:03,689 : kivy : Window: virtual keyboard not allowed, single mode, not docked
2024-12-08 08:43:03,897 : AudioInterface : Initialized
2024-12-08 08:43:03,897 : AudioInterface : Loaded SDL 2.0.12
2024-12-08 08:43:03,897 : AudioInterface : Loaded SDL_Mixer 2.0.4
2024-12-08 08:43:03,897 : AudioInterface : Loaded GStreamer 1.18.0.0
2024-12-08 08:43:03,897 : AudioInterface : Loaded GLib 2.62.6
2024-12-08 08:43:03,897 : AudioInterface : Settings requested - rate: 44100, channels: 1, buffer: 2048 samples
2024-12-08 08:43:03,898 : AudioInterface : Settings in use - rate: 44100, channels: 1, buffer: 2048 samples (4096 bytes @ 2 bytes per sample)
2024-12-08 08:43:03,898 : SoundSystem : Setting master volume to 0.0
2024-12-08 08:43:03,898 : SoundSystem : master_volume in sound_system is deprecated and will be removed in the future.
2024-12-08 08:43:03,898 : AudioInterface : Enabling audio playback
2024-12-08 08:43:03,900 : kivy : Base: Start application main loop
2024-12-08 08:43:03,900 : EventManager : Event: ======'display_window_initialized'====== Args={}
2024-12-08 08:43:03,916 : mpfmc : Display: Setting 'window' as default display
2024-12-08 08:43:03,921 : EventManager : Event: ======'displays_initialized'====== Args={}
2024-12-08 08:43:03,922 : EventManager : Event: ======'slide_window_blank_created'====== Args={}
2024-12-08 08:43:03,922 : EventManager : Event: ======'display_window_ready'====== Args={}
2024-12-08 08:43:03,931 : EventManager : Event: ======'init_phase_1'====== Args={}
2024-12-08 08:43:03,934 : EventManager : Event: ======'mc_ready'====== Args={}
2024-12-08 08:43:03,934 : EventManager : Event: ======'init_phase_2'====== Args={}
2024-12-08 08:43:03,936 : EventManager : Event: ======'init_phase_3'====== Args={}
2024-12-08 08:43:03,938 : EventManager : Event: ======'init_phase_4'====== Args={}
2024-12-08 08:43:03,938 : EventManager : Event: ======'init_phase_5'====== Args={}
2024-12-08 08:43:03,938 : EventManager : Event: ======'init_done'====== Args={}
2024-12-08 08:43:03,938 : MPF-MC BCP Server : Starting up on localhost port 5050
2024-12-08 08:43:03,943 : MPF-MC BCP Server : Waiting for a connection...
2024-12-08 08:43:03,943 : mpfmc : SlidePlayer: Play called with settings={'slides': {welcome_slide-None-None: {'priority': None, 'target': None, 'background_color': [0.0, 0.0, 0.0, 1.0], 'show': True, 'force': False, 'expire': None, 'slide': None, 'tokens': {}, 'action': 'play', 'transition': None, 'transition_out': None}}}
2024-12-08 08:43:03,947 : kivy : GL: NPOT texture support is available
2024-12-08 08:43:03,947 : EventManager : Event: ======'slide_welcome_slide_created'====== Args={}
2024-12-08 08:43:03,949 : EventManager : Event: ======'slide_welcome_slide_active'====== Args={}
2024-12-08 08:43:03,960 : EventManager : Event: ======'client_disconnected'====== Args={'host': '127.0.0.1', 'port': 5050}
2024-12-08 08:43:32,212 : kivy : Base: Leaving application in progress...
