2024-12-08 08:40:03,527 : INFO : root : Loading config.
2024-12-08 08:40:03,851 : INFO : ConfigProcessor : Config spec file cache created: C:\Users\student\AppData\Local\Temp\config_spec.mpf_cache
2024-12-08 08:40:03,852 : INFO : YamlMultifileConfigLoader : Machine config file #1: config.yaml
2024-12-08 08:40:03,852 : INFO : ConfigProcessor : Loading config from file c:\users\student\mpfenv\lib\site-packages\mpf\mpfconfig.yaml.
2024-12-08 08:40:03,916 : INFO : ConfigProcessor : Loading config: c:\users\student\mpfenv\lib\site-packages\mpf\mpfconfig.yaml
2024-12-08 08:40:03,917 : INFO : ConfigProcessor : Loading config from file C:\Users\student\pinball\cobraPinTest1\config\config.yaml.
2024-12-08 08:40:03,964 : INFO : ConfigProcessor : Loading config: C:\Users\student\pinball\cobraPinTest1\config\config.yaml
2024-12-08 08:40:03,967 : INFO : ConfigProcessor : Config file cache created: C:\Users\student\AppData\Local\Temp\f1427cd4cbc9163bc2263f349f0fb463.mpf_cache
2024-12-08 08:40:04,037 : INFO : ConfigProcessor : Loading config from file c:\users\student\mpfenv\lib\site-packages\mpf\modes\attract\config\attract.yaml.
2024-12-08 08:40:04,044 : INFO : ConfigProcessor : Loading config: c:\users\student\mpfenv\lib\site-packages\mpf\modes\attract\config\attract.yaml
2024-12-08 08:40:04,044 : INFO : ConfigProcessor : Loading config from file C:\Users\student\pinball\cobraPinTest1\modes\attract\config\attract.yaml.
2024-12-08 08:40:04,050 : INFO : ConfigProcessor : Loading config: C:\Users\student\pinball\cobraPinTest1\modes\attract\config\attract.yaml
2024-12-08 08:40:04,051 : INFO : ConfigProcessor : Config file cache created: C:\Users\student\AppData\Local\Temp\32ed7ad340ce8029344f8b9ff63edc80.mpf_cache
2024-12-08 08:40:04,052 : INFO : ConfigProcessor : Loading config from file c:\users\student\mpfenv\lib\site-packages\mpf\modes\game\config\game.yaml.
2024-12-08 08:40:04,059 : INFO : ConfigProcessor : Loading config: c:\users\student\mpfenv\lib\site-packages\mpf\modes\game\config\game.yaml
2024-12-08 08:40:04,059 : INFO : ConfigProcessor : Config file cache created: C:\Users\student\AppData\Local\Temp\8696bd5a5a040ff67990be11cb4d3c0c.mpf_cache
2024-12-08 08:40:04,060 : INFO : ConfigProcessor : Loading config from file C:\Users\student\pinball\cobraPinTest1\modes\base\config\base.yaml.
2024-12-08 08:40:04,071 : INFO : ConfigProcessor : Loading config: C:\Users\student\pinball\cobraPinTest1\modes\base\config\base.yaml
2024-12-08 08:40:04,071 : INFO : ConfigProcessor : Config file cache created: C:\Users\student\AppData\Local\Temp\4675a535c8328a9c278c807d999ed109.mpf_cache
2024-12-08 08:40:04,072 : INFO : ConfigProcessor : Loading config from file C:\Users\student\pinball\cobraPinTest1\modes\reentry\config\reentry.yaml.
2024-12-08 08:40:04,095 : INFO : ConfigProcessor : Loading config: C:\Users\student\pinball\cobraPinTest1\modes\reentry\config\reentry.yaml
2024-12-08 08:40:04,096 : INFO : ConfigProcessor : Config file cache created: C:\Users\student\AppData\Local\Temp\0c8438cab3480347c0c749fa494946a2.mpf_cache
2024-12-08 08:40:04,096 : INFO : ConfigProcessor : Loading config from file C:\Users\student\pinball\cobraPinTest1\modes\lowerlanes\config\lowerlanes.yaml.
2024-12-08 08:40:04,113 : INFO : ConfigProcessor : Loading config: C:\Users\student\pinball\cobraPinTest1\modes\lowerlanes\config\lowerlanes.yaml
2024-12-08 08:40:04,114 : INFO : ConfigProcessor : Config file cache created: C:\Users\student\AppData\Local\Temp\5052615755bdf1309b248cf8695ad4ff.mpf_cache
2024-12-08 08:40:04,115 : INFO : ConfigProcessor : Loading config from file C:\Users\student\pinball\cobraPinTest1\modes\attract\shows\.\attract_display_loop.yaml.
2024-12-08 08:40:04,130 : INFO : ConfigProcessor : Loading config: C:\Users\student\pinball\cobraPinTest1\modes\attract\shows\.\attract_display_loop.yaml
2024-12-08 08:40:04,131 : INFO : ConfigProcessor : Config file cache created: C:\Users\student\AppData\Local\Temp\f8d2c2cf3ea01f085365ea23fa51a701.mpf_cache
2024-12-08 08:40:04,131 : INFO : ConfigProcessor : Loading config from file C:\Users\student\pinball\cobraPinTest1\modes\attract\shows\.\attract_light_show.yaml.
2024-12-08 08:40:04,143 : INFO : ConfigProcessor : Loading config: C:\Users\student\pinball\cobraPinTest1\modes\attract\shows\.\attract_light_show.yaml
2024-12-08 08:40:04,144 : INFO : ConfigProcessor : Config file cache created: C:\Users\student\AppData\Local\Temp\30bd992f4b62a9b099207aebeb59554c.mpf_cache
2024-12-08 08:40:04,145 : INFO : Machine : Mission Pinball Framework Core Engine v0.55.0
2024-12-08 08:40:04,145 : INFO : Machine : Command line arguments: {'no_load_cache': True, 'create_config_cache': True, 'bcp': True, 'configfile': ['config.yaml'], 'force_assets_load': False, 'jsonlogging': False, 'logfile': 'logs\\2024-12-08-08-40-03-mpf-DESKTOP-0JH7ARL.log', 'pause': False, 'production': False, 'text_ui': True, 'loglevel': 15, 'consoleloglevel': 20, 'force_platform': None, 'syslog_address': None, 'mc_file_name': None, 'no_sound': False}
2024-12-08 08:40:04,145 : INFO : Machine : MPF path: c:\users\student\mpfenv\lib\site-packages\mpf
2024-12-08 08:40:04,145 : INFO : Machine : Machine path: C:\Users\student\pinball\cobraPinTest1
2024-12-08 08:40:04,145 : INFO : Machine : Platform: win32
2024-12-08 08:40:04,145 : INFO : Machine : Python executable location: c:\users\student\mpfenv\scripts\python.exe
2024-12-08 08:40:04,145 : INFO : Machine : Python version: 3.7.8 (64-bit)
2024-12-08 08:40:04,146 : INFO : Machine : Initialise MPF.
2024-12-08 08:40:04,607 : INFO : OPP : Connecting to com4 at 115200bps
2024-12-08 08:40:04,708 : INFO : OPP : Init of OPP board 0 done
2024-12-08 08:40:04,708 : INFO : OPP : Connecting to com5 at 115200bps
2024-12-08 08:40:04,897 : INFO : OPP : Init of OPP board 1 done
2024-12-08 08:40:04,897 : INFO : EventManager : Event: ======'machine_var_credits_string'====== Args={'value': 'FREE PLAY', 'prev_value': None, 'change': True}
2024-12-08 08:40:04,947 : INFO : EventManager : Event: ======'machine_var_master_volume'====== Args={'value': 0.5, 'prev_value': None, 'change': True}
2024-12-08 08:40:04,948 : INFO : EventManager : Event: ======'machine_var_player1_score'====== Args={'value': 1500, 'prev_value': None, 'change': True}
2024-12-08 08:40:04,948 : INFO : EventManager : Event: ======'machine_var_mpf_version'====== Args={'value': 'MPF v0.55.0', 'prev_value': None, 'change': True}
2024-12-08 08:40:04,948 : INFO : EventManager : Event: ======'machine_var_mpf_extended_version'====== Args={'value': 'MPF v0.55.0, Config version:5, Show version: 5, BCP version:1.1', 'prev_value': None, 'change': True}
2024-12-08 08:40:04,948 : INFO : EventManager : Event: ======'machine_var_python_version'====== Args={'value': '3.7.8', 'prev_value': None, 'change': True}
2024-12-08 08:40:04,948 : INFO : EventManager : Event: ======'machine_var_platform'====== Args={'value': 'Windows-10-10.0.19041-SP0', 'prev_value': None, 'change': True}
2024-12-08 08:40:04,948 : INFO : EventManager : Event: ======'machine_var_platform_system'====== Args={'value': 'Windows', 'prev_value': None, 'change': True}
2024-12-08 08:40:04,949 : INFO : EventManager : Event: ======'machine_var_platform_release'====== Args={'value': '10', 'prev_value': None, 'change': True}
2024-12-08 08:40:04,949 : INFO : EventManager : Event: ======'machine_var_platform_version'====== Args={'value': '10.0.19041', 'prev_value': None, 'change': True}
2024-12-08 08:40:04,949 : INFO : EventManager : Event: ======'machine_var_platform_machine'====== Args={'value': 'AMD64', 'prev_value': None, 'change': True}
2024-12-08 08:40:04,949 : INFO : EventManager : Event: ======'init_phase_1'====== Args={}
2024-12-08 08:40:04,973 : INFO : EventManager : Event: ======'init_phase_2'====== Args={}
2024-12-08 08:40:04,973 : INFO : SwitchController : Found active switch: ('0-0-8', <Platform.OPP>) <switch.s_trough1>
2024-12-08 08:40:04,977 : INFO : EventManager : Event: ======'bcp_connection_attempt'====== Args={'name': 'local_display', 'host': 'localhost', 'port': 5050}
2024-12-08 08:40:04,978 : INFO : BCPClientSocket : Connecting BCP to 'local_display' at localhost:5050...
2024-12-08 08:40:08,531 : INFO : BCPClientSocket : Connected BCP to 'local_display' localhost:5050
2024-12-08 08:40:08,534 : INFO : EventManager : Event: ======'bcp_clients_connected'====== Args={}
2024-12-08 08:40:08,546 : INFO : ball_device.bd_trough : BCH: Initial count: 1
2024-12-08 08:40:08,547 : INFO : EventManager : Event: ======'machine_var_mc_version'====== Args={'value': 'MPF-MC v0.55.0', 'prev_value': None, 'change': True}
2024-12-08 08:40:08,547 : INFO : EventManager : Event: ======'machine_var_mc_extended_version'====== Args={'value': 'MPF-MC v0.55.0 (config_version=5, BCP v1.1, Requires MPF v0.55.0-dev.49)', 'prev_value': None, 'change': True}
2024-12-08 08:40:08,549 : INFO : ball_device.bd_trough : State: idle
2024-12-08 08:40:08,563 : INFO : ball_device.bd_plunger : BCH: Initial count: 0
2024-12-08 08:40:08,563 : INFO : ball_device.bd_plunger : State: idle
2024-12-08 08:40:08,637 : INFO : EventManager : Event: ======'init_phase_3'====== Args={}
2024-12-08 08:40:08,641 : INFO : EventManager : Event: ======'init_phase_4'====== Args={}
2024-12-08 08:40:08,642 : INFO : BallController : Initial balls found: 1
2024-12-08 08:40:08,643 : INFO : EventManager : Event: ======'machine_var_audits_events_game_ended'====== Args={'value': 0, 'prev_value': None, 'change': True}
2024-12-08 08:40:08,643 : INFO : EventManager : Event: ======'machine_var_audits_events_game_started'====== Args={'value': 0, 'prev_value': None, 'change': True}
2024-12-08 08:40:08,644 : INFO : EventManager : Event: ======'machine_var_audits_player_score'====== Args={'value': {'average': 1800.0, 'top': [2000, 1900, 1500], 'total': 3}, 'prev_value': None, 'change': True}
2024-12-08 08:40:08,644 : INFO : EventManager : Event: ======'machine_var_audits_shots_bonusLane_shot'====== Args={'value': 14, 'prev_value': None, 'change': True}
2024-12-08 08:40:08,644 : INFO : EventManager : Event: ======'machine_var_audits_shots_medalL_shot'====== Args={'value': 174, 'prev_value': None, 'change': True}
2024-12-08 08:40:08,644 : INFO : EventManager : Event: ======'machine_var_audits_shots_medalM_shot'====== Args={'value': 166, 'prev_value': None, 'change': True}
2024-12-08 08:40:08,644 : INFO : EventManager : Event: ======'machine_var_audits_shots_medalR_shot'====== Args={'value': 165, 'prev_value': None, 'change': True}
2024-12-08 08:40:08,645 : INFO : EventManager : Event: ======'machine_var_audits_shots_my_first_shot'====== Args={'value': 119, 'prev_value': None, 'change': True}
2024-12-08 08:40:08,645 : INFO : EventManager : Event: ======'machine_var_audits_shots_my_first_shot_mode2'====== Args={'value': 72, 'prev_value': None, 'change': True}
2024-12-08 08:40:08,645 : INFO : EventManager : Event: ======'machine_var_audits_shots_outLaneL_shot'====== Args={'value': 8, 'prev_value': None, 'change': True}
2024-12-08 08:40:08,645 : INFO : EventManager : Event: ======'machine_var_audits_shots_outLaneR_shot'====== Args={'value': 22, 'prev_value': None, 'change': True}
2024-12-08 08:40:08,645 : INFO : EventManager : Event: ======'machine_var_audits_shots_reentryL_shot'====== Args={'value': 473, 'prev_value': None, 'change': True}
2024-12-08 08:40:08,645 : INFO : EventManager : Event: ======'machine_var_audits_shots_reentryM_shot'====== Args={'value': 432, 'prev_value': None, 'change': True}
2024-12-08 08:40:08,646 : INFO : EventManager : Event: ======'machine_var_audits_shots_reentryR_shot'====== Args={'value': 410, 'prev_value': None, 'change': True}
2024-12-08 08:40:08,646 : INFO : EventManager : Event: ======'machine_var_audits_shots_reentry_shot'====== Args={'value': 9, 'prev_value': None, 'change': True}
2024-12-08 08:40:08,646 : INFO : EventManager : Event: ======'machine_var_audits_shots_returnLaneL_shot'====== Args={'value': 83, 'prev_value': None, 'change': True}
2024-12-08 08:40:08,647 : INFO : EventManager : Event: ======'machine_var_audits_shots_returnLaneR_shot'====== Args={'value': 44, 'prev_value': None, 'change': True}
2024-12-08 08:40:08,647 : INFO : EventManager : Event: ======'machine_var_audits_shots_spacewarp_rollover_shot'====== Args={'value': 21, 'prev_value': None, 'change': True}
2024-12-08 08:40:08,647 : INFO : EventManager : Event: ======'machine_var_audits_shots_top_lane_A'====== Args={'value': 12, 'prev_value': None, 'change': True}
2024-12-08 08:40:08,647 : INFO : EventManager : Event: ======'machine_var_audits_shots_top_lane_J'====== Args={'value': 12, 'prev_value': None, 'change': True}
2024-12-08 08:40:08,648 : INFO : EventManager : Event: ======'machine_var_audits_shots_top_lane_M'====== Args={'value': 9, 'prev_value': None, 'change': True}
2024-12-08 08:40:08,648 : INFO : EventManager : Event: ======'machine_var_audits_switches_s_blackhole_kicker'====== Args={'value': 0, 'prev_value': None, 'change': True}
2024-12-08 08:40:08,648 : INFO : EventManager : Event: ======'machine_var_audits_switches_s_bonus_lane'====== Args={'value': 27, 'prev_value': None, 'change': True}
2024-12-08 08:40:08,649 : INFO : EventManager : Event: ======'machine_var_audits_switches_s_booster_drop_target_1'====== Args={'value': 0, 'prev_value': None, 'change': True}
2024-12-08 08:40:08,649 : INFO : EventManager : Event: ======'machine_var_audits_switches_s_booster_drop_target_2'====== Args={'value': 0, 'prev_value': None, 'change': True}
2024-12-08 08:40:08,649 : INFO : EventManager : Event: ======'machine_var_audits_switches_s_booster_drop_target_3'====== Args={'value': 0, 'prev_value': None, 'change': True}
2024-12-08 08:40:08,649 : INFO : EventManager : Event: ======'machine_var_audits_switches_s_comet_spot_1'====== Args={'value': 0, 'prev_value': None, 'change': True}
2024-12-08 08:40:08,649 : INFO : EventManager : Event: ======'machine_var_audits_switches_s_comet_spot_2'====== Args={'value': 0, 'prev_value': None, 'change': True}
2024-12-08 08:40:08,650 : INFO : EventManager : Event: ======'machine_var_audits_switches_s_comet_spot_3'====== Args={'value': 0, 'prev_value': None, 'change': True}
2024-12-08 08:40:08,650 : INFO : EventManager : Event: ======'machine_var_audits_switches_s_engine_bumper_1'====== Args={'value': 0, 'prev_value': None, 'change': True}
2024-12-08 08:40:08,650 : INFO : EventManager : Event: ======'machine_var_audits_switches_s_engine_bumper_2'====== Args={'value': 0, 'prev_value': None, 'change': True}
2024-12-08 08:40:08,650 : INFO : EventManager : Event: ======'machine_var_audits_switches_s_engine_bumper_3'====== Args={'value': 0, 'prev_value': None, 'change': True}
2024-12-08 08:40:08,651 : INFO : EventManager : Event: ======'machine_var_audits_switches_s_fuel_chute_1'====== Args={'value': 0, 'prev_value': None, 'change': True}
2024-12-08 08:40:08,652 : INFO : EventManager : Event: ======'machine_var_audits_switches_s_fuel_chute_2'====== Args={'value': 0, 'prev_value': None, 'change': True}
2024-12-08 08:40:08,653 : INFO : EventManager : Event: ======'machine_var_audits_switches_s_fuel_chute_3'====== Args={'value': 0, 'prev_value': None, 'change': True}
2024-12-08 08:40:08,653 : INFO : EventManager : Event: ======'machine_var_audits_switches_s_fuel_chute_4'====== Args={'value': 0, 'prev_value': None, 'change': True}
2024-12-08 08:40:08,654 : INFO : EventManager : Event: ======'machine_var_audits_switches_s_fuel_chute_5'====== Args={'value': 0, 'prev_value': None, 'change': True}
2024-12-08 08:40:08,654 : INFO : EventManager : Event: ======'machine_var_audits_switches_s_fuel_chute_6'====== Args={'value': 0, 'prev_value': None, 'change': True}
2024-12-08 08:40:08,655 : INFO : EventManager : Event: ======'machine_var_audits_switches_s_fuel_flag'====== Args={'value': 0, 'prev_value': None, 'change': True}
2024-12-08 08:40:08,656 : INFO : EventManager : Event: ======'machine_var_audits_switches_s_fuel_spot_1'====== Args={'value': 0, 'prev_value': None, 'change': True}
2024-12-08 08:40:08,656 : INFO : EventManager : Event: ======'machine_var_audits_switches_s_fuel_spot_2'====== Args={'value': 0, 'prev_value': None, 'change': True}
2024-12-08 08:40:08,656 : INFO : EventManager : Event: ======'machine_var_audits_switches_s_fuel_spot_3'====== Args={'value': 0, 'prev_value': None, 'change': True}
2024-12-08 08:40:08,657 : INFO : EventManager : Event: ======'machine_var_audits_switches_s_green_wormhole'====== Args={'value': 0, 'prev_value': None, 'change': True}
2024-12-08 08:40:08,657 : INFO : EventManager : Event: ======'machine_var_audits_switches_s_hyperspace_flag'====== Args={'value': 0, 'prev_value': None, 'change': True}
2024-12-08 08:40:08,658 : INFO : EventManager : Event: ======'machine_var_audits_switches_s_hyperspacekicker'====== Args={'value': 0, 'prev_value': None, 'change': True}
2024-12-08 08:40:08,658 : INFO : EventManager : Event: ======'machine_var_audits_switches_s_launch_lane_1'====== Args={'value': 0, 'prev_value': None, 'change': True}
2024-12-08 08:40:08,659 : INFO : EventManager : Event: ======'machine_var_audits_switches_s_launch_lane_2'====== Args={'value': 0, 'prev_value': None, 'change': True}
2024-12-08 08:40:08,659 : INFO : EventManager : Event: ======'machine_var_audits_switches_s_launch_lane_3'====== Args={'value': 0, 'prev_value': None, 'change': True}
2024-12-08 08:40:08,659 : INFO : EventManager : Event: ======'machine_var_audits_switches_s_launch_ramp'====== Args={'value': 0, 'prev_value': None, 'change': True}
2024-12-08 08:40:08,660 : INFO : EventManager : Event: ======'machine_var_audits_switches_s_left_attack_bumper'====== Args={'value': 0, 'prev_value': None, 'change': True}
2024-12-08 08:40:08,660 : INFO : EventManager : Event: ======'machine_var_audits_switches_s_left_flipper'====== Args={'value': 999, 'prev_value': None, 'change': True}
2024-12-08 08:40:08,661 : INFO : EventManager : Event: ======'machine_var_audits_switches_s_left_out_lane'====== Args={'value': 12, 'prev_value': None, 'change': True}
2024-12-08 08:40:08,661 : INFO : EventManager : Event: ======'machine_var_audits_switches_s_left_out_lane_kicker'====== Args={'value': 0, 'prev_value': None, 'change': True}
2024-12-08 08:40:08,662 : INFO : EventManager : Event: ======'machine_var_audits_switches_s_left_return_lane'====== Args={'value': 90, 'prev_value': None, 'change': True}
2024-12-08 08:40:08,662 : INFO : EventManager : Event: ======'machine_var_audits_switches_s_lower_attack_bumper'====== Args={'value': 0, 'prev_value': None, 'change': True}
2024-12-08 08:40:08,663 : INFO : EventManager : Event: ======'machine_var_audits_switches_s_lower_left_rebound'====== Args={'value': 0, 'prev_value': None, 'change': True}
2024-12-08 08:40:08,663 : INFO : EventManager : Event: ======'machine_var_audits_switches_s_lower_left_slingshot'====== Args={'value': 44, 'prev_value': None, 'change': True}
2024-12-08 08:40:08,664 : INFO : EventManager : Event: ======'machine_var_audits_switches_s_lower_right_rebound'====== Args={'value': 0, 'prev_value': None, 'change': True}
2024-12-08 08:40:08,664 : INFO : EventManager : Event: ======'machine_var_audits_switches_s_lower_right_slingshot'====== Args={'value': 43, 'prev_value': None, 'change': True}
2024-12-08 08:40:08,665 : INFO : EventManager : Event: ======'machine_var_audits_switches_s_medal_drop_left'====== Args={'value': 188, 'prev_value': None, 'change': True}
2024-12-08 08:40:08,665 : INFO : EventManager : Event: ======'machine_var_audits_switches_s_medal_drop_middle'====== Args={'value': 180, 'prev_value': None, 'change': True}
2024-12-08 08:40:08,665 : INFO : EventManager : Event: ======'machine_var_audits_switches_s_medal_drop_right'====== Args={'value': 179, 'prev_value': None, 'change': True}
2024-12-08 08:40:08,666 : INFO : EventManager : Event: ======'machine_var_audits_switches_s_mission_spot_1'====== Args={'value': 0, 'prev_value': None, 'change': True}
2024-12-08 08:40:08,666 : INFO : EventManager : Event: ======'machine_var_audits_switches_s_mission_spot_2'====== Args={'value': 2, 'prev_value': None, 'change': True}
2024-12-08 08:40:08,666 : INFO : EventManager : Event: ======'machine_var_audits_switches_s_mission_spot_3'====== Args={'value': 0, 'prev_value': None, 'change': True}
2024-12-08 08:40:08,667 : INFO : EventManager : Event: ======'machine_var_audits_switches_s_multiplier_left'====== Args={'value': 0, 'prev_value': None, 'change': True}
2024-12-08 08:40:08,667 : INFO : EventManager : Event: ======'machine_var_audits_switches_s_multiplier_middle'====== Args={'value': 0, 'prev_value': None, 'change': True}
2024-12-08 08:40:08,667 : INFO : EventManager : Event: ======'machine_var_audits_switches_s_multiplier_right'====== Args={'value': 0, 'prev_value': None, 'change': True}
2024-12-08 08:40:08,668 : INFO : EventManager : Event: ======'machine_var_audits_switches_s_plunger'====== Args={'value': 164, 'prev_value': None, 'change': True}
2024-12-08 08:40:08,668 : INFO : EventManager : Event: ======'machine_var_audits_switches_s_radiationspot_1'====== Args={'value': 0, 'prev_value': None, 'change': True}
2024-12-08 08:40:08,668 : INFO : EventManager : Event: ======'machine_var_audits_switches_s_radiationspot_2'====== Args={'value': 0, 'prev_value': None, 'change': True}
2024-12-08 08:40:08,669 : INFO : EventManager : Event: ======'machine_var_audits_switches_s_radiationspot_3'====== Args={'value': 0, 'prev_value': None, 'change': True}
2024-12-08 08:40:08,669 : INFO : EventManager : Event: ======'machine_var_audits_switches_s_red_wormhole'====== Args={'value': 0, 'prev_value': None, 'change': True}
2024-12-08 08:40:08,669 : INFO : EventManager : Event: ======'machine_var_audits_switches_s_reentry_left'====== Args={'value': 831, 'prev_value': None, 'change': True}
2024-12-08 08:40:08,670 : INFO : EventManager : Event: ======'machine_var_audits_switches_s_reentry_middle'====== Args={'value': 506, 'prev_value': None, 'change': True}
2024-12-08 08:40:08,670 : INFO : EventManager : Event: ======'machine_var_audits_switches_s_reentry_right'====== Args={'value': 469, 'prev_value': None, 'change': True}
2024-12-08 08:40:08,670 : INFO : EventManager : Event: ======'machine_var_audits_switches_s_right_flipper'====== Args={'value': 774, 'prev_value': None, 'change': True}
2024-12-08 08:40:08,671 : INFO : EventManager : Event: ======'machine_var_audits_switches_s_right_inlane'====== Args={'value': 0, 'prev_value': None, 'change': True}
2024-12-08 08:40:08,671 : INFO : EventManager : Event: ======'machine_var_audits_switches_s_right_out_lane'====== Args={'value': 48, 'prev_value': None, 'change': True}
2024-12-08 08:40:08,671 : INFO : EventManager : Event: ======'machine_var_audits_switches_s_right_out_lane_kicker'====== Args={'value': 0, 'prev_value': None, 'change': True}
2024-12-08 08:40:08,672 : INFO : EventManager : Event: ======'machine_var_audits_switches_s_right_return_lane'====== Args={'value': 56, 'prev_value': None, 'change': True}
2024-12-08 08:40:08,672 : INFO : EventManager : Event: ======'machine_var_audits_switches_s_satellite_bumper'====== Args={'value': 0, 'prev_value': None, 'change': True}
2024-12-08 08:40:08,672 : INFO : EventManager : Event: ======'machine_var_audits_switches_s_secondary_outlane_kicker'====== Args={'value': 0, 'prev_value': None, 'change': True}
2024-12-08 08:40:08,673 : INFO : EventManager : Event: ======'machine_var_audits_switches_s_skill_shot_1'====== Args={'value': 0, 'prev_value': None, 'change': True}
2024-12-08 08:40:08,673 : INFO : EventManager : Event: ======'machine_var_audits_switches_s_skill_shot_2'====== Args={'value': 0, 'prev_value': None, 'change': True}
2024-12-08 08:40:08,673 : INFO : EventManager : Event: ======'machine_var_audits_switches_s_skill_shot_3'====== Args={'value': 0, 'prev_value': None, 'change': True}
2024-12-08 08:40:08,674 : INFO : EventManager : Event: ======'machine_var_audits_switches_s_skill_shot_4'====== Args={'value': 0, 'prev_value': None, 'change': True}
2024-12-08 08:40:08,674 : INFO : EventManager : Event: ======'machine_var_audits_switches_s_skill_shot_5'====== Args={'value': 0, 'prev_value': None, 'change': True}
2024-12-08 08:40:08,675 : INFO : EventManager : Event: ======'machine_var_audits_switches_s_skill_shot_6'====== Args={'value': 0, 'prev_value': None, 'change': True}
2024-12-08 08:40:08,675 : INFO : EventManager : Event: ======'machine_var_audits_switches_s_skill_shot_lane'====== Args={'value': 0, 'prev_value': None, 'change': True}
2024-12-08 08:40:08,676 : INFO : EventManager : Event: ======'machine_var_audits_switches_s_spacewarp_rollover'====== Args={'value': 22, 'prev_value': None, 'change': True}
2024-12-08 08:40:08,676 : INFO : EventManager : Event: ======'machine_var_audits_switches_s_start'====== Args={'value': 7, 'prev_value': None, 'change': True}
2024-12-08 08:40:08,677 : INFO : EventManager : Event: ======'machine_var_audits_switches_s_trough1'====== Args={'value': 30, 'prev_value': None, 'change': True}
2024-12-08 08:40:08,678 : INFO : EventManager : Event: ======'machine_var_audits_switches_s_trough2'====== Args={'value': 0, 'prev_value': None, 'change': True}
2024-12-08 08:40:08,678 : INFO : EventManager : Event: ======'machine_var_audits_switches_s_trough3'====== Args={'value': 0, 'prev_value': None, 'change': True}
2024-12-08 08:40:08,679 : INFO : EventManager : Event: ======'machine_var_audits_switches_s_trough4'====== Args={'value': 0, 'prev_value': None, 'change': True}
2024-12-08 08:40:08,679 : INFO : EventManager : Event: ======'machine_var_audits_switches_s_trough5'====== Args={'value': 0, 'prev_value': None, 'change': True}
2024-12-08 08:40:08,680 : INFO : EventManager : Event: ======'machine_var_audits_switches_s_trough6'====== Args={'value': 0, 'prev_value': None, 'change': True}
2024-12-08 08:40:08,680 : INFO : EventManager : Event: ======'machine_var_audits_switches_s_trough_jam'====== Args={'value': 0, 'prev_value': None, 'change': True}
2024-12-08 08:40:08,680 : INFO : EventManager : Event: ======'machine_var_audits_switches_s_upper_attack_bumper'====== Args={'value': 0, 'prev_value': None, 'change': True}
2024-12-08 08:40:08,681 : INFO : EventManager : Event: ======'machine_var_audits_switches_s_upper_left_rebound'====== Args={'value': 0, 'prev_value': None, 'change': True}
2024-12-08 08:40:08,681 : INFO : EventManager : Event: ======'machine_var_audits_switches_s_upper_right_rebound'====== Args={'value': 0, 'prev_value': None, 'change': True}
2024-12-08 08:40:08,681 : INFO : EventManager : Event: ======'machine_var_audits_switches_s_wormhole_target'====== Args={'value': 0, 'prev_value': None, 'change': True}
2024-12-08 08:40:08,682 : INFO : EventManager : Event: ======'machine_var_audits_switches_s_yellow_wormhole'====== Args={'value': 0, 'prev_value': None, 'change': True}
2024-12-08 08:40:08,683 : INFO : EventManager : Event: ======'init_phase_5'====== Args={}
2024-12-08 08:40:08,728 : INFO : EventManager : Event: ======'init_done'====== Args={}
2024-12-08 08:40:08,729 : INFO : EventManager : Event: ======'machine_reset_phase_1'====== Args={}
2024-12-08 08:40:08,744 : INFO : EventManager : Event: ======'slide_welcome_slide_removed'====== Args={'_from_bcp': True}
2024-12-08 08:40:08,745 : INFO : EventManager : Event: ======'slide_welcome_slide_created'====== Args={'_from_bcp': True}
2024-12-08 08:40:08,746 : INFO : EventManager : Event: ======'slide_welcome_slide_active'====== Args={'_from_bcp': True}
2024-12-08 08:40:08,746 : INFO : EventManager : Event: ======'machine_reset_phase_2'====== Args={}
2024-12-08 08:40:08,747 : INFO : EventManager : Event: ======'machine_reset_phase_3'====== Args={}
2024-12-08 08:40:08,748 : INFO : EventManager : Event: ======'reset_complete'====== Args={}
2024-12-08 08:40:08,748 : INFO : EventManager : Event: ======'mode_attract_will_start'====== Args={}
2024-12-08 08:40:08,748 : INFO : EventManager : Event: ======'mode_attract_starting'====== Args={}
2024-12-08 08:40:08,748 : INFO : Mode.attract : Started. Priority: 10
2024-12-08 08:40:08,748 : INFO : EventManager : Event: ======'modes_active_modes_changed'====== Args={}
2024-12-08 08:40:08,749 : INFO : EventManager : Event: ======'mode_attract_started'====== Args={}
2024-12-08 08:40:08,749 : INFO : EventManager : Event: ======'collecting_balls_complete'====== Args={}
2024-12-08 08:40:08,792 : INFO : EventManager : Event: ======'slide_awesome_slide_created'====== Args={'_from_bcp': True}
2024-12-08 08:40:08,792 : INFO : EventManager : Event: ======'slide_awesome_slide_active'====== Args={'_from_bcp': True}
2024-12-08 08:40:08,793 : INFO : Machine : Starting the main run loop.
2024-12-08 08:40:09,122 : INFO : BcpServer : New client connected.
2024-12-08 08:40:11,739 : INFO : EventManager : Event: ======'slide_press_start_created'====== Args={'_from_bcp': True}
2024-12-08 08:40:11,741 : INFO : EventManager : Event: ======'slide_press_start_active'====== Args={'_from_bcp': True}
2024-12-08 08:40:13,194 : INFO : SwitchController : <<<<<<< 's_start' active >>>>>>>
2024-12-08 08:40:13,482 : INFO : SwitchController : <<<<<<< 's_start' inactive >>>>>>>
2024-12-08 08:40:13,482 : INFO : EventManager : Event: ======'request_to_start_game'====== Args={}
2024-12-08 08:40:13,483 : INFO : EventManager : Event: ======'game_start'====== Args={'buttons': [], 'hold_time': 0.28200000000651926}
2024-12-08 08:40:13,484 : INFO : EventManager : Event: ======'mode_game_will_start'====== Args={'buttons': [], 'hold_time': 0.28200000000651926}
2024-12-08 08:40:13,484 : INFO : EventManager : Event: ======'mode_game_starting'====== Args={'buttons': [], 'hold_time': 0.28200000000651926}
2024-12-08 08:40:13,485 : INFO : EventManager : Event: ======'mode_attract_will_stop'====== Args={}
2024-12-08 08:40:13,485 : INFO : EventManager : Event: ======'mode_attract_stopping'====== Args={}
2024-12-08 08:40:13,485 : INFO : Mode.attract : Stopped.
2024-12-08 08:40:13,485 : INFO : EventManager : Event: ======'modes_active_modes_changed'====== Args={}
2024-12-08 08:40:13,486 : INFO : EventManager : Event: ======'mode_attract_stopped'====== Args={}
2024-12-08 08:40:13,487 : INFO : EventManager : Event: ======'clear'====== Args={'key': 'attract'}
2024-12-08 08:40:13,487 : INFO : Mode.game : Started. Priority: 20
2024-12-08 08:40:13,487 : INFO : EventManager : Event: ======'modes_active_modes_changed'====== Args={}
2024-12-08 08:40:13,488 : INFO : EventManager : Event: ======'mode_game_started'====== Args={'buttons': [], 'hold_time': 0.28200000000651926}
2024-12-08 08:40:13,496 : INFO : EventManager : Event: ======'game_will_start'====== Args={}
2024-12-08 08:40:13,497 : INFO : EventManager : Event: ======'slide_awesome_slide_removed'====== Args={'_from_bcp': True}
2024-12-08 08:40:13,497 : INFO : EventManager : Event: ======'slide_press_start_removed'====== Args={'_from_bcp': True}
2024-12-08 08:40:13,498 : INFO : EventManager : Event: ======'slide_welcome_slide_active'====== Args={'_from_bcp': True}
2024-12-08 08:40:13,499 : INFO : EventManager : Event: ======'game_starting'====== Args={'game': <Mode.game>}
2024-12-08 08:40:13,500 : INFO : EventManager : Event: ======'player_add_request'====== Args={}
2024-12-08 08:40:13,500 : INFO : EventManager : Event: ======'player_will_add'====== Args={'number': 1}
2024-12-08 08:40:13,501 : INFO : EventManager : Event: ======'player_adding'====== Args={'player': <Player 1>, 'number': 1}
2024-12-08 08:40:13,501 : INFO : EventManager : Event: ======'player_added'====== Args={'player': <Player 1>, 'num': 1}
2024-12-08 08:40:13,502 : INFO : Mode.game : Player added successfully. Total players: 1
2024-12-08 08:40:13,502 : INFO : EventManager : Event: ======'player_index'====== Args={'value': 0, 'prev_value': 0, 'change': 0, 'player_num': 1}
2024-12-08 08:40:13,503 : INFO : EventManager : Event: ======'player_number'====== Args={'value': 1, 'prev_value': 1, 'change': 0, 'player_num': 1}
2024-12-08 08:40:13,503 : INFO : EventManager : Event: ======'player_score'====== Args={'value': 0, 'prev_value': 0, 'change': 0, 'player_num': 1}
2024-12-08 08:40:13,504 : INFO : EventManager : Event: ======'game_started'====== Args={}
2024-12-08 08:40:13,527 : INFO : EventManager : Event: ======'player_turn_will_start'====== Args={'player': <Player 1>, 'number': 1}
2024-12-08 08:40:13,529 : INFO : EventManager : Event: ======'player_turn_starting'====== Args={'player': <Player 1>, 'number': 1}
2024-12-08 08:40:13,530 : INFO : EventManager : Event: ======'player_ball'====== Args={'value': 1, 'prev_value': 0, 'change': 1, 'player_num': 1}
2024-12-08 08:40:13,530 : INFO : EventManager : Event: ======'player_turn_started'====== Args={'player': <Player 1>, 'number': 1}
2024-12-08 08:40:13,532 : INFO : EventManager : Event: ======'ball_will_start'====== Args={'player': 1, 'ball': 1, 'balls_remaining': 2, 'is_extra_ball': False}
2024-12-08 08:40:13,537 : INFO : EventManager : Event: ======'ball_starting'====== Args={'player': 1, 'ball': 1, 'balls_remaining': 2, 'is_extra_ball': False}
2024-12-08 08:40:13,538 : INFO : EventManager : Event: ======'mode_base_will_start'====== Args={'queue': <QueuedEvent>, 'player': 1, 'ball': 1, 'balls_remaining': 2, 'is_extra_ball': False}
2024-12-08 08:40:13,539 : INFO : EventManager : Event: ======'mode_base_starting'====== Args={'queue': <QueuedEvent>, 'player': 1, 'ball': 1, 'balls_remaining': 2, 'is_extra_ball': False}
2024-12-08 08:40:13,540 : INFO : Mode.base : Started. Priority: 100
2024-12-08 08:40:13,540 : INFO : EventManager : Event: ======'modes_active_modes_changed'====== Args={}
2024-12-08 08:40:13,540 : INFO : EventManager : Event: ======'mode_base_started'====== Args={'queue': <QueuedEvent>, 'player': 1, 'ball': 1, 'balls_remaining': 2, 'is_extra_ball': False}
2024-12-08 08:40:13,542 : INFO : EventManager : Event: ======'balls_in_play'====== Args={'balls': 1}
2024-12-08 08:40:13,542 : INFO : EventManager : Event: ======'ball_started'====== Args={'player': 1, 'ball': 1, 'balls_remaining': 2, 'is_extra_ball': False}
2024-12-08 08:40:13,543 : INFO : EventManager : Event: ======'mode_reentry_will_start'====== Args={'player': 1, 'ball': 1, 'balls_remaining': 2, 'is_extra_ball': False}
2024-12-08 08:40:13,544 : INFO : EventManager : Event: ======'player_shot_reentryL_shot_enabled'====== Args={'value': True, 'prev_value': 0, 'change': 1, 'player_num': 1}
2024-12-08 08:40:13,545 : INFO : EventManager : Event: ======'player_shot_reentryM_shot_enabled'====== Args={'value': True, 'prev_value': 0, 'change': 1, 'player_num': 1}
2024-12-08 08:40:13,546 : INFO : EventManager : Event: ======'player_shot_reentryR_shot_enabled'====== Args={'value': True, 'prev_value': 0, 'change': 1, 'player_num': 1}
2024-12-08 08:40:13,547 : INFO : EventManager : Event: ======'reentry_shot_complete'====== Args={'state': 'off'}
2024-12-08 08:40:13,547 : INFO : EventManager : Event: ======'reentry_shot_off_complete'====== Args={}
2024-12-08 08:40:13,549 : INFO : EventManager : Event: ======'mode_reentry_starting'====== Args={'player': 1, 'ball': 1, 'balls_remaining': 2, 'is_extra_ball': False}
2024-12-08 08:40:13,549 : INFO : EventManager : Event: ======'mode_lowerlanes_will_start'====== Args={'player': 1, 'ball': 1, 'balls_remaining': 2, 'is_extra_ball': False}
2024-12-08 08:40:13,549 : INFO : EventManager : Event: ======'player_shot_returnLaneL_shot_enabled'====== Args={'value': True, 'prev_value': 0, 'change': 1, 'player_num': 1}
2024-12-08 08:40:13,550 : INFO : EventManager : Event: ======'player_shot_bonusLane_shot_enabled'====== Args={'value': True, 'prev_value': 0, 'change': 1, 'player_num': 1}
2024-12-08 08:40:13,551 : INFO : EventManager : Event: ======'player_shot_outLaneL_shot_enabled'====== Args={'value': True, 'prev_value': 0, 'change': 1, 'player_num': 1}
2024-12-08 08:40:13,552 : INFO : EventManager : Event: ======'player_shot_returnLaneR_shot_enabled'====== Args={'value': True, 'prev_value': 0, 'change': 1, 'player_num': 1}
2024-12-08 08:40:13,553 : INFO : EventManager : Event: ======'player_shot_outLaneR_shot_enabled'====== Args={'value': True, 'prev_value': 0, 'change': 1, 'player_num': 1}
2024-12-08 08:40:13,554 : INFO : EventManager : Event: ======'player_shot_spacewarp_rollover_shot_enabled'====== Args={'value': True, 'prev_value': 0, 'change': 1, 'player_num': 1}
2024-12-08 08:40:13,554 : INFO : EventManager : Event: ======'returnLane_shot_complete'====== Args={'state': 'unlit'}
2024-12-08 08:40:13,555 : INFO : EventManager : Event: ======'returnLane_shot_unlit_complete'====== Args={}
2024-12-08 08:40:13,555 : INFO : EventManager : Event: ======'outLane_shot_complete'====== Args={'state': 'unlit'}
2024-12-08 08:40:13,555 : INFO : EventManager : Event: ======'outLane_shot_unlit_complete'====== Args={}
2024-12-08 08:40:13,557 : INFO : EventManager : Event: ======'mode_lowerlanes_starting'====== Args={'player': 1, 'ball': 1, 'balls_remaining': 2, 'is_extra_ball': False}
2024-12-08 08:40:13,559 : INFO : Mode.lowerlanes : Started. Priority: 200
2024-12-08 08:40:13,559 : INFO : EventManager : Event: ======'modes_active_modes_changed'====== Args={}
2024-12-08 08:40:13,559 : INFO : EventManager : Event: ======'mode_lowerlanes_started'====== Args={'player': 1, 'ball': 1, 'balls_remaining': 2, 'is_extra_ball': False}
2024-12-08 08:40:13,601 : INFO : EventManager : Event: ======'logicblock_reentry_shot_complete_count_updated'====== Args={'value': 1, 'enabled': True}
2024-12-08 08:40:13,601 : INFO : EventManager : Event: ======'logicblock_reentry_shot_complete_count_updated'====== Args={'value': 1, 'enabled': True}
2024-12-08 08:40:13,601 : INFO : Mode.reentry : Started. Priority: 200
2024-12-08 08:40:13,601 : INFO : EventManager : Event: ======'modes_active_modes_changed'====== Args={}
2024-12-08 08:40:13,601 : INFO : EventManager : Event: ======'mode_reentry_started'====== Args={'player': 1, 'ball': 1, 'balls_remaining': 2, 'is_extra_ball': False}
2024-12-08 08:40:13,602 : INFO : EventManager : Event: ======'player_attack_bumper_count'====== Args={'value': 1, 'prev_value': 0, 'change': 1, 'player_num': 1}
2024-12-08 08:40:13,603 : INFO : EventManager : Event: ======'single_player_ball_started'====== Args={}
2024-12-08 08:40:13,603 : INFO : EventManager : Event: ======'slide_base.slide_player-mode_base_started_created'====== Args={'_from_bcp': True}
2024-12-08 08:40:13,603 : INFO : EventManager : Event: ======'slide_base.slide_player-mode_base_started_active'====== Args={'_from_bcp': True}
2024-12-08 08:40:13,604 : INFO : EventManager : Event: ======'slide__global.slide_player-ball_started_created'====== Args={'_from_bcp': True}
2024-12-08 08:40:13,637 : INFO : EventManager : Event: ======'ball_start_target'====== Args={'target': 'playfield'}
2024-12-08 08:40:13,638 : INFO : ball_device.bd_plunger : Setting up player-controlled eject. Balls: 1, Target: <playfield.playfield>, player_controlled_eject_event: None
2024-12-08 08:40:13,639 : INFO : EventManager : Event: ======'balldevice_balls_available'====== Args={}
2024-12-08 08:40:13,640 : INFO : ball_device.bd_trough : State: waiting_for_target_ready
2024-12-08 08:40:13,640 : INFO : EventManager : Event: ======'balldevice_bd_trough_ball_eject_attempt'====== Args={'balls': 1, 'target': <ball_device.bd_plunger>, 'source': <ball_device.bd_trough>, 'mechanical_eject': True, 'num_attempts': 0}
2024-12-08 08:40:13,641 : INFO : ball_device.bd_plunger : State: waiting_for_ball
2024-12-08 08:40:13,641 : INFO : ball_device.bd_trough : State: ejecting
2024-12-08 08:40:13,641 : INFO : ball_device.bd_trough : Ejecting ball to <ball_device.bd_plunger>
2024-12-08 08:40:13,642 : INFO : EventManager : Event: ======'balldevice_bd_trough_ejecting_ball'====== Args={'balls': 1, 'target': <ball_device.bd_plunger>, 'source': <ball_device.bd_trough>, 'mechanical_eject': True, 'num_attempts': 0}
2024-12-08 08:40:13,642 : INFO : ball_device.bd_trough : Wait for ball to leave device
2024-12-08 08:40:13,643 : INFO : coil.c_trough_eject : Pulsing Driver for 10ms (1.0 pulse_power)
2024-12-08 08:40:20,129 : INFO : SwitchController : <<<<<<< 's_spacewarp_rollover' active >>>>>>>
2024-12-08 08:40:20,130 : INFO : EventManager : Event: ======'playfield_active'====== Args={}
2024-12-08 08:40:20,130 : INFO : EventManager : Event: ======'unexpected_ball_on_playfield'====== Args={}
2024-12-08 08:40:20,130 : INFO : EventManager : Event: ======'s_spacewarp_rollover_active'====== Args={}
2024-12-08 08:40:20,131 : INFO : EventManager : Event: ======'machine_var_audits_switches_s_spacewarp_rollover'====== Args={'value': 23, 'prev_value': 22, 'change': 1}
2024-12-08 08:40:20,140 : INFO : EventManager : Event: ======'player_shot_spacewarp_rollover_shot'====== Args={'value': 1, 'prev_value': 0, 'change': 1, 'player_num': 1}
2024-12-08 08:40:20,141 : INFO : EventManager : Event: ======'machine_var_audits_shots_spacewarp_rollover_shot'====== Args={'value': 22, 'prev_value': 21, 'change': 1}
2024-12-08 08:40:20,142 : INFO : EventManager : Event: ======'spacewarp_rollover_shot_hit'====== Args={'profile': 'default', 'state': 'unlit', 'advancing': True}
2024-12-08 08:40:20,142 : INFO : EventManager : Event: ======'spacewarp_rollover_shot_default_hit'====== Args={'profile': 'default', 'state': 'unlit', 'advancing': True}
2024-12-08 08:40:20,142 : INFO : EventManager : Event: ======'spacewarp_rollover_shot_default_unlit_hit'====== Args={'profile': 'default', 'state': 'unlit', 'advancing': True}
2024-12-08 08:40:20,143 : INFO : EventManager : Event: ======'spacewarp_rollover_shot_unlit_hit'====== Args={'profile': 'default', 'state': 'unlit', 'advancing': True}
2024-12-08 08:40:20,143 : INFO : EventManager : Event: ======'returnLane_shot.states.lit'====== Args={'priority': 0}
2024-12-08 08:40:20,310 : INFO : SwitchController : <<<<<<< 's_spacewarp_rollover' inactive >>>>>>>
2024-12-08 08:40:23,634 : INFO : EventManager : Event: ======'balldevice_bd_trough_ball_eject_failed'====== Args={'target': <ball_device.bd_plunger>, 'balls': 1, 'retry': True, 'num_attempts': 1}
2024-12-08 08:40:23,640 : INFO : ball_device.bd_trough : State: waiting_for_target_ready
2024-12-08 08:40:23,641 : INFO : EventManager : Event: ======'balldevice_bd_trough_ball_eject_attempt'====== Args={'balls': 1, 'target': <ball_device.bd_plunger>, 'source': <ball_device.bd_trough>, 'mechanical_eject': True, 'num_attempts': 1}
2024-12-08 08:40:23,643 : INFO : ball_device.bd_trough : State: ejecting
2024-12-08 08:40:23,645 : INFO : ball_device.bd_trough : Ejecting ball to <ball_device.bd_plunger>
2024-12-08 08:40:23,645 : INFO : EventManager : Event: ======'balldevice_bd_trough_ejecting_ball'====== Args={'balls': 1, 'target': <ball_device.bd_plunger>, 'source': <ball_device.bd_trough>, 'mechanical_eject': True, 'num_attempts': 1}
2024-12-08 08:40:23,650 : INFO : ball_device.bd_trough : Wait for ball to leave device
2024-12-08 08:40:23,651 : INFO : coil.c_trough_eject : Pulsing Driver for 10ms (1.0 pulse_power)
2024-12-08 08:40:27,805 : INFO : SwitchController : <<<<<<< 's_left_return_lane' active >>>>>>>
2024-12-08 08:40:27,805 : INFO : EventManager : Event: ======'playfield_active'====== Args={}
2024-12-08 08:40:27,806 : INFO : EventManager : Event: ======'unexpected_ball_on_playfield'====== Args={}
2024-12-08 08:40:27,806 : INFO : EventManager : Event: ======'s_left_return_lane_active'====== Args={}
2024-12-08 08:40:27,807 : INFO : EventManager : Event: ======'machine_var_audits_switches_s_left_return_lane'====== Args={'value': 91, 'prev_value': 90, 'change': 1}
2024-12-08 08:40:27,810 : INFO : EventManager : Event: ======'machine_var_audits_shots_returnLaneL_shot'====== Args={'value': 84, 'prev_value': 83, 'change': 1}
2024-12-08 08:40:27,825 : INFO : EventManager : Event: ======'returnLaneL_shot_hit'====== Args={'profile': 'returnLane', 'state': 'unlit', 'advancing': False}
2024-12-08 08:40:27,826 : INFO : EventManager : Event: ======'returnLaneL_shot_returnLane_hit'====== Args={'profile': 'returnLane', 'state': 'unlit', 'advancing': False}
2024-12-08 08:40:27,826 : INFO : EventManager : Event: ======'returnLaneL_shot_returnLane_unlit_hit'====== Args={'profile': 'returnLane', 'state': 'unlit', 'advancing': False}
2024-12-08 08:40:27,826 : INFO : EventManager : Event: ======'returnLaneL_shot_unlit_hit'====== Args={'profile': 'returnLane', 'state': 'unlit', 'advancing': False}
2024-12-08 08:40:27,826 : INFO : EventManager : Event: ======'returnLane_shot_hit'====== Args={}
2024-12-08 08:40:27,826 : INFO : EventManager : Event: ======'returnLane_shot_unlit_hit'====== Args={}
2024-12-08 08:40:27,827 : INFO : EventManager : Event: ======'player_score'====== Args={'value': 5000, 'prev_value': 0, 'change': 5000, 'player_num': 1}
2024-12-08 08:40:28,062 : INFO : SwitchController : <<<<<<< 's_left_return_lane' inactive >>>>>>>
2024-12-08 08:40:33,636 : INFO : EventManager : Event: ======'balldevice_bd_trough_ball_eject_failed'====== Args={'target': <ball_device.bd_plunger>, 'balls': 1, 'retry': True, 'num_attempts': 2}
2024-12-08 08:40:33,642 : INFO : ball_device.bd_trough : State: waiting_for_target_ready
2024-12-08 08:40:33,643 : INFO : EventManager : Event: ======'balldevice_bd_trough_ball_eject_attempt'====== Args={'balls': 1, 'target': <ball_device.bd_plunger>, 'source': <ball_device.bd_trough>, 'mechanical_eject': True, 'num_attempts': 2}
2024-12-08 08:40:33,645 : INFO : ball_device.bd_trough : State: ejecting
2024-12-08 08:40:33,647 : INFO : ball_device.bd_trough : Ejecting ball to <ball_device.bd_plunger>
2024-12-08 08:40:33,647 : INFO : EventManager : Event: ======'balldevice_bd_trough_ejecting_ball'====== Args={'balls': 1, 'target': <ball_device.bd_plunger>, 'source': <ball_device.bd_trough>, 'mechanical_eject': True, 'num_attempts': 2}
2024-12-08 08:40:33,651 : INFO : ball_device.bd_trough : Wait for ball to leave device
2024-12-08 08:40:33,652 : INFO : coil.c_trough_eject : Pulsing Driver for 10ms (1.0 pulse_power)
2024-12-08 08:40:37,751 : INFO : SwitchController : <<<<<<< 's_trough1' inactive >>>>>>>
2024-12-08 08:40:37,772 : INFO : ball_device.bd_trough : State: ball_left
2024-12-08 08:40:37,773 : INFO : ball_device.bd_trough : Ball left
2024-12-08 08:40:37,773 : INFO : ball_device.bd_trough : Wait for confirm with timeout 10.0
2024-12-08 08:40:47,763 : INFO : ball_device.bd_trough : State: failed_confirm
2024-12-08 08:40:47,764 : INFO : ball_device.bd_trough : Got timeout (10.0s) before confirm from <ball_device.bd_plunger>
2024-12-08 08:40:47,769 : INFO : ball_device.bd_plunger : Expecting incoming ball which may skip the device.
2024-12-08 08:40:47,769 : INFO : EventManager : Event: ======'balldevice_bd_plunger_ejecting_ball'====== Args={'balls': 1, 'target': <playfield.playfield>, 'source': <ball_device.bd_plunger>, 'mechanical_eject': False, 'num_attempts': 1}
2024-12-08 08:40:57,754 : INFO : ball_device.bd_plunger : Got confirm for skipping ball.
2024-12-08 08:40:57,755 : INFO : ball_device.bd_plunger : Eject successful
2024-12-08 08:40:57,755 : INFO : EventManager : Event: ======'balldevice_bd_plunger_ball_eject_success'====== Args={'balls': 1, 'target': <playfield.playfield>}
2024-12-08 08:40:57,758 : INFO : EventManager : Event: ======'balldevice_playfield_ball_enter'====== Args={'new_balls': 1, 'unclaimed_balls': 1, 'device': <playfield.playfield>}
2024-12-08 08:40:57,759 : INFO : EventManager : Event: ======'playfield_ball_count_change'====== Args={'balls': 1, 'change': 1}
2024-12-08 08:40:57,761 : INFO : ball_device.bd_plunger : State: idle
2024-12-08 08:40:57,765 : INFO : ball_device.bd_trough : Eject successful
2024-12-08 08:40:57,765 : INFO : EventManager : Event: ======'balldevice_bd_trough_ball_eject_success'====== Args={'balls': 1, 'target': <ball_device.bd_plunger>}
2024-12-08 08:40:57,768 : INFO : EventManager : Event: ======'balldevice_bd_trough_ball_count_changed'====== Args={'balls': 0}
2024-12-08 08:40:57,769 : INFO : ball_device.bd_trough : State: idle
2024-12-08 08:41:29,825 : INFO : SwitchController : <<<<<<< 's_spacewarp_rollover' active >>>>>>>
2024-12-08 08:41:29,825 : INFO : EventManager : Event: ======'s_spacewarp_rollover_active'====== Args={}
2024-12-08 08:41:29,825 : INFO : EventManager : Event: ======'machine_var_audits_switches_s_spacewarp_rollover'====== Args={'value': 24, 'prev_value': 23, 'change': 1}
2024-12-08 08:41:29,849 : INFO : EventManager : Event: ======'machine_var_audits_shots_spacewarp_rollover_shot'====== Args={'value': 23, 'prev_value': 22, 'change': 1}
2024-12-08 08:41:29,851 : INFO : EventManager : Event: ======'spacewarp_rollover_shot_hit'====== Args={'profile': 'default', 'state': 'lit', 'advancing': False}
2024-12-08 08:41:29,851 : INFO : EventManager : Event: ======'spacewarp_rollover_shot_default_hit'====== Args={'profile': 'default', 'state': 'lit', 'advancing': False}
2024-12-08 08:41:29,851 : INFO : EventManager : Event: ======'spacewarp_rollover_shot_default_lit_hit'====== Args={'profile': 'default', 'state': 'lit', 'advancing': False}
2024-12-08 08:41:29,852 : INFO : EventManager : Event: ======'spacewarp_rollover_shot_lit_hit'====== Args={'profile': 'default', 'state': 'lit', 'advancing': False}
2024-12-08 08:41:29,852 : INFO : EventManager : Event: ======'returnLane_shot.states.lit'====== Args={'priority': 0}
2024-12-08 08:41:29,989 : INFO : SwitchController : <<<<<<< 's_spacewarp_rollover' inactive >>>>>>>
2024-12-08 08:41:41,749 : INFO : SwitchController : <<<<<<< 's_right_return_lane' active >>>>>>>
2024-12-08 08:41:41,749 : INFO : EventManager : Event: ======'s_right_return_lane_active'====== Args={}
2024-12-08 08:41:41,751 : INFO : EventManager : Event: ======'machine_var_audits_switches_s_right_return_lane'====== Args={'value': 57, 'prev_value': 56, 'change': 1}
2024-12-08 08:41:41,755 : INFO : EventManager : Event: ======'machine_var_audits_shots_returnLaneR_shot'====== Args={'value': 45, 'prev_value': 44, 'change': 1}
2024-12-08 08:41:41,777 : INFO : EventManager : Event: ======'returnLaneR_shot_hit'====== Args={'profile': 'returnLane', 'state': 'unlit', 'advancing': False}
2024-12-08 08:41:41,778 : INFO : EventManager : Event: ======'returnLaneR_shot_returnLane_hit'====== Args={'profile': 'returnLane', 'state': 'unlit', 'advancing': False}
2024-12-08 08:41:41,778 : INFO : EventManager : Event: ======'returnLaneR_shot_returnLane_unlit_hit'====== Args={'profile': 'returnLane', 'state': 'unlit', 'advancing': False}
2024-12-08 08:41:41,778 : INFO : EventManager : Event: ======'returnLaneR_shot_unlit_hit'====== Args={'profile': 'returnLane', 'state': 'unlit', 'advancing': False}
2024-12-08 08:41:41,779 : INFO : EventManager : Event: ======'returnLane_shot_hit'====== Args={}
2024-12-08 08:41:41,779 : INFO : EventManager : Event: ======'returnLane_shot_unlit_hit'====== Args={}
2024-12-08 08:41:41,779 : INFO : EventManager : Event: ======'player_score'====== Args={'value': 10000, 'prev_value': 5000, 'change': 5000, 'player_num': 1}
2024-12-08 08:41:42,050 : INFO : SwitchController : <<<<<<< 's_right_return_lane' inactive >>>>>>>
2024-12-08 08:42:59,812 : INFO : Machine : Shutting down...
2024-12-08 08:42:59,812 : INFO : EventManager : Event: ======'shutdown'====== Args={}
2024-12-08 08:42:59,829 : ERROR : OPP : Stop called on serial connection com5
2024-12-08 08:42:59,829 : ERROR : OPP : Stop called on serial connection com4
2024-12-08 08:42:59,833 : INFO : root : MPF run loop ended.
