2025-07-07 16:43:39,479 : INFO : root : Loading config.
2025-07-07 16:43:39,524 : INFO : ConfigProcessor : Config spec file cache created: C:\Users\student\AppData\Local\Temp\config_spec.mpf_cache
2025-07-07 16:43:39,525 : INFO : YamlMultifileConfigLoader : Machine config file #1: config.yaml
2025-07-07 16:43:39,525 : INFO : ConfigProcessor : Loading config from file C:\Users\student\mpfenv3\Lib\site-packages\mpf\mpfconfig.yaml.
2025-07-07 16:43:39,535 : INFO : ConfigProcessor : Loading config: C:\Users\student\mpfenv3\Lib\site-packages\mpf\mpfconfig.yaml
2025-07-07 16:43:39,535 : INFO : ConfigProcessor : Loading config from file C:\Users\student\pinball\cobraPinTest1\config\config.yaml.
2025-07-07 16:43:39,541 : INFO : ConfigProcessor : Loading config: C:\Users\student\pinball\cobraPinTest1\config\config.yaml
2025-07-07 16:43:39,543 : INFO : ConfigProcessor : Config file cache created: C:\Users\student\AppData\Local\Temp\a20d2796aecf24feaad48747be24652a.mpf_cache
2025-07-07 16:43:39,612 : INFO : ConfigProcessor : Loading config from file C:\Users\student\mpfenv3\Lib\site-packages\mpf\modes\attract\config\attract.yaml.
2025-07-07 16:43:39,612 : INFO : ConfigProcessor : Loading config: C:\Users\student\mpfenv3\Lib\site-packages\mpf\modes\attract\config\attract.yaml
2025-07-07 16:43:39,613 : INFO : ConfigProcessor : Loading config from file C:\Users\student\pinball\cobraPinTest1\modes\attract\config\attract.yaml.
2025-07-07 16:43:39,613 : INFO : ConfigProcessor : Loading config: C:\Users\student\pinball\cobraPinTest1\modes\attract\config\attract.yaml
2025-07-07 16:43:39,614 : INFO : ConfigProcessor : Config file cache created: C:\Users\student\AppData\Local\Temp\0196918bccd620e51d3c4d2630650aa0.mpf_cache
2025-07-07 16:43:39,614 : INFO : ConfigProcessor : Loading config from file C:\Users\student\mpfenv3\Lib\site-packages\mpf\modes\game\config\game.yaml.
2025-07-07 16:43:39,615 : INFO : ConfigProcessor : Loading config: C:\Users\student\mpfenv3\Lib\site-packages\mpf\modes\game\config\game.yaml
2025-07-07 16:43:39,615 : INFO : ConfigProcessor : Config file cache created: C:\Users\student\AppData\Local\Temp\511dcc6b491b0fa2d7aa9abdf6497e9c.mpf_cache
2025-07-07 16:43:39,616 : INFO : ConfigProcessor : Loading config from file C:\Users\student\pinball\cobraPinTest1\modes\base\config\base.yaml.
2025-07-07 16:43:39,617 : INFO : ConfigProcessor : Loading config: C:\Users\student\pinball\cobraPinTest1\modes\base\config\base.yaml
2025-07-07 16:43:39,617 : INFO : ConfigProcessor : Config file cache created: C:\Users\student\AppData\Local\Temp\4675a535c8328a9c278c807d999ed109.mpf_cache
2025-07-07 16:43:39,617 : INFO : ConfigProcessor : Loading config from file C:\Users\student\pinball\cobraPinTest1\modes\reentry\config\reentry.yaml.
2025-07-07 16:43:39,620 : INFO : ConfigProcessor : Loading config: C:\Users\student\pinball\cobraPinTest1\modes\reentry\config\reentry.yaml
2025-07-07 16:43:39,620 : INFO : ConfigProcessor : Config file cache created: C:\Users\student\AppData\Local\Temp\0c8438cab3480347c0c749fa494946a2.mpf_cache
2025-07-07 16:43:39,621 : INFO : ConfigProcessor : Loading config from file C:\Users\student\pinball\cobraPinTest1\modes\lowerlanes\config\lowerlanes.yaml.
2025-07-07 16:43:39,622 : INFO : ConfigProcessor : Loading config: C:\Users\student\pinball\cobraPinTest1\modes\lowerlanes\config\lowerlanes.yaml
2025-07-07 16:43:39,623 : INFO : ConfigProcessor : Config file cache created: C:\Users\student\AppData\Local\Temp\5052615755bdf1309b248cf8695ad4ff.mpf_cache
2025-07-07 16:43:39,623 : INFO : ConfigProcessor : Loading config from file C:\Users\student\pinball\cobraPinTest1\modes\returnlanes\config\returnlanes.yaml.
2025-07-07 16:43:39,624 : INFO : ConfigProcessor : Loading config: C:\Users\student\pinball\cobraPinTest1\modes\returnlanes\config\returnlanes.yaml
2025-07-07 16:43:39,625 : INFO : ConfigProcessor : Config file cache created: C:\Users\student\AppData\Local\Temp\55e33f498afd3883899abc6da4842b47.mpf_cache
2025-07-07 16:43:39,625 : INFO : ConfigProcessor : Loading config from file C:\Users\student\pinball\cobraPinTest1\modes\attract\shows\.\attract_display_loop.yaml.
2025-07-07 16:43:39,627 : INFO : ConfigProcessor : Loading config: C:\Users\student\pinball\cobraPinTest1\modes\attract\shows\.\attract_display_loop.yaml
2025-07-07 16:43:39,627 : INFO : ConfigProcessor : Config file cache created: C:\Users\student\AppData\Local\Temp\f8d2c2cf3ea01f085365ea23fa51a701.mpf_cache
2025-07-07 16:43:39,628 : INFO : ConfigProcessor : Loading config from file C:\Users\student\pinball\cobraPinTest1\modes\attract\shows\.\attract_light_show.yaml.
2025-07-07 16:43:39,629 : INFO : ConfigProcessor : Loading config: C:\Users\student\pinball\cobraPinTest1\modes\attract\shows\.\attract_light_show.yaml
2025-07-07 16:43:39,629 : INFO : ConfigProcessor : Config file cache created: C:\Users\student\AppData\Local\Temp\30bd992f4b62a9b099207aebeb59554c.mpf_cache
2025-07-07 16:43:39,630 : INFO : Machine : Mission Pinball Framework Core Engine v0.57.3
2025-07-07 16:43:39,630 : INFO : Machine : Command line arguments: {'no_load_cache': True, 'create_config_cache': True, 'bcp': True, 'configfile': ['config.yaml'], 'force_assets_load': False, 'platform_integration_test': False, 'jsonlogging': False, 'logfile': 'logs\\2025-07-07-16-43-39-mpf-DESKTOP-0JH7ARL.log', 'pause': False, 'production': False, 'text_ui': True, 'loglevel': 15, 'consoleloglevel': 20, 'force_platform': None, 'syslog_address': None, 'mc_file_name': None, 'no_sound': False}
2025-07-07 16:43:39,630 : INFO : Machine : MPF path: C:\Users\student\mpfenv3\Lib\site-packages\mpf
2025-07-07 16:43:39,630 : INFO : Machine : Machine path: C:\Users\student\pinball\cobraPinTest1
2025-07-07 16:43:39,630 : INFO : Machine : Platform: win32
2025-07-07 16:43:39,630 : INFO : Machine : Python executable location: C:\Users\student\mpfenv3\Scripts\python.exe
2025-07-07 16:43:39,630 : INFO : Machine : Python version: 3.11.8 (64-bit)
2025-07-07 16:43:39,632 : INFO : Machine : Initializing MPF...
2025-07-07 16:43:39,882 : INFO : OPP : Connecting to com4 at 115200bps
2025-07-07 16:43:40,058 : INFO : OPP : Init of OPP board 0 done
2025-07-07 16:43:40,058 : INFO : OPP : Connecting to com5 at 115200bps
2025-07-07 16:43:40,169 : INFO : OPP : Init of OPP board 1 done
2025-07-07 16:43:40,169 : INFO : EventManager : Event: ======'machine_var_credits_string'====== Args={'value': 'FREE PLAY', 'prev_value': None, 'change': True}
2025-07-07 16:43:40,229 : INFO : EventManager : Event: ======'machine_var_master_volume'====== Args={'value': 0.5, 'prev_value': None, 'change': True}
2025-07-07 16:43:40,229 : INFO : EventManager : Event: ======'machine_var_player1_score'====== Args={'value': 1500, 'prev_value': None, 'change': True}
2025-07-07 16:43:40,229 : INFO : EventManager : Event: ======'machine_var_mpf_version'====== Args={'value': 'Mission Pinball Framework v0.57.3', 'prev_value': None, 'change': True}
2025-07-07 16:43:40,229 : INFO : EventManager : Event: ======'machine_var_mpf_extended_version'====== Args={'value': 'Mission Pinball Framework v0.57.3, Config version:6, Show version: 6, BCP version:1.1', 'prev_value': None, 'change': True}
2025-07-07 16:43:40,229 : INFO : EventManager : Event: ======'machine_var_python_version'====== Args={'value': '3.11.8', 'prev_value': None, 'change': True}
2025-07-07 16:43:40,239 : INFO : EventManager : Event: ======'machine_var_platform'====== Args={'value': 'Windows-10-10.0.19045-SP0', 'prev_value': None, 'change': True}
2025-07-07 16:43:40,239 : INFO : EventManager : Event: ======'machine_var_platform_system'====== Args={'value': 'Windows', 'prev_value': None, 'change': True}
2025-07-07 16:43:40,239 : INFO : EventManager : Event: ======'machine_var_platform_release'====== Args={'value': '10', 'prev_value': None, 'change': True}
2025-07-07 16:43:40,239 : INFO : EventManager : Event: ======'machine_var_platform_version'====== Args={'value': '10.0.19045', 'prev_value': None, 'change': True}
2025-07-07 16:43:40,239 : INFO : EventManager : Event: ======'machine_var_platform_machine'====== Args={'value': 'AMD64', 'prev_value': None, 'change': True}
2025-07-07 16:43:40,239 : INFO : EventManager : Event: ======'init_phase_1'====== Args={}
2025-07-07 16:43:40,260 : INFO : EventManager : Event: ======'init_phase_2'====== Args={}
2025-07-07 16:43:40,260 : INFO : SwitchController : Found active switch: ('0-0-8', <Platform.OPP>) <switch.s_trough1>
2025-07-07 16:43:40,264 : INFO : EventManager : Event: ======'bcp_connection_attempt'====== Args={'name': 'local_display', 'host': 'localhost', 'port': 5050}
2025-07-07 16:43:40,266 : INFO : BCPClientSocket : Connecting BCP to 'local_display' at localhost:5050...
2025-07-07 16:43:42,299 : INFO : BCPClientSocket : Connected BCP to 'local_display' localhost:5050
2025-07-07 16:43:42,300 : INFO : EventManager : Event: ======'bcp_clients_connected'====== Args={}
2025-07-07 16:43:42,504 : INFO : EventManager : Event: ======'machine_var_mc_version'====== Args={'value': 'MPF-MC v0.57.1', 'prev_value': None, 'change': True}
2025-07-07 16:43:42,504 : INFO : EventManager : Event: ======'machine_var_mc_extended_version'====== Args={'value': 'MPF-MC v0.57.1 (config_version=6, BCP v1.1,                      Requires MPF API compatibility v0.57.0 or newer)', 'prev_value': None, 'change': True}
2025-07-07 16:43:42,506 : INFO : ball_device.bd_trough : BCH: Initial count: 1
2025-07-07 16:43:42,543 : INFO : ball_device.bd_trough : State: idle
2025-07-07 16:43:42,543 : INFO : ball_device.bd_plunger : BCH: Initial count: 0
2025-07-07 16:43:42,543 : INFO : ball_device.bd_plunger : State: idle
2025-07-07 16:43:42,562 : INFO : EventManager : Event: ======'init_phase_3'====== Args={}
2025-07-07 16:43:42,567 : INFO : EventManager : Event: ======'init_phase_4'====== Args={}
2025-07-07 16:43:42,568 : INFO : BallController : Initial balls found: 1
2025-07-07 16:43:42,569 : INFO : EventManager : Event: ======'machine_var_audits_events_game_ended'====== Args={'value': 0, 'prev_value': None, 'change': True}
2025-07-07 16:43:42,569 : INFO : EventManager : Event: ======'machine_var_audits_events_game_started'====== Args={'value': 128, 'prev_value': None, 'change': True}
2025-07-07 16:43:42,569 : INFO : EventManager : Event: ======'machine_var_audits_missing_switches_s_bonus_lane'====== Args={'value': 24, 'prev_value': None, 'change': True}
2025-07-07 16:43:42,569 : INFO : EventManager : Event: ======'machine_var_audits_missing_switches_s_hyperspacekicker'====== Args={'value': 51, 'prev_value': None, 'change': True}
2025-07-07 16:43:42,569 : INFO : EventManager : Event: ======'machine_var_audits_missing_switches_s_left_flipper'====== Args={'value': 24, 'prev_value': None, 'change': True}
2025-07-07 16:43:42,569 : INFO : EventManager : Event: ======'machine_var_audits_missing_switches_s_left_out_lane'====== Args={'value': 24, 'prev_value': None, 'change': True}
2025-07-07 16:43:42,570 : INFO : EventManager : Event: ======'machine_var_audits_missing_switches_s_left_return_lane'====== Args={'value': 52, 'prev_value': None, 'change': True}
2025-07-07 16:43:42,570 : INFO : EventManager : Event: ======'machine_var_audits_missing_switches_s_lower_left_slingshot'====== Args={'value': 24, 'prev_value': None, 'change': True}
2025-07-07 16:43:42,570 : INFO : EventManager : Event: ======'machine_var_audits_missing_switches_s_lower_right_slingshot'====== Args={'value': 24, 'prev_value': None, 'change': True}
2025-07-07 16:43:42,570 : INFO : EventManager : Event: ======'machine_var_audits_missing_switches_s_right_attack_bumper'====== Args={'value': 1, 'prev_value': None, 'change': True}
2025-07-07 16:43:42,570 : INFO : EventManager : Event: ======'machine_var_audits_missing_switches_s_right_flipper'====== Args={'value': 24, 'prev_value': None, 'change': True}
2025-07-07 16:43:42,570 : INFO : EventManager : Event: ======'machine_var_audits_missing_switches_s_right_out_lane'====== Args={'value': 52, 'prev_value': None, 'change': True}
2025-07-07 16:43:42,570 : INFO : EventManager : Event: ======'machine_var_audits_missing_switches_s_right_return_lane'====== Args={'value': 52, 'prev_value': None, 'change': True}
2025-07-07 16:43:42,570 : INFO : EventManager : Event: ======'machine_var_audits_missing_switches_s_spacewarp_rollover'====== Args={'value': 110, 'prev_value': None, 'change': True}
2025-07-07 16:43:42,570 : INFO : EventManager : Event: ======'machine_var_audits_missing_switches_s_start'====== Args={'value': 127, 'prev_value': None, 'change': True}
2025-07-07 16:43:42,570 : INFO : EventManager : Event: ======'machine_var_audits_missing_switches_s_trough1'====== Args={'value': 127, 'prev_value': None, 'change': True}
2025-07-07 16:43:42,571 : INFO : EventManager : Event: ======'machine_var_audits_missing_switches_s_upper_attack_bumper'====== Args={'value': 3, 'prev_value': None, 'change': True}
2025-07-07 16:43:42,571 : INFO : EventManager : Event: ======'machine_var_audits_missing_switches_s_wormhole_target'====== Args={'value': 24, 'prev_value': None, 'change': True}
2025-07-07 16:43:42,571 : INFO : EventManager : Event: ======'machine_var_audits_player_score'====== Args={'value': {'average': 1800.0, 'top': [2000, 1900, 1500], 'total': 3}, 'prev_value': None, 'change': True}
2025-07-07 16:43:42,571 : INFO : EventManager : Event: ======'machine_var_audits_shots_attack_bumper_left_shot'====== Args={'value': 137, 'prev_value': None, 'change': True}
2025-07-07 16:43:42,571 : INFO : EventManager : Event: ======'machine_var_audits_shots_attack_bumper_lower_shot'====== Args={'value': 236, 'prev_value': None, 'change': True}
2025-07-07 16:43:42,571 : INFO : EventManager : Event: ======'machine_var_audits_shots_attack_bumper_right_shot'====== Args={'value': 62, 'prev_value': None, 'change': True}
2025-07-07 16:43:42,571 : INFO : EventManager : Event: ======'machine_var_audits_shots_attack_bumper_upper_shot'====== Args={'value': 41, 'prev_value': None, 'change': True}
2025-07-07 16:43:42,571 : INFO : EventManager : Event: ======'machine_var_audits_shots_bonusLane_shot'====== Args={'value': 93, 'prev_value': None, 'change': True}
2025-07-07 16:43:42,571 : INFO : EventManager : Event: ======'machine_var_audits_shots_medalL_shot'====== Args={'value': 174, 'prev_value': None, 'change': True}
2025-07-07 16:43:42,572 : INFO : EventManager : Event: ======'machine_var_audits_shots_medalM_shot'====== Args={'value': 166, 'prev_value': None, 'change': True}
2025-07-07 16:43:42,572 : INFO : EventManager : Event: ======'machine_var_audits_shots_medalR_shot'====== Args={'value': 165, 'prev_value': None, 'change': True}
2025-07-07 16:43:42,572 : INFO : EventManager : Event: ======'machine_var_audits_shots_my_first_shot'====== Args={'value': 119, 'prev_value': None, 'change': True}
2025-07-07 16:43:42,572 : INFO : EventManager : Event: ======'machine_var_audits_shots_my_first_shot_mode2'====== Args={'value': 72, 'prev_value': None, 'change': True}
2025-07-07 16:43:42,572 : INFO : EventManager : Event: ======'machine_var_audits_shots_outLaneL_shot'====== Args={'value': 31, 'prev_value': None, 'change': True}
2025-07-07 16:43:42,572 : INFO : EventManager : Event: ======'machine_var_audits_shots_outLaneR_shot'====== Args={'value': 104, 'prev_value': None, 'change': True}
2025-07-07 16:43:42,572 : INFO : EventManager : Event: ======'machine_var_audits_shots_reentryL_shot'====== Args={'value': 590, 'prev_value': None, 'change': True}
2025-07-07 16:43:42,572 : INFO : EventManager : Event: ======'machine_var_audits_shots_reentryM_shot'====== Args={'value': 546, 'prev_value': None, 'change': True}
2025-07-07 16:43:42,572 : INFO : EventManager : Event: ======'machine_var_audits_shots_reentryR_shot'====== Args={'value': 538, 'prev_value': None, 'change': True}
2025-07-07 16:43:42,573 : INFO : EventManager : Event: ======'machine_var_audits_shots_reentry_shot'====== Args={'value': 9, 'prev_value': None, 'change': True}
2025-07-07 16:43:42,573 : INFO : EventManager : Event: ======'machine_var_audits_shots_returnLaneL_shot'====== Args={'value': 201, 'prev_value': None, 'change': True}
2025-07-07 16:43:42,573 : INFO : EventManager : Event: ======'machine_var_audits_shots_returnLaneR_shot'====== Args={'value': 143, 'prev_value': None, 'change': True}
2025-07-07 16:43:42,573 : INFO : EventManager : Event: ======'machine_var_audits_shots_spacewarp_rollover_shot'====== Args={'value': 47, 'prev_value': None, 'change': True}
2025-07-07 16:43:42,573 : INFO : EventManager : Event: ======'machine_var_audits_shots_top_lane_A'====== Args={'value': 12, 'prev_value': None, 'change': True}
2025-07-07 16:43:42,573 : INFO : EventManager : Event: ======'machine_var_audits_shots_top_lane_J'====== Args={'value': 12, 'prev_value': None, 'change': True}
2025-07-07 16:43:42,573 : INFO : EventManager : Event: ======'machine_var_audits_shots_top_lane_M'====== Args={'value': 9, 'prev_value': None, 'change': True}
2025-07-07 16:43:42,573 : INFO : EventManager : Event: ======'machine_var_audits_switches_s_blackhole_kicker'====== Args={'value': 0, 'prev_value': None, 'change': True}
2025-07-07 16:43:42,574 : INFO : EventManager : Event: ======'machine_var_audits_switches_s_bonus_lane'====== Args={'value': 106, 'prev_value': None, 'change': True}
2025-07-07 16:43:42,574 : INFO : EventManager : Event: ======'machine_var_audits_switches_s_booster_drop_target_1'====== Args={'value': 0, 'prev_value': None, 'change': True}
2025-07-07 16:43:42,574 : INFO : EventManager : Event: ======'machine_var_audits_switches_s_booster_drop_target_2'====== Args={'value': 0, 'prev_value': None, 'change': True}
2025-07-07 16:43:42,574 : INFO : EventManager : Event: ======'machine_var_audits_switches_s_booster_drop_target_3'====== Args={'value': 0, 'prev_value': None, 'change': True}
2025-07-07 16:43:42,574 : INFO : EventManager : Event: ======'machine_var_audits_switches_s_comet_spot_1'====== Args={'value': 0, 'prev_value': None, 'change': True}
2025-07-07 16:43:42,574 : INFO : EventManager : Event: ======'machine_var_audits_switches_s_comet_spot_2'====== Args={'value': 0, 'prev_value': None, 'change': True}
2025-07-07 16:43:42,574 : INFO : EventManager : Event: ======'machine_var_audits_switches_s_comet_spot_3'====== Args={'value': 0, 'prev_value': None, 'change': True}
2025-07-07 16:43:42,574 : INFO : EventManager : Event: ======'machine_var_audits_switches_s_engine_bumper_1'====== Args={'value': 0, 'prev_value': None, 'change': True}
2025-07-07 16:43:42,575 : INFO : EventManager : Event: ======'machine_var_audits_switches_s_engine_bumper_2'====== Args={'value': 0, 'prev_value': None, 'change': True}
2025-07-07 16:43:42,575 : INFO : EventManager : Event: ======'machine_var_audits_switches_s_engine_bumper_3'====== Args={'value': 0, 'prev_value': None, 'change': True}
2025-07-07 16:43:42,575 : INFO : EventManager : Event: ======'machine_var_audits_switches_s_fuel_chute_1'====== Args={'value': 0, 'prev_value': None, 'change': True}
2025-07-07 16:43:42,575 : INFO : EventManager : Event: ======'machine_var_audits_switches_s_fuel_chute_2'====== Args={'value': 0, 'prev_value': None, 'change': True}
2025-07-07 16:43:42,575 : INFO : EventManager : Event: ======'machine_var_audits_switches_s_fuel_chute_3'====== Args={'value': 0, 'prev_value': None, 'change': True}
2025-07-07 16:43:42,575 : INFO : EventManager : Event: ======'machine_var_audits_switches_s_fuel_chute_4'====== Args={'value': 0, 'prev_value': None, 'change': True}
2025-07-07 16:43:42,576 : INFO : EventManager : Event: ======'machine_var_audits_switches_s_fuel_chute_5'====== Args={'value': 0, 'prev_value': None, 'change': True}
2025-07-07 16:43:42,576 : INFO : EventManager : Event: ======'machine_var_audits_switches_s_fuel_chute_6'====== Args={'value': 0, 'prev_value': None, 'change': True}
2025-07-07 16:43:42,576 : INFO : EventManager : Event: ======'machine_var_audits_switches_s_fuel_flag'====== Args={'value': 0, 'prev_value': None, 'change': True}
2025-07-07 16:43:42,576 : INFO : EventManager : Event: ======'machine_var_audits_switches_s_fuel_spot_1'====== Args={'value': 0, 'prev_value': None, 'change': True}
2025-07-07 16:43:42,576 : INFO : EventManager : Event: ======'machine_var_audits_switches_s_fuel_spot_2'====== Args={'value': 0, 'prev_value': None, 'change': True}
2025-07-07 16:43:42,576 : INFO : EventManager : Event: ======'machine_var_audits_switches_s_fuel_spot_3'====== Args={'value': 0, 'prev_value': None, 'change': True}
2025-07-07 16:43:42,576 : INFO : EventManager : Event: ======'machine_var_audits_switches_s_green_wormhole'====== Args={'value': 0, 'prev_value': None, 'change': True}
2025-07-07 16:43:42,577 : INFO : EventManager : Event: ======'machine_var_audits_switches_s_hyperspace_flag'====== Args={'value': 0, 'prev_value': None, 'change': True}
2025-07-07 16:43:42,577 : INFO : EventManager : Event: ======'machine_var_audits_switches_s_hyperspacekicker'====== Args={'value': 694, 'prev_value': None, 'change': True}
2025-07-07 16:43:42,577 : INFO : EventManager : Event: ======'machine_var_audits_switches_s_launch_lane_1'====== Args={'value': 0, 'prev_value': None, 'change': True}
2025-07-07 16:43:42,577 : INFO : EventManager : Event: ======'machine_var_audits_switches_s_launch_lane_2'====== Args={'value': 0, 'prev_value': None, 'change': True}
2025-07-07 16:43:42,577 : INFO : EventManager : Event: ======'machine_var_audits_switches_s_launch_lane_3'====== Args={'value': 0, 'prev_value': None, 'change': True}
2025-07-07 16:43:42,577 : INFO : EventManager : Event: ======'machine_var_audits_switches_s_launch_ramp'====== Args={'value': 0, 'prev_value': None, 'change': True}
2025-07-07 16:43:42,577 : INFO : EventManager : Event: ======'machine_var_audits_switches_s_left_attack_bumper'====== Args={'value': 874, 'prev_value': None, 'change': True}
2025-07-07 16:43:42,578 : INFO : EventManager : Event: ======'machine_var_audits_switches_s_left_flipper'====== Args={'value': 2527, 'prev_value': None, 'change': True}
2025-07-07 16:43:42,578 : INFO : EventManager : Event: ======'machine_var_audits_switches_s_left_out_lane'====== Args={'value': 35, 'prev_value': None, 'change': True}
2025-07-07 16:43:42,578 : INFO : EventManager : Event: ======'machine_var_audits_switches_s_left_out_lane_kicker'====== Args={'value': 0, 'prev_value': None, 'change': True}
2025-07-07 16:43:42,578 : INFO : EventManager : Event: ======'machine_var_audits_switches_s_left_return_lane'====== Args={'value': 208, 'prev_value': None, 'change': True}
2025-07-07 16:43:42,578 : INFO : EventManager : Event: ======'machine_var_audits_switches_s_lower_attack_bumper'====== Args={'value': 486, 'prev_value': None, 'change': True}
2025-07-07 16:43:42,578 : INFO : EventManager : Event: ======'machine_var_audits_switches_s_lower_left_rebound'====== Args={'value': 0, 'prev_value': None, 'change': True}
2025-07-07 16:43:42,579 : INFO : EventManager : Event: ======'machine_var_audits_switches_s_lower_left_slingshot'====== Args={'value': 277, 'prev_value': None, 'change': True}
2025-07-07 16:43:42,579 : INFO : EventManager : Event: ======'machine_var_audits_switches_s_lower_right_rebound'====== Args={'value': 0, 'prev_value': None, 'change': True}
2025-07-07 16:43:42,579 : INFO : EventManager : Event: ======'machine_var_audits_switches_s_lower_right_slingshot'====== Args={'value': 287, 'prev_value': None, 'change': True}
2025-07-07 16:43:42,580 : INFO : EventManager : Event: ======'machine_var_audits_switches_s_medal_drop_left'====== Args={'value': 188, 'prev_value': None, 'change': True}
2025-07-07 16:43:42,580 : INFO : EventManager : Event: ======'machine_var_audits_switches_s_medal_drop_middle'====== Args={'value': 180, 'prev_value': None, 'change': True}
2025-07-07 16:43:42,580 : INFO : EventManager : Event: ======'machine_var_audits_switches_s_medal_drop_right'====== Args={'value': 179, 'prev_value': None, 'change': True}
2025-07-07 16:43:42,580 : INFO : EventManager : Event: ======'machine_var_audits_switches_s_mission_spot_1'====== Args={'value': 0, 'prev_value': None, 'change': True}
2025-07-07 16:43:42,581 : INFO : EventManager : Event: ======'machine_var_audits_switches_s_mission_spot_2'====== Args={'value': 2, 'prev_value': None, 'change': True}
2025-07-07 16:43:42,581 : INFO : EventManager : Event: ======'machine_var_audits_switches_s_mission_spot_3'====== Args={'value': 0, 'prev_value': None, 'change': True}
2025-07-07 16:43:42,581 : INFO : EventManager : Event: ======'machine_var_audits_switches_s_multiplier_left'====== Args={'value': 0, 'prev_value': None, 'change': True}
2025-07-07 16:43:42,581 : INFO : EventManager : Event: ======'machine_var_audits_switches_s_multiplier_middle'====== Args={'value': 0, 'prev_value': None, 'change': True}
2025-07-07 16:43:42,581 : INFO : EventManager : Event: ======'machine_var_audits_switches_s_multiplier_right'====== Args={'value': 0, 'prev_value': None, 'change': True}
2025-07-07 16:43:42,581 : INFO : EventManager : Event: ======'machine_var_audits_switches_s_plunger'====== Args={'value': 179, 'prev_value': None, 'change': True}
2025-07-07 16:43:42,582 : INFO : EventManager : Event: ======'machine_var_audits_switches_s_radiationspot_1'====== Args={'value': 0, 'prev_value': None, 'change': True}
2025-07-07 16:43:42,582 : INFO : EventManager : Event: ======'machine_var_audits_switches_s_radiationspot_2'====== Args={'value': 0, 'prev_value': None, 'change': True}
2025-07-07 16:43:42,582 : INFO : EventManager : Event: ======'machine_var_audits_switches_s_radiationspot_3'====== Args={'value': 0, 'prev_value': None, 'change': True}
2025-07-07 16:43:42,582 : INFO : EventManager : Event: ======'machine_var_audits_switches_s_red_wormhole'====== Args={'value': 0, 'prev_value': None, 'change': True}
2025-07-07 16:43:42,582 : INFO : EventManager : Event: ======'machine_var_audits_switches_s_reentry_left'====== Args={'value': 948, 'prev_value': None, 'change': True}
2025-07-07 16:43:42,583 : INFO : EventManager : Event: ======'machine_var_audits_switches_s_reentry_middle'====== Args={'value': 620, 'prev_value': None, 'change': True}
2025-07-07 16:43:42,583 : INFO : EventManager : Event: ======'machine_var_audits_switches_s_reentry_right'====== Args={'value': 597, 'prev_value': None, 'change': True}
2025-07-07 16:43:42,583 : INFO : EventManager : Event: ======'machine_var_audits_switches_s_right_attack_bumper'====== Args={'value': 64, 'prev_value': None, 'change': True}
2025-07-07 16:43:42,583 : INFO : EventManager : Event: ======'machine_var_audits_switches_s_right_flipper'====== Args={'value': 2722, 'prev_value': None, 'change': True}
2025-07-07 16:43:42,583 : INFO : EventManager : Event: ======'machine_var_audits_switches_s_right_inlane'====== Args={'value': 0, 'prev_value': None, 'change': True}
2025-07-07 16:43:42,583 : INFO : EventManager : Event: ======'machine_var_audits_switches_s_right_out_lane'====== Args={'value': 130, 'prev_value': None, 'change': True}
2025-07-07 16:43:42,584 : INFO : EventManager : Event: ======'machine_var_audits_switches_s_right_out_lane_kicker'====== Args={'value': 0, 'prev_value': None, 'change': True}
2025-07-07 16:43:42,584 : INFO : EventManager : Event: ======'machine_var_audits_switches_s_right_return_lane'====== Args={'value': 155, 'prev_value': None, 'change': True}
2025-07-07 16:43:42,584 : INFO : EventManager : Event: ======'machine_var_audits_switches_s_satellite_bumper'====== Args={'value': 0, 'prev_value': None, 'change': True}
2025-07-07 16:43:42,584 : INFO : EventManager : Event: ======'machine_var_audits_switches_s_secondary_outlane_kicker'====== Args={'value': 0, 'prev_value': None, 'change': True}
2025-07-07 16:43:42,584 : INFO : EventManager : Event: ======'machine_var_audits_switches_s_skill_shot_1'====== Args={'value': 0, 'prev_value': None, 'change': True}
2025-07-07 16:43:42,585 : INFO : EventManager : Event: ======'machine_var_audits_switches_s_skill_shot_2'====== Args={'value': 0, 'prev_value': None, 'change': True}
2025-07-07 16:43:42,585 : INFO : EventManager : Event: ======'machine_var_audits_switches_s_skill_shot_3'====== Args={'value': 0, 'prev_value': None, 'change': True}
2025-07-07 16:43:42,585 : INFO : EventManager : Event: ======'machine_var_audits_switches_s_skill_shot_4'====== Args={'value': 0, 'prev_value': None, 'change': True}
2025-07-07 16:43:42,585 : INFO : EventManager : Event: ======'machine_var_audits_switches_s_skill_shot_5'====== Args={'value': 0, 'prev_value': None, 'change': True}
2025-07-07 16:43:42,585 : INFO : EventManager : Event: ======'machine_var_audits_switches_s_skill_shot_6'====== Args={'value': 0, 'prev_value': None, 'change': True}
2025-07-07 16:43:42,586 : INFO : EventManager : Event: ======'machine_var_audits_switches_s_skill_shot_lane'====== Args={'value': 0, 'prev_value': None, 'change': True}
2025-07-07 16:43:42,586 : INFO : EventManager : Event: ======'machine_var_audits_switches_s_spacewarp_rollover'====== Args={'value': 48, 'prev_value': None, 'change': True}
2025-07-07 16:43:42,586 : INFO : EventManager : Event: ======'machine_var_audits_switches_s_start'====== Args={'value': 7, 'prev_value': None, 'change': True}
2025-07-07 16:43:42,586 : INFO : EventManager : Event: ======'machine_var_audits_switches_s_trough1'====== Args={'value': 30, 'prev_value': None, 'change': True}
2025-07-07 16:43:42,586 : INFO : EventManager : Event: ======'machine_var_audits_switches_s_trough2'====== Args={'value': 0, 'prev_value': None, 'change': True}
2025-07-07 16:43:42,587 : INFO : EventManager : Event: ======'machine_var_audits_switches_s_trough3'====== Args={'value': 0, 'prev_value': None, 'change': True}
2025-07-07 16:43:42,587 : INFO : EventManager : Event: ======'machine_var_audits_switches_s_trough4'====== Args={'value': 0, 'prev_value': None, 'change': True}
2025-07-07 16:43:42,587 : INFO : EventManager : Event: ======'machine_var_audits_switches_s_trough5'====== Args={'value': 0, 'prev_value': None, 'change': True}
2025-07-07 16:43:42,587 : INFO : EventManager : Event: ======'machine_var_audits_switches_s_trough6'====== Args={'value': 0, 'prev_value': None, 'change': True}
2025-07-07 16:43:42,587 : INFO : EventManager : Event: ======'machine_var_audits_switches_s_trough_jam'====== Args={'value': 0, 'prev_value': None, 'change': True}
2025-07-07 16:43:42,588 : INFO : EventManager : Event: ======'machine_var_audits_switches_s_upper_attack_bumper'====== Args={'value': 415, 'prev_value': None, 'change': True}
2025-07-07 16:43:42,588 : INFO : EventManager : Event: ======'machine_var_audits_switches_s_upper_left_rebound'====== Args={'value': 0, 'prev_value': None, 'change': True}
2025-07-07 16:43:42,588 : INFO : EventManager : Event: ======'machine_var_audits_switches_s_upper_right_rebound'====== Args={'value': 0, 'prev_value': None, 'change': True}
2025-07-07 16:43:42,588 : INFO : EventManager : Event: ======'machine_var_audits_switches_s_wormhole_target'====== Args={'value': 96, 'prev_value': None, 'change': True}
2025-07-07 16:43:42,588 : INFO : EventManager : Event: ======'machine_var_audits_switches_s_yellow_wormhole'====== Args={'value': 0, 'prev_value': None, 'change': True}
2025-07-07 16:43:42,589 : INFO : EventManager : Event: ======'init_phase_5'====== Args={}
2025-07-07 16:43:42,626 : INFO : EventManager : Event: ======'init_done'====== Args={}
2025-07-07 16:43:42,627 : INFO : EventManager : Event: ======'machine_reset_phase_1'====== Args={}
2025-07-07 16:43:42,634 : INFO : EventManager : Event: ======'slide_welcome_slide_removed'====== Args={'_from_bcp': True}
2025-07-07 16:43:42,635 : INFO : EventManager : Event: ======'slide_welcome_slide_created'====== Args={'_from_bcp': True}
2025-07-07 16:43:42,636 : INFO : EventManager : Event: ======'slide_welcome_slide_active'====== Args={'_from_bcp': True}
2025-07-07 16:43:42,636 : INFO : EventManager : Event: ======'machine_reset_phase_2'====== Args={}
2025-07-07 16:43:42,637 : INFO : EventManager : Event: ======'machine_reset_phase_3'====== Args={}
2025-07-07 16:43:42,637 : INFO : EventManager : Event: ======'reset_complete'====== Args={}
2025-07-07 16:43:42,638 : INFO : EventManager : Event: ======'mode_attract_will_start'====== Args={}
2025-07-07 16:43:42,638 : INFO : EventManager : Event: ======'mode_attract_starting'====== Args={}
2025-07-07 16:43:42,638 : INFO : Mode.attract : Started. Priority: 10
2025-07-07 16:43:42,638 : INFO : EventManager : Event: ======'modes_active_modes_changed'====== Args={}
2025-07-07 16:43:42,638 : INFO : EventManager : Event: ======'mode_attract_started'====== Args={}
2025-07-07 16:43:42,639 : INFO : EventManager : Event: ======'collecting_balls_complete'====== Args={}
2025-07-07 16:43:42,668 : INFO : EventManager : Event: ======'slide_awesome_slide_created'====== Args={'_from_bcp': True}
2025-07-07 16:43:42,668 : INFO : EventManager : Event: ======'slide_awesome_slide_active'====== Args={'_from_bcp': True}
2025-07-07 16:43:42,682 : INFO : Machine : Starting the main run loop with active modes: [<Mode.attract>]
2025-07-07 16:43:42,957 : INFO : BcpServer : New client connected.
2025-07-07 16:43:43,930 : INFO : SwitchController : <<<<<<< 's_start' active >>>>>>>
2025-07-07 16:43:44,083 : INFO : SwitchController : <<<<<<< 's_start' inactive >>>>>>>
2025-07-07 16:43:44,083 : INFO : EventManager : Event: ======'request_to_start_game'====== Args={}
2025-07-07 16:43:44,084 : INFO : EventManager : Event: ======'game_start'====== Args={'buttons': [], 'hold_time': 0.1559999999590218}
2025-07-07 16:43:44,084 : INFO : EventManager : Event: ======'mode_game_will_start'====== Args={'buttons': [], 'hold_time': 0.1559999999590218}
2025-07-07 16:43:44,085 : INFO : EventManager : Event: ======'mode_game_starting'====== Args={'buttons': [], 'hold_time': 0.1559999999590218}
2025-07-07 16:43:44,085 : INFO : EventManager : Event: ======'mode_attract_will_stop'====== Args={}
2025-07-07 16:43:44,085 : INFO : EventManager : Event: ======'mode_attract_stopping'====== Args={}
2025-07-07 16:43:44,085 : INFO : Mode.attract : Stopped.
2025-07-07 16:43:44,085 : INFO : EventManager : Event: ======'modes_active_modes_changed'====== Args={}
2025-07-07 16:43:44,086 : INFO : EventManager : Event: ======'mode_attract_stopped'====== Args={}
2025-07-07 16:43:44,086 : INFO : EventManager : Event: ======'clear'====== Args={'key': 'attract'}
2025-07-07 16:43:44,086 : INFO : Mode.game : Started. Priority: 20
2025-07-07 16:43:44,086 : INFO : EventManager : Event: ======'modes_active_modes_changed'====== Args={}
2025-07-07 16:43:44,086 : INFO : EventManager : Event: ======'mode_game_started'====== Args={'buttons': [], 'hold_time': 0.1559999999590218}
2025-07-07 16:43:44,093 : INFO : EventManager : Event: ======'game_will_start'====== Args={}
2025-07-07 16:43:44,094 : INFO : EventManager : Event: ======'game_starting'====== Args={'game': <Mode.game>}
2025-07-07 16:43:44,095 : INFO : EventManager : Unordered handler for class <Auditor> on event game_ended with priority 1. Handlers: [RegisteredHandler(callback=<bound method Auditor.disable of <Auditor>>, priority=1, kwargs={}, key=UUID('68fd207d-c492-40ef-9b3d-0b2345631b8a'), condition=None, blocking_facility=None), RegisteredHandler(callback=<bound method Auditor._save_audits of <Auditor>>, priority=1, kwargs={}, key=UUID('2936109f-3521-4aeb-82a6-3bc38d6be11b'), condition=None, blocking_facility=None)]. The order of those handlers is not defined and they will be executed in random order. This might lead to race conditions and potential bugs.
2025-07-07 16:43:44,095 : INFO : EventManager : Event: ======'player_add_request'====== Args={}
2025-07-07 16:43:44,096 : INFO : EventManager : Event: ======'player_will_add'====== Args={'number': 1}
2025-07-07 16:43:44,096 : INFO : EventManager : Event: ======'player_adding'====== Args={'player': <Player 1>, 'number': 1}
2025-07-07 16:43:44,096 : INFO : EventManager : Event: ======'player_added'====== Args={'player': <Player 1>, 'num': 1}
2025-07-07 16:43:44,096 : INFO : Mode.game : Player added successfully. Total players: 1
2025-07-07 16:43:44,096 : INFO : EventManager : Event: ======'player_index'====== Args={'value': 0, 'prev_value': 0, 'change': 0, 'player_num': 1}
2025-07-07 16:43:44,097 : INFO : EventManager : Event: ======'player_number'====== Args={'value': 1, 'prev_value': 1, 'change': 0, 'player_num': 1}
2025-07-07 16:43:44,097 : INFO : EventManager : Event: ======'player_score'====== Args={'value': 0, 'prev_value': 0, 'change': 0, 'player_num': 1}
2025-07-07 16:43:44,098 : INFO : EventManager : Event: ======'game_started'====== Args={}
2025-07-07 16:43:44,098 : INFO : EventManager : Event: ======'slide_awesome_slide_removed'====== Args={'_from_bcp': True}
2025-07-07 16:43:44,099 : INFO : EventManager : Event: ======'slide_welcome_slide_active'====== Args={'_from_bcp': True}
2025-07-07 16:43:44,110 : INFO : EventManager : Event: ======'player_turn_will_start'====== Args={'player': <Player 1>, 'number': 1}
2025-07-07 16:43:44,112 : INFO : EventManager : Event: ======'player_turn_starting'====== Args={'player': <Player 1>, 'number': 1}
2025-07-07 16:43:44,112 : INFO : EventManager : Event: ======'player_ball'====== Args={'value': 1, 'prev_value': 0, 'change': 1, 'player_num': 1}
2025-07-07 16:43:44,113 : INFO : EventManager : Event: ======'player_turn_started'====== Args={'player': <Player 1>, 'number': 1}
2025-07-07 16:43:44,114 : INFO : EventManager : Event: ======'ball_will_start'====== Args={'player': 1, 'ball': 1, 'balls_remaining': 2, 'is_extra_ball': False}
2025-07-07 16:43:44,117 : INFO : EventManager : Event: ======'ball_starting'====== Args={'player': 1, 'ball': 1, 'balls_remaining': 2, 'is_extra_ball': False}
2025-07-07 16:43:44,118 : INFO : EventManager : Event: ======'mode_base_will_start'====== Args={'queue': <QueuedEvent>, 'player': 1, 'ball': 1, 'balls_remaining': 2, 'is_extra_ball': False}
2025-07-07 16:43:44,118 : INFO : EventManager : Event: ======'mode_base_starting'====== Args={'queue': <QueuedEvent>, 'player': 1, 'ball': 1, 'balls_remaining': 2, 'is_extra_ball': False}
2025-07-07 16:43:44,119 : INFO : Mode.base : Started. Priority: 100
2025-07-07 16:43:44,119 : INFO : EventManager : Event: ======'modes_active_modes_changed'====== Args={}
2025-07-07 16:43:44,119 : INFO : EventManager : Event: ======'mode_base_started'====== Args={'queue': <QueuedEvent>, 'player': 1, 'ball': 1, 'balls_remaining': 2, 'is_extra_ball': False}
2025-07-07 16:43:44,120 : INFO : EventManager : Event: ======'balls_in_play'====== Args={'balls': 1}
2025-07-07 16:43:44,120 : INFO : EventManager : Event: ======'ball_started'====== Args={'player': 1, 'ball': 1, 'balls_remaining': 2, 'is_extra_ball': False}
2025-07-07 16:43:44,121 : INFO : EventManager : Event: ======'mode_returnlanes_will_start'====== Args={'player': 1, 'ball': 1, 'balls_remaining': 2, 'is_extra_ball': False}
2025-07-07 16:43:44,121 : INFO : EventManager : Event: ======'player_shot_returnLaneL_shot_enabled'====== Args={'value': True, 'prev_value': 0, 'change': 1, 'player_num': 1}
2025-07-07 16:43:44,121 : INFO : EventManager : Event: ======'player_shot_returnLaneR_shot_enabled'====== Args={'value': True, 'prev_value': 0, 'change': 1, 'player_num': 1}
2025-07-07 16:43:44,122 : INFO : EventManager : Event: ======'player_shot_spacewarp_rollover_shot_enabled'====== Args={'value': True, 'prev_value': 0, 'change': 1, 'player_num': 1}
2025-07-07 16:43:44,122 : INFO : EventManager : Event: ======'returnLane_shot_complete'====== Args={'state': 'unlit'}
2025-07-07 16:43:44,122 : INFO : EventManager : Event: ======'returnLane_shot_unlit_complete'====== Args={}
2025-07-07 16:43:44,123 : INFO : EventManager : Event: ======'mode_returnlanes_starting'====== Args={'player': 1, 'ball': 1, 'balls_remaining': 2, 'is_extra_ball': False}
2025-07-07 16:43:44,123 : INFO : EventManager : Event: ======'mode_lowerlanes_will_start'====== Args={'player': 1, 'ball': 1, 'balls_remaining': 2, 'is_extra_ball': False}
2025-07-07 16:43:44,123 : INFO : EventManager : Event: ======'player_shot_bonusLane_shot_enabled'====== Args={'value': True, 'prev_value': 0, 'change': 1, 'player_num': 1}
2025-07-07 16:43:44,123 : INFO : EventManager : Event: ======'player_shot_outLaneL_shot_enabled'====== Args={'value': True, 'prev_value': 0, 'change': 1, 'player_num': 1}
2025-07-07 16:43:44,123 : INFO : EventManager : Event: ======'player_shot_outLaneR_shot_enabled'====== Args={'value': True, 'prev_value': 0, 'change': 1, 'player_num': 1}
2025-07-07 16:43:44,124 : INFO : EventManager : Event: ======'outLane_shot_complete'====== Args={'state': 'unlit'}
2025-07-07 16:43:44,124 : INFO : EventManager : Event: ======'outLane_shot_unlit_complete'====== Args={}
2025-07-07 16:43:44,124 : INFO : EventManager : Event: ======'mode_lowerlanes_starting'====== Args={'player': 1, 'ball': 1, 'balls_remaining': 2, 'is_extra_ball': False}
2025-07-07 16:43:44,124 : INFO : EventManager : Event: ======'mode_reentry_will_start'====== Args={'player': 1, 'ball': 1, 'balls_remaining': 2, 'is_extra_ball': False}
2025-07-07 16:43:44,125 : INFO : EventManager : Event: ======'player_shot_reentryL_shot_enabled'====== Args={'value': True, 'prev_value': 0, 'change': 1, 'player_num': 1}
2025-07-07 16:43:44,125 : INFO : EventManager : Event: ======'player_shot_reentryM_shot_enabled'====== Args={'value': True, 'prev_value': 0, 'change': 1, 'player_num': 1}
2025-07-07 16:43:44,125 : INFO : EventManager : Event: ======'player_shot_reentryR_shot_enabled'====== Args={'value': True, 'prev_value': 0, 'change': 1, 'player_num': 1}
2025-07-07 16:43:44,125 : INFO : EventManager : Event: ======'player_shot_attack_bumper_left_shot_enabled'====== Args={'value': True, 'prev_value': 0, 'change': 1, 'player_num': 1}
2025-07-07 16:43:44,126 : INFO : EventManager : Event: ======'player_shot_attack_bumper_right_shot_enabled'====== Args={'value': True, 'prev_value': 0, 'change': 1, 'player_num': 1}
2025-07-07 16:43:44,126 : INFO : EventManager : Event: ======'player_shot_attack_bumper_lower_shot_enabled'====== Args={'value': True, 'prev_value': 0, 'change': 1, 'player_num': 1}
2025-07-07 16:43:44,126 : INFO : EventManager : Event: ======'reentry_shot_complete'====== Args={'state': 'off'}
2025-07-07 16:43:44,126 : INFO : EventManager : Event: ======'reentry_shot_off_complete'====== Args={}
2025-07-07 16:43:44,127 : INFO : EventManager : Event: ======'attack_bumper_shot_complete'====== Args={'state': 'unlit'}
2025-07-07 16:43:44,127 : INFO : EventManager : Event: ======'attack_bumper_shot_unlit_complete'====== Args={}
2025-07-07 16:43:44,128 : INFO : EventManager : Event: ======'mode_reentry_starting'====== Args={'player': 1, 'ball': 1, 'balls_remaining': 2, 'is_extra_ball': False}
2025-07-07 16:43:44,129 : INFO : Mode.lowerlanes : Started. Priority: 200
2025-07-07 16:43:44,129 : INFO : EventManager : Event: ======'modes_active_modes_changed'====== Args={}
2025-07-07 16:43:44,130 : INFO : EventManager : Event: ======'mode_lowerlanes_started'====== Args={'player': 1, 'ball': 1, 'balls_remaining': 2, 'is_extra_ball': False}
2025-07-07 16:43:44,130 : INFO : Mode.returnlanes : Started. Priority: 200
2025-07-07 16:43:44,130 : INFO : EventManager : Event: ======'modes_active_modes_changed'====== Args={}
2025-07-07 16:43:44,130 : INFO : EventManager : Event: ======'mode_returnlanes_started'====== Args={'player': 1, 'ball': 1, 'balls_remaining': 2, 'is_extra_ball': False}
2025-07-07 16:43:44,163 : INFO : EventManager : Event: ======'logicblock_reentry_shot_complete_count_updated'====== Args={'value': 1, 'enabled': True}
2025-07-07 16:43:44,163 : INFO : EventManager : Event: ======'logicblock_reentry_shot_complete_count_updated'====== Args={'value': 1, 'enabled': True}
2025-07-07 16:43:44,163 : INFO : Mode.reentry : Started. Priority: 200
2025-07-07 16:43:44,163 : INFO : EventManager : Event: ======'modes_active_modes_changed'====== Args={}
2025-07-07 16:43:44,163 : INFO : EventManager : Event: ======'mode_reentry_started'====== Args={'player': 1, 'ball': 1, 'balls_remaining': 2, 'is_extra_ball': False}
2025-07-07 16:43:44,163 : INFO : EventManager : Event: ======'player_attack_bumper_count'====== Args={'value': 1, 'prev_value': 0, 'change': 1, 'player_num': 1, 'source': 'reentry'}
2025-07-07 16:43:44,163 : INFO : EventManager : Event: ======'single_player_ball_started'====== Args={}
2025-07-07 16:43:44,164 : INFO : EventManager : Event: ======'slide_base.slide_player-mode_base_started_created'====== Args={'_from_bcp': True}
2025-07-07 16:43:44,165 : INFO : EventManager : Event: ======'slide__global.slide_player-ball_started_created'====== Args={'_from_bcp': True}
2025-07-07 16:43:44,165 : INFO : EventManager : Event: ======'slide_base.slide_player-mode_base_started_active'====== Args={'_from_bcp': True}
2025-07-07 16:43:44,186 : INFO : EventManager : Event: ======'ball_start_target'====== Args={'target': 'playfield'}
2025-07-07 16:43:44,187 : INFO : ball_device.bd_plunger : Setting up player-controlled eject. Balls: 1, Target: <playfield.playfield>, player_controlled_eject_event: None
2025-07-07 16:43:44,187 : INFO : EventManager : Event: ======'balldevice_balls_available'====== Args={}
2025-07-07 16:43:44,189 : INFO : ball_device.bd_trough : State: waiting_for_target_ready
2025-07-07 16:43:44,189 : INFO : EventManager : Event: ======'balldevice_bd_trough_ball_eject_attempt'====== Args={'balls': 1, 'target': <ball_device.bd_plunger>, 'source': <ball_device.bd_trough>, 'mechanical_eject': True, 'num_attempts': 0}
2025-07-07 16:43:44,189 : INFO : ball_device.bd_plunger : State: waiting_for_ball
2025-07-07 16:43:44,190 : INFO : ball_device.bd_trough : State: ejecting
2025-07-07 16:43:44,190 : INFO : ball_device.bd_trough : Ejecting ball to <ball_device.bd_plunger>
2025-07-07 16:43:44,190 : INFO : EventManager : Event: ======'balldevice_bd_trough_ejecting_ball'====== Args={'balls': 1, 'target': <ball_device.bd_plunger>, 'source': <ball_device.bd_trough>, 'mechanical_eject': True, 'num_attempts': 0}
2025-07-07 16:43:44,191 : INFO : ball_device.bd_trough : Wait for ball to leave device
2025-07-07 16:43:44,192 : INFO : coil.c_trough_eject : Pulsing Driver for 10ms (1.0 pulse_power)
2025-07-07 16:43:47,753 : INFO : SwitchController : <<<<<<< 's_lower_attack_bumper' active >>>>>>>
2025-07-07 16:43:47,753 : INFO : EventManager : Event: ======'playfield_active'====== Args={'source': 'attack_bumper_lower_shot'}
2025-07-07 16:43:47,753 : INFO : EventManager : Event: ======'unexpected_ball_on_playfield'====== Args={}
2025-07-07 16:43:47,753 : INFO : EventManager : Event: ======'s_lower_attack_bumper_active'====== Args={}
2025-07-07 16:43:47,753 : INFO : EventManager : Event: ======'playfield_active'====== Args={'source': 'lower_attack_bumper'}
2025-07-07 16:43:47,753 : INFO : EventManager : Event: ======'unexpected_ball_on_playfield'====== Args={}
2025-07-07 16:43:47,753 : INFO : EventManager : Event: ======'machine_var_audits_switches_s_lower_attack_bumper'====== Args={'value': 487, 'prev_value': 486, 'change': 1}
2025-07-07 16:43:47,755 : INFO : EventManager : Event: ======'player_shot_attack_bumper_lower_shot'====== Args={'value': 1, 'prev_value': 0, 'change': 1, 'player_num': 1}
2025-07-07 16:43:47,756 : INFO : EventManager : Event: ======'machine_var_audits_shots_attack_bumper_lower_shot'====== Args={'value': 237, 'prev_value': 236, 'change': 1}
2025-07-07 16:43:47,756 : INFO : EventManager : Event: ======'attack_bumper_lower_shot_hit'====== Args={'profile': 'default', 'state': 'unlit', 'advancing': True}
2025-07-07 16:43:47,757 : INFO : EventManager : Event: ======'attack_bumper_lower_shot_default_hit'====== Args={'profile': 'default', 'state': 'unlit', 'advancing': True}
2025-07-07 16:43:47,757 : INFO : EventManager : Event: ======'attack_bumper_lower_shot_default_unlit_hit'====== Args={'profile': 'default', 'state': 'unlit', 'advancing': True}
2025-07-07 16:43:47,757 : INFO : EventManager : Event: ======'attack_bumper_lower_shot_unlit_hit'====== Args={'profile': 'default', 'state': 'unlit', 'advancing': True}
2025-07-07 16:43:47,757 : INFO : EventManager : Event: ======'attack_bumper_shot_hit'====== Args={}
2025-07-07 16:43:47,757 : INFO : EventManager : Event: ======'attack_bumper_shot_unlit_hit'====== Args={}
2025-07-07 16:43:47,757 : INFO : EventManager : Event: ======'player_score'====== Args={'value': 500, 'prev_value': 0, 'change': 500, 'player_num': 1, 'source': 'reentry'}
2025-07-07 16:43:47,892 : INFO : SwitchController : <<<<<<< 's_lower_attack_bumper' inactive >>>>>>>
2025-07-07 16:43:54,169 : INFO : EventManager : Event: ======'balldevice_bd_trough_ball_eject_failed'====== Args={'target': <ball_device.bd_plunger>, 'balls': 1, 'retry': True, 'num_attempts': 1}
2025-07-07 16:43:54,170 : INFO : ball_device.bd_trough : State: waiting_for_target_ready
2025-07-07 16:43:54,170 : INFO : EventManager : Event: ======'balldevice_bd_trough_ball_eject_attempt'====== Args={'balls': 1, 'target': <ball_device.bd_plunger>, 'source': <ball_device.bd_trough>, 'mechanical_eject': True, 'num_attempts': 1}
2025-07-07 16:43:54,171 : INFO : ball_device.bd_trough : State: ejecting
2025-07-07 16:43:54,172 : INFO : ball_device.bd_trough : Ejecting ball to <ball_device.bd_plunger>
2025-07-07 16:43:54,172 : INFO : EventManager : Event: ======'balldevice_bd_trough_ejecting_ball'====== Args={'balls': 1, 'target': <ball_device.bd_plunger>, 'source': <ball_device.bd_trough>, 'mechanical_eject': True, 'num_attempts': 1}
2025-07-07 16:43:54,173 : INFO : ball_device.bd_trough : Wait for ball to leave device
2025-07-07 16:43:54,173 : INFO : coil.c_trough_eject : Pulsing Driver for 10ms (1.0 pulse_power)
2025-07-07 16:43:55,675 : INFO : SwitchController : <<<<<<< 's_left_attack_bumper' active >>>>>>>
2025-07-07 16:43:55,676 : INFO : EventManager : Event: ======'playfield_active'====== Args={'source': 'attack_bumper_left_shot'}
2025-07-07 16:43:55,676 : INFO : EventManager : Event: ======'unexpected_ball_on_playfield'====== Args={}
2025-07-07 16:43:55,676 : INFO : EventManager : Event: ======'s_left_attack_bumper_active'====== Args={}
2025-07-07 16:43:55,676 : INFO : EventManager : Event: ======'playfield_active'====== Args={'source': 'left_attack_bumper'}
2025-07-07 16:43:55,676 : INFO : EventManager : Event: ======'unexpected_ball_on_playfield'====== Args={}
2025-07-07 16:43:55,676 : INFO : EventManager : Event: ======'machine_var_audits_switches_s_left_attack_bumper'====== Args={'value': 875, 'prev_value': 874, 'change': 1}
2025-07-07 16:43:55,682 : INFO : EventManager : Event: ======'player_shot_attack_bumper_left_shot'====== Args={'value': 1, 'prev_value': 0, 'change': 1, 'player_num': 1}
2025-07-07 16:43:55,682 : INFO : EventManager : Event: ======'machine_var_audits_shots_attack_bumper_left_shot'====== Args={'value': 138, 'prev_value': 137, 'change': 1}
2025-07-07 16:43:55,683 : INFO : EventManager : Event: ======'attack_bumper_left_shot_hit'====== Args={'profile': 'default', 'state': 'unlit', 'advancing': True}
2025-07-07 16:43:55,683 : INFO : EventManager : Event: ======'attack_bumper_left_shot_default_hit'====== Args={'profile': 'default', 'state': 'unlit', 'advancing': True}
2025-07-07 16:43:55,683 : INFO : EventManager : Event: ======'attack_bumper_left_shot_default_unlit_hit'====== Args={'profile': 'default', 'state': 'unlit', 'advancing': True}
2025-07-07 16:43:55,683 : INFO : EventManager : Event: ======'attack_bumper_left_shot_unlit_hit'====== Args={'profile': 'default', 'state': 'unlit', 'advancing': True}
2025-07-07 16:43:55,683 : INFO : EventManager : Event: ======'attack_bumper_shot_hit'====== Args={}
2025-07-07 16:43:55,683 : INFO : EventManager : Event: ======'attack_bumper_shot_unlit_hit'====== Args={}
2025-07-07 16:43:55,683 : INFO : EventManager : Event: ======'player_score'====== Args={'value': 1000, 'prev_value': 500, 'change': 500, 'player_num': 1, 'source': 'reentry'}
2025-07-07 16:43:55,696 : INFO : SwitchController : <<<<<<< 's_left_attack_bumper' inactive >>>>>>>
2025-07-07 16:43:55,722 : INFO : SwitchController : <<<<<<< 's_left_attack_bumper' active >>>>>>>
2025-07-07 16:43:55,722 : INFO : EventManager : Event: ======'playfield_active'====== Args={'source': 'attack_bumper_left_shot'}
2025-07-07 16:43:55,722 : INFO : EventManager : Event: ======'unexpected_ball_on_playfield'====== Args={}
2025-07-07 16:43:55,722 : INFO : EventManager : Event: ======'s_left_attack_bumper_active'====== Args={}
2025-07-07 16:43:55,722 : INFO : EventManager : Event: ======'playfield_active'====== Args={'source': 'left_attack_bumper'}
2025-07-07 16:43:55,722 : INFO : EventManager : Event: ======'unexpected_ball_on_playfield'====== Args={}
2025-07-07 16:43:55,722 : INFO : EventManager : Event: ======'machine_var_audits_switches_s_left_attack_bumper'====== Args={'value': 876, 'prev_value': 875, 'change': 1}
2025-07-07 16:43:55,723 : INFO : EventManager : Event: ======'machine_var_audits_shots_attack_bumper_left_shot'====== Args={'value': 139, 'prev_value': 138, 'change': 1}
2025-07-07 16:43:55,723 : INFO : EventManager : Event: ======'attack_bumper_left_shot_hit'====== Args={'profile': 'default', 'state': 'lit', 'advancing': False}
2025-07-07 16:43:55,723 : INFO : EventManager : Event: ======'attack_bumper_left_shot_default_hit'====== Args={'profile': 'default', 'state': 'lit', 'advancing': False}
2025-07-07 16:43:55,723 : INFO : EventManager : Event: ======'attack_bumper_left_shot_default_lit_hit'====== Args={'profile': 'default', 'state': 'lit', 'advancing': False}
2025-07-07 16:43:55,724 : INFO : EventManager : Event: ======'attack_bumper_left_shot_lit_hit'====== Args={'profile': 'default', 'state': 'lit', 'advancing': False}
2025-07-07 16:43:55,724 : INFO : EventManager : Event: ======'attack_bumper_shot_hit'====== Args={}
2025-07-07 16:43:55,724 : INFO : EventManager : Event: ======'attack_bumper_shot_lit_hit'====== Args={}
2025-07-07 16:43:55,724 : INFO : EventManager : Event: ======'player_score'====== Args={'value': 1500, 'prev_value': 1000, 'change': 500, 'player_num': 1, 'source': 'reentry'}
2025-07-07 16:43:55,730 : INFO : SwitchController : <<<<<<< 's_left_attack_bumper' inactive >>>>>>>
2025-07-07 16:43:58,140 : INFO : SwitchController : <<<<<<< 's_left_attack_bumper' active >>>>>>>
2025-07-07 16:43:58,140 : INFO : EventManager : Event: ======'playfield_active'====== Args={'source': 'attack_bumper_left_shot'}
2025-07-07 16:43:58,141 : INFO : EventManager : Event: ======'unexpected_ball_on_playfield'====== Args={}
2025-07-07 16:43:58,141 : INFO : EventManager : Event: ======'s_left_attack_bumper_active'====== Args={}
2025-07-07 16:43:58,141 : INFO : EventManager : Event: ======'playfield_active'====== Args={'source': 'left_attack_bumper'}
2025-07-07 16:43:58,141 : INFO : EventManager : Event: ======'unexpected_ball_on_playfield'====== Args={}
2025-07-07 16:43:58,141 : INFO : EventManager : Event: ======'machine_var_audits_switches_s_left_attack_bumper'====== Args={'value': 877, 'prev_value': 876, 'change': 1}
2025-07-07 16:43:58,148 : INFO : EventManager : Event: ======'machine_var_audits_shots_attack_bumper_left_shot'====== Args={'value': 140, 'prev_value': 139, 'change': 1}
2025-07-07 16:43:58,148 : INFO : EventManager : Event: ======'attack_bumper_left_shot_hit'====== Args={'profile': 'default', 'state': 'lit', 'advancing': False}
2025-07-07 16:43:58,148 : INFO : EventManager : Event: ======'attack_bumper_left_shot_default_hit'====== Args={'profile': 'default', 'state': 'lit', 'advancing': False}
2025-07-07 16:43:58,148 : INFO : EventManager : Event: ======'attack_bumper_left_shot_default_lit_hit'====== Args={'profile': 'default', 'state': 'lit', 'advancing': False}
2025-07-07 16:43:58,148 : INFO : EventManager : Event: ======'attack_bumper_left_shot_lit_hit'====== Args={'profile': 'default', 'state': 'lit', 'advancing': False}
2025-07-07 16:43:58,149 : INFO : EventManager : Event: ======'attack_bumper_shot_hit'====== Args={}
2025-07-07 16:43:58,149 : INFO : EventManager : Event: ======'attack_bumper_shot_lit_hit'====== Args={}
2025-07-07 16:43:58,149 : INFO : EventManager : Event: ======'player_score'====== Args={'value': 2000, 'prev_value': 1500, 'change': 500, 'player_num': 1, 'source': 'reentry'}
2025-07-07 16:43:58,267 : INFO : SwitchController : <<<<<<< 's_left_attack_bumper' inactive >>>>>>>
2025-07-07 16:44:00,402 : INFO : SwitchController : <<<<<<< 's_left_attack_bumper' active >>>>>>>
2025-07-07 16:44:00,402 : INFO : EventManager : Event: ======'playfield_active'====== Args={'source': 'attack_bumper_left_shot'}
2025-07-07 16:44:00,403 : INFO : EventManager : Event: ======'unexpected_ball_on_playfield'====== Args={}
2025-07-07 16:44:00,403 : INFO : EventManager : Event: ======'s_left_attack_bumper_active'====== Args={}
2025-07-07 16:44:00,403 : INFO : EventManager : Event: ======'playfield_active'====== Args={'source': 'left_attack_bumper'}
2025-07-07 16:44:00,403 : INFO : EventManager : Event: ======'unexpected_ball_on_playfield'====== Args={}
2025-07-07 16:44:00,403 : INFO : EventManager : Event: ======'machine_var_audits_switches_s_left_attack_bumper'====== Args={'value': 878, 'prev_value': 877, 'change': 1}
2025-07-07 16:44:00,405 : INFO : EventManager : Event: ======'machine_var_audits_shots_attack_bumper_left_shot'====== Args={'value': 141, 'prev_value': 140, 'change': 1}
2025-07-07 16:44:00,405 : INFO : EventManager : Event: ======'attack_bumper_left_shot_hit'====== Args={'profile': 'default', 'state': 'lit', 'advancing': False}
2025-07-07 16:44:00,405 : INFO : EventManager : Event: ======'attack_bumper_left_shot_default_hit'====== Args={'profile': 'default', 'state': 'lit', 'advancing': False}
2025-07-07 16:44:00,406 : INFO : EventManager : Event: ======'attack_bumper_left_shot_default_lit_hit'====== Args={'profile': 'default', 'state': 'lit', 'advancing': False}
2025-07-07 16:44:00,406 : INFO : EventManager : Event: ======'attack_bumper_left_shot_lit_hit'====== Args={'profile': 'default', 'state': 'lit', 'advancing': False}
2025-07-07 16:44:00,406 : INFO : EventManager : Event: ======'attack_bumper_shot_hit'====== Args={}
2025-07-07 16:44:00,406 : INFO : EventManager : Event: ======'attack_bumper_shot_lit_hit'====== Args={}
2025-07-07 16:44:00,406 : INFO : EventManager : Event: ======'player_score'====== Args={'value': 2500, 'prev_value': 2000, 'change': 500, 'player_num': 1, 'source': 'reentry'}
2025-07-07 16:44:00,420 : INFO : SwitchController : <<<<<<< 's_left_attack_bumper' inactive >>>>>>>
2025-07-07 16:44:00,434 : INFO : SwitchController : <<<<<<< 's_left_attack_bumper' active >>>>>>>
2025-07-07 16:44:00,434 : INFO : EventManager : Event: ======'playfield_active'====== Args={'source': 'attack_bumper_left_shot'}
2025-07-07 16:44:00,434 : INFO : EventManager : Event: ======'unexpected_ball_on_playfield'====== Args={}
2025-07-07 16:44:00,435 : INFO : EventManager : Event: ======'s_left_attack_bumper_active'====== Args={}
2025-07-07 16:44:00,435 : INFO : EventManager : Event: ======'playfield_active'====== Args={'source': 'left_attack_bumper'}
2025-07-07 16:44:00,435 : INFO : EventManager : Event: ======'unexpected_ball_on_playfield'====== Args={}
2025-07-07 16:44:00,435 : INFO : EventManager : Event: ======'machine_var_audits_switches_s_left_attack_bumper'====== Args={'value': 879, 'prev_value': 878, 'change': 1}
2025-07-07 16:44:00,436 : INFO : EventManager : Event: ======'machine_var_audits_shots_attack_bumper_left_shot'====== Args={'value': 142, 'prev_value': 141, 'change': 1}
2025-07-07 16:44:00,436 : INFO : EventManager : Event: ======'attack_bumper_left_shot_hit'====== Args={'profile': 'default', 'state': 'lit', 'advancing': False}
2025-07-07 16:44:00,436 : INFO : EventManager : Event: ======'attack_bumper_left_shot_default_hit'====== Args={'profile': 'default', 'state': 'lit', 'advancing': False}
2025-07-07 16:44:00,436 : INFO : EventManager : Event: ======'attack_bumper_left_shot_default_lit_hit'====== Args={'profile': 'default', 'state': 'lit', 'advancing': False}
2025-07-07 16:44:00,436 : INFO : EventManager : Event: ======'attack_bumper_left_shot_lit_hit'====== Args={'profile': 'default', 'state': 'lit', 'advancing': False}
2025-07-07 16:44:00,437 : INFO : EventManager : Event: ======'attack_bumper_shot_hit'====== Args={}
2025-07-07 16:44:00,437 : INFO : EventManager : Event: ======'attack_bumper_shot_lit_hit'====== Args={}
2025-07-07 16:44:00,437 : INFO : EventManager : Event: ======'player_score'====== Args={'value': 3000, 'prev_value': 2500, 'change': 500, 'player_num': 1, 'source': 'reentry'}
2025-07-07 16:44:00,482 : INFO : SwitchController : <<<<<<< 's_left_attack_bumper' inactive >>>>>>>
2025-07-07 16:44:02,571 : INFO : SwitchController : <<<<<<< 's_left_attack_bumper' active >>>>>>>
2025-07-07 16:44:02,572 : INFO : EventManager : Event: ======'playfield_active'====== Args={'source': 'attack_bumper_left_shot'}
2025-07-07 16:44:02,572 : INFO : EventManager : Event: ======'unexpected_ball_on_playfield'====== Args={}
2025-07-07 16:44:02,572 : INFO : EventManager : Event: ======'s_left_attack_bumper_active'====== Args={}
2025-07-07 16:44:02,572 : INFO : EventManager : Event: ======'playfield_active'====== Args={'source': 'left_attack_bumper'}
2025-07-07 16:44:02,572 : INFO : EventManager : Event: ======'unexpected_ball_on_playfield'====== Args={}
2025-07-07 16:44:02,572 : INFO : EventManager : Event: ======'machine_var_audits_switches_s_left_attack_bumper'====== Args={'value': 880, 'prev_value': 879, 'change': 1}
2025-07-07 16:44:02,581 : INFO : EventManager : Event: ======'machine_var_audits_shots_attack_bumper_left_shot'====== Args={'value': 143, 'prev_value': 142, 'change': 1}
2025-07-07 16:44:02,581 : INFO : EventManager : Event: ======'attack_bumper_left_shot_hit'====== Args={'profile': 'default', 'state': 'lit', 'advancing': False}
2025-07-07 16:44:02,582 : INFO : EventManager : Event: ======'attack_bumper_left_shot_default_hit'====== Args={'profile': 'default', 'state': 'lit', 'advancing': False}
2025-07-07 16:44:02,582 : INFO : EventManager : Event: ======'attack_bumper_left_shot_default_lit_hit'====== Args={'profile': 'default', 'state': 'lit', 'advancing': False}
2025-07-07 16:44:02,582 : INFO : EventManager : Event: ======'attack_bumper_left_shot_lit_hit'====== Args={'profile': 'default', 'state': 'lit', 'advancing': False}
2025-07-07 16:44:02,582 : INFO : EventManager : Event: ======'attack_bumper_shot_hit'====== Args={}
2025-07-07 16:44:02,582 : INFO : EventManager : Event: ======'attack_bumper_shot_lit_hit'====== Args={}
2025-07-07 16:44:02,582 : INFO : EventManager : Event: ======'player_score'====== Args={'value': 3500, 'prev_value': 3000, 'change': 500, 'player_num': 1, 'source': 'reentry'}
2025-07-07 16:44:02,591 : INFO : SwitchController : <<<<<<< 's_left_attack_bumper' inactive >>>>>>>
2025-07-07 16:44:04,171 : INFO : EventManager : Event: ======'balldevice_bd_trough_ball_eject_failed'====== Args={'target': <ball_device.bd_plunger>, 'balls': 1, 'retry': True, 'num_attempts': 2}
2025-07-07 16:44:04,172 : INFO : ball_device.bd_trough : State: waiting_for_target_ready
2025-07-07 16:44:04,172 : INFO : EventManager : Event: ======'balldevice_bd_trough_ball_eject_attempt'====== Args={'balls': 1, 'target': <ball_device.bd_plunger>, 'source': <ball_device.bd_trough>, 'mechanical_eject': True, 'num_attempts': 2}
2025-07-07 16:44:04,173 : INFO : ball_device.bd_trough : State: ejecting
2025-07-07 16:44:04,173 : INFO : ball_device.bd_trough : Ejecting ball to <ball_device.bd_plunger>
2025-07-07 16:44:04,173 : INFO : EventManager : Event: ======'balldevice_bd_trough_ejecting_ball'====== Args={'balls': 1, 'target': <ball_device.bd_plunger>, 'source': <ball_device.bd_trough>, 'mechanical_eject': True, 'num_attempts': 2}
2025-07-07 16:44:04,174 : INFO : ball_device.bd_trough : Wait for ball to leave device
2025-07-07 16:44:04,174 : INFO : coil.c_trough_eject : Pulsing Driver for 10ms (1.0 pulse_power)
2025-07-07 16:44:04,809 : INFO : SwitchController : <<<<<<< 's_left_attack_bumper' active >>>>>>>
2025-07-07 16:44:04,809 : INFO : EventManager : Event: ======'playfield_active'====== Args={'source': 'attack_bumper_left_shot'}
2025-07-07 16:44:04,810 : INFO : EventManager : Event: ======'unexpected_ball_on_playfield'====== Args={}
2025-07-07 16:44:04,810 : INFO : EventManager : Event: ======'s_left_attack_bumper_active'====== Args={}
2025-07-07 16:44:04,810 : INFO : EventManager : Event: ======'playfield_active'====== Args={'source': 'left_attack_bumper'}
2025-07-07 16:44:04,810 : INFO : EventManager : Event: ======'unexpected_ball_on_playfield'====== Args={}
2025-07-07 16:44:04,810 : INFO : EventManager : Event: ======'machine_var_audits_switches_s_left_attack_bumper'====== Args={'value': 881, 'prev_value': 880, 'change': 1}
2025-07-07 16:44:04,811 : INFO : EventManager : Event: ======'machine_var_audits_shots_attack_bumper_left_shot'====== Args={'value': 144, 'prev_value': 143, 'change': 1}
2025-07-07 16:44:04,811 : INFO : EventManager : Event: ======'attack_bumper_left_shot_hit'====== Args={'profile': 'default', 'state': 'lit', 'advancing': False}
2025-07-07 16:44:04,811 : INFO : EventManager : Event: ======'attack_bumper_left_shot_default_hit'====== Args={'profile': 'default', 'state': 'lit', 'advancing': False}
2025-07-07 16:44:04,812 : INFO : EventManager : Event: ======'attack_bumper_left_shot_default_lit_hit'====== Args={'profile': 'default', 'state': 'lit', 'advancing': False}
2025-07-07 16:44:04,812 : INFO : EventManager : Event: ======'attack_bumper_left_shot_lit_hit'====== Args={'profile': 'default', 'state': 'lit', 'advancing': False}
2025-07-07 16:44:04,812 : INFO : EventManager : Event: ======'attack_bumper_shot_hit'====== Args={}
2025-07-07 16:44:04,812 : INFO : EventManager : Event: ======'attack_bumper_shot_lit_hit'====== Args={}
2025-07-07 16:44:04,812 : INFO : EventManager : Event: ======'player_score'====== Args={'value': 4000, 'prev_value': 3500, 'change': 500, 'player_num': 1, 'source': 'reentry'}
2025-07-07 16:44:04,837 : INFO : SwitchController : <<<<<<< 's_left_attack_bumper' inactive >>>>>>>
2025-07-07 16:44:06,103 : INFO : SwitchController : <<<<<<< 's_reentry_right' active >>>>>>>
2025-07-07 16:44:06,103 : INFO : EventManager : Event: ======'playfield_active'====== Args={'source': 'reentryR_shot'}
2025-07-07 16:44:06,103 : INFO : EventManager : Event: ======'unexpected_ball_on_playfield'====== Args={}
2025-07-07 16:44:06,104 : INFO : EventManager : Event: ======'s_reentry_right_active'====== Args={}
2025-07-07 16:44:06,104 : INFO : EventManager : Event: ======'sw_playfield_active'====== Args={}
2025-07-07 16:44:06,104 : INFO : EventManager : Event: ======'machine_var_audits_switches_s_reentry_right'====== Args={'value': 598, 'prev_value': 597, 'change': 1}
2025-07-07 16:44:06,105 : INFO : EventManager : Event: ======'player_shot_reentryR_shot'====== Args={'value': 1, 'prev_value': 0, 'change': 1, 'player_num': 1}
2025-07-07 16:44:06,106 : INFO : EventManager : Event: ======'machine_var_audits_shots_reentryR_shot'====== Args={'value': 539, 'prev_value': 538, 'change': 1}
2025-07-07 16:44:06,106 : INFO : EventManager : Event: ======'reentryR_shot_hit'====== Args={'profile': 'reentry', 'state': 'off', 'advancing': True}
2025-07-07 16:44:06,106 : INFO : EventManager : Event: ======'reentryR_shot_reentry_hit'====== Args={'profile': 'reentry', 'state': 'off', 'advancing': True}
2025-07-07 16:44:06,106 : INFO : EventManager : Event: ======'reentryR_shot_reentry_off_hit'====== Args={'profile': 'reentry', 'state': 'off', 'advancing': True}
2025-07-07 16:44:06,106 : INFO : EventManager : Event: ======'reentryR_shot_off_hit'====== Args={'profile': 'reentry', 'state': 'off', 'advancing': True}
2025-07-07 16:44:06,106 : INFO : EventManager : Event: ======'reentry_shot_hit'====== Args={}
2025-07-07 16:44:06,107 : INFO : EventManager : Event: ======'reentry_shot_off_hit'====== Args={}
2025-07-07 16:44:06,107 : INFO : EventManager : Event: ======'player_score'====== Args={'value': 5000, 'prev_value': 4000, 'change': 1000, 'player_num': 1, 'source': 'reentry'}
2025-07-07 16:44:06,108 : INFO : EventManager : Event: ======'playfield_active'====== Args={'source': None}
2025-07-07 16:44:06,108 : INFO : EventManager : Event: ======'unexpected_ball_on_playfield'====== Args={}
2025-07-07 16:44:06,214 : INFO : SwitchController : <<<<<<< 's_reentry_right' inactive >>>>>>>
2025-07-07 16:44:06,530 : INFO : SwitchController : <<<<<<< 's_reentry_middle' active >>>>>>>
2025-07-07 16:44:06,530 : INFO : EventManager : Event: ======'playfield_active'====== Args={'source': 'reentryM_shot'}
2025-07-07 16:44:06,530 : INFO : EventManager : Event: ======'unexpected_ball_on_playfield'====== Args={}
2025-07-07 16:44:06,531 : INFO : EventManager : Event: ======'s_reentry_middle_active'====== Args={}
2025-07-07 16:44:06,531 : INFO : EventManager : Event: ======'sw_playfield_active'====== Args={}
2025-07-07 16:44:06,531 : INFO : EventManager : Event: ======'machine_var_audits_switches_s_reentry_middle'====== Args={'value': 621, 'prev_value': 620, 'change': 1}
2025-07-07 16:44:06,532 : INFO : EventManager : Event: ======'player_shot_reentryM_shot'====== Args={'value': 1, 'prev_value': 0, 'change': 1, 'player_num': 1}
2025-07-07 16:44:06,533 : INFO : EventManager : Event: ======'machine_var_audits_shots_reentryM_shot'====== Args={'value': 547, 'prev_value': 546, 'change': 1}
2025-07-07 16:44:06,533 : INFO : EventManager : Event: ======'reentryM_shot_hit'====== Args={'profile': 'reentry', 'state': 'off', 'advancing': True}
2025-07-07 16:44:06,533 : INFO : EventManager : Event: ======'reentryM_shot_reentry_hit'====== Args={'profile': 'reentry', 'state': 'off', 'advancing': True}
2025-07-07 16:44:06,534 : INFO : EventManager : Event: ======'reentryM_shot_reentry_off_hit'====== Args={'profile': 'reentry', 'state': 'off', 'advancing': True}
2025-07-07 16:44:06,534 : INFO : EventManager : Event: ======'reentryM_shot_off_hit'====== Args={'profile': 'reentry', 'state': 'off', 'advancing': True}
2025-07-07 16:44:06,534 : INFO : EventManager : Event: ======'reentry_shot_hit'====== Args={}
2025-07-07 16:44:06,534 : INFO : EventManager : Event: ======'reentry_shot_off_hit'====== Args={}
2025-07-07 16:44:06,534 : INFO : EventManager : Event: ======'player_score'====== Args={'value': 6000, 'prev_value': 5000, 'change': 1000, 'player_num': 1, 'source': 'reentry'}
2025-07-07 16:44:06,535 : INFO : EventManager : Event: ======'playfield_active'====== Args={'source': None}
2025-07-07 16:44:06,535 : INFO : EventManager : Event: ======'unexpected_ball_on_playfield'====== Args={}
2025-07-07 16:44:06,627 : INFO : SwitchController : <<<<<<< 's_reentry_middle' inactive >>>>>>>
2025-07-07 16:44:06,943 : INFO : SwitchController : <<<<<<< 's_reentry_left' active >>>>>>>
2025-07-07 16:44:06,943 : INFO : EventManager : Event: ======'playfield_active'====== Args={'source': 'reentryL_shot'}
2025-07-07 16:44:06,943 : INFO : EventManager : Event: ======'unexpected_ball_on_playfield'====== Args={}
2025-07-07 16:44:06,943 : INFO : EventManager : Event: ======'s_reentry_left_active'====== Args={}
2025-07-07 16:44:06,943 : INFO : EventManager : Event: ======'sw_playfield_active'====== Args={}
2025-07-07 16:44:06,944 : INFO : EventManager : Event: ======'machine_var_audits_switches_s_reentry_left'====== Args={'value': 949, 'prev_value': 948, 'change': 1}
2025-07-07 16:44:06,945 : INFO : EventManager : Event: ======'player_shot_reentryL_shot'====== Args={'value': 1, 'prev_value': 0, 'change': 1, 'player_num': 1}
2025-07-07 16:44:06,946 : INFO : EventManager : Event: ======'machine_var_audits_shots_reentryL_shot'====== Args={'value': 591, 'prev_value': 590, 'change': 1}
2025-07-07 16:44:06,947 : INFO : EventManager : Event: ======'reentryL_shot_hit'====== Args={'profile': 'reentry', 'state': 'off', 'advancing': True}
2025-07-07 16:44:06,947 : INFO : EventManager : Event: ======'reentryL_shot_reentry_hit'====== Args={'profile': 'reentry', 'state': 'off', 'advancing': True}
2025-07-07 16:44:06,947 : INFO : EventManager : Event: ======'reentryL_shot_reentry_off_hit'====== Args={'profile': 'reentry', 'state': 'off', 'advancing': True}
2025-07-07 16:44:06,947 : INFO : EventManager : Event: ======'reentryL_shot_off_hit'====== Args={'profile': 'reentry', 'state': 'off', 'advancing': True}
2025-07-07 16:44:06,948 : INFO : EventManager : Event: ======'reentry_shot_complete'====== Args={'state': 'lit'}
2025-07-07 16:44:06,948 : INFO : EventManager : Event: ======'reentry_shot_lit_complete'====== Args={}
2025-07-07 16:44:06,949 : INFO : EventManager : Event: ======'player_score'====== Args={'value': 11000, 'prev_value': 6000, 'change': 5000, 'player_num': 1, 'source': 'reentry'}
2025-07-07 16:44:06,950 : INFO : EventManager : Event: ======'logicblock_reentry_shot_complete_count_updated'====== Args={'value': 2, 'enabled': True}
2025-07-07 16:44:06,950 : INFO : EventManager : Event: ======'reentry_shot_done'====== Args={'count': 2}
2025-07-07 16:44:06,952 : INFO : EventManager : Event: ======'player_attack_bumper_count'====== Args={'value': 2, 'prev_value': 1, 'change': 1, 'player_num': 1, 'source': 'reentry'}
2025-07-07 16:44:06,954 : INFO : EventManager : Event: ======'reentry_shot_hit'====== Args={}
2025-07-07 16:44:06,955 : INFO : EventManager : Event: ======'reentry_shot_off_hit'====== Args={}
2025-07-07 16:44:06,955 : INFO : EventManager : Event: ======'player_score'====== Args={'value': 12000, 'prev_value': 11000, 'change': 1000, 'player_num': 1, 'source': 'reentry'}
2025-07-07 16:44:06,958 : INFO : EventManager : Event: ======'playfield_active'====== Args={'source': None}
2025-07-07 16:44:06,958 : INFO : EventManager : Event: ======'unexpected_ball_on_playfield'====== Args={}
2025-07-07 16:44:07,053 : INFO : SwitchController : <<<<<<< 's_reentry_left' inactive >>>>>>>
2025-07-07 16:44:08,748 : INFO : SwitchController : <<<<<<< 's_lower_attack_bumper' active >>>>>>>
2025-07-07 16:44:08,749 : INFO : EventManager : Event: ======'playfield_active'====== Args={'source': 'attack_bumper_lower_shot'}
2025-07-07 16:44:08,749 : INFO : EventManager : Event: ======'unexpected_ball_on_playfield'====== Args={}
2025-07-07 16:44:08,749 : INFO : EventManager : Event: ======'s_lower_attack_bumper_active'====== Args={}
2025-07-07 16:44:08,749 : INFO : EventManager : Event: ======'playfield_active'====== Args={'source': 'lower_attack_bumper'}
2025-07-07 16:44:08,749 : INFO : EventManager : Event: ======'unexpected_ball_on_playfield'====== Args={}
2025-07-07 16:44:08,750 : INFO : EventManager : Event: ======'machine_var_audits_switches_s_lower_attack_bumper'====== Args={'value': 488, 'prev_value': 487, 'change': 1}
2025-07-07 16:44:08,752 : INFO : EventManager : Event: ======'machine_var_audits_shots_attack_bumper_lower_shot'====== Args={'value': 238, 'prev_value': 237, 'change': 1}
2025-07-07 16:44:08,752 : INFO : EventManager : Event: ======'attack_bumper_lower_shot_hit'====== Args={'profile': 'default', 'state': 'lit', 'advancing': False}
2025-07-07 16:44:08,753 : INFO : EventManager : Event: ======'attack_bumper_lower_shot_default_hit'====== Args={'profile': 'default', 'state': 'lit', 'advancing': False}
2025-07-07 16:44:08,753 : INFO : EventManager : Event: ======'attack_bumper_lower_shot_default_lit_hit'====== Args={'profile': 'default', 'state': 'lit', 'advancing': False}
2025-07-07 16:44:08,753 : INFO : EventManager : Event: ======'attack_bumper_lower_shot_lit_hit'====== Args={'profile': 'default', 'state': 'lit', 'advancing': False}
2025-07-07 16:44:08,753 : INFO : EventManager : Event: ======'attack_bumper_shot_hit'====== Args={}
2025-07-07 16:44:08,754 : INFO : EventManager : Event: ======'attack_bumper_shot_lit_hit'====== Args={}
2025-07-07 16:44:08,754 : INFO : EventManager : Event: ======'player_score'====== Args={'value': 13000, 'prev_value': 12000, 'change': 1000, 'player_num': 1, 'source': 'reentry'}
2025-07-07 16:44:08,874 : INFO : SwitchController : <<<<<<< 's_lower_attack_bumper' inactive >>>>>>>
2025-07-07 16:44:08,952 : INFO : EventManager : Event: ======'player_shot_reentryL_shot'====== Args={'value': 0, 'prev_value': 1, 'change': -1, 'player_num': 1}
2025-07-07 16:44:08,953 : INFO : EventManager : Event: ======'player_shot_reentryM_shot'====== Args={'value': 0, 'prev_value': 1, 'change': -1, 'player_num': 1}
2025-07-07 16:44:08,953 : INFO : EventManager : Event: ======'player_shot_reentryR_shot'====== Args={'value': 0, 'prev_value': 1, 'change': -1, 'player_num': 1}
2025-07-07 16:44:08,953 : INFO : EventManager : Event: ======'reentry_shot_complete'====== Args={'state': 'off'}
2025-07-07 16:44:08,953 : INFO : EventManager : Event: ======'reentry_shot_off_complete'====== Args={}
2025-07-07 16:44:09,333 : INFO : SwitchController : <<<<<<< 's_lower_attack_bumper' active >>>>>>>
2025-07-07 16:44:09,333 : INFO : EventManager : Event: ======'playfield_active'====== Args={'source': 'attack_bumper_lower_shot'}
2025-07-07 16:44:09,333 : INFO : EventManager : Event: ======'unexpected_ball_on_playfield'====== Args={}
2025-07-07 16:44:09,333 : INFO : EventManager : Event: ======'s_lower_attack_bumper_active'====== Args={}
2025-07-07 16:44:09,334 : INFO : EventManager : Event: ======'playfield_active'====== Args={'source': 'lower_attack_bumper'}
2025-07-07 16:44:09,334 : INFO : EventManager : Event: ======'unexpected_ball_on_playfield'====== Args={}
2025-07-07 16:44:09,334 : INFO : EventManager : Event: ======'machine_var_audits_switches_s_lower_attack_bumper'====== Args={'value': 489, 'prev_value': 488, 'change': 1}
2025-07-07 16:44:09,335 : INFO : EventManager : Event: ======'machine_var_audits_shots_attack_bumper_lower_shot'====== Args={'value': 239, 'prev_value': 238, 'change': 1}
2025-07-07 16:44:09,335 : INFO : EventManager : Event: ======'attack_bumper_lower_shot_hit'====== Args={'profile': 'default', 'state': 'lit', 'advancing': False}
2025-07-07 16:44:09,336 : INFO : EventManager : Event: ======'attack_bumper_lower_shot_default_hit'====== Args={'profile': 'default', 'state': 'lit', 'advancing': False}
2025-07-07 16:44:09,336 : INFO : EventManager : Event: ======'attack_bumper_lower_shot_default_lit_hit'====== Args={'profile': 'default', 'state': 'lit', 'advancing': False}
2025-07-07 16:44:09,336 : INFO : EventManager : Event: ======'attack_bumper_lower_shot_lit_hit'====== Args={'profile': 'default', 'state': 'lit', 'advancing': False}
2025-07-07 16:44:09,336 : INFO : EventManager : Event: ======'attack_bumper_shot_hit'====== Args={}
2025-07-07 16:44:09,336 : INFO : EventManager : Event: ======'attack_bumper_shot_lit_hit'====== Args={}
2025-07-07 16:44:09,337 : INFO : EventManager : Event: ======'player_score'====== Args={'value': 14000, 'prev_value': 13000, 'change': 1000, 'player_num': 1, 'source': 'reentry'}
2025-07-07 16:44:09,475 : INFO : SwitchController : <<<<<<< 's_lower_attack_bumper' inactive >>>>>>>
2025-07-07 16:44:11,627 : INFO : SwitchController : <<<<<<< 's_reentry_right' active >>>>>>>
2025-07-07 16:44:11,627 : INFO : EventManager : Event: ======'playfield_active'====== Args={'source': 'reentryR_shot'}
2025-07-07 16:44:11,627 : INFO : EventManager : Event: ======'unexpected_ball_on_playfield'====== Args={}
2025-07-07 16:44:11,628 : INFO : EventManager : Event: ======'s_reentry_right_active'====== Args={}
2025-07-07 16:44:11,628 : INFO : EventManager : Event: ======'sw_playfield_active'====== Args={}
2025-07-07 16:44:11,628 : INFO : EventManager : Event: ======'machine_var_audits_switches_s_reentry_right'====== Args={'value': 599, 'prev_value': 598, 'change': 1}
2025-07-07 16:44:11,636 : INFO : EventManager : Event: ======'player_shot_reentryR_shot'====== Args={'value': 1, 'prev_value': 0, 'change': 1, 'player_num': 1}
2025-07-07 16:44:11,636 : INFO : EventManager : Event: ======'machine_var_audits_shots_reentryR_shot'====== Args={'value': 540, 'prev_value': 539, 'change': 1}
2025-07-07 16:44:11,637 : INFO : EventManager : Event: ======'reentryR_shot_hit'====== Args={'profile': 'reentry', 'state': 'off', 'advancing': True}
2025-07-07 16:44:11,637 : INFO : EventManager : Event: ======'reentryR_shot_reentry_hit'====== Args={'profile': 'reentry', 'state': 'off', 'advancing': True}
2025-07-07 16:44:11,637 : INFO : EventManager : Event: ======'reentryR_shot_reentry_off_hit'====== Args={'profile': 'reentry', 'state': 'off', 'advancing': True}
2025-07-07 16:44:11,637 : INFO : EventManager : Event: ======'reentryR_shot_off_hit'====== Args={'profile': 'reentry', 'state': 'off', 'advancing': True}
2025-07-07 16:44:11,638 : INFO : EventManager : Event: ======'reentry_shot_hit'====== Args={}
2025-07-07 16:44:11,638 : INFO : EventManager : Event: ======'reentry_shot_off_hit'====== Args={}
2025-07-07 16:44:11,638 : INFO : EventManager : Event: ======'player_score'====== Args={'value': 15000, 'prev_value': 14000, 'change': 1000, 'player_num': 1, 'source': 'reentry'}
2025-07-07 16:44:11,639 : INFO : EventManager : Event: ======'playfield_active'====== Args={'source': None}
2025-07-07 16:44:11,639 : INFO : EventManager : Event: ======'unexpected_ball_on_playfield'====== Args={}
2025-07-07 16:44:11,753 : INFO : SwitchController : <<<<<<< 's_reentry_right' inactive >>>>>>>
2025-07-07 16:44:12,038 : INFO : SwitchController : <<<<<<< 's_reentry_middle' active >>>>>>>
2025-07-07 16:44:12,038 : INFO : EventManager : Event: ======'playfield_active'====== Args={'source': 'reentryM_shot'}
2025-07-07 16:44:12,038 : INFO : EventManager : Event: ======'unexpected_ball_on_playfield'====== Args={}
2025-07-07 16:44:12,038 : INFO : EventManager : Event: ======'s_reentry_middle_active'====== Args={}
2025-07-07 16:44:12,039 : INFO : EventManager : Event: ======'sw_playfield_active'====== Args={}
2025-07-07 16:44:12,039 : INFO : EventManager : Event: ======'machine_var_audits_switches_s_reentry_middle'====== Args={'value': 622, 'prev_value': 621, 'change': 1}
2025-07-07 16:44:12,040 : INFO : EventManager : Event: ======'player_shot_reentryM_shot'====== Args={'value': 1, 'prev_value': 0, 'change': 1, 'player_num': 1}
2025-07-07 16:44:12,041 : INFO : EventManager : Event: ======'machine_var_audits_shots_reentryM_shot'====== Args={'value': 548, 'prev_value': 547, 'change': 1}
2025-07-07 16:44:12,041 : INFO : EventManager : Event: ======'reentryM_shot_hit'====== Args={'profile': 'reentry', 'state': 'off', 'advancing': True}
2025-07-07 16:44:12,042 : INFO : EventManager : Event: ======'reentryM_shot_reentry_hit'====== Args={'profile': 'reentry', 'state': 'off', 'advancing': True}
2025-07-07 16:44:12,042 : INFO : EventManager : Event: ======'reentryM_shot_reentry_off_hit'====== Args={'profile': 'reentry', 'state': 'off', 'advancing': True}
2025-07-07 16:44:12,042 : INFO : EventManager : Event: ======'reentryM_shot_off_hit'====== Args={'profile': 'reentry', 'state': 'off', 'advancing': True}
2025-07-07 16:44:12,043 : INFO : EventManager : Event: ======'reentry_shot_hit'====== Args={}
2025-07-07 16:44:12,043 : INFO : EventManager : Event: ======'reentry_shot_off_hit'====== Args={}
2025-07-07 16:44:12,043 : INFO : EventManager : Event: ======'player_score'====== Args={'value': 16000, 'prev_value': 15000, 'change': 1000, 'player_num': 1, 'source': 'reentry'}
2025-07-07 16:44:12,045 : INFO : EventManager : Event: ======'playfield_active'====== Args={'source': None}
2025-07-07 16:44:12,045 : INFO : EventManager : Event: ======'unexpected_ball_on_playfield'====== Args={}
2025-07-07 16:44:12,135 : INFO : SwitchController : <<<<<<< 's_reentry_middle' inactive >>>>>>>
2025-07-07 16:44:12,414 : INFO : SwitchController : <<<<<<< 's_reentry_left' active >>>>>>>
2025-07-07 16:44:12,414 : INFO : EventManager : Event: ======'playfield_active'====== Args={'source': 'reentryL_shot'}
2025-07-07 16:44:12,415 : INFO : EventManager : Event: ======'unexpected_ball_on_playfield'====== Args={}
2025-07-07 16:44:12,415 : INFO : EventManager : Event: ======'s_reentry_left_active'====== Args={}
2025-07-07 16:44:12,415 : INFO : EventManager : Event: ======'sw_playfield_active'====== Args={}
2025-07-07 16:44:12,415 : INFO : EventManager : Event: ======'machine_var_audits_switches_s_reentry_left'====== Args={'value': 950, 'prev_value': 949, 'change': 1}
2025-07-07 16:44:12,417 : INFO : EventManager : Event: ======'player_shot_reentryL_shot'====== Args={'value': 1, 'prev_value': 0, 'change': 1, 'player_num': 1}
2025-07-07 16:44:12,418 : INFO : EventManager : Event: ======'machine_var_audits_shots_reentryL_shot'====== Args={'value': 592, 'prev_value': 591, 'change': 1}
2025-07-07 16:44:12,418 : INFO : EventManager : Event: ======'reentryL_shot_hit'====== Args={'profile': 'reentry', 'state': 'off', 'advancing': True}
2025-07-07 16:44:12,418 : INFO : EventManager : Event: ======'reentryL_shot_reentry_hit'====== Args={'profile': 'reentry', 'state': 'off', 'advancing': True}
2025-07-07 16:44:12,419 : INFO : EventManager : Event: ======'reentryL_shot_reentry_off_hit'====== Args={'profile': 'reentry', 'state': 'off', 'advancing': True}
2025-07-07 16:44:12,419 : INFO : EventManager : Event: ======'reentryL_shot_off_hit'====== Args={'profile': 'reentry', 'state': 'off', 'advancing': True}
2025-07-07 16:44:12,419 : INFO : EventManager : Event: ======'reentry_shot_complete'====== Args={'state': 'lit'}
2025-07-07 16:44:12,419 : INFO : EventManager : Event: ======'reentry_shot_lit_complete'====== Args={}
2025-07-07 16:44:12,421 : INFO : EventManager : Event: ======'player_score'====== Args={'value': 21000, 'prev_value': 16000, 'change': 5000, 'player_num': 1, 'source': 'reentry'}
2025-07-07 16:44:12,421 : INFO : EventManager : Event: ======'logicblock_reentry_shot_complete_count_updated'====== Args={'value': 3, 'enabled': True}
2025-07-07 16:44:12,421 : INFO : EventManager : Event: ======'reentry_shot_done'====== Args={'count': 3}
2025-07-07 16:44:12,422 : INFO : EventManager : Event: ======'player_attack_bumper_count'====== Args={'value': 3, 'prev_value': 2, 'change': 1, 'player_num': 1, 'source': 'reentry'}
2025-07-07 16:44:12,423 : INFO : EventManager : Event: ======'reentry_shot_hit'====== Args={}
2025-07-07 16:44:12,424 : INFO : EventManager : Event: ======'reentry_shot_off_hit'====== Args={}
2025-07-07 16:44:12,424 : INFO : EventManager : Event: ======'player_score'====== Args={'value': 22000, 'prev_value': 21000, 'change': 1000, 'player_num': 1, 'source': 'reentry'}
2025-07-07 16:44:12,425 : INFO : EventManager : Event: ======'playfield_active'====== Args={'source': None}
2025-07-07 16:44:12,425 : INFO : EventManager : Event: ======'unexpected_ball_on_playfield'====== Args={}
2025-07-07 16:44:12,513 : INFO : SwitchController : <<<<<<< 's_reentry_left' inactive >>>>>>>
2025-07-07 16:44:13,901 : INFO : SwitchController : <<<<<<< 's_lower_attack_bumper' active >>>>>>>
2025-07-07 16:44:13,901 : INFO : EventManager : Event: ======'playfield_active'====== Args={'source': 'attack_bumper_lower_shot'}
2025-07-07 16:44:13,901 : INFO : EventManager : Event: ======'unexpected_ball_on_playfield'====== Args={}
2025-07-07 16:44:13,901 : INFO : EventManager : Event: ======'s_lower_attack_bumper_active'====== Args={}
2025-07-07 16:44:13,902 : INFO : EventManager : Event: ======'playfield_active'====== Args={'source': 'lower_attack_bumper'}
2025-07-07 16:44:13,902 : INFO : EventManager : Event: ======'unexpected_ball_on_playfield'====== Args={}
2025-07-07 16:44:13,902 : INFO : EventManager : Event: ======'machine_var_audits_switches_s_lower_attack_bumper'====== Args={'value': 490, 'prev_value': 489, 'change': 1}
2025-07-07 16:44:13,903 : INFO : EventManager : Event: ======'machine_var_audits_shots_attack_bumper_lower_shot'====== Args={'value': 240, 'prev_value': 239, 'change': 1}
2025-07-07 16:44:13,904 : INFO : EventManager : Event: ======'attack_bumper_lower_shot_hit'====== Args={'profile': 'default', 'state': 'lit', 'advancing': False}
2025-07-07 16:44:13,904 : INFO : EventManager : Event: ======'attack_bumper_lower_shot_default_hit'====== Args={'profile': 'default', 'state': 'lit', 'advancing': False}
2025-07-07 16:44:13,904 : INFO : EventManager : Event: ======'attack_bumper_lower_shot_default_lit_hit'====== Args={'profile': 'default', 'state': 'lit', 'advancing': False}
2025-07-07 16:44:13,904 : INFO : EventManager : Event: ======'attack_bumper_lower_shot_lit_hit'====== Args={'profile': 'default', 'state': 'lit', 'advancing': False}
2025-07-07 16:44:13,905 : INFO : EventManager : Event: ======'attack_bumper_shot_hit'====== Args={}
2025-07-07 16:44:13,905 : INFO : EventManager : Event: ======'attack_bumper_shot_lit_hit'====== Args={}
2025-07-07 16:44:13,905 : INFO : EventManager : Event: ======'player_score'====== Args={'value': 23500, 'prev_value': 22000, 'change': 1500, 'player_num': 1, 'source': 'reentry'}
2025-07-07 16:44:13,997 : INFO : SwitchController : <<<<<<< 's_lower_attack_bumper' inactive >>>>>>>
2025-07-07 16:44:14,170 : INFO : EventManager : Event: ======'balldevice_bd_trough_ball_eject_failed'====== Args={'target': <ball_device.bd_plunger>, 'balls': 1, 'retry': True, 'num_attempts': 3}
2025-07-07 16:44:14,173 : INFO : ball_device.bd_trough : State: waiting_for_target_ready
2025-07-07 16:44:14,174 : INFO : EventManager : Event: ======'balldevice_bd_trough_ball_eject_attempt'====== Args={'balls': 1, 'target': <ball_device.bd_plunger>, 'source': <ball_device.bd_trough>, 'mechanical_eject': True, 'num_attempts': 3}
2025-07-07 16:44:14,175 : INFO : ball_device.bd_trough : State: ejecting
2025-07-07 16:44:14,175 : INFO : ball_device.bd_trough : Ejecting ball to <ball_device.bd_plunger>
2025-07-07 16:44:14,176 : INFO : EventManager : Event: ======'balldevice_bd_trough_ejecting_ball'====== Args={'balls': 1, 'target': <ball_device.bd_plunger>, 'source': <ball_device.bd_trough>, 'mechanical_eject': True, 'num_attempts': 3}
2025-07-07 16:44:14,178 : INFO : ball_device.bd_trough : Wait for ball to leave device
2025-07-07 16:44:14,178 : INFO : coil.c_trough_eject : Pulsing Driver for 10ms (1.0 pulse_power)
2025-07-07 16:44:14,418 : INFO : EventManager : Event: ======'player_shot_reentryL_shot'====== Args={'value': 0, 'prev_value': 1, 'change': -1, 'player_num': 1}
2025-07-07 16:44:14,419 : INFO : EventManager : Event: ======'player_shot_reentryM_shot'====== Args={'value': 0, 'prev_value': 1, 'change': -1, 'player_num': 1}
2025-07-07 16:44:14,419 : INFO : EventManager : Event: ======'player_shot_reentryR_shot'====== Args={'value': 0, 'prev_value': 1, 'change': -1, 'player_num': 1}
2025-07-07 16:44:14,420 : INFO : EventManager : Event: ======'reentry_shot_complete'====== Args={'state': 'off'}
2025-07-07 16:44:14,420 : INFO : EventManager : Event: ======'reentry_shot_off_complete'====== Args={}
2025-07-07 16:44:16,736 : INFO : Machine : Shutting down...
2025-07-07 16:44:16,736 : INFO : EventManager : Event: ======'shutdown'====== Args={}
2025-07-07 16:44:16,741 : INFO : EventManager : Event: ======'mode_game_will_stop'====== Args={}
2025-07-07 16:44:16,741 : INFO : EventManager : Event: ======'mode_game_stopping'====== Args={}
2025-07-07 16:44:16,742 : INFO : EventManager : Event: ======'mode_returnlanes_will_stop'====== Args={}
2025-07-07 16:44:16,742 : INFO : EventManager : Event: ======'mode_returnlanes_stopping'====== Args={}
2025-07-07 16:44:16,742 : INFO : EventManager : Event: ======'mode_lowerlanes_will_stop'====== Args={}
2025-07-07 16:44:16,742 : INFO : EventManager : Event: ======'mode_lowerlanes_stopping'====== Args={}
2025-07-07 16:44:16,742 : INFO : EventManager : Event: ======'mode_reentry_will_stop'====== Args={}
2025-07-07 16:44:16,742 : INFO : EventManager : Event: ======'mode_reentry_stopping'====== Args={}
2025-07-07 16:44:16,742 : INFO : EventManager : Event: ======'mode_base_will_stop'====== Args={}
2025-07-07 16:44:16,742 : INFO : EventManager : Event: ======'mode_base_stopping'====== Args={}
2025-07-07 16:44:16,743 : INFO : Mode.base : Stopped.
2025-07-07 16:44:16,743 : INFO : EventManager : Event: ======'modes_active_modes_changed'====== Args={}
2025-07-07 16:44:16,743 : INFO : EventManager : Event: ======'mode_base_stopped'====== Args={}
2025-07-07 16:44:16,743 : INFO : EventManager : Event: ======'clear'====== Args={'key': 'base'}
2025-07-07 16:44:16,743 : INFO : Mode.reentry : Stopped.
2025-07-07 16:44:16,743 : INFO : EventManager : Event: ======'modes_active_modes_changed'====== Args={}
2025-07-07 16:44:16,743 : INFO : EventManager : Event: ======'mode_reentry_stopped'====== Args={}
2025-07-07 16:44:16,743 : INFO : EventManager : Event: ======'clear'====== Args={'key': 'reentry'}
2025-07-07 16:44:16,744 : INFO : Mode.lowerlanes : Stopped.
2025-07-07 16:44:16,744 : INFO : EventManager : Event: ======'modes_active_modes_changed'====== Args={}
2025-07-07 16:44:16,744 : INFO : EventManager : Event: ======'mode_lowerlanes_stopped'====== Args={}
2025-07-07 16:44:16,744 : INFO : EventManager : Event: ======'clear'====== Args={'key': 'lowerlanes'}
2025-07-07 16:44:16,744 : INFO : Mode.returnlanes : Stopped.
2025-07-07 16:44:16,744 : INFO : EventManager : Event: ======'modes_active_modes_changed'====== Args={}
2025-07-07 16:44:16,744 : INFO : EventManager : Event: ======'mode_returnlanes_stopped'====== Args={}
2025-07-07 16:44:16,744 : INFO : EventManager : Event: ======'clear'====== Args={'key': 'returnlanes'}
2025-07-07 16:44:16,746 : INFO : Mode.game : Stopped.
2025-07-07 16:44:16,746 : INFO : EventManager : Event: ======'modes_active_modes_changed'====== Args={}
2025-07-07 16:44:16,746 : INFO : EventManager : Event: ======'mode_game_stopped'====== Args={}
2025-07-07 16:44:16,746 : INFO : EventManager : Event: ======'clear'====== Args={'key': 'game'}
2025-07-07 16:44:16,747 : ERROR : OPP : Stop called on serial connection com5
2025-07-07 16:44:16,748 : ERROR : OPP : Stop called on serial connection com4
2025-07-07 16:44:16,750 : INFO : root : MPF run loop ended.
