2025-01-13 20:27:58,830 : INFO : root : Loading config.
2025-01-13 20:27:58,895 : INFO : ConfigProcessor : Config spec file cache created: C:\Users\student\AppData\Local\Temp\config_spec.mpf_cache
2025-01-13 20:27:58,895 : INFO : YamlMultifileConfigLoader : Machine config file #1: config.yaml
2025-01-13 20:27:58,895 : INFO : ConfigProcessor : Loading config from file C:\Users\student\mpfenv3\Lib\site-packages\mpf\mpfconfig.yaml.
2025-01-13 20:27:58,904 : INFO : ConfigProcessor : Loading config: C:\Users\student\mpfenv3\Lib\site-packages\mpf\mpfconfig.yaml
2025-01-13 20:27:58,904 : INFO : ConfigProcessor : Loading config from file C:\Users\student\pinball\cobraPinTest1\config\config.yaml.
2025-01-13 20:27:58,912 : INFO : ConfigProcessor : Loading config: C:\Users\student\pinball\cobraPinTest1\config\config.yaml
2025-01-13 20:27:58,913 : INFO : ConfigProcessor : Config file cache created: C:\Users\student\AppData\Local\Temp\a20d2796aecf24feaad48747be24652a.mpf_cache
2025-01-13 20:27:58,996 : INFO : ConfigProcessor : Loading config from file C:\Users\student\mpfenv3\Lib\site-packages\mpf\modes\attract\config\attract.yaml.
2025-01-13 20:27:58,997 : INFO : ConfigProcessor : Loading config: C:\Users\student\mpfenv3\Lib\site-packages\mpf\modes\attract\config\attract.yaml
2025-01-13 20:27:58,997 : INFO : ConfigProcessor : Loading config from file C:\Users\student\pinball\cobraPinTest1\modes\attract\config\attract.yaml.
2025-01-13 20:27:58,997 : INFO : ConfigProcessor : Loading config: C:\Users\student\pinball\cobraPinTest1\modes\attract\config\attract.yaml
2025-01-13 20:27:58,998 : INFO : ConfigProcessor : Config file cache created: C:\Users\student\AppData\Local\Temp\0196918bccd620e51d3c4d2630650aa0.mpf_cache
2025-01-13 20:27:58,998 : INFO : ConfigProcessor : Loading config from file C:\Users\student\mpfenv3\Lib\site-packages\mpf\modes\game\config\game.yaml.
2025-01-13 20:27:58,999 : INFO : ConfigProcessor : Loading config: C:\Users\student\mpfenv3\Lib\site-packages\mpf\modes\game\config\game.yaml
2025-01-13 20:27:58,999 : INFO : ConfigProcessor : Config file cache created: C:\Users\student\AppData\Local\Temp\511dcc6b491b0fa2d7aa9abdf6497e9c.mpf_cache
2025-01-13 20:27:59,000 : INFO : ConfigProcessor : Loading config from file C:\Users\student\pinball\cobraPinTest1\modes\base\config\base.yaml.
2025-01-13 20:27:59,001 : INFO : ConfigProcessor : Loading config: C:\Users\student\pinball\cobraPinTest1\modes\base\config\base.yaml
2025-01-13 20:27:59,001 : INFO : ConfigProcessor : Config file cache created: C:\Users\student\AppData\Local\Temp\4675a535c8328a9c278c807d999ed109.mpf_cache
2025-01-13 20:27:59,001 : INFO : ConfigProcessor : Loading config from file C:\Users\student\pinball\cobraPinTest1\modes\reentry\config\reentry.yaml.
2025-01-13 20:27:59,004 : INFO : ConfigProcessor : Loading config: C:\Users\student\pinball\cobraPinTest1\modes\reentry\config\reentry.yaml
2025-01-13 20:27:59,004 : INFO : ConfigProcessor : Config file cache created: C:\Users\student\AppData\Local\Temp\0c8438cab3480347c0c749fa494946a2.mpf_cache
2025-01-13 20:27:59,005 : INFO : ConfigProcessor : Loading config from file C:\Users\student\pinball\cobraPinTest1\modes\lowerlanes\config\lowerlanes.yaml.
2025-01-13 20:27:59,007 : INFO : ConfigProcessor : Loading config: C:\Users\student\pinball\cobraPinTest1\modes\lowerlanes\config\lowerlanes.yaml
2025-01-13 20:27:59,008 : INFO : ConfigProcessor : Config file cache created: C:\Users\student\AppData\Local\Temp\5052615755bdf1309b248cf8695ad4ff.mpf_cache
2025-01-13 20:27:59,009 : INFO : ConfigProcessor : Loading config from file C:\Users\student\pinball\cobraPinTest1\modes\attract\shows\.\attract_display_loop.yaml.
2025-01-13 20:27:59,010 : INFO : ConfigProcessor : Loading config: C:\Users\student\pinball\cobraPinTest1\modes\attract\shows\.\attract_display_loop.yaml
2025-01-13 20:27:59,011 : INFO : ConfigProcessor : Config file cache created: C:\Users\student\AppData\Local\Temp\f8d2c2cf3ea01f085365ea23fa51a701.mpf_cache
2025-01-13 20:27:59,011 : INFO : ConfigProcessor : Loading config from file C:\Users\student\pinball\cobraPinTest1\modes\attract\shows\.\attract_light_show.yaml.
2025-01-13 20:27:59,012 : INFO : ConfigProcessor : Loading config: C:\Users\student\pinball\cobraPinTest1\modes\attract\shows\.\attract_light_show.yaml
2025-01-13 20:27:59,012 : INFO : ConfigProcessor : Config file cache created: C:\Users\student\AppData\Local\Temp\30bd992f4b62a9b099207aebeb59554c.mpf_cache
2025-01-13 20:27:59,013 : INFO : Machine : Mission Pinball Framework Core Engine v0.57.3
2025-01-13 20:27:59,013 : INFO : Machine : Command line arguments: {'no_load_cache': True, 'create_config_cache': True, 'bcp': True, 'configfile': ['config.yaml'], 'force_assets_load': False, 'platform_integration_test': False, 'jsonlogging': False, 'logfile': 'logs\\2025-01-13-20-27-58-mpf-DESKTOP-0JH7ARL.log', 'pause': False, 'production': False, 'text_ui': True, 'loglevel': 15, 'consoleloglevel': 20, 'force_platform': None, 'syslog_address': None, 'mc_file_name': None, 'no_sound': False}
2025-01-13 20:27:59,013 : INFO : Machine : MPF path: C:\Users\student\mpfenv3\Lib\site-packages\mpf
2025-01-13 20:27:59,013 : INFO : Machine : Machine path: C:\Users\student\pinball\cobraPinTest1
2025-01-13 20:27:59,013 : INFO : Machine : Platform: win32
2025-01-13 20:27:59,013 : INFO : Machine : Python executable location: C:\Users\student\mpfenv3\Scripts\python.exe
2025-01-13 20:27:59,013 : INFO : Machine : Python version: 3.11.8 (64-bit)
2025-01-13 20:27:59,015 : INFO : Machine : Initializing MPF...
2025-01-13 20:27:59,333 : INFO : OPP : Connecting to com4 at 115200bps
2025-01-13 20:27:59,518 : INFO : OPP : Init of OPP board 0 done
2025-01-13 20:27:59,518 : INFO : OPP : Connecting to com5 at 115200bps
2025-01-13 20:27:59,613 : INFO : OPP : Init of OPP board 1 done
2025-01-13 20:27:59,613 : INFO : EventManager : Event: ======'machine_var_credits_string'====== Args={'value': 'FREE PLAY', 'prev_value': None, 'change': True}
2025-01-13 20:27:59,667 : INFO : EventManager : Event: ======'machine_var_master_volume'====== Args={'value': 0.5, 'prev_value': None, 'change': True}
2025-01-13 20:27:59,667 : INFO : EventManager : Event: ======'machine_var_player1_score'====== Args={'value': 1500, 'prev_value': None, 'change': True}
2025-01-13 20:27:59,667 : INFO : EventManager : Event: ======'machine_var_mpf_version'====== Args={'value': 'Mission Pinball Framework v0.57.3', 'prev_value': None, 'change': True}
2025-01-13 20:27:59,667 : INFO : EventManager : Event: ======'machine_var_mpf_extended_version'====== Args={'value': 'Mission Pinball Framework v0.57.3, Config version:6, Show version: 6, BCP version:1.1', 'prev_value': None, 'change': True}
2025-01-13 20:27:59,667 : INFO : EventManager : Event: ======'machine_var_python_version'====== Args={'value': '3.11.8', 'prev_value': None, 'change': True}
2025-01-13 20:27:59,677 : INFO : EventManager : Event: ======'machine_var_platform'====== Args={'value': 'Windows-10-10.0.19045-SP0', 'prev_value': None, 'change': True}
2025-01-13 20:27:59,677 : INFO : EventManager : Event: ======'machine_var_platform_system'====== Args={'value': 'Windows', 'prev_value': None, 'change': True}
2025-01-13 20:27:59,677 : INFO : EventManager : Event: ======'machine_var_platform_release'====== Args={'value': '10', 'prev_value': None, 'change': True}
2025-01-13 20:27:59,677 : INFO : EventManager : Event: ======'machine_var_platform_version'====== Args={'value': '10.0.19045', 'prev_value': None, 'change': True}
2025-01-13 20:27:59,677 : INFO : EventManager : Event: ======'machine_var_platform_machine'====== Args={'value': 'AMD64', 'prev_value': None, 'change': True}
2025-01-13 20:27:59,677 : INFO : EventManager : Event: ======'init_phase_1'====== Args={}
2025-01-13 20:27:59,721 : INFO : EventManager : Event: ======'init_phase_2'====== Args={}
2025-01-13 20:27:59,722 : INFO : SwitchController : Found active switch: ('0-0-8', <Platform.OPP>) <switch.s_trough1>
2025-01-13 20:27:59,727 : INFO : EventManager : Event: ======'bcp_connection_attempt'====== Args={'name': 'local_display', 'host': 'localhost', 'port': 5050}
2025-01-13 20:27:59,730 : INFO : BCPClientSocket : Connecting BCP to 'local_display' at localhost:5050...
2025-01-13 20:28:01,773 : INFO : BCPClientSocket : Connected BCP to 'local_display' localhost:5050
2025-01-13 20:28:01,773 : INFO : EventManager : Event: ======'bcp_clients_connected'====== Args={}
2025-01-13 20:28:02,030 : INFO : EventManager : Event: ======'machine_var_mc_version'====== Args={'value': 'MPF-MC v0.57.1', 'prev_value': None, 'change': True}
2025-01-13 20:28:02,031 : INFO : EventManager : Event: ======'machine_var_mc_extended_version'====== Args={'value': 'MPF-MC v0.57.1 (config_version=6, BCP v1.1,                      Requires MPF API compatibility v0.57.0 or newer)', 'prev_value': None, 'change': True}
2025-01-13 20:28:02,032 : INFO : ball_device.bd_trough : BCH: Initial count: 1
2025-01-13 20:28:02,075 : INFO : ball_device.bd_trough : State: idle
2025-01-13 20:28:02,091 : INFO : ball_device.bd_plunger : BCH: Initial count: 0
2025-01-13 20:28:02,091 : INFO : ball_device.bd_plunger : State: idle
2025-01-13 20:28:02,109 : INFO : EventManager : Event: ======'init_phase_3'====== Args={}
2025-01-13 20:28:02,116 : INFO : EventManager : Event: ======'init_phase_4'====== Args={}
2025-01-13 20:28:02,116 : INFO : BallController : Initial balls found: 1
2025-01-13 20:28:02,117 : INFO : EventManager : Event: ======'machine_var_audits_events_game_ended'====== Args={'value': 0, 'prev_value': None, 'change': True}
2025-01-13 20:28:02,117 : INFO : EventManager : Event: ======'machine_var_audits_events_game_started'====== Args={'value': 19, 'prev_value': None, 'change': True}
2025-01-13 20:28:02,117 : INFO : EventManager : Event: ======'machine_var_audits_missing_switches_s_bonus_lane'====== Args={'value': 5, 'prev_value': None, 'change': True}
2025-01-13 20:28:02,118 : INFO : EventManager : Event: ======'machine_var_audits_missing_switches_s_left_flipper'====== Args={'value': 4, 'prev_value': None, 'change': True}
2025-01-13 20:28:02,118 : INFO : EventManager : Event: ======'machine_var_audits_missing_switches_s_left_out_lane'====== Args={'value': 4, 'prev_value': None, 'change': True}
2025-01-13 20:28:02,118 : INFO : EventManager : Event: ======'machine_var_audits_missing_switches_s_left_return_lane'====== Args={'value': 4, 'prev_value': None, 'change': True}
2025-01-13 20:28:02,118 : INFO : EventManager : Event: ======'machine_var_audits_missing_switches_s_lower_left_slingshot'====== Args={'value': 4, 'prev_value': None, 'change': True}
2025-01-13 20:28:02,118 : INFO : EventManager : Event: ======'machine_var_audits_missing_switches_s_lower_right_slingshot'====== Args={'value': 4, 'prev_value': None, 'change': True}
2025-01-13 20:28:02,118 : INFO : EventManager : Event: ======'machine_var_audits_missing_switches_s_plunger'====== Args={'value': 17, 'prev_value': None, 'change': True}
2025-01-13 20:28:02,118 : INFO : EventManager : Event: ======'machine_var_audits_missing_switches_s_reentry_left'====== Args={'value': 2, 'prev_value': None, 'change': True}
2025-01-13 20:28:02,118 : INFO : EventManager : Event: ======'machine_var_audits_missing_switches_s_reentry_middle'====== Args={'value': 2, 'prev_value': None, 'change': True}
2025-01-13 20:28:02,118 : INFO : EventManager : Event: ======'machine_var_audits_missing_switches_s_reentry_right'====== Args={'value': 2, 'prev_value': None, 'change': True}
2025-01-13 20:28:02,119 : INFO : EventManager : Event: ======'machine_var_audits_missing_switches_s_right_flipper'====== Args={'value': 4, 'prev_value': None, 'change': True}
2025-01-13 20:28:02,119 : INFO : EventManager : Event: ======'machine_var_audits_missing_switches_s_right_out_lane'====== Args={'value': 2, 'prev_value': None, 'change': True}
2025-01-13 20:28:02,119 : INFO : EventManager : Event: ======'machine_var_audits_missing_switches_s_right_return_lane'====== Args={'value': 5, 'prev_value': None, 'change': True}
2025-01-13 20:28:02,119 : INFO : EventManager : Event: ======'machine_var_audits_missing_switches_s_spacewarp_rollover'====== Args={'value': 1, 'prev_value': None, 'change': True}
2025-01-13 20:28:02,119 : INFO : EventManager : Event: ======'machine_var_audits_missing_switches_s_start'====== Args={'value': 18, 'prev_value': None, 'change': True}
2025-01-13 20:28:02,119 : INFO : EventManager : Event: ======'machine_var_audits_missing_switches_s_trough1'====== Args={'value': 18, 'prev_value': None, 'change': True}
2025-01-13 20:28:02,119 : INFO : EventManager : Event: ======'machine_var_audits_missing_switches_s_wormhole_target'====== Args={'value': 3, 'prev_value': None, 'change': True}
2025-01-13 20:28:02,119 : INFO : EventManager : Event: ======'machine_var_audits_player_score'====== Args={'value': {'average': 1800.0, 'top': [2000, 1900, 1500], 'total': 3}, 'prev_value': None, 'change': True}
2025-01-13 20:28:02,119 : INFO : EventManager : Event: ======'machine_var_audits_shots_bonusLane_shot'====== Args={'value': 54, 'prev_value': None, 'change': True}
2025-01-13 20:28:02,120 : INFO : EventManager : Event: ======'machine_var_audits_shots_medalL_shot'====== Args={'value': 174, 'prev_value': None, 'change': True}
2025-01-13 20:28:02,120 : INFO : EventManager : Event: ======'machine_var_audits_shots_medalM_shot'====== Args={'value': 166, 'prev_value': None, 'change': True}
2025-01-13 20:28:02,120 : INFO : EventManager : Event: ======'machine_var_audits_shots_medalR_shot'====== Args={'value': 165, 'prev_value': None, 'change': True}
2025-01-13 20:28:02,120 : INFO : EventManager : Event: ======'machine_var_audits_shots_my_first_shot'====== Args={'value': 119, 'prev_value': None, 'change': True}
2025-01-13 20:28:02,120 : INFO : EventManager : Event: ======'machine_var_audits_shots_my_first_shot_mode2'====== Args={'value': 72, 'prev_value': None, 'change': True}
2025-01-13 20:28:02,120 : INFO : EventManager : Event: ======'machine_var_audits_shots_outLaneL_shot'====== Args={'value': 17, 'prev_value': None, 'change': True}
2025-01-13 20:28:02,120 : INFO : EventManager : Event: ======'machine_var_audits_shots_outLaneR_shot'====== Args={'value': 65, 'prev_value': None, 'change': True}
2025-01-13 20:28:02,120 : INFO : EventManager : Event: ======'machine_var_audits_shots_reentryL_shot'====== Args={'value': 517, 'prev_value': None, 'change': True}
2025-01-13 20:28:02,120 : INFO : EventManager : Event: ======'machine_var_audits_shots_reentryM_shot'====== Args={'value': 476, 'prev_value': None, 'change': True}
2025-01-13 20:28:02,121 : INFO : EventManager : Event: ======'machine_var_audits_shots_reentryR_shot'====== Args={'value': 461, 'prev_value': None, 'change': True}
2025-01-13 20:28:02,121 : INFO : EventManager : Event: ======'machine_var_audits_shots_reentry_shot'====== Args={'value': 9, 'prev_value': None, 'change': True}
2025-01-13 20:28:02,121 : INFO : EventManager : Event: ======'machine_var_audits_shots_returnLaneL_shot'====== Args={'value': 167, 'prev_value': None, 'change': True}
2025-01-13 20:28:02,121 : INFO : EventManager : Event: ======'machine_var_audits_shots_returnLaneR_shot'====== Args={'value': 112, 'prev_value': None, 'change': True}
2025-01-13 20:28:02,121 : INFO : EventManager : Event: ======'machine_var_audits_shots_spacewarp_rollover_shot'====== Args={'value': 47, 'prev_value': None, 'change': True}
2025-01-13 20:28:02,121 : INFO : EventManager : Event: ======'machine_var_audits_shots_top_lane_A'====== Args={'value': 12, 'prev_value': None, 'change': True}
2025-01-13 20:28:02,121 : INFO : EventManager : Event: ======'machine_var_audits_shots_top_lane_J'====== Args={'value': 12, 'prev_value': None, 'change': True}
2025-01-13 20:28:02,121 : INFO : EventManager : Event: ======'machine_var_audits_shots_top_lane_M'====== Args={'value': 9, 'prev_value': None, 'change': True}
2025-01-13 20:28:02,122 : INFO : EventManager : Event: ======'machine_var_audits_switches_s_blackhole_kicker'====== Args={'value': 0, 'prev_value': None, 'change': True}
2025-01-13 20:28:02,122 : INFO : EventManager : Event: ======'machine_var_audits_switches_s_bonus_lane'====== Args={'value': 67, 'prev_value': None, 'change': True}
2025-01-13 20:28:02,122 : INFO : EventManager : Event: ======'machine_var_audits_switches_s_booster_drop_target_1'====== Args={'value': 0, 'prev_value': None, 'change': True}
2025-01-13 20:28:02,122 : INFO : EventManager : Event: ======'machine_var_audits_switches_s_booster_drop_target_2'====== Args={'value': 0, 'prev_value': None, 'change': True}
2025-01-13 20:28:02,122 : INFO : EventManager : Event: ======'machine_var_audits_switches_s_booster_drop_target_3'====== Args={'value': 0, 'prev_value': None, 'change': True}
2025-01-13 20:28:02,122 : INFO : EventManager : Event: ======'machine_var_audits_switches_s_comet_spot_1'====== Args={'value': 0, 'prev_value': None, 'change': True}
2025-01-13 20:28:02,122 : INFO : EventManager : Event: ======'machine_var_audits_switches_s_comet_spot_2'====== Args={'value': 0, 'prev_value': None, 'change': True}
2025-01-13 20:28:02,123 : INFO : EventManager : Event: ======'machine_var_audits_switches_s_comet_spot_3'====== Args={'value': 0, 'prev_value': None, 'change': True}
2025-01-13 20:28:02,123 : INFO : EventManager : Event: ======'machine_var_audits_switches_s_engine_bumper_1'====== Args={'value': 0, 'prev_value': None, 'change': True}
2025-01-13 20:28:02,123 : INFO : EventManager : Event: ======'machine_var_audits_switches_s_engine_bumper_2'====== Args={'value': 0, 'prev_value': None, 'change': True}
2025-01-13 20:28:02,123 : INFO : EventManager : Event: ======'machine_var_audits_switches_s_engine_bumper_3'====== Args={'value': 0, 'prev_value': None, 'change': True}
2025-01-13 20:28:02,123 : INFO : EventManager : Event: ======'machine_var_audits_switches_s_fuel_chute_1'====== Args={'value': 0, 'prev_value': None, 'change': True}
2025-01-13 20:28:02,123 : INFO : EventManager : Event: ======'machine_var_audits_switches_s_fuel_chute_2'====== Args={'value': 0, 'prev_value': None, 'change': True}
2025-01-13 20:28:02,123 : INFO : EventManager : Event: ======'machine_var_audits_switches_s_fuel_chute_3'====== Args={'value': 0, 'prev_value': None, 'change': True}
2025-01-13 20:28:02,123 : INFO : EventManager : Event: ======'machine_var_audits_switches_s_fuel_chute_4'====== Args={'value': 0, 'prev_value': None, 'change': True}
2025-01-13 20:28:02,124 : INFO : EventManager : Event: ======'machine_var_audits_switches_s_fuel_chute_5'====== Args={'value': 0, 'prev_value': None, 'change': True}
2025-01-13 20:28:02,124 : INFO : EventManager : Event: ======'machine_var_audits_switches_s_fuel_chute_6'====== Args={'value': 0, 'prev_value': None, 'change': True}
2025-01-13 20:28:02,124 : INFO : EventManager : Event: ======'machine_var_audits_switches_s_fuel_flag'====== Args={'value': 0, 'prev_value': None, 'change': True}
2025-01-13 20:28:02,124 : INFO : EventManager : Event: ======'machine_var_audits_switches_s_fuel_spot_1'====== Args={'value': 0, 'prev_value': None, 'change': True}
2025-01-13 20:28:02,124 : INFO : EventManager : Event: ======'machine_var_audits_switches_s_fuel_spot_2'====== Args={'value': 0, 'prev_value': None, 'change': True}
2025-01-13 20:28:02,124 : INFO : EventManager : Event: ======'machine_var_audits_switches_s_fuel_spot_3'====== Args={'value': 0, 'prev_value': None, 'change': True}
2025-01-13 20:28:02,125 : INFO : EventManager : Event: ======'machine_var_audits_switches_s_green_wormhole'====== Args={'value': 0, 'prev_value': None, 'change': True}
2025-01-13 20:28:02,125 : INFO : EventManager : Event: ======'machine_var_audits_switches_s_hyperspace_flag'====== Args={'value': 0, 'prev_value': None, 'change': True}
2025-01-13 20:28:02,125 : INFO : EventManager : Event: ======'machine_var_audits_switches_s_hyperspacekicker'====== Args={'value': 0, 'prev_value': None, 'change': True}
2025-01-13 20:28:02,125 : INFO : EventManager : Event: ======'machine_var_audits_switches_s_launch_lane_1'====== Args={'value': 0, 'prev_value': None, 'change': True}
2025-01-13 20:28:02,125 : INFO : EventManager : Event: ======'machine_var_audits_switches_s_launch_lane_2'====== Args={'value': 0, 'prev_value': None, 'change': True}
2025-01-13 20:28:02,125 : INFO : EventManager : Event: ======'machine_var_audits_switches_s_launch_lane_3'====== Args={'value': 0, 'prev_value': None, 'change': True}
2025-01-13 20:28:02,125 : INFO : EventManager : Event: ======'machine_var_audits_switches_s_launch_ramp'====== Args={'value': 0, 'prev_value': None, 'change': True}
2025-01-13 20:28:02,126 : INFO : EventManager : Event: ======'machine_var_audits_switches_s_left_attack_bumper'====== Args={'value': 17, 'prev_value': None, 'change': True}
2025-01-13 20:28:02,126 : INFO : EventManager : Event: ======'machine_var_audits_switches_s_left_flipper'====== Args={'value': 1479, 'prev_value': None, 'change': True}
2025-01-13 20:28:02,126 : INFO : EventManager : Event: ======'machine_var_audits_switches_s_left_out_lane'====== Args={'value': 21, 'prev_value': None, 'change': True}
2025-01-13 20:28:02,126 : INFO : EventManager : Event: ======'machine_var_audits_switches_s_left_out_lane_kicker'====== Args={'value': 0, 'prev_value': None, 'change': True}
2025-01-13 20:28:02,126 : INFO : EventManager : Event: ======'machine_var_audits_switches_s_left_return_lane'====== Args={'value': 174, 'prev_value': None, 'change': True}
2025-01-13 20:28:02,127 : INFO : EventManager : Event: ======'machine_var_audits_switches_s_lower_attack_bumper'====== Args={'value': 16, 'prev_value': None, 'change': True}
2025-01-13 20:28:02,127 : INFO : EventManager : Event: ======'machine_var_audits_switches_s_lower_left_rebound'====== Args={'value': 0, 'prev_value': None, 'change': True}
2025-01-13 20:28:02,128 : INFO : EventManager : Event: ======'machine_var_audits_switches_s_lower_left_slingshot'====== Args={'value': 151, 'prev_value': None, 'change': True}
2025-01-13 20:28:02,128 : INFO : EventManager : Event: ======'machine_var_audits_switches_s_lower_right_rebound'====== Args={'value': 0, 'prev_value': None, 'change': True}
2025-01-13 20:28:02,128 : INFO : EventManager : Event: ======'machine_var_audits_switches_s_lower_right_slingshot'====== Args={'value': 154, 'prev_value': None, 'change': True}
2025-01-13 20:28:02,128 : INFO : EventManager : Event: ======'machine_var_audits_switches_s_medal_drop_left'====== Args={'value': 188, 'prev_value': None, 'change': True}
2025-01-13 20:28:02,129 : INFO : EventManager : Event: ======'machine_var_audits_switches_s_medal_drop_middle'====== Args={'value': 180, 'prev_value': None, 'change': True}
2025-01-13 20:28:02,129 : INFO : EventManager : Event: ======'machine_var_audits_switches_s_medal_drop_right'====== Args={'value': 179, 'prev_value': None, 'change': True}
2025-01-13 20:28:02,129 : INFO : EventManager : Event: ======'machine_var_audits_switches_s_mission_spot_1'====== Args={'value': 0, 'prev_value': None, 'change': True}
2025-01-13 20:28:02,129 : INFO : EventManager : Event: ======'machine_var_audits_switches_s_mission_spot_2'====== Args={'value': 2, 'prev_value': None, 'change': True}
2025-01-13 20:28:02,129 : INFO : EventManager : Event: ======'machine_var_audits_switches_s_mission_spot_3'====== Args={'value': 0, 'prev_value': None, 'change': True}
2025-01-13 20:28:02,129 : INFO : EventManager : Event: ======'machine_var_audits_switches_s_multiplier_left'====== Args={'value': 0, 'prev_value': None, 'change': True}
2025-01-13 20:28:02,130 : INFO : EventManager : Event: ======'machine_var_audits_switches_s_multiplier_middle'====== Args={'value': 0, 'prev_value': None, 'change': True}
2025-01-13 20:28:02,130 : INFO : EventManager : Event: ======'machine_var_audits_switches_s_multiplier_right'====== Args={'value': 0, 'prev_value': None, 'change': True}
2025-01-13 20:28:02,130 : INFO : EventManager : Event: ======'machine_var_audits_switches_s_plunger'====== Args={'value': 177, 'prev_value': None, 'change': True}
2025-01-13 20:28:02,130 : INFO : EventManager : Event: ======'machine_var_audits_switches_s_radiationspot_1'====== Args={'value': 0, 'prev_value': None, 'change': True}
2025-01-13 20:28:02,131 : INFO : EventManager : Event: ======'machine_var_audits_switches_s_radiationspot_2'====== Args={'value': 0, 'prev_value': None, 'change': True}
2025-01-13 20:28:02,131 : INFO : EventManager : Event: ======'machine_var_audits_switches_s_radiationspot_3'====== Args={'value': 0, 'prev_value': None, 'change': True}
2025-01-13 20:28:02,131 : INFO : EventManager : Event: ======'machine_var_audits_switches_s_red_wormhole'====== Args={'value': 0, 'prev_value': None, 'change': True}
2025-01-13 20:28:02,131 : INFO : EventManager : Event: ======'machine_var_audits_switches_s_reentry_left'====== Args={'value': 875, 'prev_value': None, 'change': True}
2025-01-13 20:28:02,131 : INFO : EventManager : Event: ======'machine_var_audits_switches_s_reentry_middle'====== Args={'value': 550, 'prev_value': None, 'change': True}
2025-01-13 20:28:02,131 : INFO : EventManager : Event: ======'machine_var_audits_switches_s_reentry_right'====== Args={'value': 520, 'prev_value': None, 'change': True}
2025-01-13 20:28:02,132 : INFO : EventManager : Event: ======'machine_var_audits_switches_s_right_flipper'====== Args={'value': 1755, 'prev_value': None, 'change': True}
2025-01-13 20:28:02,132 : INFO : EventManager : Event: ======'machine_var_audits_switches_s_right_inlane'====== Args={'value': 0, 'prev_value': None, 'change': True}
2025-01-13 20:28:02,132 : INFO : EventManager : Event: ======'machine_var_audits_switches_s_right_out_lane'====== Args={'value': 91, 'prev_value': None, 'change': True}
2025-01-13 20:28:02,132 : INFO : EventManager : Event: ======'machine_var_audits_switches_s_right_out_lane_kicker'====== Args={'value': 0, 'prev_value': None, 'change': True}
2025-01-13 20:28:02,132 : INFO : EventManager : Event: ======'machine_var_audits_switches_s_right_return_lane'====== Args={'value': 124, 'prev_value': None, 'change': True}
2025-01-13 20:28:02,133 : INFO : EventManager : Event: ======'machine_var_audits_switches_s_satellite_bumper'====== Args={'value': 0, 'prev_value': None, 'change': True}
2025-01-13 20:28:02,133 : INFO : EventManager : Event: ======'machine_var_audits_switches_s_secondary_outlane_kicker'====== Args={'value': 0, 'prev_value': None, 'change': True}
2025-01-13 20:28:02,133 : INFO : EventManager : Event: ======'machine_var_audits_switches_s_skill_shot_1'====== Args={'value': 0, 'prev_value': None, 'change': True}
2025-01-13 20:28:02,133 : INFO : EventManager : Event: ======'machine_var_audits_switches_s_skill_shot_2'====== Args={'value': 0, 'prev_value': None, 'change': True}
2025-01-13 20:28:02,133 : INFO : EventManager : Event: ======'machine_var_audits_switches_s_skill_shot_3'====== Args={'value': 0, 'prev_value': None, 'change': True}
2025-01-13 20:28:02,134 : INFO : EventManager : Event: ======'machine_var_audits_switches_s_skill_shot_4'====== Args={'value': 0, 'prev_value': None, 'change': True}
2025-01-13 20:28:02,134 : INFO : EventManager : Event: ======'machine_var_audits_switches_s_skill_shot_5'====== Args={'value': 0, 'prev_value': None, 'change': True}
2025-01-13 20:28:02,135 : INFO : EventManager : Event: ======'machine_var_audits_switches_s_skill_shot_6'====== Args={'value': 0, 'prev_value': None, 'change': True}
2025-01-13 20:28:02,135 : INFO : EventManager : Event: ======'machine_var_audits_switches_s_skill_shot_lane'====== Args={'value': 0, 'prev_value': None, 'change': True}
2025-01-13 20:28:02,135 : INFO : EventManager : Event: ======'machine_var_audits_switches_s_spacewarp_rollover'====== Args={'value': 48, 'prev_value': None, 'change': True}
2025-01-13 20:28:02,135 : INFO : EventManager : Event: ======'machine_var_audits_switches_s_start'====== Args={'value': 7, 'prev_value': None, 'change': True}
2025-01-13 20:28:02,136 : INFO : EventManager : Event: ======'machine_var_audits_switches_s_trough1'====== Args={'value': 30, 'prev_value': None, 'change': True}
2025-01-13 20:28:02,136 : INFO : EventManager : Event: ======'machine_var_audits_switches_s_trough2'====== Args={'value': 0, 'prev_value': None, 'change': True}
2025-01-13 20:28:02,136 : INFO : EventManager : Event: ======'machine_var_audits_switches_s_trough3'====== Args={'value': 0, 'prev_value': None, 'change': True}
2025-01-13 20:28:02,136 : INFO : EventManager : Event: ======'machine_var_audits_switches_s_trough4'====== Args={'value': 0, 'prev_value': None, 'change': True}
2025-01-13 20:28:02,137 : INFO : EventManager : Event: ======'machine_var_audits_switches_s_trough5'====== Args={'value': 0, 'prev_value': None, 'change': True}
2025-01-13 20:28:02,137 : INFO : EventManager : Event: ======'machine_var_audits_switches_s_trough6'====== Args={'value': 0, 'prev_value': None, 'change': True}
2025-01-13 20:28:02,137 : INFO : EventManager : Event: ======'machine_var_audits_switches_s_trough_jam'====== Args={'value': 0, 'prev_value': None, 'change': True}
2025-01-13 20:28:02,137 : INFO : EventManager : Event: ======'machine_var_audits_switches_s_upper_attack_bumper'====== Args={'value': 16, 'prev_value': None, 'change': True}
2025-01-13 20:28:02,137 : INFO : EventManager : Event: ======'machine_var_audits_switches_s_upper_left_rebound'====== Args={'value': 0, 'prev_value': None, 'change': True}
2025-01-13 20:28:02,138 : INFO : EventManager : Event: ======'machine_var_audits_switches_s_upper_right_rebound'====== Args={'value': 0, 'prev_value': None, 'change': True}
2025-01-13 20:28:02,138 : INFO : EventManager : Event: ======'machine_var_audits_switches_s_wormhole_target'====== Args={'value': 0, 'prev_value': None, 'change': True}
2025-01-13 20:28:02,138 : INFO : EventManager : Event: ======'machine_var_audits_switches_s_yellow_wormhole'====== Args={'value': 0, 'prev_value': None, 'change': True}
2025-01-13 20:28:02,139 : INFO : EventManager : Event: ======'init_phase_5'====== Args={}
2025-01-13 20:28:02,186 : INFO : EventManager : Event: ======'init_done'====== Args={}
2025-01-13 20:28:02,187 : INFO : EventManager : Event: ======'machine_reset_phase_1'====== Args={}
2025-01-13 20:28:02,196 : INFO : EventManager : Event: ======'slide_welcome_slide_removed'====== Args={'_from_bcp': True}
2025-01-13 20:28:02,198 : INFO : EventManager : Event: ======'slide_welcome_slide_created'====== Args={'_from_bcp': True}
2025-01-13 20:28:02,199 : INFO : EventManager : Event: ======'machine_reset_phase_2'====== Args={}
2025-01-13 20:28:02,199 : INFO : EventManager : Event: ======'machine_reset_phase_3'====== Args={}
2025-01-13 20:28:02,199 : INFO : EventManager : Event: ======'slide_welcome_slide_active'====== Args={'_from_bcp': True}
2025-01-13 20:28:02,200 : INFO : EventManager : Event: ======'reset_complete'====== Args={}
2025-01-13 20:28:02,200 : INFO : EventManager : Event: ======'mode_attract_will_start'====== Args={}
2025-01-13 20:28:02,200 : INFO : EventManager : Event: ======'mode_attract_starting'====== Args={}
2025-01-13 20:28:02,200 : INFO : Mode.attract : Started. Priority: 10
2025-01-13 20:28:02,200 : INFO : EventManager : Event: ======'modes_active_modes_changed'====== Args={}
2025-01-13 20:28:02,200 : INFO : EventManager : Event: ======'mode_attract_started'====== Args={}
2025-01-13 20:28:02,201 : INFO : EventManager : Event: ======'collecting_balls_complete'====== Args={}
2025-01-13 20:28:02,238 : INFO : EventManager : Event: ======'slide_awesome_slide_created'====== Args={'_from_bcp': True}
2025-01-13 20:28:02,238 : INFO : EventManager : Event: ======'slide_awesome_slide_active'====== Args={'_from_bcp': True}
2025-01-13 20:28:02,238 : INFO : Machine : Starting the main run loop with active modes: [<Mode.attract>]
2025-01-13 20:28:03,831 : INFO : SwitchController : <<<<<<< 's_start' active >>>>>>>
2025-01-13 20:28:03,996 : INFO : SwitchController : <<<<<<< 's_start' inactive >>>>>>>
2025-01-13 20:28:03,997 : INFO : EventManager : Event: ======'request_to_start_game'====== Args={}
2025-01-13 20:28:03,997 : INFO : EventManager : Event: ======'game_start'====== Args={'buttons': [], 'hold_time': 0.17200000025331974}
2025-01-13 20:28:03,997 : INFO : EventManager : Event: ======'mode_game_will_start'====== Args={'buttons': [], 'hold_time': 0.17200000025331974}
2025-01-13 20:28:03,998 : INFO : EventManager : Event: ======'mode_game_starting'====== Args={'buttons': [], 'hold_time': 0.17200000025331974}
2025-01-13 20:28:03,998 : INFO : EventManager : Event: ======'mode_attract_will_stop'====== Args={}
2025-01-13 20:28:03,998 : INFO : EventManager : Event: ======'mode_attract_stopping'====== Args={}
2025-01-13 20:28:03,998 : INFO : Mode.attract : Stopped.
2025-01-13 20:28:03,998 : INFO : EventManager : Event: ======'modes_active_modes_changed'====== Args={}
2025-01-13 20:28:03,998 : INFO : EventManager : Event: ======'mode_attract_stopped'====== Args={}
2025-01-13 20:28:03,998 : INFO : EventManager : Event: ======'clear'====== Args={'key': 'attract'}
2025-01-13 20:28:03,998 : INFO : Mode.game : Started. Priority: 20
2025-01-13 20:28:03,999 : INFO : EventManager : Event: ======'modes_active_modes_changed'====== Args={}
2025-01-13 20:28:03,999 : INFO : EventManager : Event: ======'mode_game_started'====== Args={'buttons': [], 'hold_time': 0.17200000025331974}
2025-01-13 20:28:04,004 : INFO : EventManager : Event: ======'game_will_start'====== Args={}
2025-01-13 20:28:04,005 : INFO : EventManager : Event: ======'game_starting'====== Args={'game': <Mode.game>}
2025-01-13 20:28:04,006 : INFO : EventManager : Unordered handler for class <Auditor> on event game_ended with priority 1. Handlers: [RegisteredHandler(callback=<bound method Auditor.disable of <Auditor>>, priority=1, kwargs={}, key=UUID('33b42cc9-7757-4945-be78-c10870342afe'), condition=None, blocking_facility=None), RegisteredHandler(callback=<bound method Auditor._save_audits of <Auditor>>, priority=1, kwargs={}, key=UUID('545f59a2-7698-42d7-b5ea-dc255f327d3e'), condition=None, blocking_facility=None)]. The order of those handlers is not defined and they will be executed in random order. This might lead to race conditions and potential bugs.
2025-01-13 20:28:04,006 : INFO : EventManager : Event: ======'player_add_request'====== Args={}
2025-01-13 20:28:04,007 : INFO : EventManager : Event: ======'player_will_add'====== Args={'number': 1}
2025-01-13 20:28:04,007 : INFO : EventManager : Event: ======'player_adding'====== Args={'player': <Player 1>, 'number': 1}
2025-01-13 20:28:04,007 : INFO : EventManager : Event: ======'player_added'====== Args={'player': <Player 1>, 'num': 1}
2025-01-13 20:28:04,007 : INFO : Mode.game : Player added successfully. Total players: 1
2025-01-13 20:28:04,007 : INFO : EventManager : Event: ======'player_index'====== Args={'value': 0, 'prev_value': 0, 'change': 0, 'player_num': 1}
2025-01-13 20:28:04,007 : INFO : EventManager : Event: ======'player_number'====== Args={'value': 1, 'prev_value': 1, 'change': 0, 'player_num': 1}
2025-01-13 20:28:04,007 : INFO : EventManager : Event: ======'player_score'====== Args={'value': 0, 'prev_value': 0, 'change': 0, 'player_num': 1}
2025-01-13 20:28:04,008 : INFO : EventManager : Event: ======'game_started'====== Args={}
2025-01-13 20:28:04,016 : INFO : EventManager : Event: ======'player_turn_will_start'====== Args={'player': <Player 1>, 'number': 1}
2025-01-13 20:28:04,021 : INFO : EventManager : Event: ======'slide_awesome_slide_removed'====== Args={'_from_bcp': True}
2025-01-13 20:28:04,021 : INFO : EventManager : Event: ======'slide_welcome_slide_active'====== Args={'_from_bcp': True}
2025-01-13 20:28:04,021 : INFO : EventManager : Event: ======'player_turn_starting'====== Args={'player': <Player 1>, 'number': 1}
2025-01-13 20:28:04,022 : INFO : EventManager : Event: ======'player_ball'====== Args={'value': 1, 'prev_value': 0, 'change': 1, 'player_num': 1}
2025-01-13 20:28:04,022 : INFO : EventManager : Event: ======'player_turn_started'====== Args={'player': <Player 1>, 'number': 1}
2025-01-13 20:28:04,023 : INFO : EventManager : Event: ======'ball_will_start'====== Args={'player': 1, 'ball': 1, 'balls_remaining': 2, 'is_extra_ball': False}
2025-01-13 20:28:04,026 : INFO : EventManager : Event: ======'ball_starting'====== Args={'player': 1, 'ball': 1, 'balls_remaining': 2, 'is_extra_ball': False}
2025-01-13 20:28:04,027 : INFO : EventManager : Event: ======'mode_base_will_start'====== Args={'queue': <QueuedEvent>, 'player': 1, 'ball': 1, 'balls_remaining': 2, 'is_extra_ball': False}
2025-01-13 20:28:04,027 : INFO : EventManager : Event: ======'mode_base_starting'====== Args={'queue': <QueuedEvent>, 'player': 1, 'ball': 1, 'balls_remaining': 2, 'is_extra_ball': False}
2025-01-13 20:28:04,027 : INFO : Mode.base : Started. Priority: 100
2025-01-13 20:28:04,027 : INFO : EventManager : Event: ======'modes_active_modes_changed'====== Args={}
2025-01-13 20:28:04,028 : INFO : EventManager : Event: ======'mode_base_started'====== Args={'queue': <QueuedEvent>, 'player': 1, 'ball': 1, 'balls_remaining': 2, 'is_extra_ball': False}
2025-01-13 20:28:04,028 : INFO : EventManager : Event: ======'balls_in_play'====== Args={'balls': 1}
2025-01-13 20:28:04,028 : INFO : EventManager : Event: ======'ball_started'====== Args={'player': 1, 'ball': 1, 'balls_remaining': 2, 'is_extra_ball': False}
2025-01-13 20:28:04,028 : INFO : EventManager : Event: ======'mode_reentry_will_start'====== Args={'player': 1, 'ball': 1, 'balls_remaining': 2, 'is_extra_ball': False}
2025-01-13 20:28:04,029 : INFO : EventManager : Event: ======'player_shot_reentryL_shot_enabled'====== Args={'value': True, 'prev_value': 0, 'change': 1, 'player_num': 1}
2025-01-13 20:28:04,029 : INFO : EventManager : Event: ======'player_shot_reentryM_shot_enabled'====== Args={'value': True, 'prev_value': 0, 'change': 1, 'player_num': 1}
2025-01-13 20:28:04,030 : INFO : EventManager : Event: ======'player_shot_reentryR_shot_enabled'====== Args={'value': True, 'prev_value': 0, 'change': 1, 'player_num': 1}
2025-01-13 20:28:04,030 : INFO : EventManager : Event: ======'reentry_shot_complete'====== Args={'state': 'off'}
2025-01-13 20:28:04,030 : INFO : EventManager : Event: ======'reentry_shot_off_complete'====== Args={}
2025-01-13 20:28:04,032 : INFO : EventManager : Event: ======'mode_reentry_starting'====== Args={'player': 1, 'ball': 1, 'balls_remaining': 2, 'is_extra_ball': False}
2025-01-13 20:28:04,032 : INFO : EventManager : Event: ======'mode_lowerlanes_will_start'====== Args={'player': 1, 'ball': 1, 'balls_remaining': 2, 'is_extra_ball': False}
2025-01-13 20:28:04,032 : INFO : EventManager : Event: ======'player_shot_returnLaneL_shot_enabled'====== Args={'value': True, 'prev_value': 0, 'change': 1, 'player_num': 1}
2025-01-13 20:28:04,032 : INFO : EventManager : Event: ======'player_shot_bonusLane_shot_enabled'====== Args={'value': True, 'prev_value': 0, 'change': 1, 'player_num': 1}
2025-01-13 20:28:04,033 : INFO : EventManager : Event: ======'player_shot_outLaneL_shot_enabled'====== Args={'value': True, 'prev_value': 0, 'change': 1, 'player_num': 1}
2025-01-13 20:28:04,033 : INFO : EventManager : Event: ======'player_shot_returnLaneR_shot_enabled'====== Args={'value': True, 'prev_value': 0, 'change': 1, 'player_num': 1}
2025-01-13 20:28:04,033 : INFO : EventManager : Event: ======'player_shot_outLaneR_shot_enabled'====== Args={'value': True, 'prev_value': 0, 'change': 1, 'player_num': 1}
2025-01-13 20:28:04,033 : INFO : EventManager : Event: ======'player_shot_spacewarp_rollover_shot_enabled'====== Args={'value': True, 'prev_value': 0, 'change': 1, 'player_num': 1}
2025-01-13 20:28:04,033 : INFO : EventManager : Event: ======'returnLane_shot_complete'====== Args={'state': 'unlit'}
2025-01-13 20:28:04,033 : INFO : EventManager : Event: ======'returnLane_shot_unlit_complete'====== Args={}
2025-01-13 20:28:04,033 : INFO : EventManager : Event: ======'outLane_shot_complete'====== Args={'state': 'unlit'}
2025-01-13 20:28:04,033 : INFO : EventManager : Event: ======'outLane_shot_unlit_complete'====== Args={}
2025-01-13 20:28:04,034 : INFO : EventManager : Event: ======'mode_lowerlanes_starting'====== Args={'player': 1, 'ball': 1, 'balls_remaining': 2, 'is_extra_ball': False}
2025-01-13 20:28:04,035 : ERROR : asyncio : Exception in callback EventManager.process_event_queue()
handle: <Handle EventManager.process_event_queue()>
Traceback (most recent call last):
  File "C:\Users\student\mpfenv3\Lib\site-packages\mpf\core\events.py", line 755, in _run_handlers
    result = handler.callback(**merged_kwargs)
             ^^^^^^^^^^^^^^^^^^^^^^^^^^^^^^^^^
  File "C:\Users\student\mpfenv3\Lib\site-packages\mpf\devices\autofire.py", line 82, in event_enable
    self.enable()
  File "C:\Users\student\mpfenv3\Lib\site-packages\mpf\devices\autofire.py", line 123, in enable
    self._rule = self.machine.platform_controller.set_pulse_on_hit_rule(
                 ^^^^^^^^^^^^^^^^^^^^^^^^^^^^^^^^^^^^^^^^^^^^^^^^^^^^^^^
  File "C:\Users\student\mpfenv3\Lib\site-packages\mpf\core\platform_controller.py", line 200, in set_pulse_on_hit_rule
    platform.set_pulse_on_hit_rule(enable_settings, driver_settings)
  File "C:\Users\student\mpfenv3\Lib\site-packages\mpf\platforms\opp\opp.py", line 997, in set_pulse_on_hit_rule
    self._write_hw_rule(enable_switch, coil, use_hold=False, can_cancel=False)
  File "C:\Users\student\mpfenv3\Lib\site-packages\mpf\platforms\opp\opp.py", line 1063, in _write_hw_rule
    self._verify_coil_and_switch_fit(switch_obj, driver_obj)
  File "C:\Users\student\mpfenv3\Lib\site-packages\mpf\platforms\opp\opp.py", line 980, in _verify_coil_and_switch_fit
    self.raise_config_error('Invalid switch being configured for driver. Driver = {} '
  File "C:\Users\student\mpfenv3\Lib\site-packages\mpf\core\logging.py", line 174, in raise_config_error
    raise ConfigFileError(msg, error_no, self.log.name if self.log else "", context, self._url_base) \
mpf.exceptions.config_file_error.ConfigFileError: Config File Error in OPP: Invalid switch being configured for driver. Driver = 0-0-1 Switch = 1-0-1. Driver and switch have to be on the same board. Error Code: CFE-OPP-13 (https://missionpinball.org/logs)

The above exception was the direct cause of the following exception:

Traceback (most recent call last):
  File "C:\Program Files\Python311\Lib\asyncio\events.py", line 84, in _run
    self._context.run(self._callback, *self._args)
  File "C:\Users\student\mpfenv3\Lib\site-packages\mpf\core\events.py", line 846, in process_event_queue
    self._process_event(event=event[0],
  File "C:\Users\student\mpfenv3\Lib\site-packages\mpf\core\events.py", line 808, in _process_event
    result = self._run_handlers(event, ev_type, kwargs)
             ^^^^^^^^^^^^^^^^^^^^^^^^^^^^^^^^^^^^^^^^^^
  File "C:\Users\student\mpfenv3\Lib\site-packages\mpf\core\events.py", line 757, in _run_handlers
    raise EventHandlerException(
mpf.core.events.EventHandlerException: Exception while processing RegisteredHandler(callback=<bound method AutofireCoil.event_enable of <autofire.left_attack_bumper>>, priority=2, kwargs={}, key=UUID('d0fd7870-bdf3-4b4f-a1bc-aaf6e4c52e69'), condition=None, blocking_facility=None) for event ball_started. Config File Error in OPP: Invalid switch being configured for driver. Driver = 0-0-1 Switch = 1-0-1. Driver and switch have to be on the same board. Error Code: CFE-OPP-13 (https://missionpinball.org/logs)
2025-01-13 20:28:04,071 : INFO : Mode.lowerlanes : Will not start because machine is shutting down.
2025-01-13 20:28:04,096 : INFO : EventManager : Event: ======'logicblock_reentry_shot_complete_count_updated'====== Args={'value': 1, 'enabled': True}
2025-01-13 20:28:04,096 : INFO : EventManager : Event: ======'logicblock_reentry_shot_complete_count_updated'====== Args={'value': 1, 'enabled': True}
2025-01-13 20:28:04,097 : INFO : Mode.reentry : Will not start because machine is shutting down.
2025-01-13 20:28:04,101 : INFO : EventManager : Event: ======'slide_base.slide_player-mode_base_started_created'====== Args={'_from_bcp': True}
2025-01-13 20:28:04,102 : INFO : EventManager : Event: ======'slide_base.slide_player-mode_base_started_active'====== Args={'_from_bcp': True}
2025-01-13 20:28:04,107 : INFO : Machine : Shutting down...
2025-01-13 20:28:04,107 : INFO : EventManager : Event: ======'shutdown'====== Args={}
2025-01-13 20:28:04,108 : INFO : EventManager : Event: ======'mode_game_will_stop'====== Args={}
2025-01-13 20:28:04,108 : INFO : EventManager : Event: ======'mode_game_stopping'====== Args={}
2025-01-13 20:28:04,109 : INFO : EventManager : Event: ======'mode_base_will_stop'====== Args={}
2025-01-13 20:28:04,109 : INFO : EventManager : Event: ======'mode_base_stopping'====== Args={}
2025-01-13 20:28:04,109 : INFO : Mode.base : Stopped.
2025-01-13 20:28:04,109 : INFO : EventManager : Event: ======'modes_active_modes_changed'====== Args={}
2025-01-13 20:28:04,110 : INFO : EventManager : Event: ======'mode_base_stopped'====== Args={}
2025-01-13 20:28:04,110 : INFO : EventManager : Event: ======'clear'====== Args={'key': 'base'}
2025-01-13 20:28:04,110 : INFO : Mode.game : Stopped.
2025-01-13 20:28:04,110 : INFO : EventManager : Event: ======'modes_active_modes_changed'====== Args={}
2025-01-13 20:28:04,110 : INFO : EventManager : Event: ======'mode_game_stopped'====== Args={}
2025-01-13 20:28:04,111 : INFO : EventManager : Event: ======'clear'====== Args={'key': 'game'}
2025-01-13 20:28:04,112 : ERROR : OPP : Stop called on serial connection com5
2025-01-13 20:28:04,113 : ERROR : OPP : Stop called on serial connection com4
2025-01-13 20:28:04,114 : ERROR : asyncio : Exception in callback Util.raise_exceptions(<Task finishe...ection lost')>) at C:\Users\student\mpfenv3\Lib\site-packages\mpf\core\utility_functions.py:790
handle: <Handle Util.raise_exceptions(<Task finishe...ection lost')>) at C:\Users\student\mpfenv3\Lib\site-packages\mpf\core\utility_functions.py:790>
Traceback (most recent call last):
  File "C:\Program Files\Python311\Lib\asyncio\events.py", line 84, in _run
    self._context.run(self._callback, *self._args)
  File "C:\Users\student\mpfenv3\Lib\site-packages\mpf\core\utility_functions.py", line 798, in raise_exceptions
    future.result()
  File "C:\Users\student\mpfenv3\Lib\site-packages\mpf\platforms\opp\opp.py", line 971, in _poll_sender
    await self.opp_connection[chain_serial].writer.drain()
  File "C:\Program Files\Python311\Lib\asyncio\streams.py", line 392, in drain
    await self._protocol._drain_helper()
  File "C:\Program Files\Python311\Lib\asyncio\streams.py", line 166, in _drain_helper
    raise ConnectionResetError('Connection lost')
ConnectionResetError: Connection lost
2025-01-13 20:28:04,372 : WARNING : OPP : Poll took more than 250.0ms for 0
2025-01-13 20:28:04,372 : ERROR : asyncio : Exception in callback Util.raise_exceptions(<Task finishe...ute 'write'")>) at C:\Users\student\mpfenv3\Lib\site-packages\mpf\core\utility_functions.py:790
handle: <Handle Util.raise_exceptions(<Task finishe...ute 'write'")>) at C:\Users\student\mpfenv3\Lib\site-packages\mpf\core\utility_functions.py:790>
Traceback (most recent call last):
  File "C:\Program Files\Python311\Lib\asyncio\events.py", line 84, in _run
    self._context.run(self._callback, *self._args)
  File "C:\Users\student\mpfenv3\Lib\site-packages\mpf\core\utility_functions.py", line 798, in raise_exceptions
    future.result()
  File "C:\Users\student\mpfenv3\Lib\site-packages\mpf\platforms\opp\opp.py", line 970, in _poll_sender
    self.send_to_processor(chain_serial, self.read_input_msg[chain_serial])
  File "C:\Users\student\mpfenv3\Lib\site-packages\mpf\platforms\opp\opp.py", line 349, in send_to_processor
    self.opp_connection[chain_serial].send(msg)
  File "C:\Users\student\mpfenv3\Lib\site-packages\mpf\platforms\base_serial_communicator.py", line 161, in send
    self.writer.write(msg)
    ^^^^^^^^^^^^^^^^^
AttributeError: 'NoneType' object has no attribute 'write'
2025-01-13 20:28:04,373 : ERROR : Machine : Runtime Exception
Traceback (most recent call last):
  File "C:\Users\student\mpfenv3\Lib\site-packages\mpf\core\events.py", line 755, in _run_handlers
    result = handler.callback(**merged_kwargs)
             ^^^^^^^^^^^^^^^^^^^^^^^^^^^^^^^^^
  File "C:\Users\student\mpfenv3\Lib\site-packages\mpf\devices\autofire.py", line 82, in event_enable
    self.enable()
  File "C:\Users\student\mpfenv3\Lib\site-packages\mpf\devices\autofire.py", line 123, in enable
    self._rule = self.machine.platform_controller.set_pulse_on_hit_rule(
                 ^^^^^^^^^^^^^^^^^^^^^^^^^^^^^^^^^^^^^^^^^^^^^^^^^^^^^^^
  File "C:\Users\student\mpfenv3\Lib\site-packages\mpf\core\platform_controller.py", line 200, in set_pulse_on_hit_rule
    platform.set_pulse_on_hit_rule(enable_settings, driver_settings)
  File "C:\Users\student\mpfenv3\Lib\site-packages\mpf\platforms\opp\opp.py", line 997, in set_pulse_on_hit_rule
    self._write_hw_rule(enable_switch, coil, use_hold=False, can_cancel=False)
  File "C:\Users\student\mpfenv3\Lib\site-packages\mpf\platforms\opp\opp.py", line 1063, in _write_hw_rule
    self._verify_coil_and_switch_fit(switch_obj, driver_obj)
  File "C:\Users\student\mpfenv3\Lib\site-packages\mpf\platforms\opp\opp.py", line 980, in _verify_coil_and_switch_fit
    self.raise_config_error('Invalid switch being configured for driver. Driver = {} '
  File "C:\Users\student\mpfenv3\Lib\site-packages\mpf\core\logging.py", line 174, in raise_config_error
    raise ConfigFileError(msg, error_no, self.log.name if self.log else "", context, self._url_base) \
mpf.exceptions.config_file_error.ConfigFileError: Config File Error in OPP: Invalid switch being configured for driver. Driver = 0-0-1 Switch = 1-0-1. Driver and switch have to be on the same board. Error Code: CFE-OPP-13 (https://missionpinball.org/logs)

The above exception was the direct cause of the following exception:

Traceback (most recent call last):
  File "C:\Users\student\mpfenv3\Lib\site-packages\mpf\core\machine.py", line 808, in _run_loop
    raise self._exception['exception']
  File "C:\Program Files\Python311\Lib\asyncio\events.py", line 84, in _run
    self._context.run(self._callback, *self._args)
  File "C:\Users\student\mpfenv3\Lib\site-packages\mpf\core\events.py", line 846, in process_event_queue
    self._process_event(event=event[0],
  File "C:\Users\student\mpfenv3\Lib\site-packages\mpf\core\events.py", line 808, in _process_event
    result = self._run_handlers(event, ev_type, kwargs)
             ^^^^^^^^^^^^^^^^^^^^^^^^^^^^^^^^^^^^^^^^^^
  File "C:\Users\student\mpfenv3\Lib\site-packages\mpf\core\events.py", line 757, in _run_handlers
    raise EventHandlerException(
mpf.core.events.EventHandlerException: Exception while processing RegisteredHandler(callback=<bound method AutofireCoil.event_enable of <autofire.left_attack_bumper>>, priority=2, kwargs={}, key=UUID('d0fd7870-bdf3-4b4f-a1bc-aaf6e4c52e69'), condition=None, blocking_facility=None) for event ball_started. Config File Error in OPP: Invalid switch being configured for driver. Driver = 0-0-1 Switch = 1-0-1. Driver and switch have to be on the same board. Error Code: CFE-OPP-13 (https://missionpinball.org/logs)
2025-01-13 20:28:18,206 : ERROR : root : 
Traceback (most recent call last):
  File "C:\Users\student\mpfenv3\Lib\site-packages\mpf\core\events.py", line 755, in _run_handlers
    result = handler.callback(**merged_kwargs)
             ^^^^^^^^^^^^^^^^^^^^^^^^^^^^^^^^^
  File "C:\Users\student\mpfenv3\Lib\site-packages\mpf\devices\autofire.py", line 82, in event_enable
    self.enable()
  File "C:\Users\student\mpfenv3\Lib\site-packages\mpf\devices\autofire.py", line 123, in enable
    self._rule = self.machine.platform_controller.set_pulse_on_hit_rule(
                 ^^^^^^^^^^^^^^^^^^^^^^^^^^^^^^^^^^^^^^^^^^^^^^^^^^^^^^^
  File "C:\Users\student\mpfenv3\Lib\site-packages\mpf\core\platform_controller.py", line 200, in set_pulse_on_hit_rule
    platform.set_pulse_on_hit_rule(enable_settings, driver_settings)
  File "C:\Users\student\mpfenv3\Lib\site-packages\mpf\platforms\opp\opp.py", line 997, in set_pulse_on_hit_rule
    self._write_hw_rule(enable_switch, coil, use_hold=False, can_cancel=False)
  File "C:\Users\student\mpfenv3\Lib\site-packages\mpf\platforms\opp\opp.py", line 1063, in _write_hw_rule
    self._verify_coil_and_switch_fit(switch_obj, driver_obj)
  File "C:\Users\student\mpfenv3\Lib\site-packages\mpf\platforms\opp\opp.py", line 980, in _verify_coil_and_switch_fit
    self.raise_config_error('Invalid switch being configured for driver. Driver = {} '
  File "C:\Users\student\mpfenv3\Lib\site-packages\mpf\core\logging.py", line 174, in raise_config_error
    raise ConfigFileError(msg, error_no, self.log.name if self.log else "", context, self._url_base) \
mpf.exceptions.config_file_error.ConfigFileError: Config File Error in OPP: Invalid switch being configured for driver. Driver = 0-0-1 Switch = 1-0-1. Driver and switch have to be on the same board. Error Code: CFE-OPP-13 (https://missionpinball.org/logs)

The above exception was the direct cause of the following exception:

Traceback (most recent call last):
  File "C:\Users\student\mpfenv3\Lib\site-packages\mpf\core\machine.py", line 808, in _run_loop
    raise self._exception['exception']
  File "C:\Program Files\Python311\Lib\asyncio\events.py", line 84, in _run
    self._context.run(self._callback, *self._args)
  File "C:\Users\student\mpfenv3\Lib\site-packages\mpf\core\events.py", line 846, in process_event_queue
    self._process_event(event=event[0],
  File "C:\Users\student\mpfenv3\Lib\site-packages\mpf\core\events.py", line 808, in _process_event
    result = self._run_handlers(event, ev_type, kwargs)
             ^^^^^^^^^^^^^^^^^^^^^^^^^^^^^^^^^^^^^^^^^^
  File "C:\Users\student\mpfenv3\Lib\site-packages\mpf\core\events.py", line 757, in _run_handlers
    raise EventHandlerException(
mpf.core.events.EventHandlerException: Exception while processing RegisteredHandler(callback=<bound method AutofireCoil.event_enable of <autofire.left_attack_bumper>>, priority=2, kwargs={}, key=UUID('d0fd7870-bdf3-4b4f-a1bc-aaf6e4c52e69'), condition=None, blocking_facility=None) for event ball_started. Config File Error in OPP: Invalid switch being configured for driver. Driver = 0-0-1 Switch = 1-0-1. Driver and switch have to be on the same board. Error Code: CFE-OPP-13 (https://missionpinball.org/logs)

During handling of the above exception, another exception occurred:

Traceback (most recent call last):
  File "C:\Users\student\mpfenv3\Lib\site-packages\mpf\commands\game.py", line 240, in __init__
    self.machine.run()
  File "C:\Users\student\mpfenv3\Lib\site-packages\mpf\core\machine.py", line 704, in run
    self._run_loop()
  File "C:\Users\student\mpfenv3\Lib\site-packages\mpf\core\machine.py", line 811, in _run_loop
    report_crash(self._exception['exception'], "exception_during_run", self.config)
  File "C:\Users\student\mpfenv3\Lib\site-packages\mpf\core\crash_reporter.py", line 236, in report_crash
    response = input("Do you want to report the crash to the MPF team (yes/no/show)? ")
               ^^^^^^^^^^^^^^^^^^^^^^^^^^^^^^^^^^^^^^^^^^^^^^^^^^^^^^^^^^^^^^^^^^^^^^^^
EOFError
