2025-01-16 21:13:08,121 : INFO : root : Loading config.
2025-01-16 21:13:08,168 : INFO : ConfigProcessor : Config spec file cache created: C:\Users\student\AppData\Local\Temp\config_spec.mpf_cache
2025-01-16 21:13:08,168 : INFO : YamlMultifileConfigLoader : Machine config file #1: config.yaml
2025-01-16 21:13:08,168 : INFO : ConfigProcessor : Loading config from file C:\Users\student\mpfenv3\Lib\site-packages\mpf\mpfconfig.yaml.
2025-01-16 21:13:08,178 : INFO : ConfigProcessor : Loading config: C:\Users\student\mpfenv3\Lib\site-packages\mpf\mpfconfig.yaml
2025-01-16 21:13:08,179 : INFO : ConfigProcessor : Loading config from file C:\Users\student\pinball\cobraPinTest1\config\config.yaml.
2025-01-16 21:13:08,185 : INFO : ConfigProcessor : Loading config: C:\Users\student\pinball\cobraPinTest1\config\config.yaml
2025-01-16 21:13:08,186 : INFO : ConfigProcessor : Config file cache created: C:\Users\student\AppData\Local\Temp\a20d2796aecf24feaad48747be24652a.mpf_cache
2025-01-16 21:13:08,259 : INFO : ConfigProcessor : Loading config from file C:\Users\student\mpfenv3\Lib\site-packages\mpf\modes\attract\config\attract.yaml.
2025-01-16 21:13:08,259 : INFO : ConfigProcessor : Loading config: C:\Users\student\mpfenv3\Lib\site-packages\mpf\modes\attract\config\attract.yaml
2025-01-16 21:13:08,259 : INFO : ConfigProcessor : Loading config from file C:\Users\student\pinball\cobraPinTest1\modes\attract\config\attract.yaml.
2025-01-16 21:13:08,260 : INFO : ConfigProcessor : Loading config: C:\Users\student\pinball\cobraPinTest1\modes\attract\config\attract.yaml
2025-01-16 21:13:08,260 : INFO : ConfigProcessor : Config file cache created: C:\Users\student\AppData\Local\Temp\0196918bccd620e51d3c4d2630650aa0.mpf_cache
2025-01-16 21:13:08,261 : INFO : ConfigProcessor : Loading config from file C:\Users\student\mpfenv3\Lib\site-packages\mpf\modes\game\config\game.yaml.
2025-01-16 21:13:08,262 : INFO : ConfigProcessor : Loading config: C:\Users\student\mpfenv3\Lib\site-packages\mpf\modes\game\config\game.yaml
2025-01-16 21:13:08,262 : INFO : ConfigProcessor : Config file cache created: C:\Users\student\AppData\Local\Temp\511dcc6b491b0fa2d7aa9abdf6497e9c.mpf_cache
2025-01-16 21:13:08,262 : INFO : ConfigProcessor : Loading config from file C:\Users\student\pinball\cobraPinTest1\modes\base\config\base.yaml.
2025-01-16 21:13:08,263 : INFO : ConfigProcessor : Loading config: C:\Users\student\pinball\cobraPinTest1\modes\base\config\base.yaml
2025-01-16 21:13:08,264 : INFO : ConfigProcessor : Config file cache created: C:\Users\student\AppData\Local\Temp\4675a535c8328a9c278c807d999ed109.mpf_cache
2025-01-16 21:13:08,264 : INFO : ConfigProcessor : Loading config from file C:\Users\student\pinball\cobraPinTest1\modes\reentry\config\reentry.yaml.
2025-01-16 21:13:08,267 : INFO : ConfigProcessor : Loading config: C:\Users\student\pinball\cobraPinTest1\modes\reentry\config\reentry.yaml
2025-01-16 21:13:08,267 : INFO : ConfigProcessor : Config file cache created: C:\Users\student\AppData\Local\Temp\0c8438cab3480347c0c749fa494946a2.mpf_cache
2025-01-16 21:13:08,268 : INFO : ConfigProcessor : Loading config from file C:\Users\student\pinball\cobraPinTest1\modes\lowerlanes\config\lowerlanes.yaml.
2025-01-16 21:13:08,270 : INFO : ConfigProcessor : Loading config: C:\Users\student\pinball\cobraPinTest1\modes\lowerlanes\config\lowerlanes.yaml
2025-01-16 21:13:08,270 : INFO : ConfigProcessor : Config file cache created: C:\Users\student\AppData\Local\Temp\5052615755bdf1309b248cf8695ad4ff.mpf_cache
2025-01-16 21:13:08,271 : INFO : ConfigProcessor : Loading config from file C:\Users\student\pinball\cobraPinTest1\modes\attract\shows\.\attract_display_loop.yaml.
2025-01-16 21:13:08,273 : INFO : ConfigProcessor : Loading config: C:\Users\student\pinball\cobraPinTest1\modes\attract\shows\.\attract_display_loop.yaml
2025-01-16 21:13:08,273 : INFO : ConfigProcessor : Config file cache created: C:\Users\student\AppData\Local\Temp\f8d2c2cf3ea01f085365ea23fa51a701.mpf_cache
2025-01-16 21:13:08,274 : INFO : ConfigProcessor : Loading config from file C:\Users\student\pinball\cobraPinTest1\modes\attract\shows\.\attract_light_show.yaml.
2025-01-16 21:13:08,275 : INFO : ConfigProcessor : Loading config: C:\Users\student\pinball\cobraPinTest1\modes\attract\shows\.\attract_light_show.yaml
2025-01-16 21:13:08,275 : INFO : ConfigProcessor : Config file cache created: C:\Users\student\AppData\Local\Temp\30bd992f4b62a9b099207aebeb59554c.mpf_cache
2025-01-16 21:13:08,276 : INFO : Machine : Mission Pinball Framework Core Engine v0.57.3
2025-01-16 21:13:08,276 : INFO : Machine : Command line arguments: {'no_load_cache': True, 'create_config_cache': True, 'bcp': True, 'configfile': ['config.yaml'], 'force_assets_load': False, 'platform_integration_test': False, 'jsonlogging': False, 'logfile': 'logs\\2025-01-16-21-13-08-mpf-DESKTOP-0JH7ARL.log', 'pause': False, 'production': False, 'text_ui': True, 'loglevel': 15, 'consoleloglevel': 20, 'force_platform': None, 'syslog_address': None, 'mc_file_name': None, 'no_sound': False}
2025-01-16 21:13:08,276 : INFO : Machine : MPF path: C:\Users\student\mpfenv3\Lib\site-packages\mpf
2025-01-16 21:13:08,276 : INFO : Machine : Machine path: C:\Users\student\pinball\cobraPinTest1
2025-01-16 21:13:08,276 : INFO : Machine : Platform: win32
2025-01-16 21:13:08,276 : INFO : Machine : Python executable location: C:\Users\student\mpfenv3\Scripts\python.exe
2025-01-16 21:13:08,276 : INFO : Machine : Python version: 3.11.8 (64-bit)
2025-01-16 21:13:08,277 : INFO : Machine : Initializing MPF...
2025-01-16 21:13:08,507 : INFO : OPP : Connecting to com4 at 115200bps
2025-01-16 21:13:08,681 : INFO : OPP : Init of OPP board 0 done
2025-01-16 21:13:08,681 : INFO : OPP : Connecting to com5 at 115200bps
2025-01-16 21:13:08,792 : INFO : OPP : Init of OPP board 1 done
2025-01-16 21:13:08,792 : INFO : EventManager : Event: ======'machine_var_credits_string'====== Args={'value': 'FREE PLAY', 'prev_value': None, 'change': True}
2025-01-16 21:13:08,843 : INFO : EventManager : Event: ======'machine_var_master_volume'====== Args={'value': 0.5, 'prev_value': None, 'change': True}
2025-01-16 21:13:08,843 : INFO : EventManager : Event: ======'machine_var_player1_score'====== Args={'value': 1500, 'prev_value': None, 'change': True}
2025-01-16 21:13:08,843 : INFO : EventManager : Event: ======'machine_var_mpf_version'====== Args={'value': 'Mission Pinball Framework v0.57.3', 'prev_value': None, 'change': True}
2025-01-16 21:13:08,844 : INFO : EventManager : Event: ======'machine_var_mpf_extended_version'====== Args={'value': 'Mission Pinball Framework v0.57.3, Config version:6, Show version: 6, BCP version:1.1', 'prev_value': None, 'change': True}
2025-01-16 21:13:08,844 : INFO : EventManager : Event: ======'machine_var_python_version'====== Args={'value': '3.11.8', 'prev_value': None, 'change': True}
2025-01-16 21:13:08,854 : INFO : EventManager : Event: ======'machine_var_platform'====== Args={'value': 'Windows-10-10.0.19045-SP0', 'prev_value': None, 'change': True}
2025-01-16 21:13:08,854 : INFO : EventManager : Event: ======'machine_var_platform_system'====== Args={'value': 'Windows', 'prev_value': None, 'change': True}
2025-01-16 21:13:08,854 : INFO : EventManager : Event: ======'machine_var_platform_release'====== Args={'value': '10', 'prev_value': None, 'change': True}
2025-01-16 21:13:08,854 : INFO : EventManager : Event: ======'machine_var_platform_version'====== Args={'value': '10.0.19045', 'prev_value': None, 'change': True}
2025-01-16 21:13:08,854 : INFO : EventManager : Event: ======'machine_var_platform_machine'====== Args={'value': 'AMD64', 'prev_value': None, 'change': True}
2025-01-16 21:13:08,854 : INFO : EventManager : Event: ======'init_phase_1'====== Args={}
2025-01-16 21:13:08,889 : INFO : EventManager : Event: ======'init_phase_2'====== Args={}
2025-01-16 21:13:08,890 : INFO : SwitchController : Found active switch: ('0-0-8', <Platform.OPP>) <switch.s_trough1>
2025-01-16 21:13:08,893 : INFO : EventManager : Event: ======'bcp_connection_attempt'====== Args={'name': 'local_display', 'host': 'localhost', 'port': 5050}
2025-01-16 21:13:08,895 : INFO : BCPClientSocket : Connecting BCP to 'local_display' at localhost:5050...
2025-01-16 21:13:10,926 : INFO : BCPClientSocket : Connected BCP to 'local_display' localhost:5050
2025-01-16 21:13:10,926 : INFO : EventManager : Event: ======'bcp_clients_connected'====== Args={}
2025-01-16 21:13:11,105 : INFO : EventManager : Event: ======'machine_var_mc_version'====== Args={'value': 'MPF-MC v0.57.1', 'prev_value': None, 'change': True}
2025-01-16 21:13:11,106 : INFO : EventManager : Event: ======'machine_var_mc_extended_version'====== Args={'value': 'MPF-MC v0.57.1 (config_version=6, BCP v1.1,                      Requires MPF API compatibility v0.57.0 or newer)', 'prev_value': None, 'change': True}
2025-01-16 21:13:11,108 : INFO : ball_device.bd_trough : BCH: Initial count: 1
2025-01-16 21:13:11,143 : INFO : ball_device.bd_trough : State: idle
2025-01-16 21:13:11,143 : INFO : ball_device.bd_plunger : BCH: Initial count: 0
2025-01-16 21:13:11,144 : INFO : ball_device.bd_plunger : State: idle
2025-01-16 21:13:11,161 : INFO : EventManager : Event: ======'init_phase_3'====== Args={}
2025-01-16 21:13:11,165 : INFO : EventManager : Event: ======'init_phase_4'====== Args={}
2025-01-16 21:13:11,166 : INFO : BallController : Initial balls found: 1
2025-01-16 21:13:11,167 : INFO : EventManager : Event: ======'machine_var_audits_events_game_ended'====== Args={'value': 0, 'prev_value': None, 'change': True}
2025-01-16 21:13:11,167 : INFO : EventManager : Event: ======'machine_var_audits_events_game_started'====== Args={'value': 29, 'prev_value': None, 'change': True}
2025-01-16 21:13:11,168 : INFO : EventManager : Event: ======'machine_var_audits_missing_switches_s_bonus_lane'====== Args={'value': 3, 'prev_value': None, 'change': True}
2025-01-16 21:13:11,168 : INFO : EventManager : Event: ======'machine_var_audits_missing_switches_s_left_attack_bumper'====== Args={'value': 2, 'prev_value': None, 'change': True}
2025-01-16 21:13:11,168 : INFO : EventManager : Event: ======'machine_var_audits_missing_switches_s_left_out_lane'====== Args={'value': 3, 'prev_value': None, 'change': True}
2025-01-16 21:13:11,168 : INFO : EventManager : Event: ======'machine_var_audits_missing_switches_s_left_return_lane'====== Args={'value': 3, 'prev_value': None, 'change': True}
2025-01-16 21:13:11,168 : INFO : EventManager : Event: ======'machine_var_audits_missing_switches_s_lower_attack_bumper'====== Args={'value': 4, 'prev_value': None, 'change': True}
2025-01-16 21:13:11,168 : INFO : EventManager : Event: ======'machine_var_audits_missing_switches_s_lower_left_slingshot'====== Args={'value': 3, 'prev_value': None, 'change': True}
2025-01-16 21:13:11,168 : INFO : EventManager : Event: ======'machine_var_audits_missing_switches_s_lower_right_slingshot'====== Args={'value': 3, 'prev_value': None, 'change': True}
2025-01-16 21:13:11,168 : INFO : EventManager : Event: ======'machine_var_audits_missing_switches_s_plunger'====== Args={'value': 27, 'prev_value': None, 'change': True}
2025-01-16 21:13:11,168 : INFO : EventManager : Event: ======'machine_var_audits_missing_switches_s_reentry_left'====== Args={'value': 12, 'prev_value': None, 'change': True}
2025-01-16 21:13:11,169 : INFO : EventManager : Event: ======'machine_var_audits_missing_switches_s_reentry_middle'====== Args={'value': 12, 'prev_value': None, 'change': True}
2025-01-16 21:13:11,169 : INFO : EventManager : Event: ======'machine_var_audits_missing_switches_s_reentry_right'====== Args={'value': 6, 'prev_value': None, 'change': True}
2025-01-16 21:13:11,169 : INFO : EventManager : Event: ======'machine_var_audits_missing_switches_s_right_out_lane'====== Args={'value': 3, 'prev_value': None, 'change': True}
2025-01-16 21:13:11,169 : INFO : EventManager : Event: ======'machine_var_audits_missing_switches_s_right_return_lane'====== Args={'value': 3, 'prev_value': None, 'change': True}
2025-01-16 21:13:11,169 : INFO : EventManager : Event: ======'machine_var_audits_missing_switches_s_spacewarp_rollover'====== Args={'value': 11, 'prev_value': None, 'change': True}
2025-01-16 21:13:11,169 : INFO : EventManager : Event: ======'machine_var_audits_missing_switches_s_start'====== Args={'value': 28, 'prev_value': None, 'change': True}
2025-01-16 21:13:11,169 : INFO : EventManager : Event: ======'machine_var_audits_missing_switches_s_trough1'====== Args={'value': 28, 'prev_value': None, 'change': True}
2025-01-16 21:13:11,169 : INFO : EventManager : Event: ======'machine_var_audits_missing_switches_s_upper_attack_bumper'====== Args={'value': 4, 'prev_value': None, 'change': True}
2025-01-16 21:13:11,169 : INFO : EventManager : Event: ======'machine_var_audits_missing_switches_s_wormhole_target'====== Args={'value': 3, 'prev_value': None, 'change': True}
2025-01-16 21:13:11,169 : INFO : EventManager : Event: ======'machine_var_audits_player_score'====== Args={'value': {'average': 1800.0, 'top': [2000, 1900, 1500], 'total': 3}, 'prev_value': None, 'change': True}
2025-01-16 21:13:11,170 : INFO : EventManager : Event: ======'machine_var_audits_shots_bonusLane_shot'====== Args={'value': 55, 'prev_value': None, 'change': True}
2025-01-16 21:13:11,170 : INFO : EventManager : Event: ======'machine_var_audits_shots_medalL_shot'====== Args={'value': 174, 'prev_value': None, 'change': True}
2025-01-16 21:13:11,170 : INFO : EventManager : Event: ======'machine_var_audits_shots_medalM_shot'====== Args={'value': 166, 'prev_value': None, 'change': True}
2025-01-16 21:13:11,170 : INFO : EventManager : Event: ======'machine_var_audits_shots_medalR_shot'====== Args={'value': 165, 'prev_value': None, 'change': True}
2025-01-16 21:13:11,170 : INFO : EventManager : Event: ======'machine_var_audits_shots_my_first_shot'====== Args={'value': 119, 'prev_value': None, 'change': True}
2025-01-16 21:13:11,170 : INFO : EventManager : Event: ======'machine_var_audits_shots_my_first_shot_mode2'====== Args={'value': 72, 'prev_value': None, 'change': True}
2025-01-16 21:13:11,170 : INFO : EventManager : Event: ======'machine_var_audits_shots_outLaneL_shot'====== Args={'value': 18, 'prev_value': None, 'change': True}
2025-01-16 21:13:11,170 : INFO : EventManager : Event: ======'machine_var_audits_shots_outLaneR_shot'====== Args={'value': 72, 'prev_value': None, 'change': True}
2025-01-16 21:13:11,170 : INFO : EventManager : Event: ======'machine_var_audits_shots_reentryL_shot'====== Args={'value': 517, 'prev_value': None, 'change': True}
2025-01-16 21:13:11,171 : INFO : EventManager : Event: ======'machine_var_audits_shots_reentryM_shot'====== Args={'value': 476, 'prev_value': None, 'change': True}
2025-01-16 21:13:11,171 : INFO : EventManager : Event: ======'machine_var_audits_shots_reentryR_shot'====== Args={'value': 462, 'prev_value': None, 'change': True}
2025-01-16 21:13:11,171 : INFO : EventManager : Event: ======'machine_var_audits_shots_reentry_shot'====== Args={'value': 9, 'prev_value': None, 'change': True}
2025-01-16 21:13:11,171 : INFO : EventManager : Event: ======'machine_var_audits_shots_returnLaneL_shot'====== Args={'value': 168, 'prev_value': None, 'change': True}
2025-01-16 21:13:11,171 : INFO : EventManager : Event: ======'machine_var_audits_shots_returnLaneR_shot'====== Args={'value': 115, 'prev_value': None, 'change': True}
2025-01-16 21:13:11,171 : INFO : EventManager : Event: ======'machine_var_audits_shots_spacewarp_rollover_shot'====== Args={'value': 47, 'prev_value': None, 'change': True}
2025-01-16 21:13:11,171 : INFO : EventManager : Event: ======'machine_var_audits_shots_top_lane_A'====== Args={'value': 12, 'prev_value': None, 'change': True}
2025-01-16 21:13:11,171 : INFO : EventManager : Event: ======'machine_var_audits_shots_top_lane_J'====== Args={'value': 12, 'prev_value': None, 'change': True}
2025-01-16 21:13:11,172 : INFO : EventManager : Event: ======'machine_var_audits_shots_top_lane_M'====== Args={'value': 9, 'prev_value': None, 'change': True}
2025-01-16 21:13:11,172 : INFO : EventManager : Event: ======'machine_var_audits_switches_s_blackhole_kicker'====== Args={'value': 0, 'prev_value': None, 'change': True}
2025-01-16 21:13:11,172 : INFO : EventManager : Event: ======'machine_var_audits_switches_s_bonus_lane'====== Args={'value': 68, 'prev_value': None, 'change': True}
2025-01-16 21:13:11,172 : INFO : EventManager : Event: ======'machine_var_audits_switches_s_booster_drop_target_1'====== Args={'value': 0, 'prev_value': None, 'change': True}
2025-01-16 21:13:11,172 : INFO : EventManager : Event: ======'machine_var_audits_switches_s_booster_drop_target_2'====== Args={'value': 0, 'prev_value': None, 'change': True}
2025-01-16 21:13:11,172 : INFO : EventManager : Event: ======'machine_var_audits_switches_s_booster_drop_target_3'====== Args={'value': 0, 'prev_value': None, 'change': True}
2025-01-16 21:13:11,172 : INFO : EventManager : Event: ======'machine_var_audits_switches_s_comet_spot_1'====== Args={'value': 0, 'prev_value': None, 'change': True}
2025-01-16 21:13:11,172 : INFO : EventManager : Event: ======'machine_var_audits_switches_s_comet_spot_2'====== Args={'value': 0, 'prev_value': None, 'change': True}
2025-01-16 21:13:11,173 : INFO : EventManager : Event: ======'machine_var_audits_switches_s_comet_spot_3'====== Args={'value': 0, 'prev_value': None, 'change': True}
2025-01-16 21:13:11,173 : INFO : EventManager : Event: ======'machine_var_audits_switches_s_engine_bumper_1'====== Args={'value': 0, 'prev_value': None, 'change': True}
2025-01-16 21:13:11,173 : INFO : EventManager : Event: ======'machine_var_audits_switches_s_engine_bumper_2'====== Args={'value': 0, 'prev_value': None, 'change': True}
2025-01-16 21:13:11,173 : INFO : EventManager : Event: ======'machine_var_audits_switches_s_engine_bumper_3'====== Args={'value': 0, 'prev_value': None, 'change': True}
2025-01-16 21:13:11,173 : INFO : EventManager : Event: ======'machine_var_audits_switches_s_fuel_chute_1'====== Args={'value': 0, 'prev_value': None, 'change': True}
2025-01-16 21:13:11,173 : INFO : EventManager : Event: ======'machine_var_audits_switches_s_fuel_chute_2'====== Args={'value': 0, 'prev_value': None, 'change': True}
2025-01-16 21:13:11,173 : INFO : EventManager : Event: ======'machine_var_audits_switches_s_fuel_chute_3'====== Args={'value': 0, 'prev_value': None, 'change': True}
2025-01-16 21:13:11,173 : INFO : EventManager : Event: ======'machine_var_audits_switches_s_fuel_chute_4'====== Args={'value': 0, 'prev_value': None, 'change': True}
2025-01-16 21:13:11,174 : INFO : EventManager : Event: ======'machine_var_audits_switches_s_fuel_chute_5'====== Args={'value': 0, 'prev_value': None, 'change': True}
2025-01-16 21:13:11,174 : INFO : EventManager : Event: ======'machine_var_audits_switches_s_fuel_chute_6'====== Args={'value': 0, 'prev_value': None, 'change': True}
2025-01-16 21:13:11,174 : INFO : EventManager : Event: ======'machine_var_audits_switches_s_fuel_flag'====== Args={'value': 0, 'prev_value': None, 'change': True}
2025-01-16 21:13:11,174 : INFO : EventManager : Event: ======'machine_var_audits_switches_s_fuel_spot_1'====== Args={'value': 0, 'prev_value': None, 'change': True}
2025-01-16 21:13:11,174 : INFO : EventManager : Event: ======'machine_var_audits_switches_s_fuel_spot_2'====== Args={'value': 0, 'prev_value': None, 'change': True}
2025-01-16 21:13:11,174 : INFO : EventManager : Event: ======'machine_var_audits_switches_s_fuel_spot_3'====== Args={'value': 0, 'prev_value': None, 'change': True}
2025-01-16 21:13:11,174 : INFO : EventManager : Event: ======'machine_var_audits_switches_s_green_wormhole'====== Args={'value': 0, 'prev_value': None, 'change': True}
2025-01-16 21:13:11,175 : INFO : EventManager : Event: ======'machine_var_audits_switches_s_hyperspace_flag'====== Args={'value': 0, 'prev_value': None, 'change': True}
2025-01-16 21:13:11,175 : INFO : EventManager : Event: ======'machine_var_audits_switches_s_hyperspacekicker'====== Args={'value': 0, 'prev_value': None, 'change': True}
2025-01-16 21:13:11,175 : INFO : EventManager : Event: ======'machine_var_audits_switches_s_launch_lane_1'====== Args={'value': 0, 'prev_value': None, 'change': True}
2025-01-16 21:13:11,176 : INFO : EventManager : Event: ======'machine_var_audits_switches_s_launch_lane_2'====== Args={'value': 0, 'prev_value': None, 'change': True}
2025-01-16 21:13:11,176 : INFO : EventManager : Event: ======'machine_var_audits_switches_s_launch_lane_3'====== Args={'value': 0, 'prev_value': None, 'change': True}
2025-01-16 21:13:11,176 : INFO : EventManager : Event: ======'machine_var_audits_switches_s_launch_ramp'====== Args={'value': 0, 'prev_value': None, 'change': True}
2025-01-16 21:13:11,176 : INFO : EventManager : Event: ======'machine_var_audits_switches_s_left_attack_bumper'====== Args={'value': 98, 'prev_value': None, 'change': True}
2025-01-16 21:13:11,176 : INFO : EventManager : Event: ======'machine_var_audits_switches_s_left_flipper'====== Args={'value': 1572, 'prev_value': None, 'change': True}
2025-01-16 21:13:11,176 : INFO : EventManager : Event: ======'machine_var_audits_switches_s_left_out_lane'====== Args={'value': 22, 'prev_value': None, 'change': True}
2025-01-16 21:13:11,177 : INFO : EventManager : Event: ======'machine_var_audits_switches_s_left_out_lane_kicker'====== Args={'value': 0, 'prev_value': None, 'change': True}
2025-01-16 21:13:11,177 : INFO : EventManager : Event: ======'machine_var_audits_switches_s_left_return_lane'====== Args={'value': 175, 'prev_value': None, 'change': True}
2025-01-16 21:13:11,177 : INFO : EventManager : Event: ======'machine_var_audits_switches_s_lower_attack_bumper'====== Args={'value': 38, 'prev_value': None, 'change': True}
2025-01-16 21:13:11,177 : INFO : EventManager : Event: ======'machine_var_audits_switches_s_lower_left_rebound'====== Args={'value': 0, 'prev_value': None, 'change': True}
2025-01-16 21:13:11,177 : INFO : EventManager : Event: ======'machine_var_audits_switches_s_lower_left_slingshot'====== Args={'value': 168, 'prev_value': None, 'change': True}
2025-01-16 21:13:11,177 : INFO : EventManager : Event: ======'machine_var_audits_switches_s_lower_right_rebound'====== Args={'value': 0, 'prev_value': None, 'change': True}
2025-01-16 21:13:11,178 : INFO : EventManager : Event: ======'machine_var_audits_switches_s_lower_right_slingshot'====== Args={'value': 174, 'prev_value': None, 'change': True}
2025-01-16 21:13:11,178 : INFO : EventManager : Event: ======'machine_var_audits_switches_s_medal_drop_left'====== Args={'value': 188, 'prev_value': None, 'change': True}
2025-01-16 21:13:11,178 : INFO : EventManager : Event: ======'machine_var_audits_switches_s_medal_drop_middle'====== Args={'value': 180, 'prev_value': None, 'change': True}
2025-01-16 21:13:11,178 : INFO : EventManager : Event: ======'machine_var_audits_switches_s_medal_drop_right'====== Args={'value': 179, 'prev_value': None, 'change': True}
2025-01-16 21:13:11,178 : INFO : EventManager : Event: ======'machine_var_audits_switches_s_mission_spot_1'====== Args={'value': 0, 'prev_value': None, 'change': True}
2025-01-16 21:13:11,178 : INFO : EventManager : Event: ======'machine_var_audits_switches_s_mission_spot_2'====== Args={'value': 2, 'prev_value': None, 'change': True}
2025-01-16 21:13:11,179 : INFO : EventManager : Event: ======'machine_var_audits_switches_s_mission_spot_3'====== Args={'value': 0, 'prev_value': None, 'change': True}
2025-01-16 21:13:11,179 : INFO : EventManager : Event: ======'machine_var_audits_switches_s_multiplier_left'====== Args={'value': 0, 'prev_value': None, 'change': True}
2025-01-16 21:13:11,179 : INFO : EventManager : Event: ======'machine_var_audits_switches_s_multiplier_middle'====== Args={'value': 0, 'prev_value': None, 'change': True}
2025-01-16 21:13:11,179 : INFO : EventManager : Event: ======'machine_var_audits_switches_s_multiplier_right'====== Args={'value': 0, 'prev_value': None, 'change': True}
2025-01-16 21:13:11,179 : INFO : EventManager : Event: ======'machine_var_audits_switches_s_plunger'====== Args={'value': 177, 'prev_value': None, 'change': True}
2025-01-16 21:13:11,179 : INFO : EventManager : Event: ======'machine_var_audits_switches_s_radiationspot_1'====== Args={'value': 0, 'prev_value': None, 'change': True}
2025-01-16 21:13:11,180 : INFO : EventManager : Event: ======'machine_var_audits_switches_s_radiationspot_2'====== Args={'value': 0, 'prev_value': None, 'change': True}
2025-01-16 21:13:11,180 : INFO : EventManager : Event: ======'machine_var_audits_switches_s_radiationspot_3'====== Args={'value': 0, 'prev_value': None, 'change': True}
2025-01-16 21:13:11,180 : INFO : EventManager : Event: ======'machine_var_audits_switches_s_red_wormhole'====== Args={'value': 0, 'prev_value': None, 'change': True}
2025-01-16 21:13:11,180 : INFO : EventManager : Event: ======'machine_var_audits_switches_s_reentry_left'====== Args={'value': 875, 'prev_value': None, 'change': True}
2025-01-16 21:13:11,180 : INFO : EventManager : Event: ======'machine_var_audits_switches_s_reentry_middle'====== Args={'value': 550, 'prev_value': None, 'change': True}
2025-01-16 21:13:11,180 : INFO : EventManager : Event: ======'machine_var_audits_switches_s_reentry_right'====== Args={'value': 521, 'prev_value': None, 'change': True}
2025-01-16 21:13:11,181 : INFO : EventManager : Event: ======'machine_var_audits_switches_s_right_flipper'====== Args={'value': 1887, 'prev_value': None, 'change': True}
2025-01-16 21:13:11,181 : INFO : EventManager : Event: ======'machine_var_audits_switches_s_right_inlane'====== Args={'value': 0, 'prev_value': None, 'change': True}
2025-01-16 21:13:11,181 : INFO : EventManager : Event: ======'machine_var_audits_switches_s_right_out_lane'====== Args={'value': 98, 'prev_value': None, 'change': True}
2025-01-16 21:13:11,181 : INFO : EventManager : Event: ======'machine_var_audits_switches_s_right_out_lane_kicker'====== Args={'value': 0, 'prev_value': None, 'change': True}
2025-01-16 21:13:11,181 : INFO : EventManager : Event: ======'machine_var_audits_switches_s_right_return_lane'====== Args={'value': 127, 'prev_value': None, 'change': True}
2025-01-16 21:13:11,182 : INFO : EventManager : Event: ======'machine_var_audits_switches_s_satellite_bumper'====== Args={'value': 0, 'prev_value': None, 'change': True}
2025-01-16 21:13:11,182 : INFO : EventManager : Event: ======'machine_var_audits_switches_s_secondary_outlane_kicker'====== Args={'value': 0, 'prev_value': None, 'change': True}
2025-01-16 21:13:11,182 : INFO : EventManager : Event: ======'machine_var_audits_switches_s_skill_shot_1'====== Args={'value': 0, 'prev_value': None, 'change': True}
2025-01-16 21:13:11,182 : INFO : EventManager : Event: ======'machine_var_audits_switches_s_skill_shot_2'====== Args={'value': 0, 'prev_value': None, 'change': True}
2025-01-16 21:13:11,182 : INFO : EventManager : Event: ======'machine_var_audits_switches_s_skill_shot_3'====== Args={'value': 0, 'prev_value': None, 'change': True}
2025-01-16 21:13:11,183 : INFO : EventManager : Event: ======'machine_var_audits_switches_s_skill_shot_4'====== Args={'value': 0, 'prev_value': None, 'change': True}
2025-01-16 21:13:11,183 : INFO : EventManager : Event: ======'machine_var_audits_switches_s_skill_shot_5'====== Args={'value': 0, 'prev_value': None, 'change': True}
2025-01-16 21:13:11,183 : INFO : EventManager : Event: ======'machine_var_audits_switches_s_skill_shot_6'====== Args={'value': 0, 'prev_value': None, 'change': True}
2025-01-16 21:13:11,183 : INFO : EventManager : Event: ======'machine_var_audits_switches_s_skill_shot_lane'====== Args={'value': 0, 'prev_value': None, 'change': True}
2025-01-16 21:13:11,183 : INFO : EventManager : Event: ======'machine_var_audits_switches_s_spacewarp_rollover'====== Args={'value': 48, 'prev_value': None, 'change': True}
2025-01-16 21:13:11,184 : INFO : EventManager : Event: ======'machine_var_audits_switches_s_start'====== Args={'value': 7, 'prev_value': None, 'change': True}
2025-01-16 21:13:11,184 : INFO : EventManager : Event: ======'machine_var_audits_switches_s_trough1'====== Args={'value': 30, 'prev_value': None, 'change': True}
2025-01-16 21:13:11,184 : INFO : EventManager : Event: ======'machine_var_audits_switches_s_trough2'====== Args={'value': 0, 'prev_value': None, 'change': True}
2025-01-16 21:13:11,184 : INFO : EventManager : Event: ======'machine_var_audits_switches_s_trough3'====== Args={'value': 0, 'prev_value': None, 'change': True}
2025-01-16 21:13:11,184 : INFO : EventManager : Event: ======'machine_var_audits_switches_s_trough4'====== Args={'value': 0, 'prev_value': None, 'change': True}
2025-01-16 21:13:11,185 : INFO : EventManager : Event: ======'machine_var_audits_switches_s_trough5'====== Args={'value': 0, 'prev_value': None, 'change': True}
2025-01-16 21:13:11,185 : INFO : EventManager : Event: ======'machine_var_audits_switches_s_trough6'====== Args={'value': 0, 'prev_value': None, 'change': True}
2025-01-16 21:13:11,185 : INFO : EventManager : Event: ======'machine_var_audits_switches_s_trough_jam'====== Args={'value': 0, 'prev_value': None, 'change': True}
2025-01-16 21:13:11,185 : INFO : EventManager : Event: ======'machine_var_audits_switches_s_upper_attack_bumper'====== Args={'value': 38, 'prev_value': None, 'change': True}
2025-01-16 21:13:11,185 : INFO : EventManager : Event: ======'machine_var_audits_switches_s_upper_left_rebound'====== Args={'value': 0, 'prev_value': None, 'change': True}
2025-01-16 21:13:11,186 : INFO : EventManager : Event: ======'machine_var_audits_switches_s_upper_right_rebound'====== Args={'value': 0, 'prev_value': None, 'change': True}
2025-01-16 21:13:11,186 : INFO : EventManager : Event: ======'machine_var_audits_switches_s_wormhole_target'====== Args={'value': 2, 'prev_value': None, 'change': True}
2025-01-16 21:13:11,186 : INFO : EventManager : Event: ======'machine_var_audits_switches_s_yellow_wormhole'====== Args={'value': 0, 'prev_value': None, 'change': True}
2025-01-16 21:13:11,187 : INFO : EventManager : Event: ======'init_phase_5'====== Args={}
2025-01-16 21:13:11,219 : INFO : EventManager : Event: ======'init_done'====== Args={}
2025-01-16 21:13:11,220 : INFO : EventManager : Event: ======'machine_reset_phase_1'====== Args={}
2025-01-16 21:13:12,060 : INFO : EventManager : Event: ======'slide_welcome_slide_removed'====== Args={'_from_bcp': True}
2025-01-16 21:13:12,062 : INFO : EventManager : Event: ======'slide_welcome_slide_created'====== Args={'_from_bcp': True}
2025-01-16 21:13:12,063 : INFO : EventManager : Event: ======'slide_welcome_slide_active'====== Args={'_from_bcp': True}
2025-01-16 21:13:12,063 : INFO : EventManager : Event: ======'machine_reset_phase_2'====== Args={}
2025-01-16 21:13:12,064 : INFO : EventManager : Event: ======'machine_reset_phase_3'====== Args={}
2025-01-16 21:13:12,064 : INFO : EventManager : Event: ======'reset_complete'====== Args={}
2025-01-16 21:13:12,064 : INFO : EventManager : Event: ======'mode_attract_will_start'====== Args={}
2025-01-16 21:13:12,065 : INFO : EventManager : Event: ======'mode_attract_starting'====== Args={}
2025-01-16 21:13:12,065 : INFO : Mode.attract : Started. Priority: 10
2025-01-16 21:13:12,065 : INFO : EventManager : Event: ======'modes_active_modes_changed'====== Args={}
2025-01-16 21:13:12,065 : INFO : EventManager : Event: ======'mode_attract_started'====== Args={}
2025-01-16 21:13:12,066 : INFO : EventManager : Event: ======'collecting_balls_complete'====== Args={}
2025-01-16 21:13:12,094 : INFO : EventManager : Event: ======'slide_awesome_slide_created'====== Args={'_from_bcp': True}
2025-01-16 21:13:12,095 : INFO : EventManager : Event: ======'slide_awesome_slide_active'====== Args={'_from_bcp': True}
2025-01-16 21:13:12,095 : INFO : Machine : Starting the main run loop with active modes: [<Mode.attract>]
2025-01-16 21:13:14,228 : INFO : SwitchController : <<<<<<< 's_start' active >>>>>>>
2025-01-16 21:13:14,407 : INFO : SwitchController : <<<<<<< 's_start' inactive >>>>>>>
2025-01-16 21:13:14,407 : INFO : EventManager : Event: ======'request_to_start_game'====== Args={}
2025-01-16 21:13:14,408 : INFO : EventManager : Event: ======'game_start'====== Args={'buttons': [], 'hold_time': 0.1869999999180436}
2025-01-16 21:13:14,408 : INFO : EventManager : Event: ======'mode_game_will_start'====== Args={'buttons': [], 'hold_time': 0.1869999999180436}
2025-01-16 21:13:14,409 : INFO : EventManager : Event: ======'mode_game_starting'====== Args={'buttons': [], 'hold_time': 0.1869999999180436}
2025-01-16 21:13:14,409 : INFO : EventManager : Event: ======'mode_attract_will_stop'====== Args={}
2025-01-16 21:13:14,410 : INFO : EventManager : Event: ======'mode_attract_stopping'====== Args={}
2025-01-16 21:13:14,410 : INFO : Mode.attract : Stopped.
2025-01-16 21:13:14,410 : INFO : EventManager : Event: ======'modes_active_modes_changed'====== Args={}
2025-01-16 21:13:14,411 : INFO : EventManager : Event: ======'mode_attract_stopped'====== Args={}
2025-01-16 21:13:14,411 : INFO : EventManager : Event: ======'clear'====== Args={'key': 'attract'}
2025-01-16 21:13:14,411 : INFO : Mode.game : Started. Priority: 20
2025-01-16 21:13:14,411 : INFO : EventManager : Event: ======'modes_active_modes_changed'====== Args={}
2025-01-16 21:13:14,411 : INFO : EventManager : Event: ======'mode_game_started'====== Args={'buttons': [], 'hold_time': 0.1869999999180436}
2025-01-16 21:13:14,423 : INFO : EventManager : Event: ======'game_will_start'====== Args={}
2025-01-16 21:13:14,424 : INFO : EventManager : Event: ======'game_starting'====== Args={'game': <Mode.game>}
2025-01-16 21:13:14,425 : INFO : EventManager : Unordered handler for class <Auditor> on event game_ended with priority 1. Handlers: [RegisteredHandler(callback=<bound method Auditor.disable of <Auditor>>, priority=1, kwargs={}, key=UUID('68da93b5-f979-4fda-ac93-c7d4dc939012'), condition=None, blocking_facility=None), RegisteredHandler(callback=<bound method Auditor._save_audits of <Auditor>>, priority=1, kwargs={}, key=UUID('81a1a400-329a-4a4e-8be6-7e78e5a06396'), condition=None, blocking_facility=None)]. The order of those handlers is not defined and they will be executed in random order. This might lead to race conditions and potential bugs.
2025-01-16 21:13:14,425 : INFO : EventManager : Event: ======'player_add_request'====== Args={}
2025-01-16 21:13:14,425 : INFO : EventManager : Event: ======'player_will_add'====== Args={'number': 1}
2025-01-16 21:13:14,426 : INFO : EventManager : Event: ======'player_adding'====== Args={'player': <Player 1>, 'number': 1}
2025-01-16 21:13:14,426 : INFO : EventManager : Event: ======'player_added'====== Args={'player': <Player 1>, 'num': 1}
2025-01-16 21:13:14,426 : INFO : Mode.game : Player added successfully. Total players: 1
2025-01-16 21:13:14,426 : INFO : EventManager : Event: ======'player_index'====== Args={'value': 0, 'prev_value': 0, 'change': 0, 'player_num': 1}
2025-01-16 21:13:14,426 : INFO : EventManager : Event: ======'player_number'====== Args={'value': 1, 'prev_value': 1, 'change': 0, 'player_num': 1}
2025-01-16 21:13:14,426 : INFO : EventManager : Event: ======'player_score'====== Args={'value': 0, 'prev_value': 0, 'change': 0, 'player_num': 1}
2025-01-16 21:13:14,427 : INFO : EventManager : Event: ======'game_started'====== Args={}
2025-01-16 21:13:14,439 : INFO : EventManager : Event: ======'player_turn_will_start'====== Args={'player': <Player 1>, 'number': 1}
2025-01-16 21:13:14,439 : INFO : EventManager : Event: ======'slide_awesome_slide_removed'====== Args={'_from_bcp': True}
2025-01-16 21:13:14,439 : INFO : EventManager : Event: ======'slide_welcome_slide_active'====== Args={'_from_bcp': True}
2025-01-16 21:13:14,440 : INFO : EventManager : Event: ======'player_turn_starting'====== Args={'player': <Player 1>, 'number': 1}
2025-01-16 21:13:14,440 : INFO : EventManager : Event: ======'player_ball'====== Args={'value': 1, 'prev_value': 0, 'change': 1, 'player_num': 1}
2025-01-16 21:13:14,440 : INFO : EventManager : Event: ======'player_turn_started'====== Args={'player': <Player 1>, 'number': 1}
2025-01-16 21:13:14,441 : INFO : EventManager : Event: ======'ball_will_start'====== Args={'player': 1, 'ball': 1, 'balls_remaining': 2, 'is_extra_ball': False}
2025-01-16 21:13:14,444 : INFO : EventManager : Event: ======'ball_starting'====== Args={'player': 1, 'ball': 1, 'balls_remaining': 2, 'is_extra_ball': False}
2025-01-16 21:13:14,444 : INFO : EventManager : Event: ======'mode_base_will_start'====== Args={'queue': <QueuedEvent>, 'player': 1, 'ball': 1, 'balls_remaining': 2, 'is_extra_ball': False}
2025-01-16 21:13:14,444 : INFO : EventManager : Event: ======'mode_base_starting'====== Args={'queue': <QueuedEvent>, 'player': 1, 'ball': 1, 'balls_remaining': 2, 'is_extra_ball': False}
2025-01-16 21:13:14,445 : INFO : Mode.base : Started. Priority: 100
2025-01-16 21:13:14,445 : INFO : EventManager : Event: ======'modes_active_modes_changed'====== Args={}
2025-01-16 21:13:14,445 : INFO : EventManager : Event: ======'mode_base_started'====== Args={'queue': <QueuedEvent>, 'player': 1, 'ball': 1, 'balls_remaining': 2, 'is_extra_ball': False}
2025-01-16 21:13:14,445 : INFO : EventManager : Event: ======'balls_in_play'====== Args={'balls': 1}
2025-01-16 21:13:14,445 : INFO : EventManager : Event: ======'ball_started'====== Args={'player': 1, 'ball': 1, 'balls_remaining': 2, 'is_extra_ball': False}
2025-01-16 21:13:14,446 : INFO : EventManager : Event: ======'mode_lowerlanes_will_start'====== Args={'player': 1, 'ball': 1, 'balls_remaining': 2, 'is_extra_ball': False}
2025-01-16 21:13:14,446 : INFO : EventManager : Event: ======'player_shot_returnLaneL_shot_enabled'====== Args={'value': True, 'prev_value': 0, 'change': 1, 'player_num': 1}
2025-01-16 21:13:14,446 : INFO : EventManager : Event: ======'player_shot_bonusLane_shot_enabled'====== Args={'value': True, 'prev_value': 0, 'change': 1, 'player_num': 1}
2025-01-16 21:13:14,446 : INFO : EventManager : Event: ======'player_shot_outLaneL_shot_enabled'====== Args={'value': True, 'prev_value': 0, 'change': 1, 'player_num': 1}
2025-01-16 21:13:14,446 : INFO : EventManager : Event: ======'player_shot_returnLaneR_shot_enabled'====== Args={'value': True, 'prev_value': 0, 'change': 1, 'player_num': 1}
2025-01-16 21:13:14,447 : INFO : EventManager : Event: ======'player_shot_outLaneR_shot_enabled'====== Args={'value': True, 'prev_value': 0, 'change': 1, 'player_num': 1}
2025-01-16 21:13:14,447 : INFO : EventManager : Event: ======'player_shot_spacewarp_rollover_shot_enabled'====== Args={'value': True, 'prev_value': 0, 'change': 1, 'player_num': 1}
2025-01-16 21:13:14,447 : INFO : EventManager : Event: ======'returnLane_shot_complete'====== Args={'state': 'unlit'}
2025-01-16 21:13:14,447 : INFO : EventManager : Event: ======'returnLane_shot_unlit_complete'====== Args={}
2025-01-16 21:13:14,447 : INFO : EventManager : Event: ======'outLane_shot_complete'====== Args={'state': 'unlit'}
2025-01-16 21:13:14,447 : INFO : EventManager : Event: ======'outLane_shot_unlit_complete'====== Args={}
2025-01-16 21:13:14,448 : INFO : EventManager : Event: ======'mode_lowerlanes_starting'====== Args={'player': 1, 'ball': 1, 'balls_remaining': 2, 'is_extra_ball': False}
2025-01-16 21:13:14,448 : INFO : EventManager : Event: ======'mode_reentry_will_start'====== Args={'player': 1, 'ball': 1, 'balls_remaining': 2, 'is_extra_ball': False}
2025-01-16 21:13:14,448 : INFO : EventManager : Event: ======'player_shot_reentryL_shot_enabled'====== Args={'value': True, 'prev_value': 0, 'change': 1, 'player_num': 1}
2025-01-16 21:13:14,448 : INFO : EventManager : Event: ======'player_shot_reentryM_shot_enabled'====== Args={'value': True, 'prev_value': 0, 'change': 1, 'player_num': 1}
2025-01-16 21:13:14,449 : INFO : EventManager : Event: ======'player_shot_reentryR_shot_enabled'====== Args={'value': True, 'prev_value': 0, 'change': 1, 'player_num': 1}
2025-01-16 21:13:14,449 : INFO : EventManager : Event: ======'reentry_shot_complete'====== Args={'state': 'off'}
2025-01-16 21:13:14,449 : INFO : EventManager : Event: ======'reentry_shot_off_complete'====== Args={}
2025-01-16 21:13:14,450 : INFO : EventManager : Event: ======'mode_reentry_starting'====== Args={'player': 1, 'ball': 1, 'balls_remaining': 2, 'is_extra_ball': False}
2025-01-16 21:13:14,451 : INFO : Mode.lowerlanes : Started. Priority: 200
2025-01-16 21:13:14,451 : INFO : EventManager : Event: ======'modes_active_modes_changed'====== Args={}
2025-01-16 21:13:14,451 : INFO : EventManager : Event: ======'mode_lowerlanes_started'====== Args={'player': 1, 'ball': 1, 'balls_remaining': 2, 'is_extra_ball': False}
2025-01-16 21:13:14,475 : INFO : EventManager : Event: ======'logicblock_reentry_shot_complete_count_updated'====== Args={'value': 1, 'enabled': True}
2025-01-16 21:13:14,475 : INFO : EventManager : Event: ======'logicblock_reentry_shot_complete_count_updated'====== Args={'value': 1, 'enabled': True}
2025-01-16 21:13:14,475 : INFO : Mode.reentry : Started. Priority: 200
2025-01-16 21:13:14,475 : INFO : EventManager : Event: ======'modes_active_modes_changed'====== Args={}
2025-01-16 21:13:14,475 : INFO : EventManager : Event: ======'mode_reentry_started'====== Args={'player': 1, 'ball': 1, 'balls_remaining': 2, 'is_extra_ball': False}
2025-01-16 21:13:14,476 : INFO : EventManager : Event: ======'player_attack_bumper_count'====== Args={'value': 1, 'prev_value': 0, 'change': 1, 'player_num': 1, 'source': 'reentry'}
2025-01-16 21:13:14,476 : INFO : EventManager : Event: ======'single_player_ball_started'====== Args={}
2025-01-16 21:13:14,477 : INFO : EventManager : Event: ======'slide_base.slide_player-mode_base_started_created'====== Args={'_from_bcp': True}
2025-01-16 21:13:14,477 : INFO : EventManager : Event: ======'slide__global.slide_player-ball_started_created'====== Args={'_from_bcp': True}
2025-01-16 21:13:14,477 : INFO : EventManager : Event: ======'slide_base.slide_player-mode_base_started_active'====== Args={'_from_bcp': True}
2025-01-16 21:13:14,498 : INFO : EventManager : Event: ======'ball_start_target'====== Args={'target': 'playfield'}
2025-01-16 21:13:14,498 : INFO : ball_device.bd_plunger : Setting up player-controlled eject. Balls: 1, Target: <playfield.playfield>, player_controlled_eject_event: None
2025-01-16 21:13:14,498 : INFO : EventManager : Event: ======'balldevice_balls_available'====== Args={}
2025-01-16 21:13:14,500 : INFO : ball_device.bd_trough : State: waiting_for_target_ready
2025-01-16 21:13:14,500 : INFO : EventManager : Event: ======'balldevice_bd_trough_ball_eject_attempt'====== Args={'balls': 1, 'target': <ball_device.bd_plunger>, 'source': <ball_device.bd_trough>, 'mechanical_eject': True, 'num_attempts': 0}
2025-01-16 21:13:14,500 : INFO : ball_device.bd_plunger : State: waiting_for_ball
2025-01-16 21:13:14,501 : INFO : ball_device.bd_trough : State: ejecting
2025-01-16 21:13:14,501 : INFO : ball_device.bd_trough : Ejecting ball to <ball_device.bd_plunger>
2025-01-16 21:13:14,501 : INFO : EventManager : Event: ======'balldevice_bd_trough_ejecting_ball'====== Args={'balls': 1, 'target': <ball_device.bd_plunger>, 'source': <ball_device.bd_trough>, 'mechanical_eject': True, 'num_attempts': 0}
2025-01-16 21:13:14,501 : INFO : ball_device.bd_trough : Wait for ball to leave device
2025-01-16 21:13:14,502 : INFO : coil.c_trough_eject : Pulsing Driver for 10ms (1.0 pulse_power)
2025-01-16 21:13:19,875 : INFO : SwitchController : <<<<<<< 's_left_flipper' active >>>>>>>
2025-01-16 21:13:19,876 : INFO : EventManager : Event: ======'s_left_flipper_active'====== Args={}
2025-01-16 21:13:19,876 : INFO : EventManager : Event: ======'machine_var_audits_switches_s_left_flipper'====== Args={'value': 1573, 'prev_value': 1572, 'change': 1}
2025-01-16 21:13:20,015 : INFO : SwitchController : <<<<<<< 's_left_flipper' inactive >>>>>>>
2025-01-16 21:13:20,313 : INFO : SwitchController : <<<<<<< 's_left_flipper' active >>>>>>>
2025-01-16 21:13:20,313 : INFO : EventManager : Event: ======'s_left_flipper_active'====== Args={}
2025-01-16 21:13:20,313 : INFO : EventManager : Event: ======'machine_var_audits_switches_s_left_flipper'====== Args={'value': 1574, 'prev_value': 1573, 'change': 1}
2025-01-16 21:13:20,437 : INFO : SwitchController : <<<<<<< 's_left_flipper' inactive >>>>>>>
2025-01-16 21:13:20,593 : INFO : SwitchController : <<<<<<< 's_left_flipper' active >>>>>>>
2025-01-16 21:13:20,593 : INFO : EventManager : Event: ======'s_left_flipper_active'====== Args={}
2025-01-16 21:13:20,593 : INFO : EventManager : Event: ======'machine_var_audits_switches_s_left_flipper'====== Args={'value': 1575, 'prev_value': 1574, 'change': 1}
2025-01-16 21:13:20,732 : INFO : SwitchController : <<<<<<< 's_left_flipper' inactive >>>>>>>
2025-01-16 21:13:20,847 : INFO : SwitchController : <<<<<<< 's_left_flipper' active >>>>>>>
2025-01-16 21:13:20,847 : INFO : EventManager : Event: ======'s_left_flipper_active'====== Args={}
2025-01-16 21:13:20,847 : INFO : EventManager : Event: ======'machine_var_audits_switches_s_left_flipper'====== Args={'value': 1576, 'prev_value': 1575, 'change': 1}
2025-01-16 21:13:21,025 : INFO : SwitchController : <<<<<<< 's_left_flipper' inactive >>>>>>>
2025-01-16 21:13:21,089 : INFO : SwitchController : <<<<<<< 's_left_flipper' active >>>>>>>
2025-01-16 21:13:21,089 : INFO : EventManager : Event: ======'s_left_flipper_active'====== Args={}
2025-01-16 21:13:21,089 : INFO : EventManager : Event: ======'machine_var_audits_switches_s_left_flipper'====== Args={'value': 1577, 'prev_value': 1576, 'change': 1}
2025-01-16 21:13:21,294 : INFO : SwitchController : <<<<<<< 's_left_flipper' inactive >>>>>>>
2025-01-16 21:13:22,040 : INFO : SwitchController : <<<<<<< 's_right_flipper' active >>>>>>>
2025-01-16 21:13:22,040 : INFO : EventManager : Event: ======'s_right_flipper_active'====== Args={}
2025-01-16 21:13:22,040 : INFO : EventManager : Event: ======'machine_var_audits_switches_s_right_flipper'====== Args={'value': 1888, 'prev_value': 1887, 'change': 1}
2025-01-16 21:13:22,168 : INFO : SwitchController : <<<<<<< 's_right_flipper' inactive >>>>>>>
2025-01-16 21:13:22,347 : INFO : SwitchController : <<<<<<< 's_right_flipper' active >>>>>>>
2025-01-16 21:13:22,347 : INFO : EventManager : Event: ======'s_right_flipper_active'====== Args={}
2025-01-16 21:13:22,347 : INFO : EventManager : Event: ======'machine_var_audits_switches_s_right_flipper'====== Args={'value': 1889, 'prev_value': 1888, 'change': 1}
2025-01-16 21:13:22,489 : INFO : SwitchController : <<<<<<< 's_right_flipper' inactive >>>>>>>
2025-01-16 21:13:22,605 : INFO : SwitchController : <<<<<<< 's_right_flipper' active >>>>>>>
2025-01-16 21:13:22,605 : INFO : EventManager : Event: ======'s_right_flipper_active'====== Args={}
2025-01-16 21:13:22,606 : INFO : EventManager : Event: ======'machine_var_audits_switches_s_right_flipper'====== Args={'value': 1890, 'prev_value': 1889, 'change': 1}
2025-01-16 21:13:22,720 : INFO : SwitchController : <<<<<<< 's_right_flipper' inactive >>>>>>>
2025-01-16 21:13:22,822 : INFO : SwitchController : <<<<<<< 's_right_flipper' active >>>>>>>
2025-01-16 21:13:22,822 : INFO : EventManager : Event: ======'s_right_flipper_active'====== Args={}
2025-01-16 21:13:22,823 : INFO : EventManager : Event: ======'machine_var_audits_switches_s_right_flipper'====== Args={'value': 1891, 'prev_value': 1890, 'change': 1}
2025-01-16 21:13:22,937 : INFO : SwitchController : <<<<<<< 's_right_flipper' inactive >>>>>>>
2025-01-16 21:13:23,025 : INFO : SwitchController : <<<<<<< 's_right_flipper' active >>>>>>>
2025-01-16 21:13:23,026 : INFO : EventManager : Event: ======'s_right_flipper_active'====== Args={}
2025-01-16 21:13:23,026 : INFO : EventManager : Event: ======'machine_var_audits_switches_s_right_flipper'====== Args={'value': 1892, 'prev_value': 1891, 'change': 1}
2025-01-16 21:13:23,140 : INFO : SwitchController : <<<<<<< 's_right_flipper' inactive >>>>>>>
2025-01-16 21:13:23,206 : INFO : SwitchController : <<<<<<< 's_right_flipper' active >>>>>>>
2025-01-16 21:13:23,206 : INFO : EventManager : Event: ======'s_right_flipper_active'====== Args={}
2025-01-16 21:13:23,206 : INFO : EventManager : Event: ======'machine_var_audits_switches_s_right_flipper'====== Args={'value': 1893, 'prev_value': 1892, 'change': 1}
2025-01-16 21:13:23,318 : INFO : SwitchController : <<<<<<< 's_right_flipper' inactive >>>>>>>
2025-01-16 21:13:23,409 : INFO : SwitchController : <<<<<<< 's_right_flipper' active >>>>>>>
2025-01-16 21:13:23,410 : INFO : EventManager : Event: ======'s_right_flipper_active'====== Args={}
2025-01-16 21:13:23,410 : INFO : EventManager : Event: ======'machine_var_audits_switches_s_right_flipper'====== Args={'value': 1894, 'prev_value': 1893, 'change': 1}
2025-01-16 21:13:23,498 : INFO : SwitchController : <<<<<<< 's_right_flipper' inactive >>>>>>>
2025-01-16 21:13:23,589 : INFO : SwitchController : <<<<<<< 's_right_flipper' active >>>>>>>
2025-01-16 21:13:23,589 : INFO : EventManager : Event: ======'s_right_flipper_active'====== Args={}
2025-01-16 21:13:23,589 : INFO : EventManager : Event: ======'machine_var_audits_switches_s_right_flipper'====== Args={'value': 1895, 'prev_value': 1894, 'change': 1}
2025-01-16 21:13:23,676 : INFO : SwitchController : <<<<<<< 's_right_flipper' inactive >>>>>>>
2025-01-16 21:13:23,767 : INFO : SwitchController : <<<<<<< 's_right_flipper' active >>>>>>>
2025-01-16 21:13:23,767 : INFO : EventManager : Event: ======'s_right_flipper_active'====== Args={}
2025-01-16 21:13:23,767 : INFO : EventManager : Event: ======'machine_var_audits_switches_s_right_flipper'====== Args={'value': 1896, 'prev_value': 1895, 'change': 1}
2025-01-16 21:13:23,855 : INFO : SwitchController : <<<<<<< 's_right_flipper' inactive >>>>>>>
2025-01-16 21:13:23,946 : INFO : SwitchController : <<<<<<< 's_right_flipper' active >>>>>>>
2025-01-16 21:13:23,946 : INFO : EventManager : Event: ======'s_right_flipper_active'====== Args={}
2025-01-16 21:13:23,946 : INFO : EventManager : Event: ======'machine_var_audits_switches_s_right_flipper'====== Args={'value': 1897, 'prev_value': 1896, 'change': 1}
2025-01-16 21:13:24,047 : INFO : SwitchController : <<<<<<< 's_right_flipper' inactive >>>>>>>
2025-01-16 21:13:24,109 : INFO : SwitchController : <<<<<<< 's_right_flipper' active >>>>>>>
2025-01-16 21:13:24,109 : INFO : EventManager : Event: ======'s_right_flipper_active'====== Args={}
2025-01-16 21:13:24,109 : INFO : EventManager : Event: ======'machine_var_audits_switches_s_right_flipper'====== Args={'value': 1898, 'prev_value': 1897, 'change': 1}
2025-01-16 21:13:24,288 : INFO : SwitchController : <<<<<<< 's_right_flipper' inactive >>>>>>>
2025-01-16 21:13:24,501 : INFO : EventManager : Event: ======'balldevice_bd_trough_ball_eject_failed'====== Args={'target': <ball_device.bd_plunger>, 'balls': 1, 'retry': True, 'num_attempts': 1}
2025-01-16 21:13:24,502 : INFO : ball_device.bd_trough : State: waiting_for_target_ready
2025-01-16 21:13:24,503 : INFO : EventManager : Event: ======'balldevice_bd_trough_ball_eject_attempt'====== Args={'balls': 1, 'target': <ball_device.bd_plunger>, 'source': <ball_device.bd_trough>, 'mechanical_eject': True, 'num_attempts': 1}
2025-01-16 21:13:24,503 : INFO : ball_device.bd_trough : State: ejecting
2025-01-16 21:13:24,503 : INFO : ball_device.bd_trough : Ejecting ball to <ball_device.bd_plunger>
2025-01-16 21:13:24,504 : INFO : EventManager : Event: ======'balldevice_bd_trough_ejecting_ball'====== Args={'balls': 1, 'target': <ball_device.bd_plunger>, 'source': <ball_device.bd_trough>, 'mechanical_eject': True, 'num_attempts': 1}
2025-01-16 21:13:24,505 : INFO : ball_device.bd_trough : Wait for ball to leave device
2025-01-16 21:13:24,505 : INFO : coil.c_trough_eject : Pulsing Driver for 10ms (1.0 pulse_power)
2025-01-16 21:13:34,512 : INFO : EventManager : Event: ======'balldevice_bd_trough_ball_eject_failed'====== Args={'target': <ball_device.bd_plunger>, 'balls': 1, 'retry': True, 'num_attempts': 2}
2025-01-16 21:13:34,513 : INFO : ball_device.bd_trough : State: waiting_for_target_ready
2025-01-16 21:13:34,513 : INFO : EventManager : Event: ======'balldevice_bd_trough_ball_eject_attempt'====== Args={'balls': 1, 'target': <ball_device.bd_plunger>, 'source': <ball_device.bd_trough>, 'mechanical_eject': True, 'num_attempts': 2}
2025-01-16 21:13:34,514 : INFO : ball_device.bd_trough : State: ejecting
2025-01-16 21:13:34,514 : INFO : ball_device.bd_trough : Ejecting ball to <ball_device.bd_plunger>
2025-01-16 21:13:34,514 : INFO : EventManager : Event: ======'balldevice_bd_trough_ejecting_ball'====== Args={'balls': 1, 'target': <ball_device.bd_plunger>, 'source': <ball_device.bd_trough>, 'mechanical_eject': True, 'num_attempts': 2}
2025-01-16 21:13:34,514 : INFO : ball_device.bd_trough : Wait for ball to leave device
2025-01-16 21:13:34,515 : INFO : coil.c_trough_eject : Pulsing Driver for 10ms (1.0 pulse_power)
2025-01-16 21:13:44,502 : INFO : EventManager : Event: ======'balldevice_bd_trough_ball_eject_failed'====== Args={'target': <ball_device.bd_plunger>, 'balls': 1, 'retry': True, 'num_attempts': 3}
2025-01-16 21:13:44,503 : INFO : ball_device.bd_trough : State: waiting_for_target_ready
2025-01-16 21:13:44,503 : INFO : EventManager : Event: ======'balldevice_bd_trough_ball_eject_attempt'====== Args={'balls': 1, 'target': <ball_device.bd_plunger>, 'source': <ball_device.bd_trough>, 'mechanical_eject': True, 'num_attempts': 3}
2025-01-16 21:13:44,504 : INFO : ball_device.bd_trough : State: ejecting
2025-01-16 21:13:44,504 : INFO : ball_device.bd_trough : Ejecting ball to <ball_device.bd_plunger>
2025-01-16 21:13:44,504 : INFO : EventManager : Event: ======'balldevice_bd_trough_ejecting_ball'====== Args={'balls': 1, 'target': <ball_device.bd_plunger>, 'source': <ball_device.bd_trough>, 'mechanical_eject': True, 'num_attempts': 3}
2025-01-16 21:13:44,505 : INFO : ball_device.bd_trough : Wait for ball to leave device
2025-01-16 21:13:44,505 : INFO : coil.c_trough_eject : Pulsing Driver for 10ms (1.0 pulse_power)
2025-01-16 21:13:49,632 : ERROR : asyncio : Fatal write error on serial transport
protocol: <asyncio.streams.StreamReaderProtocol object at 0x000001EECD847310>
transport: SerialTransport(<ProactorEventLoop running=True closed=False debug=False>, <asyncio.streams.StreamReaderProtocol object at 0x000001EECD847310>, Serial<id=0x1eecd850490, open=True>(port='com4', baudrate=115200, bytesize=8, parity='N', stopbits=1, timeout=0, xonxoff=False, rtscts=False, dsrdtr=False))
Traceback (most recent call last):
  File "C:\Users\student\mpfenv3\Lib\site-packages\serial_asyncio\__init__.py", line 290, in _poll_read
    if self.serial.in_waiting:
       ^^^^^^^^^^^^^^^^^^^^^^
  File "C:\Users\student\mpfenv3\Lib\site-packages\serial\serialwin32.py", line 259, in in_waiting
    raise SerialException("ClearCommError failed ({!r})".format(ctypes.WinError()))
serial.serialutil.SerialException: ClearCommError failed (PermissionError(13, 'The device does not recognize the command.', None, 22))
2025-01-16 21:13:49,655 : WARNING : OPP : Serial error: ClearCommError failed (PermissionError(13, 'The device does not recognize the command.', None, 22))
2025-01-16 21:13:49,655 : INFO : EventManager : Event: ======'serial_error'====== Args={}
2025-01-16 21:13:49,659 : INFO : Machine : Shutting down...
2025-01-16 21:13:49,659 : INFO : EventManager : Event: ======'shutdown'====== Args={}
2025-01-16 21:13:49,660 : INFO : EventManager : Event: ======'mode_game_will_stop'====== Args={}
2025-01-16 21:13:49,660 : INFO : EventManager : Event: ======'mode_game_stopping'====== Args={}
2025-01-16 21:13:49,661 : INFO : EventManager : Event: ======'mode_base_will_stop'====== Args={}
2025-01-16 21:13:49,661 : INFO : EventManager : Event: ======'mode_base_stopping'====== Args={}
2025-01-16 21:13:49,661 : INFO : EventManager : Event: ======'mode_lowerlanes_will_stop'====== Args={}
2025-01-16 21:13:49,661 : INFO : EventManager : Event: ======'mode_lowerlanes_stopping'====== Args={}
2025-01-16 21:13:49,661 : INFO : EventManager : Event: ======'mode_reentry_will_stop'====== Args={}
2025-01-16 21:13:49,662 : INFO : EventManager : Event: ======'mode_reentry_stopping'====== Args={}
2025-01-16 21:13:49,662 : INFO : Mode.reentry : Stopped.
2025-01-16 21:13:49,662 : INFO : EventManager : Event: ======'modes_active_modes_changed'====== Args={}
2025-01-16 21:13:49,662 : INFO : EventManager : Event: ======'mode_reentry_stopped'====== Args={}
2025-01-16 21:13:49,662 : INFO : EventManager : Event: ======'clear'====== Args={'key': 'reentry'}
2025-01-16 21:13:49,663 : INFO : Mode.lowerlanes : Stopped.
2025-01-16 21:13:49,663 : INFO : EventManager : Event: ======'modes_active_modes_changed'====== Args={}
2025-01-16 21:13:49,663 : INFO : EventManager : Event: ======'mode_lowerlanes_stopped'====== Args={}
2025-01-16 21:13:49,663 : INFO : EventManager : Event: ======'clear'====== Args={'key': 'lowerlanes'}
2025-01-16 21:13:49,664 : INFO : Mode.base : Stopped.
2025-01-16 21:13:49,664 : INFO : EventManager : Event: ======'modes_active_modes_changed'====== Args={}
2025-01-16 21:13:49,664 : INFO : EventManager : Event: ======'mode_base_stopped'====== Args={}
2025-01-16 21:13:49,664 : INFO : EventManager : Event: ======'clear'====== Args={'key': 'base'}
2025-01-16 21:13:49,665 : INFO : Mode.game : Stopped.
2025-01-16 21:13:49,665 : INFO : EventManager : Event: ======'modes_active_modes_changed'====== Args={}
2025-01-16 21:13:49,665 : INFO : EventManager : Event: ======'mode_game_stopped'====== Args={}
2025-01-16 21:13:49,665 : INFO : EventManager : Event: ======'clear'====== Args={'key': 'game'}
2025-01-16 21:13:49,666 : ERROR : OPP : Stop called on serial connection com5
2025-01-16 21:13:49,667 : ERROR : OPP : Stop called on serial connection com4
2025-01-16 21:13:49,667 : ERROR : asyncio : Exception in callback Util.raise_exceptions(<Task finishe...ection lost')>) at C:\Users\student\mpfenv3\Lib\site-packages\mpf\core\utility_functions.py:790
handle: <Handle Util.raise_exceptions(<Task finishe...ection lost')>) at C:\Users\student\mpfenv3\Lib\site-packages\mpf\core\utility_functions.py:790>
Traceback (most recent call last):
  File "C:\Program Files\Python311\Lib\asyncio\events.py", line 84, in _run
    self._context.run(self._callback, *self._args)
  File "C:\Users\student\mpfenv3\Lib\site-packages\mpf\core\utility_functions.py", line 798, in raise_exceptions
    future.result()
  File "C:\Users\student\mpfenv3\Lib\site-packages\mpf\platforms\opp\opp.py", line 971, in _poll_sender
    await self.opp_connection[chain_serial].writer.drain()
  File "C:\Program Files\Python311\Lib\asyncio\streams.py", line 392, in drain
    await self._protocol._drain_helper()
  File "C:\Program Files\Python311\Lib\asyncio\streams.py", line 166, in _drain_helper
    raise ConnectionResetError('Connection lost')
ConnectionResetError: Connection lost
2025-01-16 21:13:49,669 : ERROR : root : ClearCommError failed (PermissionError(13, 'The device does not recognize the command.', None, 22))
Traceback (most recent call last):
  File "C:\Users\student\mpfenv3\Lib\site-packages\mpf\commands\game.py", line 240, in __init__
    self.machine.run()
  File "C:\Users\student\mpfenv3\Lib\site-packages\mpf\core\machine.py", line 704, in run
    self._run_loop()
  File "C:\Users\student\mpfenv3\Lib\site-packages\mpf\core\machine.py", line 804, in _run_loop
    self._crash_shutdown()
  File "C:\Users\student\mpfenv3\Lib\site-packages\mpf\core\machine.py", line 749, in _crash_shutdown
    self._do_stop()
  File "C:\Users\student\mpfenv3\Lib\site-packages\mpf\core\machine.py", line 740, in _do_stop
    self.shutdown()
  File "C:\Users\student\mpfenv3\Lib\site-packages\mpf\core\machine.py", line 770, in shutdown
    self._platform_stop()
  File "C:\Users\student\mpfenv3\Lib\site-packages\mpf\core\machine.py", line 820, in _platform_stop
    hardware_platform.stop()
  File "C:\Users\student\mpfenv3\Lib\site-packages\mpf\platforms\opp\opp.py", line 195, in stop
    connections.stop()
  File "C:\Users\student\mpfenv3\Lib\site-packages\mpf\platforms\base_serial_communicator.py", line 149, in stop
    self.machine.clock.loop.run_until_complete(self.writer.wait_closed())
  File "C:\Program Files\Python311\Lib\asyncio\base_events.py", line 654, in run_until_complete
    return future.result()
           ^^^^^^^^^^^^^^^
  File "C:\Program Files\Python311\Lib\asyncio\streams.py", line 364, in wait_closed
    await self._protocol._get_close_waiter(self)
  File "C:\Users\student\mpfenv3\Lib\site-packages\serial_asyncio\__init__.py", line 290, in _poll_read
    if self.serial.in_waiting:
       ^^^^^^^^^^^^^^^^^^^^^^
  File "C:\Users\student\mpfenv3\Lib\site-packages\serial\serialwin32.py", line 259, in in_waiting
    raise SerialException("ClearCommError failed ({!r})".format(ctypes.WinError()))
serial.serialutil.SerialException: ClearCommError failed (PermissionError(13, 'The device does not recognize the command.', None, 22))
