2025-01-17 09:55:56,673 : kivy : deps: Successfully imported "kivy_deps.gstreamer" 0.3.3
2025-01-17 09:55:56,673 : kivy : deps: Successfully imported "kivy_deps.angle" 0.3.3
2025-01-17 09:55:56,673 : kivy : deps: Successfully imported "kivy_deps.glew" 0.3.1
2025-01-17 09:55:56,673 : kivy : deps: Successfully imported "kivy_deps.sdl2" 0.6.0
2025-01-17 09:55:56,673 : kivy : Kivy: v2.2.1
2025-01-17 09:55:56,673 : kivy : Kivy: Installed at "C:\Users\student\mpfenv3\Lib\site-packages\kivy\__init__.py"
2025-01-17 09:55:56,673 : kivy : Python: v3.11.8 (tags/v3.11.8:db85d51, Feb  6 2024, 22:03:32) [MSC v.1937 64 bit (AMD64)]
2025-01-17 09:55:56,673 : kivy : Python: Interpreter at "C:\Users\student\mpfenv3\Scripts\python.exe"
2025-01-17 09:55:56,689 : kivy : Factory: 190 symbols loaded
2025-01-17 09:55:56,823 : kivy : ImageLoaderFFPy: Using ffpyplayer 4.5.1
2025-01-17 09:55:56,823 : kivy : Image: Providers: img_tex, img_dds, img_sdl2, img_pil, img_ffpyplayer 
2025-01-17 09:55:57,429 : kivy : VideoGstplayer: Using Gstreamer 1.18.5.0
2025-01-17 09:55:57,429 : kivy : Video: Provider: gstplayer
2025-01-17 09:55:57,455 : root : Loading MPF-MC controller
2025-01-17 09:55:57,499 : ConfigProcessor : Config spec file cache created: C:\Users\student\AppData\Local\Temp\config_spec.mpf_cache
2025-01-17 09:55:57,500 : YamlMultifileConfigLoader : Machine config file #1: config
2025-01-17 09:55:57,500 : ConfigProcessor : Loading config from file C:\Users\student\mpfenv3\Lib\site-packages\mpfmc\mcconfig.yaml.
2025-01-17 09:55:57,505 : ConfigProcessor : Loading config: C:\Users\student\mpfenv3\Lib\site-packages\mpfmc\mcconfig.yaml
2025-01-17 09:55:57,505 : ConfigProcessor : Loading config from file C:\Users\student\pinball\cobraPinTest1\config\config.
2025-01-17 09:55:57,510 : ConfigProcessor : Loading config: C:\Users\student\pinball\cobraPinTest1\config\config
2025-01-17 09:55:57,511 : ConfigProcessor : Config file cache created: C:\Users\student\AppData\Local\Temp\d597e459fa663d00d6faab779112d1ee.mpf_cache
2025-01-17 09:55:57,512 : ConfigProcessor : Loading config from file C:\Users\student\mpfenv3\Lib\site-packages\mpf\modes\attract\config\attract.yaml.
2025-01-17 09:55:57,512 : ConfigProcessor : Loading config: C:\Users\student\mpfenv3\Lib\site-packages\mpf\modes\attract\config\attract.yaml
2025-01-17 09:55:57,512 : ConfigProcessor : Loading config from file C:\Users\student\pinball\cobraPinTest1\modes\attract\config\attract.yaml.
2025-01-17 09:55:57,513 : ConfigProcessor : Loading config: C:\Users\student\pinball\cobraPinTest1\modes\attract\config\attract.yaml
2025-01-17 09:55:57,513 : ConfigProcessor : Config file cache created: C:\Users\student\AppData\Local\Temp\0196918bccd620e51d3c4d2630650aa0.mpf_cache
2025-01-17 09:55:57,513 : ConfigProcessor : Loading config from file C:\Users\student\mpfenv3\Lib\site-packages\mpf\modes\game\config\game.yaml.
2025-01-17 09:55:57,514 : ConfigProcessor : Loading config: C:\Users\student\mpfenv3\Lib\site-packages\mpf\modes\game\config\game.yaml
2025-01-17 09:55:57,514 : ConfigProcessor : Config file cache created: C:\Users\student\AppData\Local\Temp\511dcc6b491b0fa2d7aa9abdf6497e9c.mpf_cache
2025-01-17 09:55:57,515 : ConfigProcessor : Loading config from file C:\Users\student\pinball\cobraPinTest1\modes\base\config\base.yaml.
2025-01-17 09:55:57,515 : ConfigProcessor : Loading config: C:\Users\student\pinball\cobraPinTest1\modes\base\config\base.yaml
2025-01-17 09:55:57,516 : ConfigProcessor : Config file cache created: C:\Users\student\AppData\Local\Temp\4675a535c8328a9c278c807d999ed109.mpf_cache
2025-01-17 09:55:57,516 : ConfigProcessor : Loading config from file C:\Users\student\pinball\cobraPinTest1\modes\reentry\config\reentry.yaml.
2025-01-17 09:55:57,519 : ConfigProcessor : Loading config: C:\Users\student\pinball\cobraPinTest1\modes\reentry\config\reentry.yaml
2025-01-17 09:55:57,519 : ConfigProcessor : Config file cache created: C:\Users\student\AppData\Local\Temp\0c8438cab3480347c0c749fa494946a2.mpf_cache
2025-01-17 09:55:57,520 : ConfigProcessor : Loading config from file C:\Users\student\pinball\cobraPinTest1\modes\lowerlanes\config\lowerlanes.yaml.
2025-01-17 09:55:57,521 : ConfigProcessor : Loading config: C:\Users\student\pinball\cobraPinTest1\modes\lowerlanes\config\lowerlanes.yaml
2025-01-17 09:55:57,521 : ConfigProcessor : Config file cache created: C:\Users\student\AppData\Local\Temp\5052615755bdf1309b248cf8695ad4ff.mpf_cache
2025-01-17 09:55:57,522 : mpfmc : Mission Pinball Framework Media Controller (MPF-MC) v0.57.1. Requires MPF v0.57.0 or newer.
2025-01-17 09:55:57,522 : mpfmc : Found MPF v0.57.3
2025-01-17 09:55:57,522 : mpfmc : Machine path: C:\Users\student\pinball\cobraPinTest1
2025-01-17 09:55:57,522 : mpfmc : Starting clock at 60.0Hz
2025-01-17 09:55:57,536 : kivy : Text: Provider: sdl2
2025-01-17 09:55:57,580 : kivy : Window: Provider: sdl2
2025-01-17 09:55:57,990 : kivy : GL: Using the "OpenGL" graphics system
2025-01-17 09:55:57,991 : kivy : GL: GLEW initialization succeeded
2025-01-17 09:55:57,991 : kivy : GL: Backend used <glew>
2025-01-17 09:55:57,993 : kivy : GL: OpenGL version <b'4.6.13543 Compatibility Profile Context 25.20.15006.9'>
2025-01-17 09:55:57,993 : kivy : GL: OpenGL vendor <b'ATI Technologies Inc.'>
2025-01-17 09:55:57,993 : kivy : GL: OpenGL renderer <b'Radeon RX Vega M GL Graphics'>
2025-01-17 09:55:57,993 : kivy : GL: OpenGL parsed version: 4, 6
2025-01-17 09:55:57,993 : kivy : GL: Shading version <b'4.60'>
2025-01-17 09:55:57,993 : kivy : GL: Texture max size <16384>
2025-01-17 09:55:57,993 : kivy : GL: Texture max units <32>
2025-01-17 09:55:58,010 : kivy : Window: auto add sdl2 input provider
2025-01-17 09:55:58,010 : kivy : Window: virtual keyboard not allowed, single mode, not docked
2025-01-17 09:55:58,367 : AudioInterface : Initialized
2025-01-17 09:55:58,368 : AudioInterface : Loaded SDL 2.26.4
2025-01-17 09:55:58,368 : AudioInterface : Loaded SDL_Mixer 2.6.3
2025-01-17 09:55:58,368 : AudioInterface : Loaded GStreamer 1.18.5.0
2025-01-17 09:55:58,368 : AudioInterface : Loaded GLib 2.62.6
2025-01-17 09:55:58,368 : AudioInterface : Settings requested - rate: 44100, channels: 1, buffer: 2048 samples
2025-01-17 09:55:58,368 : AudioInterface : Settings in use - rate: 44100, channels: 1, buffer: 2048 samples (4096 bytes @ 2 bytes per sample)
2025-01-17 09:55:58,368 : SoundSystem : Setting master volume to 0.0
2025-01-17 09:55:58,368 : AudioInterface : Enabling audio playback
2025-01-17 09:55:58,370 : kivy : Base: Start application main loop
2025-01-17 09:55:58,370 : EventManager : Event: ======'display_window_initialized'====== Args={}
2025-01-17 09:55:58,388 : mpfmc : Display: Setting 'window' as default display
2025-01-17 09:55:58,394 : EventManager : Event: ======'displays_initialized'====== Args={}
2025-01-17 09:55:58,395 : EventManager : Event: ======'slide_window_blank_created'====== Args={}
2025-01-17 09:55:58,395 : EventManager : Event: ======'display_window_ready'====== Args={}
2025-01-17 09:55:58,403 : EventManager : Event: ======'init_phase_1'====== Args={}
2025-01-17 09:55:58,407 : EventManager : Event: ======'mc_ready'====== Args={}
2025-01-17 09:55:58,407 : EventManager : Event: ======'init_phase_2'====== Args={}
2025-01-17 09:55:58,410 : EventManager : Event: ======'init_phase_3'====== Args={}
2025-01-17 09:55:58,411 : EventManager : Event: ======'init_phase_4'====== Args={}
2025-01-17 09:55:58,411 : EventManager : Event: ======'init_phase_5'====== Args={}
2025-01-17 09:55:58,411 : EventManager : Event: ======'init_done'====== Args={}
2025-01-17 09:55:58,412 : MPF-MC BCP Server : Starting up on localhost port 5050
2025-01-17 09:55:58,414 : MPF-MC BCP Server : Waiting for a connection...
2025-01-17 09:55:58,418 : kivy : GL: NPOT texture support is available
2025-01-17 09:55:58,418 : EventManager : Event: ======'slide_welcome_slide_created'====== Args={}
2025-01-17 09:55:58,420 : EventManager : Event: ======'slide_welcome_slide_active'====== Args={}
2025-01-17 09:55:58,430 : EventManager : Event: ======'client_disconnected'====== Args={'host': '127.0.0.1', 'port': 5050}
2025-01-17 09:55:59,716 : MPF-MC BCP Server : Received connection from: 127.0.0.1:64827
2025-01-17 09:55:59,717 : EventManager : Event: ======'client_connected'====== Args={'host': '127.0.0.1', 'port': 64827}
2025-01-17 09:55:59,929 : EventManager : Event: ======'machine_var_credits_string'====== Args={'value': 'FREE PLAY', 'prev_value': None, 'change': True}
2025-01-17 09:55:59,929 : EventManager : Event: ======'machine_var_master_volume'====== Args={'value': 0.5, 'prev_value': None, 'change': True}
2025-01-17 09:55:59,929 : EventManager : Event: ======'machine_var_player1_score'====== Args={'value': 1500, 'prev_value': None, 'change': True}
2025-01-17 09:55:59,929 : EventManager : Event: ======'machine_var_mpf_version'====== Args={'value': 'Mission Pinball Framework v0.57.3', 'prev_value': None, 'change': True}
2025-01-17 09:55:59,929 : EventManager : Event: ======'machine_var_mpf_extended_version'====== Args={'value': 'Mission Pinball Framework v0.57.3, Config version:6, Show version: 6, BCP version:1.1', 'prev_value': None, 'change': True}
2025-01-17 09:55:59,929 : EventManager : Event: ======'machine_var_python_version'====== Args={'value': '3.11.8', 'prev_value': None, 'change': True}
2025-01-17 09:55:59,929 : EventManager : Event: ======'machine_var_platform'====== Args={'value': 'Windows-10-10.0.19045-SP0', 'prev_value': None, 'change': True}
2025-01-17 09:55:59,929 : EventManager : Event: ======'machine_var_platform_system'====== Args={'value': 'Windows', 'prev_value': None, 'change': True}
2025-01-17 09:55:59,929 : EventManager : Event: ======'machine_var_platform_release'====== Args={'value': '10', 'prev_value': None, 'change': True}
2025-01-17 09:55:59,929 : EventManager : Event: ======'machine_var_platform_version'====== Args={'value': '10.0.19045', 'prev_value': None, 'change': True}
2025-01-17 09:55:59,929 : EventManager : Event: ======'machine_var_platform_machine'====== Args={'value': 'AMD64', 'prev_value': None, 'change': True}
2025-01-17 09:55:59,929 : EventManager : Event: ======'machine_var_mc_version'====== Args={'value': 'MPF-MC v0.57.1', 'prev_value': None, 'change': True}
2025-01-17 09:55:59,929 : EventManager : Event: ======'machine_var_mc_extended_version'====== Args={'value': 'MPF-MC v0.57.1 (config_version=6, BCP v1.1,                      Requires MPF API compatibility v0.57.0 or newer)', 'prev_value': None, 'change': True}
2025-01-17 09:55:59,929 : EventManager : Event: ======'machine_var_credits_string'====== Args={'value': 'FREE PLAY', 'prev_value': None, 'change': True}
2025-01-17 09:55:59,929 : EventManager : Event: ======'machine_var_master_volume'====== Args={'value': 0.5, 'prev_value': None, 'change': True}
2025-01-17 09:55:59,930 : EventManager : Event: ======'machine_var_player1_score'====== Args={'value': 1500, 'prev_value': None, 'change': True}
2025-01-17 09:55:59,930 : EventManager : Event: ======'machine_var_mpf_version'====== Args={'value': 'Mission Pinball Framework v0.57.3', 'prev_value': None, 'change': True}
2025-01-17 09:55:59,930 : EventManager : Event: ======'machine_var_mpf_extended_version'====== Args={'value': 'Mission Pinball Framework v0.57.3, Config version:6, Show version: 6, BCP version:1.1', 'prev_value': None, 'change': True}
2025-01-17 09:55:59,930 : EventManager : Event: ======'machine_var_python_version'====== Args={'value': '3.11.8', 'prev_value': None, 'change': True}
2025-01-17 09:55:59,930 : EventManager : Event: ======'machine_var_platform'====== Args={'value': 'Windows-10-10.0.19045-SP0', 'prev_value': None, 'change': True}
2025-01-17 09:55:59,930 : EventManager : Event: ======'machine_var_platform_system'====== Args={'value': 'Windows', 'prev_value': None, 'change': True}
2025-01-17 09:55:59,930 : EventManager : Event: ======'machine_var_platform_release'====== Args={'value': '10', 'prev_value': None, 'change': True}
2025-01-17 09:55:59,930 : EventManager : Event: ======'machine_var_platform_version'====== Args={'value': '10.0.19045', 'prev_value': None, 'change': True}
2025-01-17 09:55:59,930 : EventManager : Event: ======'machine_var_platform_machine'====== Args={'value': 'AMD64', 'prev_value': None, 'change': True}
2025-01-17 09:55:59,930 : EventManager : Event: ======'machine_var_mc_version'====== Args={'value': 'MPF-MC v0.57.1', 'prev_value': None, 'change': True}
2025-01-17 09:55:59,930 : EventManager : Event: ======'machine_var_mc_extended_version'====== Args={'value': 'MPF-MC v0.57.1 (config_version=6, BCP v1.1,                      Requires MPF API compatibility v0.57.0 or newer)', 'prev_value': None, 'change': True}
2025-01-17 09:55:59,930 : EventManager : Event: ======'machine_var_credits_string'====== Args={'value': 'FREE PLAY', 'prev_value': None, 'change': True}
2025-01-17 09:55:59,930 : EventManager : Event: ======'machine_var_master_volume'====== Args={'value': 0.5, 'prev_value': None, 'change': True}
2025-01-17 09:55:59,930 : EventManager : Event: ======'machine_var_player1_score'====== Args={'value': 1500, 'prev_value': None, 'change': True}
2025-01-17 09:55:59,930 : EventManager : Event: ======'machine_var_mpf_version'====== Args={'value': 'Mission Pinball Framework v0.57.3', 'prev_value': None, 'change': True}
2025-01-17 09:55:59,931 : EventManager : Event: ======'machine_var_mpf_extended_version'====== Args={'value': 'Mission Pinball Framework v0.57.3, Config version:6, Show version: 6, BCP version:1.1', 'prev_value': None, 'change': True}
2025-01-17 09:55:59,931 : EventManager : Event: ======'machine_var_python_version'====== Args={'value': '3.11.8', 'prev_value': None, 'change': True}
2025-01-17 09:55:59,931 : EventManager : Event: ======'machine_var_platform'====== Args={'value': 'Windows-10-10.0.19045-SP0', 'prev_value': None, 'change': True}
2025-01-17 09:55:59,931 : EventManager : Event: ======'machine_var_platform_system'====== Args={'value': 'Windows', 'prev_value': None, 'change': True}
2025-01-17 09:55:59,931 : EventManager : Event: ======'machine_var_platform_release'====== Args={'value': '10', 'prev_value': None, 'change': True}
2025-01-17 09:55:59,931 : EventManager : Event: ======'machine_var_platform_version'====== Args={'value': '10.0.19045', 'prev_value': None, 'change': True}
2025-01-17 09:55:59,931 : EventManager : Event: ======'machine_var_platform_machine'====== Args={'value': 'AMD64', 'prev_value': None, 'change': True}
2025-01-17 09:55:59,931 : EventManager : Event: ======'machine_var_mc_version'====== Args={'value': 'MPF-MC v0.57.1', 'prev_value': None, 'change': True}
2025-01-17 09:55:59,931 : EventManager : Event: ======'machine_var_mc_extended_version'====== Args={'value': 'MPF-MC v0.57.1 (config_version=6, BCP v1.1,                      Requires MPF API compatibility v0.57.0 or newer)', 'prev_value': None, 'change': True}
2025-01-17 09:55:59,931 : EventManager : Event: ======'machine_var_credits_string'====== Args={'value': 'FREE PLAY', 'prev_value': None, 'change': True}
2025-01-17 09:55:59,931 : EventManager : Event: ======'machine_var_master_volume'====== Args={'value': 0.5, 'prev_value': None, 'change': True}
2025-01-17 09:55:59,931 : EventManager : Event: ======'machine_var_player1_score'====== Args={'value': 1500, 'prev_value': None, 'change': True}
2025-01-17 09:55:59,931 : EventManager : Event: ======'machine_var_mpf_version'====== Args={'value': 'Mission Pinball Framework v0.57.3', 'prev_value': None, 'change': True}
2025-01-17 09:55:59,931 : EventManager : Event: ======'machine_var_mpf_extended_version'====== Args={'value': 'Mission Pinball Framework v0.57.3, Config version:6, Show version: 6, BCP version:1.1', 'prev_value': None, 'change': True}
2025-01-17 09:55:59,931 : EventManager : Event: ======'machine_var_python_version'====== Args={'value': '3.11.8', 'prev_value': None, 'change': True}
2025-01-17 09:55:59,931 : EventManager : Event: ======'machine_var_platform'====== Args={'value': 'Windows-10-10.0.19045-SP0', 'prev_value': None, 'change': True}
2025-01-17 09:55:59,931 : EventManager : Event: ======'machine_var_platform_system'====== Args={'value': 'Windows', 'prev_value': None, 'change': True}
2025-01-17 09:55:59,931 : EventManager : Event: ======'machine_var_platform_release'====== Args={'value': '10', 'prev_value': None, 'change': True}
2025-01-17 09:55:59,932 : EventManager : Event: ======'machine_var_platform_version'====== Args={'value': '10.0.19045', 'prev_value': None, 'change': True}
2025-01-17 09:55:59,932 : EventManager : Event: ======'machine_var_platform_machine'====== Args={'value': 'AMD64', 'prev_value': None, 'change': True}
2025-01-17 09:55:59,932 : EventManager : Event: ======'machine_var_mc_version'====== Args={'value': 'MPF-MC v0.57.1', 'prev_value': None, 'change': True}
2025-01-17 09:55:59,932 : EventManager : Event: ======'machine_var_mc_extended_version'====== Args={'value': 'MPF-MC v0.57.1 (config_version=6, BCP v1.1,                      Requires MPF API compatibility v0.57.0 or newer)', 'prev_value': None, 'change': True}
2025-01-17 09:55:59,932 : SoundSystem : Setting master volume to 0.5
2025-01-17 09:55:59,932 : SoundSystem : Setting master volume to 0.5
2025-01-17 09:55:59,932 : SoundSystem : Setting master volume to 0.5
2025-01-17 09:55:59,932 : SoundSystem : Setting master volume to 0.5
2025-01-17 09:55:59,992 : EventManager : Event: ======'machine_var_audits_events_game_ended'====== Args={'value': 0, 'prev_value': None, 'change': True}
2025-01-17 09:56:00,017 : EventManager : Event: ======'machine_var_audits_events_game_started'====== Args={'value': 34, 'prev_value': None, 'change': True}
2025-01-17 09:56:00,017 : EventManager : Event: ======'machine_var_audits_missing_switches_s_bonus_lane'====== Args={'value': 3, 'prev_value': None, 'change': True}
2025-01-17 09:56:00,017 : EventManager : Event: ======'machine_var_audits_missing_switches_s_left_flipper'====== Args={'value': 2, 'prev_value': None, 'change': True}
2025-01-17 09:56:00,017 : EventManager : Event: ======'machine_var_audits_missing_switches_s_left_out_lane'====== Args={'value': 8, 'prev_value': None, 'change': True}
2025-01-17 09:56:00,017 : EventManager : Event: ======'machine_var_audits_missing_switches_s_left_return_lane'====== Args={'value': 3, 'prev_value': None, 'change': True}
2025-01-17 09:56:00,017 : EventManager : Event: ======'machine_var_audits_missing_switches_s_lower_left_slingshot'====== Args={'value': 1, 'prev_value': None, 'change': True}
2025-01-17 09:56:00,017 : EventManager : Event: ======'machine_var_audits_missing_switches_s_lower_right_slingshot'====== Args={'value': 1, 'prev_value': None, 'change': True}
2025-01-17 09:56:00,017 : EventManager : Event: ======'machine_var_audits_missing_switches_s_plunger'====== Args={'value': 32, 'prev_value': None, 'change': True}
2025-01-17 09:56:00,017 : EventManager : Event: ======'machine_var_audits_missing_switches_s_reentry_left'====== Args={'value': 17, 'prev_value': None, 'change': True}
2025-01-17 09:56:00,017 : EventManager : Event: ======'machine_var_audits_missing_switches_s_reentry_middle'====== Args={'value': 17, 'prev_value': None, 'change': True}
2025-01-17 09:56:00,017 : EventManager : Event: ======'machine_var_audits_missing_switches_s_reentry_right'====== Args={'value': 11, 'prev_value': None, 'change': True}
2025-01-17 09:56:00,017 : EventManager : Event: ======'machine_var_audits_missing_switches_s_right_flipper'====== Args={'value': 2, 'prev_value': None, 'change': True}
2025-01-17 09:56:00,017 : EventManager : Event: ======'machine_var_audits_missing_switches_s_right_out_lane'====== Args={'value': 8, 'prev_value': None, 'change': True}
2025-01-17 09:56:00,017 : EventManager : Event: ======'machine_var_audits_missing_switches_s_right_return_lane'====== Args={'value': 8, 'prev_value': None, 'change': True}
2025-01-17 09:56:00,018 : EventManager : Event: ======'machine_var_audits_missing_switches_s_spacewarp_rollover'====== Args={'value': 16, 'prev_value': None, 'change': True}
2025-01-17 09:56:00,018 : EventManager : Event: ======'machine_var_audits_missing_switches_s_start'====== Args={'value': 33, 'prev_value': None, 'change': True}
2025-01-17 09:56:00,018 : EventManager : Event: ======'machine_var_audits_missing_switches_s_trough1'====== Args={'value': 33, 'prev_value': None, 'change': True}
2025-01-17 09:56:00,018 : EventManager : Event: ======'machine_var_audits_missing_switches_s_wormhole_target'====== Args={'value': 8, 'prev_value': None, 'change': True}
2025-01-17 09:56:00,018 : EventManager : Event: ======'machine_var_audits_player_score'====== Args={'value': {'average': 1800.0, 'top': [2000, 1900, 1500], 'total': 3}, 'prev_value': None, 'change': True}
2025-01-17 09:56:00,018 : EventManager : Event: ======'machine_var_audits_shots_bonusLane_shot'====== Args={'value': 56, 'prev_value': None, 'change': True}
2025-01-17 09:56:00,018 : EventManager : Event: ======'machine_var_audits_shots_medalL_shot'====== Args={'value': 174, 'prev_value': None, 'change': True}
2025-01-17 09:56:00,018 : EventManager : Event: ======'machine_var_audits_shots_medalM_shot'====== Args={'value': 166, 'prev_value': None, 'change': True}
2025-01-17 09:56:00,018 : EventManager : Event: ======'machine_var_audits_shots_medalR_shot'====== Args={'value': 165, 'prev_value': None, 'change': True}
2025-01-17 09:56:00,018 : EventManager : Event: ======'machine_var_audits_shots_my_first_shot'====== Args={'value': 119, 'prev_value': None, 'change': True}
2025-01-17 09:56:00,018 : EventManager : Event: ======'machine_var_audits_shots_my_first_shot_mode2'====== Args={'value': 72, 'prev_value': None, 'change': True}
2025-01-17 09:56:00,018 : EventManager : Event: ======'machine_var_audits_shots_outLaneL_shot'====== Args={'value': 18, 'prev_value': None, 'change': True}
2025-01-17 09:56:00,018 : EventManager : Event: ======'machine_var_audits_shots_outLaneR_shot'====== Args={'value': 72, 'prev_value': None, 'change': True}
2025-01-17 09:56:00,018 : EventManager : Event: ======'machine_var_audits_shots_reentryL_shot'====== Args={'value': 517, 'prev_value': None, 'change': True}
2025-01-17 09:56:00,018 : EventManager : Event: ======'machine_var_audits_shots_reentryM_shot'====== Args={'value': 476, 'prev_value': None, 'change': True}
2025-01-17 09:56:00,018 : EventManager : Event: ======'machine_var_audits_shots_reentryR_shot'====== Args={'value': 462, 'prev_value': None, 'change': True}
2025-01-17 09:56:00,019 : EventManager : Event: ======'machine_var_audits_shots_reentry_shot'====== Args={'value': 9, 'prev_value': None, 'change': True}
2025-01-17 09:56:00,019 : EventManager : Event: ======'machine_var_audits_shots_returnLaneL_shot'====== Args={'value': 169, 'prev_value': None, 'change': True}
2025-01-17 09:56:00,019 : EventManager : Event: ======'machine_var_audits_shots_returnLaneR_shot'====== Args={'value': 115, 'prev_value': None, 'change': True}
2025-01-17 09:56:00,019 : EventManager : Event: ======'machine_var_audits_shots_spacewarp_rollover_shot'====== Args={'value': 47, 'prev_value': None, 'change': True}
2025-01-17 09:56:00,019 : EventManager : Event: ======'machine_var_audits_shots_top_lane_A'====== Args={'value': 12, 'prev_value': None, 'change': True}
2025-01-17 09:56:00,019 : EventManager : Event: ======'machine_var_audits_shots_top_lane_J'====== Args={'value': 12, 'prev_value': None, 'change': True}
2025-01-17 09:56:00,019 : EventManager : Event: ======'machine_var_audits_shots_top_lane_M'====== Args={'value': 9, 'prev_value': None, 'change': True}
2025-01-17 09:56:00,019 : EventManager : Event: ======'machine_var_audits_switches_s_blackhole_kicker'====== Args={'value': 0, 'prev_value': None, 'change': True}
2025-01-17 09:56:00,019 : EventManager : Event: ======'machine_var_audits_switches_s_bonus_lane'====== Args={'value': 69, 'prev_value': None, 'change': True}
2025-01-17 09:56:00,019 : EventManager : Event: ======'machine_var_audits_switches_s_booster_drop_target_1'====== Args={'value': 0, 'prev_value': None, 'change': True}
2025-01-17 09:56:00,019 : EventManager : Event: ======'machine_var_audits_switches_s_booster_drop_target_2'====== Args={'value': 0, 'prev_value': None, 'change': True}
2025-01-17 09:56:00,019 : EventManager : Event: ======'machine_var_audits_switches_s_booster_drop_target_3'====== Args={'value': 0, 'prev_value': None, 'change': True}
2025-01-17 09:56:00,019 : EventManager : Event: ======'machine_var_audits_switches_s_comet_spot_1'====== Args={'value': 0, 'prev_value': None, 'change': True}
2025-01-17 09:56:00,020 : EventManager : Event: ======'machine_var_audits_switches_s_comet_spot_2'====== Args={'value': 0, 'prev_value': None, 'change': True}
2025-01-17 09:56:00,020 : EventManager : Event: ======'machine_var_audits_switches_s_comet_spot_3'====== Args={'value': 0, 'prev_value': None, 'change': True}
2025-01-17 09:56:00,020 : EventManager : Event: ======'machine_var_audits_switches_s_engine_bumper_1'====== Args={'value': 0, 'prev_value': None, 'change': True}
2025-01-17 09:56:00,020 : EventManager : Event: ======'machine_var_audits_switches_s_engine_bumper_2'====== Args={'value': 0, 'prev_value': None, 'change': True}
2025-01-17 09:56:00,020 : EventManager : Event: ======'machine_var_audits_switches_s_engine_bumper_3'====== Args={'value': 0, 'prev_value': None, 'change': True}
2025-01-17 09:56:00,020 : EventManager : Event: ======'machine_var_audits_switches_s_fuel_chute_1'====== Args={'value': 0, 'prev_value': None, 'change': True}
2025-01-17 09:56:00,020 : EventManager : Event: ======'machine_var_audits_switches_s_fuel_chute_2'====== Args={'value': 0, 'prev_value': None, 'change': True}
2025-01-17 09:56:00,020 : EventManager : Event: ======'machine_var_audits_switches_s_fuel_chute_3'====== Args={'value': 0, 'prev_value': None, 'change': True}
2025-01-17 09:56:00,020 : EventManager : Event: ======'machine_var_audits_switches_s_fuel_chute_4'====== Args={'value': 0, 'prev_value': None, 'change': True}
2025-01-17 09:56:00,020 : EventManager : Event: ======'machine_var_audits_switches_s_fuel_chute_5'====== Args={'value': 0, 'prev_value': None, 'change': True}
2025-01-17 09:56:00,020 : EventManager : Event: ======'machine_var_audits_switches_s_fuel_chute_6'====== Args={'value': 0, 'prev_value': None, 'change': True}
2025-01-17 09:56:00,020 : EventManager : Event: ======'machine_var_audits_switches_s_fuel_flag'====== Args={'value': 0, 'prev_value': None, 'change': True}
2025-01-17 09:56:00,020 : EventManager : Event: ======'machine_var_audits_switches_s_fuel_spot_1'====== Args={'value': 0, 'prev_value': None, 'change': True}
2025-01-17 09:56:00,020 : EventManager : Event: ======'machine_var_audits_switches_s_fuel_spot_2'====== Args={'value': 0, 'prev_value': None, 'change': True}
2025-01-17 09:56:00,020 : EventManager : Event: ======'machine_var_audits_switches_s_fuel_spot_3'====== Args={'value': 0, 'prev_value': None, 'change': True}
2025-01-17 09:56:00,020 : EventManager : Event: ======'machine_var_audits_switches_s_green_wormhole'====== Args={'value': 0, 'prev_value': None, 'change': True}
2025-01-17 09:56:00,020 : EventManager : Event: ======'machine_var_audits_switches_s_hyperspace_flag'====== Args={'value': 0, 'prev_value': None, 'change': True}
2025-01-17 09:56:00,020 : EventManager : Event: ======'machine_var_audits_switches_s_hyperspacekicker'====== Args={'value': 0, 'prev_value': None, 'change': True}
2025-01-17 09:56:00,020 : EventManager : Event: ======'machine_var_audits_switches_s_launch_lane_1'====== Args={'value': 0, 'prev_value': None, 'change': True}
2025-01-17 09:56:00,021 : EventManager : Event: ======'machine_var_audits_switches_s_launch_lane_2'====== Args={'value': 0, 'prev_value': None, 'change': True}
2025-01-17 09:56:00,021 : EventManager : Event: ======'machine_var_audits_switches_s_launch_lane_3'====== Args={'value': 0, 'prev_value': None, 'change': True}
2025-01-17 09:56:00,021 : EventManager : Event: ======'machine_var_audits_switches_s_launch_ramp'====== Args={'value': 0, 'prev_value': None, 'change': True}
2025-01-17 09:56:00,021 : EventManager : Event: ======'machine_var_audits_switches_s_left_attack_bumper'====== Args={'value': 177, 'prev_value': None, 'change': True}
2025-01-17 09:56:00,021 : EventManager : Event: ======'machine_var_audits_switches_s_left_flipper'====== Args={'value': 1583, 'prev_value': None, 'change': True}
2025-01-17 09:56:00,021 : EventManager : Event: ======'machine_var_audits_switches_s_left_out_lane'====== Args={'value': 22, 'prev_value': None, 'change': True}
2025-01-17 09:56:00,021 : EventManager : Event: ======'machine_var_audits_switches_s_left_out_lane_kicker'====== Args={'value': 0, 'prev_value': None, 'change': True}
2025-01-17 09:56:00,021 : EventManager : Event: ======'machine_var_audits_switches_s_left_return_lane'====== Args={'value': 176, 'prev_value': None, 'change': True}
2025-01-17 09:56:00,021 : EventManager : Event: ======'machine_var_audits_switches_s_lower_attack_bumper'====== Args={'value': 94, 'prev_value': None, 'change': True}
2025-01-17 09:56:00,021 : EventManager : Event: ======'machine_var_audits_switches_s_lower_left_rebound'====== Args={'value': 0, 'prev_value': None, 'change': True}
2025-01-17 09:56:00,021 : EventManager : Event: ======'machine_var_audits_switches_s_lower_left_slingshot'====== Args={'value': 174, 'prev_value': None, 'change': True}
2025-01-17 09:56:00,021 : EventManager : Event: ======'machine_var_audits_switches_s_lower_right_rebound'====== Args={'value': 0, 'prev_value': None, 'change': True}
2025-01-17 09:56:00,021 : EventManager : Event: ======'machine_var_audits_switches_s_lower_right_slingshot'====== Args={'value': 177, 'prev_value': None, 'change': True}
2025-01-17 09:56:00,021 : EventManager : Event: ======'machine_var_audits_switches_s_medal_drop_left'====== Args={'value': 188, 'prev_value': None, 'change': True}
2025-01-17 09:56:00,021 : EventManager : Event: ======'machine_var_audits_switches_s_medal_drop_middle'====== Args={'value': 180, 'prev_value': None, 'change': True}
2025-01-17 09:56:00,021 : EventManager : Event: ======'machine_var_audits_switches_s_medal_drop_right'====== Args={'value': 179, 'prev_value': None, 'change': True}
2025-01-17 09:56:00,021 : EventManager : Event: ======'machine_var_audits_switches_s_mission_spot_1'====== Args={'value': 0, 'prev_value': None, 'change': True}
2025-01-17 09:56:00,021 : EventManager : Event: ======'machine_var_audits_switches_s_mission_spot_2'====== Args={'value': 2, 'prev_value': None, 'change': True}
2025-01-17 09:56:00,022 : EventManager : Event: ======'machine_var_audits_switches_s_mission_spot_3'====== Args={'value': 0, 'prev_value': None, 'change': True}
2025-01-17 09:56:00,022 : EventManager : Event: ======'machine_var_audits_switches_s_multiplier_left'====== Args={'value': 0, 'prev_value': None, 'change': True}
2025-01-17 09:56:00,022 : EventManager : Event: ======'machine_var_audits_switches_s_multiplier_middle'====== Args={'value': 0, 'prev_value': None, 'change': True}
2025-01-17 09:56:00,022 : EventManager : Event: ======'machine_var_audits_switches_s_multiplier_right'====== Args={'value': 0, 'prev_value': None, 'change': True}
2025-01-17 09:56:00,022 : EventManager : Event: ======'machine_var_audits_switches_s_plunger'====== Args={'value': 177, 'prev_value': None, 'change': True}
2025-01-17 09:56:00,022 : EventManager : Event: ======'machine_var_audits_switches_s_radiationspot_1'====== Args={'value': 0, 'prev_value': None, 'change': True}
2025-01-17 09:56:00,022 : EventManager : Event: ======'machine_var_audits_switches_s_radiationspot_2'====== Args={'value': 0, 'prev_value': None, 'change': True}
2025-01-17 09:56:00,022 : EventManager : Event: ======'machine_var_audits_switches_s_radiationspot_3'====== Args={'value': 0, 'prev_value': None, 'change': True}
2025-01-17 09:56:00,022 : EventManager : Event: ======'machine_var_audits_switches_s_red_wormhole'====== Args={'value': 0, 'prev_value': None, 'change': True}
2025-01-17 09:56:00,022 : EventManager : Event: ======'machine_var_audits_switches_s_reentry_left'====== Args={'value': 875, 'prev_value': None, 'change': True}
2025-01-17 09:56:00,022 : EventManager : Event: ======'machine_var_audits_switches_s_reentry_middle'====== Args={'value': 550, 'prev_value': None, 'change': True}
2025-01-17 09:56:00,022 : EventManager : Event: ======'machine_var_audits_switches_s_reentry_right'====== Args={'value': 521, 'prev_value': None, 'change': True}
2025-01-17 09:56:00,022 : EventManager : Event: ======'machine_var_audits_switches_s_right_flipper'====== Args={'value': 1908, 'prev_value': None, 'change': True}
2025-01-17 09:56:00,022 : EventManager : Event: ======'machine_var_audits_switches_s_right_inlane'====== Args={'value': 0, 'prev_value': None, 'change': True}
2025-01-17 09:56:00,022 : EventManager : Event: ======'machine_var_audits_switches_s_right_out_lane'====== Args={'value': 98, 'prev_value': None, 'change': True}
2025-01-17 09:56:00,022 : EventManager : Event: ======'machine_var_audits_switches_s_right_out_lane_kicker'====== Args={'value': 0, 'prev_value': None, 'change': True}
2025-01-17 09:56:00,022 : EventManager : Event: ======'machine_var_audits_switches_s_right_return_lane'====== Args={'value': 127, 'prev_value': None, 'change': True}
2025-01-17 09:56:00,022 : EventManager : Event: ======'machine_var_audits_switches_s_satellite_bumper'====== Args={'value': 0, 'prev_value': None, 'change': True}
2025-01-17 09:56:00,022 : EventManager : Event: ======'machine_var_audits_switches_s_secondary_outlane_kicker'====== Args={'value': 0, 'prev_value': None, 'change': True}
2025-01-17 09:56:00,023 : EventManager : Event: ======'machine_var_audits_switches_s_skill_shot_1'====== Args={'value': 0, 'prev_value': None, 'change': True}
2025-01-17 09:56:00,023 : EventManager : Event: ======'machine_var_audits_switches_s_skill_shot_2'====== Args={'value': 0, 'prev_value': None, 'change': True}
2025-01-17 09:56:00,023 : EventManager : Event: ======'machine_var_audits_switches_s_skill_shot_3'====== Args={'value': 0, 'prev_value': None, 'change': True}
2025-01-17 09:56:00,023 : EventManager : Event: ======'machine_var_audits_switches_s_skill_shot_4'====== Args={'value': 0, 'prev_value': None, 'change': True}
2025-01-17 09:56:00,023 : EventManager : Event: ======'machine_var_audits_switches_s_skill_shot_5'====== Args={'value': 0, 'prev_value': None, 'change': True}
2025-01-17 09:56:00,023 : EventManager : Event: ======'machine_var_audits_switches_s_skill_shot_6'====== Args={'value': 0, 'prev_value': None, 'change': True}
2025-01-17 09:56:00,023 : EventManager : Event: ======'machine_var_audits_switches_s_skill_shot_lane'====== Args={'value': 0, 'prev_value': None, 'change': True}
2025-01-17 09:56:00,023 : EventManager : Event: ======'machine_var_audits_switches_s_spacewarp_rollover'====== Args={'value': 48, 'prev_value': None, 'change': True}
2025-01-17 09:56:00,023 : EventManager : Event: ======'machine_var_audits_switches_s_start'====== Args={'value': 7, 'prev_value': None, 'change': True}
2025-01-17 09:56:00,023 : EventManager : Event: ======'machine_var_audits_switches_s_trough1'====== Args={'value': 30, 'prev_value': None, 'change': True}
2025-01-17 09:56:00,023 : EventManager : Event: ======'machine_var_audits_switches_s_trough2'====== Args={'value': 0, 'prev_value': None, 'change': True}
2025-01-17 09:56:00,023 : EventManager : Event: ======'machine_var_audits_switches_s_trough3'====== Args={'value': 0, 'prev_value': None, 'change': True}
2025-01-17 09:56:00,023 : EventManager : Event: ======'machine_var_audits_switches_s_trough4'====== Args={'value': 0, 'prev_value': None, 'change': True}
2025-01-17 09:56:00,023 : EventManager : Event: ======'machine_var_audits_switches_s_trough5'====== Args={'value': 0, 'prev_value': None, 'change': True}
2025-01-17 09:56:00,023 : EventManager : Event: ======'machine_var_audits_switches_s_trough6'====== Args={'value': 0, 'prev_value': None, 'change': True}
2025-01-17 09:56:00,023 : EventManager : Event: ======'machine_var_audits_switches_s_trough_jam'====== Args={'value': 0, 'prev_value': None, 'change': True}
2025-01-17 09:56:00,023 : EventManager : Event: ======'machine_var_audits_switches_s_upper_attack_bumper'====== Args={'value': 205, 'prev_value': None, 'change': True}
2025-01-17 09:56:00,023 : EventManager : Event: ======'machine_var_audits_switches_s_upper_left_rebound'====== Args={'value': 0, 'prev_value': None, 'change': True}
2025-01-17 09:56:00,023 : EventManager : Event: ======'machine_var_audits_switches_s_upper_right_rebound'====== Args={'value': 0, 'prev_value': None, 'change': True}
2025-01-17 09:56:00,024 : EventManager : Event: ======'machine_var_audits_switches_s_wormhole_target'====== Args={'value': 2, 'prev_value': None, 'change': True}
2025-01-17 09:56:00,024 : EventManager : Event: ======'machine_var_audits_switches_s_yellow_wormhole'====== Args={'value': 0, 'prev_value': None, 'change': True}
2025-01-17 09:56:00,050 : EventManager : Event: ======'slides_play'====== Args={'settings': {'welcome_slide': {'target': None, 'background_color': [0.0, 0.0, 0.0, 1.0], 'priority': None, 'show': True, 'force': False, 'expire': None, 'slide': None, 'tokens': {}, 'action': 'play'}}, 'context': '_global', 'calling_context': 'init_done', 'priority': 0}
2025-01-17 09:56:00,050 : EventManager : Event: ======'mc_reset_phase_1'====== Args={}
2025-01-17 09:56:00,050 : EventManager : Event: ======'slide_welcome_slide_removed'====== Args={}
2025-01-17 09:56:00,052 : EventManager : Event: ======'slide_welcome_slide_created'====== Args={}
2025-01-17 09:56:00,052 : EventManager : Event: ======'mc_reset_phase_2'====== Args={}
2025-01-17 09:56:00,052 : EventManager : Event: ======'mc_reset_phase_3'====== Args={}
2025-01-17 09:56:00,052 : EventManager : Event: ======'mc_reset_complete'====== Args={}
2025-01-17 09:56:00,053 : EventManager : Event: ======'slide_welcome_slide_active'====== Args={}
2025-01-17 09:56:00,063 : EventManager : Event: ======'slides_play'====== Args={'settings': {'awesome_slide': {'widgets': [{'type': 'text', 'text': 'YOU ARE AWESOME', 'font_size': 50, '_default_settings': ['type', 'text', 'font_size'], 'x': None, 'y': None, 'anchor_x': 'center', 'anchor_y': 'center', 'round_anchor_x': None, 'round_anchor_y': None, 'opacity': 1.0, 'z': 0, 'reset_animations_events': {}, 'color': [1.0, 1.0, 1.0, 1.0], 'style': [], 'adjust_top': 0, 'adjust_bottom': 0, 'adjust_left': 0, 'adjust_right': 0, 'expire': None, 'key': None, 'widget': None, 'events_when_added': [], 'events_when_removed': [], 'bitmap_font': False, 'font_kerning': True, 'bold': False, 'italic': False, 'number_grouping': False, 'min_digits': 0, 'halign': 'center', 'valign': 'middle', 'rotation': 0, 'scale': 1.0, 'casing': None, 'outline_color': [1.0, 1.0, 1.0, 1.0], 'outline_width': 0, 'animations': None}], 'transition': {'type': 'push', 'duration': 1.0, 'direction': 'left', 'easing': 'out_quad'}, 'target': None, 'background_color': [0.0, 0.0, 0.0, 1.0], 'priority': None, 'show': True, 'force': False, 'expire': None, 'slide': None, 'tokens': {}, 'action': 'play'}}, 'context': 'show_2', 'calling_context': 0, 'priority': 10, 'show_tokens': {}, 'start_time': 3079919.953}
2025-01-17 09:56:00,066 : EventManager : Event: ======'slide_awesome_slide_created'====== Args={}
2025-01-17 09:56:00,067 : EventManager : Event: ======'slide_awesome_slide_active'====== Args={}
2025-01-17 09:56:03,060 : EventManager : Event: ======'slides_play'====== Args={'settings': {'press_start': {'widgets': [{'type': 'Text', 'text': 'PRESS START', 'animations': {'pre_show_slide': [{'property': ['opacity'], 'value': ['0'], 'duration': 0.5, 'relative': False, 'timing': 'after_previous', 'repeat': False, 'easing': 'linear', 'step': 0.0}, {'property': ['opacity'], 'value': ['1'], 'duration': 0.5, 'repeat': False, 'relative': False, 'timing': 'after_previous', 'easing': 'linear', 'step': 0.0}]}, '_default_settings': ['type', 'text', 'animations'], 'x': None, 'y': None, 'anchor_x': 'center', 'anchor_y': 'center', 'round_anchor_x': None, 'round_anchor_y': None, 'opacity': 1.0, 'z': 0, 'reset_animations_events': {}, 'color': [1.0, 1.0, 1.0, 1.0], 'style': [], 'adjust_top': 0, 'adjust_bottom': 0, 'adjust_left': 0, 'adjust_right': 0, 'expire': None, 'key': None, 'widget': None, 'events_when_added': [], 'events_when_removed': [], 'font_size': 15, 'bitmap_font': False, 'font_kerning': True, 'bold': False, 'italic': False, 'number_grouping': False, 'min_digits': 0, 'halign': 'center', 'valign': 'middle', 'rotation': 0, 'scale': 1.0, 'casing': None, 'outline_color': [1.0, 1.0, 1.0, 1.0], 'outline_width': 0}, {'type': 'Text', 'text': 'FREE PLAY', 'color': [0.0, 0.5019607843137255, 0.0, 1], 'y': '10', 'anchor_y': 'bottom', '_default_settings': ['type', 'text', 'color', 'y', 'anchor_y'], 'x': None, 'anchor_x': 'center', 'round_anchor_x': None, 'round_anchor_y': None, 'opacity': 1.0, 'z': 0, 'reset_animations_events': {}, 'style': [], 'adjust_top': 0, 'adjust_bottom': 0, 'adjust_left': 0, 'adjust_right': 0, 'expire': None, 'key': None, 'widget': None, 'events_when_added': [], 'events_when_removed': [], 'font_size': 15, 'bitmap_font': False, 'font_kerning': True, 'bold': False, 'italic': False, 'number_grouping': False, 'min_digits': 0, 'halign': 'center', 'valign': 'middle', 'rotation': 0, 'scale': 1.0, 'casing': None, 'outline_color': [1.0, 1.0, 1.0, 1.0], 'outline_width': 0, 'animations': None}], 'transition': {'type': 'move_in', 'duration': 1.0, 'direction': 'right', 'easing': 'out_quad'}, 'target': None, 'background_color': [0.0, 0.0, 0.0, 1.0], 'priority': None, 'show': True, 'force': False, 'expire': None, 'slide': None, 'tokens': {}, 'action': 'play'}}, 'context': 'show_2', 'calling_context': 1, 'priority': 10, 'show_tokens': {}, 'start_time': 3079922.953}
2025-01-17 09:56:03,065 : EventManager : Event: ======'slide_press_start_created'====== Args={}
2025-01-17 09:56:03,067 : EventManager : Event: ======'slide_press_start_active'====== Args={}
2025-01-17 09:56:06,067 : EventManager : Event: ======'slides_play'====== Args={'settings': {'mission_pinball': {'widgets': [{'type': 'Text', 'text': 'MISSION PINBALL', 'color': [1.0, 0.0, 0.0, 1], '_default_settings': ['type', 'text', 'color'], 'x': None, 'y': None, 'anchor_x': 'center', 'anchor_y': 'center', 'round_anchor_x': None, 'round_anchor_y': None, 'opacity': 1.0, 'z': 0, 'reset_animations_events': {}, 'style': [], 'adjust_top': 0, 'adjust_bottom': 0, 'adjust_left': 0, 'adjust_right': 0, 'expire': None, 'key': None, 'widget': None, 'events_when_added': [], 'events_when_removed': [], 'font_size': 15, 'bitmap_font': False, 'font_kerning': True, 'bold': False, 'italic': False, 'number_grouping': False, 'min_digits': 0, 'halign': 'center', 'valign': 'middle', 'rotation': 0, 'scale': 1.0, 'casing': None, 'outline_color': [1.0, 1.0, 1.0, 1.0], 'outline_width': 0, 'animations': None}], 'transition': {'type': 'move_in', 'duration': 1.0, 'direction': 'top', 'easing': 'out_quad'}, 'target': None, 'background_color': [0.0, 0.0, 0.0, 1.0], 'priority': None, 'show': True, 'force': False, 'expire': None, 'slide': None, 'tokens': {}, 'action': 'play'}}, 'context': 'show_2', 'calling_context': 2, 'priority': 10, 'show_tokens': {}, 'start_time': 3079925.953}
2025-01-17 09:56:06,069 : EventManager : Event: ======'slide_mission_pinball_created'====== Args={}
2025-01-17 09:56:06,069 : EventManager : Event: ======'slide_mission_pinball_active'====== Args={}
2025-01-17 09:56:09,064 : EventManager : Event: ======'slides_play'====== Args={'settings': {'last_game_score_slide': {'widgets': [{'type': 'text', 'text': 'LAST GAME', 'font_size': 50, 'y': '60%', '_default_settings': ['type', 'text', 'font_size', 'y'], 'x': None, 'anchor_x': 'center', 'anchor_y': 'center', 'round_anchor_x': None, 'round_anchor_y': None, 'opacity': 1.0, 'z': 0, 'reset_animations_events': {}, 'color': [1.0, 1.0, 1.0, 1.0], 'style': [], 'adjust_top': 0, 'adjust_bottom': 0, 'adjust_left': 0, 'adjust_right': 0, 'expire': None, 'key': None, 'widget': None, 'events_when_added': [], 'events_when_removed': [], 'bitmap_font': False, 'font_kerning': True, 'bold': False, 'italic': False, 'number_grouping': False, 'min_digits': 0, 'halign': 'center', 'valign': 'middle', 'rotation': 0, 'scale': 1.0, 'casing': None, 'outline_color': [1.0, 1.0, 1.0, 1.0], 'outline_width': 0, 'animations': None}, {'type': 'text', 'text': '(machine|player1_score)', 'number_grouping': True, 'min_digits': 2, 'font_size': 50, 'y': '40%', '_default_settings': ['type', 'text', 'number_grouping', 'min_digits', 'font_size', 'y'], 'x': None, 'anchor_x': 'center', 'anchor_y': 'center', 'round_anchor_x': None, 'round_anchor_y': None, 'opacity': 1.0, 'z': 0, 'reset_animations_events': {}, 'color': [1.0, 1.0, 1.0, 1.0], 'style': [], 'adjust_top': 0, 'adjust_bottom': 0, 'adjust_left': 0, 'adjust_right': 0, 'expire': None, 'key': None, 'widget': None, 'events_when_added': [], 'events_when_removed': [], 'bitmap_font': False, 'font_kerning': True, 'bold': False, 'italic': False, 'halign': 'center', 'valign': 'middle', 'rotation': 0, 'scale': 1.0, 'casing': None, 'outline_color': [1.0, 1.0, 1.0, 1.0], 'outline_width': 0, 'animations': None}], 'target': None, 'background_color': [0.0, 0.0, 0.0, 1.0], 'priority': None, 'show': True, 'force': False, 'expire': None, 'slide': None, 'tokens': {}, 'action': 'play'}}, 'context': 'show_2', 'calling_context': 3, 'priority': 10, 'show_tokens': {}, 'start_time': 3079928.953}
2025-01-17 09:56:09,068 : EventManager : Event: ======'slide_last_game_score_slide_created'====== Args={}
2025-01-17 09:56:09,068 : EventManager : Unordered handler for class <Text Widget text=1,500> on event machine_var_player1_score with priority 1. Handlers: [RegisteredHandler(callback=<bound method Text._machine_var_change of <Text Widget text=1,500>>, priority=1, kwargs={}, key=UUID('f8438c4a-a43d-4b0c-b1c9-8cc0bd446dca'), condition=None, blocking_facility=None), RegisteredHandler(callback=<bound method Text._machine_var_change of <Text Widget text=1,500>>, priority=1, kwargs={}, key=UUID('ab191852-3334-4cf9-b6db-7e707bce7b16'), condition=None, blocking_facility=None)]. The order of those handlers is not defined and they will be executed in random order. This might lead to race conditions and potential bugs.
2025-01-17 09:56:09,069 : EventManager : Event: ======'slide_last_game_score_slide_active'====== Args={}
2025-01-17 09:56:09,212 : EventManager : Event: ======'game_started'====== Args={}
2025-01-17 09:56:09,212 : EventManager : Event: ======'slides_clear'====== Args={'context': 'show_2'}
2025-01-17 09:56:09,212 : EventManager : Event: ======'player_added'====== Args={'player': <Player 1>, 'num': 1}
2025-01-17 09:56:09,212 : EventManager : Event: ======'player_index'====== Args={'value': 0, 'prev_value': 0, 'change': 0, 'player_num': 1}
2025-01-17 09:56:09,212 : EventManager : Event: ======'player_number'====== Args={'value': 1, 'prev_value': 1, 'change': 0, 'player_num': 1}
2025-01-17 09:56:09,212 : EventManager : Event: ======'player_score'====== Args={'value': 0, 'prev_value': 0, 'change': 0, 'player_num': 1}
2025-01-17 09:56:09,212 : EventManager : Event: ======'slide_awesome_slide_removed'====== Args={}
2025-01-17 09:56:09,213 : EventManager : Event: ======'slide_press_start_removed'====== Args={}
2025-01-17 09:56:09,213 : EventManager : Event: ======'slide_mission_pinball_removed'====== Args={}
2025-01-17 09:56:09,213 : EventManager : Event: ======'slide_last_game_score_slide_removed'====== Args={}
2025-01-17 09:56:09,213 : EventManager : Event: ======'slide_welcome_slide_active'====== Args={}
2025-01-17 09:56:09,237 : EventManager : Event: ======'player_ball'====== Args={'value': 1, 'prev_value': 0, 'change': 1, 'player_num': 1}
2025-01-17 09:56:09,237 : EventManager : Event: ======'player_turn_start'====== Args={'number': 1, 'player': <Player 1>}
2025-01-17 09:56:09,237 : EventManager : Event: ======'slides_play'====== Args={'settings': {'widgets': {'widgets': [{'type': 'text', 'text': '(score)', 'number_grouping': True, 'min_digits': 2, 'font_size': 100, '_default_settings': ['type', 'text', 'number_grouping', 'min_digits', 'font_size'], 'x': None, 'y': None, 'anchor_x': 'center', 'anchor_y': 'center', 'round_anchor_x': None, 'round_anchor_y': None, 'opacity': 1.0, 'z': 0, 'reset_animations_events': {}, 'color': [1.0, 1.0, 1.0, 1.0], 'style': [], 'adjust_top': 0, 'adjust_bottom': 0, 'adjust_left': 0, 'adjust_right': 0, 'expire': None, 'key': None, 'widget': None, 'events_when_added': [], 'events_when_removed': [], 'bitmap_font': False, 'font_kerning': True, 'bold': False, 'italic': False, 'halign': 'center', 'valign': 'middle', 'rotation': 0, 'scale': 1.0, 'casing': None, 'outline_color': [1.0, 1.0, 1.0, 1.0], 'outline_width': 0, 'animations': None}, {'type': 'text', 'text': 'PLAYER (number)', 'y': '10', 'x': '10', 'font_size': 50, 'anchor_x': 'left', 'anchor_y': 'bottom', '_default_settings': ['type', 'text', 'y', 'x', 'font_size', 'anchor_x', 'anchor_y'], 'round_anchor_x': None, 'round_anchor_y': None, 'opacity': 1.0, 'z': 0, 'reset_animations_events': {}, 'color': [1.0, 1.0, 1.0, 1.0], 'style': [], 'adjust_top': 0, 'adjust_bottom': 0, 'adjust_left': 0, 'adjust_right': 0, 'expire': None, 'key': None, 'widget': None, 'events_when_added': [], 'events_when_removed': [], 'bitmap_font': False, 'font_kerning': True, 'bold': False, 'italic': False, 'number_grouping': False, 'min_digits': 0, 'halign': 'center', 'valign': 'middle', 'rotation': 0, 'scale': 1.0, 'casing': None, 'outline_color': [1.0, 1.0, 1.0, 1.0], 'outline_width': 0, 'animations': None}, {'type': 'text', 'text': 'BALL (ball)', 'y': '10', 'x': 'right-10', 'anchor_x': 'right', 'anchor_y': 'bottom', 'font_size': 50, '_default_settings': ['type', 'text', 'y', 'x', 'anchor_x', 'anchor_y', 'font_size'], 'round_anchor_x': None, 'round_anchor_y': None, 'opacity': 1.0, 'z': 0, 'reset_animations_events': {}, 'color': [1.0, 1.0, 1.0, 1.0], 'style': [], 'adjust_top': 0, 'adjust_bottom': 0, 'adjust_left': 0, 'adjust_right': 0, 'expire': None, 'key': None, 'widget': None, 'events_when_added': [], 'events_when_removed': [], 'bitmap_font': False, 'font_kerning': True, 'bold': False, 'italic': False, 'number_grouping': False, 'min_digits': 0, 'halign': 'center', 'valign': 'middle', 'rotation': 0, 'scale': 1.0, 'casing': None, 'outline_color': [1.0, 1.0, 1.0, 1.0], 'outline_width': 0, 'animations': None}], 'target': None, 'background_color': [0.0, 0.0, 0.0, 1.0], 'priority': None, 'show': True, 'force': False, 'expire': None, 'slide': None, 'tokens': {}, 'action': 'play'}}, 'context': 'base', 'calling_context': 'mode_base_started', 'priority': 100, 'queue': '<QueuedEvent>', 'player': 1, 'ball': 1, 'balls_remaining': 2, 'is_extra_ball': False}
2025-01-17 09:56:09,237 : EventManager : Event: ======'player_shot_reentryL_shot_enabled'====== Args={'value': True, 'prev_value': 0, 'change': 1, 'player_num': 1}
2025-01-17 09:56:09,237 : EventManager : Event: ======'player_shot_reentryM_shot_enabled'====== Args={'value': True, 'prev_value': 0, 'change': 1, 'player_num': 1}
2025-01-17 09:56:09,237 : EventManager : Event: ======'player_shot_reentryR_shot_enabled'====== Args={'value': True, 'prev_value': 0, 'change': 1, 'player_num': 1}
2025-01-17 09:56:09,237 : EventManager : Event: ======'player_shot_returnLaneL_shot_enabled'====== Args={'value': True, 'prev_value': 0, 'change': 1, 'player_num': 1}
2025-01-17 09:56:09,237 : EventManager : Event: ======'player_shot_bonusLane_shot_enabled'====== Args={'value': True, 'prev_value': 0, 'change': 1, 'player_num': 1}
2025-01-17 09:56:09,237 : EventManager : Event: ======'player_shot_outLaneL_shot_enabled'====== Args={'value': True, 'prev_value': 0, 'change': 1, 'player_num': 1}
2025-01-17 09:56:09,238 : EventManager : Event: ======'player_shot_returnLaneR_shot_enabled'====== Args={'value': True, 'prev_value': 0, 'change': 1, 'player_num': 1}
2025-01-17 09:56:09,238 : EventManager : Event: ======'player_shot_outLaneR_shot_enabled'====== Args={'value': True, 'prev_value': 0, 'change': 1, 'player_num': 1}
2025-01-17 09:56:09,238 : EventManager : Event: ======'player_shot_spacewarp_rollover_shot_enabled'====== Args={'value': True, 'prev_value': 0, 'change': 1, 'player_num': 1}
2025-01-17 09:56:09,238 : EventManager : Event: ======'slides_play'====== Args={'settings': {'widgets': {'widgets': [{'type': 'text', 'text': 'PLAYER (number) BALL (ball)', '_default_settings': ['type', 'text'], 'x': None, 'y': None, 'anchor_x': 'center', 'anchor_y': 'center', 'round_anchor_x': None, 'round_anchor_y': None, 'opacity': 1.0, 'z': 0, 'reset_animations_events': {}, 'color': [1.0, 1.0, 1.0, 1.0], 'style': [], 'adjust_top': 0, 'adjust_bottom': 0, 'adjust_left': 0, 'adjust_right': 0, 'expire': None, 'key': None, 'widget': None, 'events_when_added': [], 'events_when_removed': [], 'font_size': 15, 'bitmap_font': False, 'font_kerning': True, 'bold': False, 'italic': False, 'number_grouping': False, 'min_digits': 0, 'halign': 'center', 'valign': 'middle', 'rotation': 0, 'scale': 1.0, 'casing': None, 'outline_color': [1.0, 1.0, 1.0, 1.0], 'outline_width': 0, 'animations': None}], 'target': None, 'background_color': [0.0, 0.0, 0.0, 1.0], 'priority': None, 'show': True, 'force': False, 'expire': None, 'slide': None, 'tokens': {}, 'action': 'play'}}, 'context': '_global', 'calling_context': 'ball_started', 'priority': 0, 'player': 1, 'ball': 1, 'balls_remaining': 2, 'is_extra_ball': False}
2025-01-17 09:56:09,243 : EventManager : Event: ======'slide_base.slide_player-mode_base_started_created'====== Args={}
2025-01-17 09:56:09,246 : EventManager : Event: ======'slide__global.slide_player-ball_started_created'====== Args={}
2025-01-17 09:56:09,247 : EventManager : Event: ======'slide_base.slide_player-mode_base_started_active'====== Args={}
2025-01-17 09:56:09,264 : EventManager : Event: ======'player_attack_bumper_count'====== Args={'value': 1, 'prev_value': 0, 'change': 1, 'player_num': 1}
2025-01-17 09:56:09,264 : EventManager : Event: ======'widgets_play'====== Args={'settings': {'reentry_start_banner': {'priority': 0, 'slide': None, 'action': 'add', 'key': None, 'target': None}}, 'context': 'reentry', 'calling_context': 'mode_reentry_started', 'priority': 200, 'player': 1, 'ball': 1, 'balls_remaining': 2, 'is_extra_ball': False}
2025-01-17 09:56:14,458 : EventManager : Event: ======'machine_var_audits_switches_s_lower_attack_bumper'====== Args={'value': 95, 'prev_value': 94, 'change': 1}
2025-01-17 09:56:14,870 : EventManager : Event: ======'machine_var_audits_switches_s_lower_attack_bumper'====== Args={'value': 96, 'prev_value': 95, 'change': 1}
2025-01-17 09:56:15,335 : EventManager : Event: ======'machine_var_audits_switches_s_lower_attack_bumper'====== Args={'value': 97, 'prev_value': 96, 'change': 1}
2025-01-17 09:56:15,657 : EventManager : Event: ======'machine_var_audits_switches_s_lower_attack_bumper'====== Args={'value': 98, 'prev_value': 97, 'change': 1}
2025-01-17 09:56:15,916 : EventManager : Event: ======'machine_var_audits_switches_s_lower_attack_bumper'====== Args={'value': 99, 'prev_value': 98, 'change': 1}
2025-01-17 09:56:16,122 : EventManager : Event: ======'machine_var_audits_switches_s_lower_attack_bumper'====== Args={'value': 100, 'prev_value': 99, 'change': 1}
2025-01-17 09:56:16,678 : EventManager : Event: ======'machine_var_audits_switches_s_lower_attack_bumper'====== Args={'value': 101, 'prev_value': 100, 'change': 1}
2025-01-17 09:56:16,895 : EventManager : Event: ======'machine_var_audits_switches_s_lower_attack_bumper'====== Args={'value': 102, 'prev_value': 101, 'change': 1}
2025-01-17 09:56:17,385 : EventManager : Event: ======'machine_var_audits_switches_s_lower_attack_bumper'====== Args={'value': 103, 'prev_value': 102, 'change': 1}
2025-01-17 09:56:17,785 : EventManager : Event: ======'machine_var_audits_switches_s_lower_attack_bumper'====== Args={'value': 104, 'prev_value': 103, 'change': 1}
2025-01-17 09:56:18,353 : EventManager : Event: ======'machine_var_audits_switches_s_lower_attack_bumper'====== Args={'value': 105, 'prev_value': 104, 'change': 1}
2025-01-17 09:56:18,661 : EventManager : Event: ======'machine_var_audits_switches_s_lower_attack_bumper'====== Args={'value': 106, 'prev_value': 105, 'change': 1}
2025-01-17 09:56:18,840 : EventManager : Event: ======'machine_var_audits_switches_s_lower_attack_bumper'====== Args={'value': 107, 'prev_value': 106, 'change': 1}
2025-01-17 09:56:19,562 : EventManager : Event: ======'machine_var_audits_switches_s_lower_attack_bumper'====== Args={'value': 108, 'prev_value': 107, 'change': 1}
2025-01-17 09:56:19,729 : EventManager : Event: ======'machine_var_audits_switches_s_lower_attack_bumper'====== Args={'value': 109, 'prev_value': 108, 'change': 1}
2025-01-17 09:56:19,959 : EventManager : Event: ======'machine_var_audits_switches_s_lower_attack_bumper'====== Args={'value': 110, 'prev_value': 109, 'change': 1}
2025-01-17 09:56:20,214 : EventManager : Event: ======'machine_var_audits_switches_s_lower_attack_bumper'====== Args={'value': 111, 'prev_value': 110, 'change': 1}
2025-01-17 09:56:20,457 : EventManager : Event: ======'machine_var_audits_switches_s_lower_attack_bumper'====== Args={'value': 112, 'prev_value': 111, 'change': 1}
2025-01-17 09:56:20,663 : EventManager : Event: ======'machine_var_audits_switches_s_lower_attack_bumper'====== Args={'value': 113, 'prev_value': 112, 'change': 1}
2025-01-17 09:56:20,997 : EventManager : Event: ======'machine_var_audits_switches_s_lower_attack_bumper'====== Args={'value': 114, 'prev_value': 113, 'change': 1}
2025-01-17 09:56:21,243 : EventManager : Event: ======'machine_var_audits_switches_s_lower_attack_bumper'====== Args={'value': 115, 'prev_value': 114, 'change': 1}
2025-01-17 09:56:21,656 : EventManager : Event: ======'machine_var_audits_switches_s_lower_attack_bumper'====== Args={'value': 116, 'prev_value': 115, 'change': 1}
2025-01-17 09:56:21,940 : EventManager : Event: ======'machine_var_audits_switches_s_lower_attack_bumper'====== Args={'value': 117, 'prev_value': 116, 'change': 1}
2025-01-17 09:56:22,233 : EventManager : Event: ======'machine_var_audits_switches_s_lower_attack_bumper'====== Args={'value': 118, 'prev_value': 117, 'change': 1}
2025-01-17 09:56:22,568 : EventManager : Event: ======'machine_var_audits_switches_s_lower_attack_bumper'====== Args={'value': 119, 'prev_value': 118, 'change': 1}
2025-01-17 09:56:22,850 : EventManager : Event: ======'machine_var_audits_switches_s_lower_attack_bumper'====== Args={'value': 120, 'prev_value': 119, 'change': 1}
2025-01-17 09:56:26,841 : EventManager : Event: ======'machine_var_audits_switches_s_lower_attack_bumper'====== Args={'value': 121, 'prev_value': 120, 'change': 1}
2025-01-17 09:56:27,936 : EventManager : Event: ======'machine_var_audits_switches_s_lower_attack_bumper'====== Args={'value': 122, 'prev_value': 121, 'change': 1}
2025-01-17 09:56:28,903 : EventManager : Event: ======'machine_var_audits_switches_s_lower_attack_bumper'====== Args={'value': 123, 'prev_value': 122, 'change': 1}
2025-01-17 09:56:29,481 : EventManager : Event: ======'machine_var_audits_switches_s_lower_attack_bumper'====== Args={'value': 124, 'prev_value': 123, 'change': 1}
2025-01-17 09:56:30,510 : EventManager : Event: ======'machine_var_audits_switches_s_lower_attack_bumper'====== Args={'value': 125, 'prev_value': 124, 'change': 1}
2025-01-17 09:56:30,909 : EventManager : Event: ======'machine_var_audits_switches_s_lower_attack_bumper'====== Args={'value': 126, 'prev_value': 125, 'change': 1}
2025-01-17 09:56:31,217 : EventManager : Event: ======'machine_var_audits_switches_s_lower_attack_bumper'====== Args={'value': 127, 'prev_value': 126, 'change': 1}
2025-01-17 09:56:31,486 : EventManager : Event: ======'machine_var_audits_switches_s_lower_attack_bumper'====== Args={'value': 128, 'prev_value': 127, 'change': 1}
2025-01-17 09:56:31,756 : EventManager : Event: ======'machine_var_audits_switches_s_lower_attack_bumper'====== Args={'value': 129, 'prev_value': 128, 'change': 1}
2025-01-17 09:56:33,254 : EventManager : Event: ======'machine_var_audits_switches_s_lower_attack_bumper'====== Args={'value': 130, 'prev_value': 129, 'change': 1}
2025-01-17 09:56:35,254 : EventManager : Event: ======'machine_var_audits_switches_s_lower_attack_bumper'====== Args={'value': 131, 'prev_value': 130, 'change': 1}
2025-01-17 09:56:35,563 : EventManager : Event: ======'machine_var_audits_switches_s_lower_attack_bumper'====== Args={'value': 132, 'prev_value': 131, 'change': 1}
2025-01-17 09:57:09,591 : kivy : Base: Leaving application in progress...
2025-01-17 09:57:09,595 : mpfmc : Stopping...
2025-01-17 09:57:09,595 : EventManager : Event: ======'shutdown'====== Args={}
2025-01-17 09:57:09,595 : AudioInterface : Disabling audio playback
2025-01-17 09:57:09,757 : mpfmc : Loop rate 76.75 Hz
