2025-01-13 20:15:45,831 : INFO : root : Loading config.
2025-01-13 20:15:45,880 : INFO : ConfigProcessor : Config spec file cache created: C:\Users\student\AppData\Local\Temp\config_spec.mpf_cache
2025-01-13 20:15:45,880 : INFO : YamlMultifileConfigLoader : Machine config file #1: config.yaml
2025-01-13 20:15:45,880 : INFO : ConfigProcessor : Loading config from file C:\Users\student\mpfenv3\Lib\site-packages\mpf\mpfconfig.yaml.
2025-01-13 20:15:45,890 : INFO : ConfigProcessor : Loading config: C:\Users\student\mpfenv3\Lib\site-packages\mpf\mpfconfig.yaml
2025-01-13 20:15:45,891 : INFO : ConfigProcessor : Loading config from file C:\Users\student\pinball\cobraPinTest1\config\config.yaml.
2025-01-13 20:15:45,897 : INFO : ConfigProcessor : Loading config: C:\Users\student\pinball\cobraPinTest1\config\config.yaml
2025-01-13 20:15:45,899 : INFO : ConfigProcessor : Config file cache created: C:\Users\student\AppData\Local\Temp\a20d2796aecf24feaad48747be24652a.mpf_cache
2025-01-13 20:15:45,986 : INFO : ConfigProcessor : Loading config from file C:\Users\student\mpfenv3\Lib\site-packages\mpf\modes\attract\config\attract.yaml.
2025-01-13 20:15:45,987 : INFO : ConfigProcessor : Loading config: C:\Users\student\mpfenv3\Lib\site-packages\mpf\modes\attract\config\attract.yaml
2025-01-13 20:15:45,987 : INFO : ConfigProcessor : Loading config from file C:\Users\student\pinball\cobraPinTest1\modes\attract\config\attract.yaml.
2025-01-13 20:15:45,988 : INFO : ConfigProcessor : Loading config: C:\Users\student\pinball\cobraPinTest1\modes\attract\config\attract.yaml
2025-01-13 20:15:45,988 : INFO : ConfigProcessor : Config file cache created: C:\Users\student\AppData\Local\Temp\0196918bccd620e51d3c4d2630650aa0.mpf_cache
2025-01-13 20:15:45,989 : INFO : ConfigProcessor : Loading config from file C:\Users\student\mpfenv3\Lib\site-packages\mpf\modes\game\config\game.yaml.
2025-01-13 20:15:45,989 : INFO : ConfigProcessor : Loading config: C:\Users\student\mpfenv3\Lib\site-packages\mpf\modes\game\config\game.yaml
2025-01-13 20:15:45,990 : INFO : ConfigProcessor : Config file cache created: C:\Users\student\AppData\Local\Temp\511dcc6b491b0fa2d7aa9abdf6497e9c.mpf_cache
2025-01-13 20:15:45,990 : INFO : ConfigProcessor : Loading config from file C:\Users\student\pinball\cobraPinTest1\modes\base\config\base.yaml.
2025-01-13 20:15:45,991 : INFO : ConfigProcessor : Loading config: C:\Users\student\pinball\cobraPinTest1\modes\base\config\base.yaml
2025-01-13 20:15:45,992 : INFO : ConfigProcessor : Config file cache created: C:\Users\student\AppData\Local\Temp\4675a535c8328a9c278c807d999ed109.mpf_cache
2025-01-13 20:15:45,992 : INFO : ConfigProcessor : Loading config from file C:\Users\student\pinball\cobraPinTest1\modes\reentry\config\reentry.yaml.
2025-01-13 20:15:45,994 : INFO : ConfigProcessor : Loading config: C:\Users\student\pinball\cobraPinTest1\modes\reentry\config\reentry.yaml
2025-01-13 20:15:45,995 : INFO : ConfigProcessor : Config file cache created: C:\Users\student\AppData\Local\Temp\0c8438cab3480347c0c749fa494946a2.mpf_cache
2025-01-13 20:15:45,995 : INFO : ConfigProcessor : Loading config from file C:\Users\student\pinball\cobraPinTest1\modes\lowerlanes\config\lowerlanes.yaml.
2025-01-13 20:15:45,997 : INFO : ConfigProcessor : Loading config: C:\Users\student\pinball\cobraPinTest1\modes\lowerlanes\config\lowerlanes.yaml
2025-01-13 20:15:45,998 : INFO : ConfigProcessor : Config file cache created: C:\Users\student\AppData\Local\Temp\5052615755bdf1309b248cf8695ad4ff.mpf_cache
2025-01-13 20:15:45,998 : INFO : ConfigProcessor : Loading config from file C:\Users\student\pinball\cobraPinTest1\modes\attract\shows\.\attract_display_loop.yaml.
2025-01-13 20:15:46,000 : INFO : ConfigProcessor : Loading config: C:\Users\student\pinball\cobraPinTest1\modes\attract\shows\.\attract_display_loop.yaml
2025-01-13 20:15:46,000 : INFO : ConfigProcessor : Config file cache created: C:\Users\student\AppData\Local\Temp\f8d2c2cf3ea01f085365ea23fa51a701.mpf_cache
2025-01-13 20:15:46,001 : INFO : ConfigProcessor : Loading config from file C:\Users\student\pinball\cobraPinTest1\modes\attract\shows\.\attract_light_show.yaml.
2025-01-13 20:15:46,003 : INFO : ConfigProcessor : Loading config: C:\Users\student\pinball\cobraPinTest1\modes\attract\shows\.\attract_light_show.yaml
2025-01-13 20:15:46,004 : INFO : ConfigProcessor : Config file cache created: C:\Users\student\AppData\Local\Temp\30bd992f4b62a9b099207aebeb59554c.mpf_cache
2025-01-13 20:15:46,004 : INFO : Machine : Mission Pinball Framework Core Engine v0.57.3
2025-01-13 20:15:46,004 : INFO : Machine : Command line arguments: {'no_load_cache': True, 'create_config_cache': True, 'bcp': True, 'configfile': ['config.yaml'], 'force_assets_load': False, 'platform_integration_test': False, 'jsonlogging': False, 'logfile': 'logs\\2025-01-13-20-15-45-mpf-DESKTOP-0JH7ARL.log', 'pause': False, 'production': False, 'text_ui': True, 'loglevel': 15, 'consoleloglevel': 20, 'force_platform': None, 'syslog_address': None, 'mc_file_name': None, 'no_sound': False}
2025-01-13 20:15:46,004 : INFO : Machine : MPF path: C:\Users\student\mpfenv3\Lib\site-packages\mpf
2025-01-13 20:15:46,005 : INFO : Machine : Machine path: C:\Users\student\pinball\cobraPinTest1
2025-01-13 20:15:46,005 : INFO : Machine : Platform: win32
2025-01-13 20:15:46,005 : INFO : Machine : Python executable location: C:\Users\student\mpfenv3\Scripts\python.exe
2025-01-13 20:15:46,005 : INFO : Machine : Python version: 3.11.8 (64-bit)
2025-01-13 20:15:46,006 : INFO : Machine : Initializing MPF...
2025-01-13 20:15:46,326 : INFO : OPP : Connecting to com4 at 115200bps
2025-01-13 20:15:46,493 : INFO : OPP : Init of OPP board 0 done
2025-01-13 20:15:46,493 : INFO : OPP : Connecting to com5 at 115200bps
2025-01-13 20:15:46,587 : INFO : OPP : Init of OPP board 1 done
2025-01-13 20:15:46,588 : INFO : EventManager : Event: ======'machine_var_credits_string'====== Args={'value': 'FREE PLAY', 'prev_value': None, 'change': True}
2025-01-13 20:15:46,642 : INFO : EventManager : Event: ======'machine_var_master_volume'====== Args={'value': 0.5, 'prev_value': None, 'change': True}
2025-01-13 20:15:46,642 : INFO : EventManager : Event: ======'machine_var_player1_score'====== Args={'value': 1500, 'prev_value': None, 'change': True}
2025-01-13 20:15:46,642 : INFO : EventManager : Event: ======'machine_var_mpf_version'====== Args={'value': 'Mission Pinball Framework v0.57.3', 'prev_value': None, 'change': True}
2025-01-13 20:15:46,642 : INFO : EventManager : Event: ======'machine_var_mpf_extended_version'====== Args={'value': 'Mission Pinball Framework v0.57.3, Config version:6, Show version: 6, BCP version:1.1', 'prev_value': None, 'change': True}
2025-01-13 20:15:46,642 : INFO : EventManager : Event: ======'machine_var_python_version'====== Args={'value': '3.11.8', 'prev_value': None, 'change': True}
2025-01-13 20:15:46,651 : INFO : EventManager : Event: ======'machine_var_platform'====== Args={'value': 'Windows-10-10.0.19045-SP0', 'prev_value': None, 'change': True}
2025-01-13 20:15:46,651 : INFO : EventManager : Event: ======'machine_var_platform_system'====== Args={'value': 'Windows', 'prev_value': None, 'change': True}
2025-01-13 20:15:46,651 : INFO : EventManager : Event: ======'machine_var_platform_release'====== Args={'value': '10', 'prev_value': None, 'change': True}
2025-01-13 20:15:46,652 : INFO : EventManager : Event: ======'machine_var_platform_version'====== Args={'value': '10.0.19045', 'prev_value': None, 'change': True}
2025-01-13 20:15:46,652 : INFO : EventManager : Event: ======'machine_var_platform_machine'====== Args={'value': 'AMD64', 'prev_value': None, 'change': True}
2025-01-13 20:15:46,652 : INFO : EventManager : Event: ======'init_phase_1'====== Args={}
2025-01-13 20:15:46,695 : INFO : EventManager : Event: ======'init_phase_2'====== Args={}
2025-01-13 20:15:46,695 : INFO : SwitchController : Found active switch: ('0-0-8', <Platform.OPP>) <switch.s_trough1>
2025-01-13 20:15:46,699 : INFO : EventManager : Event: ======'bcp_connection_attempt'====== Args={'name': 'local_display', 'host': 'localhost', 'port': 5050}
2025-01-13 20:15:46,700 : INFO : BCPClientSocket : Connecting BCP to 'local_display' at localhost:5050...
2025-01-13 20:15:48,753 : INFO : BCPClientSocket : Connected BCP to 'local_display' localhost:5050
2025-01-13 20:15:48,754 : INFO : EventManager : Event: ======'bcp_clients_connected'====== Args={}
2025-01-13 20:15:49,010 : INFO : EventManager : Event: ======'machine_var_mc_version'====== Args={'value': 'MPF-MC v0.57.1', 'prev_value': None, 'change': True}
2025-01-13 20:15:49,011 : INFO : EventManager : Event: ======'machine_var_mc_extended_version'====== Args={'value': 'MPF-MC v0.57.1 (config_version=6, BCP v1.1,                      Requires MPF API compatibility v0.57.0 or newer)', 'prev_value': None, 'change': True}
2025-01-13 20:15:49,012 : INFO : ball_device.bd_trough : BCH: Initial count: 1
2025-01-13 20:15:49,052 : INFO : ball_device.bd_trough : State: idle
2025-01-13 20:15:49,070 : INFO : ball_device.bd_plunger : BCH: Initial count: 0
2025-01-13 20:15:49,070 : INFO : ball_device.bd_plunger : State: idle
2025-01-13 20:15:49,080 : INFO : EventManager : Event: ======'init_phase_3'====== Args={}
2025-01-13 20:15:49,085 : INFO : EventManager : Event: ======'init_phase_4'====== Args={}
2025-01-13 20:15:49,085 : INFO : BallController : Initial balls found: 1
2025-01-13 20:15:49,087 : INFO : EventManager : Event: ======'machine_var_audits_events_game_ended'====== Args={'value': 0, 'prev_value': None, 'change': True}
2025-01-13 20:15:49,087 : INFO : EventManager : Event: ======'machine_var_audits_events_game_started'====== Args={'value': 16, 'prev_value': None, 'change': True}
2025-01-13 20:15:49,088 : INFO : EventManager : Event: ======'machine_var_audits_missing_switches_s_bonus_lane'====== Args={'value': 2, 'prev_value': None, 'change': True}
2025-01-13 20:15:49,088 : INFO : EventManager : Event: ======'machine_var_audits_missing_switches_s_left_flipper'====== Args={'value': 1, 'prev_value': None, 'change': True}
2025-01-13 20:15:49,088 : INFO : EventManager : Event: ======'machine_var_audits_missing_switches_s_left_out_lane'====== Args={'value': 1, 'prev_value': None, 'change': True}
2025-01-13 20:15:49,088 : INFO : EventManager : Event: ======'machine_var_audits_missing_switches_s_left_return_lane'====== Args={'value': 1, 'prev_value': None, 'change': True}
2025-01-13 20:15:49,089 : INFO : EventManager : Event: ======'machine_var_audits_missing_switches_s_lower_left_slingshot'====== Args={'value': 1, 'prev_value': None, 'change': True}
2025-01-13 20:15:49,089 : INFO : EventManager : Event: ======'machine_var_audits_missing_switches_s_lower_right_slingshot'====== Args={'value': 1, 'prev_value': None, 'change': True}
2025-01-13 20:15:49,089 : INFO : EventManager : Event: ======'machine_var_audits_missing_switches_s_plunger'====== Args={'value': 14, 'prev_value': None, 'change': True}
2025-01-13 20:15:49,089 : INFO : EventManager : Event: ======'machine_var_audits_missing_switches_s_right_flipper'====== Args={'value': 1, 'prev_value': None, 'change': True}
2025-01-13 20:15:49,089 : INFO : EventManager : Event: ======'machine_var_audits_missing_switches_s_right_out_lane'====== Args={'value': 2, 'prev_value': None, 'change': True}
2025-01-13 20:15:49,089 : INFO : EventManager : Event: ======'machine_var_audits_missing_switches_s_right_return_lane'====== Args={'value': 2, 'prev_value': None, 'change': True}
2025-01-13 20:15:49,089 : INFO : EventManager : Event: ======'machine_var_audits_missing_switches_s_spacewarp_rollover'====== Args={'value': 5, 'prev_value': None, 'change': True}
2025-01-13 20:15:49,090 : INFO : EventManager : Event: ======'machine_var_audits_missing_switches_s_start'====== Args={'value': 15, 'prev_value': None, 'change': True}
2025-01-13 20:15:49,090 : INFO : EventManager : Event: ======'machine_var_audits_missing_switches_s_trough1'====== Args={'value': 15, 'prev_value': None, 'change': True}
2025-01-13 20:15:49,090 : INFO : EventManager : Event: ======'machine_var_audits_player_score'====== Args={'value': {'average': 1800.0, 'top': [2000, 1900, 1500], 'total': 3}, 'prev_value': None, 'change': True}
2025-01-13 20:15:49,090 : INFO : EventManager : Event: ======'machine_var_audits_shots_bonusLane_shot'====== Args={'value': 54, 'prev_value': None, 'change': True}
2025-01-13 20:15:49,090 : INFO : EventManager : Event: ======'machine_var_audits_shots_medalL_shot'====== Args={'value': 174, 'prev_value': None, 'change': True}
2025-01-13 20:15:49,090 : INFO : EventManager : Event: ======'machine_var_audits_shots_medalM_shot'====== Args={'value': 166, 'prev_value': None, 'change': True}
2025-01-13 20:15:49,090 : INFO : EventManager : Event: ======'machine_var_audits_shots_medalR_shot'====== Args={'value': 165, 'prev_value': None, 'change': True}
2025-01-13 20:15:49,090 : INFO : EventManager : Event: ======'machine_var_audits_shots_my_first_shot'====== Args={'value': 119, 'prev_value': None, 'change': True}
2025-01-13 20:15:49,090 : INFO : EventManager : Event: ======'machine_var_audits_shots_my_first_shot_mode2'====== Args={'value': 72, 'prev_value': None, 'change': True}
2025-01-13 20:15:49,091 : INFO : EventManager : Event: ======'machine_var_audits_shots_outLaneL_shot'====== Args={'value': 17, 'prev_value': None, 'change': True}
2025-01-13 20:15:49,091 : INFO : EventManager : Event: ======'machine_var_audits_shots_outLaneR_shot'====== Args={'value': 64, 'prev_value': None, 'change': True}
2025-01-13 20:15:49,091 : INFO : EventManager : Event: ======'machine_var_audits_shots_reentryL_shot'====== Args={'value': 516, 'prev_value': None, 'change': True}
2025-01-13 20:15:49,091 : INFO : EventManager : Event: ======'machine_var_audits_shots_reentryM_shot'====== Args={'value': 475, 'prev_value': None, 'change': True}
2025-01-13 20:15:49,091 : INFO : EventManager : Event: ======'machine_var_audits_shots_reentryR_shot'====== Args={'value': 460, 'prev_value': None, 'change': True}
2025-01-13 20:15:49,091 : INFO : EventManager : Event: ======'machine_var_audits_shots_reentry_shot'====== Args={'value': 9, 'prev_value': None, 'change': True}
2025-01-13 20:15:49,091 : INFO : EventManager : Event: ======'machine_var_audits_shots_returnLaneL_shot'====== Args={'value': 167, 'prev_value': None, 'change': True}
2025-01-13 20:15:49,091 : INFO : EventManager : Event: ======'machine_var_audits_shots_returnLaneR_shot'====== Args={'value': 112, 'prev_value': None, 'change': True}
2025-01-13 20:15:49,091 : INFO : EventManager : Event: ======'machine_var_audits_shots_spacewarp_rollover_shot'====== Args={'value': 38, 'prev_value': None, 'change': True}
2025-01-13 20:15:49,092 : INFO : EventManager : Event: ======'machine_var_audits_shots_top_lane_A'====== Args={'value': 12, 'prev_value': None, 'change': True}
2025-01-13 20:15:49,092 : INFO : EventManager : Event: ======'machine_var_audits_shots_top_lane_J'====== Args={'value': 12, 'prev_value': None, 'change': True}
2025-01-13 20:15:49,092 : INFO : EventManager : Event: ======'machine_var_audits_shots_top_lane_M'====== Args={'value': 9, 'prev_value': None, 'change': True}
2025-01-13 20:15:49,092 : INFO : EventManager : Event: ======'machine_var_audits_switches_s_blackhole_kicker'====== Args={'value': 0, 'prev_value': None, 'change': True}
2025-01-13 20:15:49,092 : INFO : EventManager : Event: ======'machine_var_audits_switches_s_bonus_lane'====== Args={'value': 67, 'prev_value': None, 'change': True}
2025-01-13 20:15:49,092 : INFO : EventManager : Event: ======'machine_var_audits_switches_s_booster_drop_target_1'====== Args={'value': 0, 'prev_value': None, 'change': True}
2025-01-13 20:15:49,092 : INFO : EventManager : Event: ======'machine_var_audits_switches_s_booster_drop_target_2'====== Args={'value': 0, 'prev_value': None, 'change': True}
2025-01-13 20:15:49,092 : INFO : EventManager : Event: ======'machine_var_audits_switches_s_booster_drop_target_3'====== Args={'value': 0, 'prev_value': None, 'change': True}
2025-01-13 20:15:49,093 : INFO : EventManager : Event: ======'machine_var_audits_switches_s_comet_spot_1'====== Args={'value': 0, 'prev_value': None, 'change': True}
2025-01-13 20:15:49,093 : INFO : EventManager : Event: ======'machine_var_audits_switches_s_comet_spot_2'====== Args={'value': 0, 'prev_value': None, 'change': True}
2025-01-13 20:15:49,093 : INFO : EventManager : Event: ======'machine_var_audits_switches_s_comet_spot_3'====== Args={'value': 0, 'prev_value': None, 'change': True}
2025-01-13 20:15:49,093 : INFO : EventManager : Event: ======'machine_var_audits_switches_s_engine_bumper_1'====== Args={'value': 0, 'prev_value': None, 'change': True}
2025-01-13 20:15:49,093 : INFO : EventManager : Event: ======'machine_var_audits_switches_s_engine_bumper_2'====== Args={'value': 0, 'prev_value': None, 'change': True}
2025-01-13 20:15:49,093 : INFO : EventManager : Event: ======'machine_var_audits_switches_s_engine_bumper_3'====== Args={'value': 0, 'prev_value': None, 'change': True}
2025-01-13 20:15:49,093 : INFO : EventManager : Event: ======'machine_var_audits_switches_s_fuel_chute_1'====== Args={'value': 0, 'prev_value': None, 'change': True}
2025-01-13 20:15:49,094 : INFO : EventManager : Event: ======'machine_var_audits_switches_s_fuel_chute_2'====== Args={'value': 0, 'prev_value': None, 'change': True}
2025-01-13 20:15:49,094 : INFO : EventManager : Event: ======'machine_var_audits_switches_s_fuel_chute_3'====== Args={'value': 0, 'prev_value': None, 'change': True}
2025-01-13 20:15:49,094 : INFO : EventManager : Event: ======'machine_var_audits_switches_s_fuel_chute_4'====== Args={'value': 0, 'prev_value': None, 'change': True}
2025-01-13 20:15:49,094 : INFO : EventManager : Event: ======'machine_var_audits_switches_s_fuel_chute_5'====== Args={'value': 0, 'prev_value': None, 'change': True}
2025-01-13 20:15:49,094 : INFO : EventManager : Event: ======'machine_var_audits_switches_s_fuel_chute_6'====== Args={'value': 0, 'prev_value': None, 'change': True}
2025-01-13 20:15:49,094 : INFO : EventManager : Event: ======'machine_var_audits_switches_s_fuel_flag'====== Args={'value': 0, 'prev_value': None, 'change': True}
2025-01-13 20:15:49,094 : INFO : EventManager : Event: ======'machine_var_audits_switches_s_fuel_spot_1'====== Args={'value': 0, 'prev_value': None, 'change': True}
2025-01-13 20:15:49,094 : INFO : EventManager : Event: ======'machine_var_audits_switches_s_fuel_spot_2'====== Args={'value': 0, 'prev_value': None, 'change': True}
2025-01-13 20:15:49,095 : INFO : EventManager : Event: ======'machine_var_audits_switches_s_fuel_spot_3'====== Args={'value': 0, 'prev_value': None, 'change': True}
2025-01-13 20:15:49,095 : INFO : EventManager : Event: ======'machine_var_audits_switches_s_green_wormhole'====== Args={'value': 0, 'prev_value': None, 'change': True}
2025-01-13 20:15:49,095 : INFO : EventManager : Event: ======'machine_var_audits_switches_s_hyperspace_flag'====== Args={'value': 0, 'prev_value': None, 'change': True}
2025-01-13 20:15:49,095 : INFO : EventManager : Event: ======'machine_var_audits_switches_s_hyperspacekicker'====== Args={'value': 0, 'prev_value': None, 'change': True}
2025-01-13 20:15:49,095 : INFO : EventManager : Event: ======'machine_var_audits_switches_s_launch_lane_1'====== Args={'value': 0, 'prev_value': None, 'change': True}
2025-01-13 20:15:49,095 : INFO : EventManager : Event: ======'machine_var_audits_switches_s_launch_lane_2'====== Args={'value': 0, 'prev_value': None, 'change': True}
2025-01-13 20:15:49,096 : INFO : EventManager : Event: ======'machine_var_audits_switches_s_launch_lane_3'====== Args={'value': 0, 'prev_value': None, 'change': True}
2025-01-13 20:15:49,096 : INFO : EventManager : Event: ======'machine_var_audits_switches_s_launch_ramp'====== Args={'value': 0, 'prev_value': None, 'change': True}
2025-01-13 20:15:49,096 : INFO : EventManager : Event: ======'machine_var_audits_switches_s_left_attack_bumper'====== Args={'value': 0, 'prev_value': None, 'change': True}
2025-01-13 20:15:49,096 : INFO : EventManager : Event: ======'machine_var_audits_switches_s_left_flipper'====== Args={'value': 1479, 'prev_value': None, 'change': True}
2025-01-13 20:15:49,096 : INFO : EventManager : Event: ======'machine_var_audits_switches_s_left_out_lane'====== Args={'value': 21, 'prev_value': None, 'change': True}
2025-01-13 20:15:49,096 : INFO : EventManager : Event: ======'machine_var_audits_switches_s_left_out_lane_kicker'====== Args={'value': 0, 'prev_value': None, 'change': True}
2025-01-13 20:15:49,096 : INFO : EventManager : Event: ======'machine_var_audits_switches_s_left_return_lane'====== Args={'value': 174, 'prev_value': None, 'change': True}
2025-01-13 20:15:49,097 : INFO : EventManager : Event: ======'machine_var_audits_switches_s_lower_attack_bumper'====== Args={'value': 0, 'prev_value': None, 'change': True}
2025-01-13 20:15:49,097 : INFO : EventManager : Event: ======'machine_var_audits_switches_s_lower_left_rebound'====== Args={'value': 0, 'prev_value': None, 'change': True}
2025-01-13 20:15:49,097 : INFO : EventManager : Event: ======'machine_var_audits_switches_s_lower_left_slingshot'====== Args={'value': 151, 'prev_value': None, 'change': True}
2025-01-13 20:15:49,097 : INFO : EventManager : Event: ======'machine_var_audits_switches_s_lower_right_rebound'====== Args={'value': 0, 'prev_value': None, 'change': True}
2025-01-13 20:15:49,097 : INFO : EventManager : Event: ======'machine_var_audits_switches_s_lower_right_slingshot'====== Args={'value': 154, 'prev_value': None, 'change': True}
2025-01-13 20:15:49,097 : INFO : EventManager : Event: ======'machine_var_audits_switches_s_medal_drop_left'====== Args={'value': 188, 'prev_value': None, 'change': True}
2025-01-13 20:15:49,098 : INFO : EventManager : Event: ======'machine_var_audits_switches_s_medal_drop_middle'====== Args={'value': 180, 'prev_value': None, 'change': True}
2025-01-13 20:15:49,098 : INFO : EventManager : Event: ======'machine_var_audits_switches_s_medal_drop_right'====== Args={'value': 179, 'prev_value': None, 'change': True}
2025-01-13 20:15:49,098 : INFO : EventManager : Event: ======'machine_var_audits_switches_s_mission_spot_1'====== Args={'value': 0, 'prev_value': None, 'change': True}
2025-01-13 20:15:49,099 : INFO : EventManager : Event: ======'machine_var_audits_switches_s_mission_spot_2'====== Args={'value': 2, 'prev_value': None, 'change': True}
2025-01-13 20:15:49,099 : INFO : EventManager : Event: ======'machine_var_audits_switches_s_mission_spot_3'====== Args={'value': 0, 'prev_value': None, 'change': True}
2025-01-13 20:15:49,099 : INFO : EventManager : Event: ======'machine_var_audits_switches_s_multiplier_left'====== Args={'value': 0, 'prev_value': None, 'change': True}
2025-01-13 20:15:49,099 : INFO : EventManager : Event: ======'machine_var_audits_switches_s_multiplier_middle'====== Args={'value': 0, 'prev_value': None, 'change': True}
2025-01-13 20:15:49,099 : INFO : EventManager : Event: ======'machine_var_audits_switches_s_multiplier_right'====== Args={'value': 0, 'prev_value': None, 'change': True}
2025-01-13 20:15:49,099 : INFO : EventManager : Event: ======'machine_var_audits_switches_s_plunger'====== Args={'value': 177, 'prev_value': None, 'change': True}
2025-01-13 20:15:49,100 : INFO : EventManager : Event: ======'machine_var_audits_switches_s_radiationspot_1'====== Args={'value': 0, 'prev_value': None, 'change': True}
2025-01-13 20:15:49,100 : INFO : EventManager : Event: ======'machine_var_audits_switches_s_radiationspot_2'====== Args={'value': 0, 'prev_value': None, 'change': True}
2025-01-13 20:15:49,100 : INFO : EventManager : Event: ======'machine_var_audits_switches_s_radiationspot_3'====== Args={'value': 0, 'prev_value': None, 'change': True}
2025-01-13 20:15:49,100 : INFO : EventManager : Event: ======'machine_var_audits_switches_s_red_wormhole'====== Args={'value': 0, 'prev_value': None, 'change': True}
2025-01-13 20:15:49,100 : INFO : EventManager : Event: ======'machine_var_audits_switches_s_reentry_left'====== Args={'value': 874, 'prev_value': None, 'change': True}
2025-01-13 20:15:49,101 : INFO : EventManager : Event: ======'machine_var_audits_switches_s_reentry_middle'====== Args={'value': 549, 'prev_value': None, 'change': True}
2025-01-13 20:15:49,101 : INFO : EventManager : Event: ======'machine_var_audits_switches_s_reentry_right'====== Args={'value': 519, 'prev_value': None, 'change': True}
2025-01-13 20:15:49,101 : INFO : EventManager : Event: ======'machine_var_audits_switches_s_right_flipper'====== Args={'value': 1755, 'prev_value': None, 'change': True}
2025-01-13 20:15:49,101 : INFO : EventManager : Event: ======'machine_var_audits_switches_s_right_inlane'====== Args={'value': 0, 'prev_value': None, 'change': True}
2025-01-13 20:15:49,101 : INFO : EventManager : Event: ======'machine_var_audits_switches_s_right_out_lane'====== Args={'value': 90, 'prev_value': None, 'change': True}
2025-01-13 20:15:49,102 : INFO : EventManager : Event: ======'machine_var_audits_switches_s_right_out_lane_kicker'====== Args={'value': 0, 'prev_value': None, 'change': True}
2025-01-13 20:15:49,102 : INFO : EventManager : Event: ======'machine_var_audits_switches_s_right_return_lane'====== Args={'value': 124, 'prev_value': None, 'change': True}
2025-01-13 20:15:49,102 : INFO : EventManager : Event: ======'machine_var_audits_switches_s_satellite_bumper'====== Args={'value': 0, 'prev_value': None, 'change': True}
2025-01-13 20:15:49,102 : INFO : EventManager : Event: ======'machine_var_audits_switches_s_secondary_outlane_kicker'====== Args={'value': 0, 'prev_value': None, 'change': True}
2025-01-13 20:15:49,102 : INFO : EventManager : Event: ======'machine_var_audits_switches_s_skill_shot_1'====== Args={'value': 0, 'prev_value': None, 'change': True}
2025-01-13 20:15:49,103 : INFO : EventManager : Event: ======'machine_var_audits_switches_s_skill_shot_2'====== Args={'value': 0, 'prev_value': None, 'change': True}
2025-01-13 20:15:49,103 : INFO : EventManager : Event: ======'machine_var_audits_switches_s_skill_shot_3'====== Args={'value': 0, 'prev_value': None, 'change': True}
2025-01-13 20:15:49,103 : INFO : EventManager : Event: ======'machine_var_audits_switches_s_skill_shot_4'====== Args={'value': 0, 'prev_value': None, 'change': True}
2025-01-13 20:15:49,104 : INFO : EventManager : Event: ======'machine_var_audits_switches_s_skill_shot_5'====== Args={'value': 0, 'prev_value': None, 'change': True}
2025-01-13 20:15:49,105 : INFO : EventManager : Event: ======'machine_var_audits_switches_s_skill_shot_6'====== Args={'value': 0, 'prev_value': None, 'change': True}
2025-01-13 20:15:49,105 : INFO : EventManager : Event: ======'machine_var_audits_switches_s_skill_shot_lane'====== Args={'value': 0, 'prev_value': None, 'change': True}
2025-01-13 20:15:49,105 : INFO : EventManager : Event: ======'machine_var_audits_switches_s_spacewarp_rollover'====== Args={'value': 39, 'prev_value': None, 'change': True}
2025-01-13 20:15:49,106 : INFO : EventManager : Event: ======'machine_var_audits_switches_s_start'====== Args={'value': 7, 'prev_value': None, 'change': True}
2025-01-13 20:15:49,106 : INFO : EventManager : Event: ======'machine_var_audits_switches_s_trough1'====== Args={'value': 30, 'prev_value': None, 'change': True}
2025-01-13 20:15:49,106 : INFO : EventManager : Event: ======'machine_var_audits_switches_s_trough2'====== Args={'value': 0, 'prev_value': None, 'change': True}
2025-01-13 20:15:49,106 : INFO : EventManager : Event: ======'machine_var_audits_switches_s_trough3'====== Args={'value': 0, 'prev_value': None, 'change': True}
2025-01-13 20:15:49,107 : INFO : EventManager : Event: ======'machine_var_audits_switches_s_trough4'====== Args={'value': 0, 'prev_value': None, 'change': True}
2025-01-13 20:15:49,107 : INFO : EventManager : Event: ======'machine_var_audits_switches_s_trough5'====== Args={'value': 0, 'prev_value': None, 'change': True}
2025-01-13 20:15:49,107 : INFO : EventManager : Event: ======'machine_var_audits_switches_s_trough6'====== Args={'value': 0, 'prev_value': None, 'change': True}
2025-01-13 20:15:49,107 : INFO : EventManager : Event: ======'machine_var_audits_switches_s_trough_jam'====== Args={'value': 0, 'prev_value': None, 'change': True}
2025-01-13 20:15:49,107 : INFO : EventManager : Event: ======'machine_var_audits_switches_s_upper_attack_bumper'====== Args={'value': 0, 'prev_value': None, 'change': True}
2025-01-13 20:15:49,108 : INFO : EventManager : Event: ======'machine_var_audits_switches_s_upper_left_rebound'====== Args={'value': 0, 'prev_value': None, 'change': True}
2025-01-13 20:15:49,108 : INFO : EventManager : Event: ======'machine_var_audits_switches_s_upper_right_rebound'====== Args={'value': 0, 'prev_value': None, 'change': True}
2025-01-13 20:15:49,108 : INFO : EventManager : Event: ======'machine_var_audits_switches_s_wormhole_target'====== Args={'value': 0, 'prev_value': None, 'change': True}
2025-01-13 20:15:49,108 : INFO : EventManager : Event: ======'machine_var_audits_switches_s_yellow_wormhole'====== Args={'value': 0, 'prev_value': None, 'change': True}
2025-01-13 20:15:49,109 : INFO : EventManager : Event: ======'init_phase_5'====== Args={}
2025-01-13 20:15:49,159 : INFO : EventManager : Event: ======'init_done'====== Args={}
2025-01-13 20:15:49,160 : INFO : EventManager : Event: ======'machine_reset_phase_1'====== Args={}
2025-01-13 20:15:49,166 : INFO : EventManager : Event: ======'slide_welcome_slide_removed'====== Args={'_from_bcp': True}
2025-01-13 20:15:49,166 : INFO : EventManager : Event: ======'slide_welcome_slide_created'====== Args={'_from_bcp': True}
2025-01-13 20:15:49,167 : INFO : EventManager : Event: ======'slide_welcome_slide_active'====== Args={'_from_bcp': True}
2025-01-13 20:15:49,167 : INFO : EventManager : Event: ======'machine_reset_phase_2'====== Args={}
2025-01-13 20:15:49,168 : INFO : EventManager : Event: ======'machine_reset_phase_3'====== Args={}
2025-01-13 20:15:49,169 : INFO : EventManager : Event: ======'reset_complete'====== Args={}
2025-01-13 20:15:49,169 : INFO : EventManager : Event: ======'mode_attract_will_start'====== Args={}
2025-01-13 20:15:49,169 : INFO : EventManager : Event: ======'mode_attract_starting'====== Args={}
2025-01-13 20:15:49,169 : INFO : Mode.attract : Started. Priority: 10
2025-01-13 20:15:49,169 : INFO : EventManager : Event: ======'modes_active_modes_changed'====== Args={}
2025-01-13 20:15:49,170 : INFO : EventManager : Event: ======'mode_attract_started'====== Args={}
2025-01-13 20:15:49,171 : INFO : EventManager : Event: ======'collecting_balls_complete'====== Args={}
2025-01-13 20:15:49,208 : INFO : EventManager : Event: ======'slide_awesome_slide_created'====== Args={'_from_bcp': True}
2025-01-13 20:15:49,208 : INFO : EventManager : Event: ======'slide_awesome_slide_active'====== Args={'_from_bcp': True}
2025-01-13 20:15:49,209 : INFO : Machine : Starting the main run loop with active modes: [<Mode.attract>]
2025-01-13 20:15:52,178 : INFO : EventManager : Event: ======'slide_press_start_created'====== Args={'_from_bcp': True}
2025-01-13 20:15:52,180 : INFO : EventManager : Event: ======'slide_press_start_active'====== Args={'_from_bcp': True}
2025-01-13 20:15:55,177 : INFO : EventManager : Event: ======'slide_mission_pinball_created'====== Args={'_from_bcp': True}
2025-01-13 20:15:55,177 : INFO : EventManager : Event: ======'slide_mission_pinball_active'====== Args={'_from_bcp': True}
2025-01-13 20:15:58,173 : INFO : EventManager : Event: ======'slide_last_game_score_slide_created'====== Args={'_from_bcp': True}
2025-01-13 20:15:58,173 : INFO : EventManager : Event: ======'slide_last_game_score_slide_active'====== Args={'_from_bcp': True}
2025-01-13 20:16:01,174 : INFO : EventManager : Event: ======'slide_awesome_slide_removed'====== Args={'_from_bcp': True}
2025-01-13 20:16:01,175 : INFO : EventManager : Event: ======'slide_awesome_slide_created'====== Args={'_from_bcp': True}
2025-01-13 20:16:01,175 : INFO : EventManager : Event: ======'slide_awesome_slide_active'====== Args={'_from_bcp': True}
2025-01-13 20:16:04,185 : INFO : EventManager : Event: ======'slide_press_start_removed'====== Args={'_from_bcp': True}
2025-01-13 20:16:04,187 : INFO : EventManager : Event: ======'slide_press_start_created'====== Args={'_from_bcp': True}
2025-01-13 20:16:04,189 : INFO : EventManager : Event: ======'slide_press_start_active'====== Args={'_from_bcp': True}
2025-01-13 20:16:05,574 : INFO : SwitchController : <<<<<<< 's_start' active >>>>>>>
2025-01-13 20:16:05,790 : INFO : SwitchController : <<<<<<< 's_start' inactive >>>>>>>
2025-01-13 20:16:05,790 : INFO : EventManager : Event: ======'request_to_start_game'====== Args={}
2025-01-13 20:16:05,790 : INFO : EventManager : Event: ======'game_start'====== Args={'buttons': [], 'hold_time': 0.20300000021234155}
2025-01-13 20:16:05,790 : INFO : EventManager : Event: ======'mode_game_will_start'====== Args={'buttons': [], 'hold_time': 0.20300000021234155}
2025-01-13 20:16:05,791 : INFO : EventManager : Event: ======'mode_game_starting'====== Args={'buttons': [], 'hold_time': 0.20300000021234155}
2025-01-13 20:16:05,791 : INFO : EventManager : Event: ======'mode_attract_will_stop'====== Args={}
2025-01-13 20:16:05,791 : INFO : EventManager : Event: ======'mode_attract_stopping'====== Args={}
2025-01-13 20:16:05,791 : INFO : Mode.attract : Stopped.
2025-01-13 20:16:05,791 : INFO : EventManager : Event: ======'modes_active_modes_changed'====== Args={}
2025-01-13 20:16:05,791 : INFO : EventManager : Event: ======'mode_attract_stopped'====== Args={}
2025-01-13 20:16:05,791 : INFO : EventManager : Event: ======'clear'====== Args={'key': 'attract'}
2025-01-13 20:16:05,791 : INFO : Mode.game : Started. Priority: 20
2025-01-13 20:16:05,791 : INFO : EventManager : Event: ======'modes_active_modes_changed'====== Args={}
2025-01-13 20:16:05,791 : INFO : EventManager : Event: ======'mode_game_started'====== Args={'buttons': [], 'hold_time': 0.20300000021234155}
2025-01-13 20:16:05,797 : INFO : EventManager : Event: ======'game_will_start'====== Args={}
2025-01-13 20:16:05,798 : INFO : EventManager : Event: ======'game_starting'====== Args={'game': <Mode.game>}
2025-01-13 20:16:05,799 : INFO : EventManager : Unordered handler for class <Auditor> on event game_ended with priority 1. Handlers: [RegisteredHandler(callback=<bound method Auditor.disable of <Auditor>>, priority=1, kwargs={}, key=UUID('c3275be2-3eb0-43c0-9115-723d5fe079c7'), condition=None, blocking_facility=None), RegisteredHandler(callback=<bound method Auditor._save_audits of <Auditor>>, priority=1, kwargs={}, key=UUID('80f47a8b-2395-4aa6-b538-cff9579d14a3'), condition=None, blocking_facility=None)]. The order of those handlers is not defined and they will be executed in random order. This might lead to race conditions and potential bugs.
2025-01-13 20:16:05,799 : INFO : EventManager : Event: ======'player_add_request'====== Args={}
2025-01-13 20:16:05,800 : INFO : EventManager : Event: ======'player_will_add'====== Args={'number': 1}
2025-01-13 20:16:05,800 : INFO : EventManager : Event: ======'player_adding'====== Args={'player': <Player 1>, 'number': 1}
2025-01-13 20:16:05,800 : INFO : EventManager : Event: ======'player_added'====== Args={'player': <Player 1>, 'num': 1}
2025-01-13 20:16:05,800 : INFO : Mode.game : Player added successfully. Total players: 1
2025-01-13 20:16:05,800 : INFO : EventManager : Event: ======'player_index'====== Args={'value': 0, 'prev_value': 0, 'change': 0, 'player_num': 1}
2025-01-13 20:16:05,800 : INFO : EventManager : Event: ======'player_number'====== Args={'value': 1, 'prev_value': 1, 'change': 0, 'player_num': 1}
2025-01-13 20:16:05,800 : INFO : EventManager : Event: ======'player_score'====== Args={'value': 0, 'prev_value': 0, 'change': 0, 'player_num': 1}
2025-01-13 20:16:05,801 : INFO : EventManager : Event: ======'game_started'====== Args={}
2025-01-13 20:16:05,808 : INFO : EventManager : Event: ======'player_turn_will_start'====== Args={'player': <Player 1>, 'number': 1}
2025-01-13 20:16:05,812 : INFO : EventManager : Event: ======'slide_mission_pinball_removed'====== Args={'_from_bcp': True}
2025-01-13 20:16:05,813 : INFO : EventManager : Event: ======'slide_last_game_score_slide_removed'====== Args={'_from_bcp': True}
2025-01-13 20:16:05,813 : INFO : EventManager : Event: ======'slide_awesome_slide_removed'====== Args={'_from_bcp': True}
2025-01-13 20:16:05,813 : INFO : EventManager : Event: ======'slide_press_start_removed'====== Args={'_from_bcp': True}
2025-01-13 20:16:05,813 : INFO : EventManager : Event: ======'slide_welcome_slide_active'====== Args={'_from_bcp': True}
2025-01-13 20:16:05,813 : INFO : EventManager : Event: ======'player_turn_starting'====== Args={'player': <Player 1>, 'number': 1}
2025-01-13 20:16:05,814 : INFO : EventManager : Event: ======'player_ball'====== Args={'value': 1, 'prev_value': 0, 'change': 1, 'player_num': 1}
2025-01-13 20:16:05,814 : INFO : EventManager : Event: ======'player_turn_started'====== Args={'player': <Player 1>, 'number': 1}
2025-01-13 20:16:05,815 : INFO : EventManager : Event: ======'ball_will_start'====== Args={'player': 1, 'ball': 1, 'balls_remaining': 2, 'is_extra_ball': False}
2025-01-13 20:16:05,818 : INFO : EventManager : Event: ======'ball_starting'====== Args={'player': 1, 'ball': 1, 'balls_remaining': 2, 'is_extra_ball': False}
2025-01-13 20:16:05,819 : INFO : EventManager : Event: ======'mode_base_will_start'====== Args={'queue': <QueuedEvent>, 'player': 1, 'ball': 1, 'balls_remaining': 2, 'is_extra_ball': False}
2025-01-13 20:16:05,819 : INFO : EventManager : Event: ======'mode_base_starting'====== Args={'queue': <QueuedEvent>, 'player': 1, 'ball': 1, 'balls_remaining': 2, 'is_extra_ball': False}
2025-01-13 20:16:05,819 : INFO : Mode.base : Started. Priority: 100
2025-01-13 20:16:05,820 : INFO : EventManager : Event: ======'modes_active_modes_changed'====== Args={}
2025-01-13 20:16:05,820 : INFO : EventManager : Event: ======'mode_base_started'====== Args={'queue': <QueuedEvent>, 'player': 1, 'ball': 1, 'balls_remaining': 2, 'is_extra_ball': False}
2025-01-13 20:16:05,820 : INFO : EventManager : Event: ======'balls_in_play'====== Args={'balls': 1}
2025-01-13 20:16:05,820 : INFO : EventManager : Event: ======'ball_started'====== Args={'player': 1, 'ball': 1, 'balls_remaining': 2, 'is_extra_ball': False}
2025-01-13 20:16:05,820 : INFO : EventManager : Event: ======'mode_lowerlanes_will_start'====== Args={'player': 1, 'ball': 1, 'balls_remaining': 2, 'is_extra_ball': False}
2025-01-13 20:16:05,821 : INFO : EventManager : Event: ======'player_shot_returnLaneL_shot_enabled'====== Args={'value': True, 'prev_value': 0, 'change': 1, 'player_num': 1}
2025-01-13 20:16:05,821 : INFO : EventManager : Event: ======'player_shot_bonusLane_shot_enabled'====== Args={'value': True, 'prev_value': 0, 'change': 1, 'player_num': 1}
2025-01-13 20:16:05,821 : INFO : EventManager : Event: ======'player_shot_outLaneL_shot_enabled'====== Args={'value': True, 'prev_value': 0, 'change': 1, 'player_num': 1}
2025-01-13 20:16:05,822 : INFO : EventManager : Event: ======'player_shot_returnLaneR_shot_enabled'====== Args={'value': True, 'prev_value': 0, 'change': 1, 'player_num': 1}
2025-01-13 20:16:05,822 : INFO : EventManager : Event: ======'player_shot_outLaneR_shot_enabled'====== Args={'value': True, 'prev_value': 0, 'change': 1, 'player_num': 1}
2025-01-13 20:16:05,822 : INFO : EventManager : Event: ======'player_shot_spacewarp_rollover_shot_enabled'====== Args={'value': True, 'prev_value': 0, 'change': 1, 'player_num': 1}
2025-01-13 20:16:05,823 : INFO : EventManager : Event: ======'returnLane_shot_complete'====== Args={'state': 'unlit'}
2025-01-13 20:16:05,823 : INFO : EventManager : Event: ======'returnLane_shot_unlit_complete'====== Args={}
2025-01-13 20:16:05,823 : INFO : EventManager : Event: ======'outLane_shot_complete'====== Args={'state': 'unlit'}
2025-01-13 20:16:05,823 : INFO : EventManager : Event: ======'outLane_shot_unlit_complete'====== Args={}
2025-01-13 20:16:05,824 : INFO : EventManager : Event: ======'mode_lowerlanes_starting'====== Args={'player': 1, 'ball': 1, 'balls_remaining': 2, 'is_extra_ball': False}
2025-01-13 20:16:05,824 : INFO : EventManager : Event: ======'mode_reentry_will_start'====== Args={'player': 1, 'ball': 1, 'balls_remaining': 2, 'is_extra_ball': False}
2025-01-13 20:16:05,824 : INFO : EventManager : Event: ======'player_shot_reentryL_shot_enabled'====== Args={'value': True, 'prev_value': 0, 'change': 1, 'player_num': 1}
2025-01-13 20:16:05,824 : INFO : EventManager : Event: ======'player_shot_reentryM_shot_enabled'====== Args={'value': True, 'prev_value': 0, 'change': 1, 'player_num': 1}
2025-01-13 20:16:05,824 : INFO : EventManager : Event: ======'player_shot_reentryR_shot_enabled'====== Args={'value': True, 'prev_value': 0, 'change': 1, 'player_num': 1}
2025-01-13 20:16:05,825 : INFO : EventManager : Event: ======'reentry_shot_complete'====== Args={'state': 'off'}
2025-01-13 20:16:05,825 : INFO : EventManager : Event: ======'reentry_shot_off_complete'====== Args={}
2025-01-13 20:16:05,826 : INFO : EventManager : Event: ======'mode_reentry_starting'====== Args={'player': 1, 'ball': 1, 'balls_remaining': 2, 'is_extra_ball': False}
2025-01-13 20:16:05,827 : INFO : Mode.lowerlanes : Started. Priority: 200
2025-01-13 20:16:05,827 : INFO : EventManager : Event: ======'modes_active_modes_changed'====== Args={}
2025-01-13 20:16:05,827 : INFO : EventManager : Event: ======'mode_lowerlanes_started'====== Args={'player': 1, 'ball': 1, 'balls_remaining': 2, 'is_extra_ball': False}
2025-01-13 20:16:05,861 : INFO : EventManager : Event: ======'logicblock_reentry_shot_complete_count_updated'====== Args={'value': 1, 'enabled': True}
2025-01-13 20:16:05,862 : INFO : EventManager : Event: ======'logicblock_reentry_shot_complete_count_updated'====== Args={'value': 1, 'enabled': True}
2025-01-13 20:16:05,862 : INFO : Mode.reentry : Started. Priority: 200
2025-01-13 20:16:05,862 : INFO : EventManager : Event: ======'modes_active_modes_changed'====== Args={}
2025-01-13 20:16:05,862 : INFO : EventManager : Event: ======'mode_reentry_started'====== Args={'player': 1, 'ball': 1, 'balls_remaining': 2, 'is_extra_ball': False}
2025-01-13 20:16:05,862 : INFO : EventManager : Event: ======'player_attack_bumper_count'====== Args={'value': 1, 'prev_value': 0, 'change': 1, 'player_num': 1, 'source': 'reentry'}
2025-01-13 20:16:05,862 : INFO : EventManager : Event: ======'single_player_ball_started'====== Args={}
2025-01-13 20:16:05,863 : INFO : EventManager : Event: ======'slide_base.slide_player-mode_base_started_created'====== Args={'_from_bcp': True}
2025-01-13 20:16:05,863 : INFO : EventManager : Event: ======'slide__global.slide_player-ball_started_created'====== Args={'_from_bcp': True}
2025-01-13 20:16:05,863 : INFO : EventManager : Event: ======'slide_base.slide_player-mode_base_started_active'====== Args={'_from_bcp': True}
2025-01-13 20:16:05,892 : INFO : EventManager : Event: ======'ball_start_target'====== Args={'target': 'playfield'}
2025-01-13 20:16:05,893 : INFO : ball_device.bd_plunger : Setting up player-controlled eject. Balls: 1, Target: <playfield.playfield>, player_controlled_eject_event: None
2025-01-13 20:16:05,893 : INFO : EventManager : Event: ======'balldevice_balls_available'====== Args={}
2025-01-13 20:16:05,894 : INFO : ball_device.bd_trough : State: waiting_for_target_ready
2025-01-13 20:16:05,895 : INFO : EventManager : Event: ======'balldevice_bd_trough_ball_eject_attempt'====== Args={'balls': 1, 'target': <ball_device.bd_plunger>, 'source': <ball_device.bd_trough>, 'mechanical_eject': True, 'num_attempts': 0}
2025-01-13 20:16:05,895 : INFO : ball_device.bd_plunger : State: waiting_for_ball
2025-01-13 20:16:05,895 : INFO : ball_device.bd_trough : State: ejecting
2025-01-13 20:16:05,895 : INFO : ball_device.bd_trough : Ejecting ball to <ball_device.bd_plunger>
2025-01-13 20:16:05,895 : INFO : EventManager : Event: ======'balldevice_bd_trough_ejecting_ball'====== Args={'balls': 1, 'target': <ball_device.bd_plunger>, 'source': <ball_device.bd_trough>, 'mechanical_eject': True, 'num_attempts': 0}
2025-01-13 20:16:05,896 : INFO : ball_device.bd_trough : Wait for ball to leave device
2025-01-13 20:16:05,896 : INFO : coil.c_trough_eject : Pulsing Driver for 10ms (1.0 pulse_power)
2025-01-13 20:16:12,213 : INFO : SwitchController : <<<<<<< 's_right_out_lane' active >>>>>>>
2025-01-13 20:16:12,213 : INFO : EventManager : Event: ======'playfield_active'====== Args={'source': 'outLaneR_shot'}
2025-01-13 20:16:12,213 : INFO : EventManager : Event: ======'unexpected_ball_on_playfield'====== Args={}
2025-01-13 20:16:12,213 : INFO : EventManager : Event: ======'s_right_out_lane_active'====== Args={}
2025-01-13 20:16:12,213 : INFO : EventManager : Event: ======'machine_var_audits_switches_s_right_out_lane'====== Args={'value': 91, 'prev_value': 90, 'change': 1}
2025-01-13 20:16:12,215 : INFO : EventManager : Event: ======'machine_var_audits_shots_outLaneR_shot'====== Args={'value': 65, 'prev_value': 64, 'change': 1}
2025-01-13 20:16:12,216 : INFO : EventManager : Event: ======'outLaneR_shot_hit'====== Args={'profile': 'outLane', 'state': 'unlit', 'advancing': False}
2025-01-13 20:16:12,216 : INFO : EventManager : Event: ======'outLaneR_shot_outLane_hit'====== Args={'profile': 'outLane', 'state': 'unlit', 'advancing': False}
2025-01-13 20:16:12,216 : INFO : EventManager : Event: ======'outLaneR_shot_outLane_unlit_hit'====== Args={'profile': 'outLane', 'state': 'unlit', 'advancing': False}
2025-01-13 20:16:12,216 : INFO : EventManager : Event: ======'outLaneR_shot_unlit_hit'====== Args={'profile': 'outLane', 'state': 'unlit', 'advancing': False}
2025-01-13 20:16:12,216 : INFO : EventManager : Event: ======'outLane_shot_hit'====== Args={}
2025-01-13 20:16:12,216 : INFO : EventManager : Event: ======'outLane_shot_unlit_hit'====== Args={}
2025-01-13 20:16:12,216 : INFO : EventManager : Event: ======'player_score'====== Args={'value': 20000, 'prev_value': 0, 'change': 20000, 'player_num': 1, 'source': 'lowerlanes'}
2025-01-13 20:16:12,369 : INFO : SwitchController : <<<<<<< 's_right_out_lane' inactive >>>>>>>
2025-01-13 20:16:15,898 : INFO : EventManager : Event: ======'balldevice_bd_trough_ball_eject_failed'====== Args={'target': <ball_device.bd_plunger>, 'balls': 1, 'retry': True, 'num_attempts': 1}
2025-01-13 20:16:15,900 : INFO : ball_device.bd_trough : State: waiting_for_target_ready
2025-01-13 20:16:15,900 : INFO : EventManager : Event: ======'balldevice_bd_trough_ball_eject_attempt'====== Args={'balls': 1, 'target': <ball_device.bd_plunger>, 'source': <ball_device.bd_trough>, 'mechanical_eject': True, 'num_attempts': 1}
2025-01-13 20:16:15,901 : INFO : ball_device.bd_trough : State: ejecting
2025-01-13 20:16:15,901 : INFO : ball_device.bd_trough : Ejecting ball to <ball_device.bd_plunger>
2025-01-13 20:16:15,901 : INFO : EventManager : Event: ======'balldevice_bd_trough_ejecting_ball'====== Args={'balls': 1, 'target': <ball_device.bd_plunger>, 'source': <ball_device.bd_trough>, 'mechanical_eject': True, 'num_attempts': 1}
2025-01-13 20:16:15,902 : INFO : ball_device.bd_trough : Wait for ball to leave device
2025-01-13 20:16:15,902 : INFO : coil.c_trough_eject : Pulsing Driver for 10ms (1.0 pulse_power)
2025-01-13 20:16:24,881 : INFO : SwitchController : <<<<<<< 's_reentry_left' active >>>>>>>
2025-01-13 20:16:24,881 : INFO : EventManager : Event: ======'playfield_active'====== Args={'source': 'reentryL_shot'}
2025-01-13 20:16:24,881 : INFO : EventManager : Event: ======'unexpected_ball_on_playfield'====== Args={}
2025-01-13 20:16:24,881 : INFO : EventManager : Event: ======'s_reentry_left_active'====== Args={}
2025-01-13 20:16:24,881 : INFO : EventManager : Event: ======'sw_playfield_active'====== Args={}
2025-01-13 20:16:24,881 : INFO : EventManager : Event: ======'machine_var_audits_switches_s_reentry_left'====== Args={'value': 875, 'prev_value': 874, 'change': 1}
2025-01-13 20:16:24,882 : INFO : EventManager : Event: ======'player_shot_reentryL_shot'====== Args={'value': 1, 'prev_value': 0, 'change': 1, 'player_num': 1}
2025-01-13 20:16:24,882 : INFO : EventManager : Event: ======'machine_var_audits_shots_reentryL_shot'====== Args={'value': 517, 'prev_value': 516, 'change': 1}
2025-01-13 20:16:24,882 : INFO : EventManager : Event: ======'reentryL_shot_hit'====== Args={'profile': 'reentry', 'state': 'off', 'advancing': True}
2025-01-13 20:16:24,882 : INFO : EventManager : Event: ======'reentryL_shot_reentry_hit'====== Args={'profile': 'reentry', 'state': 'off', 'advancing': True}
2025-01-13 20:16:24,882 : INFO : EventManager : Event: ======'reentryL_shot_reentry_off_hit'====== Args={'profile': 'reentry', 'state': 'off', 'advancing': True}
2025-01-13 20:16:24,882 : INFO : EventManager : Event: ======'reentryL_shot_off_hit'====== Args={'profile': 'reentry', 'state': 'off', 'advancing': True}
2025-01-13 20:16:24,883 : INFO : EventManager : Event: ======'reentry_shot_hit'====== Args={}
2025-01-13 20:16:24,883 : INFO : EventManager : Event: ======'reentry_shot_off_hit'====== Args={}
2025-01-13 20:16:24,883 : INFO : EventManager : Event: ======'player_score'====== Args={'value': 21000, 'prev_value': 20000, 'change': 1000, 'player_num': 1, 'source': 'reentry'}
2025-01-13 20:16:24,883 : INFO : EventManager : Event: ======'playfield_active'====== Args={'source': None}
2025-01-13 20:16:24,883 : INFO : EventManager : Event: ======'unexpected_ball_on_playfield'====== Args={}
2025-01-13 20:16:24,992 : INFO : SwitchController : <<<<<<< 's_reentry_left' inactive >>>>>>>
2025-01-13 20:16:25,293 : INFO : SwitchController : <<<<<<< 's_reentry_middle' active >>>>>>>
2025-01-13 20:16:25,293 : INFO : EventManager : Event: ======'playfield_active'====== Args={'source': 'reentryM_shot'}
2025-01-13 20:16:25,293 : INFO : EventManager : Event: ======'unexpected_ball_on_playfield'====== Args={}
2025-01-13 20:16:25,293 : INFO : EventManager : Event: ======'s_reentry_middle_active'====== Args={}
2025-01-13 20:16:25,293 : INFO : EventManager : Event: ======'sw_playfield_active'====== Args={}
2025-01-13 20:16:25,294 : INFO : EventManager : Event: ======'machine_var_audits_switches_s_reentry_middle'====== Args={'value': 550, 'prev_value': 549, 'change': 1}
2025-01-13 20:16:25,294 : INFO : EventManager : Event: ======'player_shot_reentryM_shot'====== Args={'value': 1, 'prev_value': 0, 'change': 1, 'player_num': 1}
2025-01-13 20:16:25,294 : INFO : EventManager : Event: ======'machine_var_audits_shots_reentryM_shot'====== Args={'value': 476, 'prev_value': 475, 'change': 1}
2025-01-13 20:16:25,295 : INFO : EventManager : Event: ======'reentryM_shot_hit'====== Args={'profile': 'reentry', 'state': 'off', 'advancing': True}
2025-01-13 20:16:25,295 : INFO : EventManager : Event: ======'reentryM_shot_reentry_hit'====== Args={'profile': 'reentry', 'state': 'off', 'advancing': True}
2025-01-13 20:16:25,295 : INFO : EventManager : Event: ======'reentryM_shot_reentry_off_hit'====== Args={'profile': 'reentry', 'state': 'off', 'advancing': True}
2025-01-13 20:16:25,295 : INFO : EventManager : Event: ======'reentryM_shot_off_hit'====== Args={'profile': 'reentry', 'state': 'off', 'advancing': True}
2025-01-13 20:16:25,295 : INFO : EventManager : Event: ======'reentry_shot_hit'====== Args={}
2025-01-13 20:16:25,295 : INFO : EventManager : Event: ======'reentry_shot_off_hit'====== Args={}
2025-01-13 20:16:25,295 : INFO : EventManager : Event: ======'player_score'====== Args={'value': 22000, 'prev_value': 21000, 'change': 1000, 'player_num': 1, 'source': 'reentry'}
2025-01-13 20:16:25,296 : INFO : EventManager : Event: ======'playfield_active'====== Args={'source': None}
2025-01-13 20:16:25,296 : INFO : EventManager : Event: ======'unexpected_ball_on_playfield'====== Args={}
2025-01-13 20:16:25,388 : INFO : SwitchController : <<<<<<< 's_reentry_middle' inactive >>>>>>>
2025-01-13 20:16:25,892 : INFO : EventManager : Event: ======'balldevice_bd_trough_ball_eject_failed'====== Args={'target': <ball_device.bd_plunger>, 'balls': 1, 'retry': True, 'num_attempts': 2}
2025-01-13 20:16:25,894 : INFO : ball_device.bd_trough : State: waiting_for_target_ready
2025-01-13 20:16:25,894 : INFO : EventManager : Event: ======'balldevice_bd_trough_ball_eject_attempt'====== Args={'balls': 1, 'target': <ball_device.bd_plunger>, 'source': <ball_device.bd_trough>, 'mechanical_eject': True, 'num_attempts': 2}
2025-01-13 20:16:25,894 : INFO : ball_device.bd_trough : State: ejecting
2025-01-13 20:16:25,895 : INFO : ball_device.bd_trough : Ejecting ball to <ball_device.bd_plunger>
2025-01-13 20:16:25,895 : INFO : EventManager : Event: ======'balldevice_bd_trough_ejecting_ball'====== Args={'balls': 1, 'target': <ball_device.bd_plunger>, 'source': <ball_device.bd_trough>, 'mechanical_eject': True, 'num_attempts': 2}
2025-01-13 20:16:25,896 : INFO : ball_device.bd_trough : Wait for ball to leave device
2025-01-13 20:16:25,896 : INFO : coil.c_trough_eject : Pulsing Driver for 10ms (1.0 pulse_power)
2025-01-13 20:16:26,305 : INFO : SwitchController : <<<<<<< 's_reentry_right' active >>>>>>>
2025-01-13 20:16:26,305 : INFO : EventManager : Event: ======'playfield_active'====== Args={'source': 'reentryR_shot'}
2025-01-13 20:16:26,305 : INFO : EventManager : Event: ======'unexpected_ball_on_playfield'====== Args={}
2025-01-13 20:16:26,305 : INFO : EventManager : Event: ======'s_reentry_right_active'====== Args={}
2025-01-13 20:16:26,305 : INFO : EventManager : Event: ======'sw_playfield_active'====== Args={}
2025-01-13 20:16:26,306 : INFO : EventManager : Event: ======'machine_var_audits_switches_s_reentry_right'====== Args={'value': 520, 'prev_value': 519, 'change': 1}
2025-01-13 20:16:26,306 : INFO : EventManager : Event: ======'player_shot_reentryR_shot'====== Args={'value': 1, 'prev_value': 0, 'change': 1, 'player_num': 1}
2025-01-13 20:16:26,306 : INFO : EventManager : Event: ======'machine_var_audits_shots_reentryR_shot'====== Args={'value': 461, 'prev_value': 460, 'change': 1}
2025-01-13 20:16:26,307 : INFO : EventManager : Event: ======'reentryR_shot_hit'====== Args={'profile': 'reentry', 'state': 'off', 'advancing': True}
2025-01-13 20:16:26,307 : INFO : EventManager : Event: ======'reentryR_shot_reentry_hit'====== Args={'profile': 'reentry', 'state': 'off', 'advancing': True}
2025-01-13 20:16:26,307 : INFO : EventManager : Event: ======'reentryR_shot_reentry_off_hit'====== Args={'profile': 'reentry', 'state': 'off', 'advancing': True}
2025-01-13 20:16:26,307 : INFO : EventManager : Event: ======'reentryR_shot_off_hit'====== Args={'profile': 'reentry', 'state': 'off', 'advancing': True}
2025-01-13 20:16:26,307 : INFO : EventManager : Event: ======'reentry_shot_complete'====== Args={'state': 'lit'}
2025-01-13 20:16:26,307 : INFO : EventManager : Event: ======'reentry_shot_lit_complete'====== Args={}
2025-01-13 20:16:26,307 : INFO : EventManager : Event: ======'player_score'====== Args={'value': 27000, 'prev_value': 22000, 'change': 5000, 'player_num': 1, 'source': 'reentry'}
2025-01-13 20:16:26,307 : INFO : EventManager : Event: ======'logicblock_reentry_shot_complete_count_updated'====== Args={'value': 2, 'enabled': True}
2025-01-13 20:16:26,308 : INFO : EventManager : Event: ======'reentry_shot_done'====== Args={'count': 2}
2025-01-13 20:16:26,309 : INFO : EventManager : Event: ======'player_attack_bumper_count'====== Args={'value': 2, 'prev_value': 1, 'change': 1, 'player_num': 1, 'source': 'reentry'}
2025-01-13 20:16:26,310 : INFO : EventManager : Event: ======'reentry_shot_hit'====== Args={}
2025-01-13 20:16:26,310 : INFO : EventManager : Event: ======'reentry_shot_off_hit'====== Args={}
2025-01-13 20:16:26,310 : INFO : EventManager : Event: ======'player_score'====== Args={'value': 28000, 'prev_value': 27000, 'change': 1000, 'player_num': 1, 'source': 'reentry'}
2025-01-13 20:16:26,311 : INFO : EventManager : Event: ======'playfield_active'====== Args={'source': None}
2025-01-13 20:16:26,311 : INFO : EventManager : Event: ======'unexpected_ball_on_playfield'====== Args={}
2025-01-13 20:16:26,445 : INFO : SwitchController : <<<<<<< 's_reentry_right' inactive >>>>>>>
2025-01-13 20:16:28,297 : INFO : EventManager : Event: ======'player_shot_reentryL_shot'====== Args={'value': 0, 'prev_value': 1, 'change': -1, 'player_num': 1}
2025-01-13 20:16:28,298 : INFO : EventManager : Event: ======'player_shot_reentryM_shot'====== Args={'value': 0, 'prev_value': 1, 'change': -1, 'player_num': 1}
2025-01-13 20:16:28,298 : INFO : EventManager : Event: ======'player_shot_reentryR_shot'====== Args={'value': 0, 'prev_value': 1, 'change': -1, 'player_num': 1}
2025-01-13 20:16:28,298 : INFO : EventManager : Event: ======'reentry_shot_complete'====== Args={'state': 'off'}
2025-01-13 20:16:28,298 : INFO : EventManager : Event: ======'reentry_shot_off_complete'====== Args={}
2025-01-13 20:16:35,892 : INFO : EventManager : Event: ======'balldevice_bd_trough_ball_eject_failed'====== Args={'target': <ball_device.bd_plunger>, 'balls': 1, 'retry': True, 'num_attempts': 3}
2025-01-13 20:16:35,893 : INFO : ball_device.bd_trough : State: waiting_for_target_ready
2025-01-13 20:16:35,893 : INFO : EventManager : Event: ======'balldevice_bd_trough_ball_eject_attempt'====== Args={'balls': 1, 'target': <ball_device.bd_plunger>, 'source': <ball_device.bd_trough>, 'mechanical_eject': True, 'num_attempts': 3}
2025-01-13 20:16:35,893 : INFO : ball_device.bd_trough : State: ejecting
2025-01-13 20:16:35,893 : INFO : ball_device.bd_trough : Ejecting ball to <ball_device.bd_plunger>
2025-01-13 20:16:35,893 : INFO : EventManager : Event: ======'balldevice_bd_trough_ejecting_ball'====== Args={'balls': 1, 'target': <ball_device.bd_plunger>, 'source': <ball_device.bd_trough>, 'mechanical_eject': True, 'num_attempts': 3}
2025-01-13 20:16:35,894 : INFO : ball_device.bd_trough : Wait for ball to leave device
2025-01-13 20:16:35,894 : INFO : coil.c_trough_eject : Pulsing Driver for 10ms (1.0 pulse_power)
2025-01-13 20:16:44,581 : INFO : Machine : Shutting down...
2025-01-13 20:16:44,581 : INFO : EventManager : Event: ======'shutdown'====== Args={}
2025-01-13 20:16:44,587 : INFO : EventManager : Event: ======'mode_game_will_stop'====== Args={}
2025-01-13 20:16:44,587 : INFO : EventManager : Event: ======'mode_game_stopping'====== Args={}
2025-01-13 20:16:44,587 : INFO : EventManager : Event: ======'mode_lowerlanes_will_stop'====== Args={}
2025-01-13 20:16:44,587 : INFO : EventManager : Event: ======'mode_lowerlanes_stopping'====== Args={}
2025-01-13 20:16:44,587 : INFO : EventManager : Event: ======'mode_reentry_will_stop'====== Args={}
2025-01-13 20:16:44,587 : INFO : EventManager : Event: ======'mode_reentry_stopping'====== Args={}
2025-01-13 20:16:44,588 : INFO : EventManager : Event: ======'mode_base_will_stop'====== Args={}
2025-01-13 20:16:44,588 : INFO : EventManager : Event: ======'mode_base_stopping'====== Args={}
2025-01-13 20:16:44,588 : INFO : Mode.base : Stopped.
2025-01-13 20:16:44,588 : INFO : EventManager : Event: ======'modes_active_modes_changed'====== Args={}
2025-01-13 20:16:44,588 : INFO : EventManager : Event: ======'mode_base_stopped'====== Args={}
2025-01-13 20:16:44,588 : INFO : EventManager : Event: ======'clear'====== Args={'key': 'base'}
2025-01-13 20:16:44,588 : INFO : Mode.reentry : Stopped.
2025-01-13 20:16:44,588 : INFO : EventManager : Event: ======'modes_active_modes_changed'====== Args={}
2025-01-13 20:16:44,589 : INFO : EventManager : Event: ======'mode_reentry_stopped'====== Args={}
2025-01-13 20:16:44,589 : INFO : EventManager : Event: ======'clear'====== Args={'key': 'reentry'}
2025-01-13 20:16:44,589 : INFO : Mode.lowerlanes : Stopped.
2025-01-13 20:16:44,589 : INFO : EventManager : Event: ======'modes_active_modes_changed'====== Args={}
2025-01-13 20:16:44,589 : INFO : EventManager : Event: ======'mode_lowerlanes_stopped'====== Args={}
2025-01-13 20:16:44,589 : INFO : EventManager : Event: ======'clear'====== Args={'key': 'lowerlanes'}
2025-01-13 20:16:44,590 : INFO : Mode.game : Stopped.
2025-01-13 20:16:44,590 : INFO : EventManager : Event: ======'modes_active_modes_changed'====== Args={}
2025-01-13 20:16:44,590 : INFO : EventManager : Event: ======'mode_game_stopped'====== Args={}
2025-01-13 20:16:44,590 : INFO : EventManager : Event: ======'clear'====== Args={'key': 'game'}
2025-01-13 20:16:44,592 : ERROR : OPP : Stop called on serial connection com5
2025-01-13 20:16:44,593 : ERROR : OPP : Stop called on serial connection com4
2025-01-13 20:16:44,594 : ERROR : asyncio : Exception in callback Util.raise_exceptions(<Task finishe...ection lost')>) at C:\Users\student\mpfenv3\Lib\site-packages\mpf\core\utility_functions.py:790
handle: <Handle Util.raise_exceptions(<Task finishe...ection lost')>) at C:\Users\student\mpfenv3\Lib\site-packages\mpf\core\utility_functions.py:790>
Traceback (most recent call last):
  File "C:\Program Files\Python311\Lib\asyncio\events.py", line 84, in _run
    self._context.run(self._callback, *self._args)
  File "C:\Users\student\mpfenv3\Lib\site-packages\mpf\core\utility_functions.py", line 798, in raise_exceptions
    future.result()
  File "C:\Users\student\mpfenv3\Lib\site-packages\mpf\platforms\opp\opp.py", line 971, in _poll_sender
    await self.opp_connection[chain_serial].writer.drain()
  File "C:\Program Files\Python311\Lib\asyncio\streams.py", line 392, in drain
    await self._protocol._drain_helper()
  File "C:\Program Files\Python311\Lib\asyncio\streams.py", line 166, in _drain_helper
    raise ConnectionResetError('Connection lost')
ConnectionResetError: Connection lost
2025-01-13 20:16:44,860 : WARNING : OPP : Poll took more than 250.0ms for 0
2025-01-13 20:16:44,860 : ERROR : asyncio : Exception in callback Util.raise_exceptions(<Task finishe...ute 'write'")>) at C:\Users\student\mpfenv3\Lib\site-packages\mpf\core\utility_functions.py:790
handle: <Handle Util.raise_exceptions(<Task finishe...ute 'write'")>) at C:\Users\student\mpfenv3\Lib\site-packages\mpf\core\utility_functions.py:790>
Traceback (most recent call last):
  File "C:\Program Files\Python311\Lib\asyncio\events.py", line 84, in _run
    self._context.run(self._callback, *self._args)
  File "C:\Users\student\mpfenv3\Lib\site-packages\mpf\core\utility_functions.py", line 798, in raise_exceptions
    future.result()
  File "C:\Users\student\mpfenv3\Lib\site-packages\mpf\platforms\opp\opp.py", line 970, in _poll_sender
    self.send_to_processor(chain_serial, self.read_input_msg[chain_serial])
  File "C:\Users\student\mpfenv3\Lib\site-packages\mpf\platforms\opp\opp.py", line 349, in send_to_processor
    self.opp_connection[chain_serial].send(msg)
  File "C:\Users\student\mpfenv3\Lib\site-packages\mpf\platforms\base_serial_communicator.py", line 161, in send
    self.writer.write(msg)
    ^^^^^^^^^^^^^^^^^
AttributeError: 'NoneType' object has no attribute 'write'
2025-01-13 20:16:44,863 : INFO : root : MPF run loop ended.
