2025-01-16 20:42:03,766 : kivy : deps: Successfully imported "kivy_deps.gstreamer" 0.3.3
2025-01-16 20:42:03,766 : kivy : deps: Successfully imported "kivy_deps.angle" 0.3.3
2025-01-16 20:42:03,766 : kivy : deps: Successfully imported "kivy_deps.glew" 0.3.1
2025-01-16 20:42:03,766 : kivy : deps: Successfully imported "kivy_deps.sdl2" 0.6.0
2025-01-16 20:42:03,766 : kivy : Kivy: v2.2.1
2025-01-16 20:42:03,766 : kivy : Kivy: Installed at "C:\Users\student\mpfenv3\Lib\site-packages\kivy\__init__.py"
2025-01-16 20:42:03,766 : kivy : Python: v3.11.8 (tags/v3.11.8:db85d51, Feb  6 2024, 22:03:32) [MSC v.1937 64 bit (AMD64)]
2025-01-16 20:42:03,766 : kivy : Python: Interpreter at "C:\Users\student\mpfenv3\Scripts\python.exe"
2025-01-16 20:42:03,922 : kivy : Factory: 190 symbols loaded
2025-01-16 20:42:04,941 : kivy : ImageLoaderFFPy: Using ffpyplayer 4.5.1
2025-01-16 20:42:04,941 : kivy : Image: Providers: img_tex, img_dds, img_sdl2, img_pil, img_ffpyplayer 
2025-01-16 20:42:05,835 : kivy : VideoGstplayer: Using Gstreamer 1.18.5.0
2025-01-16 20:42:05,835 : kivy : Video: Provider: gstplayer
2025-01-16 20:42:06,017 : root : Loading MPF-MC controller
2025-01-16 20:42:06,062 : ConfigProcessor : Config spec file cache created: C:\Users\student\AppData\Local\Temp\config_spec.mpf_cache
2025-01-16 20:42:06,063 : YamlMultifileConfigLoader : Machine config file #1: config
2025-01-16 20:42:06,063 : ConfigProcessor : Loading config from file C:\Users\student\mpfenv3\Lib\site-packages\mpfmc\mcconfig.yaml.
2025-01-16 20:42:06,069 : ConfigProcessor : Loading config: C:\Users\student\mpfenv3\Lib\site-packages\mpfmc\mcconfig.yaml
2025-01-16 20:42:06,069 : ConfigProcessor : Loading config from file C:\Users\student\pinball\cobraPinTest1\config\config.
2025-01-16 20:42:06,074 : ConfigProcessor : Loading config: C:\Users\student\pinball\cobraPinTest1\config\config
2025-01-16 20:42:06,075 : ConfigProcessor : Config file cache created: C:\Users\student\AppData\Local\Temp\d597e459fa663d00d6faab779112d1ee.mpf_cache
2025-01-16 20:42:06,076 : ConfigProcessor : Loading config from file C:\Users\student\mpfenv3\Lib\site-packages\mpf\modes\attract\config\attract.yaml.
2025-01-16 20:42:06,076 : ConfigProcessor : Loading config: C:\Users\student\mpfenv3\Lib\site-packages\mpf\modes\attract\config\attract.yaml
2025-01-16 20:42:06,076 : ConfigProcessor : Loading config from file C:\Users\student\pinball\cobraPinTest1\modes\attract\config\attract.yaml.
2025-01-16 20:42:06,077 : ConfigProcessor : Loading config: C:\Users\student\pinball\cobraPinTest1\modes\attract\config\attract.yaml
2025-01-16 20:42:06,077 : ConfigProcessor : Config file cache created: C:\Users\student\AppData\Local\Temp\0196918bccd620e51d3c4d2630650aa0.mpf_cache
2025-01-16 20:42:06,078 : ConfigProcessor : Loading config from file C:\Users\student\mpfenv3\Lib\site-packages\mpf\modes\game\config\game.yaml.
2025-01-16 20:42:06,078 : ConfigProcessor : Loading config: C:\Users\student\mpfenv3\Lib\site-packages\mpf\modes\game\config\game.yaml
2025-01-16 20:42:06,079 : ConfigProcessor : Config file cache created: C:\Users\student\AppData\Local\Temp\511dcc6b491b0fa2d7aa9abdf6497e9c.mpf_cache
2025-01-16 20:42:06,079 : ConfigProcessor : Loading config from file C:\Users\student\pinball\cobraPinTest1\modes\base\config\base.yaml.
2025-01-16 20:42:06,080 : ConfigProcessor : Loading config: C:\Users\student\pinball\cobraPinTest1\modes\base\config\base.yaml
2025-01-16 20:42:06,081 : ConfigProcessor : Config file cache created: C:\Users\student\AppData\Local\Temp\4675a535c8328a9c278c807d999ed109.mpf_cache
2025-01-16 20:42:06,081 : ConfigProcessor : Loading config from file C:\Users\student\pinball\cobraPinTest1\modes\reentry\config\reentry.yaml.
2025-01-16 20:42:06,084 : ConfigProcessor : Loading config: C:\Users\student\pinball\cobraPinTest1\modes\reentry\config\reentry.yaml
2025-01-16 20:42:06,085 : ConfigProcessor : Config file cache created: C:\Users\student\AppData\Local\Temp\0c8438cab3480347c0c749fa494946a2.mpf_cache
2025-01-16 20:42:06,086 : ConfigProcessor : Loading config from file C:\Users\student\pinball\cobraPinTest1\modes\lowerlanes\config\lowerlanes.yaml.
2025-01-16 20:42:06,087 : ConfigProcessor : Loading config: C:\Users\student\pinball\cobraPinTest1\modes\lowerlanes\config\lowerlanes.yaml
2025-01-16 20:42:06,087 : ConfigProcessor : Config file cache created: C:\Users\student\AppData\Local\Temp\5052615755bdf1309b248cf8695ad4ff.mpf_cache
2025-01-16 20:42:06,088 : mpfmc : Mission Pinball Framework Media Controller (MPF-MC) v0.57.1. Requires MPF v0.57.0 or newer.
2025-01-16 20:42:06,088 : mpfmc : Found MPF v0.57.3
2025-01-16 20:42:06,088 : mpfmc : Machine path: C:\Users\student\pinball\cobraPinTest1
2025-01-16 20:42:06,088 : mpfmc : Starting clock at 60.0Hz
2025-01-16 20:42:06,196 : kivy : Text: Provider: sdl2
2025-01-16 20:42:06,285 : kivy : Window: Provider: sdl2
2025-01-16 20:42:06,993 : kivy : GL: Using the "OpenGL" graphics system
2025-01-16 20:42:07,001 : kivy : GL: GLEW initialization succeeded
2025-01-16 20:42:07,002 : kivy : GL: Backend used <glew>
2025-01-16 20:42:07,003 : kivy : GL: OpenGL version <b'4.6.13543 Compatibility Profile Context 25.20.15006.9'>
2025-01-16 20:42:07,003 : kivy : GL: OpenGL vendor <b'ATI Technologies Inc.'>
2025-01-16 20:42:07,003 : kivy : GL: OpenGL renderer <b'Radeon RX Vega M GL Graphics'>
2025-01-16 20:42:07,004 : kivy : GL: OpenGL parsed version: 4, 6
2025-01-16 20:42:07,004 : kivy : GL: Shading version <b'4.60'>
2025-01-16 20:42:07,004 : kivy : GL: Texture max size <16384>
2025-01-16 20:42:07,004 : kivy : GL: Texture max units <32>
2025-01-16 20:42:07,027 : kivy : Window: auto add sdl2 input provider
2025-01-16 20:42:07,027 : kivy : Window: virtual keyboard not allowed, single mode, not docked
2025-01-16 20:42:11,454 : AudioInterface : Initialized
2025-01-16 20:42:11,454 : AudioInterface : Loaded SDL 2.26.4
2025-01-16 20:42:11,454 : AudioInterface : Loaded SDL_Mixer 2.6.3
2025-01-16 20:42:11,454 : AudioInterface : Loaded GStreamer 1.18.5.0
2025-01-16 20:42:11,455 : AudioInterface : Loaded GLib 2.62.6
2025-01-16 20:42:11,455 : AudioInterface : Settings requested - rate: 44100, channels: 1, buffer: 2048 samples
2025-01-16 20:42:11,455 : AudioInterface : Settings in use - rate: 44100, channels: 1, buffer: 2048 samples (4096 bytes @ 2 bytes per sample)
2025-01-16 20:42:11,455 : SoundSystem : Setting master volume to 0.0
2025-01-16 20:42:11,455 : AudioInterface : Enabling audio playback
2025-01-16 20:42:11,457 : kivy : Base: Start application main loop
2025-01-16 20:42:11,458 : EventManager : Event: ======'display_window_initialized'====== Args={}
2025-01-16 20:42:11,476 : mpfmc : Display: Setting 'window' as default display
2025-01-16 20:42:11,484 : EventManager : Event: ======'displays_initialized'====== Args={}
2025-01-16 20:42:11,485 : EventManager : Event: ======'slide_window_blank_created'====== Args={}
2025-01-16 20:42:11,485 : EventManager : Event: ======'display_window_ready'====== Args={}
2025-01-16 20:42:11,606 : EventManager : Event: ======'init_phase_1'====== Args={}
2025-01-16 20:42:11,611 : EventManager : Event: ======'mc_ready'====== Args={}
2025-01-16 20:42:11,611 : EventManager : Event: ======'init_phase_2'====== Args={}
2025-01-16 20:42:11,618 : EventManager : Event: ======'init_phase_3'====== Args={}
2025-01-16 20:42:11,620 : EventManager : Event: ======'init_phase_4'====== Args={}
2025-01-16 20:42:11,620 : EventManager : Event: ======'init_phase_5'====== Args={}
2025-01-16 20:42:11,620 : EventManager : Event: ======'init_done'====== Args={}
2025-01-16 20:42:11,620 : MPF-MC BCP Server : Starting up on localhost port 5050
2025-01-16 20:42:11,624 : MPF-MC BCP Server : Waiting for a connection...
2025-01-16 20:42:11,635 : kivy : GL: NPOT texture support is available
2025-01-16 20:42:11,635 : EventManager : Event: ======'slide_welcome_slide_created'====== Args={}
2025-01-16 20:42:11,637 : EventManager : Event: ======'slide_welcome_slide_active'====== Args={}
2025-01-16 20:42:11,651 : EventManager : Event: ======'client_disconnected'====== Args={'host': '127.0.0.1', 'port': 5050}
2025-01-16 20:42:37,716 : kivy : Base: Leaving application in progress...
