2025-02-06 17:20:21,112 : kivy : deps: Successfully imported "kivy_deps.gstreamer" 0.3.3
2025-02-06 17:20:21,112 : kivy : deps: Successfully imported "kivy_deps.angle" 0.3.3
2025-02-06 17:20:21,112 : kivy : deps: Successfully imported "kivy_deps.glew" 0.3.1
2025-02-06 17:20:21,112 : kivy : deps: Successfully imported "kivy_deps.sdl2" 0.6.0
2025-02-06 17:20:21,112 : kivy : Kivy: v2.2.1
2025-02-06 17:20:21,112 : kivy : Kivy: Installed at "C:\Users\student\mpfenv3\Lib\site-packages\kivy\__init__.py"
2025-02-06 17:20:21,112 : kivy : Python: v3.11.8 (tags/v3.11.8:db85d51, Feb  6 2024, 22:03:32) [MSC v.1937 64 bit (AMD64)]
2025-02-06 17:20:21,113 : kivy : Python: Interpreter at "C:\Users\student\mpfenv3\Scripts\python.exe"
2025-02-06 17:20:21,134 : kivy : Factory: 190 symbols loaded
2025-02-06 17:20:21,280 : kivy : ImageLoaderFFPy: Using ffpyplayer 4.5.1
2025-02-06 17:20:21,280 : kivy : Image: Providers: img_tex, img_dds, img_sdl2, img_pil, img_ffpyplayer 
2025-02-06 17:20:21,912 : kivy : VideoGstplayer: Using Gstreamer 1.18.5.0
2025-02-06 17:20:21,912 : kivy : Video: Provider: gstplayer
2025-02-06 17:20:21,953 : root : Loading MPF-MC controller
2025-02-06 17:20:21,997 : ConfigProcessor : Config spec file cache created: C:\Users\student\AppData\Local\Temp\config_spec.mpf_cache
2025-02-06 17:20:21,998 : YamlMultifileConfigLoader : Machine config file #1: config
2025-02-06 17:20:21,998 : ConfigProcessor : Loading config from file C:\Users\student\mpfenv3\Lib\site-packages\mpfmc\mcconfig.yaml.
2025-02-06 17:20:22,004 : ConfigProcessor : Loading config: C:\Users\student\mpfenv3\Lib\site-packages\mpfmc\mcconfig.yaml
2025-02-06 17:20:22,004 : ConfigProcessor : Loading config from file C:\Users\student\pinball\cobraPinTest1\config\config.
2025-02-06 17:20:22,010 : ConfigProcessor : Loading config: C:\Users\student\pinball\cobraPinTest1\config\config
2025-02-06 17:20:22,011 : ConfigProcessor : Config file cache created: C:\Users\student\AppData\Local\Temp\d597e459fa663d00d6faab779112d1ee.mpf_cache
2025-02-06 17:20:22,012 : ConfigProcessor : Loading config from file C:\Users\student\mpfenv3\Lib\site-packages\mpf\modes\attract\config\attract.yaml.
2025-02-06 17:20:22,012 : ConfigProcessor : Loading config: C:\Users\student\mpfenv3\Lib\site-packages\mpf\modes\attract\config\attract.yaml
2025-02-06 17:20:22,013 : ConfigProcessor : Loading config from file C:\Users\student\pinball\cobraPinTest1\modes\attract\config\attract.yaml.
2025-02-06 17:20:22,013 : ConfigProcessor : Loading config: C:\Users\student\pinball\cobraPinTest1\modes\attract\config\attract.yaml
2025-02-06 17:20:22,014 : ConfigProcessor : Config file cache created: C:\Users\student\AppData\Local\Temp\0196918bccd620e51d3c4d2630650aa0.mpf_cache
2025-02-06 17:20:22,014 : ConfigProcessor : Loading config from file C:\Users\student\mpfenv3\Lib\site-packages\mpf\modes\game\config\game.yaml.
2025-02-06 17:20:22,015 : ConfigProcessor : Loading config: C:\Users\student\mpfenv3\Lib\site-packages\mpf\modes\game\config\game.yaml
2025-02-06 17:20:22,015 : ConfigProcessor : Config file cache created: C:\Users\student\AppData\Local\Temp\511dcc6b491b0fa2d7aa9abdf6497e9c.mpf_cache
2025-02-06 17:20:22,016 : ConfigProcessor : Loading config from file C:\Users\student\pinball\cobraPinTest1\modes\base\config\base.yaml.
2025-02-06 17:20:22,017 : ConfigProcessor : Loading config: C:\Users\student\pinball\cobraPinTest1\modes\base\config\base.yaml
2025-02-06 17:20:22,017 : ConfigProcessor : Config file cache created: C:\Users\student\AppData\Local\Temp\4675a535c8328a9c278c807d999ed109.mpf_cache
2025-02-06 17:20:22,018 : ConfigProcessor : Loading config from file C:\Users\student\pinball\cobraPinTest1\modes\reentry\config\reentry.yaml.
2025-02-06 17:20:22,021 : ConfigProcessor : Loading config: C:\Users\student\pinball\cobraPinTest1\modes\reentry\config\reentry.yaml
2025-02-06 17:20:22,022 : ConfigProcessor : Config file cache created: C:\Users\student\AppData\Local\Temp\0c8438cab3480347c0c749fa494946a2.mpf_cache
2025-02-06 17:20:22,022 : ConfigProcessor : Loading config from file C:\Users\student\pinball\cobraPinTest1\modes\lowerlanes\config\lowerlanes.yaml.
2025-02-06 17:20:22,022 : ConfigProcessor : Loading config: C:\Users\student\pinball\cobraPinTest1\modes\lowerlanes\config\lowerlanes.yaml
2025-02-06 17:20:22,024 : ConfigProcessor : Config file cache created: C:\Users\student\AppData\Local\Temp\5052615755bdf1309b248cf8695ad4ff.mpf_cache
2025-02-06 17:20:22,024 : ConfigProcessor : Loading config from file C:\Users\student\pinball\cobraPinTest1\modes\returnlanes\config\returnlanes.yaml.
2025-02-06 17:20:22,025 : ConfigProcessor : Loading config: C:\Users\student\pinball\cobraPinTest1\modes\returnlanes\config\returnlanes.yaml
2025-02-06 17:20:22,025 : ConfigProcessor : Config file cache created: C:\Users\student\AppData\Local\Temp\55e33f498afd3883899abc6da4842b47.mpf_cache
2025-02-06 17:20:22,026 : mpfmc : Mission Pinball Framework Media Controller (MPF-MC) v0.57.1. Requires MPF v0.57.0 or newer.
2025-02-06 17:20:22,026 : mpfmc : Found MPF v0.57.3
2025-02-06 17:20:22,026 : mpfmc : Machine path: C:\Users\student\pinball\cobraPinTest1
2025-02-06 17:20:22,026 : mpfmc : Starting clock at 60.0Hz
2025-02-06 17:20:22,043 : kivy : Text: Provider: sdl2
2025-02-06 17:20:22,101 : kivy : Window: Provider: sdl2
2025-02-06 17:20:22,504 : kivy : GL: Using the "OpenGL" graphics system
2025-02-06 17:20:22,507 : kivy : GL: GLEW initialization succeeded
2025-02-06 17:20:22,508 : kivy : GL: Backend used <glew>
2025-02-06 17:20:22,508 : kivy : GL: OpenGL version <b'4.6.13543 Compatibility Profile Context 25.20.15006.9'>
2025-02-06 17:20:22,508 : kivy : GL: OpenGL vendor <b'ATI Technologies Inc.'>
2025-02-06 17:20:22,508 : kivy : GL: OpenGL renderer <b'Radeon RX Vega M GL Graphics'>
2025-02-06 17:20:22,508 : kivy : GL: OpenGL parsed version: 4, 6
2025-02-06 17:20:22,508 : kivy : GL: Shading version <b'4.60'>
2025-02-06 17:20:22,508 : kivy : GL: Texture max size <16384>
2025-02-06 17:20:22,509 : kivy : GL: Texture max units <32>
2025-02-06 17:20:22,524 : kivy : Window: auto add sdl2 input provider
2025-02-06 17:20:22,524 : kivy : Window: virtual keyboard not allowed, single mode, not docked
2025-02-06 17:20:23,024 : AudioInterface : Initialized
2025-02-06 17:20:23,024 : AudioInterface : Loaded SDL 2.26.4
2025-02-06 17:20:23,024 : AudioInterface : Loaded SDL_Mixer 2.6.3
2025-02-06 17:20:23,024 : AudioInterface : Loaded GStreamer 1.18.5.0
2025-02-06 17:20:23,024 : AudioInterface : Loaded GLib 2.62.6
2025-02-06 17:20:23,024 : AudioInterface : Settings requested - rate: 44100, channels: 1, buffer: 2048 samples
2025-02-06 17:20:23,024 : AudioInterface : Settings in use - rate: 44100, channels: 1, buffer: 2048 samples (4096 bytes @ 2 bytes per sample)
2025-02-06 17:20:23,024 : SoundSystem : Setting master volume to 0.0
2025-02-06 17:20:23,024 : AudioInterface : Enabling audio playback
2025-02-06 17:20:23,026 : kivy : Base: Start application main loop
2025-02-06 17:20:23,027 : EventManager : Event: ======'display_window_initialized'====== Args={}
2025-02-06 17:20:23,044 : mpfmc : Display: Setting 'window' as default display
2025-02-06 17:20:23,052 : EventManager : Event: ======'displays_initialized'====== Args={}
2025-02-06 17:20:23,053 : EventManager : Event: ======'slide_window_blank_created'====== Args={}
2025-02-06 17:20:23,053 : EventManager : Event: ======'display_window_ready'====== Args={}
2025-02-06 17:20:23,065 : EventManager : Event: ======'init_phase_1'====== Args={}
2025-02-06 17:20:23,068 : EventManager : Event: ======'mc_ready'====== Args={}
2025-02-06 17:20:23,068 : EventManager : Event: ======'init_phase_2'====== Args={}
2025-02-06 17:20:23,072 : EventManager : Event: ======'init_phase_3'====== Args={}
2025-02-06 17:20:23,074 : EventManager : Event: ======'init_phase_4'====== Args={}
2025-02-06 17:20:23,074 : EventManager : Event: ======'init_phase_5'====== Args={}
2025-02-06 17:20:23,074 : EventManager : Event: ======'init_done'====== Args={}
2025-02-06 17:20:23,074 : MPF-MC BCP Server : Starting up on localhost port 5050
2025-02-06 17:20:23,078 : MPF-MC BCP Server : Waiting for a connection...
2025-02-06 17:20:23,087 : kivy : GL: NPOT texture support is available
2025-02-06 17:20:23,087 : EventManager : Event: ======'slide_welcome_slide_created'====== Args={}
2025-02-06 17:20:23,089 : EventManager : Event: ======'slide_welcome_slide_active'====== Args={}
2025-02-06 17:20:23,100 : EventManager : Event: ======'client_disconnected'====== Args={'host': '127.0.0.1', 'port': 5050}
2025-02-06 17:20:24,160 : MPF-MC BCP Server : Received connection from: 127.0.0.1:59759
2025-02-06 17:20:24,169 : EventManager : Event: ======'client_connected'====== Args={'host': '127.0.0.1', 'port': 59759}
2025-02-06 17:20:24,299 : EventManager : Event: ======'machine_var_credits_string'====== Args={'value': 'FREE PLAY', 'prev_value': None, 'change': True}
2025-02-06 17:20:24,299 : EventManager : Event: ======'machine_var_master_volume'====== Args={'value': 0.5, 'prev_value': None, 'change': True}
2025-02-06 17:20:24,299 : EventManager : Event: ======'machine_var_player1_score'====== Args={'value': 1500, 'prev_value': None, 'change': True}
2025-02-06 17:20:24,299 : EventManager : Event: ======'machine_var_mpf_version'====== Args={'value': 'Mission Pinball Framework v0.57.3', 'prev_value': None, 'change': True}
2025-02-06 17:20:24,299 : EventManager : Event: ======'machine_var_mpf_extended_version'====== Args={'value': 'Mission Pinball Framework v0.57.3, Config version:6, Show version: 6, BCP version:1.1', 'prev_value': None, 'change': True}
2025-02-06 17:20:24,299 : EventManager : Event: ======'machine_var_python_version'====== Args={'value': '3.11.8', 'prev_value': None, 'change': True}
2025-02-06 17:20:24,299 : EventManager : Event: ======'machine_var_platform'====== Args={'value': 'Windows-10-10.0.19045-SP0', 'prev_value': None, 'change': True}
2025-02-06 17:20:24,299 : EventManager : Event: ======'machine_var_platform_system'====== Args={'value': 'Windows', 'prev_value': None, 'change': True}
2025-02-06 17:20:24,299 : EventManager : Event: ======'machine_var_platform_release'====== Args={'value': '10', 'prev_value': None, 'change': True}
2025-02-06 17:20:24,299 : EventManager : Event: ======'machine_var_platform_version'====== Args={'value': '10.0.19045', 'prev_value': None, 'change': True}
2025-02-06 17:20:24,299 : EventManager : Event: ======'machine_var_platform_machine'====== Args={'value': 'AMD64', 'prev_value': None, 'change': True}
2025-02-06 17:20:24,299 : EventManager : Event: ======'machine_var_mc_version'====== Args={'value': 'MPF-MC v0.57.1', 'prev_value': None, 'change': True}
2025-02-06 17:20:24,299 : EventManager : Event: ======'machine_var_mc_extended_version'====== Args={'value': 'MPF-MC v0.57.1 (config_version=6, BCP v1.1,                      Requires MPF API compatibility v0.57.0 or newer)', 'prev_value': None, 'change': True}
2025-02-06 17:20:24,299 : EventManager : Event: ======'machine_var_credits_string'====== Args={'value': 'FREE PLAY', 'prev_value': None, 'change': True}
2025-02-06 17:20:24,299 : EventManager : Event: ======'machine_var_master_volume'====== Args={'value': 0.5, 'prev_value': None, 'change': True}
2025-02-06 17:20:24,300 : EventManager : Event: ======'machine_var_player1_score'====== Args={'value': 1500, 'prev_value': None, 'change': True}
2025-02-06 17:20:24,300 : EventManager : Event: ======'machine_var_mpf_version'====== Args={'value': 'Mission Pinball Framework v0.57.3', 'prev_value': None, 'change': True}
2025-02-06 17:20:24,300 : EventManager : Event: ======'machine_var_mpf_extended_version'====== Args={'value': 'Mission Pinball Framework v0.57.3, Config version:6, Show version: 6, BCP version:1.1', 'prev_value': None, 'change': True}
2025-02-06 17:20:24,300 : EventManager : Event: ======'machine_var_python_version'====== Args={'value': '3.11.8', 'prev_value': None, 'change': True}
2025-02-06 17:20:24,300 : EventManager : Event: ======'machine_var_platform'====== Args={'value': 'Windows-10-10.0.19045-SP0', 'prev_value': None, 'change': True}
2025-02-06 17:20:24,300 : EventManager : Event: ======'machine_var_platform_system'====== Args={'value': 'Windows', 'prev_value': None, 'change': True}
2025-02-06 17:20:24,300 : EventManager : Event: ======'machine_var_platform_release'====== Args={'value': '10', 'prev_value': None, 'change': True}
2025-02-06 17:20:24,300 : EventManager : Event: ======'machine_var_platform_version'====== Args={'value': '10.0.19045', 'prev_value': None, 'change': True}
2025-02-06 17:20:24,300 : EventManager : Event: ======'machine_var_platform_machine'====== Args={'value': 'AMD64', 'prev_value': None, 'change': True}
2025-02-06 17:20:24,300 : EventManager : Event: ======'machine_var_mc_version'====== Args={'value': 'MPF-MC v0.57.1', 'prev_value': None, 'change': True}
2025-02-06 17:20:24,300 : EventManager : Event: ======'machine_var_mc_extended_version'====== Args={'value': 'MPF-MC v0.57.1 (config_version=6, BCP v1.1,                      Requires MPF API compatibility v0.57.0 or newer)', 'prev_value': None, 'change': True}
2025-02-06 17:20:24,300 : EventManager : Event: ======'machine_var_credits_string'====== Args={'value': 'FREE PLAY', 'prev_value': None, 'change': True}
2025-02-06 17:20:24,300 : EventManager : Event: ======'machine_var_master_volume'====== Args={'value': 0.5, 'prev_value': None, 'change': True}
2025-02-06 17:20:24,300 : EventManager : Event: ======'machine_var_player1_score'====== Args={'value': 1500, 'prev_value': None, 'change': True}
2025-02-06 17:20:24,300 : EventManager : Event: ======'machine_var_mpf_version'====== Args={'value': 'Mission Pinball Framework v0.57.3', 'prev_value': None, 'change': True}
2025-02-06 17:20:24,300 : EventManager : Event: ======'machine_var_mpf_extended_version'====== Args={'value': 'Mission Pinball Framework v0.57.3, Config version:6, Show version: 6, BCP version:1.1', 'prev_value': None, 'change': True}
2025-02-06 17:20:24,300 : EventManager : Event: ======'machine_var_python_version'====== Args={'value': '3.11.8', 'prev_value': None, 'change': True}
2025-02-06 17:20:24,301 : EventManager : Event: ======'machine_var_platform'====== Args={'value': 'Windows-10-10.0.19045-SP0', 'prev_value': None, 'change': True}
2025-02-06 17:20:24,301 : EventManager : Event: ======'machine_var_platform_system'====== Args={'value': 'Windows', 'prev_value': None, 'change': True}
2025-02-06 17:20:24,301 : EventManager : Event: ======'machine_var_platform_release'====== Args={'value': '10', 'prev_value': None, 'change': True}
2025-02-06 17:20:24,301 : EventManager : Event: ======'machine_var_platform_version'====== Args={'value': '10.0.19045', 'prev_value': None, 'change': True}
2025-02-06 17:20:24,301 : EventManager : Event: ======'machine_var_platform_machine'====== Args={'value': 'AMD64', 'prev_value': None, 'change': True}
2025-02-06 17:20:24,301 : EventManager : Event: ======'machine_var_mc_version'====== Args={'value': 'MPF-MC v0.57.1', 'prev_value': None, 'change': True}
2025-02-06 17:20:24,301 : EventManager : Event: ======'machine_var_mc_extended_version'====== Args={'value': 'MPF-MC v0.57.1 (config_version=6, BCP v1.1,                      Requires MPF API compatibility v0.57.0 or newer)', 'prev_value': None, 'change': True}
2025-02-06 17:20:24,301 : EventManager : Event: ======'machine_var_credits_string'====== Args={'value': 'FREE PLAY', 'prev_value': None, 'change': True}
2025-02-06 17:20:24,301 : EventManager : Event: ======'machine_var_master_volume'====== Args={'value': 0.5, 'prev_value': None, 'change': True}
2025-02-06 17:20:24,301 : EventManager : Event: ======'machine_var_player1_score'====== Args={'value': 1500, 'prev_value': None, 'change': True}
2025-02-06 17:20:24,301 : EventManager : Event: ======'machine_var_mpf_version'====== Args={'value': 'Mission Pinball Framework v0.57.3', 'prev_value': None, 'change': True}
2025-02-06 17:20:24,301 : EventManager : Event: ======'machine_var_mpf_extended_version'====== Args={'value': 'Mission Pinball Framework v0.57.3, Config version:6, Show version: 6, BCP version:1.1', 'prev_value': None, 'change': True}
2025-02-06 17:20:24,301 : EventManager : Event: ======'machine_var_python_version'====== Args={'value': '3.11.8', 'prev_value': None, 'change': True}
2025-02-06 17:20:24,301 : EventManager : Event: ======'machine_var_platform'====== Args={'value': 'Windows-10-10.0.19045-SP0', 'prev_value': None, 'change': True}
2025-02-06 17:20:24,301 : EventManager : Event: ======'machine_var_platform_system'====== Args={'value': 'Windows', 'prev_value': None, 'change': True}
2025-02-06 17:20:24,301 : EventManager : Event: ======'machine_var_platform_release'====== Args={'value': '10', 'prev_value': None, 'change': True}
2025-02-06 17:20:24,301 : EventManager : Event: ======'machine_var_platform_version'====== Args={'value': '10.0.19045', 'prev_value': None, 'change': True}
2025-02-06 17:20:24,302 : EventManager : Event: ======'machine_var_platform_machine'====== Args={'value': 'AMD64', 'prev_value': None, 'change': True}
2025-02-06 17:20:24,302 : EventManager : Event: ======'machine_var_mc_version'====== Args={'value': 'MPF-MC v0.57.1', 'prev_value': None, 'change': True}
2025-02-06 17:20:24,302 : EventManager : Event: ======'machine_var_mc_extended_version'====== Args={'value': 'MPF-MC v0.57.1 (config_version=6, BCP v1.1,                      Requires MPF API compatibility v0.57.0 or newer)', 'prev_value': None, 'change': True}
2025-02-06 17:20:24,302 : SoundSystem : Setting master volume to 0.5
2025-02-06 17:20:24,302 : SoundSystem : Setting master volume to 0.5
2025-02-06 17:20:24,302 : SoundSystem : Setting master volume to 0.5
2025-02-06 17:20:24,302 : SoundSystem : Setting master volume to 0.5
2025-02-06 17:20:24,376 : EventManager : Event: ======'machine_var_audits_events_game_ended'====== Args={'value': 0, 'prev_value': None, 'change': True}
2025-02-06 17:20:24,389 : EventManager : Event: ======'machine_var_audits_events_game_started'====== Args={'value': 44, 'prev_value': None, 'change': True}
2025-02-06 17:20:24,389 : EventManager : Event: ======'machine_var_audits_missing_switches_s_left_out_lane'====== Args={'value': 1, 'prev_value': None, 'change': True}
2025-02-06 17:20:24,389 : EventManager : Event: ======'machine_var_audits_missing_switches_s_left_return_lane'====== Args={'value': 1, 'prev_value': None, 'change': True}
2025-02-06 17:20:24,389 : EventManager : Event: ======'machine_var_audits_missing_switches_s_plunger'====== Args={'value': 42, 'prev_value': None, 'change': True}
2025-02-06 17:20:24,389 : EventManager : Event: ======'machine_var_audits_missing_switches_s_reentry_left'====== Args={'value': 1, 'prev_value': None, 'change': True}
2025-02-06 17:20:24,389 : EventManager : Event: ======'machine_var_audits_missing_switches_s_reentry_middle'====== Args={'value': 1, 'prev_value': None, 'change': True}
2025-02-06 17:20:24,390 : EventManager : Event: ======'machine_var_audits_missing_switches_s_reentry_right'====== Args={'value': 1, 'prev_value': None, 'change': True}
2025-02-06 17:20:24,390 : EventManager : Event: ======'machine_var_audits_missing_switches_s_right_out_lane'====== Args={'value': 1, 'prev_value': None, 'change': True}
2025-02-06 17:20:24,390 : EventManager : Event: ======'machine_var_audits_missing_switches_s_spacewarp_rollover'====== Args={'value': 26, 'prev_value': None, 'change': True}
2025-02-06 17:20:24,390 : EventManager : Event: ======'machine_var_audits_missing_switches_s_start'====== Args={'value': 43, 'prev_value': None, 'change': True}
2025-02-06 17:20:24,390 : EventManager : Event: ======'machine_var_audits_missing_switches_s_trough1'====== Args={'value': 43, 'prev_value': None, 'change': True}
2025-02-06 17:20:24,390 : EventManager : Event: ======'machine_var_audits_player_score'====== Args={'value': {'average': 1800.0, 'top': [2000, 1900, 1500], 'total': 3}, 'prev_value': None, 'change': True}
2025-02-06 17:20:24,390 : EventManager : Event: ======'machine_var_audits_shots_bonusLane_shot'====== Args={'value': 73, 'prev_value': None, 'change': True}
2025-02-06 17:20:24,390 : EventManager : Event: ======'machine_var_audits_shots_medalL_shot'====== Args={'value': 174, 'prev_value': None, 'change': True}
2025-02-06 17:20:24,390 : EventManager : Event: ======'machine_var_audits_shots_medalM_shot'====== Args={'value': 166, 'prev_value': None, 'change': True}
2025-02-06 17:20:24,391 : EventManager : Event: ======'machine_var_audits_shots_medalR_shot'====== Args={'value': 165, 'prev_value': None, 'change': True}
2025-02-06 17:20:24,391 : EventManager : Event: ======'machine_var_audits_shots_my_first_shot'====== Args={'value': 119, 'prev_value': None, 'change': True}
2025-02-06 17:20:24,391 : EventManager : Event: ======'machine_var_audits_shots_my_first_shot_mode2'====== Args={'value': 72, 'prev_value': None, 'change': True}
2025-02-06 17:20:24,391 : EventManager : Event: ======'machine_var_audits_shots_outLaneL_shot'====== Args={'value': 19, 'prev_value': None, 'change': True}
2025-02-06 17:20:24,391 : EventManager : Event: ======'machine_var_audits_shots_outLaneR_shot'====== Args={'value': 88, 'prev_value': None, 'change': True}
2025-02-06 17:20:24,391 : EventManager : Event: ======'machine_var_audits_shots_reentryL_shot'====== Args={'value': 545, 'prev_value': None, 'change': True}
2025-02-06 17:20:24,391 : EventManager : Event: ======'machine_var_audits_shots_reentryM_shot'====== Args={'value': 501, 'prev_value': None, 'change': True}
2025-02-06 17:20:24,391 : EventManager : Event: ======'machine_var_audits_shots_reentryR_shot'====== Args={'value': 493, 'prev_value': None, 'change': True}
2025-02-06 17:20:24,391 : EventManager : Event: ======'machine_var_audits_shots_reentry_shot'====== Args={'value': 9, 'prev_value': None, 'change': True}
2025-02-06 17:20:24,391 : EventManager : Event: ======'machine_var_audits_shots_returnLaneL_shot'====== Args={'value': 183, 'prev_value': None, 'change': True}
2025-02-06 17:20:24,391 : EventManager : Event: ======'machine_var_audits_shots_returnLaneR_shot'====== Args={'value': 130, 'prev_value': None, 'change': True}
2025-02-06 17:20:24,391 : EventManager : Event: ======'machine_var_audits_shots_spacewarp_rollover_shot'====== Args={'value': 47, 'prev_value': None, 'change': True}
2025-02-06 17:20:24,391 : EventManager : Event: ======'machine_var_audits_shots_top_lane_A'====== Args={'value': 12, 'prev_value': None, 'change': True}
2025-02-06 17:20:24,391 : EventManager : Event: ======'machine_var_audits_shots_top_lane_J'====== Args={'value': 12, 'prev_value': None, 'change': True}
2025-02-06 17:20:24,391 : EventManager : Event: ======'machine_var_audits_shots_top_lane_M'====== Args={'value': 9, 'prev_value': None, 'change': True}
2025-02-06 17:20:24,392 : EventManager : Event: ======'machine_var_audits_switches_s_blackhole_kicker'====== Args={'value': 0, 'prev_value': None, 'change': True}
2025-02-06 17:20:24,392 : EventManager : Event: ======'machine_var_audits_switches_s_bonus_lane'====== Args={'value': 86, 'prev_value': None, 'change': True}
2025-02-06 17:20:24,392 : EventManager : Event: ======'machine_var_audits_switches_s_booster_drop_target_1'====== Args={'value': 0, 'prev_value': None, 'change': True}
2025-02-06 17:20:24,392 : EventManager : Event: ======'machine_var_audits_switches_s_booster_drop_target_2'====== Args={'value': 0, 'prev_value': None, 'change': True}
2025-02-06 17:20:24,392 : EventManager : Event: ======'machine_var_audits_switches_s_booster_drop_target_3'====== Args={'value': 0, 'prev_value': None, 'change': True}
2025-02-06 17:20:24,392 : EventManager : Event: ======'machine_var_audits_switches_s_comet_spot_1'====== Args={'value': 0, 'prev_value': None, 'change': True}
2025-02-06 17:20:24,392 : EventManager : Event: ======'machine_var_audits_switches_s_comet_spot_2'====== Args={'value': 0, 'prev_value': None, 'change': True}
2025-02-06 17:20:24,392 : EventManager : Event: ======'machine_var_audits_switches_s_comet_spot_3'====== Args={'value': 0, 'prev_value': None, 'change': True}
2025-02-06 17:20:24,392 : EventManager : Event: ======'machine_var_audits_switches_s_engine_bumper_1'====== Args={'value': 0, 'prev_value': None, 'change': True}
2025-02-06 17:20:24,392 : EventManager : Event: ======'machine_var_audits_switches_s_engine_bumper_2'====== Args={'value': 0, 'prev_value': None, 'change': True}
2025-02-06 17:20:24,392 : EventManager : Event: ======'machine_var_audits_switches_s_engine_bumper_3'====== Args={'value': 0, 'prev_value': None, 'change': True}
2025-02-06 17:20:24,392 : EventManager : Event: ======'machine_var_audits_switches_s_fuel_chute_1'====== Args={'value': 0, 'prev_value': None, 'change': True}
2025-02-06 17:20:24,392 : EventManager : Event: ======'machine_var_audits_switches_s_fuel_chute_2'====== Args={'value': 0, 'prev_value': None, 'change': True}
2025-02-06 17:20:24,392 : EventManager : Event: ======'machine_var_audits_switches_s_fuel_chute_3'====== Args={'value': 0, 'prev_value': None, 'change': True}
2025-02-06 17:20:24,392 : EventManager : Event: ======'machine_var_audits_switches_s_fuel_chute_4'====== Args={'value': 0, 'prev_value': None, 'change': True}
2025-02-06 17:20:24,392 : EventManager : Event: ======'machine_var_audits_switches_s_fuel_chute_5'====== Args={'value': 0, 'prev_value': None, 'change': True}
2025-02-06 17:20:24,393 : EventManager : Event: ======'machine_var_audits_switches_s_fuel_chute_6'====== Args={'value': 0, 'prev_value': None, 'change': True}
2025-02-06 17:20:24,393 : EventManager : Event: ======'machine_var_audits_switches_s_fuel_flag'====== Args={'value': 0, 'prev_value': None, 'change': True}
2025-02-06 17:20:24,393 : EventManager : Event: ======'machine_var_audits_switches_s_fuel_spot_1'====== Args={'value': 0, 'prev_value': None, 'change': True}
2025-02-06 17:20:24,393 : EventManager : Event: ======'machine_var_audits_switches_s_fuel_spot_2'====== Args={'value': 0, 'prev_value': None, 'change': True}
2025-02-06 17:20:24,393 : EventManager : Event: ======'machine_var_audits_switches_s_fuel_spot_3'====== Args={'value': 0, 'prev_value': None, 'change': True}
2025-02-06 17:20:24,393 : EventManager : Event: ======'machine_var_audits_switches_s_green_wormhole'====== Args={'value': 0, 'prev_value': None, 'change': True}
2025-02-06 17:20:24,393 : EventManager : Event: ======'machine_var_audits_switches_s_hyperspace_flag'====== Args={'value': 0, 'prev_value': None, 'change': True}
2025-02-06 17:20:24,393 : EventManager : Event: ======'machine_var_audits_switches_s_hyperspacekicker'====== Args={'value': 0, 'prev_value': None, 'change': True}
2025-02-06 17:20:24,393 : EventManager : Event: ======'machine_var_audits_switches_s_launch_lane_1'====== Args={'value': 0, 'prev_value': None, 'change': True}
2025-02-06 17:20:24,393 : EventManager : Event: ======'machine_var_audits_switches_s_launch_lane_2'====== Args={'value': 0, 'prev_value': None, 'change': True}
2025-02-06 17:20:24,393 : EventManager : Event: ======'machine_var_audits_switches_s_launch_lane_3'====== Args={'value': 0, 'prev_value': None, 'change': True}
2025-02-06 17:20:24,393 : EventManager : Event: ======'machine_var_audits_switches_s_launch_ramp'====== Args={'value': 0, 'prev_value': None, 'change': True}
2025-02-06 17:20:24,393 : EventManager : Event: ======'machine_var_audits_switches_s_left_attack_bumper'====== Args={'value': 523, 'prev_value': None, 'change': True}
2025-02-06 17:20:24,393 : EventManager : Event: ======'machine_var_audits_switches_s_left_flipper'====== Args={'value': 2071, 'prev_value': None, 'change': True}
2025-02-06 17:20:24,393 : EventManager : Event: ======'machine_var_audits_switches_s_left_out_lane'====== Args={'value': 23, 'prev_value': None, 'change': True}
2025-02-06 17:20:24,393 : EventManager : Event: ======'machine_var_audits_switches_s_left_out_lane_kicker'====== Args={'value': 0, 'prev_value': None, 'change': True}
2025-02-06 17:20:24,393 : EventManager : Event: ======'machine_var_audits_switches_s_left_return_lane'====== Args={'value': 190, 'prev_value': None, 'change': True}
2025-02-06 17:20:24,393 : EventManager : Event: ======'machine_var_audits_switches_s_lower_attack_bumper'====== Args={'value': 212, 'prev_value': None, 'change': True}
2025-02-06 17:20:24,393 : EventManager : Event: ======'machine_var_audits_switches_s_lower_left_rebound'====== Args={'value': 0, 'prev_value': None, 'change': True}
2025-02-06 17:20:24,394 : EventManager : Event: ======'machine_var_audits_switches_s_lower_left_slingshot'====== Args={'value': 240, 'prev_value': None, 'change': True}
2025-02-06 17:20:24,394 : EventManager : Event: ======'machine_var_audits_switches_s_lower_right_rebound'====== Args={'value': 0, 'prev_value': None, 'change': True}
2025-02-06 17:20:24,394 : EventManager : Event: ======'machine_var_audits_switches_s_lower_right_slingshot'====== Args={'value': 232, 'prev_value': None, 'change': True}
2025-02-06 17:20:24,394 : EventManager : Event: ======'machine_var_audits_switches_s_medal_drop_left'====== Args={'value': 188, 'prev_value': None, 'change': True}
2025-02-06 17:20:24,394 : EventManager : Event: ======'machine_var_audits_switches_s_medal_drop_middle'====== Args={'value': 180, 'prev_value': None, 'change': True}
2025-02-06 17:20:24,394 : EventManager : Event: ======'machine_var_audits_switches_s_medal_drop_right'====== Args={'value': 179, 'prev_value': None, 'change': True}
2025-02-06 17:20:24,394 : EventManager : Event: ======'machine_var_audits_switches_s_mission_spot_1'====== Args={'value': 0, 'prev_value': None, 'change': True}
2025-02-06 17:20:24,394 : EventManager : Event: ======'machine_var_audits_switches_s_mission_spot_2'====== Args={'value': 2, 'prev_value': None, 'change': True}
2025-02-06 17:20:24,394 : EventManager : Event: ======'machine_var_audits_switches_s_mission_spot_3'====== Args={'value': 0, 'prev_value': None, 'change': True}
2025-02-06 17:20:24,394 : EventManager : Event: ======'machine_var_audits_switches_s_multiplier_left'====== Args={'value': 0, 'prev_value': None, 'change': True}
2025-02-06 17:20:24,394 : EventManager : Event: ======'machine_var_audits_switches_s_multiplier_middle'====== Args={'value': 0, 'prev_value': None, 'change': True}
2025-02-06 17:20:24,394 : EventManager : Event: ======'machine_var_audits_switches_s_multiplier_right'====== Args={'value': 0, 'prev_value': None, 'change': True}
2025-02-06 17:20:24,394 : EventManager : Event: ======'machine_var_audits_switches_s_plunger'====== Args={'value': 177, 'prev_value': None, 'change': True}
2025-02-06 17:20:24,394 : EventManager : Event: ======'machine_var_audits_switches_s_radiationspot_1'====== Args={'value': 0, 'prev_value': None, 'change': True}
2025-02-06 17:20:24,394 : EventManager : Event: ======'machine_var_audits_switches_s_radiationspot_2'====== Args={'value': 0, 'prev_value': None, 'change': True}
2025-02-06 17:20:24,394 : EventManager : Event: ======'machine_var_audits_switches_s_radiationspot_3'====== Args={'value': 0, 'prev_value': None, 'change': True}
2025-02-06 17:20:24,394 : EventManager : Event: ======'machine_var_audits_switches_s_red_wormhole'====== Args={'value': 0, 'prev_value': None, 'change': True}
2025-02-06 17:20:24,394 : EventManager : Event: ======'machine_var_audits_switches_s_reentry_left'====== Args={'value': 903, 'prev_value': None, 'change': True}
2025-02-06 17:20:24,395 : EventManager : Event: ======'machine_var_audits_switches_s_reentry_middle'====== Args={'value': 575, 'prev_value': None, 'change': True}
2025-02-06 17:20:24,395 : EventManager : Event: ======'machine_var_audits_switches_s_reentry_right'====== Args={'value': 552, 'prev_value': None, 'change': True}
2025-02-06 17:20:24,395 : EventManager : Event: ======'machine_var_audits_switches_s_right_flipper'====== Args={'value': 2387, 'prev_value': None, 'change': True}
2025-02-06 17:20:24,395 : EventManager : Event: ======'machine_var_audits_switches_s_right_inlane'====== Args={'value': 0, 'prev_value': None, 'change': True}
2025-02-06 17:20:24,395 : EventManager : Event: ======'machine_var_audits_switches_s_right_out_lane'====== Args={'value': 114, 'prev_value': None, 'change': True}
2025-02-06 17:20:24,395 : EventManager : Event: ======'machine_var_audits_switches_s_right_out_lane_kicker'====== Args={'value': 0, 'prev_value': None, 'change': True}
2025-02-06 17:20:24,395 : EventManager : Event: ======'machine_var_audits_switches_s_right_return_lane'====== Args={'value': 142, 'prev_value': None, 'change': True}
2025-02-06 17:20:24,395 : EventManager : Event: ======'machine_var_audits_switches_s_satellite_bumper'====== Args={'value': 0, 'prev_value': None, 'change': True}
2025-02-06 17:20:24,395 : EventManager : Event: ======'machine_var_audits_switches_s_secondary_outlane_kicker'====== Args={'value': 0, 'prev_value': None, 'change': True}
2025-02-06 17:20:24,395 : EventManager : Event: ======'machine_var_audits_switches_s_skill_shot_1'====== Args={'value': 0, 'prev_value': None, 'change': True}
2025-02-06 17:20:24,395 : EventManager : Event: ======'machine_var_audits_switches_s_skill_shot_2'====== Args={'value': 0, 'prev_value': None, 'change': True}
2025-02-06 17:20:24,395 : EventManager : Event: ======'machine_var_audits_switches_s_skill_shot_3'====== Args={'value': 0, 'prev_value': None, 'change': True}
2025-02-06 17:20:24,395 : EventManager : Event: ======'machine_var_audits_switches_s_skill_shot_4'====== Args={'value': 0, 'prev_value': None, 'change': True}
2025-02-06 17:20:24,395 : EventManager : Event: ======'machine_var_audits_switches_s_skill_shot_5'====== Args={'value': 0, 'prev_value': None, 'change': True}
2025-02-06 17:20:24,395 : EventManager : Event: ======'machine_var_audits_switches_s_skill_shot_6'====== Args={'value': 0, 'prev_value': None, 'change': True}
2025-02-06 17:20:24,396 : EventManager : Event: ======'machine_var_audits_switches_s_skill_shot_lane'====== Args={'value': 0, 'prev_value': None, 'change': True}
2025-02-06 17:20:24,396 : EventManager : Event: ======'machine_var_audits_switches_s_spacewarp_rollover'====== Args={'value': 48, 'prev_value': None, 'change': True}
2025-02-06 17:20:24,396 : EventManager : Event: ======'machine_var_audits_switches_s_start'====== Args={'value': 7, 'prev_value': None, 'change': True}
2025-02-06 17:20:24,396 : EventManager : Event: ======'machine_var_audits_switches_s_trough1'====== Args={'value': 30, 'prev_value': None, 'change': True}
2025-02-06 17:20:24,396 : EventManager : Event: ======'machine_var_audits_switches_s_trough2'====== Args={'value': 0, 'prev_value': None, 'change': True}
2025-02-06 17:20:24,396 : EventManager : Event: ======'machine_var_audits_switches_s_trough3'====== Args={'value': 0, 'prev_value': None, 'change': True}
2025-02-06 17:20:24,396 : EventManager : Event: ======'machine_var_audits_switches_s_trough4'====== Args={'value': 0, 'prev_value': None, 'change': True}
2025-02-06 17:20:24,396 : EventManager : Event: ======'machine_var_audits_switches_s_trough5'====== Args={'value': 0, 'prev_value': None, 'change': True}
2025-02-06 17:20:24,396 : EventManager : Event: ======'machine_var_audits_switches_s_trough6'====== Args={'value': 0, 'prev_value': None, 'change': True}
2025-02-06 17:20:24,396 : EventManager : Event: ======'machine_var_audits_switches_s_trough_jam'====== Args={'value': 0, 'prev_value': None, 'change': True}
2025-02-06 17:20:24,396 : EventManager : Event: ======'machine_var_audits_switches_s_upper_attack_bumper'====== Args={'value': 340, 'prev_value': None, 'change': True}
2025-02-06 17:20:24,396 : EventManager : Event: ======'machine_var_audits_switches_s_upper_left_rebound'====== Args={'value': 0, 'prev_value': None, 'change': True}
2025-02-06 17:20:24,396 : EventManager : Event: ======'machine_var_audits_switches_s_upper_right_rebound'====== Args={'value': 0, 'prev_value': None, 'change': True}
2025-02-06 17:20:24,396 : EventManager : Event: ======'machine_var_audits_switches_s_wormhole_target'====== Args={'value': 68, 'prev_value': None, 'change': True}
2025-02-06 17:20:24,396 : EventManager : Event: ======'machine_var_audits_switches_s_yellow_wormhole'====== Args={'value': 0, 'prev_value': None, 'change': True}
2025-02-06 17:20:24,409 : EventManager : Event: ======'slides_play'====== Args={'settings': {'welcome_slide': {'target': None, 'background_color': [0.0, 0.0, 0.0, 1.0], 'priority': None, 'show': True, 'force': False, 'expire': None, 'slide': None, 'tokens': {}, 'action': 'play'}}, 'context': '_global', 'calling_context': 'init_done', 'priority': 0}
2025-02-06 17:20:24,409 : EventManager : Event: ======'mc_reset_phase_1'====== Args={}
2025-02-06 17:20:24,409 : EventManager : Event: ======'slide_welcome_slide_removed'====== Args={}
2025-02-06 17:20:24,411 : EventManager : Event: ======'slide_welcome_slide_created'====== Args={}
2025-02-06 17:20:24,411 : EventManager : Event: ======'mc_reset_phase_2'====== Args={}
2025-02-06 17:20:24,412 : EventManager : Event: ======'mc_reset_phase_3'====== Args={}
2025-02-06 17:20:24,412 : EventManager : Event: ======'mc_reset_complete'====== Args={}
2025-02-06 17:20:24,412 : EventManager : Event: ======'slide_welcome_slide_active'====== Args={}
2025-02-06 17:20:24,416 : EventManager : Event: ======'slides_play'====== Args={'settings': {'awesome_slide': {'widgets': [{'type': 'text', 'text': 'YOU ARE AWESOME', 'font_size': 50, '_default_settings': ['type', 'text', 'font_size'], 'x': None, 'y': None, 'anchor_x': 'center', 'anchor_y': 'center', 'round_anchor_x': None, 'round_anchor_y': None, 'opacity': 1.0, 'z': 0, 'reset_animations_events': {}, 'color': [1.0, 1.0, 1.0, 1.0], 'style': [], 'adjust_top': 0, 'adjust_bottom': 0, 'adjust_left': 0, 'adjust_right': 0, 'expire': None, 'key': None, 'widget': None, 'events_when_added': [], 'events_when_removed': [], 'bitmap_font': False, 'font_kerning': True, 'bold': False, 'italic': False, 'number_grouping': False, 'min_digits': 0, 'halign': 'center', 'valign': 'middle', 'rotation': 0, 'scale': 1.0, 'casing': None, 'outline_color': [1.0, 1.0, 1.0, 1.0], 'outline_width': 0, 'animations': None}], 'transition': {'type': 'push', 'duration': 1.0, 'direction': 'left', 'easing': 'out_quad'}, 'target': None, 'background_color': [0.0, 0.0, 0.0, 1.0], 'priority': None, 'show': True, 'force': False, 'expire': None, 'slide': None, 'tokens': {}, 'action': 'play'}}, 'context': 'show_2', 'calling_context': 0, 'priority': 10, 'show_tokens': {}, 'start_time': 1457769.406}
2025-02-06 17:20:24,418 : EventManager : Event: ======'slide_awesome_slide_created'====== Args={}
2025-02-06 17:20:24,419 : EventManager : Event: ======'slide_awesome_slide_active'====== Args={}
2025-02-06 17:20:27,430 : EventManager : Event: ======'slides_play'====== Args={'settings': {'press_start': {'widgets': [{'type': 'Text', 'text': 'PRESS START', 'animations': {'pre_show_slide': [{'property': ['opacity'], 'value': ['0'], 'duration': 0.5, 'relative': False, 'timing': 'after_previous', 'repeat': False, 'easing': 'linear', 'step': 0.0}, {'property': ['opacity'], 'value': ['1'], 'duration': 0.5, 'repeat': False, 'relative': False, 'timing': 'after_previous', 'easing': 'linear', 'step': 0.0}]}, '_default_settings': ['type', 'text', 'animations'], 'x': None, 'y': None, 'anchor_x': 'center', 'anchor_y': 'center', 'round_anchor_x': None, 'round_anchor_y': None, 'opacity': 1.0, 'z': 0, 'reset_animations_events': {}, 'color': [1.0, 1.0, 1.0, 1.0], 'style': [], 'adjust_top': 0, 'adjust_bottom': 0, 'adjust_left': 0, 'adjust_right': 0, 'expire': None, 'key': None, 'widget': None, 'events_when_added': [], 'events_when_removed': [], 'font_size': 15, 'bitmap_font': False, 'font_kerning': True, 'bold': False, 'italic': False, 'number_grouping': False, 'min_digits': 0, 'halign': 'center', 'valign': 'middle', 'rotation': 0, 'scale': 1.0, 'casing': None, 'outline_color': [1.0, 1.0, 1.0, 1.0], 'outline_width': 0}, {'type': 'Text', 'text': 'FREE PLAY', 'color': [0.0, 0.5019607843137255, 0.0, 1], 'y': '10', 'anchor_y': 'bottom', '_default_settings': ['type', 'text', 'color', 'y', 'anchor_y'], 'x': None, 'anchor_x': 'center', 'round_anchor_x': None, 'round_anchor_y': None, 'opacity': 1.0, 'z': 0, 'reset_animations_events': {}, 'style': [], 'adjust_top': 0, 'adjust_bottom': 0, 'adjust_left': 0, 'adjust_right': 0, 'expire': None, 'key': None, 'widget': None, 'events_when_added': [], 'events_when_removed': [], 'font_size': 15, 'bitmap_font': False, 'font_kerning': True, 'bold': False, 'italic': False, 'number_grouping': False, 'min_digits': 0, 'halign': 'center', 'valign': 'middle', 'rotation': 0, 'scale': 1.0, 'casing': None, 'outline_color': [1.0, 1.0, 1.0, 1.0], 'outline_width': 0, 'animations': None}], 'transition': {'type': 'move_in', 'duration': 1.0, 'direction': 'right', 'easing': 'out_quad'}, 'target': None, 'background_color': [0.0, 0.0, 0.0, 1.0], 'priority': None, 'show': True, 'force': False, 'expire': None, 'slide': None, 'tokens': {}, 'action': 'play'}}, 'context': 'show_2', 'calling_context': 1, 'priority': 10, 'show_tokens': {}, 'start_time': 1457772.406}
2025-02-06 17:20:27,435 : EventManager : Event: ======'slide_press_start_created'====== Args={}
2025-02-06 17:20:27,436 : EventManager : Event: ======'slide_press_start_active'====== Args={}
2025-02-06 17:20:28,088 : EventManager : Event: ======'game_started'====== Args={}
2025-02-06 17:20:28,088 : EventManager : Event: ======'slides_clear'====== Args={'context': 'show_2'}
2025-02-06 17:20:28,088 : EventManager : Event: ======'slide_awesome_slide_removed'====== Args={}
2025-02-06 17:20:28,088 : EventManager : Event: ======'slide_press_start_removed'====== Args={}
2025-02-06 17:20:28,088 : EventManager : Event: ======'slide_welcome_slide_active'====== Args={}
2025-02-06 17:20:28,100 : EventManager : Event: ======'player_added'====== Args={'player': <Player 1>, 'num': 1}
2025-02-06 17:20:28,100 : EventManager : Event: ======'player_index'====== Args={'value': 0, 'prev_value': 0, 'change': 0, 'player_num': 1}
2025-02-06 17:20:28,100 : EventManager : Event: ======'player_number'====== Args={'value': 1, 'prev_value': 1, 'change': 0, 'player_num': 1}
2025-02-06 17:20:28,100 : EventManager : Event: ======'player_score'====== Args={'value': 0, 'prev_value': 0, 'change': 0, 'player_num': 1}
2025-02-06 17:20:28,113 : EventManager : Event: ======'player_ball'====== Args={'value': 1, 'prev_value': 0, 'change': 1, 'player_num': 1}
2025-02-06 17:20:28,113 : EventManager : Event: ======'player_turn_start'====== Args={'number': 1, 'player': <Player 1>}
2025-02-06 17:20:28,126 : EventManager : Event: ======'slides_play'====== Args={'settings': {'widgets': {'widgets': [{'type': 'text', 'text': '(score)', 'number_grouping': True, 'min_digits': 2, 'font_size': 100, '_default_settings': ['type', 'text', 'number_grouping', 'min_digits', 'font_size'], 'x': None, 'y': None, 'anchor_x': 'center', 'anchor_y': 'center', 'round_anchor_x': None, 'round_anchor_y': None, 'opacity': 1.0, 'z': 0, 'reset_animations_events': {}, 'color': [1.0, 1.0, 1.0, 1.0], 'style': [], 'adjust_top': 0, 'adjust_bottom': 0, 'adjust_left': 0, 'adjust_right': 0, 'expire': None, 'key': None, 'widget': None, 'events_when_added': [], 'events_when_removed': [], 'bitmap_font': False, 'font_kerning': True, 'bold': False, 'italic': False, 'halign': 'center', 'valign': 'middle', 'rotation': 0, 'scale': 1.0, 'casing': None, 'outline_color': [1.0, 1.0, 1.0, 1.0], 'outline_width': 0, 'animations': None}, {'type': 'text', 'text': 'PLAYER (number)', 'y': '10', 'x': '10', 'font_size': 50, 'anchor_x': 'left', 'anchor_y': 'bottom', '_default_settings': ['type', 'text', 'y', 'x', 'font_size', 'anchor_x', 'anchor_y'], 'round_anchor_x': None, 'round_anchor_y': None, 'opacity': 1.0, 'z': 0, 'reset_animations_events': {}, 'color': [1.0, 1.0, 1.0, 1.0], 'style': [], 'adjust_top': 0, 'adjust_bottom': 0, 'adjust_left': 0, 'adjust_right': 0, 'expire': None, 'key': None, 'widget': None, 'events_when_added': [], 'events_when_removed': [], 'bitmap_font': False, 'font_kerning': True, 'bold': False, 'italic': False, 'number_grouping': False, 'min_digits': 0, 'halign': 'center', 'valign': 'middle', 'rotation': 0, 'scale': 1.0, 'casing': None, 'outline_color': [1.0, 1.0, 1.0, 1.0], 'outline_width': 0, 'animations': None}, {'type': 'text', 'text': 'BALL (ball)', 'y': '10', 'x': 'right-10', 'anchor_x': 'right', 'anchor_y': 'bottom', 'font_size': 50, '_default_settings': ['type', 'text', 'y', 'x', 'anchor_x', 'anchor_y', 'font_size'], 'round_anchor_x': None, 'round_anchor_y': None, 'opacity': 1.0, 'z': 0, 'reset_animations_events': {}, 'color': [1.0, 1.0, 1.0, 1.0], 'style': [], 'adjust_top': 0, 'adjust_bottom': 0, 'adjust_left': 0, 'adjust_right': 0, 'expire': None, 'key': None, 'widget': None, 'events_when_added': [], 'events_when_removed': [], 'bitmap_font': False, 'font_kerning': True, 'bold': False, 'italic': False, 'number_grouping': False, 'min_digits': 0, 'halign': 'center', 'valign': 'middle', 'rotation': 0, 'scale': 1.0, 'casing': None, 'outline_color': [1.0, 1.0, 1.0, 1.0], 'outline_width': 0, 'animations': None}], 'target': None, 'background_color': [0.0, 0.0, 0.0, 1.0], 'priority': None, 'show': True, 'force': False, 'expire': None, 'slide': None, 'tokens': {}, 'action': 'play'}}, 'context': 'base', 'calling_context': 'mode_base_started', 'priority': 100, 'queue': '<QueuedEvent>', 'player': 1, 'ball': 1, 'balls_remaining': 2, 'is_extra_ball': False}
2025-02-06 17:20:28,126 : EventManager : Event: ======'player_shot_reentryL_shot_enabled'====== Args={'value': True, 'prev_value': 0, 'change': 1, 'player_num': 1}
2025-02-06 17:20:28,126 : EventManager : Event: ======'player_shot_reentryM_shot_enabled'====== Args={'value': True, 'prev_value': 0, 'change': 1, 'player_num': 1}
2025-02-06 17:20:28,126 : EventManager : Event: ======'player_shot_reentryR_shot_enabled'====== Args={'value': True, 'prev_value': 0, 'change': 1, 'player_num': 1}
2025-02-06 17:20:28,126 : EventManager : Event: ======'player_shot_bonusLane_shot_enabled'====== Args={'value': True, 'prev_value': 0, 'change': 1, 'player_num': 1}
2025-02-06 17:20:28,126 : EventManager : Event: ======'player_shot_outLaneL_shot_enabled'====== Args={'value': True, 'prev_value': 0, 'change': 1, 'player_num': 1}
2025-02-06 17:20:28,126 : EventManager : Event: ======'player_shot_outLaneR_shot_enabled'====== Args={'value': True, 'prev_value': 0, 'change': 1, 'player_num': 1}
2025-02-06 17:20:28,126 : EventManager : Event: ======'player_shot_returnLaneL_shot_enabled'====== Args={'value': True, 'prev_value': 0, 'change': 1, 'player_num': 1}
2025-02-06 17:20:28,126 : EventManager : Event: ======'player_shot_returnLaneR_shot_enabled'====== Args={'value': True, 'prev_value': 0, 'change': 1, 'player_num': 1}
2025-02-06 17:20:28,127 : EventManager : Event: ======'player_shot_spacewarp_rollover_shot_enabled'====== Args={'value': True, 'prev_value': 0, 'change': 1, 'player_num': 1}
2025-02-06 17:20:28,127 : EventManager : Event: ======'slides_play'====== Args={'settings': {'widgets': {'widgets': [{'type': 'text', 'text': 'PLAYER (number) BALL (ball)', '_default_settings': ['type', 'text'], 'x': None, 'y': None, 'anchor_x': 'center', 'anchor_y': 'center', 'round_anchor_x': None, 'round_anchor_y': None, 'opacity': 1.0, 'z': 0, 'reset_animations_events': {}, 'color': [1.0, 1.0, 1.0, 1.0], 'style': [], 'adjust_top': 0, 'adjust_bottom': 0, 'adjust_left': 0, 'adjust_right': 0, 'expire': None, 'key': None, 'widget': None, 'events_when_added': [], 'events_when_removed': [], 'font_size': 15, 'bitmap_font': False, 'font_kerning': True, 'bold': False, 'italic': False, 'number_grouping': False, 'min_digits': 0, 'halign': 'center', 'valign': 'middle', 'rotation': 0, 'scale': 1.0, 'casing': None, 'outline_color': [1.0, 1.0, 1.0, 1.0], 'outline_width': 0, 'animations': None}], 'target': None, 'background_color': [0.0, 0.0, 0.0, 1.0], 'priority': None, 'show': True, 'force': False, 'expire': None, 'slide': None, 'tokens': {}, 'action': 'play'}}, 'context': '_global', 'calling_context': 'ball_started', 'priority': 0, 'player': 1, 'ball': 1, 'balls_remaining': 2, 'is_extra_ball': False}
2025-02-06 17:20:28,132 : EventManager : Event: ======'slide_base.slide_player-mode_base_started_created'====== Args={}
2025-02-06 17:20:28,135 : EventManager : Event: ======'slide__global.slide_player-ball_started_created'====== Args={}
2025-02-06 17:20:28,136 : EventManager : Event: ======'slide_base.slide_player-mode_base_started_active'====== Args={}
2025-02-06 17:20:28,140 : EventManager : Event: ======'player_attack_bumper_count'====== Args={'value': 1, 'prev_value': 0, 'change': 1, 'player_num': 1}
2025-02-06 17:20:28,140 : EventManager : Event: ======'widgets_play'====== Args={'settings': {'reentry_start_banner': {'priority': 0, 'slide': None, 'action': 'add', 'key': None, 'target': None}}, 'context': 'reentry', 'calling_context': 'mode_reentry_started', 'priority': 200, 'player': 1, 'ball': 1, 'balls_remaining': 2, 'is_extra_ball': False}
2025-02-06 17:20:35,431 : EventManager : Event: ======'machine_var_audits_switches_s_lower_left_slingshot'====== Args={'value': 241, 'prev_value': 240, 'change': 1}
2025-02-06 17:20:37,726 : EventManager : Event: ======'machine_var_audits_switches_s_right_return_lane'====== Args={'value': 143, 'prev_value': 142, 'change': 1}
2025-02-06 17:20:37,726 : EventManager : Event: ======'machine_var_audits_shots_returnLaneR_shot'====== Args={'value': 131, 'prev_value': 130, 'change': 1}
2025-02-06 17:20:37,726 : EventManager : Event: ======'sounds_play'====== Args={'settings': {'reentry_sound': {'action': 'play', 'priority': None, 'block': False, 'delay': None, 'track': None, 'volume': None, 'ducking': {}, 'pan': None, 'loops': None, 'start_at': None, 'fade_in': None, 'fade_out': None, 'about_to_finish_time': -1.0, 'max_queue_time': -1.0, 'events_when_played': ['use_sound_setting'], 'events_when_stopped': ['use_sound_setting'], 'events_when_looping': ['use_sound_setting'], 'events_when_about_to_finish': ['use_sound_setting'], 'mode_end_action': 'use_sound_setting', 'key': 'use_sound_setting'}}, 'context': 'returnlanes', 'calling_context': 's_right_return_lane_active', 'priority': 200}
2025-02-06 17:20:37,726 : EventManager : Event: ======'player_score'====== Args={'value': 5000, 'prev_value': 0, 'change': 5000, 'player_num': 1}
2025-02-06 17:20:37,738 : EventManager : Event: ======'loading_assets'====== Args={'total': 1, 'loaded': 1, 'remaining': 0, 'percent': 100}
2025-02-06 17:20:37,738 : AssetManager : Asset loading took: 14.713174104690552
2025-02-06 17:20:37,738 : EventManager : Event: ======'asset_loading_complete'====== Args={}
2025-02-06 17:20:37,738 : AssetManager : Loading assets: 1/1 (100%)
2025-02-06 17:20:40,470 : EventManager : Event: ======'machine_var_audits_switches_s_upper_attack_bumper'====== Args={'value': 341, 'prev_value': 340, 'change': 1}
2025-02-06 17:20:40,496 : EventManager : Event: ======'machine_var_audits_switches_s_upper_attack_bumper'====== Args={'value': 342, 'prev_value': 341, 'change': 1}
2025-02-06 17:20:40,791 : EventManager : Event: ======'machine_var_audits_switches_s_lower_attack_bumper'====== Args={'value': 213, 'prev_value': 212, 'change': 1}
2025-02-06 17:20:42,572 : EventManager : Event: ======'machine_var_audits_switches_s_left_attack_bumper'====== Args={'value': 524, 'prev_value': 523, 'change': 1}
2025-02-06 17:20:44,673 : EventManager : Event: ======'machine_var_audits_switches_s_lower_right_slingshot'====== Args={'value': 233, 'prev_value': 232, 'change': 1}
2025-02-06 17:20:48,868 : EventManager : Event: ======'machine_var_audits_switches_s_lower_left_slingshot'====== Args={'value': 242, 'prev_value': 241, 'change': 1}
2025-02-06 17:20:50,545 : EventManager : Event: ======'machine_var_audits_switches_s_bonus_lane'====== Args={'value': 87, 'prev_value': 86, 'change': 1}
2025-02-06 17:20:50,545 : EventManager : Event: ======'player_shot_bonusLane_shot'====== Args={'value': 1, 'prev_value': 0, 'change': 1, 'player_num': 1}
2025-02-06 17:20:50,545 : EventManager : Event: ======'machine_var_audits_shots_bonusLane_shot'====== Args={'value': 74, 'prev_value': 73, 'change': 1}
2025-02-06 17:20:50,545 : EventManager : Event: ======'sounds_play'====== Args={'settings': {'reentry_sound': {'action': 'play', 'priority': None, 'block': False, 'delay': None, 'track': None, 'volume': None, 'ducking': {}, 'pan': None, 'loops': None, 'start_at': None, 'fade_in': None, 'fade_out': None, 'about_to_finish_time': -1.0, 'max_queue_time': -1.0, 'events_when_played': ['use_sound_setting'], 'events_when_stopped': ['use_sound_setting'], 'events_when_looping': ['use_sound_setting'], 'events_when_about_to_finish': ['use_sound_setting'], 'mode_end_action': 'use_sound_setting', 'key': 'use_sound_setting'}}, 'context': 'lowerlanes', 'calling_context': 's_bonus_lane_active', 'priority': 200}
2025-02-06 17:26:17,782 : EventManager : Event: ======'machine_var_audits_switches_s_left_attack_bumper'====== Args={'value': 525, 'prev_value': 524, 'change': 1}
2025-02-06 17:26:18,387 : EventManager : Event: ======'machine_var_audits_switches_s_left_attack_bumper'====== Args={'value': 526, 'prev_value': 525, 'change': 1}
2025-02-06 17:26:26,301 : EventManager : Event: ======'machine_var_audits_switches_s_left_attack_bumper'====== Args={'value': 527, 'prev_value': 526, 'change': 1}
2025-02-06 17:26:26,414 : EventManager : Event: ======'machine_var_audits_switches_s_left_attack_bumper'====== Args={'value': 528, 'prev_value': 527, 'change': 1}
2025-02-06 17:26:29,523 : EventManager : Event: ======'machine_var_audits_switches_s_left_attack_bumper'====== Args={'value': 529, 'prev_value': 528, 'change': 1}
2025-02-06 17:26:46,989 : EventManager : Event: ======'machine_var_audits_switches_s_left_attack_bumper'====== Args={'value': 530, 'prev_value': 529, 'change': 1}
2025-02-06 17:26:47,014 : EventManager : Event: ======'machine_var_audits_switches_s_left_attack_bumper'====== Args={'value': 531, 'prev_value': 530, 'change': 1}
2025-02-06 17:26:47,156 : EventManager : Event: ======'machine_var_audits_switches_s_left_attack_bumper'====== Args={'value': 532, 'prev_value': 531, 'change': 1}
2025-02-06 17:26:47,411 : EventManager : Event: ======'machine_var_audits_switches_s_left_attack_bumper'====== Args={'value': 533, 'prev_value': 532, 'change': 1}
2025-02-06 17:26:47,552 : EventManager : Event: ======'machine_var_audits_switches_s_left_attack_bumper'====== Args={'value': 534, 'prev_value': 533, 'change': 1}
2025-02-06 17:26:47,603 : EventManager : Event: ======'machine_var_audits_switches_s_left_attack_bumper'====== Args={'value': 535, 'prev_value': 534, 'change': 1}
2025-02-06 17:26:47,717 : EventManager : Event: ======'machine_var_audits_switches_s_left_attack_bumper'====== Args={'value': 536, 'prev_value': 535, 'change': 1}
2025-02-06 17:26:47,845 : EventManager : Event: ======'machine_var_audits_switches_s_left_attack_bumper'====== Args={'value': 537, 'prev_value': 536, 'change': 1}
2025-02-06 17:26:47,870 : EventManager : Event: ======'machine_var_audits_switches_s_left_attack_bumper'====== Args={'value': 538, 'prev_value': 537, 'change': 1}
2025-02-06 17:26:50,579 : EventManager : Event: ======'machine_var_audits_switches_s_left_attack_bumper'====== Args={'value': 539, 'prev_value': 538, 'change': 1}
2025-02-06 17:27:06,521 : mpfmc : Stopping...
2025-02-06 17:27:06,521 : EventManager : Event: ======'shutdown'====== Args={}
2025-02-06 17:27:06,522 : AudioInterface : Disabling audio playback
2025-02-06 17:27:06,644 : kivy : Base: Leaving application in progress...
2025-02-06 17:27:06,644 : MPF-MC BCP Server : Stopping BCP sending thread
2025-02-06 17:27:06,644 : mpfmc : Loop rate 77.52 Hz
