2025-07-07 21:10:02,217 : kivy : deps: Successfully imported "kivy_deps.gstreamer" 0.3.3
2025-07-07 21:10:02,217 : kivy : deps: Successfully imported "kivy_deps.angle" 0.3.3
2025-07-07 21:10:02,217 : kivy : deps: Successfully imported "kivy_deps.glew" 0.3.1
2025-07-07 21:10:02,217 : kivy : deps: Successfully imported "kivy_deps.sdl2" 0.6.0
2025-07-07 21:10:02,217 : kivy : Kivy: v2.2.1
2025-07-07 21:10:02,217 : kivy : Kivy: Installed at "C:\Users\student\mpfenv3\Lib\site-packages\kivy\__init__.py"
2025-07-07 21:10:02,217 : kivy : Python: v3.11.8 (tags/v3.11.8:db85d51, Feb  6 2024, 22:03:32) [MSC v.1937 64 bit (AMD64)]
2025-07-07 21:10:02,231 : kivy : Python: Interpreter at "C:\Users\student\mpfenv3\Scripts\python.exe"
2025-07-07 21:10:02,249 : kivy : Factory: 190 symbols loaded
2025-07-07 21:10:02,391 : kivy : ImageLoaderFFPy: Using ffpyplayer 4.5.1
2025-07-07 21:10:02,391 : kivy : Image: Providers: img_tex, img_dds, img_sdl2, img_pil, img_ffpyplayer 
2025-07-07 21:10:03,012 : kivy : VideoGstplayer: Using Gstreamer 1.18.5.0
2025-07-07 21:10:03,012 : kivy : Video: Provider: gstplayer
2025-07-07 21:10:03,044 : root : Loading MPF-MC controller
2025-07-07 21:10:03,087 : ConfigProcessor : Config spec file cache created: C:\Users\student\AppData\Local\Temp\config_spec.mpf_cache
2025-07-07 21:10:03,088 : YamlMultifileConfigLoader : Machine config file #1: config
2025-07-07 21:10:03,088 : ConfigProcessor : Loading config from file C:\Users\student\mpfenv3\Lib\site-packages\mpfmc\mcconfig.yaml.
2025-07-07 21:10:03,093 : ConfigProcessor : Loading config: C:\Users\student\mpfenv3\Lib\site-packages\mpfmc\mcconfig.yaml
2025-07-07 21:10:03,093 : ConfigProcessor : Loading config from file C:\Users\student\pinball\cobraPinTest1\config\config.
2025-07-07 21:10:03,099 : ConfigProcessor : Loading config: C:\Users\student\pinball\cobraPinTest1\config\config
2025-07-07 21:10:03,100 : ConfigProcessor : Config file cache created: C:\Users\student\AppData\Local\Temp\d597e459fa663d00d6faab779112d1ee.mpf_cache
2025-07-07 21:10:03,100 : ConfigProcessor : Loading config from file C:\Users\student\mpfenv3\Lib\site-packages\mpf\modes\attract\config\attract.yaml.
2025-07-07 21:10:03,101 : ConfigProcessor : Loading config: C:\Users\student\mpfenv3\Lib\site-packages\mpf\modes\attract\config\attract.yaml
2025-07-07 21:10:03,101 : ConfigProcessor : Loading config from file C:\Users\student\pinball\cobraPinTest1\modes\attract\config\attract.yaml.
2025-07-07 21:10:03,101 : ConfigProcessor : Loading config: C:\Users\student\pinball\cobraPinTest1\modes\attract\config\attract.yaml
2025-07-07 21:10:03,101 : ConfigProcessor : Config file cache created: C:\Users\student\AppData\Local\Temp\0196918bccd620e51d3c4d2630650aa0.mpf_cache
2025-07-07 21:10:03,102 : ConfigProcessor : Loading config from file C:\Users\student\mpfenv3\Lib\site-packages\mpf\modes\game\config\game.yaml.
2025-07-07 21:10:03,102 : ConfigProcessor : Loading config: C:\Users\student\mpfenv3\Lib\site-packages\mpf\modes\game\config\game.yaml
2025-07-07 21:10:03,103 : ConfigProcessor : Config file cache created: C:\Users\student\AppData\Local\Temp\511dcc6b491b0fa2d7aa9abdf6497e9c.mpf_cache
2025-07-07 21:10:03,103 : ConfigProcessor : Loading config from file C:\Users\student\pinball\cobraPinTest1\modes\base\config\base.yaml.
2025-07-07 21:10:03,104 : ConfigProcessor : Loading config: C:\Users\student\pinball\cobraPinTest1\modes\base\config\base.yaml
2025-07-07 21:10:03,104 : ConfigProcessor : Config file cache created: C:\Users\student\AppData\Local\Temp\4675a535c8328a9c278c807d999ed109.mpf_cache
2025-07-07 21:10:03,105 : ConfigProcessor : Loading config from file C:\Users\student\pinball\cobraPinTest1\modes\reentry\config\reentry.yaml.
2025-07-07 21:10:03,107 : ConfigProcessor : Loading config: C:\Users\student\pinball\cobraPinTest1\modes\reentry\config\reentry.yaml
2025-07-07 21:10:03,108 : ConfigProcessor : Config file cache created: C:\Users\student\AppData\Local\Temp\0c8438cab3480347c0c749fa494946a2.mpf_cache
2025-07-07 21:10:03,108 : ConfigProcessor : Loading config from file C:\Users\student\pinball\cobraPinTest1\modes\lowerlanes\config\lowerlanes.yaml.
2025-07-07 21:10:03,109 : ConfigProcessor : Loading config: C:\Users\student\pinball\cobraPinTest1\modes\lowerlanes\config\lowerlanes.yaml
2025-07-07 21:10:03,110 : ConfigProcessor : Config file cache created: C:\Users\student\AppData\Local\Temp\5052615755bdf1309b248cf8695ad4ff.mpf_cache
2025-07-07 21:10:03,110 : ConfigProcessor : Loading config from file C:\Users\student\pinball\cobraPinTest1\modes\returnlanes\config\returnlanes.yaml.
2025-07-07 21:10:03,111 : ConfigProcessor : Loading config: C:\Users\student\pinball\cobraPinTest1\modes\returnlanes\config\returnlanes.yaml
2025-07-07 21:10:03,112 : ConfigProcessor : Config file cache created: C:\Users\student\AppData\Local\Temp\55e33f498afd3883899abc6da4842b47.mpf_cache
2025-07-07 21:10:03,112 : mpfmc : Mission Pinball Framework Media Controller (MPF-MC) v0.57.1. Requires MPF v0.57.0 or newer.
2025-07-07 21:10:03,112 : mpfmc : Found MPF v0.57.3
2025-07-07 21:10:03,112 : mpfmc : Machine path: C:\Users\student\pinball\cobraPinTest1
2025-07-07 21:10:03,112 : mpfmc : Starting clock at 60.0Hz
2025-07-07 21:10:03,128 : kivy : Text: Provider: sdl2
2025-07-07 21:10:03,177 : kivy : Window: Provider: sdl2
2025-07-07 21:10:03,578 : kivy : GL: Using the "OpenGL" graphics system
2025-07-07 21:10:03,579 : kivy : GL: GLEW initialization succeeded
2025-07-07 21:10:03,579 : kivy : GL: Backend used <glew>
2025-07-07 21:10:03,581 : kivy : GL: OpenGL version <b'4.6.13543 Compatibility Profile Context 25.20.15006.9'>
2025-07-07 21:10:03,581 : kivy : GL: OpenGL vendor <b'ATI Technologies Inc.'>
2025-07-07 21:10:03,582 : kivy : GL: OpenGL renderer <b'Radeon RX Vega M GL Graphics'>
2025-07-07 21:10:03,582 : kivy : GL: OpenGL parsed version: 4, 6
2025-07-07 21:10:03,582 : kivy : GL: Shading version <b'4.60'>
2025-07-07 21:10:03,582 : kivy : GL: Texture max size <16384>
2025-07-07 21:10:03,582 : kivy : GL: Texture max units <32>
2025-07-07 21:10:03,598 : kivy : Window: auto add sdl2 input provider
2025-07-07 21:10:03,598 : kivy : Window: virtual keyboard not allowed, single mode, not docked
2025-07-07 21:10:03,971 : AudioInterface : Initialized
2025-07-07 21:10:03,971 : AudioInterface : Loaded SDL 2.26.4
2025-07-07 21:10:03,971 : AudioInterface : Loaded SDL_Mixer 2.6.3
2025-07-07 21:10:03,971 : AudioInterface : Loaded GStreamer 1.18.5.0
2025-07-07 21:10:03,971 : AudioInterface : Loaded GLib 2.62.6
2025-07-07 21:10:03,971 : AudioInterface : Settings requested - rate: 44100, channels: 1, buffer: 2048 samples
2025-07-07 21:10:03,971 : AudioInterface : Settings in use - rate: 44100, channels: 1, buffer: 2048 samples (4096 bytes @ 2 bytes per sample)
2025-07-07 21:10:03,972 : SoundSystem : Setting master volume to 0.0
2025-07-07 21:10:03,972 : AudioInterface : Enabling audio playback
2025-07-07 21:10:03,973 : kivy : Base: Start application main loop
2025-07-07 21:10:03,974 : EventManager : Event: ======'display_window_initialized'====== Args={}
2025-07-07 21:10:03,992 : mpfmc : Display: Setting 'window' as default display
2025-07-07 21:10:03,999 : EventManager : Event: ======'displays_initialized'====== Args={}
2025-07-07 21:10:04,000 : EventManager : Event: ======'slide_window_blank_created'====== Args={}
2025-07-07 21:10:04,000 : EventManager : Event: ======'display_window_ready'====== Args={}
2025-07-07 21:10:04,011 : EventManager : Event: ======'init_phase_1'====== Args={}
2025-07-07 21:10:04,014 : EventManager : Event: ======'mc_ready'====== Args={}
2025-07-07 21:10:04,014 : EventManager : Event: ======'init_phase_2'====== Args={}
2025-07-07 21:10:04,017 : EventManager : Event: ======'init_phase_3'====== Args={}
2025-07-07 21:10:04,019 : EventManager : Event: ======'init_phase_4'====== Args={}
2025-07-07 21:10:04,019 : EventManager : Event: ======'init_phase_5'====== Args={}
2025-07-07 21:10:04,019 : EventManager : Event: ======'init_done'====== Args={}
2025-07-07 21:10:04,019 : MPF-MC BCP Server : Starting up on localhost port 5050
2025-07-07 21:10:04,023 : MPF-MC BCP Server : Waiting for a connection...
2025-07-07 21:10:04,027 : kivy : GL: NPOT texture support is available
2025-07-07 21:10:04,027 : EventManager : Event: ======'slide_welcome_slide_created'====== Args={}
2025-07-07 21:10:04,029 : EventManager : Event: ======'slide_welcome_slide_active'====== Args={}
2025-07-07 21:10:04,041 : EventManager : Event: ======'client_disconnected'====== Args={'host': '127.0.0.1', 'port': 5050}
2025-07-07 21:10:05,309 : MPF-MC BCP Server : Received connection from: 127.0.0.1:50253
2025-07-07 21:10:05,314 : EventManager : Event: ======'client_connected'====== Args={'host': '127.0.0.1', 'port': 50253}
2025-07-07 21:10:05,520 : EventManager : Event: ======'machine_var_credits_string'====== Args={'value': 'FREE PLAY', 'prev_value': None, 'change': True}
2025-07-07 21:10:05,521 : EventManager : Event: ======'machine_var_master_volume'====== Args={'value': 0.5, 'prev_value': None, 'change': True}
2025-07-07 21:10:05,521 : EventManager : Event: ======'machine_var_player1_score'====== Args={'value': 1500, 'prev_value': None, 'change': True}
2025-07-07 21:10:05,521 : EventManager : Event: ======'machine_var_mpf_version'====== Args={'value': 'Mission Pinball Framework v0.57.3', 'prev_value': None, 'change': True}
2025-07-07 21:10:05,521 : EventManager : Event: ======'machine_var_mpf_extended_version'====== Args={'value': 'Mission Pinball Framework v0.57.3, Config version:6, Show version: 6, BCP version:1.1', 'prev_value': None, 'change': True}
2025-07-07 21:10:05,521 : EventManager : Event: ======'machine_var_python_version'====== Args={'value': '3.11.8', 'prev_value': None, 'change': True}
2025-07-07 21:10:05,521 : EventManager : Event: ======'machine_var_platform'====== Args={'value': 'Windows-10-10.0.19045-SP0', 'prev_value': None, 'change': True}
2025-07-07 21:10:05,521 : EventManager : Event: ======'machine_var_platform_system'====== Args={'value': 'Windows', 'prev_value': None, 'change': True}
2025-07-07 21:10:05,521 : EventManager : Event: ======'machine_var_platform_release'====== Args={'value': '10', 'prev_value': None, 'change': True}
2025-07-07 21:10:05,521 : EventManager : Event: ======'machine_var_platform_version'====== Args={'value': '10.0.19045', 'prev_value': None, 'change': True}
2025-07-07 21:10:05,521 : EventManager : Event: ======'machine_var_platform_machine'====== Args={'value': 'AMD64', 'prev_value': None, 'change': True}
2025-07-07 21:10:05,521 : EventManager : Event: ======'machine_var_mc_version'====== Args={'value': 'MPF-MC v0.57.1', 'prev_value': None, 'change': True}
2025-07-07 21:10:05,521 : EventManager : Event: ======'machine_var_mc_extended_version'====== Args={'value': 'MPF-MC v0.57.1 (config_version=6, BCP v1.1,                      Requires MPF API compatibility v0.57.0 or newer)', 'prev_value': None, 'change': True}
2025-07-07 21:10:05,521 : EventManager : Event: ======'machine_var_credits_string'====== Args={'value': 'FREE PLAY', 'prev_value': None, 'change': True}
2025-07-07 21:10:05,521 : EventManager : Event: ======'machine_var_master_volume'====== Args={'value': 0.5, 'prev_value': None, 'change': True}
2025-07-07 21:10:05,522 : EventManager : Event: ======'machine_var_player1_score'====== Args={'value': 1500, 'prev_value': None, 'change': True}
2025-07-07 21:10:05,522 : EventManager : Event: ======'machine_var_mpf_version'====== Args={'value': 'Mission Pinball Framework v0.57.3', 'prev_value': None, 'change': True}
2025-07-07 21:10:05,522 : EventManager : Event: ======'machine_var_mpf_extended_version'====== Args={'value': 'Mission Pinball Framework v0.57.3, Config version:6, Show version: 6, BCP version:1.1', 'prev_value': None, 'change': True}
2025-07-07 21:10:05,522 : EventManager : Event: ======'machine_var_python_version'====== Args={'value': '3.11.8', 'prev_value': None, 'change': True}
2025-07-07 21:10:05,522 : EventManager : Event: ======'machine_var_platform'====== Args={'value': 'Windows-10-10.0.19045-SP0', 'prev_value': None, 'change': True}
2025-07-07 21:10:05,522 : EventManager : Event: ======'machine_var_platform_system'====== Args={'value': 'Windows', 'prev_value': None, 'change': True}
2025-07-07 21:10:05,522 : EventManager : Event: ======'machine_var_platform_release'====== Args={'value': '10', 'prev_value': None, 'change': True}
2025-07-07 21:10:05,522 : EventManager : Event: ======'machine_var_platform_version'====== Args={'value': '10.0.19045', 'prev_value': None, 'change': True}
2025-07-07 21:10:05,522 : EventManager : Event: ======'machine_var_platform_machine'====== Args={'value': 'AMD64', 'prev_value': None, 'change': True}
2025-07-07 21:10:05,522 : EventManager : Event: ======'machine_var_mc_version'====== Args={'value': 'MPF-MC v0.57.1', 'prev_value': None, 'change': True}
2025-07-07 21:10:05,523 : EventManager : Event: ======'machine_var_mc_extended_version'====== Args={'value': 'MPF-MC v0.57.1 (config_version=6, BCP v1.1,                      Requires MPF API compatibility v0.57.0 or newer)', 'prev_value': None, 'change': True}
2025-07-07 21:10:05,523 : EventManager : Event: ======'machine_var_credits_string'====== Args={'value': 'FREE PLAY', 'prev_value': None, 'change': True}
2025-07-07 21:10:05,523 : EventManager : Event: ======'machine_var_master_volume'====== Args={'value': 0.5, 'prev_value': None, 'change': True}
2025-07-07 21:10:05,523 : EventManager : Event: ======'machine_var_player1_score'====== Args={'value': 1500, 'prev_value': None, 'change': True}
2025-07-07 21:10:05,523 : EventManager : Event: ======'machine_var_mpf_version'====== Args={'value': 'Mission Pinball Framework v0.57.3', 'prev_value': None, 'change': True}
2025-07-07 21:10:05,523 : EventManager : Event: ======'machine_var_mpf_extended_version'====== Args={'value': 'Mission Pinball Framework v0.57.3, Config version:6, Show version: 6, BCP version:1.1', 'prev_value': None, 'change': True}
2025-07-07 21:10:05,523 : EventManager : Event: ======'machine_var_python_version'====== Args={'value': '3.11.8', 'prev_value': None, 'change': True}
2025-07-07 21:10:05,523 : EventManager : Event: ======'machine_var_platform'====== Args={'value': 'Windows-10-10.0.19045-SP0', 'prev_value': None, 'change': True}
2025-07-07 21:10:05,523 : EventManager : Event: ======'machine_var_platform_system'====== Args={'value': 'Windows', 'prev_value': None, 'change': True}
2025-07-07 21:10:05,523 : EventManager : Event: ======'machine_var_platform_release'====== Args={'value': '10', 'prev_value': None, 'change': True}
2025-07-07 21:10:05,523 : EventManager : Event: ======'machine_var_platform_version'====== Args={'value': '10.0.19045', 'prev_value': None, 'change': True}
2025-07-07 21:10:05,523 : EventManager : Event: ======'machine_var_platform_machine'====== Args={'value': 'AMD64', 'prev_value': None, 'change': True}
2025-07-07 21:10:05,524 : EventManager : Event: ======'machine_var_mc_version'====== Args={'value': 'MPF-MC v0.57.1', 'prev_value': None, 'change': True}
2025-07-07 21:10:05,524 : EventManager : Event: ======'machine_var_mc_extended_version'====== Args={'value': 'MPF-MC v0.57.1 (config_version=6, BCP v1.1,                      Requires MPF API compatibility v0.57.0 or newer)', 'prev_value': None, 'change': True}
2025-07-07 21:10:05,524 : EventManager : Event: ======'machine_var_credits_string'====== Args={'value': 'FREE PLAY', 'prev_value': None, 'change': True}
2025-07-07 21:10:05,524 : EventManager : Event: ======'machine_var_master_volume'====== Args={'value': 0.5, 'prev_value': None, 'change': True}
2025-07-07 21:10:05,524 : EventManager : Event: ======'machine_var_player1_score'====== Args={'value': 1500, 'prev_value': None, 'change': True}
2025-07-07 21:10:05,524 : EventManager : Event: ======'machine_var_mpf_version'====== Args={'value': 'Mission Pinball Framework v0.57.3', 'prev_value': None, 'change': True}
2025-07-07 21:10:05,524 : EventManager : Event: ======'machine_var_mpf_extended_version'====== Args={'value': 'Mission Pinball Framework v0.57.3, Config version:6, Show version: 6, BCP version:1.1', 'prev_value': None, 'change': True}
2025-07-07 21:10:05,524 : EventManager : Event: ======'machine_var_python_version'====== Args={'value': '3.11.8', 'prev_value': None, 'change': True}
2025-07-07 21:10:05,524 : EventManager : Event: ======'machine_var_platform'====== Args={'value': 'Windows-10-10.0.19045-SP0', 'prev_value': None, 'change': True}
2025-07-07 21:10:05,524 : EventManager : Event: ======'machine_var_platform_system'====== Args={'value': 'Windows', 'prev_value': None, 'change': True}
2025-07-07 21:10:05,524 : EventManager : Event: ======'machine_var_platform_release'====== Args={'value': '10', 'prev_value': None, 'change': True}
2025-07-07 21:10:05,524 : EventManager : Event: ======'machine_var_platform_version'====== Args={'value': '10.0.19045', 'prev_value': None, 'change': True}
2025-07-07 21:10:05,524 : EventManager : Event: ======'machine_var_platform_machine'====== Args={'value': 'AMD64', 'prev_value': None, 'change': True}
2025-07-07 21:10:05,524 : EventManager : Event: ======'machine_var_mc_version'====== Args={'value': 'MPF-MC v0.57.1', 'prev_value': None, 'change': True}
2025-07-07 21:10:05,524 : EventManager : Event: ======'machine_var_mc_extended_version'====== Args={'value': 'MPF-MC v0.57.1 (config_version=6, BCP v1.1,                      Requires MPF API compatibility v0.57.0 or newer)', 'prev_value': None, 'change': True}
2025-07-07 21:10:05,524 : SoundSystem : Setting master volume to 0.5
2025-07-07 21:10:05,524 : SoundSystem : Setting master volume to 0.5
2025-07-07 21:10:05,524 : SoundSystem : Setting master volume to 0.5
2025-07-07 21:10:05,525 : SoundSystem : Setting master volume to 0.5
2025-07-07 21:10:05,585 : EventManager : Event: ======'machine_var_audits_events_game_ended'====== Args={'value': 0, 'prev_value': None, 'change': True}
2025-07-07 21:10:05,611 : EventManager : Event: ======'machine_var_audits_events_game_started'====== Args={'value': 142, 'prev_value': None, 'change': True}
2025-07-07 21:10:05,611 : EventManager : Event: ======'machine_var_audits_missing_switches_s_bonus_lane'====== Args={'value': 38, 'prev_value': None, 'change': True}
2025-07-07 21:10:05,611 : EventManager : Event: ======'machine_var_audits_missing_switches_s_hyperspacekicker'====== Args={'value': 65, 'prev_value': None, 'change': True}
2025-07-07 21:10:05,611 : EventManager : Event: ======'machine_var_audits_missing_switches_s_left_attack_bumper'====== Args={'value': 7, 'prev_value': None, 'change': True}
2025-07-07 21:10:05,611 : EventManager : Event: ======'machine_var_audits_missing_switches_s_left_flipper'====== Args={'value': 38, 'prev_value': None, 'change': True}
2025-07-07 21:10:05,611 : EventManager : Event: ======'machine_var_audits_missing_switches_s_left_out_lane'====== Args={'value': 38, 'prev_value': None, 'change': True}
2025-07-07 21:10:05,611 : EventManager : Event: ======'machine_var_audits_missing_switches_s_left_return_lane'====== Args={'value': 66, 'prev_value': None, 'change': True}
2025-07-07 21:10:05,611 : EventManager : Event: ======'machine_var_audits_missing_switches_s_lower_left_slingshot'====== Args={'value': 38, 'prev_value': None, 'change': True}
2025-07-07 21:10:05,611 : EventManager : Event: ======'machine_var_audits_missing_switches_s_lower_right_slingshot'====== Args={'value': 38, 'prev_value': None, 'change': True}
2025-07-07 21:10:05,611 : EventManager : Event: ======'machine_var_audits_missing_switches_s_plunger'====== Args={'value': 14, 'prev_value': None, 'change': True}
2025-07-07 21:10:05,611 : EventManager : Event: ======'machine_var_audits_missing_switches_s_right_attack_bumper'====== Args={'value': 15, 'prev_value': None, 'change': True}
2025-07-07 21:10:05,611 : EventManager : Event: ======'machine_var_audits_missing_switches_s_right_flipper'====== Args={'value': 38, 'prev_value': None, 'change': True}
2025-07-07 21:10:05,611 : EventManager : Event: ======'machine_var_audits_missing_switches_s_right_out_lane'====== Args={'value': 66, 'prev_value': None, 'change': True}
2025-07-07 21:10:05,611 : EventManager : Event: ======'machine_var_audits_missing_switches_s_right_return_lane'====== Args={'value': 66, 'prev_value': None, 'change': True}
2025-07-07 21:10:05,611 : EventManager : Event: ======'machine_var_audits_missing_switches_s_spacewarp_rollover'====== Args={'value': 124, 'prev_value': None, 'change': True}
2025-07-07 21:10:05,612 : EventManager : Event: ======'machine_var_audits_missing_switches_s_start'====== Args={'value': 141, 'prev_value': None, 'change': True}
2025-07-07 21:10:05,612 : EventManager : Event: ======'machine_var_audits_missing_switches_s_trough1'====== Args={'value': 141, 'prev_value': None, 'change': True}
2025-07-07 21:10:05,612 : EventManager : Event: ======'machine_var_audits_missing_switches_s_upper_attack_bumper'====== Args={'value': 3, 'prev_value': None, 'change': True}
2025-07-07 21:10:05,612 : EventManager : Event: ======'machine_var_audits_missing_switches_s_wormhole_target'====== Args={'value': 38, 'prev_value': None, 'change': True}
2025-07-07 21:10:05,612 : EventManager : Event: ======'machine_var_audits_player_score'====== Args={'value': {'average': 1800.0, 'top': [2000, 1900, 1500], 'total': 3}, 'prev_value': None, 'change': True}
2025-07-07 21:10:05,612 : EventManager : Event: ======'machine_var_audits_shots_attack_bumper_left_shot'====== Args={'value': 148, 'prev_value': None, 'change': True}
2025-07-07 21:10:05,612 : EventManager : Event: ======'machine_var_audits_shots_attack_bumper_lower_shot'====== Args={'value': 351, 'prev_value': None, 'change': True}
2025-07-07 21:10:05,612 : EventManager : Event: ======'machine_var_audits_shots_attack_bumper_right_shot'====== Args={'value': 62, 'prev_value': None, 'change': True}
2025-07-07 21:10:05,612 : EventManager : Event: ======'machine_var_audits_shots_attack_bumper_upper_shot'====== Args={'value': 41, 'prev_value': None, 'change': True}
2025-07-07 21:10:05,612 : EventManager : Event: ======'machine_var_audits_shots_bonusLane_shot'====== Args={'value': 93, 'prev_value': None, 'change': True}
2025-07-07 21:10:05,612 : EventManager : Event: ======'machine_var_audits_shots_medalL_shot'====== Args={'value': 174, 'prev_value': None, 'change': True}
2025-07-07 21:10:05,612 : EventManager : Event: ======'machine_var_audits_shots_medalM_shot'====== Args={'value': 166, 'prev_value': None, 'change': True}
2025-07-07 21:10:05,612 : EventManager : Event: ======'machine_var_audits_shots_medalR_shot'====== Args={'value': 165, 'prev_value': None, 'change': True}
2025-07-07 21:10:05,612 : EventManager : Event: ======'machine_var_audits_shots_my_first_shot'====== Args={'value': 119, 'prev_value': None, 'change': True}
2025-07-07 21:10:05,612 : EventManager : Event: ======'machine_var_audits_shots_my_first_shot_mode2'====== Args={'value': 72, 'prev_value': None, 'change': True}
2025-07-07 21:10:05,612 : EventManager : Event: ======'machine_var_audits_shots_outLaneL_shot'====== Args={'value': 31, 'prev_value': None, 'change': True}
2025-07-07 21:10:05,612 : EventManager : Event: ======'machine_var_audits_shots_outLaneR_shot'====== Args={'value': 104, 'prev_value': None, 'change': True}
2025-07-07 21:10:05,612 : EventManager : Event: ======'machine_var_audits_shots_reentryL_shot'====== Args={'value': 605, 'prev_value': None, 'change': True}
2025-07-07 21:10:05,613 : EventManager : Event: ======'machine_var_audits_shots_reentryM_shot'====== Args={'value': 561, 'prev_value': None, 'change': True}
2025-07-07 21:10:05,613 : EventManager : Event: ======'machine_var_audits_shots_reentryR_shot'====== Args={'value': 555, 'prev_value': None, 'change': True}
2025-07-07 21:10:05,613 : EventManager : Event: ======'machine_var_audits_shots_reentry_shot'====== Args={'value': 9, 'prev_value': None, 'change': True}
2025-07-07 21:10:05,613 : EventManager : Event: ======'machine_var_audits_shots_returnLaneL_shot'====== Args={'value': 201, 'prev_value': None, 'change': True}
2025-07-07 21:10:05,613 : EventManager : Event: ======'machine_var_audits_shots_returnLaneR_shot'====== Args={'value': 143, 'prev_value': None, 'change': True}
2025-07-07 21:10:05,613 : EventManager : Event: ======'machine_var_audits_shots_spacewarp_rollover_shot'====== Args={'value': 47, 'prev_value': None, 'change': True}
2025-07-07 21:10:05,613 : EventManager : Event: ======'machine_var_audits_shots_top_lane_A'====== Args={'value': 12, 'prev_value': None, 'change': True}
2025-07-07 21:10:05,613 : EventManager : Event: ======'machine_var_audits_shots_top_lane_J'====== Args={'value': 12, 'prev_value': None, 'change': True}
2025-07-07 21:10:05,613 : EventManager : Event: ======'machine_var_audits_shots_top_lane_M'====== Args={'value': 9, 'prev_value': None, 'change': True}
2025-07-07 21:10:05,613 : EventManager : Event: ======'machine_var_audits_switches_s_blackhole_kicker'====== Args={'value': 0, 'prev_value': None, 'change': True}
2025-07-07 21:10:05,613 : EventManager : Event: ======'machine_var_audits_switches_s_bonus_lane'====== Args={'value': 106, 'prev_value': None, 'change': True}
2025-07-07 21:10:05,613 : EventManager : Event: ======'machine_var_audits_switches_s_booster_drop_target_1'====== Args={'value': 0, 'prev_value': None, 'change': True}
2025-07-07 21:10:05,613 : EventManager : Event: ======'machine_var_audits_switches_s_booster_drop_target_2'====== Args={'value': 0, 'prev_value': None, 'change': True}
2025-07-07 21:10:05,613 : EventManager : Event: ======'machine_var_audits_switches_s_booster_drop_target_3'====== Args={'value': 0, 'prev_value': None, 'change': True}
2025-07-07 21:10:05,613 : EventManager : Event: ======'machine_var_audits_switches_s_comet_spot_1'====== Args={'value': 0, 'prev_value': None, 'change': True}
2025-07-07 21:10:05,613 : EventManager : Event: ======'machine_var_audits_switches_s_comet_spot_2'====== Args={'value': 0, 'prev_value': None, 'change': True}
2025-07-07 21:10:05,613 : EventManager : Event: ======'machine_var_audits_switches_s_comet_spot_3'====== Args={'value': 0, 'prev_value': None, 'change': True}
2025-07-07 21:10:05,614 : EventManager : Event: ======'machine_var_audits_switches_s_engine_bumper_1'====== Args={'value': 0, 'prev_value': None, 'change': True}
2025-07-07 21:10:05,614 : EventManager : Event: ======'machine_var_audits_switches_s_engine_bumper_2'====== Args={'value': 0, 'prev_value': None, 'change': True}
2025-07-07 21:10:05,614 : EventManager : Event: ======'machine_var_audits_switches_s_engine_bumper_3'====== Args={'value': 0, 'prev_value': None, 'change': True}
2025-07-07 21:10:05,614 : EventManager : Event: ======'machine_var_audits_switches_s_fuel_chute_1'====== Args={'value': 0, 'prev_value': None, 'change': True}
2025-07-07 21:10:05,614 : EventManager : Event: ======'machine_var_audits_switches_s_fuel_chute_2'====== Args={'value': 0, 'prev_value': None, 'change': True}
2025-07-07 21:10:05,614 : EventManager : Event: ======'machine_var_audits_switches_s_fuel_chute_3'====== Args={'value': 0, 'prev_value': None, 'change': True}
2025-07-07 21:10:05,614 : EventManager : Event: ======'machine_var_audits_switches_s_fuel_chute_4'====== Args={'value': 0, 'prev_value': None, 'change': True}
2025-07-07 21:10:05,614 : EventManager : Event: ======'machine_var_audits_switches_s_fuel_chute_5'====== Args={'value': 0, 'prev_value': None, 'change': True}
2025-07-07 21:10:05,614 : EventManager : Event: ======'machine_var_audits_switches_s_fuel_chute_6'====== Args={'value': 0, 'prev_value': None, 'change': True}
2025-07-07 21:10:05,614 : EventManager : Event: ======'machine_var_audits_switches_s_fuel_flag'====== Args={'value': 0, 'prev_value': None, 'change': True}
2025-07-07 21:10:05,614 : EventManager : Event: ======'machine_var_audits_switches_s_fuel_spot_1'====== Args={'value': 0, 'prev_value': None, 'change': True}
2025-07-07 21:10:05,614 : EventManager : Event: ======'machine_var_audits_switches_s_fuel_spot_2'====== Args={'value': 0, 'prev_value': None, 'change': True}
2025-07-07 21:10:05,614 : EventManager : Event: ======'machine_var_audits_switches_s_fuel_spot_3'====== Args={'value': 0, 'prev_value': None, 'change': True}
2025-07-07 21:10:05,614 : EventManager : Event: ======'machine_var_audits_switches_s_green_wormhole'====== Args={'value': 0, 'prev_value': None, 'change': True}
2025-07-07 21:10:05,614 : EventManager : Event: ======'machine_var_audits_switches_s_hyperspace_flag'====== Args={'value': 0, 'prev_value': None, 'change': True}
2025-07-07 21:10:05,614 : EventManager : Event: ======'machine_var_audits_switches_s_hyperspacekicker'====== Args={'value': 694, 'prev_value': None, 'change': True}
2025-07-07 21:10:05,614 : EventManager : Event: ======'machine_var_audits_switches_s_launch_lane_1'====== Args={'value': 0, 'prev_value': None, 'change': True}
2025-07-07 21:10:05,614 : EventManager : Event: ======'machine_var_audits_switches_s_launch_lane_2'====== Args={'value': 0, 'prev_value': None, 'change': True}
2025-07-07 21:10:05,614 : EventManager : Event: ======'machine_var_audits_switches_s_launch_lane_3'====== Args={'value': 0, 'prev_value': None, 'change': True}
2025-07-07 21:10:05,614 : EventManager : Event: ======'machine_var_audits_switches_s_launch_ramp'====== Args={'value': 0, 'prev_value': None, 'change': True}
2025-07-07 21:10:05,615 : EventManager : Event: ======'machine_var_audits_switches_s_left_attack_bumper'====== Args={'value': 885, 'prev_value': None, 'change': True}
2025-07-07 21:10:05,615 : EventManager : Event: ======'machine_var_audits_switches_s_left_flipper'====== Args={'value': 2527, 'prev_value': None, 'change': True}
2025-07-07 21:10:05,615 : EventManager : Event: ======'machine_var_audits_switches_s_left_out_lane'====== Args={'value': 35, 'prev_value': None, 'change': True}
2025-07-07 21:10:05,615 : EventManager : Event: ======'machine_var_audits_switches_s_left_out_lane_kicker'====== Args={'value': 0, 'prev_value': None, 'change': True}
2025-07-07 21:10:05,615 : EventManager : Event: ======'machine_var_audits_switches_s_left_return_lane'====== Args={'value': 208, 'prev_value': None, 'change': True}
2025-07-07 21:10:05,615 : EventManager : Event: ======'machine_var_audits_switches_s_lower_attack_bumper'====== Args={'value': 601, 'prev_value': None, 'change': True}
2025-07-07 21:10:05,615 : EventManager : Event: ======'machine_var_audits_switches_s_lower_left_rebound'====== Args={'value': 0, 'prev_value': None, 'change': True}
2025-07-07 21:10:05,615 : EventManager : Event: ======'machine_var_audits_switches_s_lower_left_slingshot'====== Args={'value': 277, 'prev_value': None, 'change': True}
2025-07-07 21:10:05,615 : EventManager : Event: ======'machine_var_audits_switches_s_lower_right_rebound'====== Args={'value': 0, 'prev_value': None, 'change': True}
2025-07-07 21:10:05,615 : EventManager : Event: ======'machine_var_audits_switches_s_lower_right_slingshot'====== Args={'value': 287, 'prev_value': None, 'change': True}
2025-07-07 21:10:05,615 : EventManager : Event: ======'machine_var_audits_switches_s_medal_drop_left'====== Args={'value': 188, 'prev_value': None, 'change': True}
2025-07-07 21:10:05,615 : EventManager : Event: ======'machine_var_audits_switches_s_medal_drop_middle'====== Args={'value': 180, 'prev_value': None, 'change': True}
2025-07-07 21:10:05,615 : EventManager : Event: ======'machine_var_audits_switches_s_medal_drop_right'====== Args={'value': 179, 'prev_value': None, 'change': True}
2025-07-07 21:10:05,615 : EventManager : Event: ======'machine_var_audits_switches_s_mission_spot_1'====== Args={'value': 0, 'prev_value': None, 'change': True}
2025-07-07 21:10:05,615 : EventManager : Event: ======'machine_var_audits_switches_s_mission_spot_2'====== Args={'value': 2, 'prev_value': None, 'change': True}
2025-07-07 21:10:05,615 : EventManager : Event: ======'machine_var_audits_switches_s_mission_spot_3'====== Args={'value': 0, 'prev_value': None, 'change': True}
2025-07-07 21:10:05,615 : EventManager : Event: ======'machine_var_audits_switches_s_multiplier_left'====== Args={'value': 0, 'prev_value': None, 'change': True}
2025-07-07 21:10:05,616 : EventManager : Event: ======'machine_var_audits_switches_s_multiplier_middle'====== Args={'value': 0, 'prev_value': None, 'change': True}
2025-07-07 21:10:05,616 : EventManager : Event: ======'machine_var_audits_switches_s_multiplier_right'====== Args={'value': 0, 'prev_value': None, 'change': True}
2025-07-07 21:10:05,616 : EventManager : Event: ======'machine_var_audits_switches_s_plunger'====== Args={'value': 179, 'prev_value': None, 'change': True}
2025-07-07 21:10:05,616 : EventManager : Event: ======'machine_var_audits_switches_s_radiationspot_1'====== Args={'value': 0, 'prev_value': None, 'change': True}
2025-07-07 21:10:05,616 : EventManager : Event: ======'machine_var_audits_switches_s_radiationspot_2'====== Args={'value': 0, 'prev_value': None, 'change': True}
2025-07-07 21:10:05,616 : EventManager : Event: ======'machine_var_audits_switches_s_radiationspot_3'====== Args={'value': 0, 'prev_value': None, 'change': True}
2025-07-07 21:10:05,616 : EventManager : Event: ======'machine_var_audits_switches_s_red_wormhole'====== Args={'value': 0, 'prev_value': None, 'change': True}
2025-07-07 21:10:05,616 : EventManager : Event: ======'machine_var_audits_switches_s_reentry_left'====== Args={'value': 963, 'prev_value': None, 'change': True}
2025-07-07 21:10:05,616 : EventManager : Event: ======'machine_var_audits_switches_s_reentry_middle'====== Args={'value': 635, 'prev_value': None, 'change': True}
2025-07-07 21:10:05,616 : EventManager : Event: ======'machine_var_audits_switches_s_reentry_right'====== Args={'value': 614, 'prev_value': None, 'change': True}
2025-07-07 21:10:05,616 : EventManager : Event: ======'machine_var_audits_switches_s_right_attack_bumper'====== Args={'value': 64, 'prev_value': None, 'change': True}
2025-07-07 21:10:05,616 : EventManager : Event: ======'machine_var_audits_switches_s_right_flipper'====== Args={'value': 2722, 'prev_value': None, 'change': True}
2025-07-07 21:10:05,616 : EventManager : Event: ======'machine_var_audits_switches_s_right_inlane'====== Args={'value': 0, 'prev_value': None, 'change': True}
2025-07-07 21:10:05,616 : EventManager : Event: ======'machine_var_audits_switches_s_right_out_lane'====== Args={'value': 130, 'prev_value': None, 'change': True}
2025-07-07 21:10:05,616 : EventManager : Event: ======'machine_var_audits_switches_s_right_out_lane_kicker'====== Args={'value': 0, 'prev_value': None, 'change': True}
2025-07-07 21:10:05,616 : EventManager : Event: ======'machine_var_audits_switches_s_right_return_lane'====== Args={'value': 155, 'prev_value': None, 'change': True}
2025-07-07 21:10:05,616 : EventManager : Event: ======'machine_var_audits_switches_s_satellite_bumper'====== Args={'value': 0, 'prev_value': None, 'change': True}
2025-07-07 21:10:05,616 : EventManager : Event: ======'machine_var_audits_switches_s_secondary_outlane_kicker'====== Args={'value': 0, 'prev_value': None, 'change': True}
2025-07-07 21:10:05,616 : EventManager : Event: ======'machine_var_audits_switches_s_skill_shot_1'====== Args={'value': 0, 'prev_value': None, 'change': True}
2025-07-07 21:10:05,616 : EventManager : Event: ======'machine_var_audits_switches_s_skill_shot_2'====== Args={'value': 0, 'prev_value': None, 'change': True}
2025-07-07 21:10:05,617 : EventManager : Event: ======'machine_var_audits_switches_s_skill_shot_3'====== Args={'value': 0, 'prev_value': None, 'change': True}
2025-07-07 21:10:05,617 : EventManager : Event: ======'machine_var_audits_switches_s_skill_shot_4'====== Args={'value': 0, 'prev_value': None, 'change': True}
2025-07-07 21:10:05,617 : EventManager : Event: ======'machine_var_audits_switches_s_skill_shot_5'====== Args={'value': 0, 'prev_value': None, 'change': True}
2025-07-07 21:10:05,617 : EventManager : Event: ======'machine_var_audits_switches_s_skill_shot_6'====== Args={'value': 0, 'prev_value': None, 'change': True}
2025-07-07 21:10:05,617 : EventManager : Event: ======'machine_var_audits_switches_s_skill_shot_lane'====== Args={'value': 0, 'prev_value': None, 'change': True}
2025-07-07 21:10:05,617 : EventManager : Event: ======'machine_var_audits_switches_s_spacewarp_rollover'====== Args={'value': 48, 'prev_value': None, 'change': True}
2025-07-07 21:10:05,617 : EventManager : Event: ======'machine_var_audits_switches_s_start'====== Args={'value': 7, 'prev_value': None, 'change': True}
2025-07-07 21:10:05,617 : EventManager : Event: ======'machine_var_audits_switches_s_trough1'====== Args={'value': 30, 'prev_value': None, 'change': True}
2025-07-07 21:10:05,617 : EventManager : Event: ======'machine_var_audits_switches_s_trough2'====== Args={'value': 0, 'prev_value': None, 'change': True}
2025-07-07 21:10:05,617 : EventManager : Event: ======'machine_var_audits_switches_s_trough3'====== Args={'value': 0, 'prev_value': None, 'change': True}
2025-07-07 21:10:05,617 : EventManager : Event: ======'machine_var_audits_switches_s_trough4'====== Args={'value': 0, 'prev_value': None, 'change': True}
2025-07-07 21:10:05,617 : EventManager : Event: ======'machine_var_audits_switches_s_trough5'====== Args={'value': 0, 'prev_value': None, 'change': True}
2025-07-07 21:10:05,617 : EventManager : Event: ======'machine_var_audits_switches_s_trough6'====== Args={'value': 0, 'prev_value': None, 'change': True}
2025-07-07 21:10:05,617 : EventManager : Event: ======'machine_var_audits_switches_s_trough_jam'====== Args={'value': 0, 'prev_value': None, 'change': True}
2025-07-07 21:10:05,617 : EventManager : Event: ======'machine_var_audits_switches_s_upper_attack_bumper'====== Args={'value': 415, 'prev_value': None, 'change': True}
2025-07-07 21:10:05,617 : EventManager : Event: ======'machine_var_audits_switches_s_upper_left_rebound'====== Args={'value': 0, 'prev_value': None, 'change': True}
2025-07-07 21:10:05,617 : EventManager : Event: ======'machine_var_audits_switches_s_upper_right_rebound'====== Args={'value': 0, 'prev_value': None, 'change': True}
2025-07-07 21:10:05,617 : EventManager : Event: ======'machine_var_audits_switches_s_wormhole_target'====== Args={'value': 96, 'prev_value': None, 'change': True}
2025-07-07 21:10:05,617 : EventManager : Event: ======'machine_var_audits_switches_s_yellow_wormhole'====== Args={'value': 0, 'prev_value': None, 'change': True}
2025-07-07 21:10:05,644 : EventManager : Event: ======'slides_play'====== Args={'settings': {'welcome_slide': {'target': None, 'background_color': [0.0, 0.0, 0.0, 1.0], 'priority': None, 'show': True, 'force': False, 'expire': None, 'slide': None, 'tokens': {}, 'action': 'play'}}, 'context': '_global', 'calling_context': 'init_done', 'priority': 0}
2025-07-07 21:10:05,644 : EventManager : Event: ======'mc_reset_phase_1'====== Args={}
2025-07-07 21:10:05,644 : EventManager : Event: ======'slide_welcome_slide_removed'====== Args={}
2025-07-07 21:10:05,646 : EventManager : Event: ======'slide_welcome_slide_created'====== Args={}
2025-07-07 21:10:05,647 : EventManager : Event: ======'mc_reset_phase_2'====== Args={}
2025-07-07 21:10:05,647 : EventManager : Event: ======'mc_reset_phase_3'====== Args={}
2025-07-07 21:10:05,647 : EventManager : Event: ======'mc_reset_complete'====== Args={}
2025-07-07 21:10:05,647 : EventManager : Event: ======'slide_welcome_slide_active'====== Args={}
2025-07-07 21:10:05,677 : EventManager : Event: ======'slides_play'====== Args={'settings': {'awesome_slide': {'widgets': [{'type': 'text', 'text': 'YOU ARE AWESOME', 'font_size': 50, '_default_settings': ['type', 'text', 'font_size'], 'x': None, 'y': None, 'anchor_x': 'center', 'anchor_y': 'center', 'round_anchor_x': None, 'round_anchor_y': None, 'opacity': 1.0, 'z': 0, 'reset_animations_events': {}, 'color': [1.0, 1.0, 1.0, 1.0], 'style': [], 'adjust_top': 0, 'adjust_bottom': 0, 'adjust_left': 0, 'adjust_right': 0, 'expire': None, 'key': None, 'widget': None, 'events_when_added': [], 'events_when_removed': [], 'bitmap_font': False, 'font_kerning': True, 'bold': False, 'italic': False, 'number_grouping': False, 'min_digits': 0, 'halign': 'center', 'valign': 'middle', 'rotation': 0, 'scale': 1.0, 'casing': None, 'outline_color': [1.0, 1.0, 1.0, 1.0], 'outline_width': 0, 'animations': None}], 'transition': {'type': 'push', 'duration': 1.0, 'direction': 'left', 'easing': 'out_quad'}, 'target': None, 'background_color': [0.0, 0.0, 0.0, 1.0], 'priority': None, 'show': True, 'force': False, 'expire': None, 'slide': None, 'tokens': {}, 'action': 'play'}}, 'context': 'show_2', 'calling_context': 0, 'priority': 10, 'show_tokens': {}, 'start_time': 2343330.265}
2025-07-07 21:10:05,679 : EventManager : Event: ======'slide_awesome_slide_created'====== Args={}
2025-07-07 21:10:05,680 : EventManager : Event: ======'slide_awesome_slide_active'====== Args={}
2025-07-07 21:10:08,672 : EventManager : Event: ======'slides_play'====== Args={'settings': {'press_start': {'widgets': [{'type': 'Text', 'text': 'PRESS START', 'animations': {'pre_show_slide': [{'property': ['opacity'], 'value': ['0'], 'duration': 0.5, 'relative': False, 'timing': 'after_previous', 'repeat': False, 'easing': 'linear', 'step': 0.0}, {'property': ['opacity'], 'value': ['1'], 'duration': 0.5, 'repeat': False, 'relative': False, 'timing': 'after_previous', 'easing': 'linear', 'step': 0.0}]}, '_default_settings': ['type', 'text', 'animations'], 'x': None, 'y': None, 'anchor_x': 'center', 'anchor_y': 'center', 'round_anchor_x': None, 'round_anchor_y': None, 'opacity': 1.0, 'z': 0, 'reset_animations_events': {}, 'color': [1.0, 1.0, 1.0, 1.0], 'style': [], 'adjust_top': 0, 'adjust_bottom': 0, 'adjust_left': 0, 'adjust_right': 0, 'expire': None, 'key': None, 'widget': None, 'events_when_added': [], 'events_when_removed': [], 'font_size': 15, 'bitmap_font': False, 'font_kerning': True, 'bold': False, 'italic': False, 'number_grouping': False, 'min_digits': 0, 'halign': 'center', 'valign': 'middle', 'rotation': 0, 'scale': 1.0, 'casing': None, 'outline_color': [1.0, 1.0, 1.0, 1.0], 'outline_width': 0}, {'type': 'Text', 'text': 'FREE PLAY', 'color': [0.0, 0.5019607843137255, 0.0, 1], 'y': '10', 'anchor_y': 'bottom', '_default_settings': ['type', 'text', 'color', 'y', 'anchor_y'], 'x': None, 'anchor_x': 'center', 'round_anchor_x': None, 'round_anchor_y': None, 'opacity': 1.0, 'z': 0, 'reset_animations_events': {}, 'style': [], 'adjust_top': 0, 'adjust_bottom': 0, 'adjust_left': 0, 'adjust_right': 0, 'expire': None, 'key': None, 'widget': None, 'events_when_added': [], 'events_when_removed': [], 'font_size': 15, 'bitmap_font': False, 'font_kerning': True, 'bold': False, 'italic': False, 'number_grouping': False, 'min_digits': 0, 'halign': 'center', 'valign': 'middle', 'rotation': 0, 'scale': 1.0, 'casing': None, 'outline_color': [1.0, 1.0, 1.0, 1.0], 'outline_width': 0, 'animations': None}], 'transition': {'type': 'move_in', 'duration': 1.0, 'direction': 'right', 'easing': 'out_quad'}, 'target': None, 'background_color': [0.0, 0.0, 0.0, 1.0], 'priority': None, 'show': True, 'force': False, 'expire': None, 'slide': None, 'tokens': {}, 'action': 'play'}}, 'context': 'show_2', 'calling_context': 1, 'priority': 10, 'show_tokens': {}, 'start_time': 2343333.265}
2025-07-07 21:10:08,676 : EventManager : Event: ======'slide_press_start_created'====== Args={}
2025-07-07 21:10:08,677 : EventManager : Event: ======'slide_press_start_active'====== Args={}
2025-07-07 21:10:08,918 : EventManager : Event: ======'game_started'====== Args={}
2025-07-07 21:10:08,918 : EventManager : Event: ======'slides_clear'====== Args={'context': 'show_2'}
2025-07-07 21:10:08,918 : EventManager : Event: ======'slide_awesome_slide_removed'====== Args={}
2025-07-07 21:10:08,918 : EventManager : Event: ======'slide_press_start_removed'====== Args={}
2025-07-07 21:10:08,919 : EventManager : Event: ======'slide_welcome_slide_active'====== Args={}
2025-07-07 21:10:08,931 : EventManager : Event: ======'player_added'====== Args={'player': <Player 1>, 'num': 1}
2025-07-07 21:10:08,931 : EventManager : Event: ======'player_index'====== Args={'value': 0, 'prev_value': 0, 'change': 0, 'player_num': 1}
2025-07-07 21:10:08,931 : EventManager : Event: ======'player_number'====== Args={'value': 1, 'prev_value': 1, 'change': 0, 'player_num': 1}
2025-07-07 21:10:08,931 : EventManager : Event: ======'player_score'====== Args={'value': 0, 'prev_value': 0, 'change': 0, 'player_num': 1}
2025-07-07 21:10:08,944 : EventManager : Event: ======'player_ball'====== Args={'value': 1, 'prev_value': 0, 'change': 1, 'player_num': 1}
2025-07-07 21:10:08,944 : EventManager : Event: ======'player_turn_start'====== Args={'number': 1, 'player': <Player 1>}
2025-07-07 21:10:08,944 : EventManager : Event: ======'slides_play'====== Args={'settings': {'widgets': {'widgets': [{'type': 'text', 'text': '(score)', 'number_grouping': True, 'min_digits': 2, 'font_size': 100, '_default_settings': ['type', 'text', 'number_grouping', 'min_digits', 'font_size'], 'x': None, 'y': None, 'anchor_x': 'center', 'anchor_y': 'center', 'round_anchor_x': None, 'round_anchor_y': None, 'opacity': 1.0, 'z': 0, 'reset_animations_events': {}, 'color': [1.0, 1.0, 1.0, 1.0], 'style': [], 'adjust_top': 0, 'adjust_bottom': 0, 'adjust_left': 0, 'adjust_right': 0, 'expire': None, 'key': None, 'widget': None, 'events_when_added': [], 'events_when_removed': [], 'bitmap_font': False, 'font_kerning': True, 'bold': False, 'italic': False, 'halign': 'center', 'valign': 'middle', 'rotation': 0, 'scale': 1.0, 'casing': None, 'outline_color': [1.0, 1.0, 1.0, 1.0], 'outline_width': 0, 'animations': None}, {'type': 'text', 'text': 'PLAYER (number)', 'y': '10', 'x': '10', 'font_size': 50, 'anchor_x': 'left', 'anchor_y': 'bottom', '_default_settings': ['type', 'text', 'y', 'x', 'font_size', 'anchor_x', 'anchor_y'], 'round_anchor_x': None, 'round_anchor_y': None, 'opacity': 1.0, 'z': 0, 'reset_animations_events': {}, 'color': [1.0, 1.0, 1.0, 1.0], 'style': [], 'adjust_top': 0, 'adjust_bottom': 0, 'adjust_left': 0, 'adjust_right': 0, 'expire': None, 'key': None, 'widget': None, 'events_when_added': [], 'events_when_removed': [], 'bitmap_font': False, 'font_kerning': True, 'bold': False, 'italic': False, 'number_grouping': False, 'min_digits': 0, 'halign': 'center', 'valign': 'middle', 'rotation': 0, 'scale': 1.0, 'casing': None, 'outline_color': [1.0, 1.0, 1.0, 1.0], 'outline_width': 0, 'animations': None}, {'type': 'text', 'text': 'BALL (ball)', 'y': '10', 'x': 'right-10', 'anchor_x': 'right', 'anchor_y': 'bottom', 'font_size': 50, '_default_settings': ['type', 'text', 'y', 'x', 'anchor_x', 'anchor_y', 'font_size'], 'round_anchor_x': None, 'round_anchor_y': None, 'opacity': 1.0, 'z': 0, 'reset_animations_events': {}, 'color': [1.0, 1.0, 1.0, 1.0], 'style': [], 'adjust_top': 0, 'adjust_bottom': 0, 'adjust_left': 0, 'adjust_right': 0, 'expire': None, 'key': None, 'widget': None, 'events_when_added': [], 'events_when_removed': [], 'bitmap_font': False, 'font_kerning': True, 'bold': False, 'italic': False, 'number_grouping': False, 'min_digits': 0, 'halign': 'center', 'valign': 'middle', 'rotation': 0, 'scale': 1.0, 'casing': None, 'outline_color': [1.0, 1.0, 1.0, 1.0], 'outline_width': 0, 'animations': None}], 'target': None, 'background_color': [0.0, 0.0, 0.0, 1.0], 'priority': None, 'show': True, 'force': False, 'expire': None, 'slide': None, 'tokens': {}, 'action': 'play'}}, 'context': 'base', 'calling_context': 'mode_base_started', 'priority': 100, 'queue': '<QueuedEvent>', 'player': 1, 'ball': 1, 'balls_remaining': 2, 'is_extra_ball': False}
2025-07-07 21:10:08,949 : EventManager : Event: ======'slide_base.slide_player-mode_base_started_created'====== Args={}
2025-07-07 21:10:08,950 : EventManager : Event: ======'slide_base.slide_player-mode_base_started_active'====== Args={}
2025-07-07 21:10:08,967 : EventManager : Event: ======'player_shot_bonusLane_shot_enabled'====== Args={'value': True, 'prev_value': 0, 'change': 1, 'player_num': 1}
2025-07-07 21:10:08,967 : EventManager : Event: ======'player_shot_outLaneL_shot_enabled'====== Args={'value': True, 'prev_value': 0, 'change': 1, 'player_num': 1}
2025-07-07 21:10:08,967 : EventManager : Event: ======'player_shot_outLaneR_shot_enabled'====== Args={'value': True, 'prev_value': 0, 'change': 1, 'player_num': 1}
2025-07-07 21:10:08,967 : EventManager : Event: ======'player_shot_returnLaneL_shot_enabled'====== Args={'value': True, 'prev_value': 0, 'change': 1, 'player_num': 1}
2025-07-07 21:10:08,968 : EventManager : Event: ======'player_shot_returnLaneR_shot_enabled'====== Args={'value': True, 'prev_value': 0, 'change': 1, 'player_num': 1}
2025-07-07 21:10:08,968 : EventManager : Event: ======'player_shot_spacewarp_rollover_shot_enabled'====== Args={'value': True, 'prev_value': 0, 'change': 1, 'player_num': 1}
2025-07-07 21:10:08,968 : EventManager : Event: ======'player_shot_reentryL_shot_enabled'====== Args={'value': True, 'prev_value': 0, 'change': 1, 'player_num': 1}
2025-07-07 21:10:08,968 : EventManager : Event: ======'player_shot_reentryM_shot_enabled'====== Args={'value': True, 'prev_value': 0, 'change': 1, 'player_num': 1}
2025-07-07 21:10:08,968 : EventManager : Event: ======'player_shot_reentryR_shot_enabled'====== Args={'value': True, 'prev_value': 0, 'change': 1, 'player_num': 1}
2025-07-07 21:10:08,968 : EventManager : Event: ======'player_shot_attack_bumper_left_shot_enabled'====== Args={'value': True, 'prev_value': 0, 'change': 1, 'player_num': 1}
2025-07-07 21:10:08,968 : EventManager : Event: ======'player_shot_attack_bumper_right_shot_enabled'====== Args={'value': True, 'prev_value': 0, 'change': 1, 'player_num': 1}
2025-07-07 21:10:08,968 : EventManager : Event: ======'player_shot_attack_bumper_lower_shot_enabled'====== Args={'value': True, 'prev_value': 0, 'change': 1, 'player_num': 1}
2025-07-07 21:10:08,968 : EventManager : Event: ======'slides_play'====== Args={'settings': {'widgets': {'widgets': [{'type': 'text', 'text': 'PLAYER (number) BALL (ball)', '_default_settings': ['type', 'text'], 'x': None, 'y': None, 'anchor_x': 'center', 'anchor_y': 'center', 'round_anchor_x': None, 'round_anchor_y': None, 'opacity': 1.0, 'z': 0, 'reset_animations_events': {}, 'color': [1.0, 1.0, 1.0, 1.0], 'style': [], 'adjust_top': 0, 'adjust_bottom': 0, 'adjust_left': 0, 'adjust_right': 0, 'expire': None, 'key': None, 'widget': None, 'events_when_added': [], 'events_when_removed': [], 'font_size': 15, 'bitmap_font': False, 'font_kerning': True, 'bold': False, 'italic': False, 'number_grouping': False, 'min_digits': 0, 'halign': 'center', 'valign': 'middle', 'rotation': 0, 'scale': 1.0, 'casing': None, 'outline_color': [1.0, 1.0, 1.0, 1.0], 'outline_width': 0, 'animations': None}], 'target': None, 'background_color': [0.0, 0.0, 0.0, 1.0], 'priority': None, 'show': True, 'force': False, 'expire': None, 'slide': None, 'tokens': {}, 'action': 'play'}}, 'context': '_global', 'calling_context': 'ball_started', 'priority': 0, 'player': 1, 'ball': 1, 'balls_remaining': 2, 'is_extra_ball': False}
2025-07-07 21:10:08,970 : EventManager : Event: ======'slide__global.slide_player-ball_started_created'====== Args={}
2025-07-07 21:10:08,992 : EventManager : Event: ======'player_attack_bumper_count'====== Args={'value': 1, 'prev_value': 0, 'change': 1, 'player_num': 1}
2025-07-07 21:10:08,992 : EventManager : Event: ======'widgets_play'====== Args={'settings': {'reentry_start_banner': {'priority': 0, 'slide': None, 'action': 'add', 'key': None, 'target': None}}, 'context': 'reentry', 'calling_context': 'mode_reentry_started', 'priority': 200, 'player': 1, 'ball': 1, 'balls_remaining': 2, 'is_extra_ball': False}
2025-07-07 21:10:10,836 : EventManager : Event: ======'machine_var_audits_switches_s_lower_attack_bumper'====== Args={'value': 602, 'prev_value': 601, 'change': 1}
2025-07-07 21:10:10,848 : EventManager : Event: ======'player_shot_attack_bumper_lower_shot'====== Args={'value': 1, 'prev_value': 0, 'change': 1, 'player_num': 1}
2025-07-07 21:10:10,848 : EventManager : Event: ======'machine_var_audits_shots_attack_bumper_lower_shot'====== Args={'value': 352, 'prev_value': 351, 'change': 1}
2025-07-07 21:10:10,848 : EventManager : Event: ======'player_score'====== Args={'value': 500, 'prev_value': 0, 'change': 500, 'player_num': 1}
2025-07-07 21:10:11,323 : EventManager : Event: ======'machine_var_audits_switches_s_lower_attack_bumper'====== Args={'value': 603, 'prev_value': 602, 'change': 1}
2025-07-07 21:10:11,335 : EventManager : Event: ======'machine_var_audits_shots_attack_bumper_lower_shot'====== Args={'value': 353, 'prev_value': 352, 'change': 1}
2025-07-07 21:10:11,335 : EventManager : Event: ======'player_score'====== Args={'value': 1000, 'prev_value': 500, 'change': 500, 'player_num': 1}
2025-07-07 21:10:11,697 : EventManager : Event: ======'machine_var_audits_switches_s_lower_attack_bumper'====== Args={'value': 604, 'prev_value': 603, 'change': 1}
2025-07-07 21:10:11,697 : EventManager : Event: ======'machine_var_audits_shots_attack_bumper_lower_shot'====== Args={'value': 354, 'prev_value': 353, 'change': 1}
2025-07-07 21:10:11,697 : EventManager : Event: ======'player_score'====== Args={'value': 1500, 'prev_value': 1000, 'change': 500, 'player_num': 1}
2025-07-07 21:10:15,019 : EventManager : Event: ======'machine_var_audits_switches_s_reentry_right'====== Args={'value': 615, 'prev_value': 614, 'change': 1}
2025-07-07 21:10:15,031 : EventManager : Event: ======'player_shot_reentryR_shot'====== Args={'value': 1, 'prev_value': 0, 'change': 1, 'player_num': 1}
2025-07-07 21:10:15,031 : EventManager : Event: ======'machine_var_audits_shots_reentryR_shot'====== Args={'value': 556, 'prev_value': 555, 'change': 1}
2025-07-07 21:10:15,031 : EventManager : Event: ======'sounds_play'====== Args={'settings': {'reentry_sound': {'action': 'play', 'priority': None, 'block': False, 'delay': None, 'track': None, 'volume': None, 'ducking': {}, 'pan': None, 'loops': None, 'start_at': None, 'fade_in': None, 'fade_out': None, 'about_to_finish_time': -1.0, 'max_queue_time': -1.0, 'events_when_played': ['use_sound_setting'], 'events_when_stopped': ['use_sound_setting'], 'events_when_looping': ['use_sound_setting'], 'events_when_about_to_finish': ['use_sound_setting'], 'mode_end_action': 'use_sound_setting', 'key': 'use_sound_setting'}}, 'context': '_global', 'calling_context': 's_reentry_right_active', 'priority': 0}
2025-07-07 21:10:15,031 : EventManager : Event: ======'player_score'====== Args={'value': 2500, 'prev_value': 1500, 'change': 1000, 'player_num': 1}
2025-07-07 21:10:15,044 : EventManager : Event: ======'loading_assets'====== Args={'total': 1, 'loaded': 1, 'remaining': 0, 'percent': 100}
2025-07-07 21:10:15,044 : AssetManager : Asset loading took: 11.072598457336426
2025-07-07 21:10:15,044 : EventManager : Event: ======'asset_loading_complete'====== Args={}
2025-07-07 21:10:15,044 : AssetManager : Loading assets: 1/1 (100%)
2025-07-07 21:10:15,494 : EventManager : Event: ======'machine_var_audits_switches_s_reentry_middle'====== Args={'value': 636, 'prev_value': 635, 'change': 1}
2025-07-07 21:10:15,494 : EventManager : Event: ======'player_shot_reentryM_shot'====== Args={'value': 1, 'prev_value': 0, 'change': 1, 'player_num': 1}
2025-07-07 21:10:15,494 : EventManager : Event: ======'machine_var_audits_shots_reentryM_shot'====== Args={'value': 562, 'prev_value': 561, 'change': 1}
2025-07-07 21:10:15,494 : EventManager : Event: ======'sounds_play'====== Args={'settings': {'reentry_sound': {'action': 'play', 'priority': None, 'block': False, 'delay': None, 'track': None, 'volume': None, 'ducking': {}, 'pan': None, 'loops': None, 'start_at': None, 'fade_in': None, 'fade_out': None, 'about_to_finish_time': -1.0, 'max_queue_time': -1.0, 'events_when_played': ['use_sound_setting'], 'events_when_stopped': ['use_sound_setting'], 'events_when_looping': ['use_sound_setting'], 'events_when_about_to_finish': ['use_sound_setting'], 'mode_end_action': 'use_sound_setting', 'key': 'use_sound_setting'}}, 'context': '_global', 'calling_context': 's_reentry_middle_active', 'priority': 0}
2025-07-07 21:10:15,494 : EventManager : Event: ======'player_score'====== Args={'value': 3500, 'prev_value': 2500, 'change': 1000, 'player_num': 1}
2025-07-07 21:10:15,979 : EventManager : Event: ======'machine_var_audits_switches_s_reentry_left'====== Args={'value': 964, 'prev_value': 963, 'change': 1}
2025-07-07 21:10:15,991 : EventManager : Event: ======'player_shot_reentryL_shot'====== Args={'value': 1, 'prev_value': 0, 'change': 1, 'player_num': 1}
2025-07-07 21:10:15,991 : EventManager : Event: ======'machine_var_audits_shots_reentryL_shot'====== Args={'value': 606, 'prev_value': 605, 'change': 1}
2025-07-07 21:10:15,991 : EventManager : Event: ======'sounds_play'====== Args={'settings': {'reentry_sound': {'action': 'play', 'priority': None, 'block': False, 'delay': None, 'track': None, 'volume': None, 'ducking': {}, 'pan': None, 'loops': None, 'start_at': None, 'fade_in': None, 'fade_out': None, 'about_to_finish_time': -1.0, 'max_queue_time': -1.0, 'events_when_played': ['use_sound_setting'], 'events_when_stopped': ['use_sound_setting'], 'events_when_looping': ['use_sound_setting'], 'events_when_about_to_finish': ['use_sound_setting'], 'mode_end_action': 'use_sound_setting', 'key': 'use_sound_setting'}}, 'context': '_global', 'calling_context': 's_reentry_left_active', 'priority': 0}
2025-07-07 21:10:15,991 : EventManager : Event: ======'player_score'====== Args={'value': 8500, 'prev_value': 3500, 'change': 5000, 'player_num': 1}
2025-07-07 21:10:15,991 : EventManager : Event: ======'player_attack_bumper_count'====== Args={'value': 2, 'prev_value': 1, 'change': 1, 'player_num': 1}
2025-07-07 21:10:15,991 : EventManager : Event: ======'player_score'====== Args={'value': 9500, 'prev_value': 8500, 'change': 1000, 'player_num': 1}
2025-07-07 21:10:17,989 : EventManager : Event: ======'player_shot_reentryL_shot'====== Args={'value': 0, 'prev_value': 1, 'change': -1, 'player_num': 1}
2025-07-07 21:10:17,989 : EventManager : Event: ======'player_shot_reentryM_shot'====== Args={'value': 0, 'prev_value': 1, 'change': -1, 'player_num': 1}
2025-07-07 21:10:17,989 : EventManager : Event: ======'player_shot_reentryR_shot'====== Args={'value': 0, 'prev_value': 1, 'change': -1, 'player_num': 1}
2025-07-07 21:10:18,700 : EventManager : Event: ======'machine_var_audits_switches_s_lower_attack_bumper'====== Args={'value': 605, 'prev_value': 604, 'change': 1}
2025-07-07 21:10:18,700 : EventManager : Event: ======'machine_var_audits_shots_attack_bumper_lower_shot'====== Args={'value': 355, 'prev_value': 354, 'change': 1}
2025-07-07 21:10:18,700 : EventManager : Event: ======'player_score'====== Args={'value': 10500, 'prev_value': 9500, 'change': 1000, 'player_num': 1}
2025-07-07 21:10:19,115 : EventManager : Event: ======'machine_var_audits_switches_s_lower_attack_bumper'====== Args={'value': 606, 'prev_value': 605, 'change': 1}
2025-07-07 21:10:19,115 : EventManager : Event: ======'machine_var_audits_shots_attack_bumper_lower_shot'====== Args={'value': 356, 'prev_value': 355, 'change': 1}
2025-07-07 21:10:19,115 : EventManager : Event: ======'player_score'====== Args={'value': 11500, 'prev_value': 10500, 'change': 1000, 'player_num': 1}
2025-07-07 21:10:19,166 : EventManager : Event: ======'machine_var_audits_switches_s_lower_attack_bumper'====== Args={'value': 607, 'prev_value': 606, 'change': 1}
2025-07-07 21:10:19,166 : EventManager : Event: ======'machine_var_audits_shots_attack_bumper_lower_shot'====== Args={'value': 357, 'prev_value': 356, 'change': 1}
2025-07-07 21:10:19,166 : EventManager : Event: ======'player_score'====== Args={'value': 12500, 'prev_value': 11500, 'change': 1000, 'player_num': 1}
2025-07-07 21:10:19,435 : EventManager : Event: ======'machine_var_audits_switches_s_lower_attack_bumper'====== Args={'value': 608, 'prev_value': 607, 'change': 1}
2025-07-07 21:10:19,435 : EventManager : Event: ======'machine_var_audits_shots_attack_bumper_lower_shot'====== Args={'value': 358, 'prev_value': 357, 'change': 1}
2025-07-07 21:10:19,435 : EventManager : Event: ======'player_score'====== Args={'value': 13500, 'prev_value': 12500, 'change': 1000, 'player_num': 1}
2025-07-08 13:11:17,773 : kivy : Base: Leaving application in progress...
