2025-01-29 19:28:28,995 : INFO : root : Loading config.
2025-01-29 19:28:29,040 : INFO : ConfigProcessor : Config spec file cache created: C:\Users\student\AppData\Local\Temp\config_spec.mpf_cache
2025-01-29 19:28:29,041 : INFO : YamlMultifileConfigLoader : Machine config file #1: config.yaml
2025-01-29 19:28:29,041 : INFO : ConfigProcessor : Loading config from file C:\Users\student\mpfenv3\Lib\site-packages\mpf\mpfconfig.yaml.
2025-01-29 19:28:29,050 : INFO : ConfigProcessor : Loading config: C:\Users\student\mpfenv3\Lib\site-packages\mpf\mpfconfig.yaml
2025-01-29 19:28:29,050 : INFO : ConfigProcessor : Loading config from file C:\Users\student\pinball\cobraPinTest1\config\config.yaml.
2025-01-29 19:28:29,056 : INFO : ConfigProcessor : Loading config: C:\Users\student\pinball\cobraPinTest1\config\config.yaml
2025-01-29 19:28:29,058 : INFO : ConfigProcessor : Config file cache created: C:\Users\student\AppData\Local\Temp\a20d2796aecf24feaad48747be24652a.mpf_cache
2025-01-29 19:28:29,129 : INFO : ConfigProcessor : Loading config from file C:\Users\student\mpfenv3\Lib\site-packages\mpf\modes\attract\config\attract.yaml.
2025-01-29 19:28:29,129 : INFO : ConfigProcessor : Loading config: C:\Users\student\mpfenv3\Lib\site-packages\mpf\modes\attract\config\attract.yaml
2025-01-29 19:28:29,129 : INFO : ConfigProcessor : Loading config from file C:\Users\student\pinball\cobraPinTest1\modes\attract\config\attract.yaml.
2025-01-29 19:28:29,130 : INFO : ConfigProcessor : Loading config: C:\Users\student\pinball\cobraPinTest1\modes\attract\config\attract.yaml
2025-01-29 19:28:29,131 : INFO : ConfigProcessor : Config file cache created: C:\Users\student\AppData\Local\Temp\0196918bccd620e51d3c4d2630650aa0.mpf_cache
2025-01-29 19:28:29,131 : INFO : ConfigProcessor : Loading config from file C:\Users\student\mpfenv3\Lib\site-packages\mpf\modes\game\config\game.yaml.
2025-01-29 19:28:29,132 : INFO : ConfigProcessor : Loading config: C:\Users\student\mpfenv3\Lib\site-packages\mpf\modes\game\config\game.yaml
2025-01-29 19:28:29,132 : INFO : ConfigProcessor : Config file cache created: C:\Users\student\AppData\Local\Temp\511dcc6b491b0fa2d7aa9abdf6497e9c.mpf_cache
2025-01-29 19:28:29,132 : INFO : ConfigProcessor : Loading config from file C:\Users\student\pinball\cobraPinTest1\modes\base\config\base.yaml.
2025-01-29 19:28:29,133 : INFO : ConfigProcessor : Loading config: C:\Users\student\pinball\cobraPinTest1\modes\base\config\base.yaml
2025-01-29 19:28:29,134 : INFO : ConfigProcessor : Config file cache created: C:\Users\student\AppData\Local\Temp\4675a535c8328a9c278c807d999ed109.mpf_cache
2025-01-29 19:28:29,134 : INFO : ConfigProcessor : Loading config from file C:\Users\student\pinball\cobraPinTest1\modes\reentry\config\reentry.yaml.
2025-01-29 19:28:29,137 : INFO : ConfigProcessor : Loading config: C:\Users\student\pinball\cobraPinTest1\modes\reentry\config\reentry.yaml
2025-01-29 19:28:29,137 : INFO : ConfigProcessor : Config file cache created: C:\Users\student\AppData\Local\Temp\0c8438cab3480347c0c749fa494946a2.mpf_cache
2025-01-29 19:28:29,138 : INFO : ConfigProcessor : Loading config from file C:\Users\student\pinball\cobraPinTest1\modes\lowerlanes\config\lowerlanes.yaml.
2025-01-29 19:28:29,139 : INFO : ConfigProcessor : Loading config: C:\Users\student\pinball\cobraPinTest1\modes\lowerlanes\config\lowerlanes.yaml
2025-01-29 19:28:29,139 : INFO : ConfigProcessor : Config file cache created: C:\Users\student\AppData\Local\Temp\5052615755bdf1309b248cf8695ad4ff.mpf_cache
