2025-01-13 20:27:58,574 : kivy : deps: Successfully imported "kivy_deps.gstreamer" 0.3.3
2025-01-13 20:27:58,575 : kivy : deps: Successfully imported "kivy_deps.angle" 0.3.3
2025-01-13 20:27:58,575 : kivy : deps: Successfully imported "kivy_deps.glew" 0.3.1
2025-01-13 20:27:58,575 : kivy : deps: Successfully imported "kivy_deps.sdl2" 0.6.0
2025-01-13 20:27:58,575 : kivy : Kivy: v2.2.1
2025-01-13 20:27:58,575 : kivy : Kivy: Installed at "C:\Users\student\mpfenv3\Lib\site-packages\kivy\__init__.py"
2025-01-13 20:27:58,575 : kivy : Python: v3.11.8 (tags/v3.11.8:db85d51, Feb  6 2024, 22:03:32) [MSC v.1937 64 bit (AMD64)]
2025-01-13 20:27:58,590 : kivy : Python: Interpreter at "C:\Users\student\mpfenv3\Scripts\python.exe"
2025-01-13 20:27:58,608 : kivy : Factory: 190 symbols loaded
2025-01-13 20:27:58,802 : kivy : ImageLoaderFFPy: Using ffpyplayer 4.5.1
2025-01-13 20:27:58,802 : kivy : Image: Providers: img_tex, img_dds, img_sdl2, img_pil, img_ffpyplayer 
2025-01-13 20:27:59,493 : kivy : VideoGstplayer: Using Gstreamer 1.18.5.0
2025-01-13 20:27:59,493 : kivy : Video: Provider: gstplayer
2025-01-13 20:27:59,530 : root : Loading MPF-MC controller
2025-01-13 20:27:59,585 : ConfigProcessor : Config spec file cache created: C:\Users\student\AppData\Local\Temp\config_spec.mpf_cache
2025-01-13 20:27:59,585 : YamlMultifileConfigLoader : Machine config file #1: config
2025-01-13 20:27:59,585 : ConfigProcessor : Loading config from file C:\Users\student\mpfenv3\Lib\site-packages\mpfmc\mcconfig.yaml.
2025-01-13 20:27:59,595 : ConfigProcessor : Loading config: C:\Users\student\mpfenv3\Lib\site-packages\mpfmc\mcconfig.yaml
2025-01-13 20:27:59,595 : ConfigProcessor : Loading config from file C:\Users\student\pinball\cobraPinTest1\config\config.
2025-01-13 20:27:59,602 : ConfigProcessor : Loading config: C:\Users\student\pinball\cobraPinTest1\config\config
2025-01-13 20:27:59,604 : ConfigProcessor : Config file cache created: C:\Users\student\AppData\Local\Temp\d597e459fa663d00d6faab779112d1ee.mpf_cache
2025-01-13 20:27:59,604 : ConfigProcessor : Loading config from file C:\Users\student\mpfenv3\Lib\site-packages\mpf\modes\attract\config\attract.yaml.
2025-01-13 20:27:59,605 : ConfigProcessor : Loading config: C:\Users\student\mpfenv3\Lib\site-packages\mpf\modes\attract\config\attract.yaml
2025-01-13 20:27:59,605 : ConfigProcessor : Loading config from file C:\Users\student\pinball\cobraPinTest1\modes\attract\config\attract.yaml.
2025-01-13 20:27:59,605 : ConfigProcessor : Loading config: C:\Users\student\pinball\cobraPinTest1\modes\attract\config\attract.yaml
2025-01-13 20:27:59,605 : ConfigProcessor : Config file cache created: C:\Users\student\AppData\Local\Temp\0196918bccd620e51d3c4d2630650aa0.mpf_cache
2025-01-13 20:27:59,606 : ConfigProcessor : Loading config from file C:\Users\student\mpfenv3\Lib\site-packages\mpf\modes\game\config\game.yaml.
2025-01-13 20:27:59,606 : ConfigProcessor : Loading config: C:\Users\student\mpfenv3\Lib\site-packages\mpf\modes\game\config\game.yaml
2025-01-13 20:27:59,607 : ConfigProcessor : Config file cache created: C:\Users\student\AppData\Local\Temp\511dcc6b491b0fa2d7aa9abdf6497e9c.mpf_cache
2025-01-13 20:27:59,607 : ConfigProcessor : Loading config from file C:\Users\student\pinball\cobraPinTest1\modes\base\config\base.yaml.
2025-01-13 20:27:59,609 : ConfigProcessor : Loading config: C:\Users\student\pinball\cobraPinTest1\modes\base\config\base.yaml
2025-01-13 20:27:59,610 : ConfigProcessor : Config file cache created: C:\Users\student\AppData\Local\Temp\4675a535c8328a9c278c807d999ed109.mpf_cache
2025-01-13 20:27:59,611 : ConfigProcessor : Loading config from file C:\Users\student\pinball\cobraPinTest1\modes\reentry\config\reentry.yaml.
2025-01-13 20:27:59,614 : ConfigProcessor : Loading config: C:\Users\student\pinball\cobraPinTest1\modes\reentry\config\reentry.yaml
2025-01-13 20:27:59,615 : ConfigProcessor : Config file cache created: C:\Users\student\AppData\Local\Temp\0c8438cab3480347c0c749fa494946a2.mpf_cache
2025-01-13 20:27:59,615 : ConfigProcessor : Loading config from file C:\Users\student\pinball\cobraPinTest1\modes\lowerlanes\config\lowerlanes.yaml.
2025-01-13 20:27:59,617 : ConfigProcessor : Loading config: C:\Users\student\pinball\cobraPinTest1\modes\lowerlanes\config\lowerlanes.yaml
2025-01-13 20:27:59,618 : ConfigProcessor : Config file cache created: C:\Users\student\AppData\Local\Temp\5052615755bdf1309b248cf8695ad4ff.mpf_cache
2025-01-13 20:27:59,618 : mpfmc : Mission Pinball Framework Media Controller (MPF-MC) v0.57.1. Requires MPF v0.57.0 or newer.
2025-01-13 20:27:59,618 : mpfmc : Found MPF v0.57.3
2025-01-13 20:27:59,618 : mpfmc : Machine path: C:\Users\student\pinball\cobraPinTest1
2025-01-13 20:27:59,619 : mpfmc : Starting clock at 60.0Hz
2025-01-13 20:27:59,635 : kivy : Text: Provider: sdl2
2025-01-13 20:27:59,685 : kivy : Window: Provider: sdl2
2025-01-13 20:28:00,179 : kivy : GL: Using the "OpenGL" graphics system
2025-01-13 20:28:00,181 : kivy : GL: GLEW initialization succeeded
2025-01-13 20:28:00,181 : kivy : GL: Backend used <glew>
2025-01-13 20:28:00,185 : kivy : GL: OpenGL version <b'4.6.13543 Compatibility Profile Context 25.20.15006.9'>
2025-01-13 20:28:00,185 : kivy : GL: OpenGL vendor <b'ATI Technologies Inc.'>
2025-01-13 20:28:00,186 : kivy : GL: OpenGL renderer <b'Radeon RX Vega M GL Graphics'>
2025-01-13 20:28:00,186 : kivy : GL: OpenGL parsed version: 4, 6
2025-01-13 20:28:00,186 : kivy : GL: Shading version <b'4.60'>
2025-01-13 20:28:00,186 : kivy : GL: Texture max size <16384>
2025-01-13 20:28:00,186 : kivy : GL: Texture max units <32>
2025-01-13 20:28:00,211 : kivy : Window: auto add sdl2 input provider
2025-01-13 20:28:00,211 : kivy : Window: virtual keyboard not allowed, single mode, not docked
2025-01-13 20:28:00,597 : AudioInterface : Initialized
2025-01-13 20:28:00,597 : AudioInterface : Loaded SDL 2.26.4
2025-01-13 20:28:00,597 : AudioInterface : Loaded SDL_Mixer 2.6.3
2025-01-13 20:28:00,597 : AudioInterface : Loaded GStreamer 1.18.5.0
2025-01-13 20:28:00,598 : AudioInterface : Loaded GLib 2.62.6
2025-01-13 20:28:00,598 : AudioInterface : Settings requested - rate: 44100, channels: 1, buffer: 2048 samples
2025-01-13 20:28:00,598 : AudioInterface : Settings in use - rate: 44100, channels: 1, buffer: 2048 samples (4096 bytes @ 2 bytes per sample)
2025-01-13 20:28:00,598 : SoundSystem : Setting master volume to 0.0
2025-01-13 20:28:00,598 : AudioInterface : Enabling audio playback
2025-01-13 20:28:00,600 : kivy : Base: Start application main loop
2025-01-13 20:28:00,600 : EventManager : Event: ======'display_window_initialized'====== Args={}
2025-01-13 20:28:00,614 : mpfmc : Display: Setting 'window' as default display
2025-01-13 20:28:00,619 : EventManager : Event: ======'displays_initialized'====== Args={}
2025-01-13 20:28:00,619 : EventManager : Event: ======'slide_window_blank_created'====== Args={}
2025-01-13 20:28:00,619 : EventManager : Event: ======'display_window_ready'====== Args={}
2025-01-13 20:28:00,630 : EventManager : Event: ======'init_phase_1'====== Args={}
2025-01-13 20:28:00,633 : EventManager : Event: ======'mc_ready'====== Args={}
2025-01-13 20:28:00,633 : EventManager : Event: ======'init_phase_2'====== Args={}
2025-01-13 20:28:00,636 : EventManager : Event: ======'init_phase_3'====== Args={}
2025-01-13 20:28:00,637 : EventManager : Event: ======'init_phase_4'====== Args={}
2025-01-13 20:28:00,638 : EventManager : Event: ======'init_phase_5'====== Args={}
2025-01-13 20:28:00,638 : EventManager : Event: ======'init_done'====== Args={}
2025-01-13 20:28:00,638 : MPF-MC BCP Server : Starting up on localhost port 5050
2025-01-13 20:28:00,641 : MPF-MC BCP Server : Waiting for a connection...
2025-01-13 20:28:00,645 : kivy : GL: NPOT texture support is available
2025-01-13 20:28:00,646 : EventManager : Event: ======'slide_welcome_slide_created'====== Args={}
2025-01-13 20:28:00,648 : EventManager : Event: ======'slide_welcome_slide_active'====== Args={}
2025-01-13 20:28:00,657 : EventManager : Event: ======'client_disconnected'====== Args={'host': '127.0.0.1', 'port': 5050}
2025-01-13 20:28:01,773 : MPF-MC BCP Server : Received connection from: 127.0.0.1:59219
2025-01-13 20:28:01,778 : EventManager : Event: ======'client_connected'====== Args={'host': '127.0.0.1', 'port': 59219}
2025-01-13 20:28:02,036 : EventManager : Event: ======'machine_var_credits_string'====== Args={'value': 'FREE PLAY', 'prev_value': None, 'change': True}
2025-01-13 20:28:02,036 : EventManager : Event: ======'machine_var_master_volume'====== Args={'value': 0.5, 'prev_value': None, 'change': True}
2025-01-13 20:28:02,036 : EventManager : Event: ======'machine_var_player1_score'====== Args={'value': 1500, 'prev_value': None, 'change': True}
2025-01-13 20:28:02,036 : EventManager : Event: ======'machine_var_mpf_version'====== Args={'value': 'Mission Pinball Framework v0.57.3', 'prev_value': None, 'change': True}
2025-01-13 20:28:02,036 : EventManager : Event: ======'machine_var_mpf_extended_version'====== Args={'value': 'Mission Pinball Framework v0.57.3, Config version:6, Show version: 6, BCP version:1.1', 'prev_value': None, 'change': True}
2025-01-13 20:28:02,036 : EventManager : Event: ======'machine_var_python_version'====== Args={'value': '3.11.8', 'prev_value': None, 'change': True}
2025-01-13 20:28:02,036 : EventManager : Event: ======'machine_var_platform'====== Args={'value': 'Windows-10-10.0.19045-SP0', 'prev_value': None, 'change': True}
2025-01-13 20:28:02,036 : EventManager : Event: ======'machine_var_platform_system'====== Args={'value': 'Windows', 'prev_value': None, 'change': True}
2025-01-13 20:28:02,036 : EventManager : Event: ======'machine_var_platform_release'====== Args={'value': '10', 'prev_value': None, 'change': True}
2025-01-13 20:28:02,036 : EventManager : Event: ======'machine_var_platform_version'====== Args={'value': '10.0.19045', 'prev_value': None, 'change': True}
2025-01-13 20:28:02,037 : EventManager : Event: ======'machine_var_platform_machine'====== Args={'value': 'AMD64', 'prev_value': None, 'change': True}
2025-01-13 20:28:02,037 : EventManager : Event: ======'machine_var_mc_version'====== Args={'value': 'MPF-MC v0.57.1', 'prev_value': None, 'change': True}
2025-01-13 20:28:02,037 : EventManager : Event: ======'machine_var_mc_extended_version'====== Args={'value': 'MPF-MC v0.57.1 (config_version=6, BCP v1.1,                      Requires MPF API compatibility v0.57.0 or newer)', 'prev_value': None, 'change': True}
2025-01-13 20:28:02,037 : EventManager : Event: ======'machine_var_credits_string'====== Args={'value': 'FREE PLAY', 'prev_value': None, 'change': True}
2025-01-13 20:28:02,037 : EventManager : Event: ======'machine_var_master_volume'====== Args={'value': 0.5, 'prev_value': None, 'change': True}
2025-01-13 20:28:02,037 : EventManager : Event: ======'machine_var_player1_score'====== Args={'value': 1500, 'prev_value': None, 'change': True}
2025-01-13 20:28:02,037 : EventManager : Event: ======'machine_var_mpf_version'====== Args={'value': 'Mission Pinball Framework v0.57.3', 'prev_value': None, 'change': True}
2025-01-13 20:28:02,037 : EventManager : Event: ======'machine_var_mpf_extended_version'====== Args={'value': 'Mission Pinball Framework v0.57.3, Config version:6, Show version: 6, BCP version:1.1', 'prev_value': None, 'change': True}
2025-01-13 20:28:02,037 : EventManager : Event: ======'machine_var_python_version'====== Args={'value': '3.11.8', 'prev_value': None, 'change': True}
2025-01-13 20:28:02,037 : EventManager : Event: ======'machine_var_platform'====== Args={'value': 'Windows-10-10.0.19045-SP0', 'prev_value': None, 'change': True}
2025-01-13 20:28:02,037 : EventManager : Event: ======'machine_var_platform_system'====== Args={'value': 'Windows', 'prev_value': None, 'change': True}
2025-01-13 20:28:02,037 : EventManager : Event: ======'machine_var_platform_release'====== Args={'value': '10', 'prev_value': None, 'change': True}
2025-01-13 20:28:02,037 : EventManager : Event: ======'machine_var_platform_version'====== Args={'value': '10.0.19045', 'prev_value': None, 'change': True}
2025-01-13 20:28:02,037 : EventManager : Event: ======'machine_var_platform_machine'====== Args={'value': 'AMD64', 'prev_value': None, 'change': True}
2025-01-13 20:28:02,037 : EventManager : Event: ======'machine_var_mc_version'====== Args={'value': 'MPF-MC v0.57.1', 'prev_value': None, 'change': True}
2025-01-13 20:28:02,037 : EventManager : Event: ======'machine_var_mc_extended_version'====== Args={'value': 'MPF-MC v0.57.1 (config_version=6, BCP v1.1,                      Requires MPF API compatibility v0.57.0 or newer)', 'prev_value': None, 'change': True}
2025-01-13 20:28:02,037 : EventManager : Event: ======'machine_var_credits_string'====== Args={'value': 'FREE PLAY', 'prev_value': None, 'change': True}
2025-01-13 20:28:02,037 : EventManager : Event: ======'machine_var_master_volume'====== Args={'value': 0.5, 'prev_value': None, 'change': True}
2025-01-13 20:28:02,038 : EventManager : Event: ======'machine_var_player1_score'====== Args={'value': 1500, 'prev_value': None, 'change': True}
2025-01-13 20:28:02,038 : EventManager : Event: ======'machine_var_mpf_version'====== Args={'value': 'Mission Pinball Framework v0.57.3', 'prev_value': None, 'change': True}
2025-01-13 20:28:02,038 : EventManager : Event: ======'machine_var_mpf_extended_version'====== Args={'value': 'Mission Pinball Framework v0.57.3, Config version:6, Show version: 6, BCP version:1.1', 'prev_value': None, 'change': True}
2025-01-13 20:28:02,038 : EventManager : Event: ======'machine_var_python_version'====== Args={'value': '3.11.8', 'prev_value': None, 'change': True}
2025-01-13 20:28:02,038 : EventManager : Event: ======'machine_var_platform'====== Args={'value': 'Windows-10-10.0.19045-SP0', 'prev_value': None, 'change': True}
2025-01-13 20:28:02,038 : EventManager : Event: ======'machine_var_platform_system'====== Args={'value': 'Windows', 'prev_value': None, 'change': True}
2025-01-13 20:28:02,038 : EventManager : Event: ======'machine_var_platform_release'====== Args={'value': '10', 'prev_value': None, 'change': True}
2025-01-13 20:28:02,038 : EventManager : Event: ======'machine_var_platform_version'====== Args={'value': '10.0.19045', 'prev_value': None, 'change': True}
2025-01-13 20:28:02,038 : EventManager : Event: ======'machine_var_platform_machine'====== Args={'value': 'AMD64', 'prev_value': None, 'change': True}
2025-01-13 20:28:02,038 : EventManager : Event: ======'machine_var_mc_version'====== Args={'value': 'MPF-MC v0.57.1', 'prev_value': None, 'change': True}
2025-01-13 20:28:02,038 : EventManager : Event: ======'machine_var_mc_extended_version'====== Args={'value': 'MPF-MC v0.57.1 (config_version=6, BCP v1.1,                      Requires MPF API compatibility v0.57.0 or newer)', 'prev_value': None, 'change': True}
2025-01-13 20:28:02,038 : EventManager : Event: ======'machine_var_credits_string'====== Args={'value': 'FREE PLAY', 'prev_value': None, 'change': True}
2025-01-13 20:28:02,038 : EventManager : Event: ======'machine_var_master_volume'====== Args={'value': 0.5, 'prev_value': None, 'change': True}
2025-01-13 20:28:02,038 : EventManager : Event: ======'machine_var_player1_score'====== Args={'value': 1500, 'prev_value': None, 'change': True}
2025-01-13 20:28:02,038 : EventManager : Event: ======'machine_var_mpf_version'====== Args={'value': 'Mission Pinball Framework v0.57.3', 'prev_value': None, 'change': True}
2025-01-13 20:28:02,038 : EventManager : Event: ======'machine_var_mpf_extended_version'====== Args={'value': 'Mission Pinball Framework v0.57.3, Config version:6, Show version: 6, BCP version:1.1', 'prev_value': None, 'change': True}
2025-01-13 20:28:02,038 : EventManager : Event: ======'machine_var_python_version'====== Args={'value': '3.11.8', 'prev_value': None, 'change': True}
2025-01-13 20:28:02,039 : EventManager : Event: ======'machine_var_platform'====== Args={'value': 'Windows-10-10.0.19045-SP0', 'prev_value': None, 'change': True}
2025-01-13 20:28:02,039 : EventManager : Event: ======'machine_var_platform_system'====== Args={'value': 'Windows', 'prev_value': None, 'change': True}
2025-01-13 20:28:02,039 : EventManager : Event: ======'machine_var_platform_release'====== Args={'value': '10', 'prev_value': None, 'change': True}
2025-01-13 20:28:02,039 : EventManager : Event: ======'machine_var_platform_version'====== Args={'value': '10.0.19045', 'prev_value': None, 'change': True}
2025-01-13 20:28:02,039 : EventManager : Event: ======'machine_var_platform_machine'====== Args={'value': 'AMD64', 'prev_value': None, 'change': True}
2025-01-13 20:28:02,039 : EventManager : Event: ======'machine_var_mc_version'====== Args={'value': 'MPF-MC v0.57.1', 'prev_value': None, 'change': True}
2025-01-13 20:28:02,039 : EventManager : Event: ======'machine_var_mc_extended_version'====== Args={'value': 'MPF-MC v0.57.1 (config_version=6, BCP v1.1,                      Requires MPF API compatibility v0.57.0 or newer)', 'prev_value': None, 'change': True}
2025-01-13 20:28:02,039 : SoundSystem : Setting master volume to 0.5
2025-01-13 20:28:02,039 : SoundSystem : Setting master volume to 0.5
2025-01-13 20:28:02,039 : SoundSystem : Setting master volume to 0.5
2025-01-13 20:28:02,039 : SoundSystem : Setting master volume to 0.5
2025-01-13 20:28:02,124 : EventManager : Event: ======'machine_var_audits_events_game_ended'====== Args={'value': 0, 'prev_value': None, 'change': True}
2025-01-13 20:28:02,149 : EventManager : Event: ======'machine_var_audits_events_game_started'====== Args={'value': 19, 'prev_value': None, 'change': True}
2025-01-13 20:28:02,149 : EventManager : Event: ======'machine_var_audits_missing_switches_s_bonus_lane'====== Args={'value': 5, 'prev_value': None, 'change': True}
2025-01-13 20:28:02,149 : EventManager : Event: ======'machine_var_audits_missing_switches_s_left_flipper'====== Args={'value': 4, 'prev_value': None, 'change': True}
2025-01-13 20:28:02,149 : EventManager : Event: ======'machine_var_audits_missing_switches_s_left_out_lane'====== Args={'value': 4, 'prev_value': None, 'change': True}
2025-01-13 20:28:02,149 : EventManager : Event: ======'machine_var_audits_missing_switches_s_left_return_lane'====== Args={'value': 4, 'prev_value': None, 'change': True}
2025-01-13 20:28:02,149 : EventManager : Event: ======'machine_var_audits_missing_switches_s_lower_left_slingshot'====== Args={'value': 4, 'prev_value': None, 'change': True}
2025-01-13 20:28:02,149 : EventManager : Event: ======'machine_var_audits_missing_switches_s_lower_right_slingshot'====== Args={'value': 4, 'prev_value': None, 'change': True}
2025-01-13 20:28:02,149 : EventManager : Event: ======'machine_var_audits_missing_switches_s_plunger'====== Args={'value': 17, 'prev_value': None, 'change': True}
2025-01-13 20:28:02,149 : EventManager : Event: ======'machine_var_audits_missing_switches_s_reentry_left'====== Args={'value': 2, 'prev_value': None, 'change': True}
2025-01-13 20:28:02,149 : EventManager : Event: ======'machine_var_audits_missing_switches_s_reentry_middle'====== Args={'value': 2, 'prev_value': None, 'change': True}
2025-01-13 20:28:02,149 : EventManager : Event: ======'machine_var_audits_missing_switches_s_reentry_right'====== Args={'value': 2, 'prev_value': None, 'change': True}
2025-01-13 20:28:02,150 : EventManager : Event: ======'machine_var_audits_missing_switches_s_right_flipper'====== Args={'value': 4, 'prev_value': None, 'change': True}
2025-01-13 20:28:02,150 : EventManager : Event: ======'machine_var_audits_missing_switches_s_right_out_lane'====== Args={'value': 2, 'prev_value': None, 'change': True}
2025-01-13 20:28:02,150 : EventManager : Event: ======'machine_var_audits_missing_switches_s_right_return_lane'====== Args={'value': 5, 'prev_value': None, 'change': True}
2025-01-13 20:28:02,150 : EventManager : Event: ======'machine_var_audits_missing_switches_s_spacewarp_rollover'====== Args={'value': 1, 'prev_value': None, 'change': True}
2025-01-13 20:28:02,150 : EventManager : Event: ======'machine_var_audits_missing_switches_s_start'====== Args={'value': 18, 'prev_value': None, 'change': True}
2025-01-13 20:28:02,150 : EventManager : Event: ======'machine_var_audits_missing_switches_s_trough1'====== Args={'value': 18, 'prev_value': None, 'change': True}
2025-01-13 20:28:02,150 : EventManager : Event: ======'machine_var_audits_missing_switches_s_wormhole_target'====== Args={'value': 3, 'prev_value': None, 'change': True}
2025-01-13 20:28:02,150 : EventManager : Event: ======'machine_var_audits_player_score'====== Args={'value': {'average': 1800.0, 'top': [2000, 1900, 1500], 'total': 3}, 'prev_value': None, 'change': True}
2025-01-13 20:28:02,150 : EventManager : Event: ======'machine_var_audits_shots_bonusLane_shot'====== Args={'value': 54, 'prev_value': None, 'change': True}
2025-01-13 20:28:02,150 : EventManager : Event: ======'machine_var_audits_shots_medalL_shot'====== Args={'value': 174, 'prev_value': None, 'change': True}
2025-01-13 20:28:02,150 : EventManager : Event: ======'machine_var_audits_shots_medalM_shot'====== Args={'value': 166, 'prev_value': None, 'change': True}
2025-01-13 20:28:02,150 : EventManager : Event: ======'machine_var_audits_shots_medalR_shot'====== Args={'value': 165, 'prev_value': None, 'change': True}
2025-01-13 20:28:02,150 : EventManager : Event: ======'machine_var_audits_shots_my_first_shot'====== Args={'value': 119, 'prev_value': None, 'change': True}
2025-01-13 20:28:02,150 : EventManager : Event: ======'machine_var_audits_shots_my_first_shot_mode2'====== Args={'value': 72, 'prev_value': None, 'change': True}
2025-01-13 20:28:02,150 : EventManager : Event: ======'machine_var_audits_shots_outLaneL_shot'====== Args={'value': 17, 'prev_value': None, 'change': True}
2025-01-13 20:28:02,150 : EventManager : Event: ======'machine_var_audits_shots_outLaneR_shot'====== Args={'value': 65, 'prev_value': None, 'change': True}
2025-01-13 20:28:02,150 : EventManager : Event: ======'machine_var_audits_shots_reentryL_shot'====== Args={'value': 517, 'prev_value': None, 'change': True}
2025-01-13 20:28:02,151 : EventManager : Event: ======'machine_var_audits_shots_reentryM_shot'====== Args={'value': 476, 'prev_value': None, 'change': True}
2025-01-13 20:28:02,151 : EventManager : Event: ======'machine_var_audits_shots_reentryR_shot'====== Args={'value': 461, 'prev_value': None, 'change': True}
2025-01-13 20:28:02,151 : EventManager : Event: ======'machine_var_audits_shots_reentry_shot'====== Args={'value': 9, 'prev_value': None, 'change': True}
2025-01-13 20:28:02,151 : EventManager : Event: ======'machine_var_audits_shots_returnLaneL_shot'====== Args={'value': 167, 'prev_value': None, 'change': True}
2025-01-13 20:28:02,151 : EventManager : Event: ======'machine_var_audits_shots_returnLaneR_shot'====== Args={'value': 112, 'prev_value': None, 'change': True}
2025-01-13 20:28:02,151 : EventManager : Event: ======'machine_var_audits_shots_spacewarp_rollover_shot'====== Args={'value': 47, 'prev_value': None, 'change': True}
2025-01-13 20:28:02,151 : EventManager : Event: ======'machine_var_audits_shots_top_lane_A'====== Args={'value': 12, 'prev_value': None, 'change': True}
2025-01-13 20:28:02,151 : EventManager : Event: ======'machine_var_audits_shots_top_lane_J'====== Args={'value': 12, 'prev_value': None, 'change': True}
2025-01-13 20:28:02,151 : EventManager : Event: ======'machine_var_audits_shots_top_lane_M'====== Args={'value': 9, 'prev_value': None, 'change': True}
2025-01-13 20:28:02,151 : EventManager : Event: ======'machine_var_audits_switches_s_blackhole_kicker'====== Args={'value': 0, 'prev_value': None, 'change': True}
2025-01-13 20:28:02,151 : EventManager : Event: ======'machine_var_audits_switches_s_bonus_lane'====== Args={'value': 67, 'prev_value': None, 'change': True}
2025-01-13 20:28:02,151 : EventManager : Event: ======'machine_var_audits_switches_s_booster_drop_target_1'====== Args={'value': 0, 'prev_value': None, 'change': True}
2025-01-13 20:28:02,151 : EventManager : Event: ======'machine_var_audits_switches_s_booster_drop_target_2'====== Args={'value': 0, 'prev_value': None, 'change': True}
2025-01-13 20:28:02,151 : EventManager : Event: ======'machine_var_audits_switches_s_booster_drop_target_3'====== Args={'value': 0, 'prev_value': None, 'change': True}
2025-01-13 20:28:02,151 : EventManager : Event: ======'machine_var_audits_switches_s_comet_spot_1'====== Args={'value': 0, 'prev_value': None, 'change': True}
2025-01-13 20:28:02,151 : EventManager : Event: ======'machine_var_audits_switches_s_comet_spot_2'====== Args={'value': 0, 'prev_value': None, 'change': True}
2025-01-13 20:28:02,151 : EventManager : Event: ======'machine_var_audits_switches_s_comet_spot_3'====== Args={'value': 0, 'prev_value': None, 'change': True}
2025-01-13 20:28:02,151 : EventManager : Event: ======'machine_var_audits_switches_s_engine_bumper_1'====== Args={'value': 0, 'prev_value': None, 'change': True}
2025-01-13 20:28:02,152 : EventManager : Event: ======'machine_var_audits_switches_s_engine_bumper_2'====== Args={'value': 0, 'prev_value': None, 'change': True}
2025-01-13 20:28:02,152 : EventManager : Event: ======'machine_var_audits_switches_s_engine_bumper_3'====== Args={'value': 0, 'prev_value': None, 'change': True}
2025-01-13 20:28:02,152 : EventManager : Event: ======'machine_var_audits_switches_s_fuel_chute_1'====== Args={'value': 0, 'prev_value': None, 'change': True}
2025-01-13 20:28:02,152 : EventManager : Event: ======'machine_var_audits_switches_s_fuel_chute_2'====== Args={'value': 0, 'prev_value': None, 'change': True}
2025-01-13 20:28:02,152 : EventManager : Event: ======'machine_var_audits_switches_s_fuel_chute_3'====== Args={'value': 0, 'prev_value': None, 'change': True}
2025-01-13 20:28:02,152 : EventManager : Event: ======'machine_var_audits_switches_s_fuel_chute_4'====== Args={'value': 0, 'prev_value': None, 'change': True}
2025-01-13 20:28:02,152 : EventManager : Event: ======'machine_var_audits_switches_s_fuel_chute_5'====== Args={'value': 0, 'prev_value': None, 'change': True}
2025-01-13 20:28:02,152 : EventManager : Event: ======'machine_var_audits_switches_s_fuel_chute_6'====== Args={'value': 0, 'prev_value': None, 'change': True}
2025-01-13 20:28:02,152 : EventManager : Event: ======'machine_var_audits_switches_s_fuel_flag'====== Args={'value': 0, 'prev_value': None, 'change': True}
2025-01-13 20:28:02,152 : EventManager : Event: ======'machine_var_audits_switches_s_fuel_spot_1'====== Args={'value': 0, 'prev_value': None, 'change': True}
2025-01-13 20:28:02,152 : EventManager : Event: ======'machine_var_audits_switches_s_fuel_spot_2'====== Args={'value': 0, 'prev_value': None, 'change': True}
2025-01-13 20:28:02,152 : EventManager : Event: ======'machine_var_audits_switches_s_fuel_spot_3'====== Args={'value': 0, 'prev_value': None, 'change': True}
2025-01-13 20:28:02,152 : EventManager : Event: ======'machine_var_audits_switches_s_green_wormhole'====== Args={'value': 0, 'prev_value': None, 'change': True}
2025-01-13 20:28:02,152 : EventManager : Event: ======'machine_var_audits_switches_s_hyperspace_flag'====== Args={'value': 0, 'prev_value': None, 'change': True}
2025-01-13 20:28:02,152 : EventManager : Event: ======'machine_var_audits_switches_s_hyperspacekicker'====== Args={'value': 0, 'prev_value': None, 'change': True}
2025-01-13 20:28:02,152 : EventManager : Event: ======'machine_var_audits_switches_s_launch_lane_1'====== Args={'value': 0, 'prev_value': None, 'change': True}
2025-01-13 20:28:02,152 : EventManager : Event: ======'machine_var_audits_switches_s_launch_lane_2'====== Args={'value': 0, 'prev_value': None, 'change': True}
2025-01-13 20:28:02,152 : EventManager : Event: ======'machine_var_audits_switches_s_launch_lane_3'====== Args={'value': 0, 'prev_value': None, 'change': True}
2025-01-13 20:28:02,152 : EventManager : Event: ======'machine_var_audits_switches_s_launch_ramp'====== Args={'value': 0, 'prev_value': None, 'change': True}
2025-01-13 20:28:02,153 : EventManager : Event: ======'machine_var_audits_switches_s_left_attack_bumper'====== Args={'value': 17, 'prev_value': None, 'change': True}
2025-01-13 20:28:02,153 : EventManager : Event: ======'machine_var_audits_switches_s_left_flipper'====== Args={'value': 1479, 'prev_value': None, 'change': True}
2025-01-13 20:28:02,153 : EventManager : Event: ======'machine_var_audits_switches_s_left_out_lane'====== Args={'value': 21, 'prev_value': None, 'change': True}
2025-01-13 20:28:02,153 : EventManager : Event: ======'machine_var_audits_switches_s_left_out_lane_kicker'====== Args={'value': 0, 'prev_value': None, 'change': True}
2025-01-13 20:28:02,153 : EventManager : Event: ======'machine_var_audits_switches_s_left_return_lane'====== Args={'value': 174, 'prev_value': None, 'change': True}
2025-01-13 20:28:02,153 : EventManager : Event: ======'machine_var_audits_switches_s_lower_attack_bumper'====== Args={'value': 16, 'prev_value': None, 'change': True}
2025-01-13 20:28:02,153 : EventManager : Event: ======'machine_var_audits_switches_s_lower_left_rebound'====== Args={'value': 0, 'prev_value': None, 'change': True}
2025-01-13 20:28:02,153 : EventManager : Event: ======'machine_var_audits_switches_s_lower_left_slingshot'====== Args={'value': 151, 'prev_value': None, 'change': True}
2025-01-13 20:28:02,153 : EventManager : Event: ======'machine_var_audits_switches_s_lower_right_rebound'====== Args={'value': 0, 'prev_value': None, 'change': True}
2025-01-13 20:28:02,153 : EventManager : Event: ======'machine_var_audits_switches_s_lower_right_slingshot'====== Args={'value': 154, 'prev_value': None, 'change': True}
2025-01-13 20:28:02,153 : EventManager : Event: ======'machine_var_audits_switches_s_medal_drop_left'====== Args={'value': 188, 'prev_value': None, 'change': True}
2025-01-13 20:28:02,153 : EventManager : Event: ======'machine_var_audits_switches_s_medal_drop_middle'====== Args={'value': 180, 'prev_value': None, 'change': True}
2025-01-13 20:28:02,153 : EventManager : Event: ======'machine_var_audits_switches_s_medal_drop_right'====== Args={'value': 179, 'prev_value': None, 'change': True}
2025-01-13 20:28:02,153 : EventManager : Event: ======'machine_var_audits_switches_s_mission_spot_1'====== Args={'value': 0, 'prev_value': None, 'change': True}
2025-01-13 20:28:02,153 : EventManager : Event: ======'machine_var_audits_switches_s_mission_spot_2'====== Args={'value': 2, 'prev_value': None, 'change': True}
2025-01-13 20:28:02,153 : EventManager : Event: ======'machine_var_audits_switches_s_mission_spot_3'====== Args={'value': 0, 'prev_value': None, 'change': True}
2025-01-13 20:28:02,153 : EventManager : Event: ======'machine_var_audits_switches_s_multiplier_left'====== Args={'value': 0, 'prev_value': None, 'change': True}
2025-01-13 20:28:02,153 : EventManager : Event: ======'machine_var_audits_switches_s_multiplier_middle'====== Args={'value': 0, 'prev_value': None, 'change': True}
2025-01-13 20:28:02,154 : EventManager : Event: ======'machine_var_audits_switches_s_multiplier_right'====== Args={'value': 0, 'prev_value': None, 'change': True}
2025-01-13 20:28:02,154 : EventManager : Event: ======'machine_var_audits_switches_s_plunger'====== Args={'value': 177, 'prev_value': None, 'change': True}
2025-01-13 20:28:02,154 : EventManager : Event: ======'machine_var_audits_switches_s_radiationspot_1'====== Args={'value': 0, 'prev_value': None, 'change': True}
2025-01-13 20:28:02,154 : EventManager : Event: ======'machine_var_audits_switches_s_radiationspot_2'====== Args={'value': 0, 'prev_value': None, 'change': True}
2025-01-13 20:28:02,154 : EventManager : Event: ======'machine_var_audits_switches_s_radiationspot_3'====== Args={'value': 0, 'prev_value': None, 'change': True}
2025-01-13 20:28:02,154 : EventManager : Event: ======'machine_var_audits_switches_s_red_wormhole'====== Args={'value': 0, 'prev_value': None, 'change': True}
2025-01-13 20:28:02,154 : EventManager : Event: ======'machine_var_audits_switches_s_reentry_left'====== Args={'value': 875, 'prev_value': None, 'change': True}
2025-01-13 20:28:02,154 : EventManager : Event: ======'machine_var_audits_switches_s_reentry_middle'====== Args={'value': 550, 'prev_value': None, 'change': True}
2025-01-13 20:28:02,154 : EventManager : Event: ======'machine_var_audits_switches_s_reentry_right'====== Args={'value': 520, 'prev_value': None, 'change': True}
2025-01-13 20:28:02,154 : EventManager : Event: ======'machine_var_audits_switches_s_right_flipper'====== Args={'value': 1755, 'prev_value': None, 'change': True}
2025-01-13 20:28:02,154 : EventManager : Event: ======'machine_var_audits_switches_s_right_inlane'====== Args={'value': 0, 'prev_value': None, 'change': True}
2025-01-13 20:28:02,154 : EventManager : Event: ======'machine_var_audits_switches_s_right_out_lane'====== Args={'value': 91, 'prev_value': None, 'change': True}
2025-01-13 20:28:02,154 : EventManager : Event: ======'machine_var_audits_switches_s_right_out_lane_kicker'====== Args={'value': 0, 'prev_value': None, 'change': True}
2025-01-13 20:28:02,154 : EventManager : Event: ======'machine_var_audits_switches_s_right_return_lane'====== Args={'value': 124, 'prev_value': None, 'change': True}
2025-01-13 20:28:02,154 : EventManager : Event: ======'machine_var_audits_switches_s_satellite_bumper'====== Args={'value': 0, 'prev_value': None, 'change': True}
2025-01-13 20:28:02,154 : EventManager : Event: ======'machine_var_audits_switches_s_secondary_outlane_kicker'====== Args={'value': 0, 'prev_value': None, 'change': True}
2025-01-13 20:28:02,154 : EventManager : Event: ======'machine_var_audits_switches_s_skill_shot_1'====== Args={'value': 0, 'prev_value': None, 'change': True}
2025-01-13 20:28:02,154 : EventManager : Event: ======'machine_var_audits_switches_s_skill_shot_2'====== Args={'value': 0, 'prev_value': None, 'change': True}
2025-01-13 20:28:02,154 : EventManager : Event: ======'machine_var_audits_switches_s_skill_shot_3'====== Args={'value': 0, 'prev_value': None, 'change': True}
2025-01-13 20:28:02,155 : EventManager : Event: ======'machine_var_audits_switches_s_skill_shot_4'====== Args={'value': 0, 'prev_value': None, 'change': True}
2025-01-13 20:28:02,155 : EventManager : Event: ======'machine_var_audits_switches_s_skill_shot_5'====== Args={'value': 0, 'prev_value': None, 'change': True}
2025-01-13 20:28:02,155 : EventManager : Event: ======'machine_var_audits_switches_s_skill_shot_6'====== Args={'value': 0, 'prev_value': None, 'change': True}
2025-01-13 20:28:02,155 : EventManager : Event: ======'machine_var_audits_switches_s_skill_shot_lane'====== Args={'value': 0, 'prev_value': None, 'change': True}
2025-01-13 20:28:02,155 : EventManager : Event: ======'machine_var_audits_switches_s_spacewarp_rollover'====== Args={'value': 48, 'prev_value': None, 'change': True}
2025-01-13 20:28:02,155 : EventManager : Event: ======'machine_var_audits_switches_s_start'====== Args={'value': 7, 'prev_value': None, 'change': True}
2025-01-13 20:28:02,155 : EventManager : Event: ======'machine_var_audits_switches_s_trough1'====== Args={'value': 30, 'prev_value': None, 'change': True}
2025-01-13 20:28:02,155 : EventManager : Event: ======'machine_var_audits_switches_s_trough2'====== Args={'value': 0, 'prev_value': None, 'change': True}
2025-01-13 20:28:02,155 : EventManager : Event: ======'machine_var_audits_switches_s_trough3'====== Args={'value': 0, 'prev_value': None, 'change': True}
2025-01-13 20:28:02,155 : EventManager : Event: ======'machine_var_audits_switches_s_trough4'====== Args={'value': 0, 'prev_value': None, 'change': True}
2025-01-13 20:28:02,155 : EventManager : Event: ======'machine_var_audits_switches_s_trough5'====== Args={'value': 0, 'prev_value': None, 'change': True}
2025-01-13 20:28:02,155 : EventManager : Event: ======'machine_var_audits_switches_s_trough6'====== Args={'value': 0, 'prev_value': None, 'change': True}
2025-01-13 20:28:02,155 : EventManager : Event: ======'machine_var_audits_switches_s_trough_jam'====== Args={'value': 0, 'prev_value': None, 'change': True}
2025-01-13 20:28:02,155 : EventManager : Event: ======'machine_var_audits_switches_s_upper_attack_bumper'====== Args={'value': 16, 'prev_value': None, 'change': True}
2025-01-13 20:28:02,155 : EventManager : Event: ======'machine_var_audits_switches_s_upper_left_rebound'====== Args={'value': 0, 'prev_value': None, 'change': True}
2025-01-13 20:28:02,155 : EventManager : Event: ======'machine_var_audits_switches_s_upper_right_rebound'====== Args={'value': 0, 'prev_value': None, 'change': True}
2025-01-13 20:28:02,155 : EventManager : Event: ======'machine_var_audits_switches_s_wormhole_target'====== Args={'value': 0, 'prev_value': None, 'change': True}
2025-01-13 20:28:02,155 : EventManager : Event: ======'machine_var_audits_switches_s_yellow_wormhole'====== Args={'value': 0, 'prev_value': None, 'change': True}
2025-01-13 20:28:02,195 : EventManager : Event: ======'slides_play'====== Args={'settings': {'welcome_slide': {'target': None, 'background_color': [0.0, 0.0, 0.0, 1.0], 'priority': None, 'show': True, 'force': False, 'expire': None, 'slide': None, 'tokens': {}, 'action': 'play'}}, 'context': '_global', 'calling_context': 'init_done', 'priority': 0}
2025-01-13 20:28:02,195 : EventManager : Event: ======'mc_reset_phase_1'====== Args={}
2025-01-13 20:28:02,195 : EventManager : Event: ======'slide_welcome_slide_removed'====== Args={}
2025-01-13 20:28:02,197 : EventManager : Event: ======'slide_welcome_slide_created'====== Args={}
2025-01-13 20:28:02,198 : EventManager : Event: ======'mc_reset_phase_2'====== Args={}
2025-01-13 20:28:02,198 : EventManager : Event: ======'mc_reset_phase_3'====== Args={}
2025-01-13 20:28:02,198 : EventManager : Event: ======'mc_reset_complete'====== Args={}
2025-01-13 20:28:02,198 : EventManager : Event: ======'slide_welcome_slide_active'====== Args={}
2025-01-13 20:28:02,202 : EventManager : Event: ======'slides_play'====== Args={'settings': {'awesome_slide': {'widgets': [{'type': 'text', 'text': 'YOU ARE AWESOME', 'font_size': 50, '_default_settings': ['type', 'text', 'font_size'], 'x': None, 'y': None, 'anchor_x': 'center', 'anchor_y': 'center', 'round_anchor_x': None, 'round_anchor_y': None, 'opacity': 1.0, 'z': 0, 'reset_animations_events': {}, 'color': [1.0, 1.0, 1.0, 1.0], 'style': [], 'adjust_top': 0, 'adjust_bottom': 0, 'adjust_left': 0, 'adjust_right': 0, 'expire': None, 'key': None, 'widget': None, 'events_when_added': [], 'events_when_removed': [], 'bitmap_font': False, 'font_kerning': True, 'bold': False, 'italic': False, 'number_grouping': False, 'min_digits': 0, 'halign': 'center', 'valign': 'middle', 'rotation': 0, 'scale': 1.0, 'casing': None, 'outline_color': [1.0, 1.0, 1.0, 1.0], 'outline_width': 0, 'animations': None}], 'transition': {'type': 'push', 'duration': 1.0, 'direction': 'left', 'easing': 'out_quad'}, 'target': None, 'background_color': [0.0, 0.0, 0.0, 1.0], 'priority': None, 'show': True, 'force': False, 'expire': None, 'slide': None, 'tokens': {}, 'action': 'play'}}, 'context': 'show_2', 'calling_context': 0, 'priority': 10, 'show_tokens': {}, 'start_time': 2772219.312}
2025-01-13 20:28:02,204 : EventManager : Event: ======'slide_awesome_slide_created'====== Args={}
2025-01-13 20:28:02,205 : EventManager : Event: ======'slide_awesome_slide_active'====== Args={}
2025-01-13 20:28:04,008 : EventManager : Event: ======'game_started'====== Args={}
2025-01-13 20:28:04,008 : EventManager : Event: ======'slides_clear'====== Args={'context': 'show_2'}
2025-01-13 20:28:04,008 : EventManager : Event: ======'player_added'====== Args={'player': <Player 1>, 'num': 1}
2025-01-13 20:28:04,008 : EventManager : Event: ======'player_index'====== Args={'value': 0, 'prev_value': 0, 'change': 0, 'player_num': 1}
2025-01-13 20:28:04,008 : EventManager : Event: ======'player_number'====== Args={'value': 1, 'prev_value': 1, 'change': 0, 'player_num': 1}
2025-01-13 20:28:04,008 : EventManager : Event: ======'player_score'====== Args={'value': 0, 'prev_value': 0, 'change': 0, 'player_num': 1}
2025-01-13 20:28:04,009 : EventManager : Event: ======'slide_awesome_slide_removed'====== Args={}
2025-01-13 20:28:04,009 : EventManager : Event: ======'slide_welcome_slide_active'====== Args={}
2025-01-13 20:28:04,033 : EventManager : Event: ======'player_ball'====== Args={'value': 1, 'prev_value': 0, 'change': 1, 'player_num': 1}
2025-01-13 20:28:04,033 : EventManager : Event: ======'player_turn_start'====== Args={'number': 1, 'player': <Player 1>}
2025-01-13 20:28:04,083 : EventManager : Event: ======'slides_play'====== Args={'settings': {'widgets': {'widgets': [{'type': 'text', 'text': '(score)', 'number_grouping': True, 'min_digits': 2, 'font_size': 100, '_default_settings': ['type', 'text', 'number_grouping', 'min_digits', 'font_size'], 'x': None, 'y': None, 'anchor_x': 'center', 'anchor_y': 'center', 'round_anchor_x': None, 'round_anchor_y': None, 'opacity': 1.0, 'z': 0, 'reset_animations_events': {}, 'color': [1.0, 1.0, 1.0, 1.0], 'style': [], 'adjust_top': 0, 'adjust_bottom': 0, 'adjust_left': 0, 'adjust_right': 0, 'expire': None, 'key': None, 'widget': None, 'events_when_added': [], 'events_when_removed': [], 'bitmap_font': False, 'font_kerning': True, 'bold': False, 'italic': False, 'halign': 'center', 'valign': 'middle', 'rotation': 0, 'scale': 1.0, 'casing': None, 'outline_color': [1.0, 1.0, 1.0, 1.0], 'outline_width': 0, 'animations': None}, {'type': 'text', 'text': 'PLAYER (number)', 'y': '10', 'x': '10', 'font_size': 50, 'anchor_x': 'left', 'anchor_y': 'bottom', '_default_settings': ['type', 'text', 'y', 'x', 'font_size', 'anchor_x', 'anchor_y'], 'round_anchor_x': None, 'round_anchor_y': None, 'opacity': 1.0, 'z': 0, 'reset_animations_events': {}, 'color': [1.0, 1.0, 1.0, 1.0], 'style': [], 'adjust_top': 0, 'adjust_bottom': 0, 'adjust_left': 0, 'adjust_right': 0, 'expire': None, 'key': None, 'widget': None, 'events_when_added': [], 'events_when_removed': [], 'bitmap_font': False, 'font_kerning': True, 'bold': False, 'italic': False, 'number_grouping': False, 'min_digits': 0, 'halign': 'center', 'valign': 'middle', 'rotation': 0, 'scale': 1.0, 'casing': None, 'outline_color': [1.0, 1.0, 1.0, 1.0], 'outline_width': 0, 'animations': None}, {'type': 'text', 'text': 'BALL (ball)', 'y': '10', 'x': 'right-10', 'anchor_x': 'right', 'anchor_y': 'bottom', 'font_size': 50, '_default_settings': ['type', 'text', 'y', 'x', 'anchor_x', 'anchor_y', 'font_size'], 'round_anchor_x': None, 'round_anchor_y': None, 'opacity': 1.0, 'z': 0, 'reset_animations_events': {}, 'color': [1.0, 1.0, 1.0, 1.0], 'style': [], 'adjust_top': 0, 'adjust_bottom': 0, 'adjust_left': 0, 'adjust_right': 0, 'expire': None, 'key': None, 'widget': None, 'events_when_added': [], 'events_when_removed': [], 'bitmap_font': False, 'font_kerning': True, 'bold': False, 'italic': False, 'number_grouping': False, 'min_digits': 0, 'halign': 'center', 'valign': 'middle', 'rotation': 0, 'scale': 1.0, 'casing': None, 'outline_color': [1.0, 1.0, 1.0, 1.0], 'outline_width': 0, 'animations': None}], 'target': None, 'background_color': [0.0, 0.0, 0.0, 1.0], 'priority': None, 'show': True, 'force': False, 'expire': None, 'slide': None, 'tokens': {}, 'action': 'play'}}, 'context': 'base', 'calling_context': 'mode_base_started', 'priority': 100, 'queue': '<QueuedEvent>', 'player': 1, 'ball': 1, 'balls_remaining': 2, 'is_extra_ball': False}
2025-01-13 20:28:04,083 : EventManager : Event: ======'player_shot_reentryL_shot_enabled'====== Args={'value': True, 'prev_value': 0, 'change': 1, 'player_num': 1}
2025-01-13 20:28:04,083 : EventManager : Event: ======'player_shot_reentryM_shot_enabled'====== Args={'value': True, 'prev_value': 0, 'change': 1, 'player_num': 1}
2025-01-13 20:28:04,083 : EventManager : Event: ======'player_shot_reentryR_shot_enabled'====== Args={'value': True, 'prev_value': 0, 'change': 1, 'player_num': 1}
2025-01-13 20:28:04,083 : EventManager : Event: ======'player_shot_returnLaneL_shot_enabled'====== Args={'value': True, 'prev_value': 0, 'change': 1, 'player_num': 1}
2025-01-13 20:28:04,083 : EventManager : Event: ======'player_shot_bonusLane_shot_enabled'====== Args={'value': True, 'prev_value': 0, 'change': 1, 'player_num': 1}
2025-01-13 20:28:04,083 : EventManager : Event: ======'player_shot_outLaneL_shot_enabled'====== Args={'value': True, 'prev_value': 0, 'change': 1, 'player_num': 1}
2025-01-13 20:28:04,083 : EventManager : Event: ======'player_shot_returnLaneR_shot_enabled'====== Args={'value': True, 'prev_value': 0, 'change': 1, 'player_num': 1}
2025-01-13 20:28:04,083 : EventManager : Event: ======'player_shot_outLaneR_shot_enabled'====== Args={'value': True, 'prev_value': 0, 'change': 1, 'player_num': 1}
2025-01-13 20:28:04,084 : EventManager : Event: ======'player_shot_spacewarp_rollover_shot_enabled'====== Args={'value': True, 'prev_value': 0, 'change': 1, 'player_num': 1}
2025-01-13 20:28:04,089 : EventManager : Event: ======'slide_base.slide_player-mode_base_started_created'====== Args={}
2025-01-13 20:28:04,091 : EventManager : Event: ======'slide_base.slide_player-mode_base_started_active'====== Args={}
2025-01-13 20:28:04,604 : mpfmc : Shutting down due to child thread crash
2025-01-13 20:28:04,604 : mpfmc : Crash details: Traceback (most recent call last):
  File "C:\Users\student\mpfenv3\Lib\site-packages\mpfmc\core\bcp_server.py", line 153, in run
    data_read = self.connection.recv(8192)
                ^^^^^^^^^^^^^^^^^^^^^^^^^^
ConnectionResetError: [WinError 10054] An existing connection was forcibly closed by the remote host

2025-01-13 20:28:04,604 : mpfmc : Stopping...
2025-01-13 20:28:04,604 : EventManager : Event: ======'shutdown'====== Args={}
2025-01-13 20:28:04,604 : AudioInterface : Disabling audio playback
2025-01-13 20:28:04,724 : mpfmc : Loop rate 76.6 Hz
2025-01-13 20:28:04,724 : kivy : Base: Leaving application in progress...
2025-01-13 20:28:04,725 : mpfmc : Stopping...
2025-01-13 20:28:04,725 : EventManager : Event: ======'shutdown'====== Args={}
2025-01-13 20:28:04,725 : mpfmc : Loop rate 76.58 Hz
2025-01-13 20:28:04,725 : root : MC run loop ended.
2025-01-13 20:28:04,725 : root : Stopping child threads... (2 remaining)
2025-01-13 20:28:05,109 : MPF-MC BCP Server : Stopping BCP sending thread
2025-01-13 20:28:05,631 : root : All child threads stopped.
