2025-05-09 21:04:14,419 : kivy : deps: Successfully imported "kivy_deps.gstreamer" 0.3.3
2025-05-09 21:04:14,419 : kivy : deps: Successfully imported "kivy_deps.angle" 0.3.3
2025-05-09 21:04:14,419 : kivy : deps: Successfully imported "kivy_deps.glew" 0.3.1
2025-05-09 21:04:14,419 : kivy : deps: Successfully imported "kivy_deps.sdl2" 0.6.0
2025-05-09 21:04:14,419 : kivy : Kivy: v2.2.1
2025-05-09 21:04:14,419 : kivy : Kivy: Installed at "C:\Users\student\mpfenv3\Lib\site-packages\kivy\__init__.py"
2025-05-09 21:04:14,420 : kivy : Python: v3.11.8 (tags/v3.11.8:db85d51, Feb  6 2024, 22:03:32) [MSC v.1937 64 bit (AMD64)]
2025-05-09 21:04:14,434 : kivy : Python: Interpreter at "C:\Users\student\mpfenv3\Scripts\python.exe"
2025-05-09 21:04:14,450 : kivy : Factory: 190 symbols loaded
2025-05-09 21:04:14,578 : kivy : ImageLoaderFFPy: Using ffpyplayer 4.5.1
2025-05-09 21:04:14,578 : kivy : Image: Providers: img_tex, img_dds, img_sdl2, img_pil, img_ffpyplayer 
2025-05-09 21:04:15,184 : kivy : VideoGstplayer: Using Gstreamer 1.18.5.0
2025-05-09 21:04:15,185 : kivy : Video: Provider: gstplayer
2025-05-09 21:04:15,214 : root : Loading MPF-MC controller
2025-05-09 21:04:15,257 : ConfigProcessor : Config spec file cache created: C:\Users\student\AppData\Local\Temp\config_spec.mpf_cache
2025-05-09 21:04:15,257 : YamlMultifileConfigLoader : Machine config file #1: config
2025-05-09 21:04:15,257 : ConfigProcessor : Loading config from file C:\Users\student\mpfenv3\Lib\site-packages\mpfmc\mcconfig.yaml.
2025-05-09 21:04:15,263 : ConfigProcessor : Loading config: C:\Users\student\mpfenv3\Lib\site-packages\mpfmc\mcconfig.yaml
2025-05-09 21:04:15,263 : ConfigProcessor : Loading config from file C:\Users\student\pinball\cobraPinTest1\config\config.
2025-05-09 21:04:15,268 : ConfigProcessor : Loading config: C:\Users\student\pinball\cobraPinTest1\config\config
2025-05-09 21:04:15,269 : ConfigProcessor : Config file cache created: C:\Users\student\AppData\Local\Temp\d597e459fa663d00d6faab779112d1ee.mpf_cache
2025-05-09 21:04:15,269 : ConfigProcessor : Loading config from file C:\Users\student\mpfenv3\Lib\site-packages\mpf\modes\attract\config\attract.yaml.
2025-05-09 21:04:15,270 : ConfigProcessor : Loading config: C:\Users\student\mpfenv3\Lib\site-packages\mpf\modes\attract\config\attract.yaml
2025-05-09 21:04:15,270 : ConfigProcessor : Loading config from file C:\Users\student\pinball\cobraPinTest1\modes\attract\config\attract.yaml.
2025-05-09 21:04:15,271 : ConfigProcessor : Loading config: C:\Users\student\pinball\cobraPinTest1\modes\attract\config\attract.yaml
2025-05-09 21:04:15,271 : ConfigProcessor : Config file cache created: C:\Users\student\AppData\Local\Temp\0196918bccd620e51d3c4d2630650aa0.mpf_cache
2025-05-09 21:04:15,271 : ConfigProcessor : Loading config from file C:\Users\student\mpfenv3\Lib\site-packages\mpf\modes\game\config\game.yaml.
2025-05-09 21:04:15,272 : ConfigProcessor : Loading config: C:\Users\student\mpfenv3\Lib\site-packages\mpf\modes\game\config\game.yaml
2025-05-09 21:04:15,273 : ConfigProcessor : Config file cache created: C:\Users\student\AppData\Local\Temp\511dcc6b491b0fa2d7aa9abdf6497e9c.mpf_cache
2025-05-09 21:04:15,273 : ConfigProcessor : Loading config from file C:\Users\student\pinball\cobraPinTest1\modes\base\config\base.yaml.
2025-05-09 21:04:15,274 : ConfigProcessor : Loading config: C:\Users\student\pinball\cobraPinTest1\modes\base\config\base.yaml
2025-05-09 21:04:15,275 : ConfigProcessor : Config file cache created: C:\Users\student\AppData\Local\Temp\4675a535c8328a9c278c807d999ed109.mpf_cache
2025-05-09 21:04:15,275 : ConfigProcessor : Loading config from file C:\Users\student\pinball\cobraPinTest1\modes\reentry\config\reentry.yaml.
2025-05-09 21:04:15,278 : ConfigProcessor : Loading config: C:\Users\student\pinball\cobraPinTest1\modes\reentry\config\reentry.yaml
2025-05-09 21:04:15,278 : ConfigProcessor : Config file cache created: C:\Users\student\AppData\Local\Temp\0c8438cab3480347c0c749fa494946a2.mpf_cache
2025-05-09 21:04:15,279 : ConfigProcessor : Loading config from file C:\Users\student\pinball\cobraPinTest1\modes\lowerlanes\config\lowerlanes.yaml.
2025-05-09 21:04:15,280 : ConfigProcessor : Loading config: C:\Users\student\pinball\cobraPinTest1\modes\lowerlanes\config\lowerlanes.yaml
2025-05-09 21:04:15,280 : ConfigProcessor : Config file cache created: C:\Users\student\AppData\Local\Temp\5052615755bdf1309b248cf8695ad4ff.mpf_cache
2025-05-09 21:04:15,281 : ConfigProcessor : Loading config from file C:\Users\student\pinball\cobraPinTest1\modes\returnlanes\config\returnlanes.yaml.
2025-05-09 21:04:15,282 : ConfigProcessor : Loading config: C:\Users\student\pinball\cobraPinTest1\modes\returnlanes\config\returnlanes.yaml
2025-05-09 21:04:15,283 : ConfigProcessor : Config file cache created: C:\Users\student\AppData\Local\Temp\55e33f498afd3883899abc6da4842b47.mpf_cache
2025-05-09 21:04:15,283 : mpfmc : Mission Pinball Framework Media Controller (MPF-MC) v0.57.1. Requires MPF v0.57.0 or newer.
2025-05-09 21:04:15,283 : mpfmc : Found MPF v0.57.3
2025-05-09 21:04:15,283 : mpfmc : Machine path: C:\Users\student\pinball\cobraPinTest1
2025-05-09 21:04:15,283 : mpfmc : Starting clock at 60.0Hz
2025-05-09 21:04:15,298 : kivy : Text: Provider: sdl2
2025-05-09 21:04:15,344 : kivy : Window: Provider: sdl2
2025-05-09 21:04:15,728 : kivy : GL: Using the "OpenGL" graphics system
2025-05-09 21:04:15,730 : kivy : GL: GLEW initialization succeeded
2025-05-09 21:04:15,730 : kivy : GL: Backend used <glew>
2025-05-09 21:04:15,731 : kivy : GL: OpenGL version <b'4.6.13543 Compatibility Profile Context 25.20.15006.9'>
2025-05-09 21:04:15,731 : kivy : GL: OpenGL vendor <b'ATI Technologies Inc.'>
2025-05-09 21:04:15,731 : kivy : GL: OpenGL renderer <b'Radeon RX Vega M GL Graphics'>
2025-05-09 21:04:15,731 : kivy : GL: OpenGL parsed version: 4, 6
2025-05-09 21:04:15,731 : kivy : GL: Shading version <b'4.60'>
2025-05-09 21:04:15,731 : kivy : GL: Texture max size <16384>
2025-05-09 21:04:15,731 : kivy : GL: Texture max units <32>
2025-05-09 21:04:15,751 : kivy : Window: auto add sdl2 input provider
2025-05-09 21:04:15,751 : kivy : Window: virtual keyboard not allowed, single mode, not docked
2025-05-09 21:04:16,136 : AudioInterface : Initialized
2025-05-09 21:04:16,136 : AudioInterface : Loaded SDL 2.26.4
2025-05-09 21:04:16,137 : AudioInterface : Loaded SDL_Mixer 2.6.3
2025-05-09 21:04:16,137 : AudioInterface : Loaded GStreamer 1.18.5.0
2025-05-09 21:04:16,137 : AudioInterface : Loaded GLib 2.62.6
2025-05-09 21:04:16,137 : AudioInterface : Settings requested - rate: 44100, channels: 1, buffer: 2048 samples
2025-05-09 21:04:16,137 : AudioInterface : Settings in use - rate: 44100, channels: 1, buffer: 2048 samples (4096 bytes @ 2 bytes per sample)
2025-05-09 21:04:16,137 : SoundSystem : Setting master volume to 0.0
2025-05-09 21:04:16,137 : AudioInterface : Enabling audio playback
2025-05-09 21:04:16,139 : kivy : Base: Start application main loop
2025-05-09 21:04:16,140 : EventManager : Event: ======'display_window_initialized'====== Args={}
2025-05-09 21:04:16,158 : mpfmc : Display: Setting 'window' as default display
2025-05-09 21:04:16,163 : EventManager : Event: ======'displays_initialized'====== Args={}
2025-05-09 21:04:16,164 : EventManager : Event: ======'slide_window_blank_created'====== Args={}
2025-05-09 21:04:16,164 : EventManager : Event: ======'display_window_ready'====== Args={}
2025-05-09 21:04:16,175 : EventManager : Event: ======'init_phase_1'====== Args={}
2025-05-09 21:04:16,179 : EventManager : Event: ======'mc_ready'====== Args={}
2025-05-09 21:04:16,179 : EventManager : Event: ======'init_phase_2'====== Args={}
2025-05-09 21:04:16,181 : EventManager : Event: ======'init_phase_3'====== Args={}
2025-05-09 21:04:16,183 : EventManager : Event: ======'init_phase_4'====== Args={}
2025-05-09 21:04:16,183 : EventManager : Event: ======'init_phase_5'====== Args={}
2025-05-09 21:04:16,183 : EventManager : Event: ======'init_done'====== Args={}
2025-05-09 21:04:16,183 : MPF-MC BCP Server : Starting up on localhost port 5050
2025-05-09 21:04:16,187 : MPF-MC BCP Server : Waiting for a connection...
2025-05-09 21:04:16,191 : kivy : GL: NPOT texture support is available
2025-05-09 21:04:16,191 : EventManager : Event: ======'slide_welcome_slide_created'====== Args={}
2025-05-09 21:04:16,192 : EventManager : Event: ======'slide_welcome_slide_active'====== Args={}
2025-05-09 21:04:16,205 : EventManager : Event: ======'client_disconnected'====== Args={'host': '127.0.0.1', 'port': 5050}
2025-05-09 21:04:17,407 : MPF-MC BCP Server : Received connection from: 127.0.0.1:52416
2025-05-09 21:04:17,415 : EventManager : Event: ======'client_connected'====== Args={'host': '127.0.0.1', 'port': 52416}
2025-05-09 21:04:17,570 : EventManager : Event: ======'machine_var_credits_string'====== Args={'value': 'FREE PLAY', 'prev_value': None, 'change': True}
2025-05-09 21:04:17,570 : EventManager : Event: ======'machine_var_master_volume'====== Args={'value': 0.5, 'prev_value': None, 'change': True}
2025-05-09 21:04:17,570 : EventManager : Event: ======'machine_var_player1_score'====== Args={'value': 1500, 'prev_value': None, 'change': True}
2025-05-09 21:04:17,570 : EventManager : Event: ======'machine_var_mpf_version'====== Args={'value': 'Mission Pinball Framework v0.57.3', 'prev_value': None, 'change': True}
2025-05-09 21:04:17,570 : EventManager : Event: ======'machine_var_mpf_extended_version'====== Args={'value': 'Mission Pinball Framework v0.57.3, Config version:6, Show version: 6, BCP version:1.1', 'prev_value': None, 'change': True}
2025-05-09 21:04:17,570 : EventManager : Event: ======'machine_var_python_version'====== Args={'value': '3.11.8', 'prev_value': None, 'change': True}
2025-05-09 21:04:17,570 : EventManager : Event: ======'machine_var_platform'====== Args={'value': 'Windows-10-10.0.19045-SP0', 'prev_value': None, 'change': True}
2025-05-09 21:04:17,570 : EventManager : Event: ======'machine_var_platform_system'====== Args={'value': 'Windows', 'prev_value': None, 'change': True}
2025-05-09 21:04:17,570 : EventManager : Event: ======'machine_var_platform_release'====== Args={'value': '10', 'prev_value': None, 'change': True}
2025-05-09 21:04:17,570 : EventManager : Event: ======'machine_var_platform_version'====== Args={'value': '10.0.19045', 'prev_value': None, 'change': True}
2025-05-09 21:04:17,570 : EventManager : Event: ======'machine_var_platform_machine'====== Args={'value': 'AMD64', 'prev_value': None, 'change': True}
2025-05-09 21:04:17,570 : EventManager : Event: ======'machine_var_mc_version'====== Args={'value': 'MPF-MC v0.57.1', 'prev_value': None, 'change': True}
2025-05-09 21:04:17,570 : EventManager : Event: ======'machine_var_mc_extended_version'====== Args={'value': 'MPF-MC v0.57.1 (config_version=6, BCP v1.1,                      Requires MPF API compatibility v0.57.0 or newer)', 'prev_value': None, 'change': True}
2025-05-09 21:04:17,570 : EventManager : Event: ======'machine_var_credits_string'====== Args={'value': 'FREE PLAY', 'prev_value': None, 'change': True}
2025-05-09 21:04:17,570 : EventManager : Event: ======'machine_var_master_volume'====== Args={'value': 0.5, 'prev_value': None, 'change': True}
2025-05-09 21:04:17,571 : EventManager : Event: ======'machine_var_player1_score'====== Args={'value': 1500, 'prev_value': None, 'change': True}
2025-05-09 21:04:17,571 : EventManager : Event: ======'machine_var_mpf_version'====== Args={'value': 'Mission Pinball Framework v0.57.3', 'prev_value': None, 'change': True}
2025-05-09 21:04:17,571 : EventManager : Event: ======'machine_var_mpf_extended_version'====== Args={'value': 'Mission Pinball Framework v0.57.3, Config version:6, Show version: 6, BCP version:1.1', 'prev_value': None, 'change': True}
2025-05-09 21:04:17,571 : EventManager : Event: ======'machine_var_python_version'====== Args={'value': '3.11.8', 'prev_value': None, 'change': True}
2025-05-09 21:04:17,571 : EventManager : Event: ======'machine_var_platform'====== Args={'value': 'Windows-10-10.0.19045-SP0', 'prev_value': None, 'change': True}
2025-05-09 21:04:17,571 : EventManager : Event: ======'machine_var_platform_system'====== Args={'value': 'Windows', 'prev_value': None, 'change': True}
2025-05-09 21:04:17,571 : EventManager : Event: ======'machine_var_platform_release'====== Args={'value': '10', 'prev_value': None, 'change': True}
2025-05-09 21:04:17,571 : EventManager : Event: ======'machine_var_platform_version'====== Args={'value': '10.0.19045', 'prev_value': None, 'change': True}
2025-05-09 21:04:17,571 : EventManager : Event: ======'machine_var_platform_machine'====== Args={'value': 'AMD64', 'prev_value': None, 'change': True}
2025-05-09 21:04:17,571 : EventManager : Event: ======'machine_var_mc_version'====== Args={'value': 'MPF-MC v0.57.1', 'prev_value': None, 'change': True}
2025-05-09 21:04:17,571 : EventManager : Event: ======'machine_var_mc_extended_version'====== Args={'value': 'MPF-MC v0.57.1 (config_version=6, BCP v1.1,                      Requires MPF API compatibility v0.57.0 or newer)', 'prev_value': None, 'change': True}
2025-05-09 21:04:17,571 : EventManager : Event: ======'machine_var_credits_string'====== Args={'value': 'FREE PLAY', 'prev_value': None, 'change': True}
2025-05-09 21:04:17,571 : EventManager : Event: ======'machine_var_master_volume'====== Args={'value': 0.5, 'prev_value': None, 'change': True}
2025-05-09 21:04:17,571 : EventManager : Event: ======'machine_var_player1_score'====== Args={'value': 1500, 'prev_value': None, 'change': True}
2025-05-09 21:04:17,571 : EventManager : Event: ======'machine_var_mpf_version'====== Args={'value': 'Mission Pinball Framework v0.57.3', 'prev_value': None, 'change': True}
2025-05-09 21:04:17,571 : EventManager : Event: ======'machine_var_mpf_extended_version'====== Args={'value': 'Mission Pinball Framework v0.57.3, Config version:6, Show version: 6, BCP version:1.1', 'prev_value': None, 'change': True}
2025-05-09 21:04:17,571 : EventManager : Event: ======'machine_var_python_version'====== Args={'value': '3.11.8', 'prev_value': None, 'change': True}
2025-05-09 21:04:17,571 : EventManager : Event: ======'machine_var_platform'====== Args={'value': 'Windows-10-10.0.19045-SP0', 'prev_value': None, 'change': True}
2025-05-09 21:04:17,571 : EventManager : Event: ======'machine_var_platform_system'====== Args={'value': 'Windows', 'prev_value': None, 'change': True}
2025-05-09 21:04:17,572 : EventManager : Event: ======'machine_var_platform_release'====== Args={'value': '10', 'prev_value': None, 'change': True}
2025-05-09 21:04:17,572 : EventManager : Event: ======'machine_var_platform_version'====== Args={'value': '10.0.19045', 'prev_value': None, 'change': True}
2025-05-09 21:04:17,572 : EventManager : Event: ======'machine_var_platform_machine'====== Args={'value': 'AMD64', 'prev_value': None, 'change': True}
2025-05-09 21:04:17,572 : EventManager : Event: ======'machine_var_mc_version'====== Args={'value': 'MPF-MC v0.57.1', 'prev_value': None, 'change': True}
2025-05-09 21:04:17,572 : EventManager : Event: ======'machine_var_mc_extended_version'====== Args={'value': 'MPF-MC v0.57.1 (config_version=6, BCP v1.1,                      Requires MPF API compatibility v0.57.0 or newer)', 'prev_value': None, 'change': True}
2025-05-09 21:04:17,572 : EventManager : Event: ======'machine_var_credits_string'====== Args={'value': 'FREE PLAY', 'prev_value': None, 'change': True}
2025-05-09 21:04:17,572 : EventManager : Event: ======'machine_var_master_volume'====== Args={'value': 0.5, 'prev_value': None, 'change': True}
2025-05-09 21:04:17,572 : EventManager : Event: ======'machine_var_player1_score'====== Args={'value': 1500, 'prev_value': None, 'change': True}
2025-05-09 21:04:17,572 : EventManager : Event: ======'machine_var_mpf_version'====== Args={'value': 'Mission Pinball Framework v0.57.3', 'prev_value': None, 'change': True}
2025-05-09 21:04:17,572 : EventManager : Event: ======'machine_var_mpf_extended_version'====== Args={'value': 'Mission Pinball Framework v0.57.3, Config version:6, Show version: 6, BCP version:1.1', 'prev_value': None, 'change': True}
2025-05-09 21:04:17,572 : EventManager : Event: ======'machine_var_python_version'====== Args={'value': '3.11.8', 'prev_value': None, 'change': True}
2025-05-09 21:04:17,572 : EventManager : Event: ======'machine_var_platform'====== Args={'value': 'Windows-10-10.0.19045-SP0', 'prev_value': None, 'change': True}
2025-05-09 21:04:17,572 : EventManager : Event: ======'machine_var_platform_system'====== Args={'value': 'Windows', 'prev_value': None, 'change': True}
2025-05-09 21:04:17,572 : EventManager : Event: ======'machine_var_platform_release'====== Args={'value': '10', 'prev_value': None, 'change': True}
2025-05-09 21:04:17,572 : EventManager : Event: ======'machine_var_platform_version'====== Args={'value': '10.0.19045', 'prev_value': None, 'change': True}
2025-05-09 21:04:17,573 : EventManager : Event: ======'machine_var_platform_machine'====== Args={'value': 'AMD64', 'prev_value': None, 'change': True}
2025-05-09 21:04:17,573 : EventManager : Event: ======'machine_var_mc_version'====== Args={'value': 'MPF-MC v0.57.1', 'prev_value': None, 'change': True}
2025-05-09 21:04:17,573 : EventManager : Event: ======'machine_var_mc_extended_version'====== Args={'value': 'MPF-MC v0.57.1 (config_version=6, BCP v1.1,                      Requires MPF API compatibility v0.57.0 or newer)', 'prev_value': None, 'change': True}
2025-05-09 21:04:17,573 : SoundSystem : Setting master volume to 0.5
2025-05-09 21:04:17,573 : SoundSystem : Setting master volume to 0.5
2025-05-09 21:04:17,573 : SoundSystem : Setting master volume to 0.5
2025-05-09 21:04:17,573 : SoundSystem : Setting master volume to 0.5
2025-05-09 21:04:17,634 : EventManager : Event: ======'machine_var_audits_events_game_ended'====== Args={'value': 0, 'prev_value': None, 'change': True}
2025-05-09 21:04:17,660 : EventManager : Event: ======'machine_var_audits_events_game_started'====== Args={'value': 71, 'prev_value': None, 'change': True}
2025-05-09 21:04:17,660 : EventManager : Event: ======'machine_var_audits_missing_switches_s_bonus_lane'====== Args={'value': 1, 'prev_value': None, 'change': True}
2025-05-09 21:04:17,660 : EventManager : Event: ======'machine_var_audits_missing_switches_s_left_attack_bumper'====== Args={'value': 1, 'prev_value': None, 'change': True}
2025-05-09 21:04:17,660 : EventManager : Event: ======'machine_var_audits_missing_switches_s_left_flipper'====== Args={'value': 1, 'prev_value': None, 'change': True}
2025-05-09 21:04:17,660 : EventManager : Event: ======'machine_var_audits_missing_switches_s_left_out_lane'====== Args={'value': 20, 'prev_value': None, 'change': True}
2025-05-09 21:04:17,660 : EventManager : Event: ======'machine_var_audits_missing_switches_s_left_return_lane'====== Args={'value': 1, 'prev_value': None, 'change': True}
2025-05-09 21:04:17,660 : EventManager : Event: ======'machine_var_audits_missing_switches_s_lower_attack_bumper'====== Args={'value': 1, 'prev_value': None, 'change': True}
2025-05-09 21:04:17,660 : EventManager : Event: ======'machine_var_audits_missing_switches_s_lower_left_slingshot'====== Args={'value': 1, 'prev_value': None, 'change': True}
2025-05-09 21:04:17,660 : EventManager : Event: ======'machine_var_audits_missing_switches_s_lower_right_slingshot'====== Args={'value': 1, 'prev_value': None, 'change': True}
2025-05-09 21:04:17,660 : EventManager : Event: ======'machine_var_audits_missing_switches_s_plunger'====== Args={'value': 69, 'prev_value': None, 'change': True}
2025-05-09 21:04:17,660 : EventManager : Event: ======'machine_var_audits_missing_switches_s_reentry_left'====== Args={'value': 1, 'prev_value': None, 'change': True}
2025-05-09 21:04:17,660 : EventManager : Event: ======'machine_var_audits_missing_switches_s_reentry_middle'====== Args={'value': 18, 'prev_value': None, 'change': True}
2025-05-09 21:04:17,660 : EventManager : Event: ======'machine_var_audits_missing_switches_s_reentry_right'====== Args={'value': 18, 'prev_value': None, 'change': True}
2025-05-09 21:04:17,660 : EventManager : Event: ======'machine_var_audits_missing_switches_s_right_flipper'====== Args={'value': 1, 'prev_value': None, 'change': True}
2025-05-09 21:04:17,660 : EventManager : Event: ======'machine_var_audits_missing_switches_s_right_out_lane'====== Args={'value': 19, 'prev_value': None, 'change': True}
2025-05-09 21:04:17,661 : EventManager : Event: ======'machine_var_audits_missing_switches_s_right_return_lane'====== Args={'value': 19, 'prev_value': None, 'change': True}
2025-05-09 21:04:17,661 : EventManager : Event: ======'machine_var_audits_missing_switches_s_spacewarp_rollover'====== Args={'value': 53, 'prev_value': None, 'change': True}
2025-05-09 21:04:17,661 : EventManager : Event: ======'machine_var_audits_missing_switches_s_start'====== Args={'value': 70, 'prev_value': None, 'change': True}
2025-05-09 21:04:17,661 : EventManager : Event: ======'machine_var_audits_missing_switches_s_trough1'====== Args={'value': 70, 'prev_value': None, 'change': True}
2025-05-09 21:04:17,661 : EventManager : Event: ======'machine_var_audits_missing_switches_s_upper_attack_bumper'====== Args={'value': 1, 'prev_value': None, 'change': True}
2025-05-09 21:04:17,661 : EventManager : Event: ======'machine_var_audits_missing_switches_s_wormhole_target'====== Args={'value': 19, 'prev_value': None, 'change': True}
2025-05-09 21:04:17,661 : EventManager : Event: ======'machine_var_audits_player_score'====== Args={'value': {'average': 1800.0, 'top': [2000, 1900, 1500], 'total': 3}, 'prev_value': None, 'change': True}
2025-05-09 21:04:17,661 : EventManager : Event: ======'machine_var_audits_shots_attack_bumper_left_shot'====== Args={'value': 47, 'prev_value': None, 'change': True}
2025-05-09 21:04:17,661 : EventManager : Event: ======'machine_var_audits_shots_attack_bumper_lower_shot'====== Args={'value': 56, 'prev_value': None, 'change': True}
2025-05-09 21:04:17,661 : EventManager : Event: ======'machine_var_audits_shots_attack_bumper_upper_shot'====== Args={'value': 28, 'prev_value': None, 'change': True}
2025-05-09 21:04:17,661 : EventManager : Event: ======'machine_var_audits_shots_bonusLane_shot'====== Args={'value': 83, 'prev_value': None, 'change': True}
2025-05-09 21:04:17,661 : EventManager : Event: ======'machine_var_audits_shots_medalL_shot'====== Args={'value': 174, 'prev_value': None, 'change': True}
2025-05-09 21:04:17,661 : EventManager : Event: ======'machine_var_audits_shots_medalM_shot'====== Args={'value': 166, 'prev_value': None, 'change': True}
2025-05-09 21:04:17,661 : EventManager : Event: ======'machine_var_audits_shots_medalR_shot'====== Args={'value': 165, 'prev_value': None, 'change': True}
2025-05-09 21:04:17,661 : EventManager : Event: ======'machine_var_audits_shots_my_first_shot'====== Args={'value': 119, 'prev_value': None, 'change': True}
2025-05-09 21:04:17,661 : EventManager : Event: ======'machine_var_audits_shots_my_first_shot_mode2'====== Args={'value': 72, 'prev_value': None, 'change': True}
2025-05-09 21:04:17,661 : EventManager : Event: ======'machine_var_audits_shots_outLaneL_shot'====== Args={'value': 20, 'prev_value': None, 'change': True}
2025-05-09 21:04:17,662 : EventManager : Event: ======'machine_var_audits_shots_outLaneR_shot'====== Args={'value': 93, 'prev_value': None, 'change': True}
2025-05-09 21:04:17,662 : EventManager : Event: ======'machine_var_audits_shots_reentryL_shot'====== Args={'value': 555, 'prev_value': None, 'change': True}
2025-05-09 21:04:17,662 : EventManager : Event: ======'machine_var_audits_shots_reentryM_shot'====== Args={'value': 513, 'prev_value': None, 'change': True}
2025-05-09 21:04:17,662 : EventManager : Event: ======'machine_var_audits_shots_reentryR_shot'====== Args={'value': 505, 'prev_value': None, 'change': True}
2025-05-09 21:04:17,662 : EventManager : Event: ======'machine_var_audits_shots_reentry_shot'====== Args={'value': 9, 'prev_value': None, 'change': True}
2025-05-09 21:04:17,662 : EventManager : Event: ======'machine_var_audits_shots_returnLaneL_shot'====== Args={'value': 194, 'prev_value': None, 'change': True}
2025-05-09 21:04:17,662 : EventManager : Event: ======'machine_var_audits_shots_returnLaneR_shot'====== Args={'value': 136, 'prev_value': None, 'change': True}
2025-05-09 21:04:17,662 : EventManager : Event: ======'machine_var_audits_shots_spacewarp_rollover_shot'====== Args={'value': 47, 'prev_value': None, 'change': True}
2025-05-09 21:04:17,662 : EventManager : Event: ======'machine_var_audits_shots_top_lane_A'====== Args={'value': 12, 'prev_value': None, 'change': True}
2025-05-09 21:04:17,662 : EventManager : Event: ======'machine_var_audits_shots_top_lane_J'====== Args={'value': 12, 'prev_value': None, 'change': True}
2025-05-09 21:04:17,662 : EventManager : Event: ======'machine_var_audits_shots_top_lane_M'====== Args={'value': 9, 'prev_value': None, 'change': True}
2025-05-09 21:04:17,662 : EventManager : Event: ======'machine_var_audits_switches_s_blackhole_kicker'====== Args={'value': 0, 'prev_value': None, 'change': True}
2025-05-09 21:04:17,662 : EventManager : Event: ======'machine_var_audits_switches_s_bonus_lane'====== Args={'value': 96, 'prev_value': None, 'change': True}
2025-05-09 21:04:17,662 : EventManager : Event: ======'machine_var_audits_switches_s_booster_drop_target_1'====== Args={'value': 0, 'prev_value': None, 'change': True}
2025-05-09 21:04:17,662 : EventManager : Event: ======'machine_var_audits_switches_s_booster_drop_target_2'====== Args={'value': 0, 'prev_value': None, 'change': True}
2025-05-09 21:04:17,662 : EventManager : Event: ======'machine_var_audits_switches_s_booster_drop_target_3'====== Args={'value': 0, 'prev_value': None, 'change': True}
2025-05-09 21:04:17,662 : EventManager : Event: ======'machine_var_audits_switches_s_comet_spot_1'====== Args={'value': 0, 'prev_value': None, 'change': True}
2025-05-09 21:04:17,662 : EventManager : Event: ======'machine_var_audits_switches_s_comet_spot_2'====== Args={'value': 0, 'prev_value': None, 'change': True}
2025-05-09 21:04:17,662 : EventManager : Event: ======'machine_var_audits_switches_s_comet_spot_3'====== Args={'value': 0, 'prev_value': None, 'change': True}
2025-05-09 21:04:17,662 : EventManager : Event: ======'machine_var_audits_switches_s_engine_bumper_1'====== Args={'value': 0, 'prev_value': None, 'change': True}
2025-05-09 21:04:17,663 : EventManager : Event: ======'machine_var_audits_switches_s_engine_bumper_2'====== Args={'value': 0, 'prev_value': None, 'change': True}
2025-05-09 21:04:17,663 : EventManager : Event: ======'machine_var_audits_switches_s_engine_bumper_3'====== Args={'value': 0, 'prev_value': None, 'change': True}
2025-05-09 21:04:17,663 : EventManager : Event: ======'machine_var_audits_switches_s_fuel_chute_1'====== Args={'value': 0, 'prev_value': None, 'change': True}
2025-05-09 21:04:17,663 : EventManager : Event: ======'machine_var_audits_switches_s_fuel_chute_2'====== Args={'value': 0, 'prev_value': None, 'change': True}
2025-05-09 21:04:17,663 : EventManager : Event: ======'machine_var_audits_switches_s_fuel_chute_3'====== Args={'value': 0, 'prev_value': None, 'change': True}
2025-05-09 21:04:17,663 : EventManager : Event: ======'machine_var_audits_switches_s_fuel_chute_4'====== Args={'value': 0, 'prev_value': None, 'change': True}
2025-05-09 21:04:17,663 : EventManager : Event: ======'machine_var_audits_switches_s_fuel_chute_5'====== Args={'value': 0, 'prev_value': None, 'change': True}
2025-05-09 21:04:17,663 : EventManager : Event: ======'machine_var_audits_switches_s_fuel_chute_6'====== Args={'value': 0, 'prev_value': None, 'change': True}
2025-05-09 21:04:17,663 : EventManager : Event: ======'machine_var_audits_switches_s_fuel_flag'====== Args={'value': 0, 'prev_value': None, 'change': True}
2025-05-09 21:04:17,663 : EventManager : Event: ======'machine_var_audits_switches_s_fuel_spot_1'====== Args={'value': 0, 'prev_value': None, 'change': True}
2025-05-09 21:04:17,663 : EventManager : Event: ======'machine_var_audits_switches_s_fuel_spot_2'====== Args={'value': 0, 'prev_value': None, 'change': True}
2025-05-09 21:04:17,663 : EventManager : Event: ======'machine_var_audits_switches_s_fuel_spot_3'====== Args={'value': 0, 'prev_value': None, 'change': True}
2025-05-09 21:04:17,663 : EventManager : Event: ======'machine_var_audits_switches_s_green_wormhole'====== Args={'value': 0, 'prev_value': None, 'change': True}
2025-05-09 21:04:17,663 : EventManager : Event: ======'machine_var_audits_switches_s_hyperspace_flag'====== Args={'value': 0, 'prev_value': None, 'change': True}
2025-05-09 21:04:17,663 : EventManager : Event: ======'machine_var_audits_switches_s_hyperspacekicker'====== Args={'value': 273, 'prev_value': None, 'change': True}
2025-05-09 21:04:17,663 : EventManager : Event: ======'machine_var_audits_switches_s_launch_lane_1'====== Args={'value': 0, 'prev_value': None, 'change': True}
2025-05-09 21:04:17,663 : EventManager : Event: ======'machine_var_audits_switches_s_launch_lane_2'====== Args={'value': 0, 'prev_value': None, 'change': True}
2025-05-09 21:04:17,663 : EventManager : Event: ======'machine_var_audits_switches_s_launch_lane_3'====== Args={'value': 0, 'prev_value': None, 'change': True}
2025-05-09 21:04:17,664 : EventManager : Event: ======'machine_var_audits_switches_s_launch_ramp'====== Args={'value': 0, 'prev_value': None, 'change': True}
2025-05-09 21:04:17,664 : EventManager : Event: ======'machine_var_audits_switches_s_left_attack_bumper'====== Args={'value': 784, 'prev_value': None, 'change': True}
2025-05-09 21:04:17,664 : EventManager : Event: ======'machine_var_audits_switches_s_left_flipper'====== Args={'value': 2344, 'prev_value': None, 'change': True}
2025-05-09 21:04:17,664 : EventManager : Event: ======'machine_var_audits_switches_s_left_out_lane'====== Args={'value': 24, 'prev_value': None, 'change': True}
2025-05-09 21:04:17,664 : EventManager : Event: ======'machine_var_audits_switches_s_left_out_lane_kicker'====== Args={'value': 0, 'prev_value': None, 'change': True}
2025-05-09 21:04:17,664 : EventManager : Event: ======'machine_var_audits_switches_s_left_return_lane'====== Args={'value': 201, 'prev_value': None, 'change': True}
2025-05-09 21:04:17,664 : EventManager : Event: ======'machine_var_audits_switches_s_lower_attack_bumper'====== Args={'value': 304, 'prev_value': None, 'change': True}
2025-05-09 21:04:17,664 : EventManager : Event: ======'machine_var_audits_switches_s_lower_left_rebound'====== Args={'value': 0, 'prev_value': None, 'change': True}
2025-05-09 21:04:17,664 : EventManager : Event: ======'machine_var_audits_switches_s_lower_left_slingshot'====== Args={'value': 258, 'prev_value': None, 'change': True}
2025-05-09 21:04:17,664 : EventManager : Event: ======'machine_var_audits_switches_s_lower_right_rebound'====== Args={'value': 0, 'prev_value': None, 'change': True}
2025-05-09 21:04:17,664 : EventManager : Event: ======'machine_var_audits_switches_s_lower_right_slingshot'====== Args={'value': 256, 'prev_value': None, 'change': True}
2025-05-09 21:04:17,664 : EventManager : Event: ======'machine_var_audits_switches_s_medal_drop_left'====== Args={'value': 188, 'prev_value': None, 'change': True}
2025-05-09 21:04:17,664 : EventManager : Event: ======'machine_var_audits_switches_s_medal_drop_middle'====== Args={'value': 180, 'prev_value': None, 'change': True}
2025-05-09 21:04:17,664 : EventManager : Event: ======'machine_var_audits_switches_s_medal_drop_right'====== Args={'value': 179, 'prev_value': None, 'change': True}
2025-05-09 21:04:17,664 : EventManager : Event: ======'machine_var_audits_switches_s_mission_spot_1'====== Args={'value': 0, 'prev_value': None, 'change': True}
2025-05-09 21:04:17,664 : EventManager : Event: ======'machine_var_audits_switches_s_mission_spot_2'====== Args={'value': 2, 'prev_value': None, 'change': True}
2025-05-09 21:04:17,664 : EventManager : Event: ======'machine_var_audits_switches_s_mission_spot_3'====== Args={'value': 0, 'prev_value': None, 'change': True}
2025-05-09 21:04:17,664 : EventManager : Event: ======'machine_var_audits_switches_s_multiplier_left'====== Args={'value': 0, 'prev_value': None, 'change': True}
2025-05-09 21:04:17,664 : EventManager : Event: ======'machine_var_audits_switches_s_multiplier_middle'====== Args={'value': 0, 'prev_value': None, 'change': True}
2025-05-09 21:04:17,664 : EventManager : Event: ======'machine_var_audits_switches_s_multiplier_right'====== Args={'value': 0, 'prev_value': None, 'change': True}
2025-05-09 21:04:17,665 : EventManager : Event: ======'machine_var_audits_switches_s_plunger'====== Args={'value': 177, 'prev_value': None, 'change': True}
2025-05-09 21:04:17,665 : EventManager : Event: ======'machine_var_audits_switches_s_radiationspot_1'====== Args={'value': 0, 'prev_value': None, 'change': True}
2025-05-09 21:04:17,665 : EventManager : Event: ======'machine_var_audits_switches_s_radiationspot_2'====== Args={'value': 0, 'prev_value': None, 'change': True}
2025-05-09 21:04:17,665 : EventManager : Event: ======'machine_var_audits_switches_s_radiationspot_3'====== Args={'value': 0, 'prev_value': None, 'change': True}
2025-05-09 21:04:17,665 : EventManager : Event: ======'machine_var_audits_switches_s_red_wormhole'====== Args={'value': 0, 'prev_value': None, 'change': True}
2025-05-09 21:04:17,665 : EventManager : Event: ======'machine_var_audits_switches_s_reentry_left'====== Args={'value': 913, 'prev_value': None, 'change': True}
2025-05-09 21:04:17,665 : EventManager : Event: ======'machine_var_audits_switches_s_reentry_middle'====== Args={'value': 587, 'prev_value': None, 'change': True}
2025-05-09 21:04:17,665 : EventManager : Event: ======'machine_var_audits_switches_s_reentry_right'====== Args={'value': 564, 'prev_value': None, 'change': True}
2025-05-09 21:04:17,665 : EventManager : Event: ======'machine_var_audits_switches_s_right_flipper'====== Args={'value': 2562, 'prev_value': None, 'change': True}
2025-05-09 21:04:17,665 : EventManager : Event: ======'machine_var_audits_switches_s_right_inlane'====== Args={'value': 0, 'prev_value': None, 'change': True}
2025-05-09 21:04:17,665 : EventManager : Event: ======'machine_var_audits_switches_s_right_out_lane'====== Args={'value': 119, 'prev_value': None, 'change': True}
2025-05-09 21:04:17,665 : EventManager : Event: ======'machine_var_audits_switches_s_right_out_lane_kicker'====== Args={'value': 0, 'prev_value': None, 'change': True}
2025-05-09 21:04:17,665 : EventManager : Event: ======'machine_var_audits_switches_s_right_return_lane'====== Args={'value': 148, 'prev_value': None, 'change': True}
2025-05-09 21:04:17,665 : EventManager : Event: ======'machine_var_audits_switches_s_satellite_bumper'====== Args={'value': 0, 'prev_value': None, 'change': True}
2025-05-09 21:04:17,665 : EventManager : Event: ======'machine_var_audits_switches_s_secondary_outlane_kicker'====== Args={'value': 0, 'prev_value': None, 'change': True}
2025-05-09 21:04:17,665 : EventManager : Event: ======'machine_var_audits_switches_s_skill_shot_1'====== Args={'value': 0, 'prev_value': None, 'change': True}
2025-05-09 21:04:17,665 : EventManager : Event: ======'machine_var_audits_switches_s_skill_shot_2'====== Args={'value': 0, 'prev_value': None, 'change': True}
2025-05-09 21:04:17,665 : EventManager : Event: ======'machine_var_audits_switches_s_skill_shot_3'====== Args={'value': 0, 'prev_value': None, 'change': True}
2025-05-09 21:04:17,666 : EventManager : Event: ======'machine_var_audits_switches_s_skill_shot_4'====== Args={'value': 0, 'prev_value': None, 'change': True}
2025-05-09 21:04:17,666 : EventManager : Event: ======'machine_var_audits_switches_s_skill_shot_5'====== Args={'value': 0, 'prev_value': None, 'change': True}
2025-05-09 21:04:17,666 : EventManager : Event: ======'machine_var_audits_switches_s_skill_shot_6'====== Args={'value': 0, 'prev_value': None, 'change': True}
2025-05-09 21:04:17,666 : EventManager : Event: ======'machine_var_audits_switches_s_skill_shot_lane'====== Args={'value': 0, 'prev_value': None, 'change': True}
2025-05-09 21:04:17,666 : EventManager : Event: ======'machine_var_audits_switches_s_spacewarp_rollover'====== Args={'value': 48, 'prev_value': None, 'change': True}
2025-05-09 21:04:17,666 : EventManager : Event: ======'machine_var_audits_switches_s_start'====== Args={'value': 7, 'prev_value': None, 'change': True}
2025-05-09 21:04:17,666 : EventManager : Event: ======'machine_var_audits_switches_s_trough1'====== Args={'value': 30, 'prev_value': None, 'change': True}
2025-05-09 21:04:17,666 : EventManager : Event: ======'machine_var_audits_switches_s_trough2'====== Args={'value': 0, 'prev_value': None, 'change': True}
2025-05-09 21:04:17,666 : EventManager : Event: ======'machine_var_audits_switches_s_trough3'====== Args={'value': 0, 'prev_value': None, 'change': True}
2025-05-09 21:04:17,666 : EventManager : Event: ======'machine_var_audits_switches_s_trough4'====== Args={'value': 0, 'prev_value': None, 'change': True}
2025-05-09 21:04:17,666 : EventManager : Event: ======'machine_var_audits_switches_s_trough5'====== Args={'value': 0, 'prev_value': None, 'change': True}
2025-05-09 21:04:17,666 : EventManager : Event: ======'machine_var_audits_switches_s_trough6'====== Args={'value': 0, 'prev_value': None, 'change': True}
2025-05-09 21:04:17,666 : EventManager : Event: ======'machine_var_audits_switches_s_trough_jam'====== Args={'value': 0, 'prev_value': None, 'change': True}
2025-05-09 21:04:17,666 : EventManager : Event: ======'machine_var_audits_switches_s_upper_attack_bumper'====== Args={'value': 402, 'prev_value': None, 'change': True}
2025-05-09 21:04:17,666 : EventManager : Event: ======'machine_var_audits_switches_s_upper_left_rebound'====== Args={'value': 0, 'prev_value': None, 'change': True}
2025-05-09 21:04:17,666 : EventManager : Event: ======'machine_var_audits_switches_s_upper_right_rebound'====== Args={'value': 0, 'prev_value': None, 'change': True}
2025-05-09 21:04:17,667 : EventManager : Event: ======'machine_var_audits_switches_s_wormhole_target'====== Args={'value': 81, 'prev_value': None, 'change': True}
2025-05-09 21:04:17,667 : EventManager : Event: ======'machine_var_audits_switches_s_yellow_wormhole'====== Args={'value': 0, 'prev_value': None, 'change': True}
2025-05-09 21:04:17,680 : EventManager : Event: ======'slides_play'====== Args={'settings': {'welcome_slide': {'target': None, 'background_color': [0.0, 0.0, 0.0, 1.0], 'priority': None, 'show': True, 'force': False, 'expire': None, 'slide': None, 'tokens': {}, 'action': 'play'}}, 'context': '_global', 'calling_context': 'init_done', 'priority': 0}
2025-05-09 21:04:17,680 : EventManager : Event: ======'mc_reset_phase_1'====== Args={}
2025-05-09 21:04:17,681 : EventManager : Event: ======'slide_welcome_slide_removed'====== Args={}
2025-05-09 21:04:17,685 : EventManager : Event: ======'slide_welcome_slide_created'====== Args={}
2025-05-09 21:04:17,686 : EventManager : Event: ======'mc_reset_phase_2'====== Args={}
2025-05-09 21:04:17,686 : EventManager : Event: ======'mc_reset_phase_3'====== Args={}
2025-05-09 21:04:17,687 : EventManager : Event: ======'mc_reset_complete'====== Args={}
2025-05-09 21:04:17,688 : EventManager : Event: ======'slide_welcome_slide_active'====== Args={}
2025-05-09 21:04:17,707 : EventManager : Event: ======'slides_play'====== Args={'settings': {'awesome_slide': {'widgets': [{'type': 'text', 'text': 'YOU ARE AWESOME', 'font_size': 50, '_default_settings': ['type', 'text', 'font_size'], 'x': None, 'y': None, 'anchor_x': 'center', 'anchor_y': 'center', 'round_anchor_x': None, 'round_anchor_y': None, 'opacity': 1.0, 'z': 0, 'reset_animations_events': {}, 'color': [1.0, 1.0, 1.0, 1.0], 'style': [], 'adjust_top': 0, 'adjust_bottom': 0, 'adjust_left': 0, 'adjust_right': 0, 'expire': None, 'key': None, 'widget': None, 'events_when_added': [], 'events_when_removed': [], 'bitmap_font': False, 'font_kerning': True, 'bold': False, 'italic': False, 'number_grouping': False, 'min_digits': 0, 'halign': 'center', 'valign': 'middle', 'rotation': 0, 'scale': 1.0, 'casing': None, 'outline_color': [1.0, 1.0, 1.0, 1.0], 'outline_width': 0, 'animations': None}], 'transition': {'type': 'push', 'duration': 1.0, 'direction': 'left', 'easing': 'out_quad'}, 'target': None, 'background_color': [0.0, 0.0, 0.0, 1.0], 'priority': None, 'show': True, 'force': False, 'expire': None, 'slide': None, 'tokens': {}, 'action': 'play'}}, 'context': 'show_2', 'calling_context': 0, 'priority': 10, 'show_tokens': {}, 'start_time': 174976.078}
2025-05-09 21:04:17,709 : EventManager : Event: ======'slide_awesome_slide_created'====== Args={}
2025-05-09 21:04:17,710 : EventManager : Event: ======'slide_awesome_slide_active'====== Args={}
2025-05-09 21:04:20,697 : EventManager : Event: ======'slides_play'====== Args={'settings': {'press_start': {'widgets': [{'type': 'Text', 'text': 'PRESS START', 'animations': {'pre_show_slide': [{'property': ['opacity'], 'value': ['0'], 'duration': 0.5, 'relative': False, 'timing': 'after_previous', 'repeat': False, 'easing': 'linear', 'step': 0.0}, {'property': ['opacity'], 'value': ['1'], 'duration': 0.5, 'repeat': False, 'relative': False, 'timing': 'after_previous', 'easing': 'linear', 'step': 0.0}]}, '_default_settings': ['type', 'text', 'animations'], 'x': None, 'y': None, 'anchor_x': 'center', 'anchor_y': 'center', 'round_anchor_x': None, 'round_anchor_y': None, 'opacity': 1.0, 'z': 0, 'reset_animations_events': {}, 'color': [1.0, 1.0, 1.0, 1.0], 'style': [], 'adjust_top': 0, 'adjust_bottom': 0, 'adjust_left': 0, 'adjust_right': 0, 'expire': None, 'key': None, 'widget': None, 'events_when_added': [], 'events_when_removed': [], 'font_size': 15, 'bitmap_font': False, 'font_kerning': True, 'bold': False, 'italic': False, 'number_grouping': False, 'min_digits': 0, 'halign': 'center', 'valign': 'middle', 'rotation': 0, 'scale': 1.0, 'casing': None, 'outline_color': [1.0, 1.0, 1.0, 1.0], 'outline_width': 0}, {'type': 'Text', 'text': 'FREE PLAY', 'color': [0.0, 0.5019607843137255, 0.0, 1], 'y': '10', 'anchor_y': 'bottom', '_default_settings': ['type', 'text', 'color', 'y', 'anchor_y'], 'x': None, 'anchor_x': 'center', 'round_anchor_x': None, 'round_anchor_y': None, 'opacity': 1.0, 'z': 0, 'reset_animations_events': {}, 'style': [], 'adjust_top': 0, 'adjust_bottom': 0, 'adjust_left': 0, 'adjust_right': 0, 'expire': None, 'key': None, 'widget': None, 'events_when_added': [], 'events_when_removed': [], 'font_size': 15, 'bitmap_font': False, 'font_kerning': True, 'bold': False, 'italic': False, 'number_grouping': False, 'min_digits': 0, 'halign': 'center', 'valign': 'middle', 'rotation': 0, 'scale': 1.0, 'casing': None, 'outline_color': [1.0, 1.0, 1.0, 1.0], 'outline_width': 0, 'animations': None}], 'transition': {'type': 'move_in', 'duration': 1.0, 'direction': 'right', 'easing': 'out_quad'}, 'target': None, 'background_color': [0.0, 0.0, 0.0, 1.0], 'priority': None, 'show': True, 'force': False, 'expire': None, 'slide': None, 'tokens': {}, 'action': 'play'}}, 'context': 'show_2', 'calling_context': 1, 'priority': 10, 'show_tokens': {}, 'start_time': 174979.078}
2025-05-09 21:04:20,702 : EventManager : Event: ======'slide_press_start_created'====== Args={}
2025-05-09 21:04:20,703 : EventManager : Event: ======'slide_press_start_active'====== Args={}
2025-05-09 21:04:20,882 : EventManager : Event: ======'game_started'====== Args={}
2025-05-09 21:04:20,906 : EventManager : Event: ======'slides_clear'====== Args={'context': 'show_2'}
2025-05-09 21:04:20,906 : EventManager : Event: ======'player_added'====== Args={'player': <Player 1>, 'num': 1}
2025-05-09 21:04:20,906 : EventManager : Event: ======'player_index'====== Args={'value': 0, 'prev_value': 0, 'change': 0, 'player_num': 1}
2025-05-09 21:04:20,906 : EventManager : Event: ======'player_number'====== Args={'value': 1, 'prev_value': 1, 'change': 0, 'player_num': 1}
2025-05-09 21:04:20,906 : EventManager : Event: ======'player_score'====== Args={'value': 0, 'prev_value': 0, 'change': 0, 'player_num': 1}
2025-05-09 21:04:20,906 : EventManager : Event: ======'slide_awesome_slide_removed'====== Args={}
2025-05-09 21:04:20,906 : EventManager : Event: ======'slide_press_start_removed'====== Args={}
2025-05-09 21:04:20,907 : EventManager : Event: ======'slide_welcome_slide_active'====== Args={}
2025-05-09 21:04:20,919 : EventManager : Event: ======'player_ball'====== Args={'value': 1, 'prev_value': 0, 'change': 1, 'player_num': 1}
2025-05-09 21:04:20,919 : EventManager : Event: ======'player_turn_start'====== Args={'number': 1, 'player': <Player 1>}
2025-05-09 21:04:20,931 : EventManager : Event: ======'slides_play'====== Args={'settings': {'widgets': {'widgets': [{'type': 'text', 'text': '(score)', 'number_grouping': True, 'min_digits': 2, 'font_size': 100, '_default_settings': ['type', 'text', 'number_grouping', 'min_digits', 'font_size'], 'x': None, 'y': None, 'anchor_x': 'center', 'anchor_y': 'center', 'round_anchor_x': None, 'round_anchor_y': None, 'opacity': 1.0, 'z': 0, 'reset_animations_events': {}, 'color': [1.0, 1.0, 1.0, 1.0], 'style': [], 'adjust_top': 0, 'adjust_bottom': 0, 'adjust_left': 0, 'adjust_right': 0, 'expire': None, 'key': None, 'widget': None, 'events_when_added': [], 'events_when_removed': [], 'bitmap_font': False, 'font_kerning': True, 'bold': False, 'italic': False, 'halign': 'center', 'valign': 'middle', 'rotation': 0, 'scale': 1.0, 'casing': None, 'outline_color': [1.0, 1.0, 1.0, 1.0], 'outline_width': 0, 'animations': None}, {'type': 'text', 'text': 'PLAYER (number)', 'y': '10', 'x': '10', 'font_size': 50, 'anchor_x': 'left', 'anchor_y': 'bottom', '_default_settings': ['type', 'text', 'y', 'x', 'font_size', 'anchor_x', 'anchor_y'], 'round_anchor_x': None, 'round_anchor_y': None, 'opacity': 1.0, 'z': 0, 'reset_animations_events': {}, 'color': [1.0, 1.0, 1.0, 1.0], 'style': [], 'adjust_top': 0, 'adjust_bottom': 0, 'adjust_left': 0, 'adjust_right': 0, 'expire': None, 'key': None, 'widget': None, 'events_when_added': [], 'events_when_removed': [], 'bitmap_font': False, 'font_kerning': True, 'bold': False, 'italic': False, 'number_grouping': False, 'min_digits': 0, 'halign': 'center', 'valign': 'middle', 'rotation': 0, 'scale': 1.0, 'casing': None, 'outline_color': [1.0, 1.0, 1.0, 1.0], 'outline_width': 0, 'animations': None}, {'type': 'text', 'text': 'BALL (ball)', 'y': '10', 'x': 'right-10', 'anchor_x': 'right', 'anchor_y': 'bottom', 'font_size': 50, '_default_settings': ['type', 'text', 'y', 'x', 'anchor_x', 'anchor_y', 'font_size'], 'round_anchor_x': None, 'round_anchor_y': None, 'opacity': 1.0, 'z': 0, 'reset_animations_events': {}, 'color': [1.0, 1.0, 1.0, 1.0], 'style': [], 'adjust_top': 0, 'adjust_bottom': 0, 'adjust_left': 0, 'adjust_right': 0, 'expire': None, 'key': None, 'widget': None, 'events_when_added': [], 'events_when_removed': [], 'bitmap_font': False, 'font_kerning': True, 'bold': False, 'italic': False, 'number_grouping': False, 'min_digits': 0, 'halign': 'center', 'valign': 'middle', 'rotation': 0, 'scale': 1.0, 'casing': None, 'outline_color': [1.0, 1.0, 1.0, 1.0], 'outline_width': 0, 'animations': None}], 'target': None, 'background_color': [0.0, 0.0, 0.0, 1.0], 'priority': None, 'show': True, 'force': False, 'expire': None, 'slide': None, 'tokens': {}, 'action': 'play'}}, 'context': 'base', 'calling_context': 'mode_base_started', 'priority': 100, 'queue': '<QueuedEvent>', 'player': 1, 'ball': 1, 'balls_remaining': 2, 'is_extra_ball': False}
2025-05-09 21:04:20,935 : EventManager : Event: ======'slide_base.slide_player-mode_base_started_created'====== Args={}
2025-05-09 21:04:20,937 : EventManager : Event: ======'slide_base.slide_player-mode_base_started_active'====== Args={}
2025-05-09 21:04:20,942 : EventManager : Event: ======'player_shot_returnLaneL_shot_enabled'====== Args={'value': True, 'prev_value': 0, 'change': 1, 'player_num': 1}
2025-05-09 21:04:20,942 : EventManager : Event: ======'player_shot_returnLaneR_shot_enabled'====== Args={'value': True, 'prev_value': 0, 'change': 1, 'player_num': 1}
2025-05-09 21:04:20,942 : EventManager : Event: ======'player_shot_spacewarp_rollover_shot_enabled'====== Args={'value': True, 'prev_value': 0, 'change': 1, 'player_num': 1}
2025-05-09 21:04:20,942 : EventManager : Event: ======'player_shot_bonusLane_shot_enabled'====== Args={'value': True, 'prev_value': 0, 'change': 1, 'player_num': 1}
2025-05-09 21:04:20,942 : EventManager : Event: ======'player_shot_outLaneL_shot_enabled'====== Args={'value': True, 'prev_value': 0, 'change': 1, 'player_num': 1}
2025-05-09 21:04:20,942 : EventManager : Event: ======'player_shot_outLaneR_shot_enabled'====== Args={'value': True, 'prev_value': 0, 'change': 1, 'player_num': 1}
2025-05-09 21:04:20,943 : EventManager : Event: ======'player_shot_reentryL_shot_enabled'====== Args={'value': True, 'prev_value': 0, 'change': 1, 'player_num': 1}
2025-05-09 21:04:20,943 : EventManager : Event: ======'player_shot_reentryM_shot_enabled'====== Args={'value': True, 'prev_value': 0, 'change': 1, 'player_num': 1}
2025-05-09 21:04:20,943 : EventManager : Event: ======'player_shot_reentryR_shot_enabled'====== Args={'value': True, 'prev_value': 0, 'change': 1, 'player_num': 1}
2025-05-09 21:04:20,943 : EventManager : Event: ======'player_shot_attack_bumper_left_shot_enabled'====== Args={'value': True, 'prev_value': 0, 'change': 1, 'player_num': 1}
2025-05-09 21:04:20,943 : EventManager : Event: ======'player_shot_attack_bumper_upper_shot_enabled'====== Args={'value': True, 'prev_value': 0, 'change': 1, 'player_num': 1}
2025-05-09 21:04:20,943 : EventManager : Event: ======'player_shot_attack_bumper_lower_shot_enabled'====== Args={'value': True, 'prev_value': 0, 'change': 1, 'player_num': 1}
2025-05-09 21:04:20,943 : EventManager : Event: ======'slides_play'====== Args={'settings': {'widgets': {'widgets': [{'type': 'text', 'text': 'PLAYER (number) BALL (ball)', '_default_settings': ['type', 'text'], 'x': None, 'y': None, 'anchor_x': 'center', 'anchor_y': 'center', 'round_anchor_x': None, 'round_anchor_y': None, 'opacity': 1.0, 'z': 0, 'reset_animations_events': {}, 'color': [1.0, 1.0, 1.0, 1.0], 'style': [], 'adjust_top': 0, 'adjust_bottom': 0, 'adjust_left': 0, 'adjust_right': 0, 'expire': None, 'key': None, 'widget': None, 'events_when_added': [], 'events_when_removed': [], 'font_size': 15, 'bitmap_font': False, 'font_kerning': True, 'bold': False, 'italic': False, 'number_grouping': False, 'min_digits': 0, 'halign': 'center', 'valign': 'middle', 'rotation': 0, 'scale': 1.0, 'casing': None, 'outline_color': [1.0, 1.0, 1.0, 1.0], 'outline_width': 0, 'animations': None}], 'target': None, 'background_color': [0.0, 0.0, 0.0, 1.0], 'priority': None, 'show': True, 'force': False, 'expire': None, 'slide': None, 'tokens': {}, 'action': 'play'}}, 'context': '_global', 'calling_context': 'ball_started', 'priority': 0, 'player': 1, 'ball': 1, 'balls_remaining': 2, 'is_extra_ball': False}
2025-05-09 21:04:20,945 : EventManager : Event: ======'slide__global.slide_player-ball_started_created'====== Args={}
2025-05-09 21:04:20,967 : EventManager : Event: ======'player_attack_bumper_count'====== Args={'value': 1, 'prev_value': 0, 'change': 1, 'player_num': 1}
2025-05-09 21:04:20,967 : EventManager : Event: ======'widgets_play'====== Args={'settings': {'reentry_start_banner': {'priority': 0, 'slide': None, 'action': 'add', 'key': None, 'target': None}}, 'context': 'reentry', 'calling_context': 'mode_reentry_started', 'priority': 200, 'player': 1, 'ball': 1, 'balls_remaining': 2, 'is_extra_ball': False}
2025-05-09 21:04:24,964 : EventManager : Event: ======'machine_var_audits_switches_s_hyperspacekicker'====== Args={'value': 274, 'prev_value': 273, 'change': 1}
2025-05-09 21:04:25,439 : EventManager : Event: ======'machine_var_audits_switches_s_hyperspacekicker'====== Args={'value': 275, 'prev_value': 274, 'change': 1}
2025-05-09 21:04:25,811 : EventManager : Event: ======'machine_var_audits_switches_s_hyperspacekicker'====== Args={'value': 276, 'prev_value': 275, 'change': 1}
2025-05-09 21:04:26,107 : EventManager : Event: ======'machine_var_audits_switches_s_hyperspacekicker'====== Args={'value': 277, 'prev_value': 276, 'change': 1}
2025-05-09 21:04:26,470 : EventManager : Event: ======'machine_var_audits_switches_s_hyperspacekicker'====== Args={'value': 278, 'prev_value': 277, 'change': 1}
2025-05-09 21:04:26,870 : EventManager : Event: ======'machine_var_audits_switches_s_hyperspacekicker'====== Args={'value': 279, 'prev_value': 278, 'change': 1}
2025-05-09 21:04:27,215 : EventManager : Event: ======'machine_var_audits_switches_s_hyperspacekicker'====== Args={'value': 280, 'prev_value': 279, 'change': 1}
2025-05-09 21:04:27,589 : EventManager : Event: ======'machine_var_audits_switches_s_hyperspacekicker'====== Args={'value': 281, 'prev_value': 280, 'change': 1}
2025-05-09 21:04:28,788 : EventManager : Event: ======'machine_var_audits_switches_s_hyperspacekicker'====== Args={'value': 282, 'prev_value': 281, 'change': 1}
2025-05-09 21:04:29,213 : EventManager : Event: ======'machine_var_audits_switches_s_hyperspacekicker'====== Args={'value': 283, 'prev_value': 282, 'change': 1}
2025-05-09 21:04:29,251 : EventManager : Event: ======'machine_var_audits_switches_s_hyperspacekicker'====== Args={'value': 284, 'prev_value': 283, 'change': 1}
2025-05-09 21:04:29,626 : EventManager : Event: ======'machine_var_audits_switches_s_hyperspacekicker'====== Args={'value': 285, 'prev_value': 284, 'change': 1}
2025-05-09 21:04:30,048 : EventManager : Event: ======'machine_var_audits_switches_s_hyperspacekicker'====== Args={'value': 286, 'prev_value': 285, 'change': 1}
2025-05-09 21:04:30,421 : EventManager : Event: ======'machine_var_audits_switches_s_hyperspacekicker'====== Args={'value': 287, 'prev_value': 286, 'change': 1}
2025-05-09 21:04:30,847 : EventManager : Event: ======'machine_var_audits_switches_s_hyperspacekicker'====== Args={'value': 288, 'prev_value': 287, 'change': 1}
2025-05-09 21:04:31,259 : EventManager : Event: ======'machine_var_audits_switches_s_hyperspacekicker'====== Args={'value': 289, 'prev_value': 288, 'change': 1}
2025-05-09 21:04:31,878 : EventManager : Event: ======'machine_var_audits_switches_s_hyperspacekicker'====== Args={'value': 290, 'prev_value': 289, 'change': 1}
2025-05-09 21:05:04,779 : EventManager : Event: ======'machine_var_audits_switches_s_hyperspacekicker'====== Args={'value': 291, 'prev_value': 290, 'change': 1}
2025-05-09 21:05:05,047 : EventManager : Event: ======'machine_var_audits_switches_s_hyperspacekicker'====== Args={'value': 292, 'prev_value': 291, 'change': 1}
2025-05-09 21:05:05,161 : EventManager : Event: ======'machine_var_audits_switches_s_hyperspacekicker'====== Args={'value': 293, 'prev_value': 292, 'change': 1}
2025-05-09 21:05:09,217 : EventManager : Event: ======'machine_var_audits_switches_s_hyperspacekicker'====== Args={'value': 294, 'prev_value': 293, 'change': 1}
2025-05-09 21:05:10,234 : EventManager : Event: ======'machine_var_audits_switches_s_hyperspacekicker'====== Args={'value': 295, 'prev_value': 294, 'change': 1}
2025-05-09 21:05:10,363 : EventManager : Event: ======'machine_var_audits_switches_s_hyperspacekicker'====== Args={'value': 296, 'prev_value': 295, 'change': 1}
2025-05-09 21:05:12,270 : EventManager : Event: ======'machine_var_audits_switches_s_hyperspacekicker'====== Args={'value': 297, 'prev_value': 296, 'change': 1}
2025-05-09 21:06:33,487 : EventManager : Event: ======'machine_var_audits_switches_s_hyperspacekicker'====== Args={'value': 298, 'prev_value': 297, 'change': 1}
2025-05-09 21:06:33,525 : EventManager : Event: ======'machine_var_audits_switches_s_hyperspacekicker'====== Args={'value': 299, 'prev_value': 298, 'change': 1}
2025-05-09 21:06:34,013 : EventManager : Event: ======'machine_var_audits_switches_s_hyperspacekicker'====== Args={'value': 300, 'prev_value': 299, 'change': 1}
2025-05-09 21:06:36,916 : EventManager : Event: ======'machine_var_audits_switches_s_hyperspacekicker'====== Args={'value': 301, 'prev_value': 300, 'change': 1}
2025-05-09 21:06:36,929 : EventManager : Event: ======'machine_var_audits_switches_s_hyperspacekicker'====== Args={'value': 302, 'prev_value': 301, 'change': 1}
2025-05-09 21:06:37,780 : EventManager : Event: ======'machine_var_audits_switches_s_hyperspacekicker'====== Args={'value': 303, 'prev_value': 302, 'change': 1}
2025-05-09 21:06:38,386 : EventManager : Event: ======'machine_var_audits_switches_s_hyperspacekicker'====== Args={'value': 304, 'prev_value': 303, 'change': 1}
2025-05-09 21:06:38,399 : EventManager : Event: ======'machine_var_audits_switches_s_hyperspacekicker'====== Args={'value': 305, 'prev_value': 304, 'change': 1}
2025-05-09 21:06:39,110 : EventManager : Event: ======'machine_var_audits_switches_s_hyperspacekicker'====== Args={'value': 306, 'prev_value': 305, 'change': 1}
2025-05-09 21:06:40,583 : EventManager : Event: ======'machine_var_audits_switches_s_hyperspacekicker'====== Args={'value': 307, 'prev_value': 306, 'change': 1}
2025-05-09 21:06:41,059 : EventManager : Event: ======'machine_var_audits_switches_s_hyperspacekicker'====== Args={'value': 308, 'prev_value': 307, 'change': 1}
2025-05-09 21:06:41,737 : EventManager : Event: ======'machine_var_audits_switches_s_hyperspacekicker'====== Args={'value': 309, 'prev_value': 308, 'change': 1}
2025-05-09 21:06:43,753 : EventManager : Event: ======'machine_var_audits_switches_s_hyperspacekicker'====== Args={'value': 310, 'prev_value': 309, 'change': 1}
2025-05-09 21:06:44,219 : EventManager : Event: ======'machine_var_audits_switches_s_hyperspacekicker'====== Args={'value': 311, 'prev_value': 310, 'change': 1}
2025-05-09 21:07:03,139 : EventManager : Event: ======'machine_var_audits_switches_s_hyperspacekicker'====== Args={'value': 312, 'prev_value': 311, 'change': 1}
2025-05-09 21:07:03,151 : EventManager : Event: ======'machine_var_audits_switches_s_hyperspacekicker'====== Args={'value': 313, 'prev_value': 312, 'change': 1}
2025-05-09 21:07:04,221 : EventManager : Event: ======'machine_var_audits_switches_s_hyperspacekicker'====== Args={'value': 314, 'prev_value': 313, 'change': 1}
2025-05-09 21:07:04,259 : EventManager : Event: ======'machine_var_audits_switches_s_hyperspacekicker'====== Args={'value': 315, 'prev_value': 314, 'change': 1}
2025-05-09 21:07:04,775 : EventManager : Event: ======'machine_var_audits_switches_s_hyperspacekicker'====== Args={'value': 316, 'prev_value': 315, 'change': 1}
2025-05-09 21:07:04,801 : EventManager : Event: ======'machine_var_audits_switches_s_hyperspacekicker'====== Args={'value': 317, 'prev_value': 316, 'change': 1}
2025-05-09 21:07:05,202 : EventManager : Event: ======'machine_var_audits_switches_s_hyperspacekicker'====== Args={'value': 318, 'prev_value': 317, 'change': 1}
2025-05-09 21:07:05,821 : EventManager : Event: ======'machine_var_audits_switches_s_hyperspacekicker'====== Args={'value': 319, 'prev_value': 318, 'change': 1}
2025-05-09 21:07:06,711 : EventManager : Event: ======'machine_var_audits_switches_s_hyperspacekicker'====== Args={'value': 320, 'prev_value': 319, 'change': 1}
2025-05-09 21:07:06,750 : EventManager : Event: ======'machine_var_audits_switches_s_hyperspacekicker'====== Args={'value': 321, 'prev_value': 320, 'change': 1}
2025-05-09 21:07:10,050 : EventManager : Event: ======'machine_var_audits_switches_s_hyperspacekicker'====== Args={'value': 322, 'prev_value': 321, 'change': 1}
2025-05-09 21:07:11,210 : EventManager : Event: ======'machine_var_audits_switches_s_hyperspacekicker'====== Args={'value': 323, 'prev_value': 322, 'change': 1}
2025-05-09 21:07:11,752 : EventManager : Event: ======'machine_var_audits_switches_s_hyperspacekicker'====== Args={'value': 324, 'prev_value': 323, 'change': 1}
2025-05-09 21:07:12,281 : EventManager : Event: ======'machine_var_audits_switches_s_hyperspacekicker'====== Args={'value': 325, 'prev_value': 324, 'change': 1}
2025-05-09 21:07:12,320 : EventManager : Event: ======'machine_var_audits_switches_s_hyperspacekicker'====== Args={'value': 326, 'prev_value': 325, 'change': 1}
2025-05-09 21:07:12,901 : EventManager : Event: ======'machine_var_audits_switches_s_hyperspacekicker'====== Args={'value': 327, 'prev_value': 326, 'change': 1}
2025-05-09 21:07:16,015 : EventManager : Event: ======'machine_var_audits_switches_s_hyperspacekicker'====== Args={'value': 328, 'prev_value': 327, 'change': 1}
2025-05-09 21:07:20,557 : EventManager : Event: ======'machine_var_audits_switches_s_hyperspacekicker'====== Args={'value': 329, 'prev_value': 328, 'change': 1}
2025-05-09 21:07:20,633 : EventManager : Event: ======'machine_var_audits_switches_s_hyperspacekicker'====== Args={'value': 330, 'prev_value': 329, 'change': 1}
2025-05-09 21:07:21,084 : EventManager : Event: ======'machine_var_audits_switches_s_hyperspacekicker'====== Args={'value': 331, 'prev_value': 330, 'change': 1}
2025-05-09 21:07:21,936 : EventManager : Event: ======'machine_var_audits_switches_s_hyperspacekicker'====== Args={'value': 332, 'prev_value': 331, 'change': 1}
2025-05-09 21:07:21,975 : EventManager : Event: ======'machine_var_audits_switches_s_hyperspacekicker'====== Args={'value': 333, 'prev_value': 332, 'change': 1}
2025-05-09 21:07:24,543 : EventManager : Event: ======'machine_var_audits_switches_s_hyperspacekicker'====== Args={'value': 334, 'prev_value': 333, 'change': 1}
2025-05-09 21:07:24,581 : EventManager : Event: ======'machine_var_audits_switches_s_hyperspacekicker'====== Args={'value': 335, 'prev_value': 334, 'change': 1}
2025-05-09 21:07:25,097 : EventManager : Event: ======'machine_var_audits_switches_s_hyperspacekicker'====== Args={'value': 336, 'prev_value': 335, 'change': 1}
2025-05-09 21:07:25,571 : EventManager : Event: ======'machine_var_audits_switches_s_hyperspacekicker'====== Args={'value': 337, 'prev_value': 336, 'change': 1}
2025-05-09 21:07:25,945 : EventManager : Event: ======'machine_var_audits_switches_s_hyperspacekicker'====== Args={'value': 338, 'prev_value': 337, 'change': 1}
2025-05-09 21:07:27,261 : EventManager : Event: ======'machine_var_audits_switches_s_hyperspacekicker'====== Args={'value': 339, 'prev_value': 338, 'change': 1}
2025-05-09 21:07:27,686 : EventManager : Event: ======'machine_var_audits_switches_s_hyperspacekicker'====== Args={'value': 340, 'prev_value': 339, 'change': 1}
2025-05-09 21:07:29,179 : EventManager : Event: ======'machine_var_audits_switches_s_hyperspacekicker'====== Args={'value': 341, 'prev_value': 340, 'change': 1}
2025-05-09 21:07:29,784 : EventManager : Event: ======'machine_var_audits_switches_s_hyperspacekicker'====== Args={'value': 342, 'prev_value': 341, 'change': 1}
2025-05-09 21:07:30,235 : EventManager : Event: ======'machine_var_audits_switches_s_hyperspacekicker'====== Args={'value': 343, 'prev_value': 342, 'change': 1}
2025-05-09 21:07:30,740 : EventManager : Event: ======'machine_var_audits_switches_s_hyperspacekicker'====== Args={'value': 344, 'prev_value': 343, 'change': 1}
2025-05-09 21:07:30,764 : EventManager : Event: ======'machine_var_audits_switches_s_hyperspacekicker'====== Args={'value': 345, 'prev_value': 344, 'change': 1}
2025-05-09 21:07:31,163 : EventManager : Event: ======'machine_var_audits_switches_s_hyperspacekicker'====== Args={'value': 346, 'prev_value': 345, 'change': 1}
2025-05-09 21:07:32,766 : EventManager : Event: ======'machine_var_audits_switches_s_hyperspacekicker'====== Args={'value': 347, 'prev_value': 346, 'change': 1}
2025-05-09 21:07:33,244 : EventManager : Event: ======'machine_var_audits_switches_s_hyperspacekicker'====== Args={'value': 348, 'prev_value': 347, 'change': 1}
2025-05-09 21:07:33,772 : EventManager : Event: ======'machine_var_audits_switches_s_hyperspacekicker'====== Args={'value': 349, 'prev_value': 348, 'change': 1}
2025-05-09 21:07:34,840 : EventManager : Event: ======'machine_var_audits_switches_s_hyperspacekicker'====== Args={'value': 350, 'prev_value': 349, 'change': 1}
2025-05-09 21:08:06,784 : kivy : Base: Leaving application in progress...
2025-05-09 21:08:06,789 : mpfmc : Stopping...
2025-05-09 21:08:06,789 : EventManager : Event: ======'shutdown'====== Args={}
2025-05-09 21:08:06,789 : AudioInterface : Disabling audio playback
2025-05-09 21:08:06,904 : MPF-MC BCP Server : Stopping BCP sending thread
2025-05-09 21:08:06,905 : mpfmc : Loop rate 77.51 Hz
