2025-01-16 21:13:07,888 : kivy : deps: Successfully imported "kivy_deps.gstreamer" 0.3.3
2025-01-16 21:13:07,888 : kivy : deps: Successfully imported "kivy_deps.angle" 0.3.3
2025-01-16 21:13:07,888 : kivy : deps: Successfully imported "kivy_deps.glew" 0.3.1
2025-01-16 21:13:07,888 : kivy : deps: Successfully imported "kivy_deps.sdl2" 0.6.0
2025-01-16 21:13:07,888 : kivy : Kivy: v2.2.1
2025-01-16 21:13:07,888 : kivy : Kivy: Installed at "C:\Users\student\mpfenv3\Lib\site-packages\kivy\__init__.py"
2025-01-16 21:13:07,888 : kivy : Python: v3.11.8 (tags/v3.11.8:db85d51, Feb  6 2024, 22:03:32) [MSC v.1937 64 bit (AMD64)]
2025-01-16 21:13:07,888 : kivy : Python: Interpreter at "C:\Users\student\mpfenv3\Scripts\python.exe"
2025-01-16 21:13:07,904 : kivy : Factory: 190 symbols loaded
2025-01-16 21:13:08,041 : kivy : ImageLoaderFFPy: Using ffpyplayer 4.5.1
2025-01-16 21:13:08,041 : kivy : Image: Providers: img_tex, img_dds, img_sdl2, img_pil, img_ffpyplayer 
2025-01-16 21:13:08,656 : kivy : VideoGstplayer: Using Gstreamer 1.18.5.0
2025-01-16 21:13:08,656 : kivy : Video: Provider: gstplayer
2025-01-16 21:13:08,687 : root : Loading MPF-MC controller
2025-01-16 21:13:08,730 : ConfigProcessor : Config spec file cache created: C:\Users\student\AppData\Local\Temp\config_spec.mpf_cache
2025-01-16 21:13:08,730 : YamlMultifileConfigLoader : Machine config file #1: config
2025-01-16 21:13:08,730 : ConfigProcessor : Loading config from file C:\Users\student\mpfenv3\Lib\site-packages\mpfmc\mcconfig.yaml.
2025-01-16 21:13:08,736 : ConfigProcessor : Loading config: C:\Users\student\mpfenv3\Lib\site-packages\mpfmc\mcconfig.yaml
2025-01-16 21:13:08,736 : ConfigProcessor : Loading config from file C:\Users\student\pinball\cobraPinTest1\config\config.
2025-01-16 21:13:08,740 : ConfigProcessor : Loading config: C:\Users\student\pinball\cobraPinTest1\config\config
2025-01-16 21:13:08,741 : ConfigProcessor : Config file cache created: C:\Users\student\AppData\Local\Temp\d597e459fa663d00d6faab779112d1ee.mpf_cache
2025-01-16 21:13:08,742 : ConfigProcessor : Loading config from file C:\Users\student\mpfenv3\Lib\site-packages\mpf\modes\attract\config\attract.yaml.
2025-01-16 21:13:08,742 : ConfigProcessor : Loading config: C:\Users\student\mpfenv3\Lib\site-packages\mpf\modes\attract\config\attract.yaml
2025-01-16 21:13:08,742 : ConfigProcessor : Loading config from file C:\Users\student\pinball\cobraPinTest1\modes\attract\config\attract.yaml.
2025-01-16 21:13:08,743 : ConfigProcessor : Loading config: C:\Users\student\pinball\cobraPinTest1\modes\attract\config\attract.yaml
2025-01-16 21:13:08,743 : ConfigProcessor : Config file cache created: C:\Users\student\AppData\Local\Temp\0196918bccd620e51d3c4d2630650aa0.mpf_cache
2025-01-16 21:13:08,743 : ConfigProcessor : Loading config from file C:\Users\student\mpfenv3\Lib\site-packages\mpf\modes\game\config\game.yaml.
2025-01-16 21:13:08,744 : ConfigProcessor : Loading config: C:\Users\student\mpfenv3\Lib\site-packages\mpf\modes\game\config\game.yaml
2025-01-16 21:13:08,745 : ConfigProcessor : Config file cache created: C:\Users\student\AppData\Local\Temp\511dcc6b491b0fa2d7aa9abdf6497e9c.mpf_cache
2025-01-16 21:13:08,746 : ConfigProcessor : Loading config from file C:\Users\student\pinball\cobraPinTest1\modes\base\config\base.yaml.
2025-01-16 21:13:08,747 : ConfigProcessor : Loading config: C:\Users\student\pinball\cobraPinTest1\modes\base\config\base.yaml
2025-01-16 21:13:08,748 : ConfigProcessor : Config file cache created: C:\Users\student\AppData\Local\Temp\4675a535c8328a9c278c807d999ed109.mpf_cache
2025-01-16 21:13:08,749 : ConfigProcessor : Loading config from file C:\Users\student\pinball\cobraPinTest1\modes\reentry\config\reentry.yaml.
2025-01-16 21:13:08,751 : ConfigProcessor : Loading config: C:\Users\student\pinball\cobraPinTest1\modes\reentry\config\reentry.yaml
2025-01-16 21:13:08,752 : ConfigProcessor : Config file cache created: C:\Users\student\AppData\Local\Temp\0c8438cab3480347c0c749fa494946a2.mpf_cache
2025-01-16 21:13:08,752 : ConfigProcessor : Loading config from file C:\Users\student\pinball\cobraPinTest1\modes\lowerlanes\config\lowerlanes.yaml.
2025-01-16 21:13:08,754 : ConfigProcessor : Loading config: C:\Users\student\pinball\cobraPinTest1\modes\lowerlanes\config\lowerlanes.yaml
2025-01-16 21:13:08,754 : ConfigProcessor : Config file cache created: C:\Users\student\AppData\Local\Temp\5052615755bdf1309b248cf8695ad4ff.mpf_cache
2025-01-16 21:13:08,755 : mpfmc : Mission Pinball Framework Media Controller (MPF-MC) v0.57.1. Requires MPF v0.57.0 or newer.
2025-01-16 21:13:08,755 : mpfmc : Found MPF v0.57.3
2025-01-16 21:13:08,755 : mpfmc : Machine path: C:\Users\student\pinball\cobraPinTest1
2025-01-16 21:13:08,755 : mpfmc : Starting clock at 60.0Hz
2025-01-16 21:13:08,770 : kivy : Text: Provider: sdl2
2025-01-16 21:13:08,819 : kivy : Window: Provider: sdl2
2025-01-16 21:13:09,195 : kivy : GL: Using the "OpenGL" graphics system
2025-01-16 21:13:09,197 : kivy : GL: GLEW initialization succeeded
2025-01-16 21:13:09,197 : kivy : GL: Backend used <glew>
2025-01-16 21:13:09,198 : kivy : GL: OpenGL version <b'4.6.13543 Compatibility Profile Context 25.20.15006.9'>
2025-01-16 21:13:09,198 : kivy : GL: OpenGL vendor <b'ATI Technologies Inc.'>
2025-01-16 21:13:09,198 : kivy : GL: OpenGL renderer <b'Radeon RX Vega M GL Graphics'>
2025-01-16 21:13:09,198 : kivy : GL: OpenGL parsed version: 4, 6
2025-01-16 21:13:09,198 : kivy : GL: Shading version <b'4.60'>
2025-01-16 21:13:09,198 : kivy : GL: Texture max size <16384>
2025-01-16 21:13:09,198 : kivy : GL: Texture max units <32>
2025-01-16 21:13:09,214 : kivy : Window: auto add sdl2 input provider
2025-01-16 21:13:09,215 : kivy : Window: virtual keyboard not allowed, single mode, not docked
2025-01-16 21:13:09,568 : AudioInterface : Initialized
2025-01-16 21:13:09,568 : AudioInterface : Loaded SDL 2.26.4
2025-01-16 21:13:09,568 : AudioInterface : Loaded SDL_Mixer 2.6.3
2025-01-16 21:13:09,568 : AudioInterface : Loaded GStreamer 1.18.5.0
2025-01-16 21:13:09,568 : AudioInterface : Loaded GLib 2.62.6
2025-01-16 21:13:09,568 : AudioInterface : Settings requested - rate: 44100, channels: 1, buffer: 2048 samples
2025-01-16 21:13:09,568 : AudioInterface : Settings in use - rate: 44100, channels: 1, buffer: 2048 samples (4096 bytes @ 2 bytes per sample)
2025-01-16 21:13:09,568 : SoundSystem : Setting master volume to 0.0
2025-01-16 21:13:09,568 : AudioInterface : Enabling audio playback
2025-01-16 21:13:09,570 : kivy : Base: Start application main loop
2025-01-16 21:13:09,570 : EventManager : Event: ======'display_window_initialized'====== Args={}
2025-01-16 21:13:09,587 : mpfmc : Display: Setting 'window' as default display
2025-01-16 21:13:09,592 : EventManager : Event: ======'displays_initialized'====== Args={}
2025-01-16 21:13:09,593 : EventManager : Event: ======'slide_window_blank_created'====== Args={}
2025-01-16 21:13:09,593 : EventManager : Event: ======'display_window_ready'====== Args={}
2025-01-16 21:13:09,603 : EventManager : Event: ======'init_phase_1'====== Args={}
2025-01-16 21:13:09,606 : EventManager : Event: ======'mc_ready'====== Args={}
2025-01-16 21:13:09,607 : EventManager : Event: ======'init_phase_2'====== Args={}
2025-01-16 21:13:09,609 : EventManager : Event: ======'init_phase_3'====== Args={}
2025-01-16 21:13:09,610 : EventManager : Event: ======'init_phase_4'====== Args={}
2025-01-16 21:13:09,610 : EventManager : Event: ======'init_phase_5'====== Args={}
2025-01-16 21:13:09,610 : EventManager : Event: ======'init_done'====== Args={}
2025-01-16 21:13:09,611 : MPF-MC BCP Server : Starting up on localhost port 5050
2025-01-16 21:13:09,614 : MPF-MC BCP Server : Waiting for a connection...
2025-01-16 21:13:09,618 : kivy : GL: NPOT texture support is available
2025-01-16 21:13:09,619 : EventManager : Event: ======'slide_welcome_slide_created'====== Args={}
2025-01-16 21:13:09,620 : EventManager : Event: ======'slide_welcome_slide_active'====== Args={}
2025-01-16 21:13:09,632 : EventManager : Event: ======'client_disconnected'====== Args={'host': '127.0.0.1', 'port': 5050}
2025-01-16 21:13:10,925 : MPF-MC BCP Server : Received connection from: 127.0.0.1:58988
2025-01-16 21:13:10,935 : EventManager : Event: ======'client_connected'====== Args={'host': '127.0.0.1', 'port': 58988}
2025-01-16 21:13:11,114 : EventManager : Event: ======'machine_var_credits_string'====== Args={'value': 'FREE PLAY', 'prev_value': None, 'change': True}
2025-01-16 21:13:11,114 : EventManager : Event: ======'machine_var_master_volume'====== Args={'value': 0.5, 'prev_value': None, 'change': True}
2025-01-16 21:13:11,114 : EventManager : Event: ======'machine_var_player1_score'====== Args={'value': 1500, 'prev_value': None, 'change': True}
2025-01-16 21:13:11,114 : EventManager : Event: ======'machine_var_mpf_version'====== Args={'value': 'Mission Pinball Framework v0.57.3', 'prev_value': None, 'change': True}
2025-01-16 21:13:11,114 : EventManager : Event: ======'machine_var_mpf_extended_version'====== Args={'value': 'Mission Pinball Framework v0.57.3, Config version:6, Show version: 6, BCP version:1.1', 'prev_value': None, 'change': True}
2025-01-16 21:13:11,114 : EventManager : Event: ======'machine_var_python_version'====== Args={'value': '3.11.8', 'prev_value': None, 'change': True}
2025-01-16 21:13:11,114 : EventManager : Event: ======'machine_var_platform'====== Args={'value': 'Windows-10-10.0.19045-SP0', 'prev_value': None, 'change': True}
2025-01-16 21:13:11,114 : EventManager : Event: ======'machine_var_platform_system'====== Args={'value': 'Windows', 'prev_value': None, 'change': True}
2025-01-16 21:13:11,114 : EventManager : Event: ======'machine_var_platform_release'====== Args={'value': '10', 'prev_value': None, 'change': True}
2025-01-16 21:13:11,114 : EventManager : Event: ======'machine_var_platform_version'====== Args={'value': '10.0.19045', 'prev_value': None, 'change': True}
2025-01-16 21:13:11,114 : EventManager : Event: ======'machine_var_platform_machine'====== Args={'value': 'AMD64', 'prev_value': None, 'change': True}
2025-01-16 21:13:11,114 : EventManager : Event: ======'machine_var_mc_version'====== Args={'value': 'MPF-MC v0.57.1', 'prev_value': None, 'change': True}
2025-01-16 21:13:11,114 : EventManager : Event: ======'machine_var_mc_extended_version'====== Args={'value': 'MPF-MC v0.57.1 (config_version=6, BCP v1.1,                      Requires MPF API compatibility v0.57.0 or newer)', 'prev_value': None, 'change': True}
2025-01-16 21:13:11,114 : EventManager : Event: ======'machine_var_credits_string'====== Args={'value': 'FREE PLAY', 'prev_value': None, 'change': True}
2025-01-16 21:13:11,115 : EventManager : Event: ======'machine_var_master_volume'====== Args={'value': 0.5, 'prev_value': None, 'change': True}
2025-01-16 21:13:11,115 : EventManager : Event: ======'machine_var_player1_score'====== Args={'value': 1500, 'prev_value': None, 'change': True}
2025-01-16 21:13:11,115 : EventManager : Event: ======'machine_var_mpf_version'====== Args={'value': 'Mission Pinball Framework v0.57.3', 'prev_value': None, 'change': True}
2025-01-16 21:13:11,115 : EventManager : Event: ======'machine_var_mpf_extended_version'====== Args={'value': 'Mission Pinball Framework v0.57.3, Config version:6, Show version: 6, BCP version:1.1', 'prev_value': None, 'change': True}
2025-01-16 21:13:11,115 : EventManager : Event: ======'machine_var_python_version'====== Args={'value': '3.11.8', 'prev_value': None, 'change': True}
2025-01-16 21:13:11,115 : EventManager : Event: ======'machine_var_platform'====== Args={'value': 'Windows-10-10.0.19045-SP0', 'prev_value': None, 'change': True}
2025-01-16 21:13:11,115 : EventManager : Event: ======'machine_var_platform_system'====== Args={'value': 'Windows', 'prev_value': None, 'change': True}
2025-01-16 21:13:11,115 : EventManager : Event: ======'machine_var_platform_release'====== Args={'value': '10', 'prev_value': None, 'change': True}
2025-01-16 21:13:11,115 : EventManager : Event: ======'machine_var_platform_version'====== Args={'value': '10.0.19045', 'prev_value': None, 'change': True}
2025-01-16 21:13:11,115 : EventManager : Event: ======'machine_var_platform_machine'====== Args={'value': 'AMD64', 'prev_value': None, 'change': True}
2025-01-16 21:13:11,115 : EventManager : Event: ======'machine_var_mc_version'====== Args={'value': 'MPF-MC v0.57.1', 'prev_value': None, 'change': True}
2025-01-16 21:13:11,115 : EventManager : Event: ======'machine_var_mc_extended_version'====== Args={'value': 'MPF-MC v0.57.1 (config_version=6, BCP v1.1,                      Requires MPF API compatibility v0.57.0 or newer)', 'prev_value': None, 'change': True}
2025-01-16 21:13:11,115 : EventManager : Event: ======'machine_var_credits_string'====== Args={'value': 'FREE PLAY', 'prev_value': None, 'change': True}
2025-01-16 21:13:11,115 : EventManager : Event: ======'machine_var_master_volume'====== Args={'value': 0.5, 'prev_value': None, 'change': True}
2025-01-16 21:13:11,115 : EventManager : Event: ======'machine_var_player1_score'====== Args={'value': 1500, 'prev_value': None, 'change': True}
2025-01-16 21:13:11,115 : EventManager : Event: ======'machine_var_mpf_version'====== Args={'value': 'Mission Pinball Framework v0.57.3', 'prev_value': None, 'change': True}
2025-01-16 21:13:11,115 : EventManager : Event: ======'machine_var_mpf_extended_version'====== Args={'value': 'Mission Pinball Framework v0.57.3, Config version:6, Show version: 6, BCP version:1.1', 'prev_value': None, 'change': True}
2025-01-16 21:13:11,115 : EventManager : Event: ======'machine_var_python_version'====== Args={'value': '3.11.8', 'prev_value': None, 'change': True}
2025-01-16 21:13:11,115 : EventManager : Event: ======'machine_var_platform'====== Args={'value': 'Windows-10-10.0.19045-SP0', 'prev_value': None, 'change': True}
2025-01-16 21:13:11,116 : EventManager : Event: ======'machine_var_platform_system'====== Args={'value': 'Windows', 'prev_value': None, 'change': True}
2025-01-16 21:13:11,116 : EventManager : Event: ======'machine_var_platform_release'====== Args={'value': '10', 'prev_value': None, 'change': True}
2025-01-16 21:13:11,116 : EventManager : Event: ======'machine_var_platform_version'====== Args={'value': '10.0.19045', 'prev_value': None, 'change': True}
2025-01-16 21:13:11,116 : EventManager : Event: ======'machine_var_platform_machine'====== Args={'value': 'AMD64', 'prev_value': None, 'change': True}
2025-01-16 21:13:11,116 : EventManager : Event: ======'machine_var_mc_version'====== Args={'value': 'MPF-MC v0.57.1', 'prev_value': None, 'change': True}
2025-01-16 21:13:11,116 : EventManager : Event: ======'machine_var_mc_extended_version'====== Args={'value': 'MPF-MC v0.57.1 (config_version=6, BCP v1.1,                      Requires MPF API compatibility v0.57.0 or newer)', 'prev_value': None, 'change': True}
2025-01-16 21:13:11,116 : EventManager : Event: ======'machine_var_credits_string'====== Args={'value': 'FREE PLAY', 'prev_value': None, 'change': True}
2025-01-16 21:13:11,116 : EventManager : Event: ======'machine_var_master_volume'====== Args={'value': 0.5, 'prev_value': None, 'change': True}
2025-01-16 21:13:11,116 : EventManager : Event: ======'machine_var_player1_score'====== Args={'value': 1500, 'prev_value': None, 'change': True}
2025-01-16 21:13:11,116 : EventManager : Event: ======'machine_var_mpf_version'====== Args={'value': 'Mission Pinball Framework v0.57.3', 'prev_value': None, 'change': True}
2025-01-16 21:13:11,116 : EventManager : Event: ======'machine_var_mpf_extended_version'====== Args={'value': 'Mission Pinball Framework v0.57.3, Config version:6, Show version: 6, BCP version:1.1', 'prev_value': None, 'change': True}
2025-01-16 21:13:11,116 : EventManager : Event: ======'machine_var_python_version'====== Args={'value': '3.11.8', 'prev_value': None, 'change': True}
2025-01-16 21:13:11,116 : EventManager : Event: ======'machine_var_platform'====== Args={'value': 'Windows-10-10.0.19045-SP0', 'prev_value': None, 'change': True}
2025-01-16 21:13:11,117 : EventManager : Event: ======'machine_var_platform_system'====== Args={'value': 'Windows', 'prev_value': None, 'change': True}
2025-01-16 21:13:11,117 : EventManager : Event: ======'machine_var_platform_release'====== Args={'value': '10', 'prev_value': None, 'change': True}
2025-01-16 21:13:11,117 : EventManager : Event: ======'machine_var_platform_version'====== Args={'value': '10.0.19045', 'prev_value': None, 'change': True}
2025-01-16 21:13:11,117 : EventManager : Event: ======'machine_var_platform_machine'====== Args={'value': 'AMD64', 'prev_value': None, 'change': True}
2025-01-16 21:13:11,117 : EventManager : Event: ======'machine_var_mc_version'====== Args={'value': 'MPF-MC v0.57.1', 'prev_value': None, 'change': True}
2025-01-16 21:13:11,117 : EventManager : Event: ======'machine_var_mc_extended_version'====== Args={'value': 'MPF-MC v0.57.1 (config_version=6, BCP v1.1,                      Requires MPF API compatibility v0.57.0 or newer)', 'prev_value': None, 'change': True}
2025-01-16 21:13:11,117 : SoundSystem : Setting master volume to 0.5
2025-01-16 21:13:11,117 : SoundSystem : Setting master volume to 0.5
2025-01-16 21:13:11,117 : SoundSystem : Setting master volume to 0.5
2025-01-16 21:13:11,117 : SoundSystem : Setting master volume to 0.5
2025-01-16 21:13:12,053 : EventManager : Event: ======'machine_var_audits_events_game_ended'====== Args={'value': 0, 'prev_value': None, 'change': True}
2025-01-16 21:13:12,053 : EventManager : Event: ======'machine_var_audits_events_game_started'====== Args={'value': 29, 'prev_value': None, 'change': True}
2025-01-16 21:13:12,053 : EventManager : Event: ======'machine_var_audits_missing_switches_s_bonus_lane'====== Args={'value': 3, 'prev_value': None, 'change': True}
2025-01-16 21:13:12,053 : EventManager : Event: ======'machine_var_audits_missing_switches_s_left_attack_bumper'====== Args={'value': 2, 'prev_value': None, 'change': True}
2025-01-16 21:13:12,053 : EventManager : Event: ======'machine_var_audits_missing_switches_s_left_out_lane'====== Args={'value': 3, 'prev_value': None, 'change': True}
2025-01-16 21:13:12,053 : EventManager : Event: ======'machine_var_audits_missing_switches_s_left_return_lane'====== Args={'value': 3, 'prev_value': None, 'change': True}
2025-01-16 21:13:12,053 : EventManager : Event: ======'machine_var_audits_missing_switches_s_lower_attack_bumper'====== Args={'value': 4, 'prev_value': None, 'change': True}
2025-01-16 21:13:12,053 : EventManager : Event: ======'machine_var_audits_missing_switches_s_lower_left_slingshot'====== Args={'value': 3, 'prev_value': None, 'change': True}
2025-01-16 21:13:12,053 : EventManager : Event: ======'machine_var_audits_missing_switches_s_lower_right_slingshot'====== Args={'value': 3, 'prev_value': None, 'change': True}
2025-01-16 21:13:12,053 : EventManager : Event: ======'machine_var_audits_missing_switches_s_plunger'====== Args={'value': 27, 'prev_value': None, 'change': True}
2025-01-16 21:13:12,053 : EventManager : Event: ======'machine_var_audits_missing_switches_s_reentry_left'====== Args={'value': 12, 'prev_value': None, 'change': True}
2025-01-16 21:13:12,053 : EventManager : Event: ======'machine_var_audits_missing_switches_s_reentry_middle'====== Args={'value': 12, 'prev_value': None, 'change': True}
2025-01-16 21:13:12,054 : EventManager : Event: ======'machine_var_audits_missing_switches_s_reentry_right'====== Args={'value': 6, 'prev_value': None, 'change': True}
2025-01-16 21:13:12,054 : EventManager : Event: ======'machine_var_audits_missing_switches_s_right_out_lane'====== Args={'value': 3, 'prev_value': None, 'change': True}
2025-01-16 21:13:12,054 : EventManager : Event: ======'machine_var_audits_missing_switches_s_right_return_lane'====== Args={'value': 3, 'prev_value': None, 'change': True}
2025-01-16 21:13:12,054 : EventManager : Event: ======'machine_var_audits_missing_switches_s_spacewarp_rollover'====== Args={'value': 11, 'prev_value': None, 'change': True}
2025-01-16 21:13:12,054 : EventManager : Event: ======'machine_var_audits_missing_switches_s_start'====== Args={'value': 28, 'prev_value': None, 'change': True}
2025-01-16 21:13:12,054 : EventManager : Event: ======'machine_var_audits_missing_switches_s_trough1'====== Args={'value': 28, 'prev_value': None, 'change': True}
2025-01-16 21:13:12,054 : EventManager : Event: ======'machine_var_audits_missing_switches_s_upper_attack_bumper'====== Args={'value': 4, 'prev_value': None, 'change': True}
2025-01-16 21:13:12,054 : EventManager : Event: ======'machine_var_audits_missing_switches_s_wormhole_target'====== Args={'value': 3, 'prev_value': None, 'change': True}
2025-01-16 21:13:12,054 : EventManager : Event: ======'machine_var_audits_player_score'====== Args={'value': {'average': 1800.0, 'top': [2000, 1900, 1500], 'total': 3}, 'prev_value': None, 'change': True}
2025-01-16 21:13:12,054 : EventManager : Event: ======'machine_var_audits_shots_bonusLane_shot'====== Args={'value': 55, 'prev_value': None, 'change': True}
2025-01-16 21:13:12,054 : EventManager : Event: ======'machine_var_audits_shots_medalL_shot'====== Args={'value': 174, 'prev_value': None, 'change': True}
2025-01-16 21:13:12,054 : EventManager : Event: ======'machine_var_audits_shots_medalM_shot'====== Args={'value': 166, 'prev_value': None, 'change': True}
2025-01-16 21:13:12,054 : EventManager : Event: ======'machine_var_audits_shots_medalR_shot'====== Args={'value': 165, 'prev_value': None, 'change': True}
2025-01-16 21:13:12,054 : EventManager : Event: ======'machine_var_audits_shots_my_first_shot'====== Args={'value': 119, 'prev_value': None, 'change': True}
2025-01-16 21:13:12,055 : EventManager : Event: ======'machine_var_audits_shots_my_first_shot_mode2'====== Args={'value': 72, 'prev_value': None, 'change': True}
2025-01-16 21:13:12,055 : EventManager : Event: ======'machine_var_audits_shots_outLaneL_shot'====== Args={'value': 18, 'prev_value': None, 'change': True}
2025-01-16 21:13:12,055 : EventManager : Event: ======'machine_var_audits_shots_outLaneR_shot'====== Args={'value': 72, 'prev_value': None, 'change': True}
2025-01-16 21:13:12,055 : EventManager : Event: ======'machine_var_audits_shots_reentryL_shot'====== Args={'value': 517, 'prev_value': None, 'change': True}
2025-01-16 21:13:12,055 : EventManager : Event: ======'machine_var_audits_shots_reentryM_shot'====== Args={'value': 476, 'prev_value': None, 'change': True}
2025-01-16 21:13:12,055 : EventManager : Event: ======'machine_var_audits_shots_reentryR_shot'====== Args={'value': 462, 'prev_value': None, 'change': True}
2025-01-16 21:13:12,055 : EventManager : Event: ======'machine_var_audits_shots_reentry_shot'====== Args={'value': 9, 'prev_value': None, 'change': True}
2025-01-16 21:13:12,055 : EventManager : Event: ======'machine_var_audits_shots_returnLaneL_shot'====== Args={'value': 168, 'prev_value': None, 'change': True}
2025-01-16 21:13:12,055 : EventManager : Event: ======'machine_var_audits_shots_returnLaneR_shot'====== Args={'value': 115, 'prev_value': None, 'change': True}
2025-01-16 21:13:12,055 : EventManager : Event: ======'machine_var_audits_shots_spacewarp_rollover_shot'====== Args={'value': 47, 'prev_value': None, 'change': True}
2025-01-16 21:13:12,055 : EventManager : Event: ======'machine_var_audits_shots_top_lane_A'====== Args={'value': 12, 'prev_value': None, 'change': True}
2025-01-16 21:13:12,055 : EventManager : Event: ======'machine_var_audits_shots_top_lane_J'====== Args={'value': 12, 'prev_value': None, 'change': True}
2025-01-16 21:13:12,055 : EventManager : Event: ======'machine_var_audits_shots_top_lane_M'====== Args={'value': 9, 'prev_value': None, 'change': True}
2025-01-16 21:13:12,055 : EventManager : Event: ======'machine_var_audits_switches_s_blackhole_kicker'====== Args={'value': 0, 'prev_value': None, 'change': True}
2025-01-16 21:13:12,055 : EventManager : Event: ======'machine_var_audits_switches_s_bonus_lane'====== Args={'value': 68, 'prev_value': None, 'change': True}
2025-01-16 21:13:12,055 : EventManager : Event: ======'machine_var_audits_switches_s_booster_drop_target_1'====== Args={'value': 0, 'prev_value': None, 'change': True}
2025-01-16 21:13:12,056 : EventManager : Event: ======'machine_var_audits_switches_s_booster_drop_target_2'====== Args={'value': 0, 'prev_value': None, 'change': True}
2025-01-16 21:13:12,056 : EventManager : Event: ======'machine_var_audits_switches_s_booster_drop_target_3'====== Args={'value': 0, 'prev_value': None, 'change': True}
2025-01-16 21:13:12,056 : EventManager : Event: ======'machine_var_audits_switches_s_comet_spot_1'====== Args={'value': 0, 'prev_value': None, 'change': True}
2025-01-16 21:13:12,056 : EventManager : Event: ======'machine_var_audits_switches_s_comet_spot_2'====== Args={'value': 0, 'prev_value': None, 'change': True}
2025-01-16 21:13:12,056 : EventManager : Event: ======'machine_var_audits_switches_s_comet_spot_3'====== Args={'value': 0, 'prev_value': None, 'change': True}
2025-01-16 21:13:12,056 : EventManager : Event: ======'machine_var_audits_switches_s_engine_bumper_1'====== Args={'value': 0, 'prev_value': None, 'change': True}
2025-01-16 21:13:12,056 : EventManager : Event: ======'machine_var_audits_switches_s_engine_bumper_2'====== Args={'value': 0, 'prev_value': None, 'change': True}
2025-01-16 21:13:12,056 : EventManager : Event: ======'machine_var_audits_switches_s_engine_bumper_3'====== Args={'value': 0, 'prev_value': None, 'change': True}
2025-01-16 21:13:12,056 : EventManager : Event: ======'machine_var_audits_switches_s_fuel_chute_1'====== Args={'value': 0, 'prev_value': None, 'change': True}
2025-01-16 21:13:12,056 : EventManager : Event: ======'machine_var_audits_switches_s_fuel_chute_2'====== Args={'value': 0, 'prev_value': None, 'change': True}
2025-01-16 21:13:12,056 : EventManager : Event: ======'machine_var_audits_switches_s_fuel_chute_3'====== Args={'value': 0, 'prev_value': None, 'change': True}
2025-01-16 21:13:12,056 : EventManager : Event: ======'machine_var_audits_switches_s_fuel_chute_4'====== Args={'value': 0, 'prev_value': None, 'change': True}
2025-01-16 21:13:12,056 : EventManager : Event: ======'machine_var_audits_switches_s_fuel_chute_5'====== Args={'value': 0, 'prev_value': None, 'change': True}
2025-01-16 21:13:12,056 : EventManager : Event: ======'machine_var_audits_switches_s_fuel_chute_6'====== Args={'value': 0, 'prev_value': None, 'change': True}
2025-01-16 21:13:12,056 : EventManager : Event: ======'machine_var_audits_switches_s_fuel_flag'====== Args={'value': 0, 'prev_value': None, 'change': True}
2025-01-16 21:13:12,057 : EventManager : Event: ======'machine_var_audits_switches_s_fuel_spot_1'====== Args={'value': 0, 'prev_value': None, 'change': True}
2025-01-16 21:13:12,057 : EventManager : Event: ======'machine_var_audits_switches_s_fuel_spot_2'====== Args={'value': 0, 'prev_value': None, 'change': True}
2025-01-16 21:13:12,057 : EventManager : Event: ======'machine_var_audits_switches_s_fuel_spot_3'====== Args={'value': 0, 'prev_value': None, 'change': True}
2025-01-16 21:13:12,057 : EventManager : Event: ======'machine_var_audits_switches_s_green_wormhole'====== Args={'value': 0, 'prev_value': None, 'change': True}
2025-01-16 21:13:12,057 : EventManager : Event: ======'machine_var_audits_switches_s_hyperspace_flag'====== Args={'value': 0, 'prev_value': None, 'change': True}
2025-01-16 21:13:12,057 : EventManager : Event: ======'machine_var_audits_switches_s_hyperspacekicker'====== Args={'value': 0, 'prev_value': None, 'change': True}
2025-01-16 21:13:12,057 : EventManager : Event: ======'machine_var_audits_switches_s_launch_lane_1'====== Args={'value': 0, 'prev_value': None, 'change': True}
2025-01-16 21:13:12,057 : EventManager : Event: ======'machine_var_audits_switches_s_launch_lane_2'====== Args={'value': 0, 'prev_value': None, 'change': True}
2025-01-16 21:13:12,057 : EventManager : Event: ======'machine_var_audits_switches_s_launch_lane_3'====== Args={'value': 0, 'prev_value': None, 'change': True}
2025-01-16 21:13:12,057 : EventManager : Event: ======'machine_var_audits_switches_s_launch_ramp'====== Args={'value': 0, 'prev_value': None, 'change': True}
2025-01-16 21:13:12,057 : EventManager : Event: ======'machine_var_audits_switches_s_left_attack_bumper'====== Args={'value': 98, 'prev_value': None, 'change': True}
2025-01-16 21:13:12,057 : EventManager : Event: ======'machine_var_audits_switches_s_left_flipper'====== Args={'value': 1572, 'prev_value': None, 'change': True}
2025-01-16 21:13:12,057 : EventManager : Event: ======'machine_var_audits_switches_s_left_out_lane'====== Args={'value': 22, 'prev_value': None, 'change': True}
2025-01-16 21:13:12,057 : EventManager : Event: ======'machine_var_audits_switches_s_left_out_lane_kicker'====== Args={'value': 0, 'prev_value': None, 'change': True}
2025-01-16 21:13:12,057 : EventManager : Event: ======'machine_var_audits_switches_s_left_return_lane'====== Args={'value': 175, 'prev_value': None, 'change': True}
2025-01-16 21:13:12,057 : EventManager : Event: ======'machine_var_audits_switches_s_lower_attack_bumper'====== Args={'value': 38, 'prev_value': None, 'change': True}
2025-01-16 21:13:12,057 : EventManager : Event: ======'machine_var_audits_switches_s_lower_left_rebound'====== Args={'value': 0, 'prev_value': None, 'change': True}
2025-01-16 21:13:12,057 : EventManager : Event: ======'machine_var_audits_switches_s_lower_left_slingshot'====== Args={'value': 168, 'prev_value': None, 'change': True}
2025-01-16 21:13:12,058 : EventManager : Event: ======'machine_var_audits_switches_s_lower_right_rebound'====== Args={'value': 0, 'prev_value': None, 'change': True}
2025-01-16 21:13:12,058 : EventManager : Event: ======'machine_var_audits_switches_s_lower_right_slingshot'====== Args={'value': 174, 'prev_value': None, 'change': True}
2025-01-16 21:13:12,058 : EventManager : Event: ======'machine_var_audits_switches_s_medal_drop_left'====== Args={'value': 188, 'prev_value': None, 'change': True}
2025-01-16 21:13:12,058 : EventManager : Event: ======'machine_var_audits_switches_s_medal_drop_middle'====== Args={'value': 180, 'prev_value': None, 'change': True}
2025-01-16 21:13:12,058 : EventManager : Event: ======'machine_var_audits_switches_s_medal_drop_right'====== Args={'value': 179, 'prev_value': None, 'change': True}
2025-01-16 21:13:12,058 : EventManager : Event: ======'machine_var_audits_switches_s_mission_spot_1'====== Args={'value': 0, 'prev_value': None, 'change': True}
2025-01-16 21:13:12,058 : EventManager : Event: ======'machine_var_audits_switches_s_mission_spot_2'====== Args={'value': 2, 'prev_value': None, 'change': True}
2025-01-16 21:13:12,058 : EventManager : Event: ======'machine_var_audits_switches_s_mission_spot_3'====== Args={'value': 0, 'prev_value': None, 'change': True}
2025-01-16 21:13:12,058 : EventManager : Event: ======'machine_var_audits_switches_s_multiplier_left'====== Args={'value': 0, 'prev_value': None, 'change': True}
2025-01-16 21:13:12,058 : EventManager : Event: ======'machine_var_audits_switches_s_multiplier_middle'====== Args={'value': 0, 'prev_value': None, 'change': True}
2025-01-16 21:13:12,058 : EventManager : Event: ======'machine_var_audits_switches_s_multiplier_right'====== Args={'value': 0, 'prev_value': None, 'change': True}
2025-01-16 21:13:12,058 : EventManager : Event: ======'machine_var_audits_switches_s_plunger'====== Args={'value': 177, 'prev_value': None, 'change': True}
2025-01-16 21:13:12,058 : EventManager : Event: ======'machine_var_audits_switches_s_radiationspot_1'====== Args={'value': 0, 'prev_value': None, 'change': True}
2025-01-16 21:13:12,058 : EventManager : Event: ======'machine_var_audits_switches_s_radiationspot_2'====== Args={'value': 0, 'prev_value': None, 'change': True}
2025-01-16 21:13:12,058 : EventManager : Event: ======'machine_var_audits_switches_s_radiationspot_3'====== Args={'value': 0, 'prev_value': None, 'change': True}
2025-01-16 21:13:12,058 : EventManager : Event: ======'machine_var_audits_switches_s_red_wormhole'====== Args={'value': 0, 'prev_value': None, 'change': True}
2025-01-16 21:13:12,058 : EventManager : Event: ======'machine_var_audits_switches_s_reentry_left'====== Args={'value': 875, 'prev_value': None, 'change': True}
2025-01-16 21:13:12,058 : EventManager : Event: ======'machine_var_audits_switches_s_reentry_middle'====== Args={'value': 550, 'prev_value': None, 'change': True}
2025-01-16 21:13:12,058 : EventManager : Event: ======'machine_var_audits_switches_s_reentry_right'====== Args={'value': 521, 'prev_value': None, 'change': True}
2025-01-16 21:13:12,059 : EventManager : Event: ======'machine_var_audits_switches_s_right_flipper'====== Args={'value': 1887, 'prev_value': None, 'change': True}
2025-01-16 21:13:12,059 : EventManager : Event: ======'machine_var_audits_switches_s_right_inlane'====== Args={'value': 0, 'prev_value': None, 'change': True}
2025-01-16 21:13:12,059 : EventManager : Event: ======'machine_var_audits_switches_s_right_out_lane'====== Args={'value': 98, 'prev_value': None, 'change': True}
2025-01-16 21:13:12,059 : EventManager : Event: ======'machine_var_audits_switches_s_right_out_lane_kicker'====== Args={'value': 0, 'prev_value': None, 'change': True}
2025-01-16 21:13:12,059 : EventManager : Event: ======'machine_var_audits_switches_s_right_return_lane'====== Args={'value': 127, 'prev_value': None, 'change': True}
2025-01-16 21:13:12,059 : EventManager : Event: ======'machine_var_audits_switches_s_satellite_bumper'====== Args={'value': 0, 'prev_value': None, 'change': True}
2025-01-16 21:13:12,059 : EventManager : Event: ======'machine_var_audits_switches_s_secondary_outlane_kicker'====== Args={'value': 0, 'prev_value': None, 'change': True}
2025-01-16 21:13:12,059 : EventManager : Event: ======'machine_var_audits_switches_s_skill_shot_1'====== Args={'value': 0, 'prev_value': None, 'change': True}
2025-01-16 21:13:12,059 : EventManager : Event: ======'machine_var_audits_switches_s_skill_shot_2'====== Args={'value': 0, 'prev_value': None, 'change': True}
2025-01-16 21:13:12,059 : EventManager : Event: ======'machine_var_audits_switches_s_skill_shot_3'====== Args={'value': 0, 'prev_value': None, 'change': True}
2025-01-16 21:13:12,059 : EventManager : Event: ======'machine_var_audits_switches_s_skill_shot_4'====== Args={'value': 0, 'prev_value': None, 'change': True}
2025-01-16 21:13:12,059 : EventManager : Event: ======'machine_var_audits_switches_s_skill_shot_5'====== Args={'value': 0, 'prev_value': None, 'change': True}
2025-01-16 21:13:12,059 : EventManager : Event: ======'machine_var_audits_switches_s_skill_shot_6'====== Args={'value': 0, 'prev_value': None, 'change': True}
2025-01-16 21:13:12,059 : EventManager : Event: ======'machine_var_audits_switches_s_skill_shot_lane'====== Args={'value': 0, 'prev_value': None, 'change': True}
2025-01-16 21:13:12,059 : EventManager : Event: ======'machine_var_audits_switches_s_spacewarp_rollover'====== Args={'value': 48, 'prev_value': None, 'change': True}
2025-01-16 21:13:12,059 : EventManager : Event: ======'machine_var_audits_switches_s_start'====== Args={'value': 7, 'prev_value': None, 'change': True}
2025-01-16 21:13:12,059 : EventManager : Event: ======'machine_var_audits_switches_s_trough1'====== Args={'value': 30, 'prev_value': None, 'change': True}
2025-01-16 21:13:12,059 : EventManager : Event: ======'machine_var_audits_switches_s_trough2'====== Args={'value': 0, 'prev_value': None, 'change': True}
2025-01-16 21:13:12,060 : EventManager : Event: ======'machine_var_audits_switches_s_trough3'====== Args={'value': 0, 'prev_value': None, 'change': True}
2025-01-16 21:13:12,060 : EventManager : Event: ======'machine_var_audits_switches_s_trough4'====== Args={'value': 0, 'prev_value': None, 'change': True}
2025-01-16 21:13:12,060 : EventManager : Event: ======'machine_var_audits_switches_s_trough5'====== Args={'value': 0, 'prev_value': None, 'change': True}
2025-01-16 21:13:12,060 : EventManager : Event: ======'machine_var_audits_switches_s_trough6'====== Args={'value': 0, 'prev_value': None, 'change': True}
2025-01-16 21:13:12,060 : EventManager : Event: ======'machine_var_audits_switches_s_trough_jam'====== Args={'value': 0, 'prev_value': None, 'change': True}
2025-01-16 21:13:12,060 : EventManager : Event: ======'machine_var_audits_switches_s_upper_attack_bumper'====== Args={'value': 38, 'prev_value': None, 'change': True}
2025-01-16 21:13:12,060 : EventManager : Event: ======'machine_var_audits_switches_s_upper_left_rebound'====== Args={'value': 0, 'prev_value': None, 'change': True}
2025-01-16 21:13:12,060 : EventManager : Event: ======'machine_var_audits_switches_s_upper_right_rebound'====== Args={'value': 0, 'prev_value': None, 'change': True}
2025-01-16 21:13:12,060 : EventManager : Event: ======'machine_var_audits_switches_s_wormhole_target'====== Args={'value': 2, 'prev_value': None, 'change': True}
2025-01-16 21:13:12,060 : EventManager : Event: ======'machine_var_audits_switches_s_yellow_wormhole'====== Args={'value': 0, 'prev_value': None, 'change': True}
2025-01-16 21:13:12,060 : EventManager : Event: ======'slides_play'====== Args={'settings': {'welcome_slide': {'target': None, 'background_color': [0.0, 0.0, 0.0, 1.0], 'priority': None, 'show': True, 'force': False, 'expire': None, 'slide': None, 'tokens': {}, 'action': 'play'}}, 'context': '_global', 'calling_context': 'init_done', 'priority': 0}
2025-01-16 21:13:12,060 : EventManager : Event: ======'mc_reset_phase_1'====== Args={}
2025-01-16 21:13:12,060 : EventManager : Event: ======'slide_welcome_slide_removed'====== Args={}
2025-01-16 21:13:12,061 : EventManager : Event: ======'slide_welcome_slide_created'====== Args={}
2025-01-16 21:13:12,061 : EventManager : Event: ======'mc_reset_phase_2'====== Args={}
2025-01-16 21:13:12,061 : EventManager : Event: ======'mc_reset_phase_3'====== Args={}
2025-01-16 21:13:12,061 : EventManager : Event: ======'mc_reset_complete'====== Args={}
2025-01-16 21:13:12,062 : EventManager : Event: ======'slide_welcome_slide_active'====== Args={}
2025-01-16 21:13:12,078 : EventManager : Event: ======'slides_play'====== Args={'settings': {'awesome_slide': {'widgets': [{'type': 'text', 'text': 'YOU ARE AWESOME', 'font_size': 50, '_default_settings': ['type', 'text', 'font_size'], 'x': None, 'y': None, 'anchor_x': 'center', 'anchor_y': 'center', 'round_anchor_x': None, 'round_anchor_y': None, 'opacity': 1.0, 'z': 0, 'reset_animations_events': {}, 'color': [1.0, 1.0, 1.0, 1.0], 'style': [], 'adjust_top': 0, 'adjust_bottom': 0, 'adjust_left': 0, 'adjust_right': 0, 'expire': None, 'key': None, 'widget': None, 'events_when_added': [], 'events_when_removed': [], 'bitmap_font': False, 'font_kerning': True, 'bold': False, 'italic': False, 'number_grouping': False, 'min_digits': 0, 'halign': 'center', 'valign': 'middle', 'rotation': 0, 'scale': 1.0, 'casing': None, 'outline_color': [1.0, 1.0, 1.0, 1.0], 'outline_width': 0, 'animations': None}], 'transition': {'type': 'push', 'duration': 1.0, 'direction': 'left', 'easing': 'out_quad'}, 'target': None, 'background_color': [0.0, 0.0, 0.0, 1.0], 'priority': None, 'show': True, 'force': False, 'expire': None, 'slide': None, 'tokens': {}, 'action': 'play'}}, 'context': 'show_2', 'calling_context': 0, 'priority': 10, 'show_tokens': {}, 'start_time': 3034151.968}
2025-01-16 21:13:12,080 : EventManager : Event: ======'slide_awesome_slide_created'====== Args={}
2025-01-16 21:13:12,081 : EventManager : Event: ======'slide_awesome_slide_active'====== Args={}
2025-01-16 21:13:14,418 : EventManager : Event: ======'game_started'====== Args={}
2025-01-16 21:13:14,430 : EventManager : Event: ======'slides_clear'====== Args={'context': 'show_2'}
2025-01-16 21:13:14,430 : EventManager : Event: ======'player_added'====== Args={'player': <Player 1>, 'num': 1}
2025-01-16 21:13:14,430 : EventManager : Event: ======'player_index'====== Args={'value': 0, 'prev_value': 0, 'change': 0, 'player_num': 1}
2025-01-16 21:13:14,430 : EventManager : Event: ======'player_number'====== Args={'value': 1, 'prev_value': 1, 'change': 0, 'player_num': 1}
2025-01-16 21:13:14,430 : EventManager : Event: ======'player_score'====== Args={'value': 0, 'prev_value': 0, 'change': 0, 'player_num': 1}
2025-01-16 21:13:14,430 : EventManager : Event: ======'slide_awesome_slide_removed'====== Args={}
2025-01-16 21:13:14,430 : EventManager : Event: ======'slide_welcome_slide_active'====== Args={}
2025-01-16 21:13:14,442 : EventManager : Event: ======'player_ball'====== Args={'value': 1, 'prev_value': 0, 'change': 1, 'player_num': 1}
2025-01-16 21:13:14,442 : EventManager : Event: ======'player_turn_start'====== Args={'number': 1, 'player': <Player 1>}
2025-01-16 21:13:14,455 : EventManager : Event: ======'slides_play'====== Args={'settings': {'widgets': {'widgets': [{'type': 'text', 'text': '(score)', 'number_grouping': True, 'min_digits': 2, 'font_size': 100, '_default_settings': ['type', 'text', 'number_grouping', 'min_digits', 'font_size'], 'x': None, 'y': None, 'anchor_x': 'center', 'anchor_y': 'center', 'round_anchor_x': None, 'round_anchor_y': None, 'opacity': 1.0, 'z': 0, 'reset_animations_events': {}, 'color': [1.0, 1.0, 1.0, 1.0], 'style': [], 'adjust_top': 0, 'adjust_bottom': 0, 'adjust_left': 0, 'adjust_right': 0, 'expire': None, 'key': None, 'widget': None, 'events_when_added': [], 'events_when_removed': [], 'bitmap_font': False, 'font_kerning': True, 'bold': False, 'italic': False, 'halign': 'center', 'valign': 'middle', 'rotation': 0, 'scale': 1.0, 'casing': None, 'outline_color': [1.0, 1.0, 1.0, 1.0], 'outline_width': 0, 'animations': None}, {'type': 'text', 'text': 'PLAYER (number)', 'y': '10', 'x': '10', 'font_size': 50, 'anchor_x': 'left', 'anchor_y': 'bottom', '_default_settings': ['type', 'text', 'y', 'x', 'font_size', 'anchor_x', 'anchor_y'], 'round_anchor_x': None, 'round_anchor_y': None, 'opacity': 1.0, 'z': 0, 'reset_animations_events': {}, 'color': [1.0, 1.0, 1.0, 1.0], 'style': [], 'adjust_top': 0, 'adjust_bottom': 0, 'adjust_left': 0, 'adjust_right': 0, 'expire': None, 'key': None, 'widget': None, 'events_when_added': [], 'events_when_removed': [], 'bitmap_font': False, 'font_kerning': True, 'bold': False, 'italic': False, 'number_grouping': False, 'min_digits': 0, 'halign': 'center', 'valign': 'middle', 'rotation': 0, 'scale': 1.0, 'casing': None, 'outline_color': [1.0, 1.0, 1.0, 1.0], 'outline_width': 0, 'animations': None}, {'type': 'text', 'text': 'BALL (ball)', 'y': '10', 'x': 'right-10', 'anchor_x': 'right', 'anchor_y': 'bottom', 'font_size': 50, '_default_settings': ['type', 'text', 'y', 'x', 'anchor_x', 'anchor_y', 'font_size'], 'round_anchor_x': None, 'round_anchor_y': None, 'opacity': 1.0, 'z': 0, 'reset_animations_events': {}, 'color': [1.0, 1.0, 1.0, 1.0], 'style': [], 'adjust_top': 0, 'adjust_bottom': 0, 'adjust_left': 0, 'adjust_right': 0, 'expire': None, 'key': None, 'widget': None, 'events_when_added': [], 'events_when_removed': [], 'bitmap_font': False, 'font_kerning': True, 'bold': False, 'italic': False, 'number_grouping': False, 'min_digits': 0, 'halign': 'center', 'valign': 'middle', 'rotation': 0, 'scale': 1.0, 'casing': None, 'outline_color': [1.0, 1.0, 1.0, 1.0], 'outline_width': 0, 'animations': None}], 'target': None, 'background_color': [0.0, 0.0, 0.0, 1.0], 'priority': None, 'show': True, 'force': False, 'expire': None, 'slide': None, 'tokens': {}, 'action': 'play'}}, 'context': 'base', 'calling_context': 'mode_base_started', 'priority': 100, 'queue': '<QueuedEvent>', 'player': 1, 'ball': 1, 'balls_remaining': 2, 'is_extra_ball': False}
2025-01-16 21:13:14,455 : EventManager : Event: ======'player_shot_returnLaneL_shot_enabled'====== Args={'value': True, 'prev_value': 0, 'change': 1, 'player_num': 1}
2025-01-16 21:13:14,455 : EventManager : Event: ======'player_shot_bonusLane_shot_enabled'====== Args={'value': True, 'prev_value': 0, 'change': 1, 'player_num': 1}
2025-01-16 21:13:14,456 : EventManager : Event: ======'player_shot_outLaneL_shot_enabled'====== Args={'value': True, 'prev_value': 0, 'change': 1, 'player_num': 1}
2025-01-16 21:13:14,456 : EventManager : Event: ======'player_shot_returnLaneR_shot_enabled'====== Args={'value': True, 'prev_value': 0, 'change': 1, 'player_num': 1}
2025-01-16 21:13:14,456 : EventManager : Event: ======'player_shot_outLaneR_shot_enabled'====== Args={'value': True, 'prev_value': 0, 'change': 1, 'player_num': 1}
2025-01-16 21:13:14,456 : EventManager : Event: ======'player_shot_spacewarp_rollover_shot_enabled'====== Args={'value': True, 'prev_value': 0, 'change': 1, 'player_num': 1}
2025-01-16 21:13:14,456 : EventManager : Event: ======'player_shot_reentryL_shot_enabled'====== Args={'value': True, 'prev_value': 0, 'change': 1, 'player_num': 1}
2025-01-16 21:13:14,456 : EventManager : Event: ======'player_shot_reentryM_shot_enabled'====== Args={'value': True, 'prev_value': 0, 'change': 1, 'player_num': 1}
2025-01-16 21:13:14,456 : EventManager : Event: ======'player_shot_reentryR_shot_enabled'====== Args={'value': True, 'prev_value': 0, 'change': 1, 'player_num': 1}
2025-01-16 21:13:14,456 : EventManager : Event: ======'slides_play'====== Args={'settings': {'widgets': {'widgets': [{'type': 'text', 'text': 'PLAYER (number) BALL (ball)', '_default_settings': ['type', 'text'], 'x': None, 'y': None, 'anchor_x': 'center', 'anchor_y': 'center', 'round_anchor_x': None, 'round_anchor_y': None, 'opacity': 1.0, 'z': 0, 'reset_animations_events': {}, 'color': [1.0, 1.0, 1.0, 1.0], 'style': [], 'adjust_top': 0, 'adjust_bottom': 0, 'adjust_left': 0, 'adjust_right': 0, 'expire': None, 'key': None, 'widget': None, 'events_when_added': [], 'events_when_removed': [], 'font_size': 15, 'bitmap_font': False, 'font_kerning': True, 'bold': False, 'italic': False, 'number_grouping': False, 'min_digits': 0, 'halign': 'center', 'valign': 'middle', 'rotation': 0, 'scale': 1.0, 'casing': None, 'outline_color': [1.0, 1.0, 1.0, 1.0], 'outline_width': 0, 'animations': None}], 'target': None, 'background_color': [0.0, 0.0, 0.0, 1.0], 'priority': None, 'show': True, 'force': False, 'expire': None, 'slide': None, 'tokens': {}, 'action': 'play'}}, 'context': '_global', 'calling_context': 'ball_started', 'priority': 0, 'player': 1, 'ball': 1, 'balls_remaining': 2, 'is_extra_ball': False}
2025-01-16 21:13:14,462 : EventManager : Event: ======'slide_base.slide_player-mode_base_started_created'====== Args={}
2025-01-16 21:13:14,464 : EventManager : Event: ======'slide__global.slide_player-ball_started_created'====== Args={}
2025-01-16 21:13:14,465 : EventManager : Event: ======'slide_base.slide_player-mode_base_started_active'====== Args={}
2025-01-16 21:13:14,482 : EventManager : Event: ======'player_attack_bumper_count'====== Args={'value': 1, 'prev_value': 0, 'change': 1, 'player_num': 1}
2025-01-16 21:13:14,482 : EventManager : Event: ======'widgets_play'====== Args={'settings': {'reentry_start_banner': {'priority': 0, 'slide': None, 'action': 'add', 'key': None, 'target': None}}, 'context': 'reentry', 'calling_context': 'mode_reentry_started', 'priority': 200, 'player': 1, 'ball': 1, 'balls_remaining': 2, 'is_extra_ball': False}
2025-01-16 21:13:19,887 : EventManager : Event: ======'machine_var_audits_switches_s_left_flipper'====== Args={'value': 1573, 'prev_value': 1572, 'change': 1}
2025-01-16 21:13:20,322 : EventManager : Event: ======'machine_var_audits_switches_s_left_flipper'====== Args={'value': 1574, 'prev_value': 1573, 'change': 1}
2025-01-16 21:13:20,604 : EventManager : Event: ======'machine_var_audits_switches_s_left_flipper'====== Args={'value': 1575, 'prev_value': 1574, 'change': 1}
2025-01-16 21:13:20,858 : EventManager : Event: ======'machine_var_audits_switches_s_left_flipper'====== Args={'value': 1576, 'prev_value': 1575, 'change': 1}
2025-01-16 21:13:21,100 : EventManager : Event: ======'machine_var_audits_switches_s_left_flipper'====== Args={'value': 1577, 'prev_value': 1576, 'change': 1}
2025-01-16 21:13:22,051 : EventManager : Event: ======'machine_var_audits_switches_s_right_flipper'====== Args={'value': 1888, 'prev_value': 1887, 'change': 1}
2025-01-16 21:13:22,359 : EventManager : Event: ======'machine_var_audits_switches_s_right_flipper'====== Args={'value': 1889, 'prev_value': 1888, 'change': 1}
2025-01-16 21:13:22,616 : EventManager : Event: ======'machine_var_audits_switches_s_right_flipper'====== Args={'value': 1890, 'prev_value': 1889, 'change': 1}
2025-01-16 21:13:22,834 : EventManager : Event: ======'machine_var_audits_switches_s_right_flipper'====== Args={'value': 1891, 'prev_value': 1890, 'change': 1}
2025-01-16 21:13:23,038 : EventManager : Event: ======'machine_var_audits_switches_s_right_flipper'====== Args={'value': 1892, 'prev_value': 1891, 'change': 1}
2025-01-16 21:13:23,217 : EventManager : Event: ======'machine_var_audits_switches_s_right_flipper'====== Args={'value': 1893, 'prev_value': 1892, 'change': 1}
2025-01-16 21:13:23,421 : EventManager : Event: ======'machine_var_audits_switches_s_right_flipper'====== Args={'value': 1894, 'prev_value': 1893, 'change': 1}
2025-01-16 21:13:23,599 : EventManager : Event: ======'machine_var_audits_switches_s_right_flipper'====== Args={'value': 1895, 'prev_value': 1894, 'change': 1}
2025-01-16 21:13:23,778 : EventManager : Event: ======'machine_var_audits_switches_s_right_flipper'====== Args={'value': 1896, 'prev_value': 1895, 'change': 1}
2025-01-16 21:13:23,957 : EventManager : Event: ======'machine_var_audits_switches_s_right_flipper'====== Args={'value': 1897, 'prev_value': 1896, 'change': 1}
2025-01-16 21:13:24,120 : EventManager : Event: ======'machine_var_audits_switches_s_right_flipper'====== Args={'value': 1898, 'prev_value': 1897, 'change': 1}
2025-01-16 21:13:49,660 : mpfmc : Stopping...
2025-01-16 21:13:49,661 : EventManager : Event: ======'shutdown'====== Args={}
2025-01-16 21:13:49,661 : AudioInterface : Disabling audio playback
2025-01-16 21:13:49,776 : mpfmc : Loop rate 75.86 Hz
2025-01-16 21:13:49,776 : kivy : Base: Leaving application in progress...
2025-01-16 21:13:49,776 : kivy : Base: Leaving application in progress...
2025-01-16 21:13:49,776 : mpfmc : Stopping...
2025-01-16 21:13:49,777 : EventManager : Event: ======'shutdown'====== Args={}
2025-01-16 21:13:49,777 : mpfmc : Loop rate 75.86 Hz
2025-01-16 21:13:49,777 : root : MC run loop ended.
2025-01-16 21:13:49,777 : root : Stopping child threads... (3 remaining)
2025-01-16 21:13:50,302 : MPF-MC BCP Server : Stopping BCP sending thread
2025-01-16 21:13:50,681 : root : All child threads stopped.
