2025-05-08 15:08:40,628 : INFO : root : Loading config.
2025-05-08 15:08:40,673 : INFO : ConfigProcessor : Config spec file cache created: C:\Users\student\AppData\Local\Temp\config_spec.mpf_cache
2025-05-08 15:08:40,673 : INFO : YamlMultifileConfigLoader : Machine config file #1: config.yaml
2025-05-08 15:08:40,674 : INFO : ConfigProcessor : Loading config from file C:\Users\student\mpfenv3\Lib\site-packages\mpf\mpfconfig.yaml.
2025-05-08 15:08:40,683 : INFO : ConfigProcessor : Loading config: C:\Users\student\mpfenv3\Lib\site-packages\mpf\mpfconfig.yaml
2025-05-08 15:08:40,684 : INFO : ConfigProcessor : Loading config from file C:\Users\student\pinball\cobraPinTest1\config\config.yaml.
2025-05-08 15:08:40,690 : INFO : ConfigProcessor : Loading config: C:\Users\student\pinball\cobraPinTest1\config\config.yaml
2025-05-08 15:08:40,691 : INFO : ConfigProcessor : Config file cache created: C:\Users\student\AppData\Local\Temp\a20d2796aecf24feaad48747be24652a.mpf_cache
2025-05-08 15:08:40,771 : INFO : ConfigProcessor : Loading config from file C:\Users\student\mpfenv3\Lib\site-packages\mpf\modes\attract\config\attract.yaml.
2025-05-08 15:08:40,772 : INFO : ConfigProcessor : Loading config: C:\Users\student\mpfenv3\Lib\site-packages\mpf\modes\attract\config\attract.yaml
2025-05-08 15:08:40,772 : INFO : ConfigProcessor : Loading config from file C:\Users\student\pinball\cobraPinTest1\modes\attract\config\attract.yaml.
2025-05-08 15:08:40,773 : INFO : ConfigProcessor : Loading config: C:\Users\student\pinball\cobraPinTest1\modes\attract\config\attract.yaml
2025-05-08 15:08:40,773 : INFO : ConfigProcessor : Config file cache created: C:\Users\student\AppData\Local\Temp\0196918bccd620e51d3c4d2630650aa0.mpf_cache
2025-05-08 15:08:40,774 : INFO : ConfigProcessor : Loading config from file C:\Users\student\mpfenv3\Lib\site-packages\mpf\modes\game\config\game.yaml.
2025-05-08 15:08:40,774 : INFO : ConfigProcessor : Loading config: C:\Users\student\mpfenv3\Lib\site-packages\mpf\modes\game\config\game.yaml
2025-05-08 15:08:40,775 : INFO : ConfigProcessor : Config file cache created: C:\Users\student\AppData\Local\Temp\511dcc6b491b0fa2d7aa9abdf6497e9c.mpf_cache
2025-05-08 15:08:40,775 : INFO : ConfigProcessor : Loading config from file C:\Users\student\pinball\cobraPinTest1\modes\base\config\base.yaml.
2025-05-08 15:08:40,777 : INFO : ConfigProcessor : Loading config: C:\Users\student\pinball\cobraPinTest1\modes\base\config\base.yaml
2025-05-08 15:08:40,777 : INFO : ConfigProcessor : Config file cache created: C:\Users\student\AppData\Local\Temp\4675a535c8328a9c278c807d999ed109.mpf_cache
2025-05-08 15:08:40,778 : INFO : ConfigProcessor : Loading config from file C:\Users\student\pinball\cobraPinTest1\modes\reentry\config\reentry.yaml.
2025-05-08 15:08:40,781 : INFO : ConfigProcessor : Loading config: C:\Users\student\pinball\cobraPinTest1\modes\reentry\config\reentry.yaml
2025-05-08 15:08:40,781 : INFO : ConfigProcessor : Config file cache created: C:\Users\student\AppData\Local\Temp\0c8438cab3480347c0c749fa494946a2.mpf_cache
2025-05-08 15:08:40,782 : INFO : ConfigProcessor : Loading config from file C:\Users\student\pinball\cobraPinTest1\modes\lowerlanes\config\lowerlanes.yaml.
2025-05-08 15:08:40,783 : INFO : ConfigProcessor : Loading config: C:\Users\student\pinball\cobraPinTest1\modes\lowerlanes\config\lowerlanes.yaml
2025-05-08 15:08:40,783 : INFO : ConfigProcessor : Config file cache created: C:\Users\student\AppData\Local\Temp\5052615755bdf1309b248cf8695ad4ff.mpf_cache
2025-05-08 15:08:40,784 : INFO : ConfigProcessor : Loading config from file C:\Users\student\pinball\cobraPinTest1\modes\returnlanes\config\returnlanes.yaml.
2025-05-08 15:08:40,785 : INFO : ConfigProcessor : Loading config: C:\Users\student\pinball\cobraPinTest1\modes\returnlanes\config\returnlanes.yaml
2025-05-08 15:08:40,785 : INFO : ConfigProcessor : Config file cache created: C:\Users\student\AppData\Local\Temp\55e33f498afd3883899abc6da4842b47.mpf_cache
2025-05-08 15:08:40,786 : INFO : ConfigProcessor : Loading config from file C:\Users\student\pinball\cobraPinTest1\modes\attract\shows\.\attract_display_loop.yaml.
2025-05-08 15:08:40,788 : INFO : ConfigProcessor : Loading config: C:\Users\student\pinball\cobraPinTest1\modes\attract\shows\.\attract_display_loop.yaml
2025-05-08 15:08:40,788 : INFO : ConfigProcessor : Config file cache created: C:\Users\student\AppData\Local\Temp\f8d2c2cf3ea01f085365ea23fa51a701.mpf_cache
2025-05-08 15:08:40,788 : INFO : ConfigProcessor : Loading config from file C:\Users\student\pinball\cobraPinTest1\modes\attract\shows\.\attract_light_show.yaml.
2025-05-08 15:08:40,789 : INFO : ConfigProcessor : Loading config: C:\Users\student\pinball\cobraPinTest1\modes\attract\shows\.\attract_light_show.yaml
2025-05-08 15:08:40,790 : INFO : ConfigProcessor : Config file cache created: C:\Users\student\AppData\Local\Temp\30bd992f4b62a9b099207aebeb59554c.mpf_cache
2025-05-08 15:08:40,790 : INFO : Machine : Mission Pinball Framework Core Engine v0.57.3
2025-05-08 15:08:40,790 : INFO : Machine : Command line arguments: {'no_load_cache': True, 'create_config_cache': True, 'bcp': True, 'configfile': ['config.yaml'], 'force_assets_load': False, 'platform_integration_test': False, 'jsonlogging': False, 'logfile': 'logs\\2025-05-08-15-08-40-mpf-DESKTOP-0JH7ARL.log', 'pause': False, 'production': False, 'text_ui': True, 'loglevel': 15, 'consoleloglevel': 20, 'force_platform': None, 'syslog_address': None, 'mc_file_name': None, 'no_sound': False}
2025-05-08 15:08:40,791 : INFO : Machine : MPF path: C:\Users\student\mpfenv3\Lib\site-packages\mpf
2025-05-08 15:08:40,791 : INFO : Machine : Machine path: C:\Users\student\pinball\cobraPinTest1
2025-05-08 15:08:40,791 : INFO : Machine : Platform: win32
2025-05-08 15:08:40,791 : INFO : Machine : Python executable location: C:\Users\student\mpfenv3\Scripts\python.exe
2025-05-08 15:08:40,791 : INFO : Machine : Python version: 3.11.8 (64-bit)
2025-05-08 15:08:40,792 : INFO : Machine : Initializing MPF...
2025-05-08 15:08:40,976 : INFO : OPP : Connecting to com4 at 115200bps
2025-05-08 15:08:41,083 : INFO : OPP : Init of OPP board 0 done
2025-05-08 15:08:41,083 : INFO : OPP : Connecting to com5 at 115200bps
2025-05-08 15:08:41,256 : INFO : OPP : Init of OPP board 1 done
2025-05-08 15:08:41,256 : INFO : EventManager : Event: ======'machine_var_credits_string'====== Args={'value': 'FREE PLAY', 'prev_value': None, 'change': True}
2025-05-08 15:08:41,319 : INFO : EventManager : Event: ======'machine_var_master_volume'====== Args={'value': 0.5, 'prev_value': None, 'change': True}
2025-05-08 15:08:41,319 : INFO : EventManager : Event: ======'machine_var_player1_score'====== Args={'value': 1500, 'prev_value': None, 'change': True}
2025-05-08 15:08:41,319 : INFO : EventManager : Event: ======'machine_var_mpf_version'====== Args={'value': 'Mission Pinball Framework v0.57.3', 'prev_value': None, 'change': True}
2025-05-08 15:08:41,319 : INFO : EventManager : Event: ======'machine_var_mpf_extended_version'====== Args={'value': 'Mission Pinball Framework v0.57.3, Config version:6, Show version: 6, BCP version:1.1', 'prev_value': None, 'change': True}
2025-05-08 15:08:41,319 : INFO : EventManager : Event: ======'machine_var_python_version'====== Args={'value': '3.11.8', 'prev_value': None, 'change': True}
2025-05-08 15:08:41,328 : INFO : EventManager : Event: ======'machine_var_platform'====== Args={'value': 'Windows-10-10.0.19045-SP0', 'prev_value': None, 'change': True}
2025-05-08 15:08:41,328 : INFO : EventManager : Event: ======'machine_var_platform_system'====== Args={'value': 'Windows', 'prev_value': None, 'change': True}
2025-05-08 15:08:41,328 : INFO : EventManager : Event: ======'machine_var_platform_release'====== Args={'value': '10', 'prev_value': None, 'change': True}
2025-05-08 15:08:41,328 : INFO : EventManager : Event: ======'machine_var_platform_version'====== Args={'value': '10.0.19045', 'prev_value': None, 'change': True}
2025-05-08 15:08:41,328 : INFO : EventManager : Event: ======'machine_var_platform_machine'====== Args={'value': 'AMD64', 'prev_value': None, 'change': True}
2025-05-08 15:08:41,329 : INFO : EventManager : Event: ======'init_phase_1'====== Args={}
2025-05-08 15:08:41,351 : INFO : EventManager : Event: ======'init_phase_2'====== Args={}
2025-05-08 15:08:41,352 : INFO : SwitchController : Found active switch: ('0-0-8', <Platform.OPP>) <switch.s_trough1>
2025-05-08 15:08:41,356 : INFO : EventManager : Event: ======'bcp_connection_attempt'====== Args={'name': 'local_display', 'host': 'localhost', 'port': 5050}
2025-05-08 15:08:41,358 : INFO : BCPClientSocket : Connecting BCP to 'local_display' at localhost:5050...
2025-05-08 15:08:43,388 : INFO : BCPClientSocket : Connected BCP to 'local_display' localhost:5050
2025-05-08 15:08:43,390 : INFO : EventManager : Event: ======'bcp_clients_connected'====== Args={}
2025-05-08 15:08:43,549 : INFO : EventManager : Event: ======'machine_var_mc_version'====== Args={'value': 'MPF-MC v0.57.1', 'prev_value': None, 'change': True}
2025-05-08 15:08:43,549 : INFO : EventManager : Event: ======'machine_var_mc_extended_version'====== Args={'value': 'MPF-MC v0.57.1 (config_version=6, BCP v1.1,                      Requires MPF API compatibility v0.57.0 or newer)', 'prev_value': None, 'change': True}
2025-05-08 15:08:43,551 : INFO : ball_device.bd_trough : BCH: Initial count: 1
2025-05-08 15:08:43,588 : INFO : ball_device.bd_trough : State: idle
2025-05-08 15:08:43,588 : INFO : ball_device.bd_plunger : BCH: Initial count: 0
2025-05-08 15:08:43,589 : INFO : ball_device.bd_plunger : State: idle
2025-05-08 15:08:43,606 : INFO : EventManager : Event: ======'init_phase_3'====== Args={}
2025-05-08 15:08:43,610 : INFO : EventManager : Event: ======'init_phase_4'====== Args={}
2025-05-08 15:08:43,611 : INFO : BallController : Initial balls found: 1
2025-05-08 15:08:43,612 : INFO : EventManager : Event: ======'machine_var_audits_events_game_ended'====== Args={'value': 0, 'prev_value': None, 'change': True}
2025-05-08 15:08:43,613 : INFO : EventManager : Event: ======'machine_var_audits_events_game_started'====== Args={'value': 64, 'prev_value': None, 'change': True}
2025-05-08 15:08:43,613 : INFO : EventManager : Event: ======'machine_var_audits_missing_switches_s_bonus_lane'====== Args={'value': 12, 'prev_value': None, 'change': True}
2025-05-08 15:08:43,613 : INFO : EventManager : Event: ======'machine_var_audits_missing_switches_s_left_attack_bumper'====== Args={'value': 12, 'prev_value': None, 'change': True}
2025-05-08 15:08:43,613 : INFO : EventManager : Event: ======'machine_var_audits_missing_switches_s_left_flipper'====== Args={'value': 12, 'prev_value': None, 'change': True}
2025-05-08 15:08:43,613 : INFO : EventManager : Event: ======'machine_var_audits_missing_switches_s_left_out_lane'====== Args={'value': 13, 'prev_value': None, 'change': True}
2025-05-08 15:08:43,613 : INFO : EventManager : Event: ======'machine_var_audits_missing_switches_s_left_return_lane'====== Args={'value': 12, 'prev_value': None, 'change': True}
2025-05-08 15:08:43,613 : INFO : EventManager : Event: ======'machine_var_audits_missing_switches_s_lower_left_slingshot'====== Args={'value': 12, 'prev_value': None, 'change': True}
2025-05-08 15:08:43,613 : INFO : EventManager : Event: ======'machine_var_audits_missing_switches_s_plunger'====== Args={'value': 62, 'prev_value': None, 'change': True}
2025-05-08 15:08:43,613 : INFO : EventManager : Event: ======'machine_var_audits_missing_switches_s_reentry_left'====== Args={'value': 12, 'prev_value': None, 'change': True}
2025-05-08 15:08:43,614 : INFO : EventManager : Event: ======'machine_var_audits_missing_switches_s_reentry_middle'====== Args={'value': 11, 'prev_value': None, 'change': True}
2025-05-08 15:08:43,614 : INFO : EventManager : Event: ======'machine_var_audits_missing_switches_s_reentry_right'====== Args={'value': 11, 'prev_value': None, 'change': True}
2025-05-08 15:08:43,614 : INFO : EventManager : Event: ======'machine_var_audits_missing_switches_s_right_out_lane'====== Args={'value': 12, 'prev_value': None, 'change': True}
2025-05-08 15:08:43,614 : INFO : EventManager : Event: ======'machine_var_audits_missing_switches_s_right_return_lane'====== Args={'value': 12, 'prev_value': None, 'change': True}
2025-05-08 15:08:43,614 : INFO : EventManager : Event: ======'machine_var_audits_missing_switches_s_spacewarp_rollover'====== Args={'value': 46, 'prev_value': None, 'change': True}
2025-05-08 15:08:43,614 : INFO : EventManager : Event: ======'machine_var_audits_missing_switches_s_start'====== Args={'value': 63, 'prev_value': None, 'change': True}
2025-05-08 15:08:43,614 : INFO : EventManager : Event: ======'machine_var_audits_missing_switches_s_trough1'====== Args={'value': 63, 'prev_value': None, 'change': True}
2025-05-08 15:08:43,614 : INFO : EventManager : Event: ======'machine_var_audits_missing_switches_s_wormhole_target'====== Args={'value': 12, 'prev_value': None, 'change': True}
2025-05-08 15:08:43,614 : INFO : EventManager : Event: ======'machine_var_audits_player_score'====== Args={'value': {'average': 1800.0, 'top': [2000, 1900, 1500], 'total': 3}, 'prev_value': None, 'change': True}
2025-05-08 15:08:43,614 : INFO : EventManager : Event: ======'machine_var_audits_shots_attack_bumper_left_shot'====== Args={'value': 40, 'prev_value': None, 'change': True}
2025-05-08 15:08:43,615 : INFO : EventManager : Event: ======'machine_var_audits_shots_attack_bumper_lower_shot'====== Args={'value': 23, 'prev_value': None, 'change': True}
2025-05-08 15:08:43,615 : INFO : EventManager : Event: ======'machine_var_audits_shots_attack_bumper_upper_shot'====== Args={'value': 19, 'prev_value': None, 'change': True}
2025-05-08 15:08:43,615 : INFO : EventManager : Event: ======'machine_var_audits_shots_bonusLane_shot'====== Args={'value': 81, 'prev_value': None, 'change': True}
2025-05-08 15:08:43,615 : INFO : EventManager : Event: ======'machine_var_audits_shots_medalL_shot'====== Args={'value': 174, 'prev_value': None, 'change': True}
2025-05-08 15:08:43,615 : INFO : EventManager : Event: ======'machine_var_audits_shots_medalM_shot'====== Args={'value': 166, 'prev_value': None, 'change': True}
2025-05-08 15:08:43,615 : INFO : EventManager : Event: ======'machine_var_audits_shots_medalR_shot'====== Args={'value': 165, 'prev_value': None, 'change': True}
2025-05-08 15:08:43,615 : INFO : EventManager : Event: ======'machine_var_audits_shots_my_first_shot'====== Args={'value': 119, 'prev_value': None, 'change': True}
2025-05-08 15:08:43,615 : INFO : EventManager : Event: ======'machine_var_audits_shots_my_first_shot_mode2'====== Args={'value': 72, 'prev_value': None, 'change': True}
2025-05-08 15:08:43,616 : INFO : EventManager : Event: ======'machine_var_audits_shots_outLaneL_shot'====== Args={'value': 20, 'prev_value': None, 'change': True}
2025-05-08 15:08:43,616 : INFO : EventManager : Event: ======'machine_var_audits_shots_outLaneR_shot'====== Args={'value': 93, 'prev_value': None, 'change': True}
2025-05-08 15:08:43,616 : INFO : EventManager : Event: ======'machine_var_audits_shots_reentryL_shot'====== Args={'value': 554, 'prev_value': None, 'change': True}
2025-05-08 15:08:43,616 : INFO : EventManager : Event: ======'machine_var_audits_shots_reentryM_shot'====== Args={'value': 513, 'prev_value': None, 'change': True}
2025-05-08 15:08:43,616 : INFO : EventManager : Event: ======'machine_var_audits_shots_reentryR_shot'====== Args={'value': 505, 'prev_value': None, 'change': True}
2025-05-08 15:08:43,616 : INFO : EventManager : Event: ======'machine_var_audits_shots_reentry_shot'====== Args={'value': 9, 'prev_value': None, 'change': True}
2025-05-08 15:08:43,616 : INFO : EventManager : Event: ======'machine_var_audits_shots_returnLaneL_shot'====== Args={'value': 193, 'prev_value': None, 'change': True}
2025-05-08 15:08:43,616 : INFO : EventManager : Event: ======'machine_var_audits_shots_returnLaneR_shot'====== Args={'value': 136, 'prev_value': None, 'change': True}
2025-05-08 15:08:43,617 : INFO : EventManager : Event: ======'machine_var_audits_shots_spacewarp_rollover_shot'====== Args={'value': 47, 'prev_value': None, 'change': True}
2025-05-08 15:08:43,617 : INFO : EventManager : Event: ======'machine_var_audits_shots_top_lane_A'====== Args={'value': 12, 'prev_value': None, 'change': True}
2025-05-08 15:08:43,617 : INFO : EventManager : Event: ======'machine_var_audits_shots_top_lane_J'====== Args={'value': 12, 'prev_value': None, 'change': True}
2025-05-08 15:08:43,617 : INFO : EventManager : Event: ======'machine_var_audits_shots_top_lane_M'====== Args={'value': 9, 'prev_value': None, 'change': True}
2025-05-08 15:08:43,617 : INFO : EventManager : Event: ======'machine_var_audits_switches_s_blackhole_kicker'====== Args={'value': 0, 'prev_value': None, 'change': True}
2025-05-08 15:08:43,617 : INFO : EventManager : Event: ======'machine_var_audits_switches_s_bonus_lane'====== Args={'value': 94, 'prev_value': None, 'change': True}
2025-05-08 15:08:43,617 : INFO : EventManager : Event: ======'machine_var_audits_switches_s_booster_drop_target_1'====== Args={'value': 0, 'prev_value': None, 'change': True}
2025-05-08 15:08:43,618 : INFO : EventManager : Event: ======'machine_var_audits_switches_s_booster_drop_target_2'====== Args={'value': 0, 'prev_value': None, 'change': True}
2025-05-08 15:08:43,618 : INFO : EventManager : Event: ======'machine_var_audits_switches_s_booster_drop_target_3'====== Args={'value': 0, 'prev_value': None, 'change': True}
2025-05-08 15:08:43,618 : INFO : EventManager : Event: ======'machine_var_audits_switches_s_comet_spot_1'====== Args={'value': 0, 'prev_value': None, 'change': True}
2025-05-08 15:08:43,618 : INFO : EventManager : Event: ======'machine_var_audits_switches_s_comet_spot_2'====== Args={'value': 0, 'prev_value': None, 'change': True}
2025-05-08 15:08:43,618 : INFO : EventManager : Event: ======'machine_var_audits_switches_s_comet_spot_3'====== Args={'value': 0, 'prev_value': None, 'change': True}
2025-05-08 15:08:43,618 : INFO : EventManager : Event: ======'machine_var_audits_switches_s_engine_bumper_1'====== Args={'value': 0, 'prev_value': None, 'change': True}
2025-05-08 15:08:43,618 : INFO : EventManager : Event: ======'machine_var_audits_switches_s_engine_bumper_2'====== Args={'value': 0, 'prev_value': None, 'change': True}
2025-05-08 15:08:43,618 : INFO : EventManager : Event: ======'machine_var_audits_switches_s_engine_bumper_3'====== Args={'value': 0, 'prev_value': None, 'change': True}
2025-05-08 15:08:43,619 : INFO : EventManager : Event: ======'machine_var_audits_switches_s_fuel_chute_1'====== Args={'value': 0, 'prev_value': None, 'change': True}
2025-05-08 15:08:43,619 : INFO : EventManager : Event: ======'machine_var_audits_switches_s_fuel_chute_2'====== Args={'value': 0, 'prev_value': None, 'change': True}
2025-05-08 15:08:43,619 : INFO : EventManager : Event: ======'machine_var_audits_switches_s_fuel_chute_3'====== Args={'value': 0, 'prev_value': None, 'change': True}
2025-05-08 15:08:43,619 : INFO : EventManager : Event: ======'machine_var_audits_switches_s_fuel_chute_4'====== Args={'value': 0, 'prev_value': None, 'change': True}
2025-05-08 15:08:43,619 : INFO : EventManager : Event: ======'machine_var_audits_switches_s_fuel_chute_5'====== Args={'value': 0, 'prev_value': None, 'change': True}
2025-05-08 15:08:43,619 : INFO : EventManager : Event: ======'machine_var_audits_switches_s_fuel_chute_6'====== Args={'value': 0, 'prev_value': None, 'change': True}
2025-05-08 15:08:43,619 : INFO : EventManager : Event: ======'machine_var_audits_switches_s_fuel_flag'====== Args={'value': 0, 'prev_value': None, 'change': True}
2025-05-08 15:08:43,620 : INFO : EventManager : Event: ======'machine_var_audits_switches_s_fuel_spot_1'====== Args={'value': 0, 'prev_value': None, 'change': True}
2025-05-08 15:08:43,620 : INFO : EventManager : Event: ======'machine_var_audits_switches_s_fuel_spot_2'====== Args={'value': 0, 'prev_value': None, 'change': True}
2025-05-08 15:08:43,620 : INFO : EventManager : Event: ======'machine_var_audits_switches_s_fuel_spot_3'====== Args={'value': 0, 'prev_value': None, 'change': True}
2025-05-08 15:08:43,620 : INFO : EventManager : Event: ======'machine_var_audits_switches_s_green_wormhole'====== Args={'value': 0, 'prev_value': None, 'change': True}
2025-05-08 15:08:43,620 : INFO : EventManager : Event: ======'machine_var_audits_switches_s_hyperspace_flag'====== Args={'value': 0, 'prev_value': None, 'change': True}
2025-05-08 15:08:43,620 : INFO : EventManager : Event: ======'machine_var_audits_switches_s_hyperspacekicker'====== Args={'value': 27, 'prev_value': None, 'change': True}
2025-05-08 15:08:43,620 : INFO : EventManager : Event: ======'machine_var_audits_switches_s_launch_lane_1'====== Args={'value': 0, 'prev_value': None, 'change': True}
2025-05-08 15:08:43,621 : INFO : EventManager : Event: ======'machine_var_audits_switches_s_launch_lane_2'====== Args={'value': 0, 'prev_value': None, 'change': True}
2025-05-08 15:08:43,621 : INFO : EventManager : Event: ======'machine_var_audits_switches_s_launch_lane_3'====== Args={'value': 0, 'prev_value': None, 'change': True}
2025-05-08 15:08:43,621 : INFO : EventManager : Event: ======'machine_var_audits_switches_s_launch_ramp'====== Args={'value': 0, 'prev_value': None, 'change': True}
2025-05-08 15:08:43,621 : INFO : EventManager : Event: ======'machine_var_audits_switches_s_left_attack_bumper'====== Args={'value': 777, 'prev_value': None, 'change': True}
2025-05-08 15:08:43,621 : INFO : EventManager : Event: ======'machine_var_audits_switches_s_left_flipper'====== Args={'value': 2311, 'prev_value': None, 'change': True}
2025-05-08 15:08:43,621 : INFO : EventManager : Event: ======'machine_var_audits_switches_s_left_out_lane'====== Args={'value': 24, 'prev_value': None, 'change': True}
2025-05-08 15:08:43,622 : INFO : EventManager : Event: ======'machine_var_audits_switches_s_left_out_lane_kicker'====== Args={'value': 0, 'prev_value': None, 'change': True}
2025-05-08 15:08:43,622 : INFO : EventManager : Event: ======'machine_var_audits_switches_s_left_return_lane'====== Args={'value': 200, 'prev_value': None, 'change': True}
2025-05-08 15:08:43,622 : INFO : EventManager : Event: ======'machine_var_audits_switches_s_lower_attack_bumper'====== Args={'value': 271, 'prev_value': None, 'change': True}
2025-05-08 15:08:43,622 : INFO : EventManager : Event: ======'machine_var_audits_switches_s_lower_left_rebound'====== Args={'value': 0, 'prev_value': None, 'change': True}
2025-05-08 15:08:43,622 : INFO : EventManager : Event: ======'machine_var_audits_switches_s_lower_left_slingshot'====== Args={'value': 256, 'prev_value': None, 'change': True}
2025-05-08 15:08:43,622 : INFO : EventManager : Event: ======'machine_var_audits_switches_s_lower_right_rebound'====== Args={'value': 0, 'prev_value': None, 'change': True}
2025-05-08 15:08:43,623 : INFO : EventManager : Event: ======'machine_var_audits_switches_s_lower_right_slingshot'====== Args={'value': 254, 'prev_value': None, 'change': True}
2025-05-08 15:08:43,623 : INFO : EventManager : Event: ======'machine_var_audits_switches_s_medal_drop_left'====== Args={'value': 188, 'prev_value': None, 'change': True}
2025-05-08 15:08:43,623 : INFO : EventManager : Event: ======'machine_var_audits_switches_s_medal_drop_middle'====== Args={'value': 180, 'prev_value': None, 'change': True}
2025-05-08 15:08:43,623 : INFO : EventManager : Event: ======'machine_var_audits_switches_s_medal_drop_right'====== Args={'value': 179, 'prev_value': None, 'change': True}
2025-05-08 15:08:43,624 : INFO : EventManager : Event: ======'machine_var_audits_switches_s_mission_spot_1'====== Args={'value': 0, 'prev_value': None, 'change': True}
2025-05-08 15:08:43,624 : INFO : EventManager : Event: ======'machine_var_audits_switches_s_mission_spot_2'====== Args={'value': 2, 'prev_value': None, 'change': True}
2025-05-08 15:08:43,624 : INFO : EventManager : Event: ======'machine_var_audits_switches_s_mission_spot_3'====== Args={'value': 0, 'prev_value': None, 'change': True}
2025-05-08 15:08:43,624 : INFO : EventManager : Event: ======'machine_var_audits_switches_s_multiplier_left'====== Args={'value': 0, 'prev_value': None, 'change': True}
2025-05-08 15:08:43,624 : INFO : EventManager : Event: ======'machine_var_audits_switches_s_multiplier_middle'====== Args={'value': 0, 'prev_value': None, 'change': True}
2025-05-08 15:08:43,625 : INFO : EventManager : Event: ======'machine_var_audits_switches_s_multiplier_right'====== Args={'value': 0, 'prev_value': None, 'change': True}
2025-05-08 15:08:43,625 : INFO : EventManager : Event: ======'machine_var_audits_switches_s_plunger'====== Args={'value': 177, 'prev_value': None, 'change': True}
2025-05-08 15:08:43,625 : INFO : EventManager : Event: ======'machine_var_audits_switches_s_radiationspot_1'====== Args={'value': 0, 'prev_value': None, 'change': True}
2025-05-08 15:08:43,625 : INFO : EventManager : Event: ======'machine_var_audits_switches_s_radiationspot_2'====== Args={'value': 0, 'prev_value': None, 'change': True}
2025-05-08 15:08:43,625 : INFO : EventManager : Event: ======'machine_var_audits_switches_s_radiationspot_3'====== Args={'value': 0, 'prev_value': None, 'change': True}
2025-05-08 15:08:43,626 : INFO : EventManager : Event: ======'machine_var_audits_switches_s_red_wormhole'====== Args={'value': 0, 'prev_value': None, 'change': True}
2025-05-08 15:08:43,626 : INFO : EventManager : Event: ======'machine_var_audits_switches_s_reentry_left'====== Args={'value': 912, 'prev_value': None, 'change': True}
2025-05-08 15:08:43,626 : INFO : EventManager : Event: ======'machine_var_audits_switches_s_reentry_middle'====== Args={'value': 587, 'prev_value': None, 'change': True}
2025-05-08 15:08:43,626 : INFO : EventManager : Event: ======'machine_var_audits_switches_s_reentry_right'====== Args={'value': 564, 'prev_value': None, 'change': True}
2025-05-08 15:08:43,626 : INFO : EventManager : Event: ======'machine_var_audits_switches_s_right_flipper'====== Args={'value': 2529, 'prev_value': None, 'change': True}
2025-05-08 15:08:43,626 : INFO : EventManager : Event: ======'machine_var_audits_switches_s_right_inlane'====== Args={'value': 0, 'prev_value': None, 'change': True}
2025-05-08 15:08:43,627 : INFO : EventManager : Event: ======'machine_var_audits_switches_s_right_out_lane'====== Args={'value': 119, 'prev_value': None, 'change': True}
2025-05-08 15:08:43,627 : INFO : EventManager : Event: ======'machine_var_audits_switches_s_right_out_lane_kicker'====== Args={'value': 0, 'prev_value': None, 'change': True}
2025-05-08 15:08:43,627 : INFO : EventManager : Event: ======'machine_var_audits_switches_s_right_return_lane'====== Args={'value': 148, 'prev_value': None, 'change': True}
2025-05-08 15:08:43,627 : INFO : EventManager : Event: ======'machine_var_audits_switches_s_satellite_bumper'====== Args={'value': 0, 'prev_value': None, 'change': True}
2025-05-08 15:08:43,627 : INFO : EventManager : Event: ======'machine_var_audits_switches_s_secondary_outlane_kicker'====== Args={'value': 0, 'prev_value': None, 'change': True}
2025-05-08 15:08:43,628 : INFO : EventManager : Event: ======'machine_var_audits_switches_s_skill_shot_1'====== Args={'value': 0, 'prev_value': None, 'change': True}
2025-05-08 15:08:43,628 : INFO : EventManager : Event: ======'machine_var_audits_switches_s_skill_shot_2'====== Args={'value': 0, 'prev_value': None, 'change': True}
2025-05-08 15:08:43,628 : INFO : EventManager : Event: ======'machine_var_audits_switches_s_skill_shot_3'====== Args={'value': 0, 'prev_value': None, 'change': True}
2025-05-08 15:08:43,628 : INFO : EventManager : Event: ======'machine_var_audits_switches_s_skill_shot_4'====== Args={'value': 0, 'prev_value': None, 'change': True}
2025-05-08 15:08:43,628 : INFO : EventManager : Event: ======'machine_var_audits_switches_s_skill_shot_5'====== Args={'value': 0, 'prev_value': None, 'change': True}
2025-05-08 15:08:43,629 : INFO : EventManager : Event: ======'machine_var_audits_switches_s_skill_shot_6'====== Args={'value': 0, 'prev_value': None, 'change': True}
2025-05-08 15:08:43,629 : INFO : EventManager : Event: ======'machine_var_audits_switches_s_skill_shot_lane'====== Args={'value': 0, 'prev_value': None, 'change': True}
2025-05-08 15:08:43,629 : INFO : EventManager : Event: ======'machine_var_audits_switches_s_spacewarp_rollover'====== Args={'value': 48, 'prev_value': None, 'change': True}
2025-05-08 15:08:43,629 : INFO : EventManager : Event: ======'machine_var_audits_switches_s_start'====== Args={'value': 7, 'prev_value': None, 'change': True}
2025-05-08 15:08:43,629 : INFO : EventManager : Event: ======'machine_var_audits_switches_s_trough1'====== Args={'value': 30, 'prev_value': None, 'change': True}
2025-05-08 15:08:43,630 : INFO : EventManager : Event: ======'machine_var_audits_switches_s_trough2'====== Args={'value': 0, 'prev_value': None, 'change': True}
2025-05-08 15:08:43,630 : INFO : EventManager : Event: ======'machine_var_audits_switches_s_trough3'====== Args={'value': 0, 'prev_value': None, 'change': True}
2025-05-08 15:08:43,630 : INFO : EventManager : Event: ======'machine_var_audits_switches_s_trough4'====== Args={'value': 0, 'prev_value': None, 'change': True}
2025-05-08 15:08:43,630 : INFO : EventManager : Event: ======'machine_var_audits_switches_s_trough5'====== Args={'value': 0, 'prev_value': None, 'change': True}
2025-05-08 15:08:43,630 : INFO : EventManager : Event: ======'machine_var_audits_switches_s_trough6'====== Args={'value': 0, 'prev_value': None, 'change': True}
2025-05-08 15:08:43,631 : INFO : EventManager : Event: ======'machine_var_audits_switches_s_trough_jam'====== Args={'value': 0, 'prev_value': None, 'change': True}
2025-05-08 15:08:43,631 : INFO : EventManager : Event: ======'machine_var_audits_switches_s_upper_attack_bumper'====== Args={'value': 393, 'prev_value': None, 'change': True}
2025-05-08 15:08:43,631 : INFO : EventManager : Event: ======'machine_var_audits_switches_s_upper_left_rebound'====== Args={'value': 0, 'prev_value': None, 'change': True}
2025-05-08 15:08:43,631 : INFO : EventManager : Event: ======'machine_var_audits_switches_s_upper_right_rebound'====== Args={'value': 0, 'prev_value': None, 'change': True}
2025-05-08 15:08:43,632 : INFO : EventManager : Event: ======'machine_var_audits_switches_s_wormhole_target'====== Args={'value': 81, 'prev_value': None, 'change': True}
2025-05-08 15:08:43,632 : INFO : EventManager : Event: ======'machine_var_audits_switches_s_yellow_wormhole'====== Args={'value': 0, 'prev_value': None, 'change': True}
2025-05-08 15:08:43,633 : INFO : EventManager : Event: ======'init_phase_5'====== Args={}
2025-05-08 15:08:43,650 : INFO : EventManager : Event: ======'init_done'====== Args={}
2025-05-08 15:08:43,651 : INFO : EventManager : Event: ======'machine_reset_phase_1'====== Args={}
2025-05-08 15:08:43,661 : INFO : EventManager : Event: ======'slide_welcome_slide_removed'====== Args={'_from_bcp': True}
2025-05-08 15:08:43,664 : INFO : EventManager : Event: ======'slide_welcome_slide_created'====== Args={'_from_bcp': True}
2025-05-08 15:08:43,665 : INFO : EventManager : Event: ======'machine_reset_phase_2'====== Args={}
2025-05-08 15:08:43,665 : INFO : EventManager : Event: ======'machine_reset_phase_3'====== Args={}
2025-05-08 15:08:43,665 : INFO : EventManager : Event: ======'slide_welcome_slide_active'====== Args={'_from_bcp': True}
2025-05-08 15:08:43,666 : INFO : EventManager : Event: ======'reset_complete'====== Args={}
2025-05-08 15:08:43,666 : INFO : EventManager : Event: ======'mode_attract_will_start'====== Args={}
2025-05-08 15:08:43,667 : INFO : EventManager : Event: ======'mode_attract_starting'====== Args={}
2025-05-08 15:08:43,667 : INFO : Mode.attract : Started. Priority: 10
2025-05-08 15:08:43,667 : INFO : EventManager : Event: ======'modes_active_modes_changed'====== Args={}
2025-05-08 15:08:43,667 : INFO : EventManager : Event: ======'mode_attract_started'====== Args={}
2025-05-08 15:08:43,668 : INFO : EventManager : Event: ======'collecting_balls_complete'====== Args={}
2025-05-08 15:08:43,691 : INFO : EventManager : Event: ======'slide_awesome_slide_created'====== Args={'_from_bcp': True}
2025-05-08 15:08:43,691 : INFO : EventManager : Event: ======'slide_awesome_slide_active'====== Args={'_from_bcp': True}
2025-05-08 15:08:43,692 : INFO : Machine : Starting the main run loop with active modes: [<Mode.attract>]
2025-05-08 15:08:46,676 : INFO : EventManager : Event: ======'slide_press_start_created'====== Args={'_from_bcp': True}
2025-05-08 15:08:46,677 : INFO : EventManager : Event: ======'slide_press_start_active'====== Args={'_from_bcp': True}
2025-05-08 15:08:49,566 : INFO : SwitchController : <<<<<<< 's_lower_attack_bumper' active >>>>>>>
2025-05-08 15:08:49,566 : INFO : EventManager : Event: ======'playfield_active'====== Args={'source': 'attack_bumper_lower_shot'}
2025-05-08 15:08:49,566 : INFO : EventManager : Event: ======'unexpected_ball_on_playfield'====== Args={}
2025-05-08 15:08:49,614 : INFO : SwitchController : <<<<<<< 's_lower_attack_bumper' inactive >>>>>>>
2025-05-08 15:08:49,666 : INFO : EventManager : Event: ======'slide_mission_pinball_created'====== Args={'_from_bcp': True}
2025-05-08 15:08:49,667 : INFO : EventManager : Event: ======'slide_mission_pinball_active'====== Args={'_from_bcp': True}
2025-05-08 15:08:49,772 : INFO : SwitchController : <<<<<<< 's_lower_attack_bumper' active >>>>>>>
2025-05-08 15:08:49,772 : INFO : EventManager : Event: ======'playfield_active'====== Args={'source': 'attack_bumper_lower_shot'}
2025-05-08 15:08:49,772 : INFO : EventManager : Event: ======'unexpected_ball_on_playfield'====== Args={}
2025-05-08 15:08:49,837 : INFO : SwitchController : <<<<<<< 's_lower_attack_bumper' inactive >>>>>>>
2025-05-08 15:08:49,995 : INFO : SwitchController : <<<<<<< 's_lower_attack_bumper' active >>>>>>>
2025-05-08 15:08:49,995 : INFO : EventManager : Event: ======'playfield_active'====== Args={'source': 'attack_bumper_lower_shot'}
2025-05-08 15:08:49,995 : INFO : EventManager : Event: ======'unexpected_ball_on_playfield'====== Args={}
2025-05-08 15:08:50,045 : INFO : SwitchController : <<<<<<< 's_lower_attack_bumper' inactive >>>>>>>
2025-05-08 15:08:50,171 : INFO : SwitchController : <<<<<<< 's_lower_attack_bumper' active >>>>>>>
2025-05-08 15:08:50,171 : INFO : EventManager : Event: ======'playfield_active'====== Args={'source': 'attack_bumper_lower_shot'}
2025-05-08 15:08:50,171 : INFO : EventManager : Event: ======'unexpected_ball_on_playfield'====== Args={}
2025-05-08 15:08:50,250 : INFO : SwitchController : <<<<<<< 's_lower_attack_bumper' inactive >>>>>>>
2025-05-08 15:08:50,377 : INFO : SwitchController : <<<<<<< 's_lower_attack_bumper' active >>>>>>>
2025-05-08 15:08:50,377 : INFO : EventManager : Event: ======'playfield_active'====== Args={'source': 'attack_bumper_lower_shot'}
2025-05-08 15:08:50,377 : INFO : EventManager : Event: ======'unexpected_ball_on_playfield'====== Args={}
2025-05-08 15:08:50,471 : INFO : SwitchController : <<<<<<< 's_lower_attack_bumper' inactive >>>>>>>
2025-05-08 15:08:50,583 : INFO : SwitchController : <<<<<<< 's_lower_attack_bumper' active >>>>>>>
2025-05-08 15:08:50,583 : INFO : EventManager : Event: ======'playfield_active'====== Args={'source': 'attack_bumper_lower_shot'}
2025-05-08 15:08:50,583 : INFO : EventManager : Event: ======'unexpected_ball_on_playfield'====== Args={}
2025-05-08 15:08:50,677 : INFO : SwitchController : <<<<<<< 's_lower_attack_bumper' inactive >>>>>>>
2025-05-08 15:08:50,789 : INFO : SwitchController : <<<<<<< 's_lower_attack_bumper' active >>>>>>>
2025-05-08 15:08:50,789 : INFO : EventManager : Event: ======'playfield_active'====== Args={'source': 'attack_bumper_lower_shot'}
2025-05-08 15:08:50,789 : INFO : EventManager : Event: ======'unexpected_ball_on_playfield'====== Args={}
2025-05-08 15:08:50,883 : INFO : SwitchController : <<<<<<< 's_lower_attack_bumper' inactive >>>>>>>
2025-05-08 15:08:50,982 : INFO : SwitchController : <<<<<<< 's_lower_attack_bumper' active >>>>>>>
2025-05-08 15:08:50,982 : INFO : EventManager : Event: ======'playfield_active'====== Args={'source': 'attack_bumper_lower_shot'}
2025-05-08 15:08:50,982 : INFO : EventManager : Event: ======'unexpected_ball_on_playfield'====== Args={}
2025-05-08 15:08:51,058 : INFO : SwitchController : <<<<<<< 's_lower_attack_bumper' inactive >>>>>>>
2025-05-08 15:08:51,170 : INFO : SwitchController : <<<<<<< 's_lower_attack_bumper' active >>>>>>>
2025-05-08 15:08:51,170 : INFO : EventManager : Event: ======'playfield_active'====== Args={'source': 'attack_bumper_lower_shot'}
2025-05-08 15:08:51,170 : INFO : EventManager : Event: ======'unexpected_ball_on_playfield'====== Args={}
2025-05-08 15:08:51,249 : INFO : SwitchController : <<<<<<< 's_lower_attack_bumper' inactive >>>>>>>
2025-05-08 15:08:52,665 : INFO : EventManager : Event: ======'slide_last_game_score_slide_created'====== Args={'_from_bcp': True}
2025-05-08 15:08:52,665 : INFO : EventManager : Event: ======'slide_last_game_score_slide_active'====== Args={'_from_bcp': True}
2025-05-08 15:08:55,657 : INFO : EventManager : Event: ======'slide_awesome_slide_removed'====== Args={'_from_bcp': True}
2025-05-08 15:08:55,661 : INFO : EventManager : Event: ======'slide_awesome_slide_created'====== Args={'_from_bcp': True}
2025-05-08 15:08:55,662 : INFO : EventManager : Event: ======'slide_awesome_slide_active'====== Args={'_from_bcp': True}
2025-05-08 15:08:58,208 : INFO : SwitchController : <<<<<<< 's_right_flipper' active >>>>>>>
2025-05-08 15:08:58,336 : INFO : SwitchController : <<<<<<< 's_right_flipper' inactive >>>>>>>
2025-05-08 15:08:58,399 : INFO : SwitchController : <<<<<<< 's_right_flipper' active >>>>>>>
2025-05-08 15:08:58,526 : INFO : SwitchController : <<<<<<< 's_right_flipper' inactive >>>>>>>
2025-05-08 15:08:58,589 : INFO : SwitchController : <<<<<<< 's_right_flipper' active >>>>>>>
2025-05-08 15:08:58,621 : INFO : SwitchController : <<<<<<< 's_right_flipper' inactive >>>>>>>
2025-05-08 15:08:58,669 : INFO : EventManager : Event: ======'slide_press_start_removed'====== Args={'_from_bcp': True}
2025-05-08 15:08:58,671 : INFO : EventManager : Event: ======'slide_press_start_created'====== Args={'_from_bcp': True}
2025-05-08 15:08:58,671 : INFO : EventManager : Event: ======'slide_press_start_active'====== Args={'_from_bcp': True}
2025-05-08 15:08:59,185 : INFO : SwitchController : <<<<<<< 's_start' active >>>>>>>
2025-05-08 15:08:59,322 : INFO : SwitchController : <<<<<<< 's_start' inactive >>>>>>>
2025-05-08 15:08:59,322 : INFO : EventManager : Event: ======'request_to_start_game'====== Args={}
2025-05-08 15:08:59,323 : INFO : EventManager : Event: ======'game_start'====== Args={'buttons': [], 'hold_time': 0.125}
2025-05-08 15:08:59,323 : INFO : EventManager : Event: ======'mode_game_will_start'====== Args={'buttons': [], 'hold_time': 0.125}
2025-05-08 15:08:59,323 : INFO : EventManager : Event: ======'mode_game_starting'====== Args={'buttons': [], 'hold_time': 0.125}
2025-05-08 15:08:59,323 : INFO : EventManager : Event: ======'mode_attract_will_stop'====== Args={}
2025-05-08 15:08:59,323 : INFO : EventManager : Event: ======'mode_attract_stopping'====== Args={}
2025-05-08 15:08:59,323 : INFO : Mode.attract : Stopped.
2025-05-08 15:08:59,323 : INFO : EventManager : Event: ======'modes_active_modes_changed'====== Args={}
2025-05-08 15:08:59,324 : INFO : EventManager : Event: ======'mode_attract_stopped'====== Args={}
2025-05-08 15:08:59,324 : INFO : EventManager : Event: ======'clear'====== Args={'key': 'attract'}
2025-05-08 15:08:59,324 : INFO : Mode.game : Started. Priority: 20
2025-05-08 15:08:59,324 : INFO : EventManager : Event: ======'modes_active_modes_changed'====== Args={}
2025-05-08 15:08:59,324 : INFO : EventManager : Event: ======'mode_game_started'====== Args={'buttons': [], 'hold_time': 0.125}
2025-05-08 15:08:59,330 : INFO : EventManager : Event: ======'game_will_start'====== Args={}
2025-05-08 15:08:59,330 : INFO : EventManager : Event: ======'game_starting'====== Args={'game': <Mode.game>}
2025-05-08 15:08:59,332 : INFO : EventManager : Unordered handler for class <Auditor> on event game_ended with priority 1. Handlers: [RegisteredHandler(callback=<bound method Auditor.disable of <Auditor>>, priority=1, kwargs={}, key=UUID('dd7719dd-025c-4b91-b573-c307b42dafe4'), condition=None, blocking_facility=None), RegisteredHandler(callback=<bound method Auditor._save_audits of <Auditor>>, priority=1, kwargs={}, key=UUID('c45f5d16-2232-4998-9ccc-09eaaf0cc9c2'), condition=None, blocking_facility=None)]. The order of those handlers is not defined and they will be executed in random order. This might lead to race conditions and potential bugs.
2025-05-08 15:08:59,332 : INFO : EventManager : Event: ======'player_add_request'====== Args={}
2025-05-08 15:08:59,332 : INFO : EventManager : Event: ======'player_will_add'====== Args={'number': 1}
2025-05-08 15:08:59,332 : INFO : EventManager : Event: ======'player_adding'====== Args={'player': <Player 1>, 'number': 1}
2025-05-08 15:08:59,332 : INFO : EventManager : Event: ======'player_added'====== Args={'player': <Player 1>, 'num': 1}
2025-05-08 15:08:59,332 : INFO : Mode.game : Player added successfully. Total players: 1
2025-05-08 15:08:59,332 : INFO : EventManager : Event: ======'player_index'====== Args={'value': 0, 'prev_value': 0, 'change': 0, 'player_num': 1}
2025-05-08 15:08:59,332 : INFO : EventManager : Event: ======'player_number'====== Args={'value': 1, 'prev_value': 1, 'change': 0, 'player_num': 1}
2025-05-08 15:08:59,332 : INFO : EventManager : Event: ======'player_score'====== Args={'value': 0, 'prev_value': 0, 'change': 0, 'player_num': 1}
2025-05-08 15:08:59,333 : INFO : EventManager : Event: ======'game_started'====== Args={}
2025-05-08 15:08:59,339 : INFO : EventManager : Event: ======'player_turn_will_start'====== Args={'player': <Player 1>, 'number': 1}
2025-05-08 15:08:59,344 : INFO : EventManager : Event: ======'slide_mission_pinball_removed'====== Args={'_from_bcp': True}
2025-05-08 15:08:59,344 : INFO : EventManager : Event: ======'slide_last_game_score_slide_removed'====== Args={'_from_bcp': True}
2025-05-08 15:08:59,344 : INFO : EventManager : Event: ======'slide_awesome_slide_removed'====== Args={'_from_bcp': True}
2025-05-08 15:08:59,344 : INFO : EventManager : Event: ======'slide_press_start_removed'====== Args={'_from_bcp': True}
2025-05-08 15:08:59,344 : INFO : EventManager : Event: ======'slide_welcome_slide_active'====== Args={'_from_bcp': True}
2025-05-08 15:08:59,345 : INFO : EventManager : Event: ======'player_turn_starting'====== Args={'player': <Player 1>, 'number': 1}
2025-05-08 15:08:59,345 : INFO : EventManager : Event: ======'player_ball'====== Args={'value': 1, 'prev_value': 0, 'change': 1, 'player_num': 1}
2025-05-08 15:08:59,345 : INFO : EventManager : Event: ======'player_turn_started'====== Args={'player': <Player 1>, 'number': 1}
2025-05-08 15:08:59,346 : INFO : EventManager : Event: ======'ball_will_start'====== Args={'player': 1, 'ball': 1, 'balls_remaining': 2, 'is_extra_ball': False}
2025-05-08 15:08:59,348 : INFO : EventManager : Event: ======'ball_starting'====== Args={'player': 1, 'ball': 1, 'balls_remaining': 2, 'is_extra_ball': False}
2025-05-08 15:08:59,348 : INFO : EventManager : Event: ======'mode_base_will_start'====== Args={'queue': <QueuedEvent>, 'player': 1, 'ball': 1, 'balls_remaining': 2, 'is_extra_ball': False}
2025-05-08 15:08:59,349 : INFO : EventManager : Event: ======'mode_base_starting'====== Args={'queue': <QueuedEvent>, 'player': 1, 'ball': 1, 'balls_remaining': 2, 'is_extra_ball': False}
2025-05-08 15:08:59,349 : INFO : Mode.base : Started. Priority: 100
2025-05-08 15:08:59,349 : INFO : EventManager : Event: ======'modes_active_modes_changed'====== Args={}
2025-05-08 15:08:59,349 : INFO : EventManager : Event: ======'mode_base_started'====== Args={'queue': <QueuedEvent>, 'player': 1, 'ball': 1, 'balls_remaining': 2, 'is_extra_ball': False}
2025-05-08 15:08:59,349 : INFO : EventManager : Event: ======'balls_in_play'====== Args={'balls': 1}
2025-05-08 15:08:59,349 : INFO : EventManager : Event: ======'ball_started'====== Args={'player': 1, 'ball': 1, 'balls_remaining': 2, 'is_extra_ball': False}
2025-05-08 15:08:59,351 : INFO : EventManager : Event: ======'mode_returnlanes_will_start'====== Args={'player': 1, 'ball': 1, 'balls_remaining': 2, 'is_extra_ball': False}
2025-05-08 15:08:59,351 : INFO : EventManager : Event: ======'player_shot_returnLaneL_shot_enabled'====== Args={'value': True, 'prev_value': 0, 'change': 1, 'player_num': 1}
2025-05-08 15:08:59,351 : INFO : EventManager : Event: ======'player_shot_returnLaneR_shot_enabled'====== Args={'value': True, 'prev_value': 0, 'change': 1, 'player_num': 1}
2025-05-08 15:08:59,351 : INFO : EventManager : Event: ======'player_shot_spacewarp_rollover_shot_enabled'====== Args={'value': True, 'prev_value': 0, 'change': 1, 'player_num': 1}
2025-05-08 15:08:59,351 : INFO : EventManager : Event: ======'returnLane_shot_complete'====== Args={'state': 'unlit'}
2025-05-08 15:08:59,351 : INFO : EventManager : Event: ======'returnLane_shot_unlit_complete'====== Args={}
2025-05-08 15:08:59,352 : INFO : EventManager : Event: ======'mode_returnlanes_starting'====== Args={'player': 1, 'ball': 1, 'balls_remaining': 2, 'is_extra_ball': False}
2025-05-08 15:08:59,352 : INFO : EventManager : Event: ======'mode_reentry_will_start'====== Args={'player': 1, 'ball': 1, 'balls_remaining': 2, 'is_extra_ball': False}
2025-05-08 15:08:59,352 : INFO : EventManager : Event: ======'player_shot_reentryL_shot_enabled'====== Args={'value': True, 'prev_value': 0, 'change': 1, 'player_num': 1}
2025-05-08 15:08:59,353 : INFO : EventManager : Event: ======'player_shot_reentryM_shot_enabled'====== Args={'value': True, 'prev_value': 0, 'change': 1, 'player_num': 1}
2025-05-08 15:08:59,353 : INFO : EventManager : Event: ======'player_shot_reentryR_shot_enabled'====== Args={'value': True, 'prev_value': 0, 'change': 1, 'player_num': 1}
2025-05-08 15:08:59,353 : INFO : EventManager : Event: ======'player_shot_attack_bumper_left_shot_enabled'====== Args={'value': True, 'prev_value': 0, 'change': 1, 'player_num': 1}
2025-05-08 15:08:59,353 : INFO : EventManager : Event: ======'player_shot_attack_bumper_upper_shot_enabled'====== Args={'value': True, 'prev_value': 0, 'change': 1, 'player_num': 1}
2025-05-08 15:08:59,353 : INFO : EventManager : Event: ======'player_shot_attack_bumper_lower_shot_enabled'====== Args={'value': True, 'prev_value': 0, 'change': 1, 'player_num': 1}
2025-05-08 15:08:59,354 : INFO : EventManager : Event: ======'reentry_shot_complete'====== Args={'state': 'off'}
2025-05-08 15:08:59,354 : INFO : EventManager : Event: ======'reentry_shot_off_complete'====== Args={}
2025-05-08 15:08:59,354 : INFO : EventManager : Event: ======'attack_bumper_shot_complete'====== Args={'state': 'unlit'}
2025-05-08 15:08:59,354 : INFO : EventManager : Event: ======'attack_bumper_shot_unlit_complete'====== Args={}
2025-05-08 15:08:59,355 : INFO : EventManager : Event: ======'mode_reentry_starting'====== Args={'player': 1, 'ball': 1, 'balls_remaining': 2, 'is_extra_ball': False}
2025-05-08 15:08:59,355 : INFO : EventManager : Event: ======'mode_lowerlanes_will_start'====== Args={'player': 1, 'ball': 1, 'balls_remaining': 2, 'is_extra_ball': False}
2025-05-08 15:08:59,355 : INFO : EventManager : Event: ======'player_shot_bonusLane_shot_enabled'====== Args={'value': True, 'prev_value': 0, 'change': 1, 'player_num': 1}
2025-05-08 15:08:59,355 : INFO : EventManager : Event: ======'player_shot_outLaneL_shot_enabled'====== Args={'value': True, 'prev_value': 0, 'change': 1, 'player_num': 1}
2025-05-08 15:08:59,356 : INFO : EventManager : Event: ======'player_shot_outLaneR_shot_enabled'====== Args={'value': True, 'prev_value': 0, 'change': 1, 'player_num': 1}
2025-05-08 15:08:59,356 : INFO : EventManager : Event: ======'outLane_shot_complete'====== Args={'state': 'unlit'}
2025-05-08 15:08:59,356 : INFO : EventManager : Event: ======'outLane_shot_unlit_complete'====== Args={}
2025-05-08 15:08:59,356 : INFO : EventManager : Event: ======'mode_lowerlanes_starting'====== Args={'player': 1, 'ball': 1, 'balls_remaining': 2, 'is_extra_ball': False}
2025-05-08 15:08:59,357 : INFO : Mode.lowerlanes : Started. Priority: 200
2025-05-08 15:08:59,357 : INFO : EventManager : Event: ======'modes_active_modes_changed'====== Args={}
2025-05-08 15:08:59,357 : INFO : EventManager : Event: ======'mode_lowerlanes_started'====== Args={'player': 1, 'ball': 1, 'balls_remaining': 2, 'is_extra_ball': False}
2025-05-08 15:08:59,357 : INFO : Mode.returnlanes : Started. Priority: 200
2025-05-08 15:08:59,357 : INFO : EventManager : Event: ======'modes_active_modes_changed'====== Args={}
2025-05-08 15:08:59,357 : INFO : EventManager : Event: ======'mode_returnlanes_started'====== Args={'player': 1, 'ball': 1, 'balls_remaining': 2, 'is_extra_ball': False}
2025-05-08 15:08:59,379 : INFO : EventManager : Event: ======'logicblock_reentry_shot_complete_count_updated'====== Args={'value': 1, 'enabled': True}
2025-05-08 15:08:59,380 : INFO : EventManager : Event: ======'logicblock_reentry_shot_complete_count_updated'====== Args={'value': 1, 'enabled': True}
2025-05-08 15:08:59,380 : INFO : Mode.reentry : Started. Priority: 200
2025-05-08 15:08:59,380 : INFO : EventManager : Event: ======'modes_active_modes_changed'====== Args={}
2025-05-08 15:08:59,380 : INFO : EventManager : Event: ======'mode_reentry_started'====== Args={'player': 1, 'ball': 1, 'balls_remaining': 2, 'is_extra_ball': False}
2025-05-08 15:08:59,380 : INFO : EventManager : Event: ======'player_attack_bumper_count'====== Args={'value': 1, 'prev_value': 0, 'change': 1, 'player_num': 1, 'source': 'reentry'}
2025-05-08 15:08:59,380 : INFO : EventManager : Event: ======'single_player_ball_started'====== Args={}
2025-05-08 15:08:59,382 : INFO : EventManager : Event: ======'slide_base.slide_player-mode_base_started_created'====== Args={'_from_bcp': True}
2025-05-08 15:08:59,382 : INFO : EventManager : Event: ======'slide__global.slide_player-ball_started_created'====== Args={'_from_bcp': True}
2025-05-08 15:08:59,382 : INFO : EventManager : Event: ======'slide_base.slide_player-mode_base_started_active'====== Args={'_from_bcp': True}
2025-05-08 15:08:59,401 : INFO : EventManager : Event: ======'ball_start_target'====== Args={'target': 'playfield'}
2025-05-08 15:08:59,402 : INFO : ball_device.bd_plunger : Setting up player-controlled eject. Balls: 1, Target: <playfield.playfield>, player_controlled_eject_event: None
2025-05-08 15:08:59,402 : INFO : EventManager : Event: ======'balldevice_balls_available'====== Args={}
2025-05-08 15:08:59,403 : INFO : ball_device.bd_trough : State: waiting_for_target_ready
2025-05-08 15:08:59,403 : INFO : EventManager : Event: ======'balldevice_bd_trough_ball_eject_attempt'====== Args={'balls': 1, 'target': <ball_device.bd_plunger>, 'source': <ball_device.bd_trough>, 'mechanical_eject': True, 'num_attempts': 0}
2025-05-08 15:08:59,403 : INFO : ball_device.bd_plunger : State: waiting_for_ball
2025-05-08 15:08:59,404 : INFO : ball_device.bd_trough : State: ejecting
2025-05-08 15:08:59,404 : INFO : ball_device.bd_trough : Ejecting ball to <ball_device.bd_plunger>
2025-05-08 15:08:59,404 : INFO : EventManager : Event: ======'balldevice_bd_trough_ejecting_ball'====== Args={'balls': 1, 'target': <ball_device.bd_plunger>, 'source': <ball_device.bd_trough>, 'mechanical_eject': True, 'num_attempts': 0}
2025-05-08 15:08:59,405 : INFO : ball_device.bd_trough : Wait for ball to leave device
2025-05-08 15:08:59,405 : INFO : coil.c_trough_eject : Pulsing Driver for 10ms (1.0 pulse_power)
2025-05-08 15:09:01,492 : INFO : SwitchController : <<<<<<< 's_right_flipper' active >>>>>>>
2025-05-08 15:09:01,492 : INFO : EventManager : Event: ======'s_right_flipper_active'====== Args={}
2025-05-08 15:09:01,492 : INFO : EventManager : Event: ======'machine_var_audits_switches_s_right_flipper'====== Args={'value': 2530, 'prev_value': 2529, 'change': 1}
2025-05-08 15:09:01,618 : INFO : SwitchController : <<<<<<< 's_right_flipper' inactive >>>>>>>
2025-05-08 15:09:03,365 : INFO : SwitchController : <<<<<<< 's_lower_attack_bumper' active >>>>>>>
2025-05-08 15:09:03,365 : INFO : EventManager : Event: ======'playfield_active'====== Args={'source': 'attack_bumper_lower_shot'}
2025-05-08 15:09:03,365 : INFO : EventManager : Event: ======'unexpected_ball_on_playfield'====== Args={}
2025-05-08 15:09:03,365 : INFO : EventManager : Event: ======'s_lower_attack_bumper_active'====== Args={}
2025-05-08 15:09:03,365 : INFO : EventManager : Event: ======'playfield_active'====== Args={'source': 'lower_attack_bumper'}
2025-05-08 15:09:03,365 : INFO : EventManager : Event: ======'unexpected_ball_on_playfield'====== Args={}
2025-05-08 15:09:03,365 : INFO : EventManager : Event: ======'machine_var_audits_switches_s_lower_attack_bumper'====== Args={'value': 272, 'prev_value': 271, 'change': 1}
2025-05-08 15:09:03,367 : INFO : EventManager : Event: ======'player_shot_attack_bumper_lower_shot'====== Args={'value': 1, 'prev_value': 0, 'change': 1, 'player_num': 1}
2025-05-08 15:09:03,367 : INFO : EventManager : Event: ======'machine_var_audits_shots_attack_bumper_lower_shot'====== Args={'value': 24, 'prev_value': 23, 'change': 1}
2025-05-08 15:09:03,367 : INFO : EventManager : Event: ======'attack_bumper_lower_shot_hit'====== Args={'profile': 'default', 'state': 'unlit', 'advancing': True}
2025-05-08 15:09:03,367 : INFO : EventManager : Event: ======'attack_bumper_lower_shot_default_hit'====== Args={'profile': 'default', 'state': 'unlit', 'advancing': True}
2025-05-08 15:09:03,367 : INFO : EventManager : Event: ======'attack_bumper_lower_shot_default_unlit_hit'====== Args={'profile': 'default', 'state': 'unlit', 'advancing': True}
2025-05-08 15:09:03,367 : INFO : EventManager : Event: ======'attack_bumper_lower_shot_unlit_hit'====== Args={'profile': 'default', 'state': 'unlit', 'advancing': True}
2025-05-08 15:09:03,368 : INFO : EventManager : Event: ======'attack_bumper_shot_hit'====== Args={}
2025-05-08 15:09:03,368 : INFO : EventManager : Event: ======'attack_bumper_shot_unlit_hit'====== Args={}
2025-05-08 15:09:03,368 : INFO : EventManager : Event: ======'player_score'====== Args={'value': 500, 'prev_value': 0, 'change': 500, 'player_num': 1, 'source': 'reentry'}
2025-05-08 15:09:03,394 : INFO : SwitchController : <<<<<<< 's_lower_attack_bumper' inactive >>>>>>>
2025-05-08 15:09:09,412 : INFO : EventManager : Event: ======'balldevice_bd_trough_ball_eject_failed'====== Args={'target': <ball_device.bd_plunger>, 'balls': 1, 'retry': True, 'num_attempts': 1}
2025-05-08 15:09:09,413 : INFO : ball_device.bd_trough : State: waiting_for_target_ready
2025-05-08 15:09:09,414 : INFO : EventManager : Event: ======'balldevice_bd_trough_ball_eject_attempt'====== Args={'balls': 1, 'target': <ball_device.bd_plunger>, 'source': <ball_device.bd_trough>, 'mechanical_eject': True, 'num_attempts': 1}
2025-05-08 15:09:09,414 : INFO : ball_device.bd_trough : State: ejecting
2025-05-08 15:09:09,414 : INFO : ball_device.bd_trough : Ejecting ball to <ball_device.bd_plunger>
2025-05-08 15:09:09,414 : INFO : EventManager : Event: ======'balldevice_bd_trough_ejecting_ball'====== Args={'balls': 1, 'target': <ball_device.bd_plunger>, 'source': <ball_device.bd_trough>, 'mechanical_eject': True, 'num_attempts': 1}
2025-05-08 15:09:09,415 : INFO : ball_device.bd_trough : Wait for ball to leave device
2025-05-08 15:09:09,416 : INFO : coil.c_trough_eject : Pulsing Driver for 10ms (1.0 pulse_power)
2025-05-08 15:09:11,912 : INFO : SwitchController : <<<<<<< 's_hyperspacekicker' active >>>>>>>
2025-05-08 15:09:11,912 : INFO : EventManager : Event: ======'playfield_active'====== Args={'source': 'hyperspacekicker'}
2025-05-08 15:09:11,912 : INFO : EventManager : Event: ======'unexpected_ball_on_playfield'====== Args={}
2025-05-08 15:09:11,912 : INFO : EventManager : Event: ======'machine_var_audits_switches_s_hyperspacekicker'====== Args={'value': 28, 'prev_value': 27, 'change': 1}
2025-05-08 15:09:12,095 : INFO : SwitchController : <<<<<<< 's_hyperspacekicker' inactive >>>>>>>
2025-05-08 15:09:12,192 : INFO : SwitchController : <<<<<<< 's_hyperspacekicker' active >>>>>>>
2025-05-08 15:09:12,192 : INFO : EventManager : Event: ======'playfield_active'====== Args={'source': 'hyperspacekicker'}
2025-05-08 15:09:12,192 : INFO : EventManager : Event: ======'unexpected_ball_on_playfield'====== Args={}
2025-05-08 15:09:12,192 : INFO : EventManager : Event: ======'machine_var_audits_switches_s_hyperspacekicker'====== Args={'value': 29, 'prev_value': 28, 'change': 1}
2025-05-08 15:09:12,316 : INFO : SwitchController : <<<<<<< 's_hyperspacekicker' inactive >>>>>>>
2025-05-08 15:09:12,490 : INFO : SwitchController : <<<<<<< 's_hyperspacekicker' active >>>>>>>
2025-05-08 15:09:12,490 : INFO : EventManager : Event: ======'playfield_active'====== Args={'source': 'hyperspacekicker'}
2025-05-08 15:09:12,490 : INFO : EventManager : Event: ======'unexpected_ball_on_playfield'====== Args={}
2025-05-08 15:09:12,490 : INFO : EventManager : Event: ======'machine_var_audits_switches_s_hyperspacekicker'====== Args={'value': 30, 'prev_value': 29, 'change': 1}
2025-05-08 15:09:12,543 : INFO : SwitchController : <<<<<<< 's_hyperspacekicker' inactive >>>>>>>
2025-05-08 15:09:12,725 : INFO : SwitchController : <<<<<<< 's_hyperspacekicker' active >>>>>>>
2025-05-08 15:09:12,725 : INFO : EventManager : Event: ======'playfield_active'====== Args={'source': 'hyperspacekicker'}
2025-05-08 15:09:12,725 : INFO : EventManager : Event: ======'unexpected_ball_on_playfield'====== Args={}
2025-05-08 15:09:12,725 : INFO : EventManager : Event: ======'machine_var_audits_switches_s_hyperspacekicker'====== Args={'value': 31, 'prev_value': 30, 'change': 1}
2025-05-08 15:09:12,792 : INFO : SwitchController : <<<<<<< 's_hyperspacekicker' inactive >>>>>>>
2025-05-08 15:09:14,424 : INFO : SwitchController : <<<<<<< 's_hyperspacekicker' active >>>>>>>
2025-05-08 15:09:14,424 : INFO : EventManager : Event: ======'playfield_active'====== Args={'source': 'hyperspacekicker'}
2025-05-08 15:09:14,424 : INFO : EventManager : Event: ======'unexpected_ball_on_playfield'====== Args={}
2025-05-08 15:09:14,424 : INFO : EventManager : Event: ======'machine_var_audits_switches_s_hyperspacekicker'====== Args={'value': 32, 'prev_value': 31, 'change': 1}
2025-05-08 15:09:14,439 : INFO : SwitchController : <<<<<<< 's_hyperspacekicker' inactive >>>>>>>
2025-05-08 15:09:14,678 : INFO : SwitchController : <<<<<<< 's_hyperspacekicker' active >>>>>>>
2025-05-08 15:09:14,678 : INFO : EventManager : Event: ======'playfield_active'====== Args={'source': 'hyperspacekicker'}
2025-05-08 15:09:14,678 : INFO : EventManager : Event: ======'unexpected_ball_on_playfield'====== Args={}
2025-05-08 15:09:14,678 : INFO : EventManager : Event: ======'machine_var_audits_switches_s_hyperspacekicker'====== Args={'value': 33, 'prev_value': 32, 'change': 1}
2025-05-08 15:09:14,709 : INFO : SwitchController : <<<<<<< 's_hyperspacekicker' inactive >>>>>>>
2025-05-08 15:09:19,405 : INFO : EventManager : Event: ======'balldevice_bd_trough_ball_eject_failed'====== Args={'target': <ball_device.bd_plunger>, 'balls': 1, 'retry': True, 'num_attempts': 2}
2025-05-08 15:09:19,406 : INFO : ball_device.bd_trough : State: waiting_for_target_ready
2025-05-08 15:09:19,406 : INFO : EventManager : Event: ======'balldevice_bd_trough_ball_eject_attempt'====== Args={'balls': 1, 'target': <ball_device.bd_plunger>, 'source': <ball_device.bd_trough>, 'mechanical_eject': True, 'num_attempts': 2}
2025-05-08 15:09:19,407 : INFO : ball_device.bd_trough : State: ejecting
2025-05-08 15:09:19,407 : INFO : ball_device.bd_trough : Ejecting ball to <ball_device.bd_plunger>
2025-05-08 15:09:19,407 : INFO : EventManager : Event: ======'balldevice_bd_trough_ejecting_ball'====== Args={'balls': 1, 'target': <ball_device.bd_plunger>, 'source': <ball_device.bd_trough>, 'mechanical_eject': True, 'num_attempts': 2}
2025-05-08 15:09:19,408 : INFO : ball_device.bd_trough : Wait for ball to leave device
2025-05-08 15:09:19,408 : INFO : coil.c_trough_eject : Pulsing Driver for 10ms (1.0 pulse_power)
2025-05-08 15:09:29,404 : INFO : EventManager : Event: ======'balldevice_bd_trough_ball_eject_failed'====== Args={'target': <ball_device.bd_plunger>, 'balls': 1, 'retry': True, 'num_attempts': 3}
2025-05-08 15:09:29,405 : INFO : ball_device.bd_trough : State: waiting_for_target_ready
2025-05-08 15:09:29,405 : INFO : EventManager : Event: ======'balldevice_bd_trough_ball_eject_attempt'====== Args={'balls': 1, 'target': <ball_device.bd_plunger>, 'source': <ball_device.bd_trough>, 'mechanical_eject': True, 'num_attempts': 3}
2025-05-08 15:09:29,405 : INFO : ball_device.bd_trough : State: ejecting
2025-05-08 15:09:29,405 : INFO : ball_device.bd_trough : Ejecting ball to <ball_device.bd_plunger>
2025-05-08 15:09:29,405 : INFO : EventManager : Event: ======'balldevice_bd_trough_ejecting_ball'====== Args={'balls': 1, 'target': <ball_device.bd_plunger>, 'source': <ball_device.bd_trough>, 'mechanical_eject': True, 'num_attempts': 3}
2025-05-08 15:09:29,406 : INFO : ball_device.bd_trough : Wait for ball to leave device
2025-05-08 15:09:29,407 : INFO : coil.c_trough_eject : Pulsing Driver for 10ms (1.0 pulse_power)
2025-05-08 15:09:39,399 : INFO : EventManager : Event: ======'balldevice_bd_trough_ball_eject_failed'====== Args={'target': <ball_device.bd_plunger>, 'balls': 1, 'retry': True, 'num_attempts': 4}
2025-05-08 15:09:39,400 : INFO : ball_device.bd_trough : State: waiting_for_target_ready
2025-05-08 15:09:39,400 : INFO : EventManager : Event: ======'balldevice_bd_trough_ball_eject_attempt'====== Args={'balls': 1, 'target': <ball_device.bd_plunger>, 'source': <ball_device.bd_trough>, 'mechanical_eject': True, 'num_attempts': 4}
2025-05-08 15:09:39,401 : INFO : ball_device.bd_trough : State: ejecting
2025-05-08 15:09:39,401 : INFO : ball_device.bd_trough : Ejecting ball to <ball_device.bd_plunger>
2025-05-08 15:09:39,401 : INFO : EventManager : Event: ======'balldevice_bd_trough_ejecting_ball'====== Args={'balls': 1, 'target': <ball_device.bd_plunger>, 'source': <ball_device.bd_trough>, 'mechanical_eject': True, 'num_attempts': 4}
2025-05-08 15:09:39,402 : INFO : ball_device.bd_trough : Wait for ball to leave device
2025-05-08 15:09:39,402 : INFO : coil.c_trough_eject : Pulsing Driver for 10ms (1.0 pulse_power)
2025-05-08 15:09:49,399 : INFO : EventManager : Event: ======'balldevice_bd_trough_ball_eject_failed'====== Args={'target': <ball_device.bd_plunger>, 'balls': 1, 'retry': True, 'num_attempts': 5}
2025-05-08 15:09:49,401 : INFO : ball_device.bd_trough : State: waiting_for_target_ready
2025-05-08 15:09:49,401 : INFO : EventManager : Event: ======'balldevice_bd_trough_ball_eject_attempt'====== Args={'balls': 1, 'target': <ball_device.bd_plunger>, 'source': <ball_device.bd_trough>, 'mechanical_eject': True, 'num_attempts': 5}
2025-05-08 15:09:49,402 : INFO : ball_device.bd_trough : State: ejecting
2025-05-08 15:09:49,402 : INFO : ball_device.bd_trough : Ejecting ball to <ball_device.bd_plunger>
2025-05-08 15:09:49,402 : INFO : EventManager : Event: ======'balldevice_bd_trough_ejecting_ball'====== Args={'balls': 1, 'target': <ball_device.bd_plunger>, 'source': <ball_device.bd_trough>, 'mechanical_eject': True, 'num_attempts': 5}
2025-05-08 15:09:49,404 : INFO : ball_device.bd_trough : Wait for ball to leave device
2025-05-08 15:09:49,405 : INFO : coil.c_trough_eject : Pulsing Driver for 10ms (1.0 pulse_power)
2025-05-08 15:09:59,405 : INFO : EventManager : Event: ======'balldevice_bd_trough_ball_eject_failed'====== Args={'target': <ball_device.bd_plunger>, 'balls': 1, 'retry': True, 'num_attempts': 6}
2025-05-08 15:09:59,408 : INFO : ball_device.bd_trough : State: waiting_for_target_ready
2025-05-08 15:09:59,408 : INFO : EventManager : Event: ======'balldevice_bd_trough_ball_eject_attempt'====== Args={'balls': 1, 'target': <ball_device.bd_plunger>, 'source': <ball_device.bd_trough>, 'mechanical_eject': True, 'num_attempts': 6}
2025-05-08 15:09:59,409 : INFO : ball_device.bd_trough : State: ejecting
2025-05-08 15:09:59,410 : INFO : ball_device.bd_trough : Ejecting ball to <ball_device.bd_plunger>
2025-05-08 15:09:59,410 : INFO : EventManager : Event: ======'balldevice_bd_trough_ejecting_ball'====== Args={'balls': 1, 'target': <ball_device.bd_plunger>, 'source': <ball_device.bd_trough>, 'mechanical_eject': True, 'num_attempts': 6}
2025-05-08 15:09:59,412 : INFO : ball_device.bd_trough : Wait for ball to leave device
2025-05-08 15:09:59,413 : INFO : coil.c_trough_eject : Pulsing Driver for 10ms (1.0 pulse_power)
2025-05-08 15:10:09,408 : INFO : EventManager : Event: ======'balldevice_bd_trough_ball_eject_failed'====== Args={'target': <ball_device.bd_plunger>, 'balls': 1, 'retry': True, 'num_attempts': 7}
2025-05-08 15:10:09,410 : INFO : ball_device.bd_trough : State: waiting_for_target_ready
2025-05-08 15:10:09,410 : INFO : EventManager : Event: ======'balldevice_bd_trough_ball_eject_attempt'====== Args={'balls': 1, 'target': <ball_device.bd_plunger>, 'source': <ball_device.bd_trough>, 'mechanical_eject': True, 'num_attempts': 7}
2025-05-08 15:10:09,410 : INFO : ball_device.bd_trough : State: ejecting
2025-05-08 15:10:09,410 : INFO : ball_device.bd_trough : Ejecting ball to <ball_device.bd_plunger>
2025-05-08 15:10:09,411 : INFO : EventManager : Event: ======'balldevice_bd_trough_ejecting_ball'====== Args={'balls': 1, 'target': <ball_device.bd_plunger>, 'source': <ball_device.bd_trough>, 'mechanical_eject': True, 'num_attempts': 7}
2025-05-08 15:10:09,412 : INFO : ball_device.bd_trough : Wait for ball to leave device
2025-05-08 15:10:09,412 : INFO : coil.c_trough_eject : Pulsing Driver for 10ms (1.0 pulse_power)
2025-05-08 15:10:19,413 : INFO : EventManager : Event: ======'balldevice_bd_trough_ball_eject_failed'====== Args={'target': <ball_device.bd_plunger>, 'balls': 1, 'retry': True, 'num_attempts': 8}
2025-05-08 15:10:19,414 : INFO : ball_device.bd_trough : State: waiting_for_target_ready
2025-05-08 15:10:19,414 : INFO : EventManager : Event: ======'balldevice_bd_trough_ball_eject_attempt'====== Args={'balls': 1, 'target': <ball_device.bd_plunger>, 'source': <ball_device.bd_trough>, 'mechanical_eject': True, 'num_attempts': 8}
2025-05-08 15:10:19,414 : INFO : ball_device.bd_trough : State: ejecting
2025-05-08 15:10:19,414 : INFO : ball_device.bd_trough : Ejecting ball to <ball_device.bd_plunger>
2025-05-08 15:10:19,414 : INFO : EventManager : Event: ======'balldevice_bd_trough_ejecting_ball'====== Args={'balls': 1, 'target': <ball_device.bd_plunger>, 'source': <ball_device.bd_trough>, 'mechanical_eject': True, 'num_attempts': 8}
2025-05-08 15:10:19,415 : INFO : ball_device.bd_trough : Wait for ball to leave device
2025-05-08 15:10:19,415 : INFO : coil.c_trough_eject : Pulsing Driver for 10ms (1.0 pulse_power)
2025-05-08 15:10:29,409 : INFO : EventManager : Event: ======'balldevice_bd_trough_ball_eject_failed'====== Args={'target': <ball_device.bd_plunger>, 'balls': 1, 'retry': True, 'num_attempts': 9}
2025-05-08 15:10:29,410 : INFO : ball_device.bd_trough : State: waiting_for_target_ready
2025-05-08 15:10:29,410 : INFO : EventManager : Event: ======'balldevice_bd_trough_ball_eject_attempt'====== Args={'balls': 1, 'target': <ball_device.bd_plunger>, 'source': <ball_device.bd_trough>, 'mechanical_eject': True, 'num_attempts': 9}
2025-05-08 15:10:29,411 : INFO : ball_device.bd_trough : State: ejecting
2025-05-08 15:10:29,411 : INFO : ball_device.bd_trough : Ejecting ball to <ball_device.bd_plunger>
2025-05-08 15:10:29,411 : INFO : EventManager : Event: ======'balldevice_bd_trough_ejecting_ball'====== Args={'balls': 1, 'target': <ball_device.bd_plunger>, 'source': <ball_device.bd_trough>, 'mechanical_eject': True, 'num_attempts': 9}
2025-05-08 15:10:29,412 : INFO : ball_device.bd_trough : Wait for ball to leave device
2025-05-08 15:10:29,413 : INFO : coil.c_trough_eject : Pulsing Driver for 10ms (1.0 pulse_power)
2025-05-08 15:10:39,405 : INFO : EventManager : Event: ======'balldevice_bd_trough_ball_eject_failed'====== Args={'target': <ball_device.bd_plunger>, 'balls': 1, 'retry': True, 'num_attempts': 10}
2025-05-08 15:10:39,406 : INFO : ball_device.bd_trough : State: waiting_for_target_ready
2025-05-08 15:10:39,406 : INFO : EventManager : Event: ======'balldevice_bd_trough_ball_eject_attempt'====== Args={'balls': 1, 'target': <ball_device.bd_plunger>, 'source': <ball_device.bd_trough>, 'mechanical_eject': True, 'num_attempts': 10}
2025-05-08 15:10:39,406 : INFO : ball_device.bd_trough : State: ejecting
2025-05-08 15:10:39,407 : INFO : ball_device.bd_trough : Ejecting ball to <ball_device.bd_plunger>
2025-05-08 15:10:39,407 : INFO : EventManager : Event: ======'balldevice_bd_trough_ejecting_ball'====== Args={'balls': 1, 'target': <ball_device.bd_plunger>, 'source': <ball_device.bd_trough>, 'mechanical_eject': True, 'num_attempts': 10}
2025-05-08 15:10:39,407 : INFO : ball_device.bd_trough : Wait for ball to leave device
2025-05-08 15:10:39,408 : INFO : coil.c_trough_eject : Pulsing Driver for 10ms (1.0 pulse_power)
2025-05-08 15:10:45,300 : INFO : Machine : Shutting down...
2025-05-08 15:10:45,300 : INFO : EventManager : Event: ======'shutdown'====== Args={}
2025-05-08 15:10:45,306 : INFO : EventManager : Event: ======'mode_game_will_stop'====== Args={}
2025-05-08 15:10:45,306 : INFO : EventManager : Event: ======'mode_game_stopping'====== Args={}
2025-05-08 15:10:45,307 : INFO : EventManager : Event: ======'mode_returnlanes_will_stop'====== Args={}
2025-05-08 15:10:45,307 : INFO : EventManager : Event: ======'mode_returnlanes_stopping'====== Args={}
2025-05-08 15:10:45,307 : INFO : EventManager : Event: ======'mode_reentry_will_stop'====== Args={}
2025-05-08 15:10:45,307 : INFO : EventManager : Event: ======'mode_reentry_stopping'====== Args={}
2025-05-08 15:10:45,307 : INFO : EventManager : Event: ======'mode_lowerlanes_will_stop'====== Args={}
2025-05-08 15:10:45,307 : INFO : EventManager : Event: ======'mode_lowerlanes_stopping'====== Args={}
2025-05-08 15:10:45,307 : INFO : EventManager : Event: ======'mode_base_will_stop'====== Args={}
2025-05-08 15:10:45,307 : INFO : EventManager : Event: ======'mode_base_stopping'====== Args={}
2025-05-08 15:10:45,308 : INFO : Mode.base : Stopped.
2025-05-08 15:10:45,308 : INFO : EventManager : Event: ======'modes_active_modes_changed'====== Args={}
2025-05-08 15:10:45,308 : INFO : EventManager : Event: ======'mode_base_stopped'====== Args={}
2025-05-08 15:10:45,308 : INFO : EventManager : Event: ======'clear'====== Args={'key': 'base'}
2025-05-08 15:10:45,308 : INFO : Mode.lowerlanes : Stopped.
2025-05-08 15:10:45,308 : INFO : EventManager : Event: ======'modes_active_modes_changed'====== Args={}
2025-05-08 15:10:45,308 : INFO : EventManager : Event: ======'mode_lowerlanes_stopped'====== Args={}
2025-05-08 15:10:45,308 : INFO : EventManager : Event: ======'clear'====== Args={'key': 'lowerlanes'}
2025-05-08 15:10:45,309 : INFO : Mode.reentry : Stopped.
2025-05-08 15:10:45,309 : INFO : EventManager : Event: ======'modes_active_modes_changed'====== Args={}
2025-05-08 15:10:45,309 : INFO : EventManager : Event: ======'mode_reentry_stopped'====== Args={}
2025-05-08 15:10:45,309 : INFO : EventManager : Event: ======'clear'====== Args={'key': 'reentry'}
2025-05-08 15:10:45,309 : INFO : Mode.returnlanes : Stopped.
2025-05-08 15:10:45,309 : INFO : EventManager : Event: ======'modes_active_modes_changed'====== Args={}
2025-05-08 15:10:45,310 : INFO : EventManager : Event: ======'mode_returnlanes_stopped'====== Args={}
2025-05-08 15:10:45,310 : INFO : EventManager : Event: ======'clear'====== Args={'key': 'returnlanes'}
2025-05-08 15:10:45,310 : INFO : Mode.game : Stopped.
2025-05-08 15:10:45,310 : INFO : EventManager : Event: ======'modes_active_modes_changed'====== Args={}
2025-05-08 15:10:45,310 : INFO : EventManager : Event: ======'mode_game_stopped'====== Args={}
2025-05-08 15:10:45,310 : INFO : EventManager : Event: ======'clear'====== Args={'key': 'game'}
2025-05-08 15:10:45,312 : ERROR : OPP : Stop called on serial connection com5
2025-05-08 15:10:45,314 : ERROR : OPP : Stop called on serial connection com4
2025-05-08 15:10:45,315 : ERROR : asyncio : Exception in callback Util.raise_exceptions(<Task finishe...ection lost')>) at C:\Users\student\mpfenv3\Lib\site-packages\mpf\core\utility_functions.py:790
handle: <Handle Util.raise_exceptions(<Task finishe...ection lost')>) at C:\Users\student\mpfenv3\Lib\site-packages\mpf\core\utility_functions.py:790>
Traceback (most recent call last):
  File "C:\Program Files\Python311\Lib\asyncio\events.py", line 84, in _run
    self._context.run(self._callback, *self._args)
  File "C:\Users\student\mpfenv3\Lib\site-packages\mpf\core\utility_functions.py", line 798, in raise_exceptions
    future.result()
  File "C:\Users\student\mpfenv3\Lib\site-packages\mpf\platforms\opp\opp.py", line 971, in _poll_sender
    await self.opp_connection[chain_serial].writer.drain()
  File "C:\Program Files\Python311\Lib\asyncio\streams.py", line 392, in drain
    await self._protocol._drain_helper()
  File "C:\Program Files\Python311\Lib\asyncio\streams.py", line 166, in _drain_helper
    raise ConnectionResetError('Connection lost')
ConnectionResetError: Connection lost
2025-05-08 15:10:45,567 : WARNING : OPP : Poll took more than 250.0ms for 0
2025-05-08 15:10:45,567 : ERROR : asyncio : Exception in callback Util.raise_exceptions(<Task finishe...ute 'write'")>) at C:\Users\student\mpfenv3\Lib\site-packages\mpf\core\utility_functions.py:790
handle: <Handle Util.raise_exceptions(<Task finishe...ute 'write'")>) at C:\Users\student\mpfenv3\Lib\site-packages\mpf\core\utility_functions.py:790>
Traceback (most recent call last):
  File "C:\Program Files\Python311\Lib\asyncio\events.py", line 84, in _run
    self._context.run(self._callback, *self._args)
  File "C:\Users\student\mpfenv3\Lib\site-packages\mpf\core\utility_functions.py", line 798, in raise_exceptions
    future.result()
  File "C:\Users\student\mpfenv3\Lib\site-packages\mpf\platforms\opp\opp.py", line 970, in _poll_sender
    self.send_to_processor(chain_serial, self.read_input_msg[chain_serial])
  File "C:\Users\student\mpfenv3\Lib\site-packages\mpf\platforms\opp\opp.py", line 349, in send_to_processor
    self.opp_connection[chain_serial].send(msg)
  File "C:\Users\student\mpfenv3\Lib\site-packages\mpf\platforms\base_serial_communicator.py", line 161, in send
    self.writer.write(msg)
    ^^^^^^^^^^^^^^^^^
AttributeError: 'NoneType' object has no attribute 'write'
2025-05-08 15:10:45,569 : INFO : root : MPF run loop ended.
