2025-01-17 12:08:34,563 : kivy : deps: Successfully imported "kivy_deps.gstreamer" 0.3.3
2025-01-17 12:08:34,563 : kivy : deps: Successfully imported "kivy_deps.angle" 0.3.3
2025-01-17 12:08:34,563 : kivy : deps: Successfully imported "kivy_deps.glew" 0.3.1
2025-01-17 12:08:34,563 : kivy : deps: Successfully imported "kivy_deps.sdl2" 0.6.0
2025-01-17 12:08:34,563 : kivy : Kivy: v2.2.1
2025-01-17 12:08:34,563 : kivy : Kivy: Installed at "C:\Users\student\mpfenv3\Lib\site-packages\kivy\__init__.py"
2025-01-17 12:08:34,563 : kivy : Python: v3.11.8 (tags/v3.11.8:db85d51, Feb  6 2024, 22:03:32) [MSC v.1937 64 bit (AMD64)]
2025-01-17 12:08:34,583 : kivy : Python: Interpreter at "C:\Users\student\mpfenv3\Scripts\python.exe"
2025-01-17 12:08:34,593 : kivy : Factory: 190 symbols loaded
2025-01-17 12:08:34,730 : kivy : ImageLoaderFFPy: Using ffpyplayer 4.5.1
2025-01-17 12:08:34,730 : kivy : Image: Providers: img_tex, img_dds, img_sdl2, img_pil, img_ffpyplayer 
2025-01-17 12:08:35,337 : kivy : VideoGstplayer: Using Gstreamer 1.18.5.0
2025-01-17 12:08:35,337 : kivy : Video: Provider: gstplayer
2025-01-17 12:08:35,366 : root : Loading MPF-MC controller
2025-01-17 12:08:35,410 : ConfigProcessor : Config spec file cache created: C:\Users\student\AppData\Local\Temp\config_spec.mpf_cache
2025-01-17 12:08:35,410 : YamlMultifileConfigLoader : Machine config file #1: config
2025-01-17 12:08:35,410 : ConfigProcessor : Loading config from file C:\Users\student\mpfenv3\Lib\site-packages\mpfmc\mcconfig.yaml.
2025-01-17 12:08:35,416 : ConfigProcessor : Loading config: C:\Users\student\mpfenv3\Lib\site-packages\mpfmc\mcconfig.yaml
2025-01-17 12:08:35,416 : ConfigProcessor : Loading config from file C:\Users\student\pinball\cobraPinTest1\config\config.
2025-01-17 12:08:35,421 : ConfigProcessor : Loading config: C:\Users\student\pinball\cobraPinTest1\config\config
2025-01-17 12:08:35,422 : ConfigProcessor : Config file cache created: C:\Users\student\AppData\Local\Temp\d597e459fa663d00d6faab779112d1ee.mpf_cache
2025-01-17 12:08:35,422 : ConfigProcessor : Loading config from file C:\Users\student\mpfenv3\Lib\site-packages\mpf\modes\attract\config\attract.yaml.
2025-01-17 12:08:35,423 : ConfigProcessor : Loading config: C:\Users\student\mpfenv3\Lib\site-packages\mpf\modes\attract\config\attract.yaml
2025-01-17 12:08:35,423 : ConfigProcessor : Loading config from file C:\Users\student\pinball\cobraPinTest1\modes\attract\config\attract.yaml.
2025-01-17 12:08:35,423 : ConfigProcessor : Loading config: C:\Users\student\pinball\cobraPinTest1\modes\attract\config\attract.yaml
2025-01-17 12:08:35,424 : ConfigProcessor : Config file cache created: C:\Users\student\AppData\Local\Temp\0196918bccd620e51d3c4d2630650aa0.mpf_cache
2025-01-17 12:08:35,424 : ConfigProcessor : Loading config from file C:\Users\student\mpfenv3\Lib\site-packages\mpf\modes\game\config\game.yaml.
2025-01-17 12:08:35,425 : ConfigProcessor : Loading config: C:\Users\student\mpfenv3\Lib\site-packages\mpf\modes\game\config\game.yaml
2025-01-17 12:08:35,425 : ConfigProcessor : Config file cache created: C:\Users\student\AppData\Local\Temp\511dcc6b491b0fa2d7aa9abdf6497e9c.mpf_cache
2025-01-17 12:08:35,425 : ConfigProcessor : Loading config from file C:\Users\student\pinball\cobraPinTest1\modes\base\config\base.yaml.
2025-01-17 12:08:35,426 : ConfigProcessor : Loading config: C:\Users\student\pinball\cobraPinTest1\modes\base\config\base.yaml
2025-01-17 12:08:35,427 : ConfigProcessor : Config file cache created: C:\Users\student\AppData\Local\Temp\4675a535c8328a9c278c807d999ed109.mpf_cache
2025-01-17 12:08:35,427 : ConfigProcessor : Loading config from file C:\Users\student\pinball\cobraPinTest1\modes\reentry\config\reentry.yaml.
2025-01-17 12:08:35,429 : ConfigProcessor : Loading config: C:\Users\student\pinball\cobraPinTest1\modes\reentry\config\reentry.yaml
2025-01-17 12:08:35,430 : ConfigProcessor : Config file cache created: C:\Users\student\AppData\Local\Temp\0c8438cab3480347c0c749fa494946a2.mpf_cache
2025-01-17 12:08:35,430 : ConfigProcessor : Loading config from file C:\Users\student\pinball\cobraPinTest1\modes\lowerlanes\config\lowerlanes.yaml.
2025-01-17 12:08:35,432 : ConfigProcessor : Loading config: C:\Users\student\pinball\cobraPinTest1\modes\lowerlanes\config\lowerlanes.yaml
2025-01-17 12:08:35,432 : ConfigProcessor : Config file cache created: C:\Users\student\AppData\Local\Temp\5052615755bdf1309b248cf8695ad4ff.mpf_cache
2025-01-17 12:08:35,433 : mpfmc : Mission Pinball Framework Media Controller (MPF-MC) v0.57.1. Requires MPF v0.57.0 or newer.
2025-01-17 12:08:35,433 : mpfmc : Found MPF v0.57.3
2025-01-17 12:08:35,433 : mpfmc : Machine path: C:\Users\student\pinball\cobraPinTest1
2025-01-17 12:08:35,433 : mpfmc : Starting clock at 60.0Hz
2025-01-17 12:08:35,446 : kivy : Text: Provider: sdl2
2025-01-17 12:08:35,488 : kivy : Window: Provider: sdl2
2025-01-17 12:08:35,843 : kivy : GL: Using the "OpenGL" graphics system
2025-01-17 12:08:35,845 : kivy : GL: GLEW initialization succeeded
2025-01-17 12:08:35,845 : kivy : GL: Backend used <glew>
2025-01-17 12:08:35,845 : kivy : GL: OpenGL version <b'4.6.13543 Compatibility Profile Context 25.20.15006.9'>
2025-01-17 12:08:35,846 : kivy : GL: OpenGL vendor <b'ATI Technologies Inc.'>
2025-01-17 12:08:35,846 : kivy : GL: OpenGL renderer <b'Radeon RX Vega M GL Graphics'>
2025-01-17 12:08:35,846 : kivy : GL: OpenGL parsed version: 4, 6
2025-01-17 12:08:35,846 : kivy : GL: Shading version <b'4.60'>
2025-01-17 12:08:35,846 : kivy : GL: Texture max size <16384>
2025-01-17 12:08:35,846 : kivy : GL: Texture max units <32>
2025-01-17 12:08:35,865 : kivy : Window: auto add sdl2 input provider
2025-01-17 12:08:35,866 : kivy : Window: virtual keyboard not allowed, single mode, not docked
2025-01-17 12:08:36,218 : AudioInterface : Initialized
2025-01-17 12:08:36,218 : AudioInterface : Loaded SDL 2.26.4
2025-01-17 12:08:36,218 : AudioInterface : Loaded SDL_Mixer 2.6.3
2025-01-17 12:08:36,218 : AudioInterface : Loaded GStreamer 1.18.5.0
2025-01-17 12:08:36,218 : AudioInterface : Loaded GLib 2.62.6
2025-01-17 12:08:36,218 : AudioInterface : Settings requested - rate: 44100, channels: 1, buffer: 2048 samples
2025-01-17 12:08:36,218 : AudioInterface : Settings in use - rate: 44100, channels: 1, buffer: 2048 samples (4096 bytes @ 2 bytes per sample)
2025-01-17 12:08:36,219 : SoundSystem : Setting master volume to 0.0
2025-01-17 12:08:36,219 : AudioInterface : Enabling audio playback
2025-01-17 12:08:36,220 : kivy : Base: Start application main loop
2025-01-17 12:08:36,221 : EventManager : Event: ======'display_window_initialized'====== Args={}
2025-01-17 12:08:36,239 : mpfmc : Display: Setting 'window' as default display
2025-01-17 12:08:36,244 : EventManager : Event: ======'displays_initialized'====== Args={}
2025-01-17 12:08:36,245 : EventManager : Event: ======'slide_window_blank_created'====== Args={}
2025-01-17 12:08:36,245 : EventManager : Event: ======'display_window_ready'====== Args={}
2025-01-17 12:08:36,254 : EventManager : Event: ======'init_phase_1'====== Args={}
2025-01-17 12:08:36,257 : EventManager : Event: ======'mc_ready'====== Args={}
2025-01-17 12:08:36,257 : EventManager : Event: ======'init_phase_2'====== Args={}
2025-01-17 12:08:36,259 : EventManager : Event: ======'init_phase_3'====== Args={}
2025-01-17 12:08:36,261 : EventManager : Event: ======'init_phase_4'====== Args={}
2025-01-17 12:08:36,261 : EventManager : Event: ======'init_phase_5'====== Args={}
2025-01-17 12:08:36,268 : SoundAsset : Load sound worm_hole_hit_sound failed due to an exception - Could not locate file sound55.wav
2025-01-17 12:08:37,218 : mpfmc : Shutting down due to child thread crash
2025-01-17 12:08:37,218 : mpfmc : Crash details: Traceback (most recent call last):
  File "C:\Users\student\mpfenv3\Lib\site-packages\mpfmc\assets\sound.py", line 627, in do_load
    self._container = self.machine.sound_system.audio_interface.load_sound_file_to_memory(self.file)
                      ^^^^^^^^^^^^^^^^^^^^^^^^^^^^^^^^^^^^^^^^^^^^^^^^^^^^^^^^^^^^^^^^^^^^^^^^^^^^^^
  File "mpfmc/core/audio/audio_interface.pyx", line 692, in mpfmc.core.audio.audio_interface.AudioInterface.load_sound_file_to_memory
  File "mpfmc/core/audio/sound_file.pyx", line 60, in mpfmc.core.audio.sound_file.SoundMemoryFile.__init__
  File "mpfmc/core/audio/sound_file.pyx", line 82, in mpfmc.core.audio.sound_file.SoundMemoryFile.load
mpfmc.core.audio.audio_exception.AudioException: Could not locate file sound55.wav

The above exception was the direct cause of the following exception:

Traceback (most recent call last):
  File "C:\Users\student\mpfenv3\Lib\site-packages\mpfmc\core\assets.py", line 116, in run
    asset.do_load()
  File "C:\Users\student\mpfenv3\Lib\site-packages\mpfmc\assets\sound.py", line 632, in do_load
    raise AudioException("Load sound {} failed due to an exception: {}".format(
mpfmc.core.audio.audio_exception.AudioException: Load sound worm_hole_hit_sound failed due to an exception: Could not locate file sound55.wav

The above exception was the direct cause of the following exception:

Traceback (most recent call last):
  File "C:\Users\student\mpfenv3\Lib\site-packages\mpfmc\core\assets.py", line 118, in run
    raise ConfigFileError(
mpf.exceptions.config_file_error.ConfigFileError: Config File Error in Asset Loader: Error while loading sounds asset file 'sound55.wav' Context: worm_hole_hit_sound Error Code: CFE-Asset_Loader-1 (https://missionpinball.org/logs)

2025-01-17 12:08:37,219 : mpfmc : Stopping...
2025-01-17 12:08:37,219 : EventManager : Event: ======'shutdown'====== Args={}
2025-01-17 12:08:37,219 : AudioInterface : Disabling audio playback
2025-01-17 12:08:37,356 : mpfmc : Loop rate 68.69 Hz
2025-01-17 12:08:37,356 : kivy : Base: Leaving application in progress...
2025-01-17 12:08:37,356 : mpfmc : Stopping...
2025-01-17 12:08:37,356 : EventManager : Event: ======'shutdown'====== Args={}
2025-01-17 12:08:37,356 : mpfmc : Loop rate 68.69 Hz
2025-01-17 12:08:37,356 : root : MC run loop ended.
2025-01-17 12:08:37,356 : root : Stopping child threads... (0 remaining)
2025-01-17 12:08:37,357 : root : All child threads stopped.
