2025-07-07 20:56:52,741 : INFO : root : Loading config.
2025-07-07 20:56:52,785 : INFO : ConfigProcessor : Config spec file cache created: C:\Users\student\AppData\Local\Temp\config_spec.mpf_cache
2025-07-07 20:56:52,785 : INFO : YamlMultifileConfigLoader : Machine config file #1: config.yaml
2025-07-07 20:56:52,785 : INFO : ConfigProcessor : Loading config from file C:\Users\student\mpfenv3\Lib\site-packages\mpf\mpfconfig.yaml.
2025-07-07 20:56:52,794 : INFO : ConfigProcessor : Loading config: C:\Users\student\mpfenv3\Lib\site-packages\mpf\mpfconfig.yaml
2025-07-07 20:56:52,795 : INFO : ConfigProcessor : Loading config from file C:\Users\student\pinball\cobraPinTest1\config\config.yaml.
2025-07-07 20:56:52,801 : INFO : ConfigProcessor : Loading config: C:\Users\student\pinball\cobraPinTest1\config\config.yaml
2025-07-07 20:56:52,802 : INFO : ConfigProcessor : Config file cache created: C:\Users\student\AppData\Local\Temp\a20d2796aecf24feaad48747be24652a.mpf_cache
2025-07-07 20:56:52,869 : INFO : ConfigProcessor : Loading config from file C:\Users\student\mpfenv3\Lib\site-packages\mpf\modes\attract\config\attract.yaml.
2025-07-07 20:56:52,870 : INFO : ConfigProcessor : Loading config: C:\Users\student\mpfenv3\Lib\site-packages\mpf\modes\attract\config\attract.yaml
2025-07-07 20:56:52,870 : INFO : ConfigProcessor : Loading config from file C:\Users\student\pinball\cobraPinTest1\modes\attract\config\attract.yaml.
2025-07-07 20:56:52,871 : INFO : ConfigProcessor : Loading config: C:\Users\student\pinball\cobraPinTest1\modes\attract\config\attract.yaml
2025-07-07 20:56:52,871 : INFO : ConfigProcessor : Config file cache created: C:\Users\student\AppData\Local\Temp\0196918bccd620e51d3c4d2630650aa0.mpf_cache
2025-07-07 20:56:52,872 : INFO : ConfigProcessor : Loading config from file C:\Users\student\mpfenv3\Lib\site-packages\mpf\modes\game\config\game.yaml.
2025-07-07 20:56:52,872 : INFO : ConfigProcessor : Loading config: C:\Users\student\mpfenv3\Lib\site-packages\mpf\modes\game\config\game.yaml
2025-07-07 20:56:52,873 : INFO : ConfigProcessor : Config file cache created: C:\Users\student\AppData\Local\Temp\511dcc6b491b0fa2d7aa9abdf6497e9c.mpf_cache
2025-07-07 20:56:52,873 : INFO : ConfigProcessor : Loading config from file C:\Users\student\pinball\cobraPinTest1\modes\base\config\base.yaml.
2025-07-07 20:56:52,874 : INFO : ConfigProcessor : Loading config: C:\Users\student\pinball\cobraPinTest1\modes\base\config\base.yaml
2025-07-07 20:56:52,875 : INFO : ConfigProcessor : Config file cache created: C:\Users\student\AppData\Local\Temp\4675a535c8328a9c278c807d999ed109.mpf_cache
2025-07-07 20:56:52,875 : INFO : ConfigProcessor : Loading config from file C:\Users\student\pinball\cobraPinTest1\modes\reentry\config\reentry.yaml.
2025-07-07 20:56:52,878 : INFO : ConfigProcessor : Loading config: C:\Users\student\pinball\cobraPinTest1\modes\reentry\config\reentry.yaml
2025-07-07 20:56:52,878 : INFO : ConfigProcessor : Config file cache created: C:\Users\student\AppData\Local\Temp\0c8438cab3480347c0c749fa494946a2.mpf_cache
2025-07-07 20:56:52,879 : INFO : ConfigProcessor : Loading config from file C:\Users\student\pinball\cobraPinTest1\modes\lowerlanes\config\lowerlanes.yaml.
2025-07-07 20:56:52,880 : INFO : ConfigProcessor : Loading config: C:\Users\student\pinball\cobraPinTest1\modes\lowerlanes\config\lowerlanes.yaml
2025-07-07 20:56:52,880 : INFO : ConfigProcessor : Config file cache created: C:\Users\student\AppData\Local\Temp\5052615755bdf1309b248cf8695ad4ff.mpf_cache
2025-07-07 20:56:52,881 : INFO : ConfigProcessor : Loading config from file C:\Users\student\pinball\cobraPinTest1\modes\returnlanes\config\returnlanes.yaml.
2025-07-07 20:56:52,882 : INFO : ConfigProcessor : Loading config: C:\Users\student\pinball\cobraPinTest1\modes\returnlanes\config\returnlanes.yaml
2025-07-07 20:56:52,882 : INFO : ConfigProcessor : Config file cache created: C:\Users\student\AppData\Local\Temp\55e33f498afd3883899abc6da4842b47.mpf_cache
2025-07-07 20:56:52,883 : INFO : ConfigProcessor : Loading config from file C:\Users\student\pinball\cobraPinTest1\modes\attract\shows\.\attract_display_loop.yaml.
2025-07-07 20:56:52,885 : INFO : ConfigProcessor : Loading config: C:\Users\student\pinball\cobraPinTest1\modes\attract\shows\.\attract_display_loop.yaml
2025-07-07 20:56:52,885 : INFO : ConfigProcessor : Config file cache created: C:\Users\student\AppData\Local\Temp\f8d2c2cf3ea01f085365ea23fa51a701.mpf_cache
2025-07-07 20:56:52,886 : INFO : ConfigProcessor : Loading config from file C:\Users\student\pinball\cobraPinTest1\modes\attract\shows\.\attract_light_show.yaml.
2025-07-07 20:56:52,887 : INFO : ConfigProcessor : Loading config: C:\Users\student\pinball\cobraPinTest1\modes\attract\shows\.\attract_light_show.yaml
2025-07-07 20:56:52,887 : INFO : ConfigProcessor : Config file cache created: C:\Users\student\AppData\Local\Temp\30bd992f4b62a9b099207aebeb59554c.mpf_cache
2025-07-07 20:56:52,888 : INFO : Machine : Mission Pinball Framework Core Engine v0.57.3
2025-07-07 20:56:52,888 : INFO : Machine : Command line arguments: {'no_load_cache': True, 'create_config_cache': True, 'bcp': True, 'configfile': ['config.yaml'], 'force_assets_load': False, 'platform_integration_test': False, 'jsonlogging': False, 'logfile': 'logs\\2025-07-07-20-56-52-mpf-DESKTOP-0JH7ARL.log', 'pause': False, 'production': False, 'text_ui': True, 'loglevel': 15, 'consoleloglevel': 20, 'force_platform': None, 'syslog_address': None, 'mc_file_name': None, 'no_sound': False}
2025-07-07 20:56:52,888 : INFO : Machine : MPF path: C:\Users\student\mpfenv3\Lib\site-packages\mpf
2025-07-07 20:56:52,888 : INFO : Machine : Machine path: C:\Users\student\pinball\cobraPinTest1
2025-07-07 20:56:52,888 : INFO : Machine : Platform: win32
2025-07-07 20:56:52,888 : INFO : Machine : Python executable location: C:\Users\student\mpfenv3\Scripts\python.exe
2025-07-07 20:56:52,888 : INFO : Machine : Python version: 3.11.8 (64-bit)
2025-07-07 20:56:52,890 : INFO : Machine : Initializing MPF...
2025-07-07 20:56:53,139 : INFO : OPP : Connecting to com4 at 115200bps
2025-07-07 20:56:53,326 : INFO : OPP : Init of OPP board 0 done
2025-07-07 20:56:53,326 : INFO : OPP : Connecting to com5 at 115200bps
2025-07-07 20:56:53,436 : INFO : OPP : Init of OPP board 1 done
2025-07-07 20:56:53,436 : INFO : EventManager : Event: ======'machine_var_credits_string'====== Args={'value': 'FREE PLAY', 'prev_value': None, 'change': True}
2025-07-07 20:56:53,524 : INFO : EventManager : Event: ======'machine_var_master_volume'====== Args={'value': 0.5, 'prev_value': None, 'change': True}
2025-07-07 20:56:53,524 : INFO : EventManager : Event: ======'machine_var_player1_score'====== Args={'value': 1500, 'prev_value': None, 'change': True}
2025-07-07 20:56:53,524 : INFO : EventManager : Event: ======'machine_var_mpf_version'====== Args={'value': 'Mission Pinball Framework v0.57.3', 'prev_value': None, 'change': True}
2025-07-07 20:56:53,524 : INFO : EventManager : Event: ======'machine_var_mpf_extended_version'====== Args={'value': 'Mission Pinball Framework v0.57.3, Config version:6, Show version: 6, BCP version:1.1', 'prev_value': None, 'change': True}
2025-07-07 20:56:53,524 : INFO : EventManager : Event: ======'machine_var_python_version'====== Args={'value': '3.11.8', 'prev_value': None, 'change': True}
2025-07-07 20:56:53,533 : INFO : EventManager : Event: ======'machine_var_platform'====== Args={'value': 'Windows-10-10.0.19045-SP0', 'prev_value': None, 'change': True}
2025-07-07 20:56:53,533 : INFO : EventManager : Event: ======'machine_var_platform_system'====== Args={'value': 'Windows', 'prev_value': None, 'change': True}
2025-07-07 20:56:53,533 : INFO : EventManager : Event: ======'machine_var_platform_release'====== Args={'value': '10', 'prev_value': None, 'change': True}
2025-07-07 20:56:53,533 : INFO : EventManager : Event: ======'machine_var_platform_version'====== Args={'value': '10.0.19045', 'prev_value': None, 'change': True}
2025-07-07 20:56:53,533 : INFO : EventManager : Event: ======'machine_var_platform_machine'====== Args={'value': 'AMD64', 'prev_value': None, 'change': True}
2025-07-07 20:56:53,533 : INFO : EventManager : Event: ======'init_phase_1'====== Args={}
2025-07-07 20:56:53,557 : INFO : EventManager : Event: ======'init_phase_2'====== Args={}
2025-07-07 20:56:53,557 : INFO : SwitchController : Found active switch: ('0-0-8', <Platform.OPP>) <switch.s_trough1>
2025-07-07 20:56:53,562 : INFO : EventManager : Event: ======'bcp_connection_attempt'====== Args={'name': 'local_display', 'host': 'localhost', 'port': 5050}
2025-07-07 20:56:53,563 : INFO : BCPClientSocket : Connecting BCP to 'local_display' at localhost:5050...
2025-07-07 20:56:55,594 : INFO : BCPClientSocket : Connected BCP to 'local_display' localhost:5050
2025-07-07 20:56:55,595 : INFO : EventManager : Event: ======'bcp_clients_connected'====== Args={}
2025-07-07 20:56:55,799 : INFO : EventManager : Event: ======'machine_var_mc_version'====== Args={'value': 'MPF-MC v0.57.1', 'prev_value': None, 'change': True}
2025-07-07 20:56:55,799 : INFO : EventManager : Event: ======'machine_var_mc_extended_version'====== Args={'value': 'MPF-MC v0.57.1 (config_version=6, BCP v1.1,                      Requires MPF API compatibility v0.57.0 or newer)', 'prev_value': None, 'change': True}
2025-07-07 20:56:55,801 : INFO : ball_device.bd_trough : BCH: Initial count: 1
2025-07-07 20:56:55,837 : INFO : ball_device.bd_trough : State: idle
2025-07-07 20:56:55,837 : INFO : ball_device.bd_plunger : BCH: Initial count: 0
2025-07-07 20:56:55,838 : INFO : ball_device.bd_plunger : State: idle
2025-07-07 20:56:55,857 : INFO : EventManager : Event: ======'init_phase_3'====== Args={}
2025-07-07 20:56:55,861 : INFO : EventManager : Event: ======'init_phase_4'====== Args={}
2025-07-07 20:56:55,862 : INFO : BallController : Initial balls found: 1
2025-07-07 20:56:55,863 : INFO : EventManager : Event: ======'machine_var_audits_events_game_ended'====== Args={'value': 0, 'prev_value': None, 'change': True}
2025-07-07 20:56:55,863 : INFO : EventManager : Event: ======'machine_var_audits_events_game_started'====== Args={'value': 138, 'prev_value': None, 'change': True}
2025-07-07 20:56:55,863 : INFO : EventManager : Event: ======'machine_var_audits_missing_switches_s_bonus_lane'====== Args={'value': 34, 'prev_value': None, 'change': True}
2025-07-07 20:56:55,863 : INFO : EventManager : Event: ======'machine_var_audits_missing_switches_s_hyperspacekicker'====== Args={'value': 61, 'prev_value': None, 'change': True}
2025-07-07 20:56:55,863 : INFO : EventManager : Event: ======'machine_var_audits_missing_switches_s_left_attack_bumper'====== Args={'value': 3, 'prev_value': None, 'change': True}
2025-07-07 20:56:55,863 : INFO : EventManager : Event: ======'machine_var_audits_missing_switches_s_left_flipper'====== Args={'value': 34, 'prev_value': None, 'change': True}
2025-07-07 20:56:55,864 : INFO : EventManager : Event: ======'machine_var_audits_missing_switches_s_left_out_lane'====== Args={'value': 34, 'prev_value': None, 'change': True}
2025-07-07 20:56:55,864 : INFO : EventManager : Event: ======'machine_var_audits_missing_switches_s_left_return_lane'====== Args={'value': 62, 'prev_value': None, 'change': True}
2025-07-07 20:56:55,864 : INFO : EventManager : Event: ======'machine_var_audits_missing_switches_s_lower_left_slingshot'====== Args={'value': 34, 'prev_value': None, 'change': True}
2025-07-07 20:56:55,864 : INFO : EventManager : Event: ======'machine_var_audits_missing_switches_s_lower_right_slingshot'====== Args={'value': 34, 'prev_value': None, 'change': True}
2025-07-07 20:56:55,864 : INFO : EventManager : Event: ======'machine_var_audits_missing_switches_s_plunger'====== Args={'value': 10, 'prev_value': None, 'change': True}
2025-07-07 20:56:55,864 : INFO : EventManager : Event: ======'machine_var_audits_missing_switches_s_right_attack_bumper'====== Args={'value': 11, 'prev_value': None, 'change': True}
2025-07-07 20:56:55,864 : INFO : EventManager : Event: ======'machine_var_audits_missing_switches_s_right_flipper'====== Args={'value': 34, 'prev_value': None, 'change': True}
2025-07-07 20:56:55,864 : INFO : EventManager : Event: ======'machine_var_audits_missing_switches_s_right_out_lane'====== Args={'value': 62, 'prev_value': None, 'change': True}
2025-07-07 20:56:55,864 : INFO : EventManager : Event: ======'machine_var_audits_missing_switches_s_right_return_lane'====== Args={'value': 62, 'prev_value': None, 'change': True}
2025-07-07 20:56:55,864 : INFO : EventManager : Event: ======'machine_var_audits_missing_switches_s_spacewarp_rollover'====== Args={'value': 120, 'prev_value': None, 'change': True}
2025-07-07 20:56:55,865 : INFO : EventManager : Event: ======'machine_var_audits_missing_switches_s_start'====== Args={'value': 137, 'prev_value': None, 'change': True}
2025-07-07 20:56:55,865 : INFO : EventManager : Event: ======'machine_var_audits_missing_switches_s_trough1'====== Args={'value': 137, 'prev_value': None, 'change': True}
2025-07-07 20:56:55,865 : INFO : EventManager : Event: ======'machine_var_audits_missing_switches_s_upper_attack_bumper'====== Args={'value': 3, 'prev_value': None, 'change': True}
2025-07-07 20:56:55,865 : INFO : EventManager : Event: ======'machine_var_audits_missing_switches_s_wormhole_target'====== Args={'value': 34, 'prev_value': None, 'change': True}
2025-07-07 20:56:55,865 : INFO : EventManager : Event: ======'machine_var_audits_player_score'====== Args={'value': {'average': 1800.0, 'top': [2000, 1900, 1500], 'total': 3}, 'prev_value': None, 'change': True}
2025-07-07 20:56:55,865 : INFO : EventManager : Event: ======'machine_var_audits_shots_attack_bumper_left_shot'====== Args={'value': 148, 'prev_value': None, 'change': True}
2025-07-07 20:56:55,865 : INFO : EventManager : Event: ======'machine_var_audits_shots_attack_bumper_lower_shot'====== Args={'value': 291, 'prev_value': None, 'change': True}
2025-07-07 20:56:55,865 : INFO : EventManager : Event: ======'machine_var_audits_shots_attack_bumper_right_shot'====== Args={'value': 62, 'prev_value': None, 'change': True}
2025-07-07 20:56:55,865 : INFO : EventManager : Event: ======'machine_var_audits_shots_attack_bumper_upper_shot'====== Args={'value': 41, 'prev_value': None, 'change': True}
2025-07-07 20:56:55,866 : INFO : EventManager : Event: ======'machine_var_audits_shots_bonusLane_shot'====== Args={'value': 93, 'prev_value': None, 'change': True}
2025-07-07 20:56:55,866 : INFO : EventManager : Event: ======'machine_var_audits_shots_medalL_shot'====== Args={'value': 174, 'prev_value': None, 'change': True}
2025-07-07 20:56:55,866 : INFO : EventManager : Event: ======'machine_var_audits_shots_medalM_shot'====== Args={'value': 166, 'prev_value': None, 'change': True}
2025-07-07 20:56:55,866 : INFO : EventManager : Event: ======'machine_var_audits_shots_medalR_shot'====== Args={'value': 165, 'prev_value': None, 'change': True}
2025-07-07 20:56:55,866 : INFO : EventManager : Event: ======'machine_var_audits_shots_my_first_shot'====== Args={'value': 119, 'prev_value': None, 'change': True}
2025-07-07 20:56:55,866 : INFO : EventManager : Event: ======'machine_var_audits_shots_my_first_shot_mode2'====== Args={'value': 72, 'prev_value': None, 'change': True}
2025-07-07 20:56:55,866 : INFO : EventManager : Event: ======'machine_var_audits_shots_outLaneL_shot'====== Args={'value': 31, 'prev_value': None, 'change': True}
2025-07-07 20:56:55,866 : INFO : EventManager : Event: ======'machine_var_audits_shots_outLaneR_shot'====== Args={'value': 104, 'prev_value': None, 'change': True}
2025-07-07 20:56:55,867 : INFO : EventManager : Event: ======'machine_var_audits_shots_reentryL_shot'====== Args={'value': 600, 'prev_value': None, 'change': True}
2025-07-07 20:56:55,867 : INFO : EventManager : Event: ======'machine_var_audits_shots_reentryM_shot'====== Args={'value': 556, 'prev_value': None, 'change': True}
2025-07-07 20:56:55,867 : INFO : EventManager : Event: ======'machine_var_audits_shots_reentryR_shot'====== Args={'value': 550, 'prev_value': None, 'change': True}
2025-07-07 20:56:55,867 : INFO : EventManager : Event: ======'machine_var_audits_shots_reentry_shot'====== Args={'value': 9, 'prev_value': None, 'change': True}
2025-07-07 20:56:55,867 : INFO : EventManager : Event: ======'machine_var_audits_shots_returnLaneL_shot'====== Args={'value': 201, 'prev_value': None, 'change': True}
2025-07-07 20:56:55,867 : INFO : EventManager : Event: ======'machine_var_audits_shots_returnLaneR_shot'====== Args={'value': 143, 'prev_value': None, 'change': True}
2025-07-07 20:56:55,867 : INFO : EventManager : Event: ======'machine_var_audits_shots_spacewarp_rollover_shot'====== Args={'value': 47, 'prev_value': None, 'change': True}
2025-07-07 20:56:55,868 : INFO : EventManager : Event: ======'machine_var_audits_shots_top_lane_A'====== Args={'value': 12, 'prev_value': None, 'change': True}
2025-07-07 20:56:55,868 : INFO : EventManager : Event: ======'machine_var_audits_shots_top_lane_J'====== Args={'value': 12, 'prev_value': None, 'change': True}
2025-07-07 20:56:55,868 : INFO : EventManager : Event: ======'machine_var_audits_shots_top_lane_M'====== Args={'value': 9, 'prev_value': None, 'change': True}
2025-07-07 20:56:55,868 : INFO : EventManager : Event: ======'machine_var_audits_switches_s_blackhole_kicker'====== Args={'value': 0, 'prev_value': None, 'change': True}
2025-07-07 20:56:55,868 : INFO : EventManager : Event: ======'machine_var_audits_switches_s_bonus_lane'====== Args={'value': 106, 'prev_value': None, 'change': True}
2025-07-07 20:56:55,868 : INFO : EventManager : Event: ======'machine_var_audits_switches_s_booster_drop_target_1'====== Args={'value': 0, 'prev_value': None, 'change': True}
2025-07-07 20:56:55,868 : INFO : EventManager : Event: ======'machine_var_audits_switches_s_booster_drop_target_2'====== Args={'value': 0, 'prev_value': None, 'change': True}
2025-07-07 20:56:55,869 : INFO : EventManager : Event: ======'machine_var_audits_switches_s_booster_drop_target_3'====== Args={'value': 0, 'prev_value': None, 'change': True}
2025-07-07 20:56:55,869 : INFO : EventManager : Event: ======'machine_var_audits_switches_s_comet_spot_1'====== Args={'value': 0, 'prev_value': None, 'change': True}
2025-07-07 20:56:55,869 : INFO : EventManager : Event: ======'machine_var_audits_switches_s_comet_spot_2'====== Args={'value': 0, 'prev_value': None, 'change': True}
2025-07-07 20:56:55,869 : INFO : EventManager : Event: ======'machine_var_audits_switches_s_comet_spot_3'====== Args={'value': 0, 'prev_value': None, 'change': True}
2025-07-07 20:56:55,869 : INFO : EventManager : Event: ======'machine_var_audits_switches_s_engine_bumper_1'====== Args={'value': 0, 'prev_value': None, 'change': True}
2025-07-07 20:56:55,869 : INFO : EventManager : Event: ======'machine_var_audits_switches_s_engine_bumper_2'====== Args={'value': 0, 'prev_value': None, 'change': True}
2025-07-07 20:56:55,869 : INFO : EventManager : Event: ======'machine_var_audits_switches_s_engine_bumper_3'====== Args={'value': 0, 'prev_value': None, 'change': True}
2025-07-07 20:56:55,870 : INFO : EventManager : Event: ======'machine_var_audits_switches_s_fuel_chute_1'====== Args={'value': 0, 'prev_value': None, 'change': True}
2025-07-07 20:56:55,870 : INFO : EventManager : Event: ======'machine_var_audits_switches_s_fuel_chute_2'====== Args={'value': 0, 'prev_value': None, 'change': True}
2025-07-07 20:56:55,870 : INFO : EventManager : Event: ======'machine_var_audits_switches_s_fuel_chute_3'====== Args={'value': 0, 'prev_value': None, 'change': True}
2025-07-07 20:56:55,870 : INFO : EventManager : Event: ======'machine_var_audits_switches_s_fuel_chute_4'====== Args={'value': 0, 'prev_value': None, 'change': True}
2025-07-07 20:56:55,870 : INFO : EventManager : Event: ======'machine_var_audits_switches_s_fuel_chute_5'====== Args={'value': 0, 'prev_value': None, 'change': True}
2025-07-07 20:56:55,870 : INFO : EventManager : Event: ======'machine_var_audits_switches_s_fuel_chute_6'====== Args={'value': 0, 'prev_value': None, 'change': True}
2025-07-07 20:56:55,871 : INFO : EventManager : Event: ======'machine_var_audits_switches_s_fuel_flag'====== Args={'value': 0, 'prev_value': None, 'change': True}
2025-07-07 20:56:55,871 : INFO : EventManager : Event: ======'machine_var_audits_switches_s_fuel_spot_1'====== Args={'value': 0, 'prev_value': None, 'change': True}
2025-07-07 20:56:55,871 : INFO : EventManager : Event: ======'machine_var_audits_switches_s_fuel_spot_2'====== Args={'value': 0, 'prev_value': None, 'change': True}
2025-07-07 20:56:55,871 : INFO : EventManager : Event: ======'machine_var_audits_switches_s_fuel_spot_3'====== Args={'value': 0, 'prev_value': None, 'change': True}
2025-07-07 20:56:55,871 : INFO : EventManager : Event: ======'machine_var_audits_switches_s_green_wormhole'====== Args={'value': 0, 'prev_value': None, 'change': True}
2025-07-07 20:56:55,871 : INFO : EventManager : Event: ======'machine_var_audits_switches_s_hyperspace_flag'====== Args={'value': 0, 'prev_value': None, 'change': True}
2025-07-07 20:56:55,871 : INFO : EventManager : Event: ======'machine_var_audits_switches_s_hyperspacekicker'====== Args={'value': 694, 'prev_value': None, 'change': True}
2025-07-07 20:56:55,872 : INFO : EventManager : Event: ======'machine_var_audits_switches_s_launch_lane_1'====== Args={'value': 0, 'prev_value': None, 'change': True}
2025-07-07 20:56:55,872 : INFO : EventManager : Event: ======'machine_var_audits_switches_s_launch_lane_2'====== Args={'value': 0, 'prev_value': None, 'change': True}
2025-07-07 20:56:55,872 : INFO : EventManager : Event: ======'machine_var_audits_switches_s_launch_lane_3'====== Args={'value': 0, 'prev_value': None, 'change': True}
2025-07-07 20:56:55,872 : INFO : EventManager : Event: ======'machine_var_audits_switches_s_launch_ramp'====== Args={'value': 0, 'prev_value': None, 'change': True}
2025-07-07 20:56:55,872 : INFO : EventManager : Event: ======'machine_var_audits_switches_s_left_attack_bumper'====== Args={'value': 885, 'prev_value': None, 'change': True}
2025-07-07 20:56:55,872 : INFO : EventManager : Event: ======'machine_var_audits_switches_s_left_flipper'====== Args={'value': 2527, 'prev_value': None, 'change': True}
2025-07-07 20:56:55,873 : INFO : EventManager : Event: ======'machine_var_audits_switches_s_left_out_lane'====== Args={'value': 35, 'prev_value': None, 'change': True}
2025-07-07 20:56:55,873 : INFO : EventManager : Event: ======'machine_var_audits_switches_s_left_out_lane_kicker'====== Args={'value': 0, 'prev_value': None, 'change': True}
2025-07-07 20:56:55,873 : INFO : EventManager : Event: ======'machine_var_audits_switches_s_left_return_lane'====== Args={'value': 208, 'prev_value': None, 'change': True}
2025-07-07 20:56:55,873 : INFO : EventManager : Event: ======'machine_var_audits_switches_s_lower_attack_bumper'====== Args={'value': 541, 'prev_value': None, 'change': True}
2025-07-07 20:56:55,873 : INFO : EventManager : Event: ======'machine_var_audits_switches_s_lower_left_rebound'====== Args={'value': 0, 'prev_value': None, 'change': True}
2025-07-07 20:56:55,873 : INFO : EventManager : Event: ======'machine_var_audits_switches_s_lower_left_slingshot'====== Args={'value': 277, 'prev_value': None, 'change': True}
2025-07-07 20:56:55,874 : INFO : EventManager : Event: ======'machine_var_audits_switches_s_lower_right_rebound'====== Args={'value': 0, 'prev_value': None, 'change': True}
2025-07-07 20:56:55,874 : INFO : EventManager : Event: ======'machine_var_audits_switches_s_lower_right_slingshot'====== Args={'value': 287, 'prev_value': None, 'change': True}
2025-07-07 20:56:55,874 : INFO : EventManager : Event: ======'machine_var_audits_switches_s_medal_drop_left'====== Args={'value': 188, 'prev_value': None, 'change': True}
2025-07-07 20:56:55,874 : INFO : EventManager : Event: ======'machine_var_audits_switches_s_medal_drop_middle'====== Args={'value': 180, 'prev_value': None, 'change': True}
2025-07-07 20:56:55,874 : INFO : EventManager : Event: ======'machine_var_audits_switches_s_medal_drop_right'====== Args={'value': 179, 'prev_value': None, 'change': True}
2025-07-07 20:56:55,874 : INFO : EventManager : Event: ======'machine_var_audits_switches_s_mission_spot_1'====== Args={'value': 0, 'prev_value': None, 'change': True}
2025-07-07 20:56:55,875 : INFO : EventManager : Event: ======'machine_var_audits_switches_s_mission_spot_2'====== Args={'value': 2, 'prev_value': None, 'change': True}
2025-07-07 20:56:55,875 : INFO : EventManager : Event: ======'machine_var_audits_switches_s_mission_spot_3'====== Args={'value': 0, 'prev_value': None, 'change': True}
2025-07-07 20:56:55,875 : INFO : EventManager : Event: ======'machine_var_audits_switches_s_multiplier_left'====== Args={'value': 0, 'prev_value': None, 'change': True}
2025-07-07 20:56:55,875 : INFO : EventManager : Event: ======'machine_var_audits_switches_s_multiplier_middle'====== Args={'value': 0, 'prev_value': None, 'change': True}
2025-07-07 20:56:55,875 : INFO : EventManager : Event: ======'machine_var_audits_switches_s_multiplier_right'====== Args={'value': 0, 'prev_value': None, 'change': True}
2025-07-07 20:56:55,875 : INFO : EventManager : Event: ======'machine_var_audits_switches_s_plunger'====== Args={'value': 179, 'prev_value': None, 'change': True}
2025-07-07 20:56:55,876 : INFO : EventManager : Event: ======'machine_var_audits_switches_s_radiationspot_1'====== Args={'value': 0, 'prev_value': None, 'change': True}
2025-07-07 20:56:55,876 : INFO : EventManager : Event: ======'machine_var_audits_switches_s_radiationspot_2'====== Args={'value': 0, 'prev_value': None, 'change': True}
2025-07-07 20:56:55,876 : INFO : EventManager : Event: ======'machine_var_audits_switches_s_radiationspot_3'====== Args={'value': 0, 'prev_value': None, 'change': True}
2025-07-07 20:56:55,876 : INFO : EventManager : Event: ======'machine_var_audits_switches_s_red_wormhole'====== Args={'value': 0, 'prev_value': None, 'change': True}
2025-07-07 20:56:55,876 : INFO : EventManager : Event: ======'machine_var_audits_switches_s_reentry_left'====== Args={'value': 958, 'prev_value': None, 'change': True}
2025-07-07 20:56:55,877 : INFO : EventManager : Event: ======'machine_var_audits_switches_s_reentry_middle'====== Args={'value': 630, 'prev_value': None, 'change': True}
2025-07-07 20:56:55,877 : INFO : EventManager : Event: ======'machine_var_audits_switches_s_reentry_right'====== Args={'value': 609, 'prev_value': None, 'change': True}
2025-07-07 20:56:55,877 : INFO : EventManager : Event: ======'machine_var_audits_switches_s_right_attack_bumper'====== Args={'value': 64, 'prev_value': None, 'change': True}
2025-07-07 20:56:55,877 : INFO : EventManager : Event: ======'machine_var_audits_switches_s_right_flipper'====== Args={'value': 2722, 'prev_value': None, 'change': True}
2025-07-07 20:56:55,878 : INFO : EventManager : Event: ======'machine_var_audits_switches_s_right_inlane'====== Args={'value': 0, 'prev_value': None, 'change': True}
2025-07-07 20:56:55,878 : INFO : EventManager : Event: ======'machine_var_audits_switches_s_right_out_lane'====== Args={'value': 130, 'prev_value': None, 'change': True}
2025-07-07 20:56:55,878 : INFO : EventManager : Event: ======'machine_var_audits_switches_s_right_out_lane_kicker'====== Args={'value': 0, 'prev_value': None, 'change': True}
2025-07-07 20:56:55,878 : INFO : EventManager : Event: ======'machine_var_audits_switches_s_right_return_lane'====== Args={'value': 155, 'prev_value': None, 'change': True}
2025-07-07 20:56:55,878 : INFO : EventManager : Event: ======'machine_var_audits_switches_s_satellite_bumper'====== Args={'value': 0, 'prev_value': None, 'change': True}
2025-07-07 20:56:55,879 : INFO : EventManager : Event: ======'machine_var_audits_switches_s_secondary_outlane_kicker'====== Args={'value': 0, 'prev_value': None, 'change': True}
2025-07-07 20:56:55,879 : INFO : EventManager : Event: ======'machine_var_audits_switches_s_skill_shot_1'====== Args={'value': 0, 'prev_value': None, 'change': True}
2025-07-07 20:56:55,879 : INFO : EventManager : Event: ======'machine_var_audits_switches_s_skill_shot_2'====== Args={'value': 0, 'prev_value': None, 'change': True}
2025-07-07 20:56:55,879 : INFO : EventManager : Event: ======'machine_var_audits_switches_s_skill_shot_3'====== Args={'value': 0, 'prev_value': None, 'change': True}
2025-07-07 20:56:55,879 : INFO : EventManager : Event: ======'machine_var_audits_switches_s_skill_shot_4'====== Args={'value': 0, 'prev_value': None, 'change': True}
2025-07-07 20:56:55,880 : INFO : EventManager : Event: ======'machine_var_audits_switches_s_skill_shot_5'====== Args={'value': 0, 'prev_value': None, 'change': True}
2025-07-07 20:56:55,880 : INFO : EventManager : Event: ======'machine_var_audits_switches_s_skill_shot_6'====== Args={'value': 0, 'prev_value': None, 'change': True}
2025-07-07 20:56:55,880 : INFO : EventManager : Event: ======'machine_var_audits_switches_s_skill_shot_lane'====== Args={'value': 0, 'prev_value': None, 'change': True}
2025-07-07 20:56:55,880 : INFO : EventManager : Event: ======'machine_var_audits_switches_s_spacewarp_rollover'====== Args={'value': 48, 'prev_value': None, 'change': True}
2025-07-07 20:56:55,881 : INFO : EventManager : Event: ======'machine_var_audits_switches_s_start'====== Args={'value': 7, 'prev_value': None, 'change': True}
2025-07-07 20:56:55,881 : INFO : EventManager : Event: ======'machine_var_audits_switches_s_trough1'====== Args={'value': 30, 'prev_value': None, 'change': True}
2025-07-07 20:56:55,881 : INFO : EventManager : Event: ======'machine_var_audits_switches_s_trough2'====== Args={'value': 0, 'prev_value': None, 'change': True}
2025-07-07 20:56:55,881 : INFO : EventManager : Event: ======'machine_var_audits_switches_s_trough3'====== Args={'value': 0, 'prev_value': None, 'change': True}
2025-07-07 20:56:55,881 : INFO : EventManager : Event: ======'machine_var_audits_switches_s_trough4'====== Args={'value': 0, 'prev_value': None, 'change': True}
2025-07-07 20:56:55,882 : INFO : EventManager : Event: ======'machine_var_audits_switches_s_trough5'====== Args={'value': 0, 'prev_value': None, 'change': True}
2025-07-07 20:56:55,884 : INFO : EventManager : Event: ======'machine_var_audits_switches_s_trough6'====== Args={'value': 0, 'prev_value': None, 'change': True}
2025-07-07 20:56:55,884 : INFO : EventManager : Event: ======'machine_var_audits_switches_s_trough_jam'====== Args={'value': 0, 'prev_value': None, 'change': True}
2025-07-07 20:56:55,884 : INFO : EventManager : Event: ======'machine_var_audits_switches_s_upper_attack_bumper'====== Args={'value': 415, 'prev_value': None, 'change': True}
2025-07-07 20:56:55,884 : INFO : EventManager : Event: ======'machine_var_audits_switches_s_upper_left_rebound'====== Args={'value': 0, 'prev_value': None, 'change': True}
2025-07-07 20:56:55,885 : INFO : EventManager : Event: ======'machine_var_audits_switches_s_upper_right_rebound'====== Args={'value': 0, 'prev_value': None, 'change': True}
2025-07-07 20:56:55,885 : INFO : EventManager : Event: ======'machine_var_audits_switches_s_wormhole_target'====== Args={'value': 96, 'prev_value': None, 'change': True}
2025-07-07 20:56:55,885 : INFO : EventManager : Event: ======'machine_var_audits_switches_s_yellow_wormhole'====== Args={'value': 0, 'prev_value': None, 'change': True}
2025-07-07 20:56:55,886 : INFO : EventManager : Event: ======'init_phase_5'====== Args={}
2025-07-07 20:56:55,922 : INFO : EventManager : Event: ======'init_done'====== Args={}
2025-07-07 20:56:55,924 : INFO : EventManager : Event: ======'machine_reset_phase_1'====== Args={}
2025-07-07 20:56:55,930 : INFO : EventManager : Event: ======'slide_welcome_slide_removed'====== Args={'_from_bcp': True}
2025-07-07 20:56:55,946 : INFO : EventManager : Event: ======'slide_welcome_slide_created'====== Args={'_from_bcp': True}
2025-07-07 20:56:55,946 : INFO : EventManager : Event: ======'slide_welcome_slide_active'====== Args={'_from_bcp': True}
2025-07-07 20:56:55,947 : INFO : EventManager : Event: ======'machine_reset_phase_2'====== Args={}
2025-07-07 20:56:55,947 : INFO : EventManager : Event: ======'machine_reset_phase_3'====== Args={}
2025-07-07 20:56:55,948 : INFO : EventManager : Event: ======'reset_complete'====== Args={}
2025-07-07 20:56:55,948 : INFO : EventManager : Event: ======'mode_attract_will_start'====== Args={}
2025-07-07 20:56:55,949 : INFO : EventManager : Event: ======'mode_attract_starting'====== Args={}
2025-07-07 20:56:55,949 : INFO : Mode.attract : Started. Priority: 10
2025-07-07 20:56:55,949 : INFO : EventManager : Event: ======'modes_active_modes_changed'====== Args={}
2025-07-07 20:56:55,949 : INFO : EventManager : Event: ======'mode_attract_started'====== Args={}
2025-07-07 20:56:55,950 : INFO : EventManager : Event: ======'collecting_balls_complete'====== Args={}
2025-07-07 20:56:55,981 : INFO : EventManager : Event: ======'slide_awesome_slide_created'====== Args={'_from_bcp': True}
2025-07-07 20:56:55,981 : INFO : EventManager : Event: ======'slide_awesome_slide_active'====== Args={'_from_bcp': True}
2025-07-07 20:56:55,981 : INFO : BcpServer : New client connected.
2025-07-07 20:56:55,982 : INFO : Machine : Starting the main run loop with active modes: [<Mode.attract>]
2025-07-07 20:56:57,793 : INFO : SwitchController : <<<<<<< 's_start' active >>>>>>>
2025-07-07 20:56:57,893 : INFO : SwitchController : <<<<<<< 's_start' inactive >>>>>>>
2025-07-07 20:56:57,893 : INFO : EventManager : Event: ======'request_to_start_game'====== Args={}
2025-07-07 20:56:57,894 : INFO : EventManager : Event: ======'game_start'====== Args={'buttons': [], 'hold_time': 0.0940000000409782}
2025-07-07 20:56:57,894 : INFO : EventManager : Event: ======'mode_game_will_start'====== Args={'buttons': [], 'hold_time': 0.0940000000409782}
2025-07-07 20:56:57,895 : INFO : EventManager : Event: ======'mode_game_starting'====== Args={'buttons': [], 'hold_time': 0.0940000000409782}
2025-07-07 20:56:57,895 : INFO : EventManager : Event: ======'mode_attract_will_stop'====== Args={}
2025-07-07 20:56:57,895 : INFO : EventManager : Event: ======'mode_attract_stopping'====== Args={}
2025-07-07 20:56:57,896 : INFO : Mode.attract : Stopped.
2025-07-07 20:56:57,896 : INFO : EventManager : Event: ======'modes_active_modes_changed'====== Args={}
2025-07-07 20:56:57,897 : INFO : EventManager : Event: ======'mode_attract_stopped'====== Args={}
2025-07-07 20:56:57,897 : INFO : EventManager : Event: ======'clear'====== Args={'key': 'attract'}
2025-07-07 20:56:57,897 : INFO : Mode.game : Started. Priority: 20
2025-07-07 20:56:57,897 : INFO : EventManager : Event: ======'modes_active_modes_changed'====== Args={}
2025-07-07 20:56:57,898 : INFO : EventManager : Event: ======'mode_game_started'====== Args={'buttons': [], 'hold_time': 0.0940000000409782}
2025-07-07 20:56:57,908 : INFO : EventManager : Event: ======'game_will_start'====== Args={}
2025-07-07 20:56:57,909 : INFO : EventManager : Event: ======'game_starting'====== Args={'game': <Mode.game>}
2025-07-07 20:56:57,910 : INFO : EventManager : Unordered handler for class <Auditor> on event game_ended with priority 1. Handlers: [RegisteredHandler(callback=<bound method Auditor.disable of <Auditor>>, priority=1, kwargs={}, key=UUID('21a0036d-230a-4971-a92a-fbb6f90001f2'), condition=None, blocking_facility=None), RegisteredHandler(callback=<bound method Auditor._save_audits of <Auditor>>, priority=1, kwargs={}, key=UUID('dd4a9c4b-c627-4c46-8c28-5c58b5231349'), condition=None, blocking_facility=None)]. The order of those handlers is not defined and they will be executed in random order. This might lead to race conditions and potential bugs.
2025-07-07 20:56:57,910 : INFO : EventManager : Event: ======'player_add_request'====== Args={}
2025-07-07 20:56:57,910 : INFO : EventManager : Event: ======'player_will_add'====== Args={'number': 1}
2025-07-07 20:56:57,911 : INFO : EventManager : Event: ======'player_adding'====== Args={'player': <Player 1>, 'number': 1}
2025-07-07 20:56:57,911 : INFO : EventManager : Event: ======'player_added'====== Args={'player': <Player 1>, 'num': 1}
2025-07-07 20:56:57,911 : INFO : Mode.game : Player added successfully. Total players: 1
2025-07-07 20:56:57,911 : INFO : EventManager : Event: ======'player_index'====== Args={'value': 0, 'prev_value': 0, 'change': 0, 'player_num': 1}
2025-07-07 20:56:57,911 : INFO : EventManager : Event: ======'player_number'====== Args={'value': 1, 'prev_value': 1, 'change': 0, 'player_num': 1}
2025-07-07 20:56:57,911 : INFO : EventManager : Event: ======'player_score'====== Args={'value': 0, 'prev_value': 0, 'change': 0, 'player_num': 1}
2025-07-07 20:56:57,912 : INFO : EventManager : Event: ======'game_started'====== Args={}
2025-07-07 20:56:57,920 : INFO : EventManager : Event: ======'player_turn_will_start'====== Args={'player': <Player 1>, 'number': 1}
2025-07-07 20:56:57,925 : INFO : EventManager : Event: ======'slide_awesome_slide_removed'====== Args={'_from_bcp': True}
2025-07-07 20:56:57,925 : INFO : EventManager : Event: ======'slide_welcome_slide_active'====== Args={'_from_bcp': True}
2025-07-07 20:56:57,925 : INFO : EventManager : Event: ======'player_turn_starting'====== Args={'player': <Player 1>, 'number': 1}
2025-07-07 20:56:57,926 : INFO : EventManager : Event: ======'player_ball'====== Args={'value': 1, 'prev_value': 0, 'change': 1, 'player_num': 1}
2025-07-07 20:56:57,927 : INFO : EventManager : Event: ======'player_turn_started'====== Args={'player': <Player 1>, 'number': 1}
2025-07-07 20:56:57,928 : INFO : EventManager : Event: ======'ball_will_start'====== Args={'player': 1, 'ball': 1, 'balls_remaining': 2, 'is_extra_ball': False}
2025-07-07 20:56:57,931 : INFO : EventManager : Event: ======'ball_starting'====== Args={'player': 1, 'ball': 1, 'balls_remaining': 2, 'is_extra_ball': False}
2025-07-07 20:56:57,938 : INFO : EventManager : Event: ======'mode_base_will_start'====== Args={'queue': <QueuedEvent>, 'player': 1, 'ball': 1, 'balls_remaining': 2, 'is_extra_ball': False}
2025-07-07 20:56:57,938 : INFO : EventManager : Event: ======'mode_base_starting'====== Args={'queue': <QueuedEvent>, 'player': 1, 'ball': 1, 'balls_remaining': 2, 'is_extra_ball': False}
2025-07-07 20:56:57,939 : INFO : Mode.base : Started. Priority: 100
2025-07-07 20:56:57,939 : INFO : EventManager : Event: ======'modes_active_modes_changed'====== Args={}
2025-07-07 20:56:57,939 : INFO : EventManager : Event: ======'mode_base_started'====== Args={'queue': <QueuedEvent>, 'player': 1, 'ball': 1, 'balls_remaining': 2, 'is_extra_ball': False}
2025-07-07 20:56:57,940 : INFO : EventManager : Event: ======'balls_in_play'====== Args={'balls': 1}
2025-07-07 20:56:57,940 : INFO : EventManager : Event: ======'ball_started'====== Args={'player': 1, 'ball': 1, 'balls_remaining': 2, 'is_extra_ball': False}
2025-07-07 20:56:57,941 : INFO : EventManager : Event: ======'mode_returnlanes_will_start'====== Args={'player': 1, 'ball': 1, 'balls_remaining': 2, 'is_extra_ball': False}
2025-07-07 20:56:57,941 : INFO : EventManager : Event: ======'player_shot_returnLaneL_shot_enabled'====== Args={'value': True, 'prev_value': 0, 'change': 1, 'player_num': 1}
2025-07-07 20:56:57,941 : INFO : EventManager : Event: ======'player_shot_returnLaneR_shot_enabled'====== Args={'value': True, 'prev_value': 0, 'change': 1, 'player_num': 1}
2025-07-07 20:56:57,941 : INFO : EventManager : Event: ======'player_shot_spacewarp_rollover_shot_enabled'====== Args={'value': True, 'prev_value': 0, 'change': 1, 'player_num': 1}
2025-07-07 20:56:57,942 : INFO : EventManager : Event: ======'returnLane_shot_complete'====== Args={'state': 'unlit'}
2025-07-07 20:56:57,942 : INFO : EventManager : Event: ======'returnLane_shot_unlit_complete'====== Args={}
2025-07-07 20:56:57,942 : INFO : EventManager : Event: ======'mode_returnlanes_starting'====== Args={'player': 1, 'ball': 1, 'balls_remaining': 2, 'is_extra_ball': False}
2025-07-07 20:56:57,942 : INFO : EventManager : Event: ======'mode_lowerlanes_will_start'====== Args={'player': 1, 'ball': 1, 'balls_remaining': 2, 'is_extra_ball': False}
2025-07-07 20:56:57,943 : INFO : EventManager : Event: ======'player_shot_bonusLane_shot_enabled'====== Args={'value': True, 'prev_value': 0, 'change': 1, 'player_num': 1}
2025-07-07 20:56:57,943 : INFO : EventManager : Event: ======'player_shot_outLaneL_shot_enabled'====== Args={'value': True, 'prev_value': 0, 'change': 1, 'player_num': 1}
2025-07-07 20:56:57,943 : INFO : EventManager : Event: ======'player_shot_outLaneR_shot_enabled'====== Args={'value': True, 'prev_value': 0, 'change': 1, 'player_num': 1}
2025-07-07 20:56:57,943 : INFO : EventManager : Event: ======'outLane_shot_complete'====== Args={'state': 'unlit'}
2025-07-07 20:56:57,944 : INFO : EventManager : Event: ======'outLane_shot_unlit_complete'====== Args={}
2025-07-07 20:56:57,944 : INFO : EventManager : Event: ======'mode_lowerlanes_starting'====== Args={'player': 1, 'ball': 1, 'balls_remaining': 2, 'is_extra_ball': False}
2025-07-07 20:56:57,944 : INFO : EventManager : Event: ======'mode_reentry_will_start'====== Args={'player': 1, 'ball': 1, 'balls_remaining': 2, 'is_extra_ball': False}
2025-07-07 20:56:57,945 : INFO : EventManager : Event: ======'player_shot_reentryL_shot_enabled'====== Args={'value': True, 'prev_value': 0, 'change': 1, 'player_num': 1}
2025-07-07 20:56:57,945 : INFO : EventManager : Event: ======'player_shot_reentryM_shot_enabled'====== Args={'value': True, 'prev_value': 0, 'change': 1, 'player_num': 1}
2025-07-07 20:56:57,945 : INFO : EventManager : Event: ======'player_shot_reentryR_shot_enabled'====== Args={'value': True, 'prev_value': 0, 'change': 1, 'player_num': 1}
2025-07-07 20:56:57,946 : INFO : EventManager : Event: ======'player_shot_attack_bumper_left_shot_enabled'====== Args={'value': True, 'prev_value': 0, 'change': 1, 'player_num': 1}
2025-07-07 20:56:57,946 : INFO : EventManager : Event: ======'player_shot_attack_bumper_right_shot_enabled'====== Args={'value': True, 'prev_value': 0, 'change': 1, 'player_num': 1}
2025-07-07 20:56:57,946 : INFO : EventManager : Event: ======'player_shot_attack_bumper_lower_shot_enabled'====== Args={'value': True, 'prev_value': 0, 'change': 1, 'player_num': 1}
2025-07-07 20:56:57,946 : INFO : EventManager : Event: ======'reentry_shot_complete'====== Args={'state': 'off'}
2025-07-07 20:56:57,946 : INFO : EventManager : Event: ======'reentry_shot_off_complete'====== Args={}
2025-07-07 20:56:57,947 : INFO : EventManager : Event: ======'attack_bumper_shot_complete'====== Args={'state': 'unlit'}
2025-07-07 20:56:57,947 : INFO : EventManager : Event: ======'attack_bumper_shot_unlit_complete'====== Args={}
2025-07-07 20:56:57,949 : INFO : EventManager : Event: ======'mode_reentry_starting'====== Args={'player': 1, 'ball': 1, 'balls_remaining': 2, 'is_extra_ball': False}
2025-07-07 20:56:57,951 : INFO : Mode.lowerlanes : Started. Priority: 200
2025-07-07 20:56:57,952 : INFO : EventManager : Event: ======'modes_active_modes_changed'====== Args={}
2025-07-07 20:56:57,952 : INFO : EventManager : Event: ======'mode_lowerlanes_started'====== Args={'player': 1, 'ball': 1, 'balls_remaining': 2, 'is_extra_ball': False}
2025-07-07 20:56:57,952 : INFO : Mode.returnlanes : Started. Priority: 200
2025-07-07 20:56:57,952 : INFO : EventManager : Event: ======'modes_active_modes_changed'====== Args={}
2025-07-07 20:56:57,952 : INFO : EventManager : Event: ======'mode_returnlanes_started'====== Args={'player': 1, 'ball': 1, 'balls_remaining': 2, 'is_extra_ball': False}
2025-07-07 20:56:57,984 : INFO : EventManager : Event: ======'logicblock_reentry_shot_complete_count_updated'====== Args={'value': 1, 'enabled': True}
2025-07-07 20:56:57,984 : INFO : EventManager : Event: ======'logicblock_reentry_shot_complete_count_updated'====== Args={'value': 1, 'enabled': True}
2025-07-07 20:56:57,984 : INFO : Mode.reentry : Started. Priority: 200
2025-07-07 20:56:57,984 : INFO : EventManager : Event: ======'modes_active_modes_changed'====== Args={}
2025-07-07 20:56:57,984 : INFO : EventManager : Event: ======'mode_reentry_started'====== Args={'player': 1, 'ball': 1, 'balls_remaining': 2, 'is_extra_ball': False}
2025-07-07 20:56:57,984 : INFO : EventManager : Event: ======'player_attack_bumper_count'====== Args={'value': 1, 'prev_value': 0, 'change': 1, 'player_num': 1, 'source': 'reentry'}
2025-07-07 20:56:57,984 : INFO : EventManager : Event: ======'single_player_ball_started'====== Args={}
2025-07-07 20:56:57,986 : INFO : EventManager : Event: ======'slide_base.slide_player-mode_base_started_created'====== Args={'_from_bcp': True}
2025-07-07 20:56:57,986 : INFO : EventManager : Event: ======'slide_base.slide_player-mode_base_started_active'====== Args={'_from_bcp': True}
2025-07-07 20:56:57,986 : INFO : EventManager : Event: ======'slide__global.slide_player-ball_started_created'====== Args={'_from_bcp': True}
2025-07-07 20:56:58,006 : INFO : EventManager : Event: ======'ball_start_target'====== Args={'target': 'playfield'}
2025-07-07 20:56:58,007 : INFO : ball_device.bd_plunger : Setting up player-controlled eject. Balls: 1, Target: <playfield.playfield>, player_controlled_eject_event: None
2025-07-07 20:56:58,007 : INFO : EventManager : Event: ======'balldevice_balls_available'====== Args={}
2025-07-07 20:56:58,009 : INFO : ball_device.bd_trough : State: waiting_for_target_ready
2025-07-07 20:56:58,009 : INFO : EventManager : Event: ======'balldevice_bd_trough_ball_eject_attempt'====== Args={'balls': 1, 'target': <ball_device.bd_plunger>, 'source': <ball_device.bd_trough>, 'mechanical_eject': True, 'num_attempts': 0}
2025-07-07 20:56:58,010 : INFO : ball_device.bd_plunger : State: waiting_for_ball
2025-07-07 20:56:58,010 : INFO : ball_device.bd_trough : State: ejecting
2025-07-07 20:56:58,010 : INFO : ball_device.bd_trough : Ejecting ball to <ball_device.bd_plunger>
2025-07-07 20:56:58,010 : INFO : EventManager : Event: ======'balldevice_bd_trough_ejecting_ball'====== Args={'balls': 1, 'target': <ball_device.bd_plunger>, 'source': <ball_device.bd_trough>, 'mechanical_eject': True, 'num_attempts': 0}
2025-07-07 20:56:58,011 : INFO : ball_device.bd_trough : Wait for ball to leave device
2025-07-07 20:56:58,012 : INFO : coil.c_trough_eject : Pulsing Driver for 10ms (1.0 pulse_power)
2025-07-07 20:57:00,992 : INFO : SwitchController : <<<<<<< 's_lower_attack_bumper' active >>>>>>>
2025-07-07 20:57:00,992 : INFO : EventManager : Event: ======'playfield_active'====== Args={'source': 'attack_bumper_lower_shot'}
2025-07-07 20:57:00,992 : INFO : EventManager : Event: ======'unexpected_ball_on_playfield'====== Args={}
2025-07-07 20:57:00,992 : INFO : EventManager : Event: ======'s_lower_attack_bumper_active'====== Args={}
2025-07-07 20:57:00,992 : INFO : EventManager : Event: ======'playfield_active'====== Args={'source': 'lower_attack_bumper'}
2025-07-07 20:57:00,992 : INFO : EventManager : Event: ======'unexpected_ball_on_playfield'====== Args={}
2025-07-07 20:57:00,993 : INFO : EventManager : Event: ======'machine_var_audits_switches_s_lower_attack_bumper'====== Args={'value': 542, 'prev_value': 541, 'change': 1}
2025-07-07 20:57:00,994 : INFO : EventManager : Event: ======'player_shot_attack_bumper_lower_shot'====== Args={'value': 1, 'prev_value': 0, 'change': 1, 'player_num': 1}
2025-07-07 20:57:00,995 : INFO : EventManager : Event: ======'machine_var_audits_shots_attack_bumper_lower_shot'====== Args={'value': 292, 'prev_value': 291, 'change': 1}
2025-07-07 20:57:00,995 : INFO : EventManager : Event: ======'attack_bumper_lower_shot_hit'====== Args={'profile': 'default', 'state': 'unlit', 'advancing': True}
2025-07-07 20:57:00,995 : INFO : EventManager : Event: ======'attack_bumper_lower_shot_default_hit'====== Args={'profile': 'default', 'state': 'unlit', 'advancing': True}
2025-07-07 20:57:00,995 : INFO : EventManager : Event: ======'attack_bumper_lower_shot_default_unlit_hit'====== Args={'profile': 'default', 'state': 'unlit', 'advancing': True}
2025-07-07 20:57:00,996 : INFO : EventManager : Event: ======'attack_bumper_lower_shot_unlit_hit'====== Args={'profile': 'default', 'state': 'unlit', 'advancing': True}
2025-07-07 20:57:00,996 : INFO : EventManager : Event: ======'attack_bumper_shot_hit'====== Args={}
2025-07-07 20:57:00,996 : INFO : EventManager : Event: ======'attack_bumper_shot_unlit_hit'====== Args={}
2025-07-07 20:57:00,996 : INFO : EventManager : Event: ======'player_score'====== Args={'value': 500, 'prev_value': 0, 'change': 500, 'player_num': 1, 'source': 'reentry'}
2025-07-07 20:57:01,027 : INFO : SwitchController : <<<<<<< 's_lower_attack_bumper' inactive >>>>>>>
2025-07-07 20:57:01,070 : INFO : SwitchController : <<<<<<< 's_lower_attack_bumper' active >>>>>>>
2025-07-07 20:57:01,070 : INFO : EventManager : Event: ======'playfield_active'====== Args={'source': 'attack_bumper_lower_shot'}
2025-07-07 20:57:01,071 : INFO : EventManager : Event: ======'unexpected_ball_on_playfield'====== Args={}
2025-07-07 20:57:01,071 : INFO : EventManager : Event: ======'s_lower_attack_bumper_active'====== Args={}
2025-07-07 20:57:01,071 : INFO : EventManager : Event: ======'playfield_active'====== Args={'source': 'lower_attack_bumper'}
2025-07-07 20:57:01,071 : INFO : EventManager : Event: ======'unexpected_ball_on_playfield'====== Args={}
2025-07-07 20:57:01,071 : INFO : EventManager : Event: ======'machine_var_audits_switches_s_lower_attack_bumper'====== Args={'value': 543, 'prev_value': 542, 'change': 1}
2025-07-07 20:57:01,072 : INFO : EventManager : Event: ======'machine_var_audits_shots_attack_bumper_lower_shot'====== Args={'value': 293, 'prev_value': 292, 'change': 1}
2025-07-07 20:57:01,072 : INFO : EventManager : Event: ======'attack_bumper_lower_shot_hit'====== Args={'profile': 'default', 'state': 'lit', 'advancing': False}
2025-07-07 20:57:01,073 : INFO : EventManager : Event: ======'attack_bumper_lower_shot_default_hit'====== Args={'profile': 'default', 'state': 'lit', 'advancing': False}
2025-07-07 20:57:01,073 : INFO : EventManager : Event: ======'attack_bumper_lower_shot_default_lit_hit'====== Args={'profile': 'default', 'state': 'lit', 'advancing': False}
2025-07-07 20:57:01,073 : INFO : EventManager : Event: ======'attack_bumper_lower_shot_lit_hit'====== Args={'profile': 'default', 'state': 'lit', 'advancing': False}
2025-07-07 20:57:01,073 : INFO : EventManager : Event: ======'attack_bumper_shot_hit'====== Args={}
2025-07-07 20:57:01,073 : INFO : EventManager : Event: ======'attack_bumper_shot_lit_hit'====== Args={}
2025-07-07 20:57:01,073 : INFO : EventManager : Event: ======'player_score'====== Args={'value': 1000, 'prev_value': 500, 'change': 500, 'player_num': 1, 'source': 'reentry'}
2025-07-07 20:57:01,134 : INFO : SwitchController : <<<<<<< 's_lower_attack_bumper' inactive >>>>>>>
2025-07-07 20:57:02,544 : INFO : SwitchController : <<<<<<< 's_reentry_right' active >>>>>>>
2025-07-07 20:57:02,544 : INFO : EventManager : Event: ======'playfield_active'====== Args={'source': 'reentryR_shot'}
2025-07-07 20:57:02,544 : INFO : EventManager : Event: ======'unexpected_ball_on_playfield'====== Args={}
2025-07-07 20:57:02,544 : INFO : EventManager : Event: ======'s_reentry_right_active'====== Args={}
2025-07-07 20:57:02,545 : INFO : EventManager : Event: ======'sw_playfield_active'====== Args={}
2025-07-07 20:57:02,545 : INFO : EventManager : Event: ======'machine_var_audits_switches_s_reentry_right'====== Args={'value': 610, 'prev_value': 609, 'change': 1}
2025-07-07 20:57:02,546 : INFO : EventManager : Event: ======'player_shot_reentryR_shot'====== Args={'value': 1, 'prev_value': 0, 'change': 1, 'player_num': 1}
2025-07-07 20:57:02,547 : INFO : EventManager : Event: ======'machine_var_audits_shots_reentryR_shot'====== Args={'value': 551, 'prev_value': 550, 'change': 1}
2025-07-07 20:57:02,547 : INFO : EventManager : Event: ======'reentryR_shot_hit'====== Args={'profile': 'reentry', 'state': 'off', 'advancing': True}
2025-07-07 20:57:02,547 : INFO : EventManager : Event: ======'reentryR_shot_reentry_hit'====== Args={'profile': 'reentry', 'state': 'off', 'advancing': True}
2025-07-07 20:57:02,547 : INFO : EventManager : Event: ======'reentryR_shot_reentry_off_hit'====== Args={'profile': 'reentry', 'state': 'off', 'advancing': True}
2025-07-07 20:57:02,548 : INFO : EventManager : Event: ======'reentryR_shot_off_hit'====== Args={'profile': 'reentry', 'state': 'off', 'advancing': True}
2025-07-07 20:57:02,548 : INFO : EventManager : Event: ======'reentry_shot_hit'====== Args={}
2025-07-07 20:57:02,548 : INFO : EventManager : Event: ======'reentry_shot_off_hit'====== Args={}
2025-07-07 20:57:02,548 : INFO : EventManager : Event: ======'player_score'====== Args={'value': 2000, 'prev_value': 1000, 'change': 1000, 'player_num': 1, 'source': 'reentry'}
2025-07-07 20:57:02,550 : INFO : EventManager : Event: ======'playfield_active'====== Args={'source': None}
2025-07-07 20:57:02,550 : INFO : EventManager : Event: ======'unexpected_ball_on_playfield'====== Args={}
2025-07-07 20:57:02,655 : INFO : SwitchController : <<<<<<< 's_reentry_right' inactive >>>>>>>
2025-07-07 20:57:02,925 : INFO : SwitchController : <<<<<<< 's_reentry_middle' active >>>>>>>
2025-07-07 20:57:02,925 : INFO : EventManager : Event: ======'playfield_active'====== Args={'source': 'reentryM_shot'}
2025-07-07 20:57:02,926 : INFO : EventManager : Event: ======'unexpected_ball_on_playfield'====== Args={}
2025-07-07 20:57:02,926 : INFO : EventManager : Event: ======'s_reentry_middle_active'====== Args={}
2025-07-07 20:57:02,926 : INFO : EventManager : Event: ======'sw_playfield_active'====== Args={}
2025-07-07 20:57:02,926 : INFO : EventManager : Event: ======'machine_var_audits_switches_s_reentry_middle'====== Args={'value': 631, 'prev_value': 630, 'change': 1}
2025-07-07 20:57:02,928 : INFO : EventManager : Event: ======'player_shot_reentryM_shot'====== Args={'value': 1, 'prev_value': 0, 'change': 1, 'player_num': 1}
2025-07-07 20:57:02,928 : INFO : EventManager : Event: ======'machine_var_audits_shots_reentryM_shot'====== Args={'value': 557, 'prev_value': 556, 'change': 1}
2025-07-07 20:57:02,929 : INFO : EventManager : Event: ======'reentryM_shot_hit'====== Args={'profile': 'reentry', 'state': 'off', 'advancing': True}
2025-07-07 20:57:02,929 : INFO : EventManager : Event: ======'reentryM_shot_reentry_hit'====== Args={'profile': 'reentry', 'state': 'off', 'advancing': True}
2025-07-07 20:57:02,929 : INFO : EventManager : Event: ======'reentryM_shot_reentry_off_hit'====== Args={'profile': 'reentry', 'state': 'off', 'advancing': True}
2025-07-07 20:57:02,929 : INFO : EventManager : Event: ======'reentryM_shot_off_hit'====== Args={'profile': 'reentry', 'state': 'off', 'advancing': True}
2025-07-07 20:57:02,929 : INFO : EventManager : Event: ======'reentry_shot_hit'====== Args={}
2025-07-07 20:57:02,930 : INFO : EventManager : Event: ======'reentry_shot_off_hit'====== Args={}
2025-07-07 20:57:02,930 : INFO : EventManager : Event: ======'player_score'====== Args={'value': 3000, 'prev_value': 2000, 'change': 1000, 'player_num': 1, 'source': 'reentry'}
2025-07-07 20:57:02,931 : INFO : EventManager : Event: ======'playfield_active'====== Args={'source': None}
2025-07-07 20:57:02,931 : INFO : EventManager : Event: ======'unexpected_ball_on_playfield'====== Args={}
2025-07-07 20:57:03,050 : INFO : SwitchController : <<<<<<< 's_reentry_middle' inactive >>>>>>>
2025-07-07 20:57:03,319 : INFO : SwitchController : <<<<<<< 's_reentry_left' active >>>>>>>
2025-07-07 20:57:03,319 : INFO : EventManager : Event: ======'playfield_active'====== Args={'source': 'reentryL_shot'}
2025-07-07 20:57:03,320 : INFO : EventManager : Event: ======'unexpected_ball_on_playfield'====== Args={}
2025-07-07 20:57:03,320 : INFO : EventManager : Event: ======'s_reentry_left_active'====== Args={}
2025-07-07 20:57:03,320 : INFO : EventManager : Event: ======'sw_playfield_active'====== Args={}
2025-07-07 20:57:03,320 : INFO : EventManager : Event: ======'machine_var_audits_switches_s_reentry_left'====== Args={'value': 959, 'prev_value': 958, 'change': 1}
2025-07-07 20:57:03,321 : INFO : EventManager : Event: ======'player_shot_reentryL_shot'====== Args={'value': 1, 'prev_value': 0, 'change': 1, 'player_num': 1}
2025-07-07 20:57:03,322 : INFO : EventManager : Event: ======'machine_var_audits_shots_reentryL_shot'====== Args={'value': 601, 'prev_value': 600, 'change': 1}
2025-07-07 20:57:03,323 : INFO : EventManager : Event: ======'reentryL_shot_hit'====== Args={'profile': 'reentry', 'state': 'off', 'advancing': True}
2025-07-07 20:57:03,323 : INFO : EventManager : Event: ======'reentryL_shot_reentry_hit'====== Args={'profile': 'reentry', 'state': 'off', 'advancing': True}
2025-07-07 20:57:03,323 : INFO : EventManager : Event: ======'reentryL_shot_reentry_off_hit'====== Args={'profile': 'reentry', 'state': 'off', 'advancing': True}
2025-07-07 20:57:03,323 : INFO : EventManager : Event: ======'reentryL_shot_off_hit'====== Args={'profile': 'reentry', 'state': 'off', 'advancing': True}
2025-07-07 20:57:03,323 : INFO : EventManager : Event: ======'reentry_shot_complete'====== Args={'state': 'lit'}
2025-07-07 20:57:03,324 : INFO : EventManager : Event: ======'reentry_shot_lit_complete'====== Args={}
2025-07-07 20:57:03,324 : INFO : EventManager : Event: ======'player_score'====== Args={'value': 8000, 'prev_value': 3000, 'change': 5000, 'player_num': 1, 'source': 'reentry'}
2025-07-07 20:57:03,325 : INFO : EventManager : Event: ======'logicblock_reentry_shot_complete_count_updated'====== Args={'value': 2, 'enabled': True}
2025-07-07 20:57:03,325 : INFO : EventManager : Event: ======'reentry_shot_done'====== Args={'count': 2}
2025-07-07 20:57:03,326 : INFO : EventManager : Event: ======'player_attack_bumper_count'====== Args={'value': 2, 'prev_value': 1, 'change': 1, 'player_num': 1, 'source': 'reentry'}
2025-07-07 20:57:03,327 : INFO : EventManager : Event: ======'reentry_shot_hit'====== Args={}
2025-07-07 20:57:03,327 : INFO : EventManager : Event: ======'reentry_shot_off_hit'====== Args={}
2025-07-07 20:57:03,328 : INFO : EventManager : Event: ======'player_score'====== Args={'value': 9000, 'prev_value': 8000, 'change': 1000, 'player_num': 1, 'source': 'reentry'}
2025-07-07 20:57:03,329 : INFO : EventManager : Event: ======'playfield_active'====== Args={'source': None}
2025-07-07 20:57:03,329 : INFO : EventManager : Event: ======'unexpected_ball_on_playfield'====== Args={}
2025-07-07 20:57:03,415 : INFO : SwitchController : <<<<<<< 's_reentry_left' inactive >>>>>>>
2025-07-07 20:57:04,760 : INFO : SwitchController : <<<<<<< 's_lower_attack_bumper' active >>>>>>>
2025-07-07 20:57:04,760 : INFO : EventManager : Event: ======'playfield_active'====== Args={'source': 'attack_bumper_lower_shot'}
2025-07-07 20:57:04,760 : INFO : EventManager : Event: ======'unexpected_ball_on_playfield'====== Args={}
2025-07-07 20:57:04,760 : INFO : EventManager : Event: ======'s_lower_attack_bumper_active'====== Args={}
2025-07-07 20:57:04,760 : INFO : EventManager : Event: ======'playfield_active'====== Args={'source': 'lower_attack_bumper'}
2025-07-07 20:57:04,760 : INFO : EventManager : Event: ======'unexpected_ball_on_playfield'====== Args={}
2025-07-07 20:57:04,761 : INFO : EventManager : Event: ======'machine_var_audits_switches_s_lower_attack_bumper'====== Args={'value': 544, 'prev_value': 543, 'change': 1}
2025-07-07 20:57:04,762 : INFO : EventManager : Event: ======'machine_var_audits_shots_attack_bumper_lower_shot'====== Args={'value': 294, 'prev_value': 293, 'change': 1}
2025-07-07 20:57:04,762 : INFO : EventManager : Event: ======'attack_bumper_lower_shot_hit'====== Args={'profile': 'default', 'state': 'lit', 'advancing': False}
2025-07-07 20:57:04,763 : INFO : EventManager : Event: ======'attack_bumper_lower_shot_default_hit'====== Args={'profile': 'default', 'state': 'lit', 'advancing': False}
2025-07-07 20:57:04,763 : INFO : EventManager : Event: ======'attack_bumper_lower_shot_default_lit_hit'====== Args={'profile': 'default', 'state': 'lit', 'advancing': False}
2025-07-07 20:57:04,763 : INFO : EventManager : Event: ======'attack_bumper_lower_shot_lit_hit'====== Args={'profile': 'default', 'state': 'lit', 'advancing': False}
2025-07-07 20:57:04,763 : INFO : EventManager : Event: ======'attack_bumper_shot_hit'====== Args={}
2025-07-07 20:57:04,764 : INFO : EventManager : Event: ======'attack_bumper_shot_lit_hit'====== Args={}
2025-07-07 20:57:04,764 : INFO : EventManager : Event: ======'player_score'====== Args={'value': 10000, 'prev_value': 9000, 'change': 1000, 'player_num': 1, 'source': 'reentry'}
2025-07-07 20:57:04,870 : INFO : SwitchController : <<<<<<< 's_lower_attack_bumper' inactive >>>>>>>
2025-07-07 20:57:05,315 : INFO : EventManager : Event: ======'player_shot_reentryL_shot'====== Args={'value': 0, 'prev_value': 1, 'change': -1, 'player_num': 1}
2025-07-07 20:57:05,315 : INFO : EventManager : Event: ======'player_shot_reentryM_shot'====== Args={'value': 0, 'prev_value': 1, 'change': -1, 'player_num': 1}
2025-07-07 20:57:05,316 : INFO : EventManager : Event: ======'player_shot_reentryR_shot'====== Args={'value': 0, 'prev_value': 1, 'change': -1, 'player_num': 1}
2025-07-07 20:57:05,316 : INFO : EventManager : Event: ======'reentry_shot_complete'====== Args={'state': 'off'}
2025-07-07 20:57:05,316 : INFO : EventManager : Event: ======'reentry_shot_off_complete'====== Args={}
2025-07-07 20:57:08,013 : INFO : EventManager : Event: ======'balldevice_bd_trough_ball_eject_failed'====== Args={'target': <ball_device.bd_plunger>, 'balls': 1, 'retry': True, 'num_attempts': 1}
2025-07-07 20:57:08,014 : INFO : ball_device.bd_trough : State: waiting_for_target_ready
2025-07-07 20:57:08,014 : INFO : EventManager : Event: ======'balldevice_bd_trough_ball_eject_attempt'====== Args={'balls': 1, 'target': <ball_device.bd_plunger>, 'source': <ball_device.bd_trough>, 'mechanical_eject': True, 'num_attempts': 1}
2025-07-07 20:57:08,015 : INFO : ball_device.bd_trough : State: ejecting
2025-07-07 20:57:08,015 : INFO : ball_device.bd_trough : Ejecting ball to <ball_device.bd_plunger>
2025-07-07 20:57:08,015 : INFO : EventManager : Event: ======'balldevice_bd_trough_ejecting_ball'====== Args={'balls': 1, 'target': <ball_device.bd_plunger>, 'source': <ball_device.bd_trough>, 'mechanical_eject': True, 'num_attempts': 1}
2025-07-07 20:57:08,016 : INFO : ball_device.bd_trough : Wait for ball to leave device
2025-07-07 20:57:08,016 : INFO : coil.c_trough_eject : Pulsing Driver for 10ms (1.0 pulse_power)
2025-07-07 20:57:11,839 : INFO : SwitchController : <<<<<<< 's_lower_attack_bumper' active >>>>>>>
2025-07-07 20:57:11,839 : INFO : EventManager : Event: ======'playfield_active'====== Args={'source': 'attack_bumper_lower_shot'}
2025-07-07 20:57:11,839 : INFO : EventManager : Event: ======'unexpected_ball_on_playfield'====== Args={}
2025-07-07 20:57:11,839 : INFO : EventManager : Event: ======'s_lower_attack_bumper_active'====== Args={}
2025-07-07 20:57:11,839 : INFO : EventManager : Event: ======'playfield_active'====== Args={'source': 'lower_attack_bumper'}
2025-07-07 20:57:11,839 : INFO : EventManager : Event: ======'unexpected_ball_on_playfield'====== Args={}
2025-07-07 20:57:11,840 : INFO : EventManager : Event: ======'machine_var_audits_switches_s_lower_attack_bumper'====== Args={'value': 545, 'prev_value': 544, 'change': 1}
2025-07-07 20:57:11,848 : INFO : EventManager : Event: ======'machine_var_audits_shots_attack_bumper_lower_shot'====== Args={'value': 295, 'prev_value': 294, 'change': 1}
2025-07-07 20:57:11,848 : INFO : EventManager : Event: ======'attack_bumper_lower_shot_hit'====== Args={'profile': 'default', 'state': 'lit', 'advancing': False}
2025-07-07 20:57:11,849 : INFO : EventManager : Event: ======'attack_bumper_lower_shot_default_hit'====== Args={'profile': 'default', 'state': 'lit', 'advancing': False}
2025-07-07 20:57:11,849 : INFO : EventManager : Event: ======'attack_bumper_lower_shot_default_lit_hit'====== Args={'profile': 'default', 'state': 'lit', 'advancing': False}
2025-07-07 20:57:11,849 : INFO : EventManager : Event: ======'attack_bumper_lower_shot_lit_hit'====== Args={'profile': 'default', 'state': 'lit', 'advancing': False}
2025-07-07 20:57:11,849 : INFO : EventManager : Event: ======'attack_bumper_shot_hit'====== Args={}
2025-07-07 20:57:11,850 : INFO : EventManager : Event: ======'attack_bumper_shot_lit_hit'====== Args={}
2025-07-07 20:57:11,850 : INFO : EventManager : Event: ======'player_score'====== Args={'value': 11000, 'prev_value': 10000, 'change': 1000, 'player_num': 1, 'source': 'reentry'}
2025-07-07 20:57:11,952 : INFO : SwitchController : <<<<<<< 's_lower_attack_bumper' inactive >>>>>>>
2025-07-07 20:57:12,236 : INFO : SwitchController : <<<<<<< 's_lower_attack_bumper' active >>>>>>>
2025-07-07 20:57:12,237 : INFO : EventManager : Event: ======'playfield_active'====== Args={'source': 'attack_bumper_lower_shot'}
2025-07-07 20:57:12,237 : INFO : EventManager : Event: ======'unexpected_ball_on_playfield'====== Args={}
2025-07-07 20:57:12,237 : INFO : EventManager : Event: ======'s_lower_attack_bumper_active'====== Args={}
2025-07-07 20:57:12,237 : INFO : EventManager : Event: ======'playfield_active'====== Args={'source': 'lower_attack_bumper'}
2025-07-07 20:57:12,238 : INFO : EventManager : Event: ======'unexpected_ball_on_playfield'====== Args={}
2025-07-07 20:57:12,238 : INFO : EventManager : Event: ======'machine_var_audits_switches_s_lower_attack_bumper'====== Args={'value': 546, 'prev_value': 545, 'change': 1}
2025-07-07 20:57:12,240 : INFO : EventManager : Event: ======'machine_var_audits_shots_attack_bumper_lower_shot'====== Args={'value': 296, 'prev_value': 295, 'change': 1}
2025-07-07 20:57:12,241 : INFO : EventManager : Event: ======'attack_bumper_lower_shot_hit'====== Args={'profile': 'default', 'state': 'lit', 'advancing': False}
2025-07-07 20:57:12,241 : INFO : EventManager : Event: ======'attack_bumper_lower_shot_default_hit'====== Args={'profile': 'default', 'state': 'lit', 'advancing': False}
2025-07-07 20:57:12,241 : INFO : EventManager : Event: ======'attack_bumper_lower_shot_default_lit_hit'====== Args={'profile': 'default', 'state': 'lit', 'advancing': False}
2025-07-07 20:57:12,242 : INFO : EventManager : Event: ======'attack_bumper_lower_shot_lit_hit'====== Args={'profile': 'default', 'state': 'lit', 'advancing': False}
2025-07-07 20:57:12,242 : INFO : EventManager : Event: ======'attack_bumper_shot_hit'====== Args={}
2025-07-07 20:57:12,243 : INFO : EventManager : Event: ======'attack_bumper_shot_lit_hit'====== Args={}
2025-07-07 20:57:12,243 : INFO : EventManager : Event: ======'player_score'====== Args={'value': 12000, 'prev_value': 11000, 'change': 1000, 'player_num': 1, 'source': 'reentry'}
2025-07-07 20:57:12,301 : INFO : SwitchController : <<<<<<< 's_lower_attack_bumper' inactive >>>>>>>
2025-07-07 20:57:12,555 : INFO : SwitchController : <<<<<<< 's_lower_attack_bumper' active >>>>>>>
2025-07-07 20:57:12,555 : INFO : EventManager : Event: ======'playfield_active'====== Args={'source': 'attack_bumper_lower_shot'}
2025-07-07 20:57:12,555 : INFO : EventManager : Event: ======'unexpected_ball_on_playfield'====== Args={}
2025-07-07 20:57:12,555 : INFO : EventManager : Event: ======'s_lower_attack_bumper_active'====== Args={}
2025-07-07 20:57:12,556 : INFO : EventManager : Event: ======'playfield_active'====== Args={'source': 'lower_attack_bumper'}
2025-07-07 20:57:12,556 : INFO : EventManager : Event: ======'unexpected_ball_on_playfield'====== Args={}
2025-07-07 20:57:12,556 : INFO : EventManager : Event: ======'machine_var_audits_switches_s_lower_attack_bumper'====== Args={'value': 547, 'prev_value': 546, 'change': 1}
2025-07-07 20:57:12,557 : INFO : EventManager : Event: ======'machine_var_audits_shots_attack_bumper_lower_shot'====== Args={'value': 297, 'prev_value': 296, 'change': 1}
2025-07-07 20:57:12,558 : INFO : EventManager : Event: ======'attack_bumper_lower_shot_hit'====== Args={'profile': 'default', 'state': 'lit', 'advancing': False}
2025-07-07 20:57:12,558 : INFO : EventManager : Event: ======'attack_bumper_lower_shot_default_hit'====== Args={'profile': 'default', 'state': 'lit', 'advancing': False}
2025-07-07 20:57:12,558 : INFO : EventManager : Event: ======'attack_bumper_lower_shot_default_lit_hit'====== Args={'profile': 'default', 'state': 'lit', 'advancing': False}
2025-07-07 20:57:12,559 : INFO : EventManager : Event: ======'attack_bumper_lower_shot_lit_hit'====== Args={'profile': 'default', 'state': 'lit', 'advancing': False}
2025-07-07 20:57:12,559 : INFO : EventManager : Event: ======'attack_bumper_shot_hit'====== Args={}
2025-07-07 20:57:12,559 : INFO : EventManager : Event: ======'attack_bumper_shot_lit_hit'====== Args={}
2025-07-07 20:57:12,559 : INFO : EventManager : Event: ======'player_score'====== Args={'value': 13000, 'prev_value': 12000, 'change': 1000, 'player_num': 1, 'source': 'reentry'}
2025-07-07 20:57:12,603 : INFO : SwitchController : <<<<<<< 's_lower_attack_bumper' inactive >>>>>>>
2025-07-07 20:57:18,017 : INFO : EventManager : Event: ======'balldevice_bd_trough_ball_eject_failed'====== Args={'target': <ball_device.bd_plunger>, 'balls': 1, 'retry': True, 'num_attempts': 2}
2025-07-07 20:57:18,019 : INFO : ball_device.bd_trough : State: waiting_for_target_ready
2025-07-07 20:57:18,019 : INFO : EventManager : Event: ======'balldevice_bd_trough_ball_eject_attempt'====== Args={'balls': 1, 'target': <ball_device.bd_plunger>, 'source': <ball_device.bd_trough>, 'mechanical_eject': True, 'num_attempts': 2}
2025-07-07 20:57:18,020 : INFO : ball_device.bd_trough : State: ejecting
2025-07-07 20:57:18,020 : INFO : ball_device.bd_trough : Ejecting ball to <ball_device.bd_plunger>
2025-07-07 20:57:18,020 : INFO : EventManager : Event: ======'balldevice_bd_trough_ejecting_ball'====== Args={'balls': 1, 'target': <ball_device.bd_plunger>, 'source': <ball_device.bd_trough>, 'mechanical_eject': True, 'num_attempts': 2}
2025-07-07 20:57:18,021 : INFO : ball_device.bd_trough : Wait for ball to leave device
2025-07-07 20:57:18,021 : INFO : coil.c_trough_eject : Pulsing Driver for 10ms (1.0 pulse_power)
2025-07-07 20:57:28,009 : INFO : EventManager : Event: ======'balldevice_bd_trough_ball_eject_failed'====== Args={'target': <ball_device.bd_plunger>, 'balls': 1, 'retry': True, 'num_attempts': 3}
2025-07-07 20:57:28,011 : INFO : ball_device.bd_trough : State: waiting_for_target_ready
2025-07-07 20:57:28,011 : INFO : EventManager : Event: ======'balldevice_bd_trough_ball_eject_attempt'====== Args={'balls': 1, 'target': <ball_device.bd_plunger>, 'source': <ball_device.bd_trough>, 'mechanical_eject': True, 'num_attempts': 3}
2025-07-07 20:57:28,012 : INFO : ball_device.bd_trough : State: ejecting
2025-07-07 20:57:28,012 : INFO : ball_device.bd_trough : Ejecting ball to <ball_device.bd_plunger>
2025-07-07 20:57:28,012 : INFO : EventManager : Event: ======'balldevice_bd_trough_ejecting_ball'====== Args={'balls': 1, 'target': <ball_device.bd_plunger>, 'source': <ball_device.bd_trough>, 'mechanical_eject': True, 'num_attempts': 3}
2025-07-07 20:57:28,013 : INFO : ball_device.bd_trough : Wait for ball to leave device
2025-07-07 20:57:28,013 : INFO : coil.c_trough_eject : Pulsing Driver for 10ms (1.0 pulse_power)
2025-07-07 20:57:38,008 : INFO : EventManager : Event: ======'balldevice_bd_trough_ball_eject_failed'====== Args={'target': <ball_device.bd_plunger>, 'balls': 1, 'retry': True, 'num_attempts': 4}
2025-07-07 20:57:38,010 : INFO : ball_device.bd_trough : State: waiting_for_target_ready
2025-07-07 20:57:38,011 : INFO : EventManager : Event: ======'balldevice_bd_trough_ball_eject_attempt'====== Args={'balls': 1, 'target': <ball_device.bd_plunger>, 'source': <ball_device.bd_trough>, 'mechanical_eject': True, 'num_attempts': 4}
2025-07-07 20:57:38,012 : INFO : ball_device.bd_trough : State: ejecting
2025-07-07 20:57:38,013 : INFO : ball_device.bd_trough : Ejecting ball to <ball_device.bd_plunger>
2025-07-07 20:57:38,013 : INFO : EventManager : Event: ======'balldevice_bd_trough_ejecting_ball'====== Args={'balls': 1, 'target': <ball_device.bd_plunger>, 'source': <ball_device.bd_trough>, 'mechanical_eject': True, 'num_attempts': 4}
2025-07-07 20:57:38,015 : INFO : ball_device.bd_trough : Wait for ball to leave device
2025-07-07 20:57:38,015 : INFO : coil.c_trough_eject : Pulsing Driver for 10ms (1.0 pulse_power)
2025-07-07 20:57:48,009 : INFO : EventManager : Event: ======'balldevice_bd_trough_ball_eject_failed'====== Args={'target': <ball_device.bd_plunger>, 'balls': 1, 'retry': True, 'num_attempts': 5}
2025-07-07 20:57:48,011 : INFO : ball_device.bd_trough : State: waiting_for_target_ready
2025-07-07 20:57:48,012 : INFO : EventManager : Event: ======'balldevice_bd_trough_ball_eject_attempt'====== Args={'balls': 1, 'target': <ball_device.bd_plunger>, 'source': <ball_device.bd_trough>, 'mechanical_eject': True, 'num_attempts': 5}
2025-07-07 20:57:48,013 : INFO : ball_device.bd_trough : State: ejecting
2025-07-07 20:57:48,013 : INFO : ball_device.bd_trough : Ejecting ball to <ball_device.bd_plunger>
2025-07-07 20:57:48,013 : INFO : EventManager : Event: ======'balldevice_bd_trough_ejecting_ball'====== Args={'balls': 1, 'target': <ball_device.bd_plunger>, 'source': <ball_device.bd_trough>, 'mechanical_eject': True, 'num_attempts': 5}
2025-07-07 20:57:48,015 : INFO : ball_device.bd_trough : Wait for ball to leave device
2025-07-07 20:57:48,015 : INFO : coil.c_trough_eject : Pulsing Driver for 10ms (1.0 pulse_power)
2025-07-07 20:57:58,008 : INFO : EventManager : Event: ======'balldevice_bd_trough_ball_eject_failed'====== Args={'target': <ball_device.bd_plunger>, 'balls': 1, 'retry': True, 'num_attempts': 6}
2025-07-07 20:57:58,010 : INFO : ball_device.bd_trough : State: waiting_for_target_ready
2025-07-07 20:57:58,010 : INFO : EventManager : Event: ======'balldevice_bd_trough_ball_eject_attempt'====== Args={'balls': 1, 'target': <ball_device.bd_plunger>, 'source': <ball_device.bd_trough>, 'mechanical_eject': True, 'num_attempts': 6}
2025-07-07 20:57:58,012 : INFO : ball_device.bd_trough : State: ejecting
2025-07-07 20:57:58,012 : INFO : ball_device.bd_trough : Ejecting ball to <ball_device.bd_plunger>
2025-07-07 20:57:58,012 : INFO : EventManager : Event: ======'balldevice_bd_trough_ejecting_ball'====== Args={'balls': 1, 'target': <ball_device.bd_plunger>, 'source': <ball_device.bd_trough>, 'mechanical_eject': True, 'num_attempts': 6}
2025-07-07 20:57:58,014 : INFO : ball_device.bd_trough : Wait for ball to leave device
2025-07-07 20:57:58,014 : INFO : coil.c_trough_eject : Pulsing Driver for 10ms (1.0 pulse_power)
2025-07-07 20:58:08,018 : INFO : EventManager : Event: ======'balldevice_bd_trough_ball_eject_failed'====== Args={'target': <ball_device.bd_plunger>, 'balls': 1, 'retry': True, 'num_attempts': 7}
2025-07-07 20:58:08,019 : INFO : ball_device.bd_trough : State: waiting_for_target_ready
2025-07-07 20:58:08,019 : INFO : EventManager : Event: ======'balldevice_bd_trough_ball_eject_attempt'====== Args={'balls': 1, 'target': <ball_device.bd_plunger>, 'source': <ball_device.bd_trough>, 'mechanical_eject': True, 'num_attempts': 7}
2025-07-07 20:58:08,020 : INFO : ball_device.bd_trough : State: ejecting
2025-07-07 20:58:08,020 : INFO : ball_device.bd_trough : Ejecting ball to <ball_device.bd_plunger>
2025-07-07 20:58:08,020 : INFO : EventManager : Event: ======'balldevice_bd_trough_ejecting_ball'====== Args={'balls': 1, 'target': <ball_device.bd_plunger>, 'source': <ball_device.bd_trough>, 'mechanical_eject': True, 'num_attempts': 7}
2025-07-07 20:58:08,021 : INFO : ball_device.bd_trough : Wait for ball to leave device
2025-07-07 20:58:08,021 : INFO : coil.c_trough_eject : Pulsing Driver for 10ms (1.0 pulse_power)
2025-07-07 20:58:18,021 : INFO : EventManager : Event: ======'balldevice_bd_trough_ball_eject_failed'====== Args={'target': <ball_device.bd_plunger>, 'balls': 1, 'retry': True, 'num_attempts': 8}
2025-07-07 20:58:18,023 : INFO : ball_device.bd_trough : State: waiting_for_target_ready
2025-07-07 20:58:18,023 : INFO : EventManager : Event: ======'balldevice_bd_trough_ball_eject_attempt'====== Args={'balls': 1, 'target': <ball_device.bd_plunger>, 'source': <ball_device.bd_trough>, 'mechanical_eject': True, 'num_attempts': 8}
2025-07-07 20:58:18,025 : INFO : ball_device.bd_trough : State: ejecting
2025-07-07 20:58:18,025 : INFO : ball_device.bd_trough : Ejecting ball to <ball_device.bd_plunger>
2025-07-07 20:58:18,025 : INFO : EventManager : Event: ======'balldevice_bd_trough_ejecting_ball'====== Args={'balls': 1, 'target': <ball_device.bd_plunger>, 'source': <ball_device.bd_trough>, 'mechanical_eject': True, 'num_attempts': 8}
2025-07-07 20:58:18,027 : INFO : ball_device.bd_trough : Wait for ball to leave device
2025-07-07 20:58:18,027 : INFO : coil.c_trough_eject : Pulsing Driver for 10ms (1.0 pulse_power)
2025-07-07 20:58:28,024 : INFO : EventManager : Event: ======'balldevice_bd_trough_ball_eject_failed'====== Args={'target': <ball_device.bd_plunger>, 'balls': 1, 'retry': True, 'num_attempts': 9}
2025-07-07 20:58:28,025 : INFO : ball_device.bd_trough : State: waiting_for_target_ready
2025-07-07 20:58:28,026 : INFO : EventManager : Event: ======'balldevice_bd_trough_ball_eject_attempt'====== Args={'balls': 1, 'target': <ball_device.bd_plunger>, 'source': <ball_device.bd_trough>, 'mechanical_eject': True, 'num_attempts': 9}
2025-07-07 20:58:28,027 : INFO : ball_device.bd_trough : State: ejecting
2025-07-07 20:58:28,027 : INFO : ball_device.bd_trough : Ejecting ball to <ball_device.bd_plunger>
2025-07-07 20:58:28,027 : INFO : EventManager : Event: ======'balldevice_bd_trough_ejecting_ball'====== Args={'balls': 1, 'target': <ball_device.bd_plunger>, 'source': <ball_device.bd_trough>, 'mechanical_eject': True, 'num_attempts': 9}
2025-07-07 20:58:28,028 : INFO : ball_device.bd_trough : Wait for ball to leave device
2025-07-07 20:58:28,029 : INFO : coil.c_trough_eject : Pulsing Driver for 10ms (1.0 pulse_power)
2025-07-07 20:58:38,039 : INFO : EventManager : Event: ======'balldevice_bd_trough_ball_eject_failed'====== Args={'target': <ball_device.bd_plunger>, 'balls': 1, 'retry': True, 'num_attempts': 10}
2025-07-07 20:58:38,040 : INFO : ball_device.bd_trough : State: waiting_for_target_ready
2025-07-07 20:58:38,040 : INFO : EventManager : Event: ======'balldevice_bd_trough_ball_eject_attempt'====== Args={'balls': 1, 'target': <ball_device.bd_plunger>, 'source': <ball_device.bd_trough>, 'mechanical_eject': True, 'num_attempts': 10}
2025-07-07 20:58:38,041 : INFO : ball_device.bd_trough : State: ejecting
2025-07-07 20:58:38,041 : INFO : ball_device.bd_trough : Ejecting ball to <ball_device.bd_plunger>
2025-07-07 20:58:38,041 : INFO : EventManager : Event: ======'balldevice_bd_trough_ejecting_ball'====== Args={'balls': 1, 'target': <ball_device.bd_plunger>, 'source': <ball_device.bd_trough>, 'mechanical_eject': True, 'num_attempts': 10}
2025-07-07 20:58:38,042 : INFO : ball_device.bd_trough : Wait for ball to leave device
2025-07-07 20:58:38,042 : INFO : coil.c_trough_eject : Pulsing Driver for 10ms (1.0 pulse_power)
2025-07-07 20:58:48,027 : INFO : EventManager : Event: ======'balldevice_bd_trough_ball_eject_failed'====== Args={'target': <ball_device.bd_plunger>, 'balls': 1, 'retry': True, 'num_attempts': 11}
2025-07-07 20:58:48,029 : INFO : ball_device.bd_trough : State: waiting_for_target_ready
2025-07-07 20:58:48,030 : INFO : EventManager : Event: ======'balldevice_bd_trough_ball_eject_attempt'====== Args={'balls': 1, 'target': <ball_device.bd_plunger>, 'source': <ball_device.bd_trough>, 'mechanical_eject': True, 'num_attempts': 11}
2025-07-07 20:58:48,032 : INFO : ball_device.bd_trough : State: ejecting
2025-07-07 20:58:48,032 : INFO : ball_device.bd_trough : Ejecting ball to <ball_device.bd_plunger>
2025-07-07 20:58:48,032 : INFO : EventManager : Event: ======'balldevice_bd_trough_ejecting_ball'====== Args={'balls': 1, 'target': <ball_device.bd_plunger>, 'source': <ball_device.bd_trough>, 'mechanical_eject': True, 'num_attempts': 11}
2025-07-07 20:58:48,035 : INFO : ball_device.bd_trough : Wait for ball to leave device
2025-07-07 20:58:48,035 : INFO : coil.c_trough_eject : Pulsing Driver for 10ms (1.0 pulse_power)
2025-07-07 20:58:58,029 : INFO : EventManager : Event: ======'balldevice_bd_trough_ball_eject_failed'====== Args={'target': <ball_device.bd_plunger>, 'balls': 1, 'retry': True, 'num_attempts': 12}
2025-07-07 20:58:58,030 : INFO : ball_device.bd_trough : State: waiting_for_target_ready
2025-07-07 20:58:58,031 : INFO : EventManager : Event: ======'balldevice_bd_trough_ball_eject_attempt'====== Args={'balls': 1, 'target': <ball_device.bd_plunger>, 'source': <ball_device.bd_trough>, 'mechanical_eject': True, 'num_attempts': 12}
2025-07-07 20:58:58,031 : INFO : ball_device.bd_trough : State: ejecting
2025-07-07 20:58:58,031 : INFO : ball_device.bd_trough : Ejecting ball to <ball_device.bd_plunger>
2025-07-07 20:58:58,031 : INFO : EventManager : Event: ======'balldevice_bd_trough_ejecting_ball'====== Args={'balls': 1, 'target': <ball_device.bd_plunger>, 'source': <ball_device.bd_trough>, 'mechanical_eject': True, 'num_attempts': 12}
2025-07-07 20:58:58,032 : INFO : ball_device.bd_trough : Wait for ball to leave device
2025-07-07 20:58:58,033 : INFO : coil.c_trough_eject : Pulsing Driver for 10ms (1.0 pulse_power)
2025-07-07 20:59:08,033 : INFO : EventManager : Event: ======'balldevice_bd_trough_ball_eject_failed'====== Args={'target': <ball_device.bd_plunger>, 'balls': 1, 'retry': True, 'num_attempts': 13}
2025-07-07 20:59:08,035 : INFO : ball_device.bd_trough : State: waiting_for_target_ready
2025-07-07 20:59:08,035 : INFO : EventManager : Event: ======'balldevice_bd_trough_ball_eject_attempt'====== Args={'balls': 1, 'target': <ball_device.bd_plunger>, 'source': <ball_device.bd_trough>, 'mechanical_eject': True, 'num_attempts': 13}
2025-07-07 20:59:08,035 : INFO : ball_device.bd_trough : State: ejecting
2025-07-07 20:59:08,036 : INFO : ball_device.bd_trough : Ejecting ball to <ball_device.bd_plunger>
2025-07-07 20:59:08,036 : INFO : EventManager : Event: ======'balldevice_bd_trough_ejecting_ball'====== Args={'balls': 1, 'target': <ball_device.bd_plunger>, 'source': <ball_device.bd_trough>, 'mechanical_eject': True, 'num_attempts': 13}
2025-07-07 20:59:08,037 : INFO : ball_device.bd_trough : Wait for ball to leave device
2025-07-07 20:59:08,037 : INFO : coil.c_trough_eject : Pulsing Driver for 10ms (1.0 pulse_power)
2025-07-07 20:59:12,465 : INFO : Machine : Shutting down...
2025-07-07 20:59:12,465 : INFO : EventManager : Event: ======'shutdown'====== Args={}
2025-07-07 20:59:12,470 : INFO : EventManager : Event: ======'mode_game_will_stop'====== Args={}
2025-07-07 20:59:12,470 : INFO : EventManager : Event: ======'mode_game_stopping'====== Args={}
2025-07-07 20:59:12,471 : INFO : EventManager : Event: ======'mode_returnlanes_will_stop'====== Args={}
2025-07-07 20:59:12,471 : INFO : EventManager : Event: ======'mode_returnlanes_stopping'====== Args={}
2025-07-07 20:59:12,471 : INFO : EventManager : Event: ======'mode_lowerlanes_will_stop'====== Args={}
2025-07-07 20:59:12,471 : INFO : EventManager : Event: ======'mode_lowerlanes_stopping'====== Args={}
2025-07-07 20:59:12,471 : INFO : EventManager : Event: ======'mode_base_will_stop'====== Args={}
2025-07-07 20:59:12,471 : INFO : EventManager : Event: ======'mode_base_stopping'====== Args={}
2025-07-07 20:59:12,471 : INFO : EventManager : Event: ======'mode_reentry_will_stop'====== Args={}
2025-07-07 20:59:12,471 : INFO : EventManager : Event: ======'mode_reentry_stopping'====== Args={}
2025-07-07 20:59:12,472 : INFO : Mode.reentry : Stopped.
2025-07-07 20:59:12,472 : INFO : EventManager : Event: ======'modes_active_modes_changed'====== Args={}
2025-07-07 20:59:12,472 : INFO : EventManager : Event: ======'mode_reentry_stopped'====== Args={}
2025-07-07 20:59:12,472 : INFO : EventManager : Event: ======'clear'====== Args={'key': 'reentry'}
2025-07-07 20:59:12,473 : INFO : Mode.base : Stopped.
2025-07-07 20:59:12,473 : INFO : EventManager : Event: ======'modes_active_modes_changed'====== Args={}
2025-07-07 20:59:12,473 : INFO : EventManager : Event: ======'mode_base_stopped'====== Args={}
2025-07-07 20:59:12,473 : INFO : EventManager : Event: ======'clear'====== Args={'key': 'base'}
2025-07-07 20:59:12,473 : INFO : Mode.lowerlanes : Stopped.
2025-07-07 20:59:12,473 : INFO : EventManager : Event: ======'modes_active_modes_changed'====== Args={}
2025-07-07 20:59:12,473 : INFO : EventManager : Event: ======'mode_lowerlanes_stopped'====== Args={}
2025-07-07 20:59:12,473 : INFO : EventManager : Event: ======'clear'====== Args={'key': 'lowerlanes'}
2025-07-07 20:59:12,474 : INFO : Mode.returnlanes : Stopped.
2025-07-07 20:59:12,474 : INFO : EventManager : Event: ======'modes_active_modes_changed'====== Args={}
2025-07-07 20:59:12,474 : INFO : EventManager : Event: ======'mode_returnlanes_stopped'====== Args={}
2025-07-07 20:59:12,474 : INFO : EventManager : Event: ======'clear'====== Args={'key': 'returnlanes'}
2025-07-07 20:59:12,475 : INFO : Mode.game : Stopped.
2025-07-07 20:59:12,475 : INFO : EventManager : Event: ======'modes_active_modes_changed'====== Args={}
2025-07-07 20:59:12,475 : INFO : EventManager : Event: ======'mode_game_stopped'====== Args={}
2025-07-07 20:59:12,475 : INFO : EventManager : Event: ======'clear'====== Args={'key': 'game'}
2025-07-07 20:59:12,477 : ERROR : OPP : Stop called on serial connection com5
2025-07-07 20:59:12,478 : ERROR : OPP : Stop called on serial connection com4
2025-07-07 20:59:12,478 : ERROR : asyncio : Exception in callback Util.raise_exceptions(<Task finishe...ection lost')>) at C:\Users\student\mpfenv3\Lib\site-packages\mpf\core\utility_functions.py:790
handle: <Handle Util.raise_exceptions(<Task finishe...ection lost')>) at C:\Users\student\mpfenv3\Lib\site-packages\mpf\core\utility_functions.py:790>
Traceback (most recent call last):
  File "C:\Program Files\Python311\Lib\asyncio\events.py", line 84, in _run
    self._context.run(self._callback, *self._args)
  File "C:\Users\student\mpfenv3\Lib\site-packages\mpf\core\utility_functions.py", line 798, in raise_exceptions
    future.result()
  File "C:\Users\student\mpfenv3\Lib\site-packages\mpf\platforms\opp\opp.py", line 971, in _poll_sender
    await self.opp_connection[chain_serial].writer.drain()
  File "C:\Program Files\Python311\Lib\asyncio\streams.py", line 392, in drain
    await self._protocol._drain_helper()
  File "C:\Program Files\Python311\Lib\asyncio\streams.py", line 166, in _drain_helper
    raise ConnectionResetError('Connection lost')
ConnectionResetError: Connection lost
2025-07-07 20:59:12,745 : WARNING : OPP : Poll took more than 250.0ms for 0
2025-07-07 20:59:12,745 : ERROR : asyncio : Exception in callback Util.raise_exceptions(<Task finishe...ute 'write'")>) at C:\Users\student\mpfenv3\Lib\site-packages\mpf\core\utility_functions.py:790
handle: <Handle Util.raise_exceptions(<Task finishe...ute 'write'")>) at C:\Users\student\mpfenv3\Lib\site-packages\mpf\core\utility_functions.py:790>
Traceback (most recent call last):
  File "C:\Program Files\Python311\Lib\asyncio\events.py", line 84, in _run
    self._context.run(self._callback, *self._args)
  File "C:\Users\student\mpfenv3\Lib\site-packages\mpf\core\utility_functions.py", line 798, in raise_exceptions
    future.result()
  File "C:\Users\student\mpfenv3\Lib\site-packages\mpf\platforms\opp\opp.py", line 970, in _poll_sender
    self.send_to_processor(chain_serial, self.read_input_msg[chain_serial])
  File "C:\Users\student\mpfenv3\Lib\site-packages\mpf\platforms\opp\opp.py", line 349, in send_to_processor
    self.opp_connection[chain_serial].send(msg)
  File "C:\Users\student\mpfenv3\Lib\site-packages\mpf\platforms\base_serial_communicator.py", line 161, in send
    self.writer.write(msg)
    ^^^^^^^^^^^^^^^^^
AttributeError: 'NoneType' object has no attribute 'write'
2025-07-07 20:59:12,747 : INFO : root : MPF run loop ended.
