2025-05-08 21:00:01,188 : INFO : root : Loading config.
2025-05-08 21:00:01,234 : INFO : ConfigProcessor : Config spec file cache created: C:\Users\student\AppData\Local\Temp\config_spec.mpf_cache
2025-05-08 21:00:01,234 : INFO : YamlMultifileConfigLoader : Machine config file #1: config.yaml
2025-05-08 21:00:01,235 : INFO : ConfigProcessor : Loading config from file C:\Users\student\mpfenv3\Lib\site-packages\mpf\mpfconfig.yaml.
2025-05-08 21:00:01,244 : INFO : ConfigProcessor : Loading config: C:\Users\student\mpfenv3\Lib\site-packages\mpf\mpfconfig.yaml
2025-05-08 21:00:01,245 : INFO : ConfigProcessor : Loading config from file C:\Users\student\pinball\cobraPinTest1\config\config.yaml.
2025-05-08 21:00:01,251 : INFO : ConfigProcessor : Loading config: C:\Users\student\pinball\cobraPinTest1\config\config.yaml
2025-05-08 21:00:01,252 : INFO : ConfigProcessor : Config file cache created: C:\Users\student\AppData\Local\Temp\a20d2796aecf24feaad48747be24652a.mpf_cache
2025-05-08 21:00:01,325 : INFO : ConfigProcessor : Loading config from file C:\Users\student\mpfenv3\Lib\site-packages\mpf\modes\attract\config\attract.yaml.
2025-05-08 21:00:01,325 : INFO : ConfigProcessor : Loading config: C:\Users\student\mpfenv3\Lib\site-packages\mpf\modes\attract\config\attract.yaml
2025-05-08 21:00:01,325 : INFO : ConfigProcessor : Loading config from file C:\Users\student\pinball\cobraPinTest1\modes\attract\config\attract.yaml.
2025-05-08 21:00:01,326 : INFO : ConfigProcessor : Loading config: C:\Users\student\pinball\cobraPinTest1\modes\attract\config\attract.yaml
2025-05-08 21:00:01,326 : INFO : ConfigProcessor : Config file cache created: C:\Users\student\AppData\Local\Temp\0196918bccd620e51d3c4d2630650aa0.mpf_cache
2025-05-08 21:00:01,327 : INFO : ConfigProcessor : Loading config from file C:\Users\student\mpfenv3\Lib\site-packages\mpf\modes\game\config\game.yaml.
2025-05-08 21:00:01,328 : INFO : ConfigProcessor : Loading config: C:\Users\student\mpfenv3\Lib\site-packages\mpf\modes\game\config\game.yaml
2025-05-08 21:00:01,328 : INFO : ConfigProcessor : Config file cache created: C:\Users\student\AppData\Local\Temp\511dcc6b491b0fa2d7aa9abdf6497e9c.mpf_cache
2025-05-08 21:00:01,328 : INFO : ConfigProcessor : Loading config from file C:\Users\student\pinball\cobraPinTest1\modes\base\config\base.yaml.
2025-05-08 21:00:01,330 : INFO : ConfigProcessor : Loading config: C:\Users\student\pinball\cobraPinTest1\modes\base\config\base.yaml
2025-05-08 21:00:01,330 : INFO : ConfigProcessor : Config file cache created: C:\Users\student\AppData\Local\Temp\4675a535c8328a9c278c807d999ed109.mpf_cache
2025-05-08 21:00:01,330 : INFO : ConfigProcessor : Loading config from file C:\Users\student\pinball\cobraPinTest1\modes\reentry\config\reentry.yaml.
2025-05-08 21:00:01,333 : INFO : ConfigProcessor : Loading config: C:\Users\student\pinball\cobraPinTest1\modes\reentry\config\reentry.yaml
2025-05-08 21:00:01,334 : INFO : ConfigProcessor : Config file cache created: C:\Users\student\AppData\Local\Temp\0c8438cab3480347c0c749fa494946a2.mpf_cache
2025-05-08 21:00:01,334 : INFO : ConfigProcessor : Loading config from file C:\Users\student\pinball\cobraPinTest1\modes\lowerlanes\config\lowerlanes.yaml.
2025-05-08 21:00:01,335 : INFO : ConfigProcessor : Loading config: C:\Users\student\pinball\cobraPinTest1\modes\lowerlanes\config\lowerlanes.yaml
2025-05-08 21:00:01,336 : INFO : ConfigProcessor : Config file cache created: C:\Users\student\AppData\Local\Temp\5052615755bdf1309b248cf8695ad4ff.mpf_cache
2025-05-08 21:00:01,336 : INFO : ConfigProcessor : Loading config from file C:\Users\student\pinball\cobraPinTest1\modes\returnlanes\config\returnlanes.yaml.
2025-05-08 21:00:01,338 : INFO : ConfigProcessor : Loading config: C:\Users\student\pinball\cobraPinTest1\modes\returnlanes\config\returnlanes.yaml
2025-05-08 21:00:01,338 : INFO : ConfigProcessor : Config file cache created: C:\Users\student\AppData\Local\Temp\55e33f498afd3883899abc6da4842b47.mpf_cache
2025-05-08 21:00:01,339 : INFO : ConfigProcessor : Loading config from file C:\Users\student\pinball\cobraPinTest1\modes\attract\shows\.\attract_display_loop.yaml.
2025-05-08 21:00:01,340 : INFO : ConfigProcessor : Loading config: C:\Users\student\pinball\cobraPinTest1\modes\attract\shows\.\attract_display_loop.yaml
2025-05-08 21:00:01,341 : INFO : ConfigProcessor : Config file cache created: C:\Users\student\AppData\Local\Temp\f8d2c2cf3ea01f085365ea23fa51a701.mpf_cache
2025-05-08 21:00:01,341 : INFO : ConfigProcessor : Loading config from file C:\Users\student\pinball\cobraPinTest1\modes\attract\shows\.\attract_light_show.yaml.
2025-05-08 21:00:01,344 : INFO : ConfigProcessor : Loading config: C:\Users\student\pinball\cobraPinTest1\modes\attract\shows\.\attract_light_show.yaml
2025-05-08 21:00:01,344 : INFO : ConfigProcessor : Config file cache created: C:\Users\student\AppData\Local\Temp\30bd992f4b62a9b099207aebeb59554c.mpf_cache
2025-05-08 21:00:01,345 : INFO : Machine : Mission Pinball Framework Core Engine v0.57.3
2025-05-08 21:00:01,345 : INFO : Machine : Command line arguments: {'no_load_cache': True, 'create_config_cache': True, 'bcp': True, 'configfile': ['config.yaml'], 'force_assets_load': False, 'platform_integration_test': False, 'jsonlogging': False, 'logfile': 'logs\\2025-05-08-21-00-01-mpf-DESKTOP-0JH7ARL.log', 'pause': False, 'production': False, 'text_ui': True, 'loglevel': 15, 'consoleloglevel': 20, 'force_platform': None, 'syslog_address': None, 'mc_file_name': None, 'no_sound': False}
2025-05-08 21:00:01,345 : INFO : Machine : MPF path: C:\Users\student\mpfenv3\Lib\site-packages\mpf
2025-05-08 21:00:01,345 : INFO : Machine : Machine path: C:\Users\student\pinball\cobraPinTest1
2025-05-08 21:00:01,345 : INFO : Machine : Platform: win32
2025-05-08 21:00:01,345 : INFO : Machine : Python executable location: C:\Users\student\mpfenv3\Scripts\python.exe
2025-05-08 21:00:01,345 : INFO : Machine : Python version: 3.11.8 (64-bit)
2025-05-08 21:00:01,347 : INFO : Machine : Initializing MPF...
2025-05-08 21:00:01,538 : INFO : OPP : Connecting to com4 at 115200bps
2025-05-08 21:00:01,644 : INFO : OPP : Init of OPP board 0 done
2025-05-08 21:00:01,644 : INFO : OPP : Connecting to com5 at 115200bps
2025-05-08 21:00:01,819 : INFO : OPP : Init of OPP board 1 done
2025-05-08 21:00:01,819 : INFO : EventManager : Event: ======'machine_var_credits_string'====== Args={'value': 'FREE PLAY', 'prev_value': None, 'change': True}
2025-05-08 21:00:01,883 : INFO : EventManager : Event: ======'machine_var_master_volume'====== Args={'value': 0.5, 'prev_value': None, 'change': True}
2025-05-08 21:00:01,883 : INFO : EventManager : Event: ======'machine_var_player1_score'====== Args={'value': 1500, 'prev_value': None, 'change': True}
2025-05-08 21:00:01,883 : INFO : EventManager : Event: ======'machine_var_mpf_version'====== Args={'value': 'Mission Pinball Framework v0.57.3', 'prev_value': None, 'change': True}
2025-05-08 21:00:01,883 : INFO : EventManager : Event: ======'machine_var_mpf_extended_version'====== Args={'value': 'Mission Pinball Framework v0.57.3, Config version:6, Show version: 6, BCP version:1.1', 'prev_value': None, 'change': True}
2025-05-08 21:00:01,883 : INFO : EventManager : Event: ======'machine_var_python_version'====== Args={'value': '3.11.8', 'prev_value': None, 'change': True}
2025-05-08 21:00:01,891 : INFO : EventManager : Event: ======'machine_var_platform'====== Args={'value': 'Windows-10-10.0.19045-SP0', 'prev_value': None, 'change': True}
2025-05-08 21:00:01,891 : INFO : EventManager : Event: ======'machine_var_platform_system'====== Args={'value': 'Windows', 'prev_value': None, 'change': True}
2025-05-08 21:00:01,891 : INFO : EventManager : Event: ======'machine_var_platform_release'====== Args={'value': '10', 'prev_value': None, 'change': True}
2025-05-08 21:00:01,891 : INFO : EventManager : Event: ======'machine_var_platform_version'====== Args={'value': '10.0.19045', 'prev_value': None, 'change': True}
2025-05-08 21:00:01,892 : INFO : EventManager : Event: ======'machine_var_platform_machine'====== Args={'value': 'AMD64', 'prev_value': None, 'change': True}
2025-05-08 21:00:01,892 : INFO : EventManager : Event: ======'init_phase_1'====== Args={}
2025-05-08 21:00:01,914 : INFO : EventManager : Event: ======'init_phase_2'====== Args={}
2025-05-08 21:00:01,915 : INFO : SwitchController : Found active switch: ('0-0-8', <Platform.OPP>) <switch.s_trough1>
2025-05-08 21:00:01,918 : INFO : EventManager : Event: ======'bcp_connection_attempt'====== Args={'name': 'local_display', 'host': 'localhost', 'port': 5050}
2025-05-08 21:00:01,920 : INFO : BCPClientSocket : Connecting BCP to 'local_display' at localhost:5050...
2025-05-08 21:00:03,966 : INFO : BCPClientSocket : Connected BCP to 'local_display' localhost:5050
2025-05-08 21:00:03,968 : INFO : EventManager : Event: ======'bcp_clients_connected'====== Args={}
2025-05-08 21:00:04,127 : INFO : EventManager : Event: ======'machine_var_mc_version'====== Args={'value': 'MPF-MC v0.57.1', 'prev_value': None, 'change': True}
2025-05-08 21:00:04,127 : INFO : EventManager : Event: ======'machine_var_mc_extended_version'====== Args={'value': 'MPF-MC v0.57.1 (config_version=6, BCP v1.1,                      Requires MPF API compatibility v0.57.0 or newer)', 'prev_value': None, 'change': True}
2025-05-08 21:00:04,129 : INFO : ball_device.bd_trough : BCH: Initial count: 1
2025-05-08 21:00:04,166 : INFO : ball_device.bd_trough : State: idle
2025-05-08 21:00:04,166 : INFO : ball_device.bd_plunger : BCH: Initial count: 0
2025-05-08 21:00:04,167 : INFO : ball_device.bd_plunger : State: idle
2025-05-08 21:00:04,185 : INFO : EventManager : Event: ======'init_phase_3'====== Args={}
2025-05-08 21:00:04,190 : INFO : EventManager : Event: ======'init_phase_4'====== Args={}
2025-05-08 21:00:04,190 : INFO : BallController : Initial balls found: 1
2025-05-08 21:00:04,191 : INFO : EventManager : Event: ======'machine_var_audits_events_game_ended'====== Args={'value': 0, 'prev_value': None, 'change': True}
2025-05-08 21:00:04,192 : INFO : EventManager : Event: ======'machine_var_audits_events_game_started'====== Args={'value': 67, 'prev_value': None, 'change': True}
2025-05-08 21:00:04,192 : INFO : EventManager : Event: ======'machine_var_audits_missing_switches_s_bonus_lane'====== Args={'value': 15, 'prev_value': None, 'change': True}
2025-05-08 21:00:04,192 : INFO : EventManager : Event: ======'machine_var_audits_missing_switches_s_left_attack_bumper'====== Args={'value': 15, 'prev_value': None, 'change': True}
2025-05-08 21:00:04,192 : INFO : EventManager : Event: ======'machine_var_audits_missing_switches_s_left_flipper'====== Args={'value': 15, 'prev_value': None, 'change': True}
2025-05-08 21:00:04,192 : INFO : EventManager : Event: ======'machine_var_audits_missing_switches_s_left_out_lane'====== Args={'value': 16, 'prev_value': None, 'change': True}
2025-05-08 21:00:04,192 : INFO : EventManager : Event: ======'machine_var_audits_missing_switches_s_left_return_lane'====== Args={'value': 15, 'prev_value': None, 'change': True}
2025-05-08 21:00:04,192 : INFO : EventManager : Event: ======'machine_var_audits_missing_switches_s_lower_left_slingshot'====== Args={'value': 15, 'prev_value': None, 'change': True}
2025-05-08 21:00:04,192 : INFO : EventManager : Event: ======'machine_var_audits_missing_switches_s_lower_right_slingshot'====== Args={'value': 3, 'prev_value': None, 'change': True}
2025-05-08 21:00:04,192 : INFO : EventManager : Event: ======'machine_var_audits_missing_switches_s_plunger'====== Args={'value': 65, 'prev_value': None, 'change': True}
2025-05-08 21:00:04,192 : INFO : EventManager : Event: ======'machine_var_audits_missing_switches_s_reentry_left'====== Args={'value': 15, 'prev_value': None, 'change': True}
2025-05-08 21:00:04,193 : INFO : EventManager : Event: ======'machine_var_audits_missing_switches_s_reentry_middle'====== Args={'value': 14, 'prev_value': None, 'change': True}
2025-05-08 21:00:04,193 : INFO : EventManager : Event: ======'machine_var_audits_missing_switches_s_reentry_right'====== Args={'value': 14, 'prev_value': None, 'change': True}
2025-05-08 21:00:04,193 : INFO : EventManager : Event: ======'machine_var_audits_missing_switches_s_right_flipper'====== Args={'value': 2, 'prev_value': None, 'change': True}
2025-05-08 21:00:04,193 : INFO : EventManager : Event: ======'machine_var_audits_missing_switches_s_right_out_lane'====== Args={'value': 15, 'prev_value': None, 'change': True}
2025-05-08 21:00:04,193 : INFO : EventManager : Event: ======'machine_var_audits_missing_switches_s_right_return_lane'====== Args={'value': 15, 'prev_value': None, 'change': True}
2025-05-08 21:00:04,193 : INFO : EventManager : Event: ======'machine_var_audits_missing_switches_s_spacewarp_rollover'====== Args={'value': 49, 'prev_value': None, 'change': True}
2025-05-08 21:00:04,193 : INFO : EventManager : Event: ======'machine_var_audits_missing_switches_s_start'====== Args={'value': 66, 'prev_value': None, 'change': True}
2025-05-08 21:00:04,193 : INFO : EventManager : Event: ======'machine_var_audits_missing_switches_s_trough1'====== Args={'value': 66, 'prev_value': None, 'change': True}
2025-05-08 21:00:04,193 : INFO : EventManager : Event: ======'machine_var_audits_missing_switches_s_upper_attack_bumper'====== Args={'value': 3, 'prev_value': None, 'change': True}
2025-05-08 21:00:04,193 : INFO : EventManager : Event: ======'machine_var_audits_missing_switches_s_wormhole_target'====== Args={'value': 15, 'prev_value': None, 'change': True}
2025-05-08 21:00:04,194 : INFO : EventManager : Event: ======'machine_var_audits_player_score'====== Args={'value': {'average': 1800.0, 'top': [2000, 1900, 1500], 'total': 3}, 'prev_value': None, 'change': True}
2025-05-08 21:00:04,194 : INFO : EventManager : Event: ======'machine_var_audits_shots_attack_bumper_left_shot'====== Args={'value': 40, 'prev_value': None, 'change': True}
2025-05-08 21:00:04,194 : INFO : EventManager : Event: ======'machine_var_audits_shots_attack_bumper_lower_shot'====== Args={'value': 44, 'prev_value': None, 'change': True}
2025-05-08 21:00:04,194 : INFO : EventManager : Event: ======'machine_var_audits_shots_attack_bumper_upper_shot'====== Args={'value': 19, 'prev_value': None, 'change': True}
2025-05-08 21:00:04,194 : INFO : EventManager : Event: ======'machine_var_audits_shots_bonusLane_shot'====== Args={'value': 81, 'prev_value': None, 'change': True}
2025-05-08 21:00:04,194 : INFO : EventManager : Event: ======'machine_var_audits_shots_medalL_shot'====== Args={'value': 174, 'prev_value': None, 'change': True}
2025-05-08 21:00:04,194 : INFO : EventManager : Event: ======'machine_var_audits_shots_medalM_shot'====== Args={'value': 166, 'prev_value': None, 'change': True}
2025-05-08 21:00:04,194 : INFO : EventManager : Event: ======'machine_var_audits_shots_medalR_shot'====== Args={'value': 165, 'prev_value': None, 'change': True}
2025-05-08 21:00:04,194 : INFO : EventManager : Event: ======'machine_var_audits_shots_my_first_shot'====== Args={'value': 119, 'prev_value': None, 'change': True}
2025-05-08 21:00:04,195 : INFO : EventManager : Event: ======'machine_var_audits_shots_my_first_shot_mode2'====== Args={'value': 72, 'prev_value': None, 'change': True}
2025-05-08 21:00:04,195 : INFO : EventManager : Event: ======'machine_var_audits_shots_outLaneL_shot'====== Args={'value': 20, 'prev_value': None, 'change': True}
2025-05-08 21:00:04,195 : INFO : EventManager : Event: ======'machine_var_audits_shots_outLaneR_shot'====== Args={'value': 93, 'prev_value': None, 'change': True}
2025-05-08 21:00:04,195 : INFO : EventManager : Event: ======'machine_var_audits_shots_reentryL_shot'====== Args={'value': 554, 'prev_value': None, 'change': True}
2025-05-08 21:00:04,195 : INFO : EventManager : Event: ======'machine_var_audits_shots_reentryM_shot'====== Args={'value': 513, 'prev_value': None, 'change': True}
2025-05-08 21:00:04,195 : INFO : EventManager : Event: ======'machine_var_audits_shots_reentryR_shot'====== Args={'value': 505, 'prev_value': None, 'change': True}
2025-05-08 21:00:04,195 : INFO : EventManager : Event: ======'machine_var_audits_shots_reentry_shot'====== Args={'value': 9, 'prev_value': None, 'change': True}
2025-05-08 21:00:04,195 : INFO : EventManager : Event: ======'machine_var_audits_shots_returnLaneL_shot'====== Args={'value': 193, 'prev_value': None, 'change': True}
2025-05-08 21:00:04,196 : INFO : EventManager : Event: ======'machine_var_audits_shots_returnLaneR_shot'====== Args={'value': 136, 'prev_value': None, 'change': True}
2025-05-08 21:00:04,196 : INFO : EventManager : Event: ======'machine_var_audits_shots_spacewarp_rollover_shot'====== Args={'value': 47, 'prev_value': None, 'change': True}
2025-05-08 21:00:04,196 : INFO : EventManager : Event: ======'machine_var_audits_shots_top_lane_A'====== Args={'value': 12, 'prev_value': None, 'change': True}
2025-05-08 21:00:04,196 : INFO : EventManager : Event: ======'machine_var_audits_shots_top_lane_J'====== Args={'value': 12, 'prev_value': None, 'change': True}
2025-05-08 21:00:04,196 : INFO : EventManager : Event: ======'machine_var_audits_shots_top_lane_M'====== Args={'value': 9, 'prev_value': None, 'change': True}
2025-05-08 21:00:04,196 : INFO : EventManager : Event: ======'machine_var_audits_switches_s_blackhole_kicker'====== Args={'value': 0, 'prev_value': None, 'change': True}
2025-05-08 21:00:04,196 : INFO : EventManager : Event: ======'machine_var_audits_switches_s_bonus_lane'====== Args={'value': 94, 'prev_value': None, 'change': True}
2025-05-08 21:00:04,196 : INFO : EventManager : Event: ======'machine_var_audits_switches_s_booster_drop_target_1'====== Args={'value': 0, 'prev_value': None, 'change': True}
2025-05-08 21:00:04,197 : INFO : EventManager : Event: ======'machine_var_audits_switches_s_booster_drop_target_2'====== Args={'value': 0, 'prev_value': None, 'change': True}
2025-05-08 21:00:04,197 : INFO : EventManager : Event: ======'machine_var_audits_switches_s_booster_drop_target_3'====== Args={'value': 0, 'prev_value': None, 'change': True}
2025-05-08 21:00:04,197 : INFO : EventManager : Event: ======'machine_var_audits_switches_s_comet_spot_1'====== Args={'value': 0, 'prev_value': None, 'change': True}
2025-05-08 21:00:04,197 : INFO : EventManager : Event: ======'machine_var_audits_switches_s_comet_spot_2'====== Args={'value': 0, 'prev_value': None, 'change': True}
2025-05-08 21:00:04,197 : INFO : EventManager : Event: ======'machine_var_audits_switches_s_comet_spot_3'====== Args={'value': 0, 'prev_value': None, 'change': True}
2025-05-08 21:00:04,197 : INFO : EventManager : Event: ======'machine_var_audits_switches_s_engine_bumper_1'====== Args={'value': 0, 'prev_value': None, 'change': True}
2025-05-08 21:00:04,197 : INFO : EventManager : Event: ======'machine_var_audits_switches_s_engine_bumper_2'====== Args={'value': 0, 'prev_value': None, 'change': True}
2025-05-08 21:00:04,198 : INFO : EventManager : Event: ======'machine_var_audits_switches_s_engine_bumper_3'====== Args={'value': 0, 'prev_value': None, 'change': True}
2025-05-08 21:00:04,198 : INFO : EventManager : Event: ======'machine_var_audits_switches_s_fuel_chute_1'====== Args={'value': 0, 'prev_value': None, 'change': True}
2025-05-08 21:00:04,198 : INFO : EventManager : Event: ======'machine_var_audits_switches_s_fuel_chute_2'====== Args={'value': 0, 'prev_value': None, 'change': True}
2025-05-08 21:00:04,198 : INFO : EventManager : Event: ======'machine_var_audits_switches_s_fuel_chute_3'====== Args={'value': 0, 'prev_value': None, 'change': True}
2025-05-08 21:00:04,198 : INFO : EventManager : Event: ======'machine_var_audits_switches_s_fuel_chute_4'====== Args={'value': 0, 'prev_value': None, 'change': True}
2025-05-08 21:00:04,198 : INFO : EventManager : Event: ======'machine_var_audits_switches_s_fuel_chute_5'====== Args={'value': 0, 'prev_value': None, 'change': True}
2025-05-08 21:00:04,199 : INFO : EventManager : Event: ======'machine_var_audits_switches_s_fuel_chute_6'====== Args={'value': 0, 'prev_value': None, 'change': True}
2025-05-08 21:00:04,199 : INFO : EventManager : Event: ======'machine_var_audits_switches_s_fuel_flag'====== Args={'value': 0, 'prev_value': None, 'change': True}
2025-05-08 21:00:04,199 : INFO : EventManager : Event: ======'machine_var_audits_switches_s_fuel_spot_1'====== Args={'value': 0, 'prev_value': None, 'change': True}
2025-05-08 21:00:04,199 : INFO : EventManager : Event: ======'machine_var_audits_switches_s_fuel_spot_2'====== Args={'value': 0, 'prev_value': None, 'change': True}
2025-05-08 21:00:04,199 : INFO : EventManager : Event: ======'machine_var_audits_switches_s_fuel_spot_3'====== Args={'value': 0, 'prev_value': None, 'change': True}
2025-05-08 21:00:04,199 : INFO : EventManager : Event: ======'machine_var_audits_switches_s_green_wormhole'====== Args={'value': 0, 'prev_value': None, 'change': True}
2025-05-08 21:00:04,199 : INFO : EventManager : Event: ======'machine_var_audits_switches_s_hyperspace_flag'====== Args={'value': 0, 'prev_value': None, 'change': True}
2025-05-08 21:00:04,200 : INFO : EventManager : Event: ======'machine_var_audits_switches_s_hyperspacekicker'====== Args={'value': 91, 'prev_value': None, 'change': True}
2025-05-08 21:00:04,200 : INFO : EventManager : Event: ======'machine_var_audits_switches_s_launch_lane_1'====== Args={'value': 0, 'prev_value': None, 'change': True}
2025-05-08 21:00:04,200 : INFO : EventManager : Event: ======'machine_var_audits_switches_s_launch_lane_2'====== Args={'value': 0, 'prev_value': None, 'change': True}
2025-05-08 21:00:04,200 : INFO : EventManager : Event: ======'machine_var_audits_switches_s_launch_lane_3'====== Args={'value': 0, 'prev_value': None, 'change': True}
2025-05-08 21:00:04,200 : INFO : EventManager : Event: ======'machine_var_audits_switches_s_launch_ramp'====== Args={'value': 0, 'prev_value': None, 'change': True}
2025-05-08 21:00:04,200 : INFO : EventManager : Event: ======'machine_var_audits_switches_s_left_attack_bumper'====== Args={'value': 777, 'prev_value': None, 'change': True}
2025-05-08 21:00:04,200 : INFO : EventManager : Event: ======'machine_var_audits_switches_s_left_flipper'====== Args={'value': 2311, 'prev_value': None, 'change': True}
2025-05-08 21:00:04,201 : INFO : EventManager : Event: ======'machine_var_audits_switches_s_left_out_lane'====== Args={'value': 24, 'prev_value': None, 'change': True}
2025-05-08 21:00:04,201 : INFO : EventManager : Event: ======'machine_var_audits_switches_s_left_out_lane_kicker'====== Args={'value': 0, 'prev_value': None, 'change': True}
2025-05-08 21:00:04,201 : INFO : EventManager : Event: ======'machine_var_audits_switches_s_left_return_lane'====== Args={'value': 200, 'prev_value': None, 'change': True}
2025-05-08 21:00:04,202 : INFO : EventManager : Event: ======'machine_var_audits_switches_s_lower_attack_bumper'====== Args={'value': 292, 'prev_value': None, 'change': True}
2025-05-08 21:00:04,202 : INFO : EventManager : Event: ======'machine_var_audits_switches_s_lower_left_rebound'====== Args={'value': 0, 'prev_value': None, 'change': True}
2025-05-08 21:00:04,202 : INFO : EventManager : Event: ======'machine_var_audits_switches_s_lower_left_slingshot'====== Args={'value': 256, 'prev_value': None, 'change': True}
2025-05-08 21:00:04,202 : INFO : EventManager : Event: ======'machine_var_audits_switches_s_lower_right_rebound'====== Args={'value': 0, 'prev_value': None, 'change': True}
2025-05-08 21:00:04,203 : INFO : EventManager : Event: ======'machine_var_audits_switches_s_lower_right_slingshot'====== Args={'value': 254, 'prev_value': None, 'change': True}
2025-05-08 21:00:04,203 : INFO : EventManager : Event: ======'machine_var_audits_switches_s_medal_drop_left'====== Args={'value': 188, 'prev_value': None, 'change': True}
2025-05-08 21:00:04,203 : INFO : EventManager : Event: ======'machine_var_audits_switches_s_medal_drop_middle'====== Args={'value': 180, 'prev_value': None, 'change': True}
2025-05-08 21:00:04,203 : INFO : EventManager : Event: ======'machine_var_audits_switches_s_medal_drop_right'====== Args={'value': 179, 'prev_value': None, 'change': True}
2025-05-08 21:00:04,204 : INFO : EventManager : Event: ======'machine_var_audits_switches_s_mission_spot_1'====== Args={'value': 0, 'prev_value': None, 'change': True}
2025-05-08 21:00:04,204 : INFO : EventManager : Event: ======'machine_var_audits_switches_s_mission_spot_2'====== Args={'value': 2, 'prev_value': None, 'change': True}
2025-05-08 21:00:04,204 : INFO : EventManager : Event: ======'machine_var_audits_switches_s_mission_spot_3'====== Args={'value': 0, 'prev_value': None, 'change': True}
2025-05-08 21:00:04,205 : INFO : EventManager : Event: ======'machine_var_audits_switches_s_multiplier_left'====== Args={'value': 0, 'prev_value': None, 'change': True}
2025-05-08 21:00:04,205 : INFO : EventManager : Event: ======'machine_var_audits_switches_s_multiplier_middle'====== Args={'value': 0, 'prev_value': None, 'change': True}
2025-05-08 21:00:04,205 : INFO : EventManager : Event: ======'machine_var_audits_switches_s_multiplier_right'====== Args={'value': 0, 'prev_value': None, 'change': True}
2025-05-08 21:00:04,205 : INFO : EventManager : Event: ======'machine_var_audits_switches_s_plunger'====== Args={'value': 177, 'prev_value': None, 'change': True}
2025-05-08 21:00:04,205 : INFO : EventManager : Event: ======'machine_var_audits_switches_s_radiationspot_1'====== Args={'value': 0, 'prev_value': None, 'change': True}
2025-05-08 21:00:04,205 : INFO : EventManager : Event: ======'machine_var_audits_switches_s_radiationspot_2'====== Args={'value': 0, 'prev_value': None, 'change': True}
2025-05-08 21:00:04,206 : INFO : EventManager : Event: ======'machine_var_audits_switches_s_radiationspot_3'====== Args={'value': 0, 'prev_value': None, 'change': True}
2025-05-08 21:00:04,206 : INFO : EventManager : Event: ======'machine_var_audits_switches_s_red_wormhole'====== Args={'value': 0, 'prev_value': None, 'change': True}
2025-05-08 21:00:04,206 : INFO : EventManager : Event: ======'machine_var_audits_switches_s_reentry_left'====== Args={'value': 912, 'prev_value': None, 'change': True}
2025-05-08 21:00:04,206 : INFO : EventManager : Event: ======'machine_var_audits_switches_s_reentry_middle'====== Args={'value': 587, 'prev_value': None, 'change': True}
2025-05-08 21:00:04,206 : INFO : EventManager : Event: ======'machine_var_audits_switches_s_reentry_right'====== Args={'value': 564, 'prev_value': None, 'change': True}
2025-05-08 21:00:04,207 : INFO : EventManager : Event: ======'machine_var_audits_switches_s_right_flipper'====== Args={'value': 2530, 'prev_value': None, 'change': True}
2025-05-08 21:00:04,207 : INFO : EventManager : Event: ======'machine_var_audits_switches_s_right_inlane'====== Args={'value': 0, 'prev_value': None, 'change': True}
2025-05-08 21:00:04,207 : INFO : EventManager : Event: ======'machine_var_audits_switches_s_right_out_lane'====== Args={'value': 119, 'prev_value': None, 'change': True}
2025-05-08 21:00:04,207 : INFO : EventManager : Event: ======'machine_var_audits_switches_s_right_out_lane_kicker'====== Args={'value': 0, 'prev_value': None, 'change': True}
2025-05-08 21:00:04,207 : INFO : EventManager : Event: ======'machine_var_audits_switches_s_right_return_lane'====== Args={'value': 148, 'prev_value': None, 'change': True}
2025-05-08 21:00:04,208 : INFO : EventManager : Event: ======'machine_var_audits_switches_s_satellite_bumper'====== Args={'value': 0, 'prev_value': None, 'change': True}
2025-05-08 21:00:04,208 : INFO : EventManager : Event: ======'machine_var_audits_switches_s_secondary_outlane_kicker'====== Args={'value': 0, 'prev_value': None, 'change': True}
2025-05-08 21:00:04,208 : INFO : EventManager : Event: ======'machine_var_audits_switches_s_skill_shot_1'====== Args={'value': 0, 'prev_value': None, 'change': True}
2025-05-08 21:00:04,208 : INFO : EventManager : Event: ======'machine_var_audits_switches_s_skill_shot_2'====== Args={'value': 0, 'prev_value': None, 'change': True}
2025-05-08 21:00:04,208 : INFO : EventManager : Event: ======'machine_var_audits_switches_s_skill_shot_3'====== Args={'value': 0, 'prev_value': None, 'change': True}
2025-05-08 21:00:04,209 : INFO : EventManager : Event: ======'machine_var_audits_switches_s_skill_shot_4'====== Args={'value': 0, 'prev_value': None, 'change': True}
2025-05-08 21:00:04,209 : INFO : EventManager : Event: ======'machine_var_audits_switches_s_skill_shot_5'====== Args={'value': 0, 'prev_value': None, 'change': True}
2025-05-08 21:00:04,209 : INFO : EventManager : Event: ======'machine_var_audits_switches_s_skill_shot_6'====== Args={'value': 0, 'prev_value': None, 'change': True}
2025-05-08 21:00:04,209 : INFO : EventManager : Event: ======'machine_var_audits_switches_s_skill_shot_lane'====== Args={'value': 0, 'prev_value': None, 'change': True}
2025-05-08 21:00:04,209 : INFO : EventManager : Event: ======'machine_var_audits_switches_s_spacewarp_rollover'====== Args={'value': 48, 'prev_value': None, 'change': True}
2025-05-08 21:00:04,210 : INFO : EventManager : Event: ======'machine_var_audits_switches_s_start'====== Args={'value': 7, 'prev_value': None, 'change': True}
2025-05-08 21:00:04,210 : INFO : EventManager : Event: ======'machine_var_audits_switches_s_trough1'====== Args={'value': 30, 'prev_value': None, 'change': True}
2025-05-08 21:00:04,210 : INFO : EventManager : Event: ======'machine_var_audits_switches_s_trough2'====== Args={'value': 0, 'prev_value': None, 'change': True}
2025-05-08 21:00:04,210 : INFO : EventManager : Event: ======'machine_var_audits_switches_s_trough3'====== Args={'value': 0, 'prev_value': None, 'change': True}
2025-05-08 21:00:04,210 : INFO : EventManager : Event: ======'machine_var_audits_switches_s_trough4'====== Args={'value': 0, 'prev_value': None, 'change': True}
2025-05-08 21:00:04,211 : INFO : EventManager : Event: ======'machine_var_audits_switches_s_trough5'====== Args={'value': 0, 'prev_value': None, 'change': True}
2025-05-08 21:00:04,211 : INFO : EventManager : Event: ======'machine_var_audits_switches_s_trough6'====== Args={'value': 0, 'prev_value': None, 'change': True}
2025-05-08 21:00:04,211 : INFO : EventManager : Event: ======'machine_var_audits_switches_s_trough_jam'====== Args={'value': 0, 'prev_value': None, 'change': True}
2025-05-08 21:00:04,211 : INFO : EventManager : Event: ======'machine_var_audits_switches_s_upper_attack_bumper'====== Args={'value': 393, 'prev_value': None, 'change': True}
2025-05-08 21:00:04,212 : INFO : EventManager : Event: ======'machine_var_audits_switches_s_upper_left_rebound'====== Args={'value': 0, 'prev_value': None, 'change': True}
2025-05-08 21:00:04,212 : INFO : EventManager : Event: ======'machine_var_audits_switches_s_upper_right_rebound'====== Args={'value': 0, 'prev_value': None, 'change': True}
2025-05-08 21:00:04,212 : INFO : EventManager : Event: ======'machine_var_audits_switches_s_wormhole_target'====== Args={'value': 81, 'prev_value': None, 'change': True}
2025-05-08 21:00:04,212 : INFO : EventManager : Event: ======'machine_var_audits_switches_s_yellow_wormhole'====== Args={'value': 0, 'prev_value': None, 'change': True}
2025-05-08 21:00:04,214 : INFO : EventManager : Event: ======'init_phase_5'====== Args={}
2025-05-08 21:00:04,232 : INFO : EventManager : Event: ======'init_done'====== Args={}
2025-05-08 21:00:04,232 : INFO : BcpServer : New client connected.
2025-05-08 21:00:04,240 : INFO : EventManager : Event: ======'machine_reset_phase_1'====== Args={}
2025-05-08 21:00:04,242 : INFO : EventManager : Event: ======'slide_welcome_slide_removed'====== Args={'_from_bcp': True}
2025-05-08 21:00:04,243 : INFO : EventManager : Event: ======'slide_welcome_slide_created'====== Args={'_from_bcp': True}
2025-05-08 21:00:04,243 : INFO : EventManager : Event: ======'slide_welcome_slide_active'====== Args={'_from_bcp': True}
2025-05-08 21:00:04,246 : INFO : EventManager : Event: ======'machine_reset_phase_2'====== Args={}
2025-05-08 21:00:04,247 : INFO : EventManager : Event: ======'machine_reset_phase_3'====== Args={}
2025-05-08 21:00:04,248 : INFO : EventManager : Event: ======'reset_complete'====== Args={}
2025-05-08 21:00:04,248 : INFO : EventManager : Event: ======'mode_attract_will_start'====== Args={}
2025-05-08 21:00:04,249 : INFO : EventManager : Event: ======'mode_attract_starting'====== Args={}
2025-05-08 21:00:04,249 : INFO : Mode.attract : Started. Priority: 10
2025-05-08 21:00:04,249 : INFO : EventManager : Event: ======'modes_active_modes_changed'====== Args={}
2025-05-08 21:00:04,249 : INFO : EventManager : Event: ======'mode_attract_started'====== Args={}
2025-05-08 21:00:04,250 : INFO : EventManager : Event: ======'collecting_balls_complete'====== Args={}
2025-05-08 21:00:04,275 : INFO : EventManager : Event: ======'slide_awesome_slide_created'====== Args={'_from_bcp': True}
2025-05-08 21:00:04,275 : INFO : EventManager : Event: ======'slide_awesome_slide_active'====== Args={'_from_bcp': True}
2025-05-08 21:00:04,276 : INFO : Machine : Starting the main run loop with active modes: [<Mode.attract>]
2025-05-08 21:00:07,254 : INFO : EventManager : Event: ======'slide_press_start_created'====== Args={'_from_bcp': True}
2025-05-08 21:00:07,255 : INFO : EventManager : Event: ======'slide_press_start_active'====== Args={'_from_bcp': True}
2025-05-08 21:00:08,900 : INFO : SwitchController : <<<<<<< 's_start' active >>>>>>>
2025-05-08 21:00:09,028 : INFO : SwitchController : <<<<<<< 's_start' inactive >>>>>>>
2025-05-08 21:00:09,028 : INFO : EventManager : Event: ======'request_to_start_game'====== Args={}
2025-05-08 21:00:09,028 : INFO : EventManager : Event: ======'game_start'====== Args={'buttons': [], 'hold_time': 0.125}
2025-05-08 21:00:09,028 : INFO : EventManager : Event: ======'mode_game_will_start'====== Args={'buttons': [], 'hold_time': 0.125}
2025-05-08 21:00:09,029 : INFO : EventManager : Event: ======'mode_game_starting'====== Args={'buttons': [], 'hold_time': 0.125}
2025-05-08 21:00:09,029 : INFO : EventManager : Event: ======'mode_attract_will_stop'====== Args={}
2025-05-08 21:00:09,029 : INFO : EventManager : Event: ======'mode_attract_stopping'====== Args={}
2025-05-08 21:00:09,029 : INFO : Mode.attract : Stopped.
2025-05-08 21:00:09,029 : INFO : EventManager : Event: ======'modes_active_modes_changed'====== Args={}
2025-05-08 21:00:09,030 : INFO : EventManager : Event: ======'mode_attract_stopped'====== Args={}
2025-05-08 21:00:09,030 : INFO : EventManager : Event: ======'clear'====== Args={'key': 'attract'}
2025-05-08 21:00:09,030 : INFO : Mode.game : Started. Priority: 20
2025-05-08 21:00:09,030 : INFO : EventManager : Event: ======'modes_active_modes_changed'====== Args={}
2025-05-08 21:00:09,030 : INFO : EventManager : Event: ======'mode_game_started'====== Args={'buttons': [], 'hold_time': 0.125}
2025-05-08 21:00:09,036 : INFO : EventManager : Event: ======'game_will_start'====== Args={}
2025-05-08 21:00:09,037 : INFO : EventManager : Event: ======'game_starting'====== Args={'game': <Mode.game>}
2025-05-08 21:00:09,038 : INFO : EventManager : Unordered handler for class <Auditor> on event game_ended with priority 1. Handlers: [RegisteredHandler(callback=<bound method Auditor.disable of <Auditor>>, priority=1, kwargs={}, key=UUID('f9488570-5e74-4296-9f36-7bd3d04dbe19'), condition=None, blocking_facility=None), RegisteredHandler(callback=<bound method Auditor._save_audits of <Auditor>>, priority=1, kwargs={}, key=UUID('6f739a8e-b75f-48e6-8d39-54e4e79732b8'), condition=None, blocking_facility=None)]. The order of those handlers is not defined and they will be executed in random order. This might lead to race conditions and potential bugs.
2025-05-08 21:00:09,038 : INFO : EventManager : Event: ======'player_add_request'====== Args={}
2025-05-08 21:00:09,038 : INFO : EventManager : Event: ======'player_will_add'====== Args={'number': 1}
2025-05-08 21:00:09,038 : INFO : EventManager : Event: ======'player_adding'====== Args={'player': <Player 1>, 'number': 1}
2025-05-08 21:00:09,039 : INFO : EventManager : Event: ======'player_added'====== Args={'player': <Player 1>, 'num': 1}
2025-05-08 21:00:09,039 : INFO : Mode.game : Player added successfully. Total players: 1
2025-05-08 21:00:09,039 : INFO : EventManager : Event: ======'player_index'====== Args={'value': 0, 'prev_value': 0, 'change': 0, 'player_num': 1}
2025-05-08 21:00:09,039 : INFO : EventManager : Event: ======'player_number'====== Args={'value': 1, 'prev_value': 1, 'change': 0, 'player_num': 1}
2025-05-08 21:00:09,039 : INFO : EventManager : Event: ======'player_score'====== Args={'value': 0, 'prev_value': 0, 'change': 0, 'player_num': 1}
2025-05-08 21:00:09,040 : INFO : EventManager : Event: ======'game_started'====== Args={}
2025-05-08 21:00:09,046 : INFO : EventManager : Event: ======'player_turn_will_start'====== Args={'player': <Player 1>, 'number': 1}
2025-05-08 21:00:09,051 : INFO : EventManager : Event: ======'slide_awesome_slide_removed'====== Args={'_from_bcp': True}
2025-05-08 21:00:09,051 : INFO : EventManager : Event: ======'slide_press_start_removed'====== Args={'_from_bcp': True}
2025-05-08 21:00:09,051 : INFO : EventManager : Event: ======'slide_welcome_slide_active'====== Args={'_from_bcp': True}
2025-05-08 21:00:09,052 : INFO : EventManager : Event: ======'player_turn_starting'====== Args={'player': <Player 1>, 'number': 1}
2025-05-08 21:00:09,053 : INFO : EventManager : Event: ======'player_ball'====== Args={'value': 1, 'prev_value': 0, 'change': 1, 'player_num': 1}
2025-05-08 21:00:09,053 : INFO : EventManager : Event: ======'player_turn_started'====== Args={'player': <Player 1>, 'number': 1}
2025-05-08 21:00:09,054 : INFO : EventManager : Event: ======'ball_will_start'====== Args={'player': 1, 'ball': 1, 'balls_remaining': 2, 'is_extra_ball': False}
2025-05-08 21:00:09,058 : INFO : EventManager : Event: ======'ball_starting'====== Args={'player': 1, 'ball': 1, 'balls_remaining': 2, 'is_extra_ball': False}
2025-05-08 21:00:09,058 : INFO : EventManager : Event: ======'mode_base_will_start'====== Args={'queue': <QueuedEvent>, 'player': 1, 'ball': 1, 'balls_remaining': 2, 'is_extra_ball': False}
2025-05-08 21:00:09,059 : INFO : EventManager : Event: ======'mode_base_starting'====== Args={'queue': <QueuedEvent>, 'player': 1, 'ball': 1, 'balls_remaining': 2, 'is_extra_ball': False}
2025-05-08 21:00:09,060 : INFO : Mode.base : Started. Priority: 100
2025-05-08 21:00:09,060 : INFO : EventManager : Event: ======'modes_active_modes_changed'====== Args={}
2025-05-08 21:00:09,060 : INFO : EventManager : Event: ======'mode_base_started'====== Args={'queue': <QueuedEvent>, 'player': 1, 'ball': 1, 'balls_remaining': 2, 'is_extra_ball': False}
2025-05-08 21:00:09,061 : INFO : EventManager : Event: ======'balls_in_play'====== Args={'balls': 1}
2025-05-08 21:00:09,061 : INFO : EventManager : Event: ======'ball_started'====== Args={'player': 1, 'ball': 1, 'balls_remaining': 2, 'is_extra_ball': False}
2025-05-08 21:00:09,062 : INFO : EventManager : Event: ======'mode_returnlanes_will_start'====== Args={'player': 1, 'ball': 1, 'balls_remaining': 2, 'is_extra_ball': False}
2025-05-08 21:00:09,062 : INFO : EventManager : Event: ======'player_shot_returnLaneL_shot_enabled'====== Args={'value': True, 'prev_value': 0, 'change': 1, 'player_num': 1}
2025-05-08 21:00:09,062 : INFO : EventManager : Event: ======'player_shot_returnLaneR_shot_enabled'====== Args={'value': True, 'prev_value': 0, 'change': 1, 'player_num': 1}
2025-05-08 21:00:09,062 : INFO : EventManager : Event: ======'player_shot_spacewarp_rollover_shot_enabled'====== Args={'value': True, 'prev_value': 0, 'change': 1, 'player_num': 1}
2025-05-08 21:00:09,063 : INFO : EventManager : Event: ======'returnLane_shot_complete'====== Args={'state': 'unlit'}
2025-05-08 21:00:09,063 : INFO : EventManager : Event: ======'returnLane_shot_unlit_complete'====== Args={}
2025-05-08 21:00:09,063 : INFO : EventManager : Event: ======'mode_returnlanes_starting'====== Args={'player': 1, 'ball': 1, 'balls_remaining': 2, 'is_extra_ball': False}
2025-05-08 21:00:09,063 : INFO : EventManager : Event: ======'mode_lowerlanes_will_start'====== Args={'player': 1, 'ball': 1, 'balls_remaining': 2, 'is_extra_ball': False}
2025-05-08 21:00:09,064 : INFO : EventManager : Event: ======'player_shot_bonusLane_shot_enabled'====== Args={'value': True, 'prev_value': 0, 'change': 1, 'player_num': 1}
2025-05-08 21:00:09,064 : INFO : EventManager : Event: ======'player_shot_outLaneL_shot_enabled'====== Args={'value': True, 'prev_value': 0, 'change': 1, 'player_num': 1}
2025-05-08 21:00:09,064 : INFO : EventManager : Event: ======'player_shot_outLaneR_shot_enabled'====== Args={'value': True, 'prev_value': 0, 'change': 1, 'player_num': 1}
2025-05-08 21:00:09,064 : INFO : EventManager : Event: ======'outLane_shot_complete'====== Args={'state': 'unlit'}
2025-05-08 21:00:09,065 : INFO : EventManager : Event: ======'outLane_shot_unlit_complete'====== Args={}
2025-05-08 21:00:09,065 : INFO : EventManager : Event: ======'mode_lowerlanes_starting'====== Args={'player': 1, 'ball': 1, 'balls_remaining': 2, 'is_extra_ball': False}
2025-05-08 21:00:09,066 : INFO : EventManager : Event: ======'mode_reentry_will_start'====== Args={'player': 1, 'ball': 1, 'balls_remaining': 2, 'is_extra_ball': False}
2025-05-08 21:00:09,066 : INFO : EventManager : Event: ======'player_shot_reentryL_shot_enabled'====== Args={'value': True, 'prev_value': 0, 'change': 1, 'player_num': 1}
2025-05-08 21:00:09,067 : INFO : EventManager : Event: ======'player_shot_reentryM_shot_enabled'====== Args={'value': True, 'prev_value': 0, 'change': 1, 'player_num': 1}
2025-05-08 21:00:09,067 : INFO : EventManager : Event: ======'player_shot_reentryR_shot_enabled'====== Args={'value': True, 'prev_value': 0, 'change': 1, 'player_num': 1}
2025-05-08 21:00:09,068 : INFO : EventManager : Event: ======'player_shot_attack_bumper_left_shot_enabled'====== Args={'value': True, 'prev_value': 0, 'change': 1, 'player_num': 1}
2025-05-08 21:00:09,068 : INFO : EventManager : Event: ======'player_shot_attack_bumper_upper_shot_enabled'====== Args={'value': True, 'prev_value': 0, 'change': 1, 'player_num': 1}
2025-05-08 21:00:09,068 : INFO : EventManager : Event: ======'player_shot_attack_bumper_lower_shot_enabled'====== Args={'value': True, 'prev_value': 0, 'change': 1, 'player_num': 1}
2025-05-08 21:00:09,068 : INFO : EventManager : Event: ======'reentry_shot_complete'====== Args={'state': 'off'}
2025-05-08 21:00:09,068 : INFO : EventManager : Event: ======'reentry_shot_off_complete'====== Args={}
2025-05-08 21:00:09,069 : INFO : EventManager : Event: ======'attack_bumper_shot_complete'====== Args={'state': 'unlit'}
2025-05-08 21:00:09,069 : INFO : EventManager : Event: ======'attack_bumper_shot_unlit_complete'====== Args={}
2025-05-08 21:00:09,070 : INFO : EventManager : Event: ======'mode_reentry_starting'====== Args={'player': 1, 'ball': 1, 'balls_remaining': 2, 'is_extra_ball': False}
2025-05-08 21:00:09,073 : INFO : Mode.lowerlanes : Started. Priority: 200
2025-05-08 21:00:09,073 : INFO : EventManager : Event: ======'modes_active_modes_changed'====== Args={}
2025-05-08 21:00:09,073 : INFO : EventManager : Event: ======'mode_lowerlanes_started'====== Args={'player': 1, 'ball': 1, 'balls_remaining': 2, 'is_extra_ball': False}
2025-05-08 21:00:09,073 : INFO : Mode.returnlanes : Started. Priority: 200
2025-05-08 21:00:09,074 : INFO : EventManager : Event: ======'modes_active_modes_changed'====== Args={}
2025-05-08 21:00:09,074 : INFO : EventManager : Event: ======'mode_returnlanes_started'====== Args={'player': 1, 'ball': 1, 'balls_remaining': 2, 'is_extra_ball': False}
2025-05-08 21:00:09,099 : INFO : EventManager : Event: ======'logicblock_reentry_shot_complete_count_updated'====== Args={'value': 1, 'enabled': True}
2025-05-08 21:00:09,099 : INFO : EventManager : Event: ======'logicblock_reentry_shot_complete_count_updated'====== Args={'value': 1, 'enabled': True}
2025-05-08 21:00:09,099 : INFO : Mode.reentry : Started. Priority: 200
2025-05-08 21:00:09,099 : INFO : EventManager : Event: ======'modes_active_modes_changed'====== Args={}
2025-05-08 21:00:09,099 : INFO : EventManager : Event: ======'mode_reentry_started'====== Args={'player': 1, 'ball': 1, 'balls_remaining': 2, 'is_extra_ball': False}
2025-05-08 21:00:09,100 : INFO : EventManager : Event: ======'player_attack_bumper_count'====== Args={'value': 1, 'prev_value': 0, 'change': 1, 'player_num': 1, 'source': 'reentry'}
2025-05-08 21:00:09,100 : INFO : EventManager : Event: ======'single_player_ball_started'====== Args={}
2025-05-08 21:00:09,101 : INFO : EventManager : Event: ======'slide_base.slide_player-mode_base_started_created'====== Args={'_from_bcp': True}
2025-05-08 21:00:09,101 : INFO : EventManager : Event: ======'slide_base.slide_player-mode_base_started_active'====== Args={'_from_bcp': True}
2025-05-08 21:00:09,101 : INFO : EventManager : Event: ======'slide__global.slide_player-ball_started_created'====== Args={'_from_bcp': True}
2025-05-08 21:00:09,122 : INFO : EventManager : Event: ======'ball_start_target'====== Args={'target': 'playfield'}
2025-05-08 21:00:09,123 : INFO : ball_device.bd_plunger : Setting up player-controlled eject. Balls: 1, Target: <playfield.playfield>, player_controlled_eject_event: None
2025-05-08 21:00:09,123 : INFO : EventManager : Event: ======'balldevice_balls_available'====== Args={}
2025-05-08 21:00:09,125 : INFO : ball_device.bd_trough : State: waiting_for_target_ready
2025-05-08 21:00:09,125 : INFO : EventManager : Event: ======'balldevice_bd_trough_ball_eject_attempt'====== Args={'balls': 1, 'target': <ball_device.bd_plunger>, 'source': <ball_device.bd_trough>, 'mechanical_eject': True, 'num_attempts': 0}
2025-05-08 21:00:09,126 : INFO : ball_device.bd_plunger : State: waiting_for_ball
2025-05-08 21:00:09,126 : INFO : ball_device.bd_trough : State: ejecting
2025-05-08 21:00:09,127 : INFO : ball_device.bd_trough : Ejecting ball to <ball_device.bd_plunger>
2025-05-08 21:00:09,127 : INFO : EventManager : Event: ======'balldevice_bd_trough_ejecting_ball'====== Args={'balls': 1, 'target': <ball_device.bd_plunger>, 'source': <ball_device.bd_trough>, 'mechanical_eject': True, 'num_attempts': 0}
2025-05-08 21:00:09,128 : INFO : ball_device.bd_trough : Wait for ball to leave device
2025-05-08 21:00:09,128 : INFO : coil.c_trough_eject : Pulsing Driver for 10ms (1.0 pulse_power)
2025-05-08 21:00:12,512 : INFO : SwitchController : <<<<<<< 's_trough1' inactive >>>>>>>
2025-05-08 21:00:12,518 : INFO : ball_device.bd_trough : State: ball_left
2025-05-08 21:00:12,518 : INFO : ball_device.bd_trough : Ball left
2025-05-08 21:00:12,519 : INFO : ball_device.bd_trough : Wait for confirm with timeout 10.0
2025-05-08 21:00:21,628 : INFO : SwitchController : <<<<<<< 's_lower_attack_bumper' active >>>>>>>
2025-05-08 21:00:21,628 : INFO : EventManager : Event: ======'playfield_active'====== Args={'source': 'attack_bumper_lower_shot'}
2025-05-08 21:00:21,628 : INFO : EventManager : Event: ======'unexpected_ball_on_playfield'====== Args={}
2025-05-08 21:00:21,628 : INFO : EventManager : Event: ======'s_lower_attack_bumper_active'====== Args={}
2025-05-08 21:00:21,628 : INFO : EventManager : Event: ======'playfield_active'====== Args={'source': 'lower_attack_bumper'}
2025-05-08 21:00:21,629 : INFO : EventManager : Event: ======'unexpected_ball_on_playfield'====== Args={}
2025-05-08 21:00:21,629 : INFO : EventManager : Event: ======'machine_var_audits_switches_s_lower_attack_bumper'====== Args={'value': 293, 'prev_value': 292, 'change': 1}
2025-05-08 21:00:21,629 : INFO : EventManager : Event: ======'player_shot_attack_bumper_lower_shot'====== Args={'value': 1, 'prev_value': 0, 'change': 1, 'player_num': 1}
2025-05-08 21:00:21,629 : INFO : EventManager : Event: ======'machine_var_audits_shots_attack_bumper_lower_shot'====== Args={'value': 45, 'prev_value': 44, 'change': 1}
2025-05-08 21:00:21,630 : INFO : EventManager : Event: ======'attack_bumper_lower_shot_hit'====== Args={'profile': 'default', 'state': 'unlit', 'advancing': True}
2025-05-08 21:00:21,630 : INFO : EventManager : Event: ======'attack_bumper_lower_shot_default_hit'====== Args={'profile': 'default', 'state': 'unlit', 'advancing': True}
2025-05-08 21:00:21,630 : INFO : EventManager : Event: ======'attack_bumper_lower_shot_default_unlit_hit'====== Args={'profile': 'default', 'state': 'unlit', 'advancing': True}
2025-05-08 21:00:21,630 : INFO : EventManager : Event: ======'attack_bumper_lower_shot_unlit_hit'====== Args={'profile': 'default', 'state': 'unlit', 'advancing': True}
2025-05-08 21:00:21,630 : INFO : EventManager : Event: ======'attack_bumper_shot_hit'====== Args={}
2025-05-08 21:00:21,630 : INFO : EventManager : Event: ======'attack_bumper_shot_unlit_hit'====== Args={}
2025-05-08 21:00:21,630 : INFO : EventManager : Event: ======'player_score'====== Args={'value': 500, 'prev_value': 0, 'change': 500, 'player_num': 1, 'source': 'reentry'}
2025-05-08 21:00:21,691 : INFO : SwitchController : <<<<<<< 's_lower_attack_bumper' inactive >>>>>>>
2025-05-08 21:00:22,498 : INFO : ball_device.bd_trough : State: failed_confirm
2025-05-08 21:00:22,499 : INFO : ball_device.bd_trough : Got timeout (10.0s) before confirm from <ball_device.bd_plunger>
2025-05-08 21:00:22,502 : INFO : ball_device.bd_plunger : Expecting incoming ball which may skip the device.
2025-05-08 21:00:22,502 : INFO : EventManager : Event: ======'balldevice_bd_plunger_ejecting_ball'====== Args={'balls': 1, 'target': <playfield.playfield>, 'source': <ball_device.bd_plunger>, 'mechanical_eject': False, 'num_attempts': 1}
2025-05-08 21:00:24,742 : INFO : SwitchController : <<<<<<< 's_hyperspacekicker' active >>>>>>>
2025-05-08 21:00:24,742 : INFO : EventManager : Event: ======'playfield_active'====== Args={'source': 'hyperspacekicker'}
2025-05-08 21:00:24,742 : INFO : EventManager : Event: ======'machine_var_audits_switches_s_hyperspacekicker'====== Args={'value': 92, 'prev_value': 91, 'change': 1}
2025-05-08 21:00:24,753 : INFO : ball_device.bd_plunger : Got confirm for skipping ball.
2025-05-08 21:00:24,753 : INFO : ball_device.bd_plunger : Eject successful
2025-05-08 21:00:24,753 : INFO : EventManager : Event: ======'balldevice_bd_plunger_ball_eject_success'====== Args={'balls': 1, 'target': <playfield.playfield>}
2025-05-08 21:00:24,753 : INFO : EventManager : Event: ======'balldevice_playfield_ball_enter'====== Args={'new_balls': 1, 'unclaimed_balls': 1, 'device': <playfield.playfield>}
2025-05-08 21:00:24,753 : INFO : EventManager : Event: ======'playfield_ball_count_change'====== Args={'balls': 1, 'change': 1}
2025-05-08 21:00:24,753 : INFO : ball_device.bd_plunger : State: idle
2025-05-08 21:00:24,754 : INFO : ball_device.bd_trough : Eject successful
2025-05-08 21:00:24,754 : INFO : EventManager : Event: ======'balldevice_bd_trough_ball_eject_success'====== Args={'balls': 1, 'target': <ball_device.bd_plunger>}
2025-05-08 21:00:24,755 : INFO : EventManager : Event: ======'balldevice_bd_trough_ball_count_changed'====== Args={'balls': 0}
2025-05-08 21:00:24,755 : INFO : ball_device.bd_trough : State: idle
2025-05-08 21:00:25,003 : INFO : SwitchController : <<<<<<< 's_hyperspacekicker' inactive >>>>>>>
2025-05-08 21:00:25,563 : INFO : SwitchController : <<<<<<< 's_hyperspacekicker' active >>>>>>>
2025-05-08 21:00:25,563 : INFO : EventManager : Event: ======'machine_var_audits_switches_s_hyperspacekicker'====== Args={'value': 93, 'prev_value': 92, 'change': 1}
2025-05-08 21:00:25,830 : INFO : SwitchController : <<<<<<< 's_hyperspacekicker' inactive >>>>>>>
2025-05-08 21:00:26,298 : INFO : SwitchController : <<<<<<< 's_hyperspacekicker' active >>>>>>>
2025-05-08 21:00:26,299 : INFO : EventManager : Event: ======'machine_var_audits_switches_s_hyperspacekicker'====== Args={'value': 94, 'prev_value': 93, 'change': 1}
2025-05-08 21:00:26,446 : INFO : SwitchController : <<<<<<< 's_hyperspacekicker' inactive >>>>>>>
2025-05-08 21:00:26,746 : INFO : SwitchController : <<<<<<< 's_hyperspacekicker' active >>>>>>>
2025-05-08 21:00:26,746 : INFO : EventManager : Event: ======'machine_var_audits_switches_s_hyperspacekicker'====== Args={'value': 95, 'prev_value': 94, 'change': 1}
2025-05-08 21:00:26,875 : INFO : SwitchController : <<<<<<< 's_hyperspacekicker' inactive >>>>>>>
2025-05-08 21:00:27,173 : INFO : SwitchController : <<<<<<< 's_hyperspacekicker' active >>>>>>>
2025-05-08 21:00:27,174 : INFO : EventManager : Event: ======'machine_var_audits_switches_s_hyperspacekicker'====== Args={'value': 96, 'prev_value': 95, 'change': 1}
2025-05-08 21:00:27,331 : INFO : SwitchController : <<<<<<< 's_hyperspacekicker' inactive >>>>>>>
2025-05-08 21:00:27,618 : INFO : SwitchController : <<<<<<< 's_hyperspacekicker' active >>>>>>>
2025-05-08 21:00:27,618 : INFO : EventManager : Event: ======'machine_var_audits_switches_s_hyperspacekicker'====== Args={'value': 97, 'prev_value': 96, 'change': 1}
2025-05-08 21:00:28,044 : INFO : SwitchController : <<<<<<< 's_hyperspacekicker' inactive >>>>>>>
2025-05-08 21:00:28,318 : INFO : SwitchController : <<<<<<< 's_hyperspacekicker' active >>>>>>>
2025-05-08 21:00:28,318 : INFO : EventManager : Event: ======'machine_var_audits_switches_s_hyperspacekicker'====== Args={'value': 98, 'prev_value': 97, 'change': 1}
2025-05-08 21:00:28,690 : INFO : SwitchController : <<<<<<< 's_hyperspacekicker' inactive >>>>>>>
2025-05-08 21:00:28,980 : INFO : SwitchController : <<<<<<< 's_hyperspacekicker' active >>>>>>>
2025-05-08 21:00:28,980 : INFO : EventManager : Event: ======'machine_var_audits_switches_s_hyperspacekicker'====== Args={'value': 99, 'prev_value': 98, 'change': 1}
2025-05-08 21:00:29,281 : INFO : SwitchController : <<<<<<< 's_hyperspacekicker' inactive >>>>>>>
2025-05-08 21:00:29,551 : INFO : SwitchController : <<<<<<< 's_hyperspacekicker' active >>>>>>>
2025-05-08 21:00:29,552 : INFO : EventManager : Event: ======'machine_var_audits_switches_s_hyperspacekicker'====== Args={'value': 100, 'prev_value': 99, 'change': 1}
2025-05-08 21:00:29,790 : INFO : SwitchController : <<<<<<< 's_hyperspacekicker' inactive >>>>>>>
2025-05-08 21:00:29,980 : INFO : SwitchController : <<<<<<< 's_hyperspacekicker' active >>>>>>>
2025-05-08 21:00:29,980 : INFO : EventManager : Event: ======'machine_var_audits_switches_s_hyperspacekicker'====== Args={'value': 101, 'prev_value': 100, 'change': 1}
2025-05-08 21:00:30,075 : INFO : SwitchController : <<<<<<< 's_hyperspacekicker' inactive >>>>>>>
2025-05-08 21:00:30,220 : INFO : SwitchController : <<<<<<< 's_hyperspacekicker' active >>>>>>>
2025-05-08 21:00:30,220 : INFO : EventManager : Event: ======'machine_var_audits_switches_s_hyperspacekicker'====== Args={'value': 102, 'prev_value': 101, 'change': 1}
2025-05-08 21:00:30,331 : INFO : SwitchController : <<<<<<< 's_hyperspacekicker' inactive >>>>>>>
2025-05-08 21:00:30,471 : INFO : SwitchController : <<<<<<< 's_hyperspacekicker' active >>>>>>>
2025-05-08 21:00:30,471 : INFO : EventManager : Event: ======'machine_var_audits_switches_s_hyperspacekicker'====== Args={'value': 103, 'prev_value': 102, 'change': 1}
2025-05-08 21:00:30,550 : INFO : SwitchController : <<<<<<< 's_hyperspacekicker' inactive >>>>>>>
2025-05-08 21:00:30,677 : INFO : SwitchController : <<<<<<< 's_hyperspacekicker' active >>>>>>>
2025-05-08 21:00:30,677 : INFO : EventManager : Event: ======'machine_var_audits_switches_s_hyperspacekicker'====== Args={'value': 104, 'prev_value': 103, 'change': 1}
2025-05-08 21:00:30,770 : INFO : SwitchController : <<<<<<< 's_hyperspacekicker' inactive >>>>>>>
2025-05-08 21:02:35,449 : INFO : SwitchController : <<<<<<< 's_lower_attack_bumper' active >>>>>>>
2025-05-08 21:02:35,450 : INFO : EventManager : Event: ======'s_lower_attack_bumper_active'====== Args={}
2025-05-08 21:02:35,450 : INFO : EventManager : Event: ======'machine_var_audits_switches_s_lower_attack_bumper'====== Args={'value': 294, 'prev_value': 293, 'change': 1}
2025-05-08 21:02:35,452 : INFO : EventManager : Event: ======'machine_var_audits_shots_attack_bumper_lower_shot'====== Args={'value': 46, 'prev_value': 45, 'change': 1}
2025-05-08 21:02:35,453 : INFO : EventManager : Event: ======'attack_bumper_lower_shot_hit'====== Args={'profile': 'default', 'state': 'lit', 'advancing': False}
2025-05-08 21:02:35,453 : INFO : EventManager : Event: ======'attack_bumper_lower_shot_default_hit'====== Args={'profile': 'default', 'state': 'lit', 'advancing': False}
2025-05-08 21:02:35,453 : INFO : EventManager : Event: ======'attack_bumper_lower_shot_default_lit_hit'====== Args={'profile': 'default', 'state': 'lit', 'advancing': False}
2025-05-08 21:02:35,453 : INFO : EventManager : Event: ======'attack_bumper_lower_shot_lit_hit'====== Args={'profile': 'default', 'state': 'lit', 'advancing': False}
2025-05-08 21:02:35,453 : INFO : EventManager : Event: ======'attack_bumper_shot_hit'====== Args={}
2025-05-08 21:02:35,454 : INFO : EventManager : Event: ======'attack_bumper_shot_lit_hit'====== Args={}
2025-05-08 21:02:35,454 : INFO : EventManager : Event: ======'player_score'====== Args={'value': 1000, 'prev_value': 500, 'change': 500, 'player_num': 1, 'source': 'reentry'}
2025-05-08 21:02:35,474 : INFO : SwitchController : <<<<<<< 's_lower_attack_bumper' inactive >>>>>>>
2025-05-08 21:02:36,683 : INFO : SwitchController : <<<<<<< 's_lower_attack_bumper' active >>>>>>>
2025-05-08 21:02:36,684 : INFO : EventManager : Event: ======'s_lower_attack_bumper_active'====== Args={}
2025-05-08 21:02:36,684 : INFO : EventManager : Event: ======'machine_var_audits_switches_s_lower_attack_bumper'====== Args={'value': 295, 'prev_value': 294, 'change': 1}
2025-05-08 21:02:36,685 : INFO : EventManager : Event: ======'machine_var_audits_shots_attack_bumper_lower_shot'====== Args={'value': 47, 'prev_value': 46, 'change': 1}
2025-05-08 21:02:36,686 : INFO : EventManager : Event: ======'attack_bumper_lower_shot_hit'====== Args={'profile': 'default', 'state': 'lit', 'advancing': False}
2025-05-08 21:02:36,686 : INFO : EventManager : Event: ======'attack_bumper_lower_shot_default_hit'====== Args={'profile': 'default', 'state': 'lit', 'advancing': False}
2025-05-08 21:02:36,686 : INFO : EventManager : Event: ======'attack_bumper_lower_shot_default_lit_hit'====== Args={'profile': 'default', 'state': 'lit', 'advancing': False}
2025-05-08 21:02:36,686 : INFO : EventManager : Event: ======'attack_bumper_lower_shot_lit_hit'====== Args={'profile': 'default', 'state': 'lit', 'advancing': False}
2025-05-08 21:02:36,687 : INFO : EventManager : Event: ======'attack_bumper_shot_hit'====== Args={}
2025-05-08 21:02:36,687 : INFO : EventManager : Event: ======'attack_bumper_shot_lit_hit'====== Args={}
2025-05-08 21:02:36,687 : INFO : EventManager : Event: ======'player_score'====== Args={'value': 1500, 'prev_value': 1000, 'change': 500, 'player_num': 1, 'source': 'reentry'}
2025-05-08 21:02:36,714 : INFO : SwitchController : <<<<<<< 's_lower_attack_bumper' inactive >>>>>>>
2025-05-08 21:03:09,616 : INFO : SwitchController : <<<<<<< 's_hyperspacekicker' active >>>>>>>
2025-05-08 21:03:09,616 : INFO : EventManager : Event: ======'machine_var_audits_switches_s_hyperspacekicker'====== Args={'value': 105, 'prev_value': 104, 'change': 1}
2025-05-08 21:03:09,916 : INFO : SwitchController : <<<<<<< 's_hyperspacekicker' inactive >>>>>>>
2025-05-08 21:03:10,211 : INFO : SwitchController : <<<<<<< 's_hyperspacekicker' active >>>>>>>
2025-05-08 21:03:10,211 : INFO : EventManager : Event: ======'machine_var_audits_switches_s_hyperspacekicker'====== Args={'value': 106, 'prev_value': 105, 'change': 1}
2025-05-08 21:03:10,328 : INFO : SwitchController : <<<<<<< 's_hyperspacekicker' inactive >>>>>>>
2025-05-08 21:03:10,663 : INFO : SwitchController : <<<<<<< 's_hyperspacekicker' active >>>>>>>
2025-05-08 21:03:10,663 : INFO : EventManager : Event: ======'machine_var_audits_switches_s_hyperspacekicker'====== Args={'value': 107, 'prev_value': 106, 'change': 1}
2025-05-08 21:03:10,741 : INFO : SwitchController : <<<<<<< 's_hyperspacekicker' inactive >>>>>>>
2025-05-08 21:03:11,005 : INFO : SwitchController : <<<<<<< 's_hyperspacekicker' active >>>>>>>
2025-05-08 21:03:11,005 : INFO : EventManager : Event: ======'machine_var_audits_switches_s_hyperspacekicker'====== Args={'value': 108, 'prev_value': 107, 'change': 1}
2025-05-08 21:03:11,091 : INFO : SwitchController : <<<<<<< 's_hyperspacekicker' inactive >>>>>>>
2025-05-08 21:03:11,375 : INFO : SwitchController : <<<<<<< 's_hyperspacekicker' active >>>>>>>
2025-05-08 21:03:11,376 : INFO : EventManager : Event: ======'machine_var_audits_switches_s_hyperspacekicker'====== Args={'value': 109, 'prev_value': 108, 'change': 1}
2025-05-08 21:03:11,438 : INFO : SwitchController : <<<<<<< 's_hyperspacekicker' inactive >>>>>>>
2025-05-08 21:03:11,723 : INFO : SwitchController : <<<<<<< 's_hyperspacekicker' active >>>>>>>
2025-05-08 21:03:11,723 : INFO : EventManager : Event: ======'machine_var_audits_switches_s_hyperspacekicker'====== Args={'value': 110, 'prev_value': 109, 'change': 1}
2025-05-08 21:03:11,801 : INFO : SwitchController : <<<<<<< 's_hyperspacekicker' inactive >>>>>>>
2025-05-08 21:03:12,693 : INFO : SwitchController : <<<<<<< 's_hyperspacekicker' active >>>>>>>
2025-05-08 21:03:12,693 : INFO : EventManager : Event: ======'machine_var_audits_switches_s_hyperspacekicker'====== Args={'value': 111, 'prev_value': 110, 'change': 1}
2025-05-08 21:03:12,756 : INFO : SwitchController : <<<<<<< 's_hyperspacekicker' inactive >>>>>>>
2025-05-08 21:03:13,104 : INFO : SwitchController : <<<<<<< 's_hyperspacekicker' active >>>>>>>
2025-05-08 21:03:13,104 : INFO : EventManager : Event: ======'machine_var_audits_switches_s_hyperspacekicker'====== Args={'value': 112, 'prev_value': 111, 'change': 1}
2025-05-08 21:03:13,111 : INFO : SwitchController : <<<<<<< 's_hyperspacekicker' inactive >>>>>>>
2025-05-08 21:03:13,389 : INFO : SwitchController : <<<<<<< 's_hyperspacekicker' active >>>>>>>
2025-05-08 21:03:13,389 : INFO : EventManager : Event: ======'machine_var_audits_switches_s_hyperspacekicker'====== Args={'value': 113, 'prev_value': 112, 'change': 1}
2025-05-08 21:03:13,454 : INFO : SwitchController : <<<<<<< 's_hyperspacekicker' inactive >>>>>>>
2025-05-08 21:03:13,628 : INFO : SwitchController : <<<<<<< 's_hyperspacekicker' active >>>>>>>
2025-05-08 21:03:13,629 : INFO : EventManager : Event: ======'machine_var_audits_switches_s_hyperspacekicker'====== Args={'value': 114, 'prev_value': 113, 'change': 1}
2025-05-08 21:03:13,787 : INFO : SwitchController : <<<<<<< 's_hyperspacekicker' inactive >>>>>>>
2025-05-08 21:03:13,929 : INFO : SwitchController : <<<<<<< 's_hyperspacekicker' active >>>>>>>
2025-05-08 21:03:13,929 : INFO : EventManager : Event: ======'machine_var_audits_switches_s_hyperspacekicker'====== Args={'value': 115, 'prev_value': 114, 'change': 1}
2025-05-08 21:03:14,040 : INFO : SwitchController : <<<<<<< 's_hyperspacekicker' inactive >>>>>>>
2025-05-08 21:03:14,181 : INFO : SwitchController : <<<<<<< 's_hyperspacekicker' active >>>>>>>
2025-05-08 21:03:14,181 : INFO : EventManager : Event: ======'machine_var_audits_switches_s_hyperspacekicker'====== Args={'value': 116, 'prev_value': 115, 'change': 1}
2025-05-08 21:03:14,243 : INFO : SwitchController : <<<<<<< 's_hyperspacekicker' inactive >>>>>>>
2025-05-08 21:03:14,514 : INFO : SwitchController : <<<<<<< 's_hyperspacekicker' active >>>>>>>
2025-05-08 21:03:14,514 : INFO : EventManager : Event: ======'machine_var_audits_switches_s_hyperspacekicker'====== Args={'value': 117, 'prev_value': 116, 'change': 1}
2025-05-08 21:03:14,686 : INFO : SwitchController : <<<<<<< 's_hyperspacekicker' inactive >>>>>>>
2025-05-08 21:03:14,783 : INFO : SwitchController : <<<<<<< 's_hyperspacekicker' active >>>>>>>
2025-05-08 21:03:14,783 : INFO : EventManager : Event: ======'machine_var_audits_switches_s_hyperspacekicker'====== Args={'value': 118, 'prev_value': 117, 'change': 1}
2025-05-08 21:03:14,879 : INFO : SwitchController : <<<<<<< 's_hyperspacekicker' inactive >>>>>>>
2025-05-08 21:03:14,990 : INFO : SwitchController : <<<<<<< 's_hyperspacekicker' active >>>>>>>
2025-05-08 21:03:14,990 : INFO : EventManager : Event: ======'machine_var_audits_switches_s_hyperspacekicker'====== Args={'value': 119, 'prev_value': 118, 'change': 1}
2025-05-08 21:03:15,085 : INFO : SwitchController : <<<<<<< 's_hyperspacekicker' inactive >>>>>>>
2025-05-08 21:03:29,875 : INFO : SwitchController : <<<<<<< 's_hyperspacekicker' active >>>>>>>
2025-05-08 21:03:29,875 : INFO : EventManager : Event: ======'machine_var_audits_switches_s_hyperspacekicker'====== Args={'value': 120, 'prev_value': 119, 'change': 1}
2025-05-08 21:03:30,035 : INFO : SwitchController : <<<<<<< 's_hyperspacekicker' inactive >>>>>>>
2025-05-08 21:03:30,319 : INFO : SwitchController : <<<<<<< 's_hyperspacekicker' active >>>>>>>
2025-05-08 21:03:30,319 : INFO : EventManager : Event: ======'machine_var_audits_switches_s_hyperspacekicker'====== Args={'value': 121, 'prev_value': 120, 'change': 1}
2025-05-08 21:03:30,447 : INFO : SwitchController : <<<<<<< 's_hyperspacekicker' inactive >>>>>>>
2025-05-08 21:03:30,555 : INFO : SwitchController : <<<<<<< 's_hyperspacekicker' active >>>>>>>
2025-05-08 21:03:30,555 : INFO : EventManager : Event: ======'machine_var_audits_switches_s_hyperspacekicker'====== Args={'value': 122, 'prev_value': 121, 'change': 1}
2025-05-08 21:03:30,666 : INFO : SwitchController : <<<<<<< 's_hyperspacekicker' inactive >>>>>>>
2025-05-08 21:03:31,032 : INFO : SwitchController : <<<<<<< 's_hyperspacekicker' active >>>>>>>
2025-05-08 21:03:31,032 : INFO : EventManager : Event: ======'machine_var_audits_switches_s_hyperspacekicker'====== Args={'value': 123, 'prev_value': 122, 'change': 1}
2025-05-08 21:03:31,143 : INFO : SwitchController : <<<<<<< 's_hyperspacekicker' inactive >>>>>>>
2025-05-08 21:03:31,300 : INFO : SwitchController : <<<<<<< 's_hyperspacekicker' active >>>>>>>
2025-05-08 21:03:31,300 : INFO : EventManager : Event: ======'machine_var_audits_switches_s_hyperspacekicker'====== Args={'value': 124, 'prev_value': 123, 'change': 1}
2025-05-08 21:03:31,394 : INFO : SwitchController : <<<<<<< 's_hyperspacekicker' inactive >>>>>>>
2025-05-08 21:03:31,522 : INFO : SwitchController : <<<<<<< 's_hyperspacekicker' active >>>>>>>
2025-05-08 21:03:31,522 : INFO : EventManager : Event: ======'machine_var_audits_switches_s_hyperspacekicker'====== Args={'value': 125, 'prev_value': 124, 'change': 1}
2025-05-08 21:03:31,571 : INFO : SwitchController : <<<<<<< 's_hyperspacekicker' inactive >>>>>>>
2025-05-08 21:03:31,729 : INFO : SwitchController : <<<<<<< 's_hyperspacekicker' active >>>>>>>
2025-05-08 21:03:31,729 : INFO : EventManager : Event: ======'machine_var_audits_switches_s_hyperspacekicker'====== Args={'value': 126, 'prev_value': 125, 'change': 1}
2025-05-08 21:03:31,825 : INFO : SwitchController : <<<<<<< 's_hyperspacekicker' inactive >>>>>>>
2025-05-08 21:03:32,141 : INFO : SwitchController : <<<<<<< 's_hyperspacekicker' active >>>>>>>
2025-05-08 21:03:32,141 : INFO : EventManager : Event: ======'machine_var_audits_switches_s_hyperspacekicker'====== Args={'value': 127, 'prev_value': 126, 'change': 1}
2025-05-08 21:03:32,235 : INFO : SwitchController : <<<<<<< 's_hyperspacekicker' inactive >>>>>>>
2025-05-08 21:03:33,488 : INFO : SwitchController : <<<<<<< 's_lower_attack_bumper' active >>>>>>>
2025-05-08 21:03:33,488 : INFO : EventManager : Event: ======'s_lower_attack_bumper_active'====== Args={}
2025-05-08 21:03:33,489 : INFO : EventManager : Event: ======'machine_var_audits_switches_s_lower_attack_bumper'====== Args={'value': 296, 'prev_value': 295, 'change': 1}
2025-05-08 21:03:33,490 : INFO : EventManager : Event: ======'machine_var_audits_shots_attack_bumper_lower_shot'====== Args={'value': 48, 'prev_value': 47, 'change': 1}
2025-05-08 21:03:33,491 : INFO : EventManager : Event: ======'attack_bumper_lower_shot_hit'====== Args={'profile': 'default', 'state': 'lit', 'advancing': False}
2025-05-08 21:03:33,491 : INFO : EventManager : Event: ======'attack_bumper_lower_shot_default_hit'====== Args={'profile': 'default', 'state': 'lit', 'advancing': False}
2025-05-08 21:03:33,491 : INFO : EventManager : Event: ======'attack_bumper_lower_shot_default_lit_hit'====== Args={'profile': 'default', 'state': 'lit', 'advancing': False}
2025-05-08 21:03:33,491 : INFO : EventManager : Event: ======'attack_bumper_lower_shot_lit_hit'====== Args={'profile': 'default', 'state': 'lit', 'advancing': False}
2025-05-08 21:03:33,492 : INFO : EventManager : Event: ======'attack_bumper_shot_hit'====== Args={}
2025-05-08 21:03:33,492 : INFO : EventManager : Event: ======'attack_bumper_shot_lit_hit'====== Args={}
2025-05-08 21:03:33,492 : INFO : EventManager : Event: ======'player_score'====== Args={'value': 2000, 'prev_value': 1500, 'change': 500, 'player_num': 1, 'source': 'reentry'}
2025-05-08 21:03:33,502 : INFO : SwitchController : <<<<<<< 's_lower_attack_bumper' inactive >>>>>>>
2025-05-08 21:04:14,549 : INFO : SwitchController : <<<<<<< 's_upper_attack_bumper' active >>>>>>>
2025-05-08 21:04:14,549 : INFO : EventManager : Event: ======'s_upper_attack_bumper_active'====== Args={}
2025-05-08 21:04:14,549 : INFO : EventManager : Event: ======'machine_var_audits_switches_s_upper_attack_bumper'====== Args={'value': 394, 'prev_value': 393, 'change': 1}
2025-05-08 21:04:14,551 : INFO : EventManager : Event: ======'player_shot_attack_bumper_upper_shot'====== Args={'value': 1, 'prev_value': 0, 'change': 1, 'player_num': 1}
2025-05-08 21:04:14,551 : INFO : EventManager : Event: ======'machine_var_audits_shots_attack_bumper_upper_shot'====== Args={'value': 20, 'prev_value': 19, 'change': 1}
2025-05-08 21:04:14,552 : INFO : EventManager : Event: ======'attack_bumper_upper_shot_hit'====== Args={'profile': 'default', 'state': 'unlit', 'advancing': True}
2025-05-08 21:04:14,552 : INFO : EventManager : Event: ======'attack_bumper_upper_shot_default_hit'====== Args={'profile': 'default', 'state': 'unlit', 'advancing': True}
2025-05-08 21:04:14,552 : INFO : EventManager : Event: ======'attack_bumper_upper_shot_default_unlit_hit'====== Args={'profile': 'default', 'state': 'unlit', 'advancing': True}
2025-05-08 21:04:14,553 : INFO : EventManager : Event: ======'attack_bumper_upper_shot_unlit_hit'====== Args={'profile': 'default', 'state': 'unlit', 'advancing': True}
2025-05-08 21:04:14,553 : INFO : EventManager : Event: ======'attack_bumper_shot_hit'====== Args={}
2025-05-08 21:04:14,553 : INFO : EventManager : Event: ======'attack_bumper_shot_unlit_hit'====== Args={}
2025-05-08 21:04:14,553 : INFO : EventManager : Event: ======'player_score'====== Args={'value': 2500, 'prev_value': 2000, 'change': 500, 'player_num': 1, 'source': 'reentry'}
2025-05-08 21:04:14,642 : INFO : SwitchController : <<<<<<< 's_upper_attack_bumper' inactive >>>>>>>
2025-05-08 21:04:17,121 : INFO : SwitchController : <<<<<<< 's_lower_attack_bumper' active >>>>>>>
2025-05-08 21:04:17,121 : INFO : EventManager : Event: ======'s_lower_attack_bumper_active'====== Args={}
2025-05-08 21:04:17,122 : INFO : EventManager : Event: ======'machine_var_audits_switches_s_lower_attack_bumper'====== Args={'value': 297, 'prev_value': 296, 'change': 1}
2025-05-08 21:04:17,123 : INFO : EventManager : Event: ======'machine_var_audits_shots_attack_bumper_lower_shot'====== Args={'value': 49, 'prev_value': 48, 'change': 1}
2025-05-08 21:04:17,123 : INFO : EventManager : Event: ======'attack_bumper_lower_shot_hit'====== Args={'profile': 'default', 'state': 'lit', 'advancing': False}
2025-05-08 21:04:17,124 : INFO : EventManager : Event: ======'attack_bumper_lower_shot_default_hit'====== Args={'profile': 'default', 'state': 'lit', 'advancing': False}
2025-05-08 21:04:17,124 : INFO : EventManager : Event: ======'attack_bumper_lower_shot_default_lit_hit'====== Args={'profile': 'default', 'state': 'lit', 'advancing': False}
2025-05-08 21:04:17,124 : INFO : EventManager : Event: ======'attack_bumper_lower_shot_lit_hit'====== Args={'profile': 'default', 'state': 'lit', 'advancing': False}
2025-05-08 21:04:17,124 : INFO : EventManager : Event: ======'attack_bumper_shot_hit'====== Args={}
2025-05-08 21:04:17,124 : INFO : EventManager : Event: ======'attack_bumper_shot_lit_hit'====== Args={}
2025-05-08 21:04:17,124 : INFO : EventManager : Event: ======'player_score'====== Args={'value': 3000, 'prev_value': 2500, 'change': 500, 'player_num': 1, 'source': 'reentry'}
2025-05-08 21:04:17,137 : INFO : SwitchController : <<<<<<< 's_lower_attack_bumper' inactive >>>>>>>
2025-05-08 21:04:17,167 : INFO : SwitchController : <<<<<<< 's_lower_attack_bumper' active >>>>>>>
2025-05-08 21:04:17,167 : INFO : EventManager : Event: ======'s_lower_attack_bumper_active'====== Args={}
2025-05-08 21:04:17,167 : INFO : EventManager : Event: ======'machine_var_audits_switches_s_lower_attack_bumper'====== Args={'value': 298, 'prev_value': 297, 'change': 1}
2025-05-08 21:04:17,167 : INFO : EventManager : Event: ======'machine_var_audits_shots_attack_bumper_lower_shot'====== Args={'value': 50, 'prev_value': 49, 'change': 1}
2025-05-08 21:04:17,168 : INFO : EventManager : Event: ======'attack_bumper_lower_shot_hit'====== Args={'profile': 'default', 'state': 'lit', 'advancing': False}
2025-05-08 21:04:17,168 : INFO : EventManager : Event: ======'attack_bumper_lower_shot_default_hit'====== Args={'profile': 'default', 'state': 'lit', 'advancing': False}
2025-05-08 21:04:17,168 : INFO : EventManager : Event: ======'attack_bumper_lower_shot_default_lit_hit'====== Args={'profile': 'default', 'state': 'lit', 'advancing': False}
2025-05-08 21:04:17,168 : INFO : EventManager : Event: ======'attack_bumper_lower_shot_lit_hit'====== Args={'profile': 'default', 'state': 'lit', 'advancing': False}
2025-05-08 21:04:17,170 : INFO : EventManager : Event: ======'attack_bumper_shot_hit'====== Args={}
2025-05-08 21:04:17,170 : INFO : EventManager : Event: ======'attack_bumper_shot_lit_hit'====== Args={}
2025-05-08 21:04:17,170 : INFO : EventManager : Event: ======'player_score'====== Args={'value': 3500, 'prev_value': 3000, 'change': 500, 'player_num': 1, 'source': 'reentry'}
2025-05-08 21:04:17,177 : INFO : SwitchController : <<<<<<< 's_lower_attack_bumper' inactive >>>>>>>
2025-05-08 21:04:17,435 : INFO : SwitchController : <<<<<<< 's_lower_attack_bumper' active >>>>>>>
2025-05-08 21:04:17,436 : INFO : EventManager : Event: ======'s_lower_attack_bumper_active'====== Args={}
2025-05-08 21:04:17,436 : INFO : EventManager : Event: ======'machine_var_audits_switches_s_lower_attack_bumper'====== Args={'value': 299, 'prev_value': 298, 'change': 1}
2025-05-08 21:04:17,437 : INFO : EventManager : Event: ======'machine_var_audits_shots_attack_bumper_lower_shot'====== Args={'value': 51, 'prev_value': 50, 'change': 1}
2025-05-08 21:04:17,437 : INFO : EventManager : Event: ======'attack_bumper_lower_shot_hit'====== Args={'profile': 'default', 'state': 'lit', 'advancing': False}
2025-05-08 21:04:17,438 : INFO : EventManager : Event: ======'attack_bumper_lower_shot_default_hit'====== Args={'profile': 'default', 'state': 'lit', 'advancing': False}
2025-05-08 21:04:17,438 : INFO : EventManager : Event: ======'attack_bumper_lower_shot_default_lit_hit'====== Args={'profile': 'default', 'state': 'lit', 'advancing': False}
2025-05-08 21:04:17,438 : INFO : EventManager : Event: ======'attack_bumper_lower_shot_lit_hit'====== Args={'profile': 'default', 'state': 'lit', 'advancing': False}
2025-05-08 21:04:17,438 : INFO : EventManager : Event: ======'attack_bumper_shot_hit'====== Args={}
2025-05-08 21:04:17,438 : INFO : EventManager : Event: ======'attack_bumper_shot_lit_hit'====== Args={}
2025-05-08 21:04:17,438 : INFO : EventManager : Event: ======'player_score'====== Args={'value': 4000, 'prev_value': 3500, 'change': 500, 'player_num': 1, 'source': 'reentry'}
2025-05-08 21:04:17,465 : INFO : SwitchController : <<<<<<< 's_lower_attack_bumper' inactive >>>>>>>
2025-05-08 21:04:17,719 : INFO : SwitchController : <<<<<<< 's_lower_attack_bumper' active >>>>>>>
2025-05-08 21:04:17,719 : INFO : EventManager : Event: ======'s_lower_attack_bumper_active'====== Args={}
2025-05-08 21:04:17,720 : INFO : EventManager : Event: ======'machine_var_audits_switches_s_lower_attack_bumper'====== Args={'value': 300, 'prev_value': 299, 'change': 1}
2025-05-08 21:04:17,720 : INFO : EventManager : Event: ======'machine_var_audits_shots_attack_bumper_lower_shot'====== Args={'value': 52, 'prev_value': 51, 'change': 1}
2025-05-08 21:04:17,721 : INFO : EventManager : Event: ======'attack_bumper_lower_shot_hit'====== Args={'profile': 'default', 'state': 'lit', 'advancing': False}
2025-05-08 21:04:17,721 : INFO : EventManager : Event: ======'attack_bumper_lower_shot_default_hit'====== Args={'profile': 'default', 'state': 'lit', 'advancing': False}
2025-05-08 21:04:17,721 : INFO : EventManager : Event: ======'attack_bumper_lower_shot_default_lit_hit'====== Args={'profile': 'default', 'state': 'lit', 'advancing': False}
2025-05-08 21:04:17,721 : INFO : EventManager : Event: ======'attack_bumper_lower_shot_lit_hit'====== Args={'profile': 'default', 'state': 'lit', 'advancing': False}
2025-05-08 21:04:17,721 : INFO : EventManager : Event: ======'attack_bumper_shot_hit'====== Args={}
2025-05-08 21:04:17,721 : INFO : EventManager : Event: ======'attack_bumper_shot_lit_hit'====== Args={}
2025-05-08 21:04:17,721 : INFO : EventManager : Event: ======'player_score'====== Args={'value': 4500, 'prev_value': 4000, 'change': 500, 'player_num': 1, 'source': 'reentry'}
2025-05-08 21:04:17,735 : INFO : SwitchController : <<<<<<< 's_lower_attack_bumper' inactive >>>>>>>
2025-05-08 21:09:01,406 : INFO : Machine : Shutting down...
2025-05-08 21:09:01,406 : INFO : EventManager : Event: ======'shutdown'====== Args={}
2025-05-08 21:09:01,411 : INFO : EventManager : Event: ======'mode_game_will_stop'====== Args={}
2025-05-08 21:09:01,411 : INFO : EventManager : Event: ======'mode_game_stopping'====== Args={}
2025-05-08 21:09:01,412 : INFO : EventManager : Event: ======'mode_base_will_stop'====== Args={}
2025-05-08 21:09:01,412 : INFO : EventManager : Event: ======'mode_base_stopping'====== Args={}
2025-05-08 21:09:01,412 : INFO : EventManager : Event: ======'mode_returnlanes_will_stop'====== Args={}
2025-05-08 21:09:01,412 : INFO : EventManager : Event: ======'mode_returnlanes_stopping'====== Args={}
2025-05-08 21:09:01,412 : INFO : EventManager : Event: ======'mode_lowerlanes_will_stop'====== Args={}
2025-05-08 21:09:01,412 : INFO : EventManager : Event: ======'mode_lowerlanes_stopping'====== Args={}
2025-05-08 21:09:01,412 : INFO : EventManager : Event: ======'mode_reentry_will_stop'====== Args={}
2025-05-08 21:09:01,412 : INFO : EventManager : Event: ======'mode_reentry_stopping'====== Args={}
2025-05-08 21:09:01,413 : INFO : Mode.reentry : Stopped.
2025-05-08 21:09:01,413 : INFO : EventManager : Event: ======'modes_active_modes_changed'====== Args={}
2025-05-08 21:09:01,413 : INFO : EventManager : Event: ======'mode_reentry_stopped'====== Args={}
2025-05-08 21:09:01,413 : INFO : EventManager : Event: ======'clear'====== Args={'key': 'reentry'}
2025-05-08 21:09:01,414 : INFO : Mode.lowerlanes : Stopped.
2025-05-08 21:09:01,414 : INFO : EventManager : Event: ======'modes_active_modes_changed'====== Args={}
2025-05-08 21:09:01,414 : INFO : EventManager : Event: ======'mode_lowerlanes_stopped'====== Args={}
2025-05-08 21:09:01,414 : INFO : EventManager : Event: ======'clear'====== Args={'key': 'lowerlanes'}
2025-05-08 21:09:01,414 : INFO : Mode.returnlanes : Stopped.
2025-05-08 21:09:01,414 : INFO : EventManager : Event: ======'modes_active_modes_changed'====== Args={}
2025-05-08 21:09:01,414 : INFO : EventManager : Event: ======'mode_returnlanes_stopped'====== Args={}
2025-05-08 21:09:01,414 : INFO : EventManager : Event: ======'clear'====== Args={'key': 'returnlanes'}
2025-05-08 21:09:01,414 : INFO : Mode.base : Stopped.
2025-05-08 21:09:01,415 : INFO : EventManager : Event: ======'modes_active_modes_changed'====== Args={}
2025-05-08 21:09:01,415 : INFO : EventManager : Event: ======'mode_base_stopped'====== Args={}
2025-05-08 21:09:01,415 : INFO : EventManager : Event: ======'clear'====== Args={'key': 'base'}
2025-05-08 21:09:01,416 : INFO : Mode.game : Stopped.
2025-05-08 21:09:01,416 : INFO : EventManager : Event: ======'modes_active_modes_changed'====== Args={}
2025-05-08 21:09:01,416 : INFO : EventManager : Event: ======'mode_game_stopped'====== Args={}
2025-05-08 21:09:01,416 : INFO : EventManager : Event: ======'clear'====== Args={'key': 'game'}
2025-05-08 21:09:01,417 : ERROR : OPP : Stop called on serial connection com5
2025-05-08 21:09:01,419 : ERROR : OPP : Stop called on serial connection com4
2025-05-08 21:09:01,682 : WARNING : OPP : Poll took more than 250.0ms for 0
2025-05-08 21:09:01,682 : ERROR : asyncio : Exception in callback Util.raise_exceptions(<Task finishe...ute 'write'")>) at C:\Users\student\mpfenv3\Lib\site-packages\mpf\core\utility_functions.py:790
handle: <Handle Util.raise_exceptions(<Task finishe...ute 'write'")>) at C:\Users\student\mpfenv3\Lib\site-packages\mpf\core\utility_functions.py:790>
Traceback (most recent call last):
  File "C:\Program Files\Python311\Lib\asyncio\events.py", line 84, in _run
    self._context.run(self._callback, *self._args)
  File "C:\Users\student\mpfenv3\Lib\site-packages\mpf\core\utility_functions.py", line 798, in raise_exceptions
    future.result()
  File "C:\Users\student\mpfenv3\Lib\site-packages\mpf\platforms\opp\opp.py", line 970, in _poll_sender
    self.send_to_processor(chain_serial, self.read_input_msg[chain_serial])
  File "C:\Users\student\mpfenv3\Lib\site-packages\mpf\platforms\opp\opp.py", line 349, in send_to_processor
    self.opp_connection[chain_serial].send(msg)
  File "C:\Users\student\mpfenv3\Lib\site-packages\mpf\platforms\base_serial_communicator.py", line 161, in send
    self.writer.write(msg)
    ^^^^^^^^^^^^^^^^^
AttributeError: 'NoneType' object has no attribute 'write'
2025-05-08 21:09:01,685 : INFO : root : MPF run loop ended.
