2025-05-08 12:37:58,446 : kivy : deps: Successfully imported "kivy_deps.gstreamer" 0.3.3
2025-05-08 12:37:58,446 : kivy : deps: Successfully imported "kivy_deps.angle" 0.3.3
2025-05-08 12:37:58,446 : kivy : deps: Successfully imported "kivy_deps.glew" 0.3.1
2025-05-08 12:37:58,446 : kivy : deps: Successfully imported "kivy_deps.sdl2" 0.6.0
2025-05-08 12:37:58,446 : kivy : Kivy: v2.2.1
2025-05-08 12:37:58,446 : kivy : Kivy: Installed at "C:\Users\student\mpfenv3\Lib\site-packages\kivy\__init__.py"
2025-05-08 12:37:58,446 : kivy : Python: v3.11.8 (tags/v3.11.8:db85d51, Feb  6 2024, 22:03:32) [MSC v.1937 64 bit (AMD64)]
2025-05-08 12:37:58,446 : kivy : Python: Interpreter at "C:\Users\student\mpfenv3\Scripts\python.exe"
2025-05-08 12:37:58,463 : kivy : Factory: 190 symbols loaded
2025-05-08 12:37:58,587 : kivy : ImageLoaderFFPy: Using ffpyplayer 4.5.1
2025-05-08 12:37:58,587 : kivy : Image: Providers: img_tex, img_dds, img_sdl2, img_pil, img_ffpyplayer 
2025-05-08 12:37:59,198 : kivy : VideoGstplayer: Using Gstreamer 1.18.5.0
2025-05-08 12:37:59,198 : kivy : Video: Provider: gstplayer
2025-05-08 12:37:59,231 : root : Loading MPF-MC controller
2025-05-08 12:37:59,274 : ConfigProcessor : Config spec file cache created: C:\Users\student\AppData\Local\Temp\config_spec.mpf_cache
2025-05-08 12:37:59,274 : YamlMultifileConfigLoader : Machine config file #1: config
2025-05-08 12:37:59,274 : ConfigProcessor : Loading config from file C:\Users\student\mpfenv3\Lib\site-packages\mpfmc\mcconfig.yaml.
2025-05-08 12:37:59,280 : ConfigProcessor : Loading config: C:\Users\student\mpfenv3\Lib\site-packages\mpfmc\mcconfig.yaml
2025-05-08 12:37:59,280 : ConfigProcessor : Loading config from file C:\Users\student\pinball\cobraPinTest1\config\config.
2025-05-08 12:37:59,287 : ConfigProcessor : Loading config: C:\Users\student\pinball\cobraPinTest1\config\config
2025-05-08 12:37:59,288 : ConfigProcessor : Config file cache created: C:\Users\student\AppData\Local\Temp\d597e459fa663d00d6faab779112d1ee.mpf_cache
2025-05-08 12:37:59,289 : ConfigProcessor : Loading config from file C:\Users\student\mpfenv3\Lib\site-packages\mpf\modes\attract\config\attract.yaml.
2025-05-08 12:37:59,289 : ConfigProcessor : Loading config: C:\Users\student\mpfenv3\Lib\site-packages\mpf\modes\attract\config\attract.yaml
2025-05-08 12:37:59,290 : ConfigProcessor : Loading config from file C:\Users\student\pinball\cobraPinTest1\modes\attract\config\attract.yaml.
2025-05-08 12:37:59,290 : ConfigProcessor : Loading config: C:\Users\student\pinball\cobraPinTest1\modes\attract\config\attract.yaml
2025-05-08 12:37:59,290 : ConfigProcessor : Config file cache created: C:\Users\student\AppData\Local\Temp\0196918bccd620e51d3c4d2630650aa0.mpf_cache
2025-05-08 12:37:59,291 : ConfigProcessor : Loading config from file C:\Users\student\mpfenv3\Lib\site-packages\mpf\modes\game\config\game.yaml.
2025-05-08 12:37:59,292 : ConfigProcessor : Loading config: C:\Users\student\mpfenv3\Lib\site-packages\mpf\modes\game\config\game.yaml
2025-05-08 12:37:59,292 : ConfigProcessor : Config file cache created: C:\Users\student\AppData\Local\Temp\511dcc6b491b0fa2d7aa9abdf6497e9c.mpf_cache
2025-05-08 12:37:59,293 : ConfigProcessor : Loading config from file C:\Users\student\pinball\cobraPinTest1\modes\base\config\base.yaml.
2025-05-08 12:37:59,294 : ConfigProcessor : Loading config: C:\Users\student\pinball\cobraPinTest1\modes\base\config\base.yaml
2025-05-08 12:37:59,294 : ConfigProcessor : Config file cache created: C:\Users\student\AppData\Local\Temp\4675a535c8328a9c278c807d999ed109.mpf_cache
2025-05-08 12:37:59,295 : ConfigProcessor : Loading config from file C:\Users\student\pinball\cobraPinTest1\modes\reentry\config\reentry.yaml.
2025-05-08 12:37:59,298 : ConfigProcessor : Loading config: C:\Users\student\pinball\cobraPinTest1\modes\reentry\config\reentry.yaml
2025-05-08 12:37:59,299 : ConfigProcessor : Config file cache created: C:\Users\student\AppData\Local\Temp\0c8438cab3480347c0c749fa494946a2.mpf_cache
2025-05-08 12:37:59,299 : ConfigProcessor : Loading config from file C:\Users\student\pinball\cobraPinTest1\modes\lowerlanes\config\lowerlanes.yaml.
2025-05-08 12:37:59,300 : ConfigProcessor : Loading config: C:\Users\student\pinball\cobraPinTest1\modes\lowerlanes\config\lowerlanes.yaml
2025-05-08 12:37:59,301 : ConfigProcessor : Config file cache created: C:\Users\student\AppData\Local\Temp\5052615755bdf1309b248cf8695ad4ff.mpf_cache
2025-05-08 12:37:59,301 : ConfigProcessor : Loading config from file C:\Users\student\pinball\cobraPinTest1\modes\returnlanes\config\returnlanes.yaml.
2025-05-08 12:37:59,302 : ConfigProcessor : Loading config: C:\Users\student\pinball\cobraPinTest1\modes\returnlanes\config\returnlanes.yaml
2025-05-08 12:37:59,303 : ConfigProcessor : Config file cache created: C:\Users\student\AppData\Local\Temp\55e33f498afd3883899abc6da4842b47.mpf_cache
2025-05-08 12:37:59,303 : mpfmc : Mission Pinball Framework Media Controller (MPF-MC) v0.57.1. Requires MPF v0.57.0 or newer.
2025-05-08 12:37:59,303 : mpfmc : Found MPF v0.57.3
2025-05-08 12:37:59,303 : mpfmc : Machine path: C:\Users\student\pinball\cobraPinTest1
2025-05-08 12:37:59,303 : mpfmc : Starting clock at 60.0Hz
2025-05-08 12:37:59,319 : kivy : Text: Provider: sdl2
2025-05-08 12:37:59,366 : kivy : Window: Provider: sdl2
2025-05-08 12:37:59,725 : kivy : GL: Using the "OpenGL" graphics system
2025-05-08 12:37:59,727 : kivy : GL: GLEW initialization succeeded
2025-05-08 12:37:59,728 : kivy : GL: Backend used <glew>
2025-05-08 12:37:59,728 : kivy : GL: OpenGL version <b'4.6.13543 Compatibility Profile Context 25.20.15006.9'>
2025-05-08 12:37:59,728 : kivy : GL: OpenGL vendor <b'ATI Technologies Inc.'>
2025-05-08 12:37:59,728 : kivy : GL: OpenGL renderer <b'Radeon RX Vega M GL Graphics'>
2025-05-08 12:37:59,728 : kivy : GL: OpenGL parsed version: 4, 6
2025-05-08 12:37:59,728 : kivy : GL: Shading version <b'4.60'>
2025-05-08 12:37:59,728 : kivy : GL: Texture max size <16384>
2025-05-08 12:37:59,728 : kivy : GL: Texture max units <32>
2025-05-08 12:37:59,750 : kivy : Window: auto add sdl2 input provider
2025-05-08 12:37:59,750 : kivy : Window: virtual keyboard not allowed, single mode, not docked
2025-05-08 12:38:00,119 : AudioInterface : Initialized
2025-05-08 12:38:00,120 : AudioInterface : Loaded SDL 2.26.4
2025-05-08 12:38:00,120 : AudioInterface : Loaded SDL_Mixer 2.6.3
2025-05-08 12:38:00,120 : AudioInterface : Loaded GStreamer 1.18.5.0
2025-05-08 12:38:00,120 : AudioInterface : Loaded GLib 2.62.6
2025-05-08 12:38:00,120 : AudioInterface : Settings requested - rate: 44100, channels: 1, buffer: 2048 samples
2025-05-08 12:38:00,120 : AudioInterface : Settings in use - rate: 44100, channels: 1, buffer: 2048 samples (4096 bytes @ 2 bytes per sample)
2025-05-08 12:38:00,120 : SoundSystem : Setting master volume to 0.0
2025-05-08 12:38:00,120 : AudioInterface : Enabling audio playback
2025-05-08 12:38:00,122 : kivy : Base: Start application main loop
2025-05-08 12:38:00,122 : EventManager : Event: ======'display_window_initialized'====== Args={}
2025-05-08 12:38:00,141 : mpfmc : Display: Setting 'window' as default display
2025-05-08 12:38:00,147 : EventManager : Event: ======'displays_initialized'====== Args={}
2025-05-08 12:38:00,148 : EventManager : Event: ======'slide_window_blank_created'====== Args={}
2025-05-08 12:38:00,148 : EventManager : Event: ======'display_window_ready'====== Args={}
2025-05-08 12:38:00,157 : EventManager : Event: ======'init_phase_1'====== Args={}
2025-05-08 12:38:00,161 : EventManager : Event: ======'mc_ready'====== Args={}
2025-05-08 12:38:00,161 : EventManager : Event: ======'init_phase_2'====== Args={}
2025-05-08 12:38:00,164 : EventManager : Event: ======'init_phase_3'====== Args={}
2025-05-08 12:38:00,166 : EventManager : Event: ======'init_phase_4'====== Args={}
2025-05-08 12:38:00,166 : EventManager : Event: ======'init_phase_5'====== Args={}
2025-05-08 12:38:00,166 : EventManager : Event: ======'init_done'====== Args={}
2025-05-08 12:38:00,166 : MPF-MC BCP Server : Starting up on localhost port 5050
2025-05-08 12:38:00,170 : MPF-MC BCP Server : Waiting for a connection...
2025-05-08 12:38:00,174 : kivy : GL: NPOT texture support is available
2025-05-08 12:38:00,174 : EventManager : Event: ======'slide_welcome_slide_created'====== Args={}
2025-05-08 12:38:00,177 : EventManager : Event: ======'slide_welcome_slide_active'====== Args={}
2025-05-08 12:38:00,189 : EventManager : Event: ======'client_disconnected'====== Args={'host': '127.0.0.1', 'port': 5050}
2025-05-08 12:38:01,433 : MPF-MC BCP Server : Received connection from: 127.0.0.1:61719
2025-05-08 12:38:01,438 : EventManager : Event: ======'client_connected'====== Args={'host': '127.0.0.1', 'port': 61719}
2025-05-08 12:38:01,606 : EventManager : Event: ======'machine_var_credits_string'====== Args={'value': 'FREE PLAY', 'prev_value': None, 'change': True}
2025-05-08 12:38:01,606 : EventManager : Event: ======'machine_var_master_volume'====== Args={'value': 0.5, 'prev_value': None, 'change': True}
2025-05-08 12:38:01,606 : EventManager : Event: ======'machine_var_player1_score'====== Args={'value': 1500, 'prev_value': None, 'change': True}
2025-05-08 12:38:01,606 : EventManager : Event: ======'machine_var_mpf_version'====== Args={'value': 'Mission Pinball Framework v0.57.3', 'prev_value': None, 'change': True}
2025-05-08 12:38:01,606 : EventManager : Event: ======'machine_var_mpf_extended_version'====== Args={'value': 'Mission Pinball Framework v0.57.3, Config version:6, Show version: 6, BCP version:1.1', 'prev_value': None, 'change': True}
2025-05-08 12:38:01,606 : EventManager : Event: ======'machine_var_python_version'====== Args={'value': '3.11.8', 'prev_value': None, 'change': True}
2025-05-08 12:38:01,606 : EventManager : Event: ======'machine_var_platform'====== Args={'value': 'Windows-10-10.0.19045-SP0', 'prev_value': None, 'change': True}
2025-05-08 12:38:01,606 : EventManager : Event: ======'machine_var_platform_system'====== Args={'value': 'Windows', 'prev_value': None, 'change': True}
2025-05-08 12:38:01,606 : EventManager : Event: ======'machine_var_platform_release'====== Args={'value': '10', 'prev_value': None, 'change': True}
2025-05-08 12:38:01,606 : EventManager : Event: ======'machine_var_platform_version'====== Args={'value': '10.0.19045', 'prev_value': None, 'change': True}
2025-05-08 12:38:01,606 : EventManager : Event: ======'machine_var_platform_machine'====== Args={'value': 'AMD64', 'prev_value': None, 'change': True}
2025-05-08 12:38:01,606 : EventManager : Event: ======'machine_var_mc_version'====== Args={'value': 'MPF-MC v0.57.1', 'prev_value': None, 'change': True}
2025-05-08 12:38:01,606 : EventManager : Event: ======'machine_var_mc_extended_version'====== Args={'value': 'MPF-MC v0.57.1 (config_version=6, BCP v1.1,                      Requires MPF API compatibility v0.57.0 or newer)', 'prev_value': None, 'change': True}
2025-05-08 12:38:01,606 : EventManager : Event: ======'machine_var_credits_string'====== Args={'value': 'FREE PLAY', 'prev_value': None, 'change': True}
2025-05-08 12:38:01,606 : EventManager : Event: ======'machine_var_master_volume'====== Args={'value': 0.5, 'prev_value': None, 'change': True}
2025-05-08 12:38:01,607 : EventManager : Event: ======'machine_var_player1_score'====== Args={'value': 1500, 'prev_value': None, 'change': True}
2025-05-08 12:38:01,607 : EventManager : Event: ======'machine_var_mpf_version'====== Args={'value': 'Mission Pinball Framework v0.57.3', 'prev_value': None, 'change': True}
2025-05-08 12:38:01,607 : EventManager : Event: ======'machine_var_mpf_extended_version'====== Args={'value': 'Mission Pinball Framework v0.57.3, Config version:6, Show version: 6, BCP version:1.1', 'prev_value': None, 'change': True}
2025-05-08 12:38:01,607 : EventManager : Event: ======'machine_var_python_version'====== Args={'value': '3.11.8', 'prev_value': None, 'change': True}
2025-05-08 12:38:01,607 : EventManager : Event: ======'machine_var_platform'====== Args={'value': 'Windows-10-10.0.19045-SP0', 'prev_value': None, 'change': True}
2025-05-08 12:38:01,607 : EventManager : Event: ======'machine_var_platform_system'====== Args={'value': 'Windows', 'prev_value': None, 'change': True}
2025-05-08 12:38:01,607 : EventManager : Event: ======'machine_var_platform_release'====== Args={'value': '10', 'prev_value': None, 'change': True}
2025-05-08 12:38:01,607 : EventManager : Event: ======'machine_var_platform_version'====== Args={'value': '10.0.19045', 'prev_value': None, 'change': True}
2025-05-08 12:38:01,607 : EventManager : Event: ======'machine_var_platform_machine'====== Args={'value': 'AMD64', 'prev_value': None, 'change': True}
2025-05-08 12:38:01,607 : EventManager : Event: ======'machine_var_mc_version'====== Args={'value': 'MPF-MC v0.57.1', 'prev_value': None, 'change': True}
2025-05-08 12:38:01,607 : EventManager : Event: ======'machine_var_mc_extended_version'====== Args={'value': 'MPF-MC v0.57.1 (config_version=6, BCP v1.1,                      Requires MPF API compatibility v0.57.0 or newer)', 'prev_value': None, 'change': True}
2025-05-08 12:38:01,607 : EventManager : Event: ======'machine_var_credits_string'====== Args={'value': 'FREE PLAY', 'prev_value': None, 'change': True}
2025-05-08 12:38:01,607 : EventManager : Event: ======'machine_var_master_volume'====== Args={'value': 0.5, 'prev_value': None, 'change': True}
2025-05-08 12:38:01,607 : EventManager : Event: ======'machine_var_player1_score'====== Args={'value': 1500, 'prev_value': None, 'change': True}
2025-05-08 12:38:01,607 : EventManager : Event: ======'machine_var_mpf_version'====== Args={'value': 'Mission Pinball Framework v0.57.3', 'prev_value': None, 'change': True}
2025-05-08 12:38:01,607 : EventManager : Event: ======'machine_var_mpf_extended_version'====== Args={'value': 'Mission Pinball Framework v0.57.3, Config version:6, Show version: 6, BCP version:1.1', 'prev_value': None, 'change': True}
2025-05-08 12:38:01,607 : EventManager : Event: ======'machine_var_python_version'====== Args={'value': '3.11.8', 'prev_value': None, 'change': True}
2025-05-08 12:38:01,607 : EventManager : Event: ======'machine_var_platform'====== Args={'value': 'Windows-10-10.0.19045-SP0', 'prev_value': None, 'change': True}
2025-05-08 12:38:01,607 : EventManager : Event: ======'machine_var_platform_system'====== Args={'value': 'Windows', 'prev_value': None, 'change': True}
2025-05-08 12:38:01,608 : EventManager : Event: ======'machine_var_platform_release'====== Args={'value': '10', 'prev_value': None, 'change': True}
2025-05-08 12:38:01,608 : EventManager : Event: ======'machine_var_platform_version'====== Args={'value': '10.0.19045', 'prev_value': None, 'change': True}
2025-05-08 12:38:01,608 : EventManager : Event: ======'machine_var_platform_machine'====== Args={'value': 'AMD64', 'prev_value': None, 'change': True}
2025-05-08 12:38:01,608 : EventManager : Event: ======'machine_var_mc_version'====== Args={'value': 'MPF-MC v0.57.1', 'prev_value': None, 'change': True}
2025-05-08 12:38:01,608 : EventManager : Event: ======'machine_var_mc_extended_version'====== Args={'value': 'MPF-MC v0.57.1 (config_version=6, BCP v1.1,                      Requires MPF API compatibility v0.57.0 or newer)', 'prev_value': None, 'change': True}
2025-05-08 12:38:01,608 : EventManager : Event: ======'machine_var_credits_string'====== Args={'value': 'FREE PLAY', 'prev_value': None, 'change': True}
2025-05-08 12:38:01,608 : EventManager : Event: ======'machine_var_master_volume'====== Args={'value': 0.5, 'prev_value': None, 'change': True}
2025-05-08 12:38:01,608 : EventManager : Event: ======'machine_var_player1_score'====== Args={'value': 1500, 'prev_value': None, 'change': True}
2025-05-08 12:38:01,608 : EventManager : Event: ======'machine_var_mpf_version'====== Args={'value': 'Mission Pinball Framework v0.57.3', 'prev_value': None, 'change': True}
2025-05-08 12:38:01,608 : EventManager : Event: ======'machine_var_mpf_extended_version'====== Args={'value': 'Mission Pinball Framework v0.57.3, Config version:6, Show version: 6, BCP version:1.1', 'prev_value': None, 'change': True}
2025-05-08 12:38:01,608 : EventManager : Event: ======'machine_var_python_version'====== Args={'value': '3.11.8', 'prev_value': None, 'change': True}
2025-05-08 12:38:01,608 : EventManager : Event: ======'machine_var_platform'====== Args={'value': 'Windows-10-10.0.19045-SP0', 'prev_value': None, 'change': True}
2025-05-08 12:38:01,608 : EventManager : Event: ======'machine_var_platform_system'====== Args={'value': 'Windows', 'prev_value': None, 'change': True}
2025-05-08 12:38:01,608 : EventManager : Event: ======'machine_var_platform_release'====== Args={'value': '10', 'prev_value': None, 'change': True}
2025-05-08 12:38:01,608 : EventManager : Event: ======'machine_var_platform_version'====== Args={'value': '10.0.19045', 'prev_value': None, 'change': True}
2025-05-08 12:38:01,608 : EventManager : Event: ======'machine_var_platform_machine'====== Args={'value': 'AMD64', 'prev_value': None, 'change': True}
2025-05-08 12:38:01,608 : EventManager : Event: ======'machine_var_mc_version'====== Args={'value': 'MPF-MC v0.57.1', 'prev_value': None, 'change': True}
2025-05-08 12:38:01,609 : EventManager : Event: ======'machine_var_mc_extended_version'====== Args={'value': 'MPF-MC v0.57.1 (config_version=6, BCP v1.1,                      Requires MPF API compatibility v0.57.0 or newer)', 'prev_value': None, 'change': True}
2025-05-08 12:38:01,609 : SoundSystem : Setting master volume to 0.5
2025-05-08 12:38:01,609 : SoundSystem : Setting master volume to 0.5
2025-05-08 12:38:01,609 : SoundSystem : Setting master volume to 0.5
2025-05-08 12:38:01,609 : SoundSystem : Setting master volume to 0.5
2025-05-08 12:38:01,657 : mpfmc : Stopping...
2025-05-08 12:38:01,657 : EventManager : Event: ======'shutdown'====== Args={}
2025-05-08 12:38:01,657 : AudioInterface : Disabling audio playback
2025-05-08 12:38:01,766 : mpfmc : Loop rate 73.61 Hz
2025-05-08 12:38:01,766 : kivy : Base: Leaving application in progress...
2025-05-08 12:38:01,766 : kivy : Base: Leaving application in progress...
2025-05-08 12:38:01,766 : mpfmc : Stopping...
2025-05-08 12:38:01,766 : EventManager : Event: ======'shutdown'====== Args={}
2025-05-08 12:38:01,766 : mpfmc : Loop rate 73.61 Hz
2025-05-08 12:38:01,766 : root : MC run loop ended.
2025-05-08 12:38:01,766 : root : Stopping child threads... (3 remaining)
2025-05-08 12:38:02,441 : MPF-MC BCP Server : Stopping BCP sending thread
2025-05-08 12:38:02,470 : root : All child threads stopped.
