2025-01-14 17:57:50,447 : INFO : root : Loading config.
2025-01-14 17:57:50,496 : INFO : ConfigProcessor : Config spec file cache created: C:\Users\student\AppData\Local\Temp\config_spec.mpf_cache
2025-01-14 17:57:50,496 : INFO : YamlMultifileConfigLoader : Machine config file #1: config.yaml
2025-01-14 17:57:50,497 : INFO : ConfigProcessor : Loading config from file C:\Users\student\mpfenv3\Lib\site-packages\mpf\mpfconfig.yaml.
2025-01-14 17:57:50,506 : INFO : ConfigProcessor : Loading config: C:\Users\student\mpfenv3\Lib\site-packages\mpf\mpfconfig.yaml
2025-01-14 17:57:50,506 : INFO : ConfigProcessor : Loading config from file C:\Users\student\pinball\cobraPinTest1\config\config.yaml.
2025-01-14 17:57:50,512 : INFO : ConfigProcessor : Loading config: C:\Users\student\pinball\cobraPinTest1\config\config.yaml
2025-01-14 17:57:50,513 : INFO : ConfigProcessor : Config file cache created: C:\Users\student\AppData\Local\Temp\a20d2796aecf24feaad48747be24652a.mpf_cache
2025-01-14 17:57:50,587 : INFO : ConfigProcessor : Loading config from file C:\Users\student\mpfenv3\Lib\site-packages\mpf\modes\attract\config\attract.yaml.
2025-01-14 17:57:50,588 : INFO : ConfigProcessor : Loading config: C:\Users\student\mpfenv3\Lib\site-packages\mpf\modes\attract\config\attract.yaml
2025-01-14 17:57:50,588 : INFO : ConfigProcessor : Loading config from file C:\Users\student\pinball\cobraPinTest1\modes\attract\config\attract.yaml.
2025-01-14 17:57:50,589 : INFO : ConfigProcessor : Loading config: C:\Users\student\pinball\cobraPinTest1\modes\attract\config\attract.yaml
2025-01-14 17:57:50,589 : INFO : ConfigProcessor : Config file cache created: C:\Users\student\AppData\Local\Temp\0196918bccd620e51d3c4d2630650aa0.mpf_cache
2025-01-14 17:57:50,590 : INFO : ConfigProcessor : Loading config from file C:\Users\student\mpfenv3\Lib\site-packages\mpf\modes\game\config\game.yaml.
2025-01-14 17:57:50,590 : INFO : ConfigProcessor : Loading config: C:\Users\student\mpfenv3\Lib\site-packages\mpf\modes\game\config\game.yaml
2025-01-14 17:57:50,591 : INFO : ConfigProcessor : Config file cache created: C:\Users\student\AppData\Local\Temp\511dcc6b491b0fa2d7aa9abdf6497e9c.mpf_cache
2025-01-14 17:57:50,591 : INFO : ConfigProcessor : Loading config from file C:\Users\student\pinball\cobraPinTest1\modes\base\config\base.yaml.
2025-01-14 17:57:50,592 : INFO : ConfigProcessor : Loading config: C:\Users\student\pinball\cobraPinTest1\modes\base\config\base.yaml
2025-01-14 17:57:50,593 : INFO : ConfigProcessor : Config file cache created: C:\Users\student\AppData\Local\Temp\4675a535c8328a9c278c807d999ed109.mpf_cache
2025-01-14 17:57:50,593 : INFO : ConfigProcessor : Loading config from file C:\Users\student\pinball\cobraPinTest1\modes\reentry\config\reentry.yaml.
2025-01-14 17:57:50,596 : INFO : ConfigProcessor : Loading config: C:\Users\student\pinball\cobraPinTest1\modes\reentry\config\reentry.yaml
2025-01-14 17:57:50,596 : INFO : ConfigProcessor : Config file cache created: C:\Users\student\AppData\Local\Temp\0c8438cab3480347c0c749fa494946a2.mpf_cache
2025-01-14 17:57:50,597 : INFO : ConfigProcessor : Loading config from file C:\Users\student\pinball\cobraPinTest1\modes\lowerlanes\config\lowerlanes.yaml.
2025-01-14 17:57:50,599 : INFO : ConfigProcessor : Loading config: C:\Users\student\pinball\cobraPinTest1\modes\lowerlanes\config\lowerlanes.yaml
2025-01-14 17:57:50,599 : INFO : ConfigProcessor : Config file cache created: C:\Users\student\AppData\Local\Temp\5052615755bdf1309b248cf8695ad4ff.mpf_cache
2025-01-14 17:57:50,600 : INFO : ConfigProcessor : Loading config from file C:\Users\student\pinball\cobraPinTest1\modes\attract\shows\.\attract_display_loop.yaml.
2025-01-14 17:57:50,602 : INFO : ConfigProcessor : Loading config: C:\Users\student\pinball\cobraPinTest1\modes\attract\shows\.\attract_display_loop.yaml
2025-01-14 17:57:50,602 : INFO : ConfigProcessor : Config file cache created: C:\Users\student\AppData\Local\Temp\f8d2c2cf3ea01f085365ea23fa51a701.mpf_cache
2025-01-14 17:57:50,602 : INFO : ConfigProcessor : Loading config from file C:\Users\student\pinball\cobraPinTest1\modes\attract\shows\.\attract_light_show.yaml.
2025-01-14 17:57:50,604 : INFO : ConfigProcessor : Loading config: C:\Users\student\pinball\cobraPinTest1\modes\attract\shows\.\attract_light_show.yaml
2025-01-14 17:57:50,604 : INFO : ConfigProcessor : Config file cache created: C:\Users\student\AppData\Local\Temp\30bd992f4b62a9b099207aebeb59554c.mpf_cache
2025-01-14 17:57:50,605 : INFO : Machine : Mission Pinball Framework Core Engine v0.57.3
2025-01-14 17:57:50,605 : INFO : Machine : Command line arguments: {'no_load_cache': True, 'create_config_cache': True, 'bcp': True, 'configfile': ['config.yaml'], 'force_assets_load': False, 'platform_integration_test': False, 'jsonlogging': False, 'logfile': 'logs\\2025-01-14-17-57-50-mpf-DESKTOP-0JH7ARL.log', 'pause': False, 'production': False, 'text_ui': True, 'loglevel': 15, 'consoleloglevel': 20, 'force_platform': None, 'syslog_address': None, 'mc_file_name': None, 'no_sound': False}
2025-01-14 17:57:50,605 : INFO : Machine : MPF path: C:\Users\student\mpfenv3\Lib\site-packages\mpf
2025-01-14 17:57:50,605 : INFO : Machine : Machine path: C:\Users\student\pinball\cobraPinTest1
2025-01-14 17:57:50,605 : INFO : Machine : Platform: win32
2025-01-14 17:57:50,605 : INFO : Machine : Python executable location: C:\Users\student\mpfenv3\Scripts\python.exe
2025-01-14 17:57:50,605 : INFO : Machine : Python version: 3.11.8 (64-bit)
2025-01-14 17:57:50,606 : INFO : Machine : Initializing MPF...
2025-01-14 17:57:50,894 : INFO : OPP : Connecting to com4 at 115200bps
2025-01-14 17:57:51,009 : INFO : OPP : Init of OPP board 0 done
2025-01-14 17:57:51,009 : INFO : OPP : Connecting to com5 at 115200bps
2025-01-14 17:57:51,196 : INFO : OPP : Init of OPP board 1 done
2025-01-14 17:57:51,197 : INFO : EventManager : Event: ======'machine_var_credits_string'====== Args={'value': 'FREE PLAY', 'prev_value': None, 'change': True}
2025-01-14 17:57:51,267 : INFO : EventManager : Event: ======'machine_var_master_volume'====== Args={'value': 0.5, 'prev_value': None, 'change': True}
2025-01-14 17:57:51,267 : INFO : EventManager : Event: ======'machine_var_player1_score'====== Args={'value': 1500, 'prev_value': None, 'change': True}
2025-01-14 17:57:51,267 : INFO : EventManager : Event: ======'machine_var_mpf_version'====== Args={'value': 'Mission Pinball Framework v0.57.3', 'prev_value': None, 'change': True}
2025-01-14 17:57:51,267 : INFO : EventManager : Event: ======'machine_var_mpf_extended_version'====== Args={'value': 'Mission Pinball Framework v0.57.3, Config version:6, Show version: 6, BCP version:1.1', 'prev_value': None, 'change': True}
2025-01-14 17:57:51,267 : INFO : EventManager : Event: ======'machine_var_python_version'====== Args={'value': '3.11.8', 'prev_value': None, 'change': True}
2025-01-14 17:57:51,276 : INFO : EventManager : Event: ======'machine_var_platform'====== Args={'value': 'Windows-10-10.0.19045-SP0', 'prev_value': None, 'change': True}
2025-01-14 17:57:51,277 : INFO : EventManager : Event: ======'machine_var_platform_system'====== Args={'value': 'Windows', 'prev_value': None, 'change': True}
2025-01-14 17:57:51,277 : INFO : EventManager : Event: ======'machine_var_platform_release'====== Args={'value': '10', 'prev_value': None, 'change': True}
2025-01-14 17:57:51,277 : INFO : EventManager : Event: ======'machine_var_platform_version'====== Args={'value': '10.0.19045', 'prev_value': None, 'change': True}
2025-01-14 17:57:51,277 : INFO : EventManager : Event: ======'machine_var_platform_machine'====== Args={'value': 'AMD64', 'prev_value': None, 'change': True}
2025-01-14 17:57:51,277 : INFO : EventManager : Event: ======'init_phase_1'====== Args={}
2025-01-14 17:57:51,314 : INFO : EventManager : Event: ======'init_phase_2'====== Args={}
2025-01-14 17:57:51,314 : INFO : SwitchController : Found active switch: ('0-0-8', <Platform.OPP>) <switch.s_trough1>
2025-01-14 17:57:51,319 : INFO : EventManager : Event: ======'bcp_connection_attempt'====== Args={'name': 'local_display', 'host': 'localhost', 'port': 5050}
2025-01-14 17:57:51,320 : INFO : BCPClientSocket : Connecting BCP to 'local_display' at localhost:5050...
2025-01-14 17:57:53,362 : INFO : BCPClientSocket : Connected BCP to 'local_display' localhost:5050
2025-01-14 17:57:53,362 : INFO : EventManager : Event: ======'bcp_clients_connected'====== Args={}
2025-01-14 17:57:53,590 : INFO : EventManager : Event: ======'machine_var_mc_version'====== Args={'value': 'MPF-MC v0.57.1', 'prev_value': None, 'change': True}
2025-01-14 17:57:53,590 : INFO : EventManager : Event: ======'machine_var_mc_extended_version'====== Args={'value': 'MPF-MC v0.57.1 (config_version=6, BCP v1.1,                      Requires MPF API compatibility v0.57.0 or newer)', 'prev_value': None, 'change': True}
2025-01-14 17:57:53,591 : INFO : ball_device.bd_trough : BCH: Initial count: 1
2025-01-14 17:57:53,628 : INFO : ball_device.bd_trough : State: idle
2025-01-14 17:57:53,629 : INFO : ball_device.bd_plunger : BCH: Initial count: 0
2025-01-14 17:57:53,629 : INFO : ball_device.bd_plunger : State: idle
2025-01-14 17:57:53,650 : INFO : EventManager : Event: ======'init_phase_3'====== Args={}
2025-01-14 17:57:53,667 : INFO : EventManager : Event: ======'init_phase_4'====== Args={}
2025-01-14 17:57:53,668 : INFO : BallController : Initial balls found: 1
2025-01-14 17:57:53,669 : INFO : EventManager : Event: ======'machine_var_audits_events_game_ended'====== Args={'value': 0, 'prev_value': None, 'change': True}
2025-01-14 17:57:53,669 : INFO : EventManager : Event: ======'machine_var_audits_events_game_started'====== Args={'value': 23, 'prev_value': None, 'change': True}
2025-01-14 17:57:53,670 : INFO : EventManager : Event: ======'machine_var_audits_missing_switches_s_bonus_lane'====== Args={'value': 9, 'prev_value': None, 'change': True}
2025-01-14 17:57:53,670 : INFO : EventManager : Event: ======'machine_var_audits_missing_switches_s_left_attack_bumper'====== Args={'value': 2, 'prev_value': None, 'change': True}
2025-01-14 17:57:53,670 : INFO : EventManager : Event: ======'machine_var_audits_missing_switches_s_left_out_lane'====== Args={'value': 8, 'prev_value': None, 'change': True}
2025-01-14 17:57:53,670 : INFO : EventManager : Event: ======'machine_var_audits_missing_switches_s_left_return_lane'====== Args={'value': 8, 'prev_value': None, 'change': True}
2025-01-14 17:57:53,670 : INFO : EventManager : Event: ======'machine_var_audits_missing_switches_s_lower_attack_bumper'====== Args={'value': 2, 'prev_value': None, 'change': True}
2025-01-14 17:57:53,670 : INFO : EventManager : Event: ======'machine_var_audits_missing_switches_s_plunger'====== Args={'value': 21, 'prev_value': None, 'change': True}
2025-01-14 17:57:53,670 : INFO : EventManager : Event: ======'machine_var_audits_missing_switches_s_reentry_left'====== Args={'value': 6, 'prev_value': None, 'change': True}
2025-01-14 17:57:53,670 : INFO : EventManager : Event: ======'machine_var_audits_missing_switches_s_reentry_middle'====== Args={'value': 6, 'prev_value': None, 'change': True}
2025-01-14 17:57:53,670 : INFO : EventManager : Event: ======'machine_var_audits_missing_switches_s_spacewarp_rollover'====== Args={'value': 5, 'prev_value': None, 'change': True}
2025-01-14 17:57:53,670 : INFO : EventManager : Event: ======'machine_var_audits_missing_switches_s_start'====== Args={'value': 22, 'prev_value': None, 'change': True}
2025-01-14 17:57:53,670 : INFO : EventManager : Event: ======'machine_var_audits_missing_switches_s_trough1'====== Args={'value': 22, 'prev_value': None, 'change': True}
2025-01-14 17:57:53,671 : INFO : EventManager : Event: ======'machine_var_audits_missing_switches_s_upper_attack_bumper'====== Args={'value': 2, 'prev_value': None, 'change': True}
2025-01-14 17:57:53,671 : INFO : EventManager : Event: ======'machine_var_audits_missing_switches_s_wormhole_target'====== Args={'value': 7, 'prev_value': None, 'change': True}
2025-01-14 17:57:53,671 : INFO : EventManager : Event: ======'machine_var_audits_player_score'====== Args={'value': {'average': 1800.0, 'top': [2000, 1900, 1500], 'total': 3}, 'prev_value': None, 'change': True}
2025-01-14 17:57:53,671 : INFO : EventManager : Event: ======'machine_var_audits_shots_bonusLane_shot'====== Args={'value': 54, 'prev_value': None, 'change': True}
2025-01-14 17:57:53,671 : INFO : EventManager : Event: ======'machine_var_audits_shots_medalL_shot'====== Args={'value': 174, 'prev_value': None, 'change': True}
2025-01-14 17:57:53,671 : INFO : EventManager : Event: ======'machine_var_audits_shots_medalM_shot'====== Args={'value': 166, 'prev_value': None, 'change': True}
2025-01-14 17:57:53,671 : INFO : EventManager : Event: ======'machine_var_audits_shots_medalR_shot'====== Args={'value': 165, 'prev_value': None, 'change': True}
2025-01-14 17:57:53,671 : INFO : EventManager : Event: ======'machine_var_audits_shots_my_first_shot'====== Args={'value': 119, 'prev_value': None, 'change': True}
2025-01-14 17:57:53,671 : INFO : EventManager : Event: ======'machine_var_audits_shots_my_first_shot_mode2'====== Args={'value': 72, 'prev_value': None, 'change': True}
2025-01-14 17:57:53,672 : INFO : EventManager : Event: ======'machine_var_audits_shots_outLaneL_shot'====== Args={'value': 17, 'prev_value': None, 'change': True}
2025-01-14 17:57:53,672 : INFO : EventManager : Event: ======'machine_var_audits_shots_outLaneR_shot'====== Args={'value': 66, 'prev_value': None, 'change': True}
2025-01-14 17:57:53,672 : INFO : EventManager : Event: ======'machine_var_audits_shots_reentryL_shot'====== Args={'value': 517, 'prev_value': None, 'change': True}
2025-01-14 17:57:53,672 : INFO : EventManager : Event: ======'machine_var_audits_shots_reentryM_shot'====== Args={'value': 476, 'prev_value': None, 'change': True}
2025-01-14 17:57:53,672 : INFO : EventManager : Event: ======'machine_var_audits_shots_reentryR_shot'====== Args={'value': 462, 'prev_value': None, 'change': True}
2025-01-14 17:57:53,672 : INFO : EventManager : Event: ======'machine_var_audits_shots_reentry_shot'====== Args={'value': 9, 'prev_value': None, 'change': True}
2025-01-14 17:57:53,672 : INFO : EventManager : Event: ======'machine_var_audits_shots_returnLaneL_shot'====== Args={'value': 167, 'prev_value': None, 'change': True}
2025-01-14 17:57:53,672 : INFO : EventManager : Event: ======'machine_var_audits_shots_returnLaneR_shot'====== Args={'value': 114, 'prev_value': None, 'change': True}
2025-01-14 17:57:53,672 : INFO : EventManager : Event: ======'machine_var_audits_shots_spacewarp_rollover_shot'====== Args={'value': 47, 'prev_value': None, 'change': True}
2025-01-14 17:57:53,673 : INFO : EventManager : Event: ======'machine_var_audits_shots_top_lane_A'====== Args={'value': 12, 'prev_value': None, 'change': True}
2025-01-14 17:57:53,673 : INFO : EventManager : Event: ======'machine_var_audits_shots_top_lane_J'====== Args={'value': 12, 'prev_value': None, 'change': True}
2025-01-14 17:57:53,673 : INFO : EventManager : Event: ======'machine_var_audits_shots_top_lane_M'====== Args={'value': 9, 'prev_value': None, 'change': True}
2025-01-14 17:57:53,673 : INFO : EventManager : Event: ======'machine_var_audits_switches_s_blackhole_kicker'====== Args={'value': 0, 'prev_value': None, 'change': True}
2025-01-14 17:57:53,673 : INFO : EventManager : Event: ======'machine_var_audits_switches_s_bonus_lane'====== Args={'value': 67, 'prev_value': None, 'change': True}
2025-01-14 17:57:53,673 : INFO : EventManager : Event: ======'machine_var_audits_switches_s_booster_drop_target_1'====== Args={'value': 0, 'prev_value': None, 'change': True}
2025-01-14 17:57:53,673 : INFO : EventManager : Event: ======'machine_var_audits_switches_s_booster_drop_target_2'====== Args={'value': 0, 'prev_value': None, 'change': True}
2025-01-14 17:57:53,673 : INFO : EventManager : Event: ======'machine_var_audits_switches_s_booster_drop_target_3'====== Args={'value': 0, 'prev_value': None, 'change': True}
2025-01-14 17:57:53,674 : INFO : EventManager : Event: ======'machine_var_audits_switches_s_comet_spot_1'====== Args={'value': 0, 'prev_value': None, 'change': True}
2025-01-14 17:57:53,674 : INFO : EventManager : Event: ======'machine_var_audits_switches_s_comet_spot_2'====== Args={'value': 0, 'prev_value': None, 'change': True}
2025-01-14 17:57:53,674 : INFO : EventManager : Event: ======'machine_var_audits_switches_s_comet_spot_3'====== Args={'value': 0, 'prev_value': None, 'change': True}
2025-01-14 17:57:53,674 : INFO : EventManager : Event: ======'machine_var_audits_switches_s_engine_bumper_1'====== Args={'value': 0, 'prev_value': None, 'change': True}
2025-01-14 17:57:53,674 : INFO : EventManager : Event: ======'machine_var_audits_switches_s_engine_bumper_2'====== Args={'value': 0, 'prev_value': None, 'change': True}
2025-01-14 17:57:53,674 : INFO : EventManager : Event: ======'machine_var_audits_switches_s_engine_bumper_3'====== Args={'value': 0, 'prev_value': None, 'change': True}
2025-01-14 17:57:53,674 : INFO : EventManager : Event: ======'machine_var_audits_switches_s_fuel_chute_1'====== Args={'value': 0, 'prev_value': None, 'change': True}
2025-01-14 17:57:53,674 : INFO : EventManager : Event: ======'machine_var_audits_switches_s_fuel_chute_2'====== Args={'value': 0, 'prev_value': None, 'change': True}
2025-01-14 17:57:53,675 : INFO : EventManager : Event: ======'machine_var_audits_switches_s_fuel_chute_3'====== Args={'value': 0, 'prev_value': None, 'change': True}
2025-01-14 17:57:53,675 : INFO : EventManager : Event: ======'machine_var_audits_switches_s_fuel_chute_4'====== Args={'value': 0, 'prev_value': None, 'change': True}
2025-01-14 17:57:53,675 : INFO : EventManager : Event: ======'machine_var_audits_switches_s_fuel_chute_5'====== Args={'value': 0, 'prev_value': None, 'change': True}
2025-01-14 17:57:53,675 : INFO : EventManager : Event: ======'machine_var_audits_switches_s_fuel_chute_6'====== Args={'value': 0, 'prev_value': None, 'change': True}
2025-01-14 17:57:53,675 : INFO : EventManager : Event: ======'machine_var_audits_switches_s_fuel_flag'====== Args={'value': 0, 'prev_value': None, 'change': True}
2025-01-14 17:57:53,675 : INFO : EventManager : Event: ======'machine_var_audits_switches_s_fuel_spot_1'====== Args={'value': 0, 'prev_value': None, 'change': True}
2025-01-14 17:57:53,676 : INFO : EventManager : Event: ======'machine_var_audits_switches_s_fuel_spot_2'====== Args={'value': 0, 'prev_value': None, 'change': True}
2025-01-14 17:57:53,676 : INFO : EventManager : Event: ======'machine_var_audits_switches_s_fuel_spot_3'====== Args={'value': 0, 'prev_value': None, 'change': True}
2025-01-14 17:57:53,676 : INFO : EventManager : Event: ======'machine_var_audits_switches_s_green_wormhole'====== Args={'value': 0, 'prev_value': None, 'change': True}
2025-01-14 17:57:53,676 : INFO : EventManager : Event: ======'machine_var_audits_switches_s_hyperspace_flag'====== Args={'value': 0, 'prev_value': None, 'change': True}
2025-01-14 17:57:53,676 : INFO : EventManager : Event: ======'machine_var_audits_switches_s_hyperspacekicker'====== Args={'value': 0, 'prev_value': None, 'change': True}
2025-01-14 17:57:53,676 : INFO : EventManager : Event: ======'machine_var_audits_switches_s_launch_lane_1'====== Args={'value': 0, 'prev_value': None, 'change': True}
2025-01-14 17:57:53,676 : INFO : EventManager : Event: ======'machine_var_audits_switches_s_launch_lane_2'====== Args={'value': 0, 'prev_value': None, 'change': True}
2025-01-14 17:57:53,677 : INFO : EventManager : Event: ======'machine_var_audits_switches_s_launch_lane_3'====== Args={'value': 0, 'prev_value': None, 'change': True}
2025-01-14 17:57:53,677 : INFO : EventManager : Event: ======'machine_var_audits_switches_s_launch_ramp'====== Args={'value': 0, 'prev_value': None, 'change': True}
2025-01-14 17:57:53,677 : INFO : EventManager : Event: ======'machine_var_audits_switches_s_left_attack_bumper'====== Args={'value': 19, 'prev_value': None, 'change': True}
2025-01-14 17:57:53,678 : INFO : EventManager : Event: ======'machine_var_audits_switches_s_left_flipper'====== Args={'value': 1483, 'prev_value': None, 'change': True}
2025-01-14 17:57:53,678 : INFO : EventManager : Event: ======'machine_var_audits_switches_s_left_out_lane'====== Args={'value': 21, 'prev_value': None, 'change': True}
2025-01-14 17:57:53,678 : INFO : EventManager : Event: ======'machine_var_audits_switches_s_left_out_lane_kicker'====== Args={'value': 0, 'prev_value': None, 'change': True}
2025-01-14 17:57:53,678 : INFO : EventManager : Event: ======'machine_var_audits_switches_s_left_return_lane'====== Args={'value': 174, 'prev_value': None, 'change': True}
2025-01-14 17:57:53,678 : INFO : EventManager : Event: ======'machine_var_audits_switches_s_lower_attack_bumper'====== Args={'value': 18, 'prev_value': None, 'change': True}
2025-01-14 17:57:53,679 : INFO : EventManager : Event: ======'machine_var_audits_switches_s_lower_left_rebound'====== Args={'value': 0, 'prev_value': None, 'change': True}
2025-01-14 17:57:53,679 : INFO : EventManager : Event: ======'machine_var_audits_switches_s_lower_left_slingshot'====== Args={'value': 153, 'prev_value': None, 'change': True}
2025-01-14 17:57:53,679 : INFO : EventManager : Event: ======'machine_var_audits_switches_s_lower_right_rebound'====== Args={'value': 0, 'prev_value': None, 'change': True}
2025-01-14 17:57:53,679 : INFO : EventManager : Event: ======'machine_var_audits_switches_s_lower_right_slingshot'====== Args={'value': 156, 'prev_value': None, 'change': True}
2025-01-14 17:57:53,679 : INFO : EventManager : Event: ======'machine_var_audits_switches_s_medal_drop_left'====== Args={'value': 188, 'prev_value': None, 'change': True}
2025-01-14 17:57:53,679 : INFO : EventManager : Event: ======'machine_var_audits_switches_s_medal_drop_middle'====== Args={'value': 180, 'prev_value': None, 'change': True}
2025-01-14 17:57:53,680 : INFO : EventManager : Event: ======'machine_var_audits_switches_s_medal_drop_right'====== Args={'value': 179, 'prev_value': None, 'change': True}
2025-01-14 17:57:53,680 : INFO : EventManager : Event: ======'machine_var_audits_switches_s_mission_spot_1'====== Args={'value': 0, 'prev_value': None, 'change': True}
2025-01-14 17:57:53,680 : INFO : EventManager : Event: ======'machine_var_audits_switches_s_mission_spot_2'====== Args={'value': 2, 'prev_value': None, 'change': True}
2025-01-14 17:57:53,680 : INFO : EventManager : Event: ======'machine_var_audits_switches_s_mission_spot_3'====== Args={'value': 0, 'prev_value': None, 'change': True}
2025-01-14 17:57:53,680 : INFO : EventManager : Event: ======'machine_var_audits_switches_s_multiplier_left'====== Args={'value': 0, 'prev_value': None, 'change': True}
2025-01-14 17:57:53,680 : INFO : EventManager : Event: ======'machine_var_audits_switches_s_multiplier_middle'====== Args={'value': 0, 'prev_value': None, 'change': True}
2025-01-14 17:57:53,681 : INFO : EventManager : Event: ======'machine_var_audits_switches_s_multiplier_right'====== Args={'value': 0, 'prev_value': None, 'change': True}
2025-01-14 17:57:53,681 : INFO : EventManager : Event: ======'machine_var_audits_switches_s_plunger'====== Args={'value': 177, 'prev_value': None, 'change': True}
2025-01-14 17:57:53,681 : INFO : EventManager : Event: ======'machine_var_audits_switches_s_radiationspot_1'====== Args={'value': 0, 'prev_value': None, 'change': True}
2025-01-14 17:57:53,681 : INFO : EventManager : Event: ======'machine_var_audits_switches_s_radiationspot_2'====== Args={'value': 0, 'prev_value': None, 'change': True}
2025-01-14 17:57:53,681 : INFO : EventManager : Event: ======'machine_var_audits_switches_s_radiationspot_3'====== Args={'value': 0, 'prev_value': None, 'change': True}
2025-01-14 17:57:53,682 : INFO : EventManager : Event: ======'machine_var_audits_switches_s_red_wormhole'====== Args={'value': 0, 'prev_value': None, 'change': True}
2025-01-14 17:57:53,682 : INFO : EventManager : Event: ======'machine_var_audits_switches_s_reentry_left'====== Args={'value': 875, 'prev_value': None, 'change': True}
2025-01-14 17:57:53,682 : INFO : EventManager : Event: ======'machine_var_audits_switches_s_reentry_middle'====== Args={'value': 550, 'prev_value': None, 'change': True}
2025-01-14 17:57:53,682 : INFO : EventManager : Event: ======'machine_var_audits_switches_s_reentry_right'====== Args={'value': 521, 'prev_value': None, 'change': True}
2025-01-14 17:57:53,682 : INFO : EventManager : Event: ======'machine_var_audits_switches_s_right_flipper'====== Args={'value': 1765, 'prev_value': None, 'change': True}
2025-01-14 17:57:53,682 : INFO : EventManager : Event: ======'machine_var_audits_switches_s_right_inlane'====== Args={'value': 0, 'prev_value': None, 'change': True}
2025-01-14 17:57:53,683 : INFO : EventManager : Event: ======'machine_var_audits_switches_s_right_out_lane'====== Args={'value': 92, 'prev_value': None, 'change': True}
2025-01-14 17:57:53,683 : INFO : EventManager : Event: ======'machine_var_audits_switches_s_right_out_lane_kicker'====== Args={'value': 0, 'prev_value': None, 'change': True}
2025-01-14 17:57:53,683 : INFO : EventManager : Event: ======'machine_var_audits_switches_s_right_return_lane'====== Args={'value': 126, 'prev_value': None, 'change': True}
2025-01-14 17:57:53,683 : INFO : EventManager : Event: ======'machine_var_audits_switches_s_satellite_bumper'====== Args={'value': 0, 'prev_value': None, 'change': True}
2025-01-14 17:57:53,683 : INFO : EventManager : Event: ======'machine_var_audits_switches_s_secondary_outlane_kicker'====== Args={'value': 0, 'prev_value': None, 'change': True}
2025-01-14 17:57:53,684 : INFO : EventManager : Event: ======'machine_var_audits_switches_s_skill_shot_1'====== Args={'value': 0, 'prev_value': None, 'change': True}
2025-01-14 17:57:53,684 : INFO : EventManager : Event: ======'machine_var_audits_switches_s_skill_shot_2'====== Args={'value': 0, 'prev_value': None, 'change': True}
2025-01-14 17:57:53,684 : INFO : EventManager : Event: ======'machine_var_audits_switches_s_skill_shot_3'====== Args={'value': 0, 'prev_value': None, 'change': True}
2025-01-14 17:57:53,684 : INFO : EventManager : Event: ======'machine_var_audits_switches_s_skill_shot_4'====== Args={'value': 0, 'prev_value': None, 'change': True}
2025-01-14 17:57:53,684 : INFO : EventManager : Event: ======'machine_var_audits_switches_s_skill_shot_5'====== Args={'value': 0, 'prev_value': None, 'change': True}
2025-01-14 17:57:53,685 : INFO : EventManager : Event: ======'machine_var_audits_switches_s_skill_shot_6'====== Args={'value': 0, 'prev_value': None, 'change': True}
2025-01-14 17:57:53,685 : INFO : EventManager : Event: ======'machine_var_audits_switches_s_skill_shot_lane'====== Args={'value': 0, 'prev_value': None, 'change': True}
2025-01-14 17:57:53,685 : INFO : EventManager : Event: ======'machine_var_audits_switches_s_spacewarp_rollover'====== Args={'value': 48, 'prev_value': None, 'change': True}
2025-01-14 17:57:53,685 : INFO : EventManager : Event: ======'machine_var_audits_switches_s_start'====== Args={'value': 7, 'prev_value': None, 'change': True}
2025-01-14 17:57:53,686 : INFO : EventManager : Event: ======'machine_var_audits_switches_s_trough1'====== Args={'value': 30, 'prev_value': None, 'change': True}
2025-01-14 17:57:53,686 : INFO : EventManager : Event: ======'machine_var_audits_switches_s_trough2'====== Args={'value': 0, 'prev_value': None, 'change': True}
2025-01-14 17:57:53,686 : INFO : EventManager : Event: ======'machine_var_audits_switches_s_trough3'====== Args={'value': 0, 'prev_value': None, 'change': True}
2025-01-14 17:57:53,686 : INFO : EventManager : Event: ======'machine_var_audits_switches_s_trough4'====== Args={'value': 0, 'prev_value': None, 'change': True}
2025-01-14 17:57:53,686 : INFO : EventManager : Event: ======'machine_var_audits_switches_s_trough5'====== Args={'value': 0, 'prev_value': None, 'change': True}
2025-01-14 17:57:53,687 : INFO : EventManager : Event: ======'machine_var_audits_switches_s_trough6'====== Args={'value': 0, 'prev_value': None, 'change': True}
2025-01-14 17:57:53,687 : INFO : EventManager : Event: ======'machine_var_audits_switches_s_trough_jam'====== Args={'value': 0, 'prev_value': None, 'change': True}
2025-01-14 17:57:53,687 : INFO : EventManager : Event: ======'machine_var_audits_switches_s_upper_attack_bumper'====== Args={'value': 18, 'prev_value': None, 'change': True}
2025-01-14 17:57:53,687 : INFO : EventManager : Event: ======'machine_var_audits_switches_s_upper_left_rebound'====== Args={'value': 0, 'prev_value': None, 'change': True}
2025-01-14 17:57:53,687 : INFO : EventManager : Event: ======'machine_var_audits_switches_s_upper_right_rebound'====== Args={'value': 0, 'prev_value': None, 'change': True}
2025-01-14 17:57:53,688 : INFO : EventManager : Event: ======'machine_var_audits_switches_s_wormhole_target'====== Args={'value': 0, 'prev_value': None, 'change': True}
2025-01-14 17:57:53,688 : INFO : EventManager : Event: ======'machine_var_audits_switches_s_yellow_wormhole'====== Args={'value': 0, 'prev_value': None, 'change': True}
2025-01-14 17:57:53,689 : INFO : EventManager : Event: ======'init_phase_5'====== Args={}
2025-01-14 17:57:53,732 : INFO : EventManager : Event: ======'init_done'====== Args={}
2025-01-14 17:57:53,733 : INFO : EventManager : Event: ======'machine_reset_phase_1'====== Args={}
2025-01-14 17:57:53,740 : INFO : EventManager : Event: ======'slide_welcome_slide_removed'====== Args={'_from_bcp': True}
2025-01-14 17:57:53,740 : INFO : EventManager : Event: ======'slide_welcome_slide_created'====== Args={'_from_bcp': True}
2025-01-14 17:57:53,741 : INFO : EventManager : Event: ======'machine_reset_phase_2'====== Args={}
2025-01-14 17:57:53,741 : INFO : EventManager : Event: ======'slide_welcome_slide_active'====== Args={'_from_bcp': True}
2025-01-14 17:57:53,742 : INFO : EventManager : Event: ======'machine_reset_phase_3'====== Args={}
2025-01-14 17:57:53,743 : INFO : EventManager : Event: ======'reset_complete'====== Args={}
2025-01-14 17:57:53,743 : INFO : EventManager : Event: ======'mode_attract_will_start'====== Args={}
2025-01-14 17:57:53,744 : INFO : EventManager : Event: ======'mode_attract_starting'====== Args={}
2025-01-14 17:57:53,744 : INFO : Mode.attract : Started. Priority: 10
2025-01-14 17:57:53,744 : INFO : EventManager : Event: ======'modes_active_modes_changed'====== Args={}
2025-01-14 17:57:53,744 : INFO : EventManager : Event: ======'mode_attract_started'====== Args={}
2025-01-14 17:57:53,744 : INFO : EventManager : Event: ======'collecting_balls_complete'====== Args={}
2025-01-14 17:57:53,777 : INFO : EventManager : Event: ======'slide_awesome_slide_created'====== Args={'_from_bcp': True}
2025-01-14 17:57:53,777 : INFO : EventManager : Event: ======'slide_awesome_slide_active'====== Args={'_from_bcp': True}
2025-01-14 17:57:53,778 : INFO : Machine : Starting the main run loop with active modes: [<Mode.attract>]
2025-01-14 17:57:56,779 : INFO : EventManager : Event: ======'slide_press_start_created'====== Args={'_from_bcp': True}
2025-01-14 17:57:56,781 : INFO : EventManager : Event: ======'slide_press_start_active'====== Args={'_from_bcp': True}
2025-01-14 17:57:59,772 : INFO : EventManager : Event: ======'slide_mission_pinball_created'====== Args={'_from_bcp': True}
2025-01-14 17:57:59,773 : INFO : EventManager : Event: ======'slide_mission_pinball_active'====== Args={'_from_bcp': True}
2025-01-14 17:58:00,835 : INFO : SwitchController : <<<<<<< 's_left_attack_bumper' active >>>>>>>
2025-01-14 17:58:00,962 : INFO : SwitchController : <<<<<<< 's_left_attack_bumper' inactive >>>>>>>
2025-01-14 17:58:01,153 : INFO : SwitchController : <<<<<<< 's_left_attack_bumper' active >>>>>>>
2025-01-14 17:58:01,327 : INFO : SwitchController : <<<<<<< 's_left_attack_bumper' inactive >>>>>>>
2025-01-14 17:58:01,708 : INFO : SwitchController : <<<<<<< 's_left_attack_bumper' active >>>>>>>
2025-01-14 17:58:01,899 : INFO : SwitchController : <<<<<<< 's_left_attack_bumper' inactive >>>>>>>
2025-01-14 17:58:02,024 : INFO : SwitchController : <<<<<<< 's_left_attack_bumper' active >>>>>>>
2025-01-14 17:58:02,198 : INFO : SwitchController : <<<<<<< 's_left_attack_bumper' inactive >>>>>>>
2025-01-14 17:58:02,446 : INFO : SwitchController : <<<<<<< 's_left_attack_bumper' active >>>>>>>
2025-01-14 17:58:02,626 : INFO : SwitchController : <<<<<<< 's_left_attack_bumper' inactive >>>>>>>
2025-01-14 17:58:02,770 : INFO : EventManager : Event: ======'slide_last_game_score_slide_created'====== Args={'_from_bcp': True}
2025-01-14 17:58:02,770 : INFO : EventManager : Event: ======'slide_last_game_score_slide_active'====== Args={'_from_bcp': True}
2025-01-14 17:58:02,876 : INFO : SwitchController : <<<<<<< 's_left_attack_bumper' active >>>>>>>
2025-01-14 17:58:03,034 : INFO : SwitchController : <<<<<<< 's_left_attack_bumper' inactive >>>>>>>
2025-01-14 17:58:03,293 : INFO : SwitchController : <<<<<<< 's_left_attack_bumper' active >>>>>>>
2025-01-14 17:58:03,432 : INFO : SwitchController : <<<<<<< 's_left_attack_bumper' inactive >>>>>>>
2025-01-14 17:58:03,663 : INFO : SwitchController : <<<<<<< 's_left_attack_bumper' active >>>>>>>
2025-01-14 17:58:03,803 : INFO : SwitchController : <<<<<<< 's_left_attack_bumper' inactive >>>>>>>
2025-01-14 17:58:05,760 : INFO : EventManager : Event: ======'slide_awesome_slide_removed'====== Args={'_from_bcp': True}
2025-01-14 17:58:05,761 : INFO : EventManager : Event: ======'slide_awesome_slide_created'====== Args={'_from_bcp': True}
2025-01-14 17:58:05,761 : INFO : EventManager : Event: ======'slide_awesome_slide_active'====== Args={'_from_bcp': True}
2025-01-14 17:58:08,754 : INFO : EventManager : Event: ======'slide_press_start_removed'====== Args={'_from_bcp': True}
2025-01-14 17:58:08,758 : INFO : EventManager : Event: ======'slide_press_start_created'====== Args={'_from_bcp': True}
2025-01-14 17:58:08,759 : INFO : EventManager : Event: ======'slide_press_start_active'====== Args={'_from_bcp': True}
2025-01-14 17:58:11,749 : INFO : EventManager : Event: ======'slide_mission_pinball_removed'====== Args={'_from_bcp': True}
2025-01-14 17:58:11,751 : INFO : EventManager : Event: ======'slide_mission_pinball_created'====== Args={'_from_bcp': True}
2025-01-14 17:58:11,752 : INFO : EventManager : Event: ======'slide_mission_pinball_active'====== Args={'_from_bcp': True}
2025-01-14 17:58:14,753 : INFO : EventManager : Event: ======'slide_last_game_score_slide_removed'====== Args={'_from_bcp': True}
2025-01-14 17:58:14,757 : INFO : EventManager : Event: ======'slide_last_game_score_slide_created'====== Args={'_from_bcp': True}
2025-01-14 17:58:14,758 : INFO : EventManager : Event: ======'slide_last_game_score_slide_active'====== Args={'_from_bcp': True}
2025-01-14 17:58:17,766 : INFO : EventManager : Event: ======'slide_awesome_slide_removed'====== Args={'_from_bcp': True}
2025-01-14 17:58:17,767 : INFO : EventManager : Event: ======'slide_awesome_slide_created'====== Args={'_from_bcp': True}
2025-01-14 17:58:17,768 : INFO : EventManager : Event: ======'slide_awesome_slide_active'====== Args={'_from_bcp': True}
2025-01-14 17:58:18,389 : INFO : SwitchController : <<<<<<< 's_left_attack_bumper' active >>>>>>>
2025-01-14 17:58:18,563 : INFO : SwitchController : <<<<<<< 's_left_attack_bumper' inactive >>>>>>>
2025-01-14 17:58:18,703 : INFO : SwitchController : <<<<<<< 's_left_attack_bumper' active >>>>>>>
2025-01-14 17:58:18,829 : INFO : SwitchController : <<<<<<< 's_left_attack_bumper' inactive >>>>>>>
2025-01-14 17:58:18,971 : INFO : SwitchController : <<<<<<< 's_left_attack_bumper' active >>>>>>>
2025-01-14 17:58:19,098 : INFO : SwitchController : <<<<<<< 's_left_attack_bumper' inactive >>>>>>>
2025-01-14 17:58:19,147 : INFO : SwitchController : <<<<<<< 's_left_attack_bumper' active >>>>>>>
2025-01-14 17:58:19,289 : INFO : SwitchController : <<<<<<< 's_left_attack_bumper' inactive >>>>>>>
2025-01-14 17:58:19,353 : INFO : SwitchController : <<<<<<< 's_left_attack_bumper' active >>>>>>>
2025-01-14 17:58:19,541 : INFO : SwitchController : <<<<<<< 's_left_attack_bumper' inactive >>>>>>>
2025-01-14 17:58:19,558 : INFO : SwitchController : <<<<<<< 's_left_attack_bumper' active >>>>>>>
2025-01-14 17:58:19,984 : INFO : SwitchController : <<<<<<< 's_left_attack_bumper' inactive >>>>>>>
2025-01-14 17:58:20,048 : INFO : SwitchController : <<<<<<< 's_left_attack_bumper' active >>>>>>>
2025-01-14 17:58:20,158 : INFO : SwitchController : <<<<<<< 's_left_attack_bumper' inactive >>>>>>>
2025-01-14 17:58:20,411 : INFO : SwitchController : <<<<<<< 's_left_attack_bumper' active >>>>>>>
2025-01-14 17:58:20,569 : INFO : SwitchController : <<<<<<< 's_left_attack_bumper' inactive >>>>>>>
2025-01-14 17:58:20,698 : INFO : SwitchController : <<<<<<< 's_left_attack_bumper' active >>>>>>>
2025-01-14 17:58:20,751 : INFO : EventManager : Event: ======'slide_press_start_removed'====== Args={'_from_bcp': True}
2025-01-14 17:58:20,756 : INFO : EventManager : Event: ======'slide_press_start_created'====== Args={'_from_bcp': True}
2025-01-14 17:58:20,756 : INFO : EventManager : Event: ======'slide_press_start_active'====== Args={'_from_bcp': True}
2025-01-14 17:58:20,828 : INFO : SwitchController : <<<<<<< 's_left_attack_bumper' inactive >>>>>>>
2025-01-14 17:58:20,981 : INFO : SwitchController : <<<<<<< 's_left_attack_bumper' active >>>>>>>
2025-01-14 17:58:21,123 : INFO : SwitchController : <<<<<<< 's_left_attack_bumper' inactive >>>>>>>
2025-01-14 17:58:21,234 : INFO : SwitchController : <<<<<<< 's_left_attack_bumper' active >>>>>>>
2025-01-14 17:58:21,375 : INFO : SwitchController : <<<<<<< 's_left_attack_bumper' inactive >>>>>>>
2025-01-14 17:58:21,516 : INFO : SwitchController : <<<<<<< 's_left_attack_bumper' active >>>>>>>
2025-01-14 17:58:21,609 : INFO : SwitchController : <<<<<<< 's_left_attack_bumper' inactive >>>>>>>
2025-01-14 17:58:23,758 : INFO : EventManager : Event: ======'slide_mission_pinball_removed'====== Args={'_from_bcp': True}
2025-01-14 17:58:23,759 : INFO : EventManager : Event: ======'slide_mission_pinball_created'====== Args={'_from_bcp': True}
2025-01-14 17:58:23,759 : INFO : EventManager : Event: ======'slide_mission_pinball_active'====== Args={'_from_bcp': True}
2025-01-14 17:58:26,753 : INFO : EventManager : Event: ======'slide_last_game_score_slide_removed'====== Args={'_from_bcp': True}
2025-01-14 17:58:26,758 : INFO : EventManager : Event: ======'slide_last_game_score_slide_created'====== Args={'_from_bcp': True}
2025-01-14 17:58:26,759 : INFO : EventManager : Event: ======'slide_last_game_score_slide_active'====== Args={'_from_bcp': True}
2025-01-14 17:58:29,761 : INFO : EventManager : Event: ======'slide_awesome_slide_removed'====== Args={'_from_bcp': True}
2025-01-14 17:58:29,768 : INFO : EventManager : Event: ======'slide_awesome_slide_created'====== Args={'_from_bcp': True}
2025-01-14 17:58:29,768 : INFO : EventManager : Event: ======'slide_awesome_slide_active'====== Args={'_from_bcp': True}
2025-01-14 17:58:32,754 : INFO : EventManager : Event: ======'slide_press_start_removed'====== Args={'_from_bcp': True}
2025-01-14 17:58:32,756 : INFO : EventManager : Event: ======'slide_press_start_created'====== Args={'_from_bcp': True}
2025-01-14 17:58:32,756 : INFO : EventManager : Event: ======'slide_press_start_active'====== Args={'_from_bcp': True}
2025-01-14 17:58:35,751 : INFO : EventManager : Event: ======'slide_mission_pinball_removed'====== Args={'_from_bcp': True}
2025-01-14 17:58:35,751 : INFO : EventManager : Event: ======'slide_mission_pinball_created'====== Args={'_from_bcp': True}
2025-01-14 17:58:35,751 : INFO : EventManager : Event: ======'slide_mission_pinball_active'====== Args={'_from_bcp': True}
2025-01-14 17:58:38,769 : INFO : EventManager : Event: ======'slide_last_game_score_slide_removed'====== Args={'_from_bcp': True}
2025-01-14 17:58:38,771 : INFO : EventManager : Event: ======'slide_last_game_score_slide_created'====== Args={'_from_bcp': True}
2025-01-14 17:58:38,774 : INFO : EventManager : Event: ======'slide_last_game_score_slide_active'====== Args={'_from_bcp': True}
2025-01-14 17:58:41,754 : INFO : EventManager : Event: ======'slide_awesome_slide_removed'====== Args={'_from_bcp': True}
2025-01-14 17:58:41,756 : INFO : EventManager : Event: ======'slide_awesome_slide_created'====== Args={'_from_bcp': True}
2025-01-14 17:58:41,756 : INFO : EventManager : Event: ======'slide_awesome_slide_active'====== Args={'_from_bcp': True}
2025-01-14 17:58:44,773 : INFO : EventManager : Event: ======'slide_press_start_removed'====== Args={'_from_bcp': True}
2025-01-14 17:58:44,774 : INFO : EventManager : Event: ======'slide_press_start_created'====== Args={'_from_bcp': True}
2025-01-14 17:58:44,775 : INFO : EventManager : Event: ======'slide_press_start_active'====== Args={'_from_bcp': True}
2025-01-14 17:58:47,755 : INFO : EventManager : Event: ======'slide_mission_pinball_removed'====== Args={'_from_bcp': True}
2025-01-14 17:58:47,756 : INFO : EventManager : Event: ======'slide_mission_pinball_created'====== Args={'_from_bcp': True}
2025-01-14 17:58:47,757 : INFO : EventManager : Event: ======'slide_mission_pinball_active'====== Args={'_from_bcp': True}
2025-01-14 17:58:50,748 : INFO : EventManager : Event: ======'slide_last_game_score_slide_removed'====== Args={'_from_bcp': True}
2025-01-14 17:58:50,755 : INFO : EventManager : Event: ======'slide_last_game_score_slide_created'====== Args={'_from_bcp': True}
2025-01-14 17:58:50,756 : INFO : EventManager : Event: ======'slide_last_game_score_slide_active'====== Args={'_from_bcp': True}
2025-01-14 17:58:53,755 : INFO : EventManager : Event: ======'slide_awesome_slide_removed'====== Args={'_from_bcp': True}
2025-01-14 17:58:53,757 : INFO : EventManager : Event: ======'slide_awesome_slide_created'====== Args={'_from_bcp': True}
2025-01-14 17:58:53,758 : INFO : EventManager : Event: ======'slide_awesome_slide_active'====== Args={'_from_bcp': True}
2025-01-14 17:58:56,753 : INFO : EventManager : Event: ======'slide_press_start_removed'====== Args={'_from_bcp': True}
2025-01-14 17:58:56,753 : INFO : EventManager : Event: ======'slide_press_start_created'====== Args={'_from_bcp': True}
2025-01-14 17:58:56,753 : INFO : EventManager : Event: ======'slide_press_start_active'====== Args={'_from_bcp': True}
2025-01-14 17:58:59,772 : INFO : EventManager : Event: ======'slide_mission_pinball_removed'====== Args={'_from_bcp': True}
2025-01-14 17:58:59,772 : INFO : EventManager : Event: ======'slide_mission_pinball_created'====== Args={'_from_bcp': True}
2025-01-14 17:58:59,772 : INFO : EventManager : Event: ======'slide_mission_pinball_active'====== Args={'_from_bcp': True}
2025-01-14 17:59:02,751 : INFO : EventManager : Event: ======'slide_last_game_score_slide_removed'====== Args={'_from_bcp': True}
2025-01-14 17:59:02,752 : INFO : EventManager : Event: ======'slide_last_game_score_slide_created'====== Args={'_from_bcp': True}
2025-01-14 17:59:02,752 : INFO : EventManager : Event: ======'slide_last_game_score_slide_active'====== Args={'_from_bcp': True}
2025-01-14 17:59:05,752 : INFO : EventManager : Event: ======'slide_awesome_slide_removed'====== Args={'_from_bcp': True}
2025-01-14 17:59:05,752 : INFO : EventManager : Event: ======'slide_awesome_slide_created'====== Args={'_from_bcp': True}
2025-01-14 17:59:05,753 : INFO : EventManager : Event: ======'slide_awesome_slide_active'====== Args={'_from_bcp': True}
2025-01-14 17:59:08,767 : INFO : EventManager : Event: ======'slide_press_start_removed'====== Args={'_from_bcp': True}
2025-01-14 17:59:08,771 : INFO : EventManager : Event: ======'slide_press_start_created'====== Args={'_from_bcp': True}
2025-01-14 17:59:08,772 : INFO : EventManager : Event: ======'slide_press_start_active'====== Args={'_from_bcp': True}
2025-01-14 17:59:11,759 : INFO : EventManager : Event: ======'slide_mission_pinball_removed'====== Args={'_from_bcp': True}
2025-01-14 17:59:11,761 : INFO : EventManager : Event: ======'slide_mission_pinball_created'====== Args={'_from_bcp': True}
2025-01-14 17:59:11,762 : INFO : EventManager : Event: ======'slide_mission_pinball_active'====== Args={'_from_bcp': True}
2025-01-14 17:59:14,754 : INFO : EventManager : Event: ======'slide_last_game_score_slide_removed'====== Args={'_from_bcp': True}
2025-01-14 17:59:14,754 : INFO : EventManager : Event: ======'slide_last_game_score_slide_created'====== Args={'_from_bcp': True}
2025-01-14 17:59:14,754 : INFO : EventManager : Event: ======'slide_last_game_score_slide_active'====== Args={'_from_bcp': True}
2025-01-14 17:59:17,758 : INFO : EventManager : Event: ======'slide_awesome_slide_removed'====== Args={'_from_bcp': True}
2025-01-14 17:59:17,759 : INFO : EventManager : Event: ======'slide_awesome_slide_created'====== Args={'_from_bcp': True}
2025-01-14 17:59:17,759 : INFO : EventManager : Event: ======'slide_awesome_slide_active'====== Args={'_from_bcp': True}
2025-01-14 17:59:20,751 : INFO : EventManager : Event: ======'slide_press_start_removed'====== Args={'_from_bcp': True}
2025-01-14 17:59:20,751 : INFO : EventManager : Event: ======'slide_press_start_created'====== Args={'_from_bcp': True}
2025-01-14 17:59:20,751 : INFO : EventManager : Event: ======'slide_press_start_active'====== Args={'_from_bcp': True}
2025-01-14 17:59:23,766 : INFO : EventManager : Event: ======'slide_mission_pinball_removed'====== Args={'_from_bcp': True}
2025-01-14 17:59:23,768 : INFO : EventManager : Event: ======'slide_mission_pinball_created'====== Args={'_from_bcp': True}
2025-01-14 17:59:23,768 : INFO : EventManager : Event: ======'slide_mission_pinball_active'====== Args={'_from_bcp': True}
2025-01-14 17:59:26,763 : INFO : EventManager : Event: ======'slide_last_game_score_slide_removed'====== Args={'_from_bcp': True}
2025-01-14 17:59:26,764 : INFO : EventManager : Event: ======'slide_last_game_score_slide_created'====== Args={'_from_bcp': True}
2025-01-14 17:59:26,764 : INFO : EventManager : Event: ======'slide_last_game_score_slide_active'====== Args={'_from_bcp': True}
2025-01-14 17:59:29,760 : INFO : EventManager : Event: ======'slide_awesome_slide_removed'====== Args={'_from_bcp': True}
2025-01-14 17:59:29,761 : INFO : EventManager : Event: ======'slide_awesome_slide_created'====== Args={'_from_bcp': True}
2025-01-14 17:59:29,761 : INFO : EventManager : Event: ======'slide_awesome_slide_active'====== Args={'_from_bcp': True}
2025-01-14 17:59:30,899 : INFO : SwitchController : <<<<<<< 's_start' active >>>>>>>
2025-01-14 17:59:31,051 : INFO : SwitchController : <<<<<<< 's_start' inactive >>>>>>>
2025-01-14 17:59:31,051 : INFO : EventManager : Event: ======'request_to_start_game'====== Args={}
2025-01-14 17:59:31,052 : INFO : EventManager : Event: ======'game_start'====== Args={'buttons': [], 'hold_time': 0.1559999999590218}
2025-01-14 17:59:31,052 : INFO : EventManager : Event: ======'mode_game_will_start'====== Args={'buttons': [], 'hold_time': 0.1559999999590218}
2025-01-14 17:59:31,053 : INFO : EventManager : Event: ======'mode_game_starting'====== Args={'buttons': [], 'hold_time': 0.1559999999590218}
2025-01-14 17:59:31,053 : INFO : EventManager : Event: ======'mode_attract_will_stop'====== Args={}
2025-01-14 17:59:31,053 : INFO : EventManager : Event: ======'mode_attract_stopping'====== Args={}
2025-01-14 17:59:31,053 : INFO : Mode.attract : Stopped.
2025-01-14 17:59:31,053 : INFO : EventManager : Event: ======'modes_active_modes_changed'====== Args={}
2025-01-14 17:59:31,054 : INFO : EventManager : Event: ======'mode_attract_stopped'====== Args={}
2025-01-14 17:59:31,054 : INFO : EventManager : Event: ======'clear'====== Args={'key': 'attract'}
2025-01-14 17:59:31,055 : INFO : Mode.game : Started. Priority: 20
2025-01-14 17:59:31,055 : INFO : EventManager : Event: ======'modes_active_modes_changed'====== Args={}
2025-01-14 17:59:31,055 : INFO : EventManager : Event: ======'mode_game_started'====== Args={'buttons': [], 'hold_time': 0.1559999999590218}
2025-01-14 17:59:31,065 : INFO : EventManager : Event: ======'game_will_start'====== Args={}
2025-01-14 17:59:31,066 : INFO : EventManager : Event: ======'game_starting'====== Args={'game': <Mode.game>}
2025-01-14 17:59:31,066 : INFO : EventManager : Unordered handler for class <Auditor> on event game_ended with priority 1. Handlers: [RegisteredHandler(callback=<bound method Auditor.disable of <Auditor>>, priority=1, kwargs={}, key=UUID('cc7f1fda-fd55-4625-af5a-0c2358d2dabc'), condition=None, blocking_facility=None), RegisteredHandler(callback=<bound method Auditor._save_audits of <Auditor>>, priority=1, kwargs={}, key=UUID('a33024c2-edf7-4684-aabe-b7ceab17cfc3'), condition=None, blocking_facility=None)]. The order of those handlers is not defined and they will be executed in random order. This might lead to race conditions and potential bugs.
2025-01-14 17:59:31,067 : INFO : EventManager : Event: ======'player_add_request'====== Args={}
2025-01-14 17:59:31,067 : INFO : EventManager : Event: ======'player_will_add'====== Args={'number': 1}
2025-01-14 17:59:31,067 : INFO : EventManager : Event: ======'player_adding'====== Args={'player': <Player 1>, 'number': 1}
2025-01-14 17:59:31,067 : INFO : EventManager : Event: ======'player_added'====== Args={'player': <Player 1>, 'num': 1}
2025-01-14 17:59:31,067 : INFO : Mode.game : Player added successfully. Total players: 1
2025-01-14 17:59:31,067 : INFO : EventManager : Event: ======'player_index'====== Args={'value': 0, 'prev_value': 0, 'change': 0, 'player_num': 1}
2025-01-14 17:59:31,067 : INFO : EventManager : Event: ======'player_number'====== Args={'value': 1, 'prev_value': 1, 'change': 0, 'player_num': 1}
2025-01-14 17:59:31,068 : INFO : EventManager : Event: ======'player_score'====== Args={'value': 0, 'prev_value': 0, 'change': 0, 'player_num': 1}
2025-01-14 17:59:31,068 : INFO : EventManager : Event: ======'game_started'====== Args={}
2025-01-14 17:59:31,076 : INFO : EventManager : Event: ======'player_turn_will_start'====== Args={'player': <Player 1>, 'number': 1}
2025-01-14 17:59:31,080 : INFO : EventManager : Event: ======'slide_press_start_removed'====== Args={'_from_bcp': True}
2025-01-14 17:59:31,080 : INFO : EventManager : Event: ======'slide_mission_pinball_removed'====== Args={'_from_bcp': True}
2025-01-14 17:59:31,080 : INFO : EventManager : Event: ======'slide_last_game_score_slide_removed'====== Args={'_from_bcp': True}
2025-01-14 17:59:31,080 : INFO : EventManager : Event: ======'slide_awesome_slide_removed'====== Args={'_from_bcp': True}
2025-01-14 17:59:31,080 : INFO : EventManager : Event: ======'slide_welcome_slide_active'====== Args={'_from_bcp': True}
2025-01-14 17:59:31,081 : INFO : EventManager : Event: ======'player_turn_starting'====== Args={'player': <Player 1>, 'number': 1}
2025-01-14 17:59:31,081 : INFO : EventManager : Event: ======'player_ball'====== Args={'value': 1, 'prev_value': 0, 'change': 1, 'player_num': 1}
2025-01-14 17:59:31,081 : INFO : EventManager : Event: ======'player_turn_started'====== Args={'player': <Player 1>, 'number': 1}
2025-01-14 17:59:31,082 : INFO : EventManager : Event: ======'ball_will_start'====== Args={'player': 1, 'ball': 1, 'balls_remaining': 2, 'is_extra_ball': False}
2025-01-14 17:59:31,085 : INFO : EventManager : Event: ======'ball_starting'====== Args={'player': 1, 'ball': 1, 'balls_remaining': 2, 'is_extra_ball': False}
2025-01-14 17:59:31,086 : INFO : EventManager : Event: ======'mode_base_will_start'====== Args={'queue': <QueuedEvent>, 'player': 1, 'ball': 1, 'balls_remaining': 2, 'is_extra_ball': False}
2025-01-14 17:59:31,086 : INFO : EventManager : Event: ======'mode_base_starting'====== Args={'queue': <QueuedEvent>, 'player': 1, 'ball': 1, 'balls_remaining': 2, 'is_extra_ball': False}
2025-01-14 17:59:31,087 : INFO : Mode.base : Started. Priority: 100
2025-01-14 17:59:31,087 : INFO : EventManager : Event: ======'modes_active_modes_changed'====== Args={}
2025-01-14 17:59:31,087 : INFO : EventManager : Event: ======'mode_base_started'====== Args={'queue': <QueuedEvent>, 'player': 1, 'ball': 1, 'balls_remaining': 2, 'is_extra_ball': False}
2025-01-14 17:59:31,087 : INFO : EventManager : Event: ======'balls_in_play'====== Args={'balls': 1}
2025-01-14 17:59:31,087 : INFO : EventManager : Event: ======'ball_started'====== Args={'player': 1, 'ball': 1, 'balls_remaining': 2, 'is_extra_ball': False}
2025-01-14 17:59:31,087 : INFO : EventManager : Event: ======'mode_reentry_will_start'====== Args={'player': 1, 'ball': 1, 'balls_remaining': 2, 'is_extra_ball': False}
2025-01-14 17:59:31,088 : INFO : EventManager : Event: ======'player_shot_reentryL_shot_enabled'====== Args={'value': True, 'prev_value': 0, 'change': 1, 'player_num': 1}
2025-01-14 17:59:31,088 : INFO : EventManager : Event: ======'player_shot_reentryM_shot_enabled'====== Args={'value': True, 'prev_value': 0, 'change': 1, 'player_num': 1}
2025-01-14 17:59:31,088 : INFO : EventManager : Event: ======'player_shot_reentryR_shot_enabled'====== Args={'value': True, 'prev_value': 0, 'change': 1, 'player_num': 1}
2025-01-14 17:59:31,088 : INFO : EventManager : Event: ======'reentry_shot_complete'====== Args={'state': 'off'}
2025-01-14 17:59:31,088 : INFO : EventManager : Event: ======'reentry_shot_off_complete'====== Args={}
2025-01-14 17:59:31,090 : INFO : EventManager : Event: ======'mode_reentry_starting'====== Args={'player': 1, 'ball': 1, 'balls_remaining': 2, 'is_extra_ball': False}
2025-01-14 17:59:31,090 : INFO : EventManager : Event: ======'mode_lowerlanes_will_start'====== Args={'player': 1, 'ball': 1, 'balls_remaining': 2, 'is_extra_ball': False}
2025-01-14 17:59:31,090 : INFO : EventManager : Event: ======'player_shot_returnLaneL_shot_enabled'====== Args={'value': True, 'prev_value': 0, 'change': 1, 'player_num': 1}
2025-01-14 17:59:31,090 : INFO : EventManager : Event: ======'player_shot_bonusLane_shot_enabled'====== Args={'value': True, 'prev_value': 0, 'change': 1, 'player_num': 1}
2025-01-14 17:59:31,090 : INFO : EventManager : Event: ======'player_shot_outLaneL_shot_enabled'====== Args={'value': True, 'prev_value': 0, 'change': 1, 'player_num': 1}
2025-01-14 17:59:31,090 : INFO : EventManager : Event: ======'player_shot_returnLaneR_shot_enabled'====== Args={'value': True, 'prev_value': 0, 'change': 1, 'player_num': 1}
2025-01-14 17:59:31,091 : INFO : EventManager : Event: ======'player_shot_outLaneR_shot_enabled'====== Args={'value': True, 'prev_value': 0, 'change': 1, 'player_num': 1}
2025-01-14 17:59:31,091 : INFO : EventManager : Event: ======'player_shot_spacewarp_rollover_shot_enabled'====== Args={'value': True, 'prev_value': 0, 'change': 1, 'player_num': 1}
2025-01-14 17:59:31,091 : INFO : EventManager : Event: ======'returnLane_shot_complete'====== Args={'state': 'unlit'}
2025-01-14 17:59:31,091 : INFO : EventManager : Event: ======'returnLane_shot_unlit_complete'====== Args={}
2025-01-14 17:59:31,091 : INFO : EventManager : Event: ======'outLane_shot_complete'====== Args={'state': 'unlit'}
2025-01-14 17:59:31,091 : INFO : EventManager : Event: ======'outLane_shot_unlit_complete'====== Args={}
2025-01-14 17:59:31,092 : INFO : EventManager : Event: ======'mode_lowerlanes_starting'====== Args={'player': 1, 'ball': 1, 'balls_remaining': 2, 'is_extra_ball': False}
2025-01-14 17:59:31,092 : INFO : Mode.lowerlanes : Started. Priority: 200
2025-01-14 17:59:31,092 : INFO : EventManager : Event: ======'modes_active_modes_changed'====== Args={}
2025-01-14 17:59:31,093 : INFO : EventManager : Event: ======'mode_lowerlanes_started'====== Args={'player': 1, 'ball': 1, 'balls_remaining': 2, 'is_extra_ball': False}
2025-01-14 17:59:31,123 : INFO : EventManager : Event: ======'logicblock_reentry_shot_complete_count_updated'====== Args={'value': 1, 'enabled': True}
2025-01-14 17:59:31,123 : INFO : EventManager : Event: ======'logicblock_reentry_shot_complete_count_updated'====== Args={'value': 1, 'enabled': True}
2025-01-14 17:59:31,123 : INFO : Mode.reentry : Started. Priority: 200
2025-01-14 17:59:31,123 : INFO : EventManager : Event: ======'modes_active_modes_changed'====== Args={}
2025-01-14 17:59:31,123 : INFO : EventManager : Event: ======'mode_reentry_started'====== Args={'player': 1, 'ball': 1, 'balls_remaining': 2, 'is_extra_ball': False}
2025-01-14 17:59:31,123 : INFO : EventManager : Event: ======'player_attack_bumper_count'====== Args={'value': 1, 'prev_value': 0, 'change': 1, 'player_num': 1, 'source': 'reentry'}
2025-01-14 17:59:31,123 : INFO : EventManager : Event: ======'single_player_ball_started'====== Args={}
2025-01-14 17:59:31,124 : INFO : EventManager : Event: ======'slide_base.slide_player-mode_base_started_created'====== Args={'_from_bcp': True}
2025-01-14 17:59:31,124 : INFO : EventManager : Event: ======'slide__global.slide_player-ball_started_created'====== Args={'_from_bcp': True}
2025-01-14 17:59:31,124 : INFO : EventManager : Event: ======'slide_base.slide_player-mode_base_started_active'====== Args={'_from_bcp': True}
2025-01-14 17:59:31,148 : INFO : EventManager : Event: ======'ball_start_target'====== Args={'target': 'playfield'}
2025-01-14 17:59:31,148 : INFO : ball_device.bd_plunger : Setting up player-controlled eject. Balls: 1, Target: <playfield.playfield>, player_controlled_eject_event: None
2025-01-14 17:59:31,148 : INFO : EventManager : Event: ======'balldevice_balls_available'====== Args={}
2025-01-14 17:59:31,150 : INFO : ball_device.bd_trough : State: waiting_for_target_ready
2025-01-14 17:59:31,151 : INFO : EventManager : Event: ======'balldevice_bd_trough_ball_eject_attempt'====== Args={'balls': 1, 'target': <ball_device.bd_plunger>, 'source': <ball_device.bd_trough>, 'mechanical_eject': True, 'num_attempts': 0}
2025-01-14 17:59:31,151 : INFO : ball_device.bd_plunger : State: waiting_for_ball
2025-01-14 17:59:31,152 : INFO : ball_device.bd_trough : State: ejecting
2025-01-14 17:59:31,152 : INFO : ball_device.bd_trough : Ejecting ball to <ball_device.bd_plunger>
2025-01-14 17:59:31,152 : INFO : EventManager : Event: ======'balldevice_bd_trough_ejecting_ball'====== Args={'balls': 1, 'target': <ball_device.bd_plunger>, 'source': <ball_device.bd_trough>, 'mechanical_eject': True, 'num_attempts': 0}
2025-01-14 17:59:31,153 : INFO : ball_device.bd_trough : Wait for ball to leave device
2025-01-14 17:59:31,153 : INFO : coil.c_trough_eject : Pulsing Driver for 10ms (1.0 pulse_power)
2025-01-14 17:59:40,992 : INFO : SwitchController : <<<<<<< 's_left_attack_bumper' active >>>>>>>
2025-01-14 17:59:40,992 : INFO : EventManager : Event: ======'machine_var_audits_switches_s_left_attack_bumper'====== Args={'value': 20, 'prev_value': 19, 'change': 1}
2025-01-14 17:59:41,135 : INFO : EventManager : Event: ======'balldevice_bd_trough_ball_eject_failed'====== Args={'target': <ball_device.bd_plunger>, 'balls': 1, 'retry': True, 'num_attempts': 1}
2025-01-14 17:59:41,136 : INFO : ball_device.bd_trough : State: waiting_for_target_ready
2025-01-14 17:59:41,137 : INFO : EventManager : Event: ======'balldevice_bd_trough_ball_eject_attempt'====== Args={'balls': 1, 'target': <ball_device.bd_plunger>, 'source': <ball_device.bd_trough>, 'mechanical_eject': True, 'num_attempts': 1}
2025-01-14 17:59:41,137 : INFO : ball_device.bd_trough : State: ejecting
2025-01-14 17:59:41,137 : INFO : ball_device.bd_trough : Ejecting ball to <ball_device.bd_plunger>
2025-01-14 17:59:41,137 : INFO : EventManager : Event: ======'balldevice_bd_trough_ejecting_ball'====== Args={'balls': 1, 'target': <ball_device.bd_plunger>, 'source': <ball_device.bd_trough>, 'mechanical_eject': True, 'num_attempts': 1}
2025-01-14 17:59:41,139 : INFO : ball_device.bd_trough : Wait for ball to leave device
2025-01-14 17:59:41,139 : INFO : coil.c_trough_eject : Pulsing Driver for 10ms (1.0 pulse_power)
2025-01-14 17:59:41,625 : INFO : SwitchController : <<<<<<< 's_left_attack_bumper' inactive >>>>>>>
2025-01-14 17:59:41,927 : INFO : SwitchController : <<<<<<< 's_left_attack_bumper' active >>>>>>>
2025-01-14 17:59:41,927 : INFO : EventManager : Event: ======'machine_var_audits_switches_s_left_attack_bumper'====== Args={'value': 21, 'prev_value': 20, 'change': 1}
2025-01-14 17:59:42,226 : INFO : SwitchController : <<<<<<< 's_left_attack_bumper' inactive >>>>>>>
2025-01-14 17:59:42,309 : INFO : SwitchController : <<<<<<< 's_left_attack_bumper' active >>>>>>>
2025-01-14 17:59:42,309 : INFO : EventManager : Event: ======'machine_var_audits_switches_s_left_attack_bumper'====== Args={'value': 22, 'prev_value': 21, 'change': 1}
2025-01-14 17:59:42,701 : INFO : SwitchController : <<<<<<< 's_left_attack_bumper' inactive >>>>>>>
2025-01-14 17:59:42,765 : INFO : SwitchController : <<<<<<< 's_left_attack_bumper' active >>>>>>>
2025-01-14 17:59:42,765 : INFO : EventManager : Event: ======'machine_var_audits_switches_s_left_attack_bumper'====== Args={'value': 23, 'prev_value': 22, 'change': 1}
2025-01-14 17:59:42,953 : INFO : SwitchController : <<<<<<< 's_left_attack_bumper' inactive >>>>>>>
2025-01-14 17:59:43,218 : INFO : SwitchController : <<<<<<< 's_left_attack_bumper' active >>>>>>>
2025-01-14 17:59:43,219 : INFO : EventManager : Event: ======'machine_var_audits_switches_s_left_attack_bumper'====== Args={'value': 24, 'prev_value': 23, 'change': 1}
2025-01-14 17:59:43,507 : INFO : SwitchController : <<<<<<< 's_left_attack_bumper' inactive >>>>>>>
2025-01-14 17:59:43,604 : INFO : SwitchController : <<<<<<< 's_left_attack_bumper' active >>>>>>>
2025-01-14 17:59:43,604 : INFO : EventManager : Event: ======'machine_var_audits_switches_s_left_attack_bumper'====== Args={'value': 25, 'prev_value': 24, 'change': 1}
2025-01-14 17:59:43,811 : INFO : SwitchController : <<<<<<< 's_left_attack_bumper' inactive >>>>>>>
2025-01-14 17:59:43,969 : INFO : SwitchController : <<<<<<< 's_left_attack_bumper' active >>>>>>>
2025-01-14 17:59:43,969 : INFO : EventManager : Event: ======'machine_var_audits_switches_s_left_attack_bumper'====== Args={'value': 26, 'prev_value': 25, 'change': 1}
2025-01-14 17:59:44,173 : INFO : SwitchController : <<<<<<< 's_left_attack_bumper' inactive >>>>>>>
2025-01-14 17:59:51,146 : INFO : EventManager : Event: ======'balldevice_bd_trough_ball_eject_failed'====== Args={'target': <ball_device.bd_plunger>, 'balls': 1, 'retry': True, 'num_attempts': 2}
2025-01-14 17:59:51,147 : INFO : ball_device.bd_trough : State: waiting_for_target_ready
2025-01-14 17:59:51,147 : INFO : EventManager : Event: ======'balldevice_bd_trough_ball_eject_attempt'====== Args={'balls': 1, 'target': <ball_device.bd_plunger>, 'source': <ball_device.bd_trough>, 'mechanical_eject': True, 'num_attempts': 2}
2025-01-14 17:59:51,148 : INFO : ball_device.bd_trough : State: ejecting
2025-01-14 17:59:51,148 : INFO : ball_device.bd_trough : Ejecting ball to <ball_device.bd_plunger>
2025-01-14 17:59:51,148 : INFO : EventManager : Event: ======'balldevice_bd_trough_ejecting_ball'====== Args={'balls': 1, 'target': <ball_device.bd_plunger>, 'source': <ball_device.bd_trough>, 'mechanical_eject': True, 'num_attempts': 2}
2025-01-14 17:59:51,149 : INFO : ball_device.bd_trough : Wait for ball to leave device
2025-01-14 17:59:51,149 : INFO : coil.c_trough_eject : Pulsing Driver for 10ms (1.0 pulse_power)
2025-01-14 17:59:56,931 : INFO : SwitchController : <<<<<<< 's_lower_left_slingshot' active >>>>>>>
2025-01-14 17:59:56,931 : INFO : EventManager : Event: ======'playfield_active'====== Args={'source': 'lower_left_slingshot'}
2025-01-14 17:59:56,931 : INFO : EventManager : Event: ======'unexpected_ball_on_playfield'====== Args={}
2025-01-14 17:59:56,931 : INFO : EventManager : Event: ======'machine_var_audits_switches_s_lower_left_slingshot'====== Args={'value': 154, 'prev_value': 153, 'change': 1}
2025-01-14 17:59:56,946 : INFO : SwitchController : <<<<<<< 's_lower_left_slingshot' inactive >>>>>>>
2025-01-14 17:59:59,104 : INFO : SwitchController : <<<<<<< 's_lower_right_slingshot' active >>>>>>>
2025-01-14 17:59:59,104 : INFO : EventManager : Event: ======'playfield_active'====== Args={'source': 'lower_right_slingshot'}
2025-01-14 17:59:59,104 : INFO : EventManager : Event: ======'unexpected_ball_on_playfield'====== Args={}
2025-01-14 17:59:59,104 : INFO : EventManager : Event: ======'machine_var_audits_switches_s_lower_right_slingshot'====== Args={'value': 157, 'prev_value': 156, 'change': 1}
2025-01-14 17:59:59,116 : INFO : SwitchController : <<<<<<< 's_lower_right_slingshot' inactive >>>>>>>
2025-01-14 18:00:01,147 : INFO : EventManager : Event: ======'balldevice_bd_trough_ball_eject_failed'====== Args={'target': <ball_device.bd_plunger>, 'balls': 1, 'retry': True, 'num_attempts': 3}
2025-01-14 18:00:01,148 : INFO : ball_device.bd_trough : State: waiting_for_target_ready
2025-01-14 18:00:01,148 : INFO : EventManager : Event: ======'balldevice_bd_trough_ball_eject_attempt'====== Args={'balls': 1, 'target': <ball_device.bd_plunger>, 'source': <ball_device.bd_trough>, 'mechanical_eject': True, 'num_attempts': 3}
2025-01-14 18:00:01,149 : INFO : ball_device.bd_trough : State: ejecting
2025-01-14 18:00:01,149 : INFO : ball_device.bd_trough : Ejecting ball to <ball_device.bd_plunger>
2025-01-14 18:00:01,149 : INFO : EventManager : Event: ======'balldevice_bd_trough_ejecting_ball'====== Args={'balls': 1, 'target': <ball_device.bd_plunger>, 'source': <ball_device.bd_trough>, 'mechanical_eject': True, 'num_attempts': 3}
2025-01-14 18:00:01,150 : INFO : ball_device.bd_trough : Wait for ball to leave device
2025-01-14 18:00:01,150 : INFO : coil.c_trough_eject : Pulsing Driver for 10ms (1.0 pulse_power)
2025-01-14 18:00:11,135 : INFO : EventManager : Event: ======'balldevice_bd_trough_ball_eject_failed'====== Args={'target': <ball_device.bd_plunger>, 'balls': 1, 'retry': True, 'num_attempts': 4}
2025-01-14 18:00:11,136 : INFO : ball_device.bd_trough : State: waiting_for_target_ready
2025-01-14 18:00:11,136 : INFO : EventManager : Event: ======'balldevice_bd_trough_ball_eject_attempt'====== Args={'balls': 1, 'target': <ball_device.bd_plunger>, 'source': <ball_device.bd_trough>, 'mechanical_eject': True, 'num_attempts': 4}
2025-01-14 18:00:11,137 : INFO : ball_device.bd_trough : State: ejecting
2025-01-14 18:00:11,137 : INFO : ball_device.bd_trough : Ejecting ball to <ball_device.bd_plunger>
2025-01-14 18:00:11,137 : INFO : EventManager : Event: ======'balldevice_bd_trough_ejecting_ball'====== Args={'balls': 1, 'target': <ball_device.bd_plunger>, 'source': <ball_device.bd_trough>, 'mechanical_eject': True, 'num_attempts': 4}
2025-01-14 18:00:11,138 : INFO : ball_device.bd_trough : Wait for ball to leave device
2025-01-14 18:00:11,139 : INFO : coil.c_trough_eject : Pulsing Driver for 10ms (1.0 pulse_power)
2025-01-14 18:00:12,781 : INFO : SwitchController : <<<<<<< 's_left_flipper' active >>>>>>>
2025-01-14 18:00:12,782 : INFO : EventManager : Event: ======'s_left_flipper_active'====== Args={}
2025-01-14 18:00:12,782 : INFO : EventManager : Event: ======'machine_var_audits_switches_s_left_flipper'====== Args={'value': 1484, 'prev_value': 1483, 'change': 1}
2025-01-14 18:00:12,943 : INFO : SwitchController : <<<<<<< 's_left_flipper' inactive >>>>>>>
2025-01-14 18:00:13,002 : INFO : SwitchController : <<<<<<< 's_left_flipper' active >>>>>>>
2025-01-14 18:00:13,002 : INFO : EventManager : Event: ======'s_left_flipper_active'====== Args={}
2025-01-14 18:00:13,002 : INFO : EventManager : Event: ======'machine_var_audits_switches_s_left_flipper'====== Args={'value': 1485, 'prev_value': 1484, 'change': 1}
2025-01-14 18:00:13,207 : INFO : SwitchController : <<<<<<< 's_left_flipper' inactive >>>>>>>
2025-01-14 18:00:13,317 : INFO : SwitchController : <<<<<<< 's_left_flipper' active >>>>>>>
2025-01-14 18:00:13,317 : INFO : EventManager : Event: ======'s_left_flipper_active'====== Args={}
2025-01-14 18:00:13,318 : INFO : EventManager : Event: ======'machine_var_audits_switches_s_left_flipper'====== Args={'value': 1486, 'prev_value': 1485, 'change': 1}
2025-01-14 18:00:13,491 : INFO : SwitchController : <<<<<<< 's_left_flipper' inactive >>>>>>>
2025-01-14 18:00:13,620 : INFO : SwitchController : <<<<<<< 's_left_flipper' active >>>>>>>
2025-01-14 18:00:13,620 : INFO : EventManager : Event: ======'s_left_flipper_active'====== Args={}
2025-01-14 18:00:13,621 : INFO : EventManager : Event: ======'machine_var_audits_switches_s_left_flipper'====== Args={'value': 1487, 'prev_value': 1486, 'change': 1}
2025-01-14 18:00:13,793 : INFO : SwitchController : <<<<<<< 's_left_flipper' inactive >>>>>>>
2025-01-14 18:00:13,903 : INFO : SwitchController : <<<<<<< 's_left_flipper' active >>>>>>>
2025-01-14 18:00:13,903 : INFO : EventManager : Event: ======'s_left_flipper_active'====== Args={}
2025-01-14 18:00:13,904 : INFO : EventManager : Event: ======'machine_var_audits_switches_s_left_flipper'====== Args={'value': 1488, 'prev_value': 1487, 'change': 1}
2025-01-14 18:00:14,079 : INFO : SwitchController : <<<<<<< 's_left_flipper' inactive >>>>>>>
2025-01-14 18:00:14,181 : INFO : SwitchController : <<<<<<< 's_left_flipper' active >>>>>>>
2025-01-14 18:00:14,182 : INFO : EventManager : Event: ======'s_left_flipper_active'====== Args={}
2025-01-14 18:00:14,182 : INFO : EventManager : Event: ======'machine_var_audits_switches_s_left_flipper'====== Args={'value': 1489, 'prev_value': 1488, 'change': 1}
2025-01-14 18:00:14,314 : INFO : SwitchController : <<<<<<< 's_left_flipper' inactive >>>>>>>
2025-01-14 18:00:14,457 : INFO : SwitchController : <<<<<<< 's_left_flipper' active >>>>>>>
2025-01-14 18:00:14,457 : INFO : EventManager : Event: ======'s_left_flipper_active'====== Args={}
2025-01-14 18:00:14,457 : INFO : EventManager : Event: ======'machine_var_audits_switches_s_left_flipper'====== Args={'value': 1490, 'prev_value': 1489, 'change': 1}
2025-01-14 18:00:14,600 : INFO : SwitchController : <<<<<<< 's_left_flipper' inactive >>>>>>>
2025-01-14 18:00:14,731 : INFO : SwitchController : <<<<<<< 's_left_flipper' active >>>>>>>
2025-01-14 18:00:14,731 : INFO : EventManager : Event: ======'s_left_flipper_active'====== Args={}
2025-01-14 18:00:14,731 : INFO : EventManager : Event: ======'machine_var_audits_switches_s_left_flipper'====== Args={'value': 1491, 'prev_value': 1490, 'change': 1}
2025-01-14 18:00:14,821 : INFO : SwitchController : <<<<<<< 's_left_flipper' inactive >>>>>>>
2025-01-14 18:00:21,146 : INFO : EventManager : Event: ======'balldevice_bd_trough_ball_eject_failed'====== Args={'target': <ball_device.bd_plunger>, 'balls': 1, 'retry': True, 'num_attempts': 5}
2025-01-14 18:00:21,148 : INFO : ball_device.bd_trough : State: waiting_for_target_ready
2025-01-14 18:00:21,148 : INFO : EventManager : Event: ======'balldevice_bd_trough_ball_eject_attempt'====== Args={'balls': 1, 'target': <ball_device.bd_plunger>, 'source': <ball_device.bd_trough>, 'mechanical_eject': True, 'num_attempts': 5}
2025-01-14 18:00:21,149 : INFO : ball_device.bd_trough : State: ejecting
2025-01-14 18:00:21,149 : INFO : ball_device.bd_trough : Ejecting ball to <ball_device.bd_plunger>
2025-01-14 18:00:21,149 : INFO : EventManager : Event: ======'balldevice_bd_trough_ejecting_ball'====== Args={'balls': 1, 'target': <ball_device.bd_plunger>, 'source': <ball_device.bd_trough>, 'mechanical_eject': True, 'num_attempts': 5}
2025-01-14 18:00:21,150 : INFO : ball_device.bd_trough : Wait for ball to leave device
2025-01-14 18:00:21,150 : INFO : coil.c_trough_eject : Pulsing Driver for 10ms (1.0 pulse_power)
2025-01-14 18:00:31,135 : INFO : EventManager : Event: ======'balldevice_bd_trough_ball_eject_failed'====== Args={'target': <ball_device.bd_plunger>, 'balls': 1, 'retry': True, 'num_attempts': 6}
2025-01-14 18:00:31,136 : INFO : ball_device.bd_trough : State: waiting_for_target_ready
2025-01-14 18:00:31,136 : INFO : EventManager : Event: ======'balldevice_bd_trough_ball_eject_attempt'====== Args={'balls': 1, 'target': <ball_device.bd_plunger>, 'source': <ball_device.bd_trough>, 'mechanical_eject': True, 'num_attempts': 6}
2025-01-14 18:00:31,137 : INFO : ball_device.bd_trough : State: ejecting
2025-01-14 18:00:31,137 : INFO : ball_device.bd_trough : Ejecting ball to <ball_device.bd_plunger>
2025-01-14 18:00:31,137 : INFO : EventManager : Event: ======'balldevice_bd_trough_ejecting_ball'====== Args={'balls': 1, 'target': <ball_device.bd_plunger>, 'source': <ball_device.bd_trough>, 'mechanical_eject': True, 'num_attempts': 6}
2025-01-14 18:00:31,138 : INFO : ball_device.bd_trough : Wait for ball to leave device
2025-01-14 18:00:31,138 : INFO : coil.c_trough_eject : Pulsing Driver for 10ms (1.0 pulse_power)
2025-01-14 18:00:41,134 : INFO : EventManager : Event: ======'balldevice_bd_trough_ball_eject_failed'====== Args={'target': <ball_device.bd_plunger>, 'balls': 1, 'retry': True, 'num_attempts': 7}
2025-01-14 18:00:41,136 : INFO : ball_device.bd_trough : State: waiting_for_target_ready
2025-01-14 18:00:41,136 : INFO : EventManager : Event: ======'balldevice_bd_trough_ball_eject_attempt'====== Args={'balls': 1, 'target': <ball_device.bd_plunger>, 'source': <ball_device.bd_trough>, 'mechanical_eject': True, 'num_attempts': 7}
2025-01-14 18:00:41,137 : INFO : ball_device.bd_trough : State: ejecting
2025-01-14 18:00:41,137 : INFO : ball_device.bd_trough : Ejecting ball to <ball_device.bd_plunger>
2025-01-14 18:00:41,137 : INFO : EventManager : Event: ======'balldevice_bd_trough_ejecting_ball'====== Args={'balls': 1, 'target': <ball_device.bd_plunger>, 'source': <ball_device.bd_trough>, 'mechanical_eject': True, 'num_attempts': 7}
2025-01-14 18:00:41,139 : INFO : ball_device.bd_trough : Wait for ball to leave device
2025-01-14 18:00:41,139 : INFO : coil.c_trough_eject : Pulsing Driver for 10ms (1.0 pulse_power)
2025-01-14 18:00:41,208 : INFO : SwitchController : <<<<<<< 's_lower_left_slingshot' active >>>>>>>
2025-01-14 18:00:41,208 : INFO : EventManager : Event: ======'playfield_active'====== Args={'source': 'lower_left_slingshot'}
2025-01-14 18:00:41,208 : INFO : EventManager : Event: ======'unexpected_ball_on_playfield'====== Args={}
2025-01-14 18:00:41,208 : INFO : EventManager : Event: ======'machine_var_audits_switches_s_lower_left_slingshot'====== Args={'value': 155, 'prev_value': 154, 'change': 1}
2025-01-14 18:00:41,306 : INFO : SwitchController : <<<<<<< 's_lower_left_slingshot' inactive >>>>>>>
2025-01-14 18:00:41,447 : INFO : SwitchController : <<<<<<< 's_lower_left_slingshot' active >>>>>>>
2025-01-14 18:00:41,447 : INFO : EventManager : Event: ======'playfield_active'====== Args={'source': 'lower_left_slingshot'}
2025-01-14 18:00:41,447 : INFO : EventManager : Event: ======'unexpected_ball_on_playfield'====== Args={}
2025-01-14 18:00:41,447 : INFO : EventManager : Event: ======'machine_var_audits_switches_s_lower_left_slingshot'====== Args={'value': 156, 'prev_value': 155, 'change': 1}
2025-01-14 18:00:41,610 : INFO : SwitchController : <<<<<<< 's_lower_left_slingshot' inactive >>>>>>>
2025-01-14 18:00:41,812 : INFO : SwitchController : <<<<<<< 's_lower_left_slingshot' active >>>>>>>
2025-01-14 18:00:41,812 : INFO : EventManager : Event: ======'playfield_active'====== Args={'source': 'lower_left_slingshot'}
2025-01-14 18:00:41,812 : INFO : EventManager : Event: ======'unexpected_ball_on_playfield'====== Args={}
2025-01-14 18:00:41,813 : INFO : EventManager : Event: ======'machine_var_audits_switches_s_lower_left_slingshot'====== Args={'value': 157, 'prev_value': 156, 'change': 1}
2025-01-14 18:00:42,096 : INFO : SwitchController : <<<<<<< 's_lower_left_slingshot' inactive >>>>>>>
2025-01-14 18:00:42,222 : INFO : SwitchController : <<<<<<< 's_lower_left_slingshot' active >>>>>>>
2025-01-14 18:00:42,223 : INFO : EventManager : Event: ======'playfield_active'====== Args={'source': 'lower_left_slingshot'}
2025-01-14 18:00:42,223 : INFO : EventManager : Event: ======'unexpected_ball_on_playfield'====== Args={}
2025-01-14 18:00:42,223 : INFO : EventManager : Event: ======'machine_var_audits_switches_s_lower_left_slingshot'====== Args={'value': 158, 'prev_value': 157, 'change': 1}
2025-01-14 18:00:42,417 : INFO : SwitchController : <<<<<<< 's_lower_left_slingshot' inactive >>>>>>>
2025-01-14 18:00:42,542 : INFO : SwitchController : <<<<<<< 's_lower_left_slingshot' active >>>>>>>
2025-01-14 18:00:42,542 : INFO : EventManager : Event: ======'playfield_active'====== Args={'source': 'lower_left_slingshot'}
2025-01-14 18:00:42,542 : INFO : EventManager : Event: ======'unexpected_ball_on_playfield'====== Args={}
2025-01-14 18:00:42,542 : INFO : EventManager : Event: ======'machine_var_audits_switches_s_lower_left_slingshot'====== Args={'value': 159, 'prev_value': 158, 'change': 1}
2025-01-14 18:00:42,720 : INFO : SwitchController : <<<<<<< 's_lower_left_slingshot' inactive >>>>>>>
2025-01-14 18:00:42,843 : INFO : SwitchController : <<<<<<< 's_lower_left_slingshot' active >>>>>>>
2025-01-14 18:00:42,843 : INFO : EventManager : Event: ======'playfield_active'====== Args={'source': 'lower_left_slingshot'}
2025-01-14 18:00:42,843 : INFO : EventManager : Event: ======'unexpected_ball_on_playfield'====== Args={}
2025-01-14 18:00:42,843 : INFO : EventManager : Event: ======'machine_var_audits_switches_s_lower_left_slingshot'====== Args={'value': 160, 'prev_value': 159, 'change': 1}
2025-01-14 18:00:42,997 : INFO : SwitchController : <<<<<<< 's_lower_left_slingshot' inactive >>>>>>>
2025-01-14 18:00:44,477 : INFO : SwitchController : <<<<<<< 's_lower_right_slingshot' active >>>>>>>
2025-01-14 18:00:44,477 : INFO : EventManager : Event: ======'playfield_active'====== Args={'source': 'lower_right_slingshot'}
2025-01-14 18:00:44,477 : INFO : EventManager : Event: ======'unexpected_ball_on_playfield'====== Args={}
2025-01-14 18:00:44,477 : INFO : EventManager : Event: ======'machine_var_audits_switches_s_lower_right_slingshot'====== Args={'value': 158, 'prev_value': 157, 'change': 1}
2025-01-14 18:00:44,891 : INFO : SwitchController : <<<<<<< 's_lower_right_slingshot' inactive >>>>>>>
2025-01-14 18:00:45,147 : INFO : SwitchController : <<<<<<< 's_lower_right_slingshot' active >>>>>>>
2025-01-14 18:00:45,147 : INFO : EventManager : Event: ======'playfield_active'====== Args={'source': 'lower_right_slingshot'}
2025-01-14 18:00:45,147 : INFO : EventManager : Event: ======'unexpected_ball_on_playfield'====== Args={}
2025-01-14 18:00:45,147 : INFO : EventManager : Event: ======'machine_var_audits_switches_s_lower_right_slingshot'====== Args={'value': 159, 'prev_value': 158, 'change': 1}
2025-01-14 18:00:45,413 : INFO : SwitchController : <<<<<<< 's_lower_right_slingshot' inactive >>>>>>>
2025-01-14 18:00:45,586 : INFO : SwitchController : <<<<<<< 's_lower_right_slingshot' active >>>>>>>
2025-01-14 18:00:45,586 : INFO : EventManager : Event: ======'playfield_active'====== Args={'source': 'lower_right_slingshot'}
2025-01-14 18:00:45,586 : INFO : EventManager : Event: ======'unexpected_ball_on_playfield'====== Args={}
2025-01-14 18:00:45,587 : INFO : EventManager : Event: ======'machine_var_audits_switches_s_lower_right_slingshot'====== Args={'value': 160, 'prev_value': 159, 'change': 1}
2025-01-14 18:00:45,775 : INFO : SwitchController : <<<<<<< 's_lower_right_slingshot' inactive >>>>>>>
2025-01-14 18:00:45,902 : INFO : SwitchController : <<<<<<< 's_lower_right_slingshot' active >>>>>>>
2025-01-14 18:00:45,902 : INFO : EventManager : Event: ======'playfield_active'====== Args={'source': 'lower_right_slingshot'}
2025-01-14 18:00:45,902 : INFO : EventManager : Event: ======'unexpected_ball_on_playfield'====== Args={}
2025-01-14 18:00:45,902 : INFO : EventManager : Event: ======'machine_var_audits_switches_s_lower_right_slingshot'====== Args={'value': 161, 'prev_value': 160, 'change': 1}
2025-01-14 18:00:46,060 : INFO : SwitchController : <<<<<<< 's_lower_right_slingshot' inactive >>>>>>>
2025-01-14 18:00:48,165 : INFO : SwitchController : <<<<<<< 's_left_flipper' active >>>>>>>
2025-01-14 18:00:48,165 : INFO : EventManager : Event: ======'s_left_flipper_active'====== Args={}
2025-01-14 18:00:48,165 : INFO : EventManager : Event: ======'machine_var_audits_switches_s_left_flipper'====== Args={'value': 1492, 'prev_value': 1491, 'change': 1}
2025-01-14 18:00:48,546 : INFO : SwitchController : <<<<<<< 's_left_flipper' inactive >>>>>>>
2025-01-14 18:00:48,721 : INFO : SwitchController : <<<<<<< 's_left_flipper' active >>>>>>>
2025-01-14 18:00:48,721 : INFO : EventManager : Event: ======'s_left_flipper_active'====== Args={}
2025-01-14 18:00:48,721 : INFO : EventManager : Event: ======'machine_var_audits_switches_s_left_flipper'====== Args={'value': 1493, 'prev_value': 1492, 'change': 1}
2025-01-14 18:00:49,005 : INFO : SwitchController : <<<<<<< 's_left_flipper' inactive >>>>>>>
2025-01-14 18:00:49,131 : INFO : SwitchController : <<<<<<< 's_left_flipper' active >>>>>>>
2025-01-14 18:00:49,131 : INFO : EventManager : Event: ======'s_left_flipper_active'====== Args={}
2025-01-14 18:00:49,132 : INFO : EventManager : Event: ======'machine_var_audits_switches_s_left_flipper'====== Args={'value': 1494, 'prev_value': 1493, 'change': 1}
2025-01-14 18:00:49,289 : INFO : SwitchController : <<<<<<< 's_left_flipper' inactive >>>>>>>
2025-01-14 18:00:49,401 : INFO : SwitchController : <<<<<<< 's_left_flipper' active >>>>>>>
2025-01-14 18:00:49,401 : INFO : EventManager : Event: ======'s_left_flipper_active'====== Args={}
2025-01-14 18:00:49,401 : INFO : EventManager : Event: ======'machine_var_audits_switches_s_left_flipper'====== Args={'value': 1495, 'prev_value': 1494, 'change': 1}
2025-01-14 18:00:49,528 : INFO : SwitchController : <<<<<<< 's_left_flipper' inactive >>>>>>>
2025-01-14 18:00:49,609 : INFO : SwitchController : <<<<<<< 's_left_flipper' active >>>>>>>
2025-01-14 18:00:49,610 : INFO : EventManager : Event: ======'s_left_flipper_active'====== Args={}
2025-01-14 18:00:49,610 : INFO : EventManager : Event: ======'machine_var_audits_switches_s_left_flipper'====== Args={'value': 1496, 'prev_value': 1495, 'change': 1}
2025-01-14 18:00:49,719 : INFO : SwitchController : <<<<<<< 's_left_flipper' inactive >>>>>>>
2025-01-14 18:00:51,134 : INFO : EventManager : Event: ======'balldevice_bd_trough_ball_eject_failed'====== Args={'target': <ball_device.bd_plunger>, 'balls': 1, 'retry': True, 'num_attempts': 8}
2025-01-14 18:00:51,135 : INFO : ball_device.bd_trough : State: waiting_for_target_ready
2025-01-14 18:00:51,135 : INFO : EventManager : Event: ======'balldevice_bd_trough_ball_eject_attempt'====== Args={'balls': 1, 'target': <ball_device.bd_plunger>, 'source': <ball_device.bd_trough>, 'mechanical_eject': True, 'num_attempts': 8}
2025-01-14 18:00:51,136 : INFO : ball_device.bd_trough : State: ejecting
2025-01-14 18:00:51,136 : INFO : ball_device.bd_trough : Ejecting ball to <ball_device.bd_plunger>
2025-01-14 18:00:51,136 : INFO : EventManager : Event: ======'balldevice_bd_trough_ejecting_ball'====== Args={'balls': 1, 'target': <ball_device.bd_plunger>, 'source': <ball_device.bd_trough>, 'mechanical_eject': True, 'num_attempts': 8}
2025-01-14 18:00:51,137 : INFO : ball_device.bd_trough : Wait for ball to leave device
2025-01-14 18:00:51,138 : INFO : coil.c_trough_eject : Pulsing Driver for 10ms (1.0 pulse_power)
2025-01-14 18:01:01,147 : INFO : EventManager : Event: ======'balldevice_bd_trough_ball_eject_failed'====== Args={'target': <ball_device.bd_plunger>, 'balls': 1, 'retry': True, 'num_attempts': 9}
2025-01-14 18:01:01,148 : INFO : ball_device.bd_trough : State: waiting_for_target_ready
2025-01-14 18:01:01,148 : INFO : EventManager : Event: ======'balldevice_bd_trough_ball_eject_attempt'====== Args={'balls': 1, 'target': <ball_device.bd_plunger>, 'source': <ball_device.bd_trough>, 'mechanical_eject': True, 'num_attempts': 9}
2025-01-14 18:01:01,149 : INFO : ball_device.bd_trough : State: ejecting
2025-01-14 18:01:01,149 : INFO : ball_device.bd_trough : Ejecting ball to <ball_device.bd_plunger>
2025-01-14 18:01:01,149 : INFO : EventManager : Event: ======'balldevice_bd_trough_ejecting_ball'====== Args={'balls': 1, 'target': <ball_device.bd_plunger>, 'source': <ball_device.bd_trough>, 'mechanical_eject': True, 'num_attempts': 9}
2025-01-14 18:01:01,149 : INFO : ball_device.bd_trough : Wait for ball to leave device
2025-01-14 18:01:01,150 : INFO : coil.c_trough_eject : Pulsing Driver for 10ms (1.0 pulse_power)
2025-01-14 18:01:11,136 : INFO : EventManager : Event: ======'balldevice_bd_trough_ball_eject_failed'====== Args={'target': <ball_device.bd_plunger>, 'balls': 1, 'retry': True, 'num_attempts': 10}
2025-01-14 18:01:11,137 : INFO : ball_device.bd_trough : State: waiting_for_target_ready
2025-01-14 18:01:11,137 : INFO : EventManager : Event: ======'balldevice_bd_trough_ball_eject_attempt'====== Args={'balls': 1, 'target': <ball_device.bd_plunger>, 'source': <ball_device.bd_trough>, 'mechanical_eject': True, 'num_attempts': 10}
2025-01-14 18:01:11,137 : INFO : ball_device.bd_trough : State: ejecting
2025-01-14 18:01:11,138 : INFO : ball_device.bd_trough : Ejecting ball to <ball_device.bd_plunger>
2025-01-14 18:01:11,138 : INFO : EventManager : Event: ======'balldevice_bd_trough_ejecting_ball'====== Args={'balls': 1, 'target': <ball_device.bd_plunger>, 'source': <ball_device.bd_trough>, 'mechanical_eject': True, 'num_attempts': 10}
2025-01-14 18:01:11,138 : INFO : ball_device.bd_trough : Wait for ball to leave device
2025-01-14 18:01:11,138 : INFO : coil.c_trough_eject : Pulsing Driver for 10ms (1.0 pulse_power)
2025-01-14 18:01:21,141 : INFO : EventManager : Event: ======'balldevice_bd_trough_ball_eject_failed'====== Args={'target': <ball_device.bd_plunger>, 'balls': 1, 'retry': True, 'num_attempts': 11}
2025-01-14 18:01:21,143 : INFO : ball_device.bd_trough : State: waiting_for_target_ready
2025-01-14 18:01:21,143 : INFO : EventManager : Event: ======'balldevice_bd_trough_ball_eject_attempt'====== Args={'balls': 1, 'target': <ball_device.bd_plunger>, 'source': <ball_device.bd_trough>, 'mechanical_eject': True, 'num_attempts': 11}
2025-01-14 18:01:21,144 : INFO : ball_device.bd_trough : State: ejecting
2025-01-14 18:01:21,144 : INFO : ball_device.bd_trough : Ejecting ball to <ball_device.bd_plunger>
2025-01-14 18:01:21,144 : INFO : EventManager : Event: ======'balldevice_bd_trough_ejecting_ball'====== Args={'balls': 1, 'target': <ball_device.bd_plunger>, 'source': <ball_device.bd_trough>, 'mechanical_eject': True, 'num_attempts': 11}
2025-01-14 18:01:21,146 : INFO : ball_device.bd_trough : Wait for ball to leave device
2025-01-14 18:01:21,146 : INFO : coil.c_trough_eject : Pulsing Driver for 10ms (1.0 pulse_power)
2025-01-14 18:01:27,119 : INFO : SwitchController : <<<<<<< 's_left_attack_bumper' active >>>>>>>
2025-01-14 18:01:27,119 : INFO : EventManager : Event: ======'machine_var_audits_switches_s_left_attack_bumper'====== Args={'value': 27, 'prev_value': 26, 'change': 1}
2025-01-14 18:01:27,564 : INFO : SwitchController : <<<<<<< 's_left_attack_bumper' inactive >>>>>>>
2025-01-14 18:01:27,675 : INFO : SwitchController : <<<<<<< 's_left_attack_bumper' active >>>>>>>
2025-01-14 18:01:27,675 : INFO : EventManager : Event: ======'machine_var_audits_switches_s_left_attack_bumper'====== Args={'value': 28, 'prev_value': 27, 'change': 1}
2025-01-14 18:01:27,833 : INFO : SwitchController : <<<<<<< 's_left_attack_bumper' inactive >>>>>>>
2025-01-14 18:01:27,928 : INFO : SwitchController : <<<<<<< 's_left_attack_bumper' active >>>>>>>
2025-01-14 18:01:27,928 : INFO : EventManager : Event: ======'machine_var_audits_switches_s_left_attack_bumper'====== Args={'value': 29, 'prev_value': 28, 'change': 1}
2025-01-14 18:01:28,071 : INFO : SwitchController : <<<<<<< 's_left_attack_bumper' inactive >>>>>>>
2025-01-14 18:01:31,143 : INFO : EventManager : Event: ======'balldevice_bd_trough_ball_eject_failed'====== Args={'target': <ball_device.bd_plunger>, 'balls': 1, 'retry': True, 'num_attempts': 12}
2025-01-14 18:01:31,143 : INFO : ball_device.bd_trough : State: waiting_for_target_ready
2025-01-14 18:01:31,143 : INFO : EventManager : Event: ======'balldevice_bd_trough_ball_eject_attempt'====== Args={'balls': 1, 'target': <ball_device.bd_plunger>, 'source': <ball_device.bd_trough>, 'mechanical_eject': True, 'num_attempts': 12}
2025-01-14 18:01:31,144 : INFO : ball_device.bd_trough : State: ejecting
2025-01-14 18:01:31,144 : INFO : ball_device.bd_trough : Ejecting ball to <ball_device.bd_plunger>
2025-01-14 18:01:31,144 : INFO : EventManager : Event: ======'balldevice_bd_trough_ejecting_ball'====== Args={'balls': 1, 'target': <ball_device.bd_plunger>, 'source': <ball_device.bd_trough>, 'mechanical_eject': True, 'num_attempts': 12}
2025-01-14 18:01:31,145 : INFO : ball_device.bd_trough : Wait for ball to leave device
2025-01-14 18:01:31,145 : INFO : coil.c_trough_eject : Pulsing Driver for 10ms (1.0 pulse_power)
2025-01-14 18:01:41,134 : INFO : EventManager : Event: ======'balldevice_bd_trough_ball_eject_failed'====== Args={'target': <ball_device.bd_plunger>, 'balls': 1, 'retry': True, 'num_attempts': 13}
2025-01-14 18:01:41,135 : INFO : ball_device.bd_trough : State: waiting_for_target_ready
2025-01-14 18:01:41,135 : INFO : EventManager : Event: ======'balldevice_bd_trough_ball_eject_attempt'====== Args={'balls': 1, 'target': <ball_device.bd_plunger>, 'source': <ball_device.bd_trough>, 'mechanical_eject': True, 'num_attempts': 13}
2025-01-14 18:01:41,136 : INFO : ball_device.bd_trough : State: ejecting
2025-01-14 18:01:41,136 : INFO : ball_device.bd_trough : Ejecting ball to <ball_device.bd_plunger>
2025-01-14 18:01:41,136 : INFO : EventManager : Event: ======'balldevice_bd_trough_ejecting_ball'====== Args={'balls': 1, 'target': <ball_device.bd_plunger>, 'source': <ball_device.bd_trough>, 'mechanical_eject': True, 'num_attempts': 13}
2025-01-14 18:01:41,137 : INFO : ball_device.bd_trough : Wait for ball to leave device
2025-01-14 18:01:41,137 : INFO : coil.c_trough_eject : Pulsing Driver for 10ms (1.0 pulse_power)
2025-01-14 18:01:51,142 : INFO : EventManager : Event: ======'balldevice_bd_trough_ball_eject_failed'====== Args={'target': <ball_device.bd_plunger>, 'balls': 1, 'retry': True, 'num_attempts': 14}
2025-01-14 18:01:51,143 : INFO : ball_device.bd_trough : State: waiting_for_target_ready
2025-01-14 18:01:51,144 : INFO : EventManager : Event: ======'balldevice_bd_trough_ball_eject_attempt'====== Args={'balls': 1, 'target': <ball_device.bd_plunger>, 'source': <ball_device.bd_trough>, 'mechanical_eject': True, 'num_attempts': 14}
2025-01-14 18:01:51,144 : INFO : ball_device.bd_trough : State: ejecting
2025-01-14 18:01:51,144 : INFO : ball_device.bd_trough : Ejecting ball to <ball_device.bd_plunger>
2025-01-14 18:01:51,145 : INFO : EventManager : Event: ======'balldevice_bd_trough_ejecting_ball'====== Args={'balls': 1, 'target': <ball_device.bd_plunger>, 'source': <ball_device.bd_trough>, 'mechanical_eject': True, 'num_attempts': 14}
2025-01-14 18:01:51,146 : INFO : ball_device.bd_trough : Wait for ball to leave device
2025-01-14 18:01:51,146 : INFO : coil.c_trough_eject : Pulsing Driver for 10ms (1.0 pulse_power)
2025-01-14 18:02:01,148 : INFO : EventManager : Event: ======'balldevice_bd_trough_ball_eject_failed'====== Args={'target': <ball_device.bd_plunger>, 'balls': 1, 'retry': True, 'num_attempts': 15}
2025-01-14 18:02:01,149 : INFO : ball_device.bd_trough : State: waiting_for_target_ready
2025-01-14 18:02:01,149 : INFO : EventManager : Event: ======'balldevice_bd_trough_ball_eject_attempt'====== Args={'balls': 1, 'target': <ball_device.bd_plunger>, 'source': <ball_device.bd_trough>, 'mechanical_eject': True, 'num_attempts': 15}
2025-01-14 18:02:01,150 : INFO : ball_device.bd_trough : State: ejecting
2025-01-14 18:02:01,150 : INFO : ball_device.bd_trough : Ejecting ball to <ball_device.bd_plunger>
2025-01-14 18:02:01,150 : INFO : EventManager : Event: ======'balldevice_bd_trough_ejecting_ball'====== Args={'balls': 1, 'target': <ball_device.bd_plunger>, 'source': <ball_device.bd_trough>, 'mechanical_eject': True, 'num_attempts': 15}
2025-01-14 18:02:01,151 : INFO : ball_device.bd_trough : Wait for ball to leave device
2025-01-14 18:02:01,151 : INFO : coil.c_trough_eject : Pulsing Driver for 10ms (1.0 pulse_power)
2025-01-14 18:02:11,142 : INFO : EventManager : Event: ======'balldevice_bd_trough_ball_eject_failed'====== Args={'target': <ball_device.bd_plunger>, 'balls': 1, 'retry': True, 'num_attempts': 16}
2025-01-14 18:02:11,143 : INFO : ball_device.bd_trough : State: waiting_for_target_ready
2025-01-14 18:02:11,143 : INFO : EventManager : Event: ======'balldevice_bd_trough_ball_eject_attempt'====== Args={'balls': 1, 'target': <ball_device.bd_plunger>, 'source': <ball_device.bd_trough>, 'mechanical_eject': True, 'num_attempts': 16}
2025-01-14 18:02:11,144 : INFO : ball_device.bd_trough : State: ejecting
2025-01-14 18:02:11,144 : INFO : ball_device.bd_trough : Ejecting ball to <ball_device.bd_plunger>
2025-01-14 18:02:11,144 : INFO : EventManager : Event: ======'balldevice_bd_trough_ejecting_ball'====== Args={'balls': 1, 'target': <ball_device.bd_plunger>, 'source': <ball_device.bd_trough>, 'mechanical_eject': True, 'num_attempts': 16}
2025-01-14 18:02:11,144 : INFO : ball_device.bd_trough : Wait for ball to leave device
2025-01-14 18:02:11,145 : INFO : coil.c_trough_eject : Pulsing Driver for 10ms (1.0 pulse_power)
2025-01-14 18:02:12,061 : INFO : Machine : Shutting down...
2025-01-14 18:02:12,061 : INFO : EventManager : Event: ======'shutdown'====== Args={}
2025-01-14 18:02:12,067 : INFO : EventManager : Event: ======'mode_game_will_stop'====== Args={}
2025-01-14 18:02:12,067 : INFO : EventManager : Event: ======'mode_game_stopping'====== Args={}
2025-01-14 18:02:12,068 : INFO : EventManager : Event: ======'mode_base_will_stop'====== Args={}
2025-01-14 18:02:12,068 : INFO : EventManager : Event: ======'mode_base_stopping'====== Args={}
2025-01-14 18:02:12,068 : INFO : EventManager : Event: ======'mode_reentry_will_stop'====== Args={}
2025-01-14 18:02:12,068 : INFO : EventManager : Event: ======'mode_reentry_stopping'====== Args={}
2025-01-14 18:02:12,068 : INFO : EventManager : Event: ======'mode_lowerlanes_will_stop'====== Args={}
2025-01-14 18:02:12,068 : INFO : EventManager : Event: ======'mode_lowerlanes_stopping'====== Args={}
2025-01-14 18:02:12,069 : INFO : Mode.lowerlanes : Stopped.
2025-01-14 18:02:12,069 : INFO : EventManager : Event: ======'modes_active_modes_changed'====== Args={}
2025-01-14 18:02:12,069 : INFO : EventManager : Event: ======'mode_lowerlanes_stopped'====== Args={}
2025-01-14 18:02:12,069 : INFO : EventManager : Event: ======'clear'====== Args={'key': 'lowerlanes'}
2025-01-14 18:02:12,070 : INFO : Mode.reentry : Stopped.
2025-01-14 18:02:12,070 : INFO : EventManager : Event: ======'modes_active_modes_changed'====== Args={}
2025-01-14 18:02:12,070 : INFO : EventManager : Event: ======'mode_reentry_stopped'====== Args={}
2025-01-14 18:02:12,070 : INFO : EventManager : Event: ======'clear'====== Args={'key': 'reentry'}
2025-01-14 18:02:12,071 : INFO : Mode.base : Stopped.
2025-01-14 18:02:12,071 : INFO : EventManager : Event: ======'modes_active_modes_changed'====== Args={}
2025-01-14 18:02:12,071 : INFO : EventManager : Event: ======'mode_base_stopped'====== Args={}
2025-01-14 18:02:12,071 : INFO : EventManager : Event: ======'clear'====== Args={'key': 'base'}
2025-01-14 18:02:12,071 : INFO : Mode.game : Stopped.
2025-01-14 18:02:12,071 : INFO : EventManager : Event: ======'modes_active_modes_changed'====== Args={}
2025-01-14 18:02:12,071 : INFO : EventManager : Event: ======'mode_game_stopped'====== Args={}
2025-01-14 18:02:12,071 : INFO : EventManager : Event: ======'clear'====== Args={'key': 'game'}
2025-01-14 18:02:12,073 : ERROR : OPP : Stop called on serial connection com5
2025-01-14 18:02:12,075 : ERROR : OPP : Stop called on serial connection com4
2025-01-14 18:02:12,076 : ERROR : asyncio : Exception in callback Util.raise_exceptions(<Task finishe...ection lost')>) at C:\Users\student\mpfenv3\Lib\site-packages\mpf\core\utility_functions.py:790
handle: <Handle Util.raise_exceptions(<Task finishe...ection lost')>) at C:\Users\student\mpfenv3\Lib\site-packages\mpf\core\utility_functions.py:790>
Traceback (most recent call last):
  File "C:\Program Files\Python311\Lib\asyncio\events.py", line 84, in _run
    self._context.run(self._callback, *self._args)
  File "C:\Users\student\mpfenv3\Lib\site-packages\mpf\core\utility_functions.py", line 798, in raise_exceptions
    future.result()
  File "C:\Users\student\mpfenv3\Lib\site-packages\mpf\platforms\opp\opp.py", line 971, in _poll_sender
    await self.opp_connection[chain_serial].writer.drain()
  File "C:\Program Files\Python311\Lib\asyncio\streams.py", line 392, in drain
    await self._protocol._drain_helper()
  File "C:\Program Files\Python311\Lib\asyncio\streams.py", line 166, in _drain_helper
    raise ConnectionResetError('Connection lost')
ConnectionResetError: Connection lost
2025-01-14 18:02:12,375 : WARNING : OPP : Poll took more than 250.0ms for 0
2025-01-14 18:02:12,375 : ERROR : asyncio : Exception in callback Util.raise_exceptions(<Task finishe...ute 'write'")>) at C:\Users\student\mpfenv3\Lib\site-packages\mpf\core\utility_functions.py:790
handle: <Handle Util.raise_exceptions(<Task finishe...ute 'write'")>) at C:\Users\student\mpfenv3\Lib\site-packages\mpf\core\utility_functions.py:790>
Traceback (most recent call last):
  File "C:\Program Files\Python311\Lib\asyncio\events.py", line 84, in _run
    self._context.run(self._callback, *self._args)
  File "C:\Users\student\mpfenv3\Lib\site-packages\mpf\core\utility_functions.py", line 798, in raise_exceptions
    future.result()
  File "C:\Users\student\mpfenv3\Lib\site-packages\mpf\platforms\opp\opp.py", line 970, in _poll_sender
    self.send_to_processor(chain_serial, self.read_input_msg[chain_serial])
  File "C:\Users\student\mpfenv3\Lib\site-packages\mpf\platforms\opp\opp.py", line 349, in send_to_processor
    self.opp_connection[chain_serial].send(msg)
  File "C:\Users\student\mpfenv3\Lib\site-packages\mpf\platforms\base_serial_communicator.py", line 161, in send
    self.writer.write(msg)
    ^^^^^^^^^^^^^^^^^
AttributeError: 'NoneType' object has no attribute 'write'
2025-01-14 18:02:12,377 : INFO : root : MPF run loop ended.
