2025-07-07 12:49:43,218 : INFO : root : Loading config.
2025-07-07 12:49:43,268 : INFO : ConfigProcessor : Config spec file cache created: C:\Users\student\AppData\Local\Temp\config_spec.mpf_cache
2025-07-07 12:49:43,268 : INFO : YamlMultifileConfigLoader : Machine config file #1: config.yaml
2025-07-07 12:49:43,268 : INFO : ConfigProcessor : Loading config from file C:\Users\student\mpfenv3\Lib\site-packages\mpf\mpfconfig.yaml.
2025-07-07 12:49:43,284 : INFO : ConfigProcessor : Loading config: C:\Users\student\mpfenv3\Lib\site-packages\mpf\mpfconfig.yaml
2025-07-07 12:49:43,284 : INFO : ConfigProcessor : Loading config from file C:\Users\student\pinball\cobraPinTest1\config\config.yaml.
2025-07-07 12:49:43,301 : INFO : ConfigProcessor : Loading config: C:\Users\student\pinball\cobraPinTest1\config\config.yaml
2025-07-07 12:49:43,302 : INFO : ConfigProcessor : Config file cache created: C:\Users\student\AppData\Local\Temp\a20d2796aecf24feaad48747be24652a.mpf_cache
2025-07-07 12:49:43,379 : INFO : ConfigProcessor : Loading config from file C:\Users\student\mpfenv3\Lib\site-packages\mpf\modes\attract\config\attract.yaml.
2025-07-07 12:49:43,385 : INFO : ConfigProcessor : Loading config: C:\Users\student\mpfenv3\Lib\site-packages\mpf\modes\attract\config\attract.yaml
2025-07-07 12:49:43,385 : INFO : ConfigProcessor : Loading config from file C:\Users\student\pinball\cobraPinTest1\modes\attract\config\attract.yaml.
2025-07-07 12:49:43,393 : INFO : ConfigProcessor : Loading config: C:\Users\student\pinball\cobraPinTest1\modes\attract\config\attract.yaml
2025-07-07 12:49:43,393 : INFO : ConfigProcessor : Config file cache created: C:\Users\student\AppData\Local\Temp\0196918bccd620e51d3c4d2630650aa0.mpf_cache
2025-07-07 12:49:43,393 : INFO : ConfigProcessor : Loading config from file C:\Users\student\mpfenv3\Lib\site-packages\mpf\modes\game\config\game.yaml.
2025-07-07 12:49:43,400 : INFO : ConfigProcessor : Loading config: C:\Users\student\mpfenv3\Lib\site-packages\mpf\modes\game\config\game.yaml
2025-07-07 12:49:43,400 : INFO : ConfigProcessor : Config file cache created: C:\Users\student\AppData\Local\Temp\511dcc6b491b0fa2d7aa9abdf6497e9c.mpf_cache
2025-07-07 12:49:43,401 : INFO : ConfigProcessor : Loading config from file C:\Users\student\pinball\cobraPinTest1\modes\base\config\base.yaml.
2025-07-07 12:49:43,409 : INFO : ConfigProcessor : Loading config: C:\Users\student\pinball\cobraPinTest1\modes\base\config\base.yaml
2025-07-07 12:49:43,409 : INFO : ConfigProcessor : Config file cache created: C:\Users\student\AppData\Local\Temp\4675a535c8328a9c278c807d999ed109.mpf_cache
2025-07-07 12:49:43,410 : INFO : ConfigProcessor : Loading config from file C:\Users\student\pinball\cobraPinTest1\modes\reentry\config\reentry.yaml.
2025-07-07 12:49:43,416 : INFO : ConfigProcessor : Loading config: C:\Users\student\pinball\cobraPinTest1\modes\reentry\config\reentry.yaml
2025-07-07 12:49:43,417 : INFO : ConfigProcessor : Config file cache created: C:\Users\student\AppData\Local\Temp\0c8438cab3480347c0c749fa494946a2.mpf_cache
2025-07-07 12:49:43,418 : INFO : ConfigProcessor : Loading config from file C:\Users\student\pinball\cobraPinTest1\modes\lowerlanes\config\lowerlanes.yaml.
2025-07-07 12:49:43,425 : INFO : ConfigProcessor : Loading config: C:\Users\student\pinball\cobraPinTest1\modes\lowerlanes\config\lowerlanes.yaml
2025-07-07 12:49:43,426 : INFO : ConfigProcessor : Config file cache created: C:\Users\student\AppData\Local\Temp\5052615755bdf1309b248cf8695ad4ff.mpf_cache
2025-07-07 12:49:43,426 : INFO : ConfigProcessor : Loading config from file C:\Users\student\pinball\cobraPinTest1\modes\returnlanes\config\returnlanes.yaml.
2025-07-07 12:49:43,435 : INFO : ConfigProcessor : Loading config: C:\Users\student\pinball\cobraPinTest1\modes\returnlanes\config\returnlanes.yaml
2025-07-07 12:49:43,435 : INFO : ConfigProcessor : Config file cache created: C:\Users\student\AppData\Local\Temp\55e33f498afd3883899abc6da4842b47.mpf_cache
2025-07-07 12:49:43,436 : INFO : ConfigProcessor : Loading config from file C:\Users\student\pinball\cobraPinTest1\modes\attract\shows\.\attract_display_loop.yaml.
2025-07-07 12:49:43,445 : INFO : ConfigProcessor : Loading config: C:\Users\student\pinball\cobraPinTest1\modes\attract\shows\.\attract_display_loop.yaml
2025-07-07 12:49:43,446 : INFO : ConfigProcessor : Config file cache created: C:\Users\student\AppData\Local\Temp\f8d2c2cf3ea01f085365ea23fa51a701.mpf_cache
2025-07-07 12:49:43,446 : INFO : ConfigProcessor : Loading config from file C:\Users\student\pinball\cobraPinTest1\modes\attract\shows\.\attract_light_show.yaml.
2025-07-07 12:49:43,454 : INFO : ConfigProcessor : Loading config: C:\Users\student\pinball\cobraPinTest1\modes\attract\shows\.\attract_light_show.yaml
2025-07-07 12:49:43,455 : INFO : ConfigProcessor : Config file cache created: C:\Users\student\AppData\Local\Temp\30bd992f4b62a9b099207aebeb59554c.mpf_cache
2025-07-07 12:49:43,455 : INFO : Machine : Mission Pinball Framework Core Engine v0.57.3
2025-07-07 12:49:43,455 : INFO : Machine : Command line arguments: {'no_load_cache': True, 'create_config_cache': True, 'bcp': True, 'configfile': ['config.yaml'], 'force_assets_load': False, 'platform_integration_test': False, 'jsonlogging': False, 'logfile': 'logs\\2025-07-07-12-49-43-mpf-DESKTOP-0JH7ARL.log', 'pause': False, 'production': False, 'text_ui': True, 'loglevel': 15, 'consoleloglevel': 20, 'force_platform': None, 'syslog_address': None, 'mc_file_name': None, 'no_sound': False}
2025-07-07 12:49:43,455 : INFO : Machine : MPF path: C:\Users\student\mpfenv3\Lib\site-packages\mpf
2025-07-07 12:49:43,455 : INFO : Machine : Machine path: C:\Users\student\pinball\cobraPinTest1
2025-07-07 12:49:43,455 : INFO : Machine : Platform: win32
2025-07-07 12:49:43,456 : INFO : Machine : Python executable location: C:\Users\student\mpfenv3\Scripts\python.exe
2025-07-07 12:49:43,456 : INFO : Machine : Python version: 3.11.8 (64-bit)
2025-07-07 12:49:43,457 : INFO : Machine : Initializing MPF...
2025-07-07 12:49:43,822 : INFO : OPP : Connecting to com4 at 115200bps
2025-07-07 12:49:43,996 : INFO : OPP : Init of OPP board 0 done
2025-07-07 12:49:43,996 : INFO : OPP : Connecting to com5 at 115200bps
2025-07-07 12:49:44,105 : INFO : OPP : Init of OPP board 1 done
2025-07-07 12:49:44,105 : INFO : EventManager : Event: ======'machine_var_credits_string'====== Args={'value': 'FREE PLAY', 'prev_value': None, 'change': True}
2025-07-07 12:49:44,175 : INFO : EventManager : Event: ======'machine_var_master_volume'====== Args={'value': 0.5, 'prev_value': None, 'change': True}
2025-07-07 12:49:44,175 : INFO : EventManager : Event: ======'machine_var_player1_score'====== Args={'value': 1500, 'prev_value': None, 'change': True}
2025-07-07 12:49:44,176 : INFO : EventManager : Event: ======'machine_var_mpf_version'====== Args={'value': 'Mission Pinball Framework v0.57.3', 'prev_value': None, 'change': True}
2025-07-07 12:49:44,176 : INFO : EventManager : Event: ======'machine_var_mpf_extended_version'====== Args={'value': 'Mission Pinball Framework v0.57.3, Config version:6, Show version: 6, BCP version:1.1', 'prev_value': None, 'change': True}
2025-07-07 12:49:44,176 : INFO : EventManager : Event: ======'machine_var_python_version'====== Args={'value': '3.11.8', 'prev_value': None, 'change': True}
2025-07-07 12:49:44,184 : INFO : EventManager : Event: ======'machine_var_platform'====== Args={'value': 'Windows-10-10.0.19045-SP0', 'prev_value': None, 'change': True}
2025-07-07 12:49:44,184 : INFO : EventManager : Event: ======'machine_var_platform_system'====== Args={'value': 'Windows', 'prev_value': None, 'change': True}
2025-07-07 12:49:44,184 : INFO : EventManager : Event: ======'machine_var_platform_release'====== Args={'value': '10', 'prev_value': None, 'change': True}
2025-07-07 12:49:44,184 : INFO : EventManager : Event: ======'machine_var_platform_version'====== Args={'value': '10.0.19045', 'prev_value': None, 'change': True}
2025-07-07 12:49:44,185 : INFO : EventManager : Event: ======'machine_var_platform_machine'====== Args={'value': 'AMD64', 'prev_value': None, 'change': True}
2025-07-07 12:49:44,185 : INFO : EventManager : Event: ======'init_phase_1'====== Args={}
2025-07-07 12:49:44,207 : INFO : EventManager : Event: ======'init_phase_2'====== Args={}
2025-07-07 12:49:44,207 : INFO : SwitchController : Found active switch: ('0-0-8', <Platform.OPP>) <switch.s_trough1>
2025-07-07 12:49:44,211 : INFO : EventManager : Event: ======'bcp_connection_attempt'====== Args={'name': 'local_display', 'host': 'localhost', 'port': 5050}
2025-07-07 12:49:44,213 : INFO : BCPClientSocket : Connecting BCP to 'local_display' at localhost:5050...
2025-07-07 12:49:50,411 : INFO : BCPClientSocket : Connected BCP to 'local_display' localhost:5050
2025-07-07 12:49:50,413 : INFO : EventManager : Event: ======'bcp_clients_connected'====== Args={}
2025-07-07 12:49:50,623 : INFO : EventManager : Event: ======'machine_var_mc_version'====== Args={'value': 'MPF-MC v0.57.1', 'prev_value': None, 'change': True}
2025-07-07 12:49:50,623 : INFO : EventManager : Event: ======'machine_var_mc_extended_version'====== Args={'value': 'MPF-MC v0.57.1 (config_version=6, BCP v1.1,                      Requires MPF API compatibility v0.57.0 or newer)', 'prev_value': None, 'change': True}
2025-07-07 12:49:50,627 : INFO : ball_device.bd_trough : BCH: Initial count: 1
2025-07-07 12:49:50,669 : INFO : ball_device.bd_trough : State: idle
2025-07-07 12:49:50,670 : INFO : ball_device.bd_plunger : BCH: Initial count: 0
2025-07-07 12:49:50,670 : INFO : ball_device.bd_plunger : State: idle
2025-07-07 12:49:50,689 : INFO : EventManager : Event: ======'init_phase_3'====== Args={}
2025-07-07 12:49:50,693 : INFO : EventManager : Event: ======'init_phase_4'====== Args={}
2025-07-07 12:49:50,694 : INFO : BallController : Initial balls found: 1
2025-07-07 12:49:50,695 : INFO : EventManager : Event: ======'machine_var_audits_events_game_ended'====== Args={'value': 0, 'prev_value': None, 'change': True}
2025-07-07 12:49:50,696 : INFO : EventManager : Event: ======'machine_var_audits_events_game_started'====== Args={'value': 123, 'prev_value': None, 'change': True}
2025-07-07 12:49:50,696 : INFO : EventManager : Event: ======'machine_var_audits_missing_switches_s_bonus_lane'====== Args={'value': 19, 'prev_value': None, 'change': True}
2025-07-07 12:49:50,696 : INFO : EventManager : Event: ======'machine_var_audits_missing_switches_s_hyperspacekicker'====== Args={'value': 46, 'prev_value': None, 'change': True}
2025-07-07 12:49:50,696 : INFO : EventManager : Event: ======'machine_var_audits_missing_switches_s_left_attack_bumper'====== Args={'value': 6, 'prev_value': None, 'change': True}
2025-07-07 12:49:50,696 : INFO : EventManager : Event: ======'machine_var_audits_missing_switches_s_left_flipper'====== Args={'value': 19, 'prev_value': None, 'change': True}
2025-07-07 12:49:50,696 : INFO : EventManager : Event: ======'machine_var_audits_missing_switches_s_left_out_lane'====== Args={'value': 19, 'prev_value': None, 'change': True}
2025-07-07 12:49:50,696 : INFO : EventManager : Event: ======'machine_var_audits_missing_switches_s_left_return_lane'====== Args={'value': 47, 'prev_value': None, 'change': True}
2025-07-07 12:49:50,696 : INFO : EventManager : Event: ======'machine_var_audits_missing_switches_s_lower_attack_bumper'====== Args={'value': 6, 'prev_value': None, 'change': True}
2025-07-07 12:49:50,696 : INFO : EventManager : Event: ======'machine_var_audits_missing_switches_s_lower_left_slingshot'====== Args={'value': 19, 'prev_value': None, 'change': True}
2025-07-07 12:49:50,696 : INFO : EventManager : Event: ======'machine_var_audits_missing_switches_s_lower_right_slingshot'====== Args={'value': 19, 'prev_value': None, 'change': True}
2025-07-07 12:49:50,696 : INFO : EventManager : Event: ======'machine_var_audits_missing_switches_s_plunger'====== Args={'value': 121, 'prev_value': None, 'change': True}
2025-07-07 12:49:50,697 : INFO : EventManager : Event: ======'machine_var_audits_missing_switches_s_reentry_left'====== Args={'value': 2, 'prev_value': None, 'change': True}
2025-07-07 12:49:50,697 : INFO : EventManager : Event: ======'machine_var_audits_missing_switches_s_reentry_middle'====== Args={'value': 2, 'prev_value': None, 'change': True}
2025-07-07 12:49:50,697 : INFO : EventManager : Event: ======'machine_var_audits_missing_switches_s_reentry_right'====== Args={'value': 2, 'prev_value': None, 'change': True}
2025-07-07 12:49:50,697 : INFO : EventManager : Event: ======'machine_var_audits_missing_switches_s_right_flipper'====== Args={'value': 19, 'prev_value': None, 'change': True}
2025-07-07 12:49:50,697 : INFO : EventManager : Event: ======'machine_var_audits_missing_switches_s_right_out_lane'====== Args={'value': 47, 'prev_value': None, 'change': True}
2025-07-07 12:49:50,697 : INFO : EventManager : Event: ======'machine_var_audits_missing_switches_s_right_return_lane'====== Args={'value': 47, 'prev_value': None, 'change': True}
2025-07-07 12:49:50,697 : INFO : EventManager : Event: ======'machine_var_audits_missing_switches_s_spacewarp_rollover'====== Args={'value': 105, 'prev_value': None, 'change': True}
2025-07-07 12:49:50,697 : INFO : EventManager : Event: ======'machine_var_audits_missing_switches_s_start'====== Args={'value': 122, 'prev_value': None, 'change': True}
2025-07-07 12:49:50,697 : INFO : EventManager : Event: ======'machine_var_audits_missing_switches_s_trough1'====== Args={'value': 122, 'prev_value': None, 'change': True}
2025-07-07 12:49:50,697 : INFO : EventManager : Event: ======'machine_var_audits_missing_switches_s_upper_attack_bumper'====== Args={'value': 3, 'prev_value': None, 'change': True}
2025-07-07 12:49:50,698 : INFO : EventManager : Event: ======'machine_var_audits_missing_switches_s_wormhole_target'====== Args={'value': 19, 'prev_value': None, 'change': True}
2025-07-07 12:49:50,698 : INFO : EventManager : Event: ======'machine_var_audits_player_score'====== Args={'value': {'average': 1800.0, 'top': [2000, 1900, 1500], 'total': 3}, 'prev_value': None, 'change': True}
2025-07-07 12:49:50,698 : INFO : EventManager : Event: ======'machine_var_audits_shots_attack_bumper_left_shot'====== Args={'value': 116, 'prev_value': None, 'change': True}
2025-07-07 12:49:50,698 : INFO : EventManager : Event: ======'machine_var_audits_shots_attack_bumper_lower_shot'====== Args={'value': 215, 'prev_value': None, 'change': True}
2025-07-07 12:49:50,698 : INFO : EventManager : Event: ======'machine_var_audits_shots_attack_bumper_right_shot'====== Args={'value': 55, 'prev_value': None, 'change': True}
2025-07-07 12:49:50,698 : INFO : EventManager : Event: ======'machine_var_audits_shots_attack_bumper_upper_shot'====== Args={'value': 41, 'prev_value': None, 'change': True}
2025-07-07 12:49:50,698 : INFO : EventManager : Event: ======'machine_var_audits_shots_bonusLane_shot'====== Args={'value': 93, 'prev_value': None, 'change': True}
2025-07-07 12:49:50,698 : INFO : EventManager : Event: ======'machine_var_audits_shots_medalL_shot'====== Args={'value': 174, 'prev_value': None, 'change': True}
2025-07-07 12:49:50,698 : INFO : EventManager : Event: ======'machine_var_audits_shots_medalM_shot'====== Args={'value': 166, 'prev_value': None, 'change': True}
2025-07-07 12:49:50,699 : INFO : EventManager : Event: ======'machine_var_audits_shots_medalR_shot'====== Args={'value': 165, 'prev_value': None, 'change': True}
2025-07-07 12:49:50,699 : INFO : EventManager : Event: ======'machine_var_audits_shots_my_first_shot'====== Args={'value': 119, 'prev_value': None, 'change': True}
2025-07-07 12:49:50,699 : INFO : EventManager : Event: ======'machine_var_audits_shots_my_first_shot_mode2'====== Args={'value': 72, 'prev_value': None, 'change': True}
2025-07-07 12:49:50,699 : INFO : EventManager : Event: ======'machine_var_audits_shots_outLaneL_shot'====== Args={'value': 31, 'prev_value': None, 'change': True}
2025-07-07 12:49:50,699 : INFO : EventManager : Event: ======'machine_var_audits_shots_outLaneR_shot'====== Args={'value': 104, 'prev_value': None, 'change': True}
2025-07-07 12:49:50,699 : INFO : EventManager : Event: ======'machine_var_audits_shots_reentryL_shot'====== Args={'value': 584, 'prev_value': None, 'change': True}
2025-07-07 12:49:50,699 : INFO : EventManager : Event: ======'machine_var_audits_shots_reentryM_shot'====== Args={'value': 540, 'prev_value': None, 'change': True}
2025-07-07 12:49:50,699 : INFO : EventManager : Event: ======'machine_var_audits_shots_reentryR_shot'====== Args={'value': 532, 'prev_value': None, 'change': True}
2025-07-07 12:49:50,700 : INFO : EventManager : Event: ======'machine_var_audits_shots_reentry_shot'====== Args={'value': 9, 'prev_value': None, 'change': True}
2025-07-07 12:49:50,700 : INFO : EventManager : Event: ======'machine_var_audits_shots_returnLaneL_shot'====== Args={'value': 201, 'prev_value': None, 'change': True}
2025-07-07 12:49:50,700 : INFO : EventManager : Event: ======'machine_var_audits_shots_returnLaneR_shot'====== Args={'value': 143, 'prev_value': None, 'change': True}
2025-07-07 12:49:50,700 : INFO : EventManager : Event: ======'machine_var_audits_shots_spacewarp_rollover_shot'====== Args={'value': 47, 'prev_value': None, 'change': True}
2025-07-07 12:49:50,700 : INFO : EventManager : Event: ======'machine_var_audits_shots_top_lane_A'====== Args={'value': 12, 'prev_value': None, 'change': True}
2025-07-07 12:49:50,700 : INFO : EventManager : Event: ======'machine_var_audits_shots_top_lane_J'====== Args={'value': 12, 'prev_value': None, 'change': True}
2025-07-07 12:49:50,700 : INFO : EventManager : Event: ======'machine_var_audits_shots_top_lane_M'====== Args={'value': 9, 'prev_value': None, 'change': True}
2025-07-07 12:49:50,700 : INFO : EventManager : Event: ======'machine_var_audits_switches_s_blackhole_kicker'====== Args={'value': 0, 'prev_value': None, 'change': True}
2025-07-07 12:49:50,701 : INFO : EventManager : Event: ======'machine_var_audits_switches_s_bonus_lane'====== Args={'value': 106, 'prev_value': None, 'change': True}
2025-07-07 12:49:50,701 : INFO : EventManager : Event: ======'machine_var_audits_switches_s_booster_drop_target_1'====== Args={'value': 0, 'prev_value': None, 'change': True}
2025-07-07 12:49:50,701 : INFO : EventManager : Event: ======'machine_var_audits_switches_s_booster_drop_target_2'====== Args={'value': 0, 'prev_value': None, 'change': True}
2025-07-07 12:49:50,701 : INFO : EventManager : Event: ======'machine_var_audits_switches_s_booster_drop_target_3'====== Args={'value': 0, 'prev_value': None, 'change': True}
2025-07-07 12:49:50,701 : INFO : EventManager : Event: ======'machine_var_audits_switches_s_comet_spot_1'====== Args={'value': 0, 'prev_value': None, 'change': True}
2025-07-07 12:49:50,701 : INFO : EventManager : Event: ======'machine_var_audits_switches_s_comet_spot_2'====== Args={'value': 0, 'prev_value': None, 'change': True}
2025-07-07 12:49:50,701 : INFO : EventManager : Event: ======'machine_var_audits_switches_s_comet_spot_3'====== Args={'value': 0, 'prev_value': None, 'change': True}
2025-07-07 12:49:50,702 : INFO : EventManager : Event: ======'machine_var_audits_switches_s_engine_bumper_1'====== Args={'value': 0, 'prev_value': None, 'change': True}
2025-07-07 12:49:50,702 : INFO : EventManager : Event: ======'machine_var_audits_switches_s_engine_bumper_2'====== Args={'value': 0, 'prev_value': None, 'change': True}
2025-07-07 12:49:50,702 : INFO : EventManager : Event: ======'machine_var_audits_switches_s_engine_bumper_3'====== Args={'value': 0, 'prev_value': None, 'change': True}
2025-07-07 12:49:50,702 : INFO : EventManager : Event: ======'machine_var_audits_switches_s_fuel_chute_1'====== Args={'value': 0, 'prev_value': None, 'change': True}
2025-07-07 12:49:50,702 : INFO : EventManager : Event: ======'machine_var_audits_switches_s_fuel_chute_2'====== Args={'value': 0, 'prev_value': None, 'change': True}
2025-07-07 12:49:50,702 : INFO : EventManager : Event: ======'machine_var_audits_switches_s_fuel_chute_3'====== Args={'value': 0, 'prev_value': None, 'change': True}
2025-07-07 12:49:50,702 : INFO : EventManager : Event: ======'machine_var_audits_switches_s_fuel_chute_4'====== Args={'value': 0, 'prev_value': None, 'change': True}
2025-07-07 12:49:50,703 : INFO : EventManager : Event: ======'machine_var_audits_switches_s_fuel_chute_5'====== Args={'value': 0, 'prev_value': None, 'change': True}
2025-07-07 12:49:50,703 : INFO : EventManager : Event: ======'machine_var_audits_switches_s_fuel_chute_6'====== Args={'value': 0, 'prev_value': None, 'change': True}
2025-07-07 12:49:50,703 : INFO : EventManager : Event: ======'machine_var_audits_switches_s_fuel_flag'====== Args={'value': 0, 'prev_value': None, 'change': True}
2025-07-07 12:49:50,703 : INFO : EventManager : Event: ======'machine_var_audits_switches_s_fuel_spot_1'====== Args={'value': 0, 'prev_value': None, 'change': True}
2025-07-07 12:49:50,703 : INFO : EventManager : Event: ======'machine_var_audits_switches_s_fuel_spot_2'====== Args={'value': 0, 'prev_value': None, 'change': True}
2025-07-07 12:49:50,703 : INFO : EventManager : Event: ======'machine_var_audits_switches_s_fuel_spot_3'====== Args={'value': 0, 'prev_value': None, 'change': True}
2025-07-07 12:49:50,703 : INFO : EventManager : Event: ======'machine_var_audits_switches_s_green_wormhole'====== Args={'value': 0, 'prev_value': None, 'change': True}
2025-07-07 12:49:50,704 : INFO : EventManager : Event: ======'machine_var_audits_switches_s_hyperspace_flag'====== Args={'value': 0, 'prev_value': None, 'change': True}
2025-07-07 12:49:50,704 : INFO : EventManager : Event: ======'machine_var_audits_switches_s_hyperspacekicker'====== Args={'value': 694, 'prev_value': None, 'change': True}
2025-07-07 12:49:50,704 : INFO : EventManager : Event: ======'machine_var_audits_switches_s_launch_lane_1'====== Args={'value': 0, 'prev_value': None, 'change': True}
2025-07-07 12:49:50,704 : INFO : EventManager : Event: ======'machine_var_audits_switches_s_launch_lane_2'====== Args={'value': 0, 'prev_value': None, 'change': True}
2025-07-07 12:49:50,704 : INFO : EventManager : Event: ======'machine_var_audits_switches_s_launch_lane_3'====== Args={'value': 0, 'prev_value': None, 'change': True}
2025-07-07 12:49:50,705 : INFO : EventManager : Event: ======'machine_var_audits_switches_s_launch_ramp'====== Args={'value': 0, 'prev_value': None, 'change': True}
2025-07-07 12:49:50,705 : INFO : EventManager : Event: ======'machine_var_audits_switches_s_left_attack_bumper'====== Args={'value': 853, 'prev_value': None, 'change': True}
2025-07-07 12:49:50,705 : INFO : EventManager : Event: ======'machine_var_audits_switches_s_left_flipper'====== Args={'value': 2527, 'prev_value': None, 'change': True}
2025-07-07 12:49:50,705 : INFO : EventManager : Event: ======'machine_var_audits_switches_s_left_out_lane'====== Args={'value': 35, 'prev_value': None, 'change': True}
2025-07-07 12:49:50,705 : INFO : EventManager : Event: ======'machine_var_audits_switches_s_left_out_lane_kicker'====== Args={'value': 0, 'prev_value': None, 'change': True}
2025-07-07 12:49:50,705 : INFO : EventManager : Event: ======'machine_var_audits_switches_s_left_return_lane'====== Args={'value': 208, 'prev_value': None, 'change': True}
2025-07-07 12:49:50,706 : INFO : EventManager : Event: ======'machine_var_audits_switches_s_lower_attack_bumper'====== Args={'value': 465, 'prev_value': None, 'change': True}
2025-07-07 12:49:50,706 : INFO : EventManager : Event: ======'machine_var_audits_switches_s_lower_left_rebound'====== Args={'value': 0, 'prev_value': None, 'change': True}
2025-07-07 12:49:50,706 : INFO : EventManager : Event: ======'machine_var_audits_switches_s_lower_left_slingshot'====== Args={'value': 277, 'prev_value': None, 'change': True}
2025-07-07 12:49:50,706 : INFO : EventManager : Event: ======'machine_var_audits_switches_s_lower_right_rebound'====== Args={'value': 0, 'prev_value': None, 'change': True}
2025-07-07 12:49:50,706 : INFO : EventManager : Event: ======'machine_var_audits_switches_s_lower_right_slingshot'====== Args={'value': 287, 'prev_value': None, 'change': True}
2025-07-07 12:49:50,707 : INFO : EventManager : Event: ======'machine_var_audits_switches_s_medal_drop_left'====== Args={'value': 188, 'prev_value': None, 'change': True}
2025-07-07 12:49:50,707 : INFO : EventManager : Event: ======'machine_var_audits_switches_s_medal_drop_middle'====== Args={'value': 180, 'prev_value': None, 'change': True}
2025-07-07 12:49:50,707 : INFO : EventManager : Event: ======'machine_var_audits_switches_s_medal_drop_right'====== Args={'value': 179, 'prev_value': None, 'change': True}
2025-07-07 12:49:50,707 : INFO : EventManager : Event: ======'machine_var_audits_switches_s_mission_spot_1'====== Args={'value': 0, 'prev_value': None, 'change': True}
2025-07-07 12:49:50,707 : INFO : EventManager : Event: ======'machine_var_audits_switches_s_mission_spot_2'====== Args={'value': 2, 'prev_value': None, 'change': True}
2025-07-07 12:49:50,708 : INFO : EventManager : Event: ======'machine_var_audits_switches_s_mission_spot_3'====== Args={'value': 0, 'prev_value': None, 'change': True}
2025-07-07 12:49:50,708 : INFO : EventManager : Event: ======'machine_var_audits_switches_s_multiplier_left'====== Args={'value': 0, 'prev_value': None, 'change': True}
2025-07-07 12:49:50,708 : INFO : EventManager : Event: ======'machine_var_audits_switches_s_multiplier_middle'====== Args={'value': 0, 'prev_value': None, 'change': True}
2025-07-07 12:49:50,708 : INFO : EventManager : Event: ======'machine_var_audits_switches_s_multiplier_right'====== Args={'value': 0, 'prev_value': None, 'change': True}
2025-07-07 12:49:50,708 : INFO : EventManager : Event: ======'machine_var_audits_switches_s_plunger'====== Args={'value': 177, 'prev_value': None, 'change': True}
2025-07-07 12:49:50,708 : INFO : EventManager : Event: ======'machine_var_audits_switches_s_radiationspot_1'====== Args={'value': 0, 'prev_value': None, 'change': True}
2025-07-07 12:49:50,709 : INFO : EventManager : Event: ======'machine_var_audits_switches_s_radiationspot_2'====== Args={'value': 0, 'prev_value': None, 'change': True}
2025-07-07 12:49:50,709 : INFO : EventManager : Event: ======'machine_var_audits_switches_s_radiationspot_3'====== Args={'value': 0, 'prev_value': None, 'change': True}
2025-07-07 12:49:50,709 : INFO : EventManager : Event: ======'machine_var_audits_switches_s_red_wormhole'====== Args={'value': 0, 'prev_value': None, 'change': True}
2025-07-07 12:49:50,710 : INFO : EventManager : Event: ======'machine_var_audits_switches_s_reentry_left'====== Args={'value': 942, 'prev_value': None, 'change': True}
2025-07-07 12:49:50,710 : INFO : EventManager : Event: ======'machine_var_audits_switches_s_reentry_middle'====== Args={'value': 614, 'prev_value': None, 'change': True}
2025-07-07 12:49:50,710 : INFO : EventManager : Event: ======'machine_var_audits_switches_s_reentry_right'====== Args={'value': 591, 'prev_value': None, 'change': True}
2025-07-07 12:49:50,710 : INFO : EventManager : Event: ======'machine_var_audits_switches_s_right_attack_bumper'====== Args={'value': 57, 'prev_value': None, 'change': True}
2025-07-07 12:49:50,710 : INFO : EventManager : Event: ======'machine_var_audits_switches_s_right_flipper'====== Args={'value': 2722, 'prev_value': None, 'change': True}
2025-07-07 12:49:50,711 : INFO : EventManager : Event: ======'machine_var_audits_switches_s_right_inlane'====== Args={'value': 0, 'prev_value': None, 'change': True}
2025-07-07 12:49:50,711 : INFO : EventManager : Event: ======'machine_var_audits_switches_s_right_out_lane'====== Args={'value': 130, 'prev_value': None, 'change': True}
2025-07-07 12:49:50,711 : INFO : EventManager : Event: ======'machine_var_audits_switches_s_right_out_lane_kicker'====== Args={'value': 0, 'prev_value': None, 'change': True}
2025-07-07 12:49:50,711 : INFO : EventManager : Event: ======'machine_var_audits_switches_s_right_return_lane'====== Args={'value': 155, 'prev_value': None, 'change': True}
2025-07-07 12:49:50,711 : INFO : EventManager : Event: ======'machine_var_audits_switches_s_satellite_bumper'====== Args={'value': 0, 'prev_value': None, 'change': True}
2025-07-07 12:49:50,712 : INFO : EventManager : Event: ======'machine_var_audits_switches_s_secondary_outlane_kicker'====== Args={'value': 0, 'prev_value': None, 'change': True}
2025-07-07 12:49:50,712 : INFO : EventManager : Event: ======'machine_var_audits_switches_s_skill_shot_1'====== Args={'value': 0, 'prev_value': None, 'change': True}
2025-07-07 12:49:50,712 : INFO : EventManager : Event: ======'machine_var_audits_switches_s_skill_shot_2'====== Args={'value': 0, 'prev_value': None, 'change': True}
2025-07-07 12:49:50,712 : INFO : EventManager : Event: ======'machine_var_audits_switches_s_skill_shot_3'====== Args={'value': 0, 'prev_value': None, 'change': True}
2025-07-07 12:49:50,713 : INFO : EventManager : Event: ======'machine_var_audits_switches_s_skill_shot_4'====== Args={'value': 0, 'prev_value': None, 'change': True}
2025-07-07 12:49:50,713 : INFO : EventManager : Event: ======'machine_var_audits_switches_s_skill_shot_5'====== Args={'value': 0, 'prev_value': None, 'change': True}
2025-07-07 12:49:50,713 : INFO : EventManager : Event: ======'machine_var_audits_switches_s_skill_shot_6'====== Args={'value': 0, 'prev_value': None, 'change': True}
2025-07-07 12:49:50,713 : INFO : EventManager : Event: ======'machine_var_audits_switches_s_skill_shot_lane'====== Args={'value': 0, 'prev_value': None, 'change': True}
2025-07-07 12:49:50,713 : INFO : EventManager : Event: ======'machine_var_audits_switches_s_spacewarp_rollover'====== Args={'value': 48, 'prev_value': None, 'change': True}
2025-07-07 12:49:50,714 : INFO : EventManager : Event: ======'machine_var_audits_switches_s_start'====== Args={'value': 7, 'prev_value': None, 'change': True}
2025-07-07 12:49:50,714 : INFO : EventManager : Event: ======'machine_var_audits_switches_s_trough1'====== Args={'value': 30, 'prev_value': None, 'change': True}
2025-07-07 12:49:50,714 : INFO : EventManager : Event: ======'machine_var_audits_switches_s_trough2'====== Args={'value': 0, 'prev_value': None, 'change': True}
2025-07-07 12:49:50,714 : INFO : EventManager : Event: ======'machine_var_audits_switches_s_trough3'====== Args={'value': 0, 'prev_value': None, 'change': True}
2025-07-07 12:49:50,715 : INFO : EventManager : Event: ======'machine_var_audits_switches_s_trough4'====== Args={'value': 0, 'prev_value': None, 'change': True}
2025-07-07 12:49:50,715 : INFO : EventManager : Event: ======'machine_var_audits_switches_s_trough5'====== Args={'value': 0, 'prev_value': None, 'change': True}
2025-07-07 12:49:50,715 : INFO : EventManager : Event: ======'machine_var_audits_switches_s_trough6'====== Args={'value': 0, 'prev_value': None, 'change': True}
2025-07-07 12:49:50,715 : INFO : EventManager : Event: ======'machine_var_audits_switches_s_trough_jam'====== Args={'value': 0, 'prev_value': None, 'change': True}
2025-07-07 12:49:50,715 : INFO : EventManager : Event: ======'machine_var_audits_switches_s_upper_attack_bumper'====== Args={'value': 415, 'prev_value': None, 'change': True}
2025-07-07 12:49:50,716 : INFO : EventManager : Event: ======'machine_var_audits_switches_s_upper_left_rebound'====== Args={'value': 0, 'prev_value': None, 'change': True}
2025-07-07 12:49:50,716 : INFO : EventManager : Event: ======'machine_var_audits_switches_s_upper_right_rebound'====== Args={'value': 0, 'prev_value': None, 'change': True}
2025-07-07 12:49:50,716 : INFO : EventManager : Event: ======'machine_var_audits_switches_s_wormhole_target'====== Args={'value': 96, 'prev_value': None, 'change': True}
2025-07-07 12:49:50,716 : INFO : EventManager : Event: ======'machine_var_audits_switches_s_yellow_wormhole'====== Args={'value': 0, 'prev_value': None, 'change': True}
2025-07-07 12:49:50,717 : INFO : EventManager : Event: ======'init_phase_5'====== Args={}
2025-07-07 12:49:50,753 : INFO : EventManager : Event: ======'init_done'====== Args={}
2025-07-07 12:49:50,754 : INFO : EventManager : Event: ======'machine_reset_phase_1'====== Args={}
2025-07-07 12:49:50,762 : INFO : EventManager : Event: ======'slide_welcome_slide_removed'====== Args={'_from_bcp': True}
2025-07-07 12:49:50,762 : INFO : EventManager : Event: ======'slide_welcome_slide_created'====== Args={'_from_bcp': True}
2025-07-07 12:49:50,763 : INFO : EventManager : Event: ======'machine_reset_phase_2'====== Args={}
2025-07-07 12:49:50,763 : INFO : EventManager : Event: ======'slide_welcome_slide_active'====== Args={'_from_bcp': True}
2025-07-07 12:49:50,764 : INFO : EventManager : Event: ======'machine_reset_phase_3'====== Args={}
2025-07-07 12:49:50,764 : INFO : EventManager : Event: ======'reset_complete'====== Args={}
2025-07-07 12:49:50,765 : INFO : EventManager : Event: ======'mode_attract_will_start'====== Args={}
2025-07-07 12:49:50,765 : INFO : EventManager : Event: ======'mode_attract_starting'====== Args={}
2025-07-07 12:49:50,765 : INFO : Mode.attract : Started. Priority: 10
2025-07-07 12:49:50,765 : INFO : EventManager : Event: ======'modes_active_modes_changed'====== Args={}
2025-07-07 12:49:50,765 : INFO : EventManager : Event: ======'mode_attract_started'====== Args={}
2025-07-07 12:49:50,766 : INFO : EventManager : Event: ======'collecting_balls_complete'====== Args={}
2025-07-07 12:49:50,794 : INFO : EventManager : Event: ======'slide_awesome_slide_created'====== Args={'_from_bcp': True}
2025-07-07 12:49:50,794 : INFO : EventManager : Event: ======'slide_awesome_slide_active'====== Args={'_from_bcp': True}
2025-07-07 12:49:50,795 : INFO : Machine : Starting the main run loop with active modes: [<Mode.attract>]
2025-07-07 12:49:50,931 : INFO : BcpServer : New client connected.
2025-07-07 12:49:53,789 : INFO : EventManager : Event: ======'slide_press_start_created'====== Args={'_from_bcp': True}
2025-07-07 12:49:53,790 : INFO : EventManager : Event: ======'slide_press_start_active'====== Args={'_from_bcp': True}
2025-07-07 12:49:56,771 : INFO : EventManager : Event: ======'slide_mission_pinball_created'====== Args={'_from_bcp': True}
2025-07-07 12:49:56,772 : INFO : EventManager : Event: ======'slide_mission_pinball_active'====== Args={'_from_bcp': True}
2025-07-07 12:49:57,573 : INFO : SwitchController : <<<<<<< 's_start' active >>>>>>>
2025-07-07 12:49:57,673 : INFO : SwitchController : <<<<<<< 's_start' inactive >>>>>>>
2025-07-07 12:49:57,674 : INFO : EventManager : Event: ======'request_to_start_game'====== Args={}
2025-07-07 12:49:57,675 : INFO : EventManager : Event: ======'game_start'====== Args={'buttons': [], 'hold_time': 0.10900000017136335}
2025-07-07 12:49:57,676 : INFO : EventManager : Event: ======'mode_game_will_start'====== Args={'buttons': [], 'hold_time': 0.10900000017136335}
2025-07-07 12:49:57,677 : INFO : EventManager : Event: ======'mode_game_starting'====== Args={'buttons': [], 'hold_time': 0.10900000017136335}
2025-07-07 12:49:57,677 : INFO : EventManager : Event: ======'mode_attract_will_stop'====== Args={}
2025-07-07 12:49:57,677 : INFO : EventManager : Event: ======'mode_attract_stopping'====== Args={}
2025-07-07 12:49:57,678 : INFO : Mode.attract : Stopped.
2025-07-07 12:49:57,678 : INFO : EventManager : Event: ======'modes_active_modes_changed'====== Args={}
2025-07-07 12:49:57,679 : INFO : EventManager : Event: ======'mode_attract_stopped'====== Args={}
2025-07-07 12:49:57,679 : INFO : EventManager : Event: ======'clear'====== Args={'key': 'attract'}
2025-07-07 12:49:57,680 : INFO : Mode.game : Started. Priority: 20
2025-07-07 12:49:57,680 : INFO : EventManager : Event: ======'modes_active_modes_changed'====== Args={}
2025-07-07 12:49:57,680 : INFO : EventManager : Event: ======'mode_game_started'====== Args={'buttons': [], 'hold_time': 0.10900000017136335}
2025-07-07 12:49:57,699 : INFO : EventManager : Event: ======'game_will_start'====== Args={}
2025-07-07 12:49:57,700 : INFO : EventManager : Event: ======'game_starting'====== Args={'game': <Mode.game>}
2025-07-07 12:49:57,701 : INFO : EventManager : Unordered handler for class <Auditor> on event game_ended with priority 1. Handlers: [RegisteredHandler(callback=<bound method Auditor.disable of <Auditor>>, priority=1, kwargs={}, key=UUID('7e4a741f-0779-432a-a230-c9767a355e7f'), condition=None, blocking_facility=None), RegisteredHandler(callback=<bound method Auditor._save_audits of <Auditor>>, priority=1, kwargs={}, key=UUID('06731316-234b-4cf9-b7ae-62ed9a58a456'), condition=None, blocking_facility=None)]. The order of those handlers is not defined and they will be executed in random order. This might lead to race conditions and potential bugs.
2025-07-07 12:49:57,702 : INFO : EventManager : Event: ======'player_add_request'====== Args={}
2025-07-07 12:49:57,702 : INFO : EventManager : Event: ======'player_will_add'====== Args={'number': 1}
2025-07-07 12:49:57,702 : INFO : EventManager : Event: ======'player_adding'====== Args={'player': <Player 1>, 'number': 1}
2025-07-07 12:49:57,702 : INFO : EventManager : Event: ======'player_added'====== Args={'player': <Player 1>, 'num': 1}
2025-07-07 12:49:57,702 : INFO : Mode.game : Player added successfully. Total players: 1
2025-07-07 12:49:57,703 : INFO : EventManager : Event: ======'player_index'====== Args={'value': 0, 'prev_value': 0, 'change': 0, 'player_num': 1}
2025-07-07 12:49:57,703 : INFO : EventManager : Event: ======'player_number'====== Args={'value': 1, 'prev_value': 1, 'change': 0, 'player_num': 1}
2025-07-07 12:49:57,703 : INFO : EventManager : Event: ======'player_score'====== Args={'value': 0, 'prev_value': 0, 'change': 0, 'player_num': 1}
2025-07-07 12:49:57,704 : INFO : EventManager : Event: ======'game_started'====== Args={}
2025-07-07 12:49:57,710 : INFO : EventManager : Event: ======'player_turn_will_start'====== Args={'player': <Player 1>, 'number': 1}
2025-07-07 12:49:57,715 : INFO : EventManager : Event: ======'slide_awesome_slide_removed'====== Args={'_from_bcp': True}
2025-07-07 12:49:57,716 : INFO : EventManager : Event: ======'slide_press_start_removed'====== Args={'_from_bcp': True}
2025-07-07 12:49:57,716 : INFO : EventManager : Event: ======'slide_mission_pinball_removed'====== Args={'_from_bcp': True}
2025-07-07 12:49:57,716 : INFO : EventManager : Event: ======'slide_welcome_slide_active'====== Args={'_from_bcp': True}
2025-07-07 12:49:57,716 : INFO : EventManager : Event: ======'player_turn_starting'====== Args={'player': <Player 1>, 'number': 1}
2025-07-07 12:49:57,717 : INFO : EventManager : Event: ======'player_ball'====== Args={'value': 1, 'prev_value': 0, 'change': 1, 'player_num': 1}
2025-07-07 12:49:57,717 : INFO : EventManager : Event: ======'player_turn_started'====== Args={'player': <Player 1>, 'number': 1}
2025-07-07 12:49:57,718 : INFO : EventManager : Event: ======'ball_will_start'====== Args={'player': 1, 'ball': 1, 'balls_remaining': 2, 'is_extra_ball': False}
2025-07-07 12:49:57,721 : INFO : EventManager : Event: ======'ball_starting'====== Args={'player': 1, 'ball': 1, 'balls_remaining': 2, 'is_extra_ball': False}
2025-07-07 12:49:57,722 : INFO : EventManager : Event: ======'mode_base_will_start'====== Args={'queue': <QueuedEvent>, 'player': 1, 'ball': 1, 'balls_remaining': 2, 'is_extra_ball': False}
2025-07-07 12:49:57,723 : INFO : EventManager : Event: ======'mode_base_starting'====== Args={'queue': <QueuedEvent>, 'player': 1, 'ball': 1, 'balls_remaining': 2, 'is_extra_ball': False}
2025-07-07 12:49:57,723 : INFO : Mode.base : Started. Priority: 100
2025-07-07 12:49:57,723 : INFO : EventManager : Event: ======'modes_active_modes_changed'====== Args={}
2025-07-07 12:49:57,723 : INFO : EventManager : Event: ======'mode_base_started'====== Args={'queue': <QueuedEvent>, 'player': 1, 'ball': 1, 'balls_remaining': 2, 'is_extra_ball': False}
2025-07-07 12:49:57,724 : INFO : EventManager : Event: ======'balls_in_play'====== Args={'balls': 1}
2025-07-07 12:49:57,724 : INFO : EventManager : Event: ======'ball_started'====== Args={'player': 1, 'ball': 1, 'balls_remaining': 2, 'is_extra_ball': False}
2025-07-07 12:49:57,725 : INFO : EventManager : Event: ======'mode_lowerlanes_will_start'====== Args={'player': 1, 'ball': 1, 'balls_remaining': 2, 'is_extra_ball': False}
2025-07-07 12:49:57,725 : INFO : EventManager : Event: ======'player_shot_bonusLane_shot_enabled'====== Args={'value': True, 'prev_value': 0, 'change': 1, 'player_num': 1}
2025-07-07 12:49:57,725 : INFO : EventManager : Event: ======'player_shot_outLaneL_shot_enabled'====== Args={'value': True, 'prev_value': 0, 'change': 1, 'player_num': 1}
2025-07-07 12:49:57,726 : INFO : EventManager : Event: ======'player_shot_outLaneR_shot_enabled'====== Args={'value': True, 'prev_value': 0, 'change': 1, 'player_num': 1}
2025-07-07 12:49:57,726 : INFO : EventManager : Event: ======'outLane_shot_complete'====== Args={'state': 'unlit'}
2025-07-07 12:49:57,726 : INFO : EventManager : Event: ======'outLane_shot_unlit_complete'====== Args={}
2025-07-07 12:49:57,727 : INFO : EventManager : Event: ======'mode_lowerlanes_starting'====== Args={'player': 1, 'ball': 1, 'balls_remaining': 2, 'is_extra_ball': False}
2025-07-07 12:49:57,727 : INFO : EventManager : Event: ======'mode_reentry_will_start'====== Args={'player': 1, 'ball': 1, 'balls_remaining': 2, 'is_extra_ball': False}
2025-07-07 12:49:57,727 : INFO : EventManager : Event: ======'player_shot_reentryL_shot_enabled'====== Args={'value': True, 'prev_value': 0, 'change': 1, 'player_num': 1}
2025-07-07 12:49:57,727 : INFO : EventManager : Event: ======'player_shot_reentryM_shot_enabled'====== Args={'value': True, 'prev_value': 0, 'change': 1, 'player_num': 1}
2025-07-07 12:49:57,728 : INFO : EventManager : Event: ======'player_shot_reentryR_shot_enabled'====== Args={'value': True, 'prev_value': 0, 'change': 1, 'player_num': 1}
2025-07-07 12:49:57,728 : INFO : EventManager : Event: ======'player_shot_attack_bumper_left_shot_enabled'====== Args={'value': True, 'prev_value': 0, 'change': 1, 'player_num': 1}
2025-07-07 12:49:57,728 : INFO : EventManager : Event: ======'player_shot_attack_bumper_right_shot_enabled'====== Args={'value': True, 'prev_value': 0, 'change': 1, 'player_num': 1}
2025-07-07 12:49:57,729 : INFO : EventManager : Event: ======'player_shot_attack_bumper_lower_shot_enabled'====== Args={'value': True, 'prev_value': 0, 'change': 1, 'player_num': 1}
2025-07-07 12:49:57,729 : INFO : EventManager : Event: ======'reentry_shot_complete'====== Args={'state': 'off'}
2025-07-07 12:49:57,729 : INFO : EventManager : Event: ======'reentry_shot_off_complete'====== Args={}
2025-07-07 12:49:57,730 : INFO : EventManager : Event: ======'mode_reentry_starting'====== Args={'player': 1, 'ball': 1, 'balls_remaining': 2, 'is_extra_ball': False}
2025-07-07 12:49:57,731 : INFO : EventManager : Event: ======'mode_returnlanes_will_start'====== Args={'player': 1, 'ball': 1, 'balls_remaining': 2, 'is_extra_ball': False}
2025-07-07 12:49:57,731 : INFO : EventManager : Event: ======'player_shot_returnLaneL_shot_enabled'====== Args={'value': True, 'prev_value': 0, 'change': 1, 'player_num': 1}
2025-07-07 12:49:57,732 : INFO : EventManager : Event: ======'player_shot_returnLaneR_shot_enabled'====== Args={'value': True, 'prev_value': 0, 'change': 1, 'player_num': 1}
2025-07-07 12:49:57,732 : INFO : EventManager : Event: ======'player_shot_spacewarp_rollover_shot_enabled'====== Args={'value': True, 'prev_value': 0, 'change': 1, 'player_num': 1}
2025-07-07 12:49:57,732 : INFO : EventManager : Event: ======'returnLane_shot_complete'====== Args={'state': 'unlit'}
2025-07-07 12:49:57,732 : INFO : EventManager : Event: ======'returnLane_shot_unlit_complete'====== Args={}
2025-07-07 12:49:57,733 : INFO : EventManager : Event: ======'mode_returnlanes_starting'====== Args={'player': 1, 'ball': 1, 'balls_remaining': 2, 'is_extra_ball': False}
2025-07-07 12:49:57,734 : INFO : Mode.returnlanes : Started. Priority: 200
2025-07-07 12:49:57,734 : INFO : EventManager : Event: ======'modes_active_modes_changed'====== Args={}
2025-07-07 12:49:57,734 : INFO : EventManager : Event: ======'mode_returnlanes_started'====== Args={'player': 1, 'ball': 1, 'balls_remaining': 2, 'is_extra_ball': False}
2025-07-07 12:49:57,734 : INFO : Mode.lowerlanes : Started. Priority: 200
2025-07-07 12:49:57,735 : INFO : EventManager : Event: ======'modes_active_modes_changed'====== Args={}
2025-07-07 12:49:57,735 : INFO : EventManager : Event: ======'mode_lowerlanes_started'====== Args={'player': 1, 'ball': 1, 'balls_remaining': 2, 'is_extra_ball': False}
2025-07-07 12:49:57,763 : INFO : EventManager : Event: ======'logicblock_reentry_shot_complete_count_updated'====== Args={'value': 1, 'enabled': True}
2025-07-07 12:49:57,763 : INFO : EventManager : Event: ======'logicblock_reentry_shot_complete_count_updated'====== Args={'value': 1, 'enabled': True}
2025-07-07 12:49:57,763 : INFO : Mode.reentry : Started. Priority: 200
2025-07-07 12:49:57,763 : INFO : EventManager : Event: ======'modes_active_modes_changed'====== Args={}
2025-07-07 12:49:57,763 : INFO : EventManager : Event: ======'mode_reentry_started'====== Args={'player': 1, 'ball': 1, 'balls_remaining': 2, 'is_extra_ball': False}
2025-07-07 12:49:57,764 : INFO : EventManager : Event: ======'player_attack_bumper_count'====== Args={'value': 1, 'prev_value': 0, 'change': 1, 'player_num': 1, 'source': 'reentry'}
2025-07-07 12:49:57,764 : INFO : EventManager : Event: ======'single_player_ball_started'====== Args={}
2025-07-07 12:49:57,765 : INFO : EventManager : Event: ======'slide_base.slide_player-mode_base_started_created'====== Args={'_from_bcp': True}
2025-07-07 12:49:57,766 : INFO : EventManager : Event: ======'slide_base.slide_player-mode_base_started_active'====== Args={'_from_bcp': True}
2025-07-07 12:49:57,766 : INFO : EventManager : Event: ======'slide__global.slide_player-ball_started_created'====== Args={'_from_bcp': True}
2025-07-07 12:49:57,787 : INFO : EventManager : Event: ======'ball_start_target'====== Args={'target': 'playfield'}
2025-07-07 12:49:57,788 : INFO : ball_device.bd_plunger : Setting up player-controlled eject. Balls: 1, Target: <playfield.playfield>, player_controlled_eject_event: None
2025-07-07 12:49:57,788 : INFO : EventManager : Event: ======'balldevice_balls_available'====== Args={}
2025-07-07 12:49:57,789 : INFO : ball_device.bd_trough : State: waiting_for_target_ready
2025-07-07 12:49:57,790 : INFO : EventManager : Event: ======'balldevice_bd_trough_ball_eject_attempt'====== Args={'balls': 1, 'target': <ball_device.bd_plunger>, 'source': <ball_device.bd_trough>, 'mechanical_eject': True, 'num_attempts': 0}
2025-07-07 12:49:57,790 : INFO : ball_device.bd_plunger : State: waiting_for_ball
2025-07-07 12:49:57,790 : INFO : ball_device.bd_trough : State: ejecting
2025-07-07 12:49:57,791 : INFO : ball_device.bd_trough : Ejecting ball to <ball_device.bd_plunger>
2025-07-07 12:49:57,791 : INFO : EventManager : Event: ======'balldevice_bd_trough_ejecting_ball'====== Args={'balls': 1, 'target': <ball_device.bd_plunger>, 'source': <ball_device.bd_trough>, 'mechanical_eject': True, 'num_attempts': 0}
2025-07-07 12:49:57,791 : INFO : ball_device.bd_trough : Wait for ball to leave device
2025-07-07 12:49:57,792 : INFO : coil.c_trough_eject : Pulsing Driver for 10ms (1.0 pulse_power)
2025-07-07 12:50:02,278 : INFO : SwitchController : <<<<<<< 's_left_attack_bumper' active >>>>>>>
2025-07-07 12:50:02,279 : INFO : EventManager : Event: ======'playfield_active'====== Args={'source': 'attack_bumper_left_shot'}
2025-07-07 12:50:02,279 : INFO : EventManager : Event: ======'unexpected_ball_on_playfield'====== Args={}
2025-07-07 12:50:02,279 : INFO : EventManager : Event: ======'s_left_attack_bumper_active'====== Args={}
2025-07-07 12:50:02,279 : INFO : EventManager : Event: ======'playfield_active'====== Args={'source': 'left_attack_bumper'}
2025-07-07 12:50:02,279 : INFO : EventManager : Event: ======'unexpected_ball_on_playfield'====== Args={}
2025-07-07 12:50:02,280 : INFO : EventManager : Event: ======'machine_var_audits_switches_s_left_attack_bumper'====== Args={'value': 854, 'prev_value': 853, 'change': 1}
2025-07-07 12:50:02,281 : INFO : EventManager : Event: ======'player_shot_attack_bumper_left_shot'====== Args={'value': 1, 'prev_value': 0, 'change': 1, 'player_num': 1}
2025-07-07 12:50:02,281 : INFO : EventManager : Event: ======'machine_var_audits_shots_attack_bumper_left_shot'====== Args={'value': 117, 'prev_value': 116, 'change': 1}
2025-07-07 12:50:02,282 : INFO : EventManager : Event: ======'attack_bumper_left_shot_hit'====== Args={'profile': 'default', 'state': 'unlit', 'advancing': True}
2025-07-07 12:50:02,282 : INFO : EventManager : Event: ======'attack_bumper_left_shot_default_hit'====== Args={'profile': 'default', 'state': 'unlit', 'advancing': True}
2025-07-07 12:50:02,282 : INFO : EventManager : Event: ======'attack_bumper_left_shot_default_unlit_hit'====== Args={'profile': 'default', 'state': 'unlit', 'advancing': True}
2025-07-07 12:50:02,282 : INFO : EventManager : Event: ======'attack_bumper_left_shot_unlit_hit'====== Args={'profile': 'default', 'state': 'unlit', 'advancing': True}
2025-07-07 12:50:02,294 : INFO : SwitchController : <<<<<<< 's_left_attack_bumper' inactive >>>>>>>
2025-07-07 12:50:02,353 : INFO : SwitchController : <<<<<<< 's_left_attack_bumper' active >>>>>>>
2025-07-07 12:50:02,353 : INFO : EventManager : Event: ======'playfield_active'====== Args={'source': 'attack_bumper_left_shot'}
2025-07-07 12:50:02,353 : INFO : EventManager : Event: ======'unexpected_ball_on_playfield'====== Args={}
2025-07-07 12:50:02,353 : INFO : EventManager : Event: ======'s_left_attack_bumper_active'====== Args={}
2025-07-07 12:50:02,353 : INFO : EventManager : Event: ======'playfield_active'====== Args={'source': 'left_attack_bumper'}
2025-07-07 12:50:02,354 : INFO : EventManager : Event: ======'unexpected_ball_on_playfield'====== Args={}
2025-07-07 12:50:02,354 : INFO : EventManager : Event: ======'machine_var_audits_switches_s_left_attack_bumper'====== Args={'value': 855, 'prev_value': 854, 'change': 1}
2025-07-07 12:50:02,355 : INFO : EventManager : Event: ======'machine_var_audits_shots_attack_bumper_left_shot'====== Args={'value': 118, 'prev_value': 117, 'change': 1}
2025-07-07 12:50:02,355 : INFO : EventManager : Event: ======'attack_bumper_left_shot_hit'====== Args={'profile': 'default', 'state': 'lit', 'advancing': False}
2025-07-07 12:50:02,355 : INFO : EventManager : Event: ======'attack_bumper_left_shot_default_hit'====== Args={'profile': 'default', 'state': 'lit', 'advancing': False}
2025-07-07 12:50:02,355 : INFO : EventManager : Event: ======'attack_bumper_left_shot_default_lit_hit'====== Args={'profile': 'default', 'state': 'lit', 'advancing': False}
2025-07-07 12:50:02,355 : INFO : EventManager : Event: ======'attack_bumper_left_shot_lit_hit'====== Args={'profile': 'default', 'state': 'lit', 'advancing': False}
2025-07-07 12:50:02,385 : INFO : SwitchController : <<<<<<< 's_left_attack_bumper' inactive >>>>>>>
2025-07-07 12:50:03,493 : INFO : SwitchController : <<<<<<< 's_lower_attack_bumper' active >>>>>>>
2025-07-07 12:50:03,494 : INFO : EventManager : Event: ======'playfield_active'====== Args={'source': 'attack_bumper_lower_shot'}
2025-07-07 12:50:03,494 : INFO : EventManager : Event: ======'unexpected_ball_on_playfield'====== Args={}
2025-07-07 12:50:03,494 : INFO : EventManager : Event: ======'s_lower_attack_bumper_active'====== Args={}
2025-07-07 12:50:03,494 : INFO : EventManager : Event: ======'playfield_active'====== Args={'source': 'lower_attack_bumper'}
2025-07-07 12:50:03,494 : INFO : EventManager : Event: ======'unexpected_ball_on_playfield'====== Args={}
2025-07-07 12:50:03,494 : INFO : EventManager : Event: ======'machine_var_audits_switches_s_lower_attack_bumper'====== Args={'value': 466, 'prev_value': 465, 'change': 1}
2025-07-07 12:50:03,495 : INFO : EventManager : Event: ======'player_shot_attack_bumper_lower_shot'====== Args={'value': 1, 'prev_value': 0, 'change': 1, 'player_num': 1}
2025-07-07 12:50:03,496 : INFO : EventManager : Event: ======'machine_var_audits_shots_attack_bumper_lower_shot'====== Args={'value': 216, 'prev_value': 215, 'change': 1}
2025-07-07 12:50:03,496 : INFO : EventManager : Event: ======'attack_bumper_lower_shot_hit'====== Args={'profile': 'default', 'state': 'unlit', 'advancing': True}
2025-07-07 12:50:03,496 : INFO : EventManager : Event: ======'attack_bumper_lower_shot_default_hit'====== Args={'profile': 'default', 'state': 'unlit', 'advancing': True}
2025-07-07 12:50:03,497 : INFO : EventManager : Event: ======'attack_bumper_lower_shot_default_unlit_hit'====== Args={'profile': 'default', 'state': 'unlit', 'advancing': True}
2025-07-07 12:50:03,497 : INFO : EventManager : Event: ======'attack_bumper_lower_shot_unlit_hit'====== Args={'profile': 'default', 'state': 'unlit', 'advancing': True}
2025-07-07 12:50:03,631 : INFO : SwitchController : <<<<<<< 's_lower_attack_bumper' inactive >>>>>>>
2025-07-07 12:50:04,681 : INFO : SwitchController : <<<<<<< 's_right_attack_bumper' active >>>>>>>
2025-07-07 12:50:04,682 : INFO : EventManager : Event: ======'playfield_active'====== Args={'source': 'attack_bumper_right_shot'}
2025-07-07 12:50:04,682 : INFO : EventManager : Event: ======'unexpected_ball_on_playfield'====== Args={}
2025-07-07 12:50:04,682 : INFO : EventManager : Event: ======'s_right_attack_bumper_active'====== Args={}
2025-07-07 12:50:04,682 : INFO : EventManager : Event: ======'playfield_active'====== Args={'source': 'right_attack_bumper'}
2025-07-07 12:50:04,682 : INFO : EventManager : Event: ======'unexpected_ball_on_playfield'====== Args={}
2025-07-07 12:50:04,683 : INFO : EventManager : Event: ======'machine_var_audits_switches_s_right_attack_bumper'====== Args={'value': 58, 'prev_value': 57, 'change': 1}
2025-07-07 12:50:04,684 : INFO : EventManager : Event: ======'player_shot_attack_bumper_right_shot'====== Args={'value': 1, 'prev_value': 0, 'change': 1, 'player_num': 1}
2025-07-07 12:50:04,685 : INFO : EventManager : Event: ======'machine_var_audits_shots_attack_bumper_right_shot'====== Args={'value': 56, 'prev_value': 55, 'change': 1}
2025-07-07 12:50:04,686 : INFO : EventManager : Event: ======'attack_bumper_right_shot_hit'====== Args={'profile': 'default', 'state': 'unlit', 'advancing': True}
2025-07-07 12:50:04,686 : INFO : EventManager : Event: ======'attack_bumper_right_shot_default_hit'====== Args={'profile': 'default', 'state': 'unlit', 'advancing': True}
2025-07-07 12:50:04,686 : INFO : EventManager : Event: ======'attack_bumper_right_shot_default_unlit_hit'====== Args={'profile': 'default', 'state': 'unlit', 'advancing': True}
2025-07-07 12:50:04,686 : INFO : EventManager : Event: ======'attack_bumper_right_shot_unlit_hit'====== Args={'profile': 'default', 'state': 'unlit', 'advancing': True}
2025-07-07 12:50:04,806 : INFO : SwitchController : <<<<<<< 's_right_attack_bumper' inactive >>>>>>>
2025-07-07 12:50:07,781 : INFO : EventManager : Event: ======'balldevice_bd_trough_ball_eject_failed'====== Args={'target': <ball_device.bd_plunger>, 'balls': 1, 'retry': True, 'num_attempts': 1}
2025-07-07 12:50:07,784 : INFO : ball_device.bd_trough : State: waiting_for_target_ready
2025-07-07 12:50:07,784 : INFO : EventManager : Event: ======'balldevice_bd_trough_ball_eject_attempt'====== Args={'balls': 1, 'target': <ball_device.bd_plunger>, 'source': <ball_device.bd_trough>, 'mechanical_eject': True, 'num_attempts': 1}
2025-07-07 12:50:07,786 : INFO : ball_device.bd_trough : State: ejecting
2025-07-07 12:50:07,786 : INFO : ball_device.bd_trough : Ejecting ball to <ball_device.bd_plunger>
2025-07-07 12:50:07,786 : INFO : EventManager : Event: ======'balldevice_bd_trough_ejecting_ball'====== Args={'balls': 1, 'target': <ball_device.bd_plunger>, 'source': <ball_device.bd_trough>, 'mechanical_eject': True, 'num_attempts': 1}
2025-07-07 12:50:07,788 : INFO : ball_device.bd_trough : Wait for ball to leave device
2025-07-07 12:50:07,788 : INFO : coil.c_trough_eject : Pulsing Driver for 10ms (1.0 pulse_power)
2025-07-07 12:50:17,789 : INFO : EventManager : Event: ======'balldevice_bd_trough_ball_eject_failed'====== Args={'target': <ball_device.bd_plunger>, 'balls': 1, 'retry': True, 'num_attempts': 2}
2025-07-07 12:50:17,791 : INFO : ball_device.bd_trough : State: waiting_for_target_ready
2025-07-07 12:50:17,791 : INFO : EventManager : Event: ======'balldevice_bd_trough_ball_eject_attempt'====== Args={'balls': 1, 'target': <ball_device.bd_plunger>, 'source': <ball_device.bd_trough>, 'mechanical_eject': True, 'num_attempts': 2}
2025-07-07 12:50:17,792 : INFO : ball_device.bd_trough : State: ejecting
2025-07-07 12:50:17,793 : INFO : ball_device.bd_trough : Ejecting ball to <ball_device.bd_plunger>
2025-07-07 12:50:17,793 : INFO : EventManager : Event: ======'balldevice_bd_trough_ejecting_ball'====== Args={'balls': 1, 'target': <ball_device.bd_plunger>, 'source': <ball_device.bd_trough>, 'mechanical_eject': True, 'num_attempts': 2}
2025-07-07 12:50:17,794 : INFO : ball_device.bd_trough : Wait for ball to leave device
2025-07-07 12:50:17,795 : INFO : coil.c_trough_eject : Pulsing Driver for 10ms (1.0 pulse_power)
2025-07-07 12:50:27,788 : INFO : EventManager : Event: ======'balldevice_bd_trough_ball_eject_failed'====== Args={'target': <ball_device.bd_plunger>, 'balls': 1, 'retry': True, 'num_attempts': 3}
2025-07-07 12:50:27,788 : INFO : ball_device.bd_trough : State: waiting_for_target_ready
2025-07-07 12:50:27,789 : INFO : EventManager : Event: ======'balldevice_bd_trough_ball_eject_attempt'====== Args={'balls': 1, 'target': <ball_device.bd_plunger>, 'source': <ball_device.bd_trough>, 'mechanical_eject': True, 'num_attempts': 3}
2025-07-07 12:50:27,789 : INFO : ball_device.bd_trough : State: ejecting
2025-07-07 12:50:27,789 : INFO : ball_device.bd_trough : Ejecting ball to <ball_device.bd_plunger>
2025-07-07 12:50:27,789 : INFO : EventManager : Event: ======'balldevice_bd_trough_ejecting_ball'====== Args={'balls': 1, 'target': <ball_device.bd_plunger>, 'source': <ball_device.bd_trough>, 'mechanical_eject': True, 'num_attempts': 3}
2025-07-07 12:50:27,790 : INFO : ball_device.bd_trough : Wait for ball to leave device
2025-07-07 12:50:27,790 : INFO : coil.c_trough_eject : Pulsing Driver for 10ms (1.0 pulse_power)
2025-07-07 12:50:37,793 : INFO : EventManager : Event: ======'balldevice_bd_trough_ball_eject_failed'====== Args={'target': <ball_device.bd_plunger>, 'balls': 1, 'retry': True, 'num_attempts': 4}
2025-07-07 12:50:37,794 : INFO : ball_device.bd_trough : State: waiting_for_target_ready
2025-07-07 12:50:37,795 : INFO : EventManager : Event: ======'balldevice_bd_trough_ball_eject_attempt'====== Args={'balls': 1, 'target': <ball_device.bd_plunger>, 'source': <ball_device.bd_trough>, 'mechanical_eject': True, 'num_attempts': 4}
2025-07-07 12:50:37,795 : INFO : ball_device.bd_trough : State: ejecting
2025-07-07 12:50:37,796 : INFO : ball_device.bd_trough : Ejecting ball to <ball_device.bd_plunger>
2025-07-07 12:50:37,796 : INFO : EventManager : Event: ======'balldevice_bd_trough_ejecting_ball'====== Args={'balls': 1, 'target': <ball_device.bd_plunger>, 'source': <ball_device.bd_trough>, 'mechanical_eject': True, 'num_attempts': 4}
2025-07-07 12:50:37,797 : INFO : ball_device.bd_trough : Wait for ball to leave device
2025-07-07 12:50:37,797 : INFO : coil.c_trough_eject : Pulsing Driver for 10ms (1.0 pulse_power)
2025-07-07 12:50:47,781 : INFO : EventManager : Event: ======'balldevice_bd_trough_ball_eject_failed'====== Args={'target': <ball_device.bd_plunger>, 'balls': 1, 'retry': True, 'num_attempts': 5}
2025-07-07 12:50:47,783 : INFO : ball_device.bd_trough : State: waiting_for_target_ready
2025-07-07 12:50:47,784 : INFO : EventManager : Event: ======'balldevice_bd_trough_ball_eject_attempt'====== Args={'balls': 1, 'target': <ball_device.bd_plunger>, 'source': <ball_device.bd_trough>, 'mechanical_eject': True, 'num_attempts': 5}
2025-07-07 12:50:47,785 : INFO : ball_device.bd_trough : State: ejecting
2025-07-07 12:50:47,785 : INFO : ball_device.bd_trough : Ejecting ball to <ball_device.bd_plunger>
2025-07-07 12:50:47,785 : INFO : EventManager : Event: ======'balldevice_bd_trough_ejecting_ball'====== Args={'balls': 1, 'target': <ball_device.bd_plunger>, 'source': <ball_device.bd_trough>, 'mechanical_eject': True, 'num_attempts': 5}
2025-07-07 12:50:47,787 : INFO : ball_device.bd_trough : Wait for ball to leave device
2025-07-07 12:50:47,787 : INFO : coil.c_trough_eject : Pulsing Driver for 10ms (1.0 pulse_power)
2025-07-07 12:50:57,787 : INFO : EventManager : Event: ======'balldevice_bd_trough_ball_eject_failed'====== Args={'target': <ball_device.bd_plunger>, 'balls': 1, 'retry': True, 'num_attempts': 6}
2025-07-07 12:50:57,788 : INFO : ball_device.bd_trough : State: waiting_for_target_ready
2025-07-07 12:50:57,789 : INFO : EventManager : Event: ======'balldevice_bd_trough_ball_eject_attempt'====== Args={'balls': 1, 'target': <ball_device.bd_plunger>, 'source': <ball_device.bd_trough>, 'mechanical_eject': True, 'num_attempts': 6}
2025-07-07 12:50:57,789 : INFO : ball_device.bd_trough : State: ejecting
2025-07-07 12:50:57,790 : INFO : ball_device.bd_trough : Ejecting ball to <ball_device.bd_plunger>
2025-07-07 12:50:57,790 : INFO : EventManager : Event: ======'balldevice_bd_trough_ejecting_ball'====== Args={'balls': 1, 'target': <ball_device.bd_plunger>, 'source': <ball_device.bd_trough>, 'mechanical_eject': True, 'num_attempts': 6}
2025-07-07 12:50:57,790 : INFO : ball_device.bd_trough : Wait for ball to leave device
2025-07-07 12:50:57,791 : INFO : coil.c_trough_eject : Pulsing Driver for 10ms (1.0 pulse_power)
2025-07-07 12:51:07,781 : INFO : EventManager : Event: ======'balldevice_bd_trough_ball_eject_failed'====== Args={'target': <ball_device.bd_plunger>, 'balls': 1, 'retry': True, 'num_attempts': 7}
2025-07-07 12:51:07,782 : INFO : ball_device.bd_trough : State: waiting_for_target_ready
2025-07-07 12:51:07,782 : INFO : EventManager : Event: ======'balldevice_bd_trough_ball_eject_attempt'====== Args={'balls': 1, 'target': <ball_device.bd_plunger>, 'source': <ball_device.bd_trough>, 'mechanical_eject': True, 'num_attempts': 7}
2025-07-07 12:51:07,783 : INFO : ball_device.bd_trough : State: ejecting
2025-07-07 12:51:07,783 : INFO : ball_device.bd_trough : Ejecting ball to <ball_device.bd_plunger>
2025-07-07 12:51:07,783 : INFO : EventManager : Event: ======'balldevice_bd_trough_ejecting_ball'====== Args={'balls': 1, 'target': <ball_device.bd_plunger>, 'source': <ball_device.bd_trough>, 'mechanical_eject': True, 'num_attempts': 7}
2025-07-07 12:51:07,784 : INFO : ball_device.bd_trough : Wait for ball to leave device
2025-07-07 12:51:07,784 : INFO : coil.c_trough_eject : Pulsing Driver for 10ms (1.0 pulse_power)
2025-07-07 12:51:17,793 : INFO : EventManager : Event: ======'balldevice_bd_trough_ball_eject_failed'====== Args={'target': <ball_device.bd_plunger>, 'balls': 1, 'retry': True, 'num_attempts': 8}
2025-07-07 12:51:17,795 : INFO : ball_device.bd_trough : State: waiting_for_target_ready
2025-07-07 12:51:17,795 : INFO : EventManager : Event: ======'balldevice_bd_trough_ball_eject_attempt'====== Args={'balls': 1, 'target': <ball_device.bd_plunger>, 'source': <ball_device.bd_trough>, 'mechanical_eject': True, 'num_attempts': 8}
2025-07-07 12:51:17,796 : INFO : ball_device.bd_trough : State: ejecting
2025-07-07 12:51:17,796 : INFO : ball_device.bd_trough : Ejecting ball to <ball_device.bd_plunger>
2025-07-07 12:51:17,796 : INFO : EventManager : Event: ======'balldevice_bd_trough_ejecting_ball'====== Args={'balls': 1, 'target': <ball_device.bd_plunger>, 'source': <ball_device.bd_trough>, 'mechanical_eject': True, 'num_attempts': 8}
2025-07-07 12:51:17,797 : INFO : ball_device.bd_trough : Wait for ball to leave device
2025-07-07 12:51:17,797 : INFO : coil.c_trough_eject : Pulsing Driver for 10ms (1.0 pulse_power)
2025-07-07 12:51:27,780 : INFO : EventManager : Event: ======'balldevice_bd_trough_ball_eject_failed'====== Args={'target': <ball_device.bd_plunger>, 'balls': 1, 'retry': True, 'num_attempts': 9}
2025-07-07 12:51:27,781 : INFO : ball_device.bd_trough : State: waiting_for_target_ready
2025-07-07 12:51:27,782 : INFO : EventManager : Event: ======'balldevice_bd_trough_ball_eject_attempt'====== Args={'balls': 1, 'target': <ball_device.bd_plunger>, 'source': <ball_device.bd_trough>, 'mechanical_eject': True, 'num_attempts': 9}
2025-07-07 12:51:27,783 : INFO : ball_device.bd_trough : State: ejecting
2025-07-07 12:51:27,783 : INFO : ball_device.bd_trough : Ejecting ball to <ball_device.bd_plunger>
2025-07-07 12:51:27,783 : INFO : EventManager : Event: ======'balldevice_bd_trough_ejecting_ball'====== Args={'balls': 1, 'target': <ball_device.bd_plunger>, 'source': <ball_device.bd_trough>, 'mechanical_eject': True, 'num_attempts': 9}
2025-07-07 12:51:27,785 : INFO : ball_device.bd_trough : Wait for ball to leave device
2025-07-07 12:51:27,785 : INFO : coil.c_trough_eject : Pulsing Driver for 10ms (1.0 pulse_power)
2025-07-07 12:51:37,781 : INFO : EventManager : Event: ======'balldevice_bd_trough_ball_eject_failed'====== Args={'target': <ball_device.bd_plunger>, 'balls': 1, 'retry': True, 'num_attempts': 10}
2025-07-07 12:51:37,783 : INFO : ball_device.bd_trough : State: waiting_for_target_ready
2025-07-07 12:51:37,783 : INFO : EventManager : Event: ======'balldevice_bd_trough_ball_eject_attempt'====== Args={'balls': 1, 'target': <ball_device.bd_plunger>, 'source': <ball_device.bd_trough>, 'mechanical_eject': True, 'num_attempts': 10}
2025-07-07 12:51:37,784 : INFO : ball_device.bd_trough : State: ejecting
2025-07-07 12:51:37,785 : INFO : ball_device.bd_trough : Ejecting ball to <ball_device.bd_plunger>
2025-07-07 12:51:37,785 : INFO : EventManager : Event: ======'balldevice_bd_trough_ejecting_ball'====== Args={'balls': 1, 'target': <ball_device.bd_plunger>, 'source': <ball_device.bd_trough>, 'mechanical_eject': True, 'num_attempts': 10}
2025-07-07 12:51:37,786 : INFO : ball_device.bd_trough : Wait for ball to leave device
2025-07-07 12:51:37,786 : INFO : coil.c_trough_eject : Pulsing Driver for 10ms (1.0 pulse_power)
2025-07-07 12:51:47,794 : INFO : EventManager : Event: ======'balldevice_bd_trough_ball_eject_failed'====== Args={'target': <ball_device.bd_plunger>, 'balls': 1, 'retry': True, 'num_attempts': 11}
2025-07-07 12:51:47,796 : INFO : ball_device.bd_trough : State: waiting_for_target_ready
2025-07-07 12:51:47,796 : INFO : EventManager : Event: ======'balldevice_bd_trough_ball_eject_attempt'====== Args={'balls': 1, 'target': <ball_device.bd_plunger>, 'source': <ball_device.bd_trough>, 'mechanical_eject': True, 'num_attempts': 11}
2025-07-07 12:51:47,798 : INFO : ball_device.bd_trough : State: ejecting
2025-07-07 12:51:47,798 : INFO : ball_device.bd_trough : Ejecting ball to <ball_device.bd_plunger>
2025-07-07 12:51:47,798 : INFO : EventManager : Event: ======'balldevice_bd_trough_ejecting_ball'====== Args={'balls': 1, 'target': <ball_device.bd_plunger>, 'source': <ball_device.bd_trough>, 'mechanical_eject': True, 'num_attempts': 11}
2025-07-07 12:51:47,799 : INFO : ball_device.bd_trough : Wait for ball to leave device
2025-07-07 12:51:47,800 : INFO : coil.c_trough_eject : Pulsing Driver for 10ms (1.0 pulse_power)
2025-07-07 12:51:57,781 : INFO : EventManager : Event: ======'balldevice_bd_trough_ball_eject_failed'====== Args={'target': <ball_device.bd_plunger>, 'balls': 1, 'retry': True, 'num_attempts': 12}
2025-07-07 12:51:57,783 : INFO : ball_device.bd_trough : State: waiting_for_target_ready
2025-07-07 12:51:57,783 : INFO : EventManager : Event: ======'balldevice_bd_trough_ball_eject_attempt'====== Args={'balls': 1, 'target': <ball_device.bd_plunger>, 'source': <ball_device.bd_trough>, 'mechanical_eject': True, 'num_attempts': 12}
2025-07-07 12:51:57,784 : INFO : ball_device.bd_trough : State: ejecting
2025-07-07 12:51:57,784 : INFO : ball_device.bd_trough : Ejecting ball to <ball_device.bd_plunger>
2025-07-07 12:51:57,784 : INFO : EventManager : Event: ======'balldevice_bd_trough_ejecting_ball'====== Args={'balls': 1, 'target': <ball_device.bd_plunger>, 'source': <ball_device.bd_trough>, 'mechanical_eject': True, 'num_attempts': 12}
2025-07-07 12:51:57,785 : INFO : ball_device.bd_trough : Wait for ball to leave device
2025-07-07 12:51:57,785 : INFO : coil.c_trough_eject : Pulsing Driver for 10ms (1.0 pulse_power)
2025-07-07 12:52:00,198 : INFO : SwitchController : <<<<<<< 's_left_attack_bumper' active >>>>>>>
2025-07-07 12:52:00,198 : INFO : EventManager : Event: ======'playfield_active'====== Args={'source': 'attack_bumper_left_shot'}
2025-07-07 12:52:00,198 : INFO : EventManager : Event: ======'unexpected_ball_on_playfield'====== Args={}
2025-07-07 12:52:00,198 : INFO : EventManager : Event: ======'s_left_attack_bumper_active'====== Args={}
2025-07-07 12:52:00,198 : INFO : EventManager : Event: ======'playfield_active'====== Args={'source': 'left_attack_bumper'}
2025-07-07 12:52:00,199 : INFO : EventManager : Event: ======'unexpected_ball_on_playfield'====== Args={}
2025-07-07 12:52:00,199 : INFO : EventManager : Event: ======'machine_var_audits_switches_s_left_attack_bumper'====== Args={'value': 856, 'prev_value': 855, 'change': 1}
2025-07-07 12:52:00,200 : INFO : EventManager : Event: ======'machine_var_audits_shots_attack_bumper_left_shot'====== Args={'value': 119, 'prev_value': 118, 'change': 1}
2025-07-07 12:52:00,201 : INFO : EventManager : Event: ======'attack_bumper_left_shot_hit'====== Args={'profile': 'default', 'state': 'lit', 'advancing': False}
2025-07-07 12:52:00,201 : INFO : EventManager : Event: ======'attack_bumper_left_shot_default_hit'====== Args={'profile': 'default', 'state': 'lit', 'advancing': False}
2025-07-07 12:52:00,201 : INFO : EventManager : Event: ======'attack_bumper_left_shot_default_lit_hit'====== Args={'profile': 'default', 'state': 'lit', 'advancing': False}
2025-07-07 12:52:00,202 : INFO : EventManager : Event: ======'attack_bumper_left_shot_lit_hit'====== Args={'profile': 'default', 'state': 'lit', 'advancing': False}
2025-07-07 12:52:00,219 : INFO : SwitchController : <<<<<<< 's_left_attack_bumper' inactive >>>>>>>
2025-07-07 12:52:07,781 : INFO : EventManager : Event: ======'balldevice_bd_trough_ball_eject_failed'====== Args={'target': <ball_device.bd_plunger>, 'balls': 1, 'retry': True, 'num_attempts': 13}
2025-07-07 12:52:07,783 : INFO : ball_device.bd_trough : State: waiting_for_target_ready
2025-07-07 12:52:07,783 : INFO : EventManager : Event: ======'balldevice_bd_trough_ball_eject_attempt'====== Args={'balls': 1, 'target': <ball_device.bd_plunger>, 'source': <ball_device.bd_trough>, 'mechanical_eject': True, 'num_attempts': 13}
2025-07-07 12:52:07,784 : INFO : ball_device.bd_trough : State: ejecting
2025-07-07 12:52:07,784 : INFO : ball_device.bd_trough : Ejecting ball to <ball_device.bd_plunger>
2025-07-07 12:52:07,785 : INFO : EventManager : Event: ======'balldevice_bd_trough_ejecting_ball'====== Args={'balls': 1, 'target': <ball_device.bd_plunger>, 'source': <ball_device.bd_trough>, 'mechanical_eject': True, 'num_attempts': 13}
2025-07-07 12:52:07,786 : INFO : ball_device.bd_trough : Wait for ball to leave device
2025-07-07 12:52:07,786 : INFO : coil.c_trough_eject : Pulsing Driver for 10ms (1.0 pulse_power)
2025-07-07 12:52:17,780 : INFO : EventManager : Event: ======'balldevice_bd_trough_ball_eject_failed'====== Args={'target': <ball_device.bd_plunger>, 'balls': 1, 'retry': True, 'num_attempts': 14}
2025-07-07 12:52:17,781 : INFO : ball_device.bd_trough : State: waiting_for_target_ready
2025-07-07 12:52:17,781 : INFO : EventManager : Event: ======'balldevice_bd_trough_ball_eject_attempt'====== Args={'balls': 1, 'target': <ball_device.bd_plunger>, 'source': <ball_device.bd_trough>, 'mechanical_eject': True, 'num_attempts': 14}
2025-07-07 12:52:17,782 : INFO : ball_device.bd_trough : State: ejecting
2025-07-07 12:52:17,782 : INFO : ball_device.bd_trough : Ejecting ball to <ball_device.bd_plunger>
2025-07-07 12:52:17,782 : INFO : EventManager : Event: ======'balldevice_bd_trough_ejecting_ball'====== Args={'balls': 1, 'target': <ball_device.bd_plunger>, 'source': <ball_device.bd_trough>, 'mechanical_eject': True, 'num_attempts': 14}
2025-07-07 12:52:17,783 : INFO : ball_device.bd_trough : Wait for ball to leave device
2025-07-07 12:52:17,783 : INFO : coil.c_trough_eject : Pulsing Driver for 10ms (1.0 pulse_power)
2025-07-07 12:52:27,792 : INFO : EventManager : Event: ======'balldevice_bd_trough_ball_eject_failed'====== Args={'target': <ball_device.bd_plunger>, 'balls': 1, 'retry': True, 'num_attempts': 15}
2025-07-07 12:52:27,794 : INFO : ball_device.bd_trough : State: waiting_for_target_ready
2025-07-07 12:52:27,794 : INFO : EventManager : Event: ======'balldevice_bd_trough_ball_eject_attempt'====== Args={'balls': 1, 'target': <ball_device.bd_plunger>, 'source': <ball_device.bd_trough>, 'mechanical_eject': True, 'num_attempts': 15}
2025-07-07 12:52:27,795 : INFO : ball_device.bd_trough : State: ejecting
2025-07-07 12:52:27,795 : INFO : ball_device.bd_trough : Ejecting ball to <ball_device.bd_plunger>
2025-07-07 12:52:27,795 : INFO : EventManager : Event: ======'balldevice_bd_trough_ejecting_ball'====== Args={'balls': 1, 'target': <ball_device.bd_plunger>, 'source': <ball_device.bd_trough>, 'mechanical_eject': True, 'num_attempts': 15}
2025-07-07 12:52:27,796 : INFO : ball_device.bd_trough : Wait for ball to leave device
2025-07-07 12:52:27,797 : INFO : coil.c_trough_eject : Pulsing Driver for 10ms (1.0 pulse_power)
2025-07-07 12:52:37,780 : INFO : EventManager : Event: ======'balldevice_bd_trough_ball_eject_failed'====== Args={'target': <ball_device.bd_plunger>, 'balls': 1, 'retry': True, 'num_attempts': 16}
2025-07-07 12:52:37,781 : INFO : ball_device.bd_trough : State: waiting_for_target_ready
2025-07-07 12:52:37,782 : INFO : EventManager : Event: ======'balldevice_bd_trough_ball_eject_attempt'====== Args={'balls': 1, 'target': <ball_device.bd_plunger>, 'source': <ball_device.bd_trough>, 'mechanical_eject': True, 'num_attempts': 16}
2025-07-07 12:52:37,783 : INFO : ball_device.bd_trough : State: ejecting
2025-07-07 12:52:37,783 : INFO : ball_device.bd_trough : Ejecting ball to <ball_device.bd_plunger>
2025-07-07 12:52:37,783 : INFO : EventManager : Event: ======'balldevice_bd_trough_ejecting_ball'====== Args={'balls': 1, 'target': <ball_device.bd_plunger>, 'source': <ball_device.bd_trough>, 'mechanical_eject': True, 'num_attempts': 16}
2025-07-07 12:52:37,785 : INFO : ball_device.bd_trough : Wait for ball to leave device
2025-07-07 12:52:37,785 : INFO : coil.c_trough_eject : Pulsing Driver for 10ms (1.0 pulse_power)
2025-07-07 12:52:47,786 : INFO : EventManager : Event: ======'balldevice_bd_trough_ball_eject_failed'====== Args={'target': <ball_device.bd_plunger>, 'balls': 1, 'retry': True, 'num_attempts': 17}
2025-07-07 12:52:47,788 : INFO : ball_device.bd_trough : State: waiting_for_target_ready
2025-07-07 12:52:47,788 : INFO : EventManager : Event: ======'balldevice_bd_trough_ball_eject_attempt'====== Args={'balls': 1, 'target': <ball_device.bd_plunger>, 'source': <ball_device.bd_trough>, 'mechanical_eject': True, 'num_attempts': 17}
2025-07-07 12:52:47,789 : INFO : ball_device.bd_trough : State: ejecting
2025-07-07 12:52:47,790 : INFO : ball_device.bd_trough : Ejecting ball to <ball_device.bd_plunger>
2025-07-07 12:52:47,790 : INFO : EventManager : Event: ======'balldevice_bd_trough_ejecting_ball'====== Args={'balls': 1, 'target': <ball_device.bd_plunger>, 'source': <ball_device.bd_trough>, 'mechanical_eject': True, 'num_attempts': 17}
2025-07-07 12:52:47,791 : INFO : ball_device.bd_trough : Wait for ball to leave device
2025-07-07 12:52:47,791 : INFO : coil.c_trough_eject : Pulsing Driver for 10ms (1.0 pulse_power)
2025-07-07 12:52:57,783 : INFO : EventManager : Event: ======'balldevice_bd_trough_ball_eject_failed'====== Args={'target': <ball_device.bd_plunger>, 'balls': 1, 'retry': True, 'num_attempts': 18}
2025-07-07 12:52:57,784 : INFO : ball_device.bd_trough : State: waiting_for_target_ready
2025-07-07 12:52:57,785 : INFO : EventManager : Event: ======'balldevice_bd_trough_ball_eject_attempt'====== Args={'balls': 1, 'target': <ball_device.bd_plunger>, 'source': <ball_device.bd_trough>, 'mechanical_eject': True, 'num_attempts': 18}
2025-07-07 12:52:57,785 : INFO : ball_device.bd_trough : State: ejecting
2025-07-07 12:52:57,785 : INFO : ball_device.bd_trough : Ejecting ball to <ball_device.bd_plunger>
2025-07-07 12:52:57,785 : INFO : EventManager : Event: ======'balldevice_bd_trough_ejecting_ball'====== Args={'balls': 1, 'target': <ball_device.bd_plunger>, 'source': <ball_device.bd_trough>, 'mechanical_eject': True, 'num_attempts': 18}
2025-07-07 12:52:57,786 : INFO : ball_device.bd_trough : Wait for ball to leave device
2025-07-07 12:52:57,786 : INFO : coil.c_trough_eject : Pulsing Driver for 10ms (1.0 pulse_power)
2025-07-07 12:53:07,780 : INFO : EventManager : Event: ======'balldevice_bd_trough_ball_eject_failed'====== Args={'target': <ball_device.bd_plunger>, 'balls': 1, 'retry': True, 'num_attempts': 19}
2025-07-07 12:53:07,782 : INFO : ball_device.bd_trough : State: waiting_for_target_ready
2025-07-07 12:53:07,782 : INFO : EventManager : Event: ======'balldevice_bd_trough_ball_eject_attempt'====== Args={'balls': 1, 'target': <ball_device.bd_plunger>, 'source': <ball_device.bd_trough>, 'mechanical_eject': True, 'num_attempts': 19}
2025-07-07 12:53:07,783 : INFO : ball_device.bd_trough : State: ejecting
2025-07-07 12:53:07,783 : INFO : ball_device.bd_trough : Ejecting ball to <ball_device.bd_plunger>
2025-07-07 12:53:07,783 : INFO : EventManager : Event: ======'balldevice_bd_trough_ejecting_ball'====== Args={'balls': 1, 'target': <ball_device.bd_plunger>, 'source': <ball_device.bd_trough>, 'mechanical_eject': True, 'num_attempts': 19}
2025-07-07 12:53:07,784 : INFO : ball_device.bd_trough : Wait for ball to leave device
2025-07-07 12:53:07,784 : INFO : coil.c_trough_eject : Pulsing Driver for 10ms (1.0 pulse_power)
2025-07-07 12:53:17,791 : INFO : EventManager : Event: ======'balldevice_bd_trough_ball_eject_failed'====== Args={'target': <ball_device.bd_plunger>, 'balls': 1, 'retry': True, 'num_attempts': 20}
2025-07-07 12:53:17,792 : INFO : ball_device.bd_trough : State: waiting_for_target_ready
2025-07-07 12:53:17,793 : INFO : EventManager : Event: ======'balldevice_bd_trough_ball_eject_attempt'====== Args={'balls': 1, 'target': <ball_device.bd_plunger>, 'source': <ball_device.bd_trough>, 'mechanical_eject': True, 'num_attempts': 20}
2025-07-07 12:53:17,794 : INFO : ball_device.bd_trough : State: ejecting
2025-07-07 12:53:17,794 : INFO : ball_device.bd_trough : Ejecting ball to <ball_device.bd_plunger>
2025-07-07 12:53:17,794 : INFO : EventManager : Event: ======'balldevice_bd_trough_ejecting_ball'====== Args={'balls': 1, 'target': <ball_device.bd_plunger>, 'source': <ball_device.bd_trough>, 'mechanical_eject': True, 'num_attempts': 20}
2025-07-07 12:53:17,795 : INFO : ball_device.bd_trough : Wait for ball to leave device
2025-07-07 12:53:17,795 : INFO : coil.c_trough_eject : Pulsing Driver for 10ms (1.0 pulse_power)
2025-07-07 12:53:25,810 : INFO : SwitchController : <<<<<<< 's_reentry_left' active >>>>>>>
2025-07-07 12:53:25,810 : INFO : EventManager : Event: ======'playfield_active'====== Args={'source': 'reentryL_shot'}
2025-07-07 12:53:25,810 : INFO : EventManager : Event: ======'unexpected_ball_on_playfield'====== Args={}
2025-07-07 12:53:25,810 : INFO : EventManager : Event: ======'s_reentry_left_active'====== Args={}
2025-07-07 12:53:25,811 : INFO : EventManager : Event: ======'sw_playfield_active'====== Args={}
2025-07-07 12:53:25,811 : INFO : EventManager : Event: ======'machine_var_audits_switches_s_reentry_left'====== Args={'value': 943, 'prev_value': 942, 'change': 1}
2025-07-07 12:53:25,813 : INFO : EventManager : Event: ======'player_shot_reentryL_shot'====== Args={'value': 1, 'prev_value': 0, 'change': 1, 'player_num': 1}
2025-07-07 12:53:25,813 : INFO : EventManager : Event: ======'machine_var_audits_shots_reentryL_shot'====== Args={'value': 585, 'prev_value': 584, 'change': 1}
2025-07-07 12:53:25,814 : INFO : EventManager : Event: ======'reentryL_shot_hit'====== Args={'profile': 'reentry', 'state': 'off', 'advancing': True}
2025-07-07 12:53:25,814 : INFO : EventManager : Event: ======'reentryL_shot_reentry_hit'====== Args={'profile': 'reentry', 'state': 'off', 'advancing': True}
2025-07-07 12:53:25,814 : INFO : EventManager : Event: ======'reentryL_shot_reentry_off_hit'====== Args={'profile': 'reentry', 'state': 'off', 'advancing': True}
2025-07-07 12:53:25,814 : INFO : EventManager : Event: ======'reentryL_shot_off_hit'====== Args={'profile': 'reentry', 'state': 'off', 'advancing': True}
2025-07-07 12:53:25,815 : INFO : EventManager : Event: ======'reentry_shot_hit'====== Args={}
2025-07-07 12:53:25,815 : INFO : EventManager : Event: ======'reentry_shot_off_hit'====== Args={}
2025-07-07 12:53:25,815 : INFO : EventManager : Event: ======'player_score'====== Args={'value': 1000, 'prev_value': 0, 'change': 1000, 'player_num': 1, 'source': 'reentry'}
2025-07-07 12:53:25,816 : INFO : EventManager : Event: ======'playfield_active'====== Args={'source': None}
2025-07-07 12:53:25,817 : INFO : EventManager : Event: ======'unexpected_ball_on_playfield'====== Args={}
2025-07-07 12:53:25,948 : INFO : SwitchController : <<<<<<< 's_reentry_left' inactive >>>>>>>
2025-07-07 12:53:26,218 : INFO : SwitchController : <<<<<<< 's_reentry_middle' active >>>>>>>
2025-07-07 12:53:26,219 : INFO : EventManager : Event: ======'playfield_active'====== Args={'source': 'reentryM_shot'}
2025-07-07 12:53:26,219 : INFO : EventManager : Event: ======'unexpected_ball_on_playfield'====== Args={}
2025-07-07 12:53:26,219 : INFO : EventManager : Event: ======'s_reentry_middle_active'====== Args={}
2025-07-07 12:53:26,219 : INFO : EventManager : Event: ======'sw_playfield_active'====== Args={}
2025-07-07 12:53:26,219 : INFO : EventManager : Event: ======'machine_var_audits_switches_s_reentry_middle'====== Args={'value': 615, 'prev_value': 614, 'change': 1}
2025-07-07 12:53:26,221 : INFO : EventManager : Event: ======'player_shot_reentryM_shot'====== Args={'value': 1, 'prev_value': 0, 'change': 1, 'player_num': 1}
2025-07-07 12:53:26,222 : INFO : EventManager : Event: ======'machine_var_audits_shots_reentryM_shot'====== Args={'value': 541, 'prev_value': 540, 'change': 1}
2025-07-07 12:53:26,223 : INFO : EventManager : Event: ======'reentryM_shot_hit'====== Args={'profile': 'reentry', 'state': 'off', 'advancing': True}
2025-07-07 12:53:26,223 : INFO : EventManager : Event: ======'reentryM_shot_reentry_hit'====== Args={'profile': 'reentry', 'state': 'off', 'advancing': True}
2025-07-07 12:53:26,223 : INFO : EventManager : Event: ======'reentryM_shot_reentry_off_hit'====== Args={'profile': 'reentry', 'state': 'off', 'advancing': True}
2025-07-07 12:53:26,223 : INFO : EventManager : Event: ======'reentryM_shot_off_hit'====== Args={'profile': 'reentry', 'state': 'off', 'advancing': True}
2025-07-07 12:53:26,223 : INFO : EventManager : Event: ======'reentry_shot_hit'====== Args={}
2025-07-07 12:53:26,224 : INFO : EventManager : Event: ======'reentry_shot_off_hit'====== Args={}
2025-07-07 12:53:26,224 : INFO : EventManager : Event: ======'player_score'====== Args={'value': 2000, 'prev_value': 1000, 'change': 1000, 'player_num': 1, 'source': 'reentry'}
2025-07-07 12:53:26,226 : INFO : EventManager : Event: ======'playfield_active'====== Args={'source': None}
2025-07-07 12:53:26,226 : INFO : EventManager : Event: ======'unexpected_ball_on_playfield'====== Args={}
2025-07-07 12:53:26,361 : INFO : SwitchController : <<<<<<< 's_reentry_middle' inactive >>>>>>>
2025-07-07 12:53:26,644 : INFO : SwitchController : <<<<<<< 's_reentry_right' active >>>>>>>
2025-07-07 12:53:26,645 : INFO : EventManager : Event: ======'playfield_active'====== Args={'source': 'reentryR_shot'}
2025-07-07 12:53:26,645 : INFO : EventManager : Event: ======'unexpected_ball_on_playfield'====== Args={}
2025-07-07 12:53:26,645 : INFO : EventManager : Event: ======'s_reentry_right_active'====== Args={}
2025-07-07 12:53:26,645 : INFO : EventManager : Event: ======'sw_playfield_active'====== Args={}
2025-07-07 12:53:26,645 : INFO : EventManager : Event: ======'machine_var_audits_switches_s_reentry_right'====== Args={'value': 592, 'prev_value': 591, 'change': 1}
2025-07-07 12:53:26,647 : INFO : EventManager : Event: ======'player_shot_reentryR_shot'====== Args={'value': 1, 'prev_value': 0, 'change': 1, 'player_num': 1}
2025-07-07 12:53:26,648 : INFO : EventManager : Event: ======'machine_var_audits_shots_reentryR_shot'====== Args={'value': 533, 'prev_value': 532, 'change': 1}
2025-07-07 12:53:26,648 : INFO : EventManager : Event: ======'reentryR_shot_hit'====== Args={'profile': 'reentry', 'state': 'off', 'advancing': True}
2025-07-07 12:53:26,649 : INFO : EventManager : Event: ======'reentryR_shot_reentry_hit'====== Args={'profile': 'reentry', 'state': 'off', 'advancing': True}
2025-07-07 12:53:26,649 : INFO : EventManager : Event: ======'reentryR_shot_reentry_off_hit'====== Args={'profile': 'reentry', 'state': 'off', 'advancing': True}
2025-07-07 12:53:26,649 : INFO : EventManager : Event: ======'reentryR_shot_off_hit'====== Args={'profile': 'reentry', 'state': 'off', 'advancing': True}
2025-07-07 12:53:26,649 : INFO : EventManager : Event: ======'reentry_shot_complete'====== Args={'state': 'lit'}
2025-07-07 12:53:26,650 : INFO : EventManager : Event: ======'reentry_shot_lit_complete'====== Args={}
2025-07-07 12:53:26,650 : INFO : EventManager : Event: ======'player_score'====== Args={'value': 7000, 'prev_value': 2000, 'change': 5000, 'player_num': 1, 'source': 'reentry'}
2025-07-07 12:53:26,651 : INFO : EventManager : Event: ======'logicblock_reentry_shot_complete_count_updated'====== Args={'value': 2, 'enabled': True}
2025-07-07 12:53:26,651 : INFO : EventManager : Event: ======'reentry_shot_done'====== Args={'count': 2}
2025-07-07 12:53:26,654 : INFO : EventManager : Event: ======'player_attack_bumper_count'====== Args={'value': 2, 'prev_value': 1, 'change': 1, 'player_num': 1, 'source': 'reentry'}
2025-07-07 12:53:26,656 : INFO : EventManager : Event: ======'reentry_shot_hit'====== Args={}
2025-07-07 12:53:26,656 : INFO : EventManager : Event: ======'reentry_shot_off_hit'====== Args={}
2025-07-07 12:53:26,656 : INFO : EventManager : Event: ======'player_score'====== Args={'value': 8000, 'prev_value': 7000, 'change': 1000, 'player_num': 1, 'source': 'reentry'}
2025-07-07 12:53:26,658 : INFO : EventManager : Event: ======'playfield_active'====== Args={'source': None}
2025-07-07 12:53:26,658 : INFO : EventManager : Event: ======'unexpected_ball_on_playfield'====== Args={}
2025-07-07 12:53:26,725 : INFO : SwitchController : <<<<<<< 's_reentry_right' inactive >>>>>>>
2025-07-07 12:53:27,783 : INFO : EventManager : Event: ======'balldevice_bd_trough_ball_eject_failed'====== Args={'target': <ball_device.bd_plunger>, 'balls': 1, 'retry': True, 'num_attempts': 21}
2025-07-07 12:53:27,784 : INFO : ball_device.bd_trough : State: waiting_for_target_ready
2025-07-07 12:53:27,784 : INFO : EventManager : Event: ======'balldevice_bd_trough_ball_eject_attempt'====== Args={'balls': 1, 'target': <ball_device.bd_plunger>, 'source': <ball_device.bd_trough>, 'mechanical_eject': True, 'num_attempts': 21}
2025-07-07 12:53:27,785 : INFO : ball_device.bd_trough : State: ejecting
2025-07-07 12:53:27,785 : INFO : ball_device.bd_trough : Ejecting ball to <ball_device.bd_plunger>
2025-07-07 12:53:27,785 : INFO : EventManager : Event: ======'balldevice_bd_trough_ejecting_ball'====== Args={'balls': 1, 'target': <ball_device.bd_plunger>, 'source': <ball_device.bd_trough>, 'mechanical_eject': True, 'num_attempts': 21}
2025-07-07 12:53:27,786 : INFO : ball_device.bd_trough : Wait for ball to leave device
2025-07-07 12:53:27,787 : INFO : coil.c_trough_eject : Pulsing Driver for 10ms (1.0 pulse_power)
2025-07-07 12:53:28,640 : INFO : EventManager : Event: ======'player_shot_reentryL_shot'====== Args={'value': 0, 'prev_value': 1, 'change': -1, 'player_num': 1}
2025-07-07 12:53:28,643 : INFO : EventManager : Event: ======'player_shot_reentryM_shot'====== Args={'value': 0, 'prev_value': 1, 'change': -1, 'player_num': 1}
2025-07-07 12:53:28,644 : INFO : EventManager : Event: ======'player_shot_reentryR_shot'====== Args={'value': 0, 'prev_value': 1, 'change': -1, 'player_num': 1}
2025-07-07 12:53:28,645 : INFO : EventManager : Event: ======'reentry_shot_complete'====== Args={'state': 'off'}
2025-07-07 12:53:28,646 : INFO : EventManager : Event: ======'reentry_shot_off_complete'====== Args={}
2025-07-07 12:53:37,780 : INFO : EventManager : Event: ======'balldevice_bd_trough_ball_eject_failed'====== Args={'target': <ball_device.bd_plunger>, 'balls': 1, 'retry': True, 'num_attempts': 22}
2025-07-07 12:53:37,781 : INFO : ball_device.bd_trough : State: waiting_for_target_ready
2025-07-07 12:53:37,782 : INFO : EventManager : Event: ======'balldevice_bd_trough_ball_eject_attempt'====== Args={'balls': 1, 'target': <ball_device.bd_plunger>, 'source': <ball_device.bd_trough>, 'mechanical_eject': True, 'num_attempts': 22}
2025-07-07 12:53:37,783 : INFO : ball_device.bd_trough : State: ejecting
2025-07-07 12:53:37,783 : INFO : ball_device.bd_trough : Ejecting ball to <ball_device.bd_plunger>
2025-07-07 12:53:37,783 : INFO : EventManager : Event: ======'balldevice_bd_trough_ejecting_ball'====== Args={'balls': 1, 'target': <ball_device.bd_plunger>, 'source': <ball_device.bd_trough>, 'mechanical_eject': True, 'num_attempts': 22}
2025-07-07 12:53:37,784 : INFO : ball_device.bd_trough : Wait for ball to leave device
2025-07-07 12:53:37,784 : INFO : coil.c_trough_eject : Pulsing Driver for 10ms (1.0 pulse_power)
2025-07-07 12:53:47,784 : INFO : EventManager : Event: ======'balldevice_bd_trough_ball_eject_failed'====== Args={'target': <ball_device.bd_plunger>, 'balls': 1, 'retry': True, 'num_attempts': 23}
2025-07-07 12:53:47,786 : INFO : ball_device.bd_trough : State: waiting_for_target_ready
2025-07-07 12:53:47,786 : INFO : EventManager : Event: ======'balldevice_bd_trough_ball_eject_attempt'====== Args={'balls': 1, 'target': <ball_device.bd_plunger>, 'source': <ball_device.bd_trough>, 'mechanical_eject': True, 'num_attempts': 23}
2025-07-07 12:53:47,787 : INFO : ball_device.bd_trough : State: ejecting
2025-07-07 12:53:47,787 : INFO : ball_device.bd_trough : Ejecting ball to <ball_device.bd_plunger>
2025-07-07 12:53:47,787 : INFO : EventManager : Event: ======'balldevice_bd_trough_ejecting_ball'====== Args={'balls': 1, 'target': <ball_device.bd_plunger>, 'source': <ball_device.bd_trough>, 'mechanical_eject': True, 'num_attempts': 23}
2025-07-07 12:53:47,788 : INFO : ball_device.bd_trough : Wait for ball to leave device
2025-07-07 12:53:47,789 : INFO : coil.c_trough_eject : Pulsing Driver for 10ms (1.0 pulse_power)
2025-07-07 12:53:57,781 : INFO : EventManager : Event: ======'balldevice_bd_trough_ball_eject_failed'====== Args={'target': <ball_device.bd_plunger>, 'balls': 1, 'retry': True, 'num_attempts': 24}
2025-07-07 12:53:57,782 : INFO : ball_device.bd_trough : State: waiting_for_target_ready
2025-07-07 12:53:57,782 : INFO : EventManager : Event: ======'balldevice_bd_trough_ball_eject_attempt'====== Args={'balls': 1, 'target': <ball_device.bd_plunger>, 'source': <ball_device.bd_trough>, 'mechanical_eject': True, 'num_attempts': 24}
2025-07-07 12:53:57,783 : INFO : ball_device.bd_trough : State: ejecting
2025-07-07 12:53:57,783 : INFO : ball_device.bd_trough : Ejecting ball to <ball_device.bd_plunger>
2025-07-07 12:53:57,783 : INFO : EventManager : Event: ======'balldevice_bd_trough_ejecting_ball'====== Args={'balls': 1, 'target': <ball_device.bd_plunger>, 'source': <ball_device.bd_trough>, 'mechanical_eject': True, 'num_attempts': 24}
2025-07-07 12:53:57,784 : INFO : ball_device.bd_trough : Wait for ball to leave device
2025-07-07 12:53:57,784 : INFO : coil.c_trough_eject : Pulsing Driver for 10ms (1.0 pulse_power)
2025-07-07 12:54:07,791 : INFO : EventManager : Event: ======'balldevice_bd_trough_ball_eject_failed'====== Args={'target': <ball_device.bd_plunger>, 'balls': 1, 'retry': True, 'num_attempts': 25}
2025-07-07 12:54:07,793 : INFO : ball_device.bd_trough : State: waiting_for_target_ready
2025-07-07 12:54:07,793 : INFO : EventManager : Event: ======'balldevice_bd_trough_ball_eject_attempt'====== Args={'balls': 1, 'target': <ball_device.bd_plunger>, 'source': <ball_device.bd_trough>, 'mechanical_eject': True, 'num_attempts': 25}
2025-07-07 12:54:07,793 : INFO : ball_device.bd_trough : State: ejecting
2025-07-07 12:54:07,793 : INFO : ball_device.bd_trough : Ejecting ball to <ball_device.bd_plunger>
2025-07-07 12:54:07,793 : INFO : EventManager : Event: ======'balldevice_bd_trough_ejecting_ball'====== Args={'balls': 1, 'target': <ball_device.bd_plunger>, 'source': <ball_device.bd_trough>, 'mechanical_eject': True, 'num_attempts': 25}
2025-07-07 12:54:07,795 : INFO : ball_device.bd_trough : Wait for ball to leave device
2025-07-07 12:54:07,795 : INFO : coil.c_trough_eject : Pulsing Driver for 10ms (1.0 pulse_power)
2025-07-07 12:54:17,788 : INFO : EventManager : Event: ======'balldevice_bd_trough_ball_eject_failed'====== Args={'target': <ball_device.bd_plunger>, 'balls': 1, 'retry': True, 'num_attempts': 26}
2025-07-07 12:54:17,790 : INFO : ball_device.bd_trough : State: waiting_for_target_ready
2025-07-07 12:54:17,790 : INFO : EventManager : Event: ======'balldevice_bd_trough_ball_eject_attempt'====== Args={'balls': 1, 'target': <ball_device.bd_plunger>, 'source': <ball_device.bd_trough>, 'mechanical_eject': True, 'num_attempts': 26}
2025-07-07 12:54:17,791 : INFO : ball_device.bd_trough : State: ejecting
2025-07-07 12:54:17,791 : INFO : ball_device.bd_trough : Ejecting ball to <ball_device.bd_plunger>
2025-07-07 12:54:17,792 : INFO : EventManager : Event: ======'balldevice_bd_trough_ejecting_ball'====== Args={'balls': 1, 'target': <ball_device.bd_plunger>, 'source': <ball_device.bd_trough>, 'mechanical_eject': True, 'num_attempts': 26}
2025-07-07 12:54:17,793 : INFO : ball_device.bd_trough : Wait for ball to leave device
2025-07-07 12:54:17,793 : INFO : coil.c_trough_eject : Pulsing Driver for 10ms (1.0 pulse_power)
2025-07-07 12:54:27,781 : INFO : EventManager : Event: ======'balldevice_bd_trough_ball_eject_failed'====== Args={'target': <ball_device.bd_plunger>, 'balls': 1, 'retry': True, 'num_attempts': 27}
2025-07-07 12:54:27,783 : INFO : ball_device.bd_trough : State: waiting_for_target_ready
2025-07-07 12:54:27,784 : INFO : EventManager : Event: ======'balldevice_bd_trough_ball_eject_attempt'====== Args={'balls': 1, 'target': <ball_device.bd_plunger>, 'source': <ball_device.bd_trough>, 'mechanical_eject': True, 'num_attempts': 27}
2025-07-07 12:54:27,785 : INFO : ball_device.bd_trough : State: ejecting
2025-07-07 12:54:27,785 : INFO : ball_device.bd_trough : Ejecting ball to <ball_device.bd_plunger>
2025-07-07 12:54:27,785 : INFO : EventManager : Event: ======'balldevice_bd_trough_ejecting_ball'====== Args={'balls': 1, 'target': <ball_device.bd_plunger>, 'source': <ball_device.bd_trough>, 'mechanical_eject': True, 'num_attempts': 27}
2025-07-07 12:54:27,787 : INFO : ball_device.bd_trough : Wait for ball to leave device
2025-07-07 12:54:27,788 : INFO : coil.c_trough_eject : Pulsing Driver for 10ms (1.0 pulse_power)
2025-07-07 12:54:34,071 : INFO : Machine : Shutting down...
2025-07-07 12:54:34,071 : INFO : EventManager : Event: ======'shutdown'====== Args={}
2025-07-07 12:54:34,073 : INFO : EventManager : Event: ======'mode_game_will_stop'====== Args={}
2025-07-07 12:54:34,073 : INFO : EventManager : Event: ======'mode_game_stopping'====== Args={}
2025-07-07 12:54:34,074 : INFO : EventManager : Event: ======'mode_lowerlanes_will_stop'====== Args={}
2025-07-07 12:54:34,074 : INFO : EventManager : Event: ======'mode_lowerlanes_stopping'====== Args={}
2025-07-07 12:54:34,074 : INFO : EventManager : Event: ======'mode_base_will_stop'====== Args={}
2025-07-07 12:54:34,074 : INFO : EventManager : Event: ======'mode_base_stopping'====== Args={}
2025-07-07 12:54:34,074 : INFO : EventManager : Event: ======'mode_reentry_will_stop'====== Args={}
2025-07-07 12:54:34,074 : INFO : EventManager : Event: ======'mode_reentry_stopping'====== Args={}
2025-07-07 12:54:34,074 : INFO : EventManager : Event: ======'mode_returnlanes_will_stop'====== Args={}
2025-07-07 12:54:34,074 : INFO : EventManager : Event: ======'mode_returnlanes_stopping'====== Args={}
2025-07-07 12:54:34,075 : INFO : Mode.returnlanes : Stopped.
2025-07-07 12:54:34,075 : INFO : EventManager : Event: ======'modes_active_modes_changed'====== Args={}
2025-07-07 12:54:34,075 : INFO : EventManager : Event: ======'mode_returnlanes_stopped'====== Args={}
2025-07-07 12:54:34,075 : INFO : EventManager : Event: ======'clear'====== Args={'key': 'returnlanes'}
2025-07-07 12:54:34,076 : INFO : Mode.reentry : Stopped.
2025-07-07 12:54:34,076 : INFO : EventManager : Event: ======'modes_active_modes_changed'====== Args={}
2025-07-07 12:54:34,076 : INFO : EventManager : Event: ======'mode_reentry_stopped'====== Args={}
2025-07-07 12:54:34,076 : INFO : EventManager : Event: ======'clear'====== Args={'key': 'reentry'}
2025-07-07 12:54:34,077 : INFO : Mode.base : Stopped.
2025-07-07 12:54:34,077 : INFO : EventManager : Event: ======'modes_active_modes_changed'====== Args={}
2025-07-07 12:54:34,077 : INFO : EventManager : Event: ======'mode_base_stopped'====== Args={}
2025-07-07 12:54:34,077 : INFO : EventManager : Event: ======'clear'====== Args={'key': 'base'}
2025-07-07 12:54:34,077 : INFO : Mode.lowerlanes : Stopped.
2025-07-07 12:54:34,077 : INFO : EventManager : Event: ======'modes_active_modes_changed'====== Args={}
2025-07-07 12:54:34,077 : INFO : EventManager : Event: ======'mode_lowerlanes_stopped'====== Args={}
2025-07-07 12:54:34,077 : INFO : EventManager : Event: ======'clear'====== Args={'key': 'lowerlanes'}
2025-07-07 12:54:34,078 : INFO : Mode.game : Stopped.
2025-07-07 12:54:34,078 : INFO : EventManager : Event: ======'modes_active_modes_changed'====== Args={}
2025-07-07 12:54:34,078 : INFO : EventManager : Event: ======'mode_game_stopped'====== Args={}
2025-07-07 12:54:34,078 : INFO : EventManager : Event: ======'clear'====== Args={'key': 'game'}
2025-07-07 12:54:34,080 : ERROR : OPP : Stop called on serial connection com5
2025-07-07 12:54:34,081 : ERROR : OPP : Stop called on serial connection com4
2025-07-07 12:54:34,081 : ERROR : asyncio : Exception in callback Util.raise_exceptions(<Task finishe...ection lost')>) at C:\Users\student\mpfenv3\Lib\site-packages\mpf\core\utility_functions.py:790
handle: <Handle Util.raise_exceptions(<Task finishe...ection lost')>) at C:\Users\student\mpfenv3\Lib\site-packages\mpf\core\utility_functions.py:790>
Traceback (most recent call last):
  File "C:\Program Files\Python311\Lib\asyncio\events.py", line 84, in _run
    self._context.run(self._callback, *self._args)
  File "C:\Users\student\mpfenv3\Lib\site-packages\mpf\core\utility_functions.py", line 798, in raise_exceptions
    future.result()
  File "C:\Users\student\mpfenv3\Lib\site-packages\mpf\platforms\opp\opp.py", line 971, in _poll_sender
    await self.opp_connection[chain_serial].writer.drain()
  File "C:\Program Files\Python311\Lib\asyncio\streams.py", line 392, in drain
    await self._protocol._drain_helper()
  File "C:\Program Files\Python311\Lib\asyncio\streams.py", line 166, in _drain_helper
    raise ConnectionResetError('Connection lost')
ConnectionResetError: Connection lost
2025-07-07 12:54:34,126 : INFO : root : MPF run loop ended.
