2025-01-17 09:59:31,244 : INFO : root : Loading config.
2025-01-17 09:59:31,296 : INFO : ConfigProcessor : Config spec file cache created: C:\Users\student\AppData\Local\Temp\config_spec.mpf_cache
2025-01-17 09:59:31,296 : INFO : YamlMultifileConfigLoader : Machine config file #1: config.yaml
2025-01-17 09:59:31,296 : INFO : ConfigProcessor : Loading config from file C:\Users\student\mpfenv3\Lib\site-packages\mpf\mpfconfig.yaml.
2025-01-17 09:59:31,305 : INFO : ConfigProcessor : Loading config: C:\Users\student\mpfenv3\Lib\site-packages\mpf\mpfconfig.yaml
2025-01-17 09:59:31,305 : INFO : ConfigProcessor : Loading config from file C:\Users\student\pinball\cobraPinTest1\config\config.yaml.
2025-01-17 09:59:31,312 : INFO : ConfigProcessor : Loading config: C:\Users\student\pinball\cobraPinTest1\config\config.yaml
2025-01-17 09:59:31,313 : INFO : ConfigProcessor : Config file cache created: C:\Users\student\AppData\Local\Temp\a20d2796aecf24feaad48747be24652a.mpf_cache
2025-01-17 09:59:31,381 : INFO : ConfigProcessor : Loading config from file C:\Users\student\mpfenv3\Lib\site-packages\mpf\modes\attract\config\attract.yaml.
2025-01-17 09:59:31,381 : INFO : ConfigProcessor : Loading config: C:\Users\student\mpfenv3\Lib\site-packages\mpf\modes\attract\config\attract.yaml
2025-01-17 09:59:31,381 : INFO : ConfigProcessor : Loading config from file C:\Users\student\pinball\cobraPinTest1\modes\attract\config\attract.yaml.
2025-01-17 09:59:31,382 : INFO : ConfigProcessor : Loading config: C:\Users\student\pinball\cobraPinTest1\modes\attract\config\attract.yaml
2025-01-17 09:59:31,382 : INFO : ConfigProcessor : Config file cache created: C:\Users\student\AppData\Local\Temp\0196918bccd620e51d3c4d2630650aa0.mpf_cache
2025-01-17 09:59:31,383 : INFO : ConfigProcessor : Loading config from file C:\Users\student\mpfenv3\Lib\site-packages\mpf\modes\game\config\game.yaml.
2025-01-17 09:59:31,383 : INFO : ConfigProcessor : Loading config: C:\Users\student\mpfenv3\Lib\site-packages\mpf\modes\game\config\game.yaml
2025-01-17 09:59:31,384 : INFO : ConfigProcessor : Config file cache created: C:\Users\student\AppData\Local\Temp\511dcc6b491b0fa2d7aa9abdf6497e9c.mpf_cache
2025-01-17 09:59:31,384 : INFO : ConfigProcessor : Loading config from file C:\Users\student\pinball\cobraPinTest1\modes\base\config\base.yaml.
2025-01-17 09:59:31,385 : INFO : ConfigProcessor : Loading config: C:\Users\student\pinball\cobraPinTest1\modes\base\config\base.yaml
2025-01-17 09:59:31,385 : INFO : ConfigProcessor : Config file cache created: C:\Users\student\AppData\Local\Temp\4675a535c8328a9c278c807d999ed109.mpf_cache
2025-01-17 09:59:31,386 : INFO : ConfigProcessor : Loading config from file C:\Users\student\pinball\cobraPinTest1\modes\reentry\config\reentry.yaml.
2025-01-17 09:59:31,388 : INFO : ConfigProcessor : Loading config: C:\Users\student\pinball\cobraPinTest1\modes\reentry\config\reentry.yaml
2025-01-17 09:59:31,389 : INFO : ConfigProcessor : Config file cache created: C:\Users\student\AppData\Local\Temp\0c8438cab3480347c0c749fa494946a2.mpf_cache
2025-01-17 09:59:31,389 : INFO : ConfigProcessor : Loading config from file C:\Users\student\pinball\cobraPinTest1\modes\lowerlanes\config\lowerlanes.yaml.
2025-01-17 09:59:31,391 : INFO : ConfigProcessor : Loading config: C:\Users\student\pinball\cobraPinTest1\modes\lowerlanes\config\lowerlanes.yaml
2025-01-17 09:59:31,392 : INFO : ConfigProcessor : Config file cache created: C:\Users\student\AppData\Local\Temp\5052615755bdf1309b248cf8695ad4ff.mpf_cache
2025-01-17 09:59:31,392 : INFO : ConfigProcessor : Loading config from file C:\Users\student\pinball\cobraPinTest1\modes\attract\shows\.\attract_display_loop.yaml.
2025-01-17 09:59:31,394 : INFO : ConfigProcessor : Loading config: C:\Users\student\pinball\cobraPinTest1\modes\attract\shows\.\attract_display_loop.yaml
2025-01-17 09:59:31,395 : INFO : ConfigProcessor : Config file cache created: C:\Users\student\AppData\Local\Temp\f8d2c2cf3ea01f085365ea23fa51a701.mpf_cache
2025-01-17 09:59:31,395 : INFO : ConfigProcessor : Loading config from file C:\Users\student\pinball\cobraPinTest1\modes\attract\shows\.\attract_light_show.yaml.
2025-01-17 09:59:31,396 : INFO : ConfigProcessor : Loading config: C:\Users\student\pinball\cobraPinTest1\modes\attract\shows\.\attract_light_show.yaml
2025-01-17 09:59:31,397 : INFO : ConfigProcessor : Config file cache created: C:\Users\student\AppData\Local\Temp\30bd992f4b62a9b099207aebeb59554c.mpf_cache
2025-01-17 09:59:31,397 : INFO : Machine : Mission Pinball Framework Core Engine v0.57.3
2025-01-17 09:59:31,397 : INFO : Machine : Command line arguments: {'no_load_cache': True, 'create_config_cache': True, 'bcp': True, 'configfile': ['config.yaml'], 'force_assets_load': False, 'platform_integration_test': False, 'jsonlogging': False, 'logfile': 'logs\\2025-01-17-09-59-31-mpf-DESKTOP-0JH7ARL.log', 'pause': False, 'production': False, 'text_ui': True, 'loglevel': 15, 'consoleloglevel': 20, 'force_platform': None, 'syslog_address': None, 'mc_file_name': None, 'no_sound': False}
2025-01-17 09:59:31,397 : INFO : Machine : MPF path: C:\Users\student\mpfenv3\Lib\site-packages\mpf
2025-01-17 09:59:31,397 : INFO : Machine : Machine path: C:\Users\student\pinball\cobraPinTest1
2025-01-17 09:59:31,397 : INFO : Machine : Platform: win32
2025-01-17 09:59:31,398 : INFO : Machine : Python executable location: C:\Users\student\mpfenv3\Scripts\python.exe
2025-01-17 09:59:31,398 : INFO : Machine : Python version: 3.11.8 (64-bit)
2025-01-17 09:59:31,399 : INFO : Machine : Initializing MPF...
2025-01-17 09:59:31,645 : INFO : OPP : Connecting to com4 at 115200bps
2025-01-17 09:59:31,754 : INFO : OPP : Init of OPP board 0 done
2025-01-17 09:59:31,754 : INFO : OPP : Connecting to com5 at 115200bps
2025-01-17 09:59:31,930 : INFO : OPP : Init of OPP board 1 done
2025-01-17 09:59:31,930 : INFO : EventManager : Event: ======'machine_var_credits_string'====== Args={'value': 'FREE PLAY', 'prev_value': None, 'change': True}
2025-01-17 09:59:31,990 : INFO : EventManager : Event: ======'machine_var_master_volume'====== Args={'value': 0.5, 'prev_value': None, 'change': True}
2025-01-17 09:59:31,990 : INFO : EventManager : Event: ======'machine_var_player1_score'====== Args={'value': 1500, 'prev_value': None, 'change': True}
2025-01-17 09:59:31,990 : INFO : EventManager : Event: ======'machine_var_mpf_version'====== Args={'value': 'Mission Pinball Framework v0.57.3', 'prev_value': None, 'change': True}
2025-01-17 09:59:31,990 : INFO : EventManager : Event: ======'machine_var_mpf_extended_version'====== Args={'value': 'Mission Pinball Framework v0.57.3, Config version:6, Show version: 6, BCP version:1.1', 'prev_value': None, 'change': True}
2025-01-17 09:59:31,990 : INFO : EventManager : Event: ======'machine_var_python_version'====== Args={'value': '3.11.8', 'prev_value': None, 'change': True}
2025-01-17 09:59:31,999 : INFO : EventManager : Event: ======'machine_var_platform'====== Args={'value': 'Windows-10-10.0.19045-SP0', 'prev_value': None, 'change': True}
2025-01-17 09:59:31,999 : INFO : EventManager : Event: ======'machine_var_platform_system'====== Args={'value': 'Windows', 'prev_value': None, 'change': True}
2025-01-17 09:59:32,000 : INFO : EventManager : Event: ======'machine_var_platform_release'====== Args={'value': '10', 'prev_value': None, 'change': True}
2025-01-17 09:59:32,000 : INFO : EventManager : Event: ======'machine_var_platform_version'====== Args={'value': '10.0.19045', 'prev_value': None, 'change': True}
2025-01-17 09:59:32,000 : INFO : EventManager : Event: ======'machine_var_platform_machine'====== Args={'value': 'AMD64', 'prev_value': None, 'change': True}
2025-01-17 09:59:32,000 : INFO : EventManager : Event: ======'init_phase_1'====== Args={}
2025-01-17 09:59:32,019 : INFO : EventManager : Event: ======'init_phase_2'====== Args={}
2025-01-17 09:59:32,020 : INFO : SwitchController : Found active switch: ('0-0-8', <Platform.OPP>) <switch.s_trough1>
2025-01-17 09:59:32,023 : INFO : EventManager : Event: ======'bcp_connection_attempt'====== Args={'name': 'local_display', 'host': 'localhost', 'port': 5050}
2025-01-17 09:59:32,025 : INFO : BCPClientSocket : Connecting BCP to 'local_display' at localhost:5050...
2025-01-17 09:59:34,063 : INFO : BCPClientSocket : Connected BCP to 'local_display' localhost:5050
2025-01-17 09:59:34,065 : INFO : EventManager : Event: ======'bcp_clients_connected'====== Args={}
2025-01-17 09:59:34,249 : INFO : EventManager : Event: ======'machine_var_mc_version'====== Args={'value': 'MPF-MC v0.57.1', 'prev_value': None, 'change': True}
2025-01-17 09:59:34,250 : INFO : EventManager : Event: ======'machine_var_mc_extended_version'====== Args={'value': 'MPF-MC v0.57.1 (config_version=6, BCP v1.1,                      Requires MPF API compatibility v0.57.0 or newer)', 'prev_value': None, 'change': True}
2025-01-17 09:59:34,251 : INFO : ball_device.bd_trough : BCH: Initial count: 1
2025-01-17 09:59:34,286 : INFO : ball_device.bd_trough : State: idle
2025-01-17 09:59:34,286 : INFO : ball_device.bd_plunger : BCH: Initial count: 0
2025-01-17 09:59:34,286 : INFO : ball_device.bd_plunger : State: idle
2025-01-17 09:59:34,297 : INFO : EventManager : Event: ======'init_phase_3'====== Args={}
2025-01-17 09:59:34,302 : INFO : EventManager : Event: ======'init_phase_4'====== Args={}
2025-01-17 09:59:34,302 : INFO : BallController : Initial balls found: 1
2025-01-17 09:59:34,303 : INFO : EventManager : Event: ======'machine_var_audits_events_game_ended'====== Args={'value': 0, 'prev_value': None, 'change': True}
2025-01-17 09:59:34,304 : INFO : EventManager : Event: ======'machine_var_audits_events_game_started'====== Args={'value': 35, 'prev_value': None, 'change': True}
2025-01-17 09:59:34,304 : INFO : EventManager : Event: ======'machine_var_audits_missing_switches_s_bonus_lane'====== Args={'value': 4, 'prev_value': None, 'change': True}
2025-01-17 09:59:34,304 : INFO : EventManager : Event: ======'machine_var_audits_missing_switches_s_left_attack_bumper'====== Args={'value': 1, 'prev_value': None, 'change': True}
2025-01-17 09:59:34,304 : INFO : EventManager : Event: ======'machine_var_audits_missing_switches_s_left_flipper'====== Args={'value': 3, 'prev_value': None, 'change': True}
2025-01-17 09:59:34,304 : INFO : EventManager : Event: ======'machine_var_audits_missing_switches_s_left_out_lane'====== Args={'value': 9, 'prev_value': None, 'change': True}
2025-01-17 09:59:34,304 : INFO : EventManager : Event: ======'machine_var_audits_missing_switches_s_left_return_lane'====== Args={'value': 4, 'prev_value': None, 'change': True}
2025-01-17 09:59:34,304 : INFO : EventManager : Event: ======'machine_var_audits_missing_switches_s_lower_left_slingshot'====== Args={'value': 2, 'prev_value': None, 'change': True}
2025-01-17 09:59:34,304 : INFO : EventManager : Event: ======'machine_var_audits_missing_switches_s_lower_right_slingshot'====== Args={'value': 2, 'prev_value': None, 'change': True}
2025-01-17 09:59:34,304 : INFO : EventManager : Event: ======'machine_var_audits_missing_switches_s_plunger'====== Args={'value': 33, 'prev_value': None, 'change': True}
2025-01-17 09:59:34,305 : INFO : EventManager : Event: ======'machine_var_audits_missing_switches_s_reentry_left'====== Args={'value': 18, 'prev_value': None, 'change': True}
2025-01-17 09:59:34,305 : INFO : EventManager : Event: ======'machine_var_audits_missing_switches_s_reentry_middle'====== Args={'value': 18, 'prev_value': None, 'change': True}
2025-01-17 09:59:34,305 : INFO : EventManager : Event: ======'machine_var_audits_missing_switches_s_reentry_right'====== Args={'value': 12, 'prev_value': None, 'change': True}
2025-01-17 09:59:34,305 : INFO : EventManager : Event: ======'machine_var_audits_missing_switches_s_right_flipper'====== Args={'value': 3, 'prev_value': None, 'change': True}
2025-01-17 09:59:34,305 : INFO : EventManager : Event: ======'machine_var_audits_missing_switches_s_right_out_lane'====== Args={'value': 9, 'prev_value': None, 'change': True}
2025-01-17 09:59:34,305 : INFO : EventManager : Event: ======'machine_var_audits_missing_switches_s_right_return_lane'====== Args={'value': 9, 'prev_value': None, 'change': True}
2025-01-17 09:59:34,305 : INFO : EventManager : Event: ======'machine_var_audits_missing_switches_s_spacewarp_rollover'====== Args={'value': 17, 'prev_value': None, 'change': True}
2025-01-17 09:59:34,305 : INFO : EventManager : Event: ======'machine_var_audits_missing_switches_s_start'====== Args={'value': 34, 'prev_value': None, 'change': True}
2025-01-17 09:59:34,305 : INFO : EventManager : Event: ======'machine_var_audits_missing_switches_s_trough1'====== Args={'value': 34, 'prev_value': None, 'change': True}
2025-01-17 09:59:34,306 : INFO : EventManager : Event: ======'machine_var_audits_missing_switches_s_upper_attack_bumper'====== Args={'value': 1, 'prev_value': None, 'change': True}
2025-01-17 09:59:34,306 : INFO : EventManager : Event: ======'machine_var_audits_missing_switches_s_wormhole_target'====== Args={'value': 9, 'prev_value': None, 'change': True}
2025-01-17 09:59:34,306 : INFO : EventManager : Event: ======'machine_var_audits_player_score'====== Args={'value': {'average': 1800.0, 'top': [2000, 1900, 1500], 'total': 3}, 'prev_value': None, 'change': True}
2025-01-17 09:59:34,306 : INFO : EventManager : Event: ======'machine_var_audits_shots_bonusLane_shot'====== Args={'value': 56, 'prev_value': None, 'change': True}
2025-01-17 09:59:34,306 : INFO : EventManager : Event: ======'machine_var_audits_shots_medalL_shot'====== Args={'value': 174, 'prev_value': None, 'change': True}
2025-01-17 09:59:34,306 : INFO : EventManager : Event: ======'machine_var_audits_shots_medalM_shot'====== Args={'value': 166, 'prev_value': None, 'change': True}
2025-01-17 09:59:34,306 : INFO : EventManager : Event: ======'machine_var_audits_shots_medalR_shot'====== Args={'value': 165, 'prev_value': None, 'change': True}
2025-01-17 09:59:34,306 : INFO : EventManager : Event: ======'machine_var_audits_shots_my_first_shot'====== Args={'value': 119, 'prev_value': None, 'change': True}
2025-01-17 09:59:34,306 : INFO : EventManager : Event: ======'machine_var_audits_shots_my_first_shot_mode2'====== Args={'value': 72, 'prev_value': None, 'change': True}
2025-01-17 09:59:34,307 : INFO : EventManager : Event: ======'machine_var_audits_shots_outLaneL_shot'====== Args={'value': 18, 'prev_value': None, 'change': True}
2025-01-17 09:59:34,307 : INFO : EventManager : Event: ======'machine_var_audits_shots_outLaneR_shot'====== Args={'value': 72, 'prev_value': None, 'change': True}
2025-01-17 09:59:34,307 : INFO : EventManager : Event: ======'machine_var_audits_shots_reentryL_shot'====== Args={'value': 517, 'prev_value': None, 'change': True}
2025-01-17 09:59:34,307 : INFO : EventManager : Event: ======'machine_var_audits_shots_reentryM_shot'====== Args={'value': 476, 'prev_value': None, 'change': True}
2025-01-17 09:59:34,307 : INFO : EventManager : Event: ======'machine_var_audits_shots_reentryR_shot'====== Args={'value': 462, 'prev_value': None, 'change': True}
2025-01-17 09:59:34,307 : INFO : EventManager : Event: ======'machine_var_audits_shots_reentry_shot'====== Args={'value': 9, 'prev_value': None, 'change': True}
2025-01-17 09:59:34,307 : INFO : EventManager : Event: ======'machine_var_audits_shots_returnLaneL_shot'====== Args={'value': 169, 'prev_value': None, 'change': True}
2025-01-17 09:59:34,307 : INFO : EventManager : Event: ======'machine_var_audits_shots_returnLaneR_shot'====== Args={'value': 115, 'prev_value': None, 'change': True}
2025-01-17 09:59:34,307 : INFO : EventManager : Event: ======'machine_var_audits_shots_spacewarp_rollover_shot'====== Args={'value': 47, 'prev_value': None, 'change': True}
2025-01-17 09:59:34,308 : INFO : EventManager : Event: ======'machine_var_audits_shots_top_lane_A'====== Args={'value': 12, 'prev_value': None, 'change': True}
2025-01-17 09:59:34,308 : INFO : EventManager : Event: ======'machine_var_audits_shots_top_lane_J'====== Args={'value': 12, 'prev_value': None, 'change': True}
2025-01-17 09:59:34,308 : INFO : EventManager : Event: ======'machine_var_audits_shots_top_lane_M'====== Args={'value': 9, 'prev_value': None, 'change': True}
2025-01-17 09:59:34,308 : INFO : EventManager : Event: ======'machine_var_audits_switches_s_blackhole_kicker'====== Args={'value': 0, 'prev_value': None, 'change': True}
2025-01-17 09:59:34,308 : INFO : EventManager : Event: ======'machine_var_audits_switches_s_bonus_lane'====== Args={'value': 69, 'prev_value': None, 'change': True}
2025-01-17 09:59:34,308 : INFO : EventManager : Event: ======'machine_var_audits_switches_s_booster_drop_target_1'====== Args={'value': 0, 'prev_value': None, 'change': True}
2025-01-17 09:59:34,308 : INFO : EventManager : Event: ======'machine_var_audits_switches_s_booster_drop_target_2'====== Args={'value': 0, 'prev_value': None, 'change': True}
2025-01-17 09:59:34,308 : INFO : EventManager : Event: ======'machine_var_audits_switches_s_booster_drop_target_3'====== Args={'value': 0, 'prev_value': None, 'change': True}
2025-01-17 09:59:34,309 : INFO : EventManager : Event: ======'machine_var_audits_switches_s_comet_spot_1'====== Args={'value': 0, 'prev_value': None, 'change': True}
2025-01-17 09:59:34,309 : INFO : EventManager : Event: ======'machine_var_audits_switches_s_comet_spot_2'====== Args={'value': 0, 'prev_value': None, 'change': True}
2025-01-17 09:59:34,309 : INFO : EventManager : Event: ======'machine_var_audits_switches_s_comet_spot_3'====== Args={'value': 0, 'prev_value': None, 'change': True}
2025-01-17 09:59:34,309 : INFO : EventManager : Event: ======'machine_var_audits_switches_s_engine_bumper_1'====== Args={'value': 0, 'prev_value': None, 'change': True}
2025-01-17 09:59:34,309 : INFO : EventManager : Event: ======'machine_var_audits_switches_s_engine_bumper_2'====== Args={'value': 0, 'prev_value': None, 'change': True}
2025-01-17 09:59:34,309 : INFO : EventManager : Event: ======'machine_var_audits_switches_s_engine_bumper_3'====== Args={'value': 0, 'prev_value': None, 'change': True}
2025-01-17 09:59:34,309 : INFO : EventManager : Event: ======'machine_var_audits_switches_s_fuel_chute_1'====== Args={'value': 0, 'prev_value': None, 'change': True}
2025-01-17 09:59:34,309 : INFO : EventManager : Event: ======'machine_var_audits_switches_s_fuel_chute_2'====== Args={'value': 0, 'prev_value': None, 'change': True}
2025-01-17 09:59:34,310 : INFO : EventManager : Event: ======'machine_var_audits_switches_s_fuel_chute_3'====== Args={'value': 0, 'prev_value': None, 'change': True}
2025-01-17 09:59:34,310 : INFO : EventManager : Event: ======'machine_var_audits_switches_s_fuel_chute_4'====== Args={'value': 0, 'prev_value': None, 'change': True}
2025-01-17 09:59:34,310 : INFO : EventManager : Event: ======'machine_var_audits_switches_s_fuel_chute_5'====== Args={'value': 0, 'prev_value': None, 'change': True}
2025-01-17 09:59:34,310 : INFO : EventManager : Event: ======'machine_var_audits_switches_s_fuel_chute_6'====== Args={'value': 0, 'prev_value': None, 'change': True}
2025-01-17 09:59:34,310 : INFO : EventManager : Event: ======'machine_var_audits_switches_s_fuel_flag'====== Args={'value': 0, 'prev_value': None, 'change': True}
2025-01-17 09:59:34,310 : INFO : EventManager : Event: ======'machine_var_audits_switches_s_fuel_spot_1'====== Args={'value': 0, 'prev_value': None, 'change': True}
2025-01-17 09:59:34,311 : INFO : EventManager : Event: ======'machine_var_audits_switches_s_fuel_spot_2'====== Args={'value': 0, 'prev_value': None, 'change': True}
2025-01-17 09:59:34,311 : INFO : EventManager : Event: ======'machine_var_audits_switches_s_fuel_spot_3'====== Args={'value': 0, 'prev_value': None, 'change': True}
2025-01-17 09:59:34,311 : INFO : EventManager : Event: ======'machine_var_audits_switches_s_green_wormhole'====== Args={'value': 0, 'prev_value': None, 'change': True}
2025-01-17 09:59:34,311 : INFO : EventManager : Event: ======'machine_var_audits_switches_s_hyperspace_flag'====== Args={'value': 0, 'prev_value': None, 'change': True}
2025-01-17 09:59:34,311 : INFO : EventManager : Event: ======'machine_var_audits_switches_s_hyperspacekicker'====== Args={'value': 0, 'prev_value': None, 'change': True}
2025-01-17 09:59:34,311 : INFO : EventManager : Event: ======'machine_var_audits_switches_s_launch_lane_1'====== Args={'value': 0, 'prev_value': None, 'change': True}
2025-01-17 09:59:34,311 : INFO : EventManager : Event: ======'machine_var_audits_switches_s_launch_lane_2'====== Args={'value': 0, 'prev_value': None, 'change': True}
2025-01-17 09:59:34,312 : INFO : EventManager : Event: ======'machine_var_audits_switches_s_launch_lane_3'====== Args={'value': 0, 'prev_value': None, 'change': True}
2025-01-17 09:59:34,312 : INFO : EventManager : Event: ======'machine_var_audits_switches_s_launch_ramp'====== Args={'value': 0, 'prev_value': None, 'change': True}
2025-01-17 09:59:34,312 : INFO : EventManager : Event: ======'machine_var_audits_switches_s_left_attack_bumper'====== Args={'value': 177, 'prev_value': None, 'change': True}
2025-01-17 09:59:34,312 : INFO : EventManager : Event: ======'machine_var_audits_switches_s_left_flipper'====== Args={'value': 1583, 'prev_value': None, 'change': True}
2025-01-17 09:59:34,312 : INFO : EventManager : Event: ======'machine_var_audits_switches_s_left_out_lane'====== Args={'value': 22, 'prev_value': None, 'change': True}
2025-01-17 09:59:34,312 : INFO : EventManager : Event: ======'machine_var_audits_switches_s_left_out_lane_kicker'====== Args={'value': 0, 'prev_value': None, 'change': True}
2025-01-17 09:59:34,313 : INFO : EventManager : Event: ======'machine_var_audits_switches_s_left_return_lane'====== Args={'value': 176, 'prev_value': None, 'change': True}
2025-01-17 09:59:34,313 : INFO : EventManager : Event: ======'machine_var_audits_switches_s_lower_attack_bumper'====== Args={'value': 132, 'prev_value': None, 'change': True}
2025-01-17 09:59:34,313 : INFO : EventManager : Event: ======'machine_var_audits_switches_s_lower_left_rebound'====== Args={'value': 0, 'prev_value': None, 'change': True}
2025-01-17 09:59:34,313 : INFO : EventManager : Event: ======'machine_var_audits_switches_s_lower_left_slingshot'====== Args={'value': 174, 'prev_value': None, 'change': True}
2025-01-17 09:59:34,313 : INFO : EventManager : Event: ======'machine_var_audits_switches_s_lower_right_rebound'====== Args={'value': 0, 'prev_value': None, 'change': True}
2025-01-17 09:59:34,314 : INFO : EventManager : Event: ======'machine_var_audits_switches_s_lower_right_slingshot'====== Args={'value': 177, 'prev_value': None, 'change': True}
2025-01-17 09:59:34,314 : INFO : EventManager : Event: ======'machine_var_audits_switches_s_medal_drop_left'====== Args={'value': 188, 'prev_value': None, 'change': True}
2025-01-17 09:59:34,314 : INFO : EventManager : Event: ======'machine_var_audits_switches_s_medal_drop_middle'====== Args={'value': 180, 'prev_value': None, 'change': True}
2025-01-17 09:59:34,314 : INFO : EventManager : Event: ======'machine_var_audits_switches_s_medal_drop_right'====== Args={'value': 179, 'prev_value': None, 'change': True}
2025-01-17 09:59:34,315 : INFO : EventManager : Event: ======'machine_var_audits_switches_s_mission_spot_1'====== Args={'value': 0, 'prev_value': None, 'change': True}
2025-01-17 09:59:34,315 : INFO : EventManager : Event: ======'machine_var_audits_switches_s_mission_spot_2'====== Args={'value': 2, 'prev_value': None, 'change': True}
2025-01-17 09:59:34,315 : INFO : EventManager : Event: ======'machine_var_audits_switches_s_mission_spot_3'====== Args={'value': 0, 'prev_value': None, 'change': True}
2025-01-17 09:59:34,315 : INFO : EventManager : Event: ======'machine_var_audits_switches_s_multiplier_left'====== Args={'value': 0, 'prev_value': None, 'change': True}
2025-01-17 09:59:34,315 : INFO : EventManager : Event: ======'machine_var_audits_switches_s_multiplier_middle'====== Args={'value': 0, 'prev_value': None, 'change': True}
2025-01-17 09:59:34,316 : INFO : EventManager : Event: ======'machine_var_audits_switches_s_multiplier_right'====== Args={'value': 0, 'prev_value': None, 'change': True}
2025-01-17 09:59:34,316 : INFO : EventManager : Event: ======'machine_var_audits_switches_s_plunger'====== Args={'value': 177, 'prev_value': None, 'change': True}
2025-01-17 09:59:34,316 : INFO : EventManager : Event: ======'machine_var_audits_switches_s_radiationspot_1'====== Args={'value': 0, 'prev_value': None, 'change': True}
2025-01-17 09:59:34,316 : INFO : EventManager : Event: ======'machine_var_audits_switches_s_radiationspot_2'====== Args={'value': 0, 'prev_value': None, 'change': True}
2025-01-17 09:59:34,316 : INFO : EventManager : Event: ======'machine_var_audits_switches_s_radiationspot_3'====== Args={'value': 0, 'prev_value': None, 'change': True}
2025-01-17 09:59:34,316 : INFO : EventManager : Event: ======'machine_var_audits_switches_s_red_wormhole'====== Args={'value': 0, 'prev_value': None, 'change': True}
2025-01-17 09:59:34,317 : INFO : EventManager : Event: ======'machine_var_audits_switches_s_reentry_left'====== Args={'value': 875, 'prev_value': None, 'change': True}
2025-01-17 09:59:34,317 : INFO : EventManager : Event: ======'machine_var_audits_switches_s_reentry_middle'====== Args={'value': 550, 'prev_value': None, 'change': True}
2025-01-17 09:59:34,317 : INFO : EventManager : Event: ======'machine_var_audits_switches_s_reentry_right'====== Args={'value': 521, 'prev_value': None, 'change': True}
2025-01-17 09:59:34,317 : INFO : EventManager : Event: ======'machine_var_audits_switches_s_right_flipper'====== Args={'value': 1908, 'prev_value': None, 'change': True}
2025-01-17 09:59:34,317 : INFO : EventManager : Event: ======'machine_var_audits_switches_s_right_inlane'====== Args={'value': 0, 'prev_value': None, 'change': True}
2025-01-17 09:59:34,318 : INFO : EventManager : Event: ======'machine_var_audits_switches_s_right_out_lane'====== Args={'value': 98, 'prev_value': None, 'change': True}
2025-01-17 09:59:34,318 : INFO : EventManager : Event: ======'machine_var_audits_switches_s_right_out_lane_kicker'====== Args={'value': 0, 'prev_value': None, 'change': True}
2025-01-17 09:59:34,318 : INFO : EventManager : Event: ======'machine_var_audits_switches_s_right_return_lane'====== Args={'value': 127, 'prev_value': None, 'change': True}
2025-01-17 09:59:34,318 : INFO : EventManager : Event: ======'machine_var_audits_switches_s_satellite_bumper'====== Args={'value': 0, 'prev_value': None, 'change': True}
2025-01-17 09:59:34,318 : INFO : EventManager : Event: ======'machine_var_audits_switches_s_secondary_outlane_kicker'====== Args={'value': 0, 'prev_value': None, 'change': True}
2025-01-17 09:59:34,318 : INFO : EventManager : Event: ======'machine_var_audits_switches_s_skill_shot_1'====== Args={'value': 0, 'prev_value': None, 'change': True}
2025-01-17 09:59:34,319 : INFO : EventManager : Event: ======'machine_var_audits_switches_s_skill_shot_2'====== Args={'value': 0, 'prev_value': None, 'change': True}
2025-01-17 09:59:34,319 : INFO : EventManager : Event: ======'machine_var_audits_switches_s_skill_shot_3'====== Args={'value': 0, 'prev_value': None, 'change': True}
2025-01-17 09:59:34,319 : INFO : EventManager : Event: ======'machine_var_audits_switches_s_skill_shot_4'====== Args={'value': 0, 'prev_value': None, 'change': True}
2025-01-17 09:59:34,319 : INFO : EventManager : Event: ======'machine_var_audits_switches_s_skill_shot_5'====== Args={'value': 0, 'prev_value': None, 'change': True}
2025-01-17 09:59:34,319 : INFO : EventManager : Event: ======'machine_var_audits_switches_s_skill_shot_6'====== Args={'value': 0, 'prev_value': None, 'change': True}
2025-01-17 09:59:34,320 : INFO : EventManager : Event: ======'machine_var_audits_switches_s_skill_shot_lane'====== Args={'value': 0, 'prev_value': None, 'change': True}
2025-01-17 09:59:34,320 : INFO : EventManager : Event: ======'machine_var_audits_switches_s_spacewarp_rollover'====== Args={'value': 48, 'prev_value': None, 'change': True}
2025-01-17 09:59:34,320 : INFO : EventManager : Event: ======'machine_var_audits_switches_s_start'====== Args={'value': 7, 'prev_value': None, 'change': True}
2025-01-17 09:59:34,320 : INFO : EventManager : Event: ======'machine_var_audits_switches_s_trough1'====== Args={'value': 30, 'prev_value': None, 'change': True}
2025-01-17 09:59:34,320 : INFO : EventManager : Event: ======'machine_var_audits_switches_s_trough2'====== Args={'value': 0, 'prev_value': None, 'change': True}
2025-01-17 09:59:34,321 : INFO : EventManager : Event: ======'machine_var_audits_switches_s_trough3'====== Args={'value': 0, 'prev_value': None, 'change': True}
2025-01-17 09:59:34,321 : INFO : EventManager : Event: ======'machine_var_audits_switches_s_trough4'====== Args={'value': 0, 'prev_value': None, 'change': True}
2025-01-17 09:59:34,321 : INFO : EventManager : Event: ======'machine_var_audits_switches_s_trough5'====== Args={'value': 0, 'prev_value': None, 'change': True}
2025-01-17 09:59:34,321 : INFO : EventManager : Event: ======'machine_var_audits_switches_s_trough6'====== Args={'value': 0, 'prev_value': None, 'change': True}
2025-01-17 09:59:34,321 : INFO : EventManager : Event: ======'machine_var_audits_switches_s_trough_jam'====== Args={'value': 0, 'prev_value': None, 'change': True}
2025-01-17 09:59:34,322 : INFO : EventManager : Event: ======'machine_var_audits_switches_s_upper_attack_bumper'====== Args={'value': 205, 'prev_value': None, 'change': True}
2025-01-17 09:59:34,322 : INFO : EventManager : Event: ======'machine_var_audits_switches_s_upper_left_rebound'====== Args={'value': 0, 'prev_value': None, 'change': True}
2025-01-17 09:59:34,322 : INFO : EventManager : Event: ======'machine_var_audits_switches_s_upper_right_rebound'====== Args={'value': 0, 'prev_value': None, 'change': True}
2025-01-17 09:59:34,322 : INFO : EventManager : Event: ======'machine_var_audits_switches_s_wormhole_target'====== Args={'value': 2, 'prev_value': None, 'change': True}
2025-01-17 09:59:34,322 : INFO : EventManager : Event: ======'machine_var_audits_switches_s_yellow_wormhole'====== Args={'value': 0, 'prev_value': None, 'change': True}
2025-01-17 09:59:34,323 : INFO : EventManager : Event: ======'init_phase_5'====== Args={}
2025-01-17 09:59:34,354 : INFO : EventManager : Event: ======'init_done'====== Args={}
2025-01-17 09:59:34,355 : INFO : EventManager : Event: ======'machine_reset_phase_1'====== Args={}
2025-01-17 09:59:34,364 : INFO : EventManager : Event: ======'slide_welcome_slide_removed'====== Args={'_from_bcp': True}
2025-01-17 09:59:34,364 : INFO : EventManager : Event: ======'slide_welcome_slide_created'====== Args={'_from_bcp': True}
2025-01-17 09:59:34,365 : INFO : EventManager : Event: ======'machine_reset_phase_2'====== Args={}
2025-01-17 09:59:34,365 : INFO : EventManager : Event: ======'machine_reset_phase_3'====== Args={}
2025-01-17 09:59:34,365 : INFO : EventManager : Event: ======'slide_welcome_slide_active'====== Args={'_from_bcp': True}
2025-01-17 09:59:34,365 : INFO : EventManager : Event: ======'reset_complete'====== Args={}
2025-01-17 09:59:34,365 : INFO : EventManager : Event: ======'mode_attract_will_start'====== Args={}
2025-01-17 09:59:34,366 : INFO : EventManager : Event: ======'mode_attract_starting'====== Args={}
2025-01-17 09:59:34,366 : INFO : Mode.attract : Started. Priority: 10
2025-01-17 09:59:34,366 : INFO : EventManager : Event: ======'modes_active_modes_changed'====== Args={}
2025-01-17 09:59:34,366 : INFO : EventManager : Event: ======'mode_attract_started'====== Args={}
2025-01-17 09:59:34,367 : INFO : EventManager : Event: ======'collecting_balls_complete'====== Args={}
2025-01-17 09:59:34,391 : INFO : EventManager : Event: ======'slide_awesome_slide_created'====== Args={'_from_bcp': True}
2025-01-17 09:59:34,391 : INFO : EventManager : Event: ======'slide_awesome_slide_active'====== Args={'_from_bcp': True}
2025-01-17 09:59:34,391 : INFO : Machine : Starting the main run loop with active modes: [<Mode.attract>]
2025-01-17 09:59:36,760 : INFO : SwitchController : <<<<<<< 's_left_attack_bumper' active >>>>>>>
2025-01-17 09:59:37,069 : INFO : SwitchController : <<<<<<< 's_left_attack_bumper' inactive >>>>>>>
2025-01-17 09:59:37,361 : INFO : EventManager : Event: ======'slide_press_start_created'====== Args={'_from_bcp': True}
2025-01-17 09:59:37,361 : INFO : EventManager : Event: ======'slide_press_start_active'====== Args={'_from_bcp': True}
2025-01-17 09:59:37,451 : INFO : SwitchController : <<<<<<< 's_left_attack_bumper' active >>>>>>>
2025-01-17 09:59:37,656 : INFO : SwitchController : <<<<<<< 's_left_attack_bumper' inactive >>>>>>>
2025-01-17 09:59:37,735 : INFO : SwitchController : <<<<<<< 's_left_attack_bumper' active >>>>>>>
2025-01-17 09:59:37,939 : INFO : SwitchController : <<<<<<< 's_left_attack_bumper' inactive >>>>>>>
2025-01-17 09:59:38,019 : INFO : SwitchController : <<<<<<< 's_left_attack_bumper' active >>>>>>>
2025-01-17 09:59:38,084 : INFO : SwitchController : <<<<<<< 's_left_attack_bumper' inactive >>>>>>>
2025-01-17 09:59:38,193 : INFO : SwitchController : <<<<<<< 's_left_attack_bumper' active >>>>>>>
2025-01-17 09:59:38,338 : INFO : SwitchController : <<<<<<< 's_left_attack_bumper' inactive >>>>>>>
2025-01-17 09:59:38,431 : INFO : SwitchController : <<<<<<< 's_left_attack_bumper' active >>>>>>>
2025-01-17 09:59:38,557 : INFO : SwitchController : <<<<<<< 's_left_attack_bumper' inactive >>>>>>>
2025-01-17 09:59:38,636 : INFO : SwitchController : <<<<<<< 's_left_attack_bumper' active >>>>>>>
2025-01-17 09:59:38,763 : INFO : SwitchController : <<<<<<< 's_left_attack_bumper' inactive >>>>>>>
2025-01-17 09:59:38,842 : INFO : SwitchController : <<<<<<< 's_left_attack_bumper' active >>>>>>>
2025-01-17 09:59:39,002 : INFO : SwitchController : <<<<<<< 's_left_attack_bumper' inactive >>>>>>>
2025-01-17 09:59:39,965 : INFO : SwitchController : <<<<<<< 's_lower_attack_bumper' active >>>>>>>
2025-01-17 09:59:40,138 : INFO : SwitchController : <<<<<<< 's_lower_attack_bumper' inactive >>>>>>>
2025-01-17 09:59:40,313 : INFO : SwitchController : <<<<<<< 's_lower_attack_bumper' active >>>>>>>
2025-01-17 09:59:40,352 : INFO : EventManager : Event: ======'slide_mission_pinball_created'====== Args={'_from_bcp': True}
2025-01-17 09:59:40,352 : INFO : EventManager : Event: ======'slide_mission_pinball_active'====== Args={'_from_bcp': True}
2025-01-17 09:59:40,454 : INFO : SwitchController : <<<<<<< 's_lower_attack_bumper' inactive >>>>>>>
2025-01-17 09:59:42,007 : INFO : SwitchController : <<<<<<< 's_upper_attack_bumper' active >>>>>>>
2025-01-17 09:59:42,203 : INFO : SwitchController : <<<<<<< 's_upper_attack_bumper' inactive >>>>>>>
2025-01-17 09:59:42,377 : INFO : SwitchController : <<<<<<< 's_upper_attack_bumper' active >>>>>>>
2025-01-17 09:59:42,644 : INFO : SwitchController : <<<<<<< 's_upper_attack_bumper' inactive >>>>>>>
2025-01-17 09:59:43,070 : INFO : SwitchController : <<<<<<< 's_upper_attack_bumper' active >>>>>>>
2025-01-17 09:59:43,240 : INFO : SwitchController : <<<<<<< 's_upper_attack_bumper' inactive >>>>>>>
2025-01-17 09:59:43,357 : INFO : EventManager : Event: ======'slide_last_game_score_slide_created'====== Args={'_from_bcp': True}
2025-01-17 09:59:43,358 : INFO : EventManager : Event: ======'slide_last_game_score_slide_active'====== Args={'_from_bcp': True}
2025-01-17 09:59:43,358 : INFO : SwitchController : <<<<<<< 's_upper_attack_bumper' active >>>>>>>
2025-01-17 09:59:43,450 : INFO : SwitchController : <<<<<<< 's_upper_attack_bumper' inactive >>>>>>>
2025-01-17 09:59:44,035 : INFO : SwitchController : <<<<<<< 's_lower_attack_bumper' active >>>>>>>
2025-01-17 09:59:44,219 : INFO : SwitchController : <<<<<<< 's_lower_attack_bumper' inactive >>>>>>>
2025-01-17 09:59:44,383 : INFO : SwitchController : <<<<<<< 's_lower_attack_bumper' active >>>>>>>
2025-01-17 09:59:44,543 : INFO : SwitchController : <<<<<<< 's_lower_attack_bumper' inactive >>>>>>>
2025-01-17 09:59:44,686 : INFO : SwitchController : <<<<<<< 's_lower_attack_bumper' active >>>>>>>
2025-01-17 09:59:44,799 : INFO : SwitchController : <<<<<<< 's_lower_attack_bumper' inactive >>>>>>>
2025-01-17 09:59:45,381 : INFO : SwitchController : <<<<<<< 's_left_attack_bumper' active >>>>>>>
2025-01-17 09:59:45,507 : INFO : SwitchController : <<<<<<< 's_left_attack_bumper' inactive >>>>>>>
2025-01-17 09:59:45,618 : INFO : SwitchController : <<<<<<< 's_left_attack_bumper' active >>>>>>>
2025-01-17 09:59:45,747 : INFO : SwitchController : <<<<<<< 's_left_attack_bumper' inactive >>>>>>>
2025-01-17 09:59:45,840 : INFO : SwitchController : <<<<<<< 's_left_attack_bumper' active >>>>>>>
2025-01-17 09:59:45,967 : INFO : SwitchController : <<<<<<< 's_left_attack_bumper' inactive >>>>>>>
2025-01-17 09:59:46,046 : INFO : SwitchController : <<<<<<< 's_left_attack_bumper' active >>>>>>>
2025-01-17 09:59:46,172 : INFO : SwitchController : <<<<<<< 's_left_attack_bumper' inactive >>>>>>>
2025-01-17 09:59:46,361 : INFO : EventManager : Event: ======'slide_awesome_slide_removed'====== Args={'_from_bcp': True}
2025-01-17 09:59:46,361 : INFO : EventManager : Event: ======'slide_awesome_slide_created'====== Args={'_from_bcp': True}
2025-01-17 09:59:46,361 : INFO : EventManager : Event: ======'slide_awesome_slide_active'====== Args={'_from_bcp': True}
2025-01-17 09:59:46,674 : INFO : SwitchController : <<<<<<< 's_left_attack_bumper' active >>>>>>>
2025-01-17 09:59:46,927 : INFO : SwitchController : <<<<<<< 's_left_attack_bumper' inactive >>>>>>>
2025-01-17 09:59:46,991 : INFO : SwitchController : <<<<<<< 's_left_attack_bumper' active >>>>>>>
2025-01-17 09:59:47,212 : INFO : SwitchController : <<<<<<< 's_left_attack_bumper' inactive >>>>>>>
2025-01-17 09:59:47,266 : INFO : SwitchController : <<<<<<< 's_left_attack_bumper' active >>>>>>>
2025-01-17 09:59:47,406 : INFO : SwitchController : <<<<<<< 's_left_attack_bumper' inactive >>>>>>>
2025-01-17 09:59:47,529 : INFO : SwitchController : <<<<<<< 's_left_attack_bumper' active >>>>>>>
2025-01-17 09:59:47,577 : INFO : SwitchController : <<<<<<< 's_left_attack_bumper' inactive >>>>>>>
2025-01-17 09:59:47,853 : INFO : SwitchController : <<<<<<< 's_left_attack_bumper' active >>>>>>>
2025-01-17 09:59:48,081 : INFO : SwitchController : <<<<<<< 's_left_attack_bumper' inactive >>>>>>>
2025-01-17 09:59:48,128 : INFO : SwitchController : <<<<<<< 's_left_attack_bumper' active >>>>>>>
2025-01-17 09:59:48,264 : INFO : SwitchController : <<<<<<< 's_left_attack_bumper' inactive >>>>>>>
2025-01-17 09:59:48,337 : INFO : SwitchController : <<<<<<< 's_left_attack_bumper' active >>>>>>>
2025-01-17 09:59:48,473 : INFO : SwitchController : <<<<<<< 's_left_attack_bumper' inactive >>>>>>>
2025-01-17 09:59:48,537 : INFO : SwitchController : <<<<<<< 's_left_attack_bumper' active >>>>>>>
2025-01-17 09:59:48,568 : INFO : SwitchController : <<<<<<< 's_left_attack_bumper' inactive >>>>>>>
2025-01-17 09:59:48,726 : INFO : SwitchController : <<<<<<< 's_left_attack_bumper' active >>>>>>>
2025-01-17 09:59:48,795 : INFO : SwitchController : <<<<<<< 's_left_attack_bumper' inactive >>>>>>>
2025-01-17 09:59:48,899 : INFO : SwitchController : <<<<<<< 's_left_attack_bumper' active >>>>>>>
2025-01-17 09:59:49,042 : INFO : SwitchController : <<<<<<< 's_left_attack_bumper' inactive >>>>>>>
2025-01-17 09:59:49,148 : INFO : SwitchController : <<<<<<< 's_left_attack_bumper' active >>>>>>>
2025-01-17 09:59:49,226 : INFO : SwitchController : <<<<<<< 's_left_attack_bumper' inactive >>>>>>>
2025-01-17 09:59:49,243 : INFO : SwitchController : <<<<<<< 's_left_attack_bumper' active >>>>>>>
2025-01-17 09:59:49,259 : INFO : SwitchController : <<<<<<< 's_left_attack_bumper' inactive >>>>>>>
2025-01-17 09:59:49,344 : INFO : SwitchController : <<<<<<< 's_left_attack_bumper' active >>>>>>>
2025-01-17 09:59:49,357 : INFO : EventManager : Event: ======'slide_press_start_removed'====== Args={'_from_bcp': True}
2025-01-17 09:59:49,363 : INFO : EventManager : Event: ======'slide_press_start_created'====== Args={'_from_bcp': True}
2025-01-17 09:59:49,363 : INFO : EventManager : Event: ======'slide_press_start_active'====== Args={'_from_bcp': True}
2025-01-17 09:59:49,462 : INFO : SwitchController : <<<<<<< 's_left_attack_bumper' inactive >>>>>>>
2025-01-17 09:59:52,363 : INFO : EventManager : Event: ======'slide_mission_pinball_removed'====== Args={'_from_bcp': True}
2025-01-17 09:59:52,364 : INFO : EventManager : Event: ======'slide_mission_pinball_created'====== Args={'_from_bcp': True}
2025-01-17 09:59:52,365 : INFO : EventManager : Event: ======'slide_mission_pinball_active'====== Args={'_from_bcp': True}
2025-01-17 09:59:55,289 : INFO : Machine : Shutting down...
2025-01-17 09:59:55,289 : INFO : EventManager : Event: ======'shutdown'====== Args={}
2025-01-17 09:59:55,295 : ERROR : OPP : Stop called on serial connection com5
2025-01-17 10:00:13,595 : ERROR : asyncio : Fatal write error on serial transport
protocol: <asyncio.streams.StreamReaderProtocol object at 0x0000023D3DFD6CD0>
transport: SerialTransport(<ProactorEventLoop running=True closed=False debug=False>, <asyncio.streams.StreamReaderProtocol object at 0x0000023D3DFD6CD0>, Serial<id=0x23d3dfe0520, open=True>(port='com4', baudrate=115200, bytesize=8, parity='N', stopbits=1, timeout=0, xonxoff=False, rtscts=False, dsrdtr=False))
Traceback (most recent call last):
  File "C:\Users\student\mpfenv3\Lib\site-packages\serial_asyncio\__init__.py", line 290, in _poll_read
    if self.serial.in_waiting:
       ^^^^^^^^^^^^^^^^^^^^^^
  File "C:\Users\student\mpfenv3\Lib\site-packages\serial\serialwin32.py", line 259, in in_waiting
    raise SerialException("ClearCommError failed ({!r})".format(ctypes.WinError()))
serial.serialutil.SerialException: ClearCommError failed (PermissionError(13, 'The device does not recognize the command.', None, 22))
2025-01-17 10:00:13,597 : WARNING : OPP : Serial error: ClearCommError failed (PermissionError(13, 'The device does not recognize the command.', None, 22))
2025-01-17 10:00:13,597 : INFO : EventManager : Event: ======'serial_error'====== Args={}
2025-01-17 10:03:06,045 : ERROR : root : Received second SIGINT. Will exit ungracefully!
NoneType: None
