2025-01-16 21:10:21,189 : kivy : deps: Successfully imported "kivy_deps.gstreamer" 0.3.3
2025-01-16 21:10:21,189 : kivy : deps: Successfully imported "kivy_deps.angle" 0.3.3
2025-01-16 21:10:21,189 : kivy : deps: Successfully imported "kivy_deps.glew" 0.3.1
2025-01-16 21:10:21,189 : kivy : deps: Successfully imported "kivy_deps.sdl2" 0.6.0
2025-01-16 21:10:21,189 : kivy : Kivy: v2.2.1
2025-01-16 21:10:21,189 : kivy : Kivy: Installed at "C:\Users\student\mpfenv3\Lib\site-packages\kivy\__init__.py"
2025-01-16 21:10:21,189 : kivy : Python: v3.11.8 (tags/v3.11.8:db85d51, Feb  6 2024, 22:03:32) [MSC v.1937 64 bit (AMD64)]
2025-01-16 21:10:21,189 : kivy : Python: Interpreter at "C:\Users\student\mpfenv3\Scripts\python.exe"
2025-01-16 21:10:21,205 : kivy : Factory: 190 symbols loaded
2025-01-16 21:10:21,342 : kivy : ImageLoaderFFPy: Using ffpyplayer 4.5.1
2025-01-16 21:10:21,342 : kivy : Image: Providers: img_tex, img_dds, img_sdl2, img_pil, img_ffpyplayer 
2025-01-16 21:10:21,939 : kivy : VideoGstplayer: Using Gstreamer 1.18.5.0
2025-01-16 21:10:21,939 : kivy : Video: Provider: gstplayer
2025-01-16 21:10:21,968 : root : Loading MPF-MC controller
2025-01-16 21:10:22,011 : ConfigProcessor : Config spec file cache created: C:\Users\student\AppData\Local\Temp\config_spec.mpf_cache
2025-01-16 21:10:22,012 : YamlMultifileConfigLoader : Machine config file #1: config
2025-01-16 21:10:22,012 : ConfigProcessor : Loading config from file C:\Users\student\mpfenv3\Lib\site-packages\mpfmc\mcconfig.yaml.
2025-01-16 21:10:22,017 : ConfigProcessor : Loading config: C:\Users\student\mpfenv3\Lib\site-packages\mpfmc\mcconfig.yaml
2025-01-16 21:10:22,018 : ConfigProcessor : Loading config from file C:\Users\student\pinball\cobraPinTest1\config\config.
2025-01-16 21:10:22,022 : ConfigProcessor : Loading config: C:\Users\student\pinball\cobraPinTest1\config\config
2025-01-16 21:10:22,023 : ConfigProcessor : Config file cache created: C:\Users\student\AppData\Local\Temp\d597e459fa663d00d6faab779112d1ee.mpf_cache
2025-01-16 21:10:22,024 : ConfigProcessor : Loading config from file C:\Users\student\mpfenv3\Lib\site-packages\mpf\modes\attract\config\attract.yaml.
2025-01-16 21:10:22,024 : ConfigProcessor : Loading config: C:\Users\student\mpfenv3\Lib\site-packages\mpf\modes\attract\config\attract.yaml
2025-01-16 21:10:22,024 : ConfigProcessor : Loading config from file C:\Users\student\pinball\cobraPinTest1\modes\attract\config\attract.yaml.
2025-01-16 21:10:22,025 : ConfigProcessor : Loading config: C:\Users\student\pinball\cobraPinTest1\modes\attract\config\attract.yaml
2025-01-16 21:10:22,025 : ConfigProcessor : Config file cache created: C:\Users\student\AppData\Local\Temp\0196918bccd620e51d3c4d2630650aa0.mpf_cache
2025-01-16 21:10:22,025 : ConfigProcessor : Loading config from file C:\Users\student\mpfenv3\Lib\site-packages\mpf\modes\game\config\game.yaml.
2025-01-16 21:10:22,026 : ConfigProcessor : Loading config: C:\Users\student\mpfenv3\Lib\site-packages\mpf\modes\game\config\game.yaml
2025-01-16 21:10:22,026 : ConfigProcessor : Config file cache created: C:\Users\student\AppData\Local\Temp\511dcc6b491b0fa2d7aa9abdf6497e9c.mpf_cache
2025-01-16 21:10:22,027 : ConfigProcessor : Loading config from file C:\Users\student\pinball\cobraPinTest1\modes\base\config\base.yaml.
2025-01-16 21:10:22,027 : ConfigProcessor : Loading config: C:\Users\student\pinball\cobraPinTest1\modes\base\config\base.yaml
2025-01-16 21:10:22,028 : ConfigProcessor : Config file cache created: C:\Users\student\AppData\Local\Temp\4675a535c8328a9c278c807d999ed109.mpf_cache
2025-01-16 21:10:22,028 : ConfigProcessor : Loading config from file C:\Users\student\pinball\cobraPinTest1\modes\reentry\config\reentry.yaml.
2025-01-16 21:10:22,031 : ConfigProcessor : Loading config: C:\Users\student\pinball\cobraPinTest1\modes\reentry\config\reentry.yaml
2025-01-16 21:10:22,032 : ConfigProcessor : Config file cache created: C:\Users\student\AppData\Local\Temp\0c8438cab3480347c0c749fa494946a2.mpf_cache
2025-01-16 21:10:22,032 : ConfigProcessor : Loading config from file C:\Users\student\pinball\cobraPinTest1\modes\lowerlanes\config\lowerlanes.yaml.
2025-01-16 21:10:22,034 : ConfigProcessor : Loading config: C:\Users\student\pinball\cobraPinTest1\modes\lowerlanes\config\lowerlanes.yaml
2025-01-16 21:10:22,035 : ConfigProcessor : Config file cache created: C:\Users\student\AppData\Local\Temp\5052615755bdf1309b248cf8695ad4ff.mpf_cache
2025-01-16 21:10:22,035 : mpfmc : Mission Pinball Framework Media Controller (MPF-MC) v0.57.1. Requires MPF v0.57.0 or newer.
2025-01-16 21:10:22,035 : mpfmc : Found MPF v0.57.3
2025-01-16 21:10:22,036 : mpfmc : Machine path: C:\Users\student\pinball\cobraPinTest1
2025-01-16 21:10:22,036 : mpfmc : Starting clock at 60.0Hz
2025-01-16 21:10:22,049 : kivy : Text: Provider: sdl2
2025-01-16 21:10:22,092 : kivy : Window: Provider: sdl2
2025-01-16 21:10:22,486 : kivy : GL: Using the "OpenGL" graphics system
2025-01-16 21:10:22,488 : kivy : GL: GLEW initialization succeeded
2025-01-16 21:10:22,488 : kivy : GL: Backend used <glew>
2025-01-16 21:10:22,489 : kivy : GL: OpenGL version <b'4.6.13543 Compatibility Profile Context 25.20.15006.9'>
2025-01-16 21:10:22,489 : kivy : GL: OpenGL vendor <b'ATI Technologies Inc.'>
2025-01-16 21:10:22,489 : kivy : GL: OpenGL renderer <b'Radeon RX Vega M GL Graphics'>
2025-01-16 21:10:22,489 : kivy : GL: OpenGL parsed version: 4, 6
2025-01-16 21:10:22,489 : kivy : GL: Shading version <b'4.60'>
2025-01-16 21:10:22,489 : kivy : GL: Texture max size <16384>
2025-01-16 21:10:22,489 : kivy : GL: Texture max units <32>
2025-01-16 21:10:22,504 : kivy : Window: auto add sdl2 input provider
2025-01-16 21:10:22,505 : kivy : Window: virtual keyboard not allowed, single mode, not docked
2025-01-16 21:10:22,857 : AudioInterface : Initialized
2025-01-16 21:10:22,857 : AudioInterface : Loaded SDL 2.26.4
2025-01-16 21:10:22,857 : AudioInterface : Loaded SDL_Mixer 2.6.3
2025-01-16 21:10:22,857 : AudioInterface : Loaded GStreamer 1.18.5.0
2025-01-16 21:10:22,857 : AudioInterface : Loaded GLib 2.62.6
2025-01-16 21:10:22,857 : AudioInterface : Settings requested - rate: 44100, channels: 1, buffer: 2048 samples
2025-01-16 21:10:22,857 : AudioInterface : Settings in use - rate: 44100, channels: 1, buffer: 2048 samples (4096 bytes @ 2 bytes per sample)
2025-01-16 21:10:22,857 : SoundSystem : Setting master volume to 0.0
2025-01-16 21:10:22,858 : AudioInterface : Enabling audio playback
2025-01-16 21:10:22,859 : kivy : Base: Start application main loop
2025-01-16 21:10:22,859 : EventManager : Event: ======'display_window_initialized'====== Args={}
2025-01-16 21:10:22,877 : mpfmc : Display: Setting 'window' as default display
2025-01-16 21:10:22,887 : EventManager : Event: ======'displays_initialized'====== Args={}
2025-01-16 21:10:22,887 : EventManager : Event: ======'slide_window_blank_created'====== Args={}
2025-01-16 21:10:22,887 : EventManager : Event: ======'display_window_ready'====== Args={}
2025-01-16 21:10:22,895 : EventManager : Event: ======'init_phase_1'====== Args={}
2025-01-16 21:10:22,900 : EventManager : Event: ======'mc_ready'====== Args={}
2025-01-16 21:10:22,900 : EventManager : Event: ======'init_phase_2'====== Args={}
2025-01-16 21:10:22,902 : EventManager : Event: ======'init_phase_3'====== Args={}
2025-01-16 21:10:22,904 : EventManager : Event: ======'init_phase_4'====== Args={}
2025-01-16 21:10:22,904 : EventManager : Event: ======'init_phase_5'====== Args={}
2025-01-16 21:10:22,904 : EventManager : Event: ======'init_done'====== Args={}
2025-01-16 21:10:22,904 : MPF-MC BCP Server : Starting up on localhost port 5050
2025-01-16 21:10:22,909 : MPF-MC BCP Server : Waiting for a connection...
2025-01-16 21:10:22,912 : kivy : GL: NPOT texture support is available
2025-01-16 21:10:22,913 : EventManager : Event: ======'slide_welcome_slide_created'====== Args={}
2025-01-16 21:10:22,915 : EventManager : Event: ======'slide_welcome_slide_active'====== Args={}
2025-01-16 21:10:22,928 : EventManager : Event: ======'client_disconnected'====== Args={'host': '127.0.0.1', 'port': 5050}
2025-01-16 21:10:24,164 : MPF-MC BCP Server : Received connection from: 127.0.0.1:58940
2025-01-16 21:10:24,172 : EventManager : Event: ======'client_connected'====== Args={'host': '127.0.0.1', 'port': 58940}
2025-01-16 21:10:24,287 : EventManager : Event: ======'machine_var_credits_string'====== Args={'value': 'FREE PLAY', 'prev_value': None, 'change': True}
2025-01-16 21:10:24,287 : EventManager : Event: ======'machine_var_master_volume'====== Args={'value': 0.5, 'prev_value': None, 'change': True}
2025-01-16 21:10:24,287 : EventManager : Event: ======'machine_var_player1_score'====== Args={'value': 1500, 'prev_value': None, 'change': True}
2025-01-16 21:10:24,287 : EventManager : Event: ======'machine_var_mpf_version'====== Args={'value': 'Mission Pinball Framework v0.57.3', 'prev_value': None, 'change': True}
2025-01-16 21:10:24,287 : EventManager : Event: ======'machine_var_mpf_extended_version'====== Args={'value': 'Mission Pinball Framework v0.57.3, Config version:6, Show version: 6, BCP version:1.1', 'prev_value': None, 'change': True}
2025-01-16 21:10:24,287 : EventManager : Event: ======'machine_var_python_version'====== Args={'value': '3.11.8', 'prev_value': None, 'change': True}
2025-01-16 21:10:24,287 : EventManager : Event: ======'machine_var_platform'====== Args={'value': 'Windows-10-10.0.19045-SP0', 'prev_value': None, 'change': True}
2025-01-16 21:10:24,287 : EventManager : Event: ======'machine_var_platform_system'====== Args={'value': 'Windows', 'prev_value': None, 'change': True}
2025-01-16 21:10:24,287 : EventManager : Event: ======'machine_var_platform_release'====== Args={'value': '10', 'prev_value': None, 'change': True}
2025-01-16 21:10:24,288 : EventManager : Event: ======'machine_var_platform_version'====== Args={'value': '10.0.19045', 'prev_value': None, 'change': True}
2025-01-16 21:10:24,288 : EventManager : Event: ======'machine_var_platform_machine'====== Args={'value': 'AMD64', 'prev_value': None, 'change': True}
2025-01-16 21:10:24,288 : EventManager : Event: ======'machine_var_mc_version'====== Args={'value': 'MPF-MC v0.57.1', 'prev_value': None, 'change': True}
2025-01-16 21:10:24,288 : EventManager : Event: ======'machine_var_mc_extended_version'====== Args={'value': 'MPF-MC v0.57.1 (config_version=6, BCP v1.1,                      Requires MPF API compatibility v0.57.0 or newer)', 'prev_value': None, 'change': True}
2025-01-16 21:10:24,288 : EventManager : Event: ======'machine_var_credits_string'====== Args={'value': 'FREE PLAY', 'prev_value': None, 'change': True}
2025-01-16 21:10:24,288 : EventManager : Event: ======'machine_var_master_volume'====== Args={'value': 0.5, 'prev_value': None, 'change': True}
2025-01-16 21:10:24,288 : EventManager : Event: ======'machine_var_player1_score'====== Args={'value': 1500, 'prev_value': None, 'change': True}
2025-01-16 21:10:24,288 : EventManager : Event: ======'machine_var_mpf_version'====== Args={'value': 'Mission Pinball Framework v0.57.3', 'prev_value': None, 'change': True}
2025-01-16 21:10:24,288 : EventManager : Event: ======'machine_var_mpf_extended_version'====== Args={'value': 'Mission Pinball Framework v0.57.3, Config version:6, Show version: 6, BCP version:1.1', 'prev_value': None, 'change': True}
2025-01-16 21:10:24,288 : EventManager : Event: ======'machine_var_python_version'====== Args={'value': '3.11.8', 'prev_value': None, 'change': True}
2025-01-16 21:10:24,288 : EventManager : Event: ======'machine_var_platform'====== Args={'value': 'Windows-10-10.0.19045-SP0', 'prev_value': None, 'change': True}
2025-01-16 21:10:24,288 : EventManager : Event: ======'machine_var_platform_system'====== Args={'value': 'Windows', 'prev_value': None, 'change': True}
2025-01-16 21:10:24,288 : EventManager : Event: ======'machine_var_platform_release'====== Args={'value': '10', 'prev_value': None, 'change': True}
2025-01-16 21:10:24,288 : EventManager : Event: ======'machine_var_platform_version'====== Args={'value': '10.0.19045', 'prev_value': None, 'change': True}
2025-01-16 21:10:24,289 : EventManager : Event: ======'machine_var_platform_machine'====== Args={'value': 'AMD64', 'prev_value': None, 'change': True}
2025-01-16 21:10:24,289 : EventManager : Event: ======'machine_var_mc_version'====== Args={'value': 'MPF-MC v0.57.1', 'prev_value': None, 'change': True}
2025-01-16 21:10:24,289 : EventManager : Event: ======'machine_var_mc_extended_version'====== Args={'value': 'MPF-MC v0.57.1 (config_version=6, BCP v1.1,                      Requires MPF API compatibility v0.57.0 or newer)', 'prev_value': None, 'change': True}
2025-01-16 21:10:24,289 : EventManager : Event: ======'machine_var_credits_string'====== Args={'value': 'FREE PLAY', 'prev_value': None, 'change': True}
2025-01-16 21:10:24,289 : EventManager : Event: ======'machine_var_master_volume'====== Args={'value': 0.5, 'prev_value': None, 'change': True}
2025-01-16 21:10:24,289 : EventManager : Event: ======'machine_var_player1_score'====== Args={'value': 1500, 'prev_value': None, 'change': True}
2025-01-16 21:10:24,289 : EventManager : Event: ======'machine_var_mpf_version'====== Args={'value': 'Mission Pinball Framework v0.57.3', 'prev_value': None, 'change': True}
2025-01-16 21:10:24,289 : EventManager : Event: ======'machine_var_mpf_extended_version'====== Args={'value': 'Mission Pinball Framework v0.57.3, Config version:6, Show version: 6, BCP version:1.1', 'prev_value': None, 'change': True}
2025-01-16 21:10:24,289 : EventManager : Event: ======'machine_var_python_version'====== Args={'value': '3.11.8', 'prev_value': None, 'change': True}
2025-01-16 21:10:24,289 : EventManager : Event: ======'machine_var_platform'====== Args={'value': 'Windows-10-10.0.19045-SP0', 'prev_value': None, 'change': True}
2025-01-16 21:10:24,289 : EventManager : Event: ======'machine_var_platform_system'====== Args={'value': 'Windows', 'prev_value': None, 'change': True}
2025-01-16 21:10:24,289 : EventManager : Event: ======'machine_var_platform_release'====== Args={'value': '10', 'prev_value': None, 'change': True}
2025-01-16 21:10:24,289 : EventManager : Event: ======'machine_var_platform_version'====== Args={'value': '10.0.19045', 'prev_value': None, 'change': True}
2025-01-16 21:10:24,289 : EventManager : Event: ======'machine_var_platform_machine'====== Args={'value': 'AMD64', 'prev_value': None, 'change': True}
2025-01-16 21:10:24,289 : EventManager : Event: ======'machine_var_mc_version'====== Args={'value': 'MPF-MC v0.57.1', 'prev_value': None, 'change': True}
2025-01-16 21:10:24,289 : EventManager : Event: ======'machine_var_mc_extended_version'====== Args={'value': 'MPF-MC v0.57.1 (config_version=6, BCP v1.1,                      Requires MPF API compatibility v0.57.0 or newer)', 'prev_value': None, 'change': True}
2025-01-16 21:10:24,289 : EventManager : Event: ======'machine_var_credits_string'====== Args={'value': 'FREE PLAY', 'prev_value': None, 'change': True}
2025-01-16 21:10:24,289 : EventManager : Event: ======'machine_var_master_volume'====== Args={'value': 0.5, 'prev_value': None, 'change': True}
2025-01-16 21:10:24,290 : EventManager : Event: ======'machine_var_player1_score'====== Args={'value': 1500, 'prev_value': None, 'change': True}
2025-01-16 21:10:24,290 : EventManager : Event: ======'machine_var_mpf_version'====== Args={'value': 'Mission Pinball Framework v0.57.3', 'prev_value': None, 'change': True}
2025-01-16 21:10:24,290 : EventManager : Event: ======'machine_var_mpf_extended_version'====== Args={'value': 'Mission Pinball Framework v0.57.3, Config version:6, Show version: 6, BCP version:1.1', 'prev_value': None, 'change': True}
2025-01-16 21:10:24,290 : EventManager : Event: ======'machine_var_python_version'====== Args={'value': '3.11.8', 'prev_value': None, 'change': True}
2025-01-16 21:10:24,290 : EventManager : Event: ======'machine_var_platform'====== Args={'value': 'Windows-10-10.0.19045-SP0', 'prev_value': None, 'change': True}
2025-01-16 21:10:24,290 : EventManager : Event: ======'machine_var_platform_system'====== Args={'value': 'Windows', 'prev_value': None, 'change': True}
2025-01-16 21:10:24,290 : EventManager : Event: ======'machine_var_platform_release'====== Args={'value': '10', 'prev_value': None, 'change': True}
2025-01-16 21:10:24,290 : EventManager : Event: ======'machine_var_platform_version'====== Args={'value': '10.0.19045', 'prev_value': None, 'change': True}
2025-01-16 21:10:24,290 : EventManager : Event: ======'machine_var_platform_machine'====== Args={'value': 'AMD64', 'prev_value': None, 'change': True}
2025-01-16 21:10:24,290 : EventManager : Event: ======'machine_var_mc_version'====== Args={'value': 'MPF-MC v0.57.1', 'prev_value': None, 'change': True}
2025-01-16 21:10:24,290 : EventManager : Event: ======'machine_var_mc_extended_version'====== Args={'value': 'MPF-MC v0.57.1 (config_version=6, BCP v1.1,                      Requires MPF API compatibility v0.57.0 or newer)', 'prev_value': None, 'change': True}
2025-01-16 21:10:24,290 : SoundSystem : Setting master volume to 0.5
2025-01-16 21:10:24,290 : SoundSystem : Setting master volume to 0.5
2025-01-16 21:10:24,290 : SoundSystem : Setting master volume to 0.5
2025-01-16 21:10:24,290 : SoundSystem : Setting master volume to 0.5
2025-01-16 21:10:24,352 : EventManager : Event: ======'machine_var_audits_events_game_ended'====== Args={'value': 0, 'prev_value': None, 'change': True}
2025-01-16 21:10:24,365 : EventManager : Event: ======'machine_var_audits_events_game_started'====== Args={'value': 28, 'prev_value': None, 'change': True}
2025-01-16 21:10:24,365 : EventManager : Event: ======'machine_var_audits_missing_switches_s_bonus_lane'====== Args={'value': 2, 'prev_value': None, 'change': True}
2025-01-16 21:10:24,365 : EventManager : Event: ======'machine_var_audits_missing_switches_s_left_attack_bumper'====== Args={'value': 1, 'prev_value': None, 'change': True}
2025-01-16 21:10:24,365 : EventManager : Event: ======'machine_var_audits_missing_switches_s_left_out_lane'====== Args={'value': 2, 'prev_value': None, 'change': True}
2025-01-16 21:10:24,366 : EventManager : Event: ======'machine_var_audits_missing_switches_s_left_return_lane'====== Args={'value': 2, 'prev_value': None, 'change': True}
2025-01-16 21:10:24,366 : EventManager : Event: ======'machine_var_audits_missing_switches_s_lower_attack_bumper'====== Args={'value': 3, 'prev_value': None, 'change': True}
2025-01-16 21:10:24,366 : EventManager : Event: ======'machine_var_audits_missing_switches_s_lower_left_slingshot'====== Args={'value': 2, 'prev_value': None, 'change': True}
2025-01-16 21:10:24,366 : EventManager : Event: ======'machine_var_audits_missing_switches_s_lower_right_slingshot'====== Args={'value': 2, 'prev_value': None, 'change': True}
2025-01-16 21:10:24,366 : EventManager : Event: ======'machine_var_audits_missing_switches_s_plunger'====== Args={'value': 26, 'prev_value': None, 'change': True}
2025-01-16 21:10:24,366 : EventManager : Event: ======'machine_var_audits_missing_switches_s_reentry_left'====== Args={'value': 11, 'prev_value': None, 'change': True}
2025-01-16 21:10:24,366 : EventManager : Event: ======'machine_var_audits_missing_switches_s_reentry_middle'====== Args={'value': 11, 'prev_value': None, 'change': True}
2025-01-16 21:10:24,366 : EventManager : Event: ======'machine_var_audits_missing_switches_s_reentry_right'====== Args={'value': 5, 'prev_value': None, 'change': True}
2025-01-16 21:10:24,366 : EventManager : Event: ======'machine_var_audits_missing_switches_s_right_out_lane'====== Args={'value': 2, 'prev_value': None, 'change': True}
2025-01-16 21:10:24,367 : EventManager : Event: ======'machine_var_audits_missing_switches_s_right_return_lane'====== Args={'value': 2, 'prev_value': None, 'change': True}
2025-01-16 21:10:24,367 : EventManager : Event: ======'machine_var_audits_missing_switches_s_spacewarp_rollover'====== Args={'value': 10, 'prev_value': None, 'change': True}
2025-01-16 21:10:24,367 : EventManager : Event: ======'machine_var_audits_missing_switches_s_start'====== Args={'value': 27, 'prev_value': None, 'change': True}
2025-01-16 21:10:24,367 : EventManager : Event: ======'machine_var_audits_missing_switches_s_trough1'====== Args={'value': 27, 'prev_value': None, 'change': True}
2025-01-16 21:10:24,367 : EventManager : Event: ======'machine_var_audits_missing_switches_s_upper_attack_bumper'====== Args={'value': 3, 'prev_value': None, 'change': True}
2025-01-16 21:10:24,367 : EventManager : Event: ======'machine_var_audits_missing_switches_s_wormhole_target'====== Args={'value': 2, 'prev_value': None, 'change': True}
2025-01-16 21:10:24,367 : EventManager : Event: ======'machine_var_audits_player_score'====== Args={'value': {'average': 1800.0, 'top': [2000, 1900, 1500], 'total': 3}, 'prev_value': None, 'change': True}
2025-01-16 21:10:24,367 : EventManager : Event: ======'machine_var_audits_shots_bonusLane_shot'====== Args={'value': 55, 'prev_value': None, 'change': True}
2025-01-16 21:10:24,367 : EventManager : Event: ======'machine_var_audits_shots_medalL_shot'====== Args={'value': 174, 'prev_value': None, 'change': True}
2025-01-16 21:10:24,367 : EventManager : Event: ======'machine_var_audits_shots_medalM_shot'====== Args={'value': 166, 'prev_value': None, 'change': True}
2025-01-16 21:10:24,367 : EventManager : Event: ======'machine_var_audits_shots_medalR_shot'====== Args={'value': 165, 'prev_value': None, 'change': True}
2025-01-16 21:10:24,367 : EventManager : Event: ======'machine_var_audits_shots_my_first_shot'====== Args={'value': 119, 'prev_value': None, 'change': True}
2025-01-16 21:10:24,367 : EventManager : Event: ======'machine_var_audits_shots_my_first_shot_mode2'====== Args={'value': 72, 'prev_value': None, 'change': True}
2025-01-16 21:10:24,368 : EventManager : Event: ======'machine_var_audits_shots_outLaneL_shot'====== Args={'value': 18, 'prev_value': None, 'change': True}
2025-01-16 21:10:24,368 : EventManager : Event: ======'machine_var_audits_shots_outLaneR_shot'====== Args={'value': 72, 'prev_value': None, 'change': True}
2025-01-16 21:10:24,368 : EventManager : Event: ======'machine_var_audits_shots_reentryL_shot'====== Args={'value': 517, 'prev_value': None, 'change': True}
2025-01-16 21:10:24,368 : EventManager : Event: ======'machine_var_audits_shots_reentryM_shot'====== Args={'value': 476, 'prev_value': None, 'change': True}
2025-01-16 21:10:24,368 : EventManager : Event: ======'machine_var_audits_shots_reentryR_shot'====== Args={'value': 462, 'prev_value': None, 'change': True}
2025-01-16 21:10:24,368 : EventManager : Event: ======'machine_var_audits_shots_reentry_shot'====== Args={'value': 9, 'prev_value': None, 'change': True}
2025-01-16 21:10:24,368 : EventManager : Event: ======'machine_var_audits_shots_returnLaneL_shot'====== Args={'value': 168, 'prev_value': None, 'change': True}
2025-01-16 21:10:24,368 : EventManager : Event: ======'machine_var_audits_shots_returnLaneR_shot'====== Args={'value': 115, 'prev_value': None, 'change': True}
2025-01-16 21:10:24,368 : EventManager : Event: ======'machine_var_audits_shots_spacewarp_rollover_shot'====== Args={'value': 47, 'prev_value': None, 'change': True}
2025-01-16 21:10:24,368 : EventManager : Event: ======'machine_var_audits_shots_top_lane_A'====== Args={'value': 12, 'prev_value': None, 'change': True}
2025-01-16 21:10:24,368 : EventManager : Event: ======'machine_var_audits_shots_top_lane_J'====== Args={'value': 12, 'prev_value': None, 'change': True}
2025-01-16 21:10:24,368 : EventManager : Event: ======'machine_var_audits_shots_top_lane_M'====== Args={'value': 9, 'prev_value': None, 'change': True}
2025-01-16 21:10:24,368 : EventManager : Event: ======'machine_var_audits_switches_s_blackhole_kicker'====== Args={'value': 0, 'prev_value': None, 'change': True}
2025-01-16 21:10:24,368 : EventManager : Event: ======'machine_var_audits_switches_s_bonus_lane'====== Args={'value': 68, 'prev_value': None, 'change': True}
2025-01-16 21:10:24,368 : EventManager : Event: ======'machine_var_audits_switches_s_booster_drop_target_1'====== Args={'value': 0, 'prev_value': None, 'change': True}
2025-01-16 21:10:24,368 : EventManager : Event: ======'machine_var_audits_switches_s_booster_drop_target_2'====== Args={'value': 0, 'prev_value': None, 'change': True}
2025-01-16 21:10:24,368 : EventManager : Event: ======'machine_var_audits_switches_s_booster_drop_target_3'====== Args={'value': 0, 'prev_value': None, 'change': True}
2025-01-16 21:10:24,368 : EventManager : Event: ======'machine_var_audits_switches_s_comet_spot_1'====== Args={'value': 0, 'prev_value': None, 'change': True}
2025-01-16 21:10:24,369 : EventManager : Event: ======'machine_var_audits_switches_s_comet_spot_2'====== Args={'value': 0, 'prev_value': None, 'change': True}
2025-01-16 21:10:24,369 : EventManager : Event: ======'machine_var_audits_switches_s_comet_spot_3'====== Args={'value': 0, 'prev_value': None, 'change': True}
2025-01-16 21:10:24,369 : EventManager : Event: ======'machine_var_audits_switches_s_engine_bumper_1'====== Args={'value': 0, 'prev_value': None, 'change': True}
2025-01-16 21:10:24,369 : EventManager : Event: ======'machine_var_audits_switches_s_engine_bumper_2'====== Args={'value': 0, 'prev_value': None, 'change': True}
2025-01-16 21:10:24,369 : EventManager : Event: ======'machine_var_audits_switches_s_engine_bumper_3'====== Args={'value': 0, 'prev_value': None, 'change': True}
2025-01-16 21:10:24,369 : EventManager : Event: ======'machine_var_audits_switches_s_fuel_chute_1'====== Args={'value': 0, 'prev_value': None, 'change': True}
2025-01-16 21:10:24,369 : EventManager : Event: ======'machine_var_audits_switches_s_fuel_chute_2'====== Args={'value': 0, 'prev_value': None, 'change': True}
2025-01-16 21:10:24,369 : EventManager : Event: ======'machine_var_audits_switches_s_fuel_chute_3'====== Args={'value': 0, 'prev_value': None, 'change': True}
2025-01-16 21:10:24,369 : EventManager : Event: ======'machine_var_audits_switches_s_fuel_chute_4'====== Args={'value': 0, 'prev_value': None, 'change': True}
2025-01-16 21:10:24,369 : EventManager : Event: ======'machine_var_audits_switches_s_fuel_chute_5'====== Args={'value': 0, 'prev_value': None, 'change': True}
2025-01-16 21:10:24,369 : EventManager : Event: ======'machine_var_audits_switches_s_fuel_chute_6'====== Args={'value': 0, 'prev_value': None, 'change': True}
2025-01-16 21:10:24,369 : EventManager : Event: ======'machine_var_audits_switches_s_fuel_flag'====== Args={'value': 0, 'prev_value': None, 'change': True}
2025-01-16 21:10:24,369 : EventManager : Event: ======'machine_var_audits_switches_s_fuel_spot_1'====== Args={'value': 0, 'prev_value': None, 'change': True}
2025-01-16 21:10:24,369 : EventManager : Event: ======'machine_var_audits_switches_s_fuel_spot_2'====== Args={'value': 0, 'prev_value': None, 'change': True}
2025-01-16 21:10:24,369 : EventManager : Event: ======'machine_var_audits_switches_s_fuel_spot_3'====== Args={'value': 0, 'prev_value': None, 'change': True}
2025-01-16 21:10:24,369 : EventManager : Event: ======'machine_var_audits_switches_s_green_wormhole'====== Args={'value': 0, 'prev_value': None, 'change': True}
2025-01-16 21:10:24,369 : EventManager : Event: ======'machine_var_audits_switches_s_hyperspace_flag'====== Args={'value': 0, 'prev_value': None, 'change': True}
2025-01-16 21:10:24,369 : EventManager : Event: ======'machine_var_audits_switches_s_hyperspacekicker'====== Args={'value': 0, 'prev_value': None, 'change': True}
2025-01-16 21:10:24,369 : EventManager : Event: ======'machine_var_audits_switches_s_launch_lane_1'====== Args={'value': 0, 'prev_value': None, 'change': True}
2025-01-16 21:10:24,370 : EventManager : Event: ======'machine_var_audits_switches_s_launch_lane_2'====== Args={'value': 0, 'prev_value': None, 'change': True}
2025-01-16 21:10:24,370 : EventManager : Event: ======'machine_var_audits_switches_s_launch_lane_3'====== Args={'value': 0, 'prev_value': None, 'change': True}
2025-01-16 21:10:24,370 : EventManager : Event: ======'machine_var_audits_switches_s_launch_ramp'====== Args={'value': 0, 'prev_value': None, 'change': True}
2025-01-16 21:10:24,370 : EventManager : Event: ======'machine_var_audits_switches_s_left_attack_bumper'====== Args={'value': 98, 'prev_value': None, 'change': True}
2025-01-16 21:10:24,370 : EventManager : Event: ======'machine_var_audits_switches_s_left_flipper'====== Args={'value': 1547, 'prev_value': None, 'change': True}
2025-01-16 21:10:24,370 : EventManager : Event: ======'machine_var_audits_switches_s_left_out_lane'====== Args={'value': 22, 'prev_value': None, 'change': True}
2025-01-16 21:10:24,370 : EventManager : Event: ======'machine_var_audits_switches_s_left_out_lane_kicker'====== Args={'value': 0, 'prev_value': None, 'change': True}
2025-01-16 21:10:24,370 : EventManager : Event: ======'machine_var_audits_switches_s_left_return_lane'====== Args={'value': 175, 'prev_value': None, 'change': True}
2025-01-16 21:10:24,370 : EventManager : Event: ======'machine_var_audits_switches_s_lower_attack_bumper'====== Args={'value': 38, 'prev_value': None, 'change': True}
2025-01-16 21:10:24,370 : EventManager : Event: ======'machine_var_audits_switches_s_lower_left_rebound'====== Args={'value': 0, 'prev_value': None, 'change': True}
2025-01-16 21:10:24,370 : EventManager : Event: ======'machine_var_audits_switches_s_lower_left_slingshot'====== Args={'value': 168, 'prev_value': None, 'change': True}
2025-01-16 21:10:24,370 : EventManager : Event: ======'machine_var_audits_switches_s_lower_right_rebound'====== Args={'value': 0, 'prev_value': None, 'change': True}
2025-01-16 21:10:24,370 : EventManager : Event: ======'machine_var_audits_switches_s_lower_right_slingshot'====== Args={'value': 174, 'prev_value': None, 'change': True}
2025-01-16 21:10:24,370 : EventManager : Event: ======'machine_var_audits_switches_s_medal_drop_left'====== Args={'value': 188, 'prev_value': None, 'change': True}
2025-01-16 21:10:24,370 : EventManager : Event: ======'machine_var_audits_switches_s_medal_drop_middle'====== Args={'value': 180, 'prev_value': None, 'change': True}
2025-01-16 21:10:24,370 : EventManager : Event: ======'machine_var_audits_switches_s_medal_drop_right'====== Args={'value': 179, 'prev_value': None, 'change': True}
2025-01-16 21:10:24,370 : EventManager : Event: ======'machine_var_audits_switches_s_mission_spot_1'====== Args={'value': 0, 'prev_value': None, 'change': True}
2025-01-16 21:10:24,370 : EventManager : Event: ======'machine_var_audits_switches_s_mission_spot_2'====== Args={'value': 2, 'prev_value': None, 'change': True}
2025-01-16 21:10:24,371 : EventManager : Event: ======'machine_var_audits_switches_s_mission_spot_3'====== Args={'value': 0, 'prev_value': None, 'change': True}
2025-01-16 21:10:24,371 : EventManager : Event: ======'machine_var_audits_switches_s_multiplier_left'====== Args={'value': 0, 'prev_value': None, 'change': True}
2025-01-16 21:10:24,371 : EventManager : Event: ======'machine_var_audits_switches_s_multiplier_middle'====== Args={'value': 0, 'prev_value': None, 'change': True}
2025-01-16 21:10:24,371 : EventManager : Event: ======'machine_var_audits_switches_s_multiplier_right'====== Args={'value': 0, 'prev_value': None, 'change': True}
2025-01-16 21:10:24,371 : EventManager : Event: ======'machine_var_audits_switches_s_plunger'====== Args={'value': 177, 'prev_value': None, 'change': True}
2025-01-16 21:10:24,371 : EventManager : Event: ======'machine_var_audits_switches_s_radiationspot_1'====== Args={'value': 0, 'prev_value': None, 'change': True}
2025-01-16 21:10:24,371 : EventManager : Event: ======'machine_var_audits_switches_s_radiationspot_2'====== Args={'value': 0, 'prev_value': None, 'change': True}
2025-01-16 21:10:24,371 : EventManager : Event: ======'machine_var_audits_switches_s_radiationspot_3'====== Args={'value': 0, 'prev_value': None, 'change': True}
2025-01-16 21:10:24,371 : EventManager : Event: ======'machine_var_audits_switches_s_red_wormhole'====== Args={'value': 0, 'prev_value': None, 'change': True}
2025-01-16 21:10:24,371 : EventManager : Event: ======'machine_var_audits_switches_s_reentry_left'====== Args={'value': 875, 'prev_value': None, 'change': True}
2025-01-16 21:10:24,371 : EventManager : Event: ======'machine_var_audits_switches_s_reentry_middle'====== Args={'value': 550, 'prev_value': None, 'change': True}
2025-01-16 21:10:24,371 : EventManager : Event: ======'machine_var_audits_switches_s_reentry_right'====== Args={'value': 521, 'prev_value': None, 'change': True}
2025-01-16 21:10:24,371 : EventManager : Event: ======'machine_var_audits_switches_s_right_flipper'====== Args={'value': 1855, 'prev_value': None, 'change': True}
2025-01-16 21:10:24,371 : EventManager : Event: ======'machine_var_audits_switches_s_right_inlane'====== Args={'value': 0, 'prev_value': None, 'change': True}
2025-01-16 21:10:24,371 : EventManager : Event: ======'machine_var_audits_switches_s_right_out_lane'====== Args={'value': 98, 'prev_value': None, 'change': True}
2025-01-16 21:10:24,371 : EventManager : Event: ======'machine_var_audits_switches_s_right_out_lane_kicker'====== Args={'value': 0, 'prev_value': None, 'change': True}
2025-01-16 21:10:24,371 : EventManager : Event: ======'machine_var_audits_switches_s_right_return_lane'====== Args={'value': 127, 'prev_value': None, 'change': True}
2025-01-16 21:10:24,371 : EventManager : Event: ======'machine_var_audits_switches_s_satellite_bumper'====== Args={'value': 0, 'prev_value': None, 'change': True}
2025-01-16 21:10:24,371 : EventManager : Event: ======'machine_var_audits_switches_s_secondary_outlane_kicker'====== Args={'value': 0, 'prev_value': None, 'change': True}
2025-01-16 21:10:24,371 : EventManager : Event: ======'machine_var_audits_switches_s_skill_shot_1'====== Args={'value': 0, 'prev_value': None, 'change': True}
2025-01-16 21:10:24,372 : EventManager : Event: ======'machine_var_audits_switches_s_skill_shot_2'====== Args={'value': 0, 'prev_value': None, 'change': True}
2025-01-16 21:10:24,372 : EventManager : Event: ======'machine_var_audits_switches_s_skill_shot_3'====== Args={'value': 0, 'prev_value': None, 'change': True}
2025-01-16 21:10:24,372 : EventManager : Event: ======'machine_var_audits_switches_s_skill_shot_4'====== Args={'value': 0, 'prev_value': None, 'change': True}
2025-01-16 21:10:24,372 : EventManager : Event: ======'machine_var_audits_switches_s_skill_shot_5'====== Args={'value': 0, 'prev_value': None, 'change': True}
2025-01-16 21:10:24,372 : EventManager : Event: ======'machine_var_audits_switches_s_skill_shot_6'====== Args={'value': 0, 'prev_value': None, 'change': True}
2025-01-16 21:10:24,372 : EventManager : Event: ======'machine_var_audits_switches_s_skill_shot_lane'====== Args={'value': 0, 'prev_value': None, 'change': True}
2025-01-16 21:10:24,372 : EventManager : Event: ======'machine_var_audits_switches_s_spacewarp_rollover'====== Args={'value': 48, 'prev_value': None, 'change': True}
2025-01-16 21:10:24,372 : EventManager : Event: ======'machine_var_audits_switches_s_start'====== Args={'value': 7, 'prev_value': None, 'change': True}
2025-01-16 21:10:24,372 : EventManager : Event: ======'machine_var_audits_switches_s_trough1'====== Args={'value': 30, 'prev_value': None, 'change': True}
2025-01-16 21:10:24,372 : EventManager : Event: ======'machine_var_audits_switches_s_trough2'====== Args={'value': 0, 'prev_value': None, 'change': True}
2025-01-16 21:10:24,372 : EventManager : Event: ======'machine_var_audits_switches_s_trough3'====== Args={'value': 0, 'prev_value': None, 'change': True}
2025-01-16 21:10:24,372 : EventManager : Event: ======'machine_var_audits_switches_s_trough4'====== Args={'value': 0, 'prev_value': None, 'change': True}
2025-01-16 21:10:24,372 : EventManager : Event: ======'machine_var_audits_switches_s_trough5'====== Args={'value': 0, 'prev_value': None, 'change': True}
2025-01-16 21:10:24,372 : EventManager : Event: ======'machine_var_audits_switches_s_trough6'====== Args={'value': 0, 'prev_value': None, 'change': True}
2025-01-16 21:10:24,372 : EventManager : Event: ======'machine_var_audits_switches_s_trough_jam'====== Args={'value': 0, 'prev_value': None, 'change': True}
2025-01-16 21:10:24,372 : EventManager : Event: ======'machine_var_audits_switches_s_upper_attack_bumper'====== Args={'value': 38, 'prev_value': None, 'change': True}
2025-01-16 21:10:24,372 : EventManager : Event: ======'machine_var_audits_switches_s_upper_left_rebound'====== Args={'value': 0, 'prev_value': None, 'change': True}
2025-01-16 21:10:24,372 : EventManager : Event: ======'machine_var_audits_switches_s_upper_right_rebound'====== Args={'value': 0, 'prev_value': None, 'change': True}
2025-01-16 21:10:24,372 : EventManager : Event: ======'machine_var_audits_switches_s_wormhole_target'====== Args={'value': 2, 'prev_value': None, 'change': True}
2025-01-16 21:10:24,372 : EventManager : Event: ======'machine_var_audits_switches_s_yellow_wormhole'====== Args={'value': 0, 'prev_value': None, 'change': True}
2025-01-16 21:10:24,386 : EventManager : Event: ======'slides_play'====== Args={'settings': {'welcome_slide': {'target': None, 'background_color': [0.0, 0.0, 0.0, 1.0], 'priority': None, 'show': True, 'force': False, 'expire': None, 'slide': None, 'tokens': {}, 'action': 'play'}}, 'context': '_global', 'calling_context': 'init_done', 'priority': 0}
2025-01-16 21:10:24,386 : EventManager : Event: ======'mc_reset_phase_1'====== Args={}
2025-01-16 21:10:24,386 : EventManager : Event: ======'slide_welcome_slide_removed'====== Args={}
2025-01-16 21:10:24,388 : EventManager : Event: ======'slide_welcome_slide_created'====== Args={}
2025-01-16 21:10:24,389 : EventManager : Event: ======'mc_reset_phase_2'====== Args={}
2025-01-16 21:10:24,389 : EventManager : Event: ======'mc_reset_phase_3'====== Args={}
2025-01-16 21:10:24,389 : EventManager : Event: ======'mc_reset_complete'====== Args={}
2025-01-16 21:10:24,389 : EventManager : Event: ======'slide_welcome_slide_active'====== Args={}
2025-01-16 21:10:24,393 : EventManager : Event: ======'slides_play'====== Args={'settings': {'awesome_slide': {'widgets': [{'type': 'text', 'text': 'YOU ARE AWESOME', 'font_size': 50, '_default_settings': ['type', 'text', 'font_size'], 'x': None, 'y': None, 'anchor_x': 'center', 'anchor_y': 'center', 'round_anchor_x': None, 'round_anchor_y': None, 'opacity': 1.0, 'z': 0, 'reset_animations_events': {}, 'color': [1.0, 1.0, 1.0, 1.0], 'style': [], 'adjust_top': 0, 'adjust_bottom': 0, 'adjust_left': 0, 'adjust_right': 0, 'expire': None, 'key': None, 'widget': None, 'events_when_added': [], 'events_when_removed': [], 'bitmap_font': False, 'font_kerning': True, 'bold': False, 'italic': False, 'number_grouping': False, 'min_digits': 0, 'halign': 'center', 'valign': 'middle', 'rotation': 0, 'scale': 1.0, 'casing': None, 'outline_color': [1.0, 1.0, 1.0, 1.0], 'outline_width': 0, 'animations': None}], 'transition': {'type': 'push', 'duration': 1.0, 'direction': 'left', 'easing': 'out_quad'}, 'target': None, 'background_color': [0.0, 0.0, 0.0, 1.0], 'priority': None, 'show': True, 'force': False, 'expire': None, 'slide': None, 'tokens': {}, 'action': 'play'}}, 'context': 'show_2', 'calling_context': 0, 'priority': 10, 'show_tokens': {}, 'start_time': 3033984.296}
2025-01-16 21:10:24,396 : EventManager : Event: ======'slide_awesome_slide_created'====== Args={}
2025-01-16 21:10:24,397 : EventManager : Event: ======'slide_awesome_slide_active'====== Args={}
2025-01-16 21:10:27,381 : EventManager : Event: ======'slides_play'====== Args={'settings': {'press_start': {'widgets': [{'type': 'Text', 'text': 'PRESS START', 'animations': {'pre_show_slide': [{'property': ['opacity'], 'value': ['0'], 'duration': 0.5, 'relative': False, 'timing': 'after_previous', 'repeat': False, 'easing': 'linear', 'step': 0.0}, {'property': ['opacity'], 'value': ['1'], 'duration': 0.5, 'repeat': False, 'relative': False, 'timing': 'after_previous', 'easing': 'linear', 'step': 0.0}]}, '_default_settings': ['type', 'text', 'animations'], 'x': None, 'y': None, 'anchor_x': 'center', 'anchor_y': 'center', 'round_anchor_x': None, 'round_anchor_y': None, 'opacity': 1.0, 'z': 0, 'reset_animations_events': {}, 'color': [1.0, 1.0, 1.0, 1.0], 'style': [], 'adjust_top': 0, 'adjust_bottom': 0, 'adjust_left': 0, 'adjust_right': 0, 'expire': None, 'key': None, 'widget': None, 'events_when_added': [], 'events_when_removed': [], 'font_size': 15, 'bitmap_font': False, 'font_kerning': True, 'bold': False, 'italic': False, 'number_grouping': False, 'min_digits': 0, 'halign': 'center', 'valign': 'middle', 'rotation': 0, 'scale': 1.0, 'casing': None, 'outline_color': [1.0, 1.0, 1.0, 1.0], 'outline_width': 0}, {'type': 'Text', 'text': 'FREE PLAY', 'color': [0.0, 0.5019607843137255, 0.0, 1], 'y': '10', 'anchor_y': 'bottom', '_default_settings': ['type', 'text', 'color', 'y', 'anchor_y'], 'x': None, 'anchor_x': 'center', 'round_anchor_x': None, 'round_anchor_y': None, 'opacity': 1.0, 'z': 0, 'reset_animations_events': {}, 'style': [], 'adjust_top': 0, 'adjust_bottom': 0, 'adjust_left': 0, 'adjust_right': 0, 'expire': None, 'key': None, 'widget': None, 'events_when_added': [], 'events_when_removed': [], 'font_size': 15, 'bitmap_font': False, 'font_kerning': True, 'bold': False, 'italic': False, 'number_grouping': False, 'min_digits': 0, 'halign': 'center', 'valign': 'middle', 'rotation': 0, 'scale': 1.0, 'casing': None, 'outline_color': [1.0, 1.0, 1.0, 1.0], 'outline_width': 0, 'animations': None}], 'transition': {'type': 'move_in', 'duration': 1.0, 'direction': 'right', 'easing': 'out_quad'}, 'target': None, 'background_color': [0.0, 0.0, 0.0, 1.0], 'priority': None, 'show': True, 'force': False, 'expire': None, 'slide': None, 'tokens': {}, 'action': 'play'}}, 'context': 'show_2', 'calling_context': 1, 'priority': 10, 'show_tokens': {}, 'start_time': 3033987.296}
2025-01-16 21:10:27,388 : EventManager : Event: ======'slide_press_start_created'====== Args={}
2025-01-16 21:10:27,390 : EventManager : Event: ======'slide_press_start_active'====== Args={}
2025-01-16 21:10:30,389 : EventManager : Event: ======'slides_play'====== Args={'settings': {'mission_pinball': {'widgets': [{'type': 'Text', 'text': 'MISSION PINBALL', 'color': [1.0, 0.0, 0.0, 1], '_default_settings': ['type', 'text', 'color'], 'x': None, 'y': None, 'anchor_x': 'center', 'anchor_y': 'center', 'round_anchor_x': None, 'round_anchor_y': None, 'opacity': 1.0, 'z': 0, 'reset_animations_events': {}, 'style': [], 'adjust_top': 0, 'adjust_bottom': 0, 'adjust_left': 0, 'adjust_right': 0, 'expire': None, 'key': None, 'widget': None, 'events_when_added': [], 'events_when_removed': [], 'font_size': 15, 'bitmap_font': False, 'font_kerning': True, 'bold': False, 'italic': False, 'number_grouping': False, 'min_digits': 0, 'halign': 'center', 'valign': 'middle', 'rotation': 0, 'scale': 1.0, 'casing': None, 'outline_color': [1.0, 1.0, 1.0, 1.0], 'outline_width': 0, 'animations': None}], 'transition': {'type': 'move_in', 'duration': 1.0, 'direction': 'top', 'easing': 'out_quad'}, 'target': None, 'background_color': [0.0, 0.0, 0.0, 1.0], 'priority': None, 'show': True, 'force': False, 'expire': None, 'slide': None, 'tokens': {}, 'action': 'play'}}, 'context': 'show_2', 'calling_context': 2, 'priority': 10, 'show_tokens': {}, 'start_time': 3033990.296}
2025-01-16 21:10:30,391 : EventManager : Event: ======'slide_mission_pinball_created'====== Args={}
2025-01-16 21:10:30,392 : EventManager : Event: ======'slide_mission_pinball_active'====== Args={}
2025-01-16 21:10:33,377 : EventManager : Event: ======'slides_play'====== Args={'settings': {'last_game_score_slide': {'widgets': [{'type': 'text', 'text': 'LAST GAME', 'font_size': 50, 'y': '60%', '_default_settings': ['type', 'text', 'font_size', 'y'], 'x': None, 'anchor_x': 'center', 'anchor_y': 'center', 'round_anchor_x': None, 'round_anchor_y': None, 'opacity': 1.0, 'z': 0, 'reset_animations_events': {}, 'color': [1.0, 1.0, 1.0, 1.0], 'style': [], 'adjust_top': 0, 'adjust_bottom': 0, 'adjust_left': 0, 'adjust_right': 0, 'expire': None, 'key': None, 'widget': None, 'events_when_added': [], 'events_when_removed': [], 'bitmap_font': False, 'font_kerning': True, 'bold': False, 'italic': False, 'number_grouping': False, 'min_digits': 0, 'halign': 'center', 'valign': 'middle', 'rotation': 0, 'scale': 1.0, 'casing': None, 'outline_color': [1.0, 1.0, 1.0, 1.0], 'outline_width': 0, 'animations': None}, {'type': 'text', 'text': '(machine|player1_score)', 'number_grouping': True, 'min_digits': 2, 'font_size': 50, 'y': '40%', '_default_settings': ['type', 'text', 'number_grouping', 'min_digits', 'font_size', 'y'], 'x': None, 'anchor_x': 'center', 'anchor_y': 'center', 'round_anchor_x': None, 'round_anchor_y': None, 'opacity': 1.0, 'z': 0, 'reset_animations_events': {}, 'color': [1.0, 1.0, 1.0, 1.0], 'style': [], 'adjust_top': 0, 'adjust_bottom': 0, 'adjust_left': 0, 'adjust_right': 0, 'expire': None, 'key': None, 'widget': None, 'events_when_added': [], 'events_when_removed': [], 'bitmap_font': False, 'font_kerning': True, 'bold': False, 'italic': False, 'halign': 'center', 'valign': 'middle', 'rotation': 0, 'scale': 1.0, 'casing': None, 'outline_color': [1.0, 1.0, 1.0, 1.0], 'outline_width': 0, 'animations': None}], 'target': None, 'background_color': [0.0, 0.0, 0.0, 1.0], 'priority': None, 'show': True, 'force': False, 'expire': None, 'slide': None, 'tokens': {}, 'action': 'play'}}, 'context': 'show_2', 'calling_context': 3, 'priority': 10, 'show_tokens': {}, 'start_time': 3033993.296}
2025-01-16 21:10:33,381 : EventManager : Event: ======'slide_last_game_score_slide_created'====== Args={}
2025-01-16 21:10:33,381 : EventManager : Unordered handler for class <Text Widget text=1,500> on event machine_var_player1_score with priority 1. Handlers: [RegisteredHandler(callback=<bound method Text._machine_var_change of <Text Widget text=1,500>>, priority=1, kwargs={}, key=UUID('1a970cf2-ea55-4f70-a003-ef43180d1563'), condition=None, blocking_facility=None), RegisteredHandler(callback=<bound method Text._machine_var_change of <Text Widget text=1,500>>, priority=1, kwargs={}, key=UUID('d0357244-2e9e-4a97-8231-6d32d5620feb'), condition=None, blocking_facility=None)]. The order of those handlers is not defined and they will be executed in random order. This might lead to race conditions and potential bugs.
2025-01-16 21:10:33,382 : EventManager : Event: ======'slide_last_game_score_slide_active'====== Args={}
2025-01-16 21:10:36,385 : EventManager : Event: ======'slides_play'====== Args={'settings': {'awesome_slide': {'widgets': [{'type': 'text', 'text': 'YOU ARE AWESOME', 'font_size': 50, '_default_settings': ['type', 'text', 'font_size'], 'x': None, 'y': None, 'anchor_x': 'center', 'anchor_y': 'center', 'round_anchor_x': None, 'round_anchor_y': None, 'opacity': 1.0, 'z': 0, 'reset_animations_events': {}, 'color': [1.0, 1.0, 1.0, 1.0], 'style': [], 'adjust_top': 0, 'adjust_bottom': 0, 'adjust_left': 0, 'adjust_right': 0, 'expire': None, 'key': None, 'widget': None, 'events_when_added': [], 'events_when_removed': [], 'bitmap_font': False, 'font_kerning': True, 'bold': False, 'italic': False, 'number_grouping': False, 'min_digits': 0, 'halign': 'center', 'valign': 'middle', 'rotation': 0, 'scale': 1.0, 'casing': None, 'outline_color': [1.0, 1.0, 1.0, 1.0], 'outline_width': 0, 'animations': None}], 'transition': {'type': 'push', 'duration': 1.0, 'direction': 'left', 'easing': 'out_quad'}, 'target': None, 'background_color': [0.0, 0.0, 0.0, 1.0], 'priority': None, 'show': True, 'force': False, 'expire': None, 'slide': None, 'tokens': {}, 'action': 'play'}}, 'context': 'show_2', 'calling_context': 0, 'priority': 10, 'show_tokens': {}, 'start_time': 3033996.296}
2025-01-16 21:10:36,385 : EventManager : Event: ======'slide_awesome_slide_removed'====== Args={}
2025-01-16 21:10:36,388 : EventManager : Event: ======'slide_awesome_slide_created'====== Args={}
2025-01-16 21:10:36,389 : EventManager : Event: ======'slide_awesome_slide_active'====== Args={}
2025-01-16 21:10:39,381 : EventManager : Event: ======'slides_play'====== Args={'settings': {'press_start': {'widgets': [{'type': 'Text', 'text': 'PRESS START', 'animations': {'pre_show_slide': [{'property': ['opacity'], 'value': ['0'], 'duration': 0.5, 'relative': False, 'timing': 'after_previous', 'repeat': False, 'easing': 'linear', 'step': 0.0}, {'property': ['opacity'], 'value': ['1'], 'duration': 0.5, 'repeat': False, 'relative': False, 'timing': 'after_previous', 'easing': 'linear', 'step': 0.0}]}, '_default_settings': ['type', 'text', 'animations'], 'x': None, 'y': None, 'anchor_x': 'center', 'anchor_y': 'center', 'round_anchor_x': None, 'round_anchor_y': None, 'opacity': 1.0, 'z': 0, 'reset_animations_events': {}, 'color': [1.0, 1.0, 1.0, 1.0], 'style': [], 'adjust_top': 0, 'adjust_bottom': 0, 'adjust_left': 0, 'adjust_right': 0, 'expire': None, 'key': None, 'widget': None, 'events_when_added': [], 'events_when_removed': [], 'font_size': 15, 'bitmap_font': False, 'font_kerning': True, 'bold': False, 'italic': False, 'number_grouping': False, 'min_digits': 0, 'halign': 'center', 'valign': 'middle', 'rotation': 0, 'scale': 1.0, 'casing': None, 'outline_color': [1.0, 1.0, 1.0, 1.0], 'outline_width': 0}, {'type': 'Text', 'text': 'FREE PLAY', 'color': [0.0, 0.5019607843137255, 0.0, 1], 'y': '10', 'anchor_y': 'bottom', '_default_settings': ['type', 'text', 'color', 'y', 'anchor_y'], 'x': None, 'anchor_x': 'center', 'round_anchor_x': None, 'round_anchor_y': None, 'opacity': 1.0, 'z': 0, 'reset_animations_events': {}, 'style': [], 'adjust_top': 0, 'adjust_bottom': 0, 'adjust_left': 0, 'adjust_right': 0, 'expire': None, 'key': None, 'widget': None, 'events_when_added': [], 'events_when_removed': [], 'font_size': 15, 'bitmap_font': False, 'font_kerning': True, 'bold': False, 'italic': False, 'number_grouping': False, 'min_digits': 0, 'halign': 'center', 'valign': 'middle', 'rotation': 0, 'scale': 1.0, 'casing': None, 'outline_color': [1.0, 1.0, 1.0, 1.0], 'outline_width': 0, 'animations': None}], 'transition': {'type': 'move_in', 'duration': 1.0, 'direction': 'right', 'easing': 'out_quad'}, 'target': None, 'background_color': [0.0, 0.0, 0.0, 1.0], 'priority': None, 'show': True, 'force': False, 'expire': None, 'slide': None, 'tokens': {}, 'action': 'play'}}, 'context': 'show_2', 'calling_context': 1, 'priority': 10, 'show_tokens': {}, 'start_time': 3033999.296}
2025-01-16 21:10:39,381 : EventManager : Event: ======'slide_press_start_removed'====== Args={}
2025-01-16 21:10:39,384 : EventManager : Event: ======'slide_press_start_created'====== Args={}
2025-01-16 21:10:39,385 : EventManager : Event: ======'slide_press_start_active'====== Args={}
2025-01-16 21:10:40,960 : EventManager : Event: ======'game_started'====== Args={}
2025-01-16 21:10:40,973 : EventManager : Event: ======'slides_clear'====== Args={'context': 'show_2'}
2025-01-16 21:10:40,973 : EventManager : Event: ======'player_added'====== Args={'player': <Player 1>, 'num': 1}
2025-01-16 21:10:40,973 : EventManager : Event: ======'player_index'====== Args={'value': 0, 'prev_value': 0, 'change': 0, 'player_num': 1}
2025-01-16 21:10:40,973 : EventManager : Event: ======'player_number'====== Args={'value': 1, 'prev_value': 1, 'change': 0, 'player_num': 1}
2025-01-16 21:10:40,973 : EventManager : Event: ======'player_score'====== Args={'value': 0, 'prev_value': 0, 'change': 0, 'player_num': 1}
2025-01-16 21:10:40,973 : EventManager : Event: ======'slide_mission_pinball_removed'====== Args={}
2025-01-16 21:10:40,973 : EventManager : Event: ======'slide_last_game_score_slide_removed'====== Args={}
2025-01-16 21:10:40,974 : EventManager : Event: ======'slide_awesome_slide_removed'====== Args={}
2025-01-16 21:10:40,974 : EventManager : Event: ======'slide_press_start_removed'====== Args={}
2025-01-16 21:10:40,974 : EventManager : Event: ======'slide_welcome_slide_active'====== Args={}
2025-01-16 21:10:40,985 : EventManager : Event: ======'player_ball'====== Args={'value': 1, 'prev_value': 0, 'change': 1, 'player_num': 1}
2025-01-16 21:10:40,985 : EventManager : Event: ======'player_turn_start'====== Args={'number': 1, 'player': <Player 1>}
2025-01-16 21:10:40,998 : EventManager : Event: ======'slides_play'====== Args={'settings': {'widgets': {'widgets': [{'type': 'text', 'text': '(score)', 'number_grouping': True, 'min_digits': 2, 'font_size': 100, '_default_settings': ['type', 'text', 'number_grouping', 'min_digits', 'font_size'], 'x': None, 'y': None, 'anchor_x': 'center', 'anchor_y': 'center', 'round_anchor_x': None, 'round_anchor_y': None, 'opacity': 1.0, 'z': 0, 'reset_animations_events': {}, 'color': [1.0, 1.0, 1.0, 1.0], 'style': [], 'adjust_top': 0, 'adjust_bottom': 0, 'adjust_left': 0, 'adjust_right': 0, 'expire': None, 'key': None, 'widget': None, 'events_when_added': [], 'events_when_removed': [], 'bitmap_font': False, 'font_kerning': True, 'bold': False, 'italic': False, 'halign': 'center', 'valign': 'middle', 'rotation': 0, 'scale': 1.0, 'casing': None, 'outline_color': [1.0, 1.0, 1.0, 1.0], 'outline_width': 0, 'animations': None}, {'type': 'text', 'text': 'PLAYER (number)', 'y': '10', 'x': '10', 'font_size': 50, 'anchor_x': 'left', 'anchor_y': 'bottom', '_default_settings': ['type', 'text', 'y', 'x', 'font_size', 'anchor_x', 'anchor_y'], 'round_anchor_x': None, 'round_anchor_y': None, 'opacity': 1.0, 'z': 0, 'reset_animations_events': {}, 'color': [1.0, 1.0, 1.0, 1.0], 'style': [], 'adjust_top': 0, 'adjust_bottom': 0, 'adjust_left': 0, 'adjust_right': 0, 'expire': None, 'key': None, 'widget': None, 'events_when_added': [], 'events_when_removed': [], 'bitmap_font': False, 'font_kerning': True, 'bold': False, 'italic': False, 'number_grouping': False, 'min_digits': 0, 'halign': 'center', 'valign': 'middle', 'rotation': 0, 'scale': 1.0, 'casing': None, 'outline_color': [1.0, 1.0, 1.0, 1.0], 'outline_width': 0, 'animations': None}, {'type': 'text', 'text': 'BALL (ball)', 'y': '10', 'x': 'right-10', 'anchor_x': 'right', 'anchor_y': 'bottom', 'font_size': 50, '_default_settings': ['type', 'text', 'y', 'x', 'anchor_x', 'anchor_y', 'font_size'], 'round_anchor_x': None, 'round_anchor_y': None, 'opacity': 1.0, 'z': 0, 'reset_animations_events': {}, 'color': [1.0, 1.0, 1.0, 1.0], 'style': [], 'adjust_top': 0, 'adjust_bottom': 0, 'adjust_left': 0, 'adjust_right': 0, 'expire': None, 'key': None, 'widget': None, 'events_when_added': [], 'events_when_removed': [], 'bitmap_font': False, 'font_kerning': True, 'bold': False, 'italic': False, 'number_grouping': False, 'min_digits': 0, 'halign': 'center', 'valign': 'middle', 'rotation': 0, 'scale': 1.0, 'casing': None, 'outline_color': [1.0, 1.0, 1.0, 1.0], 'outline_width': 0, 'animations': None}], 'target': None, 'background_color': [0.0, 0.0, 0.0, 1.0], 'priority': None, 'show': True, 'force': False, 'expire': None, 'slide': None, 'tokens': {}, 'action': 'play'}}, 'context': 'base', 'calling_context': 'mode_base_started', 'priority': 100, 'queue': '<QueuedEvent>', 'player': 1, 'ball': 1, 'balls_remaining': 2, 'is_extra_ball': False}
2025-01-16 21:10:40,998 : EventManager : Event: ======'player_shot_returnLaneL_shot_enabled'====== Args={'value': True, 'prev_value': 0, 'change': 1, 'player_num': 1}
2025-01-16 21:10:40,998 : EventManager : Event: ======'player_shot_bonusLane_shot_enabled'====== Args={'value': True, 'prev_value': 0, 'change': 1, 'player_num': 1}
2025-01-16 21:10:40,998 : EventManager : Event: ======'player_shot_outLaneL_shot_enabled'====== Args={'value': True, 'prev_value': 0, 'change': 1, 'player_num': 1}
2025-01-16 21:10:40,998 : EventManager : Event: ======'player_shot_returnLaneR_shot_enabled'====== Args={'value': True, 'prev_value': 0, 'change': 1, 'player_num': 1}
2025-01-16 21:10:40,998 : EventManager : Event: ======'player_shot_outLaneR_shot_enabled'====== Args={'value': True, 'prev_value': 0, 'change': 1, 'player_num': 1}
2025-01-16 21:10:40,998 : EventManager : Event: ======'player_shot_spacewarp_rollover_shot_enabled'====== Args={'value': True, 'prev_value': 0, 'change': 1, 'player_num': 1}
2025-01-16 21:10:40,999 : EventManager : Event: ======'player_shot_reentryL_shot_enabled'====== Args={'value': True, 'prev_value': 0, 'change': 1, 'player_num': 1}
2025-01-16 21:10:40,999 : EventManager : Event: ======'player_shot_reentryM_shot_enabled'====== Args={'value': True, 'prev_value': 0, 'change': 1, 'player_num': 1}
2025-01-16 21:10:40,999 : EventManager : Event: ======'player_shot_reentryR_shot_enabled'====== Args={'value': True, 'prev_value': 0, 'change': 1, 'player_num': 1}
2025-01-16 21:10:40,999 : EventManager : Event: ======'slides_play'====== Args={'settings': {'widgets': {'widgets': [{'type': 'text', 'text': 'PLAYER (number) BALL (ball)', '_default_settings': ['type', 'text'], 'x': None, 'y': None, 'anchor_x': 'center', 'anchor_y': 'center', 'round_anchor_x': None, 'round_anchor_y': None, 'opacity': 1.0, 'z': 0, 'reset_animations_events': {}, 'color': [1.0, 1.0, 1.0, 1.0], 'style': [], 'adjust_top': 0, 'adjust_bottom': 0, 'adjust_left': 0, 'adjust_right': 0, 'expire': None, 'key': None, 'widget': None, 'events_when_added': [], 'events_when_removed': [], 'font_size': 15, 'bitmap_font': False, 'font_kerning': True, 'bold': False, 'italic': False, 'number_grouping': False, 'min_digits': 0, 'halign': 'center', 'valign': 'middle', 'rotation': 0, 'scale': 1.0, 'casing': None, 'outline_color': [1.0, 1.0, 1.0, 1.0], 'outline_width': 0, 'animations': None}], 'target': None, 'background_color': [0.0, 0.0, 0.0, 1.0], 'priority': None, 'show': True, 'force': False, 'expire': None, 'slide': None, 'tokens': {}, 'action': 'play'}}, 'context': '_global', 'calling_context': 'ball_started', 'priority': 0, 'player': 1, 'ball': 1, 'balls_remaining': 2, 'is_extra_ball': False}
2025-01-16 21:10:41,005 : EventManager : Event: ======'slide_base.slide_player-mode_base_started_created'====== Args={}
2025-01-16 21:10:41,008 : EventManager : Event: ======'slide__global.slide_player-ball_started_created'====== Args={}
2025-01-16 21:10:41,009 : EventManager : Event: ======'slide_base.slide_player-mode_base_started_active'====== Args={}
2025-01-16 21:10:41,015 : EventManager : Event: ======'player_attack_bumper_count'====== Args={'value': 1, 'prev_value': 0, 'change': 1, 'player_num': 1}
2025-01-16 21:10:41,015 : EventManager : Event: ======'widgets_play'====== Args={'settings': {'reentry_start_banner': {'priority': 0, 'slide': None, 'action': 'add', 'key': None, 'target': None}}, 'context': 'reentry', 'calling_context': 'mode_reentry_started', 'priority': 200, 'player': 1, 'ball': 1, 'balls_remaining': 2, 'is_extra_ball': False}
2025-01-16 21:10:43,568 : EventManager : Event: ======'machine_var_audits_switches_s_right_flipper'====== Args={'value': 1856, 'prev_value': 1855, 'change': 1}
2025-01-16 21:10:43,861 : EventManager : Event: ======'machine_var_audits_switches_s_right_flipper'====== Args={'value': 1857, 'prev_value': 1856, 'change': 1}
2025-01-16 21:10:44,067 : EventManager : Event: ======'machine_var_audits_switches_s_right_flipper'====== Args={'value': 1858, 'prev_value': 1857, 'change': 1}
2025-01-16 21:10:44,219 : EventManager : Event: ======'machine_var_audits_switches_s_right_flipper'====== Args={'value': 1859, 'prev_value': 1858, 'change': 1}
2025-01-16 21:10:44,693 : EventManager : Event: ======'machine_var_audits_switches_s_right_flipper'====== Args={'value': 1860, 'prev_value': 1859, 'change': 1}
2025-01-16 21:10:44,962 : EventManager : Event: ======'machine_var_audits_switches_s_right_flipper'====== Args={'value': 1861, 'prev_value': 1860, 'change': 1}
2025-01-16 21:10:45,192 : EventManager : Event: ======'machine_var_audits_switches_s_right_flipper'====== Args={'value': 1862, 'prev_value': 1861, 'change': 1}
2025-01-16 21:10:45,436 : EventManager : Event: ======'machine_var_audits_switches_s_right_flipper'====== Args={'value': 1863, 'prev_value': 1862, 'change': 1}
2025-01-16 21:10:45,667 : EventManager : Event: ======'machine_var_audits_switches_s_right_flipper'====== Args={'value': 1864, 'prev_value': 1863, 'change': 1}
2025-01-16 21:10:45,858 : EventManager : Event: ======'machine_var_audits_switches_s_right_flipper'====== Args={'value': 1865, 'prev_value': 1864, 'change': 1}
2025-01-16 21:10:46,064 : EventManager : Event: ======'machine_var_audits_switches_s_right_flipper'====== Args={'value': 1866, 'prev_value': 1865, 'change': 1}
2025-01-16 21:10:46,241 : EventManager : Event: ======'machine_var_audits_switches_s_right_flipper'====== Args={'value': 1867, 'prev_value': 1866, 'change': 1}
2025-01-16 21:10:46,806 : EventManager : Event: ======'machine_var_audits_switches_s_right_flipper'====== Args={'value': 1868, 'prev_value': 1867, 'change': 1}
2025-01-16 21:11:25,244 : EventManager : Event: ======'machine_var_audits_switches_s_left_flipper'====== Args={'value': 1548, 'prev_value': 1547, 'change': 1}
2025-01-16 21:11:25,511 : EventManager : Event: ======'machine_var_audits_switches_s_left_flipper'====== Args={'value': 1549, 'prev_value': 1548, 'change': 1}
2025-01-16 21:11:25,790 : EventManager : Event: ======'machine_var_audits_switches_s_left_flipper'====== Args={'value': 1550, 'prev_value': 1549, 'change': 1}
2025-01-16 21:11:26,097 : EventManager : Event: ======'machine_var_audits_switches_s_left_flipper'====== Args={'value': 1551, 'prev_value': 1550, 'change': 1}
2025-01-16 21:11:26,366 : EventManager : Event: ======'machine_var_audits_switches_s_left_flipper'====== Args={'value': 1552, 'prev_value': 1551, 'change': 1}
2025-01-16 21:11:26,594 : EventManager : Event: ======'machine_var_audits_switches_s_left_flipper'====== Args={'value': 1553, 'prev_value': 1552, 'change': 1}
2025-01-16 21:11:27,878 : EventManager : Event: ======'machine_var_audits_switches_s_right_flipper'====== Args={'value': 1869, 'prev_value': 1868, 'change': 1}
2025-01-16 21:11:28,212 : EventManager : Event: ======'machine_var_audits_switches_s_left_flipper'====== Args={'value': 1554, 'prev_value': 1553, 'change': 1}
2025-01-16 21:11:28,416 : EventManager : Event: ======'machine_var_audits_switches_s_right_flipper'====== Args={'value': 1870, 'prev_value': 1869, 'change': 1}
2025-01-16 21:11:28,595 : EventManager : Event: ======'machine_var_audits_switches_s_left_flipper'====== Args={'value': 1555, 'prev_value': 1554, 'change': 1}
2025-01-16 21:11:28,823 : EventManager : Event: ======'machine_var_audits_switches_s_right_flipper'====== Args={'value': 1871, 'prev_value': 1870, 'change': 1}
2025-01-16 21:11:29,001 : EventManager : Event: ======'machine_var_audits_switches_s_left_flipper'====== Args={'value': 1556, 'prev_value': 1555, 'change': 1}
2025-01-16 21:11:29,269 : EventManager : Event: ======'machine_var_audits_switches_s_right_flipper'====== Args={'value': 1872, 'prev_value': 1871, 'change': 1}
2025-01-16 21:11:29,448 : EventManager : Event: ======'machine_var_audits_switches_s_left_flipper'====== Args={'value': 1557, 'prev_value': 1556, 'change': 1}
2025-01-16 21:11:29,675 : EventManager : Event: ======'machine_var_audits_switches_s_right_flipper'====== Args={'value': 1873, 'prev_value': 1872, 'change': 1}
2025-01-16 21:11:29,854 : EventManager : Event: ======'machine_var_audits_switches_s_left_flipper'====== Args={'value': 1558, 'prev_value': 1557, 'change': 1}
2025-01-16 21:11:30,085 : EventManager : Event: ======'machine_var_audits_switches_s_right_flipper'====== Args={'value': 1874, 'prev_value': 1873, 'change': 1}
2025-01-16 21:11:30,212 : EventManager : Event: ======'machine_var_audits_switches_s_left_flipper'====== Args={'value': 1559, 'prev_value': 1558, 'change': 1}
2025-01-16 21:11:30,443 : EventManager : Event: ======'machine_var_audits_switches_s_right_flipper'====== Args={'value': 1875, 'prev_value': 1874, 'change': 1}
2025-01-16 21:11:30,622 : EventManager : Event: ======'machine_var_audits_switches_s_left_flipper'====== Args={'value': 1560, 'prev_value': 1559, 'change': 1}
2025-01-16 21:11:31,096 : EventManager : Event: ======'machine_var_audits_switches_s_left_flipper'====== Args={'value': 1561, 'prev_value': 1560, 'change': 1}
2025-01-16 21:11:31,121 : EventManager : Event: ======'machine_var_audits_switches_s_right_flipper'====== Args={'value': 1876, 'prev_value': 1875, 'change': 1}
2025-01-16 21:11:31,389 : EventManager : Event: ======'machine_var_audits_switches_s_left_flipper'====== Args={'value': 1562, 'prev_value': 1561, 'change': 1}
2025-01-16 21:11:31,413 : EventManager : Event: ======'machine_var_audits_switches_s_right_flipper'====== Args={'value': 1877, 'prev_value': 1876, 'change': 1}
2025-01-16 21:11:31,652 : EventManager : Event: ======'machine_var_audits_switches_s_left_flipper'====== Args={'value': 1563, 'prev_value': 1562, 'change': 1}
2025-01-16 21:11:31,677 : EventManager : Event: ======'machine_var_audits_switches_s_right_flipper'====== Args={'value': 1878, 'prev_value': 1877, 'change': 1}
2025-01-16 21:11:31,905 : EventManager : Event: ======'machine_var_audits_switches_s_left_flipper'====== Args={'value': 1564, 'prev_value': 1563, 'change': 1}
2025-01-16 21:11:31,930 : EventManager : Event: ======'machine_var_audits_switches_s_right_flipper'====== Args={'value': 1879, 'prev_value': 1878, 'change': 1}
2025-01-16 21:11:32,159 : EventManager : Event: ======'machine_var_audits_switches_s_left_flipper'====== Args={'value': 1565, 'prev_value': 1564, 'change': 1}
2025-01-16 21:11:32,171 : EventManager : Event: ======'machine_var_audits_switches_s_right_flipper'====== Args={'value': 1880, 'prev_value': 1879, 'change': 1}
2025-01-16 21:11:32,399 : EventManager : Event: ======'machine_var_audits_switches_s_left_flipper'====== Args={'value': 1566, 'prev_value': 1565, 'change': 1}
2025-01-16 21:11:32,423 : EventManager : Event: ======'machine_var_audits_switches_s_right_flipper'====== Args={'value': 1881, 'prev_value': 1880, 'change': 1}
2025-01-16 21:11:32,600 : EventManager : Event: ======'machine_var_audits_switches_s_left_flipper'====== Args={'value': 1567, 'prev_value': 1566, 'change': 1}
2025-01-16 21:11:32,625 : EventManager : Event: ======'machine_var_audits_switches_s_right_flipper'====== Args={'value': 1882, 'prev_value': 1881, 'change': 1}
2025-01-16 21:11:32,869 : EventManager : Event: ======'machine_var_audits_switches_s_left_flipper'====== Args={'value': 1568, 'prev_value': 1567, 'change': 1}
2025-01-16 21:11:32,893 : EventManager : Event: ======'machine_var_audits_switches_s_right_flipper'====== Args={'value': 1883, 'prev_value': 1882, 'change': 1}
2025-01-16 21:11:33,146 : EventManager : Event: ======'machine_var_audits_switches_s_left_flipper'====== Args={'value': 1569, 'prev_value': 1568, 'change': 1}
2025-01-16 21:11:33,170 : EventManager : Event: ======'machine_var_audits_switches_s_right_flipper'====== Args={'value': 1884, 'prev_value': 1883, 'change': 1}
2025-01-16 21:11:33,632 : EventManager : Event: ======'machine_var_audits_switches_s_left_flipper'====== Args={'value': 1570, 'prev_value': 1569, 'change': 1}
2025-01-16 21:11:33,655 : EventManager : Event: ======'machine_var_audits_switches_s_right_flipper'====== Args={'value': 1885, 'prev_value': 1884, 'change': 1}
2025-01-16 21:11:33,860 : EventManager : Event: ======'machine_var_audits_switches_s_left_flipper'====== Args={'value': 1571, 'prev_value': 1570, 'change': 1}
2025-01-16 21:11:33,885 : EventManager : Event: ======'machine_var_audits_switches_s_right_flipper'====== Args={'value': 1886, 'prev_value': 1885, 'change': 1}
2025-01-16 21:11:34,087 : EventManager : Event: ======'machine_var_audits_switches_s_left_flipper'====== Args={'value': 1572, 'prev_value': 1571, 'change': 1}
2025-01-16 21:11:34,111 : EventManager : Event: ======'machine_var_audits_switches_s_right_flipper'====== Args={'value': 1887, 'prev_value': 1886, 'change': 1}
2025-01-16 21:11:57,230 : kivy : Base: Leaving application in progress...
2025-01-16 21:11:57,234 : mpfmc : Stopping...
2025-01-16 21:11:57,234 : EventManager : Event: ======'shutdown'====== Args={}
2025-01-16 21:11:57,234 : AudioInterface : Disabling audio playback
2025-01-16 21:11:57,366 : mpfmc : Loop rate 77.11 Hz
